  4.8366  1.2638  0.9846  0.5839  8.8951
  5.5645  5.2238  0.9980  0.6328 50.1618
  5.2989  2.1725  0.9977  0.4209 17.4365
  4.4799  2.4487  0.9980  2.8367 20.1960
  4.0871  6.1448  0.9860  1.4381 60.6766
  5.7203  4.1726  0.9712  2.7374 38.4449
  5.7158  1.1246  0.9741  0.1727  7.6880
  5.2489  2.2366  0.9908  0.3153 18.0710
  4.7748  1.3206  0.9765  1.2064  9.3973
  4.7566  2.4588  0.9956  1.4296 20.2976
  5.0827  3.2221  0.9828  2.5372 28.1976
  4.9841  1.1082  0.9900  1.0354  7.5480
  4.1407  2.0630  0.9923  2.5412 16.3592
  4.6603  6.3747  0.9770  0.9904 63.3315
  5.7451  2.9628  0.9889  0.6668 25.4753
  5.2003  2.8188  0.9896  1.1142 23.9790
  4.7816  3.1628  0.9724  1.6408 27.5716
  4.4559  2.1999  0.9715  0.7270 17.7071
  5.4507  5.6557  0.9817  1.5397 55.0675
  6.6918  3.1638  0.5202  1.0851 27.5823
  4.7472  2.6751  0.9858  1.6885 22.4999
  4.6568  4.9223  0.9882  1.0995 46.7673
  5.0917  1.4136  0.9962  0.1416 10.2313
  4.5104  2.4926  0.9916  0.9160 20.6399
  4.7935  2.3615  0.9930  1.3357 19.3178
  5.0461  2.7073  0.9807  0.6137 22.8305
  6.7891  1.9942  0.6017  1.5835 15.6892
  5.1099  1.0318  0.9980  1.9448  6.9037
  4.4676  1.8559  0.9740  0.8030 14.3540
  5.0531  2.0548  0.9719  1.7552 16.2791
  6.0796  2.7665  0.9872  2.4165 23.4392
  5.3907  2.0469  0.9890  0.6386 16.2021
  3.6641  0.8806  0.9763  1.0762  5.6653
  4.0248  5.8949  0.9753  2.4778 57.8042
  5.8025  4.3885  0.9843  0.4390 40.8232
  5.7045  3.6943  0.9677  1.3004 33.2403
  4.1772  2.7881  0.9902  2.2199 23.6618
  5.2496  1.5500  0.9880  2.4225 11.4761
  4.9167  1.3117  0.9816  1.6181  9.3183
  5.2038  3.3834  0.9680  0.3145 29.9078
  5.3456  2.9478  0.9733  0.2705 25.3191
  4.8249  4.0412  0.9700  2.4638 37.0065
  4.6463  5.1481  0.9693  1.7564 49.3070
  4.2430  3.7026  0.9872  1.8603 33.3297
  5.0719  1.7010  0.9978  0.6213 12.8826
  4.3504  2.5299  0.9729  0.8996 21.0175
  5.2864  3.1140  0.9939  1.1530 27.0578
  5.4296  2.6214  0.9953  3.0529 21.9504
  5.3226  2.3360  0.9761  0.3162 19.0621
  5.0814  0.4935  0.9690  1.2934  2.7801
  5.1941  3.3080  0.9773  1.0318 29.1064
  5.9024  2.3734  0.9756  0.5651 19.4372
  5.2737  2.1743  0.9830  2.0294 17.4537
  5.3876  4.2755  0.9963  1.4804 39.5759
  5.3597  4.7039  0.9980  0.5975 44.3237
  5.3651  1.8826  0.9884  1.1736 14.6102
  5.3851  4.5800  0.9833  1.0603 42.9442
  5.2081  1.6301  0.9715  2.8642 12.2192
  4.2837  3.6239  0.9822  1.2029 32.4824
  5.7054  1.1521  0.9828  0.2611  7.9233
  3.8400  2.8194  0.9707  0.9806 23.9853
  5.2174  1.2652  0.9785  1.2120  8.9079
  5.0168  3.7316  0.9689  1.8689 33.6424
  4.7909  2.0431  0.9862  0.9365 16.1649
  5.0938  1.4371  0.9861  1.2341 10.4435
  6.5500  1.5872  0.8196  1.4003 11.8202
  4.7740  1.2277  0.9717  0.3575  8.5786
  4.8335  2.4914  0.9706  2.7905 20.6274
  4.8260  3.0027  0.9790  1.8145 25.8912
  4.0574  3.4837  0.9828  0.3068 30.9783
  5.5479  4.6828  0.9876  2.2077 44.0884
  4.6488  5.5830  0.9863  2.6135 54.2377
  6.0435  3.1838  0.9950  1.9952 27.7925
  3.6917  3.5541  0.9785  0.7536 31.7319
  5.0026  2.3229  0.9876  1.5299 18.9311
  6.3347  3.5396  0.9980  1.3533 31.5767
  5.0855  0.8155  0.9887  2.7910  5.1490
  5.2415  2.9573  0.9725  0.8282 25.4175
  5.1544  0.8396  0.9433  1.6870  5.3388
  4.3919  2.5512  0.9937  2.7491 21.2346
  6.6452  3.4663  0.6311  0.4896 30.7927
  5.1195  4.9128  0.9745  1.2955 46.6603
  4.9444  3.2982  0.9964  1.1961 29.0032
  5.3544  1.7012  0.9917  2.1713 12.8851
  5.3100  3.5566  0.9944  1.0345 31.7595
  5.1688  2.0198  0.9683  1.4872 15.9378
  5.5551  0.9163  0.9888  0.4428  5.9527
  6.2191  4.1299  0.9685  0.4924 37.9773
  5.1489  3.6333  0.9941  2.3708 32.5828
  5.0000  3.3655  0.9697  1.6353 29.7175
  3.7820  4.0054  0.9812  0.9727 36.6157
  5.2369  3.1260  0.9831  1.6778 27.1841
  5.1415  4.8734  0.9845  0.0526 46.2180
  4.7452  1.0371  0.9847  1.8209  6.9477
  4.7036  5.8804  0.9729  1.2700 57.6373
  5.2195  2.7711  0.9886  1.4277 23.4863
  6.0988  3.2393  0.9788  1.5258 28.3787
  4.0524  2.5032  0.9938  1.8031 20.7472
  6.7157  2.7542  0.9327  1.5823 23.3130
  6.2089  5.2320  0.9757  2.6069 50.2546
  5.4375  4.2781  0.9932  1.8150 39.6053
  5.4574  1.6689  0.9862  1.9702 12.5812
  5.4623  0.8327  0.9717  1.7873  5.2840
  3.9732  3.1759  0.9673  1.3424 27.7091
  6.0850  3.2854  0.9770  0.8512 28.8673
  6.1350  3.8666  0.9881  1.9375 35.1043
  5.1826  3.0071  0.9932  2.4083 25.9378
  5.6182  1.1987  0.9841  0.3196  8.3263
  6.0739  2.5867  0.9880  0.5583 21.5962
  5.1402  6.2724  0.9756  0.2647 62.1487
  5.1589  0.8794  0.9675  1.2615  5.6554
  5.4837  4.1729  0.9911  2.4034 38.4490
  6.0858  0.4627  0.9943  0.2069  2.5724
  4.9890  2.4250  0.9731  2.0852 19.9562
  5.4256  1.2516  0.9712  1.1631  8.7879
  5.2877  2.9122  0.9872  1.7133 24.9483
  5.4230  2.4076  0.9754  1.6277 19.7816
  5.6696  4.7822  0.9811  0.6200 45.1977
  4.2076  4.4297  0.9826  2.1192 41.2786
  4.8168  5.1550  0.9668  0.9177 49.3845
  4.0494  1.1841  0.9980  2.0228  8.1997
  5.9220  5.3266  0.9713  1.9269 51.3252
  5.6293  2.5153  0.9836  2.5067 20.8701
  5.3213  1.3942  0.9915  0.5126 10.0562
  6.0463  3.6236  0.9898  1.3700 32.4785
  5.4482  3.0929  0.9911  0.8115 26.8360
  4.9779  5.8077  0.9900  1.7850 56.8042
  4.7523  6.3775  0.9920  1.6460 63.3637
  6.9664  1.4666  0.3945  1.1496 10.7121
  5.5247  2.9781  0.9872  0.5289 25.6346
  5.5449  1.4393  0.9680  2.2577 10.4634
  4.6514  3.5359  0.9762  2.4271 31.5370
  5.2593  0.9893  0.9949  0.1535  6.5501
  5.9860  3.2446  0.9759  1.3940 28.4350
  5.7941  3.1777  0.9879  1.6129 27.7284
  4.4442  0.8345  0.9708  1.9968  5.2982
  5.0660  2.1473  0.9785  2.1154 17.1870
  6.6557  1.4025  0.9615  2.0912 10.1307
  5.1275  1.6192  0.9685  0.3546 12.1177
  4.3728  5.2411  0.9886  1.6089 50.3573
  5.8685  2.5502  0.9753  0.5227 21.2239
  5.6323  2.3407  0.9962  1.1094 19.1093
  5.0996  3.8758  0.9725  0.5223 35.2052
  5.2547  1.2148  0.9954  1.5327  8.4660
  5.3306  4.0733  0.9933  1.6800 37.3569
  6.0992  2.1773  0.9669  0.7755 17.4838
  4.8101  2.8502  0.9876  1.2728 24.3045
  5.2807  1.6884  0.9685  0.9031 12.7646
  5.4643  2.5777  0.9843  0.8084 21.5044
  4.5373  2.8933  0.9749  1.7642 24.7513
  6.0297  3.3267  0.9920  1.6546 29.3055
  4.4237  2.4633  0.9786  1.5420 20.3435
  5.8574  2.8898  0.9940  0.5364 24.7157
  5.1634  3.2823  0.9776  0.7201 28.8345
  5.2436  2.4907  0.9803  1.9986 20.6199
  6.3359  5.4825  0.9439  1.2533 53.0938
  5.9043  2.0376  0.9976  0.7328 16.1116
  5.3572  2.3910  0.9709  1.1746 19.6139
  4.0788  2.4144  0.9833  0.5531 19.8494
  4.9989  2.4294  0.9942  0.9124 20.0012
  5.5794  3.8188  0.9708  0.7485 34.5865
  5.9380  1.0494  0.9773  1.2511  7.0511
  5.3113  2.1484  0.9904  1.5546 17.1985
  5.2766  1.5689  0.9753  0.7168 11.6507
  5.2003  5.2973  0.9725  2.9220 50.9926
  5.0593  3.5031  0.9773  1.8992 31.1856
  5.7243  2.9413  0.9896  1.2269 25.2510
  4.9181  2.0911  0.9943  0.8056 16.6344
  4.0496  5.4121  0.9929  2.4430 52.2947
  4.1158  1.1253  0.9980  0.8816  7.6941
  5.0999  2.6870  0.9898  1.4083 22.6213
  5.0261  5.0170  0.9939  1.2400 47.8308
  5.5979  0.7724  0.9846  0.5483  4.8133
  4.7510  1.9823  0.9713  1.8168 15.5734
  4.6447  3.0938  0.9715  2.8412 26.8460
  5.7109  1.7587  0.9795  0.5432 13.4280
  5.0295  1.2674  0.9799  1.9090  8.9266
  5.0317  1.5994  0.9693  1.0955 11.9331
  6.8927  2.1997  0.4577  2.3322 17.7052
  4.9414  3.5040  0.9747  0.7116 31.1951
  4.6927  5.4036  0.9959  1.1080 52.1975
  3.7475  5.8326  0.9852  0.4526 57.0900
  5.0618  1.8942  0.9679  2.9370 14.7214
  4.7900  1.7603  0.9748  1.4824 13.4429
  5.0837  2.7609  0.9865  2.0298 23.3813
  5.4245  2.8198  0.9829  0.6835 23.9897
  5.1336  0.8789  0.9759  2.0004  5.6514
  5.4028  1.0838  0.9793  1.2440  7.3407
  5.6697  3.6320  0.9980  1.7705 32.5689
  5.1360  1.7625  0.9787  0.8852 13.4643
  6.0398  2.0669  0.9851  1.1990 16.3974
  4.8582  1.6858  0.9909  1.4637 12.7401
  5.2014  1.5211  0.9815  1.6504 11.2106
  5.2107  3.0199  0.9776  2.0718 26.0717
  4.8520  1.5987  0.9748  1.8162 11.9272
  5.2478  0.8639  0.9918  1.4511  5.5314
  4.7172  2.4017  0.9788  2.7538 19.7217
  5.6881  0.9499  0.9956  2.2086  6.2265
  5.5964  1.4945  0.9702  2.1552 10.9665
  5.3694  5.2662  0.9867  0.2876 50.6411
  5.1351  3.6540  0.9825  1.4483 32.8054
  5.5102  2.8240  0.9781  0.3089 24.0335
  6.9737  2.3678  0.4397  0.8178 19.3815
  5.2000  2.5789  0.9975  1.6681 21.5166
  5.4593  1.7802  0.9839  2.0010 13.6315
  4.8874  5.6929  0.9959  1.5371 55.4919
  5.3765  1.4209  0.9874  0.6745 10.2966
  4.7484  3.2050  0.9904  1.0804 28.0165
  5.4063  2.0403  0.9896  1.2501 16.1379
  4.4920  0.3433  0.9834  2.7757  1.8043
  5.3675  3.6243  0.9695  0.4133 32.4861
  5.6500  1.7340  0.9740  0.2994 13.1945
  5.6920  3.2800  0.9980  1.1510 28.8099
  6.5422  0.9244  0.8738  1.6188  6.0188
  4.5640  5.6630  0.9848  0.6430 55.1505
  4.8446  3.9260  0.9821  1.7186 35.7504
  5.0146  2.8761  0.9719  0.4321 24.5733
  4.3115  5.4532  0.9752  1.2079 52.7610
  6.0770  2.5439  0.9938  1.5535 21.1597
  4.9082  4.8670  0.9946  0.6243 46.1469
  5.7959  2.6043  0.9703  1.6392 21.7755
  5.4647  2.3624  0.9761  1.3075 19.3275
  5.0994  3.4169  0.9980  0.6983 30.2650
  5.7103  2.4406  0.9747  0.5824 20.1140
  5.6848  1.8942  0.9687  1.3040 14.7221
  4.9365  4.9331  0.9667  0.8624 46.8879
  5.4162  2.2606  0.9741  1.0422 18.3093
  4.5025  1.6068  0.9812  1.6850 12.0018
  4.4603  4.0204  0.9835  0.9874 36.7794
  4.7865  2.0429  0.9861  1.5162 16.1632
  5.1619  3.2961  0.9761  0.6327 28.9802
  4.9200  1.3691  0.9934  0.5661  9.8303
  3.9291  5.6645  0.9789  1.8325 55.1677
  6.8198  1.7212  0.5233  1.6649 13.0734
  5.1777  3.1318  0.9867  0.4536 27.2451
  5.1276  3.1061  0.9796  1.7311 26.9754
  4.6388  3.6392  0.9867  2.4067 32.6466
  5.8174  2.5523  0.9790  2.4731 21.2457
  5.1556  5.6817  0.9857  2.2111 55.3634
  5.1137  2.8362  0.9742  1.3029 24.1595
  5.0774  5.2751  0.9715  0.4121 50.7420
  5.5645  3.2153  0.9765  1.1266 28.1258
  5.5173  1.4444  0.9958  0.3148 10.5100
  5.8165  1.2947  0.9973  1.8611  9.1677
  5.1874  3.8842  0.9886  0.8524 35.2961
  4.8125  2.6658  0.9766  0.9627 22.4043
  5.0587  2.4569  0.9980  0.2798 20.2789
  4.4786  2.3014  0.9724  1.5738 18.7165
  4.3064  5.6704  0.9857  0.3058 55.2346
  3.7055  2.8226  0.9929  1.0225 24.0189
  5.0578  2.7354  0.9859  1.6506 23.1192
  4.8203  2.2470  0.9825  0.9384 18.1744
  5.3493  1.5458  0.9735  0.8802 11.4377
  5.1562  5.6069  0.9925  0.6808 54.5105
  4.5513  5.3185  0.9899  2.1816 51.2333
  3.6670  1.9092  0.9818  1.0416 14.8666
  5.2643  2.4714  0.9814  1.1438 20.4249
  5.6621  4.1810  0.9980  0.8607 38.5369
  6.0777  4.9136  0.9801  1.4077 46.6695
  5.4288  4.1085  0.9904  1.7968 37.7424
  4.9326  2.5332  0.9980  1.4754 21.0511
  5.2694  3.1502  0.9671  1.9634 27.4392
  4.4941  1.5141  0.9667  0.9905 11.1458
  4.2338  3.8461  0.9745  0.8198 34.8819
  6.9131  3.3330  0.4775  2.1985 29.3716
  5.2834  3.5072  0.9781  1.9332 31.2293
  5.4320  4.5968  0.9697  2.4638 43.1320
  5.5727  0.6409  0.9720  0.7965  3.8225
  4.7303  3.6167  0.9845  0.6948 32.4047
  4.6808  2.0359  0.9933  0.4517 16.0947
  6.6455  0.6057  0.6851  0.9100  3.5667
  5.2819  0.9650  0.9980  1.0101  6.3500
  5.3477  1.4369  0.9970  0.7266 10.4420
  5.8991  1.7980  0.9905  0.5552 13.8014
  5.4743  5.8199  0.9824  1.1794 56.9444
  4.6498  4.5310  0.9841  2.1422 42.4009
  4.5014  2.6228  0.9937  0.5620 21.9640
  5.4715  1.0314  0.9980  0.6973  6.8999
  5.4568  2.6852  0.9813  0.9232 22.6033
  4.3346  1.0598  0.9950  2.3230  7.1380
  5.0508  3.9081  0.9856  0.5819 35.5553
  4.8518  2.2297  0.9925  0.3454 18.0029
  4.5418  0.8804  0.9948  0.8191  5.6636
  5.5034  2.1954  0.9730  2.0959 17.6626
  4.7851  1.4571  0.9946  2.3178 10.6256
  4.6791  5.5256  0.9962  2.8062 53.5847
  5.9604  4.5113  0.9711  0.8222 42.1819
  4.9362  1.5743  0.9902  0.2196 11.7006
  6.5613  2.7619  0.8040  1.7097 23.3920
  4.2552  3.7316  0.9776  0.4480 33.6426
  5.4620  3.4199  0.9941  0.7120 30.2970
  5.7336  3.1516  0.9910  0.4898 27.4532
  5.6166  2.7736  0.9834  0.7172 23.5129
  4.9323  2.5823  0.9733  1.4571 21.5509
  4.5946  1.6327  0.9965  0.3316 12.2433
  6.3650  4.1247  0.9748  1.2792 37.9195
  5.3182  4.4545  0.9966  0.7968 41.5526
  5.2500  1.9848  0.9714  2.1672 15.5972
  4.2903  1.5919  0.9783  1.7416 11.8633
  4.4039  2.9252  0.9672  0.8901 25.0836
  5.6594  2.6030  0.9782  1.3573 21.7624
  4.1790  3.5256  0.9785  1.9747 31.4266
  5.8439  2.8941  0.9872  0.2361 24.7600
  3.9400  2.2701  0.9972  0.7028 18.4043
  4.6377  6.0452  0.9927  1.5815 59.5300
  5.8377  4.8362  0.9778  0.9041 45.8022
  6.2022  1.8595  0.9710  1.6578 14.3889
  5.2041  2.3048  0.9680  2.6956 18.7502
  5.3759  1.4432  0.9669  1.3562 10.4991
  4.0126  5.7645  0.9765  1.3574 56.3097
  5.7718  1.2996  0.9827  2.0100  9.2115
  5.4686  4.6283  0.9878  2.0619 43.4816
  5.7264  0.7983  0.9667  1.5447  5.0144
  5.8133  5.0546  0.9762  2.2650 48.2532
  5.6082  2.0538  0.9790  1.4508 16.2700
  5.8360  3.0721  0.9769  0.5389 26.6179
  5.3396  4.2189  0.9724  1.7077 38.9535
  4.9047  4.1489  0.9670  2.3576 38.1852
  4.4685  4.0206  0.9768  0.1633 36.7813
  6.1216  4.0130  0.9798  2.1545 36.6982
  4.7699  4.6509  0.9797  0.7407 43.7339
  6.0750  1.2080  0.9819  1.4561  8.4069
  5.2428  3.0096  0.9935  2.0583 25.9641
  5.6397  3.1195  0.9756  0.8993 27.1160
  5.3514  2.7209  0.9926  0.7901 22.9693
  4.4740  5.7976  0.9834  0.2957 56.6887
  5.3897  0.8353  0.9969  1.9885  5.3052
  4.7200  1.6049  0.9762  1.6690 11.9848
  4.7313  4.1836  0.9872  1.1600 38.5657
  5.5174  2.9635  0.9980  1.2141 25.4824
  5.0966  1.9417  0.9742  1.1452 15.1795
  4.5393  1.7681  0.9903  1.1762 13.5171
  4.3347  3.8042  0.9892  1.5083 34.4284
  5.4875  3.7362  0.9763  1.3628 33.6927
  5.0302  3.5214  0.9907  1.2115 31.3815
  5.3294  0.9512  0.9933  2.8731  6.2365
  5.1169  3.8846  0.9757  0.7044 35.3004
  5.7596  3.2118  0.9813  2.5806 28.0888
  4.9686  1.9631  0.9882  0.9669 15.3872
  5.9365  4.0393  0.9805  0.2434 36.9857
  5.3892  2.4085  0.9887  1.9925 19.7898
  5.4052  1.3864  0.9940  1.5590  9.9859
  5.0873  3.4782  0.9874  1.6217 30.9197
  4.6069  1.2235  0.9856  0.4196  8.5418
  4.4157  2.3864  0.9921  0.3441 19.5676
  4.2780  3.0251  0.9731  2.1987 26.1257
  4.3924  1.7226  0.9929  1.4937 13.0865
  5.4424  0.7423  0.9813  2.3925  4.5824
  4.2195  4.1576  0.9846  1.1568 38.2806
  5.9457  1.9137  0.9736  1.2630 14.9091
  5.6386  3.0115  0.9713  1.8906 25.9840
  6.6395  3.1098  0.7082  0.2651 27.0139
  5.2166  2.5483  0.9956  0.8097 21.2047
  5.3745  2.8434  0.9866  0.3189 24.2340
  4.1229  2.5419  0.9847  0.8282 21.1396
  4.2588  4.1609  0.9777  0.2550 38.3171
  5.1132  1.3369  0.9846  1.4176  9.5430
  4.6193  2.5401  0.9882  1.4477 21.1217
  6.4179  1.5642  0.9226  2.7851 11.6068
  6.1172  3.5632  0.9770  0.7508 31.8294
  4.8342  1.0465  0.9668  1.0806  7.0263
  3.7485  2.7220  0.9959  0.7327 22.9811
  3.8391  5.4898  0.9801  0.2388 53.1767
  4.9452  5.4383  0.9789  0.3159 52.5924
  5.2956  2.0977  0.9932  2.0469 16.6994
  5.1694  0.5134  0.9765  1.2638  2.9162
  4.5404  2.5322  0.9875  0.4729 21.0411
  5.2265  3.5637  0.9787  1.5782 31.8354
  5.2114  2.1890  0.9830  1.7100 17.5990
  5.5721  1.3324  0.9921  1.8830  9.5029
  5.2951  5.1583  0.9677  2.1736 49.4223
  5.1011  0.6677  0.9723  2.8039  4.0205
  6.5955  3.9526  0.7743  2.0811 36.0397
  4.8650  2.0956  0.9755  1.4689 16.6787
  5.1623  3.6985  0.9959  0.8160 33.2851
  6.1996  1.5620  0.9932  0.9320 11.5866
  4.5253  4.0708  0.9940  0.4707 37.3299
  5.2977  1.3547  0.9740  2.0094  9.7018
  5.2477  3.1249  0.9706  1.4713 27.1731
  5.4857  4.7739  0.9716  0.2957 45.1058
  4.6226  2.0498  0.9728  1.4816 16.2302
  4.8397  6.4334  0.9676  0.2361 64.0109
  5.4175  1.0049  0.9908  0.2831  6.6796
  4.7588  1.2048  0.9770  0.6405  8.3795
  5.6248  3.3535  0.9737  0.4468 29.5899
  4.6294  2.8946  0.9754  2.6853 24.7648
  5.7123  2.7457  0.9697  2.1236 23.2255
  5.6682  2.6079  0.9693  1.4757 21.8123
  5.4174  2.3938  0.9901  0.7529 19.6420
  5.1537  2.1550  0.9895  1.0897 17.2638
  4.8634  1.4839  0.9885  2.2712 10.8696
  4.7340  2.5489  0.9720  1.9699 21.2114
  4.9414  6.3586  0.9946  0.7259 63.1454
  4.8784  2.4390  0.9938  0.7324 20.0980
  3.7540  2.2833  0.9676  1.7442 18.5357
  5.3054  3.3806  0.9864  0.5212 29.8778
  5.1266  2.9970  0.9844  1.4230 25.8318
  4.7224  1.4437  0.9744  1.0558 10.5034
  6.4270  3.3911  0.9543  1.4176 29.9896
  5.4175  3.7529  0.9945  1.5046 33.8727
  5.0563  5.6938  0.9822  1.9326 55.5021
  5.6105  1.3081  0.9756  1.1048  9.2866
  5.7036  2.2879  0.9975  1.4165 18.5819
  5.3357  4.4374  0.9931  0.8544 41.3634
  5.1453  5.8958  0.9829  2.2222 57.8137
  5.1356  2.2271  0.9978  1.6909 17.9769
  5.6594  2.3130  0.9787  0.9602 18.8327
  6.5356  2.5502  0.8098  2.1712 21.2240
  5.0910  3.2644  0.9795  2.2549 28.6447
  5.3539  1.3296  0.9709  2.0371  9.4776
  4.2249  2.4119  0.9878  1.5755 19.8248
  6.0558  1.6267  0.9942  2.8522 12.1873
  5.2113  1.7057  0.9980  1.0148 12.9274
  4.4843  3.4777  0.9714  1.3275 30.9146
  5.5114  3.1939  0.9721  1.4804 27.8990
  4.5914  6.2338  0.9980  0.5979 61.7033
  4.8162  3.2347  0.9729  0.7932 28.3306
  4.7348  3.4039  0.9925  1.1729 30.1267
  5.1846  4.1175  0.9904  1.1505 37.8411
  5.5448  4.3175  0.9980  2.6699 40.0393
  5.1969  1.7509  0.9795  0.8981 13.3540
  5.2184  4.2659  0.9848  0.8578 39.4709
  5.0132  1.5074  0.9927  2.7306 11.0848
  4.9641  5.4209  0.9759  1.2389 52.3940
  6.2099  0.8773  0.9690  1.6874  5.6389
  5.1040  4.4545  0.9821  0.3520 41.5527
  4.6927  3.6688  0.9776  1.6795 32.9656
  4.5046  2.3100  0.9749  0.0902 18.8019
  5.1180  3.1921  0.9962  0.5282 27.8804
  4.4325  1.4861  0.9936  0.3686 10.8897
  4.3724  1.3864  0.9750  1.0250  9.9857
  5.3762  2.3308  0.9775  2.6971 19.0103
  5.5913  5.6578  0.9839  2.1710 55.0913
  4.7363  4.1179  0.9879  1.5385 37.8454
  5.4228  1.0048  0.9944  1.4553  6.6785
  5.2808  2.2281  0.9877  1.5080 17.9868
  4.4657  4.3082  0.9700  1.4501 39.9368
  3.9283  4.6702  0.9805  1.4692 43.9482
  5.3715  2.3038  0.9839  1.6817 18.7400
  4.8619  2.9192  0.9905  1.3086 25.0211
  3.9214  5.7343  0.9959  2.7184 55.9643
  4.8627  1.3909  0.9834  2.0385 10.0260
  4.9843  2.1310  0.9772  0.9029 17.0272
  4.9248  1.9525  0.9980  1.8220 15.2845
  6.0470  1.5844  0.9691  1.8509 11.7939
  5.5324  2.9830  0.9980  1.2674 25.6862
  5.6856  3.1281  0.9822  1.6681 27.2057
  4.8211  2.8820  0.9924  0.4661 24.6342
  5.2913  2.4433  0.9744  1.5524 20.1414
  6.3804  2.3290  0.9808  2.5539 18.9924
  5.2164  3.1114  0.9766  1.0492 27.0309
  5.8127  3.0465  0.9965  1.2050 26.3502
  5.5807  0.8453  0.9754  0.8498  5.3836
  4.1190  2.2932  0.9896  2.2674 18.6343
  5.1092  2.4868  0.9772  0.6373 20.5807
  5.0141  1.2384  0.9915  1.7642  8.6725
  5.2208  2.9262  0.9708  2.0034 25.0941
  5.8369  2.0179  0.9730  2.0563 15.9198
  5.1585  1.7176  0.9896  1.2095 13.0397
  3.6255  3.7156  0.9788  0.6044 33.4695
  5.1597  5.8588  0.9792  1.6236 57.3903
  5.5796  2.7893  0.9739  1.1839 23.6747
  4.0348  3.3523  0.9940  0.8686 29.5770
  4.2829  4.3447  0.9912  0.7527 40.3396
  5.8788  5.1748  0.9737  0.3280 49.6087
  4.7717  1.0170  0.9735  1.4036  6.7797
  5.2842  4.1480  0.9862  1.8490 38.1751
  4.6941  6.2484  0.9806  1.7484 61.8714
  4.5619  4.7571  0.9810  2.2114 44.9175
  5.1112  0.4327  0.9810  1.5057  2.3739
  5.4874  3.5178  0.9912  0.6623 31.3437
  4.7170  1.3658  0.9704  1.0149  9.8011
  5.1451  1.6704  0.9914  0.4560 12.5957
  4.8522  2.5522  0.9980  1.8302 21.2445
  4.0776  3.3557  0.9766  0.7274 29.6130
  5.2286  1.5765  0.9970  1.5968 11.7208
  4.6672  5.6941  0.9786  0.3628 55.5057
  5.3131  2.7352  0.9715  1.0321 23.1174
  6.0062  0.9597  0.9918  1.0858  6.3065
  4.9596  5.2565  0.9745  1.1495 50.5312
  4.4501  1.1151  0.9975  2.2175  7.6065
  5.6733  1.9251  0.9798  1.6353 15.0192
  6.0456  3.8708  0.9974  1.8571 35.1509
  4.1261  2.3574  0.9668  0.3933 19.2772
  5.0472  5.7913  0.9920  0.9262 56.6173
  4.1808  3.4432  0.9749  0.3200 30.5452
  4.8080  3.7718  0.9770  1.3738 34.0779
  4.7509  1.6617  0.9817  1.7895 12.5143
  5.2434  2.0814  0.9883  0.7617 16.5398
  6.0035  3.3707  0.9739  0.4497 29.7728
  4.4514  3.1036  0.9838  1.2788 26.9491
  4.5986  5.4431  0.9863  2.4356 52.6466
  5.7915  1.3582  0.9811  0.9906  9.7325
  4.9841  5.4172  0.9830  1.0390 52.3528
  5.7622  2.1659  0.9876  0.2131 17.3712
  4.9213  1.5144  0.9900  1.4805 11.1489
  6.9140  2.9369  0.3942  2.3983 25.2047
  5.2579  2.7144  0.9819  1.2160 22.9032
  4.5897  2.6788  0.9970  1.5609 22.5379
  4.9672  1.4670  0.9805  0.4247 10.7152
  5.0866  2.2974  0.9918  0.9633 18.6764
  5.5154  2.9344  0.9685  0.9610 25.1795
  4.4647  4.3539  0.9910  2.0519 40.4411
  3.9059  3.0520  0.9818  2.9793 26.4077
  5.1928  2.6098  0.9767  0.7526 21.8312
  3.8447  6.2611  0.9861  1.8936 62.0184
  5.4346  2.4520  0.9879  1.4958 20.2289
  6.3767  1.0562  0.9721  0.5295  7.1079
  6.0902  4.3153  0.9875  1.8506 40.0148
  3.9518  5.8935  0.9980  2.0379 57.7874
  5.1128  4.9790  0.9831  0.6329 47.4028
  5.6001  1.5023  0.9896  0.8943 11.0380
  3.6475  4.0304  0.9958  1.1472 36.8882
  5.1839  3.3472  0.9729  1.8648 29.5231
  5.0913  1.7010  0.9849  1.7191 12.8832
  4.6498  3.6007  0.9734  0.3066 32.2325
  5.1087  1.5775  0.9868  2.4401 11.7304
  6.0746  1.8024  0.9816  1.6865 13.8429
  5.0223  1.6868  0.9792  2.3830 12.7494
  5.4073  6.0448  0.9693  0.9269 59.5252
  3.5840  6.0414  0.9859  0.3675 59.4859
  4.6605  1.8645  0.9814  1.1451 14.4362
  4.8835  3.5348  0.9684  0.6787 31.5252
  4.8592  4.7534  0.9728  2.6512 44.8760
  4.9379  3.8296  0.9980  0.7605 34.7029
  4.7734  4.7222  0.9672  1.0003 44.5277
  5.4567  0.9510  0.9829  2.4974  6.2353
  5.1816  0.3888  0.9725  1.3172  2.0900
  4.3591  3.9298  0.9879  1.0622 35.7920
  5.6498  3.1260  0.9883  1.3631 27.1839
  5.1490  1.8150  0.9885  0.2634 13.9628
  5.5018  3.9523  0.9740  0.8286 36.0364
  5.3119  2.8293  0.9980  0.6169 24.0885
  5.2009  2.6155  0.9950  0.1540 21.8899
  4.8097  2.3668  0.9830  1.0161 19.3710
  4.7545  2.5178  0.9932  1.7864 20.8954
  4.1197  1.0602  0.9814  0.6030  7.1415
  4.3441  6.3569  0.9980  2.4652 63.1260
  5.0829  0.9706  0.9713  0.6404  6.3959
  5.4138  3.6017  0.9695  1.6917 32.2430
  5.4477  2.3644  0.9971  1.2858 19.3469
  5.6037  3.3524  0.9781  0.9974 29.5778
  4.5118  6.0312  0.9920  1.6777 59.3686
  5.2901  0.4801  0.9785  0.3234  2.6893
  5.1910  2.2716  0.9878  2.6563 18.4193
  4.3290  4.3158  0.9710  0.7438 40.0204
  5.0242  3.1650  0.9747  1.3032 27.5947
  3.7703  2.0476  0.9699  2.6151 16.2094
  5.4246  3.1194  0.9751  1.2483 27.1152
  5.2807  3.3382  0.9980  0.7871 29.4269
  4.8887  3.5930  0.9876  0.1368 32.1492
  5.1073  3.6237  0.9801  0.3836 32.4797
  5.2410  1.6979  0.9773  2.1744 12.8535
  3.6613  5.7560  0.9957  1.1868 56.2134
  5.2331  3.5714  0.9855  1.1097 31.9181
  4.7509  5.1193  0.9772  1.2690 48.9826
  5.0640  3.4634  0.9934  1.7674 30.7609
  3.7359  4.9315  0.9709  1.4294 46.8699
  5.2335  3.5590  0.9865  0.6199 31.7849
  5.8307  3.9194  0.9698  1.6436 35.6786
  4.0397  3.3791  0.9980  1.4471 29.8627
  5.2378  3.8592  0.9766  0.4831 35.0241
  5.0610  4.0499  0.9819  1.6803 37.1016
  5.2748  2.9239  0.9865  1.4417 25.0696
  5.2059  4.0816  0.9678  1.3672 37.4484
  3.8319  4.4643  0.9707  2.1749 41.6608
  5.2807  2.0164  0.9747  0.8398 15.9051
  5.4405  5.2428  0.9923  1.0412 50.3769
  5.3992  1.2458  0.9768  2.8236  8.7372
  4.3678  2.0082  0.9770  0.3096 15.8252
  6.0131  0.6083  0.9777  0.9711  3.5857
  5.0258  1.0615  0.9840  1.6679  7.1526
  4.8911  2.3740  0.9976  0.4559 19.4434
  4.6366  2.1362  0.9728  0.9212 17.0779
  5.5063  3.4427  0.9917  0.3260 30.5404
  4.6969  4.1529  0.9821  1.1911 38.2293
  6.3073  1.3833  0.9714  1.7466  9.9579
  4.6025  2.6331  0.9803  2.1328 22.0700
  5.2509  1.7508  0.9686  1.8525 13.3528
  5.1849  0.3368  0.9894  0.4886  1.7645
  5.6219  3.1149  0.9877  0.9109 27.0673
  4.2324  4.3588  0.9961  1.4427 40.4945
  5.0051  0.3014  0.9943  1.2037  1.5504
  5.3377  2.2632  0.9853  2.2873 18.3361
  3.7481  1.5510  0.9761  1.8754 11.4855
  5.3723  4.7478  0.9980  2.4454 44.8144
  5.2152  4.6838  0.9930  1.8171 44.0999
  5.3638  4.4423  0.9943  1.5412 41.4171
  4.9951  3.5864  0.9851  2.1996 32.0785
  4.8399  3.4239  0.9969  0.6387 30.3395
  5.3327  3.5589  0.9951  1.3395 31.7838
  5.2406  2.1963  0.9921  1.3592 17.6715
  5.2918  2.6190  0.9714  0.2757 21.9250
  4.8557  3.8397  0.9908  0.5505 34.8129
  5.5315  3.7298  0.9826  2.3870 33.6233
  4.8603  4.8482  0.9980  1.1402 45.9369
  4.1178  2.0384  0.9838  0.5379 16.1195
  4.7273  4.4436  0.9866  2.4315 41.4322
  4.2235  1.7447  0.9903  1.1760 13.2955
  5.4636  1.1405  0.9980  2.6809  7.8241
  5.5514  1.7335  0.9924  1.6313 13.1892
  5.0481  3.9743  0.9757  1.7515 36.2759
  5.5105  1.8200  0.9735  1.7118 14.0105
  5.5263  0.7665  0.9901  1.5086  4.7677
  5.9665  3.2760  0.9721  1.6226 28.7671
  5.0072  2.0763  0.9734  0.9404 16.4899
  4.2525  3.9622  0.9745  1.2647 36.1448
  5.0766  2.4046  0.9839  1.5933 19.7516
  4.9114  1.6070  0.9939  0.6378 12.0040
  3.7349  2.0759  0.9849  1.2167 16.4857
  4.8331  3.2080  0.9755  2.0005 28.0487
  5.1074  6.0006  0.9809  1.8317 59.0171
  4.9420  2.1038  0.9672  1.7503 16.7593
  6.3185  3.5368  0.9730  0.4367 31.5470
  4.8379  4.5373  0.9817  1.4253 42.4704
  6.6473  1.7787  0.7136  1.9918 13.6174
  5.8904  3.5947  0.9931  0.5416 32.1679
  4.8147  3.8778  0.9853  2.2968 35.2266
  5.1596  3.6116  0.9864  0.8933 32.3493
  5.2790  0.9989  0.9896  1.2866  6.6297
  4.9958  2.0102  0.9908  0.3254 15.8442
  5.2975  5.4234  0.9935  1.5438 52.4232
  4.4752  2.1415  0.9980  1.8803 17.1302
  4.9353  3.1373  0.9737  1.2301 27.3030
  5.4839  0.5299  0.9808  0.3923  3.0301
