  3.5959  1.0988  0.9918  1.8846  7.4683
  5.9373  2.3032  0.9910  1.5406 18.7349
  5.1029  2.5029  0.9751  2.3311 20.7439
  6.1696  2.2701  0.9752  1.2088 18.4045
  4.1085  4.3784  0.9876  0.7813 40.7114
  4.0171  2.6451  0.9964  2.4619 22.1922
  5.3517  4.1479  0.9767  0.2611 38.1747
  4.7726  1.4166  0.9735  0.2300 10.2577
  5.8952  2.9578  0.9839  0.2183 25.4230
  5.6862  2.6824  0.9677  0.9725 22.5748
  5.3940  2.6844  0.9847  1.1745 22.5953
  5.3927  4.2674  0.9681  0.6469 39.4872
  5.3997  1.9590  0.9708  1.2202 15.3474
  5.2220  3.1857  0.9758  0.3899 27.8130
  5.2754  1.4150  0.9959  0.1880 10.2433
  3.5597  1.4225  0.9980  0.8242 10.3112
  6.1405  2.0539  0.9882  0.6957 16.2702
  3.8111  1.7399  0.9814  1.6261 13.2501
  5.2468  2.9916  0.9729  1.5927 25.7755
  5.3214  3.5475  0.9820  2.3620 31.6609
  5.1158  1.6036  0.9967  0.9920 11.9719
  4.3527  4.3872  0.9936  0.7829 40.8080
  4.8495  3.9584  0.9784  2.6094 36.1030
  5.2044  0.9457  0.9730  1.3968  6.1919
  5.5597  2.4546  0.9828  1.6155 20.2555
  4.4579  3.9293  0.9789  0.8070 35.7864
  6.0301  3.4300  0.9980  1.9870 30.4050
  5.7066  3.7372  0.9683  2.5662 33.7033
  6.1196  3.1687  0.9798  0.6564 27.6335
  5.2597  3.5583  0.9915  1.8740 31.7769
  3.5965  3.0763  0.9923  2.2479 26.6622
  4.7936  2.2263  0.9980  0.9122 17.9684
  5.4790  3.4100  0.9931  1.1667 30.1916
  4.6991  3.7446  0.9743  0.3624 33.7828
  6.3384  3.6691  0.9969  0.3834 32.9682
  5.0876  2.8759  0.9743  1.4283 24.5713
  5.4355  3.0054  0.9752  2.3362 25.9196
  4.8427  2.6178  0.9691  1.3914 21.9137
  5.1462  3.0289  0.9675  1.5246 26.1656
  6.3502  2.2176  0.9668  1.0469 17.8828
  4.3329  1.4592  0.9980  0.9613 10.6440
  4.8233  3.6841  0.9697  2.5947 33.1298
  5.7330  2.2972  0.9980  2.8497 18.6741
  4.7191  1.4579  0.9913  1.8543 10.6328
  4.7210  4.4392  0.9893  0.0547 41.3831
  4.6934  2.7540  0.9770  0.8197 23.3106
  4.8506  2.4381  0.9980  0.8230 20.0888
  4.9079  3.3438  0.9847  0.5066 29.4873
  6.2276  3.2787  0.9832  1.3935 28.7963
  5.3955  4.1015  0.9710  0.9033 37.6660
  5.6099  4.3164  0.9668  0.3786 40.0273
  3.5929  3.7585  0.9865  2.7475 33.9333
  4.6239  1.5929  0.9868  0.7844 11.8731
  6.4466  0.9085  0.9257  0.6041  5.8900
  5.6540  2.9747  0.9893  0.1897 25.5988
  5.7505  2.1962  0.9670  0.5379 17.6703
  6.3812  3.3722  0.9799  0.1936 29.7894
  5.3625  1.6229  0.9869  0.5185 12.1516
  5.9900  1.5793  0.9867  1.1229 11.7465
  5.0267  2.7075  0.9835  1.3881 22.8317
  5.2188  2.5017  0.9919  1.1895 20.7319
  5.3817  3.9660  0.9955  0.5518 36.1860
  5.2485  1.8743  0.9907  2.1870 14.5301
  6.2608  2.4714  0.9872  2.5231 20.4255
  6.9563  1.1397  0.4921  1.1527  7.8169
  5.1909  4.4582  0.9940  2.7011 41.5934
  4.3950  2.1123  0.9940  2.2187 16.8434
  4.6429  2.7016  0.9803  0.4593 22.7718
  5.3786  1.6569  0.9771  1.8051 12.4688
  5.0491  1.5154  0.9682  2.6801 11.1583
  5.1534  3.6392  0.9963  1.3240 32.6467
  4.0087  2.5018  0.9765  1.4995 20.7326
  5.4618  3.8651  0.9859  1.6299 35.0890
  5.5972  2.3718  0.9755  0.1626 19.4210
  4.9579  3.6406  0.9818  0.6807 32.6620
  6.8260  3.9687  0.9912  0.9130 36.2156
  6.4577  4.0193  0.9280  2.4886 36.7677
  5.0604  1.4491  0.9967  1.1484 10.5530
  6.8385  3.5974  0.4905  1.9915 32.1974
  6.6060  1.5095  0.6927  1.9671 11.1039
  6.0049  1.6426  0.9978  2.0141 12.3354
  5.1712  3.8973  0.9679  0.9236 35.4383
  5.4052  1.8356  0.9907  0.2624 14.1598
  5.7331  2.7231  0.9788  2.7781 22.9920
  5.5268  3.3279  0.9938  2.5411 29.3178
  6.1332  3.8658  0.9888  0.5838 35.0961
  5.7803  3.8218  0.9980  0.8542 34.6190
  4.9876  4.1464  0.9843  2.3297 38.1573
  3.5954  0.9729  0.9856  0.6686  6.4148
  6.0956  1.7234  0.9778  2.3867 13.0942
  5.0070  3.2977  0.9933  2.0097 28.9977
  5.2016  2.9372  0.9800  1.0950 25.2080
  6.0391  3.5765  0.9847  1.8341 31.9728
  5.1407  1.6620  0.9762  1.9790 12.5169
  4.3805  4.3037  0.9854  2.5444 39.8875
  5.5465  2.9091  0.9846  1.0112 24.9164
  4.0301  3.4411  0.9882  1.0497 30.5235
  4.3010  3.8907  0.9913  0.4468 35.3665
  5.6529  2.4477  0.9934  0.8544 20.1851
  5.0232  1.6297  0.9949  0.3008 12.2148
  6.4425  3.8978  0.8847  1.2028 35.4433
  5.6669  4.4667  0.9699  1.5812 41.6883
  5.0954  3.4047  0.9716  1.8044 30.1352
  5.4200  4.3426  0.9966  0.3989 40.3161
  4.9771  3.1875  0.9758  0.4045 27.8315
  4.6290  3.7202  0.9958  0.8376 33.5201
  6.7512  3.2936  0.6102  1.8551 28.9543
  4.7593  1.8065  0.9842  2.0298 13.8822
  6.2059  1.7562  0.9744  0.7572 13.4045
  6.5078  1.1124  0.9278  0.1073  7.5841
  4.8472  3.7308  0.9706  1.0321 33.6346
  3.5311  3.6122  0.9953  1.4885 32.3564
  4.5102  2.0591  0.9932  0.4634 16.3214
  5.4596  3.2221  0.9977  0.6007 28.1972
  4.7871  4.2202  0.9974  2.1341 38.9679
  4.5307  3.7536  0.9874  2.6283 33.8806
  6.3309  2.5590  0.9832  2.0257 21.3133
  5.9625  2.9624  0.9711  0.4439 25.4708
  5.4871  3.4362  0.9708  0.6714 30.4710
  5.1187  2.4729  0.9771  2.1463 20.4401
  4.5361  3.0312  0.9760  1.7277 26.1894
  5.4299  1.9606  0.9693  1.9238 15.3624
  5.3929  3.2576  0.9925  2.3715 28.5728
  4.2864  3.8133  0.9832  2.2048 34.5261
  4.8101  2.8943  0.9773  0.4823 24.7624
  4.8794  2.5215  0.9907  1.0064 20.9330
  4.3208  3.9771  0.9909  2.6880 36.3074
  5.5032  3.5043  0.9756  1.9277 31.1986
  6.3998  2.3852  0.9715  0.4482 19.5558
  5.2790  4.0583  0.9813  0.7869 37.1929
  5.7243  2.5753  0.9980  0.2955 21.4801
  5.3331  4.1450  0.9816  0.5952 38.1420
  4.9464  1.4343  0.9930  2.6733 10.4179
  6.0375  2.7513  0.9751  1.6182 23.2827
  5.2752  1.2880  0.9978  0.2179  9.1090
  4.9702  3.3078  0.9779  2.4194 29.1049
  5.5259  2.6823  0.9980  0.4561 22.5735
  5.2661  3.9025  0.9766  1.7227 35.4946
  6.2000  3.4474  0.9903  1.7147 30.5903
  5.1898  4.2799  0.9862  2.4189 39.6248
  5.4776  2.2681  0.9921  1.3309 18.3843
  4.5041  4.1442  0.9893  0.2267 38.1337
  6.0771  3.0334  0.9848  0.5971 26.2126
  5.3912  3.4402  0.9980  2.5971 30.5132
  4.7695  1.5011  0.9888  0.5355 11.0263
  5.8103  3.3023  0.9959  0.9185 29.0468
  4.7617  1.7347  0.9835  0.2828 13.2012
  5.6886  2.3243  0.9834  2.4742 18.9450
  5.7544  2.9646  0.9668  0.2625 25.4937
  5.8452  2.1268  0.9831  1.9137 16.9859
  4.4933  2.1932  0.9732  0.3246 17.6403
  5.4759  3.4375  0.9688  1.4482 30.4846
  5.2751  2.6902  0.9738  0.4355 22.6545
  5.5070  1.6631  0.9739  0.9283 12.5276
  5.0242  3.8469  0.9973  0.6290 34.8915
  4.9731  2.2917  0.9842  0.1388 18.6194
  5.6833  3.3190  0.9921  2.6927 29.2231
  5.0308  1.8452  0.9709  1.4706 14.2517
  5.0621  2.7608  0.9705  0.5298 23.3804
  5.2893  2.2357  0.9896  1.3794 18.0620
  4.7138  2.8748  0.9925  0.4053 24.5591
  4.6096  2.0609  0.9798  0.3179 16.3394
  4.8200  2.3659  0.9694  0.3292 19.3617
  4.6860  1.4371  0.9947  1.9652 10.4436
  5.3585  4.3126  0.9682  0.6915 39.9854
  6.3405  2.3006  0.9711  1.4442 18.7084
  5.2922  1.4584  0.9927  0.9796 10.6366
  5.5919  4.3212  0.9697  0.9199 40.0799
  4.9463  3.4041  0.9682  1.4625 30.1282
  5.5165  2.7809  0.9980  2.2445 23.5876
  5.3093  3.2698  0.9779  0.2604 28.7018
  6.3118  1.7880  0.9897  2.0806 13.7055
  6.2756  3.6616  0.9966  0.7196 32.8875
  5.1707  3.4992  0.9968  2.2228 31.1443
  4.9810  3.0448  0.9893  1.6554 26.3323
  5.5420  3.0096  0.9741  0.7026 25.9633
  5.9936  2.2567  0.9692  0.8949 18.2714
  4.5283  2.1356  0.9947  0.6069 17.0717
  5.4842  2.8144  0.9681  0.6616 23.9339
  4.3107  4.1126  0.9743  1.7670 37.7880
  5.3413  2.6234  0.9980  0.9165 21.9703
  5.8734  1.1657  0.9693  0.6937  8.0407
  5.4237  2.5118  0.9863  1.7118 20.8338
  5.6980  1.7717  0.9840  0.8977 13.5511
  6.8629  2.7210  0.4238  0.8737 22.9708
  5.4124  2.6873  0.9755  1.2511 22.6246
  6.0728  2.8754  0.9732  1.8067 24.5654
  6.0421  1.6019  0.9725  1.2119 11.9569
  3.5754  4.4863  0.9789  2.7419 41.9054
  5.5064  3.4837  0.9799  1.3255 30.9779
  6.3643  1.8322  0.9828  1.4530 14.1268
  6.2917  4.0580  0.9772  0.9173 37.1905
  5.1986  3.2825  0.9726  1.2812 28.8368
  5.7403  4.3202  0.9803  2.0006 40.0684
  6.8732  1.1394  0.5290  1.3621  7.8145
  4.9695  1.9561  0.9834  1.4574 15.3194
  4.2029  2.2769  0.9741  1.4394 18.4718
  5.1956  2.9777  0.9840  1.6811 25.6309
  4.9046  3.9063  0.9686  1.7833 35.5361
  5.6772  3.5469  0.9904  0.8610 31.6553
  5.1430  4.2947  0.9760  1.5527 39.7878
  5.7455  3.1446  0.9938  1.6274 27.3800
  4.8635  1.8794  0.9886  0.3169 14.5795
  3.6468  1.7592  0.9858  2.1262 13.4324
  5.4404  2.3214  0.9748  0.9847 18.9165
  5.8013  3.1968  0.9718  1.4922 27.9303
  5.6448  2.4671  0.9916  1.1716 20.3812
  4.6192  3.0785  0.9980  0.3617 26.6852
  5.5552  2.2881  0.9792  0.2777 18.5834
  6.9549  3.0918  0.3954  1.1747 26.8248
  4.8718  3.1596  0.9685  1.0801 27.5382
  5.4505  3.9138  0.9735  1.1658 35.6177
  5.5926  2.0760  0.9915  1.5021 16.4865
  5.0860  2.6164  0.9980  2.6720 21.8993
  4.6136  4.0267  0.9935  1.2253 36.8485
  5.3855  2.5325  0.9684  2.6550 21.0439
  4.8597  3.7392  0.9899  2.0214 33.7250
  5.6714  3.1362  0.9690  0.5330 27.2913
  5.9455  1.9967  0.9903  0.4070 15.7132
  5.3505  3.3353  0.9806  1.1100 29.3961
  4.7112  3.5132  0.9953  0.8006 31.2942
  5.8190  0.9605  0.9834  2.4897  6.3132
  5.8748  1.7657  0.9874  2.2592 13.4939
  4.7406  2.9923  0.9959  2.3310 25.7832
  6.0843  2.4398  0.9809  1.3318 20.1059
  4.7867  2.6820  0.9780  1.5174 22.5705
  5.2897  2.0900  0.9685  1.4462 16.6243
  5.3933  4.3224  0.9807  1.1095 40.0928
  3.7857  3.1026  0.9905  1.0674 26.9387
  5.6770  2.8032  0.9702  2.0519 23.8187
  5.3117  2.6166  0.9752  2.3503 21.9013
  5.1724  3.2578  0.9949  0.5083 28.5748
  5.1071  3.5087  0.9671  0.2907 31.2453
  5.5734  2.8720  0.9831  0.9953 24.5309
  6.0714  1.6980  0.9906  1.6867 12.8546
  5.1813  3.2276  0.9874  1.7316 28.2554
  4.7521  1.3584  0.9784  1.2692  9.7345
  4.7116  2.5448  0.9810  1.4571 21.1694
  5.4872  3.0374  0.9860  1.5691 26.2546
  5.1293  4.0078  0.9921  2.7737 36.6418
  5.3061  2.7427  0.9758  1.1533 23.1939
  4.9224  3.5912  0.9845  1.1248 32.1306
  6.7482  3.1982  0.6788  1.4864 27.9450
  3.8600  0.9410  0.9969  0.1237  6.1531
  5.6706  4.2839  0.9816  0.1472 39.6684
  5.5749  3.4495  0.9715  0.7973 30.6126
  4.0824  2.5036  0.9832  1.0456 20.7506
  5.4801  1.6190  0.9691  1.8614 12.1159
  5.9501  3.4661  0.9838  2.1483 30.7905
  4.7734  4.1056  0.9958  1.7942 37.7105
  3.6659  2.3185  0.9980  1.7681 18.8877
  5.1088  3.9729  0.9866  2.4328 36.2611
  3.7081  2.9238  0.9899  1.9084 25.0688
  5.8801  2.8697  0.9842  1.6674 24.5069
  5.0631  3.3813  0.9980  0.3685 29.8854
  5.4525  2.2286  0.9972  0.2343 17.9921
  5.3118  4.2031  0.9728  0.2703 38.7803
  4.7827  3.1245  0.9738  0.5619 27.1683
  6.0554  3.4033  0.9728  0.9718 30.1205
  5.5178  1.8158  0.9742  2.0448 13.9705
  5.0593  4.2317  0.9826  1.4807 39.0943
  5.3611  3.1548  0.9708  2.3153 27.4878
  5.4282  1.2626  0.9818  0.4588  8.8843
  5.0154  1.9828  0.9717  0.9575 15.5778
  4.4117  0.9714  0.9980  0.6090  6.4025
  4.0123  2.2572  0.9980  1.3438 18.2757
  5.6847  3.7851  0.9680  2.7900 34.2211
  5.6342  3.8306  0.9699  2.7436 34.7137
  4.7725  3.9924  0.9943  2.0866 36.4738
  5.2019  1.8510  0.9804  2.5043 14.3067
  4.8316  3.6177  0.9927  0.0855 32.4147
  5.4132  3.4891  0.9964  0.9866 31.0361
  6.4071  2.7764  0.8748  0.7986 23.5416
  5.1251  3.2949  0.9854  0.4879 28.9675
  4.9623  3.0233  0.9964  0.8001 26.1066
  5.5169  3.5146  0.9926  2.5042 31.3091
  4.9744  3.6138  0.9886  0.2672 32.3735
  6.7844  3.1565  0.6775  2.6989 27.5050
  5.9511  4.2376  0.9943  1.7471 39.1598
  6.5473  2.0100  0.7996  0.4312 15.8422
  5.3236  3.2321  0.9683  1.6887 28.3030
  5.2158  3.9609  0.9910  1.1107 36.1301
  5.4710  2.2759  0.9796  0.8682 18.4620
  3.9291  2.0997  0.9768  0.5057 16.7189
  5.7410  1.7567  0.9848  1.1775 13.4086
  5.6067  2.9766  0.9671  1.4976 25.6194
  3.7892  2.4837  0.9908  2.1840 20.5498
  5.9822  4.0676  0.9894  0.6146 37.2955
  5.6940  0.7131  0.9766  2.6025  4.3604
  5.0924  1.6452  0.9979  0.7258 12.3594
  5.0230  2.8940  0.9721  1.0451 24.7588
  3.6304  4.2620  0.9893  0.4553 39.4277
  6.2118  2.7667  0.9686  1.9283 23.4413
  5.7032  4.4539  0.9751  1.5165 41.5462
  5.2771  2.5835  0.9675  1.4671 21.5635
  6.3569  2.2893  0.9902  0.6109 18.5953
  5.7570  1.6491  0.9861  2.0058 12.3961
  4.1866  2.5829  0.9919  0.5782 21.5572
  5.4483  4.2282  0.9945  1.7150 39.0555
  6.2060  3.1483  0.9686  1.6237 27.4188
  5.9259  1.8485  0.9968  0.6911 14.2834
  4.3972  3.6284  0.9868  0.8414 32.5302
  3.8779  2.4668  0.9671  1.6159 20.3781
  4.7696  3.4162  0.9764  0.8395 30.2577
  4.4185  0.6457  0.9884  1.4177  3.8577
  6.1119  3.8606  0.9937  1.2264 35.0396
  5.2679  2.4572  0.9744  0.6669 20.2819
  5.7181  4.1073  0.9783  1.3358 37.7298
  4.8838  4.0875  0.9745  1.1264 37.5131
  4.8027  4.4896  0.9734  0.7788 41.9417
  5.5942  2.9139  0.9942  1.0613 24.9654
  4.8719  2.0190  0.9923  0.4826 15.9304
  5.0660  2.6685  0.9961  1.6604 22.4320
  5.9162  3.3077  0.9917  0.7970 29.1032
  4.8689  2.6441  0.9682  0.4920 22.1819
  6.0529  1.2065  0.9709  0.8150  8.3944
  5.7161  2.5935  0.9980  0.7511 21.6654
  5.7240  3.4049  0.9869  0.5767 30.1375
  5.1915  3.1057  0.9723  0.2431 26.9707
  5.2295  3.1710  0.9700  1.2307 27.6579
  5.4247  4.3459  0.9879  1.2964 40.3529
  4.4456  3.7447  0.9953  1.5466 33.7841
  6.1188  3.6620  0.9927  1.3281 32.8924
  5.1106  4.4827  0.9945  0.9726 41.8649
  6.5797  2.2861  0.8537  1.0376 18.5637
  5.4221  3.8754  0.9858  1.6669 35.2009
  6.2398  3.1498  0.9718  1.1668 27.4350
  4.7400  2.6916  0.9751  1.4054 22.6689
  5.1384  2.0361  0.9857  1.7430 16.0964
  5.9474  3.0733  0.9749  0.4592 26.6308
  5.3203  4.0819  0.9744  0.7451 37.4510
  4.7177  4.0013  0.9671  1.6659 36.5713
  6.1273  2.9948  0.9935  2.8981 25.8093
  5.4974  2.9595  0.9959  1.1762 25.4404
  5.3962  2.6290  0.9928  1.8492 22.0273
  5.1519  2.3008  0.9881  0.7959 18.7109
  5.1382  4.0806  0.9973  1.5758 37.4368
  3.7461  3.4974  0.9883  1.9673 31.1246
  5.5391  2.3290  0.9801  0.7486 18.9919
  4.7498  1.7307  0.9897  2.4250 13.1625
  5.4096  2.8521  0.9753  1.7401 24.3246
  5.0509  4.0744  0.9720  2.1823 37.3696
  5.2104  3.7067  0.9764  2.0762 33.3741
  4.1663  1.8074  0.9875  2.9056 13.8909
  5.3478  2.5707  0.9823  0.8271 21.4326
  6.0050  3.8926  0.9920  2.4749 35.3872
  4.3638  3.2138  0.9873  1.4368 28.1095
  5.7543  2.4253  0.9740  2.2816 19.9593
  5.1664  2.1430  0.9740  0.9472 17.1448
  6.5274  3.7838  0.6362  1.1515 34.2075
  5.9730  2.0984  0.9863  0.7694 16.7063
  3.9919  3.3040  0.9847  1.2118 29.0648
  5.3144  4.3796  0.9718  1.0306 40.7249
  4.8157  2.2771  0.9791  0.6235 18.4744
  4.7442  2.5907  0.9871  2.2955 21.6370
  5.4534  2.4488  0.9699  1.7492 20.1971
  5.2054  1.9648  0.9819  1.6935 15.4037
  4.6731  2.7438  0.9830  1.7406 23.2052
  4.7642  4.4845  0.9741  1.1903 41.8852
  5.4950  4.1411  0.9826  1.6476 38.0994
  4.3355  3.8539  0.9791  1.0270 34.9674
  5.0429  2.8794  0.9980  0.7773 24.6077
  5.2276  3.8556  0.9833  1.4261 34.9858
  5.0728  3.2171  0.9744  0.3377 28.1448
  4.4961  3.3067  0.9907  2.5948 29.0926
  5.1586  1.7316  0.9702  1.9885 13.1719
  5.1398  3.6339  0.9671  0.5487 32.5898
  5.0393  2.7205  0.9833  1.6779 22.9659
  6.6181  1.9347  0.7268  2.2464 15.1119
  5.9298  3.7491  0.9806  1.5321 33.8324
  3.8783  1.6902  0.9813  2.3445 12.7813
  5.8748  3.7529  0.9811  1.0813 33.8725
  5.4998  3.6851  0.9963  0.1131 33.1404
  5.5359  3.2456  0.9914  2.0957 28.4461
  5.8622  2.6621  0.9684  0.5427 22.3660
  5.1659  3.3722  0.9895  1.3941 29.7886
  4.6507  2.6052  0.9980  0.6284 21.7844
  5.8462  2.3569  0.9783  2.2286 19.2721
  5.4927  3.1847  0.9734  2.1947 27.8025
  4.6619  2.2659  0.9966  0.6059 18.3623
  5.5220  3.1129  0.9923  0.6380 27.0461
  4.7197  3.3540  0.9691  0.8357 29.5955
  5.0027  2.3589  0.9835  2.9483 19.2921
  5.6334  2.6594  0.9771  2.1390 22.3389
  4.3416  3.9958  0.9693  2.1747 36.5106
  5.1758  3.4722  0.9890  2.2996 30.8557
  5.9172  2.7262  0.9936  1.6887 23.0243
  5.2035  2.9055  0.9950  0.8593 24.8780
  3.8918  2.2394  0.9980  1.8144 18.0988
  4.7331  2.7937  0.9843  2.0750 23.7202
  4.9025  3.0643  0.9673  1.1079 26.5363
  6.3098  4.4037  0.9439  2.5627 40.9907
  4.7417  4.0167  0.9734  1.9664 36.7394
  5.1416  2.8324  0.9680  0.4719 24.1202
  6.1779  3.8957  0.9953  1.4672 35.4212
  6.0256  3.5397  0.9756  0.9640 31.5774
  5.9801  4.0188  0.9937  0.3107 36.7621
  5.0902  2.6343  0.9868  0.4585 22.0820
  4.6589  2.8689  0.9718  2.4175 24.4979
  5.7549  3.2135  0.9671  2.7791 28.1064
  5.7334  1.8263  0.9862  0.5754 14.0706
  5.3541  4.2011  0.9876  1.0808 38.7576
  4.2870  1.2525  0.9909  0.1793  8.7960
  5.9089  2.0333  0.9695  2.2127 16.0696
  4.9924  3.2519  0.9740  1.2186 28.5125
  4.5035  4.1122  0.9968  0.3285 37.7828
  5.1701  2.4884  0.9832  0.3652 20.5972
  3.7300  1.8510  0.9852  0.5975 14.3070
  5.7716  3.0013  0.9856  2.3457 25.8770
  5.2990  2.9187  0.9905  1.5822 25.0154
  4.1040  1.8521  0.9777  1.9878 14.3176
  4.8815  3.8902  0.9724  3.0156 35.3612
  6.1532  3.7158  0.9752  1.3735 33.4723
  4.9235  2.4169  0.9856  1.5424 19.8746
  5.1634  3.2316  0.9877  1.6440 28.2975
  5.2341  2.9191  0.9705  0.1637 25.0201
  5.8215  4.4041  0.9689  2.7253 40.9947
  6.1152  1.9351  0.9711  1.1963 15.1162
  6.2154  3.2323  0.9848  2.5146 28.3049
  5.9076  3.3487  0.9914  2.6386 29.5388
  5.1116  2.4192  0.9824  2.2618 19.8977
  4.4695  3.2815  0.9832  1.6508 28.8255
  6.0835  2.1299  0.9687  1.6581 17.0160
  5.4771  2.8711  0.9837  0.7908 24.5209
  6.1395  4.0070  0.9851  1.7116 36.6326
  5.9846  4.4536  0.9966  1.3116 41.5428
  4.3479  3.4085  0.9765  0.4329 30.1752
  5.0860  1.6137  0.9860  1.2423 12.0658
  5.5171  4.3529  0.9671  0.4580 40.4296
  5.7974  1.6451  0.9939  1.0865 12.3589
  4.7302  1.4082  0.9688  2.8053 10.1826
  6.1336  3.1439  0.9750  1.5732 27.3720
  5.3317  3.5830  0.9980  1.8868 32.0419
  5.4388  4.1923  0.9833  1.3141 38.6613
  5.1357  3.3318  0.9823  0.8587 29.3598
  5.4152  2.9182  0.9979  1.8061 25.0110
  3.8668  1.0034  0.9868  1.0584  6.6673
  4.6591  3.0937  0.9943  1.7642 26.8443
  4.4070  4.3540  0.9973  0.6531 40.4420
  6.1623  4.1456  0.9884  1.1420 38.1495
  5.3040  1.6902  0.9875  2.0057 12.7813
  5.8705  2.8448  0.9884  1.0647 24.2483
  5.1437  2.4640  0.9863  1.1274 20.3501
  5.9725  3.9304  0.9738  0.6955 35.7982
  5.1066  3.2704  0.9756  1.8074 28.7086
  5.4745  2.2550  0.9932  2.1852 18.2536
  5.8543  2.3024  0.9833  1.2069 18.7266
  5.0317  2.0802  0.9730  2.0994 16.5282
  5.1140  2.7618  0.9948  0.8395 23.3904
  5.9569  2.8021  0.9883  1.5574 23.8069
  5.4024  4.0201  0.9931  2.4054 36.7763
  6.0754  2.7213  0.9777  1.0247 22.9743
  5.3962  3.2220  0.9876  0.4362 28.1958
  6.3302  3.2494  0.9569  1.0507 28.4860
  5.1431  4.0621  0.9980  2.2068 37.2345
  6.0200  3.1873  0.9957  0.8399 27.8300
  5.7619  3.7126  0.9794  1.0813 33.4377
  5.9666  3.7725  0.9791  0.5023 34.0847
  5.7519  3.7140  0.9683  2.9866 33.4522
  6.2879  3.4156  0.9734  0.2215 30.2514
  5.2568  2.8690  0.9749  1.1192 24.4993
  5.4775  2.0644  0.9755  2.2711 16.3733
  5.3527  3.5516  0.9848  0.7306 31.7059
  4.9964  1.5558  0.9702  0.5617 11.5292
  5.3133  3.4663  0.9899  2.6617 30.7921
  5.0889  2.2757  0.9707  1.8015 18.4599
  5.9876  4.0902  0.9861  0.9071 37.5418
  3.5613  2.7939  0.9895  1.2051 23.7217
  4.9380  3.7289  0.9731  1.0630 33.6134
  4.7303  3.5829  0.9815  2.2738 32.0417
  4.4241  3.6285  0.9722  1.4331 32.5314
  4.4745  2.8146  0.9711  1.7752 23.9361
  4.9298  2.6636  0.9675  0.4758 22.3813
  4.5037  3.5947  0.9959  1.7703 32.1681
  5.2197  3.2706  0.9904  2.2399 28.7100
  5.1123  3.1094  0.9678  2.1136 27.0100
  4.5925  4.2252  0.9714  1.9509 39.0224
  5.7402  1.2114  0.9700  1.5892  8.4365
  4.2956  1.3318  0.9975  1.3541  9.4976
  5.2826  4.0951  0.9727  2.2732 37.5959
  4.1431  4.0669  0.9980  1.9831 37.2873
  5.7360  1.4386  0.9966  1.2519 10.4576
  5.8757  3.8943  0.9691  1.4097 35.4058
  5.8995  3.2821  0.9816  2.6320 28.8318
  5.7788  2.2146  0.9874  1.0198 17.8528
  5.0640  2.7004  0.9869  1.6837 22.7596
  5.2631  4.1889  0.9790  1.0194 38.6245
  4.4848  2.8956  0.9669  1.6997 24.7758
  5.6406  3.0699  0.9936  2.5479 26.5949
  4.9084  3.9917  0.9980  1.9340 36.4666
  5.1047  1.8505  0.9868  1.9144 14.3024
  5.9056  1.3591  0.9980  1.8386  9.7410
  6.4310  1.1756  0.9571  1.6514  8.1264
  6.7956  2.3917  0.6081  0.9771 19.6215
  4.1862  1.0747  0.9920  1.1232  7.2639
  5.8264  3.7848  0.9858  0.9991 34.2181
  4.9463  3.7058  0.9788  2.6212 33.3638
  4.7924  3.4995  0.9804  0.4785 31.1469
  5.6073  2.6434  0.9786  2.0952 22.1754
  5.1226  3.9248  0.9718  0.6581 35.7378
  4.5332  1.2924  0.9864  2.3600  9.1474
  4.8153  1.1282  0.9694  1.4894  7.7185
  5.3518  4.2289  0.9894  1.5286 39.0637
  5.2372  3.0256  0.9833  1.6798 26.1306
  6.3628  1.7660  0.9797  0.6643 13.4970
  5.6336  3.1203  0.9839  2.4690 27.1238
  5.0930  4.0305  0.9832  1.6253 36.8891
  5.8092  3.4537  0.9980  1.0173 30.6574
  6.1002  2.4549  0.9976  1.5351 20.2582
  6.4128  2.0863  0.9727  2.1877 16.5879
  4.7999  4.4684  0.9833  1.1505 41.7067
  6.0302  1.6188  0.9903  0.5882 12.1139
  4.8569  3.6368  0.9701  2.7686 32.6210
  5.4519  1.4028  0.9980  0.8303 10.1339
  5.8296  4.3983  0.9676  1.9096 40.9311
  5.6132  4.3796  0.9741  0.5507 40.7244
  4.0005  3.8146  0.9929  0.9023 34.5404
  6.3899  2.9183  0.9812  0.5330 25.0111
  4.2967  1.1730  0.9822  0.6261  8.1038
  5.1072  3.5784  0.9745  1.8109 31.9930
  6.0151  3.9196  0.9831  1.2490 35.6810
  6.0610  3.4015  0.9923  1.0007 30.1013
  5.2837  3.7353  0.9936  1.3176 33.6830
  6.5371  3.0465  0.7974  1.1439 26.3496
  5.0174  4.2181  0.9961  1.9275 38.9444
  4.9712  2.2684  0.9761  1.8541 18.3871
  5.5018  3.2074  0.9717  0.5493 28.0415
  5.1226  1.4308  0.9674  1.3163 10.3868
  5.1757  3.9696  0.9781  2.1017 36.2247
  5.9941  2.5599  0.9901  1.9782 21.3233
  5.0484  1.9871  0.9719  2.0237 15.6196
  6.4797  3.4590  0.9090  1.9044 30.7143
  5.6584  2.3803  0.9980  0.8483 19.5067
  4.7545  4.2685  0.9877  0.8681 39.4992
  3.7454  2.3823  0.9882  0.9535 19.5267
  4.6285  2.0929  0.9980  1.1936 16.6521
  5.3303  2.4378  0.9739  0.5844 20.0856
  5.7473  2.9147  0.9914  1.3945 24.9739
  5.4948  1.6690  0.9963  0.5447 12.5827
  3.7508  4.4525  0.9848  1.4274 41.5302
  4.5728  4.1654  0.9980  0.4901 38.3665
  3.5262  1.5126  0.9971  0.4777 11.1324
  5.1054  2.4297  0.9798  1.5972 20.0042
  5.4687  2.7858  0.9979  2.8258 23.6388
  6.8441  2.7523  0.7845  0.3641 23.2934
  6.3359  1.8291  0.9924  1.0714 14.0980
  4.3811  1.4690  0.9820  2.7583 10.7332
  4.4331  2.1269  0.9886  0.7640 16.9863
  5.7109  3.7401  0.9797  2.0994 33.7348
  5.0207  3.2683  0.9976  1.2284 28.6861
  5.4066  2.9711  0.9891  1.0100 25.5615
  5.0318  3.5521  0.9783  2.5539 31.7112
  5.3572  4.1731  0.9951  1.8267 38.4502
  5.4627  4.1153  0.9807  2.0512 37.8171
  5.6318  3.7364  0.9738  2.6484 33.6941
  4.8708  2.1920  0.9764  1.2031 17.6286
  5.0480  2.6444  0.9818  0.9689 22.1849
  5.7999  2.5583  0.9793  0.1943 21.3066
  4.5594  1.2327  0.9770  2.2617  8.6225
  5.6468  4.3430  0.9700  2.3596 40.3198
  4.7619  3.4906  0.9980  1.1864 31.0520
  5.3129  4.2209  0.9877  1.8170 38.9760
  5.4706  3.1631  0.9949  0.4662 27.5746
  5.0625  2.9703  0.9937  1.5871 25.5528
  5.2202  2.3064  0.9730  1.3719 18.7667
  6.1808  3.1635  0.9758  0.6195 27.5789
  5.8787  2.4587  0.9915  2.5273 20.2963
  4.2766  2.8538  0.9953  0.7380 24.3418
  5.0579  3.6085  0.9782  1.2081 32.3167
  5.1720  2.5823  0.9689  0.2117 21.5506
  4.8089  3.9207  0.9968  1.3771 35.6926
  5.8305  2.9410  0.9814  0.7965 25.2475
  4.7782  1.2823  0.9980  2.2604  9.0583
  5.8510  4.1194  0.9921  2.7920 37.8619
  4.4190  1.9287  0.9901  2.9596 15.0545
  4.1699  4.3294  0.9980  2.5285 40.1698
  4.5712  3.7261  0.9980  0.3757 33.5834
  5.8326  2.4982  0.9899  1.3215 20.6959
  4.7920  2.0299  0.9808  2.0801 16.0362
  4.6579  1.7951  0.9980  1.3014 13.7740
  5.6481  2.3389  0.9891  1.9436 19.0913
  5.4181  1.7212  0.9907  2.0477 13.0731
  6.6430  4.4250  0.6902  0.3958 41.2267
  4.9039  4.0656  0.9776  1.9790 37.2727
  6.7540  2.4580  0.7193  2.2480 20.2892
  6.0104  1.9982  0.9913  2.2269 15.7274
  5.4671  3.4280  0.9672  2.4973 30.3831
  5.8167  2.2683  0.9867  1.2310 18.3861
  5.4446  3.0431  0.9862  1.1832 26.3139
  5.3308  4.2790  0.9702  1.4139 39.6153
  5.4130  2.9651  0.9752  0.6763 25.4988
  5.0294  4.3377  0.9797  1.0636 40.2624
  4.6584  2.6718  0.9739  1.1572 22.4662
  6.4384  3.0265  0.8912  1.9297 26.1407
  5.1236  3.4066  0.9684  2.6160 30.1552
  6.0084  2.8392  0.9887  0.6739 24.1909
  4.8687  2.6390  0.9670  2.4533 22.1297
  5.6156  2.6474  0.9930  1.3107 22.2162
  5.4593  1.5304  0.9778  0.4239 11.2954
  5.4995  4.4200  0.9979  0.9398 41.1706
  5.0087  3.6469  0.9704  1.9208 32.7289
  3.8038  0.3036  0.9912  1.8798  1.5633
  6.1235  1.6473  0.9908  0.7396 12.3793
  5.5955  2.5295  0.9756  0.6682 21.0141
  5.5447  2.6131  0.9877  0.1991 21.8649
  4.4102  1.4592  0.9775  2.1288 10.6441
  5.0428  2.4396  0.9909  0.1015 20.1033
  5.8572  3.7500  0.9921  2.3436 33.8414
  4.4340  2.9984  0.9721  1.5978 25.8463
  5.4565  3.9653  0.9849  0.9496 36.1786
  5.2533  1.9831  0.9763  1.3694 15.5808
  5.3660  3.2939  0.9667  1.0911 28.9572
  5.3285  2.4768  0.9822  2.7643 20.4793
  5.6960  3.9068  0.9725  1.9900 35.5412
  6.3934  2.6189  0.9980  2.2074 21.9246
  4.2602  2.2200  0.9856  0.3013 17.9066
  5.1432  3.3354  0.9720  1.9158 29.3974
  6.0853  0.8464  0.9973  1.8689  5.3930
  3.8348  1.6943  0.9778  0.9598 12.8198
  4.9253  2.7699  0.9957  1.0327 23.4742
  5.6453  3.3948  0.9777  1.3279 30.0295
  4.4446  1.2365  0.9777  0.3649  8.6559
  5.4004  1.6061  0.9766  0.8734 11.9952
  5.3567  4.0284  0.9980  0.4421 36.8664
  6.6098  1.9843  0.6730  1.3868 15.5923
  3.8493  4.2933  0.9670  1.4457 39.7722
  4.9717  3.7552  0.9902  1.7735 33.8977
  5.3281  1.4763  0.9929  0.5468 10.8000
  3.8673  3.6124  0.9964  0.1830 32.3581
  4.6196  2.1589  0.9734  0.5776 17.3014
  5.1496  3.7065  0.9688  2.0819 33.3721
  4.7082  2.0808  0.9751  2.3897 16.5340
  4.6339  3.3869  0.9892  2.5695 29.9459
  5.5666  2.5994  0.9980  0.6885 21.7256
  5.6720  2.8454  0.9702  1.5271 24.2545
  5.9569  3.3225  0.9830  2.7833 29.2607
  5.8655  3.1242  0.9834  2.4238 27.1654
  5.1690  1.5473  0.9965  0.5779 11.4514
  4.7607  3.4157  0.9979  1.1444 30.2526
  4.5199  2.8283  0.9956  1.2100 24.0775
  5.6485  1.8571  0.9904  0.3444 14.3654
  5.2921  2.4919  0.9767  0.6963 20.6321
  3.7814  2.1244  0.9911  1.0919 16.9622
  5.2572  0.9960  0.9773  1.3900  6.6055
  5.4408  4.2801  0.9715  0.8570 39.6268
  4.4033  4.2870  0.9917  0.2132 39.7031
  5.1140  4.4053  0.9980  0.0367 41.0080
  6.0849  3.2271  0.9670  0.3080 28.2499
  5.8963  2.8508  0.9936  1.2272 24.3105
  5.6972  3.4555  0.9923  1.5389 30.6774
  4.9070  3.2350  0.9785  1.0281 28.3332
  4.7883  3.4757  0.9899  0.3361 30.8929
  6.1602  2.3224  0.9733  0.5395 18.9268
  5.0369  4.4447  0.9962  2.9637 41.4445
  4.9181  1.2851  0.9867  1.7573  9.0831
  5.0093  4.1197  0.9750  0.4688 37.8655
  4.0788  3.5317  0.9837  0.8389 31.4922
  4.6797  3.1258  0.9980  2.1104 27.1819
  5.4663  2.6144  0.9713  0.7423 21.8787
  4.6023  3.8471  0.9758  0.5364 34.8935
  5.5616  2.5771  0.9712  0.2101 21.4984
  5.0976  2.0415  0.9699  1.8923 16.1497
  4.8818  4.0861  0.9974  1.0048 37.4974
  4.4370  2.2355  0.9745  0.4589 18.0604
  5.7529  2.8611  0.9838  0.6191 24.4171
  5.1808  2.5120  0.9910  1.3548 20.8364
  3.9737  2.6350  0.9855  0.3540 22.0885
  5.6299  2.1122  0.9797  3.0035 16.8420
  4.6822  0.3035  0.9841  0.1586  1.5631
  5.5087  1.8389  0.9696  0.9342 14.1910
  4.9281  2.3225  0.9810  0.5842 18.9272
  5.1928  1.4806  0.9915  0.7920 10.8391
  4.9121  3.4422  0.9813  0.6776 30.5352
  5.4367  4.1245  0.9977  1.3355 37.9173
  5.5391  4.1132  0.9716  1.6223 37.7943
  4.8452  1.6628  0.9800  0.4568 12.5249
  5.2066  2.1754  0.9779  0.3915 17.4645
  6.4435  2.4367  0.9538  0.8073 20.0743
  5.5138  4.2324  0.9980  0.5352 39.1020
  4.6017  2.3335  0.9980  2.7750 19.0370
  4.5460  0.8497  0.9855  2.1952  5.4189
  5.3937  3.8381  0.9676  1.7003 34.7950
  3.8969  2.3133  0.9897  1.1484 18.8358
  5.6312  3.0429  0.9980  0.3356 26.3120
  4.8777  1.6642  0.9882  1.8977 12.5379
  6.0820  3.9113  0.9905  1.2172 35.5906
  5.8150  2.5974  0.9758  1.1740 21.7051
  5.2723  2.7626  0.9781  2.5844 23.3995
  3.8057  1.1177  0.9939  0.1896  7.6286
  5.2825  3.4601  0.9777  1.1711 30.7256
  5.4119  3.3927  0.9817  0.7627 30.0072
  3.8975  0.9132  0.9855  1.6853  5.9280
  5.8890  4.4182  0.9865  1.5725 41.1507
  5.8039  2.1728  0.9974  1.4986 17.4389
  5.4909  3.7500  0.9745  2.0066 33.8416
  5.4104  2.6249  0.9830  0.9334 21.9853
  6.1734  3.3031  0.9737  0.4288 29.0551
  6.9443  1.8519  0.8654  0.8133 14.3161
  4.7135  3.1549  0.9806  1.9926 27.4880
  4.1515  1.1453  0.9804  0.8524  7.8649
  4.2531  3.0556  0.9913  0.6785 26.4450
  5.2219  1.7779  0.9776  0.6222 13.6097
  4.2175  2.1568  0.9768  1.3560 17.2815
  4.7930  3.4457  0.9834  1.5100 30.5718
  5.4923  3.3476  0.9754  1.3753 29.5268
  5.3743  3.9126  0.9777  0.9778 35.6048
  5.7392  3.6024  0.9806  2.0634 32.2504
  6.7340  2.9933  0.4860  0.0601 25.7935
  4.5890  2.8563  0.9879  1.8285 24.3682
  6.9350  1.6741  0.5655  2.5505 12.6306
  5.5758  4.0539  0.9828  0.5576 37.1455
  4.3966  3.3514  0.9690  1.0243 29.5674
  5.1346  2.6159  0.9886  1.2233 21.8936
  4.1615  1.8281  0.9817  2.9217 14.0879
  5.8196  3.0615  0.9772  1.2653 26.5067
  3.7797  1.8286  0.9844  2.1698 14.0924
  6.0110  4.1948  0.9898  1.1708 38.6889
  5.6803  1.4715  0.9825  1.0062 10.7565
  5.3686  3.5414  0.9752  2.1327 31.5965
  5.0497  2.6708  0.9674  1.2101 22.4557
  6.0618  2.3349  0.9887  0.2180 19.0514
  5.0733  2.8070  0.9831  0.5327 23.8574
  4.2112  2.6409  0.9689  1.2764 22.1494
  5.4240  4.3485  0.9865  0.7390 40.3814
  5.3480  1.7559  0.9795  1.5931 13.4012
  4.0006  2.5081  0.9903  1.7113 20.7964
  5.4875  2.6376  0.9700  1.5757 22.1158
  5.3685  2.1614  0.9878  1.8728 17.3267
  5.0745  3.9151  0.9723  0.6115 35.6323
  5.3560  1.1167  0.9794  1.4604  7.6204
  6.9773  2.8078  0.9547  1.3321 23.8659
  5.3448  3.5955  0.9670  1.8700 32.1762
  6.0478  3.1909  0.9760  1.8955 27.8676
  4.8681  3.3462  0.9688  2.2666 29.5125
  5.2284  1.7893  0.9693  0.4647 13.7183
  5.5967  2.8575  0.9848  1.7778 24.3806
  5.0913  4.2164  0.9951  0.4921 38.9257
  4.9541  2.5563  0.9789  1.7087 21.2867
  4.5346  4.1214  0.9711  0.7539 37.8839
  4.9136  2.3090  0.9876  2.8669 18.7925
  4.7021  2.7659  0.9670  0.9395 23.4327
  4.3483  3.8162  0.9843  0.1859 34.5586
  5.6090  3.8951  0.9777  2.2180 35.4140
  4.8626  1.6958  0.9820  1.1363 12.8341
  6.6763  2.8250  0.8023  2.9446 24.0439
  5.8242  3.2062  0.9923  1.4199 28.0293
  4.8055  2.9683  0.9710  0.7043 25.5329
  5.5430  1.9612  0.9805  2.5569 15.3680
  5.6098  2.9030  0.9678  0.9172 24.8528
  6.0172  0.8539  0.9806  1.8575  5.4521
  4.8086  2.5608  0.9980  0.5416 21.3319
  4.9288  1.4253  0.9980  1.1387 10.3369
  5.2729  3.2171  0.9699  2.8386 28.1441
  5.4237  2.5415  0.9959  2.1323 21.1361
  5.2689  3.0579  0.9729  1.1241 26.4690
  5.5476  2.1722  0.9899  2.3228 17.4329
  5.8090  2.7685  0.9867  2.1138 23.4595
  5.2718  3.4369  0.9702  0.3404 30.4781
  5.8928  3.0148  0.9716  2.6601 26.0180
  5.7850  2.4496  0.9891  1.7134 20.2043
  5.0876  2.7551  0.9778  2.2053 23.3218
  5.9727  3.2616  0.9966  0.9800 28.6150
  6.0977  4.2988  0.9770  0.5818 39.8329
  4.9992  2.8846  0.9748  2.8998 24.6616
  5.3774  2.5961  0.9877  1.4843 21.6915
  4.8789  2.7223  0.9901  1.9562 22.9842
  5.2437  2.8947  0.9781  1.1729 24.7658
  5.3361  4.2048  0.9799  0.6539 38.7983
  5.0836  3.9902  0.9946  1.0208 36.4500
  6.2058  2.7008  0.9771  0.3089 22.7631
  5.4892  3.5495  0.9875  0.2012 31.6829
  6.9219  1.4003  0.4301  1.1956 10.1107
  5.2946  4.3919  0.9970  1.3528 40.8601
  3.6645  1.3024  0.9782  0.7379  9.2364
  5.7123  2.9348  0.9832  2.1080 25.1833
  5.2203  4.3297  0.9746  1.3947 40.1734
  5.0259  2.2427  0.9859  0.4080 18.1315
  4.8162  1.6157  0.9834  1.0051 12.0850
  4.9590  2.4246  0.9853  0.9572 19.9527
  5.9647  4.2253  0.9782  2.2335 39.0237
  6.1276  3.0918  0.9959  1.7651 26.8250
  4.0972  1.3092  0.9754  0.1912  9.2967
  3.6400  3.5136  0.9750  2.1521 31.2983
  5.2972  1.3131  0.9980  0.8828  9.3310
  6.1857  2.8372  0.9965  2.7897 24.1704
  6.5038  3.4332  0.7823  0.8583 30.4385
  6.3184  2.4867  0.9673  0.5304 20.5800
  4.7735  2.5393  0.9695  0.3418 21.1138
  4.3776  3.1979  0.9980  2.5258 27.9417
  5.0949  4.3342  0.9879  1.1579 40.2237
  5.2523  2.1760  0.9709  0.9869 17.4708
  6.0987  1.8738  0.9824  1.7630 14.5257
  5.0908  3.3793  0.9747  0.7288 29.8639
  4.6415  4.2192  0.9976  0.5668 38.9574
  5.2951  2.5284  0.9949  0.5204 21.0027
  5.3749  3.0561  0.9858  1.3254 26.4508
  6.3214  3.2951  0.9917  0.1577 28.9699
  3.5799  1.6221  0.9717  2.0623 12.1447
  5.3196  2.2490  0.9672  1.3407 18.1946
  6.4868  1.5475  0.9795  1.5019 11.4529
  6.3468  3.2589  0.9728  1.3277 28.5861
  6.0435  1.8274  0.9789  1.3786 14.0810
  5.2631  2.6766  0.9689  1.8284 22.5152
  5.1453  3.4647  0.9771  1.7739 30.7752
  3.6553  3.4296  0.9818  1.3012 30.4007
  6.3900  2.5814  0.9837  1.7715 21.5421
  5.5964  1.5633  0.9878  2.5670 11.5989
  5.5096  3.9230  0.9740  2.0836 35.7181
  4.9806  2.2111  0.9918  1.2672 17.8178
  5.2065  2.5262  0.9791  1.3155 20.9802
  3.7977  2.3165  0.9749  1.7880 18.8674
  5.1457  3.9582  0.9708  1.7883 36.1013
  4.9178  4.4870  0.9776  2.3364 41.9128
  5.2173  2.2782  0.9674  2.2072 18.4847
  4.1180  1.7308  0.9828  0.8698 13.1638
  3.9829  2.8517  0.9680  0.2387 24.3196
  5.2269  4.0874  0.9697  0.7471 37.5113
  5.7538  4.2790  0.9791  0.3093 39.6147
  4.6647  1.5574  0.9914  2.4003 11.5447
  5.8209  2.5068  0.9972  0.3701 20.7835
  4.9649  3.7264  0.9873  0.9842 33.5868
  5.0051  2.6888  0.9682  1.3167 22.6400
  5.3366  2.0533  0.9750  0.5510 16.2650
  6.7584  4.4384  0.7802  0.7037 41.3740
  6.8554  4.1689  0.8249  1.0860 38.4051
  4.2475  3.7640  0.9736  0.8653 33.9931
  5.3742  3.6066  0.9980  1.1095 32.2964
  5.2025  4.3279  0.9959  0.2921 40.1542
  5.3162  3.4600  0.9801  2.2491 30.7252
  4.8591  2.2255  0.9956  1.6691 17.9614
  5.4299  3.4773  0.9794  2.4812 30.9094
  6.1930  4.3304  0.9923  1.4376 40.1816
  5.7552  1.6243  0.9855  2.4011 12.1652
  4.5555  1.7752  0.9838  0.4561 13.5845
  5.9621  3.5416  0.9955  1.4572 31.5983
  5.3290  2.2744  0.9776  1.0328 18.4467
  6.4412  3.9658  0.8624  1.2253 36.1834
  5.2951  1.8084  0.9677  1.7514 13.9003
  5.0800  3.0557  0.9785  1.7921 26.4466
  5.8228  2.4586  0.9892  1.2437 20.2959
  4.3957  2.1169  0.9941  2.6189 16.8881
  6.6048  3.9605  0.6920  0.7939 36.1261
  5.6031  2.9342  0.9801  0.7925 25.1771
  3.6087  2.7717  0.9910  1.7299 23.4927
  5.0177  1.4831  0.9813  2.0293 10.8621
  5.3355  3.8643  0.9868  2.1730 35.0797
  4.1874  1.8972  0.9838  1.7271 14.7509
  5.1758  2.1712  0.9881  0.3180 17.4231
  5.6848  2.7650  0.9923  2.7124 23.4242
  3.8654  2.9690  0.9829  1.2618 25.5393
  5.9573  2.9315  0.9963  1.1766 25.1484
  5.2586  2.8230  0.9727  0.9579 24.0225
  6.0209  4.2951  0.9879  2.2514 39.7924
  5.4986  4.4210  0.9980  1.7081 41.1822
  5.8837  3.4366  0.9842  1.3188 30.4755
  4.7910  2.2399  0.9784  1.4021 18.1044
  4.6710  2.0845  0.9974  2.6278 16.5697
  4.9909  3.5729  0.9859  0.9405 31.9334
  5.9681  3.5832  0.9881  0.5233 32.0447
  5.5665  2.3049  0.9815  1.7907 18.7517
  5.3244  2.3237  0.9709  1.0555 18.9397
  6.8702  1.2649  0.5341  2.7403  8.9045
  6.7412  2.4521  0.5301  1.7141 20.2303
  6.6287  3.1349  0.7148  1.9146 27.2776
  5.7441  2.4836  0.9927  1.3447 20.5486
  5.4912  4.1065  0.9866  1.5493 37.7205
  5.1242  3.2790  0.9980  0.8017 28.7989
  5.1838  4.0814  0.9953  0.2925 37.4461
  5.2545  1.3487  0.9958  0.8923  9.6479
  5.3432  3.7653  0.9859  1.9360 34.0075
  4.4100  1.7514  0.9865  0.9299 13.3588
  5.5987  2.0672  0.9807  0.7321 16.4006
  5.3565  2.4659  0.9974  0.5157 20.3699
  6.2096  1.7925  0.9876  2.7140 13.7491
