  5.8676  3.9726  0.9740  0.8528 36.2580
  5.4977  2.7509  0.9762  1.1303 23.2783
  5.5489  2.0905  0.9805  0.9273 16.6294
  5.1381  2.3886  0.9980  0.3865 19.5897
  5.7629  1.2776  0.9811  0.9383  9.0171
  4.9917  3.0513  0.9677  1.9600 26.3996
  4.8465  3.1952  0.9845  0.7026 27.9127
  3.9049  3.4090  0.9838  1.8716 30.1808
  4.5694  3.0202  0.9980  1.0116 26.0740
  6.1867  1.1810  0.9890  1.9232  8.1732
  4.8785  1.3797  0.9882  1.8179  9.9252
  6.1835  2.2479  0.9957  2.3235 18.1839
  5.2728  1.1935  0.9940  0.3467  8.2811
  5.1664  1.3452  0.9980  1.9711  9.6165
  5.1411  4.1794  0.9888  1.2615 38.5202
  3.8450  4.3162  0.9877  1.4034 40.0248
  5.6619  3.6689  0.9740  1.5533 32.9661
  4.9949  1.2991  0.9953  1.6065  9.2065
  5.4299  3.9732  0.9757  1.1750 36.2644
  4.4659  0.9367  0.9907  2.3182  6.1183
  5.1773  2.2872  0.9937  1.8586 18.5746
  5.1061  2.4255  0.9935  0.8325 19.9620
  5.1136  3.4611  0.9847  0.4439 30.7364
  4.8268  3.2629  0.9686  0.5029 28.6292
  5.1525  3.2964  0.9813  1.1556 28.9838
  4.7485  1.3496  0.9937  1.6499  9.6558
  4.3882  1.6444  0.9923  0.3001 12.3520
  5.5680  2.7818  0.9849  2.7356 23.5969
  6.0221  3.4647  0.9702  1.7674 30.7757
  4.7256  1.5097  0.9790  0.4972 11.1051
  4.0600  2.9047  0.9692  2.4493 24.8698
  5.4170  2.6798  0.9874  1.5413 22.5479
  5.5647  3.5519  0.9938  1.1405 31.7091
  6.5835  1.2529  0.8782  0.8831  8.7997
  4.8372  3.6497  0.9738  1.1766 32.7593
  4.7715  2.3617  0.9670  0.9612 19.3196
  3.7767  2.4187  0.9882  0.5283 19.8929
  4.4714  2.5227  0.9803  1.6475 20.9453
  4.8313  4.4247  0.9669  1.0751 41.2230
  6.2457  1.3091  0.9864  2.0151  9.2957
  5.0434  3.7212  0.9858  0.6974 33.5309
  4.9965  2.1355  0.9804  0.6529 17.0710
  5.5181  3.1714  0.9708  1.2018 27.6625
  5.5248  3.0878  0.9690  0.5394 26.7829
  4.5660  3.2592  0.9882  0.6910 28.5891
  4.9730  2.4558  0.9812  1.6004 20.2675
  5.7572  3.1900  0.9750  0.2497 27.8586
  4.3604  1.1265  0.9980  1.1643  7.7044
  6.8528  2.3939  0.9713  1.2481 19.6439
  5.2282  2.9048  0.9957  0.8489 24.8712
  5.2897  3.1726  0.9980  2.2020 27.6750
  5.9910  2.3018  0.9932  2.2347 18.7207
  6.2096  3.8426  0.9953  1.2270 34.8442
  4.0708  4.0279  0.9979  1.7355 36.8614
  4.2112  2.4403  0.9979  1.7151 20.1112
  5.3763  4.0035  0.9822  1.1550 36.5944
  4.7688  1.9405  0.9947  1.1398 15.1678
  4.6632  4.1662  0.9841  1.5126 38.3746
  4.9902  3.3081  0.9711  1.0133 29.1081
  4.6272  2.2950  0.9794  0.9136 18.6522
  5.5956  3.3533  0.9980  1.0990 29.5883
  5.3312  3.7120  0.9972  0.8238 33.4309
  5.3830  3.6931  0.9942  0.5604 33.2268
  4.0647  2.3121  0.9900  1.0866 18.8233
  5.4016  4.2096  0.9785  0.8916 38.8514
  5.2735  4.0029  0.9907  2.9626 36.5883
  5.0082  4.0841  0.9798  0.4505 37.4753
  4.4326  3.0560  0.9898  0.3205 26.4496
  4.9109  1.6344  0.9845  0.7805 12.2591
  5.1979  2.1968  0.9700  2.2906 17.6762
  4.2089  1.8650  0.9814  0.4005 14.4417
  4.3032  1.7766  0.9788  0.4851 13.5973
  5.8626  3.2436  0.9948  2.1996 28.4244
  5.3491  4.3294  0.9778  0.4481 40.1707
  5.3640  3.4402  0.9819  2.0242 30.5132
  5.2049  2.6795  0.9771  1.3781 22.5446
  6.0986  1.8426  0.9768  0.9836 14.2263
  4.0867  2.2159  0.9882  1.1784 17.8657
  5.1681  3.5318  0.9799  1.2247 31.4929
  3.9721  1.3517  0.9867  0.7011  9.6750
  5.3035  2.6304  0.9696  1.1882 22.0419
  6.7301  2.3508  0.7485  1.0136 19.2103
  5.5280  3.7735  0.9727  0.7201 34.0961
  5.7003  3.3169  0.9870  1.6488 29.2013
  5.4972  3.8774  0.9937  0.5324 35.2217
  5.0618  2.3330  0.9705  1.9788 19.0325
  4.6062  3.9288  0.9794  0.5166 35.7807
  4.8899  2.4012  0.9788  0.5063 19.7167
  4.9464  4.4743  0.9667  2.6232 41.7720
  5.3455  3.1459  0.9813  2.3738 27.3931
  6.1157  2.5477  0.9809  0.4983 21.1993
  5.1150  3.4001  0.9839  2.2378 30.0855
  5.2280  1.5551  0.9726  1.2723 11.5232
  4.6698  2.5069  0.9773  0.9257 20.7848
  5.1242  4.1692  0.9679  1.4791 38.4078
  5.6780  3.6099  0.9778  0.8479 32.3318
  5.3552  4.1950  0.9963  1.0097 38.6908
  5.1403  3.0646  0.9896  0.1498 26.5396
  4.1385  0.7536  0.9952  2.2097  4.6688
  3.8616  0.6152  0.9727  1.9743  3.6354
  5.2983  3.5551  0.9952  1.1502 31.7429
  6.8412  2.7224  0.3750  1.5327 22.9851
  6.5830  2.5232  0.8792  2.6504 20.9494
  5.5094  2.9219  0.9888  0.7943 25.0485
  5.8021  3.5060  0.9743  1.9022 31.2169
  5.2670  3.4450  0.9733  1.0997 30.5653
  5.7521  2.7477  0.9877  1.5738 23.2457
  5.7591  1.9507  0.9720  0.2240 15.2665
  6.4270  2.2589  0.9399  2.2134 18.2930
  5.5859  4.4035  0.9930  0.1559 40.9884
  4.9194  4.2732  0.9874  0.6902 39.5509
  5.0412  1.7004  0.9739  1.9963 12.8774
  6.3507  3.5659  0.9760  1.2601 31.8585
  5.3786  3.7819  0.9787  0.2452 34.1863
  5.7649  3.1254  0.9926  0.8805 27.1782
  5.4645  1.6864  0.9815  0.5236 12.7455
  5.1267  3.1646  0.9980  2.7065 27.5905
  5.1090  4.1905  0.9728  0.6228 38.6415
  3.8890  2.2039  0.9783  1.8981 17.7472
  5.5474  3.4760  0.9833  0.9929 30.8963
  5.1606  3.9966  0.9856  2.0961 36.5198
  5.8030  2.8825  0.9682  1.6911 24.6399
  4.7176  2.1007  0.9919  1.0342 16.7288
  5.5416  2.8049  0.9738  2.3130 23.8356
  5.9567  0.9294  0.9867  1.3116  6.0589
  5.1847  2.9473  0.9805  0.9885 25.3139
  6.5732  3.3764  0.9013  0.7658 29.8340
  5.0777  2.0740  0.9878  2.0522 16.4675
  4.7744  3.3401  0.9757  1.3829 29.4478
  5.0918  3.6721  0.9803  0.7243 33.0012
  5.5445  3.8385  0.9790  1.0814 34.8002
  5.1755  3.7841  0.9670  0.9101 34.2103
  5.1633  3.9493  0.9684  1.6025 36.0035
  5.4357  1.1494  0.9904  1.3487  7.9007
  4.7739  2.5983  0.9900  1.1062 21.7144
  5.3588  2.3422  0.9945  1.8124 19.1245
  5.1841  1.2381  0.9855  1.0158  8.6698
  4.2686  1.2047  0.9888  1.7902  8.3785
  5.8370  1.5903  0.9909  0.7829 11.8493
  5.1950  2.4777  0.9683  1.9055 20.4884
  5.6072  2.7351  0.9759  0.6414 23.1163
  4.9386  3.7287  0.9833  2.5761 33.6118
  5.2626  1.9530  0.9720  0.6734 15.2887
  5.1331  4.1792  0.9770  1.9541 38.5182
  4.8796  1.7512  0.9900  1.6521 13.3573
  3.5430  2.0272  0.9698  1.0726 16.0103
  5.6814  4.0580  0.9736  0.8063 37.1899
  5.5045  3.2422  0.9730  2.2377 28.4095
  5.2333  2.1400  0.9905  2.4446 17.1159
  5.3080  2.5902  0.9940  1.0164 21.6317
  6.3692  3.3008  0.9817  2.5717 29.0302
  4.3862  0.4583  0.9946  1.0662  2.5427
  4.5592  4.0969  0.9944  0.6958 37.6157
  5.7552  2.6090  0.9718  0.3786 21.8232
  5.4248  4.0427  0.9940  1.2633 37.0223
  5.4191  3.2433  0.9906  1.4637 28.4217
  5.2077  3.5244  0.9749  0.5355 31.4141
  6.8173  1.7551  0.9428  1.3150 13.3936
  4.3432  0.4625  0.9917  0.6912  2.5709
  5.5798  3.6045  0.9688  0.9246 32.2738
  5.7217  3.4674  0.9939  1.4513 30.8042
  5.5872  2.9326  0.9954  0.4436 25.1601
  6.8548  3.9968  0.6249  1.0057 36.5215
  5.5135  2.6852  0.9847  2.0287 22.6031
  4.9065  3.7252  0.9864  1.2479 33.5733
  6.2811  2.5303  0.9966  0.1450 21.0223
  5.1667  2.1728  0.9818  1.2280 17.4392
  6.1663  2.0143  0.9763  2.3190 15.8839
  4.8861  3.1250  0.9775  1.0747 27.1741
  4.7119  2.4231  0.9879  1.3218 19.9377
  4.8001  2.5752  0.9728  0.7270 21.4784
  5.1612  1.9209  0.9919  0.9523 14.9789
  5.0685  2.2362  0.9752  0.6553 18.0669
  5.4944  2.3378  0.9980  1.1259 19.0807
  5.8823  2.0446  0.9925  1.3846 16.1797
  5.9880  4.3475  0.9844  1.1407 40.3700
  3.9417  1.5620  0.9876  1.8499 11.5866
  4.1608  1.4246  0.9848  1.6567 10.3300
  6.0997  3.2116  0.9767  2.0814 28.0865
  3.8892  3.6199  0.9947  0.5137 32.4386
  5.2356  2.2016  0.9890  2.5516 17.7239
  5.0094  3.7794  0.9927  0.7313 34.1594
  5.2573  2.3212  0.9676  2.1650 18.9145
  4.4625  4.2367  0.9786  0.8056 39.1491
  5.6128  3.3735  0.9868  1.3373 29.8025
  4.6795  2.2669  0.9838  1.1687 18.3722
  4.6402  3.0790  0.9706  0.6065 26.6907
  5.2429  2.2405  0.9847  1.7822 18.1101
  5.1346  2.5137  0.9766  0.6744 20.8537
  6.1469  2.3576  0.9831  1.1401 19.2786
  3.6538  3.5707  0.9926  0.1991 31.9104
  5.4634  3.2841  0.9839  1.7654 28.8530
  3.8426  3.7008  0.9909  1.0674 33.3099
  5.1058  2.8646  0.9863  0.6118 24.4534
  4.4960  3.0992  0.9876  0.7499 26.9030
  5.0725  3.2305  0.9707  1.2992 28.2860
  3.5848  1.7147  0.9938  1.0816 13.0121
  5.2206  1.5291  0.9980  2.3091 11.2833
  5.6453  3.2882  0.9930  0.1163 28.8964
  4.2885  4.4000  0.9853  0.5454 40.9503
  4.7735  2.6599  0.9872  0.1610 22.3442
  5.9193  2.6250  0.9825  1.6815 21.9870
  4.5621  3.7461  0.9827  1.1086 33.7993
  4.3383  2.0845  0.9816  0.7985 16.5704
  4.4955  2.0702  0.9837  0.7326 16.4303
  5.6467  4.2788  0.9929  1.9030 39.6130
  4.9196  1.9668  0.9739  0.7876 15.4227
  5.5358  2.6522  0.9683  0.9304 22.2646
  5.6472  2.9445  0.9921  1.8107 25.2842
  5.2496  2.0414  0.9811  1.9064 16.1481
  4.0120  4.1101  0.9687  1.1125 37.7600
  5.3701  3.6457  0.9745  0.3919 32.7165
  6.1206  2.3714  0.9974  1.8472 19.4170
  5.6472  1.8847  0.9837  1.1869 14.6304
  5.8398  4.4100  0.9894  2.2117 41.0607
  4.8050  1.8829  0.9679  1.4329 14.6134
  5.3923  2.6713  0.9908  1.6396 22.4610
  5.6622  2.4001  0.9693  0.6917 19.7061
  4.2984  1.0426  0.9718  0.6941  6.9939
  5.6184  3.1750  0.9933  0.6478 27.7006
  4.7002  3.8620  0.9887  2.3042 35.0544
  6.0553  2.6161  0.9780  2.1527 21.8962
  3.8261  3.5475  0.9841  1.5015 31.6615
  6.5270  2.7265  0.8130  1.6433 23.0273
  5.4116  3.8761  0.9882  0.8262 35.2074
  6.3100  3.7936  0.9867  1.6776 34.3134
  6.6092  2.7473  0.9877  0.8715 23.2419
  6.1417  2.2483  0.9868  2.4783 18.1871
  4.8088  2.3159  0.9710  0.8180 18.8610
  4.5545  2.1612  0.9721  2.3906 17.3246
  5.5078  4.2193  0.9736  1.9004 38.9582
  5.2064  3.0278  0.9842  2.0763 26.1541
  5.1359  3.0394  0.9926  2.6852 26.2756
  4.8878  3.6740  0.9778  2.2639 33.0215
  5.2484  3.1226  0.9950  1.8169 27.1484
  5.8166  2.3075  0.9957  0.5781 18.7775
  6.8343  1.5136  0.6037  1.0935 11.1417
  4.9548  3.7050  0.9673  2.1537 33.3558
  4.8010  2.5415  0.9922  1.0624 21.1353
  5.2365  1.3651  0.9796  0.4997  9.7943
  5.7589  4.2726  0.9853  0.5348 39.5440
  4.5103  3.2144  0.9839  1.0305 28.1163
  5.2325  4.2002  0.9769  1.9787 38.7480
  5.7338  2.2750  0.9907  0.6633 18.4531
  5.3725  2.5889  0.9908  0.2474 21.6178
  5.0770  1.0650  0.9672  1.1972  7.1818
  5.6673  4.3122  0.9877  1.6566 39.9802
  5.3159  3.7424  0.9879  0.8393 33.7597
  5.1698  4.2836  0.9868  2.6614 39.6651
  5.2180  1.8845  0.9840  0.6176 14.6281
  5.1681  2.7811  0.9903  1.2902 23.5901
  5.8223  3.6851  0.9937  0.3171 33.1408
  4.8094  1.8902  0.9946  0.5927 14.6828
  5.6495  1.6568  0.9751  1.7275 12.4680
  6.1223  2.9138  0.9785  0.4074 24.9649
  5.3710  1.4056  0.9980  2.4623 10.1583
  4.8380  2.3809  0.9752  2.2905 19.5130
  5.3761  3.4867  0.9855  1.0305 31.0105
  5.2275  3.6327  0.9905  0.6021 32.5768
  6.8789  2.7188  0.5080  1.9759 22.9480
  5.2277  2.5142  0.9834  2.0128 20.8584
  3.9724  4.4376  0.9680  1.5033 41.3653
  4.7005  3.5980  0.9967  0.4156 32.2030
  5.8935  3.7692  0.9742  1.0225 34.0497
  5.4911  2.0258  0.9731  1.6543 15.9959
  5.5783  2.8979  0.9781  0.2685 24.7996
  4.7169  1.6800  0.9706  1.2799 12.6857
  5.5340  3.4508  0.9866  0.8822 30.6269
  5.5965  4.3107  0.9887  0.7908 39.9640
  3.5151  0.9133  0.9946  0.3548  5.9286
  5.5102  1.6637  0.9864  2.0604 12.5329
  5.1640  3.3291  0.9870  2.1653 29.3303
  5.5791  4.3092  0.9803  0.4825 39.9478
  5.1222  3.4090  0.9916  1.4327 30.1808
  4.5821  3.4302  0.9710  2.4973 30.4067
  5.3200  3.4145  0.9774  1.0218 30.2393
  5.4102  2.4151  0.9703  0.9685 19.8563
  5.7452  4.2447  0.9823  0.8921 39.2373
  4.7188  3.1039  0.9843  1.9665 26.9519
  5.2668  3.2430  0.9792  1.7314 28.4186
  5.3212  4.4049  0.9857  0.7311 41.0043
  5.9550  3.9965  0.9724  0.9358 36.5180
  4.7210  3.1826  0.9933  1.8840 27.7806
  5.9321  1.7875  0.9980  0.4044 13.7014
  5.2547  3.5236  0.9974  0.8324 31.4057
  3.5509  3.8530  0.9702  1.5075 34.9567
  4.2639  1.8352  0.9980  1.4520 14.1558
  4.3335  2.1801  0.9679  1.3921 17.5111
  6.4006  4.2153  0.8951  1.6994 38.9137
  4.7343  1.7793  0.9924  1.3762 13.6229
  6.7489  1.5953  0.5917  2.7959 11.8956
  5.1322  3.0651  0.9914  1.1378 26.5450
  5.4422  1.8967  0.9980  2.7276 14.7461
  5.6615  3.5869  0.9980  2.9146 32.0841
  6.7016  1.6772  0.5755  1.2935 12.6596
  5.6179  3.0100  0.9746  0.0797 25.9677
  5.6570  2.6983  0.9704  1.2026 22.7381
  5.8287  2.2786  0.9691  1.7707 18.4890
  5.5220  3.8447  0.9900  0.2891 34.8675
  5.5917  2.5462  0.9840  1.6457 21.1834
  4.9320  4.2563  0.9932  2.2059 39.3649
  4.9067  3.9359  0.9748  0.6289 35.8581
  5.7560  2.2780  0.9835  1.2382 18.4829
  5.3803  3.2168  0.9684  1.4083 28.1415
  3.9271  1.5168  0.9875  2.1097 11.1709
  4.9095  3.2046  0.9877  0.2464 28.0123
  4.9340  4.2350  0.9921  1.3419 39.1312
  4.3429  0.9205  0.9948  2.0086  5.9864
  5.6462  2.1835  0.9848  1.6485 17.5450
  4.8893  3.0761  0.9870  0.8087 26.6605
  4.2812  1.3726  0.9820  2.4652  9.8615
  6.4151  3.2682  0.8807  1.0333 28.6846
  5.4168  3.7600  0.9678  1.5794 33.9492
  5.6031  2.3120  0.9874  1.7022 18.8223
  4.5273  2.3619  0.9693  2.1634 19.3219
  6.1962  1.9378  0.9820  0.5390 15.1422
  6.2861  3.1072  0.9694  1.3788 26.9864
  5.5378  2.7683  0.9761  0.3679 23.4578
  5.1023  3.3136  0.9703  1.7260 29.1666
  5.6384  3.3767  0.9858  1.8845 29.8371
  5.7063  1.5655  0.9878  0.9893 11.6189
  6.3355  2.8428  0.9698  2.2394 24.2276
  4.2910  2.0392  0.9951  0.8920 16.1275
  4.6435  4.1213  0.9789  2.5757 37.8825
  5.7361  4.3894  0.9815  1.3912 40.8332
  6.6840  0.7023  0.9811  2.1505  4.2792
  5.4874  4.0085  0.9851  2.0839 36.6493
  4.2842  2.4488  0.9951  0.6007 20.1971
  3.8514  3.0313  0.9892  1.8100 26.1906
  5.1999  4.0148  0.9969  0.4614 36.7184
  5.3171  3.6737  0.9705  2.1122 33.0179
  5.3567  4.2840  0.9671  1.3429 39.6698
  5.4765  4.4584  0.9938  0.3160 41.5962
  5.3376  1.4972  0.9796  0.6087 10.9910
  5.6123  2.1767  0.9717  2.1473 17.4779
  5.5455  3.4706  0.9876  1.3982 30.8380
  3.8618  0.6390  0.9684  0.3068  3.8090
  4.5709  4.0071  0.9878  0.5394 36.6339
  5.4729  4.2604  0.9781  1.2158 39.4102
  5.1258  3.7074  0.9841  1.7469 33.3810
  5.7446  3.8686  0.9919  1.6214 35.1268
  4.9095  3.4598  0.9799  1.7366 30.7227
  4.9287  1.5834  0.9887  0.3502 11.7850
  5.2433  3.5004  0.9835  1.6282 31.1574
  6.5475  2.8621  0.7263  0.3902 24.4284
  6.8270  2.3233  0.5151  2.2533 18.9349
  5.2635  3.9948  0.9779  0.1184 36.5003
  4.8030  2.9238  0.9751  2.4070 25.0692
  5.0827  3.9336  0.9980  1.1399 35.8336
  5.1790  1.3355  0.9746  0.4234  9.5305
  5.0534  2.3104  0.9673  1.5826 18.8064
  6.1136  3.8570  0.9980  0.7177 35.0005
  5.1250  3.5735  0.9917  2.6294 31.9405
  5.5857  3.4200  0.9826  0.5527 30.2982
  5.5740  3.0794  0.9709  0.9466 26.6946
  5.8898  1.8319  0.9896  1.3181 14.1243
  5.1123  2.7564  0.9980  1.6214 23.3348
  5.1785  2.5415  0.9872  1.5603 21.1355
  4.7113  3.0027  0.9817  0.5855 25.8916
  5.2136  2.9913  0.9861  0.9672 25.7724
  6.2920  3.4690  0.9677  1.1400 30.8208
  5.2115  1.7669  0.9772  1.1470 13.5052
  6.5937  3.1186  0.8104  1.1321 27.1063
  5.2616  2.9919  0.9705  2.5422 25.7789
  4.7825  2.7240  0.9913  0.4222 23.0014
  6.0121  3.3516  0.9705  1.6739 29.5696
  6.7793  0.6069  0.7545  1.6382  3.5755
  5.6728  4.4846  0.9944  1.4214 41.8859
  5.4443  1.5979  0.9881  1.8802 11.9194
  6.7446  3.8352  0.7694  0.8692 34.7641
  5.2440  2.0960  0.9714  2.1425 16.6834
  6.0063  4.3340  0.9830  1.9420 40.2208
  4.9036  4.0133  0.9972  1.5255 36.7017
  5.4263  3.8969  0.9755  0.6636 35.4338
  4.7045  2.0225  0.9876  1.2787 15.9642
  5.2324  3.6501  0.9769  1.4219 32.7639
  4.5061  1.6137  0.9719  1.7991 12.0664
  5.3083  3.9856  0.9758  2.9478 36.3995
  5.2787  2.4649  0.9733  0.1283 20.3589
  4.8352  3.7327  0.9919  1.9962 33.6552
  5.7245  2.0397  0.9908  2.3754 16.1321
  5.0435  4.3244  0.9792  2.6060 40.1153
  5.2861  2.3425  0.9832  1.5945 19.1279
  4.9357  2.0874  0.9843  1.4508 16.5985
  4.6140  3.0111  0.9721  1.9039 25.9796
  4.5245  0.8219  0.9676  0.6425  5.1991
  5.4967  3.8193  0.9970  1.3405 34.5920
  4.8498  2.2775  0.9732  1.3591 18.4780
  5.6909  3.2309  0.9944  1.3837 28.2905
  4.0765  1.2472  0.9947  1.8391  8.7497
  6.7000  3.3072  0.8704  0.8243 29.0978
  5.8759  2.6042  0.9682  1.0138 21.7747
  5.0216  3.9498  0.9864  1.0144 36.0099
  5.9469  4.2080  0.9788  0.5868 38.8344
  5.6565  3.1553  0.9941  0.7985 27.4925
  5.9200  3.6293  0.9974  0.9962 32.5396
  5.2327  4.3276  0.9702  2.1217 40.1501
  5.1482  2.4356  0.9803  0.7244 20.0636
  5.2279  3.2559  0.9892  1.8102 28.5545
  4.9731  3.2006  0.9832  2.0489 27.9701
  5.5077  1.9418  0.9909  1.1765 15.1810
  3.6482  4.2990  0.9897  0.5634 39.8347
  4.6032  2.6429  0.9716  1.6009 22.1703
  4.5860  1.7626  0.9909  0.7191 13.4647
  5.3333  3.8014  0.9762  1.4633 34.3974
  5.3943  2.2559  0.9976  0.6974 18.2632
  4.7087  3.0084  0.9744  1.9043 25.9513
  5.5612  2.1096  0.9892  2.0705 16.8168
  5.8331  3.2141  0.9710  0.9673 28.1124
  5.4697  4.2224  0.9681  2.2538 38.9923
  6.2044  2.4363  0.9754  2.0072 20.0707
  4.8224  2.4767  0.9675  1.1696 20.4788
  3.9336  2.8618  0.9710  0.3631 24.4248
  5.5744  3.0256  0.9712  1.3807 26.1314
  4.8925  2.6280  0.9708  2.7163 22.0169
  5.2300  1.5783  0.9941  0.4664 11.7373
  4.3733  2.2598  0.9726  1.3030 18.3016
  5.5789  3.8326  0.9878  2.3516 34.7357
  4.3001  2.0107  0.9697  1.5835 15.8496
  6.4026  2.9915  0.9720  2.6364 25.7744
  5.3226  3.9897  0.9780  2.5612 36.4440
  6.4752  3.1057  0.9978  1.6092 26.9704
  5.4857  3.8143  0.9810  2.7646 34.5370
  4.9796  2.6580  0.9781  1.9331 22.3241
  5.4793  3.4015  0.9751  1.4487 30.1008
  4.7006  2.8333  0.9784  0.8518 24.1291
  6.2574  3.7587  0.9960  1.3964 33.9358
  4.8409  3.9397  0.9713  0.6647 35.9000
  5.3604  3.8140  0.9931  0.2319 34.5339
  6.2712  2.1767  0.9980  1.3699 17.4781
  4.6532  2.7609  0.9975  1.8791 23.3817
  4.6043  4.3846  0.9870  2.0840 40.7792
  4.5172  2.6660  0.9713  0.6637 22.4065
  5.5025  2.0313  0.9980  0.7224 16.0501
  4.3351  1.4036  0.9769  1.7139 10.1407
  5.5258  2.3916  0.9779  3.0049 19.6204
  5.2997  1.5357  0.9791  2.2276 11.3441
  5.7700  2.0151  0.9888  0.4947 15.8917
  6.6368  2.8107  0.7181  0.1495 23.8958
  3.8764  2.9799  0.9926  2.2024 25.6538
  6.7925  3.3327  0.5044  2.2738 29.3689
  5.5720  4.2791  0.9733  1.9981 39.6164
  5.0830  4.2385  0.9886  2.3233 39.1696
  3.7512  2.2882  0.9964  0.7107 18.5847
  5.0865  1.8394  0.9951  2.0975 14.1962
  5.6319  2.1493  0.9814  1.7790 17.2075
  4.7894  1.8176  0.9718  2.5979 13.9878
  6.7131  3.9625  0.8687  0.5187 36.1474
  5.0533  3.4637  0.9970  0.3793 30.7645
  5.1199  2.8000  0.9939  2.4583 23.7850
  4.9472  1.6010  0.9958  1.4404 11.9484
  3.7617  3.2127  0.9728  1.4430 28.0979
  5.1553  2.7552  0.9919  0.4646 23.3227
  5.4919  1.8049  0.9883  2.3007 13.8664
  5.3597  4.0756  0.9814  2.1139 37.3823
  5.1488  2.5368  0.9838  0.7223 21.0878
  5.6925  2.9764  0.9711  1.7338 25.6169
  4.3945  2.8809  0.9888  0.9218 24.6232
  4.7468  3.1459  0.9910  1.1667 27.3934
  5.6003  4.0269  0.9980  1.6008 36.8501
  5.2789  2.7729  0.9931  2.2178 23.5051
  6.0565  2.6661  0.9973  1.1195 22.4072
  5.0434  4.0859  0.9980  2.2567 37.4950
  5.3034  1.9210  0.9903  0.2757 14.9801
  4.9800  2.8789  0.9717  2.4071 24.6019
  4.5772  1.5593  0.9673  0.8520 11.5623
  5.8990  1.5990  0.9676  2.4801 11.9294
  4.9675  4.0605  0.9811  0.3913 37.2171
  6.1994  2.2013  0.9920  1.2165 17.7212
  5.3634  3.1923  0.9897  0.4823 27.8829
  4.6035  2.1563  0.9980  0.9261 17.2763
  5.4030  3.1033  0.9813  0.6431 26.9461
  5.0634  2.1504  0.9912  1.0017 17.2185
  5.4763  2.8211  0.9922  1.3964 24.0038
  4.9646  2.1082  0.9744  2.3252 16.8031
  4.6346  3.9933  0.9958  1.2013 36.4839
  6.0154  2.3824  0.9837  1.0380 19.5275
  4.3670  3.0138  0.9897  2.4366 26.0074
  4.6397  4.0204  0.9917  1.7473 36.7794
  5.5700  2.7056  0.9783  1.6303 22.8131
  5.1819  1.0605  0.9803  0.5973  7.1445
  4.3082  3.8277  0.9867  1.6894 34.6828
  5.2381  2.9130  0.9726  1.5110 24.9566
  5.3502  2.9234  0.9815  0.9880 25.0641
  5.3629  3.2514  0.9894  1.5076 28.5066
  5.3597  3.9368  0.9818  1.8731 35.8675
  5.9243  3.6880  0.9975  0.6423 33.1727
  5.3359  3.7958  0.9678  0.7660 34.3376
  4.6594  3.1216  0.9863  2.4888 27.1378
  4.9000  2.9179  0.9917  0.6014 25.0076
  5.5980  2.6728  0.9710  1.5455 22.4762
  4.6938  2.1707  0.9851  0.9956 17.4181
  5.2864  4.0467  0.9928  1.3165 37.0667
  5.1253  3.2349  0.9899  1.7804 28.3323
  5.3926  2.1052  0.9951  1.2414 16.7730
  4.5670  1.6088  0.9731  2.1668 12.0203
  4.0978  3.0177  0.9733  1.7649 26.0487
  5.4182  2.8483  0.9820  2.5004 24.2843
  5.4699  4.3457  0.9847  1.1345 40.3498
  4.5869  2.4221  0.9690  0.7328 19.9278
  5.4936  4.0386  0.9688  2.2955 36.9781
  4.8658  1.6275  0.9878  0.8094 12.1951
  4.8520  3.5311  0.9852  1.5030 31.4852
  6.1833  2.4555  0.9733  2.1947 20.2643
  5.2990  3.6099  0.9803  0.7091 32.3312
  4.9425  2.8766  0.9980  1.7961 24.5782
  4.9577  4.2243  0.9803  2.3945 39.0134
  5.5034  2.6775  0.9875  1.2277 22.5240
  5.4750  2.1644  0.9676  2.4374 17.3564
  5.1423  1.7819  0.9930  0.6778 13.6481
  5.1735  2.5555  0.9766  1.1930 21.2785
  4.7534  1.8672  0.9751  0.2077 14.4624
  5.1915  1.6417  0.9914  1.3412 12.3269
  5.4119  3.2835  0.9694  0.6518 28.8475
  5.4143  1.2670  0.9696  0.9700  8.9234
  6.2833  3.5118  0.9825  1.8242 31.2791
  3.6725  4.2333  0.9885  1.5802 39.1120
  5.2155  1.5327  0.9901  0.6393 11.3167
  5.6044  3.1941  0.9960  0.5863 27.9019
  5.2102  4.1512  0.9700  0.9484 38.2105
  4.0689  2.3597  0.9831  2.0608 19.3000
  4.7156  4.4059  0.9729  1.0833 41.0155
  5.4433  4.0741  0.9825  0.9322 37.3664
  4.1946  0.6923  0.9897  0.8653  4.2037
  5.2121  3.2759  0.9928  1.9144 28.7661
  6.6308  3.6899  0.8002  1.2156 33.1926
  5.2021  2.1390  0.9861  1.0512 17.1060
  5.2845  3.5852  0.9945  0.9610 32.0659
  6.3458  2.9318  0.9971  0.1620 25.1522
  4.8331  3.5639  0.9976  2.2313 31.8377
  5.8665  3.6717  0.9807  0.1496 32.9968
  5.2120  1.6291  0.9874  2.5256 12.2096
  5.4727  2.1563  0.9825  0.1742 17.2760
  6.7952  3.2706  0.5351  0.8192 28.7104
  5.9024  4.0434  0.9670  0.7231 37.0310
  6.1249  3.7482  0.9865  1.3040 33.8217
  6.2848  3.9474  0.9680  0.4395 35.9831
  4.6427  3.3869  0.9980  0.7793 29.9450
  5.2407  2.7725  0.9682  2.0556 23.5013
  5.3925  4.3900  0.9684  1.7634 40.8388
  6.0621  3.9265  0.9867  0.5408 35.7557
  4.4359  2.4897  0.9817  1.4545 20.6100
  4.7322  3.1699  0.9923  0.8525 27.6467
  5.1152  2.9353  0.9734  0.3747 25.1889
  4.2494  2.5159  0.9699  1.2960 20.8762
  4.4242  3.2921  0.9932  0.9151 28.9376
  4.9376  3.6711  0.9765  1.4478 32.9898
  5.7283  3.2761  0.9752  2.5607 28.7680
  4.3594  1.2986  0.9853  1.0514  9.2023
  5.5795  2.3462  0.9777  3.0918 19.1642
  5.2533  3.7212  0.9909  1.2263 33.5305
  3.8679  1.4074  0.9980  2.0923 10.1754
  4.3091  4.3281  0.9971  1.8226 40.1561
  4.5665  2.0565  0.9916  1.6397 16.2964
  4.7525  3.2507  0.9861  1.7056 28.4991
  6.7970  2.9074  0.7026  2.6996 24.8987
  4.6867  1.9567  0.9713  0.6203 15.3252
  4.4390  2.1698  0.9812  0.1212 17.4091
  4.5717  2.4784  0.9726  2.4659 20.4958
  4.3666  1.6563  0.9901  1.2080 12.4633
  3.9127  1.8373  0.9802  1.7503 14.1759
  5.2558  2.2741  0.9875  0.8943 18.4441
  5.4748  3.1504  0.9667  0.4786 27.4412
  5.6343  3.0998  0.9759  0.6034 26.9087
  5.1193  3.2126  0.9908  1.6694 28.0966
  5.4146  2.4477  0.9673  0.5253 20.1852
  3.8508  0.9823  0.9815  1.8254  6.4926
  4.5685  3.9329  0.9859  1.6333 35.8250
  4.5789  2.7100  0.9907  2.2284 22.8577
  4.7644  2.7954  0.9693  1.6944 23.7377
  5.7545  1.9890  0.9783  2.3417 15.6382
  5.6392  0.6201  0.9868  1.3003  3.6711
  6.1598  1.7960  0.9695  0.9364 13.7816
  5.0159  2.5172  0.9926  0.9611 20.8890
  4.7326  1.5150  0.9980  0.8107 11.1542
  5.9624  2.1001  0.9878  2.6268 16.7230
  6.0635  3.2350  0.9731  0.2967 28.3340
  4.4250  3.3755  0.9752  0.9202 29.8244
  6.2889  4.4276  0.9947  2.6356 41.2554
  5.6671  3.3835  0.9712  2.7018 29.9091
  5.6532  2.7255  0.9844  2.4454 23.0168
  4.5292  3.8785  0.9787  1.8532 35.2339
  6.0319  3.1552  0.9980  0.7004 27.4918
  4.1399  2.1085  0.9675  0.7775 16.8054
  5.3867  2.6785  0.9901  1.1520 22.5347
  5.3439  2.7309  0.9920  0.4442 23.0726
  6.7906  2.0346  0.6016  0.3874 16.0826
  5.4523  2.3973  0.9754  1.8128 19.6779
  5.4311  3.3629  0.9824  0.5791 29.6902
  4.9173  2.2111  0.9827  2.1899 17.8185
  5.9169  4.2548  0.9717  0.6478 39.3486
  4.6996  2.2982  0.9783  1.2927 18.6843
  4.0762  2.0026  0.9924  2.0221 15.7709
  5.5005  2.9946  0.9980  0.7140 25.8066
  5.0919  3.2331  0.9840  2.1645 28.3134
  4.3336  2.5897  0.9770  1.0412 21.6263
  5.1982  4.4261  0.9798  2.6757 41.2385
  6.2696  1.2723  0.9687  1.3927  8.9705
  4.7931  3.2506  0.9668  1.9857 28.4987
  4.7317  2.5801  0.9795  1.7652 21.5288
  6.2086  2.0581  0.9901  1.3983 16.3118
  6.1392  2.2373  0.9980  1.2011 18.0778
  5.3644  3.8742  0.9772  1.6910 35.1878
  5.6848  3.0709  0.9804  1.6050 26.6050
  5.5241  3.0175  0.9809  1.3270 26.0459
  5.0620  4.2544  0.9706  1.7155 39.3435
  5.8610  4.4585  0.9891  1.7071 41.5972
  4.9496  2.6733  0.9882  0.1303 22.4816
  5.4893  2.3166  0.9721  1.1365 18.8684
  5.2495  3.7987  0.9744  0.5980 34.3681
  4.6739  4.3340  0.9729  0.8332 40.2211
  5.5095  4.4660  0.9743  1.9358 41.6799
  4.1748  0.6812  0.9713  1.2096  4.1210
  4.9409  2.0044  0.9773  0.9071 15.7875
  5.2684  2.4952  0.9703  2.0468 20.6657
  5.6322  3.8880  0.9910  0.3282 35.3374
  6.1812  1.8789  0.9817  2.1622 14.5746
  5.4853  1.4201  0.9757  1.1756 10.2895
  5.5531  2.2788  0.9953  2.1330 18.4909
  4.1045  3.1639  0.9899  1.6820 27.5829
  5.5741  1.4900  0.9668  1.2150 10.9252
  6.7615  2.0063  0.8297  1.8599 15.8063
  5.8250  4.1418  0.9765  0.8955 38.1078
  4.3918  1.2806  0.9980  0.7019  9.0434
  6.3843  2.8557  0.9795  0.7135 24.3619
  6.7121  2.8115  0.5201  1.8702 23.9039
  5.9101  1.5580  0.9980  0.7066 11.5496
  4.8732  1.8750  0.9979  0.9016 14.5376
  4.7997  3.7484  0.9902  1.1324 33.8245
  5.2111  3.7482  0.9897  1.2441 33.8225
  6.5415  3.5685  0.8482  1.7396 31.8869
  4.6887  2.9086  0.9721  0.1736 24.9107
  4.9107  1.5150  0.9917  2.1089 11.1546
  5.5429  2.3789  0.9940  1.0691 19.4923
  6.3946  2.0820  0.9838  1.4080 16.5456
  5.4545  2.6453  0.9805  0.5890 22.1941
  6.3130  3.3319  0.9922  0.6321 29.3609
  5.1949  2.4079  0.9899  0.5295 19.7848
  5.1223  3.3167  0.9963  1.6865 29.1995
  5.3533  2.3660  0.9873  1.1383 19.3633
  4.7316  2.0242  0.9798  1.9356 15.9807
  5.5322  3.2570  0.9759  0.6286 28.5668
  5.0383  4.3222  0.9872  2.2648 40.0910
  5.9032  3.3467  0.9928  1.9508 29.5182
  5.6474  3.1693  0.9938  1.9567 27.6400
  5.2875  3.4593  0.9764  0.4564 30.7170
  5.4762  2.7203  0.9968  0.8834 22.9634
  4.7954  2.8990  0.9792  1.5130 24.8108
  5.3226  4.2263  0.9743  1.3807 39.0354
  4.7055  1.4904  0.9700  1.0824 10.9288
  5.1385  2.1811  0.9898  1.2361 17.5213
  5.7100  3.5988  0.9709  0.6672 32.2122
  6.2908  2.1771  0.9874  0.4371 17.4819
  4.9784  4.3452  0.9750  1.0180 40.3448
  5.2472  4.0414  0.9692  1.0688 37.0087
  5.4448  3.1283  0.9795  0.7137 27.2086
  6.3734  1.3023  0.9923  0.7451  9.2350
  4.0083  1.8627  0.9752  1.2149 14.4196
  6.2142  1.9714  0.9865  0.2513 15.4673
  5.1465  2.4548  0.9866  1.6775 20.2576
  5.2249  2.9360  0.9850  0.2078 25.1957
  6.9927  3.0246  0.6024  1.6088 26.1202
  3.7870  1.0509  0.9915  1.6670  7.0635
  5.2410  3.6733  0.9937  0.7097 33.0135
  5.4734  2.9384  0.9822  2.0778 25.2207
  5.8358  4.4296  0.9726  2.1961 41.2766
  3.8125  0.9361  0.9980  0.7132  6.1133
  6.0308  3.9234  0.9843  0.1315 35.7216
  5.3393  2.2030  0.9963  0.5661 17.7378
  5.2504  2.8847  0.9718  0.8488 24.6619
  3.5150  2.9653  0.9697  1.1437 25.5008
  4.9721  2.3456  0.9894  1.3058 19.1585
  6.1432  3.6673  0.9785  1.8554 32.9487
  5.0617  2.6349  0.9809  0.4689 22.0877
  5.2018  3.0086  0.9962  0.1203 25.9532
  4.1496  3.5019  0.9939  1.6541 31.1725
  5.3735  2.4883  0.9901  1.9023 20.5959
  6.5661  2.2951  0.7719  2.5226 18.6541
  3.9133  2.3088  0.9849  1.5933 18.7904
  5.6198  1.9041  0.9947  1.6018 14.8169
  6.2985  3.7661  0.9897  0.6271 34.0155
  6.0943  1.8807  0.9871  2.0327 14.5920
  5.8925  1.7386  0.9767  1.5923 13.2379
  4.6459  3.5715  0.9795  1.8454 31.9188
  4.6786  2.4903  0.9758  2.3244 20.6168
  6.5904  2.7577  0.8759  1.5934 23.3487
  5.5184  4.3380  0.9972  0.9597 40.2647
  5.1876  2.4063  0.9873  1.6184 19.7681
  5.4648  3.3161  0.9736  1.2489 29.1926
  4.2352  1.9466  0.9883  0.1415 15.2276
  5.1605  2.2450  0.9811  0.2628 18.1544
  5.9261  2.7980  0.9876  2.1534 23.7648
  4.0755  3.4934  0.9689  0.4692 31.0821
  6.0665  2.6656  0.9729  0.3747 22.4021
  5.3096  3.5280  0.9980  0.1574 31.4525
  5.5802  3.8231  0.9980  0.9983 34.6331
  5.2947  4.0893  0.9910  1.9925 37.5327
  3.9478  2.0089  0.9813  0.6256 15.8315
  5.4592  4.0934  0.9829  0.3288 37.5767
  5.9475  2.4191  0.9962  1.6531 19.8967
  4.9669  3.3432  0.9786  2.4875 29.4808
  4.8247  2.0855  0.9971  1.3117 16.5800
  4.3176  1.2856  0.9811  1.1322  9.0877
  4.6424  3.3492  0.9919  1.1977 29.5438
  4.2059  2.1374  0.9734  2.4440 17.0896
  5.3577  3.8830  0.9717  0.9202 35.2827
  4.4680  3.7043  0.9959  1.9958 33.3482
  5.5896  3.8354  0.9903  1.9581 34.7661
  4.6468  4.4111  0.9864  0.5674 41.0722
  5.5051  3.5442  0.9815  1.3294 31.6262
  5.2944  3.2506  0.9959  1.6059 28.4986
  6.1598  1.4522  0.9809  0.5345 10.5808
  4.2254  3.9137  0.9892  0.9775 35.6165
  4.3066  3.6628  0.9891  2.1695 32.9006
  4.6601  3.2828  0.9709  1.9016 28.8395
  5.4139  4.2651  0.9877  0.8623 39.4623
  5.2826  2.2603  0.9953  2.1098 18.3064
  4.6573  4.3304  0.9852  0.1606 40.1812
  3.7128  1.2965  0.9901  1.0654  9.1838
  4.6259  3.6053  0.9738  0.6918 32.2824
  5.0774  3.7066  0.9735  2.2025 33.3734
  5.1693  3.9646  0.9690  1.2357 36.1712
  5.5735  4.1646  0.9667  1.3748 38.3570
  5.1342  2.4475  0.9852  2.4001 20.1832
  6.1418  2.2825  0.9689  1.3600 18.5278
  5.2390  2.8629  0.9941  1.6434 24.4364
  4.7033  4.2799  0.9915  0.7328 39.6247
  5.6166  3.0981  0.9799  0.9574 26.8913
  5.4191  3.9292  0.9814  2.1572 35.7847
  5.7851  2.1506  0.9771  0.5683 17.2198
  5.7878  1.6680  0.9821  0.3788 12.5731
  5.3830  2.0457  0.9733  2.7240 16.1909
  5.0237  1.8693  0.9960  2.8681 14.4820
  5.0362  3.3770  0.9980  0.7378 29.8399
  4.8072  3.0266  0.9828  1.5243 26.1410
  5.2405  2.3504  0.9702  1.2870 19.2067
  5.4398  2.2598  0.9933  0.7335 18.3017
  6.3967  2.1374  0.9931  1.6267 17.0903
  5.0541  3.0864  0.9980  0.6324 26.7677
  6.3853  2.3766  0.9936  1.7233 19.4696
  4.4445  0.5967  0.9800  1.8348  3.5020
  5.8373  2.6976  0.9896  2.0406 22.7307
  5.4418  4.4573  0.9874  2.0370 41.5834
  4.3581  1.2799  0.9798  2.4826  9.0374
  6.3037  2.8746  0.9901  0.6257 24.5576
  5.0793  3.5390  0.9874  0.9966 31.5701
  3.9162  2.0626  0.9708  0.9319 16.3557
  5.9646  3.4091  0.9872  1.4775 30.1815
  5.1762  3.5389  0.9735  1.5632 31.5696
  6.0573  3.6766  0.9713  1.7331 33.0488
  4.3528  3.9678  0.9933  2.0492 36.2057
  5.6659  4.1051  0.9891  2.1625 37.7057
  4.7548  2.8633  0.9816  0.6205 24.4407
  5.3234  3.9727  0.9873  1.2411 36.2587
  4.9187  1.9993  0.9924  2.5782 15.7381
  4.7509  2.1276  0.9806  0.3339 16.9934
  6.6294  1.5547  0.9703  2.1205 11.5190
  5.8309  2.3170  0.9816  1.5039 18.8721
  3.6351  4.1384  0.9739  0.7165 38.0699
  3.6567  2.9590  0.9740  0.9123 25.4358
  5.1559  4.4842  0.9948  1.2063 41.8818
  5.1542  2.7081  0.9730  0.0334 22.8384
  5.4500  3.3325  0.9692  1.2996 29.3665
  5.8323  2.1067  0.9755  1.8489 16.7881
  5.6608  2.5552  0.9817  1.8995 21.2746
  5.0507  1.9350  0.9835  1.7674 15.1150
  5.2494  3.5146  0.9946  2.4053 31.3088
  3.7019  1.6600  0.9892  2.1924 12.4987
  5.1392  2.9777  0.9671  0.1070 25.6305
  4.1602  0.3729  0.9873  1.9155  1.9890
  6.0914  1.6229  0.9829  2.5400 12.1516
  4.8646  2.5002  0.9724  1.1616 20.7167
  5.3469  3.5818  0.9846  2.7475 32.0292
  5.2199  2.0280  0.9772  1.4479 16.0179
  6.1142  3.0042  0.9686  1.9297 25.9076
  5.2265  4.3868  0.9709  0.5138 40.8042
  5.0980  2.0381  0.9910  2.0986 16.1167
  6.5114  1.8767  0.7732  1.0994 14.5535
  5.6820  3.5547  0.9724  0.7405 31.7385
  4.9637  3.7214  0.9944  1.9832 33.5329
  5.2076  3.7798  0.9943  0.9359 34.1640
  6.6419  2.3414  0.7422  0.4112 19.1170
  4.3601  3.0902  0.9890  2.6835 26.8075
  4.6702  1.7856  0.9692  1.1625 13.6835
  5.5999  3.3474  0.9833  1.2668 29.5255
  5.3692  2.9100  0.9854  1.8521 24.9254
  4.0710  0.7063  0.9847  1.8189  4.3087
  5.8261  3.1566  0.9927  1.5475 27.5064
  5.1403  4.4208  0.9896  2.0192 41.1797
  6.4016  3.7064  0.8503  1.7898 33.3703
  4.8315  2.2472  0.9714  2.6504 18.1767
  5.2794  2.6490  0.9751  0.8385 22.2325
  5.6630  3.6439  0.9918  2.4281 32.6967
  5.4525  3.7356  0.9778  1.3522 33.6858
  5.3255  3.7047  0.9873  1.5851 33.3524
  3.7799  1.0773  0.9707  1.0484  7.2862
  4.1823  0.7301  0.9680  2.2886  4.4893
  5.1247  2.1674  0.9975  0.5772 17.3862
  5.7070  2.5930  0.9959  0.4190 21.6605
  3.8368  1.8423  0.9785  1.7965 14.2234
  5.6409  2.6298  0.9762  1.1026 22.0358
  5.0324  3.7448  0.9717  1.3439 33.7857
  5.0504  3.3338  0.9825  0.8599 29.3811
  5.5818  2.8983  0.9960  0.4567 24.8038
  4.6698  1.8334  0.9836  0.3741 14.1383
  6.8683  3.0782  0.6742  0.7239 26.6819
  6.5294  1.8816  0.8627  2.4028 14.6007
  5.3356  2.7032  0.9912  1.8712 22.7885
  5.7394  1.8410  0.9886  1.7335 14.2110
  5.6512  2.1603  0.9925  2.0554 17.3159
  4.8894  2.8913  0.9921  1.6380 24.7306
  5.4150  2.8878  0.9795  3.0445 24.6945
  5.4337  4.3702  0.9893  0.9194 40.6211
  5.2687  2.6451  0.9884  1.0433 22.1918
  6.0427  2.1141  0.9928  1.9370 16.8607
  5.7918  3.3790  0.9824  0.7234 29.8618
  5.5754  4.3297  0.9706  0.8677 40.1736
  5.1003  3.8215  0.9932  0.8707 34.6155
  4.6614  1.7533  0.9689  1.7642 13.3769
  4.7672  2.3420  0.9877  0.3488 19.1226
  6.7093  3.4003  0.4986  2.4902 30.0883
  4.7353  1.3905  0.9907  1.7910 10.0229
  4.8647  4.4115  0.9971  0.2772 41.0767
  5.1416  2.4849  0.9876  0.6927 20.5620
  3.6618  1.1866  0.9835  1.0690  8.2209
  4.2360  2.7831  0.9802  2.0767 23.6108
  4.5387  3.2550  0.9819  0.7236 28.5456
  5.1599  2.9846  0.9896  1.2570 25.7024
  5.6024  3.9374  0.9913  2.0665 35.8745
  4.4284  2.0656  0.9838  0.9838 16.3851
  5.8385  2.2658  0.9876  1.2729 18.3615
  5.2076  4.1942  0.9696  0.5422 38.6824
  3.6958  1.0337  0.9769  0.9720  6.9191
  6.4939  2.7853  0.8944  1.0900 23.6336
  4.9417  3.3705  0.9739  1.7715 29.7710
  5.9044  2.6258  0.9679  2.2428 21.9947
  5.2984  1.8799  0.9736  2.0263 14.5844
  5.4787  3.5725  0.9965  1.8799 31.9301
  4.7101  3.4804  0.9864  0.5623 30.9427
  3.8405  4.3026  0.9968  2.1313 39.8753
  5.6760  2.8201  0.9879  0.7496 23.9933
  6.0808  3.5879  0.9865  0.2499 32.0945
  5.6245  2.9734  0.9701  0.6604 25.5852
  5.6978  1.9761  0.9748  1.4475 15.5127
  6.1787  3.2340  0.9793  0.3402 28.3232
