  4.9417  1.6316  0.9866  0.5049 12.2331
  4.1627  1.9558  0.9938  1.7943 15.3167
  5.7264  2.7370  0.9914  1.6483 23.1355
  5.3797  0.3621  0.9874  1.4405  1.9212
  4.0059  2.3488  0.9944  0.9209 19.1902
  5.2657  3.2161  0.9787  0.9565 28.1342
  4.4411  3.6163  0.9719  1.8133 32.4006
  5.6499  3.9960  0.9742  1.5750 36.5134
  4.8588  3.0715  0.9728  0.2246 26.6115
  5.2997  1.9725  0.9845  1.4596 15.4782
  5.2396  1.5980  0.9840  1.5381 11.9202
  5.7113  2.8981  0.9750  0.8469 24.8011
  5.2290  4.1602  0.9879  3.0069 38.3087
  5.5283  4.3450  0.9817  0.1624 40.3426
  5.7979  4.3590  0.9798  1.4304 40.4964
  4.0112  1.7464  0.9980  1.6711 13.3111
  5.3193  2.1108  0.9948  0.8558 16.8284
  5.7779  1.6128  0.9674  1.0487 12.0579
  5.6800  0.7139  0.9980  2.2828  4.3662
  5.2510  2.1665  0.9697  1.9883 17.3769
  5.2723  3.9667  0.9899  1.3777 36.1932
  5.3100  3.0296  0.9979  0.2155 26.1724
  4.6487  2.8799  0.9783  3.0060 24.6121
  3.7057  2.2011  0.9670  2.5182 17.7186
  6.2458  2.3131  0.9915  1.1344 18.8332
  4.1388  2.8527  0.9772  1.9051 24.3304
  4.9553  2.6446  0.9718  2.6931 22.1876
  4.8677  2.7885  0.9945  2.7619 23.6667
  5.4215  0.7082  0.9771  1.1116  4.3230
  6.2355  2.2576  0.9886  0.8556 18.2794
  5.4703  0.7580  0.9947  1.6370  4.7022
  4.9848  2.9310  0.9971  2.8175 25.1438
  5.0088  2.6437  0.9679  0.3827 22.1782
  5.2456  1.5960  0.9934  2.5081 11.9013
  6.3576  1.3488  0.9956  0.9403  9.6489
  5.3397  2.7836  0.9821  1.7549 23.6156
  6.1150  2.2901  0.9691  1.5575 18.6037
  6.3529  2.0723  0.9688  2.7820 16.4506
  5.1107  3.4578  0.9723  2.5772 30.7018
  5.0039  2.7148  0.9868  2.4215 22.9075
  4.8339  1.6624  0.9824  1.1732 12.5209
  5.3165  2.5523  0.9928  2.1217 21.2456
  5.8266  1.7415  0.9935  2.9739 13.2646
  6.5738  1.3710  0.9954  1.8365  9.8479
  5.3843  2.6356  0.9734  0.9905 22.0948
  5.5331  2.7023  0.9814  1.7559 22.7783
  5.7437  0.9415  0.9775  0.8685  6.1572
  5.2927  3.9431  0.9704  0.5009 35.9364
  5.5040  1.9522  0.9772  2.0913 15.2815
  5.6797  3.7385  0.9980  1.8715 33.7178
  5.4140  3.6846  0.9782  0.2411 33.1354
  5.5229  3.5947  0.9900  0.6926 32.1685
  5.4784  1.4963  0.9979  1.6792 10.9824
  5.0723  4.2296  0.9972  2.5758 39.0716
  5.6590  2.4990  0.9819  1.5844 20.7040
  4.9710  1.6906  0.9685  0.4811 12.7851
  4.8000  2.6481  0.9722  2.1875 22.2235
  3.9706  1.9282  0.9863  2.2964 15.0490
  6.1640  2.3494  0.9673  0.2452 19.1964
  5.3251  2.8222  0.9940  0.2205 24.0144
  5.2217  1.9403  0.9821  1.6629 15.1667
  3.9950  4.2665  0.9792  1.8585 39.4774
  5.6824  2.1637  0.9859  0.5389 17.3491
  5.2849  3.8058  0.9964  0.4349 34.4449
  5.1178  2.4556  0.9980  0.3399 20.2655
  5.5916  1.1516  0.9879  0.5303  7.9192
  5.4647  2.1957  0.9752  1.4969 17.6653
  6.3482  4.4141  0.9694  1.6967 41.1053
  6.0616  3.3056  0.9943  2.0083 29.0812
  4.7248  3.2237  0.9980  0.6107 28.2141
  5.9490  1.5096  0.9770  2.0319 11.1042
  5.5106  2.0638  0.9843  1.0599 16.3670
  5.1605  2.3020  0.9743  1.7723 18.7224
  6.6860  1.1415  0.7772  0.2531  7.8327
  5.4979  1.4309  0.9848  0.9627 10.3874
  5.1581  3.4100  0.9973  1.2921 30.1915
  6.3740  1.2476  0.9839  1.7816  8.7529
  4.6061  3.6445  0.9948  2.8278 32.7033
  5.1364  0.4884  0.9698  2.3363  2.7456
  5.4296  2.7178  0.9923  1.8327 22.9383
  4.6359  2.4715  0.9765  0.9807 20.4261
  6.0431  2.5986  0.9881  0.3383 21.7173
  5.6971  1.2592  0.9905  1.1877  8.8548
  3.6125  1.2953  0.9680  1.9968  9.1731
  5.5389  1.9223  0.9763  0.4997 14.9926
  5.2793  0.8930  0.9876  2.8491  5.7643
  4.9742  1.7027  0.9802  0.2793 12.8988
  5.3409  2.7857  0.9942  2.8880 23.6375
  5.7653  1.3641  0.9933  0.7129  9.7860
  4.3047  1.7956  0.9782  2.0431 13.7780
  5.2209  3.8693  0.9748  0.9372 35.1339
  5.2036  4.2529  0.9725  1.3566 39.3280
  5.1728  4.3960  0.9870  0.1559 40.9060
  5.5280  1.5796  0.9719  2.1162 11.7492
  5.3917  2.1670  0.9919  1.2584 17.3823
  5.1383  1.7530  0.9804  1.1613 13.3742
  4.3589  2.5832  0.9823  1.2549 21.5603
  4.8950  3.2106  0.9736  1.5031 28.0762
  4.6337  4.4502  0.9815  0.9160 41.5053
  5.0600  2.5611  0.9755  0.6490 21.3354
  6.0757  1.3198  0.9896  0.8726  9.3908
  5.6746  3.4499  0.9899  0.1204 30.6175
  6.2954  2.5727  0.9835  2.0785 21.4532
  5.5383  0.7693  0.9930  2.5817  4.7897
  3.9634  2.8829  0.9727  1.2578 24.6441
  3.9474  2.3941  0.9980  2.2994 19.6454
  5.7644  3.3096  0.9670  0.4962 29.1241
  4.3461  2.0098  0.9958  1.8661 15.8406
  4.1253  4.3099  0.9749  1.7427 39.9558
  5.8083  2.0908  0.9669  2.4370 16.6317
  5.6494  3.1892  0.9968  2.2516 27.8495
  5.1958  2.5659  0.9818  0.7826 21.3843
  5.7715  2.3710  0.9954  0.4874 19.4134
  5.9385  1.1062  0.9703  0.1654  7.5311
  5.6508  3.7550  0.9836  1.6766 33.8953
  4.1402  1.4897  0.9715  1.1225 10.9221
  6.4337  3.2322  0.9845  0.8699 28.3036
  5.1172  0.9296  0.9946  0.8591  6.0607
  3.9956  3.5644  0.9805  0.6620 31.8430
  5.3270  1.6281  0.9782  0.0509 12.2004
  5.4382  2.2341  0.9882  1.5206 18.0464
  5.3888  2.6570  0.9676  0.3306 22.3144
  5.7131  1.9543  0.9860  2.4544 15.3020
  5.3863  3.6061  0.9923  0.3832 32.2904
  5.1646  3.0292  0.9778  1.7482 26.1689
  5.8984  0.8212  0.9874  1.7156  5.1940
  5.7645  3.2829  0.9842  1.1237 28.8404
  4.1098  2.1181  0.9842  2.0476 16.9004
  3.6688  0.9357  0.9781  1.3441  6.1106
  4.6216  3.7013  0.9948  1.1614 33.3157
  5.4527  1.7684  0.9781  0.4870 13.5200
  5.9934  1.7004  0.9870  0.8612 12.8770
  4.4482  0.7991  0.9811  1.2864  5.0205
  4.9912  1.9762  0.9976  0.6697 15.5143
  5.5775  2.0525  0.9945  0.4084 16.2573
  5.4419  3.6762  0.9960  2.1187 33.0445
  3.9248  2.6537  0.9825  0.7690 22.2802
  6.8858  2.9033  0.4940  1.0120 24.8554
  5.2037  1.3153  0.9782  1.9847  9.3506
  3.5477  4.4305  0.9848  0.6734 41.2871
  4.6163  4.4207  0.9805  2.0140 41.1791
  4.1587  2.6726  0.9844  1.9612 22.4741
  5.4715  2.7874  0.9966  0.6117 23.6547
  4.3349  4.2417  0.9934  2.2069 39.2043
  4.9326  4.3590  0.9757  2.0765 40.4967
  5.3505  2.6871  0.9722  2.2272 22.6226
  5.4709  3.6326  0.9924  1.9377 32.5758
  6.4671  1.9732  0.9016  1.5897 15.4849
  5.1029  1.2250  0.9928  0.8709  8.5550
  5.2886  4.0125  0.9733  1.0211 36.6926
  5.7024  0.9763  0.9967  1.4089  6.4425
  5.8838  4.0875  0.9871  0.7894 37.5123
  6.0064  3.4464  0.9980  1.9801 30.5793
  4.4444  1.7026  0.9393  1.3407 12.8981
  4.2986  3.9876  0.9900  0.7086 36.4219
  5.1370  2.7094  0.9980  1.4287 22.8512
  4.7469  3.9472  0.9952  1.4886 35.9815
  4.5952  2.1582  0.9770  1.6519 17.2950
  5.1116  2.6539  0.9751  1.9329 22.2824
  6.8028  0.5303  0.9833  0.8760  3.0329
  5.2373  1.9795  0.9880  0.9789 15.5458
  6.3599  1.9197  0.9757  1.2089 14.9669
  5.3284  3.7566  0.9679  0.9288 33.9124
  3.8064  3.4381  0.9837  1.8873 30.4907
  5.6190  3.5545  0.9750  2.5407 31.7370
  5.9493  3.1337  0.9927  2.8482 27.2649
  5.4517  3.4783  0.9899  1.9210 30.9207
  5.8789  3.4522  0.9668  1.7636 30.6416
  5.5653  3.4896  0.9681  1.2108 31.0410
  4.8331  4.4161  0.9854  1.1064 41.1273
  5.3516  2.0223  0.9815  2.1896 15.9623
  6.0357  1.9114  0.9719  1.5220 14.8870
  3.6534  2.8358  0.9830  1.8601 24.1558
  6.0156  1.4949  0.9863  1.3476 10.9696
  4.9012  4.4408  0.9803  0.1625 41.4016
  4.5327  3.9713  0.9850  0.7819 36.2436
  5.5646  3.3984  0.9901  2.8339 30.0684
  6.7390  2.7068  0.6051  1.0047 22.8246
  5.3423  4.2892  0.9739  0.9666 39.7276
  5.3482  2.4118  0.9879  1.8197 19.8237
  5.2260  2.2354  0.9698  0.7665 18.0589
  5.9947  4.4242  0.9945  2.3194 41.2176
  5.2115  3.1546  0.9777  2.1110 27.4851
  3.6106  3.2529  0.9743  2.1193 28.5229
  4.7813  1.0076  0.9723  0.8085  6.7019
  3.6808  3.8541  0.9825  1.8287 34.9694
  4.3152  1.4396  0.9756  1.2487 10.4662
  6.2610  0.6672  0.9875  1.8566  4.0164
  4.6662  1.3583  0.9746  2.1669  9.7340
  5.8704  1.2283  0.9539  2.1203  8.5837
  5.3730  3.3142  0.9833  2.7073 29.1721
  4.1490  3.7091  0.9977  1.7479 33.3996
  5.0053  1.1334  0.9926  1.3584  7.7631
  5.7810  0.7775  0.9921  0.1332  4.8531
  5.5855  3.3050  0.9721  1.9068 29.0751
  5.4136  1.5843  0.9728  1.0061 11.7928
  4.5963  2.4779  0.9813  1.0869 20.4909
  5.6782  1.9755  0.9891  1.4134 15.5067
  4.8460  2.8237  0.9889  1.2339 24.0297
  4.4622  4.3395  0.9686  1.5667 40.2818
  5.8373  2.5574  0.9905  2.7072 21.2975
  5.2851  2.1032  0.9870  1.6108 16.7534
  5.8606  3.5749  0.9951  1.0194 31.9555
  5.6843  2.3631  0.9682  0.3056 19.3341
  4.9921  1.0958  0.9806  1.0950  7.4426
  5.1438  1.4790  0.9799  1.5514 10.8246
  5.7478  2.2779  0.9741  1.9748 18.4822
  4.9725  1.4298  0.9802  0.2897 10.3775
  5.0116  0.9886  0.9745  1.1262  6.5442
  5.1000  4.0954  0.9977  0.8565 37.5988
  6.4799  2.1736  0.9224  2.3223 17.4469
  5.8783  2.7211  0.9712  0.6036 22.9715
  5.2147  2.8069  0.9959  1.8345 23.8568
  5.6359  2.1577  0.9885  1.7137 17.2903
  5.0703  3.0965  0.9919  3.0529 26.8739
  5.2514  0.8945  0.9970  2.9845  5.7764
  3.9450  4.3446  0.9948  0.8845 40.3385
  4.8467  1.6975  0.9726  1.1091 12.8505
  6.1867  1.5120  0.9962  0.3507 11.1264
  4.9124  3.9272  0.9836  1.9385 35.7634
  6.0059  2.5535  0.9930  1.1217 21.2580
  5.1068  2.1607  0.9845  1.7362 17.3199
  5.4407  1.7216  0.9760  0.9135 13.0769
  5.0967  3.7782  0.9766  1.7630 34.1461
  6.2140  2.0780  0.9841  2.6601 16.5068
  5.4741  4.4237  0.9794  0.1933 41.2122
  5.6995  1.6509  0.9900  1.2978 12.4127
  4.8598  1.8773  0.9815  2.8974 14.5594
  4.9942  2.8201  0.9968  1.7735 23.9929
  5.4860  3.6351  0.9774  1.8892 32.6022
  6.3247  3.1917  0.9980  1.3288 27.8766
  5.5520  1.4374  0.9867  2.2028 10.4460
  4.7192  4.3033  0.9838  1.2436 39.8827
  4.4694  2.0335  0.9832  2.0816 16.0712
  5.6551  1.2378  0.9828  1.2181  8.6669
  5.2928  1.9910  0.9735  1.1295 15.6572
  5.5656  3.5178  0.9781  1.5360 31.3434
  5.7089  2.3632  0.9980  0.3181 19.3349
  5.2765  3.0324  0.9850  0.8405 26.2024
  5.8541  2.8332  0.9918  0.4072 24.1285
  5.0898  0.4600  0.9842  1.0365  2.5545
  5.6328  2.8296  0.9980  0.7957 24.0910
  4.7903  3.3318  0.9940  2.3257 29.3594
  5.9212  0.8328  0.9845  1.1651  5.2850
  5.0433  1.6712  0.9895  0.3633 12.6027
  5.2638  1.5877  0.9980  1.8359 11.8243
  5.3571  3.7233  0.9908  0.6406 33.5534
  4.9684  1.5147  0.9913  0.5587 11.1515
  5.5590  2.8496  0.9947  2.5069 24.2986
  5.1375  3.6860  0.9963  0.5064 33.1505
  5.0641  1.8132  0.9674  0.6641 13.9460
  4.4791  4.0815  0.9699  0.8816 37.4469
  5.6900  1.4855  0.9783  1.7471 10.8842
  5.3563  3.4670  0.9957  0.6419 30.7996
  4.3759  2.8468  0.9946  2.5289 24.2692
  5.7512  1.4229  0.9945  0.4365 10.3153
  5.5514  2.9062  0.9667  1.3984 24.8857
  5.7546  1.8107  0.9708  1.4489 13.9216
  5.5868  4.4148  0.9729  1.6687 41.1131
  6.5811  3.3501  0.9080  1.5148 29.5540
  5.6175  3.9850  0.9925  0.2854 36.3931
  5.3566  2.0061  0.9781  1.8494 15.8047
  5.8120  2.9637  0.9905  0.7526 25.4844
  5.4951  1.7607  0.9773  2.8742 13.4468
  6.1448  1.4507  0.9804  1.5287 10.5667
  4.0893  4.3911  0.9980  0.5435 40.8515
  5.2235  4.2934  0.9831  0.7362 39.7732
  5.2542  2.3389  0.9836  1.2271 19.0916
  5.5838  3.2896  0.9715  0.1404 28.9120
  4.0422  3.4340  0.9743  0.4767 30.4470
  5.5734  1.0858  0.9762  0.9685  7.3576
  5.4046  3.4294  0.9864  0.9439 30.3983
  6.1756  1.9351  0.9930  1.3839 15.1160
  5.9902  1.3618  0.9707  1.2867  9.7649
  5.2587  2.7056  0.9841  0.8369 22.8129
  4.2517  4.0351  0.9696  2.4138 36.9397
  4.3128  4.0720  0.9685  0.9716 37.3430
  5.0134  2.4039  0.9784  1.5722 19.7441
  5.8723  1.5377  0.9829  1.6427 11.3628
  5.1580  4.3825  0.9787  0.8760 40.7565
  3.8458  0.4573  0.9737  2.5011  2.5360
  6.5171  1.3858  0.8647  1.0946  9.9801
  6.0364  3.6776  0.9920  2.1861 33.0596
  5.2870  2.0843  0.9672  1.8050 16.5684
  4.4094  2.7118  0.9950  2.1039 22.8765
  4.5967  3.0497  0.9959  1.7552 26.3834
  5.2460  2.1454  0.9670  2.0783 17.1686
  5.0509  1.5473  0.9717  2.4558 11.4508
  5.3710  2.6834  0.9951  1.2575 22.5845
  6.0673  2.5128  0.9776  1.5732 20.8447
  5.8823  2.3141  0.9925  1.6686 18.8438
  4.2156  2.8088  0.9863  1.1796 23.8756
  5.2317  1.9405  0.9802  0.8830 15.1679
  3.6130  1.4121  0.9813  0.5640 10.2175
  5.4703  3.2383  0.9699  2.7192 28.3686
  4.7461  1.2245  0.9886  1.2293  8.5507
  5.4478  0.9568  0.9676  2.1951  6.2831
  5.1907  0.5591  0.9854  1.3691  3.2345
  6.0580  0.7267  0.9980  0.8877  4.4631
  5.7677  1.1178  0.9960  1.4510  7.6302
  5.6461  1.8281  0.9704  1.9551 14.0877
  4.7172  2.6198  0.9925  1.6156 21.9333
  4.5391  1.7370  0.9980  1.3751 13.2228
  5.6532  2.0762  0.9788  1.6876 16.4889
  5.9634  1.6354  0.9890  1.9531 12.2684
  5.3979  2.5661  0.9829  0.3771 21.3859
  4.7229  3.5096  0.9840  2.3515 31.2549
  4.7458  4.2306  0.9717  1.0765 39.0820
  4.7809  2.7430  0.9674  1.8728 23.1977
  5.0410  1.3660  0.9767  0.9780  9.8028
  5.0654  3.2314  0.9866  1.8010 28.2960
  5.6769  2.2642  0.9723  2.6280 18.3454
  5.8183  2.6279  0.9738  0.4468 22.0163
  5.6929  1.1805  0.9748  0.3346  8.1683
  5.0617  2.7546  0.9980  1.2973 23.3172
  5.3123  3.5345  0.9873  2.7931 31.5223
  5.1668  0.7882  0.9759  1.1899  4.9356
  3.9060  2.2691  0.9817  1.8509 18.3943
  5.4096  3.8748  0.9861  1.5932 35.1938
  5.3056  4.3395  0.9690  2.1796 40.2815
  5.6891  4.2696  0.9724  1.6970 39.5118
  5.8946  2.3346  0.9905  2.5205 19.0484
  6.0953  1.9704  0.9963  2.8786 15.4579
  5.5115  4.2452  0.9973  1.4229 39.2430
  5.2665  2.6940  0.9837  0.6095 22.6931
  5.4468  4.2056  0.9777  0.1659 38.8077
  5.5870  2.4245  0.9694  0.8786 19.9516
  4.9579  1.7967  0.9830  2.5453 13.7884
  6.4304  1.3161  0.9672  1.1599  9.3579
  4.9004  0.5342  0.9702  1.2572  3.0605
  4.0930  3.4924  0.9848  1.1084 31.0712
  5.2801  4.1135  0.9839  0.3186 37.7972
  4.4053  4.4478  0.9908  1.4076 41.4787
  3.6121  0.5338  0.9709  0.6661  3.0577
  4.1995  1.7661  0.9897  1.5219 13.4984
  5.5340  1.1289  0.9951  1.5360  7.7249
  4.8141  4.4356  0.9800  1.9212 41.3437
  5.5938  2.5553  0.9874  2.6340 21.2765
  6.1065  0.2159  0.9782  1.2080  1.0583
  3.8865  1.8100  0.9772  1.0529 13.9155
  5.8144  1.6179  0.9673  0.8297 12.1052
  4.9495  4.0492  0.9929  0.8988 37.0943
  4.6377  1.9052  0.9831  1.7559 14.8277
  5.6447  2.4748  0.9849  2.4103 20.4594
  5.6900  3.0030  0.9772  1.7396 25.8948
  5.1364  3.0631  0.9957  1.8459 26.5238
  5.0738  1.7776  0.9693  0.6675 13.6074
  4.1022  0.8437  0.9688  1.5981  5.3715
  5.0688  1.8234  0.9803  1.6907 14.0428
  6.0741  3.9554  0.9933  0.8804 36.0702
  5.3200  1.1946  0.9682  1.4221  8.2910
  5.8159  3.9982  0.9865  0.7197 36.5367
  4.8292  2.8925  0.9886  0.4050 24.7432
  5.5254  2.0591  0.9709  2.4595 16.3210
  4.9144  2.6565  0.9682  1.4455 22.3094
  4.9039  3.6564  0.9961  0.4737 32.8312
  5.0876  3.4421  0.9811  0.2067 30.5339
  6.7999  0.5460  0.9799  1.8308  3.1429
  5.0872  3.1105  0.9980  0.6989 27.0209
  4.5697  2.5644  0.9816  0.2479 21.3688
  4.8252  1.9031  0.9769  2.2087 14.8076
  5.8053  2.3360  0.9780  0.7087 19.0628
  5.4652  2.3017  0.9876  0.6643 18.7194
  4.7095  4.3316  0.9694  0.9843 40.1950
  5.2937  0.9974  0.9869  0.5060  6.6175
  5.2268  1.2230  0.9760  0.5402  8.5381
  5.9768  3.4282  0.9831  2.0700 30.3851
  5.2743  2.4512  0.9668  0.6756 20.2206
  5.4375  2.8067  0.9701  2.5452 23.8548
  5.1240  2.9945  0.9899  1.1452 25.8056
  4.3151  4.1880  0.9838  0.8584 38.6146
  4.9821  2.5404  0.9686  0.7274 21.1245
  6.0429  2.6015  0.9971  1.5183 21.7465
  5.2917  0.6482  0.9908  1.3862  3.8761
  4.7895  2.0417  0.9767  0.1610 16.1511
  4.9871  4.0393  0.9863  1.3728 36.9854
  5.0539  1.2605  0.9853  0.2935  8.8662
  4.8043  3.0771  0.9886  0.7860 26.6706
  4.3310  2.7168  0.9825  1.4568 22.9275
  5.4306  3.4767  0.9733  1.1420 30.9035
  4.9399  2.2085  0.9689  1.6599 17.7928
  5.2977  4.4113  0.9965  1.2282 41.0749
  4.1058  2.6608  0.9929  0.6256 22.3532
  5.1584  1.3300  0.9777  0.7425  9.4810
  3.5751  2.6604  0.9964  0.8473 22.3488
  5.0200  4.0266  0.9830  0.6346 36.8466
  6.3550  3.1620  0.9975  1.2469 27.5636
  5.5480  1.6795  0.9938  0.6310 12.6811
  5.4203  3.6361  0.9734  1.1996 32.6130
  3.7424  3.7973  0.9720  0.8022 34.3529
  3.6868  4.0472  0.9910  1.6321 37.0720
  5.6470  3.6254  0.9725  2.9333 32.4978
  5.1210  3.7275  0.9929  1.8747 33.5982
  5.6208  2.5837  0.9869  0.8818 21.5651
  5.0600  2.6826  0.9723  1.7054 22.5763
  4.7899  1.5199  0.9757  1.7836 11.1995
  5.2050  3.1590  0.9980  0.3272 27.5311
  5.9943  1.7091  0.9691  0.7601 12.9597
  6.2416  4.2539  0.9869  1.9341 39.3385
  4.1128  2.6426  0.9786  0.6984 22.1671
  6.8153  1.4194  0.7710  1.6146 10.2833
  6.0504  2.1226  0.9788  2.1107 16.9446
  5.3129  3.3418  0.9873  2.5348 29.4654
  5.9996  2.8561  0.9744  0.8768 24.3658
  5.2685  2.6507  0.9814  0.4524 22.2492
  5.5553  3.7535  0.9687  2.4581 33.8795
  5.8215  2.0638  0.9980  0.7308 16.3675
  5.5419  4.1081  0.9753  2.6265 37.7384
  5.0794  2.9797  0.9885  2.2308 25.6510
  4.6438  1.5823  0.9893  0.6881 11.7746
  5.2494  2.4829  0.9969  1.3080 20.5409
  4.7523  2.9974  0.9822  0.3478 25.8363
  5.6972  1.2752  0.9745  2.1437  8.9956
  6.0046  3.4658  0.9853  0.3543 30.7868
  6.6370  4.0611  0.6383  2.0135 37.2240
  5.1921  1.8797  0.9893  0.4302 14.5821
  5.7326  3.3828  0.9852  2.0657 29.9018
  4.8886  1.8966  0.9832  1.1913 14.7450
  4.8975  2.9350  0.9956  1.0126 25.1848
  4.3011  3.4786  0.9827  1.7126 30.9234
  4.6811  2.1256  0.9814  0.1745 16.9736
  6.1155  2.8583  0.9894  2.1125 24.3888
  4.8622  1.9307  0.9783  1.4105 15.0738
  4.5674  1.5973  0.9756  0.8856 11.9136
  5.4334  3.9366  0.9670  2.7048 35.8655
  6.4655  1.9031  0.9829  1.0463 14.8075
  5.5911  3.7501  0.9884  0.6321 33.8427
  5.6443  3.1830  0.9732  1.5253 27.7846
  6.1474  4.0609  0.9707  1.3612 37.2220
  5.1180  2.2068  0.9884  0.2365 17.7753
  5.2258  2.4088  0.9980  0.9430 19.7937
  5.1633  1.3356  0.9692  0.7775  9.5309
  6.3393  2.1106  0.9804  0.3840 16.8259
  5.3526  2.9931  0.9934  0.5706 25.7913
  5.2011  2.9395  0.9940  2.4328 25.2318
  5.3198  3.4782  0.9937  0.9370 30.9194
  5.1447  3.3242  0.9937  0.2939 29.2788
  6.2963  2.4444  0.9692  1.6917 20.1520
  5.7530  1.4885  0.9735  0.8498 10.9115
  6.9330  0.4354  0.9885  1.3808  2.3916
  5.3316  4.1070  0.9842  1.8114 37.7260
  5.2471  1.8647  0.9743  1.2537 14.4380
  5.6727  3.3141  0.9694  0.3232 29.1713
  4.5171  2.5827  0.9855  2.0085 21.5550
  4.6690  2.0405  0.9937  0.4452 16.1392
  5.2051  0.7500  0.9885  2.1481  4.6414
  5.0993  2.7706  0.9841  1.1331 23.4821
  5.2840  3.6662  0.9869  0.6393 32.9369
  5.7156  2.3313  0.9891  1.9155 19.0154
  5.4434  2.4121  0.9886  0.5436 19.8268
  4.8599  1.6566  0.9750  1.0542 12.4662
  3.8792  3.0368  0.9889  0.7239 26.2484
  5.2074  1.1813  0.9911  0.5214  8.1754
  5.7921  2.9102  0.9948  0.4133 24.9269
  4.1222  2.2920  0.9898  0.9781 18.6225
  4.2868  2.1359  0.9759  2.0396 17.0755
  5.3436  0.5782  0.9863  1.0560  3.3699
  4.4489  3.4540  0.9883  0.7327 30.6609
  5.5554  1.7143  0.9976  0.7764 13.0082
  4.3911  3.2398  0.9884  2.0911 28.3841
  4.1550  1.6022  0.9773  2.0350 11.9597
  5.5482  2.2855  0.9817  0.5000 18.5579
  5.4835  3.0537  0.9736  0.3965 26.4253
  5.8328  1.5217  0.9888  1.3616 11.2156
  6.9222  1.4700  0.5659  1.1342 10.7424
  4.1524  2.3278  0.9964  1.7392 18.9804
  5.2164  2.8813  0.9814  1.3139 24.6274
  5.1628  3.9778  0.9895  0.7485 36.3142
  4.9769  2.6772  0.9715  2.4376 22.5215
  4.5547  1.8668  0.9750  2.0387 14.4587
  4.5168  2.7204  0.9772  2.2891 22.9645
  4.4302  1.7830  0.9864  0.6864 13.6581
  5.8095  2.0521  0.9788  1.8406 16.2527
  5.8796  3.5991  0.9980  2.7926 32.2156
  4.6896  3.2917  0.9907  1.3231 28.9334
  6.0775  2.5595  0.9980  0.0526 21.3186
  5.2554  3.9053  0.9921  0.7835 35.5256
  5.7147  3.2334  0.9913  0.5338 28.3167
  5.1073  1.2188  0.9971  1.7261  8.5010
  5.6875  0.1391  0.9922  1.0428  0.6499
  5.4326  2.2626  0.9968  2.3240 18.3296
  5.8448  1.3720  0.9701  1.0404  9.8562
  5.8761  0.5760  0.9869  1.0027  3.3541
  5.1590  1.1236  0.9856  0.4912  7.6796
  5.3664  3.5678  0.9956  1.8188 31.8792
  4.7456  4.1012  0.9697  0.8417 37.6625
  5.3756  2.7731  0.9719  1.2135 23.5076
  4.6044  3.5271  0.9775  2.7199 31.4424
  6.5193  3.4646  0.8673  1.6721 30.7746
  4.0453  3.3949  0.9782  2.0110 30.0302
  4.9069  3.1074  0.9737  0.8230 26.9887
  5.5818  1.9415  0.9675  0.6098 15.1781
  5.3963  3.4944  0.9917  1.9551 31.0932
  5.1939  2.0009  0.9849  0.2938 15.7537
  5.6339  3.9186  0.9956  2.1034 35.6696
  5.4763  3.8016  0.9823  1.6494 34.3999
  5.5955  3.7320  0.9810  0.5740 33.6474
  5.7281  2.7157  0.9918  1.8624 22.9161
  6.3652  0.6135  0.9767  1.2516  3.6235
  5.0077  3.2756  0.9791  1.5094 28.7628
  5.6628  3.0254  0.9669  0.9350 26.1293
  5.3143  1.4958  0.9733  3.0696 10.9779
  5.4536  3.2638  0.9788  2.0349 28.6385
  5.5287  2.9609  0.9725  1.3613 25.4553
  5.0236  2.0213  0.9887  2.8277 15.9521
  5.2038  1.4827  0.9678  1.7207 10.8590
  6.2413  2.1249  0.9859  2.0081 16.9670
  5.1114  1.1933  0.9788  2.3614  8.2793
  6.6747  1.6804  0.6243  0.7393 12.6891
  5.3565  2.8742  0.9812  1.4063 24.5537
  6.7527  2.0779  0.5963  0.7848 16.5057
  4.5868  0.8507  0.9729  0.8220  5.4264
  5.4744  3.6241  0.9672  1.0196 32.4835
  5.3190  3.6111  0.9734  0.2794 32.3439
  5.0644  3.3080  0.9826  0.5660 29.1071
  5.6333  2.9576  0.9682  1.1028 25.4203
  6.1940  1.8491  0.9681  0.2025 14.2893
  6.8560  1.6428  0.9758  0.2771 12.3376
  5.0992  3.8017  0.9784  0.5362 34.4005
  5.0481  1.7508  0.9689  0.6742 13.3531
  5.9110  3.4800  0.9700  1.4954 30.9385
  4.7033  3.9429  0.9676  1.6774 35.9343
  5.9064  1.3603  0.9731  1.3041  9.7513
  6.1712  2.8286  0.9837  1.2200 24.0813
  4.9176  1.6038  0.9980  1.1510 11.9743
  4.8903  2.7071  0.9728  1.3386 22.8280
  5.4001  1.9239  0.9863  1.1429 15.0080
  5.2583  0.5620  0.9691  0.7100  3.2547
  6.1049  2.4532  0.9796  0.8475 20.2409
  4.5748  4.4729  0.9713  2.1494 41.7564
  5.0692  1.2649  0.9924  0.2466  8.9049
  4.8444  2.4323  0.9814  0.4842 20.0306
  4.2763  2.8462  0.9980  0.9145 24.2633
  5.1529  4.0087  0.9776  1.6941 36.6512
  4.5326  4.0778  0.9719  2.2720 37.4068
  5.5176  3.1728  0.9681  0.6228 27.6764
  5.2864  2.0315  0.9712  0.9824 16.0520
  5.4257  3.8088  0.9980  1.4118 34.4782
  6.1105  1.5182  0.9749  0.5954 11.1831
  5.2559  0.4881  0.9948  2.8783  2.7435
  5.3098  4.0335  0.9958  1.4097 36.9227
  6.5784  2.1435  0.9129  0.4487 17.1499
  5.2409  1.4734  0.9795  1.7611 10.7733
  4.5941  3.0317  0.9902  1.1790 26.1945
  4.7138  4.0588  0.9898  1.1424 37.1989
  5.3347  3.4381  0.9760  0.6521 30.4912
  6.0062  3.0628  0.9908  0.1090 26.5205
  5.9959  1.4581  0.9731  0.5555 10.6342
  5.6568  2.8284  0.9712  1.7698 24.0784
  5.4147  1.6713  0.9898  1.0924 12.6043
  4.8289  1.7781  0.9840  1.5589 13.6116
  5.3684  3.8081  0.9796  1.6110 34.4706
  5.2566  2.3137  0.9799  0.8279 18.8397
  5.3980  0.6157  0.9827  1.1574  3.6394
  6.0454  0.9495  0.9801  0.4785  6.2226
  6.2287  1.4189  0.9678  0.3682 10.2788
  5.2644  1.3854  0.9944  1.3446  9.9765
  5.0313  2.7254  0.9961  0.1757 23.0163
  5.7581  1.7221  0.9734  0.3681 13.0816
  6.3597  1.0731  0.9777  0.2936  7.2504
  4.7682  2.8179  0.9779  1.6990 23.9699
  6.8262  1.3989  0.9791  3.0167 10.0980
  4.2103  0.6422  0.9691  1.0808  3.8322
  5.9916  2.6728  0.9968  1.7675 22.4757
  5.2108  2.7282  0.9938  1.4939 23.0447
  5.1517  4.2071  0.9910  0.8426 38.8238
  6.0467  2.0106  0.9980  1.2694 15.8483
  4.9221  3.7838  0.9945  2.7120 34.2076
  5.1399  4.3366  0.9750  0.0685 40.2494
  4.4436  3.0527  0.9786  0.4874 26.4143
  4.3543  1.5693  0.9782  1.3954 11.6540
  4.9912  1.7048  0.9690  1.7429 12.9191
  5.2938  2.9166  0.9980  1.5238 24.9941
  6.3962  0.2354  0.9697  1.9959  1.1671
  4.1406  3.2354  0.9819  0.9668 28.3380
  6.4161  3.4971  0.9644  2.7459 31.1211
  5.1651  0.4879  0.9719  1.4595  2.7420
  4.9308  2.0388  0.9616  1.5677 16.1230
  4.7912  1.8229  0.9808  1.8960 14.0381
  4.8089  2.4909  0.9781  0.6351 20.6228
  3.6310  3.0049  0.9860  0.7732 25.9141
  5.4829  3.8176  0.9694  1.4527 34.5737
  5.5657  1.4308  0.9696  1.9725 10.3867
  4.4237  0.8131  0.9971  0.9782  5.1304
  5.4421  1.5369  0.9931  0.9158 11.3550
  5.0153  2.1939  0.9833  2.1983 17.6474
  5.6968  4.2769  0.9762  0.3667 39.5914
  5.2124  1.0219  0.9946  1.1649  6.8206
  4.7658  3.2046  0.9749  0.3644 28.0124
  4.5539  2.3260  0.9832  0.6613 18.9619
  5.2392  3.3484  0.9980  1.9933 29.5353
  5.1035  2.3309  0.9667  2.9238 19.0115
  5.7391  2.8024  0.9872  1.9329 23.8104
  4.8424  3.3687  0.9843  0.4898 29.7521
  6.1034  4.3778  0.9808  2.5749 40.7046
  5.3350  3.9025  0.9672  2.4666 35.4953
  5.2939  2.4056  0.9731  1.1306 19.7607
  5.0999  1.4523  0.9682  0.4903 10.5814
  5.6886  2.3197  0.9941  1.5059 18.8991
  5.2814  2.8903  0.9785  2.1544 24.7210
  5.4861  1.8707  0.9865  2.1206 14.4961
  4.4745  2.0874  0.9980  1.3063 16.5989
  5.1809  2.3498  0.9845  1.5779 19.2010
  5.6855  2.8693  0.9694  0.8357 24.5025
  6.2007  2.5179  0.9880  1.2053 20.8960
  5.3501  1.4882  0.9926  0.2513 10.9084
  4.6785  3.6315  0.9693  0.4282 32.5638
  5.6006  1.7755  0.9930  1.8376 13.5870
  3.7564  2.1463  0.9681  1.7258 17.1777
  4.2611  1.0976  0.9743  0.4932  7.4583
  5.2214  1.6421  0.9724  0.8508 12.3308
  5.4498  1.2565  0.9906  1.4120  8.8314
  5.5957  2.0946  0.9758  0.4778 16.6694
  4.7311  1.2149  0.9980  0.8126  8.4676
  5.1733  3.1775  0.9938  0.6251 27.7265
  4.7285  3.0134  0.9980  0.5504 26.0034
  4.9907  3.1466  0.9761  0.6180 27.4008
  5.2370  2.7473  0.9668  1.2012 23.2417
  5.6320  1.9375  0.9713  1.7313 15.1394
  5.0547  3.7814  0.9758  1.5848 34.1817
  3.8606  1.1301  0.9856  1.5354  7.7346
  5.4391  1.2552  0.9785  2.1342  8.8195
  5.6692  3.9444  0.9693  1.9441 35.9512
  5.2947  4.4444  0.9880  2.2069 41.4413
  6.2177  3.7243  0.9980  1.9088 33.5644
  3.9164  3.8057  0.9909  0.8181 34.4447
  4.6385  1.8284  0.9955  2.6551 14.0907
  3.5102  3.5337  0.9756  1.9615 31.5138
  6.6891  1.3158  0.6344  2.2763  9.3549
  5.2293  2.2652  0.9750  1.7385 18.3554
  5.8369  4.3396  0.9754  1.7224 40.2833
  4.9650  1.0383  0.9733  0.9863  6.9581
  5.5854  1.2301  0.9857  0.9839  8.6002
  5.2059  1.0870  0.9867  1.3892  7.3679
  6.7074  3.2481  0.6758  2.5015 28.4718
  6.3192  1.1383  0.9912  2.3441  7.8054
  5.2413  1.6508  0.9836  1.3208 12.4126
  4.5715  2.4669  0.9766  0.3825 20.3791
  5.6671  2.4917  0.9836  2.1146 20.6309
  5.2823  1.1987  0.9736  1.4752  8.3261
  5.6555  2.7869  0.9698  1.4286 23.6499
  5.6725  3.2945  0.9901  1.6594 28.9637
  3.8759  1.9836  0.9709  0.5022 15.5859
  5.0636  1.3014  0.9819  0.5463  9.2274
  4.5250  4.1685  0.9768  0.8144 38.4001
  6.5511  1.3317  0.8088  1.0657  9.4966
  5.1874  0.4321  0.9918  1.5396  2.3700
  5.5632  0.6925  0.9921  1.6807  4.2053
  6.4368  1.6633  0.9876  1.2945 12.5290
  5.3517  3.7749  0.9764  2.1305 34.1109
  5.3698  2.5840  0.9708  0.8144 21.5685
  5.5015  1.3723  0.9869  2.0394  9.8588
  4.7259  2.1341  0.9724  1.8526 17.0569
  5.3645  1.3470  0.9980  1.2298  9.6326
  5.3386  3.4048  0.9784  0.5520 30.1355
  5.7376  3.0296  0.9715  2.4508 26.1727
  5.7227  1.6857  0.9734  0.4233 12.7396
  4.0425  4.1466  0.9787  0.2931 38.1599
  3.9507  1.2605  0.9841  0.2796  8.8663
  4.4057  0.8695  0.9854  0.5150  5.5763
  5.0481  3.3398  0.9686  1.0289 29.4445
  5.4826  3.6989  0.9961  2.0477 33.2896
  6.1830  1.5435  0.9705  1.1120 11.4164
  5.1227  1.9515  0.9873  1.8454 15.2742
  4.9788  4.0603  0.9969  1.3270 37.2154
  5.3854  2.6287  0.9891  2.9989 22.0244
  4.5092  1.8128  0.9809  1.5783 13.9418
  5.1665  3.9452  0.9959  1.8502 35.9597
  4.0110  4.1827  0.9866  2.6051 38.5562
  4.3621  2.5639  0.9683  0.8014 21.3638
  6.0677  2.5307  0.9956  1.2248 21.0255
  5.8320  2.9304  0.9931  1.9872 25.1370
  6.0723  1.1043  0.9894  2.8152  7.5152
  3.6320  3.6588  0.9806  2.4748 32.8571
  5.8173  0.6787  0.9757  1.0744  4.1020
  5.7932  4.3352  0.9970  1.6153 40.2345
  5.0346  1.4427  0.9950  1.3524 10.4943
  6.1436  0.8915  0.9433  0.4347  5.7527
  4.8816  4.0220  0.9935  0.7652 36.7971
  4.9540  2.0619  0.9800  2.1114 16.3493
  5.1834  4.0089  0.9861  0.7711 36.6538
  4.0030  3.0646  0.9738  1.7350 26.5390
  5.2054  1.6801  0.9784  1.0561 12.6862
  4.6454  1.6878  0.9822  2.5397 12.7585
  3.6763  3.8439  0.9916  1.4304 34.8588
  5.7585  4.0703  0.9823  1.7492 37.3248
  5.6301  0.7613  0.9728  0.8235  4.7278
  4.8741  1.3843  0.9802  1.2848  9.9667
  5.5716  3.4818  0.9723  0.2056 30.9575
  5.4418  0.8455  0.9966  0.7572  5.3853
  5.1759  3.8959  0.9791  2.2625 35.4234
  4.4658  2.9421  0.9980  2.2168 25.2597
  4.9747  1.8600  0.9911  2.2190 14.3935
  5.7442  4.0382  0.9685  2.2071 36.9735
  5.3187  4.0618  0.9747  2.3052 37.2315
  5.8506  0.1561  0.9917  2.0241  0.7378
  4.9058  1.9856  0.9767  1.0232 15.6055
  5.4649  3.0366  0.9867  1.6701 26.2462
  5.9787  3.4037  0.9931  1.9419 30.1242
  5.0460  3.3919  0.9907  2.3252 29.9985
  4.6956  4.2280  0.9867  2.5511 39.0539
  4.4303  0.8063  0.9746  1.0564  5.0771
  3.6464  4.2543  0.9816  1.0263 39.3425
  5.8603  2.7879  0.9787  2.6762 23.6607
  6.8249  1.0797  0.5860  0.4047  7.3059
  5.8056  2.6674  0.9921  0.7614 22.4205
  5.5271  4.0505  0.9968  0.5084 37.1081
  5.5592  1.0973  0.9749  1.2904  7.4551
  5.5170  2.1901  0.9831  0.6391 17.6103
  5.5336  1.6893  0.9859  1.2605 12.7731
  4.0808  4.0040  0.9975  0.9820 36.6006
  5.1622  0.5711  0.9673  1.3415  3.3194
  6.4700  2.2163  0.9643  2.5459 17.8702
  5.3616  3.7274  0.9750  1.4465 33.5977
  4.8633  2.8821  0.9838  2.4546 24.6349
  4.4026  3.5643  0.9978  0.7208 31.8421
  5.1970  2.7528  0.9687  2.0082 23.2982
  5.9419  1.6104  0.9907  2.1149 12.0357
  5.3456  2.8460  0.9921  1.1219 24.2610
  5.5378  4.0666  0.9918  2.4475 37.2840
  4.7287  3.7446  0.9928  2.9563 33.7835
  5.2267  3.1698  0.9899  0.8667 27.6455
  4.4827  2.5636  0.9766  1.2261 21.3603
  6.0111  0.5231  0.9855  2.0428  2.9833
  4.9263  4.3467  0.9785  2.5077 40.3613
  4.5525  3.8628  0.9844  0.6522 35.0640
  5.9607  2.8427  0.9945  0.6736 24.2273
  5.2783  4.1955  0.9888  0.5107 38.6963
  4.2477  2.8908  0.9814  1.0036 24.7258
  5.2279  0.8932  0.9696  0.5825  5.7664
  5.4844  4.4767  0.9754  1.2461 41.7984
  4.4111  3.5136  0.9980  2.1321 31.2977
  4.5606  1.8932  0.9980  1.2451 14.7121
  5.1915  1.7858  0.9810  1.7862 13.6851
  5.1100  2.7922  0.9731  0.3486 23.7043
  4.7937  0.9094  0.9698  1.8360  5.8973
  5.8207  1.6774  0.9849  2.2419 12.6615
  4.8406  2.1299  0.9886  1.8854 17.0158
  6.5075  2.9880  0.7070  0.4225 25.7377
  6.2625  1.3954  0.9790  0.9859 10.0668
  6.8425  1.4217  0.6526  0.9003 10.3038
  5.0880  2.1610  0.9904  1.4243 17.3226
  5.7052  1.8725  0.9904  1.4084 14.5136
  4.1393  3.3959  0.9801  2.0027 30.0416
  5.9222  1.9724  0.9809  1.7452 15.4772
  5.3671  1.5630  0.9935  0.9140 11.5962
  5.0131  3.0492  0.9769  1.3309 26.3775
  5.8930  3.2471  0.9883  2.7451 28.4616
  5.9362  1.5536  0.9902  1.1610 11.5094
  5.4810  3.7037  0.9794  0.6424 33.3412
  5.3425  1.5295  0.9870  0.5178 11.2874
  3.9800  2.1611  0.9898  1.6639 17.3236
  6.0478  2.2076  0.9812  1.8102 17.7835
  5.5244  3.8462  0.9695  1.3830 34.8831
  5.9423  1.5335  0.9898  1.8359 11.3240
  6.6566  3.0848  0.6289  1.1804 26.7513
  4.9790  3.9977  0.9827  2.2115 36.5313
  4.7148  3.1551  0.9840  0.9921 27.4900
  5.1096  1.6968  0.9878  1.8361 12.8434
  4.9793  3.9702  0.9898  1.9122 36.2323
  6.6585  1.0560  0.8765  0.9726  7.1067
  3.7899  2.3821  0.9876  1.7198 19.5247
  4.9526  3.8741  0.9772  0.4901 35.1867
  5.4778  1.8619  0.9750  2.4607 14.4112
  5.5381  2.3431  0.9696  1.2193 19.1337
  4.0252  2.8276  0.9904  2.7411 24.0705
  5.0917  1.6308  0.9862  1.7563 12.2252
  3.7029  1.6400  0.9905  0.1488 12.3110
  4.3502  2.4195  0.9959  0.8379 19.9013
  5.8844  0.7671  0.9870  1.9680  4.7722
  5.0631  3.6214  0.9745  0.4913 32.4548
  5.3908  1.3965  0.9972  0.9012 10.0768
  4.1035  3.7755  0.9893  1.1507 34.1179
  5.2545  2.1656  0.9795  1.5322 17.3677
  5.4265  0.9892  0.9733  1.0049  6.5496
  4.9226  0.7884  0.9953  1.3535  4.9377
  5.6031  2.5895  0.9788  2.2058 21.6249
  6.0195  0.8450  0.9860  1.9244  5.3814
  5.3252  3.2886  0.9683  0.8213 28.9010
  6.6011  1.7602  0.6696  2.0311 13.4425
  4.6445  0.9991  0.9777  0.4077  6.6314
  6.2419  4.0171  0.9887  1.6599 36.7437
  5.4192  3.7756  0.9980  2.0325 34.1183
  4.1641  0.5770  0.9980  0.8534  3.3615
  4.8595  2.4682  0.9980  0.2806 20.3923
  5.1339  3.4330  0.9831  0.5180 30.4372
  5.3308  3.3424  0.9726  2.8319 29.4717
  5.0010  1.5604  0.9708  0.7195 11.5719
  5.0592  3.9813  0.9894  0.7805 36.3525
  6.4062  2.5153  0.8725  1.1794 20.8693
  4.8102  3.2547  0.9980  2.1761 28.5419
  6.0098  1.8851  0.9926  2.9894 14.6340
  4.2666  2.0067  0.9765  0.8829 15.8107
  6.5756  0.5631  0.8040  1.2272  3.2629
  4.4644  1.5211  0.9767  0.4643 11.2104
  5.7492  3.6156  0.9713  2.5464 32.3929
  4.9031  2.7330  0.9860  1.4066 23.0938
  5.2756  1.4144  0.9824  2.5305 10.2385
  3.6910  3.7150  0.9729  1.2001 33.4639
  5.8436  1.8045  0.9710  1.0650 13.8629
  5.0433  3.8518  0.9779  0.7681 34.9443
  5.5240  1.9615  0.9901  0.7853 15.3717
  4.8279  1.8239  0.9864  2.0048 14.0478
  4.9408  1.2877  0.9813  0.7530  9.1064
  5.3429  1.2413  0.9926  2.4180  8.6981
  4.9785  2.7025  0.9728  1.0050 22.7809
  5.3912  1.1815  0.9729  1.4212  8.1775
  5.6410  2.2597  0.9978  0.4566 18.3008
  5.5235  1.7976  0.9808  0.7618 13.7976
  5.5085  3.0896  0.9835  0.1307 26.8014
  5.8711  2.0610  0.9866  1.6268 16.3397
  5.1669  0.9059  0.9875  1.3546  5.8687
  5.3958  2.1588  0.9692  0.4948 17.3006
  5.2683  4.4436  0.9778  0.1581 41.4320
  5.6916  3.8305  0.9796  1.6357 34.7134
  6.0882  2.4559  0.9834  2.0426 20.2688
  5.3517  2.9746  0.9842  1.6405 25.5980
  4.6999  1.0833  0.9799  1.1887  7.3364
  5.8402  1.3739  0.9733  0.7748  9.8738
  5.2181  2.6296  0.9980  1.2624 22.0334
  4.5105  3.1515  0.9840  1.1618 27.4525
  4.3247  3.0391  0.9774  2.0393 26.2727
  5.2843  4.1766  0.9731  2.1768 38.4896
  5.4248  0.9098  0.9692  1.4367  5.8999
  5.1780  1.9113  0.9691  0.5657 14.8861
  5.2202  4.3398  0.9879  1.1905 40.2848
  4.5016  2.6804  0.9911  0.9854 22.5541
  6.5629  1.3321  0.8923  2.8043  9.4997
  5.8424  1.0399  0.9929  2.4498  6.9716
  5.1276  2.4921  0.9838  1.3267 20.6344
  4.2620  2.4149  0.9980  1.1896 19.8549
  5.2761  2.6884  0.9972  0.4706 22.6361
  5.6594  0.6726  0.9912  2.2037  4.0567
  5.4231  4.2861  0.9674  0.8530 39.6932
  4.9263  0.8742  0.9743  0.3087  5.6137
  5.2046  2.3920  0.9888  1.9160 19.6239
  5.4124  1.8621  0.9909  0.5306 14.4136
  5.0332  1.9144  0.9838  0.2986 14.9160
  5.1333  2.0964  0.9713  1.2992 16.6869
  5.3308  1.3362  0.9779  2.1727  9.5366
  5.1410  3.9115  0.9937  2.2726 35.5928
  6.1192  2.4556  0.9824  2.2919 20.2655
  5.6236  2.9486  0.9748  2.2752 25.3267
  6.0342  1.0645  0.9889  1.1047  7.1779
  6.1629  3.3777  0.9946  0.7200 29.8471
  3.6266  2.5629  0.9668  1.9912 21.3533
  5.4027  2.8224  0.9845  0.2846 24.0167
  6.1047  1.1644  0.9844  1.4452  8.0298
  5.3560  2.7202  0.9979  0.9326 22.9630
  5.9167  0.6943  0.9727  1.5577  4.2186
  5.2095  1.7879  0.9853  1.8447 13.7054
  5.5301  3.0507  0.9980  1.3246 26.3939
  5.4170  2.6201  0.9854  0.5794 21.9363
  5.6127  2.8813  0.9802  1.4513 24.6268
  4.7773  2.9441  0.9941  0.7497 25.2798
  5.8223  2.3629  0.9895  0.7054 19.3320
  5.1977  1.0215  0.9807  0.6747  6.8178
  5.6216  3.8003  0.9839  1.4661 34.3864
  5.0640  1.4786  0.9904  2.1152 10.8214
  5.5141  2.2383  0.9843  1.2549 18.0877
  4.3521  1.0062  0.9932  2.4106  6.6901
  4.7389  2.5481  0.9776  1.7040 21.2027
  5.6461  2.8392  0.9805  2.2178 24.1911
  5.1159  2.4387  0.9858  0.9598 20.0949
  4.9699  4.3941  0.9980  0.4552 40.8844
  4.9388  1.2473  0.9870  0.3137  8.7501
  5.5630  4.3902  0.9901  2.7263 40.8415
  5.4204  1.3581  0.9844  0.7898  9.7324
  4.5099  3.9032  0.9923  0.5162 35.5024
  5.6240  1.4530  0.9826  1.0764 10.5878
  5.7881  3.0739  0.9732  1.8579 26.6366
  4.5139  2.2239  0.9980  1.7818 17.9455
  6.7639  2.1000  0.6939  0.6923 16.7218
  6.3624  0.4613  0.9454  1.4339  2.5630
  6.8751  1.6326  0.6343  0.9760 12.2421
  5.5004  1.5490  0.9668  1.3692 11.4673
  5.5890  1.9471  0.9956  0.8245 15.2322
  5.6515  1.3196  0.9832  2.0056  9.3887
  4.3835  3.3155  0.9751  1.6960 29.1860
  4.8290  4.2132  0.9835  1.8726 38.8910
  6.7570  2.2856  0.7146  2.2592 18.5588
  6.0954  0.5367  0.9826  1.9301  3.0773
  5.4044  4.0170  0.9980  2.5264 36.7420
  5.7193  4.3182  0.9872  2.5478 40.0463
  4.9239  1.6642  0.9840  1.5087 12.5374
  5.2681  3.1685  0.9776  1.6293 27.6321
  5.7910  2.5512  0.9726  1.0847 21.2346
  5.2380  2.1042  0.9845  2.6237 16.7639
  6.5693  1.8258  0.8272  0.2012 14.0657
  5.8000  1.3266  0.9882  1.0651  9.4510
  5.9011  1.6273  0.9976  0.2732 12.1931
  3.7668  0.7969  0.9767  0.5129  5.0033
  3.8876  2.2166  0.9881  2.0166 17.8725
  4.7827  2.0411  0.9861  0.6742 16.1454
  6.0625  0.4335  0.9689  0.5899  2.3788
  5.7664  1.8453  0.9939  1.7806 14.2523
  4.9422  0.4828  0.8785  0.6519  2.7075
  4.9916  2.8808  0.9920  0.9982 24.6221
  5.2224  1.4871  0.9754  1.3624 10.8988
  4.7500  3.9841  0.9757  2.1707 36.3828
  6.1024  2.6692  0.9789  1.5895 22.4388
  5.6377  2.2813  0.9850  1.2946 18.5159
  4.4954  3.4039  0.9967  1.9871 30.1263
  5.1779  2.4209  0.9865  2.6316 19.9157
  5.5856  4.1420  0.9727  1.6460 38.1094
  5.7946  2.8614  0.9700  0.9543 24.4202
  5.6949  1.1739  0.9692  0.8862  8.1119
  5.2560  4.3743  0.9750  0.9156 40.6655
  4.6585  2.3460  0.9965  1.2405 19.1627
  5.1013  2.5056  0.9836  1.1578 20.7710
  5.8430  2.1455  0.9796  2.5955 17.1692
  4.9429  1.5010  0.9913  1.6407 11.0255
  5.2037  2.9197  0.9980  2.5122 25.0264
  4.7094  3.9803  0.9980  0.8247 36.3418
  5.2993  3.1707  0.9741  0.2594 27.6549
  5.8859  1.1576  0.9751  0.6838  7.9708
  5.3079  1.6285  0.9876  0.7388 12.2039
  4.8446  4.0507  0.9930  1.3329 37.1099
  4.9546  2.0588  0.9909  2.1356 16.3183
  5.0104  1.4551  0.9700  0.6598 10.6072
  5.5097  2.7350  0.9739  0.9130 23.1152
  5.5208  4.3673  0.9847  1.5422 40.5882
  3.6574  3.1822  0.9824  1.2623 27.7763
  5.9222  2.5364  0.9683  0.9439 21.0844
  5.8348  3.7126  0.9853  2.3957 33.4375
  6.2040  3.8942  0.9946  1.0598 35.4045
  4.8870  1.4761  0.9971  1.4979 10.7985
  4.9723  4.3184  0.9719  2.8076 40.0491
  5.3926  3.9896  0.9974  1.6954 36.4437
  5.9632  2.8578  0.9795  0.8346 24.3836
  5.3776  3.7008  0.9902  2.0562 33.3104
  5.6758  3.6686  0.9841  1.1471 32.9633
  5.2576  1.0792  0.9916  0.4298  7.3016
  6.8627  1.4983  0.6614  1.3194 11.0015
  4.9311  2.7654  0.9802  2.4510 23.4277
  5.9647  2.7859  0.9817  1.4845 23.6395
  4.4113  3.2111  0.9771  2.9899 28.0811
  5.0057  2.1982  0.9749  2.8460 17.6904
  5.7981  1.2164  0.9764  2.7399  8.4801
  6.0321  0.7241  0.9724  0.3367  4.4432
  5.4368  0.9601  0.9934  1.5156  6.3094
  5.0264  3.5522  0.9751  2.5036 31.7117
  5.2909  3.5880  0.9969  1.1377 32.0960
  4.0094  3.3190  0.9701  2.2254 29.2230
  4.9008  2.3729  0.9763  1.2595 19.4328
  5.8275  1.8423  0.9529  0.9371 14.2235
  5.1725  1.5288  0.9753  1.1952 11.2806
  5.3781  4.4440  0.9909  1.2752 41.4370
  5.2180  1.2819  0.9808  2.0734  9.0545
  4.1915  3.3072  0.9931  1.9156 29.0981
  5.8002  3.0375  0.9720  2.1899 26.2554
  4.8323  1.1376  0.9920  1.7448  7.7993
  5.3095  4.4071  0.9766  0.5067 41.0287
  5.2384  2.5346  0.9881  0.6398 21.0653
  5.3662  2.0637  0.9854  0.3039 16.3661
  4.7600  2.1294  0.9880  0.7228 17.0111
  5.1445  3.0506  0.9924  0.2680 26.3925
  6.5220  3.7616  0.7342  0.9200 33.9666
  6.7370  1.3530  0.6600  2.1177  9.6865
  5.0034  4.1621  0.9952  0.3219 38.3299
  6.2480  3.4493  0.9673  0.9020 30.6106
  5.1492  4.2406  0.9833  1.3012 39.1922
  5.4026  1.7056  0.9831  1.6193 12.9260
  5.8182  1.6411  0.9815  0.3788 12.3212
  4.4672  4.2689  0.9901  0.6627 39.5038
  6.6652  1.1092  0.8889  1.6777  7.5568
  5.6469  3.8697  0.9867  0.7352 35.1381
  5.9821  2.0687  0.9706  2.6996 16.4150
  5.3405  2.6437  0.9822  0.1945 22.1780
  6.6528  1.4607  0.8514  1.2172 10.6583
  3.5421  4.4164  0.9832  1.1092 41.1313
  5.2335  2.1361  0.9762  0.4481 17.0767
  5.3409  1.9583  0.9954  1.2106 15.3405
  5.2451  1.3114  0.9851  2.7389  9.3157
  4.7533  3.9070  0.9857  1.9739 35.5436
  3.9806  2.7393  0.9890  2.7101 23.1588
  5.3465  0.6528  0.9780  0.9218  3.9100
  5.3781  3.8360  0.9745  1.2738 34.7726
  6.1830  2.0446  0.9727  2.8083 16.1799
  5.5244  2.9542  0.9884  2.3266 25.3848
  5.5695  1.6344  0.9959  1.0652 12.2594
  3.9693  4.3640  0.9976  0.6825 40.5516
  5.7744  2.5093  0.9762  1.7407 20.8085
  5.4461  0.7581  0.9892  0.7257  4.7033
  5.5599  3.5479  0.9737  0.6214 31.6660
  5.5210  0.8667  0.9837  1.0191  5.5543
  5.2432  1.4454  0.9935  0.4863 10.5194
  4.3524  3.8076  0.9917  0.6805 34.4653
  5.2779  3.4146  0.9904  1.1524 30.2401
  5.7797  1.8352  0.9773  0.4530 14.1562
  5.4104  1.6313  0.9783  1.9481 12.2301
  5.4606  4.3542  0.9979  0.6824 40.4436
  5.3302  1.9238  0.9856  2.7638 15.0072
  4.9160  2.7531  0.9906  1.0242 23.3011
  4.4445  2.0392  0.9943  2.4258 16.1270
  4.8680  4.2408  0.9707  2.1808 39.1942
  5.1113  3.6563  0.9819  0.3295 32.8304
  4.8649  2.7401  0.9839  2.1569 23.1673
  5.1565  1.9941  0.9892  1.8071 15.6876
  4.4027  4.0361  0.9701  2.5472 36.9512
  6.2119  3.7522  0.9950  1.2705 33.8653
  5.5257  2.7480  0.9917  0.5190 23.2492
  4.9811  4.2140  0.9888  0.8282 38.9004
  5.4891  2.1891  0.9924  1.7185 17.5998
  5.1141  2.6965  0.9802  0.9897 22.7187
  6.7757  1.0599  0.9975  1.0085  7.1393
  6.6005  2.3936  0.6408  1.7847 19.6403
  5.4902  2.3627  0.9980  0.5931 19.3302
  4.8024  1.8592  0.9854  1.5110 14.3856
  4.7477  4.4988  0.9765  1.1246 42.0438
  5.8641  2.1010  0.9754  1.8660 16.7315
  5.7871  2.7720  0.9811  1.7941 23.4956
  5.2326  3.6590  0.9731  1.6293 32.8600
  3.7760  3.1056  0.9980  0.4160 26.9693
  5.1936  1.1358  0.9695  0.6688  7.7841
  6.2717  2.0053  0.9721  2.8693 15.7971
  4.6682  1.1430  0.9692  2.6829  7.8453
  4.9293  1.6388  0.9811  1.2599 12.3002
  6.0807  2.8487  0.9696  0.6740 24.2888
  5.2879  3.2076  0.9880  0.7631 28.0443
  6.4575  0.9738  0.8878  0.4678  6.4219
  5.7411  3.1575  0.9871  0.4676 27.5158
  5.2207  3.4251  0.9736  1.3504 30.3524
  4.5568  1.6638  0.9847  2.3356 12.5341
  4.4416  2.1369  0.9926  1.5360 17.0851
  5.1853  1.2542  0.9963  1.3339  8.8105
  5.1110  0.7225  0.9952  2.2498  4.4311
  5.6033  2.6955  0.9754  2.4974 22.7087
  4.9211  1.4652  0.9776  1.7067 10.6991
  6.8483  2.7812  0.7920  0.9324 23.5910
  5.1424  3.1998  0.9905  1.6466 27.9613
  4.8271  3.1869  0.9715  1.1789 27.8252
  3.6489  2.6845  0.9708  1.9132 22.5957
  4.4881  1.4394  0.9938  0.9039 10.4640
  5.3802  3.0408  0.9669  0.4316 26.2904
  5.2488  2.6559  0.9932  0.5986 22.3025
  6.3625  1.8199  0.9804  1.0204 14.0096
  5.3072  1.4029  0.9731  0.4470 10.1343
  5.5185  3.0636  0.9917  0.4221 26.5286
  5.3647  1.3966  0.9906  1.4741 10.0774
  4.7680  2.2137  0.9698  1.5645 17.8442
  4.9337  2.1180  0.9857  0.3054 16.8994
  5.3106  3.8931  0.9718  1.0391 35.3930
  5.0439  4.1811  0.9690  2.6894 38.5383
  6.3365  2.3737  0.9923  1.2653 19.4408
  5.2016  2.5691  0.9912  0.5696 21.4167
  4.5655  2.8280  0.9889  1.6064 24.0746
  4.7112  3.1413  0.9693  1.5163 27.3447
  5.3814  0.6222  0.9903  1.6345  3.6862
  5.3369  2.9553  0.9904  0.9172 25.3969
  5.4995  2.0926  0.9886  1.1389 16.6498
  5.5304  3.4919  0.9863  0.3639 31.0659
  4.9822  1.4125  0.9862  2.6924 10.2212
  5.5861  1.7861  0.9732  0.6512 13.6879
  5.0448  2.3775  0.9782  0.3876 19.4787
  5.6812  1.3908  0.9869  0.5537 10.0253
  6.0661  2.8350  0.9835  2.5523 24.1470
  5.0656  4.4407  0.9842  1.0504 41.3997
  4.7215  2.9571  0.9726  0.3231 25.4160
  4.9887  3.9303  0.9911  1.3470 35.7976
  4.2110  0.4622  0.9896  1.6452  2.5691
  5.3811  2.2035  0.9805  2.0913 17.7428
  5.0486  2.2549  0.9788  0.4210 18.2525
  4.7388  2.9175  0.9765  1.9462 25.0037
  5.1147  4.1443  0.9844  2.1316 38.1349
  5.1988  3.2678  0.9758  0.4008 28.6809
  4.5999  1.9868  0.9839  2.5454 15.6170
  5.8772  1.9548  0.9779  2.2434 15.3068
  4.5912  4.4055  0.9859  1.1857 41.0102
  5.3683  2.7896  0.9764  0.9290 23.6782
  5.9644  3.6933  0.9874  1.3451 33.2290
  5.2596  1.0167  0.9698  1.4891  6.7772
  5.9413  3.5250  0.9757  0.6593 31.4205
  5.0094  2.2953  0.9920  1.5602 18.6556
  4.0837  3.9797  0.9850  0.9882 36.3353
  5.2094  0.6335  0.9790  0.4880  3.7687
  5.4276  1.7016  0.9775  2.5829 12.8884
  5.8686  0.8118  0.9900  0.8066  5.1198
  5.4767  2.3198  0.9923  2.5486 18.9007
  5.2016  3.9468  0.9904  0.6923 35.9763
  5.4333  1.9796  0.9816  0.6540 15.5466
  4.8118  2.6605  0.9785  2.8844 22.3499
  6.0299  0.8766  0.9749  1.9312  5.6333
  6.0749  2.0172  0.9733  0.8986 15.9129
  5.4939  1.4209  0.9790  0.6871 10.2965
  5.1162  1.8202  0.9912  0.8408 14.0126
  5.6771  3.9768  0.9840  0.6211 36.3042
  5.6912  3.0318  0.9765  0.7510 26.1956
  5.0574  2.5589  0.9820  2.8954 21.3128
  4.7434  2.8000  0.9862  1.5152 23.7852
  6.4070  1.2666  0.9005  2.6913  8.9203
  3.9549  2.8985  0.9915  1.1168 24.8053
  4.0794  3.7229  0.9842  0.6108 33.5484
  4.9106  1.8772  0.9735  2.0691 14.5583
  5.2517  1.7515  0.9735  1.0618 13.3598
  5.4558  1.7673  0.9938  1.1162 13.5096
  5.6311  2.5428  0.9827  2.4999 21.1486
  5.1250  3.1285  0.9847  1.4526 27.2100
  5.3626  2.8962  0.9835  0.3290 24.7814
  6.2730  2.0198  0.9693  0.2776 15.9376
  5.2334  2.5255  0.9828  1.1131 20.9734
  5.7576  1.2955  0.9968  2.5175  9.1747
  5.3575  2.4666  0.9980  1.2824 20.3767
  5.6813  4.0158  0.9927  1.7427 36.7286
  6.1564  2.7410  0.9871  1.3270 23.1764
  6.2792  1.5707  0.9787  0.8799 11.6674
  5.3530  2.7585  0.9906  1.4156 23.3567
  5.3696  3.9403  0.9756  0.9943 35.9062
  4.6986  3.7013  0.9886  1.8248 33.3162
  5.5064  0.9839  0.9705  0.7282  6.5055
  5.4322  0.9305  0.9864  0.7665  6.0678
  5.7986  0.5637  0.9749  0.4157  3.2671
  6.7718  3.8500  0.7719  1.6594 34.9245
  4.2703  3.6559  0.9975  0.2572 32.8262
  4.8627  3.7660  0.9825  0.7703 34.0151
  5.3488  2.5140  0.9713  1.7345 20.8565
  4.3781  2.2834  0.9700  2.1500 18.5367
  5.6631  2.8089  0.9895  0.4515 23.8775
  4.9871  1.4882  0.9797  0.4940 10.9087
  5.4768  3.9148  0.9963  0.7196 35.6284
  6.2272  4.1332  0.9838  1.6553 38.0136
  4.8371  1.5989  0.9687  0.9222 11.9283
  5.7212  2.4388  0.9732  1.9137 20.0960
  6.1326  1.5638  0.9798  0.8073 11.6031
  5.0062  0.6064  0.9940  1.7916  3.5716
  4.3360  0.1910  0.9720  0.4493  0.9223
  5.2064  1.7054  0.9675  1.3487 12.9248
  5.2208  3.7071  0.9779  0.9628 33.3781
  5.2946  2.3231  0.9949  2.0432 18.9332
  5.6646  2.7289  0.9914  1.0437 23.0518
  6.5280  3.1302  0.8771  0.4173 27.2281
  5.8931  3.1832  0.9937  0.5323 27.7868
  4.8858  2.3876  0.9842  1.3534 19.5800
  4.0244  1.5745  0.9934  0.2056 11.7022
  4.9857  2.5085  0.9962  1.2947 20.8003
  5.6844  2.4678  0.9904  1.2806 20.3886
  4.8241  1.2994  0.9872  0.7447  9.2093
  4.3734  3.4721  0.9826  0.9871 30.8540
  5.2157  2.7525  0.9932  1.1328 23.2953
  4.6826  2.3136  0.9820  1.5774 18.8389
  5.0319  2.8765  0.9940  2.7235 24.5776
  5.0158  2.2791  0.9714  0.5541 18.4943
  6.6490  1.5073  0.7960  1.2963 11.0839
  5.2386  1.2037  0.9980  1.9663  8.3697
  4.7373  1.7851  0.9973  0.4687 13.6782
  5.8347  3.2364  0.9863  1.5127 28.3482
  5.2352  2.9800  0.9732  2.5662 25.6547
  5.2584  2.7540  0.9812  1.7766 23.3108
  5.5554  1.2095  0.9980  1.6023  8.4205
  6.3098  0.2781  0.9794  0.9811  1.4127
  5.2920  3.1443  0.9864  1.1656 27.3764
  5.0766  3.8465  0.9857  1.8728 34.8871
  5.0906  1.1650  0.9771  0.2734  8.0351
  6.7564  2.9829  0.8270  1.6662 25.6844
  3.5879  1.8716  0.9852  1.5845 14.5046
  6.4553  1.5004  0.9921  1.4247 11.0200
  6.0807  2.3028  0.9933  1.8010 18.7308
  5.2775  3.6605  0.9764  1.8156 32.8760
  5.1427  0.8392  0.9824  2.1576  5.3356
  5.5366  3.5051  0.9671  1.2301 31.2071
  6.3046  1.8514  0.9947  2.3441 14.3114
  5.4628  1.2831  0.9957  2.1451  9.0652
  6.1679  2.2198  0.9868  1.7659 17.9042
  5.7398  2.0202  0.9766  1.9407 15.9419
  5.2677  1.9302  0.9878  0.6877 15.0687
  5.2907  3.3372  0.9769  0.9985 29.4167
  5.6538  2.2684  0.9751  1.5451 18.3875
  4.9232  4.0667  0.9752  1.9759 37.2848
  5.5139  3.2475  0.9808  1.8618 28.4661
  5.0255  1.0749  0.9950  0.7527  7.2652
  5.0725  1.2547  0.7004  2.3733  8.8148
  5.0854  4.1816  0.9980  1.5302 38.5440
  6.2867  4.2584  0.9964  0.7906 39.3878
  4.3033  3.0793  0.9711  0.4161 26.6939
  5.0047  1.2883  0.9923  2.2042  9.1111
  5.6033  2.0197  0.9766  1.6054 15.9364
  5.3414  4.3719  0.9847  1.7920 40.6391
  5.0549  1.8431  0.9812  1.5066 14.2313
  5.1788  1.1012  0.9921  0.2057  7.4881
  4.8600  0.8789  0.9872  1.3983  5.6515
  5.1456  4.1196  0.9713  1.1203 37.8644
  5.5666  4.4259  0.9816  0.4465 41.2356
  4.2017  3.2044  0.9910  2.3144 28.0098
  4.6393  1.9878  0.9829  1.4651 15.6265
  5.2084  1.3166  0.6260  1.5872  9.3619
  6.5044  3.1938  0.6178  0.7202 27.8982
  5.9108  3.7808  0.9749  1.5658 34.1748
  5.7308  3.9283  0.9897  0.5710 35.7755
  6.9503  2.1419  0.6986  1.5393 17.1347
  6.7784  0.8081  0.7537  1.8430  5.0911
  5.0778  4.1288  0.9775  0.7130 37.9647
  6.3371  1.4761  0.9818  1.7089 10.7985
  5.1688  1.0428  0.9980  2.1323  6.9953
  4.5065  2.7077  0.9959  0.4112 22.8340
  5.4956  4.4550  0.9768  0.3248 41.5587
  6.3855  1.0884  0.9972  0.8388  7.3802
  5.4138  2.2097  0.9891  1.2919 17.8041
  5.1914  0.3688  0.9798  0.6564  1.9634
  5.4194  3.4513  0.9905  2.7034 30.6323
  6.1176  2.6332  0.9685  1.3178 22.0706
  5.4990  2.2070  0.9713  0.7235 17.7772
  5.3396  2.3718  0.9752  1.8860 19.4217
  5.4805  1.1609  0.9819  2.5767  7.9990
  5.3500  1.1149  0.9732  2.8751  7.6051
  5.8707  4.1020  0.9978  1.3388 37.6715
  5.2756  2.7063  0.9845  0.2899 22.8199
  5.3323  1.1924  0.9798  0.9282  8.2719
  5.7730  2.2344  0.9757  1.7349 18.0489
  4.7143  1.1115  0.9960  1.6189  7.5762
  5.0785  4.0273  0.9764  0.8881 36.8550
  5.2146  3.7023  0.9758  1.2118 33.3269
  5.4913  3.3862  0.9954  1.1363 29.9381
  4.6943  3.1729  0.9688  1.8879 27.6781
  4.5249  4.3097  0.9839  0.6779 39.9531
  6.2747  0.9870  0.9892  0.5281  6.5312
  5.9395  1.7094  0.9832  1.7627 12.9620
  4.5636  1.4190  0.9742  1.5849 10.2795
  4.7063  4.2107  0.9797  2.8400 38.8636
  6.0910  4.1265  0.9937  2.0585 37.9394
  6.0358  1.5852  0.9416  1.1789 11.8020
  5.3989  0.8618  0.9742  1.9837  5.5149
  5.7120  1.4751  0.9893  0.8512 10.7892
  6.7400  2.0341  0.7018  2.5849 16.0774
  5.5756  2.7680  0.9857  0.9439 23.4546
  6.9920  1.6546  0.6905  0.2577 12.4480
  6.0988  1.2865  0.9839  1.1485  9.0956
  5.4646  2.7451  0.9857  2.4247 23.2187
  4.6420  3.4094  0.9683  0.9397 30.1855
  5.5222  3.6893  0.9755  0.7950 33.1860
  5.0436  2.2612  0.9940  0.5310 18.3162
  3.6010  4.0548  0.9899  1.6566 37.1554
  4.4107  1.0616  0.9929  1.7906  7.1533
  5.2451  3.5798  0.9847  1.2055 32.0085
  4.4456  0.9177  0.9826  1.5946  5.9643
  5.1817  2.8944  0.9801  1.7844 24.7626
  5.3185  2.0468  0.9880  1.8940 16.2009
  4.4571  1.2542  0.9793  1.2752  8.8105
  5.1098  4.0784  0.9917  1.8446 37.4126
  5.6876  1.7064  0.9980  2.3847 12.9342
  6.9748  3.0838  0.9728  1.1840 26.7404
  5.1821  3.9414  0.9926  2.1262 35.9175
  6.3968  2.2145  0.9845  0.4804 17.8520
  5.8503  3.7958  0.9821  2.3248 34.3367
  5.3184  2.1548  0.9731  0.3091 17.2614
  5.8273  1.4592  0.9943  1.1419 10.6447
  4.6791  3.7196  0.9792  1.1010 33.5133
  4.6965  4.4728  0.9874  0.9859 41.7557
  4.8376  1.2181  0.9760  2.4070  8.4955
  6.3603  2.3423  0.9171  2.2816 19.1251
  5.4124  0.8293  0.9780  0.7382  5.2574
  4.6927  2.6934  0.9813  2.4385 22.6876
  5.3815  0.9945  0.9961  1.4190  6.5929
  5.6752  4.4646  0.9980  1.5136 41.6640
  5.3478  3.6440  0.9857  1.7377 32.6981
  3.9745  2.7001  0.9870  2.3805 22.7560
  4.8322  4.1209  0.9871  0.5161 37.8785
  5.0595  1.4965  0.9860  1.3427 10.9850
  5.4895  2.4386  0.9958  1.0993 20.0939
  4.3309  3.2779  0.9792  1.7956 28.7876
  5.3661  2.2394  0.9805  1.0599 18.0990
  5.6142  1.0707  0.9885  1.9206  7.2299
  6.3110  1.6972  0.9809  1.2926 12.8473
  6.0256  2.2833  0.9941  1.2961 18.5362
  4.7746  2.7084  0.9925  2.1946 22.8418
  4.3634  2.1183  0.9717  2.0022 16.9016
  5.7904  2.6079  0.9764  1.5151 21.8120
  5.4509  2.8279  0.9680  1.0049 24.0734
  5.1322  2.8635  0.9741  1.2508 24.4428
  4.5949  1.6645  0.9686  1.0368 12.5403
  5.1278  1.0219  0.9775  1.2384  6.8207
  6.2771  1.7410  0.9978  1.9461 13.2600
  5.5524  4.0867  0.9813  1.8863 37.5035
  6.8185  3.1725  0.6316  0.9547 27.6735
  3.6932  2.9674  0.9814  1.5306 25.5229
  4.8563  3.1284  0.9980  1.1562 27.2089
  5.1162  1.6525  0.9956  1.4498 12.4285
  5.4072  3.1290  0.9856  2.9355 27.2153
  5.6682  0.4370  0.9818  1.3348  2.4019
  5.6293  3.0517  0.9771  2.3586 26.4038
  6.1122  1.9800  0.9786  1.8014 15.5511
  4.3476  3.4801  0.9729  1.3093 30.9398
  5.3961  1.4579  0.9876  1.4832 10.6326
  5.3366  2.3048  0.9778  0.4292 18.7502
  5.5188  4.0221  0.9767  1.9547 36.7975
  5.2333  3.3062  0.9757  0.7213 29.0872
  5.6529  4.1069  0.9760  1.8451 37.7255
  5.7411  2.4070  0.9867  0.7885 19.7749
  3.9818  2.4404  0.9776  1.9716 20.1119
  5.1945  3.4546  0.9923  2.2268 30.6669
  5.4718  2.3249  0.9867  1.7576 18.9518
  4.8390  0.7208  0.9955  1.3329  4.4187
  5.2830  3.9663  0.9911  1.7320 36.1897
  5.7007  1.5319  0.9792  0.6554 11.3096
  4.8605  1.3377  0.9887  0.9198  9.5495
  5.6495  3.8065  0.9748  1.2017 34.4526
  5.4645  2.9457  0.9687  1.9328 25.2967
  4.9462  2.4797  0.9885  1.0869 20.5092
  5.3226  2.2586  0.9782  0.1952 18.2902
  6.0658  2.3789  0.9696  1.7877 19.4928
  5.5884  3.5807  0.9776  1.1499 32.0179
  5.6521  2.6270  0.9771  2.0234 22.0070
  6.5858  1.4439  0.8296  2.1102 10.5055
  4.6578  3.7239  0.9773  2.1632 33.5597
  5.9760  0.5205  0.9689  2.2437  2.9651
  4.7500  2.0109  0.9727  1.2922 15.8509
  5.2258  3.6658  0.9791  0.4468 32.9332
  6.4766  3.8361  0.9901  1.8658 34.7736
  4.9279  2.0621  0.9669  0.7271 16.3505
  5.3179  3.0787  0.9857  1.8185 26.6872
  5.3664  1.3952  0.9882  1.1663 10.0647
  5.0992  2.1920  0.9835  2.3404 17.6292
  4.5092  1.7348  0.9906  1.2421 13.2021
  5.6985  2.5794  0.9847  0.6830 21.5216
  5.3233  3.9102  0.9751  1.6546 35.5785
  5.1483  2.7511  0.9737  1.6579 23.2809
  5.2907  4.0552  0.9725  1.8217 37.1592
  4.9574  1.0960  0.9975  0.6231  7.4445
  6.6506  2.6986  0.9065  1.2809 22.7411
  4.9422  1.0299  0.9761  1.3989  6.8876
  5.2476  2.1417  0.9839  1.0401 17.1324
  4.2810  3.7305  0.9846  0.4662 33.6308
  4.7701  1.4895  0.9886  0.9332 10.9208
  4.4257  1.6696  0.9824  0.9330 12.5882
  5.1769  2.5781  0.9667  1.4637 21.5079
  6.1149  2.8616  0.9879  1.8279 24.4226
  5.4814  1.6856  0.9827  0.5698 12.7384
  6.2432  3.1559  0.9932  2.1044 27.4985
  5.2055  2.2063  0.9812  1.5737 17.7707
  5.5476  2.5826  0.9892  2.6809 21.5540
  5.2857  1.4864  0.9884  1.1415 10.8919
  5.1809  3.4183  0.9891  0.8754 30.2802
  6.4842  1.3637  0.9943  1.2010  9.7818
  5.1215  3.4405  0.9970  1.6402 30.5171
  6.1780  1.5845  0.9939  2.5030 11.7949
  5.4193  2.0237  0.9775  1.2702 15.9760
  5.3285  0.6696  0.9861  0.3113  4.0345
  3.9499  0.9429  0.9700  1.3364  6.1687
  5.0302  2.1587  0.9788  0.3698 17.2997
  5.3350  2.9950  0.9977  1.6779 25.8113
  6.2883  2.1158  0.9735  0.3653 16.8772
  5.9364  2.6489  0.9825  2.4399 22.2310
  5.5914  1.8108  0.9800  1.2606 13.9228
  5.7256  0.9644  0.9935  1.4284  6.3449
  4.9972  2.7342  0.9867  0.6190 23.1063
  4.0368  0.7825  0.9917  2.4910  4.8915
  3.5559  4.1248  0.9898  1.7748 37.9207
  4.9853  2.5495  0.9725  0.8431 21.2171
  5.9533  1.8980  0.9937  1.5056 14.7581
  5.7224  2.6188  0.9980  0.9512 21.9233
  5.6050  2.9473  0.9909  1.1963 25.3132
  4.0437  4.4284  0.9863  0.6839 41.2644
  4.1350  4.1572  0.9958  1.5237 38.2762
  4.8610  3.5528  0.9714  1.2317 31.7183
  4.7014  2.2451  0.9970  2.3573 18.1553
  5.5318  2.0449  0.9926  0.4452 16.1824
  6.0782  1.6916  0.9869  1.3086 12.7946
  5.4941  2.6258  0.9980  1.8809 21.9951
  6.5539  2.1645  0.8279  1.5136 17.3569
  5.9686  2.0012  0.9812  1.8052 15.7564
  5.1919  3.7003  0.9672  1.0604 33.3048
  6.4509  3.8901  0.9505  0.4663 35.3596
  4.8045  2.6532  0.9670  0.8139 22.2748
  6.5889  0.6439  0.8787  1.4631  3.8447
  5.9390  3.0563  0.9787  1.9255 26.4520
  5.1840  2.0079  0.9980  1.5137 15.8218
  5.8882  0.9738  0.9857  1.2067  6.4223
  5.8653  4.1168  0.9719  0.4210 37.8338
  5.5423  2.8183  0.9895  2.4993 23.9740
  3.8897  2.3038  0.9729  1.6432 18.7401
  4.8563  2.3807  0.9841  0.3482 19.5109
  4.6560  3.9792  0.9968  0.7264 36.3297
  4.8632  3.9929  0.9707  2.5045 36.4789
  6.5397  3.1646  0.9074  1.1812 27.5900
  4.6763  4.4927  0.9964  0.0974 41.9763
  5.1654  2.8893  0.9803  2.6661 24.7105
  5.1077  3.9899  0.9962  0.3699 36.4470
  4.9099  3.9440  0.9951  1.0925 35.9459
  4.9361  1.5778  0.9742  0.9969 11.7327
  5.1313  1.6990  0.9912  0.4688 12.8644
  4.8329  2.4722  0.9670  1.3007 20.4327
  4.7814  2.9793  0.9839  0.6772 25.6472
  5.1211  1.5276  0.9705  2.3306 11.2694
  6.0776  2.7775  0.9979  1.1672 23.5531
  6.1693  2.4076  0.9869  2.7953 19.7810
  6.5291  1.4475  0.8063  0.7928 10.5379
  6.0041  2.2869  0.9796  1.5227 18.5718
  4.6215  1.7306  0.9922  1.1818 13.1624
  3.8403  2.9135  0.9823  1.2326 24.9618
  4.5864  3.0053  0.9840  2.5562 25.9191
  6.2354  1.9565  0.9805  1.0816 15.3231
  5.2132  2.1863  0.9976  2.0185 17.5726
  4.7172  3.4401  0.9901  1.6059 30.5121
  5.2220  0.9094  0.9892  1.4888  5.8968
  5.3110  4.0754  0.9959  0.6315 37.3805
  5.5782  3.8952  0.9847  0.8235 35.4153
  4.7454  2.7786  0.9762  1.7917 23.5640
  4.8309  3.5777  0.9959  1.9355 31.9858
  5.5613  3.1228  0.9863  1.3638 27.1503
  4.9926  3.4902  0.9949  2.0901 31.0474
  5.4547  1.1065  0.9944  0.0926  7.5334
  5.5972  4.0286  0.9812  1.4397 36.8683
  5.2655  3.2604  0.9980  0.7841 28.6024
  5.3073  1.7659  0.9750  0.8607 13.4956
  5.3796  3.9637  0.9683  0.3849 36.1604
  5.6962  1.8729  0.9819  0.9161 14.5171
  5.9080  3.8226  0.9856  0.8341 34.6273
  5.0615  2.1564  0.9980  1.6276 17.2770
  5.6527  0.6090  0.9959  2.4656  3.5906
  4.9308  2.4797  0.9670  0.6761 20.5094
  5.0939  1.8506  0.9980  0.2741 14.3037
  5.4428  2.0223  0.9732  1.0476 15.9620
  5.3017  1.3229  0.9737  0.6793  9.4176
  5.5602  4.2624  0.9780  2.4949 39.4323
  5.7127  2.8744  0.9980  1.6598 24.5559
  5.2778  3.1254  0.9717  1.1322 27.1783
  5.2352  2.8927  0.9714  0.1194 24.7451
  6.9623  3.9950  0.4584  1.9693 36.5025
  5.2858  2.4740  0.9671  1.6267 20.4516
  5.8756  2.1663  0.9703  1.0806 17.3748
  5.6490  1.4328  0.9720  2.8486 10.4049
  6.2077  3.0197  0.9716  0.7051 26.0690
  4.9227  4.2722  0.9852  1.5256 39.5399
  4.5126  2.4992  0.9976  0.7605 20.7062
  3.6192  1.2814  0.9808  0.8791  9.0499
  5.3862  2.1776  0.9788  0.9345 17.4868
  3.9154  4.1503  0.9842  0.5663 38.2006
  4.0135  3.0653  0.9969  0.2923 26.5472
  5.8783  3.3818  0.9763  1.3130 29.8907
  4.4976  3.0041  0.9971  0.3885 25.9066
  6.6270  1.6863  0.8302  1.8878 12.7449
  4.7620  1.1150  0.9788  2.2748  7.6057
  5.5234  2.6623  0.9978  0.5377 22.3688
  6.3881  2.1999  0.9830  1.2204 17.7076
  6.6200  1.2414  0.6758  1.3475  8.6989
  4.5475  0.6914  0.9565  2.2365  4.1971
  5.5668  1.6573  0.9980  0.7207 12.4729
  5.4602  2.9790  0.9822  1.3802 25.6437
  5.6565  1.2953  0.9670  2.0628  9.1732
  5.5796  0.5144  0.9784  2.8445  2.9230
  5.1059  1.5246  0.9855  1.5798 11.2425
  4.7211  0.8577  0.9669  1.3427  5.4822
  4.8298  1.6555  0.9909  0.8599 12.4566
  5.4904  2.1735  0.9791  1.9850 17.4459
  4.8784  0.5609  0.9980  0.9681  3.2475
  5.5865  0.9205  0.9674  1.1999  5.9867
  4.9286  3.7603  0.9807  1.1723 33.9526
  4.4274  2.1807  0.9829  1.9174 17.5172
  4.8611  2.7735  0.9903  1.5721 23.5119
  4.3824  3.9432  0.9717  2.3796 35.9375
  3.9338  3.2944  0.9858  1.9839 28.9623
  5.2306  4.4291  0.9819  0.3186 41.2714
  5.1050  2.5611  0.9881  0.7007 21.3354
  5.7167  2.0158  0.9880  2.2528 15.8987
  5.7814  1.3579  0.9710  2.0220  9.7300
  6.1518  4.0786  0.9935  0.3176 37.4156
  4.2770  2.0348  0.9980  0.9446 16.0841
  5.8947  1.0211  0.9838  1.6533  6.8145
  3.9643  2.2360  0.9692  1.6649 18.0655
  5.8798  2.1189  0.9733  0.5361 16.9082
  5.6001  2.5766  0.9836  0.8657 21.4931
  4.6984  3.4497  0.9776  1.0615 30.6147
  5.6925  2.2988  0.9968  0.6977 18.6907
  5.7225  3.5874  0.9940  2.0851 32.0892
  5.6625  4.4925  0.9806  1.3388 41.9734
  4.9719  1.7217  0.9808  2.6261 13.0777
  5.0235  3.0360  0.9980  2.4610 26.2397
  5.4749  1.9902  0.9893  0.9760 15.6494
  5.2794  3.2966  0.9803  3.0662 28.9856
  5.9374  3.1431  0.9785  2.6278 27.3637
  5.1115  3.2659  0.9980  0.8333 28.6600
  5.1824  0.9153  0.9980  1.1375  5.9443
  4.9263  1.5855  0.9980  1.4892 11.8043
  5.5240  2.6215  0.9701  1.2237 21.9505
  6.7205  1.3814  0.7525  1.1830  9.9406
  5.6510  1.3214  0.9944  1.4649  9.4051
  4.4643  1.0815  0.9849  1.7747  7.3213
  5.8380  3.1812  0.9942  0.7811 27.7654
  5.5554  1.6727  0.9945  0.8476 12.6172
  5.9621  2.5483  0.9673  0.6036 21.2052
  3.6861  0.6752  0.9850  0.2582  4.0759
  5.1194  2.7432  0.9933  1.2382 23.1990
  6.0722  3.6917  0.9678  0.8271 33.2126
  6.4802  4.4656  0.8999  0.6860 41.6758
  5.4696  4.4856  0.9903  1.1006 41.8976
  6.7822  1.8308  0.5919  1.9681 14.1141
  5.0835  2.0243  0.9739  1.1843 15.9820
  5.5911  3.7076  0.9960  0.6724 33.3840
  4.9589  3.9579  0.9851  2.4569 36.0980
  4.7109  2.7198  0.9867  1.3476 22.9589
  5.0761  3.8994  0.9913  0.8644 35.4612
  5.3273  2.1527  0.9931  1.5016 17.2408
  4.8756  3.9988  0.9714  1.6151 36.5437
  3.5064  3.8993  0.9836  1.5445 35.4596
  4.4218  3.8480  0.9977  1.5784 34.9025
  4.9454  3.1180  0.9698  0.5680 27.1002
  5.7163  3.4329  0.9686  0.9734 30.4361
  4.6054  3.3802  0.9760  1.4622 29.8743
  5.4452  1.5126  0.9803  1.4613 11.1322
  5.0691  3.8922  0.9773  2.3100 35.3830
  4.5476  2.7704  0.9685  1.4402 23.4797
  5.4134  3.6985  0.9766  1.8095 33.2858
  5.2561  2.7741  0.9965  0.2512 23.5175
  5.9260  1.5837  0.9949  0.4485 11.7878
  4.7947  3.7118  0.9922  0.5038 33.4286
  5.1761  1.3755  0.9741  1.6607  9.8880
  5.0171  2.9995  0.9893  1.2598 25.8580
  5.6033  2.2177  0.9777  1.4420 17.8832
  5.0131  3.9287  0.9699  0.8310 35.7800
  4.6452  0.6083  0.9980  1.5471  3.5854
  5.6862  1.2664  0.9773  1.5844  8.9179
  3.6397  3.5906  0.9795  0.3577 32.1241
  6.0614  1.1932  0.9980  1.9881  8.2783
  5.0762  4.2263  0.9816  1.5989 39.0346
  5.0804  2.9913  0.9909  1.7717 25.7727
  5.3072  2.4336  0.9891  1.7751 20.0436
  5.4310  2.0106  0.9961  0.9019 15.8485
  5.8861  1.6716  0.9971  1.6126 12.6065
  4.8289  3.2065  0.9785  1.7274 28.0326
  5.2946  2.8737  0.9734  0.0765 24.5479
  4.9622  2.4129  0.9897  1.0757 19.8350
  5.3938  2.5584  0.9867  0.8238 21.3079
  6.3951  3.5079  0.9881  2.0886 31.2368
  3.6941  3.0987  0.9799  1.7472 26.8973
  4.0874  3.7264  0.9888  2.0407 33.5871
  5.3731  3.5315  0.9950  1.1751 31.4901
  6.3513  1.3177  0.9686  0.7497  9.3716
  4.6045  4.0577  0.9840  0.7955 37.1865
  6.0071  2.3818  0.9766  1.6246 19.5219
  6.1084  2.9762  0.9777  0.5492 25.6151
  5.4427  1.4692  0.9960  1.2657 10.7354
  5.4270  2.2768  0.9719  1.0608 18.4709
  4.6015  3.5894  0.9865  0.7583 32.1106
  5.4993  3.0734  0.9705  1.3450 26.6312
  5.6156  2.1333  0.9905  1.6842 17.0496
  5.5582  2.2659  0.9679  0.5222 18.3624
  5.1593  1.4487  0.9923  0.9994 10.5486
  5.2836  2.1762  0.9952  0.7454 17.4729
  5.4465  2.0614  0.9889  1.2321 16.3443
  5.0147  3.0839  0.9962  1.2312 26.7414
  5.7842  3.3445  0.9705  1.3281 29.4946
  5.9209  1.2870  0.9779  1.6650  9.1000
  6.9476  0.5228  0.5539  1.8550  2.9808
  3.9471  1.5726  0.9698  2.1628 11.6851
  5.3308  3.7860  0.9813  1.7317 34.2311
  4.8273  2.0672  0.9749  1.5501 16.4008
  5.6076  3.0756  0.9706  0.6328 26.6551
  5.4153  2.8301  0.9980  0.3045 24.0960
  5.2338  2.0051  0.9694  0.6583 15.7950
  5.1624  2.6604  0.9980  1.8237 22.3490
  5.2427  1.1197  0.9874  1.1002  7.6459
  4.1576  2.6128  0.9828  0.3566 21.8617
  4.4647  1.4807  0.9853  0.8167 10.8403
  6.1116  2.5204  0.9783  0.8630 20.9213
  4.7702  3.3615  0.9875  2.9207 29.6746
  3.6951  3.3836  0.9972  0.9435 29.9105
  4.6398  3.5153  0.9924  0.8144 31.3164
  5.5299  2.2591  0.9731  1.7102 18.2951
  6.5317  2.7224  0.9472  0.5543 22.9855
  4.5227  3.0927  0.9914  1.0134 26.8338
  4.8958  1.1338  0.9756  2.7981  7.7665
  4.7277  2.8007  0.9875  2.2401 23.7922
  4.9803  1.5772  0.9738  3.0499 11.7272
  5.8416  2.4137  0.9673  1.3670 19.8424
  5.1187  2.0384  0.9935  1.5561 16.1195
  6.2314  2.9410  0.9772  1.4050 25.2476
  3.8722  3.1730  0.9826  2.2626 27.6789
  4.0467  3.5547  0.9892  1.9949 31.7381
  5.4879  2.3153  0.9699  0.6886 18.8552
  5.2220  0.6002  0.9761  1.4644  3.5272
  5.4461  2.1713  0.9759  1.3906 17.4240
  5.7821  2.2524  0.9885  1.9393 18.2283
  4.3546  1.6188  0.9878  2.6747 12.1140
  4.5128  4.4092  0.9904  1.3039 41.0520
  5.1280  3.5459  0.9788  0.5064 31.6437
  4.8160  1.2032  0.9939  0.6698  8.3652
  5.2334  1.5954  0.9795  1.3361 11.8962
  4.7550  3.3956  0.9738  1.8742 30.0376
  5.2988  2.6711  0.9909  2.8822 22.4582
  5.2729  0.8154  0.9706  1.2346  5.1484
  5.1672  1.5098  0.9921  1.5507 11.1066
  4.8451  2.0053  0.9675  2.2025 15.7968
  5.2979  2.6162  0.9738  0.7106 21.8965
  4.5226  1.5576  0.9694  1.1756 11.5464
  6.4174  2.7868  0.9477  1.4795 23.6492
  5.1717  4.0174  0.9980  2.3065 36.7469
  3.5823  2.1777  0.9713  0.8853 17.4876
  4.7284  2.8113  0.9715  1.6374 23.9018
  5.3939  4.3060  0.9773  2.4399 39.9125
  4.4221  2.5010  0.9914  2.5523 20.7245
  3.9105  2.3354  0.9974  1.6856 19.0562
  5.2741  0.9775  0.9966  0.8903  6.4527
  5.3846  2.4751  0.9844  0.6546 20.4620
  4.8984  3.2372  0.9913  0.9121 28.3570
  5.7931  1.5964  0.9947  1.8535 11.9059
  5.4749  1.1751  0.9753  1.8716  8.1222
  5.8401  2.3168  0.9950  0.5664 18.8703
  5.8091  1.6952  0.9723  1.1462 12.8281
  5.0463  2.7617  0.9921  1.9608 23.3899
  5.9456  3.0887  0.9968  0.4733 26.7920
  5.9585  4.3842  0.9811  2.2057 40.7750
  6.5663  0.5072  0.8580  0.1034  2.8736
  5.6131  2.0238  0.9667  2.7907 15.9764
  4.2563  1.5228  0.9870  2.4200 11.2257
  5.8016  1.4493  0.9895  1.0704 10.5547
  5.0206  2.2195  0.9742  1.6562 17.9012
  5.2369  2.9203  0.9980  1.7185 25.0321
  4.9185  3.6645  0.9958  1.6016 32.9184
  5.1706  1.6318  0.9848  0.2715 12.2352
  5.0544  2.7013  0.9869  1.6914 22.7686
  6.0349  2.6673  0.9853  1.9302 22.4202
  5.4523  1.0441  0.9779  2.1874  7.0065
  5.3629  3.3174  0.9912  1.1124 29.2062
  5.2312  2.7481  0.9729  1.1347 23.2496
  6.0265  1.9048  0.9852  1.1968 14.8239
  5.3963  3.6989  0.9834  1.1408 33.2894
  5.1515  3.0285  0.9767  1.2468 26.1616
  5.4961  3.8320  0.9837  1.3306 34.7296
  4.8988  1.4437  0.9884  1.3987 10.5036
  6.2289  3.6109  0.9687  1.8856 32.3416
  5.5170  0.5923  0.9976  1.0092  3.4704
  4.2303  3.6555  0.9811  2.4080 32.8224
  4.2301  1.7019  0.9980  0.4423 12.8919
  5.5641  2.2135  0.9932  0.2897 17.8419
  5.3572  1.3588  0.9708  0.9538  9.7379
  5.2205  3.6492  0.9897  2.0730 32.7540
  5.5160  3.1683  0.9895  0.6113 27.6298
  4.8125  2.2088  0.9834  1.4996 17.7955
  5.6135  1.0733  0.9980  2.2106  7.2519
  5.6139  1.2795  0.9845  0.4068  9.0335
  5.9466  3.6225  0.9980  2.1791 32.4671
  3.7770  4.4027  0.9774  2.2482 40.9800
  5.2856  3.4265  0.9892  0.8223 30.3677
  5.3612  2.0345  0.9874  1.8901 16.0816
  5.1925  0.5799  0.9947  1.0725  3.3820
  4.2519  0.2357  0.9731  1.0250  1.1687
  4.0843  4.4316  0.9691  1.3197 41.2988
  5.4163  3.5439  0.9903  0.6226 31.6229
  5.9830  0.8410  0.9857  1.9314  5.3496
  5.2325  2.7086  0.9789  2.7839 22.8432
  5.8359  1.3740  0.9775  1.0127  9.8742
  5.4049  2.6426  0.9670  0.4379 22.1664
  5.4830  2.3994  0.9814  1.0968 19.6990
  5.6874  3.7733  0.9778  1.2443 34.0941
  6.2599  0.1514  0.9956  1.5690  0.7131
  5.0368  1.3298  0.9758  0.0571  9.4794
  5.8582  1.7794  0.9980  1.4937 13.6246
  4.7528  1.9268  0.9845  2.7269 15.0358
  5.2958  0.8984  0.9952  0.3921  5.8083
  5.7596  2.8530  0.9980  1.5196 24.3334
  4.4488  4.0169  0.9733  1.3212 36.7410
  5.8163  0.4815  0.9825  1.0037  2.6989
  3.7765  2.1304  0.9980  1.7100 17.0214
  5.3805  1.7953  0.9760  0.4083 13.7750
  5.8878  2.8375  0.9872  1.5236 24.1729
  6.1972  4.4469  0.9855  2.6075 41.4681
  5.3127  2.1517  0.9907  0.4805 17.2312
  6.3044  1.5190  0.9454  0.3621 11.1906
  5.5338  3.6625  0.9972  1.1961 32.8976
  5.7933  1.1003  0.9802  2.0032  7.4809
  5.1792  3.3096  0.9971  0.9148 29.1241
  5.3394  3.2720  0.9816  1.1207 28.7250
  6.5430  3.8909  0.7773  0.4943 35.3692
  5.9218  1.7365  0.9980  2.8071 13.2178
  5.9122  3.5392  0.9946  0.2787 31.5729
  5.2139  1.5434  0.9907  2.1977 11.4152
  4.9524  2.4927  0.9946  1.5510 20.6404
  5.3595  2.6042  0.9816  1.0734 21.7739
  6.4861  1.1979  0.9045  1.2914  8.3197
  5.4239  1.4911  0.9959  2.3134 10.9355
  6.1222  0.8099  0.9916  0.9884  5.1048
  5.3422  2.1123  0.9897  0.5773 16.8433
  5.6889  3.9245  0.9762  2.0708 35.7342
  5.6739  3.9813  0.9980  2.5077 36.3528
  5.5981  2.2605  0.9768  2.2178 18.3085
  4.6653  0.8187  0.9801  0.1737  5.1742
  5.3985  4.1004  0.9683  1.1453 37.6539
  5.3762  2.8553  0.9681  1.0593 24.3574
  5.3145  2.7659  0.9777  2.7311 23.4329
  5.3073  3.5585  0.9948  0.2241 31.7799
  4.6339  3.8659  0.9802  1.3146 35.0968
  4.5876  2.7952  0.9736  1.0958 23.7356
  5.2785  3.1940  0.9925  1.5082 27.9007
  5.6164  2.3400  0.9933  0.7537 19.1020
  4.6344  2.7025  0.9722  1.6947 22.7809
  4.2143  2.8532  0.9953  1.3524 24.3359
  4.0707  1.6943  0.9757  1.0810 12.8204
  4.3801  4.1510  0.9813  0.7357 38.2082
  4.3920  2.1721  0.9725  1.2981 17.4324
  5.1285  1.0824  0.9862  0.7156  7.3292
  5.7702  1.8620  0.9826  2.2884 14.4121
  5.3229  3.4063  0.9709  2.4401 30.1524
  5.1414  2.0686  0.9869  0.7490 16.4141
  5.0056  3.3397  0.9737  1.4303 29.4432
  5.6541  2.8232  0.9930  1.8343 24.0254
  5.1422  1.4453  0.9977  1.4216 10.5179
  5.1357  1.9648  0.9815  0.7923 15.4037
  4.9428  4.0538  0.9980  0.6498 37.1444
  5.9304  2.0079  0.9725  1.0915 15.8222
  5.5694  1.7641  0.9795  0.3821 13.4788
  4.6561  1.4431  0.9923  0.8760 10.4981
  5.0552  0.9600  0.9906  2.1201  6.3087
  4.9192  4.2481  0.9669  1.0370 39.2746
  5.4224  2.5348  0.9708  1.5396 21.0674
  5.6521  1.6638  0.9827  1.3842 12.5335
  4.7764  2.3124  0.9864  0.5933 18.8265
  4.9795  2.6712  0.9980  1.3000 22.4598
  5.3842  0.7326  0.9932  1.0103  4.5082
  4.7351  1.2995  0.9759  2.7277  9.2101
  5.5753  1.0897  0.9723  1.3990  7.3907
  5.0189  3.0990  0.9818  1.6944 26.9001
  4.9038  2.0519  0.9980  1.6173 16.2512
  3.6818  3.3665  0.9842  1.8872 29.7283
  4.5727  4.1099  0.9721  1.1756 37.7576
  5.9657  4.1199  0.9853  2.3376 37.8678
  5.3369  2.1874  0.9800  2.8925 17.5830
  4.8417  2.7664  0.9964  0.7724 23.4388
  5.1174  2.4344  0.9807  0.1363 20.0518
  3.9211  3.2551  0.9980  1.5479 28.5467
  5.1206  0.2510  0.9671  1.3987  1.2559
  6.3755  2.0368  0.9721  1.4590 16.1034
  5.3398  3.8727  0.9797  2.7797 35.1709
  5.2837  4.2730  0.9927  1.8110 39.5491
  5.1153  1.1154  0.9980  0.4224  7.6095
  6.3711  2.4418  0.9726  0.5090 20.1261
  6.1764  4.0390  0.9723  2.2355 36.9821
  5.1754  1.7599  0.9980  0.7956 13.4395
  4.1667  4.0695  0.9832  1.0792 37.3154
  4.9737  2.5350  0.9959  2.3788 21.0700
  5.2435  4.2276  0.9923  1.8630 39.0494
  5.2886  2.6282  0.9836  0.2141 22.0191
  5.5102  1.3240  0.9980  2.2439  9.4279
  5.6730  2.9156  0.9869  0.1277 24.9838
  5.4673  4.3224  0.9703  2.5994 40.0933
  5.6133  2.7654  0.9980  0.7827 23.4277
  5.4286  3.4057  0.9929  2.2616 30.1451
  5.1150  4.4700  0.9947  2.6243 41.7241
  5.5540  3.8727  0.9724  2.8793 35.1714
  3.7592  1.9545  0.9803  1.2778 15.3036
  5.7149  2.4668  0.9673  1.0738 20.3781
  3.8871  0.9204  0.9917  0.5067  5.9859
  4.9936  3.2939  0.9785  0.6063 28.9577
  5.7231  3.9415  0.9892  1.2685 35.9190
  5.1390  2.0547  0.9709  2.6696 16.2784
  5.7482  3.3088  0.9714  1.6999 29.1148
  4.0444  1.9158  0.9745  1.8478 14.9293
  4.7431  2.9612  0.9818  0.9870 25.4585
  5.2316  2.2714  0.9980  1.9061 18.4170
  5.7920  3.4955  0.9980  1.7703 31.1040
  5.6784  0.6863  0.9426  1.0668  4.1591
  5.1747  2.0818  0.9786  2.4052 16.5435
  4.8523  3.2933  0.9724  0.8978 28.9512
  5.9100  1.6036  0.9953  1.1580 11.9720
  6.3689  2.1045  0.9783  1.9412 16.7664
  5.4736  2.5663  0.9704  1.5822 21.3885
  6.1912  0.7451  0.9936  0.3815  4.6038
  4.4623  2.9394  0.9909  1.3550 25.2312
  5.4025  1.7384  0.9980  0.9370 13.2356
  5.1193  2.8750  0.9828  1.5898 24.5615
  5.2571  1.2845  0.9961  1.5304  9.0779
  5.2877  2.0295  0.9815  1.5067 16.0324
  5.0936  3.3174  0.9846  1.2717 29.2064
  5.5735  4.1142  0.9682  0.6150 37.8051
  5.6533  2.7008  0.9743  1.4720 22.7631
  6.2272  3.5290  0.9979  0.1890 31.4632
  5.0412  3.6634  0.9964  2.1964 32.9067
  5.5376  2.7553  0.9881  1.3997 23.3236
  4.9075  1.0112  0.9952  0.6698  6.7313
  5.7023  1.4172  0.9773  0.4970 10.2637
  5.1111  4.3290  0.9854  0.4192 40.1660
  5.7745  0.7512  0.9822  0.7072  4.6501
  5.0809  3.7567  0.9980  0.9447 33.9144
  5.0027  4.3731  0.9861  0.7552 40.6521
  5.2031  4.4837  0.9899  0.3024 41.8758
  5.2221  3.2708  0.9957  0.8268 28.7127
  5.6626  3.0803  0.9873  2.1814 26.7045
  5.1777  1.5926  0.9740  1.8429 11.8700
  5.9697  0.8529  0.9791  1.2476  5.4445
  5.6252  3.1430  0.9716  0.2984 27.3631
  5.2840  1.8759  0.9889  2.3930 14.5459
  5.6609  3.3874  0.9919  1.6791 29.9508
  6.1586  2.1073  0.9677  2.2506 16.7942
  5.8375  0.7008  0.9584  0.9892  4.2676
  4.3663  3.5649  0.9729  1.6545 31.8482
  3.9174  2.4722  0.9895  0.9649 20.4332
  4.7696  4.4671  0.9980  0.7791 41.6924
  5.3943  3.2564  0.9954  0.6192 28.5601
  4.9156  2.1083  0.9718  1.6236 16.8037
  6.2086  1.8234  0.9952  2.0668 14.0434
  4.8945  2.9931  0.9971  0.7918 25.7917
  5.0480  4.1838  0.9980  1.0231 38.5677
  6.7942  3.9817  0.6397  0.8963 36.3569
  5.3532  4.3533  0.9721  2.9308 40.4335
  5.3141  4.1248  0.9955  1.7257 37.9210
  6.4530  2.4341  0.9071  1.7632 20.0479
  3.7193  2.7956  0.9751  1.2604 23.7392
  4.7032  1.9189  0.9809  1.2960 14.9601
  4.7864  1.2882  0.9908  1.6839  9.1105
  5.4181  1.9388  0.9777  0.6585 15.1520
  4.0657  2.0911  0.9900  2.4086 16.6346
  5.2415  2.9836  0.9945  0.9923 25.6921
  5.7014  1.5509  0.9676  0.1222 11.4848
  5.5021  4.2349  0.9679  1.8565 39.1294
  4.8192  1.1021  0.9920  0.9307  7.4959
  4.6806  0.8864  0.9748  0.8635  5.7119
  5.3337  2.6752  0.9680  1.4678 22.5004
  4.2682  3.5085  0.9678  1.7649 31.2432
  6.7562  1.8609  0.5979  0.3057 14.4019
  5.7766  3.0116  0.9739  0.9241 25.9845
  4.6076  4.4375  0.9845  0.7234 41.3649
  5.1484  2.0565  0.9965  1.1493 16.2962
  5.4813  2.5016  0.9673  0.9777 20.7310
  5.2943  2.1319  0.9731  0.5502 17.0357
  5.3535  2.3678  0.9679  2.4346 19.3809
  5.4095  2.6593  0.9906  2.4986 22.3377
  5.2033  1.7506  0.9895  0.7238 13.3509
  5.4760  1.2810  0.9719  2.2108  9.0472
  4.3229  1.7483  0.9936  1.5052 13.3291
  5.0022  2.4143  0.9824  0.6035 19.8489
  5.5298  2.5737  0.9778  1.6695 21.4637
  5.1360  3.5968  0.9820  2.0132 32.1909
  6.0330  2.9551  0.9946  1.1206 25.3947
  5.0967  3.3612  0.9753  1.4198 29.6721
  5.2960  4.2688  0.9745  0.1677 39.5021
  6.1025  2.3932  0.9690  2.0160 19.6362
  5.4632  3.3200  0.9787  0.8361 29.2342
  6.4454  3.2746  0.9023  1.6585 28.7522
  5.0952  0.5625  0.9787  0.8706  3.2586
  5.5898  2.1828  0.9917  2.4800 17.5375
  4.2507  4.2111  0.9980  3.0036 38.8684
  5.4733  0.6000  0.9807  0.3750  3.5257
  5.9811  3.0243  0.9915  1.2291 26.1175
  4.8179  4.0808  0.9980  1.3858 37.4389
  5.7088  2.0320  0.9748  2.5113 16.0571
  5.0991  1.9484  0.9901  1.2076 15.2443
  4.5074  3.3507  0.9718  1.7728 29.5607
  5.2768  2.2688  0.9785  1.2064 18.3910
  6.6485  3.0180  0.6825  1.9327 26.0516
  4.6415  2.8141  0.9669  1.6971 23.9308
  6.8045  0.7979  0.9289  1.6230  5.0111
  5.7293  2.8802  0.9815  0.3077 24.6159
  5.2414  0.8603  0.9889  1.9493  5.5032
  5.3475  2.3786  0.9737  1.1988 19.4900
  6.4077  2.9150  0.9304  1.9115 24.9770
  5.6174  3.9636  0.9844  1.2469 36.1594
  6.4809  1.2366  0.9475  1.8239  8.6569
  4.7015  3.5159  0.9756  0.5901 31.3225
  5.9239  0.5371  0.9908  0.2754  3.0801
  5.7194  2.1636  0.9750  2.9603 17.3480
  5.9433  3.1409  0.9897  0.9896 27.3413
  4.4580  1.8238  0.9878  1.2037 14.0468
  4.2064  4.4885  0.9980  2.0114 41.9289
  6.4352  2.2376  0.9593  3.0897 18.0807
  5.7436  3.1559  0.9925  1.7828 27.4987
  4.8226  3.2019  0.9693  0.1627 27.9842
  5.1088  2.6577  0.9828  1.5469 22.3216
  4.7540  4.3587  0.9752  0.9657 40.4941
  4.9296  2.0057  0.9979  0.7483 15.8007
  4.9363  4.0687  0.9815  0.7930 37.3069
  5.1045  2.6262  0.9792  1.7856 21.9993
  5.2982  2.4349  0.9860  0.5503 20.0566
  5.1871  1.7078  0.9683  0.3108 12.9469
  5.0039  2.0352  0.9710  1.6162 16.0878
  5.8189  0.8459  0.9350  0.5535  5.3889
  4.7116  2.3716  0.9853  2.8924 19.4195
  6.9899  1.3557  0.3841  2.5048  9.7102
  3.7989  2.5108  0.9858  0.9902 20.8236
  5.5014  2.0791  0.9798  0.5814 16.5176
  5.9242  0.9416  0.9805  0.4890  6.1583
  4.7514  2.1538  0.9970  0.9507 17.2515
  4.8403  3.9126  0.9715  2.7242 35.6045
  5.2326  0.7011  0.9838  2.6791  4.2699
  4.5074  0.7269  0.9963  0.1782  4.4651
  5.5699  1.2557  0.9760  2.9576  8.8244
  6.1514  3.8073  0.9854  2.0834 34.4620
  5.0981  2.7788  0.9962  0.5716 23.5665
  4.8648  2.1916  0.9942  2.4280 17.6249
  5.0542  1.2399  0.9973  1.5911  8.6852
  5.7548  2.6939  0.9976  1.5981 22.6928
  4.0259  3.9108  0.9690  1.8101 35.5856
  5.3015  1.7022  0.9964  1.2643 12.8944
  5.5581  3.5687  0.9764  0.2782 31.8887
  5.4627  3.8554  0.9720  0.4997 34.9829
  4.6350  4.0336  0.9895  0.3869 36.9233
  6.1622  0.7457  0.9900  1.9421  4.6080
  5.4066  2.7908  0.9704  2.3488 23.6902
  4.8563  1.1280  0.9854  1.5132  7.7168
  5.8323  2.6096  0.9980  1.0964 21.8292
  5.1601  1.7821  0.9890  2.4869 13.6502
  5.0472  1.4221  0.9683  1.8110 10.3076
  5.6840  1.0109  0.9808  0.6692  6.7296
  6.6376  2.5525  0.7291  0.4549 21.2472
  4.9901  3.7270  0.9866  1.0955 33.5936
  5.0254  4.3896  0.9977  1.5984 40.8348
  5.5883  2.9880  0.9980  2.0351 25.7381
  5.3153  3.3269  0.9711  2.4251 29.3069
  5.0859  1.3164  0.9722  0.3797  9.3606
  3.6134  3.8996  0.9737  0.8375 35.4631
  5.6168  2.7264  0.9667  2.2758 23.0264
  5.4941  2.7928  0.9960  1.4922 23.7110
  5.2290  1.7083  0.9978  2.7001 12.9519
  4.9749  2.8055  0.9873  1.3200 23.8418
  4.8524  3.1790  0.9888  2.3542 27.7424
  5.2183  4.2274  0.9927  1.1121 39.0466
  5.9606  1.7112  0.9832  0.9711 12.9795
  6.2124  2.5972  0.9729  2.7596 21.7029
  5.7193  2.0248  0.9704  0.9828 15.9863
  6.0529  3.7946  0.9831  2.0417 34.3241
  5.4003  2.4465  0.9813  1.7068 20.1733
  5.3395  2.7045  0.9744  1.5848 22.8013
  6.1597  0.9423  0.9901  1.6526  6.1641
  6.0831  2.4891  0.9776  0.6843 20.6040
  5.1696  3.1194  0.9980  1.9951 27.1145
  4.4307  2.1648  0.9961  0.7003 17.3597
  5.5229  2.5460  0.9753  0.6375 21.1813
  5.0595  1.2424  0.9844  1.6605  8.7075
  4.3120  1.0082  0.9779  0.2311  6.7067
  5.3476  3.0207  0.9691  1.3193 26.0801
  5.5946  3.5219  0.9966  0.4702 31.3867
  5.0321  4.0194  0.9943  2.1251 36.7681
  3.7036  1.4902  0.9741  2.5749 10.9266
  5.6565  3.1668  0.9735  2.6703 27.6137
  5.9661  0.5058  0.9871  1.5238  2.8642
  5.9160  0.6418  0.9877  1.2506  3.8296
  5.5065  2.2723  0.9706  2.0737 18.4266
  4.2058  4.3549  0.9980  1.2011 40.4516
  5.7464  3.8231  0.9733  0.6900 34.6324
  5.8549  0.6186  0.9915  1.3580  3.6604
  5.3279  1.6077  0.9906  1.0727 12.0102
  6.3074  4.3309  0.9689  0.4498 40.1873
  5.8992  0.7296  0.9956  0.7089  4.4854
  3.6904  2.9567  0.9875  0.5007 25.4115
  5.1648  1.0410  0.9841  0.9676  6.9805
  4.9069  3.8126  0.9721  2.1336 34.5189
  5.0279  1.4738  0.9954  1.6399 10.7776
  5.1487  3.8543  0.9832  2.2686 34.9717
  4.3283  2.0752  0.9949  1.7555 16.4794
  4.8934  4.4907  0.9867  1.1118 41.9540
  5.8530  0.8380  0.9880  0.5279  5.3265
  4.7738  3.2793  0.9681  2.2899 28.8022
  4.8798  2.8600  0.9861  0.1310 24.4059
  5.8449  3.7054  0.9980  1.7826 33.3597
  5.2891  3.2636  0.9888  0.7938 28.6357
  5.5229  1.4716  0.9765  2.7359 10.7569
  5.8979  0.6915  0.9870  0.4385  4.1977
  5.1882  0.8134  0.9795  1.0022  5.1329
  5.5064  3.9281  0.9786  2.2408 35.7732
  5.7167  3.6534  0.9893  1.5161 32.7996
  6.1546  2.9006  0.9890  1.1588 24.8274
  5.3502  1.6150  0.9818  1.4539 12.0783
  4.2408  3.2009  0.9980  1.9377 27.9734
  5.5606  1.7180  0.9792  0.8871 13.0430
  5.5442  0.5490  0.9671  1.4494  3.1636
  5.1139  0.4493  0.9979  1.1544  2.4831
  5.3508  3.5314  0.9734  1.8834 31.4892
  4.3380  4.4559  0.9693  2.6428 41.5680
  4.9306  3.1174  0.9705  0.7919 27.0941
  5.1398  3.1197  0.9757  1.1435 27.1182
  5.1604  1.5313  0.9896  1.5522 11.3035
  5.2289  0.8489  0.9911  0.8875  5.4125
  6.0580  3.5921  0.9878  2.7383 32.1405
  6.4745  0.8833  0.9929  0.5165  5.6867
  5.9868  3.1893  0.9809  0.6685 27.8506
  5.4096  1.8078  0.9771  0.3198 13.8946
  5.5039  2.0225  0.9817  0.8390 15.9645
  3.9467  4.4759  0.9904  0.4007 41.7896
  5.4376  2.5052  0.9976  0.6516 20.7677
  3.8294  2.1322  0.9980  1.0530 17.0387
  5.6759  2.9581  0.9973  1.0400 25.4264
  5.4388  1.1011  0.9960  1.6506  7.4877
  5.9585  1.3066  0.9709  0.5667  9.2734
  5.1813  2.7304  0.9921  1.7074 23.0679
  4.8256  3.8585  0.9812  2.6186 35.0171
  4.7139  3.1178  0.9926  2.2148 27.0980
  4.6967  3.1871  0.9786  1.3455 27.8275
  6.2940  4.1919  0.9750  1.5572 38.6575
  4.4205  3.5660  0.9962  2.1782 31.8597
  4.3517  3.7886  0.9734  0.5630 34.2592
  5.2074  2.1208  0.9675  0.8740 16.9267
  3.6422  4.4884  0.9836  0.8424 41.9285
  5.9878  1.6558  0.9830  0.6082 12.4586
  5.3468  1.3538  0.9894  2.2534  9.6933
  4.2981  3.0747  0.9774  0.7669 26.6449
  3.5913  3.0491  0.9776  0.7745 26.3765
  5.9857  3.1477  0.9979  0.7204 27.4126
  5.4231  1.2469  0.9865  0.4568  8.7464
  5.1306  4.3248  0.9700  0.7747 40.1198
  4.9009  0.9613  0.9980  1.7301  6.3192
  5.8479  4.4496  0.9967  0.4831 41.4979
  5.7271  1.6801  0.9882  0.3329 12.6867
  5.7244  3.0355  0.9960  2.1769 26.2344
  4.6561  3.8626  0.9957  2.4395 35.0610
  5.2614  1.1085  0.9722  0.6645  7.5502
  5.2027  1.1941  0.9717  1.9355  8.2867
  5.6360  1.4663  0.9967  1.8493 10.7093
  6.6325  1.8199  0.7953  2.5541 14.0098
  5.6271  3.8069  0.9795  2.7375 34.4579
  5.4440  3.4965  0.9836  1.0686 31.1154
  4.6377  3.9781  0.9684  0.7713 36.3174
  5.1225  2.8357  0.9946  1.5824 24.1542
  4.7122  4.1036  0.9796  1.9083 37.6887
  5.4405  2.8564  0.9884  0.2963 24.3691
  5.1193  4.1712  0.9962  1.5140 38.4299
  5.4338  1.7664  0.9792  1.9831 13.5012
  5.3477  4.3492  0.9777  1.5619 40.3891
  5.0687  2.6996  0.9672  0.8461 22.7513
  5.3088  4.3963  0.9980  0.3738 40.9088
  5.0620  2.3714  0.9719  1.5720 19.4170
  4.8269  0.5055  0.9926  0.8479  2.8618
  5.1158  2.4489  0.9780  1.7816 20.1977
  4.8571  3.5552  0.9736  0.6582 31.7435
  5.1950  1.3505  0.9723  2.3335  9.6639
  3.8712  0.6846  0.9785  1.3248  4.1460
  6.2597  1.6617  0.9824  1.0782 12.5143
  5.3809  2.5292  0.9887  1.0404 21.0107
  5.5490  2.3725  0.9888  1.8489 19.4284
  4.5714  2.3783  0.9919  0.6575 19.4863
  4.7829  1.9238  0.9669  0.1322 15.0068
  4.8500  1.8746  0.9902  0.5480 14.5334
  6.9143  3.2650  0.6357  1.3849 28.6514
  5.0015  4.1960  0.9690  0.5819 38.7020
  5.5454  1.8212  0.9888  1.3877 14.0220
  5.1430  2.0678  0.9944  0.9502 16.4062
  5.1377  3.0382  0.9935  1.6809 26.2625
  5.2749  1.2733  0.9841  1.9562  8.9790
  6.0007  1.3570  0.9980  0.9904  9.7217
  5.0107  1.9311  0.9863  2.2730 15.0774
  5.6827  3.9963  0.9774  2.0817 36.5159
  5.3667  2.5812  0.9891  0.7394 21.5393
  4.8608  1.3461  0.9938  1.2461  9.6251
  4.6335  3.5660  0.9695  1.7318 31.8596
  5.1109  4.1908  0.9785  1.0064 38.6449
  5.3385  1.3711  0.9817  1.0874  9.8481
  5.8465  2.6197  0.9961  1.7293 21.9323
  4.9716  2.4884  0.9684  1.3369 20.5973
  4.8055  3.8333  0.9721  0.2964 34.7436
  6.3450  1.3814  0.9741  2.3120  9.9408
  4.9062  2.4685  0.9746  1.8428 20.3952
  5.3238  3.1646  0.9844  0.7227 27.5905
  4.1608  2.7250  0.9774  0.3055 23.0123
  5.4734  1.7437  0.9778  0.8523 13.2860
  5.3051  2.2923  0.9892  0.8597 18.6260
  5.2408  1.5731  0.9793  2.1176 11.6892
  5.3909  3.4702  0.9685  0.4933 30.8342
  4.6234  3.3915  0.9781  0.7681 29.9948
  5.1532  1.8600  0.9705  1.8638 14.3931
