  5.5366  1.8238  0.9846  0.5839 14.0469
  5.9989  2.6825  0.9977  0.4209 22.5759
  6.4799  2.9287  0.9660  2.8367 25.1201
  5.7844  3.5446  0.9709  2.5275 31.6301
  4.8137  2.4423  0.9967  2.7374 20.1314
  5.0158  1.6846  0.9741  0.1727 12.7290
  5.0489  2.7466  0.9908  0.3153 23.2342
  6.1748  1.8806  0.9765  1.2064 14.5907
  6.8566  2.9388  0.4956  1.4296 25.2248
  4.4827  3.6721  0.9828  2.5372 33.0012
  5.2841  1.6582  0.9900  1.0354 12.4814
  5.3407  2.5830  0.9923  2.5412 21.5577
  3.7906  2.1889  0.9864  0.9904 17.5978
  5.2451  3.4228  0.9889  0.6668 30.3282
  5.9003  3.2788  0.9896  1.1142 28.7967
  4.9816  3.6128  0.9724  1.6408 32.3626
  4.9559  2.7099  0.9715  0.7270 22.8567
  5.3029  3.2359  0.9973  1.0851 28.3435
  5.1472  3.1451  0.9858  1.6885 27.3854
  5.6345  2.7514  0.9972  0.1416 23.2841
  5.4104  2.9726  0.9916  0.9160 25.5775
  5.6935  2.8515  0.9930  1.3357 24.3178
  5.1461  3.1773  0.9807  0.6137 27.7248
  4.6891  2.5342  0.9684  1.5835 21.0621
  3.8099  1.5818  0.9980  1.9448 11.7704
  6.0676  2.3959  0.9740  0.8030 19.6635
  6.3531  2.5748  0.9719  1.7552 21.4743
  5.2796  3.2365  0.9872  2.4165 28.3493
  5.0907  2.5769  0.9890  0.6386 21.4958
  4.6641  1.4006  0.9763  1.0762 10.1138
  6.8517  4.0279  0.4042  2.6321 36.8610
  4.9469  4.0561  0.9967  0.4390 37.1697
  4.1045  4.1243  0.9677  1.3004 37.9157
  5.3772  3.2481  0.9902  2.2199 28.4717
  4.7496  2.1200  0.9880  2.4225 16.9186
  6.5167  1.8717  0.7149  1.6181 14.5053
  5.3038  3.8234  0.9680  0.3145 34.6358
  5.1456  3.4078  0.9733  0.2705 30.1684
  5.9249  4.4312  0.9700  2.4638 41.2949
  5.3324  3.4872  0.9810  1.8603 31.0152
  4.9719  2.2610  0.9978  0.6213 18.3133
  5.0504  3.0099  0.9729  0.8996 25.9663
  5.6864  3.5640  0.9939  1.1530 31.8382
  4.7296  3.1014  0.9953  3.0529 26.9260
  5.2226  2.8360  0.9761  0.3162 24.1571
  6.6814  0.7835  0.7024  1.2934  4.8994
  6.0941  3.7480  0.9773  1.0318 33.8196
  5.0024  2.8734  0.9756  0.5651 24.5449
  5.8737  2.6843  0.9830  2.0294 22.5937
  6.0494  3.1688  0.9866  0.5975 27.6349
  4.4651  2.4326  0.9884  1.1736 20.0332
  5.3730  2.6534  0.9747  0.6056 22.2770
  3.6146  0.8591  0.9698  1.2396  5.4936
  4.6662  2.5547  0.9963  1.2029 21.2698
  5.4054  1.7121  0.9828  0.2611 12.9872
  5.1400  3.2794  0.9707  0.9806 28.8031
  6.7174  1.8252  0.6119  1.2120 14.0608
  5.0168  4.1516  0.9689  1.8689 38.2145
  6.1909  2.5631  0.9862  0.9365 21.3552
  4.6938  2.0071  0.9861  1.2341 15.8140
  5.2500  2.1572  0.9863  1.4003 17.2852
  5.0740  1.7877  0.9717  0.3575 13.7029
  5.6335  2.9714  0.9706  2.7905 25.5646
  5.7260  3.4527  0.9790  1.8145 30.6467
  5.3574  3.9137  0.9828  0.3068 35.6166
  5.0656  2.1160  0.9887  2.2077 16.8793
  5.3851  2.8464  0.9740  1.2787 24.2647
  4.4656  4.2959  0.9948  0.7536 39.8012
  4.9026  2.8229  0.9876  1.5299 24.0216
  4.7347  3.9796  0.9980  1.3533 36.3342
  5.2855  1.3155  0.9887  2.7910  9.3522
  4.9415  3.4173  0.9725  0.8282 30.2691
  4.7544  1.3496  0.9766  1.6870  9.6560
  4.4919  3.0312  0.9937  2.7491 26.1898
  5.3452  3.9063  0.9977  0.4896 35.5366
  5.7040  2.9662  0.9815  1.1961 25.5109
  5.3544  2.2612  0.9917  2.1713 18.3159
  5.6100  3.9866  0.9944  1.0345 36.4110
  5.2688  2.5498  0.9683  1.4872 21.2201
  6.5551  1.4463  0.9888  0.4428 10.5270
  6.5935  2.9316  0.9025  2.3708 25.1496
  5.3000  3.8055  0.9697  1.6353 34.4420
  6.0820  4.3954  0.9812  0.9727 40.8991
  5.5369  3.5760  0.9831  1.6778 31.9671
  4.7204  1.0202  0.9673  1.8209  6.8064
  3.9233  2.9449  0.9732  1.4277 25.2886
  5.4988  3.6893  0.9788  1.5258 33.1858
  5.2524  2.9832  0.9938  1.8031 25.6880
  5.4157  3.2242  0.9980  1.5823 28.2199
  6.4962  3.0283  0.9339  1.8150 26.1592
  6.1574  2.2289  0.9862  1.9702 17.9942
  5.8623  1.3427  0.9717  1.7873  9.5940
  6.7732  3.6159  0.8006  1.3424 32.3953
  5.1850  3.7354  0.9770  0.8512 33.6840
  5.9350  4.2766  0.9881  1.9375 39.5880
  3.7826  3.4671  0.9932  2.4083 30.8012
  6.3182  1.7587  0.9841  0.3196 13.4278
  5.4739  3.0667  0.9880  0.5583 26.5618
  4.2111  1.6605  0.9863  2.9479 12.5028
  4.6337  2.9380  0.9946  2.4034 25.2170
  4.3858  0.7427  0.9943  0.2069  4.5853
  5.0890  2.9150  0.9731  2.0852 24.9769
  4.4256  1.8216  0.9712  1.1631 14.0259
  5.2877  3.3722  0.9872  1.7133 29.7891
  6.0230  2.8976  0.9754  1.6277 24.7967
  4.4717  2.8120  0.9697  2.6471 23.9089
  4.0330  4.4028  0.9976  2.1192 40.9810
  4.7374  2.5610  0.9831  2.0228 21.3338
  5.1341  3.6942  0.9764  2.5067 33.2393
  5.2213  1.9642  0.9915  0.5126 15.3978
  5.3463  4.0536  0.9898  1.3700 37.1418
  6.4482  3.5429  0.9578  0.8115 31.6118
  6.7634  2.2957  0.7437  1.6460 18.6594
  5.7664  2.0366  0.9945  1.1496 16.1020
  5.1247  3.4381  0.9872  0.5289 30.4912
  5.4449  2.0093  0.9680  2.2577 15.8354
  5.2514  3.9659  0.9762  2.4271 36.1848
  5.4593  1.5293  0.9949  0.1535 11.2854
  5.3860  3.6946  0.9759  1.3940 33.2433
  5.7941  3.6277  0.9879  1.6129 32.5226
  3.6442  1.3445  0.9708  1.9968  9.6101
  6.9660  2.6573  0.5118  2.1154 22.3167
  5.8557  1.9725  0.9949  2.0912 15.4780
  6.0275  2.1792  0.9685  0.3546 17.5027
  5.1078  3.3143  0.9895  0.5227 29.1739
  5.2323  2.8407  0.9962  1.1094 24.2059
  5.0996  4.2858  0.9725  0.5223 39.6903
  5.7547  1.7748  0.9954  1.5327 13.5802
  5.9306  4.4633  0.9933  1.6800 41.6497
  4.7992  2.6973  0.9669  0.7755 22.7276
  5.1101  3.3102  0.9876  1.2728 29.1301
  5.3807  2.2484  0.9685  0.9031 18.1885
  5.3643  3.0577  0.9843  0.8084 26.4673
  4.3373  3.3533  0.9749  1.7642 29.5875
  4.8297  3.7767  0.9920  1.6546 34.1306
  5.8237  2.9433  0.9786  1.5420 25.2721
  5.8574  3.3498  0.9940  0.5364 29.5511
  3.5634  3.7323  0.9776  0.7201 33.6506
  6.3436  2.9707  0.9803  1.9986 25.5569
  4.9469  2.9229  0.9681  0.7328 25.0598
  6.0572  2.8810  0.9709  1.1746 24.6236
  4.7788  2.9044  0.9833  0.5531 24.8667
  5.1989  2.9194  0.9942  0.9124 25.0232
  4.4794  4.2388  0.9708  0.7485 39.1726
  5.5380  1.5994  0.9773  1.2511 11.9336
  4.8113  2.6684  0.9904  1.5546 22.4311
  4.4766  2.1389  0.9753  0.7168 17.1048
  3.6439  1.2986  0.9753  2.9220  9.2025
  5.8593  3.9331  0.9773  1.8992 35.8274
  5.4243  3.4013  0.9896  1.2269 30.0988
  5.2181  2.6111  0.9943  0.8056 21.8443
  5.9946  2.0995  0.9702  2.4430 16.7172
  5.1158  1.6753  0.9980  0.8816 12.6419
  5.2999  3.1570  0.9898  1.4083 27.5100
  3.9936  2.3239  0.9804  0.5483 18.9418
  5.4510  2.5123  0.9713  1.8168 20.8396
  5.2447  3.5438  0.9715  2.8412 31.6220
  5.1109  2.3187  0.9795  0.5432 18.8895
  6.0295  1.8274  0.9799  1.9090 14.0811
  6.0317  2.1594  0.9693  1.0955 17.3066
  4.0927  2.7197  0.9910  2.3322 22.9576
  5.6414  3.9340  0.9747  0.7116 35.8371
  5.5523  2.7698  0.9825  0.4526 23.4729
  5.6618  2.4342  0.9679  2.9370 20.0490
  5.6900  2.3103  0.9748  1.4824 18.8053
  6.4837  3.2209  0.9531  2.0298 28.1842
  6.6245  3.2798  0.6829  0.6835 28.8076
  5.2336  1.3989  0.9759  2.0004 10.0982
  6.0028  1.6338  0.9793  1.2440 12.2532
  5.1697  4.0620  0.9980  1.7705 37.2336
  3.6360  2.3225  0.9787  0.8852 18.9278
  5.0398  2.5969  0.9851  1.1990 21.6995
  4.9582  2.2458  0.9909  1.4637 18.1625
  4.7014  2.0911  0.9815  1.6504 16.6353
  4.2107  3.4799  0.9776  2.0718 30.9380
  5.7520  2.1587  0.9748  1.8162 17.3003
  5.1478  1.3839  0.9918  1.4511  9.9631
  5.1172  2.8917  0.9788  2.7538 24.7349
  5.0881  1.4899  0.9956  2.2086 10.9247
  5.2964  2.0645  0.9702  2.1552 16.3744
  5.2853  2.5675  0.9834  0.2876 21.4000
  3.7351  4.0840  0.9825  1.4483 37.4739
  6.6102  3.2840  0.9114  0.3089 28.8525
  5.2737  2.8678  0.9730  0.8178 24.4873
  5.0000  3.0589  0.9975  1.6681 26.4799
  4.2593  2.3402  0.9839  2.0010 19.1042
  4.5666  2.8603  0.9822  1.5371 24.4095
  5.1765  1.9909  0.9874  0.6745 15.6563
  4.1484  3.6550  0.9904  1.0804 32.8165
  5.0063  2.5703  0.9896  1.2501 21.4289
  4.0920  0.5133  0.9834  2.7757  2.9154
  5.0675  4.0543  0.9695  0.4133 37.1496
  5.3500  2.2940  0.9740  0.2994 18.6429
  4.9920  3.7300  0.9980  1.1510 33.6255
  4.7422  1.4644  0.9738  1.6188 10.6921
  5.6414  4.3033  0.9980  0.6430 39.8829
  5.7446  4.3260  0.9821  1.7186 40.1328
  5.2146  3.3361  0.9719  0.4321 29.4053
  4.3469  3.7340  0.9860  1.2079 33.6688
  6.2770  3.0239  0.9938  1.5535 26.1127
  5.1959  3.0843  0.9703  1.6392 26.7462
  4.7647  2.8624  0.9761  1.3075 24.4315
  5.0994  3.8569  0.9980  0.6983 34.9994
  5.5103  2.9306  0.9747  0.5824 25.1397
  4.5848  2.4442  0.9687  1.3040 20.1506
  4.4162  2.7706  0.9741  1.0422 23.4812
  5.3025  2.1668  0.9812  1.6850 17.3796
  5.9603  4.4104  0.9835  0.9874 41.0649
  6.1865  2.5629  0.9861  1.5162 21.3535
  6.0619  3.7361  0.9761  0.6327 33.6910
  4.2200  1.9391  0.9934  0.5661 15.1545
  5.5268  3.5722  0.9733  1.6649 31.9259
  5.3777  3.5818  0.9867  0.4536 32.0294
  5.5276  3.5561  0.9796  1.7311 31.7541
  5.7388  4.0592  0.9867  2.4067 37.2033
  5.8174  3.0323  0.9790  2.4731 26.2012
  6.5918  1.8653  0.8887  2.2111 14.4438
  5.5137  3.2962  0.9742  1.3029 28.9816
  4.7549  3.7013  0.9681  1.6777 33.3158
  5.1951  4.0699  0.9980  1.1266 37.3197
  5.4173  2.0144  0.9958  0.3148 15.8854
  5.2165  1.8647  0.9973  1.8611 14.4382
  4.9874  4.2942  0.9886  0.8524 39.7824
  5.2125  3.1358  0.9766  0.9627 27.2873
  4.6587  2.9469  0.9980  0.2798 25.3097
  4.8786  2.8014  0.9724  1.5738 23.7997
  6.3772  3.5796  0.9662  0.3058 32.0060
  5.0055  3.2826  0.9929  1.0225 28.8375
  4.5578  3.2054  0.9859  1.6506 28.0210
  6.0203  2.7470  0.9825  0.9384 23.2383
  4.8493  2.1158  0.9735  0.8802 16.8777
  4.9359  2.2994  0.9838  2.1816 18.6967
  4.9670  2.4492  0.9818  1.0416 20.2012
  4.7643  2.9614  0.9814  1.1438 25.4603
  5.2670  3.3709  0.9850  0.8607 29.7745
  6.0366  3.0879  0.9763  1.7968 26.7841
  5.2326  3.0132  0.9980  1.4754 26.0010
  5.3694  3.6002  0.9671  1.9634 32.2275
  5.9941  2.0741  0.9667  0.9905 16.4681
  4.8338  4.2561  0.9745  0.8198 39.3624
  4.8131  3.7830  0.9775  1.9332 34.1980
  5.1159  4.4502  0.9909  0.2698 41.5054
  3.9303  4.0467  0.9845  0.6948 37.0668
  6.6808  2.5559  0.7599  0.4517 21.2820
  6.0455  0.9957  0.9851  0.9100  6.6029
  5.0819  1.5050  0.9980  1.0101 11.0625
  5.1477  2.0069  0.9970  0.7266 15.8124
  4.5991  2.3580  0.9905  0.5552 19.2832
  5.0464  2.8486  0.9833  2.1422 24.2878
  5.4014  3.0928  0.9937  0.5620 26.8350
  4.7715  1.5814  0.9980  0.6973 11.7661
  5.6568  3.1552  0.9813  0.9232 27.4915
  6.1346  1.5998  0.9950  2.3230 11.9366
  4.5508  4.3181  0.9856  0.5819 40.0453
  4.5518  2.7397  0.9925  0.3454 23.1636
  5.1418  1.4004  0.9948  0.8191 10.1119
  6.0034  2.7054  0.9730  2.0959 22.8105
  3.6851  2.0271  0.9946  2.3178 16.0094
  3.7890  4.1920  0.9939  2.8062 38.6583
  5.7433  2.4518  0.9787  0.2196 20.2268
  5.3613  3.2319  0.9706  1.7097 28.3008
  4.2552  4.1516  0.9776  0.4480 38.2147
  5.3620  3.8599  0.9941  0.7120 35.0320
  5.9336  3.6016  0.9910  0.4898 32.2417
  5.0166  3.2436  0.9834  0.7172 28.4248
  4.2323  3.0623  0.9733  1.4571 26.5152
  5.2946  2.1927  0.9965  0.3316 17.6360
  6.5243  1.3975  0.8517  1.2792 10.0855
  6.3063  2.4228  0.9833  1.5019 19.9344
  5.4958  3.3369  0.9716  0.5847 29.4136
  5.7286  3.4653  0.9680  1.6422 30.7816
  4.8774  4.4265  0.9980  0.8901 41.2425
  5.1594  3.0830  0.9782  1.3573 26.7327
  5.1790  3.9556  0.9785  1.9747 36.0725
  5.7439  3.3541  0.9872  0.2361 29.5963
  5.1400  2.7701  0.9972  0.7028 23.4764
  4.9285  3.2890  0.9792  1.9523 28.9049
  5.5361  2.5425  0.9674  1.6578 21.1456
  5.3041  2.8048  0.9680  2.6956 23.8345
  5.2759  2.0132  0.9669  1.3562 15.8737
  5.2813  2.6521  0.9845  1.3574 22.2642
  5.2718  1.8696  0.9827  2.0100 14.4857
  5.7325  3.8604  0.9755  2.6043 35.0373
  5.0967  3.1349  0.9794  1.4408 27.2779
  6.6519  4.0501  0.8174  2.2650 37.1042
  5.0082  2.5838  0.9790  1.4508 21.5667
  4.7360  3.5321  0.9769  0.5389 31.4962
  4.5887  4.3767  0.9980  1.7077 40.6924
  4.5938  1.8575  0.9684  0.1633 14.3694
  5.4216  4.4130  0.9798  2.1545 41.0932
  5.3684  3.0574  0.9785  0.7407 26.4644
  4.0750  1.7780  0.9819  1.4561 13.6107
  4.4428  3.4696  0.9935  2.0583 30.8280
  6.2397  3.5695  0.9756  0.8993 31.8976
  5.2514  3.1909  0.9926  0.7901 27.8673
  5.2634  4.2009  0.9677  1.9885 38.7564
  5.5200  2.1649  0.9762  1.6690 17.3615
  5.2751  2.1683  0.9934  1.1600 17.3944
  5.2174  3.4235  0.9980  1.2141 30.3355
  4.7966  2.4817  0.9742  1.1452 20.5289
  5.5393  2.3181  0.9903  1.1762 18.8835
  5.3347  4.2142  0.9892  1.5083 38.9023
  5.4875  4.1562  0.9763  1.3628 38.2656
  5.6302  3.9514  0.9907  1.2115 36.0267
  4.9294  1.4912  0.9933  2.8731 10.9358
  4.9169  4.2946  0.9757  0.7044 39.7868
  5.4596  3.6618  0.9813  2.5806 32.8902
  6.1686  2.4931  0.9882  0.9669 20.6450
  5.2365  4.4393  0.9805  0.2434 41.3845
  5.7892  2.8985  0.9887  1.9925 24.8052
  5.2052  1.9564  0.9940  1.5590 15.3221
  6.9873  3.9082  0.9874  1.6217 35.5570
  5.0069  1.7835  0.9856  0.4196 13.6628
  5.2157  2.8764  0.9921  0.3441 24.5758
  5.3780  3.4751  0.9731  2.1987 30.8863
  6.1924  2.2726  0.9929  1.4937 18.4293
  3.7424  1.2223  0.9813  2.3925  8.5320
  5.7946  3.0637  0.9710  0.8241 26.5298
  4.7209  2.8187  0.9883  1.2630 23.9787
  5.0386  3.4715  0.9713  1.8906 30.8484
  4.7395  3.5698  0.9749  0.2651 31.9007
  5.3166  3.0283  0.9956  0.8097 26.1590
  5.8745  3.3034  0.9866  0.3189 29.0578
  4.6229  3.0219  0.9847  0.8282 26.0920
  4.8874  3.3395  0.9966  0.2550 29.4409
  4.5132  1.9069  0.9846  1.4176 14.8443
  4.9193  3.0201  0.9882  1.4477 26.0736
  5.2179  2.1342  0.9892  2.7851 17.0580
  6.4172  3.9932  0.9103  0.7508 36.4820
  6.5342  1.5865  0.8001  1.0806 11.8134
  5.9485  3.1820  0.9959  0.7327 27.7738
  4.6931  2.5771  0.9816  0.2388 21.4981
  5.4543  3.5510  0.9676  2.0469 31.6990
  5.0694  0.8234  0.9765  1.2638  5.2109
  5.0404  3.0122  0.9875  0.4729 25.9907
  5.3265  3.9937  0.9787  1.5782 36.4882
  5.6114  2.6990  0.9830  1.7100 22.7445
  5.2721  1.9024  0.9921  1.8830 14.8011
  5.9174  4.0102  0.9670  2.4211 36.6684
  4.7229  2.4451  0.9881  2.0811 20.1597
  5.2650  2.6156  0.9755  1.4689 21.8904
  5.5623  4.1185  0.9959  0.8160 37.8517
  5.2996  2.1320  0.9932  0.9320 17.0364
  5.2253  4.4608  0.9940  0.4707 41.6224
  4.8977  1.9247  0.9740  2.0094 15.0158
  5.5477  3.5749  0.9706  1.4713 31.9559
  5.2664  2.9378  0.9890  0.2957 25.2146
  6.0226  2.5698  0.9728  1.4816 21.4233
  4.5177  1.6007  0.9725  0.2831 11.9451
  4.8588  1.7648  0.9770  0.6405 13.4859
  6.2248  3.7935  0.9737  0.4468 34.3121
  4.5294  3.3546  0.9754  2.6853 29.6013
  5.3123  3.2157  0.9697  2.1236 28.1301
  5.1682  3.0879  0.9693  1.4757 26.7840
  6.1174  2.8838  0.9901  0.7529 24.6525
  3.7537  2.6750  0.9895  1.0897 22.4990
  3.5634  2.0539  0.9885  2.2712 16.2707
  5.0340  3.0289  0.9720  1.9699 26.1659
  5.6678  3.9323  0.9809  0.7324 35.8191
  5.0540  2.7833  0.9676  1.7442 23.6125
  5.4054  3.8206  0.9864  0.5212 34.6053
  4.2266  3.4570  0.9844  1.4230 30.6928
  3.7224  2.0137  0.9744  1.0558 15.8784
  6.0270  3.8311  0.9876  1.4176 34.7191
  5.2175  4.1729  0.9945  1.5046 38.4483
  4.1507  3.6062  0.9781  0.3822 32.2910
  5.0508  2.7636  0.9679  1.4165 23.4095
  5.4622  3.1002  0.9884  0.8544 26.9125
  5.5181  4.0834  0.9785  1.6909 37.4681
  5.6594  2.8130  0.9787  0.9602 23.9199
  6.1356  3.0302  0.9765  2.1712 26.1789
  6.5910  3.7044  0.9129  2.2549 33.3492
  5.0539  1.8996  0.9709  2.0371 14.7737
  4.7249  2.9019  0.9878  1.5755 24.8413
  4.8558  2.1967  0.9942  2.8522 17.6755
  5.2113  2.2657  0.9980  1.0148 18.3606
  5.5843  3.9077  0.9714  1.3275 35.5518
  5.4114  3.6439  0.9721  1.4804 32.6967
  5.0672  2.4619  0.9734  1.9156 20.3290
  4.6186  3.1725  0.9789  2.0421 27.6740
  4.7776  2.9093  0.9786  1.1729 24.9176
  4.8351  2.8183  0.9816  2.6699 23.9740
  4.1969  2.3109  0.9795  0.8981 18.8114
  5.5850  3.0127  0.9742  0.5115 25.9963
  4.9782  4.2587  0.9700  0.2747 39.3913
  4.5099  1.4073  0.9690  1.6874 10.1743
  5.0313  1.8271  0.9976  1.6795 14.0783
  4.8046  2.8100  0.9749  0.0902 23.8880
  5.0180  3.6421  0.9962  0.5282 32.6776
  6.1325  2.0461  0.9936  0.3686 16.1946
  6.1724  1.9464  0.9750  1.0250 15.2251
  5.1762  2.8308  0.9775  2.6971 24.1036
  5.0507  2.2269  0.9673  1.5385 17.9749
  3.9228  1.5548  0.9944  1.4553 11.5203
  5.1808  2.7381  0.9877  1.5080 23.1469
  5.5068  3.1536  0.9905  1.1782 27.4751
  3.7656  1.4993  0.9779  1.6817 11.0106
  4.7619  3.3792  0.9905  1.3086 29.8636
  5.1911  3.1660  0.9975  2.7184 27.6054
  4.0627  1.9609  0.9834  2.0385 15.3653
  4.1843  2.6510  0.9772  0.9029 22.2530
  6.8248  2.4825  0.8998  1.8220 20.5376
  5.1470  2.1544  0.9691  1.8509 17.2572
  5.1324  3.4430  0.9980  1.2674 30.5439
  6.1856  3.5781  0.9822  1.6681 31.9892
  5.0211  3.3420  0.9924  0.4661 29.4676
  5.1913  2.9333  0.9744  1.5524 25.1679
  5.7804  2.8290  0.9808  2.5539 24.0850
  5.5164  3.5614  0.9766  1.0492 31.8108
  4.9127  3.5065  0.9965  1.2050 31.2227
  4.2807  1.3653  0.9754  0.8498  9.7961
  4.8190  2.7932  0.9896  2.2674 23.7145
  6.7092  2.9668  0.6772  0.6373 25.5165
  5.4141  1.7984  0.9915  1.7642 13.8050
  5.1208  3.3862  0.9708  2.0034 29.9383
  5.9369  2.5479  0.9730  2.0563 21.2013
  5.0585  2.2776  0.9896  1.2095 18.4794
  4.4255  4.1356  0.9788  0.6044 38.0390
  4.0027  3.3349  0.9932  1.1839 29.3929
  4.8348  3.7923  0.9940  0.8686 34.2990
  5.2735  2.6376  0.9762  0.7527 22.1157
  4.4073  1.7807  0.9906  2.1899 13.6364
  4.5970  3.2345  0.9813  1.8490 28.3279
  4.4708  2.8556  0.9738  2.2114 24.3601
  3.5112  0.6827  0.9810  1.5057  4.1322
  4.3874  3.9578  0.9912  0.6623 36.0971
  3.6170  1.9358  0.9704  1.0149 15.1230
  5.3451  2.2304  0.9914  0.4560 18.0096
  4.9522  3.0322  0.9980  1.8302 26.2000
  4.8776  3.7957  0.9766  0.7274 34.3356
  4.4286  2.1465  0.9970  1.5968 17.1794
  4.7147  1.8448  0.9710  1.6465 14.2479
  5.2271  2.6806  0.9687  1.0858 22.5560
  5.1903  3.4897  0.9921  1.1495 31.0425
  5.1501  1.6651  0.9975  2.2175 12.5457
  5.9733  2.4651  0.9798  1.6353 20.3611
  5.7456  4.2808  0.9974  1.8571 39.6352
  5.5261  2.8474  0.9668  0.3933 24.2758
  5.7808  3.8732  0.9749  0.3200 35.1761
  6.2080  4.1818  0.9770  1.3738 38.5467
  5.0509  2.2217  0.9817  1.7895 17.9234
  5.7434  2.6014  0.9883  0.7617 21.7459
  6.3035  3.8107  0.9739  0.4497 34.4983
  5.0514  3.5536  0.9838  1.2788 31.7272
  5.4915  1.9282  0.9811  0.9906 15.0489
  4.8385  2.6933  0.9874  0.2131 22.6861
  3.7213  2.0844  0.9900  1.4805 16.5694
  5.6140  3.3969  0.9942  2.3983 30.0515
  5.1579  3.1844  0.9819  1.2160 27.7994
  5.0897  3.1488  0.9970  1.5609 27.4244
  4.1672  2.0370  0.9805  0.4247 16.1053
  5.3866  2.7974  0.9918  0.9633 23.7581
  5.3154  3.3944  0.9685  0.9610 30.0256
  5.2922  2.2760  0.9898  2.0519 18.4629
  5.2059  3.5020  0.9818  2.9793 31.1744
  4.2928  3.0898  0.9767  0.7526 26.8034
  5.8557  1.9222  0.9977  1.8936 14.9919
  5.2346  2.9420  0.9879  1.4958 25.2582
  6.0767  1.6062  0.9721  0.5295 11.9963
  5.0736  3.0671  0.9799  1.8506 26.5661
  5.4212  3.8391  0.9709  0.6329 34.8065
  5.3001  2.0723  0.9896  0.8943 16.4508
  5.4475  4.4204  0.9958  1.1472 41.1750
  5.6839  3.7872  0.9729  1.8648 34.2441
  5.0913  2.2610  0.9849  1.7191 18.3139
  4.1498  4.0307  0.9734  0.3066 36.8918
  3.5087  2.1475  0.9868  2.4401 17.1897
  4.2746  2.3624  0.9816  1.6865 19.3270
  5.2223  2.2468  0.9792  2.3830 18.1724
  4.6104  2.5798  0.9947  0.3675 21.5260
  5.9605  2.4045  0.9814  1.1451 19.7498
  5.2835  3.9648  0.9684  0.6787 36.1728
  4.9729  3.9184  0.9707  0.7605 35.6682
  5.1567  1.4910  0.9829  2.4974 10.9344
  6.9816  0.5888  0.4059  1.3172  3.4457
  5.4591  4.3298  0.9879  1.0622 40.1749
  6.1498  3.5760  0.9883  1.3631 31.9670
  5.4490  2.3650  0.9885  0.2634 19.3529
  4.0018  4.3623  0.9740  0.8286 40.5330
  6.0119  3.2893  0.9980  0.6169 28.9088
  4.6009  3.0955  0.9950  0.1540 26.8638
  5.7097  2.8568  0.9830  1.0161 24.3727
  5.3545  2.9978  0.9932  1.7864 25.8406
  6.5197  1.6002  0.8147  0.6030 11.9405
  5.8691  3.2578  0.9673  0.1881 28.5753
  6.1810  3.2384  0.9784  0.6404 28.3697
  5.2138  4.0317  0.9695  1.6917 36.9024
  4.7477  2.8644  0.9971  1.2858 24.4515
  6.2037  3.7924  0.9781  0.9974 34.2998
  5.0263  3.3901  0.9967  0.3234 29.9795
  5.8910  2.7716  0.9878  2.6563 23.4920
  5.1754  1.8922  0.9914  0.7438 14.7030
  5.1242  3.6150  0.9747  1.3032 32.3862
  5.6703  2.5676  0.9699  2.6151 21.4016
  5.8246  3.5694  0.9751  1.2483 31.8968
  5.8807  3.7782  0.9980  0.7871 34.1462
  4.7887  4.0230  0.9876  0.1368 36.8072
  4.7073  4.0537  0.9801  0.3836 37.1430
  5.4410  2.2579  0.9773  2.1744 18.2825
  3.5499  3.5516  0.9846  1.1868 31.7058
  5.3331  4.0014  0.9855  1.1097 36.5722
  6.2117  2.9366  0.9880  1.7674 25.2024
  5.0671  2.9145  0.9839  2.1503 24.9725
  5.5104  2.2176  0.9769  1.6436 17.8824
  4.5397  3.8191  0.9980  1.4471 34.5899
  5.3378  4.2692  0.9766  0.4831 39.5066
  6.5610  4.4399  0.9153  1.6803 41.3912
  5.1748  3.3839  0.9865  1.4417 29.9132
  5.5059  4.4716  0.9678  1.3672 41.7423
  4.2183  4.0229  0.9936  2.0220 36.8063
  5.6148  2.4794  0.9802  1.0412 20.5056
  3.6992  1.8158  0.9768  2.8236 13.9707
  4.8678  2.5382  0.9770  0.3096 21.1025
  5.6131  0.9983  0.9777  0.9711  6.6247
  4.6258  1.6115  0.9840  1.6679 12.0457
  5.6911  2.8640  0.9976  0.4559 24.4475
  6.2366  2.6462  0.9728  0.9212 22.2033
  5.2063  3.8827  0.9917  0.3260 35.2798
  5.4365  2.8514  0.9691  1.0344 24.3168
  4.2666  0.8308  0.9781  1.7466  5.2693
  5.4025  3.1031  0.9803  2.1328 26.9439
  4.7509  2.3108  0.9686  1.8525 18.8101
  3.6849  0.5068  0.9894  0.4886  2.8709
  6.3219  3.5649  0.9877  0.9109 31.8479
  5.6063  3.1200  0.9684  1.2037 27.1213
  3.9377  2.7732  0.9853  2.2873 23.5089
  5.4481  2.1110  0.9761  1.8754 16.8303
  5.2738  4.4401  0.9890  2.4454 41.3935
  5.8409  3.5585  0.9879  1.5412 31.7790
  4.9951  4.0164  0.9851  2.1996 36.7353
  4.4399  3.8639  0.9969  0.6387 35.0753
  5.6327  3.9889  0.9951  1.3395 36.4357
  5.5406  2.7063  0.9921  1.3592 22.8198
  4.4918  3.0990  0.9714  0.2757 26.8999
  5.3557  4.2497  0.9908  0.5505 39.2924
  5.5315  4.1498  0.9826  2.3870 38.1951
  4.4079  2.8029  0.9726  0.5379 23.8152
  5.3837  2.8093  0.9816  2.4315 23.8808
  5.7235  2.2947  0.9903  1.1760 18.6498
  4.9636  1.7005  0.9980  2.6809 12.8785
  5.2514  2.2935  0.9924  1.6313 18.6374
  5.3481  4.3743  0.9757  1.7515 40.6654
  6.0105  2.3700  0.9735  1.7118 19.4030
  3.9263  1.2565  0.9901  1.5086  8.8309
  5.1665  3.7260  0.9721  1.6226 33.5819
  5.6072  2.5963  0.9734  0.9404 21.6938
  4.9525  4.3622  0.9745  1.2647 40.5325
  5.4766  2.8946  0.9839  1.5933 24.7657
  5.7114  2.1670  0.9939  0.6378 17.3820
  5.1349  2.5959  0.9849  1.2167 21.6894
  4.3331  3.6580  0.9755  2.0005 32.8494
  6.3712  4.1678  0.9791  1.8317 38.3928
  5.1420  2.6238  0.9672  1.7503 21.9743
  4.7185  3.9768  0.9730  0.4367 36.3039
  5.8243  3.1023  0.9824  1.9918 26.9348
  5.5904  4.0247  0.9931  0.5416 36.8262
  4.7147  4.2878  0.9853  2.2968 39.7119
  4.9596  4.0416  0.9864  0.8933 37.0105
  5.5790  1.5389  0.9896  1.2866 11.3739
  5.0958  2.5402  0.9908  0.3254 21.1224
  5.9964  4.3888  0.9968  1.5438 40.8262
  5.7752  2.6515  0.9980  1.8803 22.2577
  5.2353  3.5873  0.9737  1.2301 32.0885
  3.7839  0.8599  0.9808  0.3923  5.4997
  4.2067  1.3219  0.9955  0.4970  9.4091
  4.5291  1.9507  0.9872  1.2544 15.2667
  5.1577  1.6528  0.9706  0.1590 12.4313
  5.2106  2.2448  0.9765  1.4859 18.1525
  4.8814  4.4701  0.9966  2.9317 41.7251
  4.6753  2.2532  0.9902  2.2056 18.2357
  4.2482  4.0997  0.9980  0.3974 37.6466
  5.5467  3.7461  0.9865  2.2583 33.8000
  5.5188  2.5202  0.9980  1.5412 20.9197
  5.5238  3.1074  0.9756  0.4200 26.9886
  4.6434  1.6329  0.9897  1.5724 12.2452
  5.4117  1.9072  0.9696  1.2690 14.8467
  5.5492  3.9907  0.9718  2.1203 36.4547
  5.6104  3.3676  0.9923  0.9386 29.7397
  5.7961  0.9967  0.9864  1.3140  6.6113
  5.2936  1.9713  0.9923  2.4761 15.4663
  5.3115  2.6666  0.9975  2.4282 22.4129
  5.1203  3.5648  0.9854  1.0517 31.8468
  5.0084  3.5243  0.9747  2.9998 31.4128
  4.7724  3.3605  0.9881  0.7764 29.6639
  5.1057  2.0106  0.9719  1.2758 15.8480
  5.8121  1.6954  0.9714  0.6191 12.8301
  6.5723  1.1792  0.9277  1.4743  8.1576
  5.8624  1.3211  0.9794  2.4468  9.4021
  5.5108  1.3459  0.9688  0.9772  9.6225
  3.8664  4.1739  0.9939  1.4119 38.4591
  5.6566  2.3516  0.9790  0.9132 19.2189
  5.5063  2.4239  0.9765  1.5310 19.9458
  5.0678  2.9086  0.9772  0.7777 24.9103
  5.1659  2.2044  0.9980  0.9447 17.7520
  5.1838  1.6341  0.9805  1.4235 12.2561
  5.4923  3.2904  0.9728  2.4349 28.9200
  5.4107  3.7460  0.9796  2.5438 33.7986
  5.1311  3.4543  0.9980  0.9374 30.6646
  6.0390  2.1224  0.9862  0.1849 16.9426
  5.4489  3.8704  0.9869  1.4082 35.1461
  5.1204  2.9237  0.9717  0.6230 25.0682
  4.5370  3.6247  0.9706  0.1994 32.4909
  5.6266  1.7979  0.9721  1.5631 13.8001
  6.0952  2.9869  0.9765  2.4871 25.7266
  4.9876  3.3711  0.9790  1.1500 29.7767
  4.4232  4.0766  0.9725  2.1656 37.3933
  5.4227  2.4174  0.9911  1.8874 19.8798
  4.6621  2.7019  0.9684  1.9078 22.7750
  5.6583  2.9232  0.9980  1.1971 25.0622
  6.1192  3.3718  0.9881  2.0955 29.7847
  6.1520  3.2215  0.9979  1.0698 28.1913
  5.4522  1.8882  0.9684  0.5295 14.6645
  5.5640  2.1937  0.9840  1.7678 17.6457
  5.1955  2.8423  0.9909  0.4082 24.2229
  5.1833  2.0418  0.9741  1.1444 16.1524
  5.2744  1.3397  0.9688  1.2144  9.5677
  5.0677  3.9602  0.9846  2.0951 36.1225
  5.4349  3.5525  0.9667  1.9595 31.7154
  5.8831  3.0732  0.9787  1.4029 26.6292
  5.2963  4.3944  0.9770  1.8359 40.8875
  5.0997  3.1530  0.9680  1.5191 27.4679
  6.1869  1.6016  0.9845  1.1873 11.9541
  5.2906  3.0987  0.9751  1.3784 26.8969
  5.1446  3.9328  0.9840  1.9108 35.8249
  3.9676  4.4906  0.9689  1.5625 41.9529
  4.6515  3.6479  0.9974  1.7861 32.7398
  5.4795  3.0537  0.9897  1.2205 26.4247
  6.7849  2.0083  0.6471  1.0023 15.8261
  5.1881  1.6297  0.9934  1.1830 12.2151
  6.0043  3.0472  0.9716  2.3410 26.3569
  4.2488  3.1023  0.9829  1.2372 26.9350
  5.4073  3.2662  0.9939  1.2793 28.6641
  5.8026  3.2610  0.9866  2.6905 28.6086
  4.5449  2.6785  0.9935  1.5367 22.5349
  5.1127  4.4180  0.9869  0.3289 41.1489
  5.0223  2.2604  0.9856  1.2833 18.3082
  3.9060  1.6560  0.9829  0.8743 12.4610
  5.3977  2.0984  0.9980  3.1190 16.7063
  5.4250  2.7361  0.9847  0.4241 23.1261
  5.9321  2.6757  0.9768  2.0384 22.5062
  5.7731  1.5349  0.9674  0.8221 11.3366
  5.7716  3.5646  0.9806  1.9003 31.8451
  6.0157  3.9331  0.9751  2.4575 35.8277
  5.7257  2.5994  0.9868  0.9612 21.7258
  4.6337  4.1597  0.9889  2.5013 38.3032
  4.7259  3.1424  0.9701  0.4353 27.3569
  6.5616  3.2201  0.8599  0.2040 28.1760
  5.5795  2.2374  0.9820  2.3322 18.0796
  5.4087  2.3599  0.9680  1.7104 19.3019
  5.1037  3.7478  0.9911  1.2517 33.8174
  5.8720  2.3428  0.9757  1.7564 19.1303
  6.3987  3.1315  0.9474  1.1277 27.2423
  5.6045  3.1842  0.9918  2.4544 27.7968
  5.2856  4.2366  0.9738  1.4912 39.1487
  4.0124  1.8198  0.9828  0.4103 14.0093
  6.4729  3.4998  0.9764  0.7059 31.1509
  6.6404  1.3091  0.7166  0.9321  9.2956
  4.6512  1.9890  0.9738  1.9977 15.6378
  6.1384  2.9642  0.9970  1.1450 25.4896
  5.0932  2.4789  0.9941  1.9308 20.5005
  5.9766  3.5508  0.9975  1.1351 31.6965
  4.7501  2.0009  0.9725  1.7677 15.7534
  4.9178  2.8378  0.9889  2.1733 24.1760
  5.7564  3.0486  0.9942  0.9177 26.3719
  4.9431  2.1877  0.9973  1.3989 17.5866
  5.8967  2.5076  0.9846  0.9612 20.7917
  4.6281  2.4717  0.9667  2.2919 20.4282
  6.0189  2.0935  0.9980  1.3869 16.6584
  4.7075  3.3790  0.9758  1.2513 29.8614
  5.2226  2.3391  0.9767  2.2308 19.0939
  5.4137  4.0743  0.9817  1.0838 37.3685
  4.1425  3.8547  0.9698  1.6832 34.9757
  5.5445  3.9646  0.9956  0.7589 36.1702
  5.6088  3.4860  0.9766  1.0372 31.0025
  3.9778  1.5113  0.9920  1.5250 11.1198
  6.1442  3.8625  0.9803  2.6226 35.0605
  4.2802  2.7039  0.9767  0.5673 22.7948
  4.3715  2.4646  0.9839  2.2946 20.3564
  5.3896  4.2062  0.9884  1.0973 38.8138
  5.6267  2.3797  0.9752  1.5694 19.5006
  5.2621  2.0755  0.9946  1.2522 16.4824
  5.5733  3.4150  0.9980  0.9301 30.2444
  4.4527  1.9156  0.9834  0.8418 14.9278
  5.0932  4.1665  0.9884  1.3813 38.3784
  5.7703  3.3765  0.9937  2.3148 29.8349
  4.2142  1.0218  0.9730  2.3599  6.8203
  5.3895  4.2835  0.9791  1.1753 39.6646
  5.9008  2.8522  0.9980  1.2356 24.3251
  4.4000  4.1250  0.9731  0.5622 37.9231
  5.5778  4.4661  0.9899  0.8875 41.6814
  5.4351  1.3111  0.9770  0.8758  9.3128
  5.2403  2.7226  0.9756  0.6013 22.9875
  5.5581  2.7771  0.9754  0.8733 23.5490
  4.8187  1.7219  0.9668  1.2895 13.0800
  5.4943  2.6998  0.9704  0.8097 22.7533
  5.3225  3.2931  0.9724  0.7957 28.9487
  5.9815  2.9901  0.9674  2.9088 25.7596
  5.7498  2.3530  0.9777  1.0452 19.2327
  5.9880  2.1361  0.9770  1.5890 17.0766
  4.6331  1.4959  0.9671  2.2323 10.9789
  5.4727  3.5285  0.9824  2.8652 31.4581
  6.0417  2.6802  0.9712  2.5272 22.5517
  5.3938  2.7155  0.9732  2.1945 22.9146
  4.5544  4.1295  0.9949  1.5619 37.9727
  4.4907  1.8402  0.9980  1.9192 14.2037
  5.1101  2.7106  0.9799  0.2128 22.8644
  5.4078  4.3813  0.9967  0.7298 40.7432
  4.4996  4.2624  0.9762  1.2912 39.4326
  6.5994  2.3805  0.8381  1.9296 19.5088
  5.2912  2.0019  0.9743  2.0324 15.7636
  5.0754  3.7174  0.9875  1.2884 33.4894
  4.4479  2.7894  0.9710  0.6781 23.6752
  5.1939  3.5927  0.9980  1.6688 32.1468
  4.8644  2.5019  0.9968  2.3264 20.7341
  6.0787  3.3096  0.9979  0.8310 29.1237
  4.7712  4.3664  0.9767  1.0807 40.5788
  5.7962  2.9430  0.9913  1.4090 25.2682
  6.7598  1.4326  0.6226  0.7847 10.4030
  4.8950  2.9053  0.9864  1.1725 24.8763
  4.9058  2.7810  0.9759  0.9427 23.5889
  4.8493  3.7292  0.9880  1.1017 33.6164
  4.4176  4.1637  0.9905  0.6056 38.3478
  6.5922  2.4140  0.9917  1.2255 19.8453
  5.2984  1.1905  0.9703  0.1312  8.2553
  3.5593  1.7886  0.9868  1.9764 13.7114
  5.3653  2.8748  0.9786  1.1146 24.5594
  4.1938  1.4986  0.9753  1.9689 11.0038
  5.9422  2.5881  0.9980  0.0884 21.6098
  5.4935  4.1091  0.9854  1.8516 37.7489
  4.9076  2.0181  0.9735  1.5790 15.9210
  4.8677  3.2641  0.9786  2.1327 28.6415
  5.1548  2.6988  0.9783  1.8540 22.7430
  6.3518  1.6688  0.9917  1.4125 12.5809
  4.4632  3.0262  0.9897  2.8947 26.1370
  4.2258  1.1174  0.9961  1.1147  7.6264
  6.0148  4.0286  0.9883  1.1729 36.8685
  6.3831  2.9241  0.9740  0.3187 25.0721
  6.3351  2.6817  0.9978  1.9477 22.5672
  5.0842  2.8219  0.9760  1.7455 24.0113
  5.9698  2.5014  0.9934  1.6251 20.7284
  6.9472  1.7760  0.5704  1.5355 13.5918
  4.7283  2.1283  0.9808  2.3374 17.0003
  4.1351  1.0576  0.9980  1.5561  7.1200
  6.8697  4.2204  0.8330  1.0898 38.9699
  4.4463  2.3442  0.9703  2.0536 19.1444
  6.3987  2.1206  0.9849  1.0761 16.9245
  4.7242  2.1644  0.9879  1.6492 17.3558
  6.2350  3.7081  0.9790  0.6353 33.3888
  4.9259  2.7768  0.9686  2.9763 23.5454
  5.7650  1.3455  0.9769  1.2439  9.6194
  3.9110  1.1363  0.9795  2.8660  7.7879
  5.3510  1.6342  0.9695  2.3781 12.2576
  4.9495  1.7325  0.9690  2.0288 13.1801
  4.7203  2.0775  0.9980  0.7855 16.5016
  4.7342  4.2856  0.9921  0.8524 39.6873
  5.6415  1.8213  0.9837  2.7963 14.0231
  6.0516  3.3923  0.9855  0.7200 30.0030
  5.3664  2.2776  0.9870  1.2210 18.4791
  5.7285  3.6865  0.9806  1.8906 33.1564
  4.7517  2.9629  0.9963  1.0921 25.4758
  5.6441  2.0511  0.9748  0.5421 16.2428
  5.2859  3.7479  0.9975  2.1553 33.8185
  3.6655  0.5292  0.9802  2.3125  3.0253
  4.4078  2.4669  0.9885  0.4946 20.3792
  4.9969  1.9215  0.9839  1.6746 14.9843
  6.1164  3.1907  0.9843  1.4350 27.8659
  4.2698  4.3275  0.9866  0.3415 40.1498
  5.2346  4.4930  0.9818  0.5927 41.9788
  4.7336  1.9054  0.9818  0.3337 14.8293
  5.9819  4.2955  0.9907  1.0522 39.7966
  5.2971  3.5603  0.9859  0.4246 31.7984
  5.3515  4.3821  0.9723  0.0758 40.7521
  5.9107  2.7312  0.9734  1.0320 23.0757
  5.3564  3.2897  0.9835  2.0783 28.9122
  4.9848  2.6115  0.9898  2.2568 21.8487
  4.9064  2.7706  0.9980  1.6947 23.4815
  4.9470  3.0317  0.9737  1.3056 26.1952
  4.6211  4.1972  0.9674  2.2644 38.7154
  6.9736  0.8107  0.4014  2.6999  5.1111
  5.4316  2.6666  0.9980  2.3887 22.4126
  5.1270  2.7352  0.9699  0.5993 23.1169
  6.0615  2.7650  0.9693  2.2249 23.4235
  6.1442  3.8590  0.9844  0.2457 35.0226
  5.4309  3.4530  0.9889  0.6662 30.6500
  6.0431  1.2823  0.9882  1.7395  9.0586
  4.5224  3.1350  0.9964  0.8697 27.2789
  5.8913  3.2897  0.9980  0.9552 28.9132
  6.5231  2.5461  0.9183  0.9946 21.1822
  4.4025  3.9972  0.9793  0.5787 36.5264
  4.3796  3.7433  0.9747  0.4088 33.7695
  5.1138  4.1785  0.9710  1.9993 38.5104
  4.8700  3.0934  0.9777  2.4586 26.8415
  4.6493  3.3123  0.9735  1.2748 29.1520
  4.3740  2.3933  0.9668  1.1133 19.6378
  5.2563  4.2523  0.9699  2.0996 39.3206
  4.7699  1.6181  0.9975  2.9352 12.1069
  6.0259  3.5539  0.9975  2.4640 31.7298
  5.4416  3.1723  0.9971  1.3311 27.6717
  6.0748  3.6564  0.9979  2.4687 32.8318
  5.6658  2.9971  0.9970  1.1684 25.8330
  5.0841  2.1308  0.9677  1.6795 17.0253
  4.4064  4.0115  0.9914  1.3689 36.6827
  4.6617  2.5239  0.9877  1.8918 20.9569
  5.8975  2.2699  0.9980  1.0572 18.4021
  6.4589  3.5085  0.9156  1.7025 31.2436
  6.0413  3.3744  0.9728  0.6911 29.8121
  4.4433  2.1890  0.9771  2.2726 17.5994
  5.1682  4.2246  0.9979  1.2944 39.0161
  5.3521  2.9554  0.9961  1.0634 25.3979
  5.2464  1.8426  0.9746  1.6413 14.2269
  4.7007  1.8172  0.9856  0.5294 13.9842
  5.0879  4.4225  0.9854  1.6356 41.1988
  5.7317  4.2266  0.9677  1.7291 39.0386
  5.2929  3.9259  0.9739  1.7402 35.7495
  5.1678  2.5600  0.9892  1.8382 21.3241
  3.9192  1.6916  0.9828  3.0318 12.7944
  5.2679  2.2721  0.9923  0.7351 18.4245
  4.1629  2.0348  0.9790  1.0031 16.0841
  5.6811  3.9876  0.9980  2.1197 36.4211
  4.9834  2.8726  0.9790  1.6144 24.5372
  4.0930  3.6894  0.9980  1.3353 33.1877
  4.6113  2.9915  0.9923  1.8634 25.7750
  5.2173  3.1517  0.9965  1.0950 27.4548
  5.5132  4.0145  0.9812  1.8608 36.7145
  3.9792  4.0240  0.9771  1.6357 36.8182
  5.3597  3.3631  0.9910  0.6037 29.6917
  5.5385  3.1908  0.9803  1.7977 27.8670
  6.1476  3.2340  0.9693  1.5352 28.3233
  4.7786  1.8689  0.9714  1.3510 14.4785
  5.6407  4.3250  0.9819  2.2524 40.1222
  5.5348  3.5630  0.9832  1.7844 31.8278
  6.5425  3.1938  0.7589  3.0853 27.8983
  5.1294  3.1440  0.9745  1.5592 27.3733
  5.1837  3.9955  0.9980  1.8676 36.5075
  4.8630  2.7035  0.9746  0.8316 22.7910
  5.5105  2.4715  0.9804  0.7897 20.4256
  3.6890  2.2576  0.9798  1.9577 18.2804
  5.4352  2.0606  0.9770  0.8892 16.3363
  5.4409  4.4668  0.9677  0.6247 41.6886
  5.3085  2.1850  0.9980  0.4454 17.5592
  6.0159  3.4738  0.9796  1.9828 30.8725
  5.9827  2.1070  0.9711  0.9208 16.7907
  5.0458  2.2815  0.9807  0.7263 18.5176
  5.0536  3.8062  0.9918  1.5392 34.4499
  5.3176  4.3836  0.9743  1.4923 40.7685
  4.2689  1.3435  0.9848  0.9622  9.6013
  4.7083  2.0653  0.9840  1.3000 16.3820
  5.1167  2.5752  0.9957  1.1305 21.4788
  6.0029  2.4947  0.9877  1.3653 20.6613
  4.4834  1.8648  0.9819  2.7325 14.4391
  4.7540  2.3721  0.9722  1.0591 19.4244
  5.1687  2.0690  0.9739  0.6943 16.4184
  4.0991  1.8858  0.9943  0.5737 14.6405
  5.7556  2.2138  0.9698  1.2244 17.8452
  5.4690  2.4413  0.9933  0.6234 20.1206
  4.4715  0.2080  0.9732  0.6802  1.0149
  3.5756  4.2005  0.9865  1.7168 38.7512
  4.7090  3.4451  0.9738  1.6837 30.5663
  4.8620  1.9444  0.9910  1.6526 15.2059
  4.7440  2.7532  0.9762  0.9801 23.3022
  5.0613  2.1764  0.9792  1.5047 17.4747
  6.0409  4.2616  0.9825  1.6977 39.4229
  5.3962  3.5808  0.9782  0.7786 32.0185
  5.0043  2.2638  0.9980  1.8502 18.3414
  5.1748  3.3064  0.9768  0.5491 29.0892
  5.4654  3.9183  0.9859  0.9624 35.6665
  4.9432  2.5918  0.9815  2.8309 21.6480
