  4.4004  3.8890  0.2887  2.2207 35.3479
  5.6978  4.0257  0.2545  1.4509 36.8376
  4.9325  2.3654  0.4042  1.0308 19.3575
  5.2244  3.4947  0.0209  1.3453 31.0956
  4.7251  1.3445  0.0486  0.3849  9.6102
  4.6043  3.2231  0.3312  1.0307 28.2076
  3.8166  1.1716  0.5212  0.1644  8.0914
  4.8722  3.3729  0.4530  0.9447 29.7961
  6.0379  3.4709  0.1662  2.1319 30.8412
  4.7723  2.1623  0.2635  2.2174 17.3355
  5.4052  2.7879  0.3653  0.5812 23.6602
  5.2608  3.1307  0.6918  1.9994 27.2335
  4.6727  4.3976  0.4484  1.5206 40.9233
  5.8452  0.7415  0.5500  2.7731  4.5758
  4.7779  2.9826  0.6511  1.4223 25.6812
  4.6649  1.7572  0.4072  2.3702 13.4137
  4.4400  4.3183  0.4655  2.7587 40.0481
  4.1518  2.7477  0.7218  1.9866 23.2455
  5.1405  4.1604  0.1334  1.7181 38.3112
  5.2158  1.6286  0.3594  0.5215 12.2051
  4.6207  2.1578  0.4726  2.1714 17.2906
  4.6057  2.8437  0.6643  0.2809 24.2375
  4.4451  3.0428  0.9247  0.4564 26.3110
  5.1974  3.6997  0.5802  0.6118 33.2984
  3.9287  3.1434  0.9817  1.2054 27.3667
  4.1714  1.8387  0.9437  1.6891 14.1894
  4.0212  3.3570  0.6673  1.9057 29.6269
  5.1446  3.5565  0.1434  1.4378 31.7575
  5.3639  4.1166  0.9706  0.8271 37.8318
  5.3433  1.8235  0.3268  1.3165 14.0446
  5.5220  3.5314  0.0287  2.0112 31.4894
  6.9863  2.8627  0.5866  0.7004 24.4339
  5.2533  1.9896  0.7635  2.3301 15.6438
  6.0301  3.4958  0.5232  1.7926 31.1080
  5.1445  1.3786  0.9278  1.0132  9.9153
  5.1372  1.0309  0.9218  0.6980  6.8955
  4.6594  3.9470  0.7731  0.7460 35.9790
  5.5077  1.4736  0.4586  0.5740 10.7755
  4.8444  4.4920  0.4435  2.0223 41.9676
  4.7673  2.1638  0.0916  0.3492 17.3498
  5.1192  0.6476  0.6787  1.6314  3.8723
  5.3403  2.1792  0.0726  0.6666 17.5019
  5.4693  3.5769  0.3986  2.7561 31.9764
  4.1463  1.3730  0.6158  1.6926  9.8656
  4.9808  1.7910  0.9427  1.8329 13.7343
  4.7257  2.7053  0.5366  1.2308 22.8099
  4.4198  2.0750  0.9357  0.3402 16.4774
  4.6527  1.4345  0.5122  2.5745 10.4203
  5.2485  1.0126  0.2223  0.9466  6.7430
  5.1059  2.5462  0.3266  1.9853 21.1833
  4.7193  3.2332  0.1707  0.6604 28.3144
  5.5217  3.5966  0.7354  0.8379 32.1880
  5.0319  2.2745  0.3082  1.7118 18.4480
  5.0433  2.0017  0.0989  1.4594 15.7618
  4.7927  1.9220  0.6668  2.1849 14.9892
  4.0713  4.3078  0.1348  1.3745 39.9323
  5.4122  3.6797  0.2750  1.0666 33.0828
  5.9487  1.1955  0.9509  0.9928  8.2988
  5.9869  4.3498  0.9980  2.3169 40.3958
  4.0235  2.4807  0.3433  1.4816 20.5194
  6.0629  3.2074  0.9876  1.8618 28.0415
  5.0477  2.7895  0.1850  0.9335 23.6768
  4.5044  1.1616  0.3144  2.0874  8.0055
  6.0791  3.5162  0.4615  2.1960 31.3263
  4.0428  2.0784  0.9363  0.5089 16.5102
  5.3511  2.4996  0.5282  1.8502 20.7105
  5.4955  3.7650  0.2915  1.3395 34.0033
  4.7677  2.9187  0.8090  0.7015 25.0156
  4.0791  2.4299  0.5837  1.1076 20.0063
  5.6061  1.8717  0.8606  1.2133 14.5053
  4.2673  4.0479  0.3080  1.9782 37.0794
  5.3229  2.5518  0.4639  2.8133 21.2400
  5.0798  2.8660  0.8634  2.2012 24.4684
  4.9540  2.8549  0.9172  1.1350 24.3537
  5.9029  3.0434  0.8677  1.9273 26.3172
  3.6165  1.6965  0.8966  1.2773 12.8408
  6.0410  3.4944  0.9667  1.9588 31.0928
  5.2485  0.9179  0.0123  1.4586  5.9659
  4.7899  1.8976  0.7299  2.9797 14.7547
  4.0287  2.5685  0.5429  1.9336 21.4108
  4.1440  1.0237  0.0086  2.1483  6.8358
  5.3203  1.5750  0.4994  1.4150 11.7070
  5.2042  2.0514  0.4109  1.9421 16.2461
  5.1847  2.2282  0.2430  2.6152 17.9874
  5.2183  2.9783  0.5642  0.4082 25.6362
  3.7416  2.5275  0.8941  0.0379 20.9937
  5.2327  1.5575  0.5410  1.5929 11.5452
  6.0847  1.9882  0.1384  1.7398 15.6302
  4.5552  3.6144  0.7810  2.2556 32.3798
  5.8904  0.5320  0.7272  0.8199  3.0451
  4.2159  3.3112  0.0118  2.6461 29.1405
  4.7720  1.2301  0.9964  1.0657  8.6000
  5.1110  2.0424  0.7162  0.2551 16.1585
  5.3128  4.1944  0.7824  0.9405 38.6850
  5.3223  1.5703  0.1116  1.0854 11.6636
  5.2150  1.4983  0.6441  0.3289 11.0012
  5.0780  0.5672  0.3530  1.1772  3.2920
  5.0791  4.3585  0.9107  2.3057 40.4912
  5.2989  1.4832  0.3725  2.0242 10.8627
  5.4978  4.1052  0.6078  1.1238 37.7060
  5.7162  1.4989  0.1446  0.9811 11.0070
  4.7071  3.2240  0.0301  1.3241 28.2177
  5.3015  4.0177  0.3377  1.1951 36.7494
  6.0692  1.2347  0.3085  0.9579  8.6399
  5.4405  2.7627  0.0307  1.5253 23.4002
  5.3956  0.8569  0.0092  1.7561  5.4757
  5.3281  1.2423  0.8556  0.2249  8.7065
  5.5747  2.7659  0.7712  2.6220 23.4330
  5.7423  3.0208  0.4423  0.4268 26.0810
  5.1665  1.8451  0.1366  0.5493 14.2510
  5.3940  3.8355  0.9210  1.3464 34.7670
  4.8319  1.9767  0.2359  1.1050 15.5187
  4.4363  0.8611  0.4270  2.0007  5.5097
  5.8516  4.1113  0.5808  0.2575 37.7737
  5.4234  3.6739  0.4283  0.8786 33.0205
  6.7840  2.1278  0.7808  1.1241 16.9958
  5.1659  2.7058  0.8793  0.1977 22.8146
  5.3751  1.9039  0.1045  1.9736 14.8151
  5.4998  2.3824  0.2527  1.5359 19.5275
  5.4891  3.4201  0.4814  0.8748 30.2989
  5.1857  1.9036  0.5543  0.3750 14.8126
  5.5526  3.2645  0.8129  1.2225 28.6458
  5.0018  3.1808  0.3243  0.3023 27.7611
  6.0072  1.8926  0.7382  0.4047 14.7062
  4.9581  2.3523  0.7892  0.0878 19.2259
  5.5042  1.6978  0.5712  0.5580 12.8527
  4.3378  4.2349  0.9772  0.6022 39.1293
  4.3065  3.5958  0.2367  0.8021 32.1793
  3.8087  4.3099  0.0179  2.3059 39.9549
  4.0322  0.8950  0.6158  2.2379  5.7806
  6.1943  4.4060  0.5784  1.6806 41.0164
  5.2378  2.8917  0.1700  1.1580 24.7354
  5.9502  2.0200  0.7127  2.0822 15.9396
  4.5612  3.2844  0.1018  2.4378 28.8560
  4.1858  2.3491  0.4922  1.5789 19.1937
  6.0411  4.1409  0.5007  0.4463 38.0980
  3.7945  4.4150  0.6735  1.5412 41.1154
  5.6092  1.3009  0.2358  1.1951  9.2231
  4.1691  4.0140  0.7229  1.7069 36.7095
  4.2598  2.7692  0.3556  2.0546 23.4673
  4.7044  2.6959  0.6130  0.4035 22.7126
  4.8212  2.8497  0.2164  2.5396 24.2996
  5.2902  1.6317  0.3557  2.0006 12.2342
  5.7936  4.1298  0.3101  2.3598 37.9758
  4.6060  1.2448  0.2364  2.0661  8.7282
  4.9041  2.2830  0.4274  1.0555 18.5325
  5.4406  3.8359  0.9267  0.5452 34.7722
  3.8470  4.3149  0.4946  1.3538 40.0103
  5.5962  2.2023  0.2234  2.0539 17.7308
  4.5528  3.7942  0.5051  2.3688 34.3201
  4.6207  2.5650  0.1387  2.1797 21.3752
  6.4447  3.4180  0.8313  2.8463 30.2767
  5.8666  3.3676  0.4254  2.3753 29.7401
  5.4621  2.3536  0.0566  1.8489 19.2385
  5.2482  1.1036  0.6442  1.2616  7.5091
  5.1549  4.3908  0.5537  1.5635 40.8486
  5.6672  4.4150  0.6030  2.7163 41.1153
  5.1068  0.5726  0.6635  1.2061  3.3298
  4.3596  4.2408  0.7353  0.8276 39.1949
  5.1952  3.0372  0.2688  0.5065 26.2526
  5.3965  3.2590  0.1027  0.4436 28.5871
  5.3979  2.5747  0.6900  1.8433 21.4732
  4.0210  3.2019  0.2031  1.8523 27.9836
  5.2392  2.4238  0.4174  2.4214 19.9447
  5.5688  2.4527  0.4230  2.6077 20.2362
  5.7794  3.4799  0.6059  0.9706 30.9376
  5.4193  2.4165  0.6744  1.8471 19.8705
  5.3481  2.1312  0.2353  0.1526 17.0293
  5.2862  3.4231  0.1678  2.5268 30.3313
  4.6111  2.0446  0.2309  2.1445 16.1801
  5.3803  1.5509  0.9358  1.6750 11.4842
  4.9914  1.9442  0.3071  0.3875 15.2044
  5.3444  1.3042  0.5117  2.3465  9.2523
  4.6887  4.1851  0.4480  1.3432 38.5827
  5.4724  4.2053  0.1056  1.1656 38.8040
  4.6229  0.9339  0.2680  1.7956  6.0956
  4.8949  3.2579  0.4181  1.0410 28.5757
  4.6509  2.6659  0.8152  0.1947 22.4050
  5.2762  1.4763  0.7418  1.9366 10.8001
  6.2841  1.8703  0.8912  0.8918 14.4922
  5.0518  1.8088  0.2858  1.4135 13.9042
  5.8362  2.3810  0.4691  0.7576 19.5142
  5.2269  2.5095  0.1728  2.0773 20.8108
  3.9943  4.2433  0.0155  2.3599 39.2217
  3.8659  0.5864  0.7449  1.3030  3.4282
  5.4034  3.6340  0.2960  0.9815 32.5906
  4.5069  2.6911  0.1461  1.2863 22.6633
  5.5417  4.0816  0.1528  1.8506 37.4480
  5.2173  3.3304  0.5554  1.2593 29.3446
  5.5156  3.9780  0.4291  2.0189 36.3173
  5.1341  2.9387  0.8931  0.9341 25.2237
  4.6061  1.1526  0.4901  0.8671  7.9279
  5.3531  4.2638  0.1948  2.6788 39.4478
  5.2113  0.7782  0.8101  0.9954  4.8581
  4.7229  2.7444  0.9824  0.5770 23.2113
  5.3024  1.4779  0.7581  1.1104 10.8148
  5.1000  2.9361  0.0061  1.7350 25.1969
  5.2621  1.2808  0.5090  0.7178  9.0452
  5.3370  1.9129  0.2811  2.3734 14.9013
  5.7416  2.3618  0.7369  1.6729 19.3206
  5.4930  3.4013  0.5328  2.5565 30.0991
  5.2287  2.4018  0.9280  1.0455 19.7226
  5.1818  2.9051  0.4139  1.0755 24.8745
  4.4398  4.2997  0.8796  0.8257 39.8425
  5.2456  3.0368  0.1250  1.7418 26.2480
  5.1995  2.3337  0.3833  0.8771 19.0397
  4.5849  2.4930  0.9710  2.0281 20.6441
  6.9806  3.8980  0.6236  1.5645 35.4459
  5.6485  3.8290  0.0294  0.9698 34.6973
  6.7289  3.7106  0.6856  2.4017 33.4156
  4.9604  2.7087  0.3342  1.7160 22.8447
  4.5302  4.0038  0.9543  0.9568 36.5985
  4.4591  2.1337  0.5809  2.3187 17.0540
  4.9093  3.6384  0.8488  0.5949 32.6382
  5.4677  2.5965  0.1932  1.8427 21.6955
  4.3037  0.9745  0.3509  0.9616  6.4277
  5.1355  0.5536  0.8771  1.5839  3.1961
  5.2529  3.0852  0.0758  2.8362 26.7559
  5.6049  2.2117  0.5602  1.1127 17.8236
  5.1918  3.5546  0.3445  2.1990 31.7380
  4.9088  1.4611  0.8692  1.2916 10.6613
  5.7526  2.6378  0.5359  0.3831 22.1176
  5.0770  0.6703  0.4608  1.9913  4.0398
  4.5453  1.0527  0.1209  1.4629  7.0783
  5.2474  2.9820  0.5306  2.1352 25.6752
  3.9353  3.1479  0.8607  1.5492 27.4149
  5.2242  1.8635  0.2232  1.4016 14.4267
  5.9131  2.5808  0.3377  2.4700 21.5354
  5.1588  2.9517  0.8360  0.8124 25.3590
  5.2961  3.7801  0.0788  1.2869 34.1666
  4.7672  1.7807  0.6690  2.3326 13.6362
  4.8439  3.6549  0.2426  1.2329 32.8155
  4.9530  2.2461  0.5797  2.5289 18.1659
  4.2562  1.2081  0.4235  1.4462  8.4077
  5.8890  2.9514  0.3890  1.6274 25.3559
  5.0756  4.0213  0.8352  1.0125 36.7894
  4.7855  4.1473  0.1183  0.9278 38.1675
  4.9738  2.3155  0.0518  1.9693 18.8578
  4.4672  2.4361  0.8387  1.1059 20.0683
  4.7515  3.6965  0.7638  2.0614 33.2642
  5.2950  4.4276  0.7762  1.0063 41.2547
  5.4062  1.9003  0.4727  0.6863 14.7806
  4.7666  3.4231  0.8925  1.1464 30.3315
  6.2137  2.6352  0.4922  0.8312 22.0911
  4.8721  2.4853  0.1582  0.9568 20.5657
  4.0411  1.2505  0.4113  1.5819  8.7786
  4.7798  1.3950  0.8591  2.3188 10.0636
  5.0185  2.5580  0.4748  0.4853 21.3031
  5.9446  4.3919  0.6613  2.0037 40.8605
  5.3549  4.4611  0.0956  2.4076 41.6260
  5.5094  4.3369  0.8799  1.3680 40.2533
  5.5300  2.7021  0.7423  2.3848 22.7767
  5.4404  3.4509  0.3309  1.2026 30.6281
  5.0034  2.5360  0.7959  0.9874 21.0797
  5.7432  4.2729  0.6109  1.5073 39.5474
  5.8586  4.2770  0.0794  1.8868 39.5927
  5.2117  3.2611  0.1918  1.2493 28.6092
  5.0525  1.7284  0.1991  1.6265 13.1411
  5.1356  4.0020  0.8009  1.5085 36.5785
  6.0875  3.3609  0.4386  2.1168 29.6688
  5.1288  3.3105  0.1470  1.8405 29.1338
  4.7342  4.3351  0.9379  0.8982 40.2332
  5.0640  1.1294  0.3279  1.0085  7.7287
  4.1176  3.0760  0.8386  1.3306 26.6591
  5.7754  4.4762  0.5788  0.5069 41.7927
  5.2505  2.5597  0.1462  1.2062 21.3204
  4.7069  0.7109  0.6378  0.7645  4.3437
  5.9362  2.7063  0.5067  2.2120 22.8201
  5.2750  1.0420  0.2197  1.5342  6.9892
  5.1502  2.2866  0.7795  1.8442 18.5683
  5.0789  3.4835  0.2275  2.6196 30.9757
  4.4769  0.7855  0.0027  0.5225  4.9150
  4.8854  4.2193  0.9525  0.9894 38.9577
  5.0562  3.9232  0.6953  1.0385 35.7195
  6.3140  2.4093  0.4052  0.6413 19.7979
  5.3905  2.2664  0.0705  1.7272 18.3677
  5.2607  3.0028  0.8776  0.6843 25.8928
  4.9562  1.1104  0.5217  1.9486  7.5670
  5.8836  3.0974  0.8807  0.8647 26.8833
  5.0690  2.9207  0.9216  0.3831 25.0367
  5.2455  1.0702  0.1055  2.2933  7.2257
  5.3007  1.4713  0.6551  1.4448 10.7547
  3.6329  1.9425  0.8917  2.6609 15.1877
  4.0939  4.2239  0.2219  2.9715 39.0082
  4.8244  2.9929  0.1288  1.9925 25.7893
  4.7319  2.8958  0.7339  0.2966 24.7777
  3.8592  2.3040  0.7917  1.8297 18.7428
  5.1880  1.8995  0.9245  1.2113 14.7731
  5.3650  3.4322  0.7060  2.3869 30.4286
  4.7418  0.4639  0.3487  1.5377  2.5805
  3.8543  3.2737  0.7940  0.4423 28.7435
  5.3132  2.4333  0.2011  1.4701 20.0406
  4.8350  3.7107  0.3620  2.2483 33.4167
  5.5758  2.8241  0.3622  2.3760 24.0346
  5.5417  1.1286  0.0927  0.4202  7.7222
  5.3189  1.7504  0.0611  1.0709 13.3489
  4.7502  3.6563  0.6062  2.4451 32.8306
  4.0888  1.7085  0.5590  1.2858 12.9537
  6.8250  1.2400  0.9751  1.3988  8.6860
  5.3696  3.7814  0.7227  2.1320 34.1816
  4.8527  3.6312  0.2041  0.4618 32.5604
  4.6609  2.8341  0.8116  2.4790 24.1374
  4.2022  2.9503  0.3631  2.4137 25.3450
  4.4778  4.3754  0.7197  1.9936 40.6778
  4.7280  1.1654  0.6993  1.5838  8.0386
  5.3795  2.4405  0.1979  1.3853 20.1127
  5.3549  2.7286  0.6484  0.5386 23.0486
  5.1900  3.0222  0.5395  1.7132 26.0952
  5.1811  4.4766  0.4275  2.2237 41.7974
  4.9667  3.8803  0.3629  2.0637 35.2535
  5.0829  3.2454  0.4408  1.1867 28.4433
  4.3341  4.1924  0.1540  1.6944 38.6623
  4.9761  2.5098  0.4709  1.3509 20.8138
  4.9671  3.8309  0.3608  0.8382 34.7176
  3.5207  0.3804  0.8905  1.8075  2.0361
  5.3508  3.1261  0.2494  0.4268 27.1854
  4.3031  1.0367  0.8851  1.1406  6.9445
  4.7602  2.9637  0.4984  1.0837 25.4839
  4.6907  3.8556  0.3669  2.5673 34.9854
  4.5914  2.7346  0.8200  1.0695 23.1110
  4.3597  2.5152  0.9198  1.0077 20.8683
  4.9971  3.6241  0.7966  0.6906 32.4846
  5.0937  1.9360  0.0301  1.8612 15.1244
  5.1152  1.5699  0.0716  2.1271 11.6601
  4.7532  1.2950  0.3457  2.7224  9.1702
  4.6448  4.4242  0.5484  1.8704 41.2179
  5.3123  2.0750  0.5559  0.8395 16.4772
  4.9666  2.9649  0.4375  1.7364 25.4965
  4.7941  4.0985  0.3338  1.6548 37.6333
  5.8274  1.0870  0.4623  0.9666  7.3682
  3.9116  2.3760  0.0178  1.3264 19.4633
  5.4428  3.7401  0.6995  1.0452 33.7349
  5.3719  2.7724  0.5113  1.3834 23.5004
  4.3887  2.5970  0.1775  2.0811 21.7005
  6.0506  2.9364  0.7364  1.6889 25.1997
  5.2317  1.7878  0.4456  0.3259 13.7041
  6.0907  1.8355  0.5899  0.2481 14.1590
  5.0303  2.7521  0.2499  1.2492 23.2912
  4.7417  2.5624  0.4180  1.6900 21.3480
  5.5130  1.3118  0.8942  0.9398  9.3195
  5.2585  1.8307  0.7647  1.9529 14.1125
  5.9349  4.2579  0.1664  0.7239 39.3827
  5.2372  1.7256  0.1203  1.0266 13.1149
  4.7015  0.4695  0.9256  1.1780  2.6176
  5.8515  2.9743  0.4166  1.0869 25.5950
  5.0116  2.8573  0.7040  0.5970 24.3779
  4.7055  2.1624  0.1011  1.4385 17.3366
  4.6561  1.2047  0.7372  0.5073  8.3780
  4.8377  1.1042  0.1418  1.3086  7.5139
  5.6836  3.3111  0.9849  2.0139 29.1400
  4.9770  2.7825  0.6818  1.7955 23.6045
  5.3935  1.5462  0.9201  0.8190 11.4413
  4.5444  0.9948  0.5996  0.3939  6.5953
  4.8853  0.7327  0.1898  1.3557  4.5088
  5.4281  1.5131  0.7848  1.7874 11.1366
  5.6374  0.5888  0.8946  0.6311  3.4457
  5.6650  2.0453  0.7363  1.0389 16.1867
  5.2483  2.9046  0.6472  1.6429 24.8695
  5.2865  1.6042  0.6436  2.5311 11.9780
  4.9865  2.9990  0.5596  1.8072 25.8533
  5.1239  0.2358  0.9330  0.5421  1.1696
  6.4238  2.3434  0.1329  2.1491 19.1361
  4.6204  0.7442  0.8750  2.3850  4.5967
  4.7314  3.0625  0.4297  0.3290 26.5175
  6.4541  2.1895  0.6594  1.2179 17.6046
  5.3094  1.3357  0.4298  2.2514  9.5316
  5.1395  3.6668  0.5805  2.0409 32.9441
  5.4495  2.0917  0.5466  1.9582 16.6409
  4.7211  2.3951  0.4862  0.6918 19.6556
  5.9819  1.6060  0.7510  0.6778 11.9945
  4.9542  2.6796  0.1875  1.0565 22.5461
  5.1413  2.7542  0.2351  1.7107 23.3126
  4.8010  1.5884  0.7816  0.8984 11.8310
  6.4380  3.5238  0.5902  1.8497 31.4077
  4.6116  2.6365  0.9310  1.3207 22.1042
  5.1855  1.8533  0.3341  2.4226 14.3291
  5.8079  2.0400  0.5660  0.6429 16.1345
  4.7176  1.5959  0.1866  2.0574 11.9005
  5.4227  3.4541  0.0698  2.6967 30.6617
  5.1277  3.4089  0.9817  1.5838 30.1798
  5.8336  2.5129  0.3687  2.4415 20.8457
  4.5597  3.9427  0.1961  1.6576 35.9323
  4.5386  3.9536  0.2382  2.1956 36.0505
  4.7011  4.2141  0.5577  2.3096 38.9012
  5.2288  1.1020  0.8389  0.1992  7.4949
  4.8488  1.8969  0.3821  1.3304 14.7473
  5.1005  3.7163  0.5197  1.1099 33.4774
  4.2437  3.3912  0.1769  2.0520 29.9912
  5.1400  2.5215  0.6401  1.2639 20.9322
  3.6132  3.5214  0.9443  1.6830 31.3815
  5.8700  3.2109  0.3609  1.1447 28.0786
  3.6486  0.8213  0.0663  1.2891  5.1944
  4.6360  4.0967  0.8993  0.8446 37.6130
  5.2924  2.0845  0.2878  0.5192 16.5703
  5.4511  1.9766  0.2446  2.2635 15.5173
  4.8984  2.7146  0.3537  0.6940 22.9046
  4.7766  1.9769  0.8082  2.2357 15.5211
  5.1696  4.4356  0.2802  1.0970 41.3437
  6.2526  2.7469  0.1625  2.6988 23.2372
  4.8492  2.7074  0.8174  1.3201 22.8311
  5.6464  2.9791  0.0173  1.5185 25.6453
  5.1624  3.9146  0.3808  3.0335 35.6260
  5.5920  1.6413  0.6699  1.4996 12.3234
  6.0849  2.3567  0.8946  1.1547 19.2697
  5.2827  2.1580  0.4708  1.8522 17.2931
  4.8824  1.3294  0.7984  2.6255  9.4755
  6.2213  2.5825  0.2657  1.7736 21.5529
  6.2614  4.0133  0.3206  1.8754 36.7023
  5.7740  3.8448  0.8038  1.6104 34.8682
  4.4355  3.3055  0.8429  2.1961 29.0807
  5.2837  1.6267  0.5853  0.9351 12.1876
  4.1249  1.6512  0.3651  1.1446 12.4159
  4.8506  3.9814  0.1798  1.6376 36.3535
  4.2982  2.7455  0.4174  2.2817 23.2230
  5.8680  1.9855  0.9167  1.9768 15.6041
  5.2826  1.2674  0.0561  3.0655  8.9270
  5.9668  4.1190  0.6752  2.0939 37.8578
  5.6613  1.6006  0.0226  0.9923 11.9446
  4.5127  2.9994  0.4953  0.6911 25.8569
  4.2409  3.7851  0.2726  1.6607 34.2210
  4.1376  4.4133  0.0395  1.7569 41.0974
  4.7217  4.4498  0.7871  0.9688 41.5010
  4.7601  0.7390  0.3432  1.3254  4.5570
  5.5230  2.6450  0.6568  0.4830 22.1917
  5.2071  1.5931  0.5161  2.4338 11.8748
  5.2385  3.3218  0.5356  0.8413 29.2532
  4.4787  2.7058  0.9954  0.7954 22.8144
  4.7409  3.5162  0.3149  1.3096 31.3262
  5.2596  0.5934  0.5579  2.4798  3.4784
  3.9269  1.3710  0.0732  1.7121  9.8475
  5.9115  3.0760  0.8174  1.0456 26.6589
  5.2279  2.2663  0.5110  1.9660 18.3666
  5.3976  1.8610  0.9358  1.4853 14.4030
  4.3933  1.8799  0.3488  1.6441 14.5842
  4.2837  3.8621  0.2539  1.9528 35.0564
  5.4624  2.5122  0.6035  2.2239 20.8379
  5.5792  1.1051  0.4541  0.9459  7.5218
  5.6882  3.4247  0.5734  0.4140 30.3479
  5.7774  4.1100  0.1148  0.9654 37.7586
  5.5910  2.7751  0.9399  1.1959 23.5281
  4.3234  3.1743  0.0598  1.0815 27.6932
  5.2977  4.4914  0.6826  0.1482 41.9618
  4.8172  2.5605  0.0841  0.3022 21.3288
  5.3757  2.6178  0.6475  1.7062 21.9129
  4.4011  2.7853  0.6028  1.2313 23.6332
  5.0681  4.0472  0.3093  1.1767 37.0724
  4.8802  2.1512  0.5293  0.5000 17.2258
  4.9290  2.2989  0.4726  2.5647 18.6920
  4.8533  4.1065  0.3917  2.8531 37.7203
  5.7542  2.8781  0.7149  0.5571 24.5935
  5.1475  1.4729  0.4432  2.5887 10.7692
  4.5707  3.1061  0.7570  2.2076 26.9755
  5.3421  2.0376  0.9473  1.6211 16.1115
  5.5062  2.2448  0.1885  1.6662 18.1527
  5.2162  2.1235  0.7035  0.4162 16.9528
  5.3046  4.1385  0.8568  1.9702 38.0712
  5.4853  3.4127  0.0907  1.4438 30.2208
  5.3942  2.4556  0.9913  0.8796 20.2657
  5.9600  3.5133  0.0252  0.7719 31.2949
  5.1059  3.1353  0.8009  2.1863 27.2818
  5.2207  1.8689  0.5262  1.0923 14.4791
  5.2150  3.8341  0.6470  2.0380 34.7526
  5.3865  1.9349  0.3262  1.4521 15.1139
  6.0714  3.3454  0.6694  1.8649 29.5041
  5.5761  1.5280  0.1595  1.9333 11.2737
  4.8787  2.2350  0.6621  1.8848 18.0549
  4.7398  1.4748  0.8916  0.1911 10.7866
  5.3445  2.3715  0.5621  1.6657 19.4183
  4.8713  3.6963  0.6481  2.2248 33.2615
  4.6075  1.1104  0.8306  1.1589  7.5667
  5.4610  3.6105  0.5185  1.7913 32.3376
  5.1762  2.8928  0.2957  0.4303 24.7466
  5.8604  2.9470  0.2788  1.1498 25.3102
  4.9975  3.0894  0.6465  1.5157 26.7991
  5.9058  3.3816  0.5605  1.9666 29.8886
  4.7862  2.1613  0.6507  1.1804 17.3256
  5.0531  2.7863  0.3186  2.5245 23.6432
  5.5395  1.9966  0.2921  0.5581 15.7121
  5.0066  2.0633  0.9713  0.9067 16.3622
  4.0999  1.9818  0.1475  1.8835 15.5684
  5.0635  3.0506  0.4517  1.1595 26.3930
  5.6377  1.1382  0.5592  1.2280  7.8045
  3.8686  2.3491  0.8968  2.2237 19.1933
  4.9617  2.1427  0.6712  1.3665 17.1417
  5.8208  3.5637  0.7981  0.1966 31.8347
  5.1339  2.1670  0.3277  1.4175 17.3821
  5.5190  2.4479  0.8862  1.3779 20.1879
  6.3787  1.9916  0.0538  1.6086 15.6630
  5.1478  1.1068  0.7119  2.7028  7.5365
  5.1534  2.2088  0.1886  2.4075 17.7949
  6.5734  1.2263  0.0565  2.0881  8.5666
  5.3781  3.3129  0.6083  0.6655 29.1589
  5.0984  3.8996  0.8329  1.7546 35.4631
  5.0221  4.0363  0.6073  2.1294 36.9534
  4.6045  4.2291  0.1348  1.9448 39.0662
  3.8868  3.0809  0.5232  0.9920 26.7108
  4.5467  3.5052  0.3549  2.5786 31.2085
  5.2362  3.2272  0.4028  1.8583 28.2509
  3.8189  2.0522  0.1621  1.4642 16.2539
  3.8458  4.0452  0.4187  2.4201 37.0499
  4.8910  1.4090  0.8100  1.8381 10.1898
  5.1741  2.8859  0.4455  1.4417 24.6751
  5.2251  4.4310  0.0291  2.2995 41.2930
  5.4317  0.9843  0.0696  0.7407  6.5089
  4.7969  1.7340  0.7562  0.3593 13.1941
  5.3520  2.4064  0.4428  1.2737 19.7688
  4.8767  2.4651  0.2519  0.8623 20.3617
  5.2462  1.9966  0.3818  0.4784 15.7121
  5.5077  1.1278  0.3961  2.1081  7.7155
  6.1122  1.7247  0.5569  1.3191 13.1066
  4.7809  1.3083  0.4731  1.0572  9.2881
  4.8341  3.6040  0.5075  1.6514 32.2681
  5.3151  1.7774  0.7769  1.7108 13.6050
  4.6661  2.3104  0.6675  1.8326 18.8062
  5.0516  3.3986  0.8486  0.7338 30.0701
  5.5912  2.0601  0.9919  0.4246 16.3317
  5.5755  2.0565  0.7850  0.9694 16.2964
  4.9218  1.4445  0.8124  1.8704 10.5112
  5.7761  3.8941  0.8624  0.4466 35.4040
  4.8884  1.5623  0.5559  0.7302 11.5894
  4.9045  3.9481  0.6785  1.7445 35.9907
  4.9837  2.3083  0.0594  2.7571 18.7857
  5.2922  1.1120  0.8766  0.6546  7.5808
  4.9751  4.3034  0.9033  0.9096 39.8834
  6.0066  2.2668  0.4984  1.4491 18.3720
  5.5447  1.0949  0.5444  2.2047  7.4351
  4.8330  4.0385  0.3195  1.1240 36.9773
  5.7096  3.0723  0.1825  0.9045 26.6200
  4.8066  2.5803  0.5863  0.2038 21.5307
  5.9812  3.6032  0.6383  1.1063 32.2596
  6.5022  3.4370  0.6685  0.2412 30.4798
  5.2455  2.5725  0.6294  1.5782 21.4516
  5.4002  1.5918  0.0884  1.8430 11.8631
  5.1921  3.7514  0.9558  2.5559 33.8571
  6.1201  3.6201  0.8913  1.1800 32.4413
  6.1368  3.0865  0.6155  0.6500 26.7694
  5.3395  3.0574  0.7969  1.1496 26.4643
  4.4125  3.7757  0.7204  2.3565 34.1194
  6.2351  2.1243  0.8521  2.1045 16.9614
  4.7659  3.9914  0.6901  1.4778 36.4625
  5.2463  1.1978  0.0607  1.1434  8.3184
  5.9661  3.2186  0.2065  2.6114 28.1602
  5.4110  3.3174  0.4935  1.9770 29.2070
  4.4154  2.7313  0.5137  1.3779 23.0773
  5.2732  3.6179  0.6095  2.1685 32.4173
  4.7646  3.1815  0.0957  0.7373 27.7691
  5.4359  2.2100  0.6512  1.3506 17.8071
  4.9099  3.8025  0.3478  1.0713 34.4095
  5.1196  3.1082  0.3566  1.7967 26.9975
  5.3380  2.1428  0.2663  0.8906 17.1427
  4.8498  0.8195  0.2797  1.0235  5.1801
  5.3716  2.1660  0.4185  1.9418 17.3721
  6.6774  1.6712  0.5337  1.4909 12.6031
  4.8355  0.7534  0.5490  1.1802  4.6670
  4.4434  4.0264  0.3892  0.7259 36.8444
  5.4438  1.1503  0.5031  0.8663  7.9083
  4.8342  2.8594  0.8252  0.9021 24.3999
  5.3568  3.2752  0.5341  0.3834 28.7588
  5.0098  2.8747  0.8773  1.5729 24.5585
  5.1533  2.0401  0.1078  1.0546 16.1360
  4.8205  2.6027  0.0039  2.4049 21.7589
  5.8898  3.3760  0.3262  1.6031 29.8296
  5.3690  2.1514  0.4958  1.3663 17.2274
  5.2478  2.6027  0.4313  1.0239 21.7586
  6.0846  3.8690  0.0769  0.2005 35.1306
  3.6312  3.4472  0.5840  0.6403 30.5880
  5.2279  1.6461  0.8226  2.4538 12.3680
  5.1647  2.5896  0.8542  0.6964 21.6254
  5.8494  1.2573  0.6056  1.1746  8.8379
  5.4204  0.8968  0.3033  1.2909  5.7950
  5.7104  3.0681  0.3601  1.0338 26.5763
  6.7998  3.4628  0.2258  1.6621 30.7544
  3.5571  4.4582  0.1290  0.2315 41.5941
  5.7304  3.0749  0.6903  2.3790 26.6479
  5.2762  1.7847  0.9510  1.7167 13.6744
  4.6368  3.9297  0.3652  1.3493 35.7904
  4.9107  1.6185  0.7269  1.9153 12.1109
  5.2808  4.3858  0.2299  2.2196 40.7931
  4.4457  4.0434  0.7617  0.2761 37.0299
  4.8540  0.7947  0.0660  1.3326  4.9867
  4.5582  2.8547  0.7526  2.6215 24.3516
  5.4529  1.6812  0.6262  1.8604 12.6971
  4.4355  3.3677  0.4481  1.8807 29.7410
  4.6797  2.5780  0.3386  2.6071 21.5069
  6.2409  2.6660  0.0618  1.2730 22.4059
  4.0953  2.4435  0.8229  2.7866 20.1428
  5.4771  2.3297  0.3056  2.8219 18.9994
  5.4174  1.4651  0.2837  1.6302 10.6978
  5.9812  3.1283  0.4952  2.1956 27.2080
  4.5979  2.3567  0.0631  1.7897 19.2697
  4.8753  1.3678  0.0824  0.7549  9.8189
  5.2946  4.4487  0.5911  0.8913 41.4888
  6.1510  2.2846  0.9828  1.1787 18.5491
  4.9252  1.5865  0.2960  1.1305 11.8139
  3.8319  2.7878  0.4526  1.1788 23.6588
  5.7487  2.9461  0.9598  1.9369 25.3008
  5.0555  4.3030  0.5700  0.5137 39.8795
  6.2024  2.6264  0.6893  2.2621 22.0008
  5.1451  3.3732  0.3613  1.1437 29.7996
  5.6958  1.9774  0.4899  2.9731 15.5258
  5.9335  2.1052  0.8132  0.7506 16.7732
  5.3177  2.0999  0.0129  1.3138 16.7207
  4.7319  3.0116  0.2624  1.8106 25.9844
  6.5629  2.4836  0.0291  1.7052 20.5489
  4.9554  0.9021  0.0905  2.8253  5.8377
  4.4342  2.4781  0.6541  1.2154 20.4925
  4.9776  2.0322  0.6890  3.0360 16.0583
  6.4720  3.1971  0.7602  1.0763 27.9328
  5.1114  2.0247  0.9364  0.9985 15.9854
  4.9567  4.0211  0.1538  2.1295 36.7871
  4.9887  2.6502  0.5881  1.8416 22.2442
  4.5418  3.3536  0.2736  1.1491 29.5914
  4.8967  3.2739  0.2307  1.9688 28.7453
  4.3483  2.5279  0.7673  0.3665 20.9980
  5.2884  1.6972  0.0621  0.7248 12.8476
  6.7438  3.6538  0.9651  1.4507 32.8038
  5.6162  3.5178  0.2305  0.3451 31.3430
  5.4650  3.5667  0.8825  1.7292 31.8673
  5.3835  2.8177  0.7757  1.8527 23.9680
  4.6480  3.9388  0.9015  1.4470 35.8901
  3.7048  2.8612  0.2003  0.5758 24.4182
  4.9807  4.0503  0.3814  2.1551 37.1062
  4.5729  4.1733  0.2858  1.1039 38.4526
  5.5082  2.9218  0.4826  1.0952 25.0476
  4.3735  3.5457  0.5397  1.7847 31.6417
  5.3267  3.0306  0.2277  1.0141 26.1835
  5.2642  3.8330  0.6307  1.2714 34.7404
  5.1224  3.3863  0.5702  0.9178 29.9393
  6.7428  1.6903  0.0088  0.3936 12.7825
  4.0257  1.1565  0.5046  1.0530  7.9612
  4.7950  2.9191  0.1479  2.9341 25.0194
  5.0771  1.9601  0.8907  1.2532 15.3579
  4.9037  2.8014  0.9559  1.4851 23.8000
  5.1954  1.9484  0.1958  1.1468 15.2441
  5.3340  0.5320  0.7136  1.6129  3.0447
  5.1089  3.0788  0.8369  0.7781 26.6887
  5.2583  4.0215  0.2150  0.4894 36.7916
  5.8262  2.6959  0.2376  2.7017 22.7126
  4.7591  3.4841  0.1503  2.6236 30.9828
  4.4743  4.4102  0.7447  2.0778 41.0628
  5.7781  2.6107  0.5418  1.3990 21.8404
  3.7748  4.0520  0.8743  1.0321 37.1242
  5.2083  2.3281  0.6698  2.0811 18.9839
  5.2857  1.2941  0.6311  0.4966  9.1627
  5.5401  2.6327  0.1023  1.1586 22.0655
  4.3803  0.9312  0.7446  0.2904  6.0740
  5.7845  2.0272  0.5421  2.2157 16.0104
  5.5844  2.7086  0.3166  0.6646 22.8433
  5.1483  2.0953  0.7638  1.7895 16.6763
  6.0942  1.6412  0.1184  1.0996 12.3223
  5.1319  2.7000  0.5350  0.9948 22.7546
  4.2737  2.2976  0.5942  1.0288 18.6783
  3.8426  3.3748  0.9913  1.0461 29.8165
  5.3772  0.7560  0.4634  1.2495  4.6871
  5.1334  3.2368  0.4987  2.7945 28.3524
  4.0656  1.1844  0.1088  0.9391  8.2019
  5.5538  2.2158  0.2937  0.6944 17.8648
  4.6117  2.4849  0.1750  2.2279 20.5612
  5.4147  3.2544  0.6843  2.0265 28.5392
  5.5134  0.4419  0.8107  2.0401  2.4345
  4.7781  0.9688  0.4048  1.3026  6.3815
  5.2074  2.7401  0.5253  2.7270 23.1676
  5.1632  3.9375  0.0383  1.2815 35.8759
  4.6814  2.8695  0.2030  1.9293 24.5050
  4.4687  3.1973  0.0219  0.9272 27.9353
  4.9877  4.0142  0.3162  0.8248 36.7119
  5.1487  3.2726  0.6122  2.4023 28.7320
  6.8859  3.5056  0.6651  0.8012 31.2126
  5.0667  3.4781  0.4736  1.3595 30.9184
  5.5511  1.7900  0.7272  2.1155 13.7251
  6.9742  2.6000  0.3437  1.2313 21.7319
  4.0058  2.2219  0.8744  0.2699 17.9252
  5.1145  1.2046  0.5995  0.3913  8.3774
  5.3850  2.5299  0.6941  0.6178 21.0177
  5.2828  1.2092  0.7261  0.9564  8.4174
  5.8924  3.7183  0.1884  2.4109 33.4988
  5.3324  1.8160  0.1241  2.8010 13.9727
  4.5766  3.3459  0.5355  1.9871 29.5090
  5.4870  4.2508  0.8977  1.3903 39.3044
  6.0887  2.1497  0.9915  1.4504 17.2111
  4.9110  0.9018  0.5467  0.8040  5.8353
  5.3822  3.9933  0.9540  2.5088 36.4832
  5.2440  3.5294  0.8701  1.6144 31.4676
  4.5739  2.1336  0.8788  1.7599 17.0525
  5.4830  3.6034  0.9418  1.6776 32.2611
  4.8007  4.2835  0.1232  2.6814 39.6649
  5.1885  3.4990  0.9859  1.2549 31.1421
  5.2852  3.9266  0.5138  2.6926 35.7565
  5.2857  4.0235  0.6302  2.0799 36.8128
  6.4866  2.5473  0.4573  2.4656 21.1944
  4.9513  4.2886  0.1257  2.1652 39.7203
  5.4720  2.8723  0.7136  2.3283 24.5336
  3.9476  2.5435  0.0297  1.1317 21.1557
  4.7947  3.2470  0.8474  1.9963 28.4608
  5.1766  4.2767  0.9920  1.2971 39.5899
  6.2634  0.9609  0.7428  1.0253  6.3159
  5.0161  4.1067  0.3539  0.2905 37.7227
  4.9570  4.3515  0.2694  0.5225 40.4143
  5.8565  4.0234  0.3996  2.2407 36.8120
  4.2771  3.1791  0.9313  1.0696 27.7430
  4.7197  4.1363  0.7652  0.6968 38.0468
  4.9201  4.0425  0.7277  1.5449 37.0204
  5.3927  1.8194  0.7886  1.7746 14.0047
  4.9782  4.3258  0.5676  2.8377 40.1301
  5.3829  0.8162  0.2259  2.8825  5.1548
  5.4346  2.5371  0.6821  2.8867 21.0909
  5.1760  2.7600  0.1781  1.4011 23.3728
  6.1359  2.4710  0.7374  0.4446 20.4208
  4.0662  1.5291  0.5412  0.9054 11.2840
  4.9180  3.8308  0.3757  0.5885 34.7169
  5.2844  1.1796  0.6980  0.2892  8.1611
  5.3307  3.1406  0.0302  1.8391 27.3377
  5.5069  0.9927  0.9157  2.4965  6.5781
  5.0329  4.1308  0.5179  0.4355 37.9868
  5.5282  1.8474  0.6233  1.5589 14.2729
  4.9475  1.4183  0.3855  0.5034 10.2739
  5.4266  1.2444  0.9980  1.1372  8.7248
  5.1780  1.9299  0.5335  1.8332 15.0657
  5.0326  3.6722  0.7209  2.5055 33.0024
  5.2217  2.3428  0.4797  1.2803 19.1307
  5.2628  3.4109  0.7827  2.3571 30.2009
  5.5895  1.8519  0.3735  0.7590 14.3156
  5.5090  2.4225  0.4242  2.0045 19.9312
  5.4602  1.4710  0.1880  2.9515 10.7514
  5.6998  2.1025  0.4188  0.5144 16.7470
  4.4568  3.9800  0.3680  0.9486 36.3383
  4.6450  3.3414  0.9381  0.5464 29.4619
  5.7064  1.0275  0.2670  2.2439  6.8673
  4.9194  1.4805  0.5000  1.5593 10.8387
  5.2636  1.9376  0.5909  2.8015 15.1405
  6.8275  3.0301  0.3863  1.6157 26.1785
  4.5593  0.7135  0.1115  0.9824  4.3633
  5.4499  2.3356  0.3702  2.1038 19.0584
  4.9815  2.8229  0.7296  0.7047 24.0219
  5.2204  2.8271  0.3982  1.2469 24.0658
  5.3211  3.8490  0.2659  1.9000 34.9141
  5.4928  0.9847  0.1141  0.6396  6.5126
  5.4182  3.4639  0.1063  1.2567 30.7671
  5.3572  0.3689  0.1562  1.4308  1.9637
  5.1262  2.7219  0.6154  2.4843 22.9803
  5.2989  2.3762  0.4569  2.7300 19.4656
  4.5052  3.7122  0.8337  1.4303 33.4330
  5.6192  3.6815  0.8929  1.8169 33.1023
  4.7265  1.8198  0.6113  1.8427 14.0087
  5.2117  0.7630  0.4285  0.9357  4.7407
  5.1343  3.5100  0.9301  1.6344 31.2596
  5.3530  1.7189  0.2149  2.8940 13.0518
  5.0127  1.9150  0.9606  0.8201 14.9224
  5.9654  2.6631  0.9948  0.4536 22.3767
  5.7899  2.4635  0.3147  2.7238 20.3453
  3.8170  3.9872  0.5856  2.1920 36.4169
  5.3686  4.2340  0.5002  0.2515 39.1193
  5.8286  3.6924  0.5084  1.4608 33.2202
  4.8028  2.5133  0.6148  1.5894 20.8495
  6.2282  4.1079  0.7452  1.7829 37.7364
  5.6781  2.1859  0.8728  0.3449 17.5689
  4.9763  2.5188  0.4517  1.5466 20.9055
  5.2423  0.5059  0.6162  0.6247  2.8648
  5.6913  1.4481  0.1801  1.6657 10.5435
  6.8449  3.4898  0.6512  0.2460 31.0439
  5.2392  3.8394  0.8242  0.7338 34.8097
  5.9997  3.1195  0.7887  0.3330 27.1163
  5.1560  0.7900  0.3028  2.0191  4.9497
  4.3144  2.2032  0.0000  2.7458 17.7397
  5.4197  2.8504  0.2226  2.1752 24.3071
  3.7942  4.2087  0.5989  2.5922 38.8417
  4.9665  2.8178  0.3952  2.0352 23.9696
  5.6544  2.3884  0.9161  1.2317 19.5879
  5.2907  2.1346  0.6092  2.1709 17.0619
  4.8442  3.6610  0.5533  1.2284 32.8811
  5.2765  2.0612  0.2262  1.2399 16.3423
  3.5866  3.6611  0.7354  1.7072 32.8818
  5.2829  1.3671  0.4894  2.0367  9.8130
  5.2243  3.1750  0.1432  2.5290 27.7003
  6.0925  2.4063  0.3654  2.7288 19.7682
  4.3570  1.6577  0.6554  0.7758 12.4769
  5.3142  1.9043  0.0019  1.1580 14.8193
  5.1242  4.1183  0.6081  0.4693 37.8503
  3.9835  3.2094  0.3519  1.2278 28.0634
  5.9911  2.5010  0.2444  1.7274 20.7245
  6.7395  2.8660  0.8838  1.2418 24.4681
  5.5787  0.7637  0.7451  1.1633  4.7460
  5.1107  0.2594  0.1072  1.6558  1.3037
  5.5537  3.6120  0.8082  2.2036 32.3536
  4.7703  3.2104  0.8611  0.7428 28.0735
  3.8108  3.1521  0.4269  0.3865 27.4591
  5.1375  3.0713  0.8203  0.3891 26.6102
  6.2749  0.3812  0.5359  2.2258  2.0414
  5.4245  4.0317  0.7807  0.5228 36.9022
  5.0711  2.3346  0.5979  0.2497 19.0482
  5.9456  1.3579  0.2806  0.5227  9.7300
  4.4872  2.3875  0.5162  1.5975 19.5796
  5.0883  3.6617  0.3473  0.5445 32.8892
  5.8455  2.0367  0.2192  1.8695 16.1025
  5.2843  2.8953  0.9753  1.4010 24.7724
  5.8641  3.7024  0.9202  1.8353 33.3278
  4.2320  1.1787  0.1614  1.4672  8.1526
  5.0124  1.3474  0.4818  1.0201  9.6362
  5.0042  0.7342  0.4459  2.7369  4.5205
  4.9121  1.9011  0.5843  2.3472 14.7880
  3.8079  1.5722  0.6436  2.7976 11.6809
  5.3890  2.4629  0.9103  2.7691 20.3387
  5.0804  4.4782  0.5584  1.8983 41.8153
  4.6565  2.9980  0.9023  1.3479 25.8426
  5.7145  3.0493  0.6184  1.4342 26.3789
  5.1751  2.1343  0.3201  1.2086 17.0593
  5.0155  3.3996  0.1942  0.9587 30.0806
  5.1014  0.9120  0.7954  1.0417  5.9177
  5.1136  2.2054  0.6228  2.8449 17.7620
  4.5276  0.5796  0.2089  1.3422  3.3800
  4.2016  3.2981  0.8558  1.5921 29.0014
  5.2740  2.4333  0.6568  2.1204 20.0407
  5.1728  2.9068  0.5915  2.0507 24.8923
  3.8944  3.8248  0.4004  0.2547 34.6511
  3.8836  2.3644  0.7908  2.3532 19.3474
  4.9801  2.7261  0.5814  2.3264 23.0231
  3.5963  2.5956  0.1587  1.4616 21.6870
  4.9326  1.6811  0.3651  1.2584 12.6956
  5.4491  1.4810  0.0815  1.4548 10.8430
  5.2426  3.2538  0.3890  1.4475 28.5324
  4.9051  2.7627  0.6491  0.3172 23.4006
  5.2721  1.6258  0.2855  1.3358 12.1790
  5.0455  1.0288  0.4447  2.6851  6.8782
  5.4308  1.5074  0.0811  2.5988 11.0848
  5.2026  3.8075  0.9496  0.4350 34.4642
  5.6020  3.2079  0.8515  1.8959 28.0471
  4.7421  2.9300  0.5438  2.9135 25.1331
  3.7858  4.3091  0.8067  2.0362 39.9462
  4.8036  3.0308  0.5507  2.3270 26.1854
  4.3075  2.4331  0.0983  1.9876 20.0382
  4.1288  4.4310  0.6227  0.5568 41.2926
  5.2454  3.5234  0.2619  2.1312 31.4028
  4.3712  0.8268  0.4071  0.7057  5.2379
  5.7091  2.2178  0.4525  2.2291 17.8843
  4.5740  2.8894  0.1496  1.2260 24.7108
  6.7028  2.8459  0.3725  1.4437 24.2604
  5.7849  0.5931  0.0452  1.1055  3.4766
  4.8611  1.7649  0.1213  1.1248 13.4865
  4.8433  3.0148  0.5402  1.3184 26.0176
  5.2372  3.1149  0.2230  2.3725 27.0673
  5.1285  2.3765  0.8833  1.8621 19.4686
  4.9495  3.7280  0.4647  1.5978 33.6041
  3.9686  3.6452  0.6337  0.5020 32.7110
  6.5686  3.2511  0.7890  1.0628 28.5036
  5.1360  1.1064  0.3421  0.5971  7.5330
  5.9885  1.9663  0.0528  2.4702 15.4176
  5.2816  2.5833  0.5780  1.2580 21.5615
  5.1130  2.5629  0.8788  1.1965 21.3538
  5.2048  2.3595  0.5205  0.3712 19.2976
  6.1252  4.4395  0.4036  0.6871 41.3867
  5.1796  4.4357  0.2134  0.9149 41.3449
  4.2963  4.3306  0.3418  1.8819 40.1834
  5.2208  4.1790  0.0406  1.1372 38.5156
  5.1347  2.2757  0.4685  1.0328 18.4598
  4.6399  4.2198  0.5770  1.7725 38.9632
  5.9280  0.8413  0.9980  1.5320  5.3525
  4.4651  1.1242  0.0112  2.5853  7.6848
  6.0766  2.9024  0.6896  0.8479 24.8465
  5.2465  3.9349  0.5097  0.3090 35.8473
  5.1155  2.3322  0.4006  0.9048 19.0241
  5.1311  2.1474  0.3609  1.3076 17.1881
  5.1172  1.4033  0.8220  2.0703 10.1381
  3.8949  3.8311  0.2222  2.4053 34.7196
  6.0393  3.3049  0.0674  2.1191 29.0743
  4.6513  2.5512  0.4018  0.3527 21.2341
  5.4066  3.1275  0.2459  2.6304 27.2003
  5.1322  3.5968  0.0964  2.4183 32.1910
  3.6696  3.8770  0.5118  1.3220 35.2178
  5.2805  3.5426  0.5807  1.1735 31.6091
  5.5693  3.0214  0.8172  1.1953 26.0869
  4.8962  1.8217  0.9064  1.4244 14.0267
  4.8303  0.8103  0.0714  0.6426  5.1079
  4.2915  1.4127  0.8700  1.9105 10.2226
  5.2705  2.9899  0.2374  1.0925 25.7574
  5.2062  3.1289  0.7353  1.0500 27.2151
  6.1591  1.5228  0.9724  1.0320 11.2258
  5.1846  2.9522  0.1839  0.9274 25.3649
  5.1330  3.8384  0.2599  1.9225 34.7989
  5.1751  0.7411  0.9335  1.3927  4.5727
  4.4065  3.8207  0.8383  2.3848 34.6070
  5.9093  1.4896  0.1706  2.0908 10.9216
  3.5733  3.6678  0.1598  0.5623 32.9541
  4.6648  3.0492  0.1415  1.2203 26.3779
  4.7337  3.0630  0.9141  2.8365 26.5226
  5.2529  4.1840  0.8872  1.8329 38.5703
  4.9256  1.5559  0.2771  0.8099 11.5305
  4.8709  1.6160  0.9328  2.1856 12.0878
  3.9071  1.1195  0.3454  0.6529  7.6444
  5.9559  3.3077  0.3886  1.1787 29.1037
  6.1644  2.4825  0.5176  0.4285 20.5373
  3.8975  2.9858  0.9283  2.1865 25.7149
  4.9633  1.4337  0.0061  0.2154 10.4131
  5.7175  2.2616  0.3629  1.7823 18.3193
  4.5052  3.6383  0.0742  0.9560 32.6368
  4.1654  2.4120  0.9497  0.6003 19.8254
  5.2314  3.3444  0.7412  2.8415 29.4934
  4.7610  4.2817  0.5064  1.3041 39.6447
  6.6308  2.1591  0.7907  0.3362 17.3034
  5.3235  3.8812  0.0261  2.5576 35.2639
  4.0930  1.1289  0.1042  1.8049  7.7245
  5.4910  2.1389  0.4713  1.7436 17.1046
  5.1738  1.7343  0.9261  1.6218 13.1973
  5.7199  2.2988  0.7778  1.9223 18.6908
  5.0024  4.3227  0.6624  0.6061 40.0965
  5.5538  2.4644  0.4909  0.5902 20.3544
  5.0624  3.1908  0.2856  2.0601 27.8663
  4.9037  1.5254  0.6332  0.4542 11.2498
  5.0995  2.7367  0.9808  0.6466 23.1322
  5.0289  3.4806  0.2866  2.8379 30.9451
  5.8922  2.6172  0.3963  1.2654 21.9068
  5.0330  4.0312  0.4071  1.4039 36.8972
  4.7631  3.6038  0.9230  0.0609 32.2659
  5.1310  1.0565  0.0633  0.1752  7.1103
  5.8273  2.7544  0.3006  1.0561 23.3150
  5.4083  3.7152  0.2788  2.6674 33.4658
  5.2369  4.0953  0.1784  0.3699 37.5982
  5.6957  0.9138  0.0379  0.7484  5.9328
  4.6103  2.5356  0.6364  0.3638 21.0761
  4.6799  2.2979  0.6812  2.5417 18.6811
  5.0872  3.4143  0.5147  0.0521 30.2378
  5.1080  2.1055  0.4003  1.5719 16.7758
  5.3987  4.1610  0.5156  2.2514 38.3177
  4.9771  2.3235  0.5897  0.7651 18.9371
  5.4353  1.4302  0.9369  0.3600 10.3808
  5.0522  1.1338  0.1971  0.8229  7.7668
  5.4217  2.1998  0.1980  1.5282 17.7064
  5.9290  2.2379  0.7381  1.3289 18.0837
  4.8440  3.3181  0.5846  1.9477 29.2140
  4.9366  2.7802  0.6077  1.9128 23.5807
  5.2152  1.7328  0.7472  2.0848 13.1832
  5.4510  3.5545  0.8187  1.5711 31.7366
  5.4959  4.2726  0.6156  2.7896 39.5440
  4.7013  3.4200  0.3764  0.8883 30.2983
  4.2109  3.2333  0.1329  2.3644 28.3154
  6.7487  0.7360  0.7817  0.9943  4.5338
  4.6769  3.8643  0.6993  0.5474 35.0802
  5.4643  2.1531  0.9277  2.1438 17.2445
  4.8792  3.0575  0.5492  1.3120 26.4647
  5.6140  1.8070  0.4465  1.5583 13.8869
  5.3688  2.3296  0.5821  0.8530 18.9984
  5.0953  2.0844  0.9763  2.2071 16.5693
  5.0688  3.1915  0.3092  0.6592 27.8742
  4.8419  0.7251  0.1342  1.2641  4.4510
  5.0883  2.7795  0.7578  1.5728 23.5734
  5.6192  3.2914  0.5206  2.8696 28.9304
  5.5237  2.9612  0.6804  2.5511 25.4584
  3.7426  4.3850  0.2211  1.4831 40.7838
  5.5372  3.9879  0.5539  1.4376 36.4245
  5.0953  1.9746  0.9586  0.5827 15.4986
  5.0448  4.1768  0.9418  1.4754 38.4916
  5.3671  4.0093  0.1396  1.8018 36.6585
  5.4817  2.9830  0.0556  1.5685 25.6856
  6.4421  3.0526  0.2608  0.6850 26.4135
  4.7367  1.5242  0.9400  1.4245 11.2388
  5.4008  4.3893  0.2378  1.5330 40.8321
  5.2580  3.0634  0.8953  0.8368 26.5272
  5.5102  1.0402  0.7900  2.0480  6.9735
  5.4374  0.8708  0.8979  1.4937  5.5869
  5.6103  2.5271  0.6067  2.2682 20.9895
  5.4286  4.0880  0.9093  0.7686 37.5187
  5.0391  1.4078  0.2306  2.9181 10.1787
  5.8959  3.3609  0.7771  1.6186 29.6690
  4.8332  3.0994  0.0815  2.6823 26.9041
  5.2045  2.2670  0.3636  0.9963 18.3730
  5.1230  2.9424  0.1280  1.0407 25.2628
  6.4261  1.9201  0.9402  1.0519 14.9713
  3.6986  4.0923  0.6625  1.6787 37.5647
  4.2353  2.2920  0.1743  1.5452 18.6230
  6.4412  2.5936  0.9464  2.0698 21.6661
  5.7526  3.5950  0.3015  1.4970 32.1708
  5.8349  1.9401  0.0239  0.5102 15.1643
  5.4158  1.8400  0.1204  1.8967 14.2021
  4.0354  1.6929  0.7855  2.1199 12.8070
  3.9106  2.9976  0.2918  0.3669 25.8379
  4.9972  2.1028  0.3450  0.8797 16.7494
  4.7139  2.4224  0.9858  0.5811 19.9304
  5.1582  0.9845  0.0111  1.6064  6.5108
  5.0433  1.3037  0.4308  2.4402  9.2479
  6.2268  2.2264  0.8802  1.5611 17.9701
  5.2752  1.9896  0.0596  1.5209 15.6442
  4.6692  1.7982  0.0640  0.9222 13.8035
  5.1559  1.2424  0.5087  2.4248  8.7070
  4.6429  2.5663  0.2800  1.5388 21.3879
  5.7704  4.0991  0.9503  1.7832 37.6391
  5.7456  2.4096  0.6697  0.7377 19.8011
  4.2957  2.5327  0.3764  2.2767 21.0466
  5.0522  3.2605  0.0432  1.9243 28.6036
  5.5943  3.8985  0.1327  1.8081 35.4513
  4.3211  1.8425  0.3072  2.4619 14.2255
  5.2738  0.9693  0.3130  0.0749  6.3853
  4.1550  3.2540  0.6612  0.8022 28.5343
  4.8006  0.9346  0.7096  1.4383  6.1015
  4.8718  1.6999  0.6567  0.7346 12.8731
  5.1919  2.1475  0.2984  1.9879 17.1899
  4.6191  1.1531  0.0339  1.4500  7.9324
  6.0487  3.6195  0.7271  2.0201 32.4346
  5.9166  4.3026  0.3597  1.4318 39.8743
  4.4944  4.4476  0.9544  2.4776 41.4761
  5.0283  3.7106  0.2169  0.5181 33.4156
  5.3999  0.8445  0.5502  2.0378  5.3776
  5.2739  2.2898  0.7324  1.5067 18.6003
  4.6087  2.6568  0.8166  1.4929 22.3117
  5.1503  2.0728  0.2111  1.9572 16.4551
  5.5436  1.2610  0.9451  0.9549  8.8707
  4.9951  0.9752  0.8615  0.7252  6.4335
  5.5048  0.3131  0.2066  1.6260  1.6201
  4.0495  3.4509  0.4376  0.3882 30.6276
  4.9117  2.4078  0.3069  1.8333 19.7838
  5.0772  3.2052  0.8174  2.8274 28.0183
  4.8452  2.5158  0.2220  1.7037 20.8746
  5.5678  3.4453  0.8438  1.3000 30.5678
  6.1128  3.7656  0.3775  2.5862 34.0099
  5.8853  2.6100  0.5696  2.3751 21.8332
  4.7052  2.1489  0.5268  2.2080 17.2037
  6.5776  3.9031  0.6818  2.0045 35.5011
  5.9830  4.1477  0.7709  1.1920 38.1721
  3.9451  3.7291  0.8613  0.5402 33.6153
  4.2875  2.5373  0.6346  1.2963 21.0927
  5.7288  4.0756  0.5322  0.7590 37.3825
  5.9073  3.0180  0.3344  2.3643 26.0516
  5.3831  1.1330  0.2530  1.6825  7.7594
  5.6384  2.9805  0.3062  2.7428 25.6597
  4.8892  2.2504  0.2957  0.9889 18.2087
  5.2427  2.8741  0.7164  1.3416 24.5529
  5.2155  1.2947  0.9441  1.0262  9.1678
  5.2206  0.8786  0.1497  0.8085  5.6491
  6.7117  1.4567  0.2021  1.4862 10.6216
  3.9295  0.7095  0.8770  2.4020  4.3331
  5.4486  0.6506  0.2073  1.2358  3.8938
  5.3277  3.8645  0.7888  0.6033 35.0821
  5.6112  2.5043  0.3941  1.5177 20.7587
  5.0995  3.0906  0.0829  2.4279 26.8119
  5.1967  2.3503  0.6395  0.1367 19.2061
  6.9150  1.4996  0.0859  0.9518 11.0127
  5.0693  1.9254  0.6471  1.1569 15.0223
  5.2554  2.7880  0.7937  2.4934 23.6607
  5.9261  4.4268  0.0528  1.9800 41.2464
  4.5883  3.9139  0.9764  0.6286 35.6187
  4.8393  2.4911  0.3172  1.6973 20.6245
  5.6471  4.1831  0.5118  0.8844 38.5605
  5.2174  2.1640  0.5274  1.0369 17.3524
  5.4797  2.9970  0.7557  1.4661 25.8315
  4.6773  2.4884  0.7091  2.3219 20.5974
  5.1701  0.7585  0.7236  1.3091  4.7064
  4.8177  1.3197  0.4977  1.0314  9.3895
  5.2205  2.8701  0.1907  1.9424 24.5108
  4.3851  2.6397  0.8671  0.7233 22.1366
  4.3935  2.7199  0.8989  1.7275 22.9600
  5.4947  3.5267  0.3469  2.2740 31.4390
  4.8635  0.6196  0.4575  1.5953  3.6675
  5.7134  4.1776  0.7478  0.8374 38.4999
  4.4630  4.1225  0.1462  1.3594 37.8962
  5.2960  2.4838  0.7026  1.0234 20.5509
  4.5894  3.1514  0.4198  0.4950 27.4514
  5.2974  3.4188  0.8442  0.8618 30.2855
  5.4277  0.7617  0.1461  1.2043  4.7307
  4.2824  2.0826  0.9799  1.6475 16.5517
  5.7829  3.2523  0.9900  1.6935 28.5161
  4.6166  3.0525  0.7351  1.0279 26.4130
  6.3972  3.0051  0.8246  1.4422 25.9161
  4.6918  1.8190  0.8567  0.1738 14.0013
  6.9213  3.2024  0.9503  2.0603 27.9896
  6.0739  1.9357  0.2502  1.1942 15.1219
  5.3868  4.0564  0.4349  1.3075 37.1731
  6.1746  3.2480  0.6896  0.4382 28.4716
  4.1682  3.8545  0.3599  0.6252 34.9738
  5.4020  3.7189  0.5173  0.6996 33.5061
  5.7370  3.6222  0.0536  2.5244 32.4640
  5.0898  3.5139  0.9806  1.5167 31.3019
  5.1941  3.2248  0.6214  2.0717 28.2256
  6.7727  2.1207  0.5269  1.4930 16.9255
  4.3000  1.5443  0.0037  0.6784 11.4231
  5.4051  1.7269  0.6018  2.0749 13.1273
  4.8198  2.2259  0.6961  2.3584 17.9645
  5.2805  1.0450  0.5015  1.6345  7.0144
  5.2112  0.5842  0.5911  1.1867  3.4124
  4.5759  1.5034  0.4306  0.2601 11.0482
  5.0479  2.5992  0.2479  1.7908 21.7237
  5.0620  2.7061  0.1356  1.8450 22.8180
  5.1150  2.3433  0.9142  1.5587 19.1356
  5.0984  3.5173  0.3450  1.3308 31.3380
  5.2717  2.9122  0.4497  1.6001 24.9483
  3.6461  3.8121  0.1568  2.0050 34.5134
  6.0594  0.9621  0.5465  2.0289  6.3265
  5.4243  0.8177  0.1253  2.0703  5.1663
  3.5582  0.9472  0.9257  0.5720  6.2044
  4.9035  3.1323  0.1291  2.1291 27.2503
  5.5066  2.1150  0.8108  0.8958 16.8700
  4.2562  1.3115  0.2698  1.9887  9.3167
  5.1960  1.7650  0.4047  1.5981 13.4873
  5.5887  1.3001  0.2884  1.3393  9.2153
  5.0591  2.0231  0.6721  1.5445 15.9700
  4.7853  3.5918  0.4920  3.0649 32.1364
  5.0598  3.3088  0.5290  1.0074 29.1156
  4.0922  1.5044  0.9953  2.2728 11.0572
  5.0692  3.5145  0.1868  1.5600 31.3080
  4.8319  2.8269  0.5112  0.7238 24.0634
  5.2251  2.3663  0.7746  2.3699 19.3665
  4.9380  2.5306  0.1913  3.0661 21.0249
  5.5697  2.5535  0.9244  2.7206 21.2582
  5.4760  2.9850  0.4957  1.3689 25.7066
  4.6191  1.0581  0.7497  1.2438  7.1242
  5.0073  3.0498  0.8520  0.1921 26.3838
  5.0917  0.8950  0.8094  0.2645  5.7810
  5.1706  2.1848  0.1904  1.5630 17.5579
  6.6603  2.1904  0.8101  1.5778 17.6133
  5.0230  1.6561  0.0087  2.2182 12.4619
  5.7512  2.7083  0.9332  1.9864 22.8407
  4.4772  4.0316  0.4199  2.0669 36.9017
  5.3927  1.7959  0.7693  1.5407 13.7813
  4.6387  3.3321  0.3586  2.1565 29.3622
  5.6236  2.1273  0.2199  1.4597 16.9904
  4.7464  3.3697  0.9738  0.5410 29.7625
  6.3410  2.0446  0.4688  2.1828 16.1797
  5.9644  4.3601  0.9120  1.3717 40.5088
  5.2904  1.0302  0.7469  0.9177  6.8897
  4.9460  4.4416  0.9977  1.8635 41.4102
  5.6482  2.9188  0.9898  1.0196 25.0166
  5.7560  1.1852  0.3815  1.7204  8.2090
  5.3578  3.5012  0.4495  1.7141 31.1653
  4.6428  3.7907  0.5273  0.5245 34.2823
  4.6095  3.8797  0.8441  0.6580 35.2467
  5.1602  1.9576  0.1134  1.5077 15.3341
  5.0577  1.7674  0.0242  0.8000 13.5100
  5.8615  4.0944  0.8255  1.4604 37.5885
  5.4297  1.9137  0.9568  1.6052 14.9092
  5.2326  1.8199  0.2387  2.0911 14.0099
  4.9331  0.7207  0.3392  0.9290  4.4178
  5.0791  3.9601  0.9689  0.5874 36.1213
  6.0552  3.3262  0.9101  1.6717 29.2997
  5.2280  2.1575  0.6266  1.9383 17.2881
  4.6821  1.8210  0.7194  2.5581 14.0202
  3.5310  3.0275  0.6139  1.1651 26.1513
  5.1216  1.6695  0.1543  0.9523 12.5872
  5.6909  2.0670  0.9151  0.1908 16.3992
  4.7215  3.1513  0.7780  1.8987 27.4509
  4.7060  1.4219  0.4133  0.8566 10.3059
  6.9654  3.0472  0.5799  1.9180 26.3575
  5.2256  2.9308  0.2665  1.7157 25.1417
  5.3199  4.4838  0.1046  1.4371 41.8778
  5.6311  0.7828  0.9783  2.6063  4.8943
  5.0583  3.2009  0.9516  1.9212 27.9736
  5.8229  3.3439  0.6732  1.0333 29.4884
  4.0588  3.9534  0.8062  0.8654 36.0485
  6.5845  1.7511  0.9011  0.3166 13.3556
  5.0155  3.6070  0.5490  1.6387 32.2999
  5.0014  1.4775  0.0509  1.3936 10.8112
  4.7473  2.6113  0.1829  1.0602 21.8464
  4.9803  0.9330  0.1682  1.1802  6.0882
  5.5885  1.5009  0.7600  0.8927 11.0253
  4.9425  1.9985  0.4912  1.1331 15.7308
  5.5660  3.2306  0.9013  0.8439 28.2866
  5.2978  3.4265  0.2344  2.1675 30.3678
  5.4000  4.0727  0.5238  2.7484 37.3512
  4.9221  2.4390  0.7798  0.7137 20.0977
  5.6322  3.6595  0.9942  0.5955 32.8655
  4.9085  2.3148  0.0556  1.1951 18.8506
  5.0683  2.3006  0.0024  1.9294 18.7085
  4.9916  3.4810  0.1070  2.6747 30.9498
  5.7779  3.0333  0.6977  0.6997 26.2113
  4.4298  2.5795  0.0287  1.1227 21.5229
  4.9629  0.7302  0.4514  0.3693  4.4899
  4.9075  3.9624  0.3860  2.1232 36.1470
  5.4801  2.0813  0.1670  2.8419 16.5389
  5.8157  0.7970  0.2533  1.7915  5.0044
  5.2492  3.4924  0.3552  2.1656 31.0714
  5.0620  1.1476  0.9224  1.5861  7.8851
  3.6419  2.4850  0.1531  0.9782 20.5631
  4.7313  3.3844  0.3929  1.8528 29.9192
  5.3901  2.1269  0.4288  2.6612 16.9864
  5.8997  2.3652  0.9329  1.3839 19.3553
  5.8108  3.0006  0.6034  1.3027 25.8694
  4.1126  3.3078  0.1810  2.3158 29.1050
  4.9179  0.9129  0.6039  1.6943  5.9253
  5.1489  2.1996  0.0907  1.9457 17.7042
  4.7210  3.4155  0.2643  0.3825 30.2504
  5.6116  3.4406  0.5577  1.1613 30.5183
  5.0858  1.9315  0.0201  2.4668 15.0813
  4.0579  3.5727  0.5534  1.0975 31.9320
  5.3020  1.6442  0.4736  1.9479 12.3508
  5.0455  2.8365  0.1500  1.3384 24.1622
  6.6433  1.3965  0.6274  2.4444 10.0771
  5.5202  4.2701  0.8998  1.4347 39.5170
  4.6576  2.5553  0.0826  2.6820 21.2759
  5.1718  1.7979  0.4516  0.1178 13.7999
  3.9589  3.2311  0.5141  0.8702 28.2921
  4.7775  2.0511  0.6121  1.7641 16.2431
  5.0239  3.4519  0.1054  2.1928 30.6389
  5.2098  1.2742  0.2923  0.9273  8.9871
  5.1705  4.3660  0.2946  2.5881 40.5746
  5.3471  3.8437  0.2197  2.7651 34.8567
  3.5049  2.3024  0.0977  0.8001 18.7262
  5.2239  2.6566  0.5338  0.0992 22.3099
  5.2453  1.1567  0.8655  1.2017  7.9629
  5.2454  1.1753  0.8351  2.2955  8.1237
  5.1024  3.0160  0.7693  0.4618 26.0305
  5.0248  1.6599  0.9939  0.4446 12.4971
  6.0123  0.9934  0.4368  2.5068  6.5844
  5.6279  1.0974  0.0968  2.2796  7.4565
  5.0485  2.5076  0.3384  0.4809 20.7912
  5.5318  2.9878  0.9413  0.7446 25.7362
  6.0778  3.1625  0.9269  3.0639 27.5685
  4.6874  4.1435  0.1479  1.3288 38.1258
  5.4345  4.4242  0.4853  1.2570 41.2175
  3.6007  2.8038  0.9276  0.4773 23.8244
  6.5436  4.2041  0.1521  1.2901 38.7914
  5.2943  3.1156  0.1071  0.8471 27.0752
  5.3818  2.3334  0.5286  1.2319 19.0364
  5.2715  2.3041  0.3147  1.8954 18.7435
  4.6051  3.1298  0.9277  0.5967 27.2245
  5.2350  4.0022  0.8284  1.7093 36.5804
  6.0797  2.6833  0.8392  1.4388 22.5834
  5.4276  1.9158  0.1483  1.9310 14.9300
  5.6370  4.0945  0.9863  0.8783 37.5891
  5.0482  2.8407  0.8775  1.3847 24.2063
  5.2924  2.0597  0.0216  0.5933 16.3277
  5.2421  2.2325  0.4129  1.3411 18.0303
  5.2756  3.4635  0.0481  1.5997 30.7627
  4.6020  3.1078  0.0885  1.0116 26.9927
  4.6852  1.5410  0.2446  1.8109 11.3936
  5.1402  0.8896  0.1194  2.1825  5.7370
  5.1377  2.4229  0.6150  1.5062 19.9359
  5.7993  1.7309  0.3901  1.2720 13.1649
  5.8971  3.5577  0.0718  0.6468 31.7706
  4.7142  3.6361  0.2984  1.0551 32.6129
  5.8907  1.5368  0.1884  2.0700 11.3545
  5.1342  1.2985  0.3139  1.4884  9.2013
  5.2087  1.4338  0.8554  1.1373 10.4135
  4.4309  2.9665  0.5582  1.3851 25.5132
  3.8145  3.6158  0.8380  0.9698 32.3943
  5.0613  2.4811  0.0303  1.8545 20.5230
  6.0375  3.6771  0.4194  0.6982 33.0547
  4.4613  1.3944  0.3319  1.6230 10.0574
  5.0232  3.8663  0.4239  2.3204 35.1014
  4.2024  0.3065  0.8559  0.3435  1.5805
  5.3510  3.7385  0.1287  0.2949 33.7173
  4.1111  2.7543  0.3177  2.5966 23.3136
  5.1619  1.7742  0.8791  0.6988 13.5744
  6.0231  0.5898  0.1093  1.5724  3.4524
  5.9655  0.5246  0.0825  1.5802  2.9938
  4.8727  3.8634  0.3662  0.6491 35.0695
  5.6113  3.8786  0.5205  1.3578 35.2346
  5.4022  3.0343  0.3360  1.6696 26.2216
  4.9286  3.3604  0.5153  0.7778 29.6630
  4.9650  1.2517  0.8755  1.2233  8.7893
  5.1915  4.4128  0.7711  2.3358 41.0909
  4.9412  1.6439  0.5055  1.6526 12.3477
  5.9034  2.6250  0.7356  0.6546 21.9865
  4.4589  1.6092  0.3456  1.5500 12.0244
  5.1610  4.0115  0.0135  1.8415 36.6825
  5.5283  2.2827  0.1038  2.6172 18.5299
  5.4034  1.9657  0.0730  2.3616 15.4118
  5.0469  4.0867  0.3126  1.1606 37.5042
  5.1614  3.9424  0.0163  0.4512 35.9291
  5.0856  3.0229  0.3632  2.9355 26.1027
  4.7812  3.9581  0.2923  0.4602 36.1000
  5.1021  0.8203  0.0776  1.6567  5.1868
  4.9592  2.6909  0.7292  0.4440 22.6614
  6.8307  2.8359  0.4910  0.6292 24.1569
  6.1745  1.8394  0.9457  1.0445 14.1964
  5.1833  3.1405  0.4022  1.9596 27.3369
  6.4369  1.5699  0.7668  1.5457 11.6602
  3.6031  2.0271  0.2122  1.4558 16.0088
  5.8840  4.2143  0.1678  0.9901 38.9027
  4.5277  3.6601  0.6326  1.3475 32.8715
  4.7317  2.2114  0.5028  1.7259 17.8214
  5.2563  2.8754  0.1088  2.0353 24.5660
  4.5403  3.0291  0.3414  2.5520 26.1678
  4.7321  2.7071  0.7426  0.3702 22.8284
  5.1961  2.1955  0.8324  0.6332 17.6637
  5.4814  1.4763  0.7487  0.5978 10.8002
  4.5120  3.1053  0.6226  1.5457 26.9667
  4.9694  0.7726  0.1172  2.1517  4.8146
  5.1723  1.4987  0.6562  1.0825 11.0052
  5.6777  1.4914  0.6450  0.7941 10.9380
  5.6551  1.2887  0.1150  1.5346  9.1151
  5.2778  2.8068  0.9415  2.4862 23.8550
  5.3610  3.1691  0.3100  1.8306 27.6377
  4.9223  4.0714  0.1139  1.2346 37.3368
  4.7576  2.0621  0.8606  1.7493 16.3505
  4.9544  2.5178  0.9840  1.8636 20.8956
  4.8925  2.5478  0.3318  2.8343 21.1993
  4.6079  0.9480  0.3903  0.7252  6.2109
  5.6474  3.7006  0.1728  0.3764 33.3085
  5.2828  3.7418  0.4296  1.3404 33.7533
  4.0598  0.4648  0.6349  1.4925  2.5864
  5.2854  1.6900  0.5762  0.9002 12.7799
  5.1742  2.0231  0.3716  2.5446 15.9698
  5.8660  1.7279  0.5117  2.1700 13.1369
  5.4344  3.8790  0.5006  1.1959 35.2397
  4.5969  3.2086  0.7980  1.4668 28.0551
  5.6276  1.5557  0.0228  2.0471 11.5288
  4.0389  0.8525  0.0224  1.6939  5.4412
  4.4082  4.2902  0.4027  1.9291 39.7384
  4.0790  3.0231  0.3631  0.3820 26.1045
  5.0268  3.0741  0.3622  1.0257 26.6390
  5.5879  0.9852  0.2155  1.0932  6.5166
  5.4501  3.4625  0.2697  3.0073 30.7519
  4.6679  2.1679  0.0530  1.7606 17.3907
  5.4063  2.4489  0.2575  0.3578 20.1973
  5.2974  2.9641  0.1966  1.3148 25.4890
  4.5695  2.8392  0.3371  3.0059 24.1903
  5.4833  2.2378  0.2438  0.4128 18.0826
  5.0255  2.2577  0.6697  1.8231 18.2813
  5.5622  0.6191  0.5541  2.4378  3.6638
  4.8562  2.6548  0.0095  1.4757 22.2919
  5.4445  3.1465  0.3502  0.7121 27.3996
  4.2517  2.7813  0.9106  1.9169 23.5920
  5.6049  3.0798  0.3994  1.8295 26.6993
  5.2972  3.5847  0.0592  0.9918 32.0602
  5.2331  3.4220  0.8168  0.6494 30.3196
  5.3832  2.1428  0.3654  2.0612 17.1431
  5.9594  3.8007  0.8596  0.4336 34.3906
  5.2904  0.8415  0.4209  0.8732  5.3538
  4.9679  3.4133  0.4143  1.9475 30.2266
  5.1773  2.8076  0.0124  1.6633 23.8640
  5.8575  1.9640  0.6259  2.4570 15.3953
  5.6854  1.2111  0.7849  0.9110  8.4344
  5.8133  3.6529  0.3365  0.3242 32.7938
  5.0372  1.9974  0.6393  2.9607 15.7198
  4.6943  4.2958  0.6540  0.8222 39.7999
  4.9270  0.6337  0.2834  0.9645  3.7699
  5.3840  3.4161  0.7755  1.0126 30.2566
  3.7185  2.2088  0.2703  1.8038 17.7952
  4.9167  3.0775  0.4472  3.0088 26.6748
  4.8510  3.0188  0.7162  1.0702 26.0594
  5.5387  1.0980  0.2836  1.6842  7.4613
  5.6262  3.4158  0.3947  0.7047 30.2535
  5.8877  1.8173  0.9676  1.5140 13.9853
  5.0392  3.5812  0.9633  0.9268 32.0231
  3.7655  1.3123  0.5884  0.3053  9.3241
  5.2995  3.8499  0.4118  2.2734 34.9238
  4.7456  3.5776  0.6411  0.7451 31.9846
  4.8794  2.6866  0.8470  2.7592 22.6180
  5.8371  0.3027  0.5318  0.5037  1.5580
  5.2361  3.6674  0.5743  0.8598 32.9506
  5.5312  1.7627  0.9888  2.5757 13.4653
  5.2446  1.1325  0.9137  0.2746  7.7556
  5.6211  2.4373  0.9422  0.4433 20.0806
  4.5583  3.3906  0.0016  0.4823 29.9846
  5.8756  3.7840  0.9094  0.8775 34.2094
  6.0915  3.7310  0.3959  2.3822 33.6364
  5.3568  2.5313  0.8287  1.7854 21.0323
  5.1062  1.9046  0.0290  1.1808 14.8220
  5.0951  1.3877  0.2049  2.7976  9.9972
  5.7002  1.5140  0.6676  1.0011 11.1451
  5.1911  4.1533  0.6192  1.1244 38.2335
  4.2233  2.6890  0.2380  1.7367 22.6426
  4.4775  1.2605  0.3809  1.3665  8.8659
  5.0971  4.3501  0.9036  0.5992 40.3982
  4.6902  2.9295  0.1032  2.2665 25.1279
  5.2647  3.3804  0.8095  0.8264 29.8760
  5.7971  2.7095  0.6230  1.1161 22.8525
  5.0543  1.8250  0.0400  2.0177 14.0584
  5.5363  4.0447  0.1384  2.5762 37.0450
  4.3105  2.7196  0.8400  0.3917 22.9567
  5.2086  3.1181  0.1106  0.4942 27.1009
  5.0084  4.1225  0.5569  0.5613 37.8961
  4.5932  2.4299  0.6430  1.7931 20.0064
  5.6470  1.6313  0.9155  1.2589 12.2301
  5.6414  2.5542  0.7180  1.7028 21.2651
  6.0739  3.9877  0.9173  0.6353 36.4227
  5.3371  1.6591  0.2910  0.6935 12.4901
  5.0851  3.4480  0.0825  2.0604 30.5966
  5.8811  2.1389  0.8728  0.4097 17.1047
  4.1544  1.7767  0.1019  1.7665 13.5990
  4.5546  4.2058  0.1040  1.6679 38.8092
  4.9399  3.1016  0.5932  2.6031 26.9274
  3.8213  1.8001  0.5232  0.7987 13.8214
  5.6443  0.6472  0.5018  2.7386  3.8688
  4.9852  3.5327  0.4995  2.1670 31.5027
  5.4354  2.0010  0.8918  1.7146 15.7551
  5.2217  2.0399  0.4921  2.0857 16.1339
  5.6368  3.8934  0.7186  0.3844 35.3959
  5.4266  2.4967  0.7782  0.9367 20.6813
  5.4394  2.5206  0.8504  0.6234 20.9230
  5.9642  4.4518  0.4521  2.1492 41.5231
  5.0664  1.5424  0.0659  1.6658 11.4061
  5.3473  4.2575  0.6337  1.1029 39.3781
  4.7842  3.9488  0.8821  0.9520 35.9984
  5.2560  2.1861  0.6882  2.1772 17.5701
  4.9759  2.9924  0.8026  0.6650 25.7842
  4.5762  3.0690  0.5734  0.9224 26.5853
  5.1918  3.4879  0.3170  1.6919 31.0235
  4.6036  2.7863  0.9086  2.2683 23.6433
  5.4976  1.1973  0.9114  1.4046  8.3141
  5.5310  2.8872  0.3778  1.6198 24.6881
  4.0645  3.1470  0.8765  1.2755 27.4055
  4.2435  3.4964  0.0051  1.5791 31.1141
  4.8246  2.1525  0.4166  1.2384 17.2386
  4.3460  2.6864  0.5387  1.6361 22.6153
  4.8247  1.1800  0.4962  0.4984  8.1645
  5.3347  2.2198  0.4498  0.7199 17.9048
  5.6158  3.4915  0.6677  1.4432 31.0613
  4.7625  3.3934  0.5840  0.8593 30.0146
  5.3298  1.5518  0.2947  1.6770 11.4930
  5.1147  2.0816  0.8500  0.9672 16.5413
  5.2848  1.0948  0.9433  1.4872  7.4345
  4.7293  2.0416  0.2642  0.6006 16.1501
  5.2493  2.4918  0.3425  0.3075 20.6313
  5.1377  3.0499  0.8866  1.6357 26.3849
  4.7204  1.3533  0.0049  0.3833  9.6890
  5.3928  1.9998  0.6642  1.6835 15.7432
  5.5378  2.0516  0.7316  1.2835 16.2479
  6.8900  1.2745  0.2228  0.5345  8.9898
  5.2974  2.9483  0.5297  0.9881 25.3240
  5.2819  3.2001  0.6142  0.9489 27.9649
  5.4781  2.8904  0.6137  2.9946 24.7213
  5.0650  3.1176  0.1214  1.4098 27.0960
  5.4584  2.7649  0.3672  0.6400 23.4233
  5.0923  3.7484  0.7237  0.1824 33.8243
  5.2740  3.6958  0.3975  2.1451 33.2561
  4.9583  3.1629  0.3343  2.1565 27.5721
  5.4734  4.1055  0.0578  2.8652 37.7099
  6.4658  2.1578  0.8421  1.2973 17.2913
  6.0865  3.0705  0.4097  1.3529 26.6014
  4.9457  3.8262  0.4202  0.2900 34.6668
  5.2030  2.5619  0.3053  1.5405 21.3437
  5.7946  2.2162  0.3777  1.6077 17.8684
  5.7548  4.4938  0.7011  1.4856 41.9877
  5.0106  3.1024  0.7867  1.8380 26.9365
  5.4124  3.2047  0.3778  2.8676 28.0130
  5.6348  4.3683  0.6221  2.2605 40.5999
  4.7685  4.3299  0.7195  1.2533 40.1753
  5.4119  1.3876  0.7933  0.4340  9.9967
  5.3051  1.7297  0.1786  2.0817 13.1532
  4.9752  2.8856  0.4619  1.0664 24.6718
  5.8899  1.0878  0.3727  1.5513  7.3751
  4.9429  1.2097  0.8838  0.6537  8.4223
  5.1064  2.7558  0.7093  1.6107 23.3287
  6.2939  4.4066  0.4345  0.4489 41.0229
  3.6302  1.5273  0.7356  0.8871 11.2672
  5.0896  2.1127  0.8922  0.4389 16.8472
  5.0717  0.5662  0.2512  1.6649  3.2847
  4.4693  1.7454  0.3515  1.9909 13.3021
  5.2532  3.4931  0.2400  2.9964 31.0792
  5.0398  2.9164  0.9196  0.8541 24.9919
  5.1763  2.9652  0.1347  0.9754 25.4998
  5.1188  3.6916  0.3524  3.0521 33.2112
  6.0073  0.8681  0.2403  0.0670  5.5651
  5.3217  3.7265  0.0685  2.4824 33.5879
  4.9049  3.0789  0.7397  2.7279 26.6892
  5.1493  1.0765  0.6231  2.6448  7.2790
  5.2136  1.3069  0.9179  1.7354  9.2762
  4.6176  2.7321  0.2975  1.9349 23.0853
  5.1709  1.2356  0.8313  0.8031  8.6477
  5.5552  3.7120  0.3934  1.1261 33.4309
  5.6197  1.8261  0.8355  1.4289 14.0693
  6.1122  1.0193  0.2554  0.6643  6.7993
  5.4814  4.4456  0.3372  1.9982 41.4541
  5.7802  1.3653  0.0720  2.2499  9.7965
  4.8964  2.6614  0.0961  0.5043 22.3596
  5.0300  3.2265  0.8365  1.5752 28.2440
  5.5275  1.7716  0.8161  1.3361 13.5503
  4.7923  4.2495  0.6144  1.9742 39.2900
  4.9534  1.9370  0.5188  0.8644 15.1343
  4.7305  1.1313  0.9051  0.2817  7.7449
  4.2913  1.7367  0.3749  1.6917 13.2200
  3.5357  4.1139  0.3467  1.1457 37.8022
  5.0679  1.6856  0.4249  1.4171 12.7379
  4.7753  1.7384  0.5672  2.3665 13.2353
  6.2476  2.5173  0.4375  1.8392 20.8896
  4.9339  2.4825  0.7357  1.9087 20.5369
  5.9389  2.4091  0.3483  0.7697 19.7961
  4.5975  4.4423  0.6595  0.9036 41.4178
  5.2519  3.4260  0.7447  1.6222 30.3621
  5.0063  2.1953  0.7865  1.3692 17.6613
  5.7586  0.8858  0.1222  0.9980  5.7067
  6.2817  2.5491  0.5785  1.3151 21.2131
  5.3066  1.7258  0.6582  1.8157 13.1169
  5.1161  2.8245  0.9326  0.6520 24.0384
  5.3594  4.2749  0.7763  2.1454 39.5699
  5.5567  2.0659  0.5008  0.4791 16.3880
  4.3048  3.8772  0.0103  1.7065 35.2194
