  5.2623  1.1541  0.9805  0.8353  7.9409
  4.9465  1.7985  0.9833  1.5061 13.8059
  4.9281  3.3064  0.9693  0.8533 29.0896
  5.6727  2.8486  0.9954  1.8808 24.2884
  5.2643  1.6279  0.9798  1.0449 12.1983
  6.0330  2.9931  0.9692  2.5049 25.7910
  5.2446  1.9197  0.9763  1.4259 14.9670
  4.9964  4.2979  0.9796  0.6649 39.8230
  4.6663  3.6745  0.9862  1.3707 33.0269
  5.5699  3.7708  0.9809  2.2146 34.0668
  4.6770  1.7009  0.9718  0.3065 12.8818
  4.7916  3.0700  0.9909  1.4164 26.5964
  5.1847  3.6990  0.9698  0.1907 33.2908
  4.3645  1.0699  0.9710  0.8468  7.2236
  5.4983  2.5130  0.9899  2.5451 20.8462
  5.2920  1.8449  0.9847  1.5817 14.2491
  4.7229  3.7139  0.9702  1.0840 33.4514
  5.1187  2.4252  0.9960  0.4455 19.9583
  4.9475  4.4396  0.9933  0.5530 41.3874
  4.7353  2.4045  0.9880  1.8244 19.7498
  5.5124  0.2646  0.9915  1.9105  1.3341
  5.5491  2.0276  0.9877  0.4850 16.0141
  5.6265  1.2492  0.9741  1.8758  8.7673
  3.7937  3.5927  0.9827  0.4685 32.1470
  4.1530  1.8507  0.9793  1.4094 14.3041
  5.9368  2.2232  0.9969  1.3641 17.9383
  5.2078  4.0277  0.9901  0.7540 36.8587
  4.9672  1.5938  0.9870  1.2357 11.8813
  4.6198  4.2239  0.9861  2.7609 39.0081
  4.2541  1.6714  0.9731  1.7909 12.6051
  5.2906  3.0346  0.9880  0.6335 26.2249
  5.0531  2.2661  0.9876  1.7057 18.3645
  4.5386  2.2318  0.9940  0.6389 18.0238
  4.9461  3.5402  0.9916  1.7766 31.5829
  4.9978  2.7496  0.9840  2.4534 23.2655
  4.9155  1.9656  0.9897  2.0760 15.4107
  5.2209  1.0821  0.9812  2.0713  7.3267
  5.4027  3.6182  0.9729  0.7894 32.4203
  4.8896  1.8496  0.9712  0.3467 14.2933
  6.0175  3.2191  0.9754  1.3570 28.1654
  4.6288  3.1433  0.9805  1.0304 27.3659
  4.1666  3.6314  0.9765  2.8542 32.5630
  5.2438  2.0477  0.9865  0.8343 16.2103
  4.9184  3.7846  0.9980  0.1544 34.2156
  4.9450  1.6069  0.9853  2.5051 12.0032
  4.8668  2.7701  0.9846  0.7365 23.4767
  5.6562  2.6676  0.9672  1.2430 22.4222
  4.8537  0.6133  0.9822  0.7173  3.6219
  4.8068  1.5800  0.9711  0.4510 11.7534
  3.9056  4.3097  0.9832  0.9142 39.9530
  4.5836  1.1378  0.9746  1.8226  7.8006
  5.5550  2.7991  0.9780  0.9220 23.7755
  5.5771  2.2690  0.9899  1.5967 18.3931
  5.9842  3.6953  0.9799  0.1838 33.2515
  5.2133  1.4583  0.9730  0.6347 10.6359
  5.1967  2.3224  0.9899  1.8307 18.9264
  5.1813  3.0366  0.9690  1.6324 26.2462
  4.6259  2.9635  0.9932  2.7503 25.4819
  3.7779  0.9778  0.9732  1.8249  6.4551
  5.3620  2.0713  0.9899  0.6498 16.4407
  6.3410  2.7335  0.9793  0.7508 23.0996
  3.7193  1.2737  0.9833  1.1432  8.9824
  5.5329  4.0760  0.9919  2.2116 37.3868
  4.8418  1.2176  0.9689  1.1339  8.4910
  5.0743  2.6093  0.9933  1.4409 21.8259
  3.8281  1.4763  0.9682  1.2710 10.8004
  5.7688  4.0880  0.9774  2.6181 37.5187
  4.7910  3.3832  0.9885  0.4700 29.9060
  5.0918  1.6354  0.9911  0.6725 12.2684
  5.8333  4.2566  0.9968  2.0005 39.3679
  4.3663  3.0754  0.9814  1.8076 26.6525
  4.1131  2.6019  0.9773  1.0434 21.7505
  5.7876  2.3881  0.9746  1.4503 19.5847
  5.4075  3.6034  0.9850  0.2621 32.2614
  4.6765  3.6800  0.9980  0.9540 33.0860
  5.6794  2.4941  0.9862  0.9281 20.6553
  4.8960  0.7567  0.9873  2.5430  4.6925
  4.0350  3.7464  0.9721  1.3570 33.8026
  4.7337  2.7070  0.9875  1.9314 22.8272
  5.5335  3.3296  0.9831  2.3421 29.3357
  5.1084  1.9504  0.9735  1.3052 15.2640
  5.3778  2.6146  0.9766  1.9904 21.8808
  5.1989  1.3180  0.9755  1.2658  9.3740
  4.4874  3.1475  0.9702  1.6564 27.4105
  4.4763  1.5912  0.9892  1.7699 11.8569
  5.6207  1.9968  0.9772  0.6720 15.7140
  5.3830  2.5609  0.9966  0.8555 21.3334
  5.3871  2.1727  0.9882  0.3972 17.4377
  4.8674  1.9549  0.9712  0.6611 15.3075
  5.2863  2.6272  0.9740  1.1987 22.0094
  4.9716  2.3143  0.9667  1.2972 18.8452
  6.1560  2.8816  0.9813  2.0296 24.6306
  5.5410  4.0354  0.9688  0.4751 36.9433
  5.1577  2.5351  0.9943  0.6610 21.0703
  5.4937  1.0617  0.9764  1.8461  7.1543
  6.0206  3.0682  0.9743  2.3173 26.5776
  4.8738  1.7685  0.9790  2.1063 13.5211
  4.8164  0.9960  0.9723  1.0088  6.6053
  4.3904  4.4229  0.9893  0.6911 41.2026
  5.5370  4.4069  0.9851  1.6917 41.0264
  5.8045  1.1912  0.9733  1.0200  8.2610
  4.7221  4.3067  0.9722  2.5192 39.9203
  5.1551  3.9522  0.9980  0.7957 36.0358
  4.0662  2.2593  0.9770  0.4941 18.2970
  4.8397  1.4358  0.9853  1.1467 10.4318
  5.1348  1.8421  0.9883  1.9476 14.2218
  5.5851  3.6225  0.9703  0.3701 32.4670
  5.7923  2.7527  0.9800  1.1606 23.2972
  5.6779  3.4367  0.9765  2.2597 30.4766
  4.8631  3.1598  0.9694  0.2194 27.5397
  4.8174  2.9333  0.9866  1.3868 25.1679
  5.5605  3.2706  0.9895  0.3939 28.7102
  4.0597  3.9011  0.9786  1.7943 35.4796
  5.2295  2.4976  0.9845  1.5722 20.6905
  5.8679  1.9902  0.9743  1.4195 15.6502
  4.4355  2.6875  0.9730  0.5889 22.6271
  5.3206  2.9507  0.9971  1.0121 25.3494
  4.7209  3.4036  0.9699  0.5967 30.1237
  5.5686  3.4756  0.9971  0.8835 30.8922
  3.7382  3.1187  0.9980  0.6344 27.1077
  5.1802  3.5256  0.9833  2.0753 31.4265
  4.6763  2.3715  0.9979  1.1881 19.4184
  5.1896  4.4445  0.9686  3.0169 41.4416
  5.0385  1.2963  0.9851  0.1310  9.1824
  4.7915  3.6007  0.9852  1.9793 32.2328
  5.4274  1.5000  0.9884  1.5347 11.0167
  5.3031  1.6506  0.9910  1.0981 12.4105
  4.7945  1.2041  0.9980  0.8680  8.3732
  5.2449  3.0410  0.9967  2.0785 26.2917
  5.0219  3.6882  0.9684  1.5886 33.1740
  4.3130  2.4110  0.9980  1.0624 19.8154
  5.2755  3.8173  0.9831  0.5753 34.5699
  6.5225  2.9686  0.8191  1.6623 25.5360
  5.8477  2.2492  0.9790  0.2231 18.1967
  4.7054  3.5821  0.9973  0.6556 32.0324
  5.0997  1.0236  0.9776  1.3343  6.8353
  3.7104  2.2332  0.9726  0.3096 18.0378
  5.2230  0.8093  0.9097  0.7272  5.1002
  5.5782  1.5107  0.9669  1.9703 11.1149
  4.8379  3.9317  0.9795  2.2822 35.8124
  4.8835  0.6910  0.9909  2.1813  4.1937
  5.2334  1.3486  0.9883  0.6108  9.6471
  5.4446  3.8979  0.9829  1.2294 35.4447
  4.5808  1.9726  0.9734  1.1625 15.4789
  4.7518  2.5981  0.9894  0.5949 21.7124
  4.8243  3.2542  0.9873  1.1485 28.5365
  5.5538  1.2275  0.9770  0.8586  8.5769
  6.0668  4.3364  0.9755  1.1214 40.2475
  3.7660  2.7643  0.9741  1.5821 23.4168
  4.4396  1.6633  0.9869  0.5105 12.5296
  5.3293  2.7970  0.9859  0.6694 23.7537
  5.7010  0.2498  0.9843  0.4251  1.2492
  5.1988  2.4393  0.9670  3.0463 20.1005
  4.0116  0.6598  0.9902  1.0086  3.9619
  5.6606  3.9994  0.9920  0.7030 36.5504
  5.1590  2.0976  0.9795  2.0025 16.6984
  5.0418  2.8185  0.9790  2.5052 23.9767
  5.3072  3.1010  0.9887  1.4132 26.9217
  6.6156  1.6259  0.8393  0.4702 12.1795
  4.8319  3.2442  0.9732  0.9656 28.4304
  5.2838  3.6809  0.9791  1.1664 33.0955
  3.7727  2.1566  0.9726  0.6522 17.2793
  5.0450  3.9914  0.9956  0.6498 36.4629
  4.8286  2.3754  0.9804  0.1524 19.4577
  4.6650  3.4458  0.9916  1.9043 30.5733
  5.4497  1.0430  0.9708  0.5141  6.9973
  6.4800  3.8524  0.9862  0.5276 34.9507
  4.6960  1.3138  0.9927  0.2946  9.3375
  4.4578  3.1391  0.9672  2.0429 27.3221
  5.9599  2.9521  0.9936  1.5986 25.3631
  4.6764  1.5897  0.9833  1.5272 11.8434
  5.4323  3.1255  0.9691  0.6194 27.1791
  5.4993  2.1517  0.9767  1.3077 17.2307
  5.1709  1.3067  0.9980  0.8836  9.2744
  4.5059  1.4086  0.9730  0.9996 10.1862
  5.3914  4.3676  0.9954  0.3796 40.5914
  5.4429  3.3665  0.9977  1.9516 29.7277
  4.4622  4.2222  0.9817  0.1182 38.9904
  5.4935  2.7116  0.9971  0.5041 22.8741
  5.1177  4.1076  0.9964  1.8560 37.7332
  4.7817  1.4445  0.9939  1.2642 10.5111
  5.5060  1.6920  0.9969  1.3399 12.7981
  5.6406  0.4678  0.9976  2.2984  2.6064
  6.1656  3.8213  0.9830  1.0212 34.6137
  4.7671  3.1612  0.9941  0.8939 27.5548
  6.6784  3.6929  0.6925  1.9096 33.2251
  5.4054  3.0704  0.9926  1.9333 26.6005
  4.7652  3.6567  0.9903  1.2647 32.8345
  5.4262  3.0388  0.9714  0.9829 26.2693
  5.3769  0.6330  0.9856  1.5190  3.7653
  5.2135  2.9468  0.9696  1.1883 25.3087
  5.7792  3.3457  0.9821  1.4508 29.5071
  4.3112  3.3079  0.9881  0.8604 29.1054
  4.6122  3.1362  0.9684  1.5852 27.2914
  4.4508  3.2624  0.9853  1.4337 28.6238
  5.1655  1.2855  0.9980  1.0012  9.0865
  5.8550  3.5937  0.9903  0.9179 32.1568
  5.0985  4.4046  0.9912  0.4582 41.0006
