  6.8977  3.0975  0.9831  0.0715 26.8848
  5.8207  2.0429  0.9789  2.8758 16.1631
  6.1100  2.8984  0.9880  1.7039 24.8044
  6.4764  3.9191  0.9704  0.2994 35.6757
  5.5085  3.1692  0.9690  0.4319 27.6394
  5.6868  1.2444  0.9977  1.3864  8.7245
  5.1902  3.3271  0.9671  0.3651 29.3092
  6.4957  2.2516  0.9304  2.1169 18.2206
  6.4339  3.6107  0.9259  1.6213 32.3403
  5.2711  4.4049  0.9810  0.8212 41.0038
  5.6448  3.5219  0.9767  1.8520 31.3873
  5.7060  0.7189  0.9690  1.6662  4.4040
  6.3957  2.6933  0.9866  2.2443 22.6867
  5.0735  1.5389  0.9910  1.9229 11.3735
  5.1914  0.5808  0.9689  0.6297  3.3883
  5.6392  2.2674  0.9750  2.5181 18.3773
  5.8632  3.1922  0.9980  1.8151 27.8817
  5.7292  3.5325  0.9838  1.3050 31.5010
  5.8186  1.7482  0.9732  1.8909 13.3282
  4.8059  4.4821  0.9861  1.5827 41.8589
  6.3473  3.9592  0.9807  1.5900 36.1115
  5.4944  1.3094  0.9687  0.8151  9.2979
  6.7266  2.8824  0.8494  1.6353 24.6382
  5.6802  2.3443  0.9950  0.4167 19.1452
  5.0627  3.1197  0.9863  2.0005 27.1179
  6.1121  2.3121  0.9914  1.1272 18.8234
  5.0213  3.3686  0.9718  0.7476 29.7503
  4.7762  4.0149  0.9816  0.5177 36.7196
  5.6637  4.4055  0.9770  0.8666 41.0101
  6.1468  2.9284  0.9692  0.4246 25.1166
  5.9353  1.4630  0.9724  1.9573 10.6793
  6.4654  3.1478  0.9937  1.6052 27.4133
  6.1101  2.2168  0.9904  1.5947 17.8749
  5.2537  2.7231  0.9973  0.0860 22.9925
  5.2126  2.2267  0.9772  1.3338 17.9725
  6.5297  1.3828  0.6854  2.2923  9.9533
  4.6883  2.1223  0.9871  1.2990 16.9415
  6.7544  2.2996  0.5894  0.9188 18.6988
  5.5221  2.1064  0.9825  2.6356 16.7847
  6.1564  3.2933  0.9878  1.2927 28.9512
  6.2270  0.4535  0.9910  1.5178  2.5113
  6.7510  2.2331  0.6630  2.4615 18.0360
  5.6417  3.9875  0.9833  0.6004 36.4204
  5.8028  1.2972  0.9721  0.8010  9.1901
  5.5877  4.0187  0.9724  0.5879 36.7610
  6.8074  2.1480  0.5098  2.4312 17.1944
  5.2305  2.9073  0.9928  0.7126 24.8969
  5.7966  2.2914  0.9800  2.4065 18.6170
  5.3651  4.2407  0.9835  2.2381 39.1930
  5.4931  3.8220  0.9977  1.2844 34.6214
  5.4027  2.4909  0.9804  0.9562 20.6228
  6.4382  1.1678  0.9498  0.2642  8.0585
  6.5703  1.5027  0.9181  1.4088 11.0417
  6.4899  3.6355  0.8714  1.7774 32.6067
  6.7982  2.7311  0.6959  2.5264 23.0743
  5.9065  3.0100  0.9876  2.1594 25.9678
  5.7800  3.2023  0.9835  2.1618 27.9881
  5.0796  2.1083  0.9797  2.8471 16.8039
  6.0041  1.3922  0.9905  1.0364 10.0382
  6.2913  3.9930  0.9917  1.6249 36.4807
  5.6111  2.7387  0.9835  2.0146 23.1531
  5.6281  1.8307  0.9937  1.7700 14.1128
  5.9576  1.0195  0.9978  0.9470  6.8008
  6.4269  1.6957  0.9840  0.9873 12.8331
  6.1980  2.4853  0.9707  1.8975 20.5657
  5.1614  2.9331  0.9891  2.7827 25.1656
  5.8530  1.6875  0.9886  1.1820 12.7562
  5.5144  1.0832  0.9912  1.4625  7.3360
  6.4510  0.9285  0.9507  1.5902  6.0518
  5.6667  3.8891  0.9680  0.4833 35.3495
  6.3023  2.3703  0.9843  0.9086 19.4061
  5.9205  1.6545  0.9876  0.7812 12.4469
  5.6077  1.8635  0.9851  2.2459 14.4265
  5.2162  2.3694  0.9925  2.9245 19.3973
  5.6647  1.3272  0.9980  1.8543  9.4566
  5.9838  0.6406  0.9960  2.0747  3.8203
  5.0092  2.7975  0.9900  0.7062 23.7591
  6.7256  0.6461  0.9854  1.1511  3.8606
  6.4563  2.8754  0.9562  1.8400 24.5659
  5.1161  2.3504  0.9727  0.7576 19.2072
  6.0113  2.0156  0.9795  0.8218 15.8968
  6.0721  2.5751  0.9819  2.4301 21.4778
  5.4918  3.1025  0.9821  0.1728 26.9377
  5.9956  4.3387  0.9816  1.9167 40.2731
  6.0736  4.2167  0.9747  1.8924 38.9295
  5.9255  3.6211  0.9758  1.9087 32.4517
  5.1831  3.2361  0.9673  1.0915 28.3453
  5.7636  2.1926  0.9775  1.8726 17.6346
  6.2859  1.3684  0.9796  1.9388  9.8244
  4.9133  4.2686  0.9763  0.6343 39.5002
  5.4492  2.1424  0.9738  1.1012 17.1388
  5.8438  2.0234  0.9714  0.4661 15.9730
  6.7802  1.8551  0.9851  1.9101 14.3465
  5.8614  1.6374  0.9683  0.9961 12.2869
  5.4585  1.0570  0.9819  2.6057  7.1150
  5.2649  2.6087  0.9706  0.2907 21.8206
  4.0937  2.4532  0.9771  0.7019 20.2412
  5.4061  2.9624  0.9814  0.7911 25.4711
  4.8890  4.0136  0.9756  1.2622 36.7048
  6.3035  1.6594  0.9834  1.5523 12.4931
  5.6037  2.4446  0.9787  0.6766 20.1540
  5.1741  1.6161  0.9838  1.2416 12.0881
  6.1688  1.8816  0.9671  0.5392 14.6004
  6.9481  4.0464  0.3869  1.2363 37.0638
  6.2982  1.3173  0.9867  0.9199  9.3686
  5.9153  3.0228  0.9806  1.3545 26.1012
  5.1269  2.7298  0.9839  0.9868 23.0616
  5.9198  3.7315  0.9692  0.8299 33.6415
  5.6757  1.3724  0.9799  0.9747  9.8604
  6.5013  3.6041  0.7665  1.8388 32.2685
  6.0350  1.8947  0.9955  2.3428 14.7266
  5.9099  1.7513  0.9855  2.4446 13.3577
  5.9478  1.8904  0.9758  0.2886 14.6852
  5.9717  1.6088  0.9749  0.5869 12.0209
  4.2349  3.3062  0.9882  0.3398 29.0872
  5.7769  2.7565  0.9800  1.0871 23.3363
  5.8639  1.1407  0.9911  0.9381  7.8260
  5.7861  2.5163  0.9869  0.3323 20.8794
  6.4495  2.7083  0.9735  0.1970 22.8408
  6.0446  1.2265  0.9888  1.2727  8.5683
  6.5853  3.3774  0.8921  1.9866 29.8446
  5.1913  2.8054  0.9848  1.7982 23.8413
  6.7788  1.2318  0.9980  2.1101  8.6145
  6.0106  2.8959  0.9729  1.3579 24.7790
  5.9885  2.0982  0.9698  0.9172 16.7040
  6.4948  2.2864  0.9862  1.1836 18.5668
  5.3715  2.6833  0.9679  1.9859 22.5833
  6.7444  0.6477  0.6995  1.2321  3.8726
  5.5385  3.3373  0.9773  1.1169 29.4181
  4.5544  2.5275  0.9676  0.4876 20.9939
  6.8421  2.0699  0.4769  2.8167 16.4270
  5.1244  1.8892  0.9962  1.4172 14.6734
  6.1073  0.6202  0.9696  0.2943  3.6721
