  5.0977  3.5075  0.3831  1.1537 31.2331
  5.1366  2.0278  0.6627  2.8758 16.0161
  4.9100  3.2784  0.6213  1.7039 28.7927
  4.0764  4.4291  0.4371  2.1647 41.2719
  5.2355  1.3814  0.9289  1.3864  9.9406
  5.1902  3.7571  0.7004  0.3651 33.9181
  3.9957  2.5616  0.3971  2.1169 21.3405
  5.6339  4.0807  0.7259  2.6667 37.4386
  5.4622  3.7164  0.3234  1.6213 33.4791
  5.2352  1.9177  0.4149  0.6029 14.9481
  4.4552  2.5559  0.6079  0.1122 21.2821
  4.7626  2.8453  0.1701  2.2443 24.2538
  5.5735  1.7189  0.8244  1.9229 13.0513
  5.3914  0.6208  0.4023  1.3678  3.6761
  4.8250  3.8114  0.2597  2.5181 34.5060
  4.7632  3.6122  0.2991  1.8151 32.3563
  5.1292  3.9925  0.0171  1.3050 36.4752
  5.2186  1.9682  0.8732  1.8909 15.4361
  5.7506  3.5769  0.8837  1.5827 31.9771
  4.9473  4.4692  0.4141  1.5900 41.7151
  4.8944  1.4594  0.9687  0.8151 10.6460
  5.1266  3.2624  0.7828  1.6353 28.6232
  5.3802  2.6543  0.7617  0.4167 22.2861
  5.3627  3.5197  0.5530  2.0005 31.3636
  5.3121  2.6221  0.8247  1.1272 21.9571
  6.3213  3.7986  0.3718  1.5507 34.3672
  5.0664  3.8216  0.4075  1.7128 34.6171
  5.6666  4.4754  0.4649  0.8666 41.7840
  5.4468  3.3084  0.2359  0.9548 29.1109
  5.5053  3.2869  0.2885  1.6052 28.8825
  4.9101  2.5168  0.9571  1.5947 20.8852
  5.4537  3.0731  0.0973  0.0860 26.6286
  5.8126  2.5167  0.5772  1.3338 20.8836
  4.8297  1.5528  0.5854  2.2923 11.5018
  4.9883  2.4023  0.9871  1.2990 19.7282
  5.4544  2.6096  0.0894  1.2110 21.8297
  5.3474  3.3409  0.2986  2.6356 29.4563
  5.5564  3.7233  0.4545  1.2927 33.5535
  5.6270  0.4835  0.7910  1.5178  2.7124
  6.0510  2.5331  0.7963  2.4615 21.0500
  4.6417  4.4975  0.5166  0.6004 42.0291
  5.0028  1.4472  0.1054  2.7422 10.5354
  5.1735  2.5486  0.2215  0.5879 21.2083
  5.4074  2.4380  0.6431  2.4312 20.0877
  5.7305  3.2773  0.8595  0.7126 28.7810
  4.4966  2.6014  0.0133  2.4065 21.7461
  5.3177  3.6883  0.4644  1.2844 33.1751
  4.9027  2.8209  0.7137  0.9562 24.0016
  5.3382  1.2978  0.1164  1.4088  9.1950
  4.0899  4.1155  0.1714  1.7774 37.8192
  5.4982  3.0911  0.3292  2.5264 26.8169
  5.4065  3.4000  0.0876  2.1594 30.0848
  4.8800  3.6223  0.0501  2.1618 32.4646
  4.3796  2.3883  0.8130  2.8471 19.5874
  4.3041  1.5622  0.3905  1.0364 11.5890
  3.6508  3.0377  0.8661  1.6249 26.2572
  4.1111  3.0987  0.4502  2.0146 26.8973
  5.6281  2.0607  0.5270  1.7700 16.3370
  5.6576  1.1195  0.2978  0.9470  7.6444
  4.8269  1.9157  0.2840  0.9873 14.9287
  5.4980  2.8153  0.1707  1.8975 23.9433
  4.7614  3.3131  0.4224  2.7827 29.1609
  5.3530  1.8975  0.3886  1.1820 14.7535
  5.4144  1.1932  0.2912  1.4625  8.2787
  5.5510  1.0185  0.1174  1.5902  6.7925
  4.7667  4.3891  0.6680  1.4771 40.8296
  3.9529  0.7098  0.5230  0.9086  4.3355
  4.8205  1.8645  0.1209  2.5866 14.4366
  5.3790  0.9764  0.5546  0.7812  6.4441
  5.0077  2.1035  0.1851  2.2459 16.7561
  5.4162  2.6794  0.2592  2.9245 22.5437
  5.4647  1.4772  0.7660  1.8543 10.8087
  5.5838  0.6906  0.3626  2.0747  4.1907
  5.0092  3.1575  0.8900  0.7062 27.5155
  4.8256  0.7061  0.9187  1.1511  4.3071
  4.7563  3.2554  0.7895  1.8400 28.5495
  5.2161  2.6604  0.1727  0.7576 22.3495
  4.7113  2.2856  0.5461  2.1695 18.5587
  5.3444  1.9153  0.1574  1.6081 14.9249
  3.8050  4.0067  0.6639  0.8011 36.6302
  5.0581  2.2206  0.8047  1.9167 17.9118
  5.3255  4.0911  0.0758  1.9087 37.5520
  4.9831  3.6561  0.1006  1.0915 32.8286
  5.5636  2.4826  0.8441  1.8726 20.5381
  5.5859  1.5284  0.2796  1.9388 11.2774
  5.8492  2.4224  0.9072  1.1012 19.9300
  4.7438  2.2934  0.7047  0.4661 18.6367
  5.8802  2.0951  0.3184  1.9101 16.6742
  5.8614  1.8374  0.3016  0.9961 14.1769
  4.7585  1.1670  0.0153  2.6057  8.0522
  5.1649  2.9487  0.1373  0.2907 25.3284
  5.3937  2.7732  0.2438  2.0022 23.5086
  4.7441  1.8425  0.9357  1.1237 14.2259
  5.0262  2.4425  0.1678  1.5523 20.1329
  5.9037  2.7646  0.4454  0.6766 23.4195
  4.5741  1.8161  0.5838  1.2416 13.9731
  3.7688  2.1316  0.6671  0.5392 17.0326
  4.7415  3.5856  0.0973  1.2363 32.0702
  6.9982  1.4673  0.6534  0.9199 10.7184
  6.9153  3.4128  0.1806  1.3545 30.2208
  5.3269  3.0798  0.4506  2.5033 26.6991
  5.4045  2.1200  0.2769  2.5486 16.9185
  5.2075  1.4326  0.7159  0.7647 10.4032
  4.6893  1.7631  0.0503  2.4734 13.4696
  5.5994  2.4570  0.3220  1.8388 20.2797
  4.4350  2.1447  0.8622  2.3428 17.1619
  5.6099  1.9713  0.4855  2.4446 15.4664
  3.9478  2.1404  0.7758  0.2886 17.1195
  5.1717  1.8088  0.4416  0.5869 13.9043
  4.3349  3.7362  0.2548  0.3398 33.6920
  4.9769  3.1165  0.8466  1.0871 27.0842
  5.7639  1.2607  0.2578  1.7868  8.8683
  5.2496  1.2087  0.6559  0.9381  8.4136
  5.6861  2.8463  0.3202  0.3323 24.2637
  4.8495  3.0683  0.1402  0.1970 26.5787
  4.9446  1.3665  0.4555  1.2727  9.8071
  3.7853  3.8274  0.2921  1.9866 34.6799
  5.2913  3.1654  0.3848  1.7982 27.5993
  6.5788  1.3718  0.3650  2.6283  9.8545
  5.5270  3.4962  0.1035  1.8618 31.1119
  5.2001  2.5538  0.0295  2.5617 21.2611
  5.9747  0.5513  0.8617  0.9172  3.1797
  5.1948  2.5964  0.4195  1.1836 21.6948
  4.9715  3.0333  0.8679  1.9859 26.2111
  4.8444  0.7077  0.5329  1.2321  4.3194
  5.7385  3.7673  0.4439  2.7537 34.0290
  6.0925  1.4468  0.4531  2.3659 10.5317
  6.0418  1.4637  0.4140  2.8167 10.6857
  5.0244  2.1292  0.4962  1.4172 17.0089
  5.3073  0.6702  0.6029  0.7371  4.0393
  5.1488  2.2948  0.8453  1.2931 18.6509
  5.3937  1.7170  0.6425  1.9922 13.0336
  4.5270  1.8629  0.3408  2.4971 14.4208
  5.8059  3.4087  0.0280  1.8866 30.1773
  3.5436  1.1996  0.4737  1.6947  8.3337
  5.0045  2.3477  0.2010  0.7696 19.1792
  5.2109  2.3579  0.2200  2.2875 19.2824
  5.5631  1.3061  0.6717  2.0571  9.2687
  4.9932  3.4559  0.6510  0.8155 30.6809
  6.4113  2.0485  0.9799  1.5356 16.2176
  5.0041  1.9258  0.1030  0.7113 15.0264
  4.4217  4.0402  0.1267  1.5503 36.9961
  5.2375  0.5793  0.5586  2.0283  3.3775
  5.2912  3.4186  0.8221  0.4306 30.2836
  4.0035  1.1721  0.0082  1.0491  8.0963
  4.5659  2.1735  0.1648  0.1898 17.4462
  5.2926  2.8794  0.8794  1.3622 24.6073
  4.8246  3.7738  0.0129  1.5080 34.0994
  4.4432  3.5033  0.8593  1.3999 31.1882
  4.6339  1.9852  0.9224  1.6173 15.6017
  5.2384  0.8578  0.8804  0.2723  5.4831
  4.4449  1.6074  0.6381  1.2186 12.0080
  5.1404  1.8797  0.6755  0.6813 14.5823
  5.1455  3.3919  0.6342  1.4693 29.9988
  5.6623  1.1391  0.3015  1.2722  7.8116
  5.1154  2.4548  0.1755  2.0625 20.2575
  4.1782  2.3457  0.4060  1.4159 19.1599
  4.7878  3.8590  0.1801  0.8147 35.0224
  5.2500  2.7032  0.0195  2.9826 22.7883
  5.9884  1.6929  0.9630  0.3092 12.8071
  5.3497  2.8230  0.3195  0.8292 24.0225
  5.2120  1.8302  0.1097  1.8409 14.1081
  4.9043  1.3295  0.5511  0.8807  9.4767
  6.9124  3.5028  0.9843  1.9995 31.1828
  5.7873  1.5931  0.9631  1.2838 11.8746
  3.6354  1.1782  0.3752  1.1118  8.1489
  5.2452  3.4277  0.6586  1.3630 30.3804
  5.8048  1.4528  0.8640  1.2960 10.5861
  4.4726  3.6790  0.2875  1.2051 33.0754
  4.4862  2.6954  0.0570  2.1673 22.7079
  5.4269  1.5404  0.0011  1.3003 11.3878
  6.1303  3.1396  0.9577  0.3660 27.3270
  4.2645  3.6693  0.4561  1.1809 32.9708
  5.4084  1.3010  0.0646  1.4173  9.2239
  6.9876  0.6056  0.2614  2.2796  3.5664
  5.0523  3.2669  0.4901  1.1352 28.6714
  4.8457  2.0288  0.8359  0.6451 16.0260
  5.5411  3.3478  0.6053  1.0967 29.5292
  4.0927  3.8717  0.4421  0.7568 35.1604
  4.9326  3.7772  0.2908  1.4202 34.1355
  4.2027  2.7156  0.1139  1.0805 22.9153
  6.1294  2.6512  0.8557  1.5032 22.2545
  5.7691  0.7579  0.1671  0.3792  4.7013
  5.9301  2.7329  0.8299  2.5377 23.0929
  5.0212  3.7709  0.5853  2.8210 34.0671
  5.0968  4.4783  0.7639  2.4746 41.8165
  4.5922  0.7278  0.3693  1.1823  4.4720
  5.5944  1.9647  0.5917  1.0906 15.4021
  5.7604  2.5595  0.0922  1.8082 21.3185
  4.4183  4.2134  0.9673  1.7625 38.8931
  4.7738  1.4306  0.0771  1.6145 10.3851
  5.4230  1.2053  0.6732  1.1145  8.3840
  3.9302  2.0721  0.0671  2.6718 16.4491
  4.7586  1.0698  0.2028  2.6402  7.2222
  5.8246  4.3467  0.2527  0.4583 40.3608
  5.8495  3.2544  0.5273  1.0924 28.5383
  5.6639  3.2031  0.5771  0.3573 27.9967
  4.4663  3.2533  0.2551  1.0882 28.5274
  6.1239  3.6297  0.9406  2.0837 32.5438
  4.1420  1.2664  0.5872  1.0396  8.9181
  5.9480  4.0236  0.2340  1.7318 36.8140
  5.5222  4.3936  0.4567  1.6121 40.8790
  4.1328  3.0034  0.1486  1.6717 25.8993
  4.9820  2.6741  0.9709  0.3320 22.4894
  4.7089  1.2948  0.0008  2.0266  9.1689
  4.3455  2.9002  0.0189  1.3298 24.8232
  5.1402  2.6353  0.3561  0.8887 22.0917
  4.9294  4.4578  0.6857  0.4276 41.5896
  4.9156  2.6784  0.0563  2.0203 22.5329
  4.8481  2.7749  0.2234  1.2850 23.5255
  3.7315  3.2885  0.6085  0.9973 28.8996
  5.0410  2.5708  0.7460  0.8495 21.4339
  5.8755  1.7400  0.5524  0.1343 13.2512
  4.6869  3.2231  0.7002  0.0892 28.2081
  3.7340  4.3543  0.9363  2.3599 40.4451
  5.4872  0.9991  0.1599  1.1896  6.6315
  4.5292  0.8172  0.3900  1.7816  5.1622
  4.9351  1.9759  0.6916  1.1216 15.5113
  4.7488  1.8095  0.9980  1.2961 13.9105
  5.4904  3.3511  0.2329  0.9059 29.5644
  5.8728  2.3986  0.0505  2.6590 19.6909
  4.3202  0.5391  0.4319  1.5472  3.0946
  5.0097  3.0465  0.9644  2.0268 26.3502
  6.0300  2.4929  0.3262  2.0638 20.6422
  3.7667  2.6218  0.6136  2.7551 21.9545
  4.3554  3.9282  0.9436  1.8421 35.7745
  4.9154  3.4217  0.4824  0.6770 30.3160
  5.2654  1.4279  0.7888  1.9321 10.3599
  6.0212  3.3566  0.0782  1.2695 29.6229
  3.9039  1.2017  0.2856  0.8640  8.3520
  6.0571  2.8142  0.6278  2.1569 23.9314
  5.3751  1.9473  0.2612  1.9165 15.2335
  4.4041  3.3745  0.6820  1.6397 29.8134
  5.1277  2.9452  0.4963  0.7341 25.2914
  5.1183  2.6830  0.6388  1.4967 22.5807
  3.8406  3.1604  0.4877  2.8077 27.5466
  5.6694  0.4402  0.9375  1.0031  2.4233
  5.0085  3.0728  0.6476  1.3084 26.6249
  5.1140  3.3192  0.3275  1.1447 29.2257
  5.4640  2.1044  0.7831  2.0415 16.7651
  5.0611  2.0493  0.9477  2.1178 16.2256
  4.5008  4.4841  0.7649  1.8760 41.8811
  5.2843  2.8026  0.7980  0.7125 23.8118
  4.3704  3.1773  0.3000  2.1361 27.7242
  5.5935  1.6160  0.6485  1.5517 12.0877
  5.7618  2.3262  0.9513  0.7492 18.9639
  5.1638  4.3225  0.2377  1.5679 40.0947
  5.5985  2.0569  0.6879  0.8872 16.2996
  5.7956  3.7346  0.1777  2.5271 33.6752
  5.2150  1.4801  0.9109  0.9371 10.8347
  5.0853  1.7125  0.0370  1.9822 12.9917
  4.5958  0.7925  0.7173  1.0711  4.9694
  5.6675  4.3569  0.1290  1.8909 40.4742
  5.3311  0.6274  0.0738  1.5427  3.7243
  5.3174  3.3870  0.4853  2.4753 29.9466
  5.2887  2.5742  0.4059  1.5053 21.4689
  5.1167  2.0283  0.4122  0.7316 16.0209
  5.7271  4.3483  0.9115  1.2302 40.3783
  4.0030  2.5116  0.3625  2.5302 20.8321
  5.2466  3.1517  0.9290  2.5372 27.4545
  4.9867  3.1653  0.4106  1.6097 27.5981
  4.8782  1.8605  0.2663  2.6182 14.3976
  5.8319  4.0848  0.4687  0.6251 37.4827
  5.4393  3.2936  0.2401  0.8121 28.9541
  4.6645  0.7504  0.0319  1.7299  4.6444
  5.2661  2.8977  0.8292  0.3571 24.7975
  4.6831  4.2561  0.6815  1.0503 39.3627
  5.1230  2.5870  0.2088  1.4420 21.5993
  4.3682  3.2217  0.5183  1.3469 28.1931
  5.2235  3.5547  0.5581  1.6011 31.7386
  5.1676  3.2509  0.4157  0.8685 28.5019
  6.1839  1.3909  0.4102  2.1144 10.0263
  5.2757  1.3280  0.3888  1.0229  9.4636
  4.4080  1.0754  0.7277  0.8963  7.2701
  5.0310  2.7803  0.7978  1.2974 23.5820
  5.0978  3.4895  0.1673  0.9284 31.0405
  3.9825  2.8816  0.5143  2.0863 24.6304
  5.6812  1.5536  0.9976  2.3326 11.5094
  6.0996  3.0549  0.2155  1.4445 26.4382
  5.3075  0.7086  0.6213  0.6044  4.3264
  5.1820  0.1856  0.5265  1.1064  0.8931
  6.9064  2.5844  0.5002  1.5684 21.5723
  4.5308  2.6940  0.2953  1.6849 22.6931
  5.3180  2.0879  0.5882  1.3377 16.6034
  5.1661  1.3458  0.8769  2.0851  9.6222
  4.7186  1.2054  0.1472  2.3853  8.3845
  5.1854  3.4457  0.8802  0.9371 30.5721
  5.3070  0.7704  0.2081  2.1570  4.7977
  5.9220  3.1721  0.5275  0.8449 27.6699
  4.0264  3.2300  0.4320  1.0273 28.2806
  5.3000  3.1033  0.9801  1.6411 26.9452
  5.2900  1.6317  0.5099  1.5775 12.2336
  4.9168  2.8325  0.7430  1.0256 24.1216
  5.8137  1.2427  0.5095  1.7074  8.7096
  5.3750  4.2455  0.1662  2.4956 39.2458
  5.6322  1.0855  0.0258  1.7803  7.3550
  5.5869  0.4316  0.9794  1.6596  2.3665
  4.5725  2.2192  0.1902  2.2632 17.8984
  4.4444  1.5375  0.6311  1.6189 11.3609
  4.5510  1.5489  0.8296  0.7936 11.4664
  5.4456  3.7247  0.1244  0.9347 33.5681
  5.4373  2.1050  0.6860  1.6185 16.7709
  4.8703  2.8007  0.0599  1.2593 23.7922
  6.6060  2.9299  0.3481  0.7027 25.1324
  4.8072  1.0420  0.2038  1.6158  6.9887
  5.2631  1.7819  0.7621  0.5789 13.6479
  5.0930  1.2546  0.1287  1.8936  8.8141
  5.2928  1.0847  0.0400  1.2899  7.3488
  5.1215  1.1816  0.2533  2.8253  8.1782
  5.3005  2.4923  0.9077  1.1040 20.6361
  4.6321  1.9255  0.7462  2.6860 15.0231
  5.0604  3.0890  0.1243  1.4408 26.7951
  5.1520  2.4405  0.7283  0.9937 20.1132
  5.3885  1.1396  0.0566  1.0424  7.8159
  4.6289  1.5128  0.4456  1.0049 11.1340
  4.7499  1.3035  0.0662  0.8988  9.2460
  5.1227  0.4108  0.2531  1.5651  2.2309
  5.1923  2.2759  0.9060  2.3476 18.4617
  5.4462  3.0412  0.7432  0.2194 26.2937
  5.9548  0.9471  0.5137  1.1687  6.2035
  6.8911  2.0766  0.7150  1.2694 16.4923
  5.2892  3.8809  0.3514  0.9007 35.2596
  5.0327  3.9490  0.8590  2.0021 36.0007
  4.1965  3.9001  0.1037  0.5208 35.4688
  4.2110  3.9348  0.7174  0.5687 35.8458
  4.6584  2.4879  0.5888  0.7755 20.5924
  4.3665  1.3750  0.1197  1.6974  9.8832
  5.1058  0.3843  0.5505  0.9472  2.0614
  4.8288  3.0573  0.7598  1.5228 26.4624
  4.5008  2.6142  0.1476  1.9414 21.8760
  5.6649  1.9486  0.1883  0.8610 15.2468
  5.7060  2.7434  0.0952  2.0589 23.2011
  4.1938  2.7258  0.0104  1.3364 23.0197
  6.0449  4.0874  0.2441  2.0165 37.5112
  5.2173  3.2376  0.4696  0.9861 28.3615
  4.7653  4.2391  0.6259  0.6536 39.1753
  5.1004  1.3287  0.2925  0.4210  9.4697
  6.5730  1.3798  0.1407  1.6635  9.9269
  5.9886  2.9035  0.8160  1.1242 24.8577
  4.3291  2.7023  0.0710  1.4428 22.7786
  5.1245  4.1231  0.7508  1.4221 37.9028
  5.8881  1.7366  0.4465  2.6003 13.2185
  5.3829  1.2166  0.7676  2.2298  8.4818
  4.2106  2.5064  0.7804  1.0042 20.7793
  5.1586  4.3914  0.9793  1.4017 40.8545
  4.1245  1.6424  0.3162  1.5737 12.3333
  5.2745  3.6421  0.3430  1.9795 32.6774
  3.7182  2.9601  0.3602  1.5420 25.4472
  4.7141  2.3783  0.9698  2.0599 19.4863
  5.2260  1.9172  0.5551  1.0464 14.9429
  5.3837  2.4513  0.7240  1.7371 20.2222
  4.2669  1.7840  0.9940  0.6060 13.6677
  4.8736  3.1183  0.2529  0.9277 27.1035
  5.4197  3.9076  0.2065  1.1953 35.5499
  5.9033  4.2101  0.7033  2.1762 38.8575
  5.1974  2.4801  0.9737  1.0118 20.5127
  4.8040  1.8767  0.7155  1.0620 14.5532
  5.4040  3.6511  0.2675  0.2769 32.7742
  5.3255  0.6276  0.1337  1.8701  3.7254
  4.9316  1.5657  0.5095  2.3334 11.6210
  4.4680  2.5712  0.8286  0.7112 21.4380
  5.0768  2.9380  0.9523  1.9732 25.2162
  6.4799  1.3440  0.9048  1.2816  9.6062
  5.2041  0.9541  0.4380  1.4542  6.2608
  5.3822  0.7473  0.9092  0.7139  4.6201
  5.1533  2.2664  0.4703  0.2311 18.3680
  5.6047  2.4221  0.8848  2.4398 19.9274
  4.6387  4.0763  0.3811  1.3447 37.3897
  4.1119  2.2916  0.5992  1.4049 18.6192
  4.9428  3.7686  0.7159  1.9805 34.0427
  4.6399  2.9958  0.3692  2.1397 25.8196
  5.1268  3.9828  0.0466  1.1193 36.3692
  4.9218  0.9080  0.2208  1.3922  5.8855
  4.0301  1.2740  0.3921  2.5115  8.9854
  5.4747  4.1931  0.0841  0.8170 38.6705
  4.0313  1.8903  0.6832  3.1098 14.6841
  3.8218  3.0550  0.3923  1.7945 26.4391
  6.6265  2.1989  0.6911  0.6882 17.6972
  5.4443  3.2461  0.2786  1.4448 28.4506
  4.0821  3.3474  0.2356  0.4416 29.5248
  4.3781  4.0244  0.0833  1.7869 36.8227
  3.8837  4.0106  0.4986  1.1376 36.6718
  5.5148  2.5305  0.0425  0.7721 21.0244
  5.1193  1.4260  0.6900  1.2639 10.3433
  5.9137  1.8461  0.2670  1.4594 14.2597
  5.0319  2.2033  0.1248  0.9199 17.7407
  5.1773  2.8757  0.0301  0.2412 24.5690
  5.7082  3.7709  0.7553  1.2031 34.0680
  6.2201  4.2294  0.6225  0.5993 39.0695
  4.0041  4.2649  0.2173  1.8784 39.4599
  4.4598  4.3984  0.2287  1.0528 40.9322
  5.2261  4.4825  0.3400  0.1762 41.8624
  5.4639  0.9498  0.5504  0.6829  6.2252
  5.0821  0.6346  0.5349  2.3927  3.7766
  5.1533  2.2820  0.3458  1.7977 18.5228
  5.3225  4.3037  0.5872  2.2426 39.8874
  5.6777  3.5405  0.8486  2.0294 31.5868
  5.2402  3.0811  0.7479  1.6589 26.7120
  3.9587  1.5129  0.6208  1.0200 11.1346
  5.3551  1.1641  0.6462  1.0874  8.0270
  5.3893  1.9068  0.9762  0.5374 14.8433
  5.3232  2.5499  0.6932  0.1420 21.2212
  5.0373  2.5322  0.7946  1.2974 21.0409
  5.3021  2.9776  0.5894  1.6803 25.6295
  5.4044  2.0196  0.5899  1.7489 15.9360
  4.7608  1.2303  0.4083  1.8023  8.6016
  5.1973  2.3285  0.3184  2.0962 18.9877
  5.3371  1.0723  0.8052  0.7287  7.2434
  5.5484  1.5170  0.4046  1.2962 11.1723
  5.0279  1.0912  0.9209  0.7759  7.4032
  4.9437  2.5070  0.5803  1.2584 20.7858
  5.1116  2.2976  0.4516  1.6215 18.6781
  5.2704  3.8231  0.7588  0.2391 34.6334
  5.0764  1.6798  0.0264  0.8823 12.6841
  3.8830  1.1843  0.5100  0.9965  8.2015
  5.3821  2.6968  0.7325  0.3896 22.7225
  4.3437  4.1502  0.4844  2.3836 38.1998
  4.5128  4.2587  0.5449  1.4998 39.3918
  4.4848  3.8278  0.2938  2.0840 34.6843
  4.4137  3.6080  0.6167  1.5129 32.3104
  5.9449  2.9828  0.0773  2.6609 25.6838
  5.2930  0.5372  0.9242  0.8034  3.0809
  5.6020  1.7285  0.0487  1.2478 13.1423
  6.9161  3.8709  0.6470  1.8708 35.1513
  5.6825  2.5397  0.7849  0.2409 21.1179
  3.5794  3.7451  0.2653  2.3204 33.7883
  6.4699  0.7284  0.1058  1.6042  4.4761
  4.4474  3.8796  0.7519  0.7806 35.2458
  5.3626  2.0823  0.1682  2.0319 16.5487
  5.1101  2.3800  0.7342  1.0916 19.5042
  6.9390  1.8384  0.4548  1.3506 14.1864
  4.6282  3.0466  0.1214  2.9169 26.3511
  3.9084  1.4909  0.9545  1.3315 10.9331
  5.1019  2.8547  0.8092  0.8949 24.3513
  5.9983  2.0639  0.9731  2.0931 16.3683
  5.3353  3.7292  0.0476  2.9127 33.6169
  5.2116  3.1245  0.8367  0.7502 27.1679
  4.8116  0.5643  0.9728  1.5958  3.2714
  5.6502  3.7940  0.5589  1.9479 34.3177
  4.8058  2.5993  0.9098  1.6185 21.7247
  5.2926  2.6471  0.5866  0.6133 22.2124
  5.2825  4.2462  0.0121  0.9427 39.2542
  5.1199  4.4620  0.4440  1.3366 41.6353
  5.4136  1.5528  0.8471  1.9003 11.5023
  4.8216  2.6203  0.8210  1.8865 21.9390
  5.6513  1.8063  0.1808  1.5780 13.8802
  4.9315  1.2364  0.5374  1.5823  8.6545
  5.4356  2.9358  0.1102  2.2012 25.1935
  4.7782  1.8880  0.1424  2.6609 14.6619
  4.8747  2.9835  0.3981  1.5026 25.6912
  5.4313  2.1101  0.6812  1.5270 16.8218
  3.6556  4.3376  0.4398  1.8613 40.2602
  5.1360  3.3393  0.9076  1.9085 29.4395
  5.9323  2.7484  0.1484  2.0821 23.2527
  5.0025  1.0703  0.8801  0.9704  7.2265
  5.9315  3.0372  0.9458  1.2725 26.2525
  4.9147  4.4361  0.5050  0.8409 41.3489
  3.5953  2.2431  0.0230  1.5555 18.1359
  5.2464  1.2024  0.8295  2.9116  8.3582
  5.6817  1.8910  0.2605  1.7853 14.6913
  6.7794  2.9500  0.7612  1.7730 25.3413
  5.0296  2.4592  0.8314  2.1774 20.3013
  5.1731  0.5428  0.4850  0.0988  3.1204
  3.7229  1.3505  0.7911  1.5110  9.6637
  5.6136  0.8855  0.8895  1.9552  5.7041
  3.5950  1.1254  0.3365  2.3667  7.6949
  4.4752  2.5988  0.7606  0.5092 21.7193
  5.6215  1.2280  0.7501  2.0853  8.5814
  4.4930  4.3749  0.8197  1.7280 40.6721
  4.3467  3.6435  0.2550  1.7143 32.6929
  5.2878  0.6198  0.4396  0.6412  3.6689
  5.5517  3.5211  0.4879  2.3147 31.3787
  5.2481  2.7532  0.8593  1.3037 23.3025
  4.8266  2.5625  0.1894  1.5709 21.3490
  3.6341  3.3657  0.6250  1.4391 29.7203
  4.9145  2.5045  0.3265  1.8461 20.7601
  5.2868  3.3038  0.2073  1.0284 29.0627
  4.4715  2.1284  0.1333  1.4573 17.0015
  4.9821  1.7134  0.4385  2.3550 13.0002
  5.0267  3.6461  0.0314  1.2566 32.7205
  5.7696  1.7641  0.7683  1.3855 13.4794
  5.1233  3.4753  0.0777  1.2957 30.8882
  5.2036  1.2423  0.1839  0.2482  8.7070
  5.8730  0.8955  0.7208  3.0574  5.7847
  5.3979  1.0483  0.6870  0.5055  7.0413
  5.2792  2.0878  0.0201  2.0335 16.6029
  5.0571  4.3502  0.2575  2.1101 40.3999
  5.9962  0.5976  0.7435  1.6934  3.5083
  5.1107  1.7543  0.6541  0.8850 13.3859
  5.3131  2.5452  0.9877  2.7377 21.1731
  4.7713  1.9322  0.0273  1.6174 15.0879
  5.2109  2.3940  0.2247  0.9260 19.6444
  4.8211  2.1588  0.6551  1.5448 17.3013
  4.3435  1.7638  0.2171  0.8597 13.4759
  4.4249  1.7612  0.5077  1.3804 13.4514
  4.8293  2.8237  0.0411  2.0584 24.0299
  4.2540  4.3510  0.2746  1.8587 40.4089
  5.2339  0.8076  0.3867  1.8032  5.0868
  5.2314  1.3649  0.1604  1.8917  9.7931
  6.6048  3.1252  0.1767  1.6805 27.1755
  4.9651  0.7927  0.6777  0.2285  4.9706
  4.4800  1.9263  0.2527  1.7070 15.0311
  5.2303  1.4605  0.7428  0.9819 10.6563
  5.1507  1.5436  0.0946  2.4777 11.4174
  5.4064  2.0131  0.7456  2.2751 15.8726
  5.1402  3.9230  0.6465  1.5554 35.7180
  5.9351  2.9552  0.5421  2.3032 25.3955
  5.1534  1.0484  0.8117  1.1398  7.0421
  5.2851  1.4369  0.7816  1.9643 10.4414
  4.3685  3.8219  0.1138  1.3647 34.6198
  4.0783  3.0169  0.5498  1.8124 26.0399
  5.4046  2.3580  0.1664  2.4059 19.2828
  6.1313  2.7501  0.8318  1.3486 23.2704
  5.1194  1.5558  0.1352  1.3283 11.5295
  4.9947  3.2804  0.0813  0.9490 28.8145
  4.7787  4.1259  0.5118  1.5410 37.9333
  4.8379  1.8836  0.2714  1.3203 14.6199
  5.2738  2.0025  0.9465  1.8164 15.7693
  5.6696  3.1024  0.1339  1.9466 26.9361
  5.0213  3.4031  0.3055  1.2491 30.1183
  5.4612  3.5761  0.4222  0.5570 31.9682
  5.3279  2.9090  0.3965  1.1310 24.9152
  5.1070  4.4387  0.9009  0.9374 41.3775
  4.3777  4.3661  0.5372  1.3634 40.5747
  4.2843  2.2408  0.2285  1.2855 18.1128
  5.8435  1.0798  0.7741  0.7674  7.3073
  5.0449  3.1604  0.1296  1.8522 27.5465
  5.7563  4.1259  0.9821  0.8891 37.9329
  5.9593  3.4683  0.9282  0.8338 30.8141
  4.5942  4.3064  0.6827  0.8436 39.9166
  5.7975  2.2786  0.6937  0.8357 18.4888
  4.7912  3.2013  0.1385  0.8616 27.9778
  5.1051  2.3418  0.8587  1.7914 19.1207
  5.0173  1.7615  0.6340  1.2047 13.4547
  4.6580  1.6163  0.8291  0.6768 12.0904
  6.3521  0.9960  0.1749  2.0062  6.6053
  5.0976  4.0955  0.5416  1.8126 37.5999
  5.5261  2.7840  0.2772  1.2618 23.6201
  5.5528  2.1682  0.4403  0.7653 17.3933
  4.8922  4.3875  0.3925  1.9168 40.8121
  5.0061  2.1302  0.1344  0.7699 17.0189
  5.6517  4.2391  0.2784  0.4826 39.1754
  3.9617  4.1198  0.5767  1.9712 37.8668
  3.7617  4.2705  0.6372  0.9912 39.5214
  5.5651  4.1111  0.9136  2.3555 37.7710
  4.9325  1.2846  0.1352  1.2956  9.0787
  4.7247  2.6607  0.0800  0.7465 22.3521
  5.2994  2.9921  0.0601  1.6914 25.7813
  4.9331  1.4712  0.1159  2.3827 10.7532
  5.1012  1.9711  0.1465  1.8593 15.4643
  4.8280  2.3281  0.0651  2.7913 18.9835
  4.9310  1.8299  0.7694  1.6724 14.1050
  4.9236  2.9996  0.4355  1.9691 25.8596
  6.4385  1.4968  0.2818  0.8516 10.9872
  6.3041  4.2855  0.9132  0.7199 39.6863
  4.0092  3.2955  0.8412  0.9922 28.9747
  4.3524  4.0180  0.2077  2.4929 36.7530
  5.2286  2.5928  0.1651  2.1565 21.6575
  5.0157  2.2533  0.7401  0.5905 18.2375
  5.3771  2.8880  0.5775  1.8584 24.6965
  5.3627  2.8160  0.0869  1.2117 23.9507
  5.5547  2.6728  0.5140  1.3836 22.4756
  4.9742  1.3100  0.2861  1.1373  9.3038
  4.3827  3.2892  0.5508  0.6847 28.9072
  4.2311  4.3650  0.4090  2.4693 40.5636
  5.7842  4.0166  0.8931  2.7217 36.7374
  3.9580  2.1533  0.1828  1.0991 17.2463
  4.7150  2.5012  0.4311  1.5288 20.7268
  4.2778  1.7482  0.3911  1.3972 13.3282
  5.9889  1.9137  0.7163  0.2705 14.9098
  5.0761  3.2913  0.3835  0.9176 28.9295
  4.6654  3.6355  0.8790  0.6654 32.6065
  5.3594  2.0614  0.3112  1.1928 16.3438
  5.3089  3.4545  0.5901  1.5142 30.6667
  5.2743  1.6976  0.9644  1.3762 12.8507
  5.0994  1.9814  0.9240  1.1915 15.5642
  5.2213  1.1082  0.1543  1.0468  7.5477
  6.0150  2.6940  0.8124  1.8662 22.6931
  6.2853  3.5653  0.3579  2.1343 31.8520
  5.4760  1.9393  0.9675  1.2320 15.1563
  4.8469  3.5984  0.9484  0.1520 32.2078
  5.1554  1.8880  0.2770  1.1444 14.6618
  4.5015  2.1837  0.8779  1.0653 17.5466
  5.1552  1.7033  0.6638  1.2394 12.9048
  6.1703  1.6926  0.0026  1.5200 12.8042
  5.3728  3.9405  0.6658  0.4785 35.9081
  4.4858  1.5612  0.6063  2.6578 11.5792
  5.2626  2.2730  0.5084  0.6674 18.4333
  4.6602  3.8043  0.3489  0.9020 34.4286
  5.7774  2.1385  0.9764  0.9909 17.1010
  6.4083  3.1530  0.8070  2.2316 27.4678
  5.6915  2.2347  0.5278  1.1198 18.0520
  5.0127  3.6089  0.7947  1.3755 32.3203
  5.2160  3.4694  0.4196  2.7337 30.8254
  5.4898  2.6410  0.7486  0.8097 22.1500
  5.1239  3.1396  0.9171  0.6578 27.3272
  5.5636  2.4516  0.4763  1.1976 20.2247
  4.8736  2.7853  0.8934  1.3009 23.6332
  5.9198  3.6721  0.5668  1.6717 33.0005
  5.5502  1.7974  0.8452  2.0062 13.7955
  4.1317  4.4025  0.3793  0.5819 40.9770
  5.5730  2.3205  0.2856  0.4055 18.9077
  5.2130  0.6415  0.2680  1.5506  3.8274
  5.3919  1.0415  0.6171  2.7674  6.9844
  5.6624  0.7787  0.9301  0.9154  4.8621
  5.4534  1.6610  0.1730  1.7873 12.5072
  6.9658  3.7846  0.9942  0.2312 34.2161
  5.3183  0.9824  0.2152  1.4117  6.4928
  5.3556  3.2471  0.5386  1.4736 28.4619
  5.9650  3.5298  0.2145  1.5737 31.4715
  4.0829  2.9164  0.5973  1.4407 24.9915
  5.6749  3.8745  0.5136  1.3054 35.1905
  5.0306  3.0075  0.0965  2.5091 25.9412
  4.8697  3.1638  0.4699  0.6570 27.5826
  5.2619  1.4659  0.8273  2.1642 10.7049
  4.2200  4.2220  0.7587  0.7839 38.9878
  5.4747  3.9329  0.2960  1.9191 35.8254
  4.3472  1.7905  0.6607  0.2418 13.7300
  4.8395  2.0980  0.2878  0.0635 16.7030
  5.8119  3.2713  0.7854  0.2937 28.7175
  6.6414  2.2596  0.0608  0.9250 18.2999
  5.1368  2.8323  0.0615  1.5592 24.1189
  5.6757  3.6164  0.9225  0.8004 32.4007
  4.6107  1.1680  0.3724  0.4868  8.0601
  5.3302  2.3701  0.6342  2.2303 19.4047
  4.3968  2.2158  0.7290  1.5275 17.8650
  4.4092  4.4978  0.0601  1.6751 42.0322
  5.2774  4.1720  0.7530  0.5864 38.4384
  4.8731  0.8592  0.3938  1.9171  5.4942
  5.3767  1.1035  0.4616  0.5565  7.5082
  5.0522  1.1301  0.3902  2.7131  7.7353
  5.3599  2.7745  0.6479  0.8386 23.5217
  6.3397  1.4928  0.6750  2.0337 10.9512
  5.1708  2.8455  0.0517  1.2132 24.2555
  5.1231  3.1437  0.6114  0.3529 27.3699
  3.6215  1.9605  0.1226  0.4550 15.3619
  5.0575  1.0387  0.4177  1.8826  6.9614
  4.1015  2.2938  0.0996  0.3037 18.6408
  5.3533  1.1530  0.5206  1.3656  7.9313
  5.6685  1.4197  0.7464  0.6423 10.2857
  5.0261  2.5482  0.4379  1.7701 21.2043
  5.4606  1.8827  0.0906  2.1726 14.6110
  5.2029  4.2819  0.3112  1.3842 39.6471
  5.2319  0.3137  0.3839  1.5392  1.6242
  4.9692  3.3688  0.5191  2.3215 29.7532
  6.4526  2.0333  0.0575  0.8516 16.0698
  5.1111  3.0341  0.5520  1.6661 26.2196
  4.0691  0.9815  0.1147  0.4679  6.4861
  5.2167  2.5838  0.4994  2.3256 21.5664
  3.8746  4.1621  0.4804  0.5600 38.3303
  4.8747  1.4578  0.7791  0.8674 10.6317
  4.6406  2.9606  0.6071  0.7159 25.4519
  4.7431  2.2879  0.8515  0.7608 18.5816
  5.3461  3.7971  0.5193  0.4273 34.3507
  4.6287  2.2315  0.0158  1.4926 18.0208
  4.7961  2.9042  0.7493  1.9979 24.8644
  4.7344  2.0305  0.9375  0.5132 16.0417
  4.7034  3.8328  0.4715  1.4146 34.7379
  5.7022  2.2166  0.3420  1.2735 17.8726
  5.1932  1.1941  0.8927  0.6917  8.2859
  6.3030  1.7829  0.8239  0.8895 13.6578
  4.5471  3.0791  0.9660  0.4774 26.6914
  5.1264  3.0324  0.4228  0.7616 26.2022
  5.4363  3.6730  0.3832  1.8475 33.0106
  6.8073  2.9066  0.6766  0.3152 24.8900
  5.9623  3.1808  0.0592  1.8796 27.7613
  4.0330  1.7732  0.6302  0.5270 13.5654
  5.2484  1.5970  0.4474  2.0482 11.9112
  5.3396  2.3241  0.6547  1.2130 18.9432
  5.7399  2.1610  0.9846  1.9163 17.3221
  4.7381  2.8363  0.7110  0.8005 24.1607
  3.8667  2.9659  0.2424  2.0890 25.5076
  5.1735  4.2992  0.7086  1.3718 39.8374
  5.3989  4.2823  0.6303  2.3027 39.6516
  5.1334  2.3453  0.1188  2.2952 19.1556
  4.5123  3.4614  0.6996  1.7629 30.7395
  6.0484  3.1161  0.0402  0.7225 27.0803
  6.1353  2.8283  0.3779  0.6905 24.0781
  5.5498  1.7880  0.9686  2.0642 13.7063
  5.8908  4.1631  0.4779  0.5217 38.3405
  5.0592  1.0072  0.9379  1.8244  6.6989
  3.6181  2.8269  0.2754  1.4409 24.0634
  6.0925  3.4138  0.5796  0.4997 30.2319
  4.8464  1.6776  0.0258  2.2616 12.6634
  5.2263  1.5746  0.6598  2.4572 11.7037
  5.8197  1.1454  0.4571  2.1516  7.8664
  3.6174  1.1244  0.5760  2.6690  7.6863
  4.4242  3.3823  0.8364  0.5031 29.8962
  5.1404  3.3035  0.6941  2.0683 29.0587
  5.0461  4.4366  0.6548  0.7504 41.3545
  4.1601  2.9081  0.2559  2.1609 24.9057
  5.0741  3.9190  0.3515  0.6509 35.6745
  5.8375  4.0298  0.2708  0.6640 36.8819
  5.0257  2.2726  0.8157  1.0679 18.4296
  5.2409  2.4468  0.9087  2.6425 20.1760
  5.9490  1.5756  0.4437  1.1083 11.7123
  4.4178  0.9397  0.0712  0.5505  6.1430
  4.4772  3.0549  0.2054  2.6378 26.4372
  5.7705  1.0137  0.5403  1.3014  6.7527
  5.2878  0.6196  0.3333  2.2153  3.6674
  5.6121  3.5519  0.2678  1.6256 31.7090
  5.2201  3.2115  0.3401  2.0148 28.0856
  3.8880  2.9991  0.5463  0.6839 25.8536
  5.6961  1.9562  0.0445  2.0659 15.3205
  4.5682  4.0305  0.5216  0.8576 36.8898
  5.5192  1.4222  0.6391  1.1462 10.3084
  4.8525  3.9689  0.3556  0.4336 36.2178
  5.1158  1.1075  0.6954  1.8908  7.5417
  5.5434  2.8195  0.2993  1.7289 23.9865
  4.5853  4.0176  0.6971  1.9507 36.7487
  5.2834  3.9625  0.1652  1.6514 36.1476
  5.4289  3.7321  0.6570  1.0082 33.6484
  6.7043  1.5272  0.9174  1.2762 11.2663
  5.0835  1.9424  0.9731  1.5137 15.1863
  5.0347  4.1979  0.4505  2.6180 38.7233
  5.7072  2.1582  0.7902  0.9389 17.2947
  5.5159  1.0919  0.0410  1.6090  7.4095
  5.1546  1.9746  0.7380  1.1348 15.4986
  4.9570  0.5806  0.9950  0.6543  3.3871
  5.5163  1.7425  0.3536  1.3214 13.2747
  4.2546  1.6027  0.8375  0.8937 11.9637
  6.6922  1.0903  0.9596  2.1013  7.3956
  5.1934  4.1497  0.9875  2.4337 38.1935
  5.2619  3.0628  0.5335  1.4424 26.5210
  4.6526  4.3681  0.6213  0.6611 40.5969
  5.9930  3.3521  0.5975  0.5149 29.5752
  5.3967  3.1706  0.7941  1.2152 27.6539
  5.4784  2.8734  0.1502  1.6288 24.5451
  5.3875  1.1069  0.3429  1.3441  7.5369
  4.8069  2.1549  0.1715  0.4390 17.2621
  3.9491  3.2476  0.4224  1.0515 28.4670
  4.3858  1.6094  0.0159  2.3454 12.0264
  5.5991  4.2155  0.6311  1.7661 38.9165
  5.2507  1.6783  0.2533  1.6825 12.6701
  3.8111  1.5894  0.8008  1.4141 11.8403
  5.2936  3.9093  0.1405  1.8906 35.5687
  5.4486  3.2756  0.9964  1.3509 28.7631
  5.1987  1.4858  0.3879  2.3022 10.8864
  4.1723  4.0780  0.7196  2.5916 37.4087
  5.1536  1.1305  0.0829  0.8778  7.7384
  5.5571  4.2157  0.6588  0.5099 38.9186
  5.8052  3.8324  0.4024  2.3507 34.7340
  5.0911  1.7008  0.2075  3.0281 12.8813
  5.2617  3.3426  0.3226  0.7992 29.4745
  5.4457  0.9780  0.3585  2.6538  6.4570
  4.8603  1.4772  0.4753  2.2314 10.8079
  3.5901  3.3027  0.7966  2.1249 29.0510
  3.7169  3.4445  0.6679  1.2573 30.5597
  4.7372  2.2881  0.2790  1.7990 18.5840
  5.2797  1.9286  0.6648  0.9503 15.0530
  5.2999  3.5444  0.4668  0.7878 31.6284
  3.9309  1.8479  0.8869  1.7835 14.2771
  4.3536  1.5690  0.3347  1.1092 11.6512
  4.5140  1.7989  0.1119  1.8221 13.8095
  5.8977  2.6137  0.7276  1.9924 21.8718
  6.6531  2.1689  0.5435  0.6583 17.4005
  4.6163  2.1100  0.6051  1.6313 16.8201
  5.1222  4.1815  0.1629  1.2611 38.5424
  5.2231  1.1174  0.3233  0.9968  7.6267
  5.2165  3.7946  0.3623  1.4317 34.3246
  5.1655  2.9948  0.7371  2.2809 25.8094
  6.1216  3.7693  0.6064  1.3419 34.0506
  5.0621  4.4678  0.4881  0.9600 41.7005
  4.7738  2.8103  0.7735  1.1207 23.8914
  5.6830  3.4806  0.9129  0.3224 30.9447
  6.0519  3.2339  0.1575  2.0244 28.3216
  4.5556  2.7469  0.6624  0.1307 23.2373
  5.5316  0.8114  0.4349  1.5125  5.1170
  3.6037  1.8324  0.3756  1.8803 14.1295
  6.1305  0.1928  0.4642  0.7180  0.9320
  4.9362  2.4310  0.3108  0.7164 20.0166
  5.1208  2.9947  0.3879  1.6326 25.8081
  6.0883  2.9956  0.3882  2.0550 25.8170
  6.9550  0.5098  0.6818  0.9620  2.8912
  4.9122  2.5498  0.0978  1.0181 21.2198
  5.4602  3.4761  0.1315  0.8012 30.8968
  5.4987  3.3218  0.9223  0.8865 29.2534
  4.9672  1.0612  0.0956  0.7976  7.1504
  5.1641  1.2623  0.9512  0.9827  8.8816
  5.5925  3.7798  0.6537  1.2829 34.1636
  5.4317  2.0533  0.8937  0.5612 16.2650
  4.7573  3.8632  0.1544  0.6312 35.0678
  4.8161  1.9955  0.3208  1.2378 15.7017
  5.7333  4.3704  0.7994  1.5424 40.6229
  5.2359  2.5512  0.1929  1.1124 21.2341
  5.2976  3.4493  0.6426  0.9537 30.6102
  5.5483  1.0940  0.9692  0.4535  7.4273
  4.0830  2.4089  0.6489  2.5760 19.7948
  5.7098  3.7704  0.2416  1.7400 34.0617
  5.0794  3.2428  0.1975  2.5681 28.4164
  4.1916  3.4470  0.3334  2.5008 30.5861
  5.3944  1.5432  0.1005  1.4142 11.4136
  5.5868  2.7979  0.6945  1.6592 23.7639
  5.4404  2.6093  0.9088  0.8789 21.8266
  4.2515  0.6381  0.1120  0.3187  3.8020
  4.8933  0.4085  0.2461  0.3908  2.2161
  5.2328  3.5001  0.0803  2.3770 31.1533
  4.8807  2.7010  0.9694  1.2973 22.7650
  4.5761  4.1526  0.4674  1.3298 38.2262
  5.1321  1.3018  0.8295  1.4540  9.2307
  5.4502  1.7891  0.1791  2.9304 13.7167
  5.5821  3.6023  0.5036  1.6690 32.2498
  5.6376  2.5214  0.7556  2.0286 20.9312
  4.4683  1.4040  0.5191  1.1457 10.1445
  5.0256  3.1235  0.3195  0.5376 27.1577
  5.9210  4.1718  0.5235  2.3977 38.4365
  5.4482  1.5061  0.2838  2.7648 11.0730
  5.9937  4.0362  0.4462  0.5000 36.9518
  4.6677  2.4750  0.6515  1.8911 20.4619
  4.3672  1.0926  0.2497  2.9073  7.4156
  5.2169  1.6976  0.1750  0.8113 12.8515
  4.5591  4.2675  0.4538  1.2069 39.4887
  6.1296  2.4299  0.4303  0.9895 20.0065
  5.5431  2.3913  0.5474  2.0984 19.6172
  6.3754  2.3581  0.7853  2.2053 19.2841
  4.7303  0.6746  0.7686  1.6156  4.0719
  3.5016  0.8194  0.7928  1.5445  5.1796
  5.3029  1.9935  0.0029  1.0025 15.6814
  4.5698  4.2652  0.2658  1.8808 39.4631
  5.7966  2.0803  0.7311  0.9975 16.5293
  4.0208  0.4319  0.1885  0.1084  2.3682
  4.7657  2.1484  0.8937  1.8987 17.1983
  4.9159  2.5868  0.8268  1.7388 21.5969
  6.1383  1.2866  0.2071  0.8469  9.0967
  5.4913  2.2845  0.8710  0.1376 18.5479
  4.6983  1.1776  0.5049  1.5315  8.1439
  5.0374  1.2994  0.8643  1.7433  9.2093
  4.5277  1.7383  0.9678  0.1435 13.2348
  4.4553  4.0068  0.5287  1.9368 36.6309
  4.7580  4.3099  0.4844  1.9612 39.9558
  5.3920  2.3323  0.5558  1.0551 19.0255
  4.2947  1.3268  0.5455  0.2195  9.4529
  3.5993  3.4554  0.1183  2.3203 30.6759
  4.6872  2.4886  0.4775  1.1512 20.5987
  5.8048  3.6171  0.6823  1.8578 32.4088
  5.0116  3.4987  0.2052  1.9108 31.1384
  4.7040  3.7707  0.5668  2.1922 34.0649
  5.2472  2.3366  0.2785  0.3834 19.0688
  5.2120  2.8167  0.4056  1.7625 23.9577
  4.8812  2.9990  0.9683  1.0821 25.8524
  4.3465  1.4488  0.7535  2.1309 10.5497
  5.9222  1.8911  0.6033  1.6197 14.6920
  6.6120  2.1670  0.2595  0.7284 17.3820
  5.5500  1.5575  0.1564  1.3595 11.5450
  5.0131  3.0792  0.6631  0.6539 26.6925
  5.2727  1.3231  0.5659  1.6720  9.4201
  5.8147  4.0146  0.6964  0.7157 36.7162
  5.1436  3.8804  0.8827  1.8207 35.2542
  4.8419  3.5874  0.5036  1.3118 32.0901
  5.2772  1.8399  0.1008  0.7985 14.2005
  4.0535  1.2924  0.6950  1.5938  9.1476
  5.0637  4.2921  0.9227  1.3527 39.7595
  4.7536  4.1827  0.9414  1.9514 38.5560
  6.3389  2.8971  0.9826  0.6864 24.7916
  5.1770  1.5989  0.4257  1.7545 11.9290
  5.1010  3.1537  0.9110  0.8252 27.4756
  4.7986  2.8135  0.1779  1.7868 23.9242
  4.9883  2.9665  0.0263  1.8717 25.5138
  5.2618  0.4221  0.6797  1.3503  2.3043
  5.1203  1.0506  0.0961  0.2075  7.0606
  4.5789  2.6616  0.1917  2.3785 22.3612
  5.2142  2.7445  0.0340  0.1313 23.2125
  5.4747  1.7401  0.7179  0.2601 13.2516
  5.9588  3.9748  0.4951  0.9051 36.2820
  4.4633  4.2360  0.2447  1.7213 39.1412
  4.8303  2.2085  0.2379  0.8365 17.7920
  5.1404  3.8799  0.5780  1.7589 35.2492
  4.8659  1.3162  0.8973  0.3421  9.3581
  5.4682  3.3651  0.2060  2.6377 29.7130
  5.1768  0.8130  0.9897  0.6954  5.1297
  4.6038  1.3501  0.7935  1.6042  9.6607
  5.2076  2.9568  0.9287  1.0563 25.4122
  4.8523  3.8597  0.3933  1.9992 35.0300
  4.4699  2.1536  0.3278  1.7590 17.2498
  5.2252  2.7408  0.1935  1.5521 23.1747
  4.9039  1.8725  0.5098  1.4823 14.5136
  5.4144  2.4014  0.9792  2.6858 19.7193
  5.0263  3.1967  0.5145  0.6192 27.9286
  5.1454  1.6148  0.0711  0.9424 12.0762
  5.2144  1.3559  0.6944  0.6566  9.7122
  5.3785  4.3944  0.7921  0.6313 40.8876
  5.0025  2.1648  0.8592  0.5957 17.3605
  5.3746  3.9795  0.3137  1.5034 36.3326
  4.9779  1.9125  0.7432  1.0017 14.8982
  4.3160  3.2916  0.2728  0.1254 28.9332
  5.2167  4.3169  0.4778  0.5064 40.0324
  5.4248  1.9775  0.5803  0.2312 15.5269
  5.0910  1.0082  0.7141  1.7092  6.7066
  4.7757  3.5409  0.6054  1.4270 31.5908
  5.6956  2.1342  0.8541  0.5693 17.0580
  4.6975  2.2374  0.6995  0.9554 18.0796
  5.9877  3.4715  0.3169  1.3343 30.8479
  4.5832  2.7225  0.3488  1.6913 22.9868
  5.6750  3.0708  0.7752  1.2292 26.6049
  6.7464  2.5117  0.0490  1.1985 20.8334
  5.1517  3.2212  0.3045  2.4337 28.1878
  5.3001  3.4224  0.6601  0.9265 30.3242
  5.2050  1.7962  0.5469  2.5588 13.7843
  6.4901  0.6090  0.8885  1.9882  3.5908
  6.7629  2.3723  0.8645  1.8341 19.4267
  5.2216  3.6081  0.8619  1.8631 32.3120
  5.6887  3.6364  0.4787  1.5581 32.6159
  4.9777  1.1599  0.3267  0.8011  7.9907
  5.2371  2.4543  0.4172  0.5329 20.2526
  6.2431  2.6212  0.8881  0.9918 21.9476
  5.6463  3.8203  0.3625  2.5730 34.6020
  5.2010  1.5665  0.9648  0.7160 11.6288
  5.0702  2.8981  0.0925  0.5233 24.8016
  5.2290  1.9260  0.3146  0.6013 15.0278
  6.3215  3.5688  0.0881  1.4843 31.8894
  5.4297  2.3631  0.9704  1.4737 19.3339
  5.4070  2.0612  0.5589  1.2046 16.3419
  4.5523  2.9110  0.8672  0.4583 24.9353
  5.7215  3.1430  0.0024  1.1621 27.3633
  5.0621  3.3519  0.9046  0.6814 29.5734
  5.8517  2.8522  0.4424  1.0994 24.3255
  5.2032  2.1680  0.1875  1.7464 17.3915
  4.2967  3.3395  0.9396  0.5572 29.4408
  4.9095  3.9106  0.0183  0.6917 35.5833
  5.3841  1.4646  0.0879  0.0895 10.6938
  5.0133  3.6635  0.4744  2.0096 32.9079
  5.1349  1.9631  0.9830  1.9808 15.3871
  4.9743  4.3662  0.8219  2.0068 40.5765
  4.1210  3.7428  0.6919  0.9534 33.7638
  5.0942  2.5973  0.4442  1.5955 21.7037
  4.3885  1.1789  0.8740  1.4953  8.1551
  4.0534  2.3981  0.1345  1.3542 19.6855
  5.5968  1.4701  0.4157  1.0201 10.7436
  5.4384  2.3975  0.7186  2.1192 19.6793
  4.8051  2.2916  0.5308  0.1958 18.6186
  5.1389  3.5757  0.9063  0.9716 31.9642
  5.5787  1.4167  0.2727  0.9533 10.2587
  4.7590  2.4637  0.2257  2.0087 20.3469
  5.7401  2.2254  0.5996  2.3703 17.9597
  5.7671  3.3994  0.7657  2.3470 30.0781
  6.5643  3.0237  0.0262  1.4340 26.1110
  5.1405  2.3069  0.0493  0.4730 18.7717
  5.3772  2.5474  0.8465  0.6422 21.1961
  5.0964  1.0903  0.2744  2.4977  7.3956
  5.7672  2.3367  0.7915  1.5046 19.0698
  6.1809  1.9521  0.6609  2.3905 15.2804
  6.5874  3.4750  0.5058  1.6140 30.8854
  4.9998  4.1346  0.3496  1.1392 38.0287
  5.4933  2.0761  0.0902  0.5177 16.4878
  4.7789  4.1345  0.3499  2.0102 38.0270
  5.2871  1.9657  0.2827  2.2481 15.4121
  4.2201  3.7523  0.4969  1.4716 33.8661
  5.0844  3.9654  0.9941  1.0448 36.1794
  5.1979  3.5571  0.9774  2.2024 31.7639
  5.5945  2.1882  0.4933  2.7688 17.5915
  4.6908  3.9552  0.4469  1.5869 36.0683
  4.3258  1.7878  0.8690  2.6331 13.7039
  4.7090  4.4564  0.1865  1.1283 41.5734
  5.8586  0.7005  0.0789  1.4812  4.2655
  5.6644  0.7040  0.2166  2.2155  4.2919
  5.2172  0.8917  0.6053  2.2738  5.7545
  4.8584  2.1726  0.9692  1.0685 17.4373
  5.3908  2.8401  0.7030  1.1224 24.2000
  4.7742  1.8726  0.2532  1.6647 14.5138
  5.0200  3.2085  0.3404  1.1324 28.0538
  4.2545  1.5870  0.5966  0.4206 11.8186
  4.9130  3.3112  0.6021  1.1695 29.1411
  4.6722  0.8767  0.0749  0.9108  5.6336
  5.5228  4.3108  0.1715  0.2272 39.9653
  5.0295  3.1647  0.4493  1.2975 27.5911
  4.9777  2.3318  0.7820  1.2167 19.0206
  6.1309  1.9712  0.4713  2.0869 15.4658
  4.5683  4.1623  0.8248  2.3643 38.3325
  5.1234  2.7167  0.9745  1.9716 22.9264
  5.3337  4.3557  0.8190  0.8829 40.4603
  5.6364  3.2786  0.1774  2.8933 28.7947
  5.2968  1.1454  0.0739  0.2723  7.8659
  4.2150  0.9028  0.3894  2.4617  5.8435
  5.4686  2.4752  0.9459  0.6380 20.4630
  5.1472  0.8636  0.5432  1.9804  5.5289
  4.5057  3.4562  0.6884  1.7850 30.6839
  5.9442  4.0138  0.3902  2.2593 36.7075
  5.3262  2.8877  0.6766  0.4280 24.6933
  3.6579  3.1293  0.5612  2.0551 27.2190
  5.4074  2.6396  0.6384  0.3512 22.1363
  5.7908  3.1054  0.3828  2.1669 26.9679
  4.6680  3.9979  0.1863  1.8518 36.5337
  4.4710  0.8345  0.5640  1.1404  5.2987
  4.7889  1.3864  0.1237  0.4343  9.9860
  5.1510  2.2259  0.2601  1.6896 17.9649
  4.8843  2.0758  0.5253  1.2112 16.4846
  5.4088  3.7023  0.1010  1.8392 33.3259
  5.0890  1.9897  0.3447  0.5757 15.6446
  5.2507  3.8511  0.2042  1.0150 34.9361
  4.5296  3.3411  0.6451  1.8413 29.4582
  6.1108  4.0942  0.4495  1.7705 37.5863
  5.3439  1.6622  0.9209  1.9348 12.5184
  5.3997  2.5750  0.8587  2.2737 21.4768
  5.3263  2.5301  0.6538  1.5440 21.0200
  5.1920  2.6209  0.8313  0.9868 21.9450
  5.2253  2.4186  0.7881  0.1017 19.8916
  3.8076  2.3114  0.2861  1.3982 18.8162
  4.3035  3.1745  0.2111  2.3980 27.6952
  5.3740  1.5643  0.7478  1.3924 11.6080
  4.5041  1.9625  0.8873  1.1126 15.3816
  5.3162  3.0296  0.8483  2.5173 26.1727
  5.4502  2.0306  0.0018  2.0576 16.0433
  5.1231  4.4885  0.2417  1.4038 41.9299
  5.9579  2.5965  0.3634  1.8075 21.6957
  3.5780  2.5312  0.9209  2.1945 21.0316
  5.2745  4.4787  0.0842  2.0397 41.8212
  4.3388  2.3904  0.7881  1.4659 19.6086
  4.4083  2.3723  0.3978  1.2963 19.4262
  5.0905  3.8900  0.4753  1.8957 35.3595
  5.0154  1.7080  0.4774  2.1515 12.9485
  5.6564  1.0000  0.4619  2.8069  6.6384
  4.4076  2.6358  0.0990  0.6664 22.0971
  5.5574  2.9705  0.5210  1.1663 25.5549
  5.1512  1.4320  0.5762  1.5291 10.3970
  5.0980  4.3875  0.5190  0.4777 40.8116
  5.5094  1.8738  0.4389  1.6850 14.5254
  5.5734  4.4690  0.3223  1.5479 41.7137
  5.0400  2.5445  0.0249  2.2782 21.1659
  5.2434  4.3507  0.4344  2.6637 40.4050
  4.9145  3.4735  0.5224  2.2688 30.8695
  4.2846  2.9050  0.1414  2.0757 24.8728
  5.1326  2.1394  0.2613  0.6344 17.1094
  5.2420  1.5364  0.6349  0.9087 11.3506
  5.3890  1.1332  0.6035  1.6506  7.7612
  5.5187  2.8752  0.5552  2.1815 24.5635
  5.6902  1.0314  0.1401  1.7840  6.9004
  5.4106  4.2087  0.4191  1.0703 38.8415
  4.9774  4.0558  0.4780  0.6837 37.1655
  3.7023  3.7889  0.8994  1.3437 34.2622
  4.6324  4.2363  0.6149  0.9095 39.1447
  4.9725  2.4883  0.4722  2.5885 20.5956
  4.9060  3.2952  0.7822  1.8405 28.9711
  4.7485  2.6978  0.1885  1.8686 22.7330
  5.4932  2.3541  0.7412  2.0954 19.2434
  5.1331  2.2738  0.4281  2.5157 18.4408
  4.6999  2.2527  0.2335  2.7739 18.2316
  4.9487  0.9472  0.0883  2.7878  6.2043
  5.9241  4.3929  0.2437  0.5681 40.8710
  5.5980  2.5139  0.7079  1.4960 20.8553
  3.9485  2.3310  0.4266  2.0420 19.0123
  4.7248  2.6150  0.0867  1.8213 21.8843
  3.9696  2.1505  0.2508  1.0170 17.2195
  5.2215  1.9006  0.7556  0.5359 14.7835
  6.7069  0.9079  0.5806  2.3259  5.8849
  5.0226  2.3826  0.3191  1.9544 19.5299
  3.7430  4.2068  0.2326  1.5247 38.8207
  5.2259  2.5292  0.5111  1.3237 21.0110
  4.4899  2.3460  0.0842  2.4076 19.1626
  4.1963  1.5264  0.4771  0.5185 11.2593
  5.2497  2.3414  0.3151  0.6272 19.1164
  4.8989  3.1848  0.3619  1.6774 27.8038
  5.1446  1.1198  0.9539  1.9164  7.6467
  5.4783  2.0246  0.5211  1.7187 15.9849
  4.7185  2.4196  0.5420  1.3866 19.9026
  5.5122  4.3586  0.2842  2.3230 40.4926
  5.4313  3.1858  0.4672  2.3760 27.8144
  5.5038  2.1892  0.2889  1.8324 17.6012
  5.0792  3.4850  0.8022  0.3742 30.9917
  4.6209  4.4327  0.3830  0.7285 41.3113
  5.1467  3.8109  0.5093  0.9657 34.5011
  5.4948  4.4970  0.6591  1.5218 42.0237
  5.2482  1.7413  0.5892  0.5397 13.2636
  5.1453  3.3007  0.9035  0.2391 29.0289
  4.9423  1.0617  0.6778  0.8069  7.1543
  3.5837  1.2335  0.2435  1.9905  8.6296
  5.9408  3.2470  0.3818  1.4897 28.4602
  5.4928  3.2445  0.7679  0.5817 28.4344
  3.7757  1.8731  0.1111  1.7080 14.5192
  4.2829  1.7790  0.2604  1.8155 13.6209
  5.4509  2.2035  0.6255  1.6109 17.7430
  5.5350  4.1304  0.3962  3.0020 37.9820
  5.0600  3.4624  0.6188  0.1345 30.7504
  5.9287  0.6745  0.4906  0.4175  4.0707
  5.3556  1.8763  0.5556  0.6562 14.5492
  4.9727  1.5684  0.6734  3.0596 11.6458
  3.7921  3.2000  0.8311  0.5855 27.9640
  3.9617  2.6829  0.4203  1.9903 22.5794
  4.1111  3.9280  0.0683  2.3065 35.7727
  5.9348  1.5950  0.0114  2.7487 11.8920
  5.4510  1.6529  0.2910  1.6808 12.4318
  6.0157  2.1409  0.5158  2.5777 17.1240
  4.8820  2.0972  0.7540  1.8292 16.6951
  4.9759  2.2471  0.0140  1.5673 18.1757
  5.3772  4.3679  0.7582  0.6441 40.5956
  5.5882  1.3959  0.3081  0.9923 10.0710
  4.5541  2.7886  0.1686  1.4783 23.6672
  5.2743  3.1347  0.0308  1.3503 27.2760
  4.7302  2.8389  0.8197  1.3087 24.1880
  5.2384  1.7058  0.0225  2.1344 12.9282
  5.4168  1.2621  0.6736  0.7240  8.8800
  5.6722  3.4668  0.9351  1.0231 30.7975
  6.5701  2.1164  0.6939  0.7375 16.8833
  4.5560  3.5669  0.4589  2.4015 31.8690
  4.2672  3.2065  0.0291  1.0257 28.0323
  5.3835  3.8843  0.6354  2.2259 35.2965
  3.7902  1.6084  0.4233  0.5456 12.0168
  5.5694  1.8471  0.1815  2.0130 14.2699
  4.6002  3.0138  0.3240  1.0662 26.0080
  5.2111  2.6942  0.6978  2.2186 22.6957
  5.7876  1.2662  0.3989  0.5550  8.9160
  5.2100  2.5917  0.0713  1.2230 21.6471
  5.1667  3.6254  0.1925  2.1797 32.4985
  5.1959  0.7752  0.3443  0.6832  4.8347
  5.2935  3.4600  0.8620  0.5961 30.7253
  4.9520  2.7511  0.5739  1.9048 23.2808
  5.8972  1.6928  0.5073  0.4506 12.8055
  4.8548  1.9024  0.7316  1.2949 14.8008
  6.1417  2.4388  0.8657  1.5057 20.0954
  5.4299  2.7976  0.3074  0.9422 23.7606
  5.0168  2.3342  0.8658  1.4528 19.0441
  5.2455  1.1598  0.7173  0.4765  7.9901
  5.3651  1.7954  0.8839  0.5229 13.7767
  4.3573  2.6533  0.0344  1.1206 22.2762
  5.8748  1.9725  0.9475  1.6777 15.4784
  5.1424  2.9050  0.4198  1.3121 24.8728
  5.7337  3.1215  0.3428  1.2545 27.1373
  4.7038  1.2551  0.1036  1.1670  8.8192
  4.5140  3.9612  0.1947  2.3036 36.1341
  4.8562  1.5411  0.0244  2.0913 11.3939
  4.9383  3.7559  0.4193  1.8433 33.9057
  5.3990  1.9266  0.2342  1.5895 15.0338
  6.7393  2.7864  0.2549  2.3070 23.6448
  5.1492  4.1810  0.0333  1.6650 38.5377
  5.1864  4.1581  0.3867  1.1259 38.2866
  5.6216  2.6231  0.9610  0.3447 21.9672
  5.5857  1.8045  0.0232  0.2214 13.8628
  5.2743  0.5559  0.5005  1.6205  3.2117
  5.0328  1.6779  0.3045  0.6735 12.6658
  5.7951  2.4413  0.9058  1.2616 20.1212
  4.3989  3.9758  0.0831  2.1461 36.2923
  4.7469  2.0145  0.7659  0.5280 15.8858
  5.5853  0.5836  0.1439  2.0500  3.4082
  5.4398  3.3463  0.5375  2.2280 29.5130
  5.7546  2.9707  0.2472  1.1028 25.5575
  5.2025  4.3631  0.3382  1.2487 40.5421
  5.2253  2.7898  0.5200  0.4531 23.6797
  4.7788  3.2379  0.8065  1.7732 28.3642
  4.5304  3.3504  0.1243  1.8710 29.5573
  4.5914  1.1056  0.8100  2.3977  7.5260
  5.1223  2.3601  0.5613  1.1556 19.3043
  4.4383  3.6809  0.9083  1.0415 33.0955
  5.0823  3.7294  0.1802  1.9086 33.6190
  3.5519  2.0279  0.7848  1.2710 16.0172
  5.5055  1.8591  0.9822  1.9927 14.3850
  6.5568  3.4178  0.5043  1.2733 30.2749
  5.2826  4.0209  0.3945  0.5718 36.7849
  5.1581  1.0148  0.7771  2.4082  6.7617
  5.1768  3.5070  0.4921  1.7686 31.2271
  3.7576  3.6687  0.6341  2.0832 32.9636
  3.8862  2.2820  0.3060  0.7518 18.5225
  5.5758  0.4955  0.6733  0.8520  2.7937
  5.3072  1.9673  0.5741  1.7580 15.4277
  6.9845  2.3043  0.9657  2.1282 18.7452
  5.4518  0.8016  0.6838  0.1296  5.0403
  5.9988  0.4355  0.1269  2.5061  2.3919
  5.2069  2.0763  0.6231  1.2491 16.4898
  5.6326  2.2131  0.2639  2.5160 17.8383
  4.9040  1.1946  0.9545  0.7107  8.2911
  5.3409  0.9829  0.9556  1.5772  6.4971
  5.4753  1.0795  0.5978  0.4886  7.3043
  5.5924  1.7299  0.4375  2.8069 13.1556
  5.2257  2.2838  0.8927  1.3376 18.5410
  4.5020  3.4493  0.5848  0.2060 30.6103
  4.1065  2.4829  0.4078  2.5394 20.5413
  5.6443  2.3465  0.9547  1.3569 19.1678
  4.6911  3.5782  0.7905  0.4793 31.9908
  5.7297  2.4903  0.9690  1.3841 20.6162
  4.8420  3.9098  0.5828  2.6597 35.5742
  4.5187  2.3020  0.9404  0.7804 18.7226
  6.2873  3.0511  0.6450  1.4609 26.3982
  5.4002  0.7972  0.2783  2.6008  5.0062
  5.1938  3.5120  0.3142  1.8037 31.2810
  5.0183  1.9708  0.3443  1.2473 15.4613
  4.2171  3.1063  0.6626  1.7389 26.9774
  4.8710  4.3226  0.3309  0.7601 40.0953
  4.2805  2.9196  0.7741  0.8489 25.0256
  6.7839  2.8111  0.0047  1.2226 23.9000
  5.8738  1.4136  0.7141  2.3190 10.2310
  5.2191  2.5458  0.4535  0.1488 21.1794
  4.1065  1.5605  0.0267  1.3284 11.5734
  5.0210  2.2087  0.6204  1.9567 17.7943
  5.3219  2.4292  0.7306  2.7622 19.9992
  4.1989  3.8121  0.7542  0.9788 34.5138
  4.8159  3.5258  0.4222  2.7675 31.4284
  5.0114  1.3749  0.8234  0.7939  9.8824
  4.8845  4.1703  0.3480  2.3011 38.4204
  4.2327  2.1996  0.7536  1.5640 17.7045
  5.1350  4.1641  0.1790  0.4671 38.3519
  5.0445  3.7797  0.6396  2.5586 34.1627
  5.2175  1.1479  0.9370  1.7644  7.8879
  4.8145  0.7847  0.1389  2.0313  4.9083
  4.7907  0.8035  0.7346  0.3983  5.0550
  5.4402  3.1252  0.0853  0.4002 27.1754
  4.8524  1.1689  0.7679  1.0837  8.0685
  3.5076  1.6461  0.9206  0.4915 12.3686
  5.2762  1.8457  0.4198  0.5979 14.2559
  5.9011  3.5276  0.2906  2.5374 31.4477
  6.2446  3.4202  0.6211  2.8226 30.3007
  5.3792  1.2970  0.1759  1.1668  9.1886
  5.4189  2.4425  0.8923  1.2303 20.1326
  4.6543  1.6195  0.7395  0.4216 12.1204
  5.3841  2.1617  0.7897  1.6218 17.3290
  4.7634  2.1106  0.5601  1.1059 16.8264
  5.2070  4.1885  0.1662  1.5197 38.6197
  4.9979  1.9477  0.9900  1.1699 15.2382
  4.4678  0.7838  0.9201  1.8609  4.9014
  5.6922  3.5652  0.1282  0.1875 31.8514
  5.2171  2.4448  0.2349  1.7995 20.1565
  4.3048  1.4788  0.7101  2.1616 10.8225
  5.0774  2.2278  0.4811  1.2445 17.9833
  4.7014  4.2413  0.6896  1.8321 39.1996
  6.0350  2.3824  0.4236  2.6105 19.5278
  5.1040  2.8010  0.6213  1.5167 23.7950
  5.4965  4.4243  0.7512  2.2596 41.2190
  5.5421  0.9058  0.4031  2.3875  5.8679
  5.5554  3.2951  0.7867  1.8931 28.9700
  4.8936  3.0118  0.0695  2.7524 25.9864
  3.8599  1.1958  0.4053  1.4258  8.3008
  5.7313  0.5885  0.1370  2.5259  3.4436
  6.0180  1.3861  0.4515  1.7022  9.9833
  3.9548  2.3442  0.9119  1.7285 19.1442
  5.6036  2.5543  0.9416  1.9655 21.2662
  4.1019  2.6864  0.9613  0.4127 22.6155
  5.2434  3.0856  0.5531  2.5744 26.7594
  5.8806  2.4921  0.7747  0.1548 20.6343
  4.7049  3.0274  0.5595  1.2982 26.1498
  5.6800  0.9335  0.4293  0.8346  6.0926
  4.6611  1.0026  0.6555  1.8746  6.6607
  6.3654  2.1493  0.0881  1.1764 17.2071
  5.2280  1.5541  0.0836  0.5302 11.5135
  5.1938  1.7220  0.5203  1.2733 13.0806
  5.2872  1.2430  0.0994  1.7989  8.7123
  5.1409  2.2410  0.7074  2.3922 18.1152
  5.5213  2.7146  0.1122  1.0813 22.9048
  6.2393  3.7926  0.9621  2.7606 34.3022
  4.8648  1.7211  0.8860  2.9571 13.0721
  4.7206  1.6332  0.2155  0.5615 12.2479
  5.3477  2.2954  0.0762  2.2765 18.6561
  5.4275  2.4505  0.1547  1.6040 20.2143
  5.7327  3.5272  0.9794  2.5461 31.4435
  4.3256  3.2630  0.5137  0.8018 28.6298
  5.5344  2.4332  0.9007  2.0499 20.0393
  4.9678  1.7854  0.9121  0.4309 13.6816
  5.0447  2.1180  0.8467  2.4221 16.8991
  5.4405  2.0303  0.9585  1.4113 16.0405
  5.2309  2.1148  0.6437  1.2688 16.8672
  4.4892  1.5868  0.5836  1.8133 11.8159
  4.7248  1.4957  0.0708  2.2888 10.9772
  5.1669  3.9190  0.8202  2.5552 35.6741
  5.4430  1.2236  0.7322  1.1231  8.5432
  4.7263  1.8456  0.1468  2.5294 14.2557
  4.7721  3.3315  0.1496  1.1544 29.3566
  5.9665  1.8457  0.6296  2.6479 14.2562
  5.2479  4.0453  0.6626  1.9610 37.0515
  5.1941  2.0272  0.3074  1.1292 16.0098
  5.1408  3.5626  0.3913  0.1990 31.8237
  6.2923  2.9052  0.0977  1.7303 24.8754
  5.2598  2.6400  0.7224  0.8541 22.1403
  6.0601  2.2023  0.0219  3.0727 17.7308
  4.7718  2.7757  0.9704  1.1275 23.5344
  4.2691  0.9703  0.6131  1.6151  6.3933
  5.4592  4.1623  0.8131  0.6282 38.3319
  5.5843  1.2469  0.0768  1.7315  8.7470
  5.3015  3.7793  0.4276  1.7859 34.1589
  5.1046  1.7522  0.3471  2.0988 13.3666
  5.2825  2.2897  0.4038  2.2131 18.6000
  5.6184  1.5625  0.5163  2.2671 11.5913
  4.9085  3.4905  0.0849  0.7959 31.0508
  4.6892  2.2467  0.9248  1.8863 18.1713
  4.7107  3.4095  0.9887  0.5463 30.1866
  4.7456  2.2280  0.9775  0.3825 17.9860
  5.2430  1.5724  0.3612  0.7421 11.6829
  5.6355  4.0041  0.2640  2.1216 36.6019
  5.1939  2.5454  0.2459  1.7295 21.1756
  5.3551  2.4314  0.0105  1.3291 20.0210
  6.2700  2.3384  0.1058  0.9777 19.0865
  4.3592  3.5059  0.3259  1.6199 31.2153
  4.7466  3.2197  0.7579  0.3401 28.1723
  4.7182  3.7269  0.6056  0.7867 33.5915
  4.4492  2.7342  0.8696  0.4092 23.1069
  5.6401  1.9731  0.2506  2.3833 15.4838
  5.8436  2.3484  0.9464  2.8790 19.1867
  5.5041  2.2487  0.2211  0.3589 18.1911
  5.6016  2.8052  0.9241  1.7210 23.8385
  4.8448  2.9804  0.9016  1.5250 25.6588
  4.8109  1.5114  0.8667  1.5078 11.1209
  5.5405  1.3552  0.3468  1.4220  9.7059
  4.2175  3.6255  0.6447  2.0841 32.4994
  4.7493  2.7924  0.5575  1.5012 23.7064
  5.0994  0.9331  0.0084  2.7196  6.0892
  5.1706  3.8620  0.4293  0.7129 35.0549
  5.3085  1.2269  0.5316  2.2980  8.5717
  5.6234  2.0642  0.0809  0.7225 16.3716
  4.7439  2.2200  0.1552  2.6072 17.9059
  4.4495  1.4388  0.2094  1.6844 10.4587
  5.1292  3.4725  0.4994  2.6455 30.8586
  4.1192  0.9431  0.1144  1.1983  6.1708
  5.1322  1.6360  0.0123  1.6949 12.2744
  4.6727  3.8011  0.0957  1.4999 34.3942
  4.7918  3.0855  0.1842  1.3601 26.7582
  4.9682  3.2933  0.7023  2.6564 28.9509
  6.5188  1.3256  0.4296  1.7161  9.4417
  5.4180  4.3894  0.4411  1.8201 40.8331
  4.9517  2.2300  0.7930  0.5600 18.0053
  5.4072  3.1200  0.6456  1.6375 27.1212
  4.5742  1.5941  0.8728  0.7774 11.8841
  4.5131  2.5284  0.7563  2.4938 21.0029
  5.3108  3.9849  0.7776  1.7092 36.3924
  5.9164  4.3684  0.3968  1.6668 40.6005
  5.7620  3.6171  0.9178  1.3400 32.4087
  6.8007  3.5940  0.5655  0.6371 32.1605
  5.9977  3.0668  0.5418  1.1487 26.5630
  6.1181  2.5913  0.4189  1.6985 21.6424
  5.5498  3.2118  0.0931  2.8693 28.0884
  5.2166  1.4683  0.8561  2.3800 10.7270
  4.5733  3.2707  0.8181  0.0972 28.7114
  4.3264  1.9896  0.5462  1.7687 15.6439
  6.1752  1.1243  0.0502  1.9699  7.6854
  5.5068  3.4995  0.9020  1.9375 31.1477
  6.1278  1.7113  0.3539  1.4608 12.9796
  3.7515  4.2226  0.9503  2.2899 38.9945
  4.4294  1.5571  0.9495  2.1032 11.5417
  4.9091  1.0708  0.9052  1.4272  7.2308
  5.3955  1.0611  0.5697  0.3341  7.1495
  5.1858  3.0240  0.2994  1.5278 26.1144
  4.8864  1.2817  0.4675  0.5200  9.0534
  5.7244  3.7925  0.0929  2.5410 34.3011
  5.3437  2.2827  0.3246  1.8575 18.5295
  5.9005  0.8658  0.0552  2.6656  5.5468
  4.5294  2.7621  0.9630  2.1738 23.3943
  4.1868  1.0936  0.7068  1.3451  7.4242
  4.1671  1.5028  0.4254  2.1775 11.0423
  4.9836  3.2000  0.6350  2.0420 27.9643
  6.3784  3.4208  0.6115  2.0168 30.3063
  3.9468  2.8132  0.6211  0.7240 23.9215
  5.9828  4.1117  0.4043  0.1568 37.7780
  5.0324  1.3259  0.7426  0.9545  9.4443
  5.8851  3.0920  0.6440  0.4420 26.8274
  4.9759  2.1366  0.3710  1.2098 17.0820
  4.9246  4.0139  0.2040  1.1391 36.7080
  5.2429  4.0394  0.0494  2.1587 36.9868
  4.6602  3.7102  0.3848  1.7524 33.4122
  5.4022  3.8104  0.7272  1.6110 34.4953
  5.4198  4.1084  0.3789  0.7390 37.7412
  3.8370  1.5659  0.3287  0.7245 11.6226
  5.6636  2.6822  0.7813  1.4665 22.5722
  5.0809  1.1183  0.3464  1.7429  7.6345
  5.4440  3.5963  0.1481  0.6198 32.1849
  5.4469  0.8825  0.5683  1.0528  5.6808
  5.0308  2.8586  0.2646  2.0698 24.3915
  5.2619  1.8923  0.6497  1.0489 14.7031
  5.1496  3.4629  0.4170  0.9846 30.7562
  5.8582  3.8236  0.1348  1.0044 34.6384
  6.0734  3.6196  0.1656  1.6956 32.4358
  5.5388  2.6186  0.7320  1.8205 21.9216
  5.1500  1.7225  0.6853  1.4989 13.0855
  4.8299  3.1068  0.2111  0.9062 26.9827
  5.2651  3.2513  0.6460  1.9502 28.5060
  4.4696  2.5577  0.1965  2.2744 21.3007
  4.8602  2.7032  0.8888  1.7908 22.7880
  5.1074  2.8835  0.6471  2.3983 24.6502
  4.5979  3.0776  0.0344  0.2356 26.6753
  5.8025  1.8218  0.5825  1.0351 14.0276
  4.5236  3.9891  0.3410  0.7825 36.4378
  5.0173  2.5277  0.7002  1.7498 20.9956
  4.9574  1.7191  0.5250  1.1551 13.0534
  5.4083  2.9062  0.8858  1.0104 24.8861
  5.9411  4.2029  0.9428  1.7135 38.7782
  5.0303  2.2646  0.3154  2.4307 18.3491
  3.6782  1.3017  0.7248  2.2649  9.2302
  5.0571  4.2209  0.8270  2.0034 38.9760
  5.1822  0.7298  0.5031  2.5828  4.4868
  5.1428  1.8088  0.1634  0.6666 13.9040
  5.1849  1.9840  0.6506  1.2085 15.5894
  5.1110  3.8415  0.3642  2.8403 34.8324
  5.3114  3.6594  0.5778  1.5690 32.8638
  5.4018  2.4770  0.8558  2.2877 20.4813
  5.2084  1.4849  0.3719  1.1714 10.8782
  4.3128  4.1226  0.3436  2.1238 37.8965
  6.2831  1.9148  0.1445  1.8588 14.9197
  4.0523  1.2091  0.5668  2.8618  8.4165
  6.1575  3.7136  0.5457  1.5765 33.4488
  4.9847  1.9429  0.1828  2.0974 15.1911
  5.0399  0.9054  0.7388  0.7921  5.8648
  4.5063  3.2994  0.0178  2.0310 29.0152
  5.9480  3.6710  0.0015  1.0743 32.9891
  4.5695  3.7835  0.1550  0.5528 34.2038
  5.3136  2.6908  0.6416  2.0633 22.6607
  4.5635  1.5435  0.2350  0.5936 11.4160
  4.8802  2.3479  0.4690  1.1809 19.1814
  4.7603  3.0885  0.2756  0.6507 26.7903
  4.6011  3.0509  0.0180  1.7280 26.3958
  5.5911  2.4814  0.7559  1.8755 20.5258
  5.3639  2.4439  0.1403  1.5050 20.1473
  5.3513  3.1939  0.2492  1.6140 27.8992
  3.6670  2.1847  0.7696  1.2850 17.5571
  3.7005  0.8190  0.3251  1.9751  5.1767
  3.8783  3.5853  0.4814  1.0052 32.0671
  3.9399  1.9122  0.5126  0.3168 14.8955
  5.1260  1.8404  0.2931  0.8418 14.2056
  4.9080  2.3945  0.2503  1.0899 19.6491
  4.8997  1.9680  0.8221  0.8899 15.4345
  3.6508  3.9463  0.8818  1.1017 35.9712
  4.8697  3.1364  0.7265  0.4585 27.2931
  5.3427  2.5895  0.4907  0.2320 21.6243
  6.4175  2.6882  0.0961  1.2013 22.6343
  4.8918  3.9320  0.9507  0.4986 35.8154
  4.9009  4.0786  0.6976  1.3213 37.4157
  4.3088  0.6440  0.8328  1.8995  3.8455
  4.8211  0.8143  0.5772  1.7874  5.1392
  4.0695  3.9619  0.4823  1.4729 36.1414
  6.1584  3.1272  0.0092  1.4862 27.1963
  5.2006  2.9257  0.5545  0.5181 25.0884
  6.9575  3.0206  0.4427  1.5507 26.0783
  5.0771  3.6549  0.1306  2.3681 32.8155
  4.2760  1.7029  0.1953  1.2107 12.9006
  5.3516  2.7511  0.9365  0.6867 23.2807
  5.0899  3.6098  0.7121  2.5353 32.3304
  5.5332  2.4374  0.8455  1.2116 20.0818
  5.3754  2.5923  0.3180  0.0977 21.6525
  5.2069  1.3816  0.9691  2.4914  9.9426
  5.3576  1.4927  0.1419  1.9007 10.9496
  4.4597  0.9696  0.9879  0.6005  6.3878
  5.2679  4.4295  0.0810  1.0431 41.2763
  4.5580  1.5064  0.6758  2.2869 11.0756
  5.5771  1.9790  0.2366  1.7252 15.5411
  5.1238  3.8140  0.2981  0.9208 34.5346
  4.8625  2.3726  0.9095  1.6980 19.4295
  5.0170  3.9206  0.4930  0.2862 35.6917
  5.2797  0.7019  0.7259  0.4424  4.2759
  5.3429  4.2026  0.0833  0.6814 38.7746
  5.5274  1.1762  0.0931  2.8953  8.1316
  4.1915  3.5095  0.2864  2.5917 31.2539
  5.0133  3.8310  0.0279  2.4047 34.7183
  5.1189  3.9197  0.9755  2.4579 35.6820
  5.4073  1.2039  0.8243  1.5749  8.3714
  6.3607  3.5584  0.6941  1.2080 31.7782
  4.5730  3.9632  0.7906  2.1220 36.1555
  6.3775  2.3901  0.4712  0.8736 19.6050
  5.2199  1.4936  0.3458  1.0970 10.9579
  6.1385  1.3664  0.2401  0.9700  9.8064
  4.5982  0.5052  0.6554  0.9016  2.8596
  5.5555  2.4400  0.3354  1.5094 20.1081
  6.1059  3.0079  0.7576  2.0831 25.9456
  5.0397  1.6378  0.1584  0.9395 12.2908
  5.4085  4.1969  0.0161  1.5741 38.7122
  4.4006  0.8560  0.5825  1.0722  5.4691
  5.1217  1.7956  0.7664  1.9508 13.7779
  4.3363  1.8389  0.2066  1.0760 14.1913
  4.7907  4.2803  0.7770  0.7867 39.6292
  5.5829  3.8273  0.1619  1.6062 34.6784
  4.4645  1.1782  0.5895  1.1775  8.1487
  5.8155  4.4046  0.6210  1.4177 41.0006
  5.4944  2.3591  0.0992  1.5176 19.2935
  3.6411  1.7322  0.6403  0.3718 13.1772
  4.3165  2.7437  0.4056  2.2957 23.2041
  5.2943  2.3418  0.0975  1.6228 19.1205
  4.4206  4.4263  0.9966  1.5601 41.2404
  4.7092  3.1294  0.6697  1.6081 27.2204
  6.3484  3.0939  0.1330  1.8264 26.8468
  4.8463  2.0071  0.7258  0.8198 15.8143
  5.0468  2.6919  0.9177  1.9156 22.6719
  5.0859  1.8181  0.7075  0.8367 13.9928
  6.3517  1.5742  0.5827  1.3972 11.6997
  3.5178  1.4210  0.0271  2.2883 10.2980
  4.6353  1.0151  0.7120  0.0831  6.7645
  5.6342  4.0468  0.2452  0.6216 37.0671
  5.2392  1.0880  0.8080  0.5638  7.3764
  5.3258  4.1257  0.6831  0.7170 37.9312
  6.6099  3.1170  0.1522  1.6697 27.0897
  4.8128  3.7034  0.3484  0.2419 33.3385
  5.3032  1.6761  0.0868  1.7483 12.6496
  5.2949  1.8395  0.4073  1.9813 14.1973
  5.0286  1.9256  0.8262  1.9089 15.0240
  5.1354  1.6847  0.9879  2.1420 12.7294
  4.4409  2.6795  0.5997  1.1635 22.5448
  3.9398  4.1309  0.8167  0.4032 37.9884
  5.1089  4.4577  0.5026  0.6697 41.5886
  4.8964  2.9313  0.0590  1.7214 25.1469
  5.3862  1.5676  0.2034  0.9449 11.6388
  4.9502  2.0388  0.5867  0.8358 16.1230
  5.2015  2.2809  0.7129  1.3911 18.5123
  5.3804  2.8068  0.1790  0.5762 23.8552
  5.7079  3.3160  0.9456  0.4208 29.1919
  5.5780  3.6494  0.6366  0.9248 32.7564
  6.1791  4.4158  0.3076  0.3716 41.1241
  5.4504  2.5718  0.7542  2.6084 21.4438
  6.4023  3.6851  0.9590  0.7935 33.1414
  5.0091  2.3065  0.1090  1.2783 18.7673
  6.1282  2.9410  0.8585  0.4562 25.2482
  5.2447  1.0344  0.8263  2.0637  6.9250
  4.9605  2.3532  0.3066  0.3333 19.2344
  5.1433  1.3622  0.9437  1.0792  9.7691
  5.1579  2.4658  0.1914  0.8955 20.3683
  4.9620  2.6965  0.9398  1.6449 22.7190
  3.9694  1.5398  0.0336  2.4803 11.3825
  5.0329  3.1012  0.5843  0.9112 26.9232
  5.6491  1.2929  0.5576  0.2974  9.1516
  5.0432  1.8041  0.5127  1.3446 13.8596
  5.5635  4.4731  0.1763  1.1671 41.7588
  6.0174  1.4355  0.7083  1.5120 10.4288
  6.5900  3.0026  0.1996  1.6663 25.8900
  5.1845  2.2255  0.6445  2.2787 17.9606
  5.1734  3.7837  0.9343  1.2559 34.2057
