  5.2440  1.3495  0.9783  0.5142  9.6547
  5.6535  1.1688  0.9843  1.5477  8.0674
  4.8379  1.8475  0.9698  1.1620 14.2731
  5.1600  1.6475  0.9682  1.2058 12.3813
  4.7504  3.5266  0.9944  2.1947 31.4369
  5.2082  2.6947  0.9730  1.2381 22.7003
  5.2765  3.1396  0.9865  1.2702 27.3275
  5.4991  1.3216  0.9909  1.7506  9.4062
  5.5302  4.4787  0.9861  0.3353 41.8208
  5.5993  3.6740  0.9736  1.8005 33.0218
  4.7167  1.7939  0.9701  0.7381 13.7619
  5.2936  3.2356  0.9720  0.8274 28.3401
  6.6040  2.6682  0.6566  2.9049 22.4286
  4.7340  2.9399  0.9867  0.5882 25.2366
  4.9488  1.5916  0.9818  1.9599 11.8611
  5.0024  2.9740  0.9804  1.4599 25.5917
  4.9607  3.5349  0.9903  1.2355 31.5267
  5.1953  3.3497  0.9889  2.6728 29.5496
  5.2167  3.8384  0.9975  2.1551 34.7993
  4.8005  4.3825  0.9868  1.9958 40.7560
  5.2498  0.4312  0.9697  1.7801  2.3640
  5.2410  4.4079  0.9680  0.5881 41.0369
  5.5278  1.5805  0.9695  1.5454 11.7582
  4.1499  2.3596  0.9791  2.4172 19.2985
  3.9723  3.9127  0.9917  0.2900 35.6060
  5.2863  2.6488  0.9884  2.0315 22.2299
  5.0522  0.7512  0.9957  0.9139  4.6502
  5.7668  3.9673  0.9975  0.2311 36.1999
  4.5335  4.4607  0.9980  2.0582 41.6210
  5.0603  1.8460  0.9936  0.9315 14.2590
  4.4962  2.3831  0.9922  2.3681 19.5353
  5.1802  2.2612  0.9758  0.4654 18.3155
  5.1632  1.8687  0.9731  0.8448 14.4764
  5.2288  1.4139  0.9785  0.1229 10.2340
  5.0065  0.5445  0.9823  1.3095  3.1322
  6.3767  2.2580  0.9682  0.6998 18.2840
  5.0694  4.1638  0.9974  2.1247 38.3483
  5.1191  0.7846  0.9851  1.2107  4.9082
  3.8433  1.8119  0.9884  0.9008 13.9338
  4.1549  2.4585  0.9980  0.6261 20.2946
  4.3115  4.1215  0.9846  1.8636 37.8849
  3.7828  0.9011  0.9835  1.8111  5.8296
  5.5773  3.3865  0.9771  0.6223 29.9408
  5.0480  2.9808  0.9788  1.8209 25.6632
  5.8245  2.4985  0.9692  0.9862 20.6991
  5.6890  3.9287  0.9787  1.6104 35.7793
  3.6496  2.1005  0.9674  1.0100 16.7268
  6.0105  2.9009  0.9941  0.8018 24.8309
  5.1123  3.6299  0.9759  0.9008 32.5465
  5.4917  2.6299  0.9777  0.8249 22.0365
  6.9536  3.2264  0.6813  1.6103 28.2427
  4.7650  4.0296  0.9818  1.3817 36.8794
  4.3310  1.0398  0.9956  1.9909  6.9700
  4.5008  2.9792  0.9798  0.7218 25.6461
  5.3492  2.2102  0.9959  1.2628 17.8088
  5.2656  4.1454  0.9832  1.4070 38.1467
  5.1650  3.3991  0.9677  0.4939 30.0754
  5.4910  3.6549  0.9673  1.3859 32.8156
  5.2777  3.4423  0.9888  0.6904 30.5361
  5.7817  2.2635  0.9746  2.0890 18.3386
  4.3460  0.6354  0.9712  1.9555  3.7824
  5.1637  2.0488  0.9980  0.7507 16.2203
  5.3386  1.0708  0.9947  0.6667  7.2314
  5.3657  3.3129  0.9874  0.5258 29.1591
  4.9249  2.3918  0.9951  0.8148 19.6220
  4.9612  1.0868  0.9863  1.7107  7.3664
  5.5457  2.1106  0.9668  2.5579 16.8267
  5.0471  3.7140  0.9705  1.0488 33.4531
  4.9657  4.2023  0.9804  0.9734 38.7715
  6.1391  4.1280  0.9761  0.7292 37.9556
  5.6486  4.1401  0.9962  0.8947 38.0887
  5.6074  3.2953  0.9886  0.1831 28.9725
  4.1736  1.4647  0.9812  0.5767 10.6941
  5.2910  1.1599  0.9803  2.1854  7.9906
  4.8440  2.6082  0.9671  1.5130 21.8153
  5.3399  0.9129  0.9823  2.8337  5.9252
  4.0011  4.1594  0.9904  1.9868 38.3008
  5.0450  2.4403  0.9923  2.2185 20.1111
  5.2145  2.6011  0.9691  1.7077 21.7431
  5.4285  0.8463  0.9838  2.6185  5.3918
  3.6169  2.6346  0.9816  0.7999 22.0846
  5.1079  3.2583  0.9706  1.1624 28.5806
  4.5657  2.5077  0.9841  2.6398 20.7924
  5.3618  2.7812  0.9842  0.1486 23.5907
  5.1747  1.6673  0.9684  1.6997 12.5666
  3.5813  0.4360  0.9814  1.6643  2.3954
  5.0486  1.5613  0.9705  1.6233 11.5802
  4.9289  3.8737  0.9791  2.3860 35.1819
  4.9845  1.1079  0.9980  0.5320  7.5458
  4.8983  2.0058  0.9930  0.6290 15.8017
  4.8446  2.5501  0.9896  1.2803 21.2232
  4.6675  3.5451  0.9901  2.7809 31.6358
  5.3802  2.2335  0.9980  1.4700 18.0407
  5.1903  2.8001  0.9920  1.0412 23.7860
  4.7650  4.2464  0.9815  0.9871 39.2566
  4.5631  2.5874  0.9780  1.4858 21.6032
  4.1721  3.0171  0.9787  0.6371 26.0426
  5.2421  2.0015  0.9859  1.7389 15.7594
  4.6426  2.3195  0.9928  2.0184 18.8971
  4.0594  1.4052  0.9880  0.4126 10.1549
  5.0604  0.8736  0.9460  1.4509  5.6087
  6.5303  1.7152  0.9693  1.3188 13.0169
  5.0957  0.7810  0.9968  2.0294  4.8800
  4.5833  3.4988  0.9834  2.4697 31.1403
  5.4563  4.4252  0.9775  1.4508 41.2284
  4.3669  2.3341  0.9890  1.2792 19.0437
  5.5156  4.2100  0.9775  0.7026 38.8562
  5.3566  3.0306  0.9980  0.4258 26.1829
  5.2538  1.3748  0.9769  0.9939  9.8816
  6.1859  3.3500  0.9706  1.2637 29.5528
  5.8148  3.3141  0.9793  1.6669 29.1714
  6.0425  2.8053  0.9980  2.4050 23.8402
  4.3970  3.4753  0.9980  1.0282 30.8880
  5.5553  2.9842  0.9831  2.1307 25.6978
  5.2440  3.8932  0.9711  0.6008 35.3932
  4.4578  1.9299  0.9769  0.3001 15.0661
  5.1771  3.8442  0.9958  1.7234 34.8619
  4.7477  3.0473  0.9977  1.0595 26.3586
  5.2007  2.4686  0.9840  1.4629 20.3972
  4.1977  3.4254  0.9758  1.1907 30.3552
  5.2978  2.6380  0.9812  2.8760 22.1200
  5.4787  2.5363  0.9980  1.5751 21.0830
  5.5050  3.3752  0.9937  0.4437 29.8209
  4.7023  4.4277  0.9711  0.4671 41.2566
  4.8600  0.6161  0.9700  1.3188  3.6419
  4.9267  2.8836  0.9971  1.0957 24.6505
  4.1789  4.2385  0.9708  2.1388 39.1692
  4.6254  1.5455  0.9689  0.4448 11.4350
  5.3666  2.4943  0.9848  2.2508 20.6566
  5.6112  4.0685  0.9977  0.9771 37.3052
  3.6132  3.7698  0.9824  2.2453 34.0562
  4.4945  3.4056  0.9904  2.7637 30.1447
  5.0118  1.6054  0.9939  0.6730 11.9894
  3.8438  2.7097  0.9980  0.6932 22.8551
  4.9484  4.2844  0.9831  1.2133 39.6738
  5.1505  2.7436  0.9884  2.5425 23.2034
  5.8201  2.7051  0.9702  2.7327 22.8074
  3.7976  1.1406  0.9972  0.5342  7.8245
  5.3999  3.8869  0.9980  1.5984 35.3253
  5.3421  3.8514  0.9980  1.8523 34.9403
  4.2166  2.0428  0.9854  1.2040 16.1620
  4.9079  4.4714  0.9687  1.6423 41.7403
  4.6001  3.3524  0.9789  0.1084 29.5779
  4.4883  1.5469  0.9938  1.5490 11.4474
  4.2255  3.7062  0.9757  1.6525 33.3691
  4.3929  2.7355  0.9778  2.5590 23.1198
  3.8412  0.7252  0.9717  2.2536  4.4521
  6.0656  2.5231  0.9840  1.0240 20.9487
  5.0319  4.1072  0.9936  0.5962 37.7287
  5.1569  3.3869  0.9695  1.7305 29.9458
  4.8265  2.7820  0.9843  1.0621 23.5992
  5.2479  1.4803  0.9814  0.2902 10.8364
  4.1771  3.2660  0.9828  1.6119 28.6617
  4.8264  4.1156  0.9980  1.1707 37.8201
  3.9461  4.4973  0.9955  0.2830 42.0272
  5.7170  1.2186  0.9938  1.0251  8.4991
  5.2023  2.0828  0.9873  1.8372 16.5537
  4.9015  2.3919  0.9860  1.3923 19.6229
  4.1065  1.2042  0.9782  1.8630  8.3740
  4.8932  1.4599  0.9838  0.3584 10.6510
  5.1234  2.4718  0.9834  2.3442 20.4295
  5.2605  2.3270  0.9934  2.4278 18.9723
  5.1257  2.9129  0.9892  0.9465 24.9551
  5.7504  4.1331  0.9980  0.7903 38.0120
  4.4747  2.6097  0.9728  2.6983 21.8307
  4.7170  1.3916  0.9797  2.7209 10.0330
  4.3645  2.0929  0.9868  1.5818 16.6522
  4.8011  3.0965  0.9969  2.0988 26.8741
  5.4451  3.9228  0.9752  2.6089 35.7160
  5.3310  3.8323  0.9720  0.6488 34.7323
  5.2520  0.8832  0.9748  1.3043  5.6863
  4.8615  2.8019  0.9776  0.9609 23.8052
  5.8344  2.5602  0.9772  1.3559 21.3264
  4.7439  4.0228  0.9957  1.2120 36.8056
  5.0541  1.7859  0.9685  2.2675 13.6859
  5.4040  4.0909  0.9950  1.4950 37.5495
  5.0449  1.3498  0.9780  2.2404  9.6578
  4.7788  2.6461  0.9802  0.7950 22.2029
  5.0948  1.1518  0.9844  0.6463  7.9207
  5.3004  3.3598  0.9694  1.6911 29.6569
  4.4271  0.4796  0.9811  0.8317  2.6857
  5.3898  4.4140  0.9738  1.5424 41.1042
  5.7855  3.6960  0.9890  0.4995 33.2588
  5.0876  4.0541  0.9875  1.1144 37.1473
  5.8135  3.1945  0.9717  1.0899 27.9055
  5.2506  3.6985  0.9679  2.0707 33.2855
  5.2493  2.5837  0.9741  2.0719 21.5652
  5.2905  2.2855  0.9741  2.0370 18.5576
  5.3012  3.2535  0.9816  0.3654 28.5296
  5.2433  3.5772  0.9863  0.8129 31.9796
  5.5698  2.3351  0.9827  2.1178 19.0532
  5.8482  3.8954  0.9781  0.7272 35.4177
  4.9514  1.3463  0.9967  0.8188  9.6266
  4.9265  3.8242  0.9932  1.7324 34.6453
  5.2523  2.4014  0.9980  0.9497 19.7185
  5.0401  2.6511  0.9891  1.6131 22.2532
  5.5027  1.9877  0.9822  1.7052 15.6255
  4.4985  3.6946  0.9776  0.6983 33.2437
  5.3796  3.8842  0.9765  1.4674 35.2955
  4.8685  2.6229  0.9744  0.5694 21.9652
  4.0535  3.1890  0.9980  1.2671 27.8479
  5.8903  0.3084  0.9946  0.2600  1.5921
  4.9309  1.7312  0.9971  2.7575 13.1673
  4.9684  4.2746  0.9781  0.7276 39.5666
  4.8233  3.1324  0.9912  0.1253 27.2516
  4.7221  2.8074  0.9902  2.1905 23.8611
  5.3383  1.6161  0.9930  0.8409 12.0886
  5.7736  2.0245  0.9975  1.8707 15.9833
  4.5710  4.4731  0.9968  1.7473 41.7582
  5.8627  3.5969  0.9873  1.9111 32.1921
  5.9285  2.7975  0.9931  1.9094 23.7592
  4.2871  2.8843  0.9980  0.7422 24.6581
  3.5140  0.6561  0.9755  2.2298  3.9346
  4.7060  0.8076  0.9718  0.8908  5.0868
  4.9973  3.8414  0.9932  1.3637 34.8310
  4.8418  1.9098  0.9728  2.1006 14.8715
  3.5391  2.7412  0.9847  0.7737 23.1785
  4.6995  3.1112  0.9941  2.0602 27.0282
  5.2195  3.3231  0.9814  1.4689 29.2674
  5.3079  4.3939  0.9755  1.6649 40.8827
  3.7385  0.8436  0.9892  1.1429  5.3706
  6.0624  3.2061  0.9960  1.1879 28.0280
  5.8980  3.4313  0.9899  1.1566 30.4187
  5.5686  0.7229  0.9948  2.0596  4.4342
  3.7819  1.7267  0.9970  2.1845 13.1257
  5.3844  2.4576  0.9860  1.4295 20.2853
  4.7181  4.4641  0.9980  1.8836 41.6595
  5.1816  1.0837  0.9831  0.5043  7.3397
  5.5552  2.8321  0.9877  1.2279 24.1175
  5.1284  3.5624  0.9882  1.0591 31.8217
  5.1280  1.1343  0.9980  1.7359  7.7713
  4.5635  2.0975  0.9794  1.3540 16.6973
  4.3476  4.1091  0.9728  0.2822 37.7492
  4.7067  1.7875  0.9741  2.0288 13.7012
  3.7492  2.0122  0.9750  2.0057 15.8635
  5.7770  3.3266  0.9743  1.7444 29.3044
  5.2111  1.6955  0.9687  0.7537 12.8314
  4.7463  2.7849  0.9683  0.4807 23.6295
  5.2031  3.9730  0.9748  0.2599 36.2624
  5.0777  3.0195  0.9864  1.6458 26.0666
  5.0417  1.9123  0.9797  1.0166 14.8958
  4.6650  3.0636  0.9760  0.5139 26.5284
  5.3884  3.7329  0.9952  2.0271 33.6571
  5.4523  0.9618  0.9700  2.5042  6.3241
  4.0354  2.7308  0.9966  2.0882 23.0721
  3.7601  3.7203  0.9690  0.2951 33.5205
  5.5317  4.3428  0.9943  1.6172 40.3181
  4.8181  1.5109  0.9913  0.6277 11.1168
  4.7733  0.4725  0.9795  0.1025  2.6383
  4.1347  0.8482  0.9759  1.2700  5.4067
  3.5049  3.2693  0.9712  1.4988 28.6967
  5.8327  3.0355  0.9679  2.4886 26.2350
  4.7556  2.2182  0.9911  1.7588 17.8880
  4.7577  1.8737  0.9920  2.5249 14.5251
  4.1326  4.2276  0.9723  2.5798 39.0496
  5.8830  2.3581  0.9823  1.1546 19.2840
  4.9925  2.0518  0.9866  0.2926 16.2500
  4.4802  2.9120  0.9946  1.5449 24.9464
  3.9055  2.9556  0.9961  0.6279 25.3997
  5.9721  3.8533  0.9686  1.5905 34.9606
  4.8141  4.3486  0.9803  0.4254 40.3824
  3.6929  3.3450  0.9837  1.6122 29.5000
  5.3496  1.1530  0.9697  1.2808  7.9311
  5.3430  4.1467  0.9720  2.2152 38.1615
  5.5577  4.1079  0.9804  1.3698 37.7365
  3.7581  4.2527  0.9913  1.2632 39.3258
  5.0140  0.4998  0.9848  2.6771  2.8231
  5.1203  3.7987  0.9854  0.0750 34.3690
  4.9277  2.9612  0.9735  2.0556 25.4581
  4.4385  3.8593  0.9683  0.2362 35.0260
  5.4648  2.9976  0.9881  1.3015 25.8385
  5.7258  3.4461  0.9804  1.6694 30.5760
  4.3805  2.6202  0.9969  2.1739 21.9379
  5.2283  3.7511  0.9832  1.4134 33.8533
  4.4887  0.4032  0.9749  1.2467  2.1822
  5.0875  1.2416  0.9826  0.6356  8.7006
  5.4145  1.4389  0.9856  0.3523 10.4600
  4.2108  3.4690  0.9762  0.3399 30.8217
  5.4707  3.1603  0.9928  0.5257 27.5450
  4.5398  0.6740  0.9672  0.4829  4.0669
  4.5386  2.1326  0.9944  0.4896 17.0430
  4.4593  1.2215  0.9721  1.7866  8.5245
  4.8038  0.8780  0.9787  1.7565  5.6444
  4.6865  3.0646  0.9978  1.8069 26.5392
  5.2090  2.1740  0.9821  0.5591 17.4506
  6.5226  1.9815  0.8066  0.1902 15.5651
  5.0615  0.9475  0.9701  2.4949  6.2064
  3.9708  2.4308  0.9942  2.0921 20.0147
  4.9893  1.7860  0.9743  0.9494 13.6870
  5.0580  3.4574  0.9708  1.6674 30.6977
  3.6246  3.4288  0.9679  1.0679 30.3922
  5.6337  3.2198  0.9933  1.2629 28.1733
  5.1245  1.2816  0.9840  1.4224  9.0520
  5.1783  2.5458  0.9685  0.3363 21.1793
  5.2909  1.9883  0.9709  0.6242 15.6312
  6.3755  2.9923  0.9900  0.6848 25.7828
  4.0078  0.9293  0.9694  0.9316  6.0581
  4.7620  1.9850  0.9893  2.4108 15.5992
  5.3854  4.1972  0.9840  0.7449 38.7155
  4.6765  1.9085  0.9952  0.9401 14.8593
  4.4269  0.5588  0.9714  2.8459  3.2327
  5.7848  2.7416  0.9683  2.0906 23.1824
  4.4822  1.3429  0.9980  1.1642  9.5961
  5.2230  1.9369  0.9773  1.3664 15.1334
  4.7573  2.2881  0.9745  1.5336 18.5839
  5.9121  4.2378  0.9741  1.0328 39.1618
  4.7916  4.1659  0.9692  2.0844 38.3715
  6.2916  2.7553  0.9731  1.5112 23.3237
  3.5996  2.1810  0.9879  2.1317 17.5200
  5.2560  1.4926  0.9752  0.8706 10.9494
  5.2585  2.2945  0.9957  0.0885 18.6476
  6.8239  3.3516  0.4450  2.1865 29.5697
  4.3945  2.7055  0.9769  0.4816 22.8121
  4.8748  1.1559  0.9980  1.7993  7.9560
  5.1815  1.1539  0.9847  0.4630  7.9390
  5.2601  3.2818  0.9980  2.7675 28.8291
  5.1851  3.3299  0.9914  2.7301 29.3388
  5.1426  3.3113  0.9777  1.7691 29.1420
  4.6922  2.4466  0.9973  0.8032 20.1746
  5.2445  4.3624  0.9715  2.3057 40.5341
  4.2139  3.3868  0.9751  2.0105 29.9441
  5.6903  2.8870  0.9953  2.5593 24.6861
  5.1317  4.4685  0.9790  1.3109 41.7073
  4.8767  1.7048  0.9787  1.1538 12.9186
  4.5276  4.3743  0.9801  0.7466 40.6657
  3.9310  4.1453  0.9875  2.0219 38.1457
  5.2889  0.3226  0.9893  1.8993  1.6777
  5.2679  2.8675  0.9921  0.9508 24.4834
  5.1942  1.8218  0.9947  0.8772 14.0277
  4.0512  1.3247  0.9931  1.0175  9.4340
  5.7913  3.1386  0.9766  0.4122 27.3171
  4.4644  3.0439  0.9701  1.0813 26.3229
  4.4881  0.2352  0.9873  1.4074  1.1664
  5.0710  2.9206  0.9895  1.7580 25.0357
  5.0138  0.6589  0.9845  1.6533  3.9555
  4.9983  0.9231  0.9782  0.8508  6.0081
  5.7647  2.9363  0.9798  0.9672 25.1984
  5.4625  4.3924  0.9931  2.5402 40.8663
  5.0932  3.4297  0.9865  1.8959 30.4013
  5.3454  3.8740  0.9675  0.4927 35.1851
  4.6646  3.9065  0.9744  1.2592 35.5388
  5.2797  0.5717  0.9718  2.1655  3.3237
  5.4619  0.3420  0.9756  1.5234  1.7966
  5.8636  4.0778  0.9946  1.0848 37.4064
  6.3156  2.2993  0.9938  1.1359 18.6958
  4.6049  4.1330  0.9728  0.9625 38.0112
  4.1590  1.0242  0.9962  0.5872  6.8397
  6.4168  1.6556  0.9757  1.9260 12.4571
  4.7015  1.4271  0.9895  1.0800 10.3532
  5.7491  4.3484  0.9814  1.9757 40.3803
  4.5326  3.6603  0.9743  2.5461 32.8740
  4.5587  2.6495  0.9963  1.0491 22.2368
  3.6256  2.4382  0.9949  0.9292 20.0900
  5.4069  1.4373  0.9804  1.7357 10.4451
  5.1716  3.2985  0.9783  0.7421 29.0057
  4.3690  3.5980  0.9689  1.6699 32.2039
  5.4911  1.0459  0.9925  2.0646  7.0212
  5.2424  4.2116  0.9958  0.9925 38.8730
  5.9607  3.3316  0.9965  2.1287 29.3569
  6.1929  2.7866  0.9789  0.7319 23.6472
  5.1648  3.5118  0.9955  0.2739 31.2791
  5.1565  2.5252  0.9854  2.1273 20.9703
  5.0664  2.5376  0.9892  1.7268 21.0965
  4.9067  0.9498  0.9881  0.8417  6.2251
  5.2227  1.6713  0.9673  1.3034 12.6041
  6.4254  2.1192  0.9594  2.5424 16.9113
  5.4266  3.1245  0.9690  0.7164 27.1687
  5.1051  3.4424  0.9893  0.9144 30.5372
  5.4407  1.7142  0.9693  0.2732 13.0076
  5.1075  1.1910  0.9859  1.1767  8.2592
  5.6667  2.6466  0.9782  1.1404 22.2075
  5.7071  2.6191  0.9829  0.4296 21.9270
  6.0770  3.2004  0.9813  0.6397 27.9679
  4.8290  4.3159  0.9895  1.3488 40.0213
  5.0064  2.6902  0.9674  1.6479 22.6543
  5.0451  4.1226  0.9677  1.3990 37.8972
  6.5974  2.2383  0.7589  2.2272 18.0879
  6.0307  3.0737  0.9980  0.8077 26.6345
  4.2698  2.5161  0.9710  2.8817 20.8783
  5.2002  1.2748  0.9826  1.1209  8.9922
  5.1639  1.5996  0.9699  2.3242 11.9350
  4.7430  1.5500  0.9897  1.8200 11.4763
  4.3140  1.3822  0.9683  2.2972  9.9485
  4.8760  3.1355  0.9931  1.6531 27.2839
  5.2570  0.8672  0.9971  0.9357  5.5576
  5.0199  4.2306  0.9773  0.8912 39.0818
  4.4212  0.7822  0.9938  2.2854  4.8895
  3.5581  3.1784  0.9829  0.6639 27.7364
  3.8581  3.8418  0.9936  0.8662 34.8358
  5.6378  3.0725  0.9714  1.6829 26.6226
  4.6192  0.8446  0.9749  0.1045  5.3785
  5.4131  3.3997  0.9829  1.5533 30.0820
  5.1525  4.4907  0.9780  1.5844 41.9541
  5.3406  0.7237  0.9925  0.9645  4.4406
  4.1992  3.8059  0.9873  1.2905 34.4463
  5.8061  2.4869  0.9856  1.7727 20.5823
  6.4782  3.3666  0.9619  1.9426 29.7290
  5.6450  3.9963  0.9960  1.0058 36.5160
  5.1358  1.9643  0.9920  2.2803 15.3990
  4.4490  3.5403  0.9710  2.0222 31.5843
  5.6359  2.8878  0.9823  0.4453 24.6945
  4.7969  4.4176  0.9748  0.9919 41.1447
  5.5165  3.3333  0.9980  0.2952 29.3754
  5.1244  2.7629  0.9916  1.0734 23.4022
  4.7877  4.4877  0.9749  1.0407 41.9208
  4.6955  3.7006  0.9724  1.5277 33.3085
  3.7859  4.0860  0.9796  0.1932 37.4960
  4.6227  3.5706  0.9911  1.8906 31.9094
  4.7965  1.3507  0.9929  0.9070  9.6662
  5.2400  1.4651  0.9699  2.2274 10.6982
  5.3378  2.8790  0.9844  1.5686 24.6035
  5.0066  0.8872  0.9825  0.7983  5.7180
  5.3765  0.9995  0.9842  0.6747  6.6343
  4.5608  4.3478  0.9753  2.3113 40.3730
  4.4538  2.7125  0.9707  1.7888 22.8831
  5.1341  3.6653  0.9687  1.0134 32.9277
  4.5598  2.9069  0.9686  0.2324 24.8931
  5.8400  2.7903  0.9980  1.0131 23.6848
  4.9216  2.6555  0.9980  0.3603 22.2991
  4.3706  2.0001  0.9808  0.7488 15.7461
  5.8798  4.0362  0.9777  1.3236 36.9520
  3.6083  2.4861  0.9954  1.7800 20.5733
  4.3095  0.7628  0.9774  1.1359  4.7397
  5.6101  2.1983  0.9925  0.4045 17.6913
  5.9066  1.5035  0.9716  0.7813 11.0488
  5.1054  2.3852  0.9741  0.5895 19.5564
  6.9186  1.7114  0.4952  2.2940 12.9806
  5.4576  3.5958  0.9947  0.8828 32.1798
  5.0076  3.2339  0.9834  1.2219 28.3222
  4.7426  2.3279  0.9809  2.2293 18.9813
  4.5101  0.8352  0.9960  0.2899  5.3040
  5.0588  3.1343  0.9745  0.4871 27.2720
  4.9872  1.7144  0.9756  2.1351 13.0091
  4.9248  2.1359  0.9862  0.9012 17.0753
  5.1909  1.3333  0.9774  0.5328  9.5108
  4.7308  2.1267  0.9717  0.8025 16.9848
  5.1757  0.6270  0.9675  1.6667  3.7212
  6.4464  2.0730  0.8736  0.4429 16.4573
  5.9208  2.0735  0.9885  1.1108 16.4620
  4.1365  2.1258  0.9980  1.8955 16.9762
  5.9433  2.8462  0.9793  2.0534 24.2634
  4.9882  1.9210  0.9826  0.9777 14.9797
  5.0438  4.1822  0.9801  1.2557 38.5505
  6.1811  3.3525  0.9901  0.3759 29.5789
  4.6978  1.2361  0.9682  0.5469  8.6524
  5.1149  3.1729  0.9875  0.5842 27.6779
  6.6055  3.2395  0.5811  2.0534 28.3806
  5.1836  3.0618  0.9980  0.8361 26.5103
  4.4165  3.3442  0.9821  1.4656 29.4916
  5.2251  0.6809  0.9810  1.9352  4.1183
  4.4399  1.1216  0.9720  0.6006  7.6621
  4.9998  1.1311  0.9873  1.5068  7.7433
  5.2677  1.4260  0.9979  0.8212 10.3434
  4.7287  1.1868  0.9926  1.1016  8.2228
  5.7692  2.4697  0.9781  2.5372 20.4080
  5.5517  3.6852  0.9907  0.8590 33.1415
  5.1052  2.8419  0.9974  0.9201 24.2190
  5.2355  2.2051  0.9956  0.5577 17.7586
  3.9568  4.4921  0.9697  0.8354 41.9690
  5.6678  3.8617  0.9713  1.6992 35.0513
  5.9110  3.2677  0.9873  2.6796 28.6796
  4.9528  0.7581  0.9962  1.6817  4.7032
  4.4389  3.6525  0.9688  0.9461 32.7895
  4.8897  3.8326  0.9862  2.1172 34.7355
  5.0718  1.6786  0.9822  2.4162 12.6729
  3.6151  2.6366  0.9707  1.6868 22.1052
  4.8815  2.6784  0.9761  1.6139 22.5338
  4.8619  2.3268  0.9825  1.2499 18.9703
  5.2677  1.6464  0.9813  1.8685 12.3715
  4.8858  2.8060  0.9871  2.6969 23.8471
  5.2871  1.1562  0.9752  1.5490  7.9593
  4.7915  2.9477  0.9819  1.2342 25.3181
  5.1185  2.8385  0.9894  1.7116 24.1835
  5.3278  2.0621  0.9706  1.6044 16.3508
  5.2030  1.4030  0.9784  0.9274 10.1357
  4.6123  2.7494  0.9811  0.8927 23.2636
  5.1942  4.2636  0.9891  0.0555 39.4453
  5.4785  3.4337  0.9689  0.5467 30.4442
  4.6893  3.2502  0.9787  2.3406 28.4947
  4.7124  2.7852  0.9848  0.1185 23.6325
  5.0775  3.0154  0.9978  0.6283 26.0246
  4.3187  1.8931  0.9905  1.6337 14.7110
  5.5347  3.4265  0.9966  1.4963 30.3670
  4.8773  1.9658  0.9738  1.6338 15.4128
  5.9330  4.3555  0.9689  1.6644 40.4581
  5.6109  3.6278  0.9825  0.2394 32.5237
  4.8901  2.0267  0.9889  2.8952 16.0055
  5.1395  1.7634  0.9933  1.9167 13.4720
  5.2719  0.8497  0.9860  0.3926  5.4186
  4.5653  2.2674  0.9742  0.5648 18.3778
  4.2361  1.3913  0.9894  0.6765 10.0295
  5.2993  1.7192  0.9669  2.0253 13.0548
  5.9900  3.4854  0.9971  1.6976 30.9964
  4.9783  3.9254  0.9972  1.9286 35.7434
  6.0365  3.7947  0.9852  0.5536 34.3249
  6.3075  2.8038  0.9836  0.9046 23.8239
  6.2292  4.2920  0.9935  1.9947 39.7579
  4.9559  3.1389  0.9809  1.2897 27.3195
  4.6934  3.5803  0.9814  1.9301 32.0128
  5.2585  1.6501  0.9869  0.9123 12.4057
  4.5829  1.0929  0.9700  1.5910  7.4176
  3.5960  1.7796  0.9849  2.5588 13.6266
  5.1190  3.3701  0.9748  0.8568 29.7664
  5.1116  2.5220  0.9855  0.3154 20.9378
  5.0562  3.0652  0.9792  2.5482 26.5459
  5.1564  2.8045  0.9926  1.1142 23.8315
  4.1719  3.3797  0.9763  2.6620 29.8692
  4.1065  3.1675  0.9755  0.2849 27.6206
  5.1486  1.3719  0.9832  1.5584  9.8557
  5.3862  4.2157  0.9711  1.5254 38.9184
  5.1436  2.5738  0.9837  2.6862 21.4644
  5.0171  2.3223  0.9809  2.4056 18.9257
  5.0446  3.6525  0.9674  0.5632 32.7900
  5.2828  2.5305  0.9748  1.4676 21.0241
  4.6732  3.8779  0.9737  0.9541 35.2276
  3.9630  0.7828  0.9915  1.6903  4.8938
  4.7990  2.6010  0.9707  0.5631 21.7413
  5.2460  1.4915  0.9860  1.1526 10.9388
  5.5849  3.8208  0.9774  1.3034 34.6083
  5.3143  1.0599  0.9873  1.0120  7.1389
  5.2661  3.2510  0.9707  1.6546 28.5026
  4.0616  2.4355  0.9884  1.2243 20.0623
  6.0329  3.2969  0.9810  0.9688 28.9887
  4.7767  1.9896  0.9735  1.6564 15.6436
  6.3518  3.2199  0.9790  1.1580 28.1736
  4.7840  2.7622  0.9885  0.9850 23.3951
  5.2244  1.6834  0.9872  1.4109 12.7174
  6.1979  3.5600  0.9768  1.6748 31.7950
  6.8784  3.2616  0.4928  0.6026 28.6151
  5.4236  2.7899  0.9883  2.6823 23.6813
  5.0289  1.5251  0.9943  0.4725 11.2468
  4.5776  4.4893  0.9973  0.9177 41.9379
  5.2294  2.0744  0.9858  2.0809 16.4711
  4.8065  3.0794  0.9702  1.7311 26.6951
  5.9478  4.2102  0.9965  1.7565 38.8579
  4.5527  0.8695  0.9789  0.6543  5.5762
  4.3621  2.2172  0.9779  0.9919 17.8791
  5.6234  2.3662  0.9817  0.4914 19.3653
  4.5833  2.2986  0.9897  0.5763 18.6885
  5.2184  1.5956  0.9824  0.6670 11.8977
  4.8585  3.0096  0.9693  0.6347 25.9640
  4.6100  2.1353  0.9964  0.6967 17.0693
  4.9340  1.0451  0.9738  0.5302  7.0147
  5.0955  3.3940  0.9904  0.2378 30.0214
  5.2127  2.1723  0.9725  1.0829 17.4345
  6.3242  2.5844  0.9821  0.8092 21.5724
  5.8007  2.0566  0.9838  1.7200 16.2965
  4.5496  2.9386  0.9959  0.8712 25.2225
  4.6702  1.5332  0.9789  0.7230 11.3210
  5.2558  0.4238  0.9912  0.0283  2.3154
  6.4006  2.8435  0.9192  0.7457 24.2355
  5.5027  2.2746  0.9710  1.2659 18.4494
  4.5039  2.8780  0.9797  0.6433 24.5928
  4.4542  1.4741  0.9748  1.1876 10.7804
  4.1610  1.0423  0.9937  0.8560  6.9917
  5.2042  2.2948  0.9823  2.2532 18.6501
  3.9368  4.4966  0.9848  0.1761 42.0194
  4.2532  2.7437  0.9865  1.9662 23.2048
  5.3186  3.4293  0.9753  2.5161 30.3969
  5.7643  2.5979  0.9868  1.1416 21.7101
  4.9008  4.1563  0.9864  1.7893 38.2666
  4.5932  3.5880  0.9919  1.0969 32.0961
  5.3449  1.3048  0.9697  0.4093  9.2569
  6.5782  1.9050  0.8333  0.9644 14.8255
  4.8914  1.7040  0.9697  0.7411 12.9115
  5.2953  0.6872  0.9887  0.1792  4.1658
  5.8305  3.3036  0.9732  1.4394 29.0598
  5.1160  3.1576  0.9918  2.4264 27.5166
  3.6451  3.7919  0.9980  2.0146 34.2949
  4.5163  4.1127  0.9961  0.8647 37.7883
  6.0719  1.6134  0.9806  1.1644 12.0629
  6.0945  2.1045  0.9844  2.1015 16.7663
  4.9231  2.0432  0.9837  0.8828 16.1661
  5.2051  2.9435  0.9841  2.9014 25.2738
  4.8295  1.9176  0.9697  1.6176 14.9468
  4.2970  3.8513  0.9699  2.5107 34.9384
  4.4668  1.5239  0.9726  1.5959 11.2357
  5.2167  1.9223  0.9968  0.5031 14.9925
  4.4674  2.4379  0.9808  1.1141 20.0866
  4.9113  3.0010  0.9724  2.0457 25.8736
  5.1957  2.3007  0.9794  0.2949 18.7092
  6.2578  2.8472  0.9893  0.5112 24.2740
  5.3160  2.3827  0.9806  1.4408 19.5308
  5.6228  2.4552  0.9858  0.4520 20.2618
  5.8480  2.8546  0.9919  0.9746 24.3503
  5.5525  1.8028  0.9907  1.4534 13.8469
  4.3124  2.4781  0.9756  0.3301 20.4925
  5.1856  3.3266  0.9726  1.3226 29.3045
  5.2342  4.2426  0.9964  0.8526 39.2137
  3.7097  3.3505  0.9980  2.2333 29.5576
  5.6636  4.3402  0.9741  0.4540 40.2898
  5.4801  3.6498  0.9924  1.8696 32.7602
  5.6419  3.2037  0.9776  0.2530 28.0026
  4.2614  2.6262  0.9726  1.4044 21.9992
  4.6463  3.1463  0.9906  1.0719 27.3975
  4.3721  4.2017  0.9713  0.9538 38.7645
  5.1008  1.7005  0.9958  1.0578 12.8787
  5.0817  3.3370  0.9883  0.8539 29.4143
  6.2223  2.2905  0.9720  1.2793 18.6073
  4.5394  3.4604  0.9954  0.5593 30.7291
  5.7780  4.3074  0.9859  0.5248 39.9278
  4.3416  2.4002  0.9765  0.9954 19.7070
  3.7361  3.2273  0.9980  1.7210 28.2517
  4.9830  2.5347  0.9980  1.5574 21.0664
  4.9460  0.9822  0.9944  1.1177  6.4917
  5.5464  3.4214  0.9941  0.4397 30.3127
  5.1165  3.0594  0.9937  1.4592 26.4854
  4.2192  3.4792  0.9903  1.9891 30.9298
  5.7508  2.2717  0.9848  0.5849 18.4202
  4.8137  3.1642  0.9902  0.9910 27.5864
  6.1991  3.1053  0.9704  0.9582 26.9665
  5.3397  4.4784  0.9865  1.8646 41.8179
  5.0269  3.1561  0.9980  0.5148 27.5007
  5.2231  0.4545  0.9786  0.8884  2.5175
  4.8448  2.8414  0.9738  0.7012 24.2135
  5.4203  2.3406  0.9740  0.8651 19.1086
  4.9578  1.2706  0.9917  2.3494  8.9551
  4.3593  2.1543  0.9762  0.9170 17.2562
  4.5916  2.5112  0.9776  2.7016 20.8285
  5.3453  3.5109  0.9931  1.8661 31.2695
  3.8386  1.6526  0.9676  2.7832 12.4291
  5.1592  4.4878  0.9911  2.0653 41.9220
  5.4081  3.0402  0.9813  1.3016 26.2840
  5.3346  4.4460  0.9862  2.1802 41.4583
  5.5552  2.5782  0.9848  2.1058 21.5090
  3.6455  3.6918  0.9860  2.6774 33.2127
  4.5873  2.6391  0.9691  1.7496 22.1313
  5.6298  3.6390  0.9802  1.2658 32.6447
  3.5630  0.6108  0.9723  1.5661  3.6040
  5.2853  3.7698  0.9774  2.4017 34.0554
  5.4127  4.2893  0.9929  0.6012 39.7287
  5.6264  3.5395  0.9889  2.5941 31.5752
  3.8145  1.1822  0.9779  0.9593  8.1829
  4.7570  2.1655  0.9812  0.3111 17.3673
  5.2419  2.0740  0.9855  1.9565 16.4668
  5.3877  3.4953  0.9815  2.4339 31.1021
  6.2994  2.1794  0.9898  2.0255 17.5043
  3.7236  2.0703  0.9716  0.9778 16.4309
  5.9639  3.9529  0.9879  0.3174 36.0430
  5.5417  3.2293  0.9831  2.3044 28.2732
  4.8159  2.7310  0.9675  0.9144 23.0742
  4.9615  1.3181  0.9952  1.0091  9.3752
  5.2402  1.5503  0.9682  0.3863 11.4791
  4.5618  4.2828  0.9912  1.0125 39.6570
  4.9352  3.6902  0.9903  0.5272 33.1962
  5.4262  4.0117  0.9691  1.4545 36.6842
  5.2722  1.4475  0.9855  2.2340 10.5379
  4.4786  3.8328  0.9755  1.0096 34.7376
  4.9644  0.6227  0.9725  2.7275  3.6900
  4.6717  3.4874  0.9695  1.2083 31.0177
  4.7923  1.3489  0.9748  2.1819  9.6496
  5.9476  2.1809  0.9779  2.5184 17.5192
  5.4399  2.2563  0.9824  0.5515 18.2672
  5.6617  3.9815  0.9770  1.6110 36.3548
  6.5562  2.5187  0.8297  0.6377 20.9044
  5.0251  3.0060  0.9791  0.7613 25.9256
  4.6967  4.4700  0.9722  1.5384 41.7248
  5.6479  2.7450  0.9757  1.1822 23.2180
  3.7295  1.7356  0.9871  0.9785 13.2091
  4.9182  3.3951  0.9722  1.8941 30.0323
  4.9011  4.1399  0.9802  1.8678 38.0862
  5.9228  3.0774  0.9676  1.6522 26.6732
  5.2143  0.9881  0.9820  1.2075  6.5399
  5.5470  2.2066  0.9889  2.0546 17.7740
  4.9301  3.8104  0.9806  2.5747 34.4951
  5.3913  3.1083  0.9980  0.8723 26.9981
  4.5304  2.5164  0.9795  1.1887 20.8805
  4.7584  2.9282  0.9772  1.6677 25.1147
  4.2913  2.7216  0.9935  0.5319 22.9769
  4.6056  2.8029  0.9876  1.7688 23.8149
  5.9739  2.3938  0.9781  1.1969 19.6423
  5.2837  3.1429  0.9888  2.5281 27.3625
  5.2014  1.4940  0.9962  1.8362 10.9621
  4.2838  3.4355  0.9897  1.4952 30.4631
  4.5829  3.3871  0.9724  1.2812 29.9477
  4.1207  4.0328  0.9765  1.6547 36.9152
  5.0142  1.4994  0.9749  1.4948 11.0113
  6.2803  2.1157  0.9948  2.1473 16.8767
  5.0707  1.1321  0.9701  0.8159  7.7520
  4.6089  3.3586  0.9706  1.9196 29.6446
  4.9881  2.3745  0.9777  2.1613 19.4480
  4.6396  1.0966  0.9913  1.3473  7.4492
  5.2572  1.3557  0.9890  1.2022  9.7106
  4.7927  4.1303  0.9846  0.5298 37.9809
  5.1803  3.9394  0.9835  1.9464 35.8962
  6.2363  1.8248  0.9898  1.0512 14.0567
  4.3024  4.0486  0.9950  2.6946 37.0870
  4.8579  2.8682  0.9848  2.0134 24.4913
  4.9404  3.3683  0.9716  1.8017 29.7476
  6.5308  3.9627  0.8985  0.3775 36.1504
  5.2793  1.9932  0.9816  1.6632 15.6786
  5.7368  1.8398  0.9907  2.1987 14.2000
  5.2505  4.4759  0.9920  0.9885 41.7899
  5.0095  2.8107  0.9898  0.9232 23.8956
  5.1143  3.2707  0.9925  1.5317 28.7114
  5.7153  3.4198  0.9843  1.3562 30.2963
  6.9465  1.3314  0.7230  0.7082  9.4933
  6.1057  4.2408  0.9809  1.9998 39.1947
  6.0955  2.3710  0.9958  1.3307 19.4131
  4.8919  1.8674  0.9953  1.5931 14.4642
  5.3288  1.5740  0.9825  1.6876 11.6978
  3.6574  4.0054  0.9906  0.7800 36.6156
  4.7607  2.6974  0.9894  0.5640 22.7288
  4.2532  0.9499  0.9954  3.0506  6.2262
  5.2520  0.1043  0.9873  0.8665  0.4761
  5.5583  0.6762  0.9771  1.6556  4.0832
  4.7984  2.9081  0.9962  2.0105 24.9054
  5.4984  3.8580  0.9899  0.3341 35.0117
  6.1110  3.3606  0.9747  0.6922 29.6656
  5.1238  2.3867  0.9980  0.5304 19.5711
  4.9082  3.5719  0.9812  1.4947 31.9236
  5.1626  2.4167  0.9773  1.5458 19.8731
  4.6247  2.8066  0.9980  0.3599 23.8537
  4.0606  3.4271  0.9827  1.8217 30.3742
  4.7127  3.6436  0.9964  0.6899 32.6942
  5.5092  2.0683  0.9920  0.5089 16.4118
  5.3425  3.3334  0.9980  0.2508 29.3769
  5.7485  3.0343  0.9827  1.1238 26.2219
  4.0246  3.6924  0.9968  0.9023 33.2198
  3.7518  1.8558  0.9680  0.2904 14.3526
  4.7454  1.8250  0.9790  1.7710 14.0587
  5.2117  4.4331  0.9980  2.5195 41.3161
  5.0738  2.7173  0.9748  0.9168 22.9333
  5.4986  1.5897  0.9853  1.4187 11.8429
  4.4995  2.1031  0.9958  0.2994 16.7527
  4.6799  1.9474  0.9751  0.4879 15.2350
  4.0705  0.4981  0.9844  0.8580  2.8117
  5.1922  2.1962  0.9682  1.7234 17.6710
  4.5458  2.3320  0.9914  2.0845 19.0228
  4.7995  3.0544  0.9980  0.4398 26.4329
  5.2366  1.3462  0.9888  0.3811  9.6255
  5.2972  0.6828  0.9701  0.4779  4.1327
  4.8511  1.3209  0.9980  1.6029  9.4006
  5.2151  2.5690  0.9892  1.2583 21.4150
  5.1544  1.7657  0.9913  2.5811 13.4940
  5.1061  1.6066  0.9773  2.6688 12.0004
  4.9342  2.2305  0.9980  2.2074 18.0109
  5.5307  3.5542  0.9730  0.3161 31.7329
  5.2880  2.1435  0.9980  2.8866 17.1495
  4.6198  2.6196  0.9891  1.0892 21.9314
  6.6346  2.2483  0.9232  1.8586 18.1875
  5.6506  2.2521  0.9747  2.0060 18.2252
  4.4755  3.5552  0.9920  1.1948 31.7436
  3.6910  1.8888  0.9766  1.8662 14.6698
  4.5729  1.8422  0.9815  1.1821 14.2224
  5.3866  2.3325  0.9939  1.3153 19.0274
  5.9054  3.1739  0.9775  2.2884 27.6887
  4.7574  2.8857  0.9694  0.9746 24.6726
  5.0165  1.1756  0.9831  0.9214  8.1258
  4.8908  3.3279  0.9818  0.7837 29.3184
  5.1081  0.8075  0.9720  2.1113  5.0861
  4.0901  2.0107  0.9873  1.6710 15.8488
  5.8008  3.8686  0.9980  1.2083 35.1260
  4.5048  3.9825  0.9899  0.7319 36.3655
  5.2100  3.2931  0.9771  1.5283 28.9489
  5.0931  1.4881  0.9729  1.6677 10.9082
  4.8856  3.8696  0.9819  1.1315 35.1369
  5.4539  1.8815  0.9726  1.2583 14.5992
  4.4347  2.8620  0.9980  1.5522 24.4266
  4.8336  1.8956  0.9833  1.8734 14.7349
  4.9757  1.7291  0.9732  2.3908 13.1476
  5.2177  1.3870  0.9980  1.3392  9.9910
  5.4508  3.3326  0.9821  1.6603 29.3682
  6.0672  3.3138  0.9702  1.2530 29.1683
  5.1186  3.1972  0.9820  2.6298 27.9338
  4.6394  1.3874  0.9954  0.1215  9.9950
  5.1426  2.6844  0.9948  0.2648 22.5951
  4.5019  1.2307  0.9734  1.3110  8.6054
  4.2546  0.5257  0.9679  0.8579  3.0014
  5.2457  4.0065  0.9869  1.2808 36.6271
  6.8343  3.1426  0.9689  0.9431 27.3589
  4.5315  2.4190  0.9870  1.9691 19.8962
  3.9272  1.8902  0.9880  0.6694 14.6831
  4.3268  4.3280  0.9980  2.0492 40.1548
  5.2245  2.1030  0.9688  1.4603 16.7512
  4.6459  3.5736  0.9728  2.2362 31.9412
  5.1581  0.8154  0.9674  0.2805  5.1482
  4.8141  1.0932  0.9878  2.1296  7.4206
  5.7654  4.2710  0.9714  0.8814 39.5271
  5.1077  3.1560  0.9888  0.3224 27.4999
  4.3496  3.6423  0.9843  0.2253 32.6799
  4.1190  1.5028  0.9686  1.1259 11.0419
  5.6708  4.3077  0.9685  1.4425 39.9311
  4.9221  2.2607  0.9942  2.3436 18.3112
  4.1244  1.7516  0.9767  0.4123 13.3608
  5.5266  2.2427  0.9973  0.5097 18.1314
  6.0143  4.4663  0.9877  1.8319 41.6834
  5.3223  1.0235  0.9793  1.8660  6.8339
  4.6551  4.0038  0.9871  1.0726 36.5980
  4.7300  2.9774  0.9980  1.3399 25.6268
  5.4902  3.4699  0.9949  0.9414 30.8306
  4.1275  3.0400  0.9675  0.3720 26.2821
  5.5806  1.8186  0.9849  0.0348 13.9978
  5.4026  1.4187  0.9863  1.4412 10.2768
  5.2236  3.0217  0.9934  0.7565 26.0905
  4.5577  1.8600  0.9819  0.8531 14.3935
  5.5434  2.1035  0.9814  0.9099 16.7566
  4.8050  3.8180  0.9685  2.8780 34.5771
  4.9295  1.1660  0.9757  2.3005  8.0437
  4.4909  1.3437  0.9937  0.2636  9.6036
  5.2486  4.4116  0.9679  0.8104 41.0784
  5.1326  3.6091  0.9902  1.0843 32.3229
  5.2712  1.7055  0.9878  2.1644 12.9254
  5.1465  2.2938  0.9871  0.2881 18.6410
  6.2934  3.8385  0.9717  0.9897 34.8000
  5.1171  3.1050  0.9803  1.8266 26.9630
  5.2069  3.6918  0.9700  0.8296 33.2136
  5.0440  1.2523  0.9897  0.6435  8.7939
  5.1989  1.2572  0.9980  0.3906  8.8376
  5.4393  3.4690  0.9977  1.5064 30.8208
  4.9048  4.4267  0.9894  1.7121 41.2451
  5.1372  2.0834  0.9758  1.0446 16.5597
  5.4171  3.0642  0.9764  1.8572 26.5354
  4.6275  2.1717  0.9838  2.2792 17.4280
  5.0513  3.7574  0.9840  1.4401 33.9215
  5.9769  2.4030  0.9789  0.4387 19.7349
  4.9539  0.7789  0.9805  1.1333  4.8634
  4.8605  2.0137  0.9974  0.8248 15.8782
  5.2205  2.7565  0.9685  1.2711 23.3360
  5.7003  0.3657  0.9945  0.8907  1.9438
  5.3117  4.0440  0.9944  0.2033 37.0372
  5.4145  1.3913  0.9831  1.8170 10.0300
  5.2158  1.8811  0.9670  1.6465 14.5958
  4.3736  1.7296  0.9931  0.4995 13.1526
  5.0686  0.9709  0.9709  1.2257  6.3984
  4.8813  4.0979  0.9748  0.7890 37.6261
  4.5389  3.8655  0.9791  2.3524 35.0931
  4.9438  1.8054  0.9724  0.6223 13.8715
  5.1455  2.4952  0.9829  1.1990 20.6660
  4.9404  1.3005  0.9860  1.1184  9.2189
  5.0540  2.9511  0.9919  0.8109 25.3526
  5.1053  1.7065  0.9693  1.8449 12.9346
  5.6085  1.3461  0.9710  1.6767  9.6243
  4.3992  2.3402  0.9936  0.8551 19.1049
  3.9543  0.6513  0.9718  2.1600  3.8989
  4.3900  3.9986  0.9793  1.6162 36.5419
  5.1894  0.8573  0.9699  1.3275  5.4792
  4.8389  3.8243  0.9714  2.1266 34.6458
  5.1430  1.7999  0.9890  0.4812 13.8189
  5.1524  1.0052  0.9702  0.7650  6.6816
  4.8434  2.8866  0.9709  1.4045 24.6825
  5.1334  1.5078  0.9707  0.9117 11.0884
  3.8710  3.9731  0.9762  1.2324 36.2629
  5.8576  4.3489  0.9690  0.3288 40.3854
  4.2603  3.7775  0.9669  2.0275 34.1389
  5.2987  0.7620  0.9748  0.5269  4.7329
  4.5484  1.4732  0.9980  1.0162 10.7718
  5.0538  1.3446  0.9928  0.3102  9.6116
  5.1858  2.7281  0.9723  0.8074 23.0438
  4.3022  1.9651  0.9801  0.4506 15.4064
  3.8606  1.8050  0.9683  2.9726 13.8676
  3.9807  2.8326  0.9800  0.7338 24.1219
  5.2282  1.5136  0.9929  1.2972 11.1416
  5.5072  2.5407  0.9921  1.2751 21.1278
  5.1721  4.3780  0.9882  1.2132 40.7072
  5.6434  2.0074  0.9804  0.4928 15.8173
  5.5728  2.7248  0.9948  2.2603 23.0100
  6.0313  3.2485  0.9956  1.3078 28.4764
  4.2352  1.0457  0.9948  2.0867  7.0197
  5.1521  2.5885  0.9849  1.4225 21.6143
  3.7239  2.4634  0.9674  1.7163 20.3446
  4.4601  1.3457  0.9781  2.1737  9.6208
  5.5101  3.0076  0.9809  2.1127 25.9428
  5.3335  0.8669  0.9748  0.6527  5.5557
  4.9330  3.2930  0.9980  1.6953 28.9472
  4.9168  3.9044  0.9817  1.4973 35.5160
  5.7009  2.7434  0.9838  0.7763 23.2013
  5.2236  2.8081  0.9973  1.3491 23.8691
  4.7787  3.6678  0.9920  1.3530 32.9541
  4.5779  1.4740  0.9750  1.2807 10.7790
  4.8178  2.9054  0.9854  2.4694 24.8778
  4.2269  3.6412  0.9900  1.3859 32.6681
  5.2235  1.9470  0.9814  0.6697 15.2306
  5.4759  1.9650  0.9858  2.1260 15.4055
  4.3957  1.4091  0.9897  1.3641 10.1904
  5.1038  1.4326  0.9675  2.2039 10.4025
  4.3606  4.1106  0.9952  1.9465 37.7653
  4.8587  3.3275  0.9765  0.6642 29.3141
  5.4058  2.9597  0.9730  2.3688 25.4426
  4.6230  3.7842  0.9938  0.7008 34.2118
  4.8492  3.2099  0.9725  2.0526 28.0682
  5.2151  3.9380  0.9724  1.8592 35.8811
  4.1465  1.9805  0.9812  1.5654 15.5554
  5.1192  3.7853  0.9770  1.9056 34.2231
  3.9653  2.4389  0.9787  1.4984 20.0965
  5.3403  0.9559  0.9904  2.3139  6.2751
  4.9032  2.4272  0.9980  2.0249 19.9792
  5.3376  3.1175  0.9680  2.3980 27.0945
  6.1682  1.6389  0.9678  1.5272 12.3009
  6.6646  0.9709  0.7901  2.4105  6.3986
  5.0471  3.0216  0.9863  2.7638 26.0892
  5.1448  2.9553  0.9952  1.9607 25.3973
  3.8229  1.4369  0.9853  0.8079 10.4421
  5.9305  4.0356  0.9980  0.9641 36.9449
  5.9880  2.0214  0.9841  1.5104 15.9537
  4.7719  2.3559  0.9867  0.8425 19.2619
  3.7642  2.1540  0.9687  1.8162 17.2538
  5.5901  3.6026  0.9912  1.0406 32.2525
  3.8056  3.0234  0.9776  1.5006 26.1081
  5.7132  3.2363  0.9765  1.7679 28.3476
  5.1376  3.3638  0.9930  2.1116 29.7000
  5.1106  3.6249  0.9716  0.7845 32.4927
  5.3419  1.0976  0.9900  0.2406  7.4577
  4.5382  1.7605  0.9942  1.1799 13.4454
  5.7542  3.4443  0.9836  1.0822 30.5574
  5.5535  1.7120  0.9754  0.5172 12.9869
  4.7742  3.6981  0.9860  1.2859 33.2807
  5.0333  3.5547  0.9706  2.3041 31.7385
  5.0450  1.1742  0.9892  1.5646  8.1144
  3.5291  3.0055  0.9734  1.5727 25.9211
  4.7104  3.9973  0.9674  1.3932 36.5274
  5.6843  1.9772  0.9775  1.3682 15.5235
  5.2950  3.7915  0.9721  1.4013 34.2903
  5.7197  2.8290  0.9867  1.7982 24.0849
  5.3283  3.0696  0.9861  1.6354 26.5919
  4.4853  2.6126  0.9980  2.0649 21.8603
  5.2066  4.3531  0.9980  2.6724 40.4314
  4.8049  2.4227  0.9945  2.2900 19.9338
  5.6964  4.4945  0.9818  1.6764 41.9963
  5.9849  4.0254  0.9782  1.3089 36.8334
  4.4660  2.8598  0.9976  1.1324 24.4035
  5.0474  1.7252  0.9732  0.9254 13.1111
  6.0258  2.7768  0.9928  2.1637 23.5461
  3.9938  1.7304  0.9875  1.3989 13.1606
  5.2579  3.9352  0.9756  1.5712 35.8506
  4.7996  2.4077  0.9832  1.5017 19.7828
  5.1996  1.9978  0.9740  1.3469 15.7237
  4.9465  2.3664  0.9980  0.8450 19.3673
  4.7290  0.9146  0.9773  0.6547  5.9388
  4.2248  1.6282  0.9796  0.9893 12.2008
  4.7253  3.7094  0.9816  0.5072 33.4033
  4.6925  2.5707  0.9980  0.2763 21.4326
  5.6483  2.5912  0.9703  1.5084 21.6417
  4.7783  2.9647  0.9675  1.8156 25.4946
  4.8800  0.6696  0.9973  0.8611  4.0345
  5.0780  2.8952  0.9902  1.6916 24.7719
  6.0587  2.8860  0.9850  0.4167 24.6762
  4.7853  1.4917  0.9882  2.6169 10.9410
  4.6488  3.9107  0.9817  1.8799 35.5843
  6.2454  2.3596  0.9698  2.4915 19.2994
  4.2714  0.7353  0.9980  2.8418  4.5288
  5.1050  1.1831  0.9788  1.9289  8.1909
  5.2166  1.8083  0.9896  1.9547 13.8988
  6.3975  2.3098  0.9891  0.8552 18.8006
  4.9935  2.2899  0.9771  0.9680 18.6021
  4.0226  0.8276  0.9980  1.2532  5.2444
  4.8587  3.3813  0.9780  2.3480 29.8855
  6.5148  3.2726  0.8891  1.2034 28.7312
  4.5695  3.9943  0.9772  1.0576 36.4946
  5.2245  1.7253  0.9780  1.3512 13.1117
  5.3685  3.3175  0.9764  0.4824 29.2074
  4.6322  3.1608  0.9710  0.8459 27.5504
  3.5824  2.4145  0.9732  1.9839 19.8510
  4.1895  2.1889  0.9980  2.3198 17.5985
  5.4908  2.0471  0.9675  2.5543 16.2042
  3.9482  1.4644  0.9980  0.6629 10.6917
  5.1519  1.1168  0.9785  1.1633  7.6213
  5.2325  3.8645  0.9980  1.8018 35.0815
  4.9159  1.7503  0.9844  0.9577 13.3482
  5.4432  3.5903  0.9758  0.4305 32.1206
  5.3533  3.9468  0.9702  1.3714 35.9768
  5.1804  2.8017  0.9980  1.8312 23.8031
  5.3997  2.3074  0.9756  0.7766 18.7765
  4.5051  2.9166  0.9863  1.4771 24.9939
  5.2155  3.9385  0.9736  0.5358 35.8861
  4.4706  1.5920  0.9869  1.2762 11.8642
  6.9238  2.7219  0.9833  2.5678 22.9805
  5.7560  2.4142  0.9835  2.8931 19.8473
  4.9928  2.4854  0.9683  0.7138 20.5664
  5.7335  2.0651  0.9923  1.0689 16.3802
  5.7612  3.5376  0.9786  0.8508 31.5554
  5.0411  3.6152  0.9771  0.7715 32.3884
  4.9812  2.4717  0.9847  0.7457 20.4282
  4.9859  1.1650  0.9957  0.7557  8.0349
  5.9842  2.8011  0.9749  1.5931 23.7963
  5.3485  2.2354  0.9878  0.7523 18.0590
  5.1426  2.2997  0.9948  1.1002 18.6997
  3.8763  2.5661  0.9894  1.0107 21.3859
  5.2478  3.4162  0.9743  0.5432 30.2579
  4.9238  2.0873  0.9836  2.4180 16.5979
  5.1163  1.2863  0.9971  2.1273  9.0935
  4.6538  4.1514  0.9726  1.9008 38.2126
  5.5797  2.8985  0.9939  1.9773 24.8054
  5.9435  2.2402  0.9954  2.4678 18.1073
  5.5457  3.9961  0.9930  0.7255 36.5144
  5.4029  3.3672  0.9807  2.4197 29.7356
  6.0868  0.5081  0.9859  0.3957  2.8798
  4.8663  4.1426  0.9837  0.9798 38.1158
  6.2514  3.4429  0.9980  0.6639 30.5429
  4.3605  3.4255  0.9939  0.6849 30.3568
  5.2828  2.1048  0.9879  1.4814 16.7696
  3.9596  3.0651  0.9770  0.3978 26.5446
  5.6982  1.7693  0.9879  1.7841 13.5280
  6.2132  1.1523  0.9961  0.8987  7.9255
  5.0719  4.1742  0.9810  0.7218 38.4629
  4.9275  2.4634  0.9883  0.9088 20.3439
  5.8487  3.1186  0.9763  0.8982 27.1061
  4.6059  2.7317  0.9714  0.9484 23.0808
  5.9956  3.9309  0.9855  2.4415 35.8038
  3.9268  2.4092  0.9764  1.3097 19.7977
  5.2461  0.5891  0.9821  1.5618  3.4474
  4.9957  1.5900  0.9686  1.7737 11.8459
  5.1407  4.3793  0.9696  1.2393 40.7206
  5.9114  2.6637  0.9739  0.9775 22.3830
  5.0912  3.0851  0.9855  1.9584 26.7548
  5.1807  2.2914  0.9695  2.3445 18.6170
  5.0974  2.5371  0.9759  1.0631 21.0912
  4.4387  0.9071  0.9689  1.9925  5.8783
  4.1194  0.8803  0.9919  1.5677  5.6629
  5.4291  2.3283  0.9827  1.5789 18.9852
  4.6086  2.1445  0.9869  2.2915 17.1602
  5.1879  1.6300  0.9921  1.9566 12.2182
  5.0161  2.0741  0.9953  0.3027 16.4682
  4.6213  2.5590  0.9772  1.0364 21.3136
  5.2521  1.2449  0.9808  2.5671  8.7290
  5.7062  2.2260  0.9845  0.9138 17.9658
  4.8901  2.1161  0.9672  1.0319 16.8801
  3.6513  1.8888  0.9980  1.2520 14.6695
  4.5173  2.5787  0.9795  1.0209 21.5141
  4.8982  1.8688  0.9868  0.5453 14.4780
  6.2105  1.6439  0.9899  1.6274 12.3477
  5.0830  1.4149  0.9919  0.3620 10.2431
  4.3104  2.3606  0.9867  1.1190 19.3089
  4.0955  2.3611  0.9859  1.9577 19.3142
  3.8192  3.0947  0.9839  2.2904 26.8551
  4.5183  2.7260  0.9909  1.7735 23.0225
  5.1387  2.0638  0.9966  0.3292 16.3677
  5.4671  4.3655  0.9854  0.3862 40.5689
  6.8489  2.5344  0.7560  0.7814 21.0634
  5.1904  3.2420  0.9766  1.0208 28.4071
  5.1107  2.9880  0.9750  0.9421 25.7380
  5.7572  2.9500  0.9976  1.2190 25.3420
  5.8091  4.3608  0.9817  0.6555 40.5163
  3.8154  1.6439  0.9883  0.6820 12.3479
  5.1347  3.6776  0.9876  1.6009 33.0602
  4.6991  2.0426  0.9935  0.4396 16.1597
  4.9554  0.6151  0.9911  1.4224  3.6347
  5.6453  3.2691  0.9826  1.3290 28.6946
  5.1775  4.2616  0.9765  0.8994 39.4232
  4.7488  4.1238  0.9857  1.0704 37.9103
  5.1662  1.9858  0.9769  0.4914 15.6067
  4.5169  1.6224  0.9903  2.6764 12.1472
  5.1762  3.7853  0.9868  0.6189 34.2230
  6.3955  2.2127  0.9723  1.4878 17.8337
  5.3483  3.1422  0.9880  0.9619 27.3547
  5.5470  2.2067  0.9977  0.9562 17.7748
  5.3962  3.4617  0.9814  1.9486 30.7435
  4.9682  3.0023  0.9836  2.2429 25.8873
  5.1239  1.2108  0.9879  0.8280  8.4317
  3.5487  2.4288  0.9721  1.2530 19.9947
  5.2397  2.9029  0.9720  1.5472 24.8514
  4.0921  3.0589  0.9780  0.9842 26.4795
  4.7451  2.3026  0.9929  2.8501 18.7284
  5.2174  3.2345  0.9852  1.8533 28.3281
  6.0045  3.8301  0.9722  0.4036 34.7090
  5.3868  1.0791  0.9678  0.8117  7.3014
  4.3380  3.9202  0.9910  1.4703 35.6872
  5.2977  1.2642  0.9751  2.8596  8.8991
  5.2975  1.9905  0.9951  1.5960 15.6532
  6.0493  2.8380  0.9979  1.2764 24.1785
  4.9294  3.8328  0.9804  1.5909 34.7379
  5.8796  4.3126  0.9869  1.9122 39.9852
  5.2928  0.8490  0.9901  2.0452  5.4129
  5.1109  3.3983  0.9928  0.2596 30.0662
  5.4654  3.6022  0.9845  1.8648 32.2483
  5.4976  2.0830  0.9671  1.0571 16.5558
  4.1906  4.2512  0.9785  0.1346 39.3085
  5.8375  4.1124  0.9689  2.4426 37.7848
  4.5996  3.0604  0.9738  1.7410 26.4958
  4.6106  3.0002  0.9751  1.3034 25.8652
  4.5291  1.2202  0.9941  1.4456  8.5137
  5.5146  3.4344  0.9688  0.9152 30.4515
  6.2396  2.6332  0.9868  2.7191 22.0704
  5.0581  2.7457  0.9791  1.3565 23.2248
  4.3341  2.9558  0.9739  1.1728 25.4020
  5.1125  2.5437  0.9822  1.8404 21.1580
  6.5689  3.3588  0.9131  0.4562 29.6459
  4.5657  2.8806  0.9694  0.9514 24.6201
  3.7639  1.3462  0.9706  0.4718  9.6260
  5.9116  2.0354  0.9675  1.3566 16.0902
  3.9193  4.3619  0.9917  2.1159 40.5293
  3.6747  0.8471  0.9900  0.8305  5.3979
  5.2513  1.5089  0.9687  1.7986 11.0986
  6.1688  3.9921  0.9796  0.4666 36.4700
  5.0101  3.1092  0.9673  1.6346 27.0072
  4.9024  2.1266  0.9932  1.2993 16.9835
  3.8137  3.3121  0.9792  1.0719 29.1507
  5.0857  2.7285  0.9694  1.8184 23.0476
  4.7778  2.3622  0.9953  0.5258 19.3246
  5.0376  0.9173  0.9900  1.3527  5.9609
  5.1847  2.9537  0.9878  1.2578 25.3802
  5.7100  4.1076  0.9771  0.5355 37.7331
  6.0936  1.7643  0.9683  2.0819 13.4813
  4.6537  3.1857  0.9858  2.4074 27.8132
  4.1916  1.9621  0.9705  0.9251 15.3771
  3.9687  2.7003  0.9686  0.9166 22.7586
  4.0091  2.6309  0.9724  1.1078 22.0469
  5.0920  3.2403  0.9766  0.2671 28.3896
  6.1946  3.7829  0.9772  1.6798 34.1972
  6.1426  2.7638  0.9939  0.2982 23.4116
  6.9720  1.8122  0.5975  2.1729 13.9360
  5.2408  3.9580  0.9813  2.4952 36.0989
  5.7772  1.7555  0.9821  2.7518 13.3975
  5.2675  4.1065  0.9885  1.0038 37.7207
  5.2699  2.2460  0.9898  0.5851 18.1645
  5.5391  3.9879  0.9891  0.3962 36.4242
  4.8876  2.4306  0.9977  0.5319 20.0125
  4.8229  2.7377  0.9768  1.6226 23.1428
  5.2878  2.1857  0.9893  1.2400 17.5667
  4.6967  1.8556  0.9692  2.4743 14.3507
  5.4717  4.1657  0.9949  0.5361 38.3696
  4.8232  1.4923  0.9870  1.4101 10.9460
  5.2747  2.4650  0.9916  1.1059 20.3606
  5.2263  3.9575  0.9693  0.0232 36.0932
  5.1636  1.2981  0.9669  1.1596  9.1976
  4.6079  2.5279  0.9945  0.4160 20.9978
  6.8105  3.1477  0.4827  1.9853 27.4128
  5.4588  2.1678  0.9928  0.9465 17.3893
  5.3137  1.6767  0.9911  0.6825 12.6549
  4.8189  0.5565  0.9648  1.9735  3.2160
  4.6498  2.6834  0.9836  1.8575 22.5843
  4.6880  2.6617  0.9684  2.5083 22.3620
  4.9978  2.0387  0.9748  0.7736 16.1217
  5.3910  3.8450  0.9806  0.4716 34.8704
  5.9617  2.3400  0.9929  0.6449 19.1025
  4.2718  2.9168  0.9718  0.4173 24.9961
  5.9212  4.1025  0.9807  0.1465 37.6765
  3.8543  3.5902  0.9755  2.0760 32.1198
  4.8153  2.8289  0.9818  2.2641 24.0836
  4.0994  4.3211  0.9673  0.9158 40.0792
  4.5472  2.3553  0.9977  1.3008 19.2557
  5.3425  3.9310  0.9980  1.4846 35.8046
  5.2176  2.7140  0.9861  1.5544 22.8990
  5.0440  1.0807  0.9926  1.1257  7.3145
  4.8882  2.0453  0.9755  0.7099 16.1864
  5.2504  2.2852  0.9891  1.0665 18.5549
  5.7269  4.0145  0.9933  1.3981 36.7153
  5.2381  3.0241  0.9863  1.7258 26.1154
  4.9956  0.3391  0.9862  1.5924  1.7788
  5.2152  1.1797  0.9909  2.0088  8.1616
  4.6007  2.5168  0.9796  1.5067 20.8850
  5.2206  1.5329  0.9836  1.3436 11.3190
  5.7990  2.4343  0.9889  1.4248 20.0501
  5.1971  3.2233  0.9692  1.5972 28.2101
  4.9918  3.0326  0.9709  0.6030 26.2046
  4.9049  2.2311  0.9965  0.6455 18.0166
  4.7142  4.3918  0.9668  2.6561 40.8595
  4.8815  3.6772  0.9699  0.9023 33.0554
  4.5786  2.6974  0.9794  1.0264 22.7286
  4.1365  4.1467  0.9767  2.2275 38.1610
  6.3407  1.9195  0.9852  3.0224 14.9657
  4.0249  1.4383  0.9704  1.3473 10.4545
  5.4335  0.9876  0.9816  2.5839  6.5358
  5.4209  0.5589  0.9695  2.4786  3.2332
  5.2857  1.5911  0.9978  1.7990 11.8560
  5.2939  2.5041  0.9772  0.2585 20.7557
  4.9847  1.7760  0.9852  1.3713 13.5915
  4.4703  2.6334  0.9846  1.6743 22.0724
  4.6214  3.5870  0.9816  1.4939 32.0848
  6.6220  3.2936  0.6150  1.0326 28.9545
  5.1919  2.7752  0.9943  2.7111 23.5296
  5.5487  3.9206  0.9682  0.8244 35.6921
  5.0938  3.3441  0.9765  1.9758 29.4899
  4.9536  1.2053  0.9729  1.4131  8.3834
  4.6960  1.2361  0.9789  1.2628  8.6526
  5.6364  4.2592  0.9914  1.9914 39.3969
  5.3585  3.5068  0.9870  1.1189 31.2250
  5.2609  1.8298  0.9840  0.5790 14.1042
  5.0053  2.9587  0.9950  1.0715 25.4325
  5.2903  1.7440  0.9670  1.8534 13.2885
  5.1877  3.3058  0.9963  2.2726 29.0835
  5.2511  2.6481  0.9709  1.6310 22.2234
  4.0524  0.6135  0.9672  1.2591  3.6231
  5.2681  3.3973  0.9684  2.1476 30.0565
  5.6872  1.6486  0.9852  1.7809 12.3920
  5.5327  3.9636  0.9825  0.9328 36.1597
  5.6009  4.0476  0.9980  0.8908 37.0763
  4.7515  1.4279  0.9695  2.0610 10.3603
  5.2489  1.5296  0.9980  2.3680 11.2878
  5.0627  1.3770  0.9775  1.6144  9.9010
  4.6529  2.0094  0.9670  2.4944 15.8363
  3.8266  1.6804  0.9914  0.4474 12.6895
  4.4729  3.9572  0.9721  1.3575 36.0904
  5.2640  2.1147  0.9822  1.0499 16.8667
  6.4158  2.6581  0.9426  0.4171 22.3250
  4.1054  0.7476  0.9980  2.5668  4.6225
  4.1149  3.5384  0.9751  1.1148 31.5643
  5.4866  3.1607  0.9758  1.9141 27.5494
  5.5457  1.8409  0.9925  0.6024 14.2108
  5.4846  4.1170  0.9865  1.7740 37.8352
  5.5416  4.1323  0.9683  0.9784 38.0029
  4.2542  2.0363  0.9825  0.6864 16.0985
  3.9111  0.7933  0.9980  1.3357  4.9753
  5.4924  1.2742  0.9720  0.8700  8.9871
  5.2528  3.6177  0.9765  1.6730 32.4156
  5.0751  1.6182  0.9750  0.8527 12.1082
  5.6785  1.2221  0.9951  0.6810  8.5303
  5.9147  2.0999  0.9674  2.0193 16.7210
  5.9307  3.2700  0.9879  1.7190 28.7036
  4.9078  1.0897  0.9750  1.7415  7.3909
  4.7055  1.9820  0.9809  1.3324 15.5703
  5.1912  4.1534  0.9716  1.1580 38.2348
  5.0685  2.2017  0.9676  0.5517 17.7247
  5.3290  3.7094  0.9774  0.2189 33.4035
  4.7159  2.8697  0.9834  1.5803 24.5069
  4.5161  1.1870  0.9980  2.4920  8.2250
  6.1879  4.0061  0.9782  1.9626 36.6227
  4.1182  1.9971  0.9673  1.6640 15.7165
  5.3477  3.7032  0.9976  1.1635 33.3364
  4.7604  2.3264  0.9749  1.0352 18.9661
  4.9282  3.2255  0.9795  0.6435 28.2335
  5.4954  2.3304  0.9980  1.4616 19.0061
  5.5837  4.3980  0.9917  0.8020 40.9279
  5.1544  2.2696  0.9861  2.0008 18.3995
  4.0590  3.6699  0.9863  1.1666 32.9774
  4.6145  2.5584  0.9905  2.2300 21.3081
  4.2364  1.7424  0.9781  0.8775 13.2736
  5.2651  1.9584  0.9969  1.4520 15.3418
  5.2884  1.4181  0.9950  0.3764 10.2718
  5.1451  2.8455  0.9772  1.3585 24.2562
  4.6728  3.8566  0.9962  0.1103 34.9961
  4.8075  2.2059  0.9727  0.6145 17.7668
  6.7375  2.4223  0.6994  1.2133 19.9295
  5.2050  0.7853  0.9975  2.1609  4.9134
  6.3084  2.3903  0.9810  1.4829 19.6073
  5.4658  1.8774  0.9911  1.9973 14.5604
  5.7545  2.0555  0.9930  2.5773 16.2862
  4.1055  3.2161  0.9850  1.5670 28.1336
  4.5149  1.5379  0.9840  1.0452 11.3647
  6.5432  3.5169  0.7592  1.5122 31.3338
  5.0328  1.0297  0.9689  0.4012  6.8858
  4.8332  2.8389  0.9884  1.9803 24.1878
  5.2141  2.5494  0.9906  2.5164 21.2157
  4.4909  1.9600  0.9851  1.8964 15.3569
  5.3067  3.0876  0.9927  1.2858 26.7808
  5.4041  4.0486  0.9888  2.0480 37.0874
  4.8260  1.7801  0.9731  1.2051 13.6313
  4.3952  1.2441  0.9958  1.5789  8.7225
  4.8797  3.9410  0.9878  0.3769 35.9132
  5.2259  4.1513  0.9919  0.5472 38.2113
  5.2590  2.3301  0.9769  1.2586 19.0033
  5.0731  1.4578  0.9980  2.7313 10.6316
  5.4284  4.3495  0.9980  0.4024 40.3925
  3.9091  3.1838  0.9949  1.9851 27.7931
  3.8284  3.1652  0.9815  2.0450 27.5966
  3.7100  2.8444  0.9701  2.7966 24.2447
  6.3994  4.0121  0.9726  1.8767 36.6882
  5.2625  2.6431  0.9769  0.8346 22.1723
  4.6977  3.5464  0.9896  0.2994 31.6502
  4.7670  3.8378  0.9922  1.3011 34.7921
  4.8496  1.6753  0.9784  1.9412 12.6420
  4.9139  3.5223  0.9735  0.8606 31.3915
  3.8951  1.3735  0.9756  0.4934  9.8699
  5.3259  1.3682  0.9869  0.9202  9.8221
  5.3316  1.4429  0.9924  2.1385 10.4965
  4.9093  1.7419  0.9810  1.4633 13.2690
  5.7393  4.0739  0.9682  1.9562 37.3636
  4.7928  1.3300  0.9819  0.2322  9.4808
  5.2197  1.8911  0.9933  1.5073 14.6920
  5.1807  1.4994  0.9822  0.2298 11.0111
  5.2786  1.7683  0.9902  1.8132 13.5192
  5.4860  3.9448  0.9754  1.8688 35.9554
  5.3826  0.7331  0.9844  1.6571  4.5117
  5.1454  3.6970  0.9730  1.3729 33.2690
  4.5740  1.0458  0.9724  0.9665  7.0204
  6.8191  2.6280  0.5801  0.8411 22.0178
  4.5053  3.8222  0.9739  1.7993 34.6226
  3.9591  1.4064  0.9761  0.5199 10.1656
  5.7283  2.9146  0.9980  1.3096 24.9728
  5.9118  2.8403  0.9802  0.9070 24.2022
  5.5158  1.5379  0.9980  1.8789 11.3649
  5.7199  3.4743  0.9945  1.8169 30.8777
  5.4632  1.1595  0.9880  0.7797  7.9874
  6.1284  3.2121  0.9789  1.3862 28.0911
  4.5761  3.3999  0.9686  0.7321 30.0835
  5.1936  2.1139  0.9964  1.1428 16.8582
  4.5119  3.6211  0.9761  0.5200 32.4521
  5.9438  2.4466  0.9753  1.5845 20.1742
  5.5558  3.2746  0.9725  0.9018 28.7530
  5.1685  1.6779  0.9932  1.8232 12.6663
  4.8252  3.5561  0.9780  0.8344 31.7541
  5.1805  2.4772  0.9793  1.5654 20.4836
  4.8669  1.1962  0.9727  2.3988  8.3049
  4.5585  3.7857  0.9975  0.7117 34.2274
  4.6823  2.2958  0.9853  0.4440 18.6607
  5.5926  4.2843  0.9867  0.1791 39.6732
  5.1205  1.3254  0.9697  0.8826  9.4403
  4.6712  4.2472  0.9881  0.5631 39.2647
  5.6237  3.7673  0.9882  1.2375 34.0291
  5.4821  0.8854  0.9914  0.2845  5.7033
  4.6764  3.0817  0.9945  2.7926 26.7184
  6.0032  3.5306  0.9980  0.6229 31.4805
  6.1276  3.4241  0.9942  1.4098 30.3414
  4.1998  1.5242  0.9849  2.2531 11.2389
  4.2639  1.7066  0.9913  2.8371 12.9356
  5.7626  0.1607  0.9875  0.4599  0.7614
  5.8335  2.5654  0.9953  0.7148 21.3784
  5.3986  4.2642  0.9752  2.0807 39.4520
  4.0924  1.6666  0.9826  1.1310 12.5601
  5.5910  3.8012  0.9969  0.8076 34.3957
  4.9579  0.6387  0.9848  1.2356  3.8066
  6.0643  3.8653  0.9790  0.7351 35.0904
  4.4605  2.6928  0.9712  1.0084 22.6809
  5.1477  1.2743  0.9952  0.6453  8.9877
  5.0011  1.2633  0.9729  1.9083  8.8910
  5.1708  1.2161  0.9796  0.4995  8.4772
  6.1854  3.2056  0.9696  0.5849 28.0225
  5.2106  1.2011  0.9883  1.0756  8.3472
  4.1280  3.1855  0.9835  1.8759 27.8112
  5.4797  4.1211  0.9980  0.3414 37.8806
  5.6188  4.2265  0.9941  2.6818 39.0368
  5.0439  1.5645  0.9854  0.6569 11.6096
  5.1843  1.9194  0.9818  1.1073 14.9643
  4.8404  1.5828  0.9798  0.7862 11.7797
  4.9108  4.2179  0.9903  1.3300 38.9426
  4.3512  2.5802  0.9714  0.8429 21.5294
  5.2974  0.4096  0.9765  1.5624  2.2233
  5.1023  1.1153  0.9798  2.3603  7.6085
  5.2340  3.0790  0.9848  1.2567 26.6903
  4.4092  2.3229  0.9693  1.8414 18.9312
  5.5673  1.8336  0.9850  2.3622 14.1406
  6.1964  1.5429  0.9968  1.0373 11.4111
  4.1794  3.0637  0.9911  1.3833 26.5303
  5.2561  2.5232  0.9858  2.2217 20.9501
  4.6395  2.6996  0.9927  1.0587 22.7507
  4.6467  1.2633  0.9811  2.3699  8.8907
  6.8977  2.2141  0.5508  0.0434 17.8482
  5.2711  4.2551  0.9700  1.2767 39.3513
  5.2621  2.1057  0.9845  0.2383 16.7785
  4.5355  2.3921  0.9736  1.2647 19.6257
  5.4189  3.8303  0.9670  1.3003 34.7107
  4.9936  1.2199  0.9980  0.4895  8.5112
  6.1466  2.2959  0.9722  1.5594 18.6614
  5.5332  3.7374  0.9672  2.4660 33.7056
  4.6371  3.9707  0.9811  1.6089 36.2370
  4.2837  3.9892  0.9794  0.1940 36.4388
  6.6225  3.6402  0.8992  1.6429 32.6573
  5.0769  2.4695  0.9675  1.3831 20.4054
  4.6807  4.4357  0.9814  0.6313 41.3443
  5.2655  1.4834  0.9718  0.3586 10.8648
  5.4402  1.9262  0.9860  1.3405 15.0299
  5.9305  3.9896  0.9812  2.2086 36.4428
  5.2811  2.8769  0.9857  0.8727 24.5819
  5.1293  2.2554  0.9922  1.1663 18.2582
  5.7749  3.2452  0.9912  1.1330 28.4418
  4.1621  0.5680  0.9723  1.6817  3.2971
  5.2652  1.4083  0.9829  0.3712 10.1833
  4.6203  3.3417  0.9803  0.9244 29.4649
  5.0907  2.4477  0.9881  0.9175 20.1856
  4.3884  3.1552  0.9718  1.7179 27.4919
  6.1925  1.3787  0.9738  1.3940  9.9168
  5.8565  4.4965  0.9903  1.0858 42.0178
  4.4839  0.4894  0.9942  0.2176  2.7520
  5.2991  0.7390  0.9671  1.1579  4.5568
  5.5048  3.8212  0.9948  0.4660 34.6118
  5.2232  2.7685  0.9905  2.2342 23.4602
  5.1112  1.6797  0.9890  2.4765 12.6828
  4.5375  1.2775  0.9709  0.3557  9.0156
  5.3466  3.7819  0.9675  0.4819 34.1867
  5.5698  1.8999  0.9707  0.6545 14.7768
  6.0972  3.0073  0.9796  2.1804 25.9396
  5.8403  3.2589  0.9756  1.7625 28.5861
  5.4356  3.7432  0.9845  0.5024 33.7685
  5.7408  2.4423  0.9874  0.2373 20.1308
  5.0509  1.3120  0.9914  0.1980  9.3213
  5.5060  1.8133  0.9761  0.6105 13.9469
  4.1237  1.1381  0.9980  1.6595  7.8038
  5.4097  2.5812  0.9688  0.6684 21.5394
  4.6159  3.7578  0.9800  1.1680 33.9258
  5.8342  1.6842  0.9915  1.9354 12.7247
  4.7437  4.4194  0.9715  2.9537 41.1641
  5.8268  2.7080  0.9755  1.4712 22.8368
  5.2393  4.0403  0.9956  0.6249 36.9970
  5.3776  4.4223  0.9744  1.3948 41.1960
  5.1606  2.1446  0.9885  0.2926 17.1604
  5.9304  2.5355  0.9670  1.1263 21.0749
  4.4947  0.7792  0.9874  0.9919  4.8657
  4.7434  2.3681  0.9928  1.0595 19.3846
  5.7575  1.7624  0.9802  0.8026 13.4633
  5.7563  4.0444  0.9980  1.1057 37.0419
  5.6121  3.3986  0.9866  1.5090 30.0705
  5.1028  1.1547  0.9350  1.4045  7.9462
  5.2322  0.5712  0.9726  1.4255  3.3201
  4.7161  3.0482  0.9970  2.5948 26.3676
  5.5969  4.1695  0.9815  2.3311 38.4115
  5.4168  3.4146  0.9867  0.2124 30.2402
  4.7493  2.4677  0.9934  2.3860 20.3878
  5.8618  3.6269  0.9900  0.4978 32.5139
  5.1858  0.6583  0.9937  0.3961  3.9509
  4.6853  3.0688  0.9950  0.6719 26.5838
  5.8990  3.9173  0.9956  0.9865 35.6552
  6.5749  0.2659  0.8371  0.5378  1.3413
  5.5759  1.9069  0.9761  1.0675 14.8443
  5.3924  2.3972  0.9742  1.2686 19.6762
  5.5634  0.3000  0.9390  1.4108  1.5416
  5.0472  2.2672  0.9798  1.2314 18.3751
  3.5440  3.2473  0.9837  0.8672 28.4633
  5.0558  2.8951  0.9837  1.6394 24.7708
  5.8490  2.2642  0.9909  2.6934 18.3454
  4.7068  3.1391  0.9671  1.5579 27.3223
  5.2096  2.9955  0.9900  1.5578 25.8165
  5.4179  4.0962  0.9796  1.2252 37.6081
  6.5355  3.9790  0.9893  0.4059 36.3281
  5.2096  2.4000  0.9838  0.5578 19.7046
  4.8441  1.7028  0.9972  1.3095 12.9000
  5.2575  3.6920  0.9934  0.6169 33.2149
  5.7927  2.6119  0.9863  1.3884 21.8527
  5.2210  0.4234  0.9741  2.8170  2.3126
