  6.2004  3.9890  0.9887  2.2207 36.4365
  5.2978  4.1357  0.9878  1.4509 38.0410
  6.9325  2.4654  0.9709  1.0308 20.3647
  4.7244  3.6047  0.9876  0.3605 32.2751
  5.2293  2.6487  0.9725  0.6437 22.2291
  6.5251  1.4045  0.8819  0.3849 10.1486
  5.6043  3.3231  0.9979  1.0307 29.2669
  5.1166  1.2216  0.9879  0.1644  8.5254
  6.4722  3.4729  0.9864  0.9447 30.8625
  5.3379  3.5809  0.9980  0.4708 32.0196
  5.3175  3.6333  0.9908  2.2174 32.5826
  4.6052  2.8979  0.9980  0.5812 24.7995
  4.4608  3.2407  0.9918  1.9994 28.3938
  5.2727  4.4976  0.9818  1.5206 42.0302
  5.2452  0.7715  0.9834  2.7731  4.8062
  5.3779  3.0826  0.9844  1.4223 26.7278
  4.5649  1.8472  0.9739  2.7587 14.2708
  5.2518  2.8477  0.9885  1.9866 24.2784
  4.4405  4.2704  0.9668  1.7181 39.5200
  5.9158  1.7086  0.9927  0.1868 12.9548
  5.1285  1.5932  0.9736  2.4381 11.8760
  5.0256  3.6951  0.9686  0.2809 33.2487
  5.3451  3.1428  0.9914  0.4564 27.3609
  4.8974  3.8097  0.9802  0.6118 34.4877
  5.2287  3.2434  0.9817  1.2054 28.4219
  4.9714  1.9287  0.9770  1.6891 15.0542
  5.5212  3.4570  0.9673  1.9057 30.6927
  4.7446  3.6665  0.9767  1.4378 32.9400
  5.0639  4.2266  0.9706  0.8271 39.0388
  3.6433  1.9235  0.9934  1.3165 15.0045
  5.1220  3.6414  0.9954  2.0112 32.6707
  5.0863  2.9727  0.9866  0.7004 25.5780
  5.1533  2.0896  0.9968  2.3301 16.6199
  5.4301  3.6058  0.9899  1.7926 32.2875
  5.0445  1.4486  0.9945  1.0132 10.5476
  4.3372  1.0809  0.9885  0.6980  7.3159
  3.8594  4.0570  0.9731  0.7460 37.1791
  4.8077  1.5536  0.9919  0.5740 11.5093
  5.6890  3.0764  0.9745  0.3861 26.6635
  5.2152  1.3102  0.9731  1.6314  9.3054
  4.7403  2.2892  0.9726  0.6666 18.5943
  5.1693  3.6869  0.9980  0.9479 33.1600
  5.2618  1.8718  0.9913  1.6926 14.5061
  5.1808  1.8810  0.9761  1.8329 14.5947
  5.5257  2.8053  0.9700  1.2308 23.8403
  5.0198  2.1750  0.9690  0.3402 17.4612
  5.0527  1.5045  0.9788  2.5745 11.0581
  3.6485  1.0626  0.9890  0.9466  7.1615
  3.7059  2.6562  0.9932  1.9853 22.3057
  5.7193  3.3332  0.9707  0.6604 29.3741
  5.2217  3.7066  0.9687  0.8379 33.3725
  4.2319  2.3845  0.9749  1.7118 19.5488
  4.9433  2.1017  0.9980  1.3144 16.7390
  6.6217  2.7726  0.6976  0.6167 23.5026
  4.6865  1.8600  0.9973  2.1849 14.3931
  5.2713  4.4078  0.9681  1.3745 41.0362
  5.2122  3.7897  0.9750  1.0666 34.2712
  5.2487  1.2555  0.9842  0.9928  8.8226
  4.8869  4.4598  0.9980  2.3169 41.6118
  5.2235  2.5807  0.9766  0.2929 21.5349
  5.2253  2.8060  0.9876  1.8618 23.8475
  5.8477  2.8895  0.9850  0.9335 24.7123
  5.2044  1.2116  0.9811  2.1960  8.4386
  4.9428  2.1784  0.9696  0.5089 17.4943
  4.6511  2.6096  0.9948  1.8502 21.8294
  5.2955  3.8750  0.9915  1.0490 35.1955
  4.4909  2.1394  0.9721  1.3395 17.1094
  5.3677  3.0187  0.9757  0.7015 26.0586
  5.3791  2.5299  0.9837  1.1076 21.0182
  4.9061  1.9717  0.9940  1.2133 15.4700
  5.7673  4.1479  0.9746  1.9782 38.1740
  4.6229  2.6618  0.9972  0.9612 22.3628
  4.5455  4.4052  0.9885  2.8133 41.0071
  5.9798  2.9660  0.9967  2.2012 25.5084
  5.7540  2.9549  0.9839  1.1350 25.3931
  5.0029  3.1534  0.9677  1.9273 27.4724
  5.2165  1.7765  0.9966  1.2773 13.5967
  5.4410  3.6044  0.9667  1.9588 32.2723
  4.7485  0.9579  0.9790  0.4162  6.2919
  5.9307  2.7726  0.9966  2.9797 23.5018
  5.2287  2.6685  0.9762  1.9336 22.4323
  5.1440  1.0637  0.9753  0.5629  7.1711
  5.6982  2.9065  0.9979  1.4150 24.8890
  5.6042  2.1514  0.9775  1.9421 17.2278
  4.3847  2.3382  0.9763  2.6152 19.0842
  3.5183  3.0883  0.9976  0.4082 26.7875
  5.2416  2.6275  0.9941  0.0379 22.0124
  5.1327  1.6375  0.9743  1.5929 12.2879
  6.1847  2.0882  0.9718  1.7398 16.6062
  6.9552  3.7144  0.5143  2.2556 33.4571
  5.1904  0.5520  0.9939  0.8199  3.1848
  5.5159  3.4112  0.9785  2.6461 30.2040
  4.7720  1.2901  0.9964  1.0657  9.1273
  5.3110  2.1424  0.9829  0.2551 17.1394
  4.8128  4.3044  0.9824  0.9405 39.8951
  5.2223  1.6503  0.9783  1.0854 12.4076
  4.6150  1.5783  0.9774  0.3289 11.7377
  4.4780  0.5872  0.9863  1.1772  3.4343
  5.9791  4.4585  0.9774  2.3057 41.5968
  4.3989  1.5632  0.9725  2.0242 11.5976
  5.0978  4.2152  0.9744  1.1238 38.9126
  5.0162  1.5789  0.9779  0.9811 11.7436
  5.7071  3.3240  0.9968  0.2662 29.2770
  6.5151  0.8242  0.8444  2.4393  5.2174
  5.4132  4.0610  0.9891  1.1951 37.2229
  3.8692  1.3047  0.9752  0.4542  9.2563
  5.8290  1.5130  0.9697  1.5375 11.1363
  5.7920  2.0426  0.9919  1.5253 16.1602
  3.9956  0.8969  0.9759  0.4023  5.7958
  4.7691  2.9061  0.9881  1.7561 24.8851
  5.3281  1.3023  0.9890  0.2249  9.2351
  4.8747  2.8759  0.9712  2.6220 24.5708
  4.8423  3.1308  0.9756  0.1472 27.2349
  5.2442  0.7823  0.9927  0.4268  4.8900
  5.7665  1.9351  0.9700  0.5493 15.1164
  5.1940  3.9455  0.9877  1.3464 35.9624
  4.5319  2.0767  0.9692  1.1050 16.4936
  5.1363  0.8911  0.9936  0.5337  5.7497
  4.3806  3.2711  0.9771  2.0007 28.7152
  5.2516  4.2213  0.9808  0.2575 38.9806
  5.2234  3.7839  0.9949  0.8786 34.2085
  5.0840  2.2378  0.9808  1.1241 18.0835
  3.9659  2.8158  0.9793  0.1977 23.9484
  4.8751  2.0039  0.9712  1.3102 15.7830
  3.5824  3.3449  0.9831  0.8748 29.4985
  4.4857  2.0036  0.9876  0.3750 15.7805
  5.0526  3.3745  0.9796  1.2225 29.8135
  6.7018  3.2808  0.4910  0.3023 28.8182
  5.1072  1.9926  0.9715  0.4047 15.6730
  3.8581  2.4623  0.9892  0.0878 20.3332
  5.1042  1.7878  0.9712  0.5580 13.7038
  5.4378  4.3349  0.9772  0.6022 40.2306
  6.0065  3.6958  0.9700  0.8021 33.2558
  5.1087  4.4099  0.9846  1.0135 41.0589
  4.3060  3.9092  0.9844  1.5647 35.5674
  5.1319  3.7984  0.9980  1.8944 34.3654
  4.7105  3.0452  0.9793  0.5456 26.3365
  5.7273  2.4229  0.9834  2.0822 19.9352
  5.6612  3.3844  0.9685  2.4378 29.9182
  5.5858  2.4491  0.9922  1.5789 20.1997
  5.2411  4.2509  0.9673  0.4463 39.3061
  5.2212  2.8712  0.9697  0.2947 24.5224
  4.5167  2.4790  0.9890  1.9604 20.5021
  5.7691  4.1140  0.9896  1.7069 37.8029
  5.2598  2.8692  0.9890  1.4746 24.5016
  4.9390  3.2452  0.9953  0.5552 28.4411
  4.6780  1.1102  0.9782  1.2584  7.5650
  4.8501  3.1613  0.9772  1.6009 27.5555
  6.0428  1.7498  0.9740  2.5396 13.3432
  6.4902  1.7117  0.9557  2.0006 12.9841
  5.2936  4.2398  0.9767  2.3598 39.1834
  4.7060  1.3048  0.9698  1.1259  9.2570
  4.6823  2.1534  0.9814  0.5452 17.2472
  5.1470  4.4149  0.9946  1.3538 41.1144
  5.0962  2.3123  0.9901  1.0537 18.8253
  4.2219  1.3665  0.9757  1.3275  9.8075
  5.0286  1.3275  0.9768  1.3634  9.4593
  5.4161  2.9269  0.9729  2.8463 25.1014
  5.2666  3.4776  0.9921  2.3753 30.9132
  4.9621  2.4636  0.9900  1.8489 20.3459
  5.2482  1.1536  0.9775  1.2616  7.9367
  5.8549  4.4908  0.9870  1.5635 41.9553
  5.7711  2.8086  0.9708  1.2061 23.8745
  5.4596  4.3408  0.9686  0.8276 40.2965
  6.2952  3.1372  0.9688  0.5065 27.3022
  4.7965  3.3690  0.9694  0.4436 29.7544
  4.7979  2.6847  0.9900  1.8433 22.5977
  5.3210  3.3019  0.9698  1.8523 29.0418
  4.5392  2.5338  0.9841  2.4214 21.0578
  4.9688  2.5627  0.9897  2.6077 21.3515
  5.2794  3.5899  0.9725  0.9706 32.1164
  4.9193  2.5265  0.9744  1.8471 20.9830
  4.5481  2.2412  0.9686  0.1526 18.1173
  4.7862  3.5331  0.9678  2.5268 31.5072
  4.9111  2.1446  0.9976  2.1445 17.1612
  5.2803  1.6309  0.9691  1.6750 12.2262
  4.4914  2.0442  0.9737  0.3875 16.1763
  4.6444  1.3742  0.9784  1.6103  9.8766
  5.0568  0.6743  0.9467  1.6581  4.0692
  5.4052  2.4306  0.9743  1.2232 20.0126
  5.2688  1.5064  0.9946  1.7956 11.0755
  6.0949  3.3579  0.9848  1.0410 29.6366
  5.5509  2.7659  0.9819  0.1947 23.4329
  4.3762  1.5563  0.9752  1.9366 11.5343
  5.1841  1.9703  0.9912  0.8918 15.4568
  5.2518  1.8988  0.9858  0.5667 14.7662
  5.6962  2.9792  0.9849  0.4386 25.6462
  5.2035  2.7239  0.9787  0.3263 23.0004
  5.1378  0.7071  0.9980  0.7576  4.3153
  4.2269  2.6195  0.9728  2.0773 21.9304
  5.2943  4.3433  0.9822  0.8050 40.3233
  5.9038  3.9900  0.9935  1.1839 36.4475
  5.5659  0.5964  0.9782  1.3030  3.4998
  5.1034  3.7440  0.9960  0.9815 33.7768
  5.3069  2.7911  0.9794  1.2863 23.6928
  5.1417  4.1916  0.9861  1.8506 38.6537
  4.7173  3.4404  0.9888  1.2593 30.5158
  5.2156  4.0880  0.9958  2.0189 37.5187
  6.1341  3.0387  0.9931  0.9341 26.2679
  5.1061  1.2026  0.9901  0.8671  8.3601
  4.5531  4.3738  0.9948  0.1125 40.6606
  4.7304  4.3691  0.9761  0.9954 40.6084
  5.5229  2.8444  0.9824  0.5770 24.2441
  4.5024  1.5579  0.9915  1.1104 11.5491
  5.7000  3.0361  0.9728  1.7350 26.2410
  6.6621  1.3408  0.7757  0.7178  9.5776
  4.8370  2.0129  0.9811  2.3734 15.8702
  5.1416  2.4718  0.9702  1.6729 20.4287
  5.0930  3.5113  0.9980  2.5565 31.2739
  4.7287  2.5118  0.9947  1.0455 20.8339
  6.0818  3.0051  0.9806  1.0755 25.9168
  5.3398  4.3997  0.9796  0.8257 40.9461
  3.7456  3.1468  0.9916  1.7418 27.4029
  4.5995  2.4437  0.9833  0.6375 20.1455
  5.0384  2.0841  0.9950  0.9555 16.5667
  6.8046  3.4875  0.5269  1.5645 31.0194
  5.3485  3.9390  0.9961  0.9698 35.8923
  5.7289  3.8206  0.9856  2.4017 34.6054
  5.8604  2.8087  0.9676  1.7160 23.8752
  6.5302  4.1038  0.9543  0.9568 37.6914
  5.2591  2.2337  0.9809  2.3187 18.0428
  4.5093  3.7484  0.9821  0.5949 33.8246
  4.7677  2.7065  0.9932  1.1298 22.8216
  5.2721  3.1359  0.9802  0.1945 27.2879
  4.0526  2.7169  0.9980  0.9616 22.9285
  4.6355  0.5736  0.9771  1.5839  3.3374
  4.0529  3.1952  0.9758  2.8362 27.9136
  5.0049  2.3217  0.9936  1.1127 18.9189
  4.7918  3.6646  0.9778  2.1990 32.9204
  5.3088  1.5311  0.9692  1.2916 11.3017
  5.0526  2.7478  0.9692  0.3831 23.2466
  5.2770  0.6903  0.9942  1.9913  4.1889
  5.4453  1.0927  0.9875  1.4629  7.4160
  3.6474  3.0920  0.9973  2.1352 26.8268
  5.2353  3.2479  0.9940  1.5492 28.4703
  4.0242  1.9635  0.9898  1.4016 15.3906
  5.0131  2.6908  0.9710  2.4700 22.6603
  6.1588  3.0517  0.9694  0.8124 26.4039
  4.9961  3.8901  0.9788  1.2869 35.3595
  4.9672  1.8707  0.9690  2.3326 14.4955
  4.3439  3.7649  0.9759  1.2329 34.0027
  3.7530  2.3561  0.9797  3.0179 19.2643
  4.9377  3.7291  0.9903  1.4462 33.6159
  4.8890  3.0614  0.9890  1.6274 26.5056
  4.6756  4.1313  0.9685  1.0125 37.9926
  6.1855  4.2473  0.9849  1.0623 39.2658
  5.7412  2.1437  0.9913  1.9092 17.1516
  5.2230  2.3671  0.9838  2.0614 19.3746
  5.1594  1.0396  0.9711  1.0063  6.9685
  4.9062  2.0003  0.9727  0.6863 15.7481
  6.3666  3.5231  0.9925  1.1464 31.4003
  5.1137  2.7452  0.9922  0.8312 23.2199
  5.7721  2.5853  0.9915  0.9568 21.5815
  4.6411  1.3105  0.9780  0.8352  9.3080
  5.9399  4.0028  0.9909  1.5819 36.5867
  4.7798  1.4650  0.9924  2.3188 10.6975
  6.3185  2.6580  0.9748  0.4853 22.3239
  5.3309  3.4585  0.9850  2.4076 30.7089
  4.6094  4.4469  0.9799  1.3680 41.4688
  4.8300  2.8121  0.9756  2.3848 23.9102
  5.0404  3.5609  0.9976  1.2026 31.8055
  6.5034  2.6360  0.8626  0.9874 22.0990
  4.9432  4.3829  0.9775  1.5073 40.7605
  5.0586  4.3870  0.9794  1.8868 40.8060
  4.5117  3.3711  0.9918  1.2493 29.7767
  4.7525  1.8184  0.9980  1.6265 13.9953
  4.8356  4.1120  0.9676  1.5085 37.7809
  5.2875  3.4709  0.9719  2.1168 30.8416
  4.3288  3.4205  0.9803  1.8405 30.3039
  5.5342  4.4351  0.9712  0.8982 41.3380
  5.1640  1.1794  0.9946  1.1498  8.1588
  6.9522  2.0328  0.6494  1.0085 16.0650
  5.2176  3.1760  0.9719  1.3306 27.7108
  5.3299  4.4321  0.9820  0.0969 41.3049
  4.8606  1.0442  0.9900  0.5069  7.0075
  4.2505  2.6697  0.9796  1.2062 22.4438
  5.3069  0.7309  0.9712  0.7645  4.4953
  5.0362  2.8163  0.9734  1.2706 23.9539
  5.1488  1.0996  0.9724  0.6399  7.4747
  6.0677  1.9861  0.9956  1.5342 15.6096
  4.6502  2.3966  0.9795  1.8442 19.6701
  4.3789  3.5935  0.9942  2.6196 32.1546
  4.1769  0.8155  0.9694  0.5225  5.1491
  6.6854  4.3193  0.6525  0.9894 40.0585
  4.6562  4.0332  0.9953  1.0385 36.9186
  5.2140  2.5193  0.9718  0.6413 20.9098
  4.8905  2.3764  0.9705  1.7272 19.4678
  4.1607  3.1128  0.9776  0.6843 27.0456
  5.0562  1.1604  0.9884  0.5780  7.9953
  4.7119  3.3858  0.9945  0.8647 29.9333
  5.8690  3.0207  0.9882  0.3831 26.0799
  4.9455  1.1202  0.9722  1.5039  7.6501
  4.2069  3.8816  0.9669  1.4448 35.2673
  5.5329  2.0325  0.9917  2.6609 16.0617
  5.3939  4.3239  0.9885  2.9715 40.1092
  5.4244  3.0929  0.9955  1.9925 26.8365
  5.4319  2.9958  0.9672  0.2966 25.8195
  5.4592  2.4040  0.9917  1.8297 19.7454
  4.4880  1.9995  0.9912  1.2113 15.7406
  4.9650  3.5422  0.9727  2.3869 31.6050
  5.1418  0.4739  0.9820  1.5377  2.6476
  5.4543  3.3737  0.9940  0.4423 29.8052
  4.6132  2.5433  0.9678  1.4701 21.1544
  4.3350  3.8207  0.9953  1.3995 34.6065
  5.2043  4.0109  0.9806  0.4202 36.6753
  5.2189  1.8404  0.9944  1.0709 14.2053
  4.1502  3.7663  0.9728  2.4451 34.0178
  5.4888  1.7885  0.9924  1.2858 13.7108
  4.1250  1.3100  0.9751  1.3988  9.3030
  5.1696  3.8914  0.9894  2.1320 35.3745
  4.2527  3.7412  0.9708  0.4618 33.7465
  5.3609  2.9341  0.9783  2.4790 25.1756
  5.1022  3.0503  0.9964  0.2947 26.3899
  4.3980  3.0823  0.9943  1.5838 26.7249
  4.6795  2.5505  0.9979  1.3853 21.2271
  4.5549  2.8386  0.9817  0.5386 24.1839
  6.3900  3.1222  0.9728  0.7523 27.1440
  4.4893  2.5498  0.9735  1.7132 21.2204
  5.4897  3.0638  0.9943  2.2237 26.5315
  4.4667  3.9903  0.9963  2.0637 36.4507
  3.8829  3.3554  0.9741  1.1867 29.6100
  5.5341  4.2924  0.9874  1.6944 39.7621
  5.9761  2.6098  0.9709  1.3509 21.8314
  4.5671  3.9409  0.9941  0.8382 35.9127
  5.8207  0.3804  0.9905  1.8075  2.0361
  4.6508  3.2361  0.9827  0.4268 28.3454
  5.2031  1.0767  0.9851  1.1406  7.2809
  5.3602  3.0637  0.9980  1.0837 26.5294
  3.9907  3.9656  0.9669  1.0695 36.1816
  5.3597  2.6152  0.9865  1.0077 21.8863
  4.5971  3.7341  0.9966  0.6906 33.6703
  4.4937  2.0360  0.9968  1.8612 16.0955
  4.9152  1.6499  0.9716  2.1271 12.4039
  5.2532  1.3550  0.9790  1.3331  9.7039
  6.8405  3.2730  0.4374  0.8395 28.7361
  5.5666  3.0649  0.9708  1.7364 26.5422
  3.5941  4.2085  0.9672  1.6548 38.8396
  5.7274  1.1370  0.9956  0.9666  7.7943
  5.4116  2.4760  0.9845  1.3264 20.4714
  5.2428  3.8501  0.9980  1.0452 34.9260
  4.4719  2.8824  0.9779  1.3834 24.6387
  5.3887  2.6970  0.9775  1.0104 22.7239
  4.9353  3.5654  0.9835  2.0050 31.8529
  4.8166  3.0523  0.9772  0.3259 26.4104
  4.8907  1.9355  0.9899  0.2481 15.1201
  5.9303  2.8521  0.9833  0.1474 24.3245
  5.0162  2.5343  0.9806  1.6900 21.0630
  5.0130  1.3818  0.9942  0.9398  9.9447
  6.9585  1.9207  0.8647  0.3195 14.9766
  4.3795  3.4728  0.9904  1.9529 30.8618
  5.0349  4.3679  0.9980  0.7239 40.5952
  4.9372  1.8156  0.9870  1.0266 13.9688
  5.1015  0.4795  0.9923  1.1780  2.6849
  4.8515  3.0843  0.9832  1.0869 26.7461
  5.9116  2.9573  0.9707  0.5970 25.4174
  5.5055  2.2624  0.9677  1.4385 18.3278
  3.6561  1.2647  0.9705  0.5073  8.9028
  4.8377  1.1542  0.9751  0.8981  7.9416
  4.8108  2.6063  0.9945  2.0139 21.7958
  5.7770  2.8825  0.9818  1.7955 24.6396
  5.1935  1.6262  0.9868  0.8190 12.1828
  5.0444  1.0348  0.9980  0.3939  6.9281
  5.6853  0.7527  0.9898  1.3557  4.6616
  5.0281  1.5931  0.9848  1.7874 11.8746
  5.2374  0.6088  0.9946  0.6311  3.5895
  4.2650  2.1553  0.9697  1.0389 17.2664
  3.6483  3.0146  0.9805  1.6429 26.0163
  5.4865  1.6842  0.9769  2.5311 12.7252
  5.6865  3.0990  0.9930  1.8072 26.9008
  5.6239  0.2358  0.9980  0.5421  1.1696
  5.2238  2.4534  0.9980  2.1491 20.2427
  5.6204  0.7642  0.9750  2.3850  4.7502
  5.5314  3.1625  0.9963  0.5035 27.5684
  5.1695  1.6496  0.9801  0.3290 12.4009
  5.2541  2.2995  0.9927  1.2179 18.6979
  4.9094  1.4057  0.9964  2.2514 10.1593
  4.8395  3.7768  0.9805  2.0409 34.1318
  4.4495  2.2017  0.9800  1.9582 17.7252
  5.8211  2.4951  0.9862  0.6281 20.6650
  5.1711  1.8522  0.9731  0.6778 14.3186
  5.8542  2.7796  0.9875  1.0565 23.5749
  6.4413  2.8542  0.8684  1.7107 24.3460
  4.9010  1.6684  0.9816  0.8984 12.5768
  5.5380  3.6338  0.9902  1.8497 32.5887
  5.5116  2.7365  0.9977  1.3207 23.1302
  6.1855  1.9433  0.9675  2.4226 15.1953
  4.3079  2.1500  0.9980  0.6429 17.2138
  4.8176  1.6759  0.9866  2.0574 12.6469
  5.0227  3.5641  0.9698  2.6967 31.8392
  4.6277  3.5189  0.9817  1.5838 31.3551
  5.0336  2.6229  0.9687  2.4415 21.9656
  6.3597  4.0427  0.9961  1.6576 37.0230
  6.3386  4.0536  0.9716  2.1956 37.1416
  5.9011  4.3141  0.9910  2.3096 40.0019
  5.2288  1.1520  0.9722  0.1992  7.9224
  5.8488  1.9869  0.9821  1.3304 15.6174
  4.8005  3.8263  0.9863  1.1099 34.6674
  5.5437  3.4912  0.9769  0.6966 31.0585
  6.5797  3.4765  0.8087  1.3318 30.9016
  5.1204  1.4996  0.9980  1.2639 11.0131
  5.6132  3.6214  0.9776  1.6830 32.4548
  5.1700  3.3209  0.9943  1.1447 29.2434
  4.5486  0.8513  0.9980  1.2891  5.4314
  6.5360  4.1967  0.8327  0.8446 38.7094
  6.0924  2.1845  0.9878  0.6911 17.5550
  5.5505  4.1793  0.9956  0.5192 38.5184
  5.2511  2.0766  0.9779  2.2635 16.4922
  5.6984  2.8146  0.9870  0.6940 23.9356
  4.5766  2.0769  0.9749  2.2357 16.4960
  5.1444  2.3548  0.9842  2.6988 19.2513
  5.7492  2.8074  0.9841  1.3201 23.8616
  4.7464  3.0891  0.9840  1.5185 26.7967
  4.8624  4.0246  0.9808  0.5075 36.8248
  4.0727  1.5519  0.9903  3.0335 11.4938
  4.7920  1.7313  0.9699  1.4996 13.1686
  5.2849  2.4667  0.9946  1.1547 20.3773
  4.4827  2.2680  0.9708  1.8522 18.3835
  6.0824  1.3894  0.9980  2.6255 10.0125
  5.1213  2.6925  0.9980  1.7736 22.6779
  5.4614  4.1233  0.9873  1.8754 37.9052
  5.4740  3.9548  0.9704  1.6104 36.0640
  5.6355  3.4055  0.9762  2.1961 30.1439
  6.1837  1.7067  0.9853  0.9351 12.9371
  5.1249  1.7312  0.9980  0.7798 13.1677
  4.1506  4.0914  0.9798  1.6376 37.5551
  5.2982  2.8455  0.9841  2.2817 24.2559
  6.0680  2.0855  0.9834  1.9768 16.5798
  5.2826  1.3274  0.9894  3.0655  9.4581
  5.3668  4.2290  0.9752  2.0939 39.0650
  4.2613  1.6906  0.9892  0.9923 12.7855
  5.2127  3.0994  0.9953  0.6911 26.9044
  6.0409  3.8851  0.9726  1.6607 35.3054
  5.5653  1.6156  0.9773  0.9688 12.0838
  5.4601  0.7590  0.9766  1.3254  4.7102
  4.8230  2.7550  0.9901  0.4830 23.3212
  5.2071  1.6731  0.9828  2.4338 12.6210
  4.7385  3.4318  0.9690  0.8413 30.4239
  5.3787  2.8058  0.9954  0.7954 23.8448
  6.9409  3.6162  0.3483  1.3096 32.3993
  5.0596  0.6134  0.9912  2.4798  3.6224
  6.6269  1.4310  0.7732  1.7121 10.3883
  5.0115  3.1860  0.9840  1.0456 27.8160
  4.7279  2.3763  0.9776  1.9660 19.4667
  4.6976  1.9610  0.9691  1.4853 15.3667
  5.2933  1.9699  0.9821  1.6441 15.4528
  5.9837  3.9621  0.9873  0.6801 36.1439
  4.8081  3.7708  0.9931  0.9459 34.0670
  5.1882  3.5347  0.9734  0.4140 31.5239
  5.2774  4.2200  0.9815  0.6097 38.9654
  5.1123  2.1949  0.9970  1.6041 17.6579
  4.9787  2.5614  0.9944  1.1959 21.3380
  5.4234  3.2743  0.9932  1.0815 28.7499
  5.7272  4.2409  0.9914  0.1482 39.1960
  5.7172  2.6605  0.9841  0.4248 22.3498
  4.7535  1.9110  0.9686  1.7062 14.8831
  5.2011  2.8853  0.9695  1.2313 24.6685
  4.5681  4.1572  0.9760  1.1767 38.2766
  5.7802  2.2512  0.9960  0.5000 18.2161
  3.8290  2.4089  0.9726  2.5647 19.7948
  3.9533  4.2165  0.9917  2.8531 38.9270
  4.8542  2.9881  0.9816  0.5571 25.7386
  6.4475  1.5429  0.9098  2.5887 11.4108
  5.4707  3.2061  0.9903  2.2076 28.0287
  5.9421  2.1376  0.9806  1.6211 17.0920
  5.0062  2.3548  0.9885  0.1746 19.2509
  5.1285  3.0232  0.9721  1.0903 26.1055
  4.8867  2.2513  0.9683  2.5057 18.2175
  4.9853  3.5227  0.9907  0.6964 31.3962
  5.2764  0.8501  0.9827  1.4438  5.4216
  4.7942  2.5656  0.9913  0.8796 21.3812
  5.3600  3.6233  0.9918  1.2342 32.4753
  5.2772  1.4526  0.9980  0.6549 10.5840
  5.2417  0.7025  0.9704  1.8399  4.2800
  5.7028  3.0170  0.9695  0.7814 26.0406
  3.7128  2.3574  0.9717  1.3009 19.2771
  6.1582  3.9265  0.9737  1.4521 35.7557
  5.2714  3.4554  0.9694  1.8649 30.6761
  5.1761  1.6080  0.9928  1.9333 12.0133
  6.4787  2.3350  0.8955  1.8848 19.0521
  5.2398  1.5448  0.9916  0.1911 11.4283
  4.8445  2.4815  0.9955  1.6657 20.5272
  4.4713  3.8063  0.9814  2.2248 34.4506
  4.8075  1.1604  0.9972  1.1589  7.9950
  5.1610  3.7205  0.9851  1.7913 33.5227
  5.9762  2.9928  0.9957  0.4303 25.7882
  4.8604  3.0570  0.9788  1.1498 26.4596
  5.8975  3.1894  0.9798  1.5157 27.8515
  5.2058  3.4916  0.9939  0.7158 31.0624
  3.7553  3.1763  0.9739  1.1804 27.7134
  5.9531  2.8863  0.9853  2.5245 24.6785
  5.6395  2.0966  0.9921  0.5581 16.6889
  5.3066  2.1633  0.9713  0.9067 17.3450
  3.6999  2.0818  0.9808  1.8835 16.5438
  5.9635  3.1506  0.9850  1.1595 27.4433
  4.6377  1.1982  0.9925  1.2280  8.3222
  5.4686  2.4491  0.9968  2.2237 20.1993
  5.8617  2.2427  0.9712  1.3665 18.1313
  5.4208  3.6737  0.9980  0.1966 33.0175
  3.9339  2.2770  0.9943  1.4175 18.4733
  4.9190  2.5579  0.9862  1.3779 21.3029
  3.6787  2.1016  0.9872  1.6086 16.7374
  5.1478  1.1568  0.9786  2.7028  7.9644
  4.2534  2.3188  0.9886  1.1385 18.8900
  5.8498  3.1925  0.9847  2.4075 27.8848
  3.5734  1.2963  0.9898  2.0881  9.1820
  4.8781  3.4229  0.9749  0.6655 30.3291
  4.7984  4.0096  0.9980  1.7546 36.6612
  4.6221  4.1463  0.9739  2.1294 38.1572
  5.6045  4.3291  0.9681  0.4742 40.1674
  4.9823  1.7626  0.9971  0.6006 13.4647
  5.1709  0.9404  0.9813  0.9920  6.1483
  6.0467  3.6052  0.9882  2.5786 32.2810
  4.5362  3.3372  0.9694  1.8583 29.4165
  4.7189  2.1522  0.9954  1.4642 17.2357
  5.5458  4.1452  0.9854  2.4201 38.1445
  4.9910  1.4790  0.9767  1.8381 10.8252
  6.0741  2.9859  0.9789  1.4417 25.7163
  4.9587  1.0811  0.9946  2.2995  7.3180
  6.5317  1.0243  0.8029  0.7407  6.8409
  4.4969  1.8240  0.9896  0.3593 14.0488
  4.7520  2.5164  0.9762  1.2737 20.8805
  5.7767  2.5651  0.9852  0.8623 21.3761
  5.1462  2.0966  0.9818  0.4784 16.6888
  4.1077  1.1878  0.9961  2.1081  8.2320
  5.6122  1.8147  0.9903  1.3191 13.9604
  5.2809  1.3683  0.9731  1.0572  9.8231
  4.3341  3.7140  0.9741  1.6514 33.4529
  5.5151  1.8674  0.9769  1.7108 14.4640
  5.9661  2.4104  0.9675  0.4495 19.8093
  5.2780  1.3412  0.9847  1.8326  9.5806
  4.3516  3.5086  0.9819  0.7338 31.2448
  4.4912  2.1701  0.9919  0.4246 17.4129
  4.2755  2.1665  0.9850  0.9694 17.3773
  5.2218  1.5145  0.9791  1.8704 11.1500
  5.4761  4.0041  0.9957  0.4466 36.6019
  4.7884  1.6423  0.9893  0.7302 12.3325
  4.4045  4.0581  0.9785  1.7445 37.1909
  3.6837  2.4183  0.9927  2.7571 19.8894
  5.3922  1.1620  0.9766  0.6546  8.0093
  6.0751  4.4034  0.9700  0.9096 40.9871
  5.2066  2.3768  0.9980  1.4491 19.4721
  5.4447  1.1449  0.9778  2.2047  7.8619
  4.1330  4.1485  0.9862  1.1240 38.1812
  4.9096  3.1823  0.9825  0.9045 27.7769
  5.7066  2.6803  0.9863  0.2038 22.5530
  5.4812  3.7132  0.9716  1.1063 33.4444
  5.4022  3.5470  0.9685  0.2412 31.6564
  4.4455  2.6825  0.9961  1.5782 22.5760
  5.8002  1.6718  0.9884  1.8430 12.6092
  4.9921  3.8614  0.9891  2.5559 35.0487
  5.5201  3.7301  0.9913  1.1800 33.6269
  5.1368  3.1965  0.9822  1.2462 27.9271
  4.6632  4.3621  0.9710  1.7773 40.5308
  5.4908  3.9437  0.9739  2.2926 35.9426
  4.7613  3.1718  0.9840  2.3565 27.6669
  5.0351  2.2343  0.9855  2.1045 18.0487
  4.0659  4.1014  0.9901  1.4778 37.6645
  4.7463  1.2578  0.9940  1.1434  8.8425
  5.1661  3.3286  0.9731  2.6114 29.3254
  4.9110  3.4274  0.9935  1.9770 30.3775
  5.3154  2.8313  0.9803  1.3779 24.1093
  5.0732  3.7279  0.9762  2.1685 33.6028
  5.6646  3.2815  0.9957  0.7373 28.8262
  4.9359  2.3200  0.9845  1.3506 18.9023
  4.5099  3.9125  0.9811  1.0713 35.6034
  3.6196  3.2182  0.9899  1.7967 28.1565
  4.5380  2.2528  0.9980  0.3117 18.2317
  5.1677  1.4776  0.9977  0.8906 10.8122
  4.9498  0.8495  0.9797  0.8243  5.4170
  5.3159  2.2691  0.9871  1.9418 18.3942
  5.1774  1.7612  0.9670  0.8961 13.4515
  4.1355  0.7834  0.9823  1.1802  4.8985
  6.0434  4.1264  0.9892  0.7259 37.9383
  4.6438  1.2103  0.9698  0.8663  8.4272
  5.5342  2.9594  0.9918  0.9021 25.4395
  4.8568  3.3852  0.9674  0.3834 29.9270
  5.9098  2.9747  0.9773  1.5729 25.5991
  5.2533  2.1401  0.9745  1.0546 17.1167
  5.6205  2.7027  0.9706  2.4049 22.7827
  5.2898  3.4860  0.9928  1.6031 31.0032
  4.6690  2.2614  0.9958  0.8621 18.3173
  6.2811  2.4843  0.9752  1.4010 20.5561
  4.7938  2.0333  0.9756  0.2005 16.0690
  5.5312  3.5472  0.9840  0.6403 31.6579
  4.1279  1.7361  0.9893  2.4538 13.2138
  4.1647  2.6996  0.9875  0.6964 22.7510
  4.4494  1.3273  0.9723  1.1746  9.4569
  4.9204  0.9368  0.9700  1.2909  6.1190
  4.9104  3.1781  0.9935  1.0338 27.7330
  5.4998  3.5728  0.9925  1.6621 31.9324
  4.9222  0.7507  0.9672  1.7949  4.6467
  4.7708  2.8976  0.9669  1.7167 24.7961
  3.7368  4.0397  0.9980  1.3493 36.9898
  5.1107  1.6985  0.9936  1.9153 12.8596
  6.2808  4.4858  0.9965  2.2196 41.8996
  6.0457  4.1434  0.9950  0.2761 38.1244
  4.7540  0.8247  0.9980  1.3326  5.2215
  5.2582  2.9547  0.9859  2.6215 25.3910
  4.9529  1.7712  0.9929  1.8604 13.5465
  5.6355  3.4677  0.9814  1.8807 30.8072
  5.4797  2.6780  0.9719  1.4553 22.5291
  4.7853  3.2841  0.9716  1.1941 28.8528
  5.7753  2.0990  0.9681  0.4861 16.7122
  5.5512  2.9377  0.9921  1.6302 25.2134
  5.0812  3.2383  0.9952  0.5198 28.3681
  5.1704  2.8158  0.9965  2.1956 23.9487
  5.7979  2.4567  0.9964  1.7897 20.2763
  4.4753  1.4378  0.9824  0.7549 10.4500
  4.6033  2.1036  0.9837  1.4533 16.7575
  5.7506  1.6996  0.9771  1.1787 12.8699
  4.9252  1.6665  0.9960  1.1305 12.5594
  5.1319  2.8878  0.9860  1.1788 24.6942
  4.8487  3.0561  0.9932  1.9369 26.4502
  6.4555  4.4030  0.9367  0.5137 40.9832
  5.1024  2.7364  0.9893  1.1437 23.1290
  5.5958  2.0774  0.9899  0.9802 16.5007
  5.3395  2.9856  0.9980  0.7506 25.7132
  3.8177  2.2099  0.9795  1.3138 17.8058
  5.4319  3.1116  0.9957  1.8106 27.0326
  5.1629  2.5936  0.9957  1.7052 21.6666
  3.6554  0.9421  0.9905  2.8253  6.1622
  5.3342  2.5781  0.9875  1.2154 21.5079
  5.1776  2.1322  0.9890  3.0360 17.0383
  5.2720  3.3071  0.9936  1.0763 29.0968
  5.2114  2.1247  0.9697  0.9985 16.9647
  4.3567  4.1311  0.9871  0.5100 37.9903
  4.8130  3.6346  0.9962  1.8416 32.5969
  5.7418  3.4536  0.9736  1.1491 30.6569
  6.0967  3.3739  0.9974  1.9688 29.8071
  5.3483  2.6279  0.9673  0.3665 22.0168
  4.7884  1.7872  0.9954  0.7248 13.6987
  5.6438  3.7638  0.9980  1.4507 33.9910
  5.2162  3.6278  0.9972  0.3451 32.5237
  5.2650  3.6767  0.9825  1.7292 33.0503
  4.4835  2.9277  0.9757  1.8527 25.1092
  3.8480  4.0488  0.9682  1.4470 37.0898
  5.1048  2.9612  0.9670  0.5758 25.4580
  4.3807  4.1603  0.9814  1.1039 38.3106
  4.6082  3.0318  0.9826  1.0952 26.1955
  5.9735  3.6457  0.9731  1.7847 32.7160
  4.3267  3.1406  0.9944  1.0141 27.3380
  5.0642  3.9430  0.9974  1.2714 35.9356
  4.5224  3.4963  0.9702  0.9178 31.1134
  5.2428  1.7803  0.9755  0.8350 13.6329
  5.1381  1.1734  0.9870  0.3936  8.1069
  5.0257  1.2065  0.9712  1.0530  8.3938
  5.3950  3.0191  0.9813  2.9341 26.0625
  4.8771  2.0601  0.9907  1.2532 16.3312
  5.7037  2.9014  0.9892  1.4851 24.8362
  4.7954  2.0484  0.9958  1.1468 16.2164
  4.8340  0.5520  0.9802  1.6129  3.1844
  3.8089  3.1888  0.9703  0.7781 27.8460
  4.8583  4.1315  0.9817  0.4894 37.9948
  5.0262  2.8059  0.9710  2.7017 23.8457
  6.3591  3.5841  0.9837  2.0778 32.0544
  5.0781  2.7207  0.9751  1.3990 22.9675
  5.5748  4.1520  0.9743  1.0321 38.2190
  4.8083  2.4381  0.9698  0.6290 20.0892
  4.8651  2.4740  0.9890  2.0811 20.4515
  4.0857  1.3641  0.9978  0.4966  9.7858
  4.8401  2.7427  0.9689  1.1586 23.1942
  3.7803  0.9712  0.9779  0.2904  6.4012
  3.9845  2.1372  0.9754  2.2157 17.0884
  4.8844  2.8186  0.9833  0.6646 23.9773
  5.9483  2.1953  0.9971  1.7895 17.6619
  4.9942  1.7312  0.9850  1.0996 13.1675
  3.6319  2.8100  0.9683  0.9948 23.8880
  5.5737  2.3976  0.9942  1.0288 19.6804
  5.4426  3.4748  0.9913  1.0461 30.8831
  5.0772  0.7860  0.9967  1.2495  4.9188
  4.3334  3.3468  0.9980  2.7945 29.5186
  5.2656  1.2344  0.9754  0.9391  8.6370
  5.0538  2.3258  0.9937  0.6944 18.9604
  5.4117  2.5849  0.9750  2.2279 21.5771
  4.9147  3.3644  0.9843  2.0265 29.7064
  3.5134  0.4619  0.9774  2.0401  2.5673
  4.8781  1.0088  0.9715  1.3026  6.7121
  4.2074  2.8501  0.9919  0.7633 24.3037
  4.3150  4.0041  0.9826  1.9293 36.6012
  5.4687  3.2973  0.9885  0.3540 28.9932
  5.0671  2.8278  0.9912  0.9272 24.0723
  4.3877  4.1242  0.9829  0.8248 37.9148
  4.4487  3.3826  0.9789  2.4023 29.9001
  5.5859  3.6156  0.9980  0.8012 32.3927
  4.4667  3.5881  0.9736  1.3595 32.0971
  4.0511  1.8900  0.9939  2.1155 14.6814
  5.2742  2.7100  0.9770  1.2313 22.8582
  5.4058  2.3219  0.9744  0.2699 18.9214
  4.7145  1.2646  0.9980  0.3913  8.9021
  4.7850  2.6399  0.9941  0.6178 22.1389
  4.9828  1.2692  0.9928  0.9564  8.9426
  5.4924  3.8283  0.9884  2.4109 34.6889
  6.3324  1.9060  0.9907  1.8461 14.8354
  5.0214  0.8643  0.9872  1.9871  5.5352
  4.8870  4.3608  0.9977  1.3903 40.5167
  5.0887  2.2597  0.9915  1.4504 18.3008
  3.9110  0.9418  0.9800  0.8040  6.1597
  5.1822  4.1033  0.9873  2.5088 37.6852
  4.9440  3.6394  0.9701  1.6144 32.6489
  5.2739  2.2336  0.9788  1.7599 18.0414
  5.2830  3.7134  0.9752  1.6776 33.4458
  5.7007  4.3835  0.9899  2.6814 40.7679
  4.7885  3.6090  0.9859  1.2549 32.3218
  4.9852  4.0366  0.9804  2.1652 36.9558
  4.5720  2.9823  0.9803  0.7743 25.6784
  6.2965  2.7281  0.9849  2.3283 23.0439
  5.2476  2.6435  0.9963  0.5889 22.1756
  6.1446  1.5723  0.9969  1.1317 11.6822
  5.9947  3.3470  0.9807  1.9963 29.5213
  4.2766  4.3867  0.9920  1.2971 40.8032
  4.3634  1.0109  0.9761  1.0253  6.7289
  4.4161  4.2167  0.9872  0.2905 38.9294
  5.6570  4.4515  0.9694  0.5225 41.5197
  5.3565  4.1334  0.9980  2.2407 38.0153
  5.4771  3.2791  0.9980  1.0696 28.8000
  3.5197  4.2463  0.9980  0.6968 39.2547
  4.4201  4.1525  0.9943  1.5449 38.2245
  3.6927  1.9194  0.9886  1.7746 14.9641
  5.7782  4.4258  0.9676  2.8377 41.2346
  5.3829  0.8462  0.9926  1.3425  5.3914
  5.7463  3.7779  0.9899  2.8867 34.1433
  6.3760  2.8600  0.9781  1.4011 24.4065
  5.1359  2.5810  0.9708  0.4446 21.5375
  5.3662  1.5991  0.9746  0.9054 11.9309
  4.5180  3.9408  0.9757  0.5885 35.9120
  4.6844  1.2396  0.9980  0.2892  8.6833
  4.6307  3.2506  0.9969  0.2077 28.4986
  5.2470  2.0379  0.9735  0.4355 16.1148
  4.7282  1.9474  0.9900  1.5589 15.2352
  5.0475  1.4883  0.9855  0.5034 10.9101
  5.8266  1.3044  0.9980  1.1372  9.2536
  4.6780  2.0299  0.9668  2.5055 16.0362
  4.7217  2.4528  0.9797  1.2803 20.2372
  4.8628  3.5209  0.9827  2.3571 31.3762
  4.7895  1.9519  0.9735  0.7590 15.2783
  4.9090  2.5325  0.9909  2.0045 21.0442
  4.6602  1.5510  0.9880  2.9515 11.4850
  4.7998  2.2125  0.9855  0.5144 17.8322
  6.0568  4.0800  0.9680  0.9486 37.4304
  5.9450  3.4414  0.9714  0.5464 30.5269
  5.0064  1.0775  0.9670  2.2439  7.2874
  5.5194  1.5505  0.9980  1.5593 11.4810
  4.8636  2.0376  0.9909  2.8015 16.1117
  5.1275  3.1401  0.9863  1.6157 27.3330
  5.2593  0.7335  0.9781  0.9824  4.5150
  5.0499  2.4456  0.9702  0.5309 20.1643
  4.7884  1.6567  0.9798  0.7047 12.4673
  3.8204  2.9371  0.9980  1.2469 25.2077
  5.1211  3.9590  0.9980  1.9000 36.1101
  6.6928  1.0247  0.6475  0.6396  6.8446
  5.0182  3.5739  0.9730  1.2567 31.9451
  5.1572  0.3789  0.9895  1.4308  2.0268
  3.6262  2.8319  0.9820  2.7178 24.1152
  4.7989  2.4862  0.9903  2.2545 20.5749
  5.8010  1.8259  0.9916  1.4303 14.0675
  5.3192  3.7915  0.9929  1.8169 34.2907
  5.0265  1.9098  0.9780  1.8427 14.8718
  4.9117  0.7930  0.9952  0.9357  4.9729
  4.7343  3.6200  0.9968  1.6344 32.4399
  5.0530  1.8089  0.9816  2.8940 13.9050
  4.3127  2.0150  0.9939  0.8201 15.8915
  5.0654  2.7731  0.9948  0.4536 23.5075
  5.0899  2.5735  0.9813  2.4186 21.4615
  5.2567  3.8270  0.9747  1.3769 34.6749
  4.7686  4.3440  0.9669  0.2515 40.3310
  5.4286  3.8024  0.9751  1.2029 34.4091
  4.9490  2.0387  0.9866  1.4608 16.1221
  5.7028  2.6133  0.9815  1.5894 21.8673
  5.3282  4.2179  0.9785  1.7829 38.9431
  5.0781  2.2959  0.9728  0.3449 18.6619
  5.9763  2.6188  0.9851  1.5466 21.9237
  4.0423  0.5259  0.9829  0.6247  3.0026
  4.6913  1.5281  0.9801  1.1992 11.2745
  6.8986  1.6644  0.5945  1.6657 12.5392
  5.5449  3.5998  0.9846  0.2460 32.2232
  5.0392  3.9494  0.9909  0.7338 36.0052
  5.0997  3.2295  0.9887  0.3330 28.2759
  4.9560  0.8200  0.9695  0.4985  5.1842
  3.7829  1.4664  0.9798  1.0567 10.7101
  5.6001  2.2387  0.9686  1.6129 18.0924
  5.0679  0.8869  0.9677  2.5922  5.7159
  5.6665  2.9178  0.9952  2.0352 25.0068
  5.1544  2.4984  0.9828  1.2317 20.6981
  4.2907  2.2446  0.9758  2.1709 18.1502
  4.3442  3.7710  0.9866  1.2284 34.0686
  5.7765  2.1612  0.9929  1.2399 17.3249
  5.7866  3.7611  0.9687  1.7072 33.9611
  5.0829  1.4371  0.9894  2.0367 10.4440
  4.4243  3.2850  0.9765  2.9332 28.8631
  5.1925  2.5163  0.9980  2.7288 20.8799
  5.1570  1.7377  0.9888  0.7758 13.2293
  4.7142  2.0043  0.9686  1.1580 15.7873
  4.6242  4.2283  0.9748  1.2752 39.0574
  6.8929  2.8169  0.4974  0.4693 23.9601
  5.3835  3.3094  0.9853  1.2278 29.1220
  5.0911  2.6110  0.9777  1.7274 21.8435
  5.0395  2.9760  0.9838  1.2418 25.6125
  5.2787  0.7937  0.9784  1.1633  4.9783
  5.6107  0.2594  0.9739  1.6558  1.3037
  5.2537  3.7220  0.9749  0.7428 33.5388
  5.2108  3.2521  0.9936  0.3865 28.5148
  3.8375  3.1813  0.9870  0.3891 27.7670
  6.0749  0.3912  0.9692  2.2258  2.1050
  5.1245  4.1417  0.9807  0.5228 38.1058
  4.2711  2.4446  0.9979  0.2497 20.1540
  5.3456  1.4279  0.9806  0.5227 10.3601
  5.5872  2.4875  0.9829  1.5975 20.5884
  4.6883  3.7717  0.9806  0.5445 34.0767
  4.2455  2.1467  0.9859  1.8695 17.1814
  4.0843  3.0053  0.9753  1.4010 25.9186
  5.4641  3.8124  0.9869  1.8353 34.5171
  5.2320  1.2287  0.9947  1.4672  8.5872
  4.4124  1.4174  0.9818  1.0201 10.2651
  4.1042  0.7642  0.9792  2.7369  4.7503
  6.9121  1.9911  0.4509  2.3472 15.6585
  4.1079  1.6522  0.9769  2.7976 12.4250
  4.7890  2.5729  0.9770  2.7691 21.4548
  4.8973  3.0460  0.9699  2.5192 26.3449
  5.2572  2.8243  0.9746  1.7707 24.0363
  3.6394  2.7532  0.9917  1.2086 23.3022
  4.1155  3.5096  0.9942  1.0719 31.2554
  5.3041  2.1805  0.9671  1.0417 17.5156
  4.4136  2.3154  0.9894  2.8449 18.8568
  6.3276  0.5896  0.9755  1.3422  3.4514
  5.5016  3.3981  0.9891  1.5921 30.0643
  4.5740  2.5433  0.9901  2.1204 21.1545
  6.0728  3.0068  0.9915  2.0507 25.9347
  5.8944  3.9248  0.9671  0.2547 35.7371
  5.4836  2.4644  0.9908  2.3532 20.3546
  5.8801  2.8261  0.9814  2.3264 24.0548
  5.2963  2.6956  0.9921  1.4616 22.7104
  6.8326  1.7611  0.6651  1.2584 13.4502
  4.7491  1.5610  0.9815  1.4548 11.5776
  4.5426  3.3638  0.9890  1.4475 29.6995
  5.7051  2.8627  0.9824  0.3172 24.4346
  5.8721  1.7058  0.9855  1.3358 12.9284
  5.5455  1.0688  0.9781  0.5136  7.2140
  4.5432  3.9510  0.9960  0.8548 36.0224
  4.8693  3.3383  0.9680  2.3142 29.4281
  6.5487  3.9914  0.9012  1.8969 36.4627
  4.4546  4.1905  0.9908  1.8959 38.6420
  5.3421  3.0300  0.9772  2.9135 26.1768
  5.1858  4.4091  0.9734  2.0362 41.0502
  5.5036  3.1308  0.9840  2.3270 27.2347
  5.3075  2.5331  0.9980  0.3422 21.0504
  4.4138  0.4563  0.9676  0.5665  2.5298
  4.8432  1.5918  0.9790  2.1312 11.8625
  4.8712  0.8568  0.9738  0.7057  5.4753
  5.1091  2.3278  0.9859  2.2291 18.9801
  5.2740  2.9894  0.9829  1.2260 25.7522
  5.0028  2.9559  0.9725  0.3242 25.4034
  5.3849  0.6131  0.9785  0.9437  3.6207
  6.4735  3.3198  0.9354  1.1055 29.2318
  4.8611  1.8549  0.9879  1.1248 14.3443
  5.5433  3.1148  0.9735  1.3184 27.0660
  4.2372  3.2249  0.9896  2.3725 28.2267
  4.5285  2.4865  0.9833  1.8621 20.5779
  4.5495  3.8380  0.9980  1.5978 34.7947
  5.8686  3.7452  0.9670  0.5020 33.7896
  5.3686  3.3611  0.9890  1.0628 29.6705
  5.1360  1.1564  0.9754  0.5971  7.9609
  5.6885  2.0663  0.9861  1.0464 16.3915
  4.1130  2.6729  0.9788  1.1965 22.4774
  4.7048  2.4695  0.9872  0.3712 20.4055
  4.7588  2.6040  0.9852  0.6871 21.7718
  4.6380  2.1398  0.9980  0.2390 17.1135
  5.5600  0.4217  0.9980  1.8819  2.3020
  4.6208  4.2890  0.9740  0.6698 39.7252
  4.9940  3.7638  0.9980  1.1372 33.9905
  4.5347  2.3857  0.9685  1.0328 19.5607
  5.7399  4.3198  0.9770  1.7725 40.0641
  4.8280  0.8813  0.9980  1.5320  5.6711
  4.8651  1.1742  0.9779  0.2094  8.1144
  5.3239  4.3986  0.9946  0.8479 40.9341
  4.9465  4.0449  0.9764  0.3090 37.0469
  4.5155  2.4422  0.9673  0.9048 20.1298
  6.9311  2.2474  0.7942  1.3076 18.1781
  5.1172  1.4733  0.9886  2.0703 10.7728
  5.7949  3.9311  0.9888  1.9735 35.8059
  4.3022  2.8967  0.9733  1.3549 24.7875
  5.5054  1.3419  0.9920  0.3527  9.5869
  4.7066  3.2375  0.9792  2.6304 28.3604
  4.7322  3.7068  0.9964  2.4183 33.3754
  5.7696  3.9770  0.9785  1.3220 36.3059
  4.9805  3.6526  0.9807  1.1735 32.7910
  4.7693  3.1314  0.9838  1.1953 27.2408
  5.2962  1.9117  0.9731  1.4244 14.8899
  4.9303  0.8403  0.9714  0.6426  5.3440
  4.7915  1.4827  0.9700  1.9105 10.8582
  6.6705  3.0899  0.9708  1.0925 26.8045
  4.4062  3.2389  0.9686  1.0500 28.3753
  5.2591  1.6028  0.9724  1.0320 11.9649
  5.9846  3.0522  0.9839  0.9274 26.4098
  4.8330  3.9484  0.9932  1.9225 35.9943
  4.7751  0.7711  0.9668  1.3927  4.8031
  3.5065  3.9307  0.9717  2.3848 35.8016
  5.0093  1.5696  0.9706  0.5623 11.6571
  5.3648  3.1492  0.9748  1.2203 27.4282
  5.5337  3.1630  0.9808  2.8365 27.5736
  4.7529  4.2940  0.9872  1.8329 39.7800
  4.7256  1.6359  0.9771  0.8099 12.2729
  5.1709  1.6960  0.9980  2.1856 12.8362
  4.5071  1.1695  0.9787  0.6529  8.0736
  5.2559  3.4177  0.9886  1.1787 30.2737
  5.1644  2.5925  0.9843  0.4285 21.6549
  5.0975  3.0858  0.9950  2.1865 26.7617
  5.1633  1.5037  0.9728  0.2154 11.0508
  5.1175  2.3716  0.9962  1.7823 19.4189
  6.6052  3.7383  0.6742  0.9560 33.7151
  5.3654  2.5120  0.9831  0.6003 20.8361
  4.7314  3.4544  0.9746  2.8415 30.6653
  5.6610  4.3817  0.9731  1.3041 40.7477
  5.1308  2.2691  0.9907  0.3362 18.3939
  5.0235  3.9912  0.9928  0.8002 36.4612
  4.6129  4.3409  0.9977  1.8049 40.2967
  4.7910  2.2489  0.9713  1.7436 18.1933
  4.9738  1.8243  0.9928  1.6218 14.0521
  5.1199  2.4088  0.9778  1.9223 19.7936
  6.1024  4.4227  0.9958  0.6061 41.2009
  4.9538  2.5744  0.9909  0.5902 21.4706
  6.7624  3.2908  0.6189  2.0601 28.9239
  4.2037  1.6054  0.9980  0.4542 11.9891
  6.2995  2.8367  0.9808  0.6466 24.1646
  4.4289  3.5906  0.9866  2.8379 32.1240
  5.0922  2.7272  0.9963  0.5677 23.0344
  5.1540  1.9640  0.9752  0.3777 15.3959
  4.7877  1.8245  0.9800  0.0609 14.0534
  4.4310  1.1065  0.9966  0.1752  7.5333
  4.9273  2.8644  0.9672  1.0561 24.4520
  5.2083  3.8252  0.9788  1.6692 34.6558
  4.5203  0.6951  0.9931  0.3699  4.2251
  5.1957  0.9538  0.9712  0.7444  6.2584
  5.6627  3.3624  0.9711  1.3379 29.6844
  3.6091  3.1546  0.9889  0.3638 27.4854
  5.9799  2.3979  0.9812  2.5417 19.6832
  4.3872  3.5243  0.9814  0.0521 31.4133
  5.9080  2.2055  0.9670  1.5719 17.7622
  4.8987  4.2710  0.9822  0.7651 39.5265
  4.2353  1.5102  0.9702  0.3600 11.1098
  5.2522  1.1838  0.9971  1.1056  8.1973
  5.0161  2.0134  0.9739  0.3755 15.8750
  5.3671  1.0157  0.9917  1.5282  6.7695
  5.2290  2.3479  0.9715  1.3289 19.1813
  6.2440  3.4181  0.9846  1.9477 30.2779
  5.7366  2.8802  0.9744  1.9128 24.6157
  5.1152  1.8228  0.9805  2.0848 14.0378
  5.1510  3.6645  0.9853  1.5711 32.9191
  4.7959  4.3826  0.9822  2.7896 40.7572
  6.1013  3.5200  0.9764  0.8883 31.3670
  5.4109  3.3333  0.9980  0.9943 29.3751
  3.9769  3.9743  0.9980  0.5474 36.2768
  4.8643  2.2631  0.9944  2.1438 18.3345
  5.6792  3.1575  0.9825  1.3120 27.5154
  4.3140  1.9070  0.9799  1.5583 14.8451
  4.9688  2.4396  0.9821  0.8530 20.1038
  5.5953  2.1844  0.9763  2.2071 17.5540
  6.7688  3.2915  0.7759  0.6592 28.9318
  5.4419  0.7451  0.9675  1.2641  4.6034
  6.0883  2.8795  0.9912  1.5728 24.6083
  5.1192  3.4014  0.9873  2.8696 30.0995
  4.6237  3.0712  0.9804  2.5511 26.6087
  4.9426  4.4850  0.9878  1.4831 41.8903
  5.2372  4.0979  0.9872  1.4376 37.6263
  4.8953  2.0746  0.9919  0.5827 16.4733
  4.3448  4.2868  0.9751  1.4754 39.7010
  5.0671  4.1193  0.9729  1.8018 37.8612
  4.4817  3.0930  0.9889  1.5685 26.8372
  5.1421  3.1626  0.9942  0.4367 27.5692
  6.9773  4.0394  0.9810  0.6850 36.9868
  3.7367  1.6042  0.9734  1.4245 11.9780
  4.1008  4.4993  0.9711  1.5330 42.0496
  4.3580  3.1734  0.9953  0.8368 27.6836
  5.1102  1.0902  0.9900  2.0480  7.3949
  4.8374  0.9108  0.9979  1.4937  5.9084
  4.9103  2.6371  0.9734  2.2682 22.1105
  5.1286  4.1980  0.9759  0.7686 38.7246
  5.0391  1.4778  0.9973  0.2925 10.8139
  5.4542  2.1252  0.9754  1.8062 16.9693
  4.7045  2.3770  0.9969  0.9963 19.4732
  5.8230  3.0424  0.9947  1.0407 26.3072
  5.3261  2.0201  0.9735  1.0519 15.9408
  5.4986  4.1923  0.9959  1.6787 38.6610
  5.5353  2.3920  0.9743  1.5452 19.6246
  5.1412  2.7036  0.9797  2.0698 22.7920
  5.3526  3.7050  0.9682  1.4970 33.3552
  5.3349  2.0401  0.9905  0.5102 16.1358
  4.4158  1.9400  0.9871  1.8967 15.1637
  5.3354  1.7729  0.9855  2.1199 13.5627
  5.1106  3.0976  0.9918  0.6361 26.8854
  5.3639  3.8897  0.9711  1.1677 35.3552
  4.8722  2.6583  0.9783  0.3669 22.3270
  5.4972  2.2028  0.9784  0.8835 17.7357
  5.6489  1.5028  0.9805  1.7303 11.0423
  5.7139  2.5224  0.9858  0.5811 20.9418
  5.2582  1.0245  0.9777  1.6064  6.8428
  5.6433  1.3637  0.9974  2.4402  9.7825
  5.2268  2.3364  0.9802  1.5611 19.0667
  5.0752  2.0896  0.9930  1.5209 16.6203
  4.8692  1.8882  0.9973  0.9222 14.6645
  5.1559  1.3024  0.9754  1.3635  9.2356
  6.2399  3.4190  0.9863  0.6345 30.2869
  5.2704  4.2091  0.9837  1.7832 38.8455
  5.0456  2.5196  0.9697  0.7377 20.9130
  5.2957  2.6327  0.9764  2.2767 22.0657
  3.6522  3.3705  0.9766  1.9243 29.7711
  5.2943  4.0085  0.9980  1.8081 36.6493
  5.0211  1.9325  0.9738  2.4619 15.0907
  5.2738  1.0093  0.9796  0.0749  6.7160
  5.4550  3.3540  0.9946  0.8022 29.5950
  4.5006  0.9746  0.9763  1.4383  6.4290
  3.6718  1.7899  0.9901  0.6910 13.7245
  5.9493  1.8258  0.9967  0.7346 14.0660
  6.8919  2.2475  0.5650  1.9879 18.1799
  5.1191  1.2031  0.9672  1.4500  8.3647
  5.5487  3.7295  0.9938  2.0201 33.6202
  4.9166  4.4126  0.9930  1.4318 41.0886
  5.1623  2.7124  0.9915  2.4776 22.8822
  4.6283  3.8206  0.9836  0.5181 34.6054
  3.7999  0.8845  0.9835  2.0378  5.6965
  4.8739  2.3998  0.9980  1.5067 19.7024
  5.5087  2.7568  0.9832  1.4929 23.3390
  5.5503  2.1728  0.9777  1.9572 17.4387
  4.3436  1.3310  0.9784  0.9549  9.4901
  5.0951  1.0152  0.9948  0.7252  6.7647
  5.0048  0.3231  0.9733  1.6260  1.6806
  5.5495  3.5509  0.9710  0.7677 31.6976
  5.4655  2.9112  0.9684  1.2276 24.9381
  4.4208  4.1758  0.9783  2.8274 38.4807
  5.7452  2.6158  0.9886  1.7037 21.8925
  5.1678  3.5553  0.9771  1.3000 31.7449
  5.5128  3.8756  0.9775  2.5862 35.2021
  5.0853  2.7200  0.9696  2.3751 22.9603
  5.4052  2.2489  0.9935  2.2080 18.1938
  5.5776  4.0131  0.9818  2.4182 36.6994
  5.1725  1.3638  0.9684  0.5402  9.7830
  5.3875  2.6373  0.9680  1.2963 22.1122
  5.2288  4.1856  0.9980  0.7590 38.5879
  4.9073  3.1280  0.9678  2.3643 27.2053
  6.9831  1.1830  0.7863  1.0678  8.1898
  5.1086  3.0455  0.9795  0.1588 26.3390
  6.3696  2.5596  0.9725  2.7428 21.3195
  6.3892  2.3504  0.9957  0.9889 19.2072
  3.9427  2.9841  0.9831  1.3416 25.6977
  4.2155  1.3647  0.9774  1.0262  9.7911
  4.0206  0.9186  0.9831  0.8085  5.9713
  4.9117  1.5367  0.9688  0.3475 11.3536
  5.1295  0.7295  0.9770  2.4020  4.4846
  6.3486  0.6706  0.9740  1.2358  4.0416
  5.1277  3.9745  0.9888  0.6033 36.2787
  4.9112  2.6143  0.9941  1.5177 21.8779
  6.0995  3.1906  0.9829  2.4279 27.8643
  4.5967  2.4603  0.9728  0.1367 20.3132
  5.1150  1.5796  0.9859  0.9518 11.7493
  4.4693  2.0254  0.9805  1.1569 15.9923
  4.2554  2.8980  0.9937  2.4934 24.8000
  6.1945  3.6694  0.9980  1.2226 32.9717
  5.0807  3.2074  0.9835  0.6286 28.0424
  5.7393  2.5911  0.9838  1.6973 21.6407
  5.1471  4.2931  0.9785  0.0960 39.7702
  4.8315  2.0933  0.9725  1.0369 16.6561
  4.5797  3.1070  0.9890  1.4661 26.9839
  5.5773  2.5884  0.9758  2.3219 21.6135
  4.7701  0.7885  0.9903  1.3091  4.9383
  5.4177  1.3797  0.9977  1.0314  9.9256
  6.7205  2.9701  0.5574  1.9424 25.5511
  5.3851  2.7397  0.9671  0.7233 23.1628
  5.2935  2.8199  0.9980  1.7275 23.9913
  5.1947  3.6367  0.9802  2.2740 32.6200
  4.8635  0.6396  0.9908  1.5953  3.8134
  5.1134  4.2876  0.9811  0.8374 39.7093
  5.7630  4.2225  0.9796  1.3594 38.9936
  4.4960  2.5938  0.9693  1.0234 21.6686
  5.5894  3.2514  0.9865  0.4950 28.5071
  4.8974  3.5288  0.9775  0.8618 31.4612
  5.1277  0.7917  0.9795  1.2043  4.9628
  5.0824  2.1826  0.9799  1.6475 17.5362
  5.1829  3.3623  0.9900  1.6935 29.6831
  5.4166  3.1525  0.9685  1.0279 27.4634
  5.0972  3.1151  0.9913  1.4422 27.0691
  5.0918  1.9090  0.9900  0.1738 14.8643
  5.2213  3.3124  0.9836  2.0603 29.1539
  5.3739  2.0357  0.9835  1.1942 16.0929
  5.0868  4.1664  0.9683  1.3075 38.3777
  5.2746  3.3580  0.9896  0.4382 29.6384
  5.9682  3.9545  0.9932  0.6252 36.0610
  5.2020  3.8289  0.9840  0.6996 34.6963
  5.3370  3.7322  0.9869  0.8883 33.6497
  5.1801  3.7689  0.9892  1.2399 34.0464
  5.5221  2.8461  0.9980  2.0717 24.2618
  5.0727  2.2307  0.9936  1.4930 18.0125
  6.3000  1.6143  0.9704  1.3594 12.0713
  5.1912  0.9522  0.9706  1.5464  6.2447
  5.2051  1.8169  0.9685  2.0749 13.9814
  6.3198  2.3259  0.9961  2.3584 18.9609
  4.7805  1.0950  0.9682  1.6345  7.4362
  5.0112  0.6042  0.9911  1.1867  3.5559
  5.3759  1.5734  0.9973  0.2601 11.6927
  6.1479  2.6992  0.9812  1.7908 22.7473
  6.0620  2.8061  0.9690  0.3311 23.8484
  5.5088  3.2438  0.9717  1.0372 28.4261
  5.4170  2.8968  0.9980  1.3308 24.7876
  6.7717  3.0122  0.7497  1.6001 25.9910
  5.7461  3.9121  0.9901  2.0050 35.5989
  4.3594  1.0121  0.9798  2.0289  6.7395
  5.4243  0.8477  0.9919  0.5720  5.4030
  5.9035  3.2323  0.9957  2.1291 28.3049
  4.7066  2.2250  0.9775  0.8958 17.9564
  5.1562  1.3715  0.9698  1.5613  9.8520
  4.2958  0.8516  0.9856  1.5981  5.4338
  4.8887  1.3701  0.9884  1.3393  9.8391
  5.1591  2.1231  0.9721  1.5445 16.9492
  4.0853  3.7018  0.9920  3.0649 33.3206
  4.0598  3.4188  0.9957  0.8682 30.2856
  4.6539  2.6832  0.9728  2.2728 22.5827
  4.4692  3.6245  0.9868  1.5600 32.4885
  5.5319  2.9269  0.9778  0.7238 25.1012
  4.7251  2.4763  0.9746  2.3699 20.4750
  5.8380  2.6306  0.9913  3.0661 22.0438
  4.9697  2.6635  0.9911  2.7206 22.3811
  4.4760  3.0950  0.9957  1.3689 26.8584
  5.6191  1.0981  0.9830  1.2438  7.4623
  6.0073  3.1498  0.9853  0.1921 27.4341
  4.0917  0.9350  0.9760  0.2645  6.1048
  4.0706  2.2948  0.9904  0.9752 18.6508
  4.6100  2.9034  0.9868  1.5778 24.8562
  5.6230  1.7361  0.9753  2.2182 13.2142
  4.9512  2.8183  0.9980  1.9864 23.9747
  5.9772  4.1316  0.9865  2.0669 37.9957
  6.0927  1.8859  0.9693  1.5407 14.6421
  5.8387  3.4321  0.9919  2.1565 30.4268
  4.8236  2.2373  0.9866  1.4597 18.0780
  6.2464  3.4697  0.9738  0.5410 30.8288
  4.6410  2.1546  0.9688  0.1450 17.2594
  4.8644  4.4701  0.9787  1.3717 41.7252
  4.6904  1.0802  0.9802  0.9177  7.3100
  4.4490  1.3488  0.9980  1.8635  9.6490
  4.7482  3.0288  0.9898  1.0196 26.1643
  5.1560  1.2452  0.9815  1.7204  8.7317
  5.0578  3.6112  0.9829  1.7141 32.3452
  3.9428  3.9007  0.9940  0.5245 35.4757
  3.9095  3.9897  0.9774  0.6580 36.4439
  4.7602  2.0576  0.9801  1.5077 16.3072
  4.9577  1.8574  0.9909  0.8000 14.3680
  5.3615  4.2044  0.9922  1.4604 38.7947
  5.0297  2.0137  0.9901  1.6052 15.8781
  5.6326  1.9099  0.9721  2.0911 14.8730
  5.7331  0.7407  0.9726  0.9290  4.5699
  4.7791  4.0701  0.9689  0.5874 37.3220
  5.2552  3.4362  0.9767  1.6717 30.4706
  4.4280  2.2675  0.9932  1.9383 18.3785
  5.0821  1.9110  0.9860  2.5581 14.8834
  5.1310  3.1275  0.9806  1.1651 27.2004
  3.6216  1.7595  0.9876  0.9523 13.4354
  4.5909  2.1771  0.9817  0.1908 17.4811
  5.7215  3.2513  0.9780  1.8987 28.5065
  4.9060  1.4919  0.9799  0.8566 10.9425
  5.1654  3.1572  0.9799  1.9180 27.5130
  6.4256  3.0308  0.9665  1.7157 26.1855
  4.9436  2.7504  0.9770  0.8941 23.2732
  5.2914  1.4083  0.9721  1.9212 10.1831
  5.2229  3.4539  0.9732  1.0333 30.6603
  5.7588  4.0534  0.9728  0.8654 37.1396
  3.8845  1.8511  0.9678  0.3166 14.3077
  4.6155  3.7170  0.9823  1.6387 33.4848
  5.4014  1.5475  0.9842  1.3936 11.4532
  5.5473  2.7113  0.9829  1.0602 22.8708
  4.6803  0.9730  0.9682  1.1802  6.4155
  5.0885  1.5809  0.9933  0.8927 11.7621
  4.8425  2.0985  0.9912  1.1331 16.7077
  5.0660  3.3406  0.9680  0.8439 29.4525
  4.7978  3.5365  0.9677  2.1675 31.5439
  5.0000  4.1827  0.9905  2.7484 38.5565
  6.1221  2.5390  0.9798  0.7137 21.1103
  5.3322  3.7695  0.9942  0.5955 34.0529
  3.6085  2.4248  0.9889  1.1951 19.9547
  4.0683  2.4106  0.9691  1.9294 19.8115
  4.0916  3.5910  0.9737  0.6997 32.1287
  5.3298  2.6795  0.9953  1.1227 22.5452
  3.6629  0.7602  0.9848  0.3693  4.7194
  4.4075  4.0724  0.9860  2.1232 37.3477
  4.2801  2.1913  0.9670  0.9711 17.6221
  5.1720  1.0704  0.9743  2.8419  7.2273
  6.8157  0.8270  0.5533  0.9632  5.2394
  6.2212  3.1767  0.9831  2.1656 27.7181
  5.3620  1.1976  0.9890  1.5861  8.3168
  5.2419  2.5850  0.9864  0.6465 21.5790
  4.4699  1.2213  0.9943  0.9782  8.5230
  6.0313  3.4844  0.9929  1.8528 30.9862
  4.4901  2.2369  0.9955  2.6612 18.0740
  5.1997  2.4752  0.9980  1.3839 20.4636
  4.9108  3.1106  0.9701  1.3027 27.0221
  5.4126  3.4078  0.9810  2.3158 30.1684
  4.2179  0.9529  0.9706  1.6943  6.2508
  4.1489  2.3096  0.9907  1.9457 18.7984
  6.1210  3.5155  0.9977  0.3825 31.3189
  5.2116  3.5506  0.9910  1.1613 31.6952
  4.4858  2.0315  0.9868  1.0975 16.0519
  4.4020  1.7342  0.9736  1.9479 13.1964
  5.7455  2.9365  0.9833  0.6162 25.2005
  5.0963  1.9831  0.9955  1.3484 15.5812
  4.2433  1.4765  0.9940  2.4444 10.8023
  4.8202  4.3801  0.9980  1.4347 40.7300
  5.4576  2.6553  0.9826  2.6820 22.2965
  5.2718  1.8879  0.9850  0.1178 14.6608
  5.3589  3.3311  0.9808  0.8702 29.3517
  5.0775  2.1511  0.9787  1.7641 17.2248
  4.2239  3.5619  0.9721  2.1928 31.8163
  5.4098  1.3342  0.9923  0.9273  9.5188
  6.0705  4.4660  0.9946  2.7651 41.6805
  5.3049  2.4024  0.9977  0.8001 19.7287
  4.3239  2.7666  0.9671  0.0992 23.4403
  4.2453  1.2167  0.9980  1.2017  8.4825
  4.6454  1.2353  0.9684  2.2955  8.6454
  6.4024  3.1160  0.9693  0.4618 27.0789
  6.1248  1.7399  0.9939  0.4446 13.2497
  4.8123  1.0434  0.9702  2.5068  7.0009
  5.5279  1.1474  0.9968  0.3784  7.8835
  5.8947  4.3865  0.9885  1.3138 40.8003
  5.2152  4.0185  0.9760  0.4809 36.7590
  4.7318  3.0978  0.9747  0.7446 26.8881
  5.1778  3.2725  0.9936  3.0639 28.7306
  5.9874  4.2435  0.9812  1.3288 39.2239
  4.9436  2.5450  0.9669  0.4773 21.1712
  5.2436  4.3141  0.9854  1.2901 40.0019
  4.2943  3.2256  0.9738  0.2628 28.2346
  4.9818  2.4434  0.9953  1.2319 20.1421
  4.7715  2.4141  0.9813  1.8954 19.8468
  5.5051  3.2298  0.9944  0.5967 28.2790
  4.9350  4.1122  0.9950  1.7093 37.7829
  5.0797  2.7933  0.9725  1.4388 23.7157
  4.9276  2.0158  0.9816  1.9310 15.8992
  5.2370  4.2045  0.9863  0.8783 38.7953
  5.9482  2.9407  0.9775  1.3847 25.2449
  5.5924  2.1597  0.9883  0.5933 17.3102
  4.7421  2.3425  0.9795  1.3411 19.1275
  4.7756  3.5735  0.9814  0.8614 31.9406
  6.6787  2.3654  0.7993  1.5997 19.3573
  5.4020  3.2078  0.9885  1.0116 28.0460
  4.0852  1.6210  0.9779  0.5684 12.1345
  4.0363  1.0058  0.9777  1.2461  6.6865
  5.1449  2.1448  0.9705  1.2720 17.1627
  5.3971  3.6677  0.9718  0.5592 32.9532
  4.0142  3.7461  0.9980  1.0551 33.7992
  5.3907  1.6168  0.9884  2.0700 12.0950
  5.7342  1.3585  0.9806  1.4884  9.7354
  5.8087  1.5038  0.9888  1.1373 11.0513
  5.2309  3.0665  0.9916  1.3851 26.5590
  5.7145  3.7158  0.9713  0.9698 33.4717
  6.0613  2.5811  0.9970  1.8545 21.5386
  5.5375  3.7871  0.9861  0.6982 34.2429
  4.5613  1.4644  0.9980  0.4786 10.6913
  5.3463  1.3752  0.9791  2.3499  9.8849
  5.8717  3.4144  0.9903  2.3204 30.2386
  5.3024  0.3065  0.9893  0.3435  1.5805
  5.1510  3.8485  0.9953  0.2949 34.9083
  5.2111  2.8543  0.9844  1.0081 24.3470
  5.0312  1.5300  0.9757  0.4912 11.2923
  5.2619  1.8642  0.6125  0.6988 14.4331
  5.4231  0.6098  0.9760  0.7129  3.5962
  4.8488  0.5092  0.9915  0.4943  2.8876
  6.2868  3.2492  0.9793  0.1396 28.4837
  5.9890  1.8374  0.9858  1.5724 14.1770
  5.1655  0.5446  0.9825  1.0362  3.1330
  4.7435  2.9288  0.9920  0.9628 25.1212
  4.3727  3.9734  0.9980  0.6491 36.2661
  5.3113  3.9886  0.9872  1.3578 36.4318
  4.6022  3.1443  0.9694  1.6696 27.3763
  3.8286  3.4704  0.9820  0.7778 30.8357
  5.0650  1.3117  0.9755  1.2233  9.3188
  5.4676  3.0774  0.9678  0.6113 26.6740
  5.2164  2.5062  0.9943  1.6526 20.7779
  5.0034  2.7350  0.9690  0.6546 23.1146
  4.8589  1.6892  0.9789  1.5500 12.7721
  4.6610  4.1215  0.9802  1.8415 37.8853
  5.0283  2.3927  0.9704  2.6172 19.6313
  5.1034  2.0657  0.9730  2.3616 16.3857
  4.4469  4.1967  0.9793  0.6550 38.7101
  5.2840  4.4717  0.9970  1.1606 41.7426
  4.7614  4.0524  0.9830  0.9017 37.1290
  5.8856  3.1229  0.9966  2.9355 27.1515
  3.9812  4.0681  0.9923  0.8202 37.3006
  4.4165  1.5004  0.9674  1.6567 11.0205
  5.9592  2.7909  0.9958  0.4440 23.6909
  5.0307  2.9459  0.9910  0.6292 25.2993
  4.8745  1.9394  0.9790  1.0445 15.1579
  3.9833  3.2505  0.9689  1.9596 28.4977
  3.7369  1.6599  0.9668  1.5457 12.4976
  4.4031  2.1271  0.9789  1.4558 16.9884
  5.1840  4.3243  0.9678  0.9901 40.1136
  3.6277  3.7701  0.9980  1.3475 34.0589
  5.9317  2.3114  0.9695  1.7259 18.8167
  6.5563  2.9754  0.9755  2.0353 25.6066
  5.2403  3.1291  0.9747  2.5520 27.2169
  5.5321  2.8071  0.9760  0.3702 23.8589
  4.4961  2.3055  0.9980  0.6332 18.7575
  4.7814  1.5563  0.9820  0.5978 11.5344
  5.4120  3.2053  0.9893  1.5457 28.0199
  4.6694  0.8026  0.9838  1.0271  5.0477
  4.3377  4.4584  0.9980  2.1517 41.5961
  4.2723  1.5787  0.9895  1.0825 11.7417
  5.0777  1.5714  0.9783  0.1707 11.6738
  5.5688  2.2125  0.9676  1.5346 17.8323
  4.3778  2.9168  0.9749  2.4862 24.9956
  4.6610  3.2791  0.9767  1.8306 28.8001
