  5.1604  1.0768  0.9764  0.5827  7.2818
  5.0756  4.4231  0.9790  1.4996 41.2052
  5.4570  3.4262  0.9730  0.4633 30.3638
  5.7287  1.8839  0.9966  1.5336 14.6223
  5.7103  4.0663  0.9741  0.9842 37.2812
  4.9931  2.6697  0.9718  1.4362 22.4446
  5.6653  1.7205  0.9795  0.9851 13.0668
  5.1115  3.8667  0.9961  2.0917 35.1059
  4.9641  0.8117  0.9739  1.8257  5.1193
  5.4979  1.1034  0.9777  1.4609  7.5073
  5.9322  3.0965  0.9844  2.4788 26.8737
  3.9984  1.6398  0.9821  1.3616 12.3091
  5.2609  2.1965  0.9980  0.3572 17.6735
  4.5756  3.4789  0.9917  2.8474 30.9274
  5.5222  2.8985  0.9980  2.0309 24.8058
  4.5371  3.8414  0.9779  1.0224 34.8314
  5.3261  0.6319  0.9785  1.6131  3.7570
  5.1341  1.9819  0.9782  2.1851 15.5696
  4.7011  1.3567  0.9925  1.9320  9.7192
  4.5470  2.8453  0.9741  1.0191 24.2537
  5.7259  3.2708  0.9839  1.8905 28.7125
  4.6272  1.7230  0.9858  2.0094 13.0908
  5.4267  3.7787  0.9969  0.7783 34.1525
  6.5133  2.4251  0.7768  1.0621 19.9573
  4.4577  2.8259  0.9701  1.3854 24.0532
  6.0205  2.6988  0.9677  0.3528 22.7424
  5.0356  0.9981  0.9931  1.2909  6.6234
  4.7866  1.4344  0.9874  1.9272 10.4189
  3.9753  1.3596  0.9673  1.7348  9.7450
  5.6055  4.4275  0.9797  1.0107 41.2534
  5.5898  1.6412  0.9770  1.8933 12.3226
  4.5062  4.1710  0.9826  2.9722 38.4275
  4.7402  3.0153  0.9868  1.5320 26.0237
  5.0338  1.0328  0.9836  1.3011  6.9116
  5.3063  0.8341  0.9708  2.6687  5.2954
  4.8491  3.1385  0.9714  1.9514 27.3157
  4.5099  4.1102  0.9755  2.9649 37.7610
  4.9018  2.1606  0.9933  0.3072 17.3186
  5.3586  2.3473  0.9971  2.5927 19.1758
  5.4071  1.6342  0.9807  0.6745 12.2568
  4.8794  3.4226  0.9840  2.2926 30.3255
  5.3786  2.1128  0.9835  1.3760 16.8479
  4.8396  2.4329  0.9712  0.7085 20.0365
  5.2755  1.8958  0.9864  0.7003 14.7371
  4.6582  3.8248  0.9670  2.6824 34.6514
  5.6638  2.5832  0.9896  0.2646 21.5600
  5.1948  1.0374  0.9772  0.8307  6.9504
  4.8822  4.0002  0.9705  0.7223 36.5584
  5.6613  1.5084  0.9846  0.8341 11.0938
  5.1840  1.8720  0.9869  1.0740 14.5083
  5.5185  2.3513  0.9980  2.1249 19.2159
  4.9766  1.9034  0.9923  0.7376 14.8106
  4.6041  2.2733  0.9738  2.4086 18.4360
  3.5816  3.8505  0.9980  1.7397 34.9301
  5.5230  1.5447  0.9717  0.6678 11.4273
  5.3098  3.5919  0.9980  1.3704 32.1380
  4.7348  3.6843  0.9803  1.3197 33.1328
  3.8599  4.2617  0.9810  1.1119 39.4243
  5.3776  1.7122  0.9723  1.1427 12.9889
  5.0812  3.9149  0.9926  0.6287 35.6295
  5.1916  4.2933  0.9958  1.5061 39.7723
  5.7600  2.9706  0.9672  0.6053 25.5561
  4.6744  3.2180  0.9929  2.3739 28.1540
  5.3910  4.3645  0.9968  0.6413 40.5577
  4.4766  0.5777  0.9868  1.4332  3.3664
  5.5419  3.3360  0.9803  2.0225 29.4035
  5.0925  2.5512  0.9807  2.5621 21.2346
  4.7259  2.5254  0.9863  2.0932 20.9717
  5.1885  2.9692  0.9921  2.2170 25.5420
  4.2149  2.7192  0.9920  1.9102 22.9519
  5.2141  2.0252  0.9963  1.3848 15.9902
  4.9529  1.8135  0.9894  1.0518 13.9492
  5.4258  2.0633  0.9745  1.0890 16.3627
  5.5251  2.8766  0.9740  1.6540 24.5781
  4.4286  2.0804  0.9956  2.6335 16.5298
  5.0798  2.8553  0.9980  0.9864 24.3574
  4.6862  3.9795  0.9947  1.0049 36.3333
  6.3117  1.7702  0.9740  2.6588 13.5366
  3.7816  2.4852  0.9948  0.9276 20.5647
  3.9334  1.8088  0.9952  0.2950 13.9041
  5.3337  2.6230  0.9907  1.3135 21.9664
  4.6906  3.8000  0.9895  0.9370 34.3826
  5.1315  2.8544  0.9905  2.4182 24.3483
  4.8385  1.8100  0.9860  0.7543 13.9158
  5.2671  1.1245  0.9946  3.0651  7.6869
  4.9678  2.2002  0.9788  0.8210 17.7101
  3.6943  4.3993  0.9869  0.5248 40.9420
  3.7964  2.2843  0.9712  1.9093 18.5457
  5.3055  1.9459  0.9689  1.7391 15.2208
  5.6517  1.0925  0.9810  1.2320  7.4149
  5.4934  0.9536  0.9980  1.4655  6.2561
  5.2326  0.8334  0.9916  2.0585  5.2901
  4.7420  2.3626  0.9782  2.6859 19.3295
  3.7579  1.4708  0.9846  1.0880 10.7503
  4.4841  1.6869  0.9845  2.3311 12.7506
  5.1823  1.8757  0.9759  1.5144 14.5438
  5.4088  3.0102  0.9803  1.5002 25.9695
  5.4795  2.0926  0.9854  1.5895 16.6491
  4.1620  3.2368  0.9678  1.1189 28.3530
  4.1226  3.6615  0.9902  0.9878 32.8864
  5.4664  3.1901  0.9667  1.3020 27.8592
  5.3157  2.6087  0.9674  1.4725 21.8204
  3.9153  0.2376  0.9743  2.0672  1.1798
  5.5316  4.1592  0.9823  0.6131 38.2981
  4.3446  2.8141  0.9882  2.3571 23.9314
  5.6749  2.1610  0.9839  2.8391 17.3229
  5.4718  1.7575  0.9944  0.6267 13.4166
  5.7107  2.8370  0.9676  1.4981 24.1683
  5.3675  3.8008  0.9971  1.9242 34.3908
  4.9833  1.9200  0.9884  1.5367 14.9699
  6.1131  2.6708  0.9975  1.6383 22.4553
  4.1856  0.8725  0.9835  1.0032  5.6000
  4.9040  1.6826  0.9476  0.8736 12.7098
  4.7298  2.7597  0.9685  0.9897 23.3691
  3.6208  1.2732  0.9821  1.9596  8.9777
  3.8443  4.4009  0.9681  1.4242 40.9597
  4.7766  0.6958  0.9959  1.3489  4.2297
  5.4998  2.0733  0.9951  2.7742 16.4609
  4.7004  2.9313  0.9868  0.7713 25.1463
  5.0260  2.7303  0.9742  1.1485 23.0661
  5.1695  4.1819  0.9849  1.6875 38.5474
  5.1747  1.9908  0.9886  0.3050 15.6553
  4.7932  3.2460  0.9798  1.8164 28.4503
  6.4989  1.1928  0.9289  0.5641  8.2748
  5.0904  4.1035  0.9862  1.6478 37.6873
  5.2623  2.1511  0.9918  0.9512 17.2252
  4.5765  3.3268  0.9838  2.1600 29.3062
  4.7463  2.2878  0.9910  1.5576 18.5803
  5.2051  2.7526  0.9748  2.2010 23.2965
  4.8960  3.9126  0.9886  1.7713 35.6051
  5.1163  3.8670  0.9762  2.2896 35.1087
  5.2684  2.3875  0.9811  0.6915 19.5796
  5.1767  0.6974  0.9897  0.5835  4.2421
  4.3788  4.2399  0.9717  0.8309 39.1842
  5.2092  3.5495  0.9718  1.6939 31.6830
  4.8549  1.1625  0.9837  0.7036  8.0135
  5.2174  2.7720  0.9688  1.4525 23.4959
  5.3649  1.3714  0.9796  2.5181  9.8512
  5.1619  2.3467  0.9980  1.0188 19.1697
  4.7348  1.9824  0.9980  2.2461 15.5741
  4.3738  1.8712  0.9726  0.4975 14.5012
  4.3157  3.1999  0.9757  0.1738 27.9630
  5.1800  2.4083  0.9891  1.9278 19.7885
  4.9762  3.7283  0.9980  0.1362 33.6071
  3.7175  1.2054  0.9723  2.0791  8.3843
  5.3224  2.2142  0.9718  1.8197 17.8487
  3.7465  0.8300  0.9796  1.6885  5.2630
  5.6206  1.6053  0.9745  1.5992 11.9882
  4.7083  3.2828  0.9871  2.8800 28.8396
  5.9787  3.5076  0.9762  2.0135 31.2341
  5.2139  2.8997  0.9691  1.4861 24.8186
  5.9661  3.2010  0.9980  1.2392 27.9740
  6.9469  2.0944  0.6307  2.8566 16.6669
  5.6216  2.5560  0.9891  2.3886 21.2837
  5.1707  3.0417  0.9734  2.7839 26.2996
  4.5868  3.4996  0.9893  0.4228 31.1481
  4.9613  0.3464  0.9877  1.9065  1.8235
  5.2376  2.6220  0.9810  0.6375 21.9557
  4.0197  1.0438  0.9907  2.6872  7.0041
  4.0333  3.2502  0.9888  0.5638 28.4939
  5.2842  2.8649  0.9954  1.4680 24.4569
  5.2486  3.5185  0.9980  0.7093 31.3503
  6.4334  1.7806  0.9125  1.0537 13.6360
  5.2318  2.4217  0.9959  0.4372 19.9235
  5.6587  0.7056  0.9952  0.8092  4.3038
  6.8253  2.2719  0.5993  1.0337 18.4226
  5.3967  2.2423  0.9735  0.8843 18.1277
  6.6362  1.1621  0.7834  0.7425  8.0100
  4.1414  2.8509  0.9712  0.8351 24.3114
  5.2721  2.5039  0.9980  1.2385 20.7546
  5.1990  1.1667  0.9830  1.0306  8.0495
  5.5788  0.2822  0.9692  0.6489  1.4364
  5.9318  2.2137  0.9971  0.1320 17.8437
  4.7047  3.6987  0.9881  3.0026 33.2880
  5.4250  2.7599  0.9852  1.7510 23.3712
  5.2166  3.0949  0.9705  1.3321 26.8577
  4.6986  0.8404  0.9950  0.1490  5.3455
  5.1763  0.9496  0.9833  2.0759  6.2239
  5.1020  0.9290  0.9909  1.6459  6.0561
  6.5297  2.5343  0.8149  1.8770 21.0625
  4.9624  1.9005  0.9757  0.8414 14.7828
  4.6190  1.2315  0.9953  1.8871  8.6117
  5.6957  3.1569  0.9865  1.6688 27.5091
  4.9145  2.3193  0.9980  1.3452 18.8952
  4.9219  3.4531  0.9698  2.0038 30.6508
  4.6585  4.4994  0.9690  1.3863 42.0504
  6.2046  3.6194  0.9707  1.4876 32.4337
  5.2588  3.9723  0.9930  1.7569 36.2545
  4.9110  3.5116  0.9737  0.9947 31.2763
  5.5438  1.4261  0.9959  1.1937 10.3439
  6.1111  1.8986  0.9849  1.3092 14.7639
  4.5079  3.0261  0.9896  2.1325 26.1366
  5.5364  1.1149  0.9927  1.8403  7.6048
  4.4611  3.1505  0.9920  0.9255 27.4418
  5.8153  1.6963  0.9784  0.1903 12.8388
  4.8983  0.9513  0.9748  2.9116  6.2378
  4.6718  1.0059  0.9681  1.7923  6.6876
  5.0340  2.9896  0.9916  0.7513 25.7548
  5.0386  2.4871  0.9771  0.8713 20.5841
  4.9414  4.2942  0.9916  1.5079 39.7818
  5.0225  0.8344  0.9856  1.2481  5.2976
  5.9434  4.1046  0.9899  1.1045 37.6995
  5.0355  2.2612  0.9710  1.2350 18.3162
  5.3126  1.9775  0.9741  1.6456 15.5266
  5.5236  3.1319  0.9740  2.8328 27.2464
  5.1828  3.4383  0.9751  2.3722 30.4931
  4.9604  3.9683  0.9971  1.0266 36.2108
  4.8692  3.3116  0.9730  0.5463 29.1447
  5.6494  3.6787  0.9792  1.9502 33.0717
  4.8656  1.9439  0.9912  1.3160 15.2008
  6.0882  1.6076  0.9861  2.1355 12.0096
  4.6716  1.5741  0.9760  2.7993 11.6987
  5.0798  4.2012  0.9833  1.8272 38.7588
  5.3013  2.0865  0.9747  1.8217 16.5892
  4.7024  2.9868  0.9719  1.9840 25.7252
  5.0407  3.7199  0.9720  1.3108 33.5163
  5.4952  4.0695  0.9980  1.8055 37.3162
  3.8855  4.3983  0.9733  0.9602 40.9308
  5.5537  3.8485  0.9697  1.0823 34.9087
  5.9253  0.9562  0.9819  1.4723  6.2774
  5.0696  3.9096  0.9913  1.1801 35.5717
  5.1374  2.8719  0.9686  0.7947 24.5290
  5.7664  2.4349  0.9806  0.7423 20.0563
  5.3849  3.3297  0.9787  1.0652 29.3370
  4.9516  3.0821  0.9689  0.8133 26.7230
  6.0731  3.9587  0.9901  0.1753 36.1068
  5.7095  2.8131  0.9894  1.6882 23.9201
  4.9308  4.3573  0.9857  1.1671 40.4785
  5.2814  4.1764  0.9754  0.8981 38.4864
  5.9446  4.4360  0.9718  2.5102 41.3478
  4.1820  2.1247  0.9681  2.9891 16.9650
  5.5361  2.5874  0.9807  1.9750 21.6025
  4.2194  2.0291  0.9980  2.0343 16.0281
  5.7778  4.2373  0.9787  1.2546 39.1563
  5.2173  1.4462  0.9906  1.1461 10.5262
  5.4399  2.5438  0.9801  1.6223 21.1593
  4.1330  2.8965  0.9748  1.9265 24.7845
  4.3156  3.5436  0.9955  1.5242 31.6194
  5.2233  1.4314  0.9835  0.8508 10.3922
  4.8205  2.5489  0.9886  1.4288 21.2108
  4.2090  4.2920  0.9803  1.2742 39.7581
  5.5002  4.0230  0.9697  1.8106 36.8077
  6.1058  1.7353  0.9688  1.6579 13.2062
  5.4950  3.8014  0.9973  0.3210 34.3979
  4.7948  3.4779  0.9946  2.0155 30.9163
  6.3490  2.5398  0.9760  0.8242 21.1188
  4.7025  3.1283  0.9969  1.2103 27.2086
  5.1579  3.6843  0.9914  1.2316 33.1323
  3.7407  1.5978  0.9977  0.9674 11.9181
  4.8698  2.2030  0.9816  1.1895 17.7375
  4.7936  3.2826  0.9772  2.1554 28.8371
  5.3000  1.3676  0.9970  1.6519  9.8175
  4.6915  3.2360  0.9672  2.5956 28.3437
  4.8056  2.0657  0.9907  0.2183 16.3864
  5.0248  2.5899  0.9779  1.4310 21.6288
  4.6719  1.8143  0.9963  0.6236 13.9564
  5.1460  3.3294  0.9970  1.7429 29.3342
  5.1689  4.3202  0.9876  1.5307 40.0693
  5.8999  3.5823  0.9703  1.6772 32.0352
  4.8824  3.8606  0.9712  2.8501 35.0394
  5.0892  2.1251  0.9980  0.3445 16.9685
  5.2239  4.0418  0.9980  1.3827 37.0132
  5.2449  0.8460  0.9980  0.7691  5.3896
  5.1519  3.4498  0.9697  1.3828 30.6160
  5.7070  1.5522  0.9958  1.0466 11.4967
  4.9859  4.4023  0.9824  1.1049 40.9754
  4.0723  1.0361  0.9955  0.5492  6.9396
  5.1818  1.5433  0.9798  0.2915 11.4148
  4.7382  1.9716  0.9749  1.2069 15.4694
  4.9271  3.7757  0.9762  0.9089 34.1199
  5.3269  1.4434  0.9901  0.9772 10.5004
  5.1865  1.1254  0.9980  1.6258  7.6945
  4.5625  0.9792  0.9945  0.0954  6.4670
  5.2331  2.5268  0.9779  1.6818 20.9865
  5.2459  1.5891  0.9879  1.9891 11.8374
  6.0074  4.2431  0.9875  0.3533 39.2203
  4.2798  1.5104  0.9696  1.0877 11.1120
  6.1889  3.1711  0.9787  1.3798 27.6587
  5.5409  3.5822  0.9821  0.7358 32.0333
  4.6900  3.5939  0.9928  1.6702 32.1594
  4.2613  2.0043  0.9825  1.9259 15.7873
  5.3737  3.1905  0.9829  2.6774 27.8630
  4.8318  2.2599  0.9739  1.6962 18.3023
  5.3230  3.7577  0.9930  2.1052 33.9247
  5.3864  3.5404  0.9718  0.9761 31.5854
  5.5846  1.9934  0.9906  2.2182 15.6808
  5.0690  2.8818  0.9687  0.7676 24.6327
  4.3467  1.7126  0.9823  2.3834 12.9921
  5.2181  2.3334  0.9783  1.6508 19.0363
  4.8045  3.5217  0.9730  1.5678 31.3851
  5.4089  1.9197  0.9670  0.3398 14.9671
  5.4598  2.5614  0.9980  1.5435 21.3376
  5.0954  2.7996  0.9867  1.6736 23.7812
  4.8970  2.5160  0.9917  1.6944 20.8770
  4.3301  0.8424  0.9718  1.8593  5.3611
  4.8573  4.3558  0.9771  2.1152 40.4611
  5.2616  3.1780  0.9765  0.4718 27.7321
  5.8559  2.9451  0.9972  3.0142 25.2910
  4.5780  2.7312  0.9749  0.8417 23.0757
  3.8121  0.9371  0.9691  0.9672  6.1216
  4.7343  2.9987  0.9667  2.6254 25.8492
  5.1231  1.4305  0.9802  1.3096 10.3837
  4.0988  3.8623  0.9980  2.2637 35.0576
  5.5379  3.0378  0.9763  1.6878 26.2583
  5.7007  3.1522  0.9704  0.0958 27.4595
  5.1527  1.9636  0.9980  1.5760 15.3914
  5.0625  1.5208  0.9811  2.6899 11.2071
  4.4681  1.8167  0.9855  2.9002 13.9794
  5.4219  2.0709  0.9967  0.8663 16.4364
  4.9143  3.2541  0.9683  2.5369 28.5354
  4.7753  3.9654  0.9848  2.0407 36.1791
  5.3102  3.2193  0.9980  1.8378 28.1676
  5.3601  1.9609  0.9783  0.6220 15.3652
  4.7170  2.5754  0.9787  1.6000 21.4810
  4.6182  3.3003  0.9769  0.1933 29.0246
  5.2428  2.5217  0.9817  0.1307 20.9350
  5.4378  2.2603  0.9677  1.2417 18.3063
  4.7085  2.5004  0.9787  2.5912 20.7191
  5.9175  2.2619  0.9878  0.4073 18.3224
  5.7470  2.0029  0.9865  2.7425 15.7731
  6.1866  2.7466  0.9980  2.5976 23.2346
  5.4578  3.2376  0.9953  1.0681 28.3613
  6.6140  1.3846  0.8870  0.8649  9.9700
  5.0100  3.6649  0.9752  0.2101 32.9236
  5.6134  3.7127  0.9844  2.8468 33.4392
  5.1838  3.8913  0.9972  1.8371 35.3735
  5.4166  1.5198  0.9772  0.5681 11.1982
  5.2980  3.8109  0.9920  1.0153 34.5008
  4.6138  3.1063  0.9764  1.0171 26.9775
  5.3465  2.2309  0.9840  0.7747 18.0142
  5.0554  3.0119  0.9925  1.1590 25.9881
  5.4442  0.5511  0.9918  0.5704  3.1781
  5.2779  2.9407  0.9755  1.5723 25.2451
  4.2224  3.5218  0.9797  0.9112 31.3857
  4.5644  3.8708  0.9766  2.0633 35.1506
  5.2500  2.1081  0.9789  1.2899 16.8018
  5.0684  3.5170  0.9760  2.0074 31.3351
  3.8733  2.0547  0.9884  1.8794 16.2783
  5.6887  1.9200  0.9900  3.0181 14.9702
  5.2286  1.4926  0.9848  1.8039 10.9494
  4.8747  2.0784  0.9789  0.3325 16.5106
  5.4046  1.7080  0.9871  1.5919 12.9492
  5.6580  2.9095  0.9695  0.2731 24.9204
  4.9040  2.9473  0.9861  2.0954 25.3130
  5.1830  2.9133  0.9747  0.4053 24.9591
  4.4503  2.8692  0.9713  1.8227 24.5011
  5.4861  0.9077  0.9947  1.4974  5.8832
  5.5422  3.6595  0.9949  1.3765 32.8651
  5.6274  2.8377  0.9980  1.1325 24.1752
  6.0887  1.9455  0.9682  1.3288 15.2167
  5.5568  2.1872  0.9867  0.5906 17.5817
  4.2937  4.1220  0.9763  2.2258 37.8910
  5.3999  1.3194  0.9947  0.7232  9.3867
  5.4950  1.9156  0.9835  1.9258 14.9274
  5.8105  2.9504  0.9791  1.7845 25.3452
  5.0261  0.6283  0.9890  2.2685  3.7307
  5.5542  3.6536  0.9719  2.9574 32.8011
  6.6619  3.0818  0.9817  1.1457 26.7193
  5.2555  4.0527  0.9701  1.4461 37.1320
  4.8332  4.4492  0.9950  1.0013 41.4945
  5.4511  2.4050  0.9725  1.4377 19.7552
  5.1249  1.5165  0.9943  1.2010 11.1679
  4.5590  2.4874  0.9877  1.2676 20.5869
  5.5300  1.2119  0.9684  0.6636  8.4407
  3.6260  1.2327  0.9836  0.7139  8.6227
  4.6451  1.7657  0.9970  2.8737 13.4946
  5.1725  1.4346  0.9919  1.1021 10.4214
  5.2460  0.5451  0.9773  2.1468  3.1363
  5.0952  1.9566  0.9797  2.0084 15.3239
  5.0939  3.1088  0.9705  0.8665 27.0032
  4.1207  1.9537  0.9696  2.2500 15.2960
  5.3925  2.1590  0.9679  1.8103 17.3027
  5.5351  2.8221  0.9970  0.4022 24.0140
  5.7013  4.1901  0.9681  1.3614 38.6368
  5.8945  3.0260  0.9856  1.8379 26.1352
  4.0264  2.0355  0.9874  1.4102 16.0912
  5.1610  0.7470  0.9973  2.3552  4.6182
  6.0558  0.5808  0.9873  1.2375  3.3886
  5.2551  0.5359  0.9910  0.3831  3.0717
  5.1751  0.6938  0.9817  0.5986  4.2148
  5.2088  1.9087  0.9715  1.2592 14.8613
  5.4433  1.2516  0.9925  1.8022  8.7877
  5.5809  3.6279  0.9746  2.8740 32.5252
  4.4907  2.2013  0.9980  1.0629 17.7210
  5.5961  2.5829  0.9861  0.7537 21.5573
  5.1042  2.6305  0.9738  0.1605 22.0428
  4.3501  1.4131  0.9707  0.8282 10.2263
  5.5987  1.4961  0.9676  2.1204 10.9805
  5.7598  2.6688  0.9688  0.9927 22.4348
  5.7359  2.9386  0.9890  1.2640 25.2233
  4.5697  4.4356  0.9691  2.3769 41.3438
  5.0446  2.0608  0.9724  0.7504 16.3378
  5.0897  0.6461  0.9891  1.3315  3.8609
  4.7843  3.7879  0.9969  0.5328 34.2515
  5.3847  1.7892  0.9820  1.4455 13.7175
  5.2995  4.0454  0.9802  0.8492 37.0519
  5.4969  2.7600  0.9789  1.5726 23.3726
  5.2850  3.2027  0.9715  1.2849 27.9923
  5.0067  3.1131  0.9957  1.5037 27.0485
  4.4168  3.2029  0.9848  1.2576 27.9940
  4.9051  2.2218  0.9687  1.6937 17.9245
  4.4224  3.7023  0.9966  1.5216 33.3267
  5.4808  2.6357  0.9803  1.3915 22.0965
  4.9116  0.6294  0.9807  0.6376  3.7390
  4.9106  0.2117  0.9947  1.4786  1.0353
  4.9947  4.1142  0.9854  0.1476 37.8049
  5.0508  1.7871  0.9928  0.2850 13.6970
  3.9717  2.8338  0.9711  2.3655 24.1342
  5.5598  3.9527  0.9715  1.8727 36.0407
  5.4540  3.7898  0.9773  1.8175 34.2717
  5.6698  3.8662  0.9924  1.7858 35.1000
  5.6212  3.0211  0.9727  0.3704 26.0840
  4.9931  2.7086  0.9855  0.5328 22.8434
  5.4801  2.6060  0.9737  0.8501 21.7924
  5.6175  3.9512  0.9712  1.1491 36.0244
  4.9370  4.1819  0.9764  1.8533 38.5471
  5.0341  3.9001  0.9767  1.9172 35.4689
  3.9924  1.0835  0.9930  1.6981  7.3387
  5.1581  4.1437  0.9702  2.7548 38.1286
  5.2507  2.9979  0.9784  1.2149 25.8409
  4.4031  4.3857  0.9758  0.1816 40.7914
  5.2373  4.4497  0.9940  0.3415 41.5000
  4.9376  3.7425  0.9960  2.1543 33.7607
  5.4521  3.4096  0.9776  0.4893 30.1871
  4.9815  1.5888  0.9725  1.6569 11.8348
  5.5051  3.2697  0.9736  1.5114 28.7007
  5.5842  1.8657  0.9947  1.2523 14.4477
  5.1143  1.8021  0.9891  2.1527 13.8403
  3.9313  3.8070  0.9773  1.7544 34.4584
  5.6654  2.0840  0.9868  0.5772 16.5655
  5.9134  2.7602  0.9703  0.7688 23.3749
  4.6174  2.8011  0.9980  1.6278 23.7961
  5.4176  1.2632  0.9682  1.0296  8.8898
  3.9480  2.7305  0.9820  2.4707 23.0682
  5.4831  4.1018  0.9750  2.5764 37.6690
  5.3155  4.1385  0.9862  0.4885 38.0708
  4.6400  1.5133  0.9833  0.1782 11.1389
  4.6803  3.9393  0.9741  2.9344 35.8950
  5.1640  2.0780  0.9947  0.8996 16.5061
  5.2688  2.9538  0.9953  0.9891 25.3812
  5.1776  3.2108  0.9841  1.4061 28.0775
  4.0435  2.0599  0.9772  0.8438 16.3294
  4.9127  3.0710  0.9744  1.0196 26.6065
  5.0903  2.0176  0.9942  0.7149 15.9168
  5.2179  3.1114  0.9973  1.8164 27.0310
  6.0067  3.4199  0.9749  1.0249 30.2968
  5.9018  4.2079  0.9746  1.6039 38.8329
  6.0846  2.4373  0.9895  1.5251 20.0808
  5.2338  0.6270  0.9958  1.0285  3.7210
  5.3905  1.7022  0.9785  0.8708 12.8939
  4.0177  3.2931  0.9688  1.6915 28.9492
  4.0310  3.3295  0.9973  1.6912 29.3346
  5.5300  2.2844  0.9750  2.8261 18.5469
  4.7227  3.5029  0.9722  2.4040 31.1838
  5.2132  1.5745  0.9837  1.2038 11.7024
  3.8101  0.6401  0.9783  1.5119  3.8171
  4.9871  2.2508  0.9742  1.0938 18.2122
  4.9671  2.1089  0.9684  2.5281 16.8091
  4.9790  2.5214  0.9861  0.5532 20.9313
  4.2915  4.4612  0.9812  1.5629 41.6271
  5.2819  1.2973  0.9805  1.7392  9.1906
  6.0904  2.9135  0.9924  2.0420 24.9620
  5.3707  3.5672  0.9884  1.9800 31.8731
  5.2840  0.8368  0.9980  1.9608  5.3163
  6.1050  2.6344  0.9769  0.4928 22.0827
  4.3024  1.6992  0.9777  0.6147 12.8657
  4.6610  2.7939  0.9980  0.3216 23.7221
  5.8827  0.9684  0.9754  2.1103  6.3776
  5.1937  1.4892  0.9861  1.4247 10.9183
  5.2701  4.3275  0.9790  2.1933 40.1489
  5.2414  3.4666  0.9849  1.1102 30.7955
  6.4989  2.6532  0.9974  1.3197 22.2752
  4.9271  3.3281  0.9816  1.8977 29.3202
  5.2972  1.8283  0.9671  1.4996 14.0900
  5.4434  1.9831  0.9865  2.3957 15.5811
  4.4440  1.3377  0.9846  1.3559  9.5500
  5.2395  0.9845  0.9876  2.0146  6.5101
  5.1285  1.7915  0.9859  0.9289 13.7391
  5.3382  2.9337  0.9940  0.8856 25.1720
  4.8998  4.3557  0.9905  2.2471 40.4602
  5.1410  3.0584  0.9798  2.6669 26.4739
  5.0198  2.7722  0.9742  0.5491 23.4986
  6.7375  1.9727  0.7776  0.5687 15.4799
  4.3641  3.4730  0.9682  1.2258 30.8641
  6.1391  2.1785  0.9787  2.0101 17.4954
  4.9167  2.6434  0.9820  1.5560 22.1745
  3.8409  3.2892  0.9898  2.2599 28.9075
  4.8629  2.1534  0.9925  1.9706 17.2474
  5.0909  3.6349  0.9890  0.4785 32.6005
  4.5273  4.0919  0.9825  1.5622 37.5609
  5.4179  1.5588  0.9976  2.5239 11.5573
  5.6571  3.1872  0.9707  0.8591 27.8285
  4.9308  3.8582  0.9972  2.6148 35.0140
  5.2115  4.0034  0.9804  0.5559 36.5939
  5.1089  2.4977  0.9899  0.3143 20.6910
  3.7664  1.9608  0.9902  2.0186 15.3643
  5.3632  2.6244  0.9917  2.3596 21.9811
  5.0084  0.8888  0.9860  2.0653  5.7306
  5.0652  1.4178  0.9924  2.1425 10.2686
  5.1685  0.2051  0.9698  1.5739  0.9988
  4.1842  2.9210  0.9980  0.5769 25.0397
  5.5616  4.1987  0.9821  1.3657 38.7316
  4.8810  1.6976  0.9900  0.8528 12.8507
  5.0636  3.5631  0.9728  1.0755 31.8287
  4.6104  3.8569  0.9960  1.3138 34.9990
  3.7276  2.9627  0.9909  1.3731 25.4738
  4.9431  4.3127  0.9852  0.7672 39.9863
  5.1171  3.3407  0.9824  1.9944 29.4542
  5.5595  1.5904  0.9851  0.7933 11.8498
  5.3686  1.3702  0.9680  2.5860  9.8406
  5.6104  0.9328  0.9891  0.8958  6.0869
  4.5761  2.6078  0.9793  1.5704 21.8112
  5.9170  2.6352  0.9732  0.5793 22.0909
  4.9419  3.1744  0.9923  0.8861 27.6940
  4.7297  2.7329  0.9814  0.8524 23.0936
  4.3685  2.0602  0.9847  2.8069 16.3318
  5.1570  2.5689  0.9751  1.3891 21.4143
  5.7505  2.0989  0.9706  0.7840 16.7112
  5.4920  4.4153  0.9900  1.1707 41.1194
  3.9455  3.8335  0.9926  1.5195 34.7457
  4.2802  2.5201  0.9720  1.7144 20.9187
  4.5962  2.2932  0.9972  0.5254 18.6349
  4.8675  3.4286  0.9827  0.5865 30.3899
  4.9651  1.7281  0.9909  2.1456 13.1385
  6.2363  1.8514  0.9931  0.6030 14.3107
  4.5644  2.4262  0.9877  2.1079 19.9688
  6.0255  2.3504  0.9815  1.9831 19.2067
  5.2891  4.0021  0.9944  1.6005 36.5800
  5.3937  3.9215  0.9910  0.2203 35.7017
  5.1683  2.1191  0.9903  0.8090 16.9100
  4.3883  2.2808  0.9940  1.1588 18.5111
  4.6977  1.2634  0.9843  1.9885  8.8918
  5.5785  0.9578  0.9746  1.1956  6.2910
  5.5888  0.8242  0.9971  0.5272  5.2174
  5.4511  2.0306  0.9963  1.2764 16.0435
  4.4371  2.8253  0.9687  1.9851 24.0464
  4.8290  4.1453  0.9855  0.4672 38.1457
  5.2361  4.4765  0.9790  1.4621 41.7959
  4.8785  1.0714  0.9880  1.4372  7.2359
  3.6408  3.5184  0.9672  1.3446 31.3498
  5.3648  1.4647  0.9686  2.0828 10.6945
  5.1062  2.8584  0.9785  0.7659 24.3892
  5.4223  3.4656  0.9958  0.6576 30.7852
  4.6003  4.4077  0.9720  0.4524 41.0353
  5.1558  2.1989  0.9757  1.1458 17.6970
  5.2296  1.3946  0.9811  2.6026 10.0599
  5.0140  4.1207  0.9868  1.4570 37.8765
  5.5434  3.9172  0.9697  0.5594 35.6547
  5.1161  2.7219  0.9968  1.6866 22.9798
  5.2378  3.2870  0.9727  2.4232 28.8837
  5.4456  2.4887  0.9722  1.4612 20.5997
  5.4914  2.8765  0.9777  1.0995 24.5777
  4.8313  2.9348  0.9939  1.4045 25.1828
  5.8019  0.8481  0.9868  2.4627  5.4058
  5.2182  3.6278  0.9731  1.8601 32.5235
  5.2694  2.5042  0.9770  0.5418 20.7574
  5.5056  1.6192  0.9812  1.7177 12.1169
  4.8457  0.6881  0.9699  1.9279  4.1725
  4.0019  1.4029  0.9814  0.5466 10.1340
  5.2555  2.5676  0.9796  2.5754 21.4009
  5.9594  1.5141  0.9941  0.9329 11.1459
  5.9927  0.5648  0.9808  1.1686  3.2745
  5.6495  1.9638  0.9697  1.9021 15.3933
  6.0067  3.1014  0.9938  1.2853 26.9257
  3.6936  2.2504  0.9769  0.7079 18.2087
  6.0690  2.9652  0.9680  2.9075 25.4997
  4.7886  2.9460  0.9702  0.4306 25.2996
  6.1629  2.4323  0.9789  0.8642 20.0304
  5.3185  2.1410  0.9789  1.2010 17.1251
  4.2247  2.1651  0.9728  2.0182 17.3635
  4.1487  2.6886  0.9696  2.0687 22.6380
  5.3939  2.8843  0.9814  1.2207 24.6581
  5.2701  1.8521  0.9717  1.9721 14.3177
  3.7505  3.3389  0.9785  1.2231 29.4346
  5.1028  3.9915  0.9946  0.9154 36.4639
  5.4819  2.3510  0.9958  0.9474 19.2130
  5.6649  1.6515  0.9980  1.0923 12.4191
  5.1178  1.7687  0.9925  0.8446 13.5231
  6.5576  2.2806  0.7841  0.2321 18.5094
  5.4233  3.8763  0.9695  1.3890 35.2105
  6.8779  2.7880  0.5252  0.7767 23.6614
  3.5895  1.2521  0.9910  0.5961  8.7921
  5.1313  1.9531  0.9924  2.7640 15.2900
  5.2616  2.8010  0.9835  1.0775 23.7957
  4.8535  3.7168  0.9920  1.4127 33.4829
  3.6674  0.7764  0.9762  1.6350  4.8444
  6.2121  1.4988  0.9875  0.5951 11.0060
  5.2420  3.6521  0.9702  0.7697 32.7855
  5.5212  2.9275  0.9824  2.3026 25.1071
  5.2503  3.0654  0.9692  0.2056 26.5475
  4.9639  3.9709  0.9919  0.0889 36.2395
  5.2183  3.7756  0.9825  1.3658 34.1185
  5.5754  1.0025  0.9869  1.4740  6.6591
  5.5391  2.8919  0.9884  1.3111 24.7373
  4.4046  3.2160  0.9886  1.0124 28.1326
  6.2687  2.0241  0.9799  0.1320 15.9798
  5.2242  2.8217  0.9845  0.9702 24.0100
  4.2664  2.3210  0.9750  2.3576 18.9128
  4.7970  4.0260  0.9899  1.5542 36.8399
  5.3373  1.0945  0.9787  1.3860  7.4316
  5.2871  1.2661  0.9894  2.5308  8.9156
  4.4229  1.7113  0.9924  1.6170 12.9800
  5.2304  2.1883  0.9859  2.1240 17.5919
  5.5289  3.2534  0.9875  1.9014 28.5286
  5.8473  2.5598  0.9778  0.2218 21.3217
  6.8384  3.0196  0.4740  0.3756 26.0680
  6.0811  4.0596  0.9869  1.6834 37.2077
  4.5037  1.4166  0.9957  2.4055 10.2579
  5.3152  2.4472  0.9734  0.6862 20.1808
  5.8769  3.4184  0.9874  2.2634 30.2810
  4.5911  2.9345  0.9860  2.2070 25.1797
  6.5255  4.1957  0.8241  1.4912 38.6986
  4.7946  3.0756  0.9674  2.1149 26.6548
  4.9749  2.5395  0.9836  0.5041 21.1155
  4.9758  1.1107  0.9746  1.9783  7.5691
  6.8446  0.9546  0.9210  1.3863  6.2643
  5.5293  3.3431  0.9829  0.4392 29.4791
  4.7305  1.5466  0.9877  1.1739 11.4447
  5.0593  4.2393  0.9697  0.9666 39.1780
  6.1260  3.5504  0.9980  1.0594 31.6924
  3.7269  2.7304  0.9973  2.6308 23.0676
  5.2160  3.0987  0.9751  0.6594 26.8973
  4.3052  3.8070  0.9755  1.6814 34.4582
  4.7456  4.1593  0.9693  1.9900 38.2992
  4.7310  4.1255  0.9980  2.1640 37.9285
  5.5447  3.6168  0.9884  1.9589 32.4055
  5.6875  3.4447  0.9679  0.5990 30.5620
  5.4582  2.7394  0.9947  0.8413 23.1604
  5.4130  1.6642  0.9895  1.2170 12.5374
  4.1058  3.4698  0.9926  1.5922 30.8300
  5.2090  3.4067  0.9826  0.9992 30.1567
  5.1986  3.8502  0.9771  1.5860 34.9273
  4.5620  3.5766  0.9980  1.2126 31.9739
  5.3259  3.5321  0.9938  0.5998 31.4959
  5.2691  1.1804  0.9759  0.4863  8.1680
  4.4644  3.7711  0.9978  1.0111 34.0695
  6.7700  2.5033  0.8755  2.6269 20.7477
  5.2423  2.9000  0.9886  0.8592 24.8217
  5.3804  2.6194  0.9708  1.0615 21.9291
  4.6761  3.6409  0.9782  2.0959 32.6645
  4.0944  1.2821  0.9919  1.5609  9.0567
  4.2248  2.3108  0.9893  1.6276 18.8107
  4.3224  2.7287  0.9899  1.4921 23.0497
  5.1328  0.2642  0.9972  1.2982  1.3315
  4.5827  0.7825  0.9971  0.1844  4.8912
  5.0140  3.6463  0.9949  0.7440 32.7234
  5.3350  1.0427  0.9756  0.6455  6.9949
  5.2661  1.9539  0.9896  1.1894 15.2978
  4.9975  1.1246  0.9840  2.8091  7.6883
  5.0903  2.1628  0.9708  0.9869 17.3407
  5.4749  1.2402  0.9834  1.2494  8.6884
  4.7967  4.2436  0.9815  0.7001 39.2249
  4.9118  2.0451  0.9980  0.2445 16.1849
  3.9755  4.2494  0.9698  1.6878 39.2894
  4.2322  2.5989  0.9775  1.1410 21.7205
  5.3489  2.5345  0.9854  2.7137 21.0649
  5.3443  1.5763  0.9767  2.4340 11.7195
  3.9022  2.5339  0.9686  2.3247 21.0581
  5.8263  2.7887  0.9915  2.1504 23.6686
  5.0492  4.3217  0.9950  0.1958 40.0855
  3.9294  1.3920  0.9871  2.3993 10.0362
  4.6396  3.1288  0.9873  1.7280 27.2140
  5.3540  0.8046  0.9745  1.9554  5.0636
  5.6948  2.5968  0.9847  2.1784 21.6983
  3.5731  4.3425  0.9863  0.2447 40.3151
  5.4133  2.5535  0.9980  1.9020 21.2578
  5.2255  2.6598  0.9732  0.4974 22.3433
  5.5308  3.3321  0.9861  1.0666 29.3624
  4.6445  3.0258  0.9736  1.9289 26.1333
  6.7071  1.9876  0.6604  2.1663 15.6248
  4.8749  3.0255  0.9767  1.8491 26.1294
  5.5836  2.7982  0.9891  1.5367 23.7667
  5.0909  1.2904  0.9904  1.9048  9.1298
  5.1871  2.1949  0.9706  1.4414 17.6577
  5.0432  3.9822  0.9803  0.5041 36.3626
  4.3286  0.9278  0.9869  0.7611  6.0458
  4.0386  1.3031  0.9756  2.1945  9.2426
  5.7728  1.6935  0.9941  2.5707 12.8124
  5.5739  3.2068  0.9675  1.3699 28.0351
  5.9337  2.4596  0.9698  2.2569 20.3055
  5.9291  3.5578  0.9821  0.6637 31.7721
  5.3591  3.1101  0.9672  0.3715 27.0173
  5.4044  4.2008  0.9892  1.2522 38.7548
  4.8855  1.8174  0.9730  0.7752 13.9861
  4.1595  3.4111  0.9710  1.2119 30.2027
  4.4194  3.2461  0.9980  0.9523 28.4505
  5.2571  4.2813  0.9863  1.8615 39.6399
  5.2875  3.9833  0.9765  0.9049 36.3747
  4.0532  4.0234  0.9845  1.8081 36.8126
  5.6965  2.5571  0.9677  1.5924 21.2941
  5.0330  1.4530  0.9720  1.5095 10.5876
  4.7490  2.1230  0.9940  2.7455 16.9480
  4.2319  3.2060  0.9733  2.3185 28.0272
  4.6445  2.4901  0.9929  1.9889 20.6142
  4.0138  4.2137  0.9714  2.1544 38.8970
  5.5401  2.6062  0.9708  0.6176 21.7943
  3.8044  3.4597  0.9796  1.2003 30.7218
  5.8740  2.9222  0.9745  1.2912 25.0518
  5.3860  1.8821  0.9980  0.3089 14.6054
  4.2246  3.7396  0.9791  1.2469 33.7295
  4.7172  3.4214  0.9946  1.3470 30.3134
  4.3995  2.4551  0.9965  1.5457 20.2602
  5.2525  1.6856  0.9859  1.1225 12.7381
  3.7981  4.0465  0.9911  0.9513 37.0643
  5.3252  2.3241  0.9690  1.2545 18.9430
  5.2938  4.1103  0.9856  1.1714 37.7624
  5.2980  1.5249  0.9929  0.9875 11.2447
  5.9754  3.2260  0.9977  0.6367 28.2382
  5.2808  1.1487  0.9871  2.0378  7.8947
  4.4134  2.7002  0.9916  0.7051 22.7569
  5.1959  2.6578  0.9777  2.3115 22.3222
  5.0720  2.1295  0.9944  1.5625 17.0119
  5.2887  1.7169  0.9694  0.3871 13.0326
  4.6405  2.7997  0.9911  2.3394 23.7817
  5.7079  2.7086  0.9788  1.3859 22.8431
  4.9403  0.3212  0.9699  1.5398  1.6694
  5.6786  1.7924  0.9806  1.3226 13.7481
  5.3911  0.7438  0.9948  0.8306  4.5935
  4.1900  4.1967  0.9726  0.3413 38.7101
  4.6141  1.5401  0.9832  1.4423 11.3850
  5.9141  2.8703  0.9980  1.1321 24.5134
  5.2733  3.5150  0.9741  0.2907 31.3136
  5.3388  1.9210  0.9980  0.9708 14.9795
  6.9282  3.3640  0.3137  0.5424 29.7016
  4.8493  3.1014  0.9893  0.3074 26.9259
  5.4635  2.5907  0.9867  2.3721 21.6364
  5.5736  3.6666  0.9818  0.4160 32.9415
  5.5996  3.6909  0.9726  0.7887 33.2030
  5.2160  2.2917  0.9754  3.0025 18.6199
  5.2320  3.0522  0.9685  1.1899 26.4090
  5.5839  2.2018  0.9915  0.5382 17.7264
  4.4348  1.5754  0.9738  2.1349 11.7109
  5.2782  1.4944  0.9707  1.5896 10.9653
  4.4150  2.5224  0.9744  1.8913 20.9415
  5.0980  1.3537  0.9908  1.5464  9.6928
  6.1568  4.1113  0.9691  2.3047 37.7735
  5.0338  2.5189  0.9779  2.4016 20.9059
  4.1407  3.1717  0.9923  2.4395 27.6651
  3.6933  3.7680  0.9843  0.5738 34.0362
  5.3411  2.0987  0.9793  0.6559 16.7092
  5.3056  0.5321  0.9707  1.2375  3.0457
  3.7304  3.2838  0.9899  1.3273 28.8506
  5.2171  3.9674  0.9962  1.8658 36.2010
  5.5296  4.1912  0.9896  0.6658 38.6494
  4.2846  2.5787  0.9844  1.4323 21.5145
  5.8237  4.3658  0.9902  0.6124 40.5722
  4.6089  3.1869  0.9862  2.2147 27.8256
  5.2476  3.3460  0.9853  0.8694 29.5102
  6.4093  3.3359  0.9833  0.6376 29.4030
  5.4306  3.4576  0.9811  2.8994 30.6995
  5.1420  2.2036  0.9980  0.1466 17.7433
  4.9049  1.3644  0.9886  2.3936  9.7888
  3.9835  2.1469  0.9772  0.9931 17.1832
  4.9274  1.1763  0.9808  1.5891  8.1324
  5.0398  4.3683  0.9764  1.8597 40.6000
  5.2038  1.0459  0.9980  0.8062  7.0218
  5.1640  0.8633  0.9747  2.0178  5.5272
  4.6531  3.0483  0.9885  1.2428 26.3685
  5.5354  1.1784  0.9722  0.9091  8.1500
  5.1479  3.5397  0.9864  1.1678 31.5774
  4.5449  3.4802  0.9791  1.7434 30.9405
  4.5422  3.5964  0.9684  0.6310 32.1866
  4.7079  3.9716  0.9781  1.5599 36.2468
  4.8394  2.2232  0.9691  1.6445 17.9378
  4.7342  0.7179  0.9828  1.9091  4.3963
  4.2469  2.3764  0.9841  0.7359 19.4672
  4.6082  2.9571  0.9735  1.4802 25.4156
  5.1140  2.9069  0.9700  1.6629 24.8930
  5.4921  2.7000  0.9980  1.4888 22.7553
  4.4031  2.7822  0.9944  2.2109 23.6016
  5.6016  1.4431  0.9733  1.7243 10.4985
  4.6097  2.8580  0.9958  1.2566 24.3855
  5.2688  2.3820  0.9918  2.4853 19.5237
  5.2237  1.4609  0.9674  1.7065 10.6600
  5.8420  3.0634  0.9886  0.4028 26.5269
  4.4391  1.1125  0.9980  2.3928  7.5844
  4.1148  1.8105  0.9715  1.0667 13.9205
  5.2023  2.2163  0.9672  2.5718 17.8698
  6.3046  2.2393  0.9760  1.6754 18.0977
  5.2327  0.5282  0.9916  0.6298  3.0187
  4.7873  3.9723  0.9761  2.1621 36.2543
  5.3915  1.9420  0.9834  1.9285 15.1829
  5.2729  1.5167  0.9705  1.1585 11.1695
  4.9989  2.5773  0.9962  1.5811 21.5002
  4.9151  0.3952  0.9829  2.6798  2.1308
  4.0778  3.7039  0.9826  0.8495 33.3439
  4.7213  3.2903  0.9836  0.4741 28.9192
  5.6538  0.4554  0.9763  2.3190  2.5237
  6.0763  1.7704  0.9921  1.0409 13.5388
  5.5064  4.3036  0.9810  2.6193 39.8864
  4.7325  1.1273  0.9928  1.4600  7.7109
  5.5549  3.2191  0.9978  2.7550 28.1655
  5.2635  1.1816  0.9718  2.0924  8.1782
  5.4008  3.7708  0.9831  1.6492 34.0663
  5.6648  2.7316  0.9894  0.7214 23.0795
  3.5613  1.8063  0.9713  1.7867 13.8802
  5.4844  4.2890  0.9778  1.3538 39.7248
  4.3926  3.3693  0.9774  2.0197 29.7579
  5.0500  1.6279  0.9779  0.7565 12.1987
  6.6586  2.4177  0.8698  0.4219 19.8827
  5.1227  0.8803  0.9693  1.0224  5.6625
  4.8324  2.1275  0.9937  1.3116 16.9921
  5.2671  3.4004  0.9921  2.6195 30.0894
  5.0093  2.7607  0.9837  1.6781 23.3800
  5.4584  0.5960  0.9822  0.1265  3.4971
  5.0244  2.7448  0.9831  2.1252 23.2161
  4.7490  4.4514  0.9750  1.4544 41.5183
  5.2120  4.3460  0.9894  0.3642 40.3535
  4.1725  3.5233  0.9926  1.9676 31.4022
  4.9765  2.7384  0.9852  1.0170 23.1503
  4.8635  2.7921  0.9770  0.4794 23.7031
  4.9470  1.7355  0.9747  2.2144 13.2086
  5.4034  1.1197  0.9980  2.0499  7.6457
  4.8890  1.9535  0.9895  1.1935 15.2940
  5.0110  1.6956  0.9876  0.9898 12.8327
  5.8367  4.0082  0.9836  0.6772 36.6458
  5.3790  2.1443  0.9674  0.0709 17.1579
  5.3812  1.6559  0.9893  1.0426 12.4600
  6.0760  1.9776  0.9835  0.1286 15.5274
  5.0802  3.0532  0.9980  0.7715 26.4196
  5.2809  3.0671  0.9694  0.1840 26.5659
  5.0792  2.1289  0.9838  0.5055 17.0066
  5.3620  2.0680  0.9796  0.9930 16.4083
  5.6237  3.8926  0.9679  0.9726 35.3874
  6.8802  3.0229  0.5843  0.6675 26.1030
  5.1615  2.6948  0.9911  1.9476 22.7019
  5.4377  2.4334  0.9696  1.4933 20.0413
  5.0349  3.8964  0.9845  2.0026 35.4291
  4.6678  0.7770  0.9741  2.3625  4.8488
  5.3425  3.7179  0.9859  2.6183 33.4946
  4.1024  0.8001  0.9766  1.8257  5.0285
  5.4978  2.5088  0.9693  2.0491 20.8043
  5.2947  1.2877  0.9672  1.2442  9.1063
  4.8477  4.4520  0.9901  0.2587 41.5252
  5.0026  3.9802  0.9723  2.5356 36.3405
  5.3093  3.6528  0.9761  2.2546 32.7929
  4.8473  4.3390  0.9967  1.3377 40.2762
  5.2702  1.3776  0.9673  1.2272  9.9064
  4.4901  1.3973  0.9762  2.0776 10.0841
  4.8374  2.0710  0.9705  1.1171 16.4377
  5.0163  1.9612  0.9980  1.3130 15.3687
  5.3457  2.5694  0.9767  0.3269 21.4197
  5.6595  0.9524  0.9788  2.4329  6.2468
  5.8374  0.3055  0.9805  0.9452  1.5748
  5.7320  2.5107  0.9811  1.1520 20.8228
  4.2215  2.6888  0.9741  0.7253 22.6402
  5.5559  1.7165  0.9842  0.8088 13.0287
  5.0101  2.8662  0.9952  2.3809 24.4704
  5.0147  1.5094  0.9713  0.8815 11.1026
  4.7506  1.9964  0.9837  1.3681 15.7102
  4.3277  4.4773  0.9726  1.0947 41.8050
  4.1366  1.8324  0.9867  0.2640 14.1296
  6.0941  2.5239  0.9838  1.2648 20.9571
  4.8404  1.1243  0.9676  0.8366  7.6857
  6.2546  1.4773  0.9728  1.3332 10.8090
  5.0534  3.0689  0.9758  1.6227 26.5847
  5.3539  1.4412  0.9750  0.2462 10.4808
  5.1254  2.5675  0.9844  2.3186 21.4000
  6.1547  1.5436  0.9846  1.6590 11.4168
  3.5831  2.6035  0.9980  1.6934 21.7675
  5.2809  1.1177  0.9816  1.9439  7.6288
  5.6105  3.9378  0.9827  1.6306 35.8787
  5.2099  1.8311  0.9980  2.7385 14.1169
  5.3667  2.1787  0.9953  1.8548 17.4974
  3.9009  3.6108  0.9884  2.5302 32.3406
  6.5032  3.4274  0.6685  0.7361 30.3772
  5.2872  4.2572  0.9849  1.7671 39.3749
  4.9117  2.1679  0.9888  2.1265 17.3908
  5.1423  2.0818  0.9728  1.2383 16.5437
  5.6735  4.2257  0.9917  1.1616 39.0288
  5.5436  2.5117  0.9891  1.1785 20.8331
  5.7120  3.8018  0.9899  1.8158 34.4020
  4.1082  2.3873  0.9970  1.9225 19.5766
  5.2162  3.7759  0.9836  0.4415 34.1220
  4.6166  4.4289  0.9720  0.5718 41.2692
  4.0518  3.7850  0.9672  2.1419 34.2205
  4.7877  0.7734  0.9980  1.1339  4.8215
  5.2736  1.5854  0.9786  1.7991 11.8031
  5.4681  3.0055  0.9740  2.0701 25.9211
  4.5650  1.7233  0.9855  0.6856 13.0927
  5.2374  3.6078  0.9972  1.2119 32.3092
  5.1039  4.0324  0.9890  0.9615 36.9106
  4.9701  0.6873  0.9900  0.8959  4.1662
  4.5250  3.4421  0.9769  0.2449 30.5334
  5.1638  2.4956  0.9923  1.6419 20.6700
  5.6627  1.3286  0.9669  0.9851  9.4689
  4.3584  2.4426  0.9805  2.8380 20.1339
  6.7916  3.9016  0.5226  0.9952 35.4851
  4.9700  3.4636  0.9941  2.1540 30.7630
  5.1054  4.2390  0.9951  0.8430 39.1751
  4.3800  2.6466  0.9980  1.8217 22.2081
  5.7170  2.2148  0.9864  0.6413 17.8544
  3.5614  3.9126  0.9824  0.5421 35.6049
  4.8547  3.5088  0.9720  0.6902 31.2473
  4.8122  4.4148  0.9852  1.1903 41.1131
  6.2227  0.3878  0.9701  0.1145  2.0833
  5.1651  1.4500  0.9761  0.7736 10.5608
  3.6522  0.7889  0.9833  0.8921  4.9413
  4.5651  1.0592  0.9702  0.1120  7.1335
  6.3130  1.6504  0.9683  2.1459 12.4087
  4.6168  1.4014  0.9883  1.9055 10.1212
  5.5032  4.0017  0.9672  1.6750 36.5754
  4.2028  4.0668  0.9938  1.0365 37.2863
  4.9874  3.0380  0.9765  1.1851 26.2612
  4.2197  1.6078  0.9980  2.5928 12.0109
  5.7453  3.4394  0.9877  0.4571 30.5052
  4.4896  2.3084  0.9972  0.1152 18.7867
  5.8351  0.9155  0.9755  1.2542  5.9459
  5.1429  2.4212  0.9784  0.6414 19.9178
  4.5250  4.0176  0.9802  0.4097 36.7484
  4.4865  2.4915  0.9901  1.7137 20.6282
  5.5358  2.1871  0.9679  1.6296 17.5801
  5.1251  2.3203  0.9880  0.2068 18.9049
  5.3690  1.8308  0.9935  1.0627 14.1135
  4.6887  4.3292  0.9779  0.8761 40.1683
  5.1120  0.9804  0.9753  0.3724  6.4770
  5.2341  1.3488  0.9789  1.0312  9.6485
  6.4166  1.7359  0.9335  1.6124 13.2120
  5.0423  2.3242  0.9894  1.7075 18.9442
  5.0933  2.3617  0.9806  1.6633 19.3199
  5.2865  1.6470  0.9828  0.8195 12.3763
  5.0190  4.0430  0.9727  0.7495 37.0264
  5.1005  2.7059  0.9762  1.3026 22.8160
  5.3463  0.7711  0.9713  0.4263  4.8034
  4.9144  3.6779  0.9767  1.4808 33.0635
  3.6733  2.6297  0.9853  1.1337 22.0351
  5.1764  0.9009  0.9720  2.1002  5.8284
  5.2753  3.9225  0.9980  0.6687 35.7120
  5.0983  1.9493  0.9750  0.9935 15.2529
  4.5781  2.1107  0.9796  2.0583 16.8276
  5.2027  2.2996  0.9807  1.1744 18.6985
  6.0855  2.0197  0.9722  1.4797 15.9368
  3.9974  3.4504  0.9928  0.8954 30.6224
  5.6496  3.3300  0.9901  2.4868 29.3399
  4.3137  1.6932  0.9754  0.9387 12.8093
  4.0254  2.7776  0.9851  0.8808 23.5539
  4.5757  2.1326  0.9802  0.8457 17.0426
  5.3146  1.6221  0.9706  0.6301 12.1447
  4.8025  2.0275  0.9866  2.0613 16.0127
  5.2406  3.0743  0.9874  2.5253 26.6415
  5.5710  2.8647  0.9910  0.5772 24.4549
  4.1389  0.6400  0.9724  0.4152  3.8161
  5.3597  2.7821  0.9909  0.5477 23.6005
  4.2878  4.0179  0.9713  1.1376 36.7521
  4.0137  1.9374  0.9873  2.3194 15.1384
  5.4521  1.1656  0.9877  0.6977  8.0400
  5.4705  1.8626  0.9766  2.1077 14.4181
  5.3454  0.9893  0.9888  0.7849  6.5500
  5.9226  2.4719  0.9782  2.6457 20.4301
  4.5581  1.3820  0.9980  1.3424  9.9466
  5.0396  1.3042  0.9695  1.0414  9.2524
  3.9617  3.8106  0.9944  0.4255 34.4978
  4.9185  3.0096  0.9731  1.0615 25.9637
  4.3902  0.6944  0.9683  1.8593  4.2197
  5.5370  3.7298  0.9980  0.2099 33.6229
  4.2119  3.5563  0.9920  2.3670 31.7560
  4.7229  3.8667  0.9899  2.1629 35.1063
  4.4032  3.9784  0.9860  2.5783 36.3208
  5.1543  2.0610  0.9790  0.5200 16.3401
  5.2235  3.6139  0.9693  1.3834 32.3746
  4.3969  0.9465  0.9832  0.3411  6.1982
  6.0809  0.9802  0.9692  2.0954  6.4752
  5.2925  3.8457  0.9906  1.3610 34.8782
  4.3887  3.4647  0.9950  1.4233 30.7756
  5.8092  2.6658  0.9739  0.2558 22.4042
  5.5344  1.2865  0.9698  0.6927  9.0955
  4.9754  4.0509  0.9874  0.9685 37.1128
  6.0852  2.8298  0.9980  2.0277 24.0934
  4.9160  1.4499  0.9746  0.0137 10.5594
  5.4462  1.9725  0.9689  2.7972 15.4781
  4.4550  3.5068  0.9816  1.1851 31.2250
  4.7330  2.2251  0.9889  0.4275 17.9570
  5.7934  2.3876  0.9909  2.9896 19.5799
  5.5087  1.2818  0.9717  0.8304  9.0536
  4.4429  2.3979  0.9769  0.3651 19.6835
  5.0902  1.1914  0.9677  2.5854  8.2632
  4.3848  2.7977  0.9865  1.7672 23.7613
  5.3782  1.6141  0.9978  0.8929 12.0703
  4.9158  1.0812  0.9828  2.1146  7.3188
  5.7751  2.3916  0.9914  0.7742 19.6206
  5.2991  3.1579  0.9811  1.9172 27.5194
  4.9478  1.2081  0.9947  1.6521  8.4080
  5.4979  1.6390  0.9905  0.9345 12.3017
  4.2780  2.4794  0.9701  0.8748 20.5058
  6.2921  2.2475  0.9844  0.1567 18.1792
  5.3321  1.8619  0.9672  1.1804 14.4113
  5.3815  2.1730  0.9717  0.4231 17.4407
  5.5545  1.9922  0.9836  0.7798 15.6690
  5.7597  1.9151  0.9808  2.5930 14.9228
  4.7936  2.3363  0.9793  2.4957 19.0656
  5.1550  2.7512  0.9698  1.2969 23.2816
  5.2076  2.0010  0.9868  1.0312 15.7549
  5.9421  3.5056  0.9946  1.5804 31.2124
  5.7733  1.5931  0.9834  0.2433 11.8745
  6.5619  3.1968  0.9544  0.9280 27.9299
  5.0299  4.0088  0.9959  0.9750 36.6531
  5.4975  2.8355  0.9751  0.5605 24.1527
  5.0286  3.4979  0.9963  0.1063 31.1306
  6.0090  2.6679  0.9752  0.5293 22.4253
  5.2594  3.5278  0.9847  0.9728 31.4498
  5.2549  3.4901  0.9929  2.4378 31.0472
  4.7191  0.5763  0.9844  0.6914  3.3561
  6.0221  0.7610  0.9899  0.4302  4.7257
  5.4823  1.7802  0.9757  0.3290 13.6318
  5.0105  3.8068  0.9935  0.9137 34.4565
  5.5207  0.9162  0.9741  1.3121  5.9522
  5.1031  2.1913  0.9738  1.3916 17.6224
  5.1832  2.5597  0.9975  1.6034 21.3211
  5.2929  4.3326  0.9943  2.1419 40.2051
  5.4644  2.2522  0.9796  2.6280 18.2262
  4.2742  1.6775  0.9838  1.3396 12.6623
  4.7617  3.4656  0.9962  0.9104 30.7850
  3.8229  1.1168  0.9891  0.4766  7.6214
  5.0074  3.5516  0.9956  0.2085 31.7054
  4.1879  1.9656  0.9860  1.2405 15.4115
  5.3321  4.0273  0.9812  0.1628 36.8550
  4.2678  2.9423  0.9876  1.6349 25.2616
  5.6373  1.2498  0.9824  1.9602  8.7722
  6.1405  3.3424  0.9798  2.5401 29.4724
  5.2112  1.1075  0.9980  0.4735  7.5425
  5.6551  2.9291  0.9968  1.2970 25.1235
  5.4201  4.4442  0.9910  2.3511 41.4382
  4.5240  3.1010  0.9766  1.5113 26.9209
  4.3512  2.7677  0.9972  0.6339 23.4518
  5.1202  1.0041  0.9804  1.1228  6.6728
  5.5865  2.6134  0.9728  1.3099 21.8686
  5.0589  3.1388  0.9725  2.7299 27.3183
  5.5722  3.1179  0.9913  1.2378 27.0993
  3.7994  3.4887  0.9980  1.9409 31.0314
  5.8350  3.4333  0.9815  1.2173 30.4399
  5.3554  1.5061  0.9850  1.8612 11.0723
  5.1156  2.0661  0.9835  0.6739 16.3898
  4.8816  1.2173  0.9693  2.7295  8.4883
  5.8736  2.6101  0.9823  1.9206 21.8342
  4.8929  2.1829  0.9980  0.6360 17.5388
  4.9969  2.3728  0.9980  0.9599 19.4314
  5.0717  0.3160  0.9958  1.9301  1.6381
  6.5000  2.0898  0.9980  0.2914 16.6222
  5.4594  2.1686  0.9708  1.4894 17.3975
  5.0487  3.4814  0.9837  0.5939 30.9537
  4.0369  2.7120  0.9888  1.4972 22.8787
  4.3707  3.8673  0.9897  1.5020 35.1120
  4.7969  1.9781  0.9812  0.8104 15.5327
  4.8699  4.4358  0.9943  1.4645 41.3452
  5.0046  3.9139  0.9754  1.6098 35.6189
  5.6287  3.2839  0.9850  0.6069 28.8514
  4.2027  1.2712  0.9980  2.3544  8.9602
  5.9205  3.0100  0.9736  1.2264 25.9682
  5.0458  3.7990  0.9896  1.5417 34.3713
  4.4974  1.4881  0.9797  1.7897 10.9078
  4.7655  3.2269  0.9976  0.3387 28.2477
  4.9690  3.1276  0.9676  0.4980 27.2012
  5.3234  1.6645  0.9726  1.1693 12.5408
  5.1769  2.3054  0.9777  0.9148 18.7564
  5.8008  1.7245  0.9847  2.5164 13.1046
  5.1692  3.1205  0.9778  2.3767 27.1265
  4.7430  3.4297  0.9709  0.7108 30.4018
  4.9786  1.5339  0.9932  1.0250 11.3275
  5.5171  2.2145  0.9679  0.9475 17.8514
  5.3258  1.5901  0.9683  1.3335 11.8474
  5.5723  2.3901  0.9789  0.3612 19.6056
  3.9189  1.2042  0.9830  1.3128  8.3744
  5.4276  0.4177  0.9968  2.4156  2.2757
  5.2488  2.9774  0.9704  1.5564 25.6277
  4.9305  2.3253  0.9675  0.6601 18.9555
  5.1500  2.1521  0.9817  1.7082 17.2349
  5.7646  3.9522  0.9926  1.0934 36.0356
  5.6838  2.6928  0.9980  0.8074 22.6815
  6.5802  3.9943  0.8836  0.5536 36.4943
  5.6059  1.9749  0.9820  2.1511 15.5012
  5.1850  1.3008  0.9916  0.7723  9.2221
  6.0989  0.1538  0.9859  1.9688  0.7255
  5.0978  2.4452  0.9687  1.8905 20.1607
  5.2314  2.3477  0.9750  0.3337 19.1792
  4.9453  3.1566  0.9784  1.6148 27.5060
  4.3094  1.5778  0.9963  1.9361 11.7330
  4.8948  1.6640  0.9956  0.8297 12.5358
  5.0902  3.1177  0.9951  0.7318 27.0972
  5.8365  0.9849  0.9811  0.8663  6.5140
  4.3017  4.1662  0.9758  0.6352 38.3752
  5.4403  1.3996  0.9711  0.9947 10.1047
  5.3722  3.4530  0.9893  0.9133 30.6500
  5.6418  0.2198  0.9880  2.0750  1.0801
  5.0919  1.7504  0.9968  0.8262 13.3495
  4.9365  4.4669  0.9828  0.8922 41.6902
  5.7056  3.0836  0.9950  2.0204 26.7390
  4.5536  1.9276  0.9689  1.5600 15.0440
  4.9918  0.9041  0.9696  2.9638  5.8542
  5.6681  3.3619  0.9923  1.0731 29.6798
  5.4533  1.9838  0.9869  0.8294 15.5876
  4.8026  2.8735  0.9962  1.7947 24.5461
  6.0326  3.7716  0.9748  2.2167 34.0747
  4.4053  2.0186  0.9810  2.2676 15.9265
  4.9511  2.8052  0.9956  1.0730 23.8388
  6.1368  3.8225  0.9851  1.3186 34.6262
  5.4068  3.7256  0.9889  1.5469 33.5777
  3.7784  1.7516  0.9827  0.8748 13.3602
  5.6061  2.8161  0.9718  1.3714 23.9512
  5.1426  2.0681  0.9734  2.3943 16.4100
  5.6957  4.3064  0.9737  1.3384 39.9161
  5.4032  3.7669  0.9832  1.3824 34.0243
  4.5402  1.3073  0.9821  1.3812  9.2792
  4.8073  2.5943  0.9840  1.4817 21.6730
  6.6878  3.3658  0.6058  2.7440 29.7210
  5.1217  4.0031  0.9825  1.5153 36.5901
  4.8144  1.5098  0.9947  1.6414 11.1064
  5.8275  1.7605  0.9710  0.6218 13.4447
  5.4409  1.3758  0.9774  1.5935  9.8903
  5.1392  2.6562  0.9963  1.6490 22.3061
  3.8861  1.7097  0.9970  0.4219 12.9646
  4.8961  4.0879  0.9869  2.9133 37.5172
  5.3230  2.0866  0.9812  1.0436 16.5910
  4.7553  3.0911  0.9810  0.4564 26.8174
  5.9714  3.3967  0.9669  1.1130 30.0502
  5.0269  1.3746  0.9723  1.9203  9.8798
  4.4001  0.4995  0.9942  1.4701  2.8212
  4.5519  2.0972  0.9807  1.7186 16.6949
  5.7994  2.7573  0.9920  1.5105 23.3450
  3.8575  3.9085  0.9814  2.0350 35.5601
  5.4870  2.2068  0.9769  1.8135 17.7751
  5.1426  0.4163  0.9937  0.7903  2.2667
  4.6185  3.4985  0.9735  1.8192 31.1368
  5.4678  1.4655  0.9821  1.2416 10.7015
  4.6542  3.2900  0.9837  1.7748 28.9155
  4.9252  3.8268  0.9774  2.7275 34.6734
  5.4760  3.1289  0.9838  0.9898 27.2150
  4.2020  1.8162  0.9721  1.5151 13.9749
  3.8507  3.4707  0.9944  1.0827 30.8390
  5.1158  1.6635  0.9797  0.6600 12.5310
  4.0700  4.3589  0.9776  0.4326 40.4955
  5.4994  2.9069  0.9943  2.6824 24.8934
  5.2226  1.8070  0.9913  0.7909 13.8869
  4.5645  4.3495  0.9886  0.6640 40.3925
  4.3579  3.7459  0.9838  1.1769 33.7975
  3.8489  3.5557  0.9867  0.6539 31.7494
  5.6471  1.9493  0.9853  1.3911 15.2532
  3.7910  1.6494  0.9926  0.8760 12.3995
  3.5456  3.8495  0.9797  0.4628 34.9188
  6.2775  1.8137  0.9868  1.6362 13.9507
  4.8283  1.5974  0.9682  1.3924 11.9151
  5.1315  2.8232  0.9878  0.7972 24.0254
  5.2632  4.1087  0.9788  0.2591 37.7447
  5.3385  4.1062  0.9736  1.6344 37.7174
  3.8216  4.4737  0.9825  2.5850 41.7650
  4.8376  1.4056  0.9927  2.5711 10.1586
  5.2417  2.9249  0.9848  2.1519 25.0801
  4.1331  3.2962  0.9926  2.5274 28.9815
  4.5631  1.9262  0.9979  2.5865 15.0303
  6.5139  2.8588  0.8042  1.9925 24.3941
  5.2896  3.5324  0.9728  1.0575 31.4998
  4.7583  2.1879  0.9692  1.3516 17.5885
  4.8503  2.0633  0.9917  0.5622 16.3620
  3.5709  0.9261  0.9859  0.4643  6.0326
  5.4547  1.3352  0.9899  0.6575  9.5275
  5.3473  1.1749  0.9702  1.0891  8.1197
  4.3443  1.1839  0.9897  1.4281  8.1978
  4.6629  3.5812  0.9911  0.4502 32.0235
  5.6445  2.3862  0.9711  1.9080 19.5660
  4.4205  3.7574  0.9749  1.0252 33.9221
  5.3894  3.4197  0.9920  1.8911 30.2951
  4.9503  4.3065  0.9738  1.2114 39.9173
  4.4269  3.6307  0.9948  0.7997 32.5545
  5.3608  1.2110  0.9885  2.0584  8.4333
  4.4835  3.1843  0.9948  1.4407 27.7978
  5.2243  0.8300  0.9887  2.3980  5.2632
  5.0253  1.4946  0.9857  0.3820 10.9672
  3.8969  3.8203  0.9870  1.4081 34.6028
  5.2337  4.0177  0.9738  0.5388 36.7493
  4.9357  1.7620  0.9694  2.2215 13.4595
  4.9968  2.5964  0.9606  2.2278 21.6952
  4.4254  2.3975  0.9758  0.3287 19.6793
  6.3034  3.9080  0.9855  1.7372 35.5548
  5.8285  3.7275  0.9752  1.8046 33.5989
  4.1589  4.2799  0.9913  2.0929 39.6244
  5.3579  1.7586  0.9682  1.3230 13.4266
  4.7875  3.2889  0.9683  1.9798 28.9038
  5.3032  3.0929  0.9832  1.3897 26.8360
  5.4730  3.2215  0.9784  1.1370 28.1907
  6.3435  4.4617  0.9696  0.3762 41.6324
  4.7321  1.9780  0.9919  0.8743 15.5309
  4.5822  3.6168  0.9671  2.4331 32.4054
  6.4570  2.2201  0.9869  0.9899 17.9073
  4.0032  3.6412  0.9786  1.8321 32.6682
  3.9088  2.1192  0.9692  0.8560 16.9105
  5.5272  1.9692  0.9821  1.7528 15.4464
  5.0587  2.4927  0.9849  0.8975 20.6407
  6.4992  3.2267  0.9969  1.3709 28.2456
  5.7462  2.9113  0.9979  0.6693 24.9389
  5.3744  3.4921  0.9949  0.7396 31.0686
  5.8743  1.5797  0.9820  2.5875 11.7509
  5.9976  4.3851  0.9955  2.2619 40.7856
  4.1663  4.3090  0.9696  0.4690 39.9449
  5.8453  0.4715  0.9882  0.7172  2.6315
  5.4496  3.7578  0.9822  1.2162 33.9262
  4.4857  1.2746  0.9881  1.7758  8.9901
  5.4507  0.9496  0.9925  0.2485  6.2241
  5.2264  3.3323  0.9903  1.5141 29.3647
  5.4215  3.1038  0.9945  0.4735 26.9504
  4.5774  2.7690  0.9968  0.6890 23.4648
  6.5956  2.1503  0.7243  2.1015 17.2171
  4.7610  4.1716  0.9726  1.0912 38.4345
  5.3825  3.3580  0.9805  2.0055 29.6378
  5.1951  1.3867  0.9768  1.8821  9.9887
  5.5083  1.4226  0.9735  1.5233 10.3120
  4.7369  0.5502  0.9876  0.8458  3.1722
  5.5509  2.9275  0.9777  0.3366 25.1069
  4.8561  1.1386  0.9765  2.3788  7.8080
  5.2441  0.8728  0.9713  1.2899  5.6025
  5.4633  4.0999  0.9946  1.2544 37.6481
  5.5206  4.4228  0.9938  0.8153 41.2021
  5.2191  1.2081  0.9839  0.6383  8.4080
  5.0024  2.4812  0.9699  1.4900 20.5241
  5.4964  0.5559  0.9811  2.1993  3.2121
  4.5785  2.9461  0.9750  1.8239 25.3013
  4.3779  4.2111  0.9980  2.7800 38.8682
  5.2707  4.3197  0.9846  1.6636 40.0637
  4.3558  2.7728  0.9815  2.6739 23.5042
  5.3668  2.9894  0.9901  1.4686 25.7523
  5.1543  3.1513  0.9792  0.7391 27.4501
  5.1891  1.7340  0.9820  0.2749 13.1946
  4.9717  0.8951  0.9980  0.6150  5.7813
  5.9427  1.6478  0.9935  1.2964 12.3842
  5.8705  1.3917  0.9758  1.3064 10.0339
  5.7860  2.2951  0.9884  1.3247 18.6534
  5.8313  1.8691  0.9933  1.9236 14.4804
  5.1490  2.9447  0.9809  0.6372 25.2868
  4.8383  1.5873  0.9838  1.6694 11.8212
  5.5081  3.9395  0.9956  1.9872 35.8977
  4.7456  3.2593  0.9731  1.9472 28.5902
  4.8108  1.2146  0.9901  0.9910  8.4644
  5.4621  2.7469  0.9851  1.1773 23.2376
  5.2868  2.9950  0.9740  1.6254 25.8106
  4.4872  3.6456  0.9874  0.7038 32.7155
  4.8819  2.7100  0.9932  1.4429 22.8578
  5.1107  1.9447  0.9776  2.0743 15.2091
  5.1973  3.7290  0.9844  1.3295 33.6142
  5.1031  1.3238  0.9671  0.2903  9.4261
  5.4016  1.0741  0.9854  2.4726  7.2592
  5.1978  0.6789  0.9807  0.8389  4.1035
  4.6258  1.8377  0.9980  0.4644 14.1794
  3.9506  4.0554  0.9821  0.5388 37.1616
  6.1816  2.8158  0.9951  1.5323 23.9481
  5.2497  4.1042  0.9751  1.0109 37.6952
  5.7165  2.2298  0.9930  1.1949 18.0039
  5.5814  3.2245  0.9974  2.7583 28.2221
  5.1926  2.8394  0.9959  1.8123 24.1922
  5.0574  1.1434  0.9852  2.3356  7.8487
  6.2698  1.4042  0.9762  1.5003 10.1457
  3.5691  1.1024  0.9979  0.6838  7.4990
  6.3158  3.3064  0.9839  0.3927 29.0902
  4.2325  1.0933  0.9975  1.8312  7.4215
  5.0684  2.8850  0.9669  1.3255 24.6652
  5.3965  1.3342  0.9927  0.4171  9.5185
  3.8013  2.7594  0.9866  1.8901 23.3662
  5.4169  3.8568  0.9782  0.8158 34.9981
  5.0366  4.2124  0.9741  1.8252 38.8821
  4.9116  0.8386  0.9717  1.6490  5.3309
  4.0630  2.4560  0.9789  1.9024 20.2692
  4.3519  4.1657  0.9689  2.5656 38.3695
  5.1499  0.1984  0.9935  1.7730  0.9626
  6.1461  3.7544  0.9971  1.6802 33.8890
  4.5097  4.3766  0.9911  1.8992 40.6910
  4.0350  4.2840  0.9906  1.0708 39.6700
  4.9744  4.0117  0.9831  0.5811 36.6842
  5.1557  0.6724  0.9674  0.5302  4.0554
  5.4352  3.8048  0.9783  1.1036 34.4344
  5.0683  2.5986  0.9808  1.5164 21.7170
  4.8643  4.0463  0.9751  2.7380 37.0617
  5.4323  2.8753  0.9980  1.5925 24.5647
  5.4405  0.9772  0.9943  2.1284  6.4503
  5.1605  3.0082  0.9761  1.2104 25.9494
  4.8072  1.6350  0.9878  2.5794 12.2643
  5.5839  3.7061  0.9680  1.5819 33.3670
  5.0200  1.6940  0.9858  1.9283 12.8170
  5.4089  3.9906  0.9892  1.1917 36.4543
  5.5356  0.5739  0.9804  2.3750  3.3393
  5.6126  2.5574  0.9881  1.5626 21.2977
  5.1056  1.2969  0.9883  1.6216  9.1876
  5.6568  3.1427  0.9980  1.9884 27.3595
  4.5618  3.5479  0.9845  2.2981 31.6656
  4.8111  1.1792  0.9884  1.6405  8.1572
  4.5437  1.9967  0.9860  1.5107 15.7131
  5.4380  0.7934  0.9859  0.8146  4.9761
  5.4097  3.6196  0.9833  0.4966 32.4360
  4.7213  3.3638  0.9849  1.6431 29.6993
  6.0708  2.2797  0.9339  2.2497 18.4999
  4.1360  3.6468  0.9917  0.1208 32.7288
  5.1840  2.7176  0.9779  0.7256 22.9360
  5.4001  2.6904  0.9840  1.8230 22.6570
  5.1743  3.9941  0.9934  3.0049 36.4923
  4.0966  2.7427  0.9857  3.0692 23.1937
  4.3811  1.7453  0.9885  0.0279 13.3014
  5.2315  1.1215  0.9781  0.5477  7.6611
  5.5324  3.6467  0.9936  2.2081 32.7268
  5.7462  3.3131  0.9703  2.2727 29.1604
  4.7554  2.4472  0.9917  1.0759 20.1807
  5.3670  3.3422  0.9768  1.9130 29.4703
  5.0052  3.7356  0.9850  1.3151 33.6861
  4.8916  3.9627  0.9804  0.7551 36.1495
  5.2350  3.5984  0.9968  1.2711 32.2074
  4.9218  3.4756  0.9676  0.1363 30.8913
  4.7149  1.0142  0.9980  0.5886  6.7567
  5.9364  1.7712  0.9889  0.8261 13.5460
  4.7675  1.8013  0.9898  1.8378 13.8328
  5.4768  2.3685  0.9885  0.8763 19.3880
  4.8455  3.5241  0.9895  2.6994 31.4103
  4.6468  3.6976  0.9828  1.4788 33.2759
  4.2605  2.2630  0.9807  0.3948 18.3332
  5.1066  2.5703  0.9696  0.2701 21.4282
  5.1471  1.9832  0.9854  1.4166 15.5818
  4.9914  4.3376  0.9980  1.3676 40.2608
  5.6710  1.6140  0.9932  0.5186 12.0693
  5.0663  1.4893  0.9723  0.7118 10.9192
  4.3547  2.0222  0.9875  2.8513 15.9616
  4.7000  1.2229  0.9980  2.0987  8.5370
  5.4591  4.0372  0.9784  0.9507 36.9630
  5.3048  3.0471  0.9831  2.7854 26.3560
  5.7264  1.7750  0.9980  1.1971 13.5825
  4.6019  1.9436  0.9705  2.4564 15.1978
  6.0585  2.5094  0.9939  0.7628 20.8100
  3.7332  4.0087  0.9980  1.6201 36.6512
  4.9114  0.7460  0.9980  1.5650  4.6102
  4.9916  1.4991  0.9962  2.4562 11.0081
  4.7672  3.4883  0.9902  1.5406 31.0271
  4.0609  2.1602  0.9832  0.7742 17.3151
  5.1273  0.7550  0.9884  2.8134  4.6792
  4.5825  2.6457  0.9800  0.5434 22.1985
  3.6203  1.3002  0.9911  0.9495  9.2165
  4.4004  3.1398  0.9980  1.8854 27.3298
  5.2233  2.9720  0.9719  2.4681 25.5714
  4.6561  3.8017  0.9681  0.5507 34.4014
  3.8809  0.8558  0.9731  1.1315  5.4674
  5.3119  1.0635  0.9747  0.2982  7.1697
  4.3739  3.1836  0.9708  1.7004 27.7911
  4.8179  3.2027  0.9831  1.8410 27.9925
  5.3073  1.3574  0.9750  1.3210  9.7257
  3.9097  2.5202  0.9866  0.3224 20.9195
  5.1503  3.7373  0.9733  0.9430 33.7045
  4.8861  3.2017  0.9862  2.6653 27.9820
  4.7244  3.6619  0.9969  2.3109 32.8913
  5.2988  2.3650  0.9929  0.4825 19.3531
  5.1771  4.4364  0.9815  0.6776 41.3523
  5.4623  3.2933  0.9969  1.7079 28.9507
  4.0725  1.6852  0.9886  1.7344 12.7348
  6.0500  4.3295  0.9735  0.5018 40.1713
  5.2981  3.0875  0.9927  0.8024 26.7792
  5.2229  1.9978  0.9905  0.7145 15.7235
  5.1497  0.9952  0.9906  1.0725  6.5994
  5.2365  3.3811  0.9688  2.1994 29.8835
  4.7726  1.6662  0.9965  0.4240 12.5567
  5.2299  0.8547  0.9205  1.8832  5.4581
  5.0507  2.4212  0.9784  0.1106 19.9178
  5.1461  3.8463  0.9894  0.4647 34.8842
  5.1330  0.7045  0.9898  0.9735  4.2953
  5.2809  3.7572  0.9945  1.7550 33.9198
  5.2252  3.3500  0.9685  1.3546 29.5532
  4.8555  1.8680  0.9875  1.8524 14.4703
  6.5066  2.7652  0.9115  0.6081 23.4265
  5.3865  1.1548  0.9701  2.8134  7.9470
  5.3615  4.2560  0.9914  0.8915 39.3618
  5.2995  1.2559  0.9688  2.4506  8.8258
  5.8236  3.6986  0.9950  2.1899 33.2863
  4.4321  1.8346  0.9746  2.7148 14.1498
  5.4449  1.9287  0.9980  1.4229 15.0540
  5.0882  3.3784  0.9792  0.8843 29.8548
  5.6382  1.5474  0.9901  0.6908 11.4521
  5.9744  2.9216  0.9811  1.9075 25.0457
  6.2098  2.6484  0.9885  0.9172 22.2262
  5.0904  4.2127  0.9724  2.3806 38.8852
  6.2069  2.1638  0.9831  1.6716 17.3497
  5.0160  1.9464  0.9921  1.2839 15.2256
  5.3646  3.0822  0.9701  0.7528 26.7235
  5.2411  1.8635  0.9851  0.2319 14.4268
  5.3365  2.0282  0.9935  2.2517 16.0198
  3.8213  4.4258  0.9881  1.3974 41.2351
  5.4045  2.7502  0.9885  1.4770 23.2710
  4.8851  1.3151  0.9875  1.6357  9.3489
  5.7229  3.5081  0.9820  2.1040 31.2393
  4.7356  2.6950  0.9819  0.4955 22.7042
  4.7888  3.2665  0.9860  1.1502 28.6673
  5.1886  4.1280  0.9792  2.3459 37.9565
  5.2334  1.0177  0.9671  2.2312  6.7860
  5.1521  1.5877  0.9964  0.3760 11.8248
  5.5184  1.7592  0.9728  1.1354 13.4323
  4.2172  1.7255  0.9980  0.9594 13.1137
  5.7909  2.1813  0.9939  0.4925 17.5232
  5.2371  2.6978  0.9733  1.4975 22.7321
  5.5425  1.2368  0.9863  2.2934  8.6580
  3.9662  3.6600  0.9735  2.5336 32.8710
  5.8814  0.9733  0.9958  1.8357  6.4182
  4.0812  1.3528  0.9698  0.8729  9.6843
  5.0931  3.3632  0.9980  2.6804 29.6932
  5.3044  3.8991  0.9970  0.6584 35.4582
  5.7079  3.4002  0.9898  0.9999 30.0867
  5.1912  2.6714  0.9955  0.9011 22.4617
  6.5655  2.5130  0.8142  1.8787 20.8465
  5.4424  3.6389  0.9965  0.6835 32.6432
  4.9635  2.0557  0.9781  2.2321 16.2883
  5.2019  2.9047  0.9721  0.7044 24.8702
  5.1750  2.3416  0.9980  1.5350 19.1184
  3.6564  2.1990  0.9835  2.0001 17.6978
  5.7326  3.6451  0.9820  1.3029 32.7102
  4.6972  2.3370  0.9846  1.6360 19.0726
  5.5499  1.1433  0.9977  1.9057  7.8481
  4.2197  2.1108  0.9754  1.6954 16.8282
  5.2911  2.2920  0.9972  2.2260 18.6226
  5.9521  1.1097  0.9831  2.3585  7.5612
  3.6405  2.2696  0.9926  1.9711 18.3995
  5.4597  3.1759  0.9667  1.9374 27.7092
  4.0992  2.5453  0.9947  0.3155 21.1745
  3.5349  1.3180  0.9958  1.7620  9.3743
  5.1869  1.7666  0.9747  1.7523 13.5026
  5.3411  3.0228  0.9748  2.5325 26.1019
  4.4856  2.0692  0.9812  1.8996 16.4205
  5.6930  1.9061  0.9710  0.6905 14.8360
  5.1939  1.9418  0.9979  2.6130 15.1804
  5.4464  1.2830  0.9672  1.3149  9.0648
  5.4875  4.0945  0.9903  2.1637 37.5891
  5.4916  2.0755  0.9727  2.4233 16.4823
  5.6319  0.7353  0.9980  0.7718  4.5289
  4.9529  3.6746  0.9819  1.6697 33.0280
  5.0352  3.0834  0.9967  0.3659 26.7370
  5.1728  3.2553  0.9843  2.1300 28.5484
  4.4133  3.3940  0.9822  1.7880 30.0214
  4.9007  4.0884  0.9767  2.2752 37.5221
  5.6638  1.7288  0.9752  1.4481 13.1448
  4.5046  3.3092  0.9793  1.1997 29.1198
  4.9763  1.0080  0.9817  1.5252  6.7055
  5.2400  1.5525  0.9970  0.8784 11.4989
  4.7177  2.6068  0.9921  0.8654 21.8011
  5.4189  3.3399  0.9789  1.5251 29.4456
  5.4703  0.3488  0.9824  0.6204  1.8384
  4.8346  4.2150  0.9932  1.8601 38.9109
  3.5766  1.7152  0.9829  1.6556 13.0172
  4.4833  1.6611  0.9849  0.9346 12.5084
  4.8663  2.1051  0.9843  1.1637 16.7719
  5.2110  1.5378  0.9828  0.6643 11.3634
  4.0805  2.0751  0.9754  2.6775 16.4777
  5.2691  1.3359  0.9686  1.2378  9.5333
  5.4671  1.7909  0.9752  0.6212 13.7339
  4.5575  3.5808  0.9881  0.8479 32.0190
  5.0281  3.4316  0.9701  1.0336 30.4220
  5.0163  4.0216  0.9980  0.7382 36.7923
  5.4412  3.7464  0.9751  1.2197 33.8022
  5.9259  2.6120  0.9859  0.2132 21.8544
  5.8030  4.0471  0.9790  2.0636 37.0709
  5.1312  2.2212  0.9800  1.1417 17.9180
  5.7914  0.8809  0.9699  2.2462  5.6678
  6.1093  3.8763  0.9934  1.7184 35.2101
  5.5978  1.0209  0.9785  1.4518  6.8120
  5.4182  2.9426  0.9912  0.9447 25.2643
  5.5432  1.5916  0.9718  1.4556 11.8612
  5.9696  2.7158  0.9809  1.2825 22.9178
  4.5503  2.1788  0.9946  2.0410 17.4984
  4.7652  1.8781  0.9784  2.4360 14.5670
  4.6432  1.0469  0.9722  0.9551  7.0302
  5.5570  1.7132  0.9696  2.6613 12.9982
  3.8566  1.1459  0.9809  1.3662  7.8705
  4.3538  1.5208  0.9763  0.4657 11.2073
  3.6474  2.1286  0.9980  0.5316 17.0028
  4.3016  1.3734  0.9886  2.8796  9.8687
  5.6064  3.2812  0.9808  1.6270 28.8223
  5.0937  1.6362  0.9980  0.8532 12.2762
  4.9400  4.3187  0.9736  1.1764 40.0518
  4.0224  2.4178  0.9918  2.2129 19.8844
  5.2683  2.0392  0.9897  1.6513 16.1274
  5.0530  1.2047  0.9864  0.8413  8.3784
  4.6871  2.0942  0.9980  0.4464 16.6652
  6.2690  3.2417  0.9737  1.0806 28.4043
  5.6698  3.2486  0.9901  1.2353 28.4774
  4.8704  3.0897  0.9678  0.8049 26.8023
  4.8974  4.2055  0.9863  2.5211 38.8065
  4.4533  1.1736  0.9678  1.8847  8.1089
  5.1833  2.4152  0.9879  1.7860 19.8579
  5.1882  2.0241  0.9725  0.8115 15.9794
  5.5678  3.4431  0.9915  2.1362 30.5443
  4.4932  0.6630  0.9906  1.3913  3.9855
  4.9856  4.0037  0.9791  0.8448 36.5973
  4.4659  2.4548  0.9976  2.2020 20.2578
  5.2503  2.3582  0.9952  2.0964 19.2846
  4.5105  1.2991  0.9822  2.1717  9.2068
  5.3613  1.4726  0.9862  2.0219 10.7660
  4.4240  2.5605  0.9954  1.9915 21.3291
  4.1333  2.7093  0.9971  2.4410 22.8505
  3.7323  1.1786  0.9836  1.6508  8.1521
  5.2880  1.8224  0.9895  1.1278 14.0333
  5.0028  1.5326  0.9838  1.7754 11.3156
  6.0692  2.6015  0.9745  0.5323 21.7470
  5.2934  1.6952  0.9849  0.5822 12.8284
  4.4010  1.2039  0.9884  1.9691  8.3711
  5.7765  3.4540  0.9684  0.9947 30.6611
  5.8702  4.3318  0.9788  2.3308 40.1965
  4.2832  2.2245  0.9758  1.3077 17.9507
  6.1724  1.8932  0.9980  1.1060 14.7122
  5.1801  1.9976  0.9910  0.8042 15.7220
  4.4789  0.6168  0.9831  2.5682  3.6468
  4.9946  3.4923  0.9686  0.5536 31.0707
  4.8676  3.1699  0.9783  1.6819 27.6467
  5.1906  1.9616  0.9667  2.9696 15.3728
  5.2597  4.1983  0.9728  0.2159 38.7273
  4.2152  4.0881  0.9740  1.4769 37.5192
  5.4487  1.8628  0.9980  1.9568 14.4199
  5.1421  3.0420  0.9980  1.5121 26.3028
  4.7891  2.8274  0.9697  1.2627 24.0686
  5.2178  2.9890  0.9785  2.0449 25.7487
  5.6630  2.5820  0.9861  1.5159 21.5483
  5.9300  1.3433  0.9746  0.1790  9.5998
  5.7713  1.2752  0.9711  1.4068  8.9954
  4.4471  4.4926  0.9756  1.7632 41.9750
  5.0313  2.6356  0.9946  2.2733 22.0947
  5.6487  1.8831  0.9805  1.1404 14.6153
  4.5638  3.1593  0.9861  1.0922 27.5350
  4.5545  3.8234  0.9794  1.4874 34.6364
  6.0888  2.0532  0.9800  1.0028 16.2639
  5.6162  3.7993  0.9801  1.3306 34.3752
  5.1939  2.7465  0.9849  0.5944 23.2338
  4.4928  2.5000  0.9813  0.1702 20.7148
  4.8689  2.1125  0.9799  1.6741 16.8449
  5.4269  2.1541  0.9714  1.5658 17.2540
  5.1934  4.1531  0.9684  0.4397 38.2318
  4.9561  2.9722  0.9940  0.5294 25.5734
  4.7243  1.7026  0.9980  1.6250 12.8984
  5.0497  3.9787  0.9980  1.7412 36.3247
  5.8191  2.9428  0.9955  2.9144 25.2663
  4.6966  1.1436  0.9754  1.3916  7.8510
  3.6148  2.4673  0.9860  1.6237 20.3831
  5.4603  2.3483  0.9980  1.0262 19.1855
  5.5081  1.0515  0.9891  0.6140  7.0689
  5.0587  2.5066  0.9942  2.9852 20.7814
  4.7515  2.0808  0.9711  1.7085 16.5338
  4.4213  3.9439  0.9693  1.2848 35.9454
  4.0606  4.2935  0.9960  1.8938 39.7749
  5.7603  3.9112  0.9767  2.7114 35.5897
  5.6902  4.0725  0.9703  1.2437 37.3482
  5.4945  2.4340  0.9833  0.6570 20.0471
  6.5633  3.6579  0.7670  2.2824 32.8484
  5.6242  2.0355  0.9767  0.3529 16.0905
  5.8992  3.1101  0.9874  0.6448 27.0168
  5.5616  2.9512  0.9795  1.5191 25.3546
  4.9012  3.4518  0.9887  0.6975 30.6375
  5.4406  2.0313  0.9899  1.0659 16.0499
  4.6359  3.9868  0.9671  1.0553 36.4126
  5.3049  2.8053  0.9892  1.3836 23.8397
  5.0538  0.5330  0.9672  2.1464  3.0515
  5.6695  0.9974  0.9980  2.4284  6.6170
  4.3788  1.9361  0.9962  2.0770 15.1260
  5.2761  2.2983  0.9749  2.2651 18.6859
  5.6352  2.5882  0.9908  1.6193 21.6114
  5.3026  1.6709  0.9928  1.9478 12.6004
  4.4990  1.5550  0.9822  0.4227 11.5222
  5.1300  2.0027  0.9853  1.4133 15.7714
  5.3737  2.1273  0.9758  0.1458 16.9907
  4.6777  3.1220  0.9840  0.4236 27.1417
  5.8408  4.4217  0.9885  1.8584 41.1895
  4.7334  0.1585  0.9943  1.0616  0.7501
  5.2941  2.2588  0.9797  0.8284 18.2922
  5.0724  2.8923  0.9830  0.7792 24.7411
