  3.5774  3.7636  0.9980  0.4006 33.9889
  5.2749  2.1266  0.9756  2.4102 16.9839
  4.2278  2.9861  0.9727  2.3469 25.7184
  5.0921  1.4637  0.9793  1.4528 10.6856
  5.0529  4.1064  0.9804  0.1194 37.7192
  5.0095  2.3491  0.9804  0.2046 19.1934
  4.9426  1.4771  0.9921  1.2351 10.8077
  4.8381  3.0765  0.9963  1.8673 26.6641
  3.9622  2.1679  0.9814  1.4436 17.3904
  5.0280  3.1300  0.9977  1.3528 27.2266
  5.0868  1.8322  0.9693  0.8974 14.1274
  5.3132  1.3791  0.9803  2.7484  9.9199
  5.0343  1.4627  0.9970  0.2865 10.6760
  4.9628  1.1778  0.9922  1.9688  8.1452
  6.0206  2.1314  0.9771  0.2394 17.0305
  4.0418  4.3490  0.9764  0.6184 40.3867
  5.2938  2.1625  0.9698  2.4896 17.3375
  4.8935  3.7979  0.9819  2.4304 34.3597
  5.2700  1.8276  0.9945  2.5147 14.0835
  5.2297  1.4642  0.9835  2.2650 10.6896
  4.3565  3.6892  0.9724  1.4354 33.1849
  5.2872  1.6376  0.9681  0.5199 12.2885
  4.7551  1.3306  0.9680  1.4681  9.4869
  4.2726  3.4581  0.9708  0.8722 30.7045
  4.3328  3.4913  0.9977  2.0961 31.0593
  4.7950  3.8355  0.9816  2.1320 34.7673
  5.0661  2.6191  0.9767  1.5569 21.9267
  6.2756  3.0365  0.9766  2.0427 26.2450
  5.3833  4.1902  0.9939  1.6943 38.6387
  4.7692  2.7602  0.9921  0.6980 23.3748
  3.6772  2.0440  0.9747  1.6096 16.1740
  5.1941  3.3739  0.9753  0.8636 29.8068
  4.4724  1.3149  0.9682  2.5468  9.3472
  5.3699  1.4671  0.9929  1.2420 10.7166
  6.2203  0.9483  0.9782  1.3184  6.2130
  5.2158  0.4940  0.9898  0.5531  2.7835
  5.0132  3.3943  0.9980  0.3015 30.0241
  5.3926  1.1459  0.9849  0.7386  7.8702
  6.1791  1.4759  0.9766  1.5147 10.7962
  4.2835  4.3425  0.9793  1.3546 40.3144
  4.5834  3.9337  0.9943  2.3351 35.8343
  4.5537  2.6506  0.9848  1.5866 22.2487
  5.1686  2.2372  0.9961  1.6131 18.0770
  5.0206  2.3789  0.9880  0.7321 19.4923
  6.3651  2.8740  0.9740  1.9150 24.5515
  3.6161  4.3324  0.9980  1.8031 40.2038
  4.2440  3.0293  0.9913  0.8734 26.1697
  6.0235  3.1732  0.9908  1.1449 27.6810
  5.0204  3.9919  0.9711  0.4997 36.4688
  4.9222  3.3835  0.9848  1.1391 29.9097
  4.4460  3.0999  0.9980  0.5722 26.9102
  4.2902  1.4113  0.9809  1.8945 10.2104
  5.1205  3.8046  0.9910  1.3907 34.4326
  4.7359  1.3581  0.9902  2.6965  9.7320
  5.0504  3.9611  0.9701  0.3161 36.1322
  4.9866  2.4020  0.9829  2.5458 19.7249
  5.3876  3.9052  0.9720  1.4098 35.5244
  5.2959  2.7935  0.9768  1.1440 23.7183
  5.3297  3.4860  0.9896  0.4355 31.0034
  4.6669  0.9841  0.9877  2.2491  6.5069
  5.0392  3.0989  0.9715  2.1216 26.8991
  5.8865  4.0698  0.9747  1.5587 37.3189
  5.2864  1.7991  0.9963  1.2464 13.8113
  4.9381  3.0928  0.9833  1.7001 26.8348
  5.0032  0.7685  0.9980  1.3124  4.7833
  5.2838  3.6800  0.9868  1.8571 33.0855
  5.3151  2.8822  0.9786  0.7302 24.6362
  4.4574  2.2953  0.9876  1.0982 18.6557
  5.2537  1.1598  0.9680  0.7063  7.9903
  4.9679  2.8391  0.9763  0.3923 24.1894
  5.0505  2.2976  0.9964  1.0195 18.6784
  4.1014  2.5664  0.9668  1.3358 21.3890
  5.1932  4.2073  0.9678  0.4746 38.8266
  4.6741  3.2660  0.9713  0.3678 28.6614
  4.6063  1.4758  0.9953  1.3974 10.7957
  5.2085  4.1620  0.9768  2.8587 38.3284
  5.2547  1.9841  0.9971  0.8581 15.5902
  6.0691  3.9544  0.9667  1.4748 36.0600
  6.3590  4.2724  0.9708  1.2379 39.5420
  5.1105  2.0713  0.9873  0.3030 16.4412
  5.4938  3.8815  0.9711  1.1885 35.2662
  4.5263  2.6714  0.9931  1.3520 22.4614
  5.3848  1.8858  0.9904  0.4317 14.6411
  6.0075  3.0334  0.9736  2.0020 26.2121
  4.7032  1.2510  0.9980  0.6921  8.7825
  4.7649  2.2843  0.9690  1.8167 18.5458
  4.5558  2.0599  0.9763  0.7973 16.3293
  5.0174  1.4524  0.9906  2.0752 10.5827
  4.1504  3.6652  0.9864  2.4669 32.9265
  5.3298  0.5393  0.9893  2.2228  3.0958
  4.6434  2.7253  0.9764  2.2443 23.0150
  5.4389  4.3192  0.9980  1.4904 40.0582
  5.4946  2.5683  0.9757  1.2998 21.4086
  5.5295  3.9172  0.9707  2.3238 35.6550
  3.9570  1.9581  0.9708  1.5707 15.3387
  5.9453  2.8889  0.9951  1.0557 24.7064
  6.5009  2.2454  0.8259  1.5639 18.1585
  5.3374  3.6030  0.9677  2.1147 32.2569
  6.6671  3.1636  0.5961  1.1294 27.5795
  4.5219  3.1408  0.9929  2.0118 27.3394
  5.1640  2.3535  0.9821  1.9696 19.2377
  4.4878  2.8752  0.9968  0.4831 24.5642
  5.0520  3.5558  0.9773  1.6170 31.7502
  4.7924  2.9918  0.9679  0.8450 25.7773
  4.8315  2.5003  0.9951  1.1651 20.7174
  4.1905  2.6495  0.9791  0.5491 22.2369
  5.0627  2.3178  0.9881  1.0329 18.8807
  4.4054  3.3320  0.9828  1.4266 29.3620
  5.4742  1.9980  0.9838  0.4054 15.7253
  4.9208  2.1090  0.9924  0.2189 16.8108
  5.2584  1.6264  0.9811  1.2172 12.1840
  5.1363  3.8594  0.9703  1.1531 35.0266
  5.5853  2.1258  0.9910  2.2975 16.9754
  4.6985  1.3714  0.9980  1.8283  9.8511
  4.8107  1.6083  0.9743  0.3300 12.0155
  5.3838  4.3442  0.9952  1.1872 40.3339
  4.6832  2.3841  0.9980  1.3671 19.5450
  4.3167  1.2942  0.9841  0.7723  9.1637
  6.2677  3.2833  0.9676  1.4825 28.8444
  4.5634  2.0898  0.9932  2.9501 16.6223
  4.2726  3.7393  0.9980  0.5622 33.7265
  6.1357  3.0935  0.9942  1.5260 26.8428
  5.4994  3.7222  0.9827  1.3610 33.5416
  4.9147  3.1509  0.9681  1.1158 27.4461
  6.4137  3.4075  0.9494  1.3813 30.1651
  5.5270  4.4428  0.9798  1.6811 41.4233
  4.9852  0.4732  0.9782  1.1014  2.6427
  4.4068  0.7347  0.9737  1.2100  4.5238
  6.0472  4.1900  0.9855  0.9344 38.6362
  5.1164  1.3201  0.9747  1.2812  9.3929
  5.5873  1.9370  0.9772  2.4000 15.1344
  4.8779  2.2614  0.9717  2.0246 18.3179
  4.9514  1.4761  0.9737  1.2160 10.7979
  5.0239  2.2664  0.9668  1.6504 18.3672
  5.2003  1.1383  0.9918  1.0339  7.8051
  5.5607  3.2418  0.9741  1.7584 28.4060
  5.4078  2.8826  0.9697  0.7075 24.6408
  3.5671  0.9998  0.9807  0.9774  6.6369
  5.4840  3.3900  0.9913  2.1430 29.9785
  4.7405  4.0540  0.9716  1.2589 37.1460
  5.2862  3.0159  0.9808  0.6689 26.0292
  6.2620  3.5729  0.9980  0.9414 31.9335
  5.1291  2.5408  0.9766  1.7572 21.1290
  4.9328  2.0207  0.9898  0.6129 15.9465
  5.3660  3.8701  0.9913  1.8144 35.1430
  4.9461  2.6263  0.9947  1.6517 21.9997
  4.8011  3.1207  0.9910  1.8586 27.1285
  5.1441  1.3071  0.9870  1.8331  9.2781
  5.1477  1.4237  0.9870  0.7832 10.3226
  5.3126  3.9636  0.9905  2.4013 36.1593
  5.6282  2.6073  0.9866  0.7839 21.8061
  5.1699  2.2825  0.9699  1.7337 18.5284
  5.8059  2.6067  0.9944  1.5487 21.7996
  5.4778  3.4974  0.9817  0.4196 31.1248
  4.7063  2.2849  0.9687  1.6675 18.5517
  5.1477  3.8612  0.9970  1.5276 35.0457
  4.8020  1.3420  0.9844  0.8277  9.5880
  5.6375  2.9468  0.9905  2.0623 25.3086
  4.8771  2.3404  0.9735  0.6704 19.1064
  4.4925  1.5802  0.9794  2.9609 11.7548
  5.1188  2.0060  0.9909  0.5037 15.8036
  4.1815  0.3724  0.9827  0.7714  1.9858
  5.6230  2.6351  0.9885  1.8848 22.0903
  5.4196  3.2351  0.9890  2.0832 28.3341
  5.6038  3.9059  0.9874  1.5602 35.5315
  5.1432  1.0830  0.9889  1.6196  7.3339
  4.4467  3.8445  0.9855  2.1441 34.8651
  4.9305  4.3617  0.9674  1.7777 40.5269
  5.1358  1.2927  0.9980  1.6167  9.1499
  4.9285  2.0431  0.9932  0.8918 16.1648
  4.1668  2.0202  0.9820  2.2678 15.9413
  6.2478  1.8588  0.9805  1.0561 14.3816
  5.2191  3.5994  0.9904  1.4090 32.2184
  5.4265  2.4944  0.9782  2.0795 20.6578
  4.6445  0.4794  0.9785  0.6983  2.6842
  4.3348  2.1690  0.9668  1.8898 17.4014
  4.8592  3.3704  0.9769  2.1618 29.7698
  5.2259  3.1719  0.9795  1.0999 27.6673
  4.8515  2.6426  0.9795  2.6565 22.1663
  5.1089  1.8821  0.9980  0.1571 14.6049
  5.5166  2.5568  0.9809  1.1053 21.2918
  5.1482  2.8834  0.9926  2.0110 24.6490
  4.2288  4.3827  0.9730  2.3694 40.7588
  3.8784  3.5510  0.9980  2.2328 31.6986
  5.9262  2.4481  0.9933  0.3021 20.1899
  5.0774  3.3515  0.9797  1.1929 29.5690
  4.8751  4.0664  0.9776  2.3466 37.2820
  4.4719  3.9520  0.9722  1.6250 36.0334
  4.2570  1.3041  0.9742  1.7447  9.2512
  5.1331  2.2241  0.9714  1.0420 17.9469
  4.9318  1.1796  0.9788  1.0645  8.1606
  4.8519  2.6372  0.9726  0.7583 22.1116
  4.9087  2.8419  0.9909  1.1852 24.2189
  5.2229  3.6194  0.9749  1.9791 32.4333
  4.0795  2.4123  0.9933  1.5286 19.8286
  6.3396  1.1589  0.9901  0.9840  7.9823
  4.1902  2.5152  0.9947  0.2206 20.8689
  4.3499  2.0893  0.9699  0.5492 16.6175
  4.4939  1.9539  0.9723  2.0861 15.2976
  5.1850  1.4955  0.9761  1.6860 10.9757
  4.7759  3.6433  0.9697  3.0169 32.6904
  5.7173  3.3665  0.9838  1.1987 29.7286
  5.2684  0.9443  0.9731  0.7798  6.1805
  4.1899  1.6586  0.9922  0.4465 12.4848
  5.4599  2.5955  0.9840  1.5633 21.6860
  3.6070  3.8912  0.9732  0.2225 35.3715
  5.5633  3.6268  0.9939  1.2195 32.5133
  6.2411  3.7269  0.9667  1.4253 33.5922
  5.0580  4.1401  0.9680  1.5925 38.0893
  5.2022  0.9422  0.9809  1.6983  6.1632
  4.0879  1.8115  0.9950  1.9481 13.9296
  5.3109  3.4191  0.9695  1.4887 30.2884
  3.9135  1.3001  0.9842  1.0628  9.2155
  5.6207  2.5162  0.9951  0.6855 20.8784
  4.8833  1.8103  0.9718  1.8948 13.9179
  4.1912  0.7675  0.9912  1.4279  4.7757
  5.0964  2.4054  0.9726  1.4864 19.7590
  5.0160  0.9709  0.9873  0.4603  6.3981
  5.3027  0.9016  0.9980  0.4512  5.8340
  5.5554  2.9229  0.9714  1.4213 25.0597
  5.0886  0.8570  0.9965  2.1939  5.4765
  4.6756  1.5589  0.9904  2.1666 11.5585
  4.6124  2.2564  0.9886  1.1819 18.2675
  5.0179  3.4494  0.9919  1.0574 30.6120
  5.4792  3.0668  0.9710  2.2760 26.5629
  5.2339  2.9467  0.9895  2.1283 25.3067
  5.1995  2.4679  0.9696  0.4892 20.3899
  5.4825  0.7790  0.9935  0.3250  4.8643
  5.6133  1.3292  0.9980  1.8889  9.4737
  5.2011  4.1745  0.9940  2.3624 38.4656
  5.3214  2.5646  0.9949  2.3912 21.3706
  4.0544  2.6088  0.9883  1.0038 21.8211
  3.8875  3.1873  0.9896  1.8058 27.8297
  4.8762  1.6811  0.9687  1.1503 12.6965
  4.9929  2.3246  0.9708  0.9078 18.9479
  5.4377  1.6005  0.9952  2.6383 11.9437
  5.6760  3.1518  0.9782  1.5535 27.4553
  5.3552  3.2594  0.9844  1.3903 28.5920
  5.3122  1.3042  0.9951  2.3546  9.2520
  5.3309  1.2118  0.9890  2.6905  8.4397
  5.7507  3.1484  0.9786  1.3282 27.4195
  5.7304  3.7078  0.9826  0.5369 33.3857
  4.0393  2.1120  0.9980  2.5411 16.8396
  4.3581  1.9037  0.9906  2.0869 14.8136
  4.7878  3.1253  0.9801  1.2288 27.1764
  5.0730  2.8527  0.9980  1.1226 24.3308
  4.5164  1.4666  0.9774  2.3411 10.7118
  4.9863  0.8741  0.9871  1.5244  5.6134
  5.5576  4.2416  0.9787  1.2432 39.2036
  5.2660  1.1739  0.9977  0.7125  8.1113
  4.8120  2.6784  0.9945  1.7968 22.5338
  4.9397  2.2411  0.9841  2.1408 18.1159
  5.2030  3.0695  0.9730  1.7496 26.5906
  5.3828  1.2470  0.9740  0.8080  8.7481
  4.3905  2.8844  0.9948  1.9772 24.6594
  5.2986  0.3458  0.9888  0.8911  1.8202
  5.3633  3.2098  0.9885  2.8052 28.0668
  5.2867  2.2508  0.9753  1.9172 18.2127
  5.9983  2.9150  0.9965  1.5825 24.9777
  4.0830  1.2195  0.9718  0.6054  8.5075
  5.5744  1.3851  0.9932  1.8274  9.9742
  4.9965  2.1202  0.9827  1.9745 16.9208
  4.7240  3.5404  0.9777  2.4369 31.5858
  5.0472  0.6038  0.9980  0.4421  3.5530
  5.3736  3.2370  0.9868  2.8937 28.3546
  5.4574  1.8977  0.9697  1.5963 14.7550
  5.1696  1.2085  0.9923  0.9065  8.4116
  5.1840  3.8829  0.9977  1.9238 35.2816
  5.3791  2.0678  0.9765  0.8418 16.4068
  4.9004  2.7340  0.9667  1.9701 23.1044
  4.7308  4.0342  0.9724  1.0092 36.9297
  5.2525  2.4500  0.9940  1.2235 20.2086
  5.2971  0.5714  0.9825  0.3806  3.3212
  3.6399  3.7826  0.9779  1.9848 34.1945
  5.4946  0.7639  0.9845  1.8345  4.7475
  5.5990  4.0906  0.9810  1.1817 37.5463
  4.4948  1.9458  0.9852  0.9846 15.2192
  4.9246  1.5059  0.9868  1.3881 11.0705
  5.0347  2.4949  0.9803  0.2988 20.6629
  5.4578  2.2654  0.9948  1.1626 18.3578
  5.7385  3.8244  0.9945  2.1959 34.6468
  4.9975  2.4239  0.9793  0.5938 19.9453
  4.5120  1.5327  0.9953  1.7475 11.3164
  6.2145  3.9970  0.9909  1.6538 36.5243
  4.9548  3.4472  0.9686  1.3542 30.5878
  5.3004  0.8313  0.9729  1.3558  5.2732
  5.3696  0.8745  0.9761  0.9897  5.6160
  5.5694  1.6035  0.9845  0.7370 11.9715
  4.6298  2.0095  0.9840  0.8933 15.8377
  4.6242  2.5427  0.9759  1.1705 21.1483
  3.6315  1.8383  0.9712  0.5324 14.1857
  4.2847  2.0993  0.9794  0.5423 16.7149
  4.4165  2.1825  0.9875  1.1405 17.5348
  6.0186  2.0377  0.9683  1.4412 16.1123
  6.0644  3.4786  0.9966  1.6524 30.9236
  5.9448  3.6880  0.9828  0.7931 33.1723
  5.0911  3.2709  0.9962  0.5922 28.7136
  4.5024  2.7043  0.9943  2.5537 22.7990
  4.6690  1.8568  0.9720  0.5590 14.3623
  5.4982  3.8194  0.9693  1.7911 34.5927
  5.1368  3.5963  0.9872  2.3947 32.1849
  4.9490  2.7524  0.9872  1.5653 23.2940
  5.0291  0.9024  0.9793  2.2529  5.8402
  4.7790  3.8292  0.9728  1.5331 34.6989
  5.8816  4.4820  0.9841  1.8298 41.8576
  5.6154  2.3496  0.9898  1.4252 19.1992
  5.5302  3.4175  0.9680  2.8629 30.2718
  5.5006  3.4592  0.9849  0.1547 30.7161
  5.3653  3.2960  0.9975  1.0425 28.9799
  3.9390  3.1111  0.9865  0.5407 27.0273
  5.1009  1.4574  0.9953  2.3996 10.6281
  5.3075  0.9731  0.9740  0.6042  6.4165
  5.2683  0.8967  0.9775  2.7259  5.7948
  4.8826  2.2570  0.9767  0.7719 18.2737
  3.7334  1.8790  0.9728  1.8824 14.5757
  4.8418  2.6934  0.9895  0.1796 22.6876
  5.4638  4.3225  0.9923  1.5053 40.0942
  3.8192  2.7417  0.9980  0.7224 23.1835
  5.4303  3.3542  0.9710  1.6346 29.5977
  5.5310  0.6343  0.9800  1.3316  3.7744
  5.4857  4.1016  0.9884  1.9500 37.6669
  5.3081  1.5125  0.9798  1.8603 11.1313
  5.1189  0.7773  0.9980  1.9118  4.8509
  5.0326  1.6276  0.9693  1.1300 12.1951
  4.2343  2.3699  0.9741  0.2086 19.4026
  4.1804  2.6878  0.9936  0.4455 22.6303
  5.0887  2.3188  0.9899  1.4970 18.8905
  4.7113  2.2956  0.9804  1.4858 18.6587
  6.8070  1.1276  0.6594  1.2159  7.7133
  5.4887  2.7050  0.9867  1.3248 22.8061
  5.4229  2.6736  0.9703  1.4386 22.4842
  3.9338  2.9710  0.9699  1.9379 25.5608
  4.5825  1.5808  0.9842  1.9828 11.7610
  4.9482  1.0556  0.9943  1.2404  7.1033
  5.3494  0.9961  0.9826  1.5142  6.6065
  4.5951  3.3420  0.9722  1.3990 29.4674
  5.3831  2.6952  0.9727  2.8588 22.7055
  5.0590  2.8456  0.9824  0.7273 24.2569
  4.6636  4.4153  0.9782  1.4823 41.1186
  5.1869  4.1831  0.9736  2.2221 38.5601
  5.0740  1.7877  0.9965  0.4054 13.7031
  5.0086  2.3853  0.9676  0.4812 19.5571
  6.3731  3.6004  0.9980  2.2381 32.2296
  5.8552  2.0282  0.9715  1.1596 16.0196
  4.4302  2.1379  0.9796  2.5712 17.0949
  5.1895  3.5319  0.9771  0.9128 31.4947
  4.7768  2.2425  0.9979  0.3382 18.1301
  4.4786  2.1901  0.9769  2.2503 17.6100
  6.5084  3.9130  0.8477  2.3395 35.6091
  5.1685  1.5750  0.9694  1.5695 11.7070
  5.1404  3.8913  0.9970  0.8585 35.3731
  3.7316  3.3996  0.9746  0.4378 30.0810
  5.1632  2.4702  0.9943  1.4370 20.4130
  4.6873  2.6767  0.9728  0.0498 22.5163
  4.9711  2.5960  0.9909  2.1050 21.6904
  5.2105  1.6708  0.9737  1.3628 12.5996
  6.0230  1.7990  0.9935  1.1060 13.8107
  6.8305  0.9533  0.6545  2.8306  6.2544
  4.8570  0.6558  0.9805  0.8473  3.9321
  6.3791  3.5006  0.9750  0.0103 31.1586
  5.8913  3.8661  0.9969  0.6940 35.0990
  5.1861  3.3683  0.9800  0.5183 29.7475
  5.5225  1.7142  0.9842  1.2253 13.0077
  6.3679  1.6746  0.9673  1.3892 12.6352
  5.0082  3.8498  0.9824  1.2418 34.9226
  5.1952  2.0938  0.9889  1.7881 16.6616
  4.0716  3.2555  0.9793  0.2911 28.5503
  6.1547  2.3243  0.9902  1.6282 18.9454
  4.7468  1.3948  0.9820  1.7252 10.0612
  5.0680  0.6846  0.9830  2.0881  4.1459
  5.7135  4.2713  0.9825  1.9977 39.5298
  4.7661  3.8158  0.9724  0.3698 34.5533
  5.9809  3.8222  0.9850  1.3493 34.6233
  4.3970  1.3720  0.9812  0.8846  9.8569
  4.9426  1.0218  0.9980  2.5937  6.8199
  5.1095  1.8495  0.9786  0.8053 14.2927
  4.9551  2.8984  0.9684  1.4363 24.8044
  5.7347  2.4141  0.9732  0.4325 19.8466
  3.6688  1.9268  0.9909  2.2259 15.0357
  5.4715  0.9610  0.9909  1.6518  6.3167
  4.9640  0.6386  0.9844  1.2854  3.8062
  4.3804  0.5213  0.9818  1.4358  2.9710
  5.1816  1.3978  0.9886  2.2797 10.0887
  4.7552  1.7565  0.9701  0.2555 13.4069
  4.4872  2.5722  0.9822  1.5269 21.4479
  4.3823  4.3915  0.9875  1.4415 40.8558
  5.1149  1.6456  0.9980  1.3157 12.3639
  6.7037  2.8721  0.6030  2.7620 24.5311
  5.0680  3.2939  0.9980  0.3292 28.9571
  5.0055  2.3081  0.9959  1.6046 18.7833
  4.9238  1.0788  0.9796  1.5618  7.2990
  4.2086  2.6491  0.9929  0.7806 22.2329
  4.5527  2.0336  0.9834  0.9880 16.0726
  5.2039  1.5749  0.9830  1.9585 11.7065
  4.1443  0.8449  0.9692  2.2465  5.3805
  5.2393  3.1638  0.9980  1.3502 27.5820
  4.6630  0.9475  0.9978  0.2220  6.2066
  5.5493  4.0127  0.9668  1.9326 36.6958
  4.7143  1.9806  0.9797  2.0008 15.5564
  5.2639  2.2453  0.9672  2.2400 18.1578
  5.8562  3.4259  0.9954  1.7061 30.3615
  5.2797  2.5745  0.9793  2.8387 21.4711
  4.8997  3.8551  0.9835  0.7160 34.9796
  6.9544  2.7205  0.6265  1.8820 22.9659
  6.0704  3.2014  0.9714  0.9957 27.9786
  3.9439  3.1111  0.9830  0.5777 27.0279
  4.7419  2.3278  0.9780  0.9176 18.9806
  5.0014  3.2352  0.9903  1.8334 28.3361
  4.2718  3.4361  0.9778  0.3660 30.4695
  5.3161  1.1785  0.9873  0.2117  8.1512
  4.1697  1.6682  0.9869  1.2969 12.5755
  5.4978  2.1714  0.9888  0.6445 17.4257
  6.2753  3.9198  0.9804  1.9529 35.6826
  4.7541  1.6373  0.9832  1.4573 12.2863
  4.5642  3.1458  0.9864  0.8847 27.3928
  5.9234  4.2299  0.9980  2.4203 39.0751
  4.8931  4.0984  0.9885  0.4860 37.6320
  5.0299  1.9160  0.9749  1.4318 14.9314
  4.7109  4.4909  0.9711  1.3851 41.9556
  4.9399  4.0873  0.9727  1.5634 37.5109
  5.1846  3.1998  0.9909  1.5150 27.9617
  3.8472  3.9070  0.9721  0.8392 35.5442
  5.2663  3.0017  0.9857  0.5609 25.8809
  4.7821  1.0743  0.9716  1.8844  7.2603
  4.0562  0.9861  0.9696  0.5376  6.5233
  5.3203  3.6951  0.9810  0.6227 33.2493
  4.2373  4.3976  0.9689  0.6894 40.9238
  4.1511  2.5442  0.9809  1.3374 21.1633
  3.7339  1.5499  0.9735  1.2158 11.4750
  6.8624  2.1134  0.5606  2.4884 16.8535
  5.7428  2.7603  0.9797  1.0369 23.3757
  4.5178  2.6209  0.9723  2.4333 21.9447
  5.0165  1.3352  0.9844  1.0930  9.5272
  4.9774  1.9352  0.9827  1.7083 15.1168
  5.0197  1.9440  0.9961  1.6932 15.2022
  5.2019  3.9909  0.9857  0.9756 36.4569
  5.9943  2.1320  0.9719  1.7879 17.0369
  4.8014  3.9441  0.9911  2.1650 35.9473
  5.1725  4.1499  0.9830  0.3740 38.1962
  5.2526  1.8075  0.9858  1.4475 13.8914
  4.8955  3.1307  0.9980  0.5137 27.2331
  5.4950  3.3595  0.9841  1.4641 29.6541
  4.8721  0.9527  0.9796  2.1523  6.2494
  4.3411  4.3636  0.9971  2.1723 40.5476
  5.1950  2.8687  0.9743  2.8455 24.4965
  4.7247  2.6207  0.9860  0.3183 21.9431
  5.1973  1.1232  0.9979  0.9516  7.6762
  5.3718  1.1457  0.9955  0.1378  7.8683
  4.9897  1.3603  0.9735  2.4921  9.7519
  4.8648  3.7480  0.9889  1.3325 33.8200
  5.8342  2.4263  0.9920  2.2477 19.9698
  6.5856  2.1594  0.8724  2.1207 17.3064
  5.7011  3.1014  0.9980  2.1134 26.9256
  5.0510  1.6152  0.9710  1.0889 12.0803
  3.7928  0.6722  0.9821  0.8310  4.0537
  5.3316  2.2347  0.9817  2.4896 18.0518
  5.2227  1.6637  0.9951  1.9372 12.5330
  5.1963  2.8413  0.9750  2.7619 24.2121
  5.4192  2.7219  0.9946  1.3047 22.9805
  6.1054  3.2082  0.9769  0.4146 28.0503
  4.8804  1.4815  0.9950  1.2079 10.8479
  5.4169  1.6633  0.9913  0.2913 12.5292
  5.9375  3.0575  0.9778  1.2014 26.4645
  4.4992  2.3023  0.9837  0.6240 18.7253
  4.7488  2.7481  0.9851  1.7670 23.2502
  5.2831  3.9542  0.9799  2.5837 36.0575
  4.3339  2.5190  0.9768  0.4531 20.9075
  3.7765  2.9150  0.9700  1.0818 24.9772
  5.5766  2.7626  0.9954  0.1518 23.3995
  4.4786  1.1506  0.9891  0.9519  7.9108
  5.2536  1.2804  0.9980  2.9645  9.0418
  4.8091  3.1181  0.9882  1.3015 27.1008
  5.9542  3.4926  0.9903  1.4754 31.0733
  5.6745  1.9359  0.9740  0.4901 15.1238
  5.1397  1.8957  0.9980  1.8406 14.7364
  3.6071  3.7807  0.9837  1.3098 34.1739
  5.3580  1.2948  0.9773  1.0769  9.1686
  4.9671  2.6801  0.9851  0.3710 22.5511
  5.5049  2.1900  0.9973  0.6830 17.6088
  4.6182  3.2737  0.9758  1.7218 28.7434
  5.7139  4.1149  0.9928  0.4932 37.8126
  4.4876  3.3050  0.9773  1.5403 29.0744
  5.7645  3.0488  0.9854  0.2598 26.3740
  6.1457  2.4698  0.9980  2.3687 20.4092
  5.2985  1.6515  0.9943  0.3059 12.4183
  5.6503  1.4298  0.9818  2.3412 10.3773
  5.0469  4.0529  0.9758  1.0489 37.1346
  4.9545  4.0288  0.9701  1.6171 36.8709
  5.4657  3.7225  0.9862  1.2592 33.5442
  6.8749  3.3103  0.9786  1.0972 29.1317
  4.8776  2.9546  0.9972  0.7287 25.3898
  5.3035  2.5147  0.9830  0.4156 20.8635
  4.3820  2.6807  0.9702  1.1689 22.5566
  5.2302  0.8103  0.9918  1.1658  5.1085
  5.3322  3.4941  0.9819  1.8523 31.0891
  5.4377  3.8475  0.9946  2.4258 34.8970
  4.7505  3.6500  0.9684  2.3599 32.7626
  5.8812  3.3430  0.9956  0.6994 29.4788
  3.9593  2.9093  0.9882  1.3002 24.9178
  5.4375  1.4614  0.9783  2.3184 10.6647
  5.2504  1.1236  0.9954  1.2679  7.6790
  4.7235  1.1820  0.9688  1.8533  8.1815
  5.9738  3.3876  0.9875  1.6307 29.9530
  4.7495  2.9264  0.9976  1.7607 25.0957
  5.2053  2.9908  0.9980  0.9394 25.7672
  5.5823  2.5157  0.9676  1.4543 20.8737
  4.9812  2.2454  0.9980  0.3466 18.1583
  5.2178  1.9539  0.9947  1.0152 15.2983
  3.8020  3.0109  0.9876  1.6881 25.9776
  5.1740  1.3917  0.9792  1.8599 10.0333
  4.5704  2.5642  0.9810  2.9312 21.3664
  4.6320  1.5719  0.9784  1.9723 11.6783
  5.1636  4.1135  0.9691  0.3311 37.7975
  5.9688  3.1211  0.9922  1.1808 27.1330
  3.7264  4.1439  0.9738  0.5326 38.1309
  5.2402  2.7899  0.9737  0.6345 23.6804
  3.5239  1.2404  0.9802  0.7802  8.6898
  5.6636  2.4689  0.9891  0.1988 20.4000
  4.9918  2.8747  0.9689  1.9874 24.5587
  5.3029  4.1189  0.9885  0.6075 37.8560
  5.1280  2.1063  0.9808  0.9217 16.7837
  4.3982  2.7060  0.9720  0.3672 22.8165
  4.1142  1.7409  0.9806  2.4489 13.2592
  4.2358  3.1229  0.9904  2.4514 27.1515
  5.1176  4.1817  0.9780  1.6552 38.5446
  5.2390  3.4217  0.9673  2.6497 30.3161
  5.6477  2.2385  0.9899  1.7958 18.0904
  5.5815  1.6113  0.9846  1.1626 12.0443
  6.0754  4.0234  0.9756  0.3976 36.8119
  4.7237  1.4669  0.9692  0.0758 10.7146
  4.8942  2.7924  0.9713  0.5055 23.7068
  5.0854  1.5617  0.9871  2.6432 11.5844
  6.7127  2.7453  0.7934  2.3807 23.2209
  5.9689  4.3938  0.9687  1.7328 40.8809
  4.9200  2.0780  0.9887  0.7560 16.5069
  5.3794  3.5748  0.9899  1.8383 31.9547
  4.8538  1.4886  0.9966  2.6061 10.9121
  4.1290  3.1965  0.9685  0.4676 27.9270
  6.6521  2.6761  0.8122  1.4449 22.5099
  5.0696  1.8373  0.9701  0.6245 14.1759
  4.9061  4.2375  0.9894  0.7479 39.1583
  5.1859  1.1104  0.9804  1.2377  7.5668
  5.7640  0.8474  0.9952  1.6893  5.4005
  5.0097  4.3600  0.9721  0.9987 40.5075
  5.6451  3.6699  0.9704  1.4766 32.9767
  5.2377  1.2202  0.9932  0.6993  8.5132
  5.3306  3.9360  0.9796  0.3878 35.8587
  5.4575  3.7893  0.9896  0.5927 34.2670
  5.6749  3.2600  0.9960  2.8798 28.5985
  5.0634  2.9984  0.9709  1.2629 25.8465
  5.1616  2.5082  0.9684  0.7957 20.7981
  5.1955  3.1271  0.9798  1.5825 27.1961
  6.5001  2.2985  0.9443  0.4563 18.6878
  5.1976  4.0643  0.9944  1.3849 37.2588
  5.0457  3.1957  0.9941  0.3151 27.9181
  5.3409  1.3692  0.9980  0.1146  9.8315
  4.9707  1.1705  0.9815  0.8919  8.0823
  4.2081  2.4074  0.9980  2.4282 19.7795
  5.0890  1.4754  0.9706  1.1700 10.7918
  5.1396  3.6596  0.9925  1.0960 32.8659
  6.4643  3.2429  0.9144  0.4710 28.4175
  5.8671  2.5216  0.9888  0.8911 20.9338
  6.2018  2.9812  0.9897  1.3628 25.6672
  3.6193  2.7454  0.9852  0.7890 23.2220
  5.1901  1.4165  0.9877  2.1159 10.2567
  5.2218  2.4709  0.9839  1.3813 20.4203
  6.0647  4.4495  0.9823  1.9457 41.4971
  4.7621  3.3917  0.9744  1.9944 29.9968
  4.6224  0.3813  0.9748  1.6412  2.0423
  4.3703  1.0263  0.9837  2.1121  6.8578
  4.7959  1.5792  0.9900  1.8180 11.7456
  5.1057  2.2984  0.9855  1.6278 18.6862
  4.8073  3.5171  0.9897  0.9078 31.3356
  5.1380  2.3415  0.9865  0.4366 19.1178
  5.0436  3.2176  0.9708  2.1909 28.1499
  5.5734  2.6282  0.9972  1.3116 22.0194
  5.1690  2.0658  0.9687  0.6747 16.3869
  4.8287  1.6077  0.9811  1.5400 12.0104
  5.2854  1.8773  0.9794  0.5354 14.5594
  5.3086  0.7568  0.9936  1.0820  4.6932
  5.1209  0.7243  0.9687  1.1429  4.4450
  4.2058  2.7780  0.9673  0.4532 23.5583
  5.4645  1.9116  0.9711  1.0869 14.8891
  5.1760  3.8705  0.9764  1.9663 35.1475
  6.0390  3.7101  0.9791  0.9255 33.4107
  4.5619  1.8808  0.9880  1.3958 14.5925
  4.0710  2.9512  0.9803  1.2443 25.3537
  4.5376  3.5642  0.9758  0.8107 31.8409
  5.2478  4.4609  0.9945  0.9562 41.6234
  4.1267  4.3913  0.9782  1.1607 40.8536
  5.4002  2.3666  0.9747  1.6798 19.3696
  5.0813  3.1967  0.9855  0.3344 27.9294
  6.9633  2.5976  0.8140  1.4472 21.7075
  4.2163  2.8246  0.9823  2.4620 24.0390
  5.1020  3.3406  0.9724  2.2197 29.4528
  4.4278  0.8982  0.9674  1.5539  5.8064
  4.9114  0.8524  0.9850  1.6588  5.4402
  4.6067  4.3585  0.9882  2.1901 40.4916
  4.5036  1.6282  0.9781  0.6977 12.2013
  4.7681  2.1647  0.9851  0.2415 17.3595
  4.4743  3.4334  0.9934  2.5283 30.4409
  5.1680  2.9546  0.9804  1.8844 25.3893
  5.6222  2.9869  0.9813  0.4304 25.7261
  5.2853  2.8715  0.9848  1.2170 24.5256
  5.7090  2.2839  0.9980  1.0873 18.5421
  3.7412  1.5451  0.9722  0.6039 11.4314
  5.2351  2.2421  0.9756  1.2077 18.1261
  4.9690  2.7549  0.9802  0.9123 23.3202
  4.8784  2.3401  0.9872  0.4962 19.1031
  4.0852  2.3789  0.9819  1.4403 19.4930
  6.7871  3.0448  0.6326  1.2589 26.3321
  5.4420  2.3771  0.9837  1.4965 19.4746
  5.1884  3.7947  0.9846  1.1294 34.3249
  5.1451  1.5591  0.9980  2.2256 11.5600
  5.8968  1.1185  0.9980  0.6471  7.6362
  4.6181  2.1959  0.9813  0.5490 17.6671
  5.1723  1.3432  0.9980  2.3043  9.5992
  4.9267  2.6107  0.9895  1.0680 21.8406
  4.3502  3.3222  0.9763  2.0422 29.2571
  5.1644  2.1163  0.9976  1.7518 16.8819
  5.5564  4.2882  0.9752  2.1574 39.7161
  5.7690  2.2304  0.9975  0.6534 18.0099
  5.2312  3.9763  0.9843  1.0363 36.2986
  4.2897  1.0793  0.9939  0.7265  7.3026
  5.3943  4.2261  0.9703  1.2656 39.0330
  4.7355  3.5493  0.9980  1.5032 31.6807
  5.3637  2.4342  0.9963  0.8152 20.0498
  5.6456  2.5412  0.9761  0.8614 21.1325
  5.3155  3.9801  0.9750  0.8667 36.3393
  3.6077  2.6098  0.9678  1.4288 21.8320
  5.1307  3.4528  0.9757  1.2265 30.6480
  6.3093  2.1143  0.9741  0.9998 16.8626
  4.5432  3.6633  0.9953  0.4904 32.9063
  5.5650  3.8825  0.9942  1.6833 35.2775
  5.1371  1.9155  0.9980  2.2063 14.9266
  5.5610  2.3973  0.9771  0.4626 19.6779
  5.8540  2.1640  0.9859  0.3829 17.3523
  5.1473  3.2756  0.9937  1.1501 28.7628
  4.7449  2.6671  0.9745  1.1869 22.4177
  5.3104  4.2693  0.9770  1.1222 39.5086
  6.9848  1.5066  0.5589  1.4300 11.0770
  5.3559  0.8923  0.9767  2.0337  5.7588
  4.7242  1.8453  0.9948  2.0606 14.2522
  3.8224  1.0960  0.9695  1.7333  7.4439
  4.1665  2.0402  0.9746  1.3751 16.1372
  4.9001  4.4175  0.9776  1.6820 41.1434
  5.1832  1.5670  0.9773  1.5175 11.6328
  5.3419  2.4866  0.9683  1.0548 20.5784
  5.8841  2.1619  0.9888  1.7652 17.3310
  4.4036  0.6029  0.9976  0.6963  3.5468
  4.5622  3.5724  0.9670  0.3226 31.9281
  5.1508  1.8186  0.9698  0.9847 13.9975
  5.3192  4.2792  0.9980  0.7637 39.6170
  5.3903  4.3210  0.9956  0.5094 40.0772
  4.6954  1.8912  0.9861  0.8156 14.6930
  6.2371  2.6293  0.9881  0.7100 22.0304
  5.5628  2.5821  0.9750  0.9820 21.5488
  6.4182  4.2891  0.9641  0.7978 39.7264
  5.4569  3.3457  0.9870  0.1615 29.5072
  4.9709  2.4953  0.9695  0.8167 20.6674
  4.9486  3.3990  0.9910  1.5082 30.0745
  5.3463  4.3835  0.9696  1.2204 40.7678
  6.1492  3.0474  0.9713  1.1002 26.3591
  4.6189  2.2665  0.9816  1.9804 18.3684
  6.6114  3.1162  0.9006  1.9143 27.0808
  5.2148  0.6761  0.9953  0.3596  4.0825
  5.7698  2.2454  0.9715  0.6731 18.1582
  5.6993  3.2440  0.9705  2.0712 28.4292
  4.6329  3.3909  0.9919  0.8867 29.9882
  4.8804  3.6899  0.9867  1.4935 33.1928
  5.8479  4.1622  0.9684  1.2736 38.3313
  4.3399  4.1701  0.9674  1.9393 38.4173
  3.6802  1.0873  0.9846  1.7198  7.3707
  5.8318  2.1159  0.9764  1.8479 16.8782
  4.6968  3.5684  0.9715  1.5629 31.8852
  4.7131  3.2772  0.9744  2.5904 28.7798
  4.3830  2.7829  0.9971  1.7120 23.6086
  5.1711  3.6491  0.9832  0.3927 32.7535
  5.4209  3.2815  0.9932  0.4704 28.8256
  4.9666  4.1170  0.9691  1.3181 37.8352
  5.5381  2.7003  0.9675  1.0842 22.7584
  6.4767  2.2722  0.9869  1.9815 18.4254
  5.2873  2.5360  0.9840  1.0789 21.0798
  5.0795  3.6361  0.9924  1.0563 32.6132
  5.2865  0.4064  0.9883  0.3817  2.2027
  5.8168  1.9864  0.9841  0.5596 15.6127
  4.2709  2.5879  0.9828  2.3128 21.6083
  4.3577  2.2286  0.9879  0.8688 17.9917
  5.1113  1.1680  0.9880  1.7663  8.0606
  5.0020  3.4102  0.9711  0.7436 30.1940
  5.2488  2.0702  0.9810  1.4735 16.4300
  5.5295  3.7029  0.9691  1.4286 33.3326
  5.5956  2.9516  0.9846  1.2660 25.3587
  5.3091  4.0256  0.9681  2.2723 36.8361
  6.2795  2.3105  0.9832  1.3495 18.8078
  5.1159  1.4999  0.9712  2.3434 11.0161
  4.3207  1.1901  0.9679  0.0909  8.2519
  4.8945  2.9432  0.9680  1.2331 25.2707
  4.1570  1.3528  0.9930  1.5022  9.6846
  6.6423  1.7314  0.7511  0.8089 13.1700
  5.4385  2.2967  0.9769  0.0463 18.6696
  4.9658  2.9187  0.9944  0.6185 25.0162
  4.5599  3.1471  0.9886  2.5519 27.4062
  4.5409  2.5804  0.9962  2.3549 21.5319
  4.5556  1.8964  0.9936  1.3875 14.7427
  5.0338  3.5895  0.9827  0.5411 32.1123
  5.0982  3.3844  0.9717  0.3207 29.9193
  5.8394  2.3831  0.9807  2.2606 19.5350
  5.1186  4.0621  0.9976  0.4805 37.2354
  4.2772  2.1511  0.9980  1.9358 17.2252
  4.6250  0.3046  0.9973  1.0745  1.5692
  5.5859  0.7309  0.9947  1.1002  4.4953
  4.5852  3.7052  0.9789  2.9061 33.3579
  6.5061  1.8565  0.9921  2.6774 14.3595
  5.0922  1.4033  0.9863  1.6234 10.1379
  4.8173  3.2924  0.9915  1.7036 28.9410
  5.2660  1.9219  0.9749  1.6952 14.9883
  5.1840  1.7952  0.9766  0.5750 13.7745
  5.0159  0.9325  0.9716  0.9764  6.0842
  4.8148  0.4296  0.9361  0.7803  2.3534
  5.4542  2.3306  0.9774  0.5696 19.0088
  4.0719  2.8518  0.9974  1.9634 24.3214
  5.6578  2.0282  0.9818  1.6007 16.0195
  4.4180  3.6189  0.9771  1.2245 32.4277
  4.8221  3.2373  0.9901  3.1112 28.3582
  5.6055  3.4178  0.9709  2.3190 30.2744
  3.8840  2.3684  0.9694  1.4878 19.3870
  5.1534  2.8518  0.9876  1.2750 24.3215
  5.1818  3.9184  0.9940  2.0477 35.6675
  4.8579  1.2377  0.9684  2.1240  8.6660
  4.9187  1.7983  0.9707  1.3890 13.8039
  5.4080  2.0180  0.9674  0.5750 15.9206
  5.2978  4.1100  0.9939  1.5765 37.7591
  5.5199  0.8630  0.9857  0.8365  5.5246
  4.4663  1.7071  0.9944  2.2847 12.9404
  5.0117  3.7553  0.9834  0.8235 33.8987
  3.5801  3.2845  0.9908  0.8527 28.8576
  4.4274  2.5706  0.9714  1.8529 21.4313
  5.2362  4.3074  0.9908  1.4761 39.9273
  4.8201  2.8683  0.9699  1.9303 24.4922
  4.3187  1.9158  0.9783  2.3351 14.9293
  4.8362  1.3797  0.9890  1.0032  9.9252
  5.7309  2.8222  0.9824  1.0189 24.0141
  5.4004  2.4900  0.9749  0.7859 20.6138
  4.5991  1.5214  0.9754  0.4438 11.2130
  3.7432  1.7118  0.9938  2.4388 12.9844
  4.8913  1.9645  0.9943  0.6668 15.4005
  4.2703  1.1292  0.9907  0.8110  7.7274
  5.5973  1.4654  0.9675  0.1881 10.7005
  5.2187  1.4123  0.9882  1.1638 10.2197
  5.7698  2.9581  0.9822  1.4773 25.4256
  5.2569  1.7275  0.9938  2.2998 13.1325
  4.9769  1.1220  0.9754  1.6953  7.6655
  5.8866  4.3751  0.9740  1.1565 40.6743
  4.9477  2.0006  0.9788  1.5427 15.7513
  5.0049  1.3084  0.9677  0.8076  9.2894
  5.1236  1.4766  0.9815  1.9865 10.8032
  4.4741  3.2402  0.9701  0.7280 28.3887
  5.0794  2.0630  0.9808  0.5594 16.3595
  5.4313  2.6701  0.9944  0.7468 22.4487
  5.2026  4.4801  0.9923  2.8063 41.8366
  6.6796  3.9706  0.7766  1.9186 36.2364
  4.8443  1.7596  0.9940  0.3674 13.4366
  4.8281  3.3900  0.9817  1.2995 29.9780
  3.7191  1.9352  0.9950  1.8438 15.1173
  5.2892  1.5667  0.9853  2.0181 11.6306
  5.5438  3.3026  0.9790  1.6886 29.0490
  5.0286  3.5265  0.9941  1.5849 31.4363
  4.7044  3.2123  0.9812  1.6795 28.0941
  5.4184  2.9744  0.9968  1.9500 25.5963
  3.6225  1.0676  0.9911  2.0013  7.2036
  3.8811  2.6272  0.9878  0.9068 22.0088
  5.7678  3.5095  0.9875  0.8846 31.2540
  5.1114  3.0600  0.9930  1.2558 26.4914
  4.4858  1.2790  0.9980  1.2317  9.0295
  4.2871  3.4107  0.9715  2.7347 30.1992
  4.0513  1.6548  0.9980  1.6431 12.4496
  5.3923  0.9215  0.9804  2.2738  5.9948
  5.2737  3.9431  0.9858  1.4650 35.9361
  4.5551  2.9473  0.9720  1.1956 25.3133
  5.7331  4.3883  0.9980  1.0500 40.8208
  5.2425  2.3153  0.9742  2.1172 18.8557
  4.5991  0.9680  0.9841  0.4714  6.3743
  5.0624  4.1412  0.9901  1.4072 38.1003
  4.7949  1.8108  0.9891  1.2516 13.9227
  4.7099  2.0841  0.9746  2.1798 16.5660
  5.0214  2.7653  0.9683  0.7434 23.4265
  5.6399  3.3346  0.9756  0.3538 29.3886
  4.0368  2.5091  0.9966  2.0065 20.8071
  4.2842  3.9580  0.9905  2.4015 36.0991
  5.0838  1.6895  0.9970  0.8577 12.7747
  4.4493  2.8262  0.9877  2.4955 24.0558
  6.1493  3.4501  0.9960  0.4525 30.6197
  3.7723  1.7558  0.9978  1.4638 13.4004
  4.6099  2.1627  0.9838  2.2986 17.3396
  3.5231  3.2499  0.9795  0.6371 28.4907
  4.9024  4.2593  0.9732  0.2254 39.3975
  5.1456  1.3344  0.9877  0.8499  9.5204
  5.9032  2.6920  0.9853  1.0290 22.6728
  4.5642  0.8297  0.9725  1.5019  5.2606
  4.8765  2.0200  0.9836  2.8385 15.9393
  4.7784  2.0972  0.9818  2.8291 16.6945
  5.2526  1.3929  0.9859  1.6262 10.0443
  5.4286  2.8450  0.9791  1.2089 24.2509
  6.6155  2.0290  0.7367  0.3939 16.0277
  4.7123  2.0876  0.9817  0.2890 16.6005
  5.2550  3.0674  0.9738  1.9389 26.5690
  5.8233  3.8914  0.9684  0.9686 35.3740
  6.3740  4.0716  0.9736  2.1941 37.3388
  5.2160  3.4710  0.9859  0.9492 30.8428
  5.6770  4.2898  0.9890  1.0883 39.7337
  4.8690  1.7963  0.9842  1.1609 13.7847
  4.0127  3.9496  0.9770  1.1472 36.0072
  5.5817  3.0705  0.9978  0.3359 26.6012
  5.4750  3.4749  0.9904  1.0344 30.8846
  5.8765  2.0687  0.9667  2.0640 16.4152
  4.1448  1.6612  0.9924  0.0390 12.5093
  3.8939  3.2497  0.9872  1.4946 28.4890
  3.6029  1.5470  0.9742  1.6294 11.4483
  5.5827  2.0776  0.9833  0.8212 16.5025
  4.8039  1.9489  0.9938  2.1587 15.2490
  5.2482  4.1115  0.9864  1.2949 37.7749
  4.9893  1.6202  0.9671  0.7639 12.1269
  4.7510  2.1091  0.9939  0.6615 16.8113
  4.7879  1.9532  0.9760  1.2898 15.2909
  3.7796  3.3604  0.9927  2.3663 29.6632
  5.1559  3.8774  0.9787  0.9703 35.2220
  5.1893  3.9851  0.9907  0.2306 36.3944
  6.6529  3.9584  0.9842  0.4495 36.1033
  4.9794  1.8187  0.9920  0.6983 13.9986
  4.4108  3.9985  0.9864  0.1582 36.5400
  5.2719  2.9411  0.9803  0.8537 25.2493
  4.7008  3.6147  0.9734  2.5764 32.3831
  5.6613  1.9492  0.9824  1.6720 15.2522
  5.1242  3.4999  0.9787  2.1975 31.1519
  4.9684  1.7763  0.9897  1.2901 13.5944
  4.7158  3.1654  0.9972  1.9170 27.5985
  6.6567  2.6402  0.6722  1.5513 22.1427
  4.6459  1.4401  0.9672  2.2741 10.4706
  4.7881  2.8501  0.9960  0.5173 24.3032
  4.9416  4.3439  0.9980  1.1669 40.3306
  5.1620  0.6974  0.9811  1.7950  4.2419
  5.9934  3.5460  0.9889  0.7464 31.6458
  5.2503  3.7248  0.9865  0.4172 33.5689
  6.0594  2.3044  0.9686  2.3285 18.7463
  4.5477  2.5699  0.9924  0.7722 21.4251
  4.1004  2.7913  0.9774  2.6242 23.6950
  4.9887  4.1191  0.9859  1.1202 37.8590
  5.4964  1.6541  0.9980  1.0608 12.4432
  5.0154  1.9678  0.9941  0.4903 15.4324
  4.9620  4.0200  0.9898  0.5011 36.7749
  5.7437  4.3149  0.9881  0.9560 40.0104
  5.2174  3.6720  0.9980  1.5942 32.9999
  4.8276  1.8768  0.9745  1.4315 14.5548
  5.4170  3.3729  0.9727  0.2012 29.7967
  4.2447  3.0630  0.9923  0.6969 26.5224
  5.6469  4.0215  0.9976  2.2621 36.7913
  5.0011  3.2212  0.9745  2.2697 28.1878
  5.0814  1.0963  0.9923  1.0143  7.4469
  4.9799  1.9627  0.9831  1.4232 15.3829
  5.1324  1.7281  0.9980  0.8278 13.1387
  5.8273  2.7294  0.9909  2.6657 23.0577
  4.1178  4.1548  0.9950  0.5495 38.2497
  5.9847  2.2473  0.9751  1.6318 18.1772
  5.0777  2.8521  0.9930  2.3950 24.3241
  4.5307  3.6138  0.9921  0.3984 32.3737
  3.5479  2.8740  0.9843  2.5126 24.5514
  3.5557  1.8728  0.9941  2.6517 14.5165
  4.0789  1.5496  0.9847  1.7504 11.4725
  4.5084  3.4205  0.9919  1.2818 30.3032
  4.4624  4.2207  0.9725  2.4283 38.9729
  4.4760  4.0841  0.9863  1.4437 37.4758
  5.4895  4.3484  0.9969  1.3947 40.3799
  4.4951  3.4539  0.9928  1.8723 30.6601
  5.0905  1.2922  0.9914  1.1029  9.1456
  4.5835  2.7472  0.9878  0.1835 23.2402
  4.1384  3.7413  0.9741  1.8756 33.7477
  5.0066  3.7610  0.9980  0.2048 33.9605
  5.5586  4.2143  0.9959  1.2298 38.9034
  5.4926  3.2197  0.9776  0.5718 28.1723
  6.8492  3.6796  0.4282  0.6932 33.0816
  3.6306  0.7723  0.9866  1.4304  4.8123
  3.5587  3.2276  0.9980  2.0716 28.2551
  4.7982  2.4156  0.9750  0.6506 19.8618
  6.1775  4.1442  0.9872  1.1377 38.1332
  4.3349  4.4122  0.9953  1.4838 41.0848
  6.2599  2.1355  0.9729  1.5394 17.0711
  5.1346  2.5558  0.9749  2.4342 21.2817
  5.5924  1.9030  0.9834  0.2474 14.8062
  5.1726  1.9411  0.9944  1.6194 15.1737
  6.3577  2.2592  0.9918  1.3710 18.2954
  3.7808  2.8929  0.9730  0.5866 24.7479
  5.5352  2.1472  0.9805  1.2647 17.1865
  4.1373  3.0054  0.9765  1.2837 25.9192
  5.2423  1.1826  0.9748  2.5754  8.1871
  5.3977  3.8428  0.9875  0.6378 34.8460
  5.0024  4.4745  0.9936  0.1731 41.7738
  6.3209  3.3574  0.9706  2.7517 29.6316
  4.7725  2.7807  0.9743  1.4129 23.5856
  6.2866  2.3436  0.9683  0.1750 19.1383
  5.1139  4.2791  0.9833  0.2877 39.6164
  5.8855  3.1706  0.9714  2.4910 27.6534
  5.0938  2.5037  0.9847  0.2859 20.7519
  6.1639  3.6084  0.9841  1.7757 32.3157
  5.1078  4.3880  0.9768  1.1483 40.8177
  4.3549  1.2154  0.9849  0.8739  8.4713
  3.8059  1.3502  0.9846  1.4016  9.6615
  5.5003  2.6731  0.9741  2.4441 22.4788
  4.7352  1.1429  0.9935  1.2995  7.8447
  4.7291  2.2253  0.9918  1.7499 17.9591
  5.2040  2.5066  0.9912  0.3411 20.7816
  5.6727  3.4917  0.9966  0.7218 31.0642
  6.0564  0.8250  0.9880  0.7403  5.2236
  5.3719  3.3752  0.9891  2.3643 29.8205
  3.7683  1.8169  0.9980  0.6136 13.9816
  4.8112  1.8088  0.9866  1.8965 13.9043
  4.9511  3.8016  0.9796  2.2383 34.3994
  4.4947  1.1762  0.9914  1.7377  8.1317
  6.9401  2.5859  0.4105  1.9587 21.5877
  4.9048  2.0808  0.9853  0.7381 16.5339
  5.3280  1.4311  0.9980  1.2506 10.3896
  5.0744  3.2515  0.9846  1.7538 28.5082
  5.5769  3.1901  0.9865  2.0447 27.8594
  5.5933  0.6431  0.9961  1.2249  3.8386
  4.7236  2.3060  0.9980  1.4372 18.7623
  5.2305  3.3213  0.9961  1.6590 29.2479
  4.1792  1.5397  0.9813  1.7340 11.3808
  5.3085  3.3209  0.9952  1.6820 29.2436
  5.8825  3.1156  0.9980  0.7973 27.0748
  4.3695  3.4819  0.9861  0.3184 30.9594
  3.8295  2.9781  0.9676  0.8388 25.6346
  5.1612  4.4913  0.9937  0.8812 41.9608
  5.4077  3.2932  0.9879  1.7788 28.9499
  3.8010  0.9349  0.9706  1.5320  6.1038
  5.4184  4.0712  0.9865  1.7120 37.3349
  5.9544  3.2990  0.9815  2.4923 29.0117
  5.1117  2.2654  0.9980  0.9841 18.3580
  5.4372  1.5010  0.9680  2.9217 11.0256
  5.2234  2.3264  0.9674  1.0913 18.9660
  4.7815  1.3817  0.9792  0.3630  9.9440
  4.9151  2.7261  0.9942  1.0889 23.0237
  4.8295  4.0343  0.9773  1.5385 36.9312
  5.3859  1.7907  0.9876  0.8400 13.7316
  4.7891  1.9364  0.9906  0.5269 15.1288
  5.1060  2.6136  0.9877  1.0978 21.8698
  4.4115  2.7350  0.9853  2.1786 23.1146
  4.0899  4.3436  0.9893  1.5255 40.3274
  5.4683  2.7084  0.9692  0.8334 22.8416
  5.6311  2.1860  0.9726  0.4490 17.5696
  4.5515  0.4390  0.9824  0.9395  2.4151
  3.6900  0.7860  0.9865  0.9042  4.9189
  3.8849  4.1115  0.9938  0.6834 37.7751
  5.2442  1.5745  0.9748  1.0668 11.7020
  4.3107  3.9863  0.9896  0.6463 36.4069
  4.7541  3.4349  0.9923  1.5617 30.4573
  5.8928  2.4039  0.9722  1.7747 19.7443
  4.0683  2.8472  0.9745  1.1228 24.2735
  5.9834  2.3785  0.9962  2.0642 19.4888
  5.1210  2.3840  0.9874  1.4575 19.5436
  5.5597  3.2266  0.9932  1.7060 28.2444
  4.9445  2.2990  0.9804  1.3443 18.6924
  4.6779  2.2578  0.9730  1.3753 18.2819
  5.1965  3.5740  0.9728  1.5538 31.9459
  5.2070  1.9264  0.9763  0.8136 15.0318
  5.2707  2.4413  0.9770  1.6829 20.1213
  4.6225  3.6377  0.9743  2.2595 32.6301
  5.0693  2.1543  0.9795  1.8716 17.2563
  5.1775  2.0807  0.9759  1.8287 16.5326
  5.2583  4.3111  0.9761  1.0620 39.9686
  4.0520  2.4128  0.9667  0.9140 19.8334
  4.2167  0.3008  0.9795  0.9737  1.5469
  4.2776  3.6828  0.9980  1.7028 33.1166
  5.6922  2.6458  0.9980  2.0659 22.1994
  3.8273  1.8924  0.9898  1.1297 14.7041
  4.5769  1.2457  0.9955  0.3939  8.7359
  5.4273  2.5851  0.9962  0.2371 21.5794
  5.1006  1.4346  0.9668  2.5041 10.4210
  5.3543  3.4102  0.9946  1.3995 30.1935
  4.5716  2.6951  0.9931  1.1665 22.7046
  5.3706  2.8280  0.9670  1.8786 24.0744
  4.9537  0.4720  0.9816  1.0981  2.6343
  5.3362  3.7775  0.9906  1.9917 34.1392
  5.2341  2.5010  0.9947  2.3975 20.7245
  4.7437  2.7113  0.9952  2.0048 22.8716
  4.3666  2.4083  0.9754  1.9124 19.7887
  6.6465  1.7383  0.7689  1.0394 13.2351
  4.5803  3.9046  0.9957  1.8644 35.5178
  5.2919  2.0642  0.9757  0.6564 16.3714
  5.3480  1.1877  0.9842  1.0302  8.2311
  4.9637  2.3693  0.9709  2.3280 19.3963
  6.3064  2.9706  0.9894  0.1980 25.5564
  5.2356  1.5127  0.9699  1.6036 11.1333
  5.1506  0.8927  0.9680  1.7883  5.7627
  4.8962  2.8544  0.9814  0.3208 24.3484
  5.2995  2.3151  0.9677  0.7301 18.8532
  5.4906  2.3903  0.9740  2.2660 19.6074
  5.3256  2.2972  0.9923  2.4006 18.6749
  4.7531  1.7186  0.9777  2.9495 13.0489
  5.5239  1.8713  0.9911  1.3725 14.5017
  5.4810  4.1157  0.9908  2.0393 37.8212
  6.6312  2.5733  0.7129  1.1778 21.4590
  4.7285  4.4151  0.9832  1.3528 41.1166
  5.6802  3.1589  0.9687  1.0197 27.5307
  4.4031  3.1109  0.9873  1.2928 27.0257
  5.2135  2.1791  0.9931  0.9306 17.5011
  5.0043  1.0046  0.9754  1.8245  6.6773
  4.3297  1.6176  0.9964  1.2520 12.1023
  4.9767  1.1044  0.9980  0.1791  7.5161
  3.6482  1.6413  0.9768  1.0410 12.3237
  5.1000  2.2062  0.9918  1.2065 17.7691
  6.0669  2.5447  0.9794  1.6406 21.1683
  4.6953  1.2926  0.9825  0.3981  9.1495
  6.0350  3.5818  0.9799  2.5615 32.0291
  5.8414  3.2458  0.9683  1.6139 28.4474
  5.8580  2.7600  0.9887  1.4217 23.3726
  5.2076  1.2225  0.9952  0.5836  8.5332
  6.0285  1.7167  0.9965  1.0143 13.0306
  5.4909  3.1780  0.9970  2.6748 27.7315
  5.1441  1.8086  0.9949  1.7568 13.9019
  4.6944  1.6558  0.9862  0.4203 12.4592
  5.4628  1.0883  0.9704  0.8099  7.3788
  4.6736  1.9908  0.9685  2.3215 15.6554
  4.7065  1.9073  0.9866  1.3111 14.8478
  5.4818  3.9612  0.9775  1.5407 36.1335
  4.6191  0.9938  0.9750  2.2451  6.5877
  4.4771  3.0274  0.9923  2.2093 26.1503
  4.9358  2.3794  0.9728  2.3146 19.4980
  5.5077  4.1493  0.9679  2.5292 38.1894
  5.2573  4.4984  0.9959  1.2287 42.0386
  4.2833  2.1252  0.9894  1.2732 16.9703
  6.2943  1.6602  0.9963  1.4791 12.5005
  4.3099  2.5545  0.9718  1.0660 21.2683
  5.2579  0.9919  0.9839  1.8173  6.5718
  5.3759  3.5225  0.9687  1.8747 31.3932
  3.9244  2.1965  0.9980  2.4733 17.6735
  6.0841  3.0173  0.9919  0.7858 26.0442
  5.7062  2.9510  0.9931  2.8876 25.3518
  5.2156  3.0541  0.9885  0.7267 26.4297
  5.7812  4.4944  0.9861  1.2348 41.9950
  5.5080  4.0265  0.9801  1.0721 36.8454
  5.0663  1.0655  0.9821  2.9978  7.1862
  5.6537  3.0307  0.9748  2.0784 26.1839
  5.1561  1.2199  0.9773  0.5164  8.5108
  5.8297  1.4245  0.9721  1.4083 10.3298
  5.6697  3.8295  0.9945  0.8137 34.7025
  5.2604  2.7675  0.9933  0.8546 23.4500
  4.6398  0.5269  0.9911  1.2629  3.0097
  4.1859  0.5187  0.9980  1.8133  2.9528
  5.2832  3.1742  0.9707  2.1291 27.6912
  6.2067  3.0357  0.9725  1.2955 26.2368
  6.1757  2.3188  0.9753  1.4752 18.8902
  5.0920  1.0549  0.9714  0.8650  7.0970
  4.2980  0.6310  0.9857  2.6318  3.7506
  6.1874  2.8567  0.9920  0.2185 24.3719
  3.5495  4.1872  0.9840  2.1186 38.6060
  4.3267  2.8823  0.9918  1.1738 24.6373
  5.3627  3.0348  0.9948  1.0439 26.2270
  5.0775  1.6984  0.9861  1.5983 12.8586
  5.2956  2.1961  0.9980  2.0136 17.6691
  4.3344  3.3560  0.9687  2.9699 29.6162
  6.8519  3.6140  0.3852  2.2327 32.3755
  5.8793  2.9681  0.9775  0.3744 25.5305
  5.1132  3.2820  0.9980  1.3360 28.8312
  6.1983  2.9050  0.9777  0.7220 24.8728
  5.5178  2.8864  0.9897  0.5637 24.6801
  5.7471  3.2169  0.9724  0.7731 28.1419
  5.3020  4.1908  0.9757  0.6053 38.6453
  4.2214  3.2330  0.9823  1.1385 28.3125
  4.6650  3.5753  0.9734  1.1049 31.9601
  6.1544  1.5733  0.9876  1.5549 11.6909
  4.4215  3.9580  0.9784  2.0591 36.0993
  5.5907  3.5905  0.9825  1.7404 32.1224
  5.6513  3.6275  0.9980  2.2203 32.5211
  3.9435  2.4806  0.9980  1.6252 20.5177
  6.9352  1.9684  0.6790  0.1211 15.4381
  5.4779  1.7733  0.9976  0.8551 13.5666
  4.0198  1.0392  0.9826  1.8933  6.9652
  5.2731  3.6834  0.9769  2.3618 33.1228
  5.2875  1.9940  0.9735  0.6713 15.6866
  4.9298  4.3931  0.9746  1.5186 40.8735
  5.2417  1.5810  0.9852  1.4479 11.7626
  4.5370  2.8598  0.9926  1.9465 24.4039
  5.6309  4.2440  0.9857  0.4485 39.2298
  4.9779  4.3329  0.9941  0.2615 40.2084
  4.3834  3.2570  0.9738  1.8171 28.5668
  4.2843  3.2568  0.9973  1.1062 28.5641
  5.1914  3.7641  0.9976  2.3761 33.9942
  4.5975  2.4966  0.9914  1.0913 20.6805
  5.0208  4.3948  0.9757  1.4020 40.8925
  5.2259  2.5879  0.9968  1.8337 21.6077
  5.7859  4.2143  0.9910  1.2467 38.9036
  5.5265  1.7830  0.9796  2.2170 13.6583
  4.7807  2.5902  0.9884  0.8243 21.6316
  4.7264  3.4975  0.9849  1.7220 31.1259
  5.3975  2.2939  0.9742  1.4637 18.6421
  5.0213  2.2266  0.9749  1.1363 17.9721
  4.7418  1.1636  0.9959  0.7264  8.0228
  5.0012  1.2869  0.9782  2.1615  9.0989
  4.9421  4.3594  0.9911  1.8746 40.5011
  4.8348  4.1479  0.9708  0.5812 38.1746
  4.6784  2.9259  0.9829  2.0489 25.0907
  5.1767  1.8034  0.9700  0.4002 13.8525
  5.5266  3.4730  0.9899  2.7707 30.8641
  4.7752  3.1031  0.9837  0.3822 26.9438
  5.0492  1.1213  0.9898  1.0726  7.6600
  5.0719  4.4419  0.9859  1.4855 41.4136
  5.1780  1.5992  0.9708  0.7801 11.9318
  6.4538  3.8125  0.9616  1.2728 34.5182
  6.4084  2.2622  0.9757  1.9045 18.3254
  4.7130  4.1168  0.9815  1.7409 37.8339
  4.0541  2.2368  0.9696  1.8011 18.0733
  5.1836  2.5228  0.9771  0.6688 20.9456
  6.2796  3.5117  0.9908  0.7615 31.2780
  4.7368  2.8651  0.9734  2.0342 24.4595
  3.9398  0.9639  0.9758  0.8416  6.3412
  5.0389  1.7922  0.9824  0.5500 13.7456
  4.7957  1.1018  0.9942  0.1713  7.4931
  5.4149  2.7308  0.9717  0.8188 23.0716
  5.4049  3.3294  0.9980  1.8571 29.3334
  6.7104  4.3669  0.6929  1.8390 40.5842
  5.2641  2.5413  0.9749  1.1077 21.1334
  6.2329  3.1262  0.9954  2.7151 27.1859
  4.7031  1.3698  0.9965  1.0360  9.8365
  4.8481  2.4940  0.9670  2.5318 20.6541
  4.0106  1.9398  0.9699  1.3069 15.1612
  5.5347  2.1008  0.9980  1.0716 16.7304
  4.7857  2.7052  0.9797  0.8837 22.8082
  4.5253  2.1031  0.9883  2.2564 16.7522
  5.2102  1.5803  0.9923  0.6723 11.7562
  4.5690  2.5605  0.9791  0.9453 21.3289
  6.0031  3.1222  0.9771  2.0815 27.1439
  5.2531  2.2056  0.9914  0.5188 17.7636
  3.6582  1.9948  0.9696  2.0143 15.6941
  5.1941  1.7419  0.9767  0.9910 13.2689
  5.2794  3.2119  0.9936  0.4967 28.0895
  5.9450  2.6938  0.9674  0.2872 22.6911
  5.4494  2.8439  0.9821  1.9732 24.2391
  5.1898  1.9999  0.9672  1.2295 15.7438
  5.4559  2.3760  0.9760  1.5495 19.4635
  5.8857  3.6719  0.9914  2.7355 32.9989
  4.3108  4.0203  0.9966  2.7490 36.7785
  5.0389  2.8036  0.9714  0.1432 23.8220
  4.9696  0.5576  0.9976  0.6217  3.2242
  4.8278  2.6013  0.9773  0.3341 21.7444
  3.8601  2.5218  0.9843  2.1706 20.9361
  5.3613  1.8393  0.9875  0.9257 14.1955
  6.2656  4.1306  0.9862  1.8100 37.9848
  4.5903  1.4130  0.9848  2.3901 10.2258
  6.6833  2.1674  0.6539  1.4344 17.3859
  5.4093  3.1777  0.9725  1.4596 27.7286
  5.1675  4.0128  0.9946  1.9882 36.6959
  5.0298  2.9295  0.9813  2.2726 25.1285
  4.3951  2.1137  0.9856  1.8842 16.8563
  5.6875  3.8853  0.9842  1.1007 35.3081
  5.0649  4.0436  0.9703  1.4692 37.0329
  3.6785  1.6167  0.9753  1.5690 12.0941
  5.5212  3.7025  0.9945  1.8603 33.3285
  5.2808  3.8263  0.9735  2.4570 34.6671
  4.2945  1.3092  0.9869  0.5339  9.2963
  5.5030  2.0437  0.9705  0.8823 16.1705
  4.7624  1.6835  0.9952  0.5104 12.7185
  4.7167  2.1630  0.9853  2.0194 17.3419
  5.0617  1.3264  0.9904  1.1689  9.4489
  5.2798  1.4064  0.9798  1.0561 10.1658
  5.5101  2.5661  0.9980  1.9696 21.3862
  4.6250  0.6064  0.9726  0.7581  3.5721
  5.0934  2.3638  0.9978  0.7079 19.3415
  4.8026  2.3297  0.9718  0.9313 18.9992
  5.0967  3.8865  0.9884  1.3977 35.3210
  6.1101  2.5105  0.9742  2.0126 20.8211
  4.7998  1.6092  0.9748  0.1385 12.0241
  5.0818  2.1299  0.9679  0.6898 17.0164
  3.6159  4.2893  0.9954  0.8770 39.7278
  6.6191  3.8271  0.7303  2.1478 34.6763
  5.2005  3.3880  0.9762  0.6233 29.9568
  4.9988  1.7004  0.9903  1.2095 12.8778
  5.1263  3.7550  0.9860  1.4183 33.8958
  5.1249  0.8300  0.9453  0.9403  5.2629
  3.6802  2.2573  0.9905  1.4221 18.2767
  5.0741  0.7106  0.9897  0.1833  4.3412
  5.3177  2.2673  0.9804  0.8063 18.3765
  3.8945  2.6307  0.9779  2.3421 22.0452
  5.1726  3.5029  0.9889  0.8843 31.1835
  4.8320  1.5402  0.9864  2.4878 11.3856
  4.7858  2.5620  0.9839  2.8634 21.3445
  4.3403  2.2626  0.9724  0.5667 18.3297
  6.7322  2.8497  0.6507  2.0508 24.2996
  4.6193  2.5161  0.9929  0.2680 20.8778
  4.1783  4.4892  0.9841  1.8941 41.9370
  5.0033  0.5342  0.9950  0.7912  3.0601
  6.1059  4.1503  0.9694  0.9241 38.2009
  4.6499  3.1190  0.9853  1.9214 27.1100
  3.9865  0.7889  0.9870  2.1546  4.9414
  5.0607  1.5126  0.9682  1.9698 11.1320
  5.4008  0.7650  0.9950  0.4367  4.7563
  5.5573  2.6617  0.9675  1.6437 22.3621
  5.9690  3.5772  0.9705  1.6292 31.9803
  6.9705  1.9321  0.5315  2.4140 15.0867
  5.7218  2.7454  0.9913  2.7934 23.2221
  4.3205  1.7838  0.9962  1.2577 13.6658
  4.6662  4.4853  0.9884  0.7139 41.8943
  4.7907  3.2348  0.9739  1.7438 28.3309
  5.4059  3.9630  0.9675  0.7767 36.1537
  4.2722  4.1648  0.9736  1.2647 38.3591
  5.3018  3.3767  0.9713  0.6457 29.8369
  4.8359  2.5409  0.9780  1.0466 21.1297
  5.1586  1.6538  0.9974  1.4298 12.4406
  5.2948  4.0495  0.9796  0.4447 37.0972
  6.2323  4.4361  0.9831  1.1977 41.3485
  6.0041  1.0058  0.9699  0.5340  6.6867
  5.7964  1.9507  0.9770  1.9304 15.2673
  4.8957  2.6938  0.9870  1.8155 22.6914
  5.0255  2.6785  0.9806  1.5155 22.5341
  4.8263  3.6651  0.9936  1.3779 32.9249
  4.7833  0.9097  0.9980  0.8860  5.8994
  5.7852  4.3388  0.9857  2.1610 40.2739
  5.2744  1.0816  0.9961  0.8677  7.3225
  5.0283  3.5251  0.9772  1.1648 31.4209
  5.9439  4.2826  0.9793  1.7802 39.6549
  3.9114  1.8634  0.9808  0.5522 14.4257
  5.7938  2.8742  0.9754  1.3520 24.5530
  4.7522  1.2624  0.9979  1.8397  8.8829
  5.7276  2.4604  0.9691  1.3228 20.3142
  4.2508  3.0127  0.9820  0.7460 25.9961
  4.3392  2.1636  0.9934  0.6956 17.3483
  4.6114  3.7559  0.9680  1.1676 33.9053
  5.0912  0.9734  0.9925  1.6368  6.4194
  4.8317  2.4511  0.9836  0.1969 20.2202
  5.7630  4.1437  0.9980  1.5632 38.1280
  6.5797  1.3392  0.8354  1.5898  9.5633
  4.8749  2.8511  0.9791  0.9223 24.3140
  4.7852  2.1387  0.9913  1.3657 17.1027
  4.1296  3.9895  0.9908  1.6959 36.4418
  5.8539  2.5321  0.9702  1.0079 21.0401
  5.0841  2.2483  0.9934  2.2998 18.1876
  5.1981  0.9040  0.9979  1.7335  5.8535
  5.6035  4.1783  0.9941  2.4279 38.5083
  6.4480  3.5652  0.8939  1.1009 31.8515
  4.0156  2.9199  0.9919  1.5642 25.0279
  4.4862  2.0985  0.9874  0.8961 16.7071
  4.2597  3.7618  0.9961  1.9858 33.9686
  5.3580  4.2218  0.9811  0.7394 38.9857
  4.6104  3.5783  0.9690  2.1651 31.9917
  5.0475  1.1556  0.9979  0.6062  7.9535
  6.1600  3.2649  0.9926  2.2227 28.6503
  3.8395  3.3059  0.9687  1.6116 29.0842
  5.2826  4.3858  0.9956  1.5430 40.7928
  5.3844  1.7193  0.9899  0.4234 13.0552
  4.2858  1.8763  0.9822  2.1439 14.5501
  5.0669  0.7024  0.9913  0.4510  4.2795
  3.7562  1.5042  0.9818  2.1507 11.0549
  5.3307  3.6676  0.9902  1.5654 32.9522
  4.3291  3.0168  0.9676  2.6813 26.0386
  4.8112  2.8187  0.9977  1.2316 23.9788
  5.3690  3.9258  0.9980  1.8262 35.7477
  4.6484  0.7380  0.9951  2.7410  4.5490
  5.5361  2.9652  0.9823  1.1375 25.5001
  4.6913  3.4057  0.9732  2.4940 30.1452
  4.6551  3.3618  0.9769  1.3839 29.6779
  5.3244  3.2679  0.9880  2.1950 28.6821
  5.0899  2.1179  0.9713  0.1976 16.8985
  4.9425  2.5647  0.9887  1.2512 21.3712
  5.8069  3.2058  0.9939  1.3986 28.0246
  4.9583  2.8721  0.9904  1.8749 24.5315
  5.0246  2.5082  0.9974  0.8921 20.7980
  4.4369  1.8240  0.9689  1.7775 14.0486
  5.6370  3.1797  0.9821  1.1677 27.7492
  5.0583  3.0787  0.9761  0.3776 26.6873
  5.2740  3.2381  0.9909  1.3417 28.3663
  6.8798  2.6337  0.4808  1.9134 22.0760
  3.8789  4.3407  0.9939  1.4735 40.2944
  5.2712  1.2720  0.9755  0.5572  8.9674
  5.2726  2.8486  0.9960  2.2958 24.2883
  4.7438  3.7916  0.9748  2.0304 34.2915
  6.6913  2.8509  0.7450  0.3595 24.3116
  5.7053  3.8556  0.9956  2.2449 34.9852
  4.7650  1.9492  0.9683  1.4730 15.2519
  5.1215  3.0851  0.9976  0.2235 26.7544
  5.1968  3.7199  0.9763  1.0630 33.5170
  5.3549  1.5850  0.9838  0.6362 11.7995
  5.0930  2.9338  0.9678  1.8779 25.1724
  4.8726  4.4121  0.9862  1.1378 41.0839
  5.5639  1.8307  0.9933  0.7694 14.1127
  5.1917  0.9770  0.9980  1.3194  6.4487
  5.4760  3.0553  0.9744  0.0841 26.4422
  3.7684  0.8178  0.9713  0.7762  5.1671
  4.9766  1.8573  0.9710  1.8566 14.3670
  5.2957  4.1229  0.9862  1.6659 37.8997
  4.6364  0.9920  0.9825  1.8190  6.5725
  5.4408  1.7005  0.9740  1.8448 12.8780
  4.3187  3.0870  0.9676  1.2257 26.7743
  5.3979  0.7531  0.9789  2.0369  4.6648
  4.3063  3.0742  0.9980  0.4570 26.6400
  5.1387  1.9894  0.9681  0.2772 15.6418
  5.1704  0.7937  0.9952  1.3859  4.9784
  5.3920  3.5474  0.9791  0.8939 31.6604
  4.5539  2.7726  0.9677  0.5118 23.5024
  4.8193  3.5168  0.9687  1.8567 31.3320
  6.6401  3.2602  0.9869  2.3904 28.6002
  4.7222  3.2103  0.9858  2.0885 28.0721
  5.2128  1.6671  0.9886  2.0008 12.5651
  5.8851  3.1722  0.9669  1.0198 27.6709
  5.0516  2.2134  0.9781  2.8118 17.8412
  5.4051  2.0138  0.9899  0.9069 15.8796
  4.7262  4.1931  0.9769  1.4662 38.6700
  5.7930  4.2963  0.9925  2.7592 39.8059
  6.0483  3.1996  0.9938  1.2670 27.9595
  5.1491  3.0137  0.9790  2.3011 26.0065
  4.7538  1.3321  0.9812  1.1657  9.5001
  5.1765  1.2661  0.9833  0.8687  8.9157
  4.6174  1.7753  0.9953  0.8298 13.5855
  5.2502  0.8108  0.9672  1.3377  5.1124
  5.3052  1.5071  0.9727  1.1733 11.0816
  4.9265  4.0570  0.9813  1.0635 37.1793
  5.8288  2.2076  0.9847  0.4932 17.7834
  5.2989  3.8141  0.9980  2.2612 34.5350
  5.7372  3.5865  0.9728  0.6254 32.0802
  5.4553  3.1875  0.9715  0.7273 27.8315
  5.1550  2.4272  0.9823  1.9237 19.9791
  5.3392  4.3316  0.9829  1.0119 40.1948
  5.0285  4.4237  0.9837  0.3843 41.2115
  5.2885  3.6943  0.9816  1.6501 33.2403
  5.9306  2.9693  0.9968  1.3023 25.5428
  5.4093  3.8936  0.9725  1.1683 35.3979
  5.6649  2.9335  0.9780  1.1184 25.1697
  4.5344  2.2674  0.9872  0.8297 18.3776
  5.1335  4.3315  0.9785  1.3680 40.1934
  5.2686  4.1034  0.9832  0.3664 37.6867
  4.9155  3.9670  0.9972  1.5541 36.1966
  4.3988  4.3371  0.9956  0.3340 40.2552
  4.7649  4.3294  0.9801  0.5832 40.1707
  3.9274  1.3071  0.9913  1.3398  9.2777
  5.4734  3.0245  0.9774  2.5732 26.1198
  5.6452  2.6323  0.9980  1.1278 22.0617
  6.6756  2.9737  0.7651  1.6580 25.5884
  4.4509  2.8284  0.9775  0.6431 24.0789
  5.2996  3.1568  0.9831  0.6557 27.5083
  4.9625  3.1442  0.9946  1.2084 27.3753
  4.5049  1.3776  0.9846  2.1746  9.9067
  5.1277  1.0480  0.9724  0.9978  7.0389
  5.1552  2.6466  0.9715  0.3668 22.2081
  5.0537  0.2956  0.7276  0.6371  1.5159
  5.4788  1.6153  0.9927  0.2293 12.0811
  5.5539  2.6155  0.9669  0.4708 21.8898
  4.6536  1.8013  0.9808  2.3672 13.8322
  5.2660  3.6179  0.9742  0.4864 32.4176
  6.1490  2.7424  0.9929  1.1282 23.1908
  5.0918  3.0425  0.9815  1.1301 26.3079
  4.6583  3.8975  0.9680  1.5718 35.4403
  4.5253  2.5160  0.9731  1.3531 20.8768
  5.0442  0.9054  0.9933  2.4528  5.8643
  5.2052  3.3890  0.9880  1.6163 29.9676
  5.3740  1.1942  0.9764  1.7165  8.2870
  4.9833  2.5882  0.9813  1.2072 21.6115
  5.9244  3.2699  0.9980  1.0968 28.7030
  5.5462  1.1577  0.9980  1.7924  7.9720
  4.5327  2.9858  0.9864  1.3449 25.7155
  4.0869  3.6332  0.9822  1.5068 32.5815
  4.9566  1.9026  0.9775  1.1219 14.8026
  4.2002  3.8225  0.9921  1.4593 34.6269
  5.3678  3.0960  0.9807  1.5208 26.8687
  5.2247  1.4869  0.9900  0.1466 10.8967
  4.7388  1.7425  0.9960  0.3092 13.2743
  4.9335  1.8597  0.9713  1.2196 14.3909
  5.0822  4.2786  0.9948  0.8422 39.6107
  5.3027  2.9072  0.9843  0.8992 24.8960
  5.2945  0.9300  0.9826  1.6386  6.0640
  5.4838  3.3437  0.9860  2.0926 29.4853
  5.1944  0.9006  0.9945  1.0417  5.8259
  5.4902  0.7746  0.9836  0.3551  4.8304
  3.8575  1.0232  0.9698  1.8726  6.8312
  5.5058  2.6800  0.9965  0.6168 22.5502
  4.4192  4.4412  0.9809  1.3973 41.4057
  4.4602  1.5005  0.9758  1.8360 11.0216
  5.2605  2.4037  0.9788  0.1837 19.7419
  5.9848  4.4473  0.9798  1.9625 41.4732
  4.3121  4.1125  0.9851  0.9404 37.7863
  4.8173  3.5550  0.9863  1.7697 31.7417
  5.8284  2.8842  0.9883  0.2968 24.6567
  4.9475  1.8791  0.9776  0.9618 14.5766
  4.6534  3.0639  0.9894  1.3286 26.5320
  5.5492  2.5188  0.9980  1.6635 20.9050
  5.9929  3.5920  0.9727  2.9034 32.1387
  4.6683  3.7435  0.9895  1.3576 33.7717
  5.4766  3.1732  0.9812  1.2100 27.6811
  6.3112  3.5643  0.9788  1.7651 31.8412
  6.6347  3.9483  0.9188  0.9558 35.9932
  6.1312  2.7745  0.9928  0.7993 23.5219
  5.4616  2.3351  0.9865  1.3809 19.0534
  4.5626  1.5594  0.9919  1.5529 11.5629
  5.4185  3.1362  0.9957  0.1150 27.2912
  4.4389  2.2745  0.9878  1.1290 18.4482
  5.1036  1.3704  0.9955  2.0416  9.8426
  5.1622  3.3373  0.9868  2.4856 29.4182
