  5.5596  2.5307  0.9738  1.5613 21.0265
  5.8616  4.4568  0.9683  1.5278 41.5779
  4.9732  1.9077  0.9771  2.2412 14.8517
  5.2908  1.6335  0.9828  1.6960 12.2511
  5.4350  3.3952  0.9691  2.4437 30.0332
  5.3729  2.2176  0.9820  1.0752 17.8828
  6.4619  2.1810  0.9262  1.0068 17.5203
  5.7154  2.6933  0.9884  2.3708 22.6866
  5.1893  5.1999  0.9902  0.5744 49.8914
  5.3677  3.7547  0.9922  0.6323 33.8921
  3.6943  5.3308  0.9728  1.5132 51.3723
  4.5978  4.3736  0.9965  0.2771 40.6577
  4.5165  3.0944  0.9930  2.5890 26.8521
  5.3861  2.9779  0.9667  1.4467 25.6329
  4.7277  3.7427  0.9915  0.9911 33.7629
  5.5772  2.5024  0.9810  0.6730 20.7386
  6.0853  2.5849  0.9814  1.7616 21.5779
  4.0605  4.5129  0.9834  2.2843 42.1998
  5.2322  1.7536  0.9822  0.5747 13.3800
  5.2070  1.0990  0.9736  0.4425  7.4696
  5.4605  0.5356  0.9864  2.2111  3.0702
  5.1402  1.8156  0.9904  0.7062 13.9688
  4.4866  1.4484  0.9698  0.6445 10.5466
  4.7285  2.4931  0.9980  1.6993 20.6447
  4.0338  1.9990  0.9830  1.7224 15.7355
  5.3529  2.3574  0.9740  2.5608 19.2770
  4.0565  5.1451  0.9839  1.2628 49.2730
  5.8009  3.1665  0.9896  2.2650 27.6104
  4.0520  5.4803  0.9690  1.2709 53.0689
  3.8212  1.7637  0.9829  1.0734 13.4755
  4.7516  4.4424  0.9813  1.9891 41.4190
  4.9555  5.1732  0.9765  1.1614 49.5896
  4.9328  3.3369  0.9971  1.6375 29.4140
  5.3863  3.7803  0.9767  1.5609 34.1689
  5.7552  3.3662  0.9878  1.4526 29.7246
  4.1335  4.6259  0.9682  1.3907 43.4547
  5.5597  2.8892  0.9958  1.4316 24.7088
  5.2786  2.0759  0.9689  1.2274 16.4858
  4.8776  3.6117  0.9823  0.5807 32.3508
  4.9398  2.8807  0.9980  1.9100 24.6207
  6.2278  3.3091  0.9980  0.9459 29.1184
  5.4583  3.6804  0.9800  1.6480 33.0897
  4.7526  1.3574  0.9903  2.1332  9.7254
  3.8111  5.8830  0.9883  1.6349 57.6672
  6.6546  2.6414  0.6728  0.8337 22.1547
  4.9918  1.5937  0.9856  0.6929 11.8802
  5.6770  3.8517  0.9869  1.9713 34.9430
  4.0669  4.4484  0.9818  0.1829 41.4857
  4.7594  0.9108  0.9861  1.0241  5.9084
  5.4405  2.0349  0.9980  1.8483 16.0846
  5.5749  4.6849  0.9722  1.1209 44.1124
  4.6939  1.0439  0.9970  1.4874  7.0050
  5.1500  4.7057  0.9737  3.0609 44.3439
  5.1309  3.0144  0.9718  1.6410 26.0138
  3.7973  6.0207  0.9669  2.0306 59.2478
  6.3867  2.8668  0.9776  1.9331 24.4763
  5.0909  1.5990  0.9738  0.8734 11.9297
  5.2684  1.3853  0.9874  1.0886  9.9763
  5.8805  2.4227  0.9980  1.1323 19.9330
  5.5766  1.2496  0.9980  0.9028  8.7703
  4.8288  2.4237  0.9898  1.6734 19.9433
  5.1975  2.0866  0.9762  1.5943 16.5912
  5.1355  4.5308  0.9705  0.1893 42.3985
  4.5598  4.5763  0.9749  2.6421 42.9037
  4.6117  2.8741  0.9862  1.1328 24.5521
  4.9850  2.8601  0.9800  1.6406 24.4069
  5.1191  3.0725  0.9776  1.6921 26.6226
  4.9769  2.3841  0.9785  0.4502 19.5446
  4.7075  1.7085  0.9858  0.5367 12.9534
  5.4347  4.1767  0.9736  2.4171 38.4897
  5.4047  2.1095  0.9671  0.7436 16.8156
  5.5947  2.6058  0.9903  2.6817 21.7906
  5.5285  4.0153  0.9853  2.0484 36.7232
  5.2745  6.0106  0.9883  0.5313 59.1324
  4.9677  2.3283  0.9897  0.6336 18.9854
  6.9248  1.1330  0.5429  1.7995  7.7596
  5.0745  1.0024  0.9887  1.4373  6.6588
  5.0228  0.5890  0.9874  0.7760  3.4472
  4.9554  2.3507  0.9864  2.5649 19.2094
  4.4182  3.4729  0.9791  0.7576 30.8630
  6.0959  3.8127  0.9793  0.1822 34.5204
  4.6815  2.2135  0.9839  1.5246 17.8415
  5.4827  2.9204  0.9887  1.5803 25.0333
  5.4611  3.9124  0.9842  1.8376 35.6025
  4.8919  1.5588  0.9856  1.1148 11.5575
  3.7213  1.6556  0.9980  0.9294 12.4574
  6.8351  3.1885  0.5266  2.8648 27.8427
  4.7745  2.7356  0.9821  1.4351 23.1209
  5.3796  3.3492  0.9749  2.7058 29.5445
  5.0716  2.6268  0.9946  1.2129 22.0053
  5.6720  5.3569  0.9956  2.4245 51.6677
  4.8837  3.7031  0.9746  2.6094 33.3349
  5.6570  3.7193  0.9716  0.9605 33.5096
  5.4060  2.4148  0.9900  1.7380 19.8540
  5.4556  1.6898  0.9878  1.7904 12.7779
  4.9328  4.0710  0.9924  0.9745 37.3323
  4.3709  2.3897  0.9828  0.5483 19.6011
  4.5317  1.2671  0.9740  1.6749  8.9239
  4.3769  4.5354  0.9784  1.7574 42.4496
  5.9117  3.3374  0.9715  2.7273 29.4191
  6.5464  2.1593  0.7698  1.3122 17.3053
  4.9446  1.3840  0.9918  0.5034  9.9639
  4.6310  1.5573  0.9952  2.7971 11.5436
  5.4199  2.6442  0.9730  0.7253 22.1829
  4.5321  5.2611  0.9770  0.7962 50.5830
  5.2527  1.9877  0.9882  0.3968 15.6256
  5.5688  3.0135  0.9856  1.8199 26.0040
  4.5411  4.7172  0.9970  1.1236 44.4726
  5.4688  3.7523  0.9679  0.6116 33.8661
  5.5033  1.5727  0.9980  1.1794 11.6854
  4.2695  1.3216  0.9919  0.6258  9.4060
  5.3225  0.8512  0.9967  0.3864  5.4308
  5.1497  1.8766  0.9671  1.6322 14.5521
  5.5751  1.3570  0.9980  0.6468  9.7218
  4.5919  4.3251  0.9693  1.6169 40.1230
  4.7597  1.6305  0.9871  1.6682 12.2228
  3.9087  0.7872  0.9845  1.4042  4.9280
  5.3997  2.9113  0.9886  1.0140 24.9388
  6.5473  0.7523  0.9282  2.2262  4.6590
  4.7481  4.2245  0.9867  0.9741 39.0153
  3.6627  3.0031  0.9811  1.1229 25.8954
  5.5914  4.3791  0.9819  1.7828 40.7191
  4.5063  6.0030  0.9725  1.8825 59.0451
  4.4121  2.4254  0.9772  2.9652 19.9605
  5.2198  1.7260  0.9767  1.2082 13.1188
  5.1992  1.7969  0.9764  1.6808 13.7904
  5.6205  2.0326  0.9738  1.4302 16.0623
  5.3697  2.7902  0.9811  0.9767 23.6844
  4.8851  3.2857  0.9923  1.2847 28.8708
  5.6865  1.7966  0.9741  2.1468 13.7882
  3.5019  3.6566  0.9717  2.3739 32.8338
  4.6499  6.3119  0.9878  2.1388 62.6054
  5.5673  2.9332  0.9949  0.5289 25.1670
  4.7890  1.8825  0.9843  1.5023 14.6095
  3.8175  2.0208  0.9778  0.7246 15.9477
  5.1871  3.0789  0.9805  1.6292 26.6898
  4.6517  3.5805  0.9704  1.3112 32.0159
  3.7664  0.4889  0.9961  2.1881  2.7486
  5.2717  5.2294  0.9980  2.3748 50.2248
  5.0780  3.4492  0.9777  1.0268 30.6094
  6.0087  3.7057  0.9715  0.9693 33.3630
  4.4555  2.1831  0.9918  0.8255 17.5413
  3.7568  3.6710  0.9980  1.6717 32.9887
  4.6836  2.3691  0.9952  2.5072 19.3943
  4.1336  4.6214  0.9916  0.4425 43.4046
  4.3297  4.5639  0.9780  0.9383 42.7658
  4.8599  0.6840  0.9953  0.8738  4.1418
  4.5450  3.1639  0.9854  0.5767 27.5827
  5.1817  3.0329  0.9950  2.7300 26.2075
  5.1488  2.2047  0.9712  0.3609 17.7547
  5.4819  1.7834  0.9929  0.5939 13.6622
  5.3036  3.5200  0.9913  0.6763 31.3663
  5.0519  3.8207  0.9682  0.5713 34.6069
  5.3449  1.3852  0.9796  0.6822  9.9748
  5.5886  1.9016  0.9949  1.9286 14.7934
  6.7991  3.3159  0.5854  1.9422 29.1904
  4.9880  2.6927  0.9905  0.7943 22.6805
  5.0853  3.9083  0.9727  0.8221 35.5583
  6.0385  1.7805  0.9980  1.2545 13.6342
  5.2275  2.4047  0.9690  2.5817 19.7520
  4.9658  4.6846  0.9692  2.4192 44.1089
  5.8741  4.3232  0.9948  0.6451 40.1019
  5.6773  2.1690  0.9830  0.6748 17.4013
  4.9136  4.6075  0.9867  1.0957 43.2499
  4.2062  4.8026  0.9846  0.8647 45.4264
  5.4777  5.9086  0.9694  1.2452 57.9603
  4.8198  2.0531  0.9976  2.4202 16.2631
  5.7515  2.7675  0.9738  0.4738 23.4497
  4.8250  3.1287  0.9926  2.6240 27.2127
  4.5919  1.6413  0.9784  0.5048 12.3236
  5.5433  3.2298  0.9888  1.3516 28.2781
  5.1801  3.3226  0.9897  0.7374 29.2618
  3.9682  2.6600  0.9734  1.4713 22.3453
  4.7010  3.3005  0.9692  0.6767 29.0267
  4.4596  5.8458  0.9705  0.1397 57.2410
  5.3235  2.5967  0.9967  2.0079 21.6980
  5.3427  3.2261  0.9974  2.5141 28.2399
  3.8814  3.3639  0.9980  0.8653 29.7010
  4.5042  0.5188  0.9891  2.3679  2.9536
  6.3005  1.7084  0.9703  0.9918 12.9525
  5.4477  2.0194  0.9790  0.9953 15.9342
  5.5969  1.4722  0.9715  2.1836 10.7624
  5.8432  3.2471  0.9839  0.8682 28.4611
  4.4024  1.7687  0.9939  1.6515 13.5229
  4.2326  0.7335  0.9965  1.2038  4.5153
  5.3508  2.3138  0.9862  0.2122 18.8406
  5.2067  5.1398  0.9794  1.0223 49.2133
  6.3079  1.1553  0.9752  1.0458  7.9511
  4.0048  4.0241  0.9909  2.3794 36.8194
  3.7750  4.1571  0.9671  1.0707 38.2753
  5.0355  4.2701  0.9893  0.3522 39.5174
  4.5292  1.5172  0.9844  1.3995 11.1743
  5.4194  4.0470  0.9744  1.2503 37.0693
  5.7235  2.2763  0.9699  1.0600 18.4660
  4.9403  4.1406  0.9927  2.7747 38.0938
  4.8541  4.3629  0.9919  1.3112 40.5396
  3.6948  3.8319  0.9930  1.5797 34.7279
  5.6481  2.1942  0.9898  1.5862 17.6505
  4.6866  5.2498  0.9864  0.8299 50.4554
  4.2568  3.3499  0.9824  1.1516 29.5517
  6.3891  1.5749  0.9890  1.4107 11.7064
  5.2093  2.7648  0.9949  0.4192 23.4220
  5.9739  3.9495  0.9791  1.2117 36.0064
  5.1697  0.9127  0.9835  1.3542  5.9236
  5.1602  1.1505  0.9714  1.5982  7.9099
  3.7045  2.7782  0.9938  1.5254 23.5603
  4.8881  0.3644  0.9446  2.1442  1.9358
  4.8417  2.1424  0.9879  1.0355 17.1388
  5.3702  3.4674  0.9875  2.4052 30.8037
  5.2945  3.6773  0.9783  0.9699 33.0571
  5.0154  2.9753  0.9769  2.0865 25.6056
  4.3989  3.5914  0.9928  1.7913 32.1328
  5.4784  1.0309  0.9825  3.1149  6.8957
  5.4540  1.8079  0.9980  1.2207 13.8953
  3.6639  3.9158  0.9726  1.2566 35.6391
  5.1863  4.1615  0.9899  0.6085 38.3236
  4.1832  4.2858  0.9911  2.5532 39.6898
  5.1053  3.5356  0.9925  0.5193 31.5335
  4.4702  5.8325  0.9814  1.2637 57.0887
  5.9757  4.1061  0.9694  1.2934 37.7159
  5.4602  3.2753  0.9953  1.2712 28.7602
  5.0660  2.4889  0.9980  0.8139 20.6018
  5.7469  2.2721  0.9980  0.6818 18.4242
  4.7868  3.7293  0.9980  1.4837 33.6180
  6.1497  0.7119  0.9797  0.1063  4.3515
  5.3784  3.2522  0.9789  0.3984 28.5156
  4.9712  3.1405  0.9687  2.9328 27.3362
  5.5276  2.4143  0.9841  1.9729 19.8489
  5.4084  1.7115  0.9928  1.4235 12.9820
  5.2920  5.8333  0.9923  1.6931 57.0978
  5.1842  3.4042  0.9980  1.1467 30.1299
  3.8606  5.5337  0.9705  0.5846 53.6768
  4.3886  1.6240  0.9889  1.7609 12.1617
  4.0101  1.4440  0.9917  2.5435 10.5060
  5.1235  2.6505  0.9700  1.5113 22.2474
  4.6765  4.1411  0.9980  0.3198 38.0995
  4.8736  1.7979  0.9887  0.0574 13.8006
  4.8568  4.7574  0.9830  2.1677 44.9215
  4.8076  2.0346  0.9702  1.2427 16.0818
  5.9968  3.0734  0.9793  1.8518 26.6318
  5.6702  1.2854  0.9872  2.7140  9.0861
  4.7942  1.7761  0.9673  2.7212 13.5927
  5.3762  1.3688  0.9956  1.7040  9.8282
  4.7115  2.2871  0.9751  2.4570 18.5741
  5.4997  1.7831  0.9934  1.6295 13.6594
  5.1847  1.2546  0.9924  1.6855  8.8147
  4.5338  0.6373  0.9892  0.8506  3.7961
  5.2812  3.5968  0.9843  1.7909 32.1905
  5.4118  3.1113  0.9806  1.8645 27.0292
  5.4770  2.3178  0.9720  2.2867 18.8801
  5.5381  1.5527  0.9856  1.5809 11.5010
  5.1881  2.0501  0.9970  1.6449 16.2330
  5.7717  0.7738  0.9921  1.6906  4.8240
  4.2303  5.1229  0.9681  0.4307 49.0221
  5.0509  1.0313  0.9966  1.9724  6.8992
  4.4623  1.0814  0.9908  0.6642  7.3203
  5.1486  2.4322  0.9980  0.8945 20.0289
  5.3631  1.5037  0.9936  2.1169 11.0506
  4.7796  4.2217  0.9698  2.4221 38.9847
  5.9826  3.4590  0.9931  2.4838 30.7148
  5.6322  1.0377  0.9935  1.4545  6.9530
  5.3546  3.5311  0.9953  1.5139 31.4853
  4.4042  0.8408  0.9725  1.7963  5.3486
  5.5820  2.0231  0.9726  0.8795 15.9701
  6.2601  2.8341  0.9797  0.8003 24.1373
  5.4803  0.5515  0.9676  1.7961  3.1814
  5.5211  4.7490  0.9883  0.5612 44.8268
  3.9721  2.1434  0.9980  2.1851 17.1489
  5.5233  3.7443  0.9916  1.7861 33.7803
  3.9200  1.0219  0.9706  1.3714  6.8205
  5.0220  4.0734  0.9876  1.1676 37.3585
  5.0900  3.0176  0.9667  0.1411 26.0469
  5.7079  4.0127  0.9792  0.6271 36.6956
  5.2511  1.5461  0.9870  1.2834 11.4405
  5.3063  6.2778  0.9769  1.7011 62.2108
  4.9155  1.0577  0.9833  2.2275  7.1210
  4.4782  3.9108  0.9670  0.1878 35.5850
  5.2662  4.1408  0.9829  2.8449 38.0963
  5.2078  1.6799  0.9686  0.9176 12.6850
  3.7413  6.1389  0.9777  2.2331 60.6089
  4.7532  2.7315  0.9806  1.3175 23.0793
  4.9740  2.4489  0.9759  1.6021 20.1980
  5.0192  3.8164  0.9676  0.6525 34.5606
  5.0532  3.3801  0.9952  1.3733 29.8730
  5.4122  2.4703  0.9790  0.5582 20.4143
  5.7820  1.7104  0.9977  2.2684 12.9718
  4.7168  2.8528  0.9962  0.8277 24.3312
  5.1375  2.5566  0.9963  0.9481 21.2892
  4.7486  4.0808  0.9930  0.6603 37.4389
  5.1824  2.7483  0.9800  0.1778 23.2521
  4.8696  4.1447  0.9733  1.8930 38.1392
  6.2562  3.5914  0.9781  1.1697 32.1329
  4.3546  3.6232  0.9685  1.2858 32.4742
  6.2819  3.6172  0.9835  0.7775 32.4098
  6.2634  2.5548  0.9714  1.9648 21.2710
  5.0859  3.2008  0.9756  2.6633 27.9719
  4.8691  0.5321  0.9848  0.7837  3.0458
  4.5326  5.3472  0.9710  1.5302 51.5578
  4.7421  1.4670  0.9669  0.9347 10.7150
  4.6796  4.9023  0.9970  0.5141 46.5427
  5.3787  2.5585  0.9796  0.7783 21.3085
  5.4948  1.5513  0.9869  1.8562 11.4885
  5.4841  3.3758  0.9737  2.8967 29.8272
  4.5484  4.1226  0.9924  1.1096 37.8969
  4.7418  5.8406  0.9738  0.7255 57.1811
  5.2590  1.3663  0.9975  1.5894  9.8050
  5.3457  4.4033  0.9972  2.2378 40.9868
  3.9588  2.2139  0.9911  1.5241 17.8463
  4.7456  5.1409  0.9916  0.8448 49.2261
  3.6611  3.7332  0.9700  1.1386 33.6604
  4.7477  1.8607  0.9695  1.3308 14.4005
  6.2387  2.7303  0.9678  2.5718 23.0666
  5.0403  2.5679  0.9856  0.5711 21.4044
  4.8391  2.6973  0.9701  0.9631 22.7271
  5.8459  1.9525  0.9980  1.7415 15.2843
  4.5495  3.3017  0.9854  0.3346 29.0397
  4.7736  3.7795  0.9929  1.5989 34.1606
  4.2123  1.6453  0.9717  1.5929 12.3606
  4.9712  4.7950  0.9933  1.3238 45.3408
  5.7745  3.1614  0.9980  0.7658 27.5573
  4.2180  2.5146  0.9717  2.1951 20.8624
  5.4916  4.1014  0.9950  1.7303 37.6649
  4.3851  2.0635  0.9703  0.4919 16.3649
  3.6902  2.1727  0.9885  1.4054 17.4381
  5.6390  3.6218  0.9761  2.0072 32.4589
  4.5105  4.2808  0.9842  1.4027 39.6344
  5.1351  0.8683  0.9830  1.3503  5.5670
  4.3029  1.9241  0.9802  1.1512 15.0100
  5.7845  3.9932  0.9913  0.8613 36.4827
  4.5788  6.2724  0.9869  1.1788 62.1492
  5.2954  0.6638  0.9980  2.0315  3.9912
  4.8177  1.2008  0.9830  1.7138  8.3449
  4.8403  2.5493  0.9758  1.7328 21.2155
  5.3205  1.0604  0.9949  0.3742  7.1436
  5.2025  2.9945  0.9870  0.9270 25.8063
  5.4643  2.0411  0.9691  1.3199 16.1454
  3.7370  2.1883  0.9828  1.2376 17.5928
  5.5167  2.9480  0.9872  2.1524 25.3207
  5.6703  1.2103  0.9973  1.9390  8.4270
  4.5960  5.0803  0.9891  1.3303 48.5428
  4.5581  3.7989  0.9980  1.3352 34.3707
  6.1467  2.6363  0.9914  1.3412 22.1019
  5.1673  3.3159  0.9797  1.0102 29.1901
  4.0409  2.8201  0.9810  1.7016 23.9930
  4.6075  1.8053  0.9674  1.4919 13.8703
  4.8392  2.3949  0.9827  2.4189 19.6531
  5.1011  2.3831  0.9872  1.4022 19.5345
  5.3540  3.4719  0.9810  0.4489 30.8520
  5.2523  2.4145  0.9691  1.4973 19.8509
  4.7446  2.3527  0.9740  0.6714 19.2302
  3.9931  5.3631  0.9774  1.8633 51.7391
  4.9597  2.0159  0.9754  1.3720 15.9002
  5.6702  3.3506  0.9769  1.8822 29.5595
  5.1496  2.2547  0.9703  1.5364 18.2514
  6.0890  2.4294  0.9768  2.5806 20.0012
  5.5085  4.0357  0.9675  2.1767 36.9462
  4.1704  4.2672  0.9895  0.3583 39.4853
  4.9100  4.6297  0.9734  1.5552 43.4971
  4.9905  5.0153  0.9841  0.2005 47.8118
  4.4022  6.3720  0.9946  0.3438 63.3009
  4.5920  2.4851  0.9979  1.6458 20.5637
  5.2514  1.0285  0.9949  2.2669  6.8760
  4.3006  1.6531  0.9713  1.2254 12.4339
  5.2207  2.0168  0.9845  0.5175 15.9085
  5.2385  1.1687  0.9980  0.8856  8.0668
  4.1306  0.7940  0.9787  2.2046  4.9812
  5.2303  2.1583  0.9798  1.0783 17.2959
  5.2309  0.8081  0.9923  1.8748  5.0910
  5.7780  5.2299  0.9730  0.3917 50.2308
  5.1196  2.4372  0.9936  1.3234 20.0797
  4.7975  2.9264  0.9693  2.1276 25.0955
  5.0003  2.9450  0.9962  0.8067 25.2896
  5.2768  4.2627  0.9732  1.5027 39.4353
  5.5767  2.9565  0.9740  0.6250 25.4098
  5.3803  3.4680  0.9819  0.8817 30.8100
  5.2181  3.6589  0.9980  0.8587 32.8582
  4.3459  5.8479  0.9693  0.9255 57.2645
  5.2504  2.8443  0.9975  1.4406 24.2436
  4.7733  1.1069  0.9750  1.1570  7.5369
  5.1496  3.8580  0.9724  1.4495 35.0120
  5.3335  2.4010  0.9892  1.4120 19.7144
  5.6026  1.7752  0.9851  0.6322 13.5846
  4.5404  1.2641  0.9670  1.2475  8.8983
  5.1300  1.2708  0.9814  2.1106  8.9569
  4.5843  1.7924  0.9951  2.4388 13.7482
  4.7187  1.6183  0.9962  1.2008 12.1087
  5.2329  2.2381  0.9930  1.2657 18.0863
  4.5452  3.6380  0.9829  0.7876 32.6341
  5.4317  4.1906  0.9815  0.9320 38.6429
  5.0454  3.6658  0.9909  0.8201 32.9332
  5.0666  3.2688  0.9931  1.0587 28.6913
  6.0968  4.1517  0.9813  1.5324 38.2160
  4.7477  2.1767  0.9902  0.7070 17.4777
  5.5352  5.2724  0.9980  1.3550 50.7115
  6.7316  3.7689  0.5468  0.2293 34.0458
  4.7123  1.5670  0.9898  0.3258 11.6328
  5.6269  5.1607  0.9816  1.3376 49.4492
  4.5155  3.7358  0.9743  0.8581 33.6879
  5.3094  2.0366  0.9955  0.5655 16.1011
  4.4116  3.6346  0.9914  2.4594 32.5970
  4.7551  3.9599  0.9768  1.2070 36.1196
  6.1362  2.2961  0.9822  1.1114 18.6634
  4.4552  1.6708  0.9980  1.8310 12.5998
  5.4003  5.1621  0.9752  1.9156 49.4648
  5.1115  3.2768  0.9731  0.8558 28.7762
  5.1643  2.1622  0.9789  1.0423 17.3341
  4.8650  4.3341  0.9797  3.0714 40.2220
  5.7732  3.8108  0.9846  0.8237 34.4998
  4.8213  2.4919  0.9960  2.1874 20.6326
  4.6200  3.3633  0.9763  2.4265 29.6944
  5.1972  2.1439  0.9667  1.5963 17.1543
  4.7025  5.2227  0.9980  1.5086 50.1489
  4.7241  1.4415  0.9954  1.2130 10.4833
  5.4827  2.6621  0.9980  1.2134 22.3667
  4.8880  2.8605  0.9980  0.8776 24.4116
  5.6270  2.3618  0.9920  1.3357 19.3207
  5.3959  1.7820  0.9896  0.6594 13.6487
  4.7761  1.1952  0.9973  0.6145  8.2958
  4.7909  1.6082  0.9809  1.6502 12.0149
  5.2839  3.5585  0.9818  2.2687 31.7795
  4.9916  1.2134  0.9904  0.1403  8.4545
  5.4650  3.4457  0.9980  0.3957 30.5727
  4.7507  1.2249  0.9980  1.3501  8.5546
  5.4094  2.8836  0.9950  0.7784 24.6511
  4.5312  1.6187  0.9789  1.6211 12.1127
  5.5008  0.6563  0.9953  0.4273  3.9361
  3.5863  5.8069  0.9831  1.0174 56.7951
  6.1962  4.1882  0.9705  1.5023 38.6169
  5.2057  1.3955  0.9821  0.9851 10.0674
  4.4070  2.1769  0.9823  0.7668 17.4797
  5.4298  4.1365  0.9801  2.2699 38.0492
  5.2926  0.4235  0.9867  2.3580  2.3132
  4.4047  5.4495  0.9712  0.5621 52.7187
  4.8056  2.9982  0.9847  0.5133 25.8449
  5.0573  3.9488  0.9922  0.0861 35.9991
  4.8030  6.4084  0.9787  1.1564 63.7221
  3.7477  2.7421  0.9764  1.9907 23.1875
  5.2001  2.8917  0.9688  0.4748 24.7353
  4.3066  2.3574  0.9934  0.8392 19.2765
  4.6799  2.1758  0.9905  0.7106 17.4691
  5.8187  2.2034  0.9749  1.1696 17.7419
  5.1878  3.1677  0.9953  0.9756 27.6226
  5.0567  3.6504  0.9769  0.3893 32.7674
  5.0047  3.7862  0.9806  0.5035 34.2335
  5.2392  2.4792  0.9855  1.4189 20.5041
  4.7790  1.8839  0.9776  2.2801 14.6229
  4.8948  0.5507  0.9851  0.8606  3.1758
  5.1078  0.8220  0.9908  0.3276  5.2000
  4.3508  2.5413  0.9849  0.9333 21.1333
  6.0484  2.2982  0.9939  0.9281 18.6841
  4.7312  2.4221  0.9966  1.1611 19.9272
  3.9741  3.8341  0.9915  0.5870 34.7522
  4.5609  4.0217  0.9794  1.4254 36.7940
  4.4904  1.7821  0.9835  0.1401 13.6499
  4.3929  4.6497  0.9695  2.4816 43.7197
  4.5512  1.0832  0.9742  1.3156  7.3361
  5.5225  1.0038  0.9921  1.0007  6.6706
  4.3729  3.4695  0.9723  1.2682 30.8265
  5.3586  5.0258  0.9925  0.9134 47.9288
  5.3048  1.2457  0.9844  1.4082  8.7364
  5.1127  3.7926  0.9933  1.9544 34.3029
  4.6829  2.6008  0.9905  1.0572 21.7395
  4.8164  1.1364  0.9825  0.7746  7.7887
  4.8610  3.9771  0.9956  1.5528 36.3072
  4.7942  1.7109  0.9928  0.5252 12.9762
  5.2920  3.4065  0.9698  0.7539 30.1536
  4.7583  2.1659  0.9858  1.7909 17.3705
  4.1747  3.6601  0.9831  1.0786 32.8713
  5.3927  2.9764  0.9927  0.9819 25.6174
  6.9151  2.5476  0.8459  0.7202 21.1974
  4.4876  1.7136  0.9729  1.5400 13.0016
  5.5080  4.9819  0.9745  1.0986 47.4362
  4.7015  5.7506  0.9948  0.4086 56.1515
  6.0459  2.2784  0.9694  1.5328 18.4869
  4.0803  5.1809  0.9952  0.7457 49.6769
  4.8159  1.5922  0.9784  2.4329 11.8660
  5.0147  3.5418  0.9898  0.5375 31.6004
  3.6780  3.0199  0.9669  2.1319 26.0715
  5.4775  2.5171  0.9879  0.6718 20.8882
  4.7353  3.1805  0.9746  0.6965 27.7578
  3.9922  3.0107  0.9730  0.8539 25.9750
  5.6954  3.9874  0.9742  0.5762 36.4197
  3.7207  5.7447  0.9769  2.7842 56.0839
  5.1666  1.2413  0.9751  1.0225  8.6981
  5.3463  2.2719  0.9975  1.7755 18.4222
  4.1041  3.3593  0.9773  0.9782 29.6517
  4.6861  1.2588  0.9873  0.8616  8.8513
  5.1063  3.3564  0.9840  0.5142 29.6213
  4.9377  0.9159  0.9932  0.6511  5.9497
  4.9759  4.2365  0.9817  1.4773 39.1470
  5.5216  4.4225  0.9853  2.4279 41.1981
  5.5299  1.8879  0.9692  0.7641 14.6613
  5.1221  1.2336  0.9791  0.6392  8.6302
  5.7348  2.5437  0.9840  1.7422 21.1580
  4.8501  2.3110  0.9807  0.6117 18.8127
  4.9361  2.3627  0.9741  0.4084 19.3296
  5.0080  4.3177  0.9909  1.7252 40.0408
  4.8412  4.1411  0.9980  0.9773 38.0994
  4.5048  2.4874  0.9929  1.6168 20.5874
  5.4626  5.6918  0.9958  1.7855 55.4794
  6.2687  3.6990  0.9678  1.4132 33.2913
  5.5018  3.4401  0.9874  2.2170 30.5123
  4.7787  2.7884  0.9725  0.2513 23.6653
  5.1067  2.1611  0.9751  1.0683 17.3237
  5.5773  2.5180  0.9939  0.8786 20.8968
  5.0432  2.1762  0.9839  2.7680 17.4728
  4.3718  3.3025  0.9675  0.7281 29.0481
  5.9553  2.5252  0.9870  0.4628 20.9700
  5.4584  1.5049  0.9677  0.6520 11.0615
  3.6673  1.9890  0.9916  1.3276 15.6378
  4.4127  2.3790  0.9786  0.4685 19.4935
  5.2701  2.6113  0.9980  1.1007 21.8469
  5.1253  5.0130  0.9901  0.4027 47.7850
  5.3279  3.9050  0.9971  1.9883 35.5217
  5.4376  1.9116  0.9820  1.4687 14.8895
  6.0246  1.8533  0.9721  2.3186 14.3293
  4.4055  2.1400  0.9980  1.7476 17.1160
  4.8343  0.9708  0.9735  0.9418  6.3973
  5.3547  2.6604  0.9849  1.7247 22.3485
  5.8514  1.8412  0.9721  1.7188 14.2130
  5.0501  4.4086  0.9869  1.3866 41.0448
  6.1350  4.1232  0.9789  0.5871 37.9036
  5.1212  1.2233  0.9829  1.1407  8.5406
  5.4744  1.8185  0.9857  0.8138 13.9960
  4.1890  2.7911  0.9897  0.7227 23.6927
  5.8853  4.0223  0.9947  1.4548 36.8006
  5.6994  5.6593  0.9672  2.5552 55.1084
  3.5015  3.7669  0.9741  0.4448 34.0240
  4.7088  4.2270  0.9788  2.1993 39.0423
  5.1102  5.0287  0.9689  2.6029 47.9625
  5.4442  1.6372  0.9680  2.1471 12.2848
  5.0394  3.5240  0.9769  1.5803 31.4101
  5.3103  1.5680  0.9704  1.7905 11.6426
  5.1605  2.4687  0.9968  1.4176 20.3975
  4.5778  0.5336  0.9714  1.3163  3.0562
  4.9859  4.6427  0.9718  2.7794 43.6416
  5.9452  3.0911  0.9775  0.7821 26.8178
  4.9006  0.9077  0.9980  0.7072  5.8836
  5.2748  4.3710  0.9842  1.6789 40.6292
  5.0710  4.3240  0.9946  0.3338 40.1109
  5.6469  2.0244  0.9838  0.7086 15.9828
  5.8455  3.1885  0.9676  0.7845 27.8428
  5.3874  4.3740  0.9900  1.5535 40.6630
  4.3314  3.5503  0.9980  0.8161 31.6914
  4.4264  4.9850  0.9980  0.5084 47.4710
  4.9920  4.6083  0.9695  1.5604 43.2593
  4.0404  1.3949  0.9707  0.8598 10.0624
  4.8018  2.9549  0.9757  0.9090 25.3924
  5.7910  6.0714  0.9730  0.4656 59.8318
  4.8078  2.1706  0.9766  1.6114 17.4175
  4.9549  2.4656  0.9759  2.2253 20.3663
  5.2716  4.7748  0.9901  2.0281 45.1154
  5.2921  2.6064  0.9700  2.1240 21.7965
  5.5943  3.1614  0.9694  0.7111 27.5571
  5.9936  4.0243  0.9980  1.2514 36.8221
  6.1189  4.9683  0.9932  0.9595 47.2834
  4.3864  3.4961  0.9749  1.4712 31.1113
  5.1307  1.5888  0.9826  0.7249 11.8352
  4.8436  2.6592  0.9733  1.5004 22.3366
  5.0868  3.8490  0.9968  2.1764 34.9137
  5.2232  2.5583  0.9732  2.0571 21.3063
  5.5394  4.0085  0.9824  0.7825 36.6490
  5.2401  2.3793  0.9968  1.5603 19.4969
  4.2182  4.3782  0.9965  2.5133 40.7085
  5.4708  0.6719  0.9953  0.8765  4.0515
  4.7595  2.0019  0.9939  1.8496 15.7640
  3.5038  2.5858  0.9700  0.4219 21.5870
  5.3377  2.6356  0.9759  1.2581 22.0948
  5.2874  3.6987  0.9682  0.4083 33.2881
  4.8758  4.6847  0.9949  1.1022 44.1100
  5.1504  1.8503  0.9832  0.8202 14.3007
  4.6412  1.6721  0.9718  1.6691 12.6115
  5.1922  1.9042  0.9670  0.7291 14.8175
  6.0264  2.4570  0.9927  1.1912 20.2793
  5.6422  4.2615  0.9682  2.0712 39.4219
  5.2327  3.8158  0.9774  1.0010 34.5541
  5.9581  3.2119  0.9749  1.6280 28.0898
  5.3444  1.6986  0.9709  1.2417 12.8607
  5.1304  3.8715  0.9689  1.4083 35.1576
  5.0600  1.3483  0.9854  0.6556  9.6443
  3.9561  3.1809  0.9816  0.9021 27.7621
  5.2801  3.6749  0.9752  1.7881 33.0311
  4.3631  5.6684  0.9797  1.5324 55.2123
  5.1193  2.1877  0.9717  0.9154 17.5869
  5.1026  4.7503  0.9969  1.4120 44.8419
  5.5519  2.4973  0.9898  1.7242 20.6870
  4.1987  0.3266  0.9935  1.0874  1.7021
  5.1961  3.6833  0.9756  2.2487 33.1215
  4.5537  3.2946  0.9904  0.9883 28.9643
  4.9371  4.1268  0.9688  0.5000 37.9431
  5.5543  2.6864  0.9729  0.7732 22.6157
  5.9955  0.9579  0.9935  2.0193  6.2921
  5.3535  2.1393  0.9931  2.4169 17.1084
  4.5552  2.2897  0.9667  0.8524 18.5995
  5.4222  3.4594  0.9896  1.8694 30.7181
  5.8855  2.0177  0.9864  1.4164 15.9175
  5.4634  3.6203  0.9856  0.5995 32.4429
  6.2243  4.2929  0.9961  1.8408 39.7683
  3.9994  1.2729  0.9847  1.3473  8.9750
  5.0327  2.0394  0.9749  1.0595 16.1287
  4.9777  3.7833  0.9927  0.8372 34.2016
  5.3374  2.4409  0.9674  1.1489 20.1168
  5.1838  1.3612  0.9927  1.8299  9.7599
  5.2626  2.3308  0.9783  0.4596 19.0100
  5.2164  1.2543  0.9706  1.2871  8.8118
  6.6141  3.5347  0.7037  0.5602 31.5246
  4.9623  5.6310  0.9704  0.4074 54.7853
  5.5081  3.1574  0.9747  1.3458 27.5143
  5.9947  2.0438  0.9949  2.1400 16.1720
  5.0659  1.3163  0.9794  1.3970  9.3596
  5.4570  5.3248  0.9910  1.1510 51.3048
  4.8473  0.5287  0.9833  0.5904  3.0219
  4.2843  2.3168  0.9795  0.8863 18.8699
  5.2693  1.8971  0.9768  1.1812 14.7492
  5.3280  4.9171  0.9739  0.9039 46.7080
  5.2097  4.6202  0.9980  0.9295 43.3913
  4.7814  2.3262  0.9773  0.5979 18.9646
  5.6008  2.1203  0.9970  1.1863 16.9215
  5.7669  2.2984  0.9973  0.8758 18.6866
  5.5540  3.6586  0.9897  0.4721 32.8550
  4.8127  1.1587  0.9805  2.8655  7.9800
  5.4079  2.5268  0.9843  0.4648 20.9862
