  6.2982  4.3763  0.9932  1.1425 40.6875
  6.8911  2.8208  0.5511  2.9132 24.0006
  5.5275  2.3702  0.9839  2.1521 19.4052
  6.2993  1.7850  0.8989  0.8621 13.6774
  5.6608  3.1297  0.9668  0.7871 27.2232
  6.0156  2.9883  0.9891  2.8791 25.7406
  6.9381  3.5993  0.3277  1.5357 32.2177
  4.5628  1.9960  0.9733  2.1834 15.7064
  6.4092  1.3905  0.9477  0.9239 10.0225
  5.1093  4.0159  0.9864  2.6538 36.7301
  5.2965  1.2870  0.9742  0.7385  9.1001
  6.1921  2.6587  0.9727  1.4023 22.3317
  5.2474  2.8222  0.9855  0.5541 24.0143
  6.4211  2.8774  0.8525  0.9363 24.5862
  6.9887  1.8017  0.3409  1.6118 13.8363
  5.8621  2.2525  0.9811  0.3885 18.2295
  5.7713  3.2674  0.9964  0.4144 28.6768
  6.1660  3.6338  0.9750  1.0788 32.5885
  4.7054  3.0317  0.9946  1.7701 26.1945
  5.8555  0.6473  0.9677  1.2817  3.8699
  6.0975  1.9937  0.9803  0.9886 15.6838
  5.9734  2.4569  0.9822  1.2263 20.2790
  5.8824  2.1677  0.9702  0.6842 17.3891
  5.6000  2.5763  0.9967  0.3693 21.4895
  6.1475  1.7798  0.9980  0.8688 13.6282
  6.2001  1.1877  0.9918  1.2873  8.2312
  5.1403  1.1072  0.9950  2.1524  7.5399
  6.2774  1.4723  0.9742  1.3279 10.7635
  5.3221  2.4135  0.9867  1.6706 19.8407
  6.2008  2.1818  0.9714  0.7812 17.5279
  5.5797  2.3276  0.9980  2.4936 18.9783
  6.3325  2.8832  0.9703  2.3902 24.6472
  6.4579  1.3925  0.9098  2.1644 10.0408
  5.0239  3.4417  0.9809  1.3837 30.5294
  5.7952  1.5791  0.9889  1.1898 11.7453
  6.3415  1.4263  0.9972  1.6090 10.3455
  6.0090  3.4502  0.9818  0.9502 30.6207
  5.8040  1.1037  0.9952  2.5774  7.5095
  6.9330  0.7314  0.4329  1.0866  4.4990
  6.0964  2.6161  0.9916  1.8679 21.8955
  5.4843  0.8962  0.9676  1.7996  5.7907
  6.0158  0.9148  0.9980  3.0000  5.9406
  4.6629  2.7372  0.9819  1.4111 23.1374
  6.2107  1.6923  0.9938  1.6357 12.8008
  5.6961  3.8984  0.9815  2.4273 35.4501
  6.1169  3.2397  0.9734  1.2306 28.3836
  6.0940  3.2124  0.9974  2.4451 28.0946
  6.6348  3.0168  0.9069  1.5431 26.0388
  5.3555  1.9601  0.9747  0.3219 15.3583
  5.7306  2.3579  0.9912  1.1775 19.2820
  6.0225  1.5737  0.9746  1.8687 11.6951
  6.1803  1.9749  0.9969  0.8956 15.5018
  5.6012  3.2979  0.9789  0.2816 28.9998
  5.9351  2.6872  0.9744  1.6523 22.6237
  5.1318  2.1898  0.9929  2.0290 17.6074
  5.9200  1.0187  0.9740  0.4044  6.7940
  6.2605  2.1414  0.9763  0.3731 17.1296
  6.1785  3.4502  0.9703  1.9794 30.6204
  5.2808  3.3234  0.9719  1.4194 29.2703
  5.2895  1.8390  0.9856  1.1883 14.1918
  6.6022  1.1031  0.9534  0.5878  7.5047
  5.8339  3.5257  0.9916  1.6231 31.4276
  5.2887  2.4268  0.9682  2.3564 19.9745
  6.2896  3.2792  0.9971  0.8170 28.8017
  6.3365  0.9640  0.9685  2.9628  6.3419
  5.4503  2.9974  0.9820  1.1334 25.8356
  5.3038  3.2682  0.9858  0.7462 28.6853
  6.3572  2.3875  0.9749  1.3470 19.5792
  5.8776  2.8880  0.9959  1.9406 24.6970
  6.0435  2.8154  0.9874  0.2944 23.9438
  6.0788  0.8341  0.9980  0.9043  5.2952
  5.9212  2.8070  0.9959  2.3583 23.8578
  5.6279  2.7951  0.9805  0.5178 23.7346
  5.1475  1.6505  0.9707  2.2662 12.4098
  5.8328  1.9077  0.9759  0.6561 14.8520
  5.7429  2.1849  0.9920  1.0427 17.5584
  5.8453  3.4143  0.9740  0.3683 30.2372
  5.4739  4.4917  0.9980  2.3858 41.9650
  6.5661  2.8108  0.8169  1.3076 23.8969
  6.1647  4.2559  0.9853  0.5173 39.3600
  5.5044  3.8411  0.9697  1.7970 34.8278
  5.8096  1.8618  0.9739  0.9346 14.4103
  6.0653  2.4862  0.9766  1.8920 20.5744
  5.3760  3.3665  0.9906  0.7431 29.7280
  6.9094  3.6607  0.6373  1.8987 32.8785
  6.2562  3.3787  0.9830  1.2070 29.8579
  5.7119  3.8541  0.9775  1.7549 34.9695
  6.7474  2.6001  0.6538  3.1270 21.7324
  6.0120  1.2727  0.9804  1.7256  8.9739
  5.5809  1.1903  0.9903  0.8003  8.2530
  5.4182  0.8917  0.9859  1.0892  5.7541
  6.0661  3.4140  0.9980  2.4298 30.2337
  6.4423  2.1602  0.9964  1.2171 17.3147
  6.3828  1.0670  0.9980  2.4546  7.1988
  5.6239  1.5049  0.9788  1.0486 11.0618
  5.4835  1.2484  0.9744  1.7030  8.7597
  5.9416  3.1003  0.9849  1.2095 26.9140
  5.0242  2.7012  0.9980  0.3809 22.7672
  6.3057  3.1311  0.9681  2.0380 27.2381
  5.5071  2.5245  0.9725  1.4781 20.9634
  5.9653  1.4066  0.9737  0.6208 10.1675
  5.9483  3.5169  0.9692  1.3727 31.3331
  4.9615  1.4555  0.9922  1.5369 10.6105
  5.5762  3.9801  0.9808  1.7502 36.3394
  6.2357  4.3453  0.9686  1.7197 40.3459
  6.2253  1.6240  0.9761  0.0576 12.1621
  5.2162  3.6711  0.9889  0.3979 32.9897
  6.8016  1.0311  0.5573  1.5640  6.8977
  5.9582  0.9315  0.9672  2.1889  6.0763
  5.2702  3.2190  0.9729  0.1351 28.1648
  5.3159  1.8915  0.9911  0.9920 14.6957
  6.7558  1.5841  0.6857  2.5556 11.7912
  6.3892  1.8399  0.9756  2.7098 14.2006
  5.8444  1.6712  0.9896  0.4153 12.6029
  6.4445  0.9349  0.9762  1.3639  6.1036
  5.9041  2.8881  0.9855  0.9130 24.6972
  5.1048  3.2924  0.9675  1.3933 28.9417
  6.0629  1.3970  0.9773  1.4001 10.0811
  5.9556  2.4243  0.9810  0.8780 19.9494
  5.8493  0.8817  0.9731  1.5545  5.6737
  6.7568  1.1454  0.9790  2.2588  7.8661
  5.5485  1.5278  0.9980  2.4516 11.2719
  5.9061  0.9719  0.9786  1.8352  6.4064
  5.2258  4.3492  0.9820  0.6395 40.3889
  5.3346  4.1404  0.9965  1.3617 38.0920
  5.3955  1.7743  0.9762  1.3876 13.5760
  6.5511  2.8131  0.8960  1.2015 23.9207
  5.8155  2.8335  0.9710  2.9281 24.1319
  6.7190  2.9253  0.5674  1.1992 25.0842
  5.3268  1.8942  0.9814  1.9500 14.7217
  5.9527  1.9339  0.9756  0.5369 15.1042
  6.3723  2.0905  0.9961  1.1400 16.6290
  6.2087  0.3806  0.9594  1.3191  2.0380
  5.4133  3.3556  0.9882  0.1073 29.6125
  5.4780  2.1872  0.9790  1.7652 17.5817
