  5.9109  3.3589  0.9893  1.4321 29.6471
  5.0160  2.4831  0.9907  1.1243 20.5434
  5.7811  0.8810  0.9680  1.6906  5.6684
  5.7931  3.0906  0.9719  0.3909 26.8126
  4.7478  4.2327  0.9980  2.4478 39.1053
  5.6118  2.1403  0.9771  0.5974 17.1184
  6.3292  3.4567  0.9898  0.4845 30.6893
  5.9575  2.8623  0.9908  0.8010 24.4297
  6.0776  3.8734  0.9901  1.9115 35.1782
  5.9875  1.1598  0.9863  0.8678  7.9898
  4.9005  1.9332  0.9967  0.5690 15.0979
  3.7280  2.7964  0.9698  1.2548 23.7482
  4.4164  3.2725  0.9818  0.1579 28.7305
  5.4477  1.3470  0.9677  2.5893  9.6329
  4.8059  1.8178  0.9728  2.0606 13.9900
  4.9315  0.6728  0.9864  0.9408  4.0583
  4.5887  1.7928  0.9971  1.9739 13.7512
  5.0376  3.9462  0.9813  1.8628 35.9701
  3.5307  2.2715  0.9922  0.3228 18.4183
  6.0640  1.8479  0.9766  0.8442 14.2770
  5.6250  2.2028  0.9836  2.2086 17.7360
  6.6938  3.7567  0.6373  1.9018 33.9138
  6.1549  0.5793  0.9791  0.6268  3.3779
  4.5218  4.0131  0.9819  2.1355 36.7000
  5.5650  1.0396  0.9952  1.8558  6.9686
  4.8725  0.5244  0.9764  2.8554  2.9919
  6.0287  2.2315  0.9925  1.7382 18.0205
  5.5010  2.7445  0.9788  0.3714 23.2124
  6.9097  1.0929  0.4809  2.3340  7.4176
  5.4430  1.5070  0.9892  1.6551 11.0806
  4.4064  3.4918  0.9855  0.6283 31.0646
  6.2514  2.8452  0.9716  2.0293 24.2525
  5.2128  2.2021  0.9945  0.7144 17.7287
  4.8706  3.4086  0.9936  0.7564 30.1761
  6.6733  3.7250  0.8491  1.1438 33.5716
  5.3753  1.0827  0.9805  0.6008  7.3316
  5.7399  3.1775  0.9967  0.5375 27.7265
  5.1487  0.7695  0.9881  0.4375  4.7913
  4.9304  3.6151  0.9693  0.7927 32.3875
  6.2191  1.2396  0.9681  1.0903  8.6825
  5.6205  1.4456  0.9758  2.2484 10.5208
  5.0682  3.8115  0.9734  1.9711 34.5071
  4.3953  2.3865  0.9804  1.6613 19.5690
  5.2067  0.9872  0.9807  0.9690  6.5326
  5.4956  1.2139  0.9743  0.6025  8.4580
  5.1523  1.2892  0.9716  1.2553  9.1189
  5.5836  3.0028  0.9845  1.6058 25.8923
  6.0526  2.8706  0.9865  1.5055 24.5164
  4.5437  4.3085  0.9768  0.3772 39.9397
  4.0327  1.6307  0.9674  1.4258 12.2247
  6.7711  1.7504  0.5410  0.8207 13.3495
  5.4419  2.3184  0.9927  1.2087 18.8866
  5.6239  2.6715  0.9875  1.2378 22.4629
  5.2014  2.4902  0.9747  1.9703 20.6152
  5.3298  3.5791  0.9757  0.7537 32.0002
  4.7163  3.4652  0.9827  0.7731 30.7808
  5.7638  2.8716  0.9975  1.3086 24.5262
  5.4479  3.7150  0.9729  1.2669 33.4635
  5.9257  2.4449  0.9727  1.6129 20.1574
  6.1211  2.0291  0.9812  1.0082 16.0286
  5.5787  4.2357  0.9691  1.4394 39.1385
  4.2679  3.2915  0.9872  1.0630 28.9320
  5.4725  1.1466  0.9952  1.5501  7.8766
  5.5383  0.7778  0.9920  0.5599  4.8551
  4.7766  0.7397  0.9718  0.2809  4.5625
  5.3250  2.7927  0.9914  1.9463 23.7097
  5.4695  2.5026  0.9897  2.1855 20.7414
  5.2123  2.8655  0.9865  1.2131 24.4629
  4.8731  2.7657  0.9924  1.9124 23.4315
  5.3078  3.7371  0.9881  0.8427 33.7023
  5.6391  2.4253  0.9980  1.2728 19.9591
  6.1626  0.6271  0.9862  2.0639  3.7218
  6.1801  2.6617  0.9704  2.1553 22.3623
  5.0457  2.8175  0.9879  1.4495 23.9658
  4.7404  1.0215  0.9823  1.2878  6.8178
  3.6981  2.6283  0.9727  1.9743 22.0207
  4.4695  2.8441  0.9888  0.8505 24.2417
  5.7253  2.9158  0.9697  0.7528 24.9859
  4.9774  1.4108  0.9774  1.2718 10.2052
  4.9958  4.0715  0.9980  2.0320 37.3375
  5.5046  1.1280  0.9718  2.0671  7.7171
  4.9334  2.7991  0.9799  2.2105 23.7758
  4.7488  1.8883  0.9813  0.6073 14.6647
  4.6716  1.7907  0.9674  0.5965 13.7317
  5.9708  3.5638  0.9968  2.2836 31.8367
  5.7662  3.7409  0.9946  0.9637 33.7429
  5.3672  0.5616  0.9891  1.0792  3.2523
  4.9031  4.1134  0.9980  1.3343 37.7966
  4.1840  1.8850  0.9785  0.8908 14.6330
  4.9090  1.1747  0.9820  0.9418  8.1185
  5.1698  3.3277  0.9903  0.6616 29.3163
  4.7127  2.3837  0.9788  1.6683 19.5405
  5.7841  3.3417  0.9922  0.9455 29.4648
  4.5218  1.6204  0.9735  2.4160 12.1284
  5.2110  3.8314  0.9875  2.9423 34.7230
  6.0546  3.2631  0.9678  0.7378 28.6311
  6.5006  3.0583  0.9272  0.9324 26.4734
  5.0943  1.7232  0.9717  0.8964 13.0921
  6.0597  1.4471  0.9686  2.7392 10.5344
  5.2272  2.0225  0.9822  2.3559 15.9637
  4.4297  3.0123  0.9717  1.2997 25.9918
  5.1411  4.0478  0.9722  1.7006 37.0780
  5.6678  3.5407  0.9919  1.3562 31.5887
  4.7299  3.2963  0.9723  1.5914 28.9829
  4.7957  4.2057  0.9980  0.6276 38.8083
  5.4492  4.3840  0.9697  2.2779 40.7732
  5.2767  1.7430  0.9744  0.6831 13.2788
  4.4235  1.1691  0.9943  1.3843  8.0702
  5.7505  2.0816  0.9694  1.5578 16.5416
  4.4384  3.7957  0.9676  1.8257 34.3364
  5.7460  2.0631  0.9728  0.5793 16.3606
  5.3679  1.6333  0.9766  1.0886 12.2491
  5.2977  3.2381  0.9966  1.3994 28.3666
  5.5376  2.4185  0.9961  0.9101 19.8915
  6.0339  3.3152  0.9698  0.8620 29.1836
  5.0793  4.1564  0.9947  0.5230 38.2670
  5.9902  2.5560  0.9728  2.1390 21.2836
  5.8633  1.4346  0.9731  0.3404 10.4213
  3.8013  2.8301  0.9717  1.0926 24.0961
  5.1225  0.5832  0.9835  0.9101  3.4054
  5.5322  2.9893  0.9669  1.7378 25.7513
  6.1118  3.5680  0.9852  0.4796 31.8814
  5.2340  2.2933  0.9894  0.5992 18.6355
  4.7091  2.0278  0.9900  1.7355 16.0156
  5.2056  2.2094  0.9958  2.0534 17.8009
  5.1302  2.1334  0.9751  0.8503 17.0509
  3.6934  4.3945  0.9980  1.9157 40.8889
  5.5834  2.1365  0.9876  0.3022 17.0806
  4.7298  1.9864  0.9762  1.6595 15.6130
  6.2254  2.1550  0.9775  1.3558 17.2632
  5.2874  2.8575  0.9809  1.1142 24.3801
  5.4868  3.2878  0.9831  0.6714 28.8927
  4.9042  1.5509  0.9683  2.7230 11.4846
  6.3924  1.2209  0.9980  0.8031  8.5193
  5.5510  4.1409  0.9729  2.5431 38.0978
  4.9511  2.8592  0.9854  1.5502 24.3981
  4.6273  4.3263  0.9724  0.7896 40.1358
  4.2391  2.6702  0.9821  1.2851 22.4494
  4.6770  1.5321  0.9667  0.4257 11.3110
  4.3245  2.6075  0.9668  0.8145 21.8075
  5.4768  0.6379  0.9947  0.8370  3.8008
  4.8167  1.3848  0.9899  0.7860  9.9718
  4.4718  0.9185  0.9808  0.5116  5.9705
  4.1705  1.8097  0.9883  0.9974 13.9128
  5.6694  3.4032  0.9772  2.3129 30.1185
  5.0767  3.0574  0.9905  0.9494 26.4637
  4.1668  2.5605  0.9724  0.2705 21.3289
  5.1083  4.2076  0.9976  0.7773 38.8293
  4.8083  2.7380  0.9974  2.1357 23.1454
  5.1097  4.0211  0.9814  1.4470 36.7873
  5.7105  1.3427  0.9942  1.4242  9.5943
  5.2576  2.2712  0.9756  0.9455 18.4155
  5.4280  2.2841  0.9728  0.6179 18.5442
  6.2293  3.7606  0.9865  2.2465 33.9563
  4.5930  1.8116  0.9707  0.2884 13.9308
  4.9620  0.4870  0.9836  1.1952  2.7361
  5.3129  1.0321  0.9703  0.4727  6.9059
  6.7165  2.7201  0.7705  1.8412 22.9619
  5.3637  2.9634  0.9866  1.8504 25.4817
  5.4292  3.0243  0.9766  1.3214 26.1178
  5.2906  2.1319  0.9954  2.6328 17.0354
  6.6867  1.1509  0.7535  1.4966  7.9136
  5.0740  3.9354  0.9980  1.1741 35.8529
  5.5526  2.0647  0.9789  2.3393 16.3762
  5.0662  1.4935  0.9752  1.4347 10.9571
  4.2785  3.2461  0.9755  2.3678 28.4510
  6.0643  1.4615  0.9712  0.3071 10.6656
  5.6424  0.5006  0.9768  1.0846  2.8282
  4.8563  2.6027  0.9765  1.7377 21.7595
  5.4275  1.1663  0.9778  1.4213  8.0462
  5.8998  2.5519  0.9949  1.3637 21.2415
  5.4330  3.5528  0.9761  1.6499 31.7184
  4.0579  2.9376  0.9790  1.5548 25.2121
  4.5644  2.9444  0.9857  1.0830 25.2830
  4.3918  1.0637  0.9803  1.7873  7.1715
  3.9802  3.2866  0.9723  0.5694 28.8801
  5.7361  1.8409  0.9958  1.0926 14.2100
  5.2564  2.7834  0.9695  1.1541 23.6136
  5.2215  0.9115  0.9980  0.1699  5.9135
  5.6420  2.6446  0.9872  0.3225 22.1877
  6.5563  2.6963  0.8019  1.0326 22.7166
  4.8408  1.3829  0.9906  0.4525  9.9540
  5.8320  1.9524  0.9946  2.9185 15.2835
  5.5816  1.1634  0.9944  2.2767  8.0207
  5.2296  2.9564  0.9927  0.2692 25.4080
  5.2282  1.1154  0.9766  2.5542  7.6093
  4.8911  1.7460  0.9945  2.3869 13.3077
  6.2612  2.4216  0.9894  1.7113 19.9224
  5.4078  3.7275  0.9728  0.5032 33.5984
  4.7304  4.2265  0.9730  2.0657 39.0375
  4.1422  3.6371  0.9849  0.9331 32.6236
  6.1618  3.0360  0.9938  2.3865 26.2396
  5.3562  2.4032  0.9891  1.9639 19.7367
  5.6514  2.4331  0.9913  1.8160 20.0386
  4.7320  4.3759  0.9740  2.4807 40.6836
  5.7535  2.6995  0.9767  0.3912 22.7498
  5.4395  2.9468  0.9728  1.4751 25.3087
  5.9342  1.1708  0.9912  2.1402  8.0851
  5.0587  2.5726  0.9835  1.5601 21.4521
  5.6536  3.0891  0.9748  0.3537 26.7965
  6.1578  0.8514  0.9891  2.1203  5.4326
  5.3955  2.1184  0.9779  1.5841 16.9034
  4.4426  1.4073  0.9707  1.9868 10.1739
  3.6942  3.6151  0.9852  2.3628 32.3869
  5.0282  3.7229  0.9980  1.7165 33.5485
  5.1631  3.3912  0.9697  0.7584 29.9912
  4.1900  2.6569  0.9887  0.7422 22.3135
  6.5864  0.8107  0.9858  0.1590  5.1112
  5.3087  2.0915  0.9926  0.5026 16.6390
  5.4620  3.8079  0.9777  2.4479 34.4682
  5.6632  4.1845  0.9881  1.5199 38.5756
  5.5220  2.8861  0.9920  2.0315 24.6765
  4.9572  1.7813  0.9715  1.4302 13.6419
  5.0734  1.7167  0.9718  1.5515 13.0309
  5.8451  3.1394  0.9901  0.5047 27.3246
  5.3060  1.8251  0.9838  1.4093 14.0595
  6.3574  2.8016  0.9815  2.5878 23.8011
  5.1308  2.9309  0.9698  1.8940 25.1430
  5.3345  1.2488  0.9830  2.9781  8.7633
  6.5667  1.0368  0.8599  0.4133  6.9454
  5.4837  0.9643  0.9719  1.1597  6.3441
  5.8990  3.6283  0.9802  0.1481 32.5294
  5.4943  0.6349  0.9702  2.2161  3.7792
  4.4581  2.8471  0.9883  1.6453 24.2724
  3.6548  1.7547  0.9966  2.3177 13.3901
  6.0452  1.3950  0.9789  0.8552 10.0631
  5.0244  3.4175  0.9813  0.6462 30.2713
  6.9158  1.0655  0.4096  2.0477  7.1866
  3.8200  0.8288  0.9859  1.1004  5.2538
  5.3887  4.1490  0.9805  1.3018 38.1861
  4.7435  2.8736  0.9752  0.5102 24.5471
  4.8490  3.7623  0.9855  0.4557 33.9744
  5.2927  3.1337  0.9918  0.3577 27.2651
  5.0857  3.2043  0.9840  1.9554 28.0095
  4.9875  4.3300  0.9824  0.5374 40.1771
  5.2913  4.0407  0.9910  0.0889 37.0009
  6.7323  1.8259  0.7794  2.1572 14.0675
  5.2919  4.0745  0.9772  0.1934 37.3707
  5.2433  2.7640  0.9691  2.6046 23.4135
  5.7233  4.3017  0.9674  2.7013 39.8650
  6.0125  0.8713  0.9808  1.0679  5.5911
  5.2450  1.4319  0.9844  0.2324 10.3966
  6.2946  2.1850  0.9723  1.9822 17.5602
  5.7515  3.0963  0.9973  1.6695 26.8720
  5.6683  3.0024  0.9757  1.1499 25.8884
  5.0491  2.5295  0.9921  2.2196 21.0134
  5.4414  2.7962  0.9676  0.9196 23.7456
  6.9239  1.7428  0.4513  2.8713 13.2773
  5.0914  3.8760  0.9713  2.6956 35.2073
  5.2755  3.4462  0.9757  1.0112 30.5779
  5.5522  2.2430  0.9751  2.0814 18.1351
  4.6878  2.4104  0.9965  1.0371 19.8093
  4.7180  3.4727  0.9745  1.0078 30.8607
  5.9825  3.2362  0.9798  0.5871 28.3460
  5.1344  1.4425  0.9828  1.4033 10.4927
  6.5184  1.4066  0.8722  1.5386 10.1676
  4.5275  2.3370  0.9715  1.4056 19.0729
  4.5842  0.8529  0.9772  1.1921  5.4439
  5.3088  2.9482  0.9964  0.7287 25.3229
  4.8500  2.8946  0.9715  1.5954 24.7653
  3.8261  1.0181  0.9729  1.8171  6.7888
  4.8340  3.9048  0.9690  2.5076 35.5195
  5.7643  2.5838  0.9726  1.1079 21.5662
  5.6806  2.9020  0.9873  0.7608 24.8417
  5.1574  1.9066  0.9680  1.9077 14.8414
  5.6720  3.5082  0.9843  2.6165 31.2406
  5.4066  2.8645  0.9752  1.5947 24.4528
  5.5866  3.1872  0.9980  0.9748 27.8286
  5.3194  1.5438  0.9953  0.5575 11.4190
  5.5437  2.7438  0.9980  0.8035 23.2054
  5.2458  2.1892  0.9892  0.6629 17.6008
  5.3014  4.2559  0.9797  1.6701 39.3610
  5.2870  3.6618  0.9715  0.1994 32.8904
  5.5682  3.3620  0.9946  0.7564 29.6804
  5.6617  1.8005  0.9862  1.3994 13.8250
  5.2777  2.8426  0.9876  0.8279 24.2258
  5.5716  1.9760  0.9674  1.6007 15.5116
  5.2660  1.6812  0.9893  1.9241 12.6967
  4.5386  3.7063  0.9958  1.2267 33.3692
  5.2517  1.3683  0.9718  2.8787  9.8229
  6.0102  3.6071  0.9708  1.8408 32.3014
  5.9750  0.9856  0.9947  0.8699  6.5193
  5.8325  1.0831  0.9881  1.7095  7.3354
  5.2331  2.5016  0.9707  1.5243 20.7310
  5.3662  3.7761  0.9773  0.3876 34.1235
  4.8459  4.2715  0.9786  1.8167 39.5325
  5.8366  2.2564  0.9694  0.1946 18.2678
  5.1272  2.4871  0.9691  1.3019 20.5840
  5.5998  1.9359  0.9969  1.2987 15.1241
  6.0559  3.0831  0.9825  2.0850 26.7339
  5.1489  2.6590  0.9895  2.0808 22.3348
  3.7939  2.2567  0.9980  1.2835 18.2711
  5.1139  3.3369  0.9967  1.2551 29.4140
  5.6041  3.8168  0.9711  2.8291 34.5646
  5.3934  0.8461  0.9759  1.8588  5.3901
  5.4703  1.2226  0.9814  0.9221  8.5340
  5.2930  2.1261  0.9819  1.2069 16.9785
  5.5526  3.0881  0.9976  2.1483 26.7864
  4.2780  2.8819  0.9902  1.6900 24.6336
  6.1127  3.9607  0.9936  1.1414 36.1287
  5.3852  1.3019  0.9773  1.3608  9.2319
  4.4857  3.1508  0.9781  2.2714 27.4456
  4.9243  1.8954  0.9782  0.6728 14.7333
  4.4648  1.4541  0.9748  1.9063 10.5975
  5.3317  1.9140  0.9925  0.5312 14.9120
  5.1942  3.1629  0.9705  1.4904 27.5730
  5.7562  3.1274  0.9889  1.4923 27.1989
  5.6833  1.3701  0.9920  0.5028  9.8399
  5.8297  2.5866  0.9750  2.7353 21.5948
  5.6243  0.8990  0.9936  1.3852  5.8126
  5.1701  1.9955  0.9946  2.3474 15.7013
  3.6203  2.2055  0.9742  1.3489 17.7625
  4.0166  3.7300  0.9690  2.1385 33.6255
  6.0244  2.7241  0.9901  1.8672 23.0031
  4.8596  1.2001  0.9702  0.7958  8.3381
  4.1884  1.1331  0.9855  2.4936  7.7605
  4.1917  1.1772  0.9738  0.4600  8.1398
  5.8514  0.8106  0.9906  0.3345  5.1107
  5.3157  3.8027  0.9668  0.3622 34.4118
  4.0560  3.9364  0.9841  0.6723 35.8633
  5.4715  3.6972  0.9852  1.0634 33.2714
  5.7343  2.4203  0.9853  1.8146 19.9093
  3.6729  3.1002  0.9976  1.3388 26.9135
  5.2668  2.5406  0.9857  2.0696 21.1269
  5.6521  3.2945  0.9677  0.6946 28.9631
  6.1285  2.1552  0.9928  2.5266 17.2656
  5.4916  3.0096  0.9802  1.6607 25.9639
  6.0205  3.0187  0.9693  0.3707 26.0591
  4.7545  2.6451  0.9738  1.2582 22.1919
  6.1626  1.6243  0.9669  2.4193 12.1647
  5.4325  3.2889  0.9937  2.3097 28.9037
  5.0087  3.9588  0.9980  1.3890 36.1073
  4.4786  4.4091  0.9758  0.9108 41.0503
  4.6537  1.1278  0.9932  0.3520  7.7151
  4.8045  4.0001  0.9785  1.1314 36.5574
  5.2879  2.9871  0.9856  0.7473 25.7281
  5.8488  1.7448  0.9947  0.8022 13.2966
  4.5454  2.4663  0.9961  2.2106 20.3738
  5.1832  1.2900  0.9811  1.2100  9.1267
  4.3152  4.4457  0.9980  2.1270 41.4549
  5.9525  1.7565  0.9925  1.7580 13.4069
  6.2828  1.1932  0.9882  1.0484  8.2786
  5.9144  3.9028  0.9871  2.6003 35.4980
  5.5393  1.3102  0.9911  1.3955  9.3050
  5.7732  1.4367  0.9755  0.9459 10.4402
  5.4953  3.1306  0.9705  0.1240 27.2326
  5.3837  2.8827  0.9716  0.6634 24.6411
  5.0066  3.1305  0.9765  2.5019 27.2312
  4.7505  3.9911  0.9805  1.3272 36.4591
  3.9232  3.0601  0.9920  1.3692 26.4918
  5.9711  2.2601  0.9746  1.9444 18.3050
  5.2889  1.7751  0.9822  1.8137 13.5835
  5.7661  1.4810  0.9933  1.3805 10.8434
  5.3545  3.3636  0.9914  2.6753 29.6977
  3.9040  0.9851  0.9781  1.8220  6.5156
  4.5024  1.6863  0.9722  0.9852 12.7450
  4.9138  1.6080  0.9928  1.5584 12.0133
  6.0482  2.3619  0.9879  0.3065 19.3221
  5.8176  2.6635  0.9764  0.6604 22.3802
  5.2025  0.9222  0.9844  0.6657  6.0005
  3.8415  1.8713  0.9962  2.4787 14.5015
  6.4661  2.4717  0.9793  0.2870 20.4280
  5.3443  3.6118  0.9792  1.5434 32.3519
  4.8267  0.8226  0.9740  1.7499  5.2051
  5.1532  3.3710  0.9676  0.2904 29.7760
  5.7704  2.9682  0.9843  1.0938 25.5311
  5.3356  3.1583  0.9841  0.4631 27.5237
  5.1235  3.0228  0.9976  0.5660 26.1019
  5.6937  2.9593  0.9751  1.3573 25.4386
  4.9951  0.7170  0.9980  1.2770  4.3894
  4.2311  3.0804  0.9870  1.1002 26.7049
  5.0403  3.4342  0.9932  1.4185 30.4493
  5.1283  1.9349  0.9895  2.1405 15.1136
  4.3137  3.1106  0.9762  2.3294 27.0226
  4.7284  2.6524  0.9980  0.5576 22.2665
  5.9356  2.1662  0.9839  2.7551 17.3743
  4.6854  4.2078  0.9686  2.1959 38.8319
  5.2954  2.9808  0.9868  1.0190 25.6625
  5.5071  1.9580  0.9743  1.7194 15.3372
  5.2725  4.1995  0.9762  0.6476 38.7408
  5.0932  0.9979  0.9931  1.9174  6.6212
  5.7919  2.9717  0.9706  1.5439 25.5674
  4.8163  2.5325  0.9901  2.4066 21.0442
  6.6003  1.6457  0.7246  0.6582 12.3649
  5.1369  1.6975  0.9980  0.8357 12.8497
  3.6410  3.0020  0.9969  0.5489 25.8837
  5.4913  2.4396  0.9742  1.1039 20.1037
  4.4896  4.2230  0.9701  0.5800 38.9990
  5.6830  4.2393  0.9836  0.5990 39.1780
  5.1324  3.0743  0.9718  0.9634 26.6409
  4.9733  2.9312  0.9676  0.2892 25.1458
  6.4460  1.5663  0.9564  0.7131 11.6262
  5.9167  2.3400  0.9787  1.0977 19.1027
  5.8831  1.4452  0.9876  0.9945 10.5175
  4.7668  3.6753  0.9891  1.0903 33.0351
  6.2415  3.1547  0.9973  0.6723 27.4862
  5.7658  2.2376  0.9727  0.2106 18.0809
  5.4548  2.4073  0.9729  1.5184 19.7782
  5.7603  3.5333  0.9727  0.7458 31.5087
  5.2264  1.6437  0.9822  0.9299 12.3463
  5.2893  1.8036  0.9860  1.8680 13.8542
  4.4201  0.4404  0.9767  0.9208  2.4241
  5.1665  0.6360  0.9937  0.6878  3.7873
  4.8550  1.8065  0.9910  0.8997 13.8818
  4.7716  3.3921  0.9689  1.0178 30.0006
  4.6854  2.0189  0.9747  1.0934 15.9291
  4.8747  3.6058  0.9829  1.1651 32.2875
  5.2883  1.1359  0.9689  1.6989  7.7844
  6.2136  3.2907  0.9807  2.2824 28.9228
  5.4800  2.8319  0.9893  1.7821 24.1155
  5.8728  0.5706  0.9956  2.2607  3.3161
  4.0416  4.3590  0.9755  0.6811 40.4970
  5.0413  1.5859  0.9868  0.1395 11.8082
  5.1443  2.5379  0.9740  0.5708 21.0987
  6.2394  2.2957  0.9890  1.7429 18.6597
  4.6944  1.1220  0.9839  0.1692  7.6655
  5.8555  1.5338  0.9752  2.2700 11.3272
  4.3890  0.9039  0.9705  0.9675  5.8525
  5.2510  2.3682  0.9674  1.5579 19.3849
  5.4126  2.0111  0.9831  2.1969 15.8528
  5.7648  1.7902  0.9945  1.8061 13.7272
  5.3581  3.8260  0.9773  1.3007 34.6644
  4.8877  3.3236  0.9805  0.6348 29.2721
  5.2121  1.5460  0.9815  1.3311 11.4391
  5.4378  4.2144  0.9961  2.0737 38.9043
  6.8033  1.0276  0.7685  0.8840  6.8685
  6.1504  2.7557  0.9917  1.2163 23.3277
  5.5372  1.8093  0.9941  1.0775 13.9092
  6.0538  0.4030  0.9838  0.6879  2.1805
  5.9481  3.0650  0.9908  1.3983 26.5437
  5.3177  0.9927  0.9733  2.0370  6.5779
  5.6905  4.2348  0.9704  0.5655 39.1290
  5.5047  2.5557  0.9888  1.8518 21.2800
  6.0793  2.1684  0.9694  0.7419 17.3959
  5.5965  2.1836  0.9778  0.9672 17.5455
  5.2915  1.6227  0.9812  0.3762 12.1498
  5.4963  1.9606  0.9845  1.8911 15.3623
  5.3560  3.8129  0.9702  0.5933 34.5225
  5.9345  1.1612  0.9769  2.4433  8.0017
  5.1706  3.9736  0.9878  1.1829 36.2691
  5.8107  3.5691  0.9904  0.7875 31.8928
  4.6881  3.6406  0.9794  1.0904 32.6614
  4.7424  3.2311  0.9845  0.2278 28.2923
  4.8114  4.4029  0.9906  1.1315 40.9817
  6.0451  1.2647  0.9771  1.2334  8.9029
  5.2539  2.9504  0.9726  2.0846 25.3453
  4.9528  2.7340  0.9869  2.5148 23.1044
  4.1818  1.9524  0.9966  2.7184 15.2830
  5.5442  2.1607  0.9671  1.0808 17.3197
  4.7892  3.6076  0.9980  1.2152 32.3061
  5.4235  1.3607  0.9760  1.6765  9.7550
  5.1757  3.6177  0.9880  1.7894 32.4151
  5.6013  3.1610  0.9836  1.7401 27.5526
  4.3073  1.6926  0.9979  0.3891 12.8037
  5.4430  1.4163  0.9818  0.7896 10.2554
  4.2251  4.2674  0.9923  1.9902 39.4870
  5.7336  3.5267  0.9865  0.8211 31.4388
  5.3541  3.6590  0.9883  0.6558 32.8597
  4.2050  0.9975  0.9827  0.3584  6.6181
  5.0081  3.5630  0.9776  0.8187 31.8273
  3.9622  2.7406  0.9884  2.1332 23.1722
  6.0434  2.1364  0.9768  1.5483 17.0797
  5.9822  3.4160  0.9894  1.2240 30.2559
  4.7491  0.3132  0.9730  2.4014  1.6213
  5.4051  3.2158  0.9831  2.7833 28.1309
  5.2861  3.1070  0.9790  2.9885 26.9840
  4.7515  3.7414  0.9869  2.2009 33.7487
  5.1926  2.2746  0.9913  0.7635 18.4490
  5.1645  2.7257  0.9820  1.3599 23.0194
  5.4712  3.2677  0.9715  2.0279 28.6795
  5.4162  3.6524  0.9974  0.3954 32.7882
  5.4335  3.9651  0.9875  0.0690 36.1759
  5.1959  3.5091  0.9690  2.6523 31.2495
  6.6529  3.6957  0.7038  0.5145 33.2554
  5.8149  1.9877  0.9980  1.3399 15.6251
  5.4212  2.9359  0.9822  2.3610 25.1948
  6.3895  1.2795  0.9794  1.6282  9.0337
  5.8063  2.8221  0.9831  0.6426 24.0132
  5.4242  1.9871  0.9690  2.3955 15.6201
  3.6458  2.6653  0.9801  2.0875 22.3989
  4.5814  2.6976  0.9907  0.8503 22.7306
  5.2361  0.8419  0.9712  1.5924  5.3566
  5.1393  0.5119  0.9890  1.6645  2.9058
  5.1216  1.8197  0.9766  1.0775 14.0077
  5.2601  0.3527  0.9954  1.8533  1.8626
  4.9708  1.4035  0.9800  2.3830 10.1395
  5.3554  2.0103  0.9672  1.1124 15.8453
  4.1469  1.5642  0.9980  1.4429 11.6068
  5.6876  1.5844  0.9835  2.3549 11.7938
  5.4719  2.9745  0.9833  0.8376 25.5967
  5.7815  1.4861  0.9923  0.8425 10.8893
  5.3146  1.3989  0.9813  1.5487 10.0983
  5.9816  3.5623  0.9893  0.4871 31.8201
  5.1829  1.6402  0.9929  1.9078 12.3128
  4.7133  1.7059  0.9940  1.7471 12.9292
  5.6240  1.2842  0.9980  1.6091  9.0753
  5.8779  1.0801  0.9852  0.8189  7.3093
  4.8433  3.5365  0.9859  2.9540 31.5437
  5.5554  2.2746  0.9769  0.3459 18.4490
  5.9004  2.3495  0.9768  1.9481 19.1979
  5.4784  1.2600  0.9980  0.4234  8.8616
  4.0317  2.3504  0.9722  1.1349 19.2070
  4.1691  3.9777  0.9941  1.8740 36.3140
  4.9788  4.3638  0.9715  1.9714 40.5494
  5.7970  3.6245  0.9850  1.4274 32.4881
  6.8086  1.7574  0.6822  2.4821 13.4153
  5.3208  2.3828  0.9909  1.0305 19.5317
  4.6373  2.0008  0.9764  1.1978 15.7531
  4.9266  1.2794  0.9814  2.2408  9.0324
  4.9821  3.9272  0.9953  0.3819 35.7638
  3.9185  3.5457  0.9893  0.9013 31.6418
  4.9797  1.8060  0.9754  0.0698 13.8774
  5.3955  2.2827  0.9691  1.6103 18.5298
  5.1097  1.8041  0.9713  1.7497 13.8587
  3.7595  2.3492  0.9895  0.3459 19.1943
  5.6706  3.4954  0.9945  1.0703 31.1035
  5.1676  4.3632  0.9971  1.8306 40.5432
  4.4670  4.1227  0.9922  1.0934 37.8980
  4.5789  4.3707  0.9864  2.4185 40.6264
  3.9989  2.2975  0.9766  1.7936 18.6778
  5.5032  0.6575  0.9957  2.1274  3.9451
  5.4484  2.1319  0.9777  1.7978 17.0355
  4.7153  2.1272  0.9774  0.2114 16.9892
  4.6215  2.5591  0.9847  0.8725 21.3143
  3.9127  4.0640  0.9851  2.0110 37.2554
  4.1089  1.0733  0.9843  1.8949  7.2519
  5.2268  3.7723  0.9980  0.6117 34.0829
  5.6316  2.0963  0.9779  0.5344 16.6857
  5.7787  2.1881  0.9746  0.5164 17.5906
  5.0879  4.0400  0.9861  1.6831 36.9930
  5.8051  0.6980  0.9850  1.7104  4.2467
  4.8131  2.9603  0.9834  1.1212 25.4488
  5.2101  1.5898  0.9954  0.7145 11.8438
  6.2272  1.2308  0.9814  0.4304  8.6063
  5.5932  2.8623  0.9878  0.6897 24.4299
  6.4958  1.4036  0.8580  1.2169 10.1404
  5.1194  4.2706  0.9908  2.2524 39.5224
  4.0819  2.5685  0.9675  1.4273 21.4099
  5.0194  2.5218  0.9958  1.2600 20.9355
  6.7796  1.4548  0.9093  1.1354 10.6045
  5.6243  2.1442  0.9735  0.0970 17.1567
  5.5573  3.2456  0.9801  1.4370 28.4457
  6.5735  0.9448  0.8855  1.1913  6.1846
  5.1482  2.9309  0.9969  1.5082 25.1427
  5.3809  1.3672  0.9910  1.3327  9.8136
  5.8481  2.2417  0.9712  2.5380 18.1220
  5.8916  3.0784  0.9727  2.1313 26.6846
  6.4711  1.9095  0.9664  2.5639 14.8691
  5.0707  3.6687  0.9945  1.4672 32.9643
  4.9130  4.0639  0.9687  2.4462 37.2549
  5.7425  1.9081  0.9754  1.3416 14.8556
  4.5314  0.9300  0.9887  1.6136  6.0640
  4.9338  2.1309  0.9758  1.0159 17.0260
  5.3339  4.2736  0.9743  0.8154 39.5554
  4.6861  3.0858  0.9786  2.5487 26.7615
  5.1204  0.9183  0.9967  1.9310  5.9688
  5.0973  1.6319  0.9818  1.4737 12.2353
  5.5993  1.5473  0.9761  2.0678 11.4513
  5.0540  1.0993  0.9893  2.2066  7.4725
  5.8919  3.2116  0.9858  0.4499 28.0866
  4.7321  1.6597  0.9814  1.6810 12.4954
  5.0127  3.5653  0.9810  2.2592 31.8526
  5.2863  2.4597  0.9917  1.4647 20.3070
  5.2220  2.5720  0.9769  0.6196 21.4457
  6.0325  3.0875  0.9822  1.2502 26.7794
  5.4263  3.1767  0.9965  1.6749 27.7175
  4.3915  3.9697  0.9961  0.2231 36.2263
  4.9241  3.0153  0.9847  0.5945 26.0234
  4.8906  2.4237  0.9687  2.5465 19.9437
  5.4475  3.5128  0.9728  0.4255 31.2899
  6.5085  1.9850  0.8974  2.0398 15.5990
  6.2271  2.6959  0.9980  1.5003 22.7130
  5.1641  2.2438  0.9862  0.4504 18.1424
  6.8799  1.8279  0.6269  1.3173 14.0862
  4.7037  4.0554  0.9813  2.2745 37.1620
  5.3812  3.2211  0.9807  1.5305 28.1866
  5.8318  3.8817  0.9689  0.4927 35.2688
  5.1842  3.1761  0.9785  0.4204 27.7117
  5.3085  2.1436  0.9721  1.4371 17.1509
  4.6058  3.1315  0.9957  1.8557 27.2419
  5.4487  1.3820  0.9906  1.5261  9.9466
  5.3893  2.9753  0.9767  0.8278 25.6057
  4.6929  3.1316  0.9720  0.1337 27.2434
  5.9774  2.6476  0.9863  1.6286 22.2176
  5.5417  2.6301  0.9832  1.4089 22.0392
  6.0695  0.6363  0.9759  2.0088  3.7891
  4.1579  3.2331  0.9917  2.0635 28.3132
  5.7879  4.0357  0.9702  1.7328 36.9467
  4.3404  1.3873  0.9908  1.7019  9.9941
  6.9917  1.3056  0.4921  1.5759  9.2647
  5.8737  2.3551  0.9980  1.1021 19.2543
  5.2218  2.0820  0.9753  0.8191 16.5460
  5.2664  3.5531  0.9753  1.2118 31.7218
  4.7562  1.7995  0.9871  1.3326 13.8156
  5.9084  1.3255  0.9883  0.8103  9.4410
  4.9757  2.4538  0.9757  1.5398 20.2468
  6.0695  3.9038  0.9759  1.1412 35.5085
  5.4365  2.3130  0.9816  0.8563 18.8325
  6.5599  3.5328  0.7790  0.6988 31.5039
  5.4124  3.0249  0.9706  1.0396 26.1234
  5.1062  1.0899  0.9828  2.2014  7.3922
  4.8397  2.8398  0.9977  0.9645 24.1971
  5.2244  1.9924  0.9757  0.4710 15.6714
  4.6813  2.9465  0.9980  1.4924 25.3053
  5.4762  1.5702  0.9865  2.6396 11.6630
  6.2564  2.2350  0.9815  0.5052 18.0553
  6.2896  4.4751  0.9803  0.7409 41.7814
  4.8317  3.0712  0.9879  0.6553 26.6088
  5.4080  2.7438  0.9668  0.8168 23.2059
  5.1154  3.5566  0.9680  1.9491 31.7586
  5.5011  3.1446  0.9916  2.4659 27.3794
  5.5018  2.3054  0.9787  0.6215 18.7561
  4.9539  3.8117  0.9891  0.3226 34.5089
  3.6803  2.2232  0.9900  1.0022 17.9380
  5.5538  3.1915  0.9760  1.0408 27.8736
  4.9222  1.4098  0.9837  2.4832 10.1968
  5.6791  3.4159  0.9793  2.0446 30.2546
  5.3766  2.0370  0.9757  0.9209 16.1054
  5.2419  4.4176  0.9889  1.8100 41.1444
  5.0662  3.4834  0.9755  1.1603 30.9749
  4.7372  1.9183  0.9857  1.8063 14.9535
  5.3487  4.3046  0.9936  1.9525 39.8966
  5.4515  1.5060  0.9905  2.0998 11.0717
  5.3459  2.9505  0.9864  1.7965 25.3467
  5.7953  4.1242  0.9828  0.8690 37.9142
  5.7018  3.8677  0.9742  1.0886 35.1168
  4.4628  3.5880  0.9800  0.1547 32.0956
  5.1724  3.0509  0.9675  2.5322 26.3953
  6.6415  2.1277  0.9893  1.7676 16.9947
  5.5069  4.4667  0.9931  2.1322 41.6874
  5.6667  1.4555  0.9980  1.0021 10.6109
  5.9906  1.3960  0.9946  2.3377 10.0726
  6.0455  1.0019  0.9700  0.5763  6.6543
  5.6411  2.7441  0.9794  2.6798 23.2091
  5.0367  3.6864  0.9900  0.3558 33.1549
  5.9500  1.6116  0.9703  2.2440 12.0463
  5.3856  2.0698  0.9936  2.7276 16.4262
  5.7114  1.7217  0.9964  2.4467 13.0782
  5.9062  3.3325  0.9851  1.5818 29.3666
  4.8024  2.1282  0.9758  0.9837 16.9995
  6.8457  2.1201  0.5973  1.1430 16.9201
  5.2244  2.8410  0.9980  0.8729 24.2095
  5.1699  2.8939  0.9873  1.2049 24.7580
  5.0251  3.3361  0.9685  1.1224 29.4055
  4.4220  2.9924  0.9770  1.4604 25.7839
  5.6723  1.7615  0.9955  1.6998 13.4547
  5.7497  2.3932  0.9857  1.4030 19.6361
  4.0212  3.3979  0.9808  1.5406 30.0623
  5.2944  0.9535  0.9898  1.0218  6.2556
  4.8881  1.9783  0.9899  0.8393 15.5347
  5.9405  2.4786  0.9889  1.8571 20.4980
  5.3383  4.2213  0.9833  1.5644 38.9800
  5.4333  2.7541  0.9678  1.9562 23.3117
  6.0817  1.6621  0.9678  0.5209 12.5178
  4.6751  2.3519  0.9713  0.3059 19.2218
  4.5399  2.5423  0.9670  1.4459 21.1443
  5.3448  2.2734  0.9932  0.5997 18.4376
  5.3753  2.5523  0.9980  1.4469 21.2450
  5.2516  3.7292  0.9719  1.0430 33.6167
  4.9782  2.4447  0.9922  2.1612 20.1553
  4.5824  1.8682  0.9715  0.9598 14.4721
  6.7665  2.3857  0.7219  0.8595 19.5612
  5.7652  1.1821  0.9871  1.2375  8.1827
  3.9227  2.1689  0.9790  1.7123 17.4002
  6.1585  3.3405  0.9828  1.0870 29.4521
  4.3760  3.7016  0.9871  0.4696 33.3193
  5.8869  1.1371  0.9924  1.1795  7.7947
  5.9889  3.1266  0.9788  2.7794 27.1900
  5.1352  2.5782  0.9780  1.7557 21.5093
  4.7060  4.4726  0.9695  1.3323 41.7535
  5.4606  0.5722  0.9841  0.8587  3.3273
  3.5970  2.2286  0.9684  1.2131 17.9919
  5.4325  2.2495  0.9754  1.7407 18.1990
  5.0012  4.0834  0.9725  2.3378 37.4676
  4.9845  2.0633  0.9907  2.3254 16.3621
  5.8926  2.7978  0.9734  1.0629 23.7621
  5.2031  2.6814  0.9869  1.7080 22.5638
  5.2307  1.2633  0.9980  1.2223  8.8909
  6.1089  1.6057  0.9819  1.0125 11.9921
  5.8629  2.1162  0.9929  1.0685 16.8812
  5.0572  1.9415  0.9680  0.9607 15.1774
  5.7607  3.5724  0.9848  0.9566 31.9285
  6.5400  0.6105  0.9623  0.7745  3.6014
  3.9166  1.9687  0.9677  0.7720 15.4409
  4.9474  2.1570  0.9979  1.5524 17.2834
  4.7885  4.0183  0.9871  1.3566 36.7559
  4.3604  1.4343  0.9910  1.7130 10.4178
  5.2311  3.3402  0.9852  1.5594 29.4488
  4.6862  2.4861  0.9878  2.1340 20.5739
  5.1034  4.2207  0.9695  2.2972 38.9738
  5.7616  1.5161  0.9711  1.7987 11.1641
  5.3914  4.4928  0.9911  3.0278 41.9775
  5.2235  4.2110  0.9980  0.4067 38.8671
  5.1779  1.0782  0.9842  1.1691  7.2939
  5.0121  2.3684  0.9967  0.7085 19.3869
  5.8349  0.9017  0.9449  2.7197  5.8344
  5.6107  4.0469  0.9670  0.2889 37.0684
  5.3725  1.9249  0.9978  1.6121 15.0176
  6.2399  2.9406  0.9820  0.3830 25.2441
  5.4124  1.9426  0.9761  0.7453 15.1885
  6.0754  1.9168  0.9742  2.5247 14.9390
  4.9982  2.5299  0.9758  1.0544 21.0180
  5.3110  1.6946  0.9858  1.5130 12.8231
  5.5051  2.8055  0.9728  1.7940 23.8419
  4.7290  0.6067  0.9704  1.6446  3.5743
  5.7511  1.1298  0.9775  2.2462  7.7323
  5.4008  0.7687  0.9980  1.0003  4.7847
  5.4325  3.0658  0.9854  2.5374 26.5522
  4.9304  1.9945  0.9730  0.7132 15.6920
  5.4554  3.5641  0.9719  0.9870 31.8397
  6.2427  2.4458  0.9888  1.3077 20.1666
  5.4539  2.9356  0.9859  2.1464 25.1920
  5.8268  0.5504  0.9775  1.8217  3.1735
  4.4291  2.2051  0.9913  1.2317 17.7585
  6.0454  2.8488  0.9699  0.5901 24.2903
  5.4897  1.4211  0.9846  1.6029 10.2986
  4.3428  3.2653  0.9694  1.4844 28.6544
  5.0663  0.8212  0.9893  2.4006  5.1940
  5.9406  3.3638  0.9980  1.5112 29.7000
  5.5255  2.1898  0.9915  1.4301 17.6070
  6.4484  1.5212  0.9636  2.6365 11.2114
  6.3673  1.1019  0.9732  1.5283  7.4945
  4.5965  1.9105  0.9810  0.9861 14.8783
  3.6942  4.2932  0.9780  1.1546 39.7713
  4.4987  3.7108  0.9698  1.2996 33.4179
  5.4377  1.1639  0.9977  0.4694  8.0249
  5.7848  2.9089  0.9930  1.5154 24.9141
  6.3542  3.6254  0.9869  2.5981 32.4976
  4.7261  2.9421  0.9864  1.4101 25.2597
  5.1757  3.8933  0.9682  0.0403 35.3946
  5.5888  3.3264  0.9940  1.7749 29.3019
  4.7550  2.5921  0.9927  1.4284 21.6513
  5.4706  3.2325  0.9682  1.7864 28.3069
  4.1921  3.6097  0.9740  0.9533 32.3297
  4.4970  2.5499  0.9678  0.7375 21.2210
  5.3429  2.4223  0.9949  1.5729 19.9292
  5.8829  2.6404  0.9782  0.4754 22.1439
  4.3852  3.2297  0.9957  0.8941 28.2770
  5.3538  4.3781  0.9852  0.2191 40.7079
  5.1976  2.5081  0.9936  2.1801 20.7968
  4.8730  3.5847  0.9910  0.4543 32.0606
  5.5869  3.0432  0.9980  1.1637 26.3148
  5.7537  3.8845  0.9970  0.9536 35.2992
  5.5368  3.1260  0.9955  1.4435 27.1841
  4.9098  3.3638  0.9936  2.2296 29.6999
  5.5252  0.5682  0.9781  1.4561  3.2991
  5.9194  3.8534  0.9794  0.8234 34.9611
  6.5295  0.8910  0.7345  2.6893  5.7487
  5.9640  0.8981  0.9920  1.3291  5.8060
  3.8300  3.1417  0.9926  0.8777 27.3498
  4.4326  2.9612  0.9919  2.6880 25.4581
  5.5962  2.9890  0.9706  1.0973 25.7481
  4.7662  1.8602  0.9725  0.1937 14.3956
  5.2985  4.3020  0.9827  1.5528 39.8683
  5.4063  2.9149  0.9719  3.0098 24.9761
  5.5381  2.1803  0.9675  1.9475 17.5135
  5.7770  4.1268  0.9883  2.1059 37.9430
  5.2878  2.3564  0.9826  0.9605 19.2671
  4.4582  2.0671  0.9937  1.6179 16.3999
  6.1715  3.9406  0.9745  1.5828 35.9094
  5.7263  1.2712  0.9675  0.2268  8.9604
  4.0775  2.7091  0.9864  1.7102 22.8485
  5.1042  1.5682  0.9803  1.2372 11.6439
  6.5774  3.2137  0.8419  0.7808 28.1086
  6.5005  2.0988  0.8331  2.1147 16.7102
  6.1887  2.3751  0.9675  1.4205 19.4545
  5.3466  0.6702  0.9820  2.3861  4.0392
  5.4654  3.1046  0.9949  2.1054 26.9588
  4.8662  2.8638  0.9884  1.1531 24.4456
  4.4941  2.1741  0.9791  0.8262 17.4518
  5.0507  2.1658  0.9854  0.2569 17.3702
  6.1556  2.9653  0.9712  1.9619 25.5015
  5.4643  1.0442  0.9927  0.6266  7.0072
  5.6032  3.8916  0.9852  0.6598 35.3762
  6.6819  1.4700  0.7920  2.2397 10.7429
  4.8095  2.0283  0.9772  0.8295 16.0207
  5.1864  1.2462  0.9916  0.4090  8.7409
  6.1382  2.3510  0.9795  1.2558 19.2130
  5.4365  4.4257  0.9789  1.4586 41.2336
  5.4118  4.3251  0.9720  2.6681 40.1233
  5.6937  3.1484  0.9876  0.9812 27.4199
  5.5056  3.7003  0.9775  0.7850 33.3046
  4.7642  1.6349  0.9681  2.4295 12.2634
  6.6159  3.4522  0.8266  0.4949 30.6419
  4.7181  2.7405  0.9692  1.3531 23.1712
  5.1769  2.8687  0.9781  2.3355 24.4965
  5.1541  2.5465  0.9678  2.8512 21.1868
  5.2613  4.3960  0.9714  2.0164 40.9056
  5.3927  1.6267  0.9917  2.1588 12.1869
  4.8500  1.0740  0.9921  0.6233  7.2582
  6.2709  2.3156  0.9833  2.7450 18.8589
  5.1054  3.3757  0.9668  0.2418 29.8260
  5.1320  3.1026  0.9889  0.8226 26.9385
  4.4439  3.7497  0.9771  1.7420 33.8381
  5.5793  1.7441  0.9921  0.5436 13.2896
  5.1664  0.8529  0.9842  0.3911  5.4445
  4.9296  3.1588  0.9888  1.9833 27.5297
  5.2622  1.8265  0.9887  2.4062 14.0729
  5.8667  1.3346  0.9872  0.6137  9.5225
  5.3542  2.8970  0.9704  2.0553 24.7903
  4.3416  0.6665  0.9690  2.1801  4.0114
  4.8125  1.8643  0.9718  1.4454 14.4346
  5.5927  3.4559  0.9840  2.0648 30.6816
  5.3359  4.1313  0.9813  0.6648 37.9922
  5.3326  2.1642  0.9718  0.5929 17.3542
  6.0775  1.3139  0.9747  0.7029  9.3381
  4.9321  2.1411  0.9912  1.3269 17.1268
  6.6642  2.0509  0.7463  1.2893 16.2409
  5.9470  2.7968  0.9737  0.5809 23.7524
  5.8221  3.3317  0.9863  2.1763 29.3578
  5.0380  1.4875  0.9959  2.0823 10.9028
  5.7943  2.8515  0.9903  2.6961 24.3178
  5.5580  3.2750  0.9739  1.8150 28.7568
  5.4257  2.7502  0.9947  1.3802 23.2711
  5.1591  2.5278  0.9933  3.0202 20.9963
  5.4565  1.3584  0.9913  0.7048  9.7351
  5.0807  4.0890  0.9823  2.1200 37.5295
  5.3717  4.4922  0.9809  0.9840 41.9706
  4.6679  1.7612  0.9929  1.9354 13.4518
  4.8995  2.1000  0.9694  0.7136 16.7226
  5.7309  3.0878  0.9960  1.0577 26.7826
  5.9567  1.8307  0.9826  0.6169 14.1131
  4.7235  4.1887  0.9975  1.3912 38.6217
  5.1181  3.1867  0.9950  1.9323 27.8234
  5.2487  1.9690  0.9973  0.5424 15.4441
  6.3647  3.2789  0.9391  0.8346 28.7985
  5.3312  2.0462  0.9738  1.4593 16.1955
  5.3385  3.2023  0.9744  2.2021 27.9886
  6.2350  2.0576  0.9848  0.7325 16.3065
  5.4509  0.9092  0.9980  2.0844  5.8953
  5.9527  3.3608  0.9864  0.6889 29.6673
  5.0041  1.5284  0.9755  0.4894 11.2770
  4.5933  1.3932  0.9980  1.1924 10.0470
  4.0259  4.4489  0.9870  2.2565 41.4906
  5.7491  1.7177  0.9853  1.8045 13.0406
  6.0996  2.6199  0.9980  1.5961 21.9345
  5.5149  4.2546  0.9707  0.2162 39.3468
  4.0463  3.7372  0.9886  1.6771 33.7035
  4.8270  1.2808  0.9777  1.4020  9.0453
  5.2328  3.5207  0.9669  0.6477 31.3741
  4.6197  2.4065  0.9844  1.0212 19.7706
  5.9166  1.3343  0.9775  1.2761  9.5194
  5.6116  2.8952  0.9768  1.1323 24.7718
  5.6408  3.4569  0.9883  1.0513 30.6922
  4.6871  2.8629  0.9717  0.9637 24.4363
  5.2725  3.3679  0.9768  2.1920 29.7427
  6.5946  2.2379  0.7087  2.1868 18.0837
  5.4413  1.5328  0.9829  0.6216 11.3173
  4.9280  3.7630  0.9673  2.3373 33.9818
  6.8635  3.1780  0.4804  0.4115 27.7320
  5.2475  2.5407  0.9886  1.8685 21.1272
  4.7123  3.8633  0.9980  2.2901 35.0687
  5.6140  2.9029  0.9854  2.0404 24.8519
  5.1098  4.4905  0.9891  2.0329 41.9510
  6.1673  1.5546  0.9920  1.3604 11.5187
  4.0659  3.1775  0.9934  0.8633 27.7264
  6.7370  1.0921  0.8177  0.7121  7.4113
  4.1090  3.6811  0.9710  1.3910 33.0976
  5.1710  2.3878  0.9796  1.4397 19.5820
  5.6340  1.5182  0.9708  0.6898 11.1831
  5.4490  3.1281  0.9779  1.9565 27.2065
  6.0180  1.7789  0.9721  0.8066 13.6199
  4.5990  3.5886  0.9727  1.4911 32.1026
  4.9656  3.5872  0.9980  0.4196 32.0872
  5.0702  1.4684  0.9893  0.8470 10.7282
  6.1277  1.0812  0.9791  1.0604  7.3190
  5.5414  2.1029  0.9964  1.2747 16.7508
  6.1216  2.0352  0.9912  1.8973 16.0883
  5.2503  2.4272  0.9950  0.4062 19.9789
  4.4932  2.8691  0.9794  1.5345 24.5007
  5.1286  2.5035  0.9980  2.5130 20.7504
  5.4949  4.1291  0.9768  1.7066 37.9681
  4.9594  0.5064  0.9980  2.3136  2.8685
  5.6605  1.1830  0.9971  0.2183  8.1903
  5.5531  3.6316  0.9896  1.4970 32.5643
  5.1860  2.3688  0.9837  1.8042 19.3909
  4.3917  2.1920  0.9980  1.9595 17.6290
  5.1751  3.0623  0.9708  0.2428 26.5157
  5.3850  1.4696  0.9773  2.3739 10.7391
  4.5703  1.9478  0.9859  1.3293 15.2391
  5.7418  1.5849  0.9727  1.3114 11.7991
  5.2583  1.7049  0.9853  1.1099 12.9198
  5.6380  2.6033  0.9857  1.7871 21.7650
  5.4937  2.1469  0.9685  1.1684 17.1837
  4.8838  3.0192  0.9928  1.4897 26.0644
  6.4432  3.7958  0.9755  0.1194 34.3370
  5.7273  1.1619  0.9980  2.0521  8.0079
  4.9994  3.4304  0.9980  2.9420 30.4092
  5.4900  2.6548  0.9686  0.7937 22.2918
  6.0186  1.0029  0.9809  0.5833  6.6624
  6.2133  2.0228  0.9970  1.3337 15.9668
  5.7991  1.9325  0.9932  1.3993 15.0913
  6.9166  1.4239  0.4870  1.0248 10.3240
  4.8377  2.7814  0.9911  0.2715 23.5927
  5.9263  1.0475  0.9801  1.3765  7.0346
  5.4980  1.3186  0.9854  0.3570  9.3799
  5.9637  3.1937  0.9692  1.3065 27.8970
  5.8236  1.9074  0.9890  0.2364 14.8485
  4.2631  2.4424  0.9768  0.6529 20.1322
  5.7455  1.3043  0.9781  2.3760  9.2533
  4.6619  2.3827  0.9948  2.4267 19.5306
  4.7793  4.1295  0.9669  0.6201 37.9726
  6.0547  0.6218  0.9762  2.0624  3.6837
  4.5981  2.1804  0.9958  1.2649 17.5146
  5.2880  1.4975  0.9957  2.4972 10.9940
  5.2325  3.4640  0.9866  0.4323 30.7673
  4.8262  1.2913  0.9769  1.4194  9.1381
  6.0835  3.2693  0.9870  0.9877 28.6970
  5.5645  4.2015  0.9798  0.9814 38.7623
  5.0806  3.3384  0.9870  1.8741 29.4300
  5.0507  4.4852  0.9832  1.3596 41.8930
  4.3247  3.8374  0.9905  0.2334 34.7882
  4.8648  0.6931  0.9724  1.1892  4.2101
  5.8137  3.5420  0.9668  1.4067 31.6026
  5.2659  2.7416  0.9814  0.2001 23.1832
  5.5658  0.9041  0.9951  0.8232  5.8538
  5.7778  0.8563  0.9967  2.3778  5.4710
  6.2613  0.2727  0.9746  0.2555  1.3813
  5.4076  2.4392  0.9832  1.3486 20.0997
  5.5469  0.9016  0.9796  1.4152  5.8336
  4.7000  1.2613  0.9864  2.8240  8.8735
  5.2570  2.5062  0.9891  0.4074 20.7771
  6.7474  1.5447  0.5959  1.4936 11.4270
  5.0969  0.7449  0.9887  1.0129  4.6023
  5.5894  1.4082  0.9718  0.9880 10.1823
  5.1676  0.8643  0.9911  0.5626  5.5351
  4.8282  1.2766  0.9903  0.1214  9.0078
  6.3896  1.5003  0.9824  0.9946 11.0199
  5.4808  2.2106  0.9686  1.0188 17.8128
  5.4752  0.8913  0.9788  1.5956  5.7514
  5.2130  1.8180  0.9684  2.0712 13.9914
  5.1202  2.4147  0.9915  0.5753 19.8526
  4.9772  3.8431  0.9757  1.5988 34.8494
  5.1620  1.4420  0.9787  0.7583 10.4877
  5.9423  1.9147  0.9860  0.1899 14.9195
  5.2535  1.7672  0.9673  1.9152 13.5080
  5.1270  3.5125  0.9929  0.7194 31.2862
  4.9067  1.7075  0.9896  2.2467 12.9443
  3.8432  1.8600  0.9930  1.4260 14.3930
  6.8915  2.4659  0.4448  1.1898 20.3696
  5.2992  3.8967  0.9681  1.1650 35.4319
  5.4539  1.8003  0.9707  1.9061 13.8233
  5.3218  3.8562  0.9791  0.7991 34.9921
  4.1012  1.7177  0.9684  2.0784 13.0406
  5.4775  3.4389  0.9865  0.6470 30.4999
  5.2278  1.6021  0.9744  1.2474 11.9585
  4.5672  3.0977  0.9872  1.7562 26.8867
  4.5851  3.3478  0.9697  1.4816 29.5291
  5.8298  1.4952  0.9980  2.3522 10.9728
  6.0346  2.4355  0.9879  1.4105 20.0627
  4.9745  2.2280  0.9845  2.1227 17.9856
  5.3055  2.0304  0.9821  1.1830 16.0415
  4.9944  2.7690  0.9962  0.1110 23.4653
  4.7213  2.4835  0.9850  1.1471 20.5474
  4.5064  3.2664  0.9780  2.5570 28.6658
  4.8860  0.6812  0.9684  1.0481  4.1212
  5.4485  0.3846  0.9898  0.7593  2.0629
  4.5756  1.7154  0.9733  0.9579 13.0185
  4.6529  0.8748  0.9834  0.7559  5.6186
  5.4752  3.5293  0.9742  0.4734 31.4663
  5.2062  4.1787  0.9868  1.7715 38.5119
  5.2298  0.9113  0.9808  1.7288  5.9125
  4.3476  4.4904  0.9827  1.2640 41.9506
  5.2749  2.2073  0.9937  1.5907 17.7806
  5.8775  3.7232  0.9859  0.4232 33.5521
  4.0943  3.7529  0.9847  0.1517 33.8725
  6.4549  0.7998  0.9835  0.7806  5.0263
  5.5487  2.6993  0.9768  0.7094 22.7479
  5.5922  2.8809  0.9765  1.5685 24.6228
  4.6165  2.1772  0.9708  0.4277 17.4824
  5.9615  1.6085  0.9858  1.3405 12.0176
  4.5771  2.6404  0.9699  1.0383 22.1437
  3.6216  2.6633  0.9723  1.5567 22.3782
  5.1229  0.9458  0.9896  1.2962  6.1928
  5.7564  3.1400  0.9745  1.8233 27.3313
  6.5391  3.8641  0.7429  0.4229 35.0772
  6.3859  3.0111  0.9673  1.1260 25.9789
  5.0078  3.0798  0.9744  2.3051 26.6993
  5.5585  2.5528  0.9743  1.3495 21.2504
  4.7469  3.6393  0.9818  2.4799 32.6471
  3.6826  2.8360  0.9980  0.2114 24.1573
  4.3334  3.7397  0.9956  0.5611 33.7303
  5.3527  2.7176  0.9867  1.9247 22.9360
  5.4286  1.1702  0.9889  0.2231  8.0799
  5.0628  1.9192  0.9714  1.4180 14.9627
  5.3530  3.5752  0.9752  1.3141 31.9587
  5.7664  1.8485  0.9864  0.2300 14.2830
  5.4994  3.2712  0.9721  1.9261 28.7171
  5.7492  2.3403  0.9956  1.1121 19.1057
  5.0360  2.5056  0.9690  1.6015 20.7713
  5.2824  2.5193  0.9970  1.6799 20.9107
  5.1354  0.9141  0.9855  2.2586  5.9349
  4.7388  4.1036  0.9764  0.8748 37.6892
  5.1523  2.9727  0.9706  0.4335 25.5782
  4.5586  3.1777  0.9681  1.2527 27.7285
  4.9598  2.9535  0.9944  1.0803 25.3782
  6.3782  2.2018  0.9836  0.7045 17.7263
  4.9993  2.9020  0.9805  2.2690 24.8417
  4.7793  2.6382  0.9977  2.7487 22.1221
  5.5717  2.6693  0.9720  1.8092 22.4399
  4.6657  3.1938  0.9731  1.1876 27.8979
  5.5853  0.6866  0.9847  1.8872  4.1613
  4.9132  0.5265  0.9841  1.8096  3.0065
  5.2129  1.0144  0.9958  2.4030  6.7586
  4.6348  0.8812  0.9946  1.4339  5.6703
  5.9994  3.9427  0.9695  1.9121 35.9320
  4.7037  1.9183  0.9708  0.5986 14.9538
  4.9364  1.7102  0.9669  2.0301 12.9694
  6.4168  4.0935  0.8068  0.6315 37.5783
  5.1778  2.6139  0.9828  1.2809 21.8736
  5.0902  2.1261  0.9955  1.3755 16.9786
  6.1297  2.6121  0.9930  0.6956 21.8553
  4.6153  1.7716  0.9877  0.5130 13.5503
  5.9589  2.8960  0.9849  0.8888 24.7801
  4.4781  3.6802  0.9775  1.1007 33.0876
  5.3969  4.1721  0.9908  2.4146 38.4396
  5.3654  1.8832  0.9939  0.1684 14.6156
  5.0178  1.3101  0.9774  1.3698  9.3047
  4.2895  1.9855  0.9818  1.1171 15.6043
  5.4417  1.8068  0.9980  1.7062 13.8851
  6.4409  2.8966  0.8072  1.2573 24.7858
  5.7908  3.9083  0.9766  0.4250 35.5581
  4.6948  1.8985  0.9704  1.9932 14.7632
  5.0494  2.7174  0.9797  1.4099 22.9337
  5.4047  3.3258  0.9945  1.7122 29.2957
  6.3280  2.2601  0.9678  0.9123 18.3044
  6.8174  1.1623  0.5152  2.3388  8.0115
  6.0026  2.5613  0.9687  1.2846 21.3375
  5.5887  2.9730  0.9697  0.9570 25.5809
  5.0055  2.4062  0.9907  2.2065 19.7676
  4.3214  3.9164  0.9914  2.5794 35.6462
  4.3007  1.3884  0.9840  0.2569 10.0034
  4.0943  2.4717  0.9754  1.0462 20.4278
  5.1686  2.0227  0.9945  1.5022 15.9657
  5.2751  1.8483  0.9931  1.8853 14.2813
  5.2470  2.0600  0.9793  2.0492 16.3301
  4.1606  3.9377  0.9959  1.7294 35.8780
  4.5025  1.6614  0.9803  1.5365 12.5110
  4.5000  1.3817  0.9733  1.6130  9.9434
  5.3661  2.6671  0.9943  1.5217 22.4178
  5.2056  1.6263  0.9954  0.8291 12.1834
  5.2473  2.1210  0.9844  1.6447 16.9284
  4.4629  2.0334  0.9683  2.0411 16.0707
  5.5286  3.4402  0.9794  1.7246 30.5139
  6.3785  2.1906  0.9863  2.6423 17.6153
  5.5262  1.3965  0.9868  1.7714 10.0767
  4.1935  4.2089  0.9689  1.8199 38.8442
  6.2205  1.0481  0.9825  2.2323  7.0403
  5.2114  3.1047  0.9859  1.1674 26.9602
  4.7611  1.5060  0.9792  0.9063 11.0712
  5.9139  1.6323  0.9881  0.8124 12.2394
  3.7944  3.7041  0.9980  2.2103 33.3459
  4.1140  1.6627  0.9980  1.0164 12.5238
  5.8735  1.2619  0.9873  2.7163  8.8789
  5.0943  0.6220  0.9718  1.6768  3.6848
  3.8930  3.0782  0.9943  2.0087 26.6815
  5.1564  1.3457  0.9818  1.0333  9.6208
  4.8809  2.9025  0.9819  1.5777 24.8477
  5.6361  3.4572  0.9733  0.6470 30.6949
  5.0626  3.8156  0.9701  1.0184 34.5519
  5.0956  0.7370  0.9714  2.2806  4.5419
  4.9139  1.1699  0.9785  1.7844  8.0769
  5.9049  4.0126  0.9727  2.5749 36.6942
  6.1264  4.0716  0.9715  1.1849 37.3389
  5.6316  1.0323  0.9869  0.4341  6.9075
  6.0205  1.1033  0.9867  2.3893  7.5066
  5.0821  4.2991  0.9806  2.1088 39.8366
  5.1718  1.6840  0.9698  2.3755 12.7236
  4.7529  4.2533  0.9898  1.6521 39.3315
  6.1465  0.9182  0.9955  1.0982  5.9679
  5.8296  4.2617  0.9936  2.4501 39.4239
  6.0931  1.1851  0.9863  0.5231  8.2087
  5.0964  4.1693  0.9699  1.8911 38.4092
  5.0329  1.3547  0.9976  1.1745  9.7015
  5.5717  1.9631  0.9861  0.7941 15.3865
  5.7591  1.6887  0.9909  0.8704 12.7678
  4.6947  3.8041  0.9980  2.0328 34.4267
  4.2197  1.4793  0.9827  0.2350 10.8274
  5.2981  1.8079  0.9755  0.7888 13.8954
  6.7656  3.6559  0.5660  1.8528 32.8260
  3.5932  2.5246  0.9791  0.9369 20.9641
  4.7021  4.1760  0.9872  0.5730 38.4826
  5.2550  3.2378  0.9863  0.0645 28.3634
  6.1624  2.1568  0.9695  1.1265 17.2811
  5.2092  2.1938  0.9738  0.8108 17.6463
  5.2943  1.6909  0.9781  0.4867 12.7878
  4.6891  3.5355  0.9731  1.9521 31.5328
  5.5111  1.5159  0.9979  2.7237 11.1628
  5.2299  2.3317  0.9880  0.3625 19.0192
  3.7755  2.6654  0.9867  0.9258 22.4000
  3.6103  2.0918  0.9850  2.0445 16.6419
  5.2443  1.5109  0.9670  0.6174 11.1163
  3.9588  3.7146  0.9829  0.6336 33.4590
  5.6925  0.9003  0.9896  1.1826  5.8234
  5.0972  2.2515  0.9711  1.4847 18.2195
  4.4517  3.2527  0.9887  1.9818 28.5203
  6.1403  2.5546  0.9811  2.0097 21.2690
  5.7816  1.4108  0.9916  2.1897 10.2061
  5.0200  1.3021  0.9920  1.5794  9.2336
  5.7251  1.8322  0.9702  0.7136 14.1275
  4.8791  3.0936  0.9952  2.5208 26.8434
  5.1739  2.2960  0.9788  0.9604 18.6623
  5.9882  2.0642  0.9980  0.7336 16.3712
  3.9357  1.8497  0.9770  1.5668 14.2946
  3.6429  4.2387  0.9693  2.2456 39.1711
  3.5427  2.4306  0.9980  0.3968 20.0134
  5.2216  4.2492  0.9888  1.2266 39.2871
  6.0015  2.2719  0.9799  2.3643 18.4228
  5.8080  3.7560  0.9700  1.5979 33.9061
  5.2255  4.2485  0.9686  0.7826 39.2791
  4.5430  1.7376  0.9857  1.1501 13.2281
  4.7205  2.7981  0.9721  2.7490 23.7660
  5.1910  2.8390  0.9895  2.0742 24.1886
  5.2916  0.5445  0.9834  1.4027  3.1319
  4.5298  3.0733  0.9814  0.8591 26.6308
  5.0923  4.0147  0.9721  1.7973 36.7173
  4.9871  2.7304  0.9927  1.5757 23.0673
  4.8651  2.0639  0.9929  1.4053 16.3685
  4.9628  2.2461  0.9740  0.9448 18.1659
  5.3146  3.3541  0.9793  0.9357 29.5964
  5.5269  3.5066  0.9870  2.1374 31.2228
  5.6060  2.6514  0.9976  1.6913 22.2563
  5.1098  2.5237  0.9686  2.8088 20.9551
  5.9246  3.7537  0.9971  1.6735 33.8815
  6.0856  1.8026  0.9880  0.3546 13.8445
  4.9724  0.4618  0.9958  2.4730  2.5665
  5.1508  1.3159  0.9850  1.0663  9.3558
  5.7918  0.7558  0.9884  1.4875  4.6858
  5.1806  2.5644  0.9979  2.0191 21.3686
  5.4261  1.7490  0.9757  1.8211 13.3363
  4.7305  2.8369  0.9941  2.0473 24.1665
  5.3866  3.5254  0.9980  0.8204 31.4251
  4.7788  0.9010  0.9849  0.6115  5.8294
  6.2250  3.4905  0.9669  1.1724 31.0515
  5.7805  3.9412  0.9760  1.4665 35.9163
  5.7209  0.8186  0.9667  2.4807  5.1734
  4.8689  4.1472  0.9881  0.7161 38.1662
  4.9787  4.2535  0.9715  1.1115 39.3337
  5.3431  1.7831  0.9958  0.3073 13.6591
  5.0912  3.6441  0.9758  2.4341 32.6987
  4.7210  4.0301  0.9879  0.2883 36.8849
  5.1290  1.3883  0.9874  1.1895 10.0025
  5.5990  2.8479  0.9881  1.3382 24.2809
  5.0497  4.0732  0.9798  2.5107 37.3561
  5.8718  1.9032  0.9964  2.1679 14.8084
  5.9566  2.0178  0.9958  1.5244 15.9182
  5.0526  2.0806  0.9931  1.8572 16.5315
  4.4892  1.8383  0.9904  1.4686 14.1856
  5.3761  2.4324  0.9713  1.1455 20.0316
  5.2699  2.6820  0.9887  1.0567 22.5706
  5.1778  2.1934  0.9876  0.9631 17.6432
  5.9033  3.7662  0.9980  0.4004 34.0171
  5.0141  1.5667  0.9825  2.7273 11.6306
  5.3422  2.2894  0.9783  1.1483 18.5971
  5.4685  2.5939  0.9800  0.6867 21.6688
  4.5392  1.4985  0.9928  2.2704 11.0031
  5.3413  3.8934  0.9980  1.8205 35.3960
  5.2163  2.2851  0.9757  1.0379 18.5537
  5.5352  2.3397  0.9868  0.5635 19.0995
  3.6705  3.7057  0.9921  2.0467 33.3630
  5.7879  3.0179  0.9813  2.3934 26.0503
  5.2473  3.2119  0.9940  1.5987 28.0894
  4.1293  2.8080  0.9866  0.4312 23.8678
  5.0242  1.7949  0.9889  0.2839 13.7720
  5.7786  2.5572  0.9800  1.6565 21.2952
  4.8076  2.3716  0.9824  1.6041 19.4192
  5.3187  3.1763  0.9888  0.9050 27.7135
  4.7969  1.6757  0.9863  1.7875 12.6458
  3.9941  3.3722  0.9707  2.7143 29.7891
  5.8957  3.6820  0.9763  1.3276 33.1076
  5.1917  2.0742  0.9934  1.8731 16.4691
  5.4010  2.4686  0.9918  1.5179 20.3968
  4.7210  3.9203  0.9777  0.6909 35.6879
  3.8976  1.9330  0.9674  1.9074 15.0957
  6.5836  0.8673  0.9093  1.8056  5.5586
  5.4555  1.3964  0.9716  1.5692 10.0761
  5.5395  3.9400  0.9678  2.8400 35.9027
  6.2694  0.8587  0.9560  1.2110  5.4900
  5.7715  2.8602  0.9888  0.4167 24.4084
  5.8959  2.3074  0.9773  1.1906 18.7767
  4.6951  4.0650  0.9721  1.3064 37.2665
  5.5899  1.5363  0.9980  1.2487 11.3500
  4.6164  2.7005  0.9819  1.8826 22.7603
  5.2706  4.0882  0.9670  0.3852 37.5206
  6.2587  1.6157  0.9970  1.6569 12.0844
  5.0192  2.4472  0.9831  0.3455 20.1808
  5.7580  1.2752  0.9695  0.9162  8.9956
  4.8725  4.2316  0.9823  1.6927 39.0938
  5.5396  0.9857  0.9900  1.4772  6.5202
  4.7510  1.6083  0.9971  1.2207 12.0161
  4.7602  3.1329  0.9677  2.0681 27.2565
  5.7493  4.3310  0.9690  1.1040 40.1876
  5.4846  2.1566  0.9725  0.3700 17.2788
  4.8375  3.5436  0.9734  1.4326 31.6191
  5.6135  2.9438  0.9883  2.5515 25.2766
  5.6681  2.4329  0.9728  2.5998 20.0363
  4.8472  4.3006  0.9802  1.4139 39.8532
  5.6126  3.1379  0.9812  1.7955 27.3097
  4.4545  1.0085  0.9955  2.1866  6.7092
  5.1814  2.4767  0.9678  1.8227 20.4787
  5.7145  2.3531  0.9980  2.7515 19.2338
  6.0591  1.1909  0.9704  0.8460  8.2584
  4.0035  1.2857  0.9976  1.5934  9.0885
  6.2707  1.9904  0.9826  0.9854 15.6520
  5.9575  1.8108  0.9767  1.7982 13.9233
  5.7730  1.7854  0.9707  0.5647 13.6814
  4.6701  3.9548  0.9815  2.2399 36.0641
  5.0367  1.8813  0.9679  2.1148 14.5974
  5.0145  3.1961  0.9842  2.2417 27.9223
  6.2533  2.4586  0.9745  0.8399 20.2956
  4.9339  2.2031  0.9775  1.4125 17.7387
  5.3255  0.5299  0.9980  0.3787  3.0303
  5.4193  2.1902  0.9708  1.7301 17.6109
  4.9143  0.8105  0.9726  1.3952  5.1097
  5.5375  2.5527  0.9732  1.3732 21.2494
  4.9830  3.6054  0.9980  0.8156 32.2825
  5.9700  3.6783  0.9921  1.4522 33.0678
  5.8889  1.9823  0.9853  2.8571 15.5730
  5.4419  3.7557  0.9751  0.9900 33.9029
  5.3695  1.8545  0.9702  1.4468 14.3408
  4.2352  3.1548  0.9706  1.0133 27.4871
  4.6095  1.9500  0.9780  0.5940 15.2598
  5.5773  0.7360  0.9980  1.5034  4.5340
  5.3937  1.8343  0.9918  1.7593 14.1471
  5.8782  2.0780  0.9812  1.4609 16.5067
  4.5691  0.7012  0.9721  0.6062  4.2709
  3.7481  2.1779  0.9722  0.8309 17.4897
  4.7588  2.5093  0.9894  1.9444 20.8088
  5.6073  3.4268  0.9786  1.2227 30.3709
  5.0322  2.5271  0.9951  2.0850 20.9891
  6.4501  1.2592  0.9748  0.5794  8.8548
  5.0939  3.4434  0.9867  1.0003 30.5481
  5.8996  3.7594  0.9980  1.6199 33.9431
  5.4571  3.6200  0.9684  1.7439 32.4401
  4.7762  3.8703  0.9776  2.6019 35.1446
  4.5678  0.9080  0.9850  1.5700  5.8859
  5.3214  2.7831  0.9703  0.1238 23.6105
  5.3774  1.5755  0.9972  0.3671 11.7117
  5.1076  2.7515  0.9677  0.3172 23.2850
  5.9763  2.0533  0.9980  0.4449 16.2651
  6.8987  1.8672  0.4452  2.4608 14.4628
  4.4877  0.6663  0.9953  2.8194  4.0102
  4.9051  3.7121  0.9914  1.1828 33.4317
  5.1764  3.0949  0.9721  1.1402 26.8578
  5.0317  1.7304  0.9954  1.5220 13.1598
  5.2654  4.1170  0.9712  0.2277 37.8357
  5.6929  2.7879  0.9891  2.0206 23.6601
  4.3301  2.8817  0.9915  1.0704 24.6310
  5.5853  2.3558  0.9737  0.4136 19.2608
  5.1488  3.2996  0.9793  0.1030 29.0176
  5.1684  2.9844  0.9832  1.0029 25.7001
  5.2854  3.0100  0.9782  1.4075 25.9681
  5.3742  3.0287  0.9837  1.8611 26.1630
  4.5567  4.1346  0.9781  1.7023 38.0285
  6.2097  1.4044  0.9788  1.9068 10.1481
  5.1346  3.3221  0.9800  1.9346 29.2566
  5.1841  4.4688  0.9906  1.9541 41.7114
  5.3382  3.7293  0.9793  1.4690 33.6180
  4.0712  0.6714  0.9786  1.9574  4.0482
  4.3046  2.3466  0.9820  1.5648 19.1688
  5.4102  4.0082  0.9877  1.9408 36.6463
  5.3948  4.0926  0.9738  0.4261 37.5683
  4.6793  3.2583  0.9968  0.8948 28.5806
  5.5874  3.7250  0.9945  0.8068 33.5713
  4.6413  3.2482  0.9867  1.4508 28.4736
  5.1969  4.0162  0.9858  2.7637 36.7337
  5.8239  3.1804  0.9786  0.8102 27.7575
  5.5386  2.2783  0.9704  1.1510 18.4858
  5.5810  2.0939  0.9861  1.0955 16.6628
  5.6447  0.9565  0.9808  0.3581  6.2799
  3.8935  4.2622  0.9907  1.9467 39.4299
  5.4769  2.5419  0.9924  0.8280 21.1401
  4.1222  4.4781  0.9959  0.4860 41.8138
  5.1630  2.7592  0.9675  0.4320 23.3637
  5.2090  4.0812  0.9723  1.1356 37.4440
  5.1726  1.7251  0.9700  0.6469 13.1099
  4.8174  0.9081  0.9864  2.4621  5.8867
  5.4778  2.7349  0.9901  1.6990 23.1138
  4.9764  1.1701  0.9844  1.9522  8.0785
  6.6641  1.8831  0.7429  0.5033 14.6151
  4.8678  2.3176  0.9825  2.7557 18.8785
  5.9846  3.1545  0.9925  2.7023 27.4843
  4.6026  4.2323  0.9978  2.7149 39.1005
  4.5586  2.5689  0.9699  0.2192 21.4141
  3.8543  2.7373  0.9710  1.4395 23.1390
  6.6866  1.7783  0.7657  0.9657 13.6141
  5.5133  2.0931  0.9931  1.1404 16.6546
  5.2643  1.1494  0.9892  1.7834  7.9007
  5.3126  2.5303  0.9944  1.9783 21.0222
  6.7542  2.5720  0.6865  1.8711 21.4460
  6.5875  1.6339  0.8384  0.9964 12.2548
  5.5502  1.8959  0.9701  1.1866 14.7386
  4.5906  2.1369  0.9721  1.8186 17.0853
  4.6143  2.0824  0.9697  0.7817 16.5497
  4.5725  1.9363  0.9956  2.0563 15.1273
  5.1702  1.3845  0.9891  0.2487  9.9690
  6.0034  3.4886  0.9915  1.3038 31.0310
  6.8858  0.6337  0.9520  1.5643  3.7700
  5.1091  4.4906  0.9923  1.2345 41.9529
  6.0528  0.8317  0.9897  1.2878  5.2763
  5.0884  1.9200  0.9843  1.8359 14.9703
  6.0591  2.7815  0.9954  2.7969 23.5941
  5.3371  0.7233  0.9962  1.7461  4.4375
  5.8257  1.4750  0.9888  0.3482 10.7880
  5.2575  3.2283  0.9905  1.8360 28.2625
  5.5307  2.2268  0.9717  2.1439 17.9736
  5.0979  4.0631  0.9980  1.9837 37.2460
  5.0224  3.4268  0.9930  1.8341 30.3708
  5.5684  4.4139  0.9914  1.2732 41.1040
  5.2637  1.0257  0.9872  2.1400  6.8528
  5.9795  1.0861  0.9851  1.6293  7.3603
  4.8689  3.8753  0.9965  0.3687 35.1988
  5.7841  1.5988  0.9834  0.8917 11.9278
  5.4475  2.6034  0.9784  2.4875 21.7663
  4.6275  1.6031  0.9912  0.4667 11.9681
  5.8368  1.4213  0.9675  2.6080 10.3002
  4.4679  2.6521  0.9895  0.2988 22.2641
  5.4600  2.4308  0.9845  1.3307 20.0150
  5.6181  2.6906  0.9951  1.4445 22.6581
  5.9441  2.4849  0.9880  1.9962 20.5617
  5.5654  1.4088  0.9980  1.4011 10.1874
  5.1500  2.3285  0.9889  0.8630 18.9874
  4.9901  4.3393  0.9787  2.4682 40.2797
  5.4856  2.6452  0.9708  1.4641 22.1928
  6.0545  1.3408  0.9871  1.3847  9.5770
  4.4349  2.9440  0.9713  2.0883 25.2787
  5.4161  2.0397  0.9779  1.9673 16.1317
  4.4973  1.8929  0.9861  1.1471 14.7095
  4.4357  2.7201  0.9843  1.4203 22.9616
  6.5130  0.9106  0.7293  1.1367  5.9062
  5.3214  4.1713  0.9834  1.8096 38.4309
  6.1736  2.2271  0.9758  1.5719 17.9770
  5.5852  2.8436  0.9934  1.5674 24.2365
  6.1056  1.4876  0.9701  1.8238 10.9032
  5.7014  2.4112  0.9740  0.6453 19.8176
  6.3054  0.9526  0.9900  1.5822  6.2480
  5.3545  2.3002  0.9962  1.7763 18.7046
  4.2647  1.5805  0.9832  1.4762 11.7577
  5.0447  3.0577  0.9869  2.1486 26.4672
  5.6065  2.4941  0.9879  1.9425 20.6551
  4.5846  1.0265  0.9730  1.9635  6.8596
  4.6295  1.0476  0.9870  0.9753  7.0362
  4.0909  3.7717  0.9690  2.6358 34.0763
  5.2998  4.1356  0.9855  1.7431 38.0395
  5.0856  1.4914  0.9776  1.3269 10.9379
  5.9100  4.0407  0.9814  1.1715 37.0015
  4.0174  4.1884  0.9800  0.6266 38.6192
  5.4869  3.6379  0.9761  0.9121 32.6330
  5.4803  1.6822  0.9767  1.4539 12.7061
  4.8402  3.9368  0.9764  0.0484 35.8674
  4.0443  2.2005  0.9971  2.6159 17.7133
  5.2526  0.8671  0.9888  0.9749  5.5573
  5.3333  3.6031  0.9980  0.7757 32.2587
  4.5502  2.0647  0.9865  1.5977 16.3761
  5.0971  4.2183  0.9680  0.9508 38.9472
  5.4641  2.6043  0.9944  0.5624 21.7749
  5.1772  2.5569  0.9954  1.4595 21.2922
  5.3982  3.2521  0.9808  0.2815 28.5142
  5.8772  1.0593  0.9956  1.2027  7.1345
  4.9073  0.7559  0.9891  0.5850  4.6862
  5.2167  4.2472  0.9719  1.0632 39.2652
  6.6035  1.1935  0.6093  0.9016  8.2810
  5.0428  4.0715  0.9859  2.5492 37.3376
  6.2634  2.9709  0.9980  1.1107 25.5590
  4.7469  4.4172  0.9727  0.4643 41.1405
  5.3328  2.6307  0.9697  0.7331 22.0446
  5.4942  0.9679  0.9708  1.2102  6.3740
  5.2191  0.5951  0.9929  0.3752  3.4904
  6.3824  0.7582  0.9937  1.4360  4.7038
  5.1070  1.8731  0.9882  1.6446 14.5188
  5.4370  2.4402  0.9919  1.2346 20.1098
  5.7917  2.6985  0.9667  0.6316 22.7398
  5.9456  1.0720  0.9716  0.8676  7.2413
  6.5913  0.8922  0.8943  1.1615  5.7584
  5.4365  2.4128  0.9868  1.1873 19.8334
  3.8628  2.8205  0.9816  0.9905 23.9969
  5.6167  0.7452  0.9768  1.5560  4.6042
  4.5765  2.4360  0.9679  1.7541 20.0676
  6.0440  0.4003  0.9864  1.0732  2.1634
  4.6127  0.5626  0.9882  1.4361  3.2593
  5.8145  3.4693  0.9722  1.1498 30.8242
  4.9877  1.7425  0.9935  0.7475 13.2749
  4.8385  3.3610  0.9843  2.3623 29.6694
  5.9649  1.0382  0.9807  1.4268  6.9572
  5.9690  1.4557  0.9699  1.7981 10.6128
  5.5744  4.0137  0.9839  0.3223 36.7058
  6.9253  2.7451  0.8422  0.9590 23.2194
  5.3596  1.8869  0.9701  1.3472 14.6516
  5.4616  4.2031  0.9850  1.5438 38.7796
  5.4086  3.0200  0.9766  1.0971 26.0726
  4.9977  1.6014  0.9716  0.6382 11.9522
  5.1728  2.7527  0.9920  2.1387 23.2972
  4.8702  3.1286  0.9823  0.4898 27.2120
  4.9311  1.7034  0.9872  0.3480 12.9058
  5.0208  3.0796  0.9674  2.3743 26.6970
  5.2465  2.2492  0.9896  1.0948 18.1961
  4.9065  2.8100  0.9689  1.3791 23.8881
  5.3210  3.3095  0.9790  3.0870 29.1229
  4.9670  2.6260  0.9980  2.2119 21.9972
  6.5208  2.8612  0.7921  0.1205 24.4189
  4.6112  1.3754  0.9683  0.8788  9.8871
  5.5606  0.8074  0.9975  0.8320  5.0859
  4.7024  3.1265  0.9885  1.7147 27.1899
  4.9461  3.2789  0.9976  0.8945 28.7978
  5.5888  3.0513  0.9691  2.1988 26.3996
  4.6097  1.8739  0.9793  2.3158 14.5266
  5.6698  1.4636  0.9906  2.7923 10.6846
  4.9894  3.3539  0.9744  1.4126 29.5942
  3.8071  2.8805  0.9906  0.7851 24.6189
  5.6901  2.5516  0.9915  1.8897 21.2384
  5.5483  2.8297  0.9980  1.4032 24.0927
  6.4114  1.8444  0.9789  1.4364 14.2436
  5.9373  1.2851  0.9747  0.9557  9.0832
  4.7006  4.0817  0.9962  1.9416 37.4488
  6.0667  4.1024  0.9751  1.0101 37.6760
  5.6651  3.5679  0.9959  1.9668 31.8803
  4.8605  2.4956  0.9980  1.1682 20.6700
  5.2542  3.5640  0.9827  0.4784 31.8388
  5.7272  3.2636  0.9674  2.0034 28.6359
  4.7824  1.9090  0.9908  1.8205 14.8641
  6.2663  3.3696  0.9821  1.1709 29.7610
  4.7865  4.4857  0.9700  0.9040 41.8983
  4.9775  3.4377  0.9832  2.5755 30.4873
  4.9093  2.3923  0.9920  1.1417 19.6274
  5.2857  3.9213  0.9784  1.6847 35.6992
  5.1532  1.9209  0.9687  2.2172 14.9794
  5.3137  3.5531  0.9747  1.0308 31.7214
  5.6180  3.3209  0.9758  2.1006 29.2438
  4.7521  1.5935  0.9767  1.7324 11.8789
  5.7038  2.1121  0.9683  2.1388 16.8406
  5.3420  3.8434  0.9818  2.1981 34.8532
  5.2922  3.8265  0.9947  1.2110 34.6693
  5.2280  1.3413  0.9785  1.6283  9.5817
  4.6059  2.9526  0.9771  2.0825 25.3684
  5.8982  4.3621  0.9780  0.8979 40.5310
  5.5253  2.4808  0.9691  2.0016 20.5205
  5.6555  1.8919  0.9891  1.2053 14.6997
  5.7129  2.1803  0.9973  2.8060 17.5129
  5.7060  0.5095  0.9969  1.2660  2.8891
  4.2595  3.5827  0.9703  1.0854 32.0391
  5.7303  3.2638  0.9839  2.5921 28.6388
  6.3318  2.7882  0.9769  1.4468 23.6637
  6.2634  1.6503  0.9783  0.8706 12.4077
  4.9426  2.7430  0.9682  1.3314 23.1968
  4.2831  3.0481  0.9767  1.7972 26.3665
  5.2626  1.6433  0.9898  1.3516 12.3416
  4.3981  2.3283  0.9682  1.8690 18.9851
  5.3312  1.5360  0.9744  0.5008 11.3471
  5.3780  2.8585  0.9714  1.4640 24.3905
  5.2436  3.4267  0.9961  1.5364 30.3697
  5.4215  2.6839  0.9684  1.3272 22.5900
  4.8984  1.8749  0.9690  0.2506 14.5366
  6.3077  0.4791  0.9799  1.5386  2.6824
  5.5273  1.1341  0.9758  1.0178  7.7691
  3.6115  4.0261  0.9886  0.3982 36.8412
  5.5608  3.5295  0.9974  1.2640 31.4683
  4.9180  0.8871  0.9724  0.4757  5.7172
  4.6417  4.1072  0.9832  1.5753 37.7286
  5.0135  2.0525  0.9945  2.0575 16.2565
  5.7054  1.9570  0.9814  1.8850 15.3281
  6.0513  2.7052  0.9930  1.6833 22.8086
  4.6887  3.0813  0.9727  1.6001 26.7142
  4.2845  3.0840  0.9964  1.2143 26.7425
  4.1826  3.3084  0.9887  2.4662 29.1111
  5.9814  3.7001  0.9715  0.6055 33.3022
  5.7678  2.1897  0.9977  0.6856 17.6063
  5.1647  2.5729  0.9774  0.6825 21.4549
  5.7630  1.5171  0.9783  2.8715 11.1735
  5.3986  3.4705  0.9690  0.8262 30.8368
  6.0382  1.7612  0.9816  1.5348 13.4516
  5.9632  1.5044  0.9849  0.6454 11.0569
  5.1947  3.5802  0.9682  0.7815 32.0126
  5.3358  2.7421  0.9793  1.8310 23.1877
  5.2013  1.2032  0.9797  0.8870  8.3655
  6.1136  3.0017  0.9782  0.9320 25.8813
  3.8800  3.1612  0.9947  0.9433 27.5549
  5.9339  3.9123  0.9980  0.5514 35.6019
  4.4210  3.6137  0.9903  0.7194 32.3727
  5.7276  0.9173  0.9704  1.1806  5.9608
  5.6978  3.8963  0.9780  1.7626 35.4273
  4.6491  2.4042  0.9980  1.0950 19.7471
  5.8969  4.2698  0.9744  0.7581 39.5132
  5.3914  1.4913  0.9674  0.8830 10.9369
  6.0526  3.2995  0.9958  2.1029 29.0168
  5.2687  3.8634  0.9771  0.9857 35.0699
  4.4538  1.0012  0.9831  2.1132  6.6485
  6.0229  3.5659  0.9722  2.1432 31.8592
  5.5839  2.7998  0.9854  1.1861 23.7829
  5.1907  1.3465  0.9687  0.2541  9.6281
  6.2754  1.8115  0.9734  0.4268 13.9292
  5.1664  2.6201  0.9718  0.5660 21.9366
  4.8284  1.3763  0.9893  2.4045  9.8948
  5.8466  0.4075  0.9874  0.3943  2.2100
  4.8467  2.7735  0.9967  1.0704 23.5111
  4.1913  1.6214  0.9713  2.3465 12.1378
  4.9304  2.2630  0.9861  0.1145 18.3338
  4.0702  3.0938  0.9955  0.5826 26.8459
  4.6655  1.3921  0.9737  2.0917 10.0373
  6.1211  4.4971  0.9920  2.2954 42.0243
  5.2231  2.2614  0.9892  1.2579 18.3175
  5.5670  1.1707  0.9690  0.1698  8.0841
  4.7905  2.1218  0.9841  1.8445 16.9366
  5.8200  2.3511  0.9837  1.0228 19.2132
  4.3311  4.4080  0.9874  1.8670 41.0380
  5.7948  2.2794  0.9980  0.7649 18.4970
  5.5574  4.0205  0.9917  1.4578 36.7804
  5.3527  4.4205  0.9699  1.6783 41.1764
  5.2075  3.8292  0.9831  1.1920 34.6991
  5.4217  0.9482  0.9904  0.5479  6.2122
  5.3450  3.0786  0.9973  1.5806 26.6861
  5.7754  3.5042  0.9769  1.7384 31.1971
  5.5736  2.0789  0.9780  1.8199 16.5157
  5.5219  4.1078  0.9733  1.0994 37.7344
  6.3213  1.4589  0.9708  0.6917 10.6413
  4.4339  4.2934  0.9875  1.2306 39.7740
  5.2663  2.9350  0.9881  1.3757 25.1852
  5.0481  1.6638  0.9737  1.3647 12.5336
  6.2597  3.6302  0.9760  1.8304 32.5493
  5.7237  3.1154  0.9774  1.0461 27.0723
  4.9149  2.3385  0.9941  1.1409 19.0874
  5.5145  1.4697  0.9862  1.7737 10.7397
  6.1893  2.4652  0.9980  1.0660 20.3629
  5.2309  3.1202  0.9798  1.0708 27.1233
  5.7531  2.8990  0.9768  1.1617 24.8114
  4.8457  1.9573  0.9818  2.4159 15.3304
  4.1990  3.7436  0.9842  0.1893 33.7722
  5.6947  4.1550  0.9924  0.2177 38.2522
  5.9979  2.9182  0.9719  1.0897 25.0107
  5.4266  3.2578  0.9675  1.8308 28.5748
  4.9163  2.3193  0.9822  0.5090 18.8949
  5.8861  1.7550  0.9707  2.2037 13.3929
  4.9898  2.6185  0.9856  1.2538 21.9201
  4.7215  3.0672  0.9754  0.7892 26.5663
  5.0797  2.2647  0.9755  1.2262 18.3504
  5.6898  3.0528  0.9967  2.6589 26.4160
  5.0690  3.0162  0.9929  0.8162 26.0322
  5.1315  2.7224  0.9980  2.0400 22.9857
  6.1103  3.2587  0.9886  1.5855 28.5841
  4.6860  0.8016  0.9754  1.5974  5.0402
  4.3976  4.2814  0.9862  1.9805 39.6408
  5.0749  3.7461  0.9863  0.2781 33.7994
  4.7929  4.3538  0.9831  2.0773 40.4393
  5.6907  1.9463  0.9969  0.8424 15.2243
  5.4708  1.4313  0.9722  2.2975 10.3910
  6.3390  0.6851  0.9757  1.0297  4.1502
  4.6971  1.3687  0.9776  1.5221  9.8269
  4.7127  2.9177  0.9940  1.2291 25.0055
  5.1406  1.1517  0.9849  0.8369  7.9198
  5.6008  1.4844  0.9844  0.6566 10.8742
  5.6820  1.1924  0.9741  1.4262  8.2714
  4.6389  3.1193  0.9950  2.3707 27.1137
  5.0901  3.3840  0.9932  2.2076 29.9149
  5.9993  2.3062  0.9965  0.9587 18.7639
  5.7744  2.5640  0.9949  2.5639 21.3650
  5.6866  2.6529  0.9980  0.6851 22.2727
  5.6466  2.9627  0.9743  1.3748 25.4738
  5.2394  2.5715  0.9782  0.5306 21.4406
  4.8224  2.0857  0.9677  1.1454 16.5815
  4.2651  1.6765  0.9720  1.2042 12.6530
  6.7346  1.3977  0.5346  1.9521 10.0879
  5.2381  3.4214  0.9879  0.7766 30.3130
  5.8019  0.5921  0.9839  0.5112  3.4694
  5.5730  1.3448  0.9874  0.3722  9.6135
  6.5423  1.7677  0.8421  0.3154 13.5133
  4.3093  1.6530  0.9918  1.6147 12.4324
  5.1564  1.8448  0.9962  0.6128 14.2475
  4.4232  4.1830  0.9794  2.0694 38.5596
  5.1445  2.3586  0.9906  0.6988 19.2893
  5.7919  3.1309  0.9792  1.4220 27.2354
  4.7147  1.3782  0.9703  0.1385  9.9124
  5.7361  3.2818  0.9733  2.9711 28.8289
  4.9921  1.0029  0.9764  0.5809  6.6628
  5.3959  2.1950  0.9854  0.7962 17.6583
  6.5049  1.7134  0.8288  0.7029 12.9997
  4.9007  3.5921  0.9706  1.6118 32.1403
  5.3909  4.2613  0.9801  1.2778 39.4200
  4.5414  3.2134  0.9848  1.9113 28.1051
  4.6684  2.5907  0.9892  1.6556 21.6370
  5.5970  1.3741  0.9974  0.7593  9.8758
  5.4048  2.1778  0.9892  2.1376 17.4887
  5.3585  2.5271  0.9735  1.6130 20.9894
  4.3125  1.2361  0.9939  1.8698  8.6519
  5.7493  2.9700  0.9947  1.6225 25.5497
  5.6228  3.0445  0.9933  1.0388 26.3293
  4.3565  4.2629  0.9782  1.9071 39.4371
  6.3572  2.6940  0.9918  2.0303 22.6930
  5.3048  3.5397  0.9770  2.4958 31.5779
  5.0959  1.0285  0.9785  0.4543  6.8757
  5.0015  2.6774  0.9977  1.2021 22.5229
  5.8574  0.8320  0.9880  1.5165  5.2787
  4.9857  3.7490  0.9850  0.5014 33.8307
  4.9456  3.3795  0.9692  0.9536 29.8671
  4.6444  4.0581  0.9921  2.0846 37.1915
  5.1205  4.0392  0.9919  2.9454 36.9842
  4.6122  3.4680  0.9802  1.7083 30.8108
  5.0477  3.1442  0.9772  1.2305 27.3757
  5.6204  1.9247  0.9697  1.1056 15.0155
  5.6286  0.8927  0.9847  1.7737  5.7621
  5.1652  1.9598  0.9678  1.4903 15.3551
  5.6502  2.8805  0.9866  1.1838 24.6184
  4.9341  1.7450  0.9980  0.2644 13.2981
  4.8003  2.7929  0.9695  1.4308 23.7118
  4.8157  1.3259  0.9740  0.4750  9.4445
  4.9766  2.8943  0.9980  1.6703 24.7624
  4.5570  2.3086  0.9944  0.2479 18.7888
  5.8871  3.5083  0.9782  0.8942 31.2418
  6.0002  0.7286  0.9690  1.3415  4.4774
  4.6448  1.3535  0.9937  0.7811  9.6905
  5.2960  3.7635  0.9980  0.6219 33.9873
  5.1485  1.0778  0.9838  1.8952  7.2901
  4.5286  1.2829  0.9809  1.3947  9.0633
  5.5334  3.7529  0.9864  1.2608 33.8735
  4.3568  1.6053  0.9919  1.5975 11.9881
  5.7449  1.5700  0.9860  2.4251 11.6611
  6.2550  2.8210  0.9929  2.0248 24.0018
  6.7788  1.6069  0.8882  0.9643 12.0033
  5.0021  2.2495  0.9944  1.6787 18.1993
  5.7832  0.9113  0.9844  2.2070  5.9123
  5.4900  3.9737  0.9726  0.2336 36.2699
  5.7432  1.4080  0.9774  1.6461 10.1804
  4.9930  3.3741  0.9953  1.5758 29.8090
  5.5859  4.4102  0.9869  0.2210 41.0631
  6.2113  0.9887  0.9951  1.1420  6.5452
  5.6235  3.5917  0.9961  0.6368 32.1361
  5.6242  2.2143  0.9917  2.5971 17.8502
  4.7466  2.0644  0.9782  1.3805 16.3736
  5.5388  2.8244  0.9699  0.7068 24.0376
  5.6517  3.4536  0.9752  0.8747 30.6565
  5.5343  0.4049  0.9936  2.2979  2.1931
  5.6891  3.6777  0.9814  2.3763 33.0608
  5.0760  1.3081  0.9785  0.3504  9.2862
  3.5088  2.4711  0.9936  2.1057 20.4216
  4.5210  1.1872  0.9733  0.4328  8.2262
  4.0559  4.4814  0.9863  1.6022 41.8507
  4.5072  0.8904  0.9780  0.5753  5.7441
  5.3456  1.7043  0.9960  2.3211 12.9145
  5.5035  2.8949  0.9777  0.9963 24.7684
  5.1962  3.0536  0.9911  2.2226 26.4245
  6.2227  1.8905  0.9838  2.5069 14.6857
  4.7034  2.2708  0.9840  0.7367 18.4111
  4.1779  2.3067  0.9943  0.8742 18.7690
  5.2119  2.3500  0.9899  1.5037 19.2029
  3.8831  2.8454  0.9696  0.9707 24.2546
  5.6246  2.5095  0.9794  1.6214 20.8113
  5.0966  1.7222  0.9921  2.3005 13.0825
  5.5562  1.6932  0.9719  1.8762 12.8101
  4.9064  2.0926  0.9980  0.6564 16.6492
  6.2829  3.8340  0.9726  2.5159 34.7510
  5.1226  0.8195  0.9746  2.9066  5.1801
  6.9599  2.7389  0.8419  1.4507 23.1549
  5.2774  0.5236  0.9922  2.5415  2.9866
  5.4184  3.1381  0.9693  0.8375 27.3111
  5.3819  3.8721  0.9935  0.8847 35.1645
  5.2443  2.7530  0.9864  1.1135 23.3006
  4.7822  1.0267  0.9971  0.6187  6.8606
  5.1788  2.8094  0.9672  1.9435 23.8825
  4.6398  3.1779  0.9966  0.7428 27.7306
  5.8475  1.0475  0.9698  0.2929  7.0347
  5.6594  0.8526  0.9889  1.3417  5.4416
  5.2506  1.8467  0.9947  1.7758 14.2656
  4.8949  2.7106  0.9865  1.3874 22.8642
  4.7557  4.0893  0.9980  1.7172 37.5319
  5.4845  2.6947  0.9904  1.0350 22.7002
  4.8989  2.3532  0.9747  0.4529 19.2350
  5.2118  3.7677  0.9763  0.8509 34.0327
  4.8382  1.6066  0.9811  1.9133 12.0004
  5.2511  2.9314  0.9693  0.8443 25.1483
  4.7126  1.8237  0.9757  0.8048 14.0458
  5.5661  1.4568  0.9839  2.2098 10.6223
  4.3259  0.6688  0.9682  0.7592  4.0286
  5.5338  4.2436  0.9835  0.8200 39.2252
  4.7595  3.4591  0.9788  1.2197 30.7158
  4.5122  2.6737  0.9755  1.4318 22.4848
  3.7205  3.1591  0.9718  0.6379 27.5324
  5.1807  3.9347  0.9918  2.9187 35.8453
  5.1607  4.3349  0.9713  1.4076 40.2312
  6.0581  3.2006  0.9912  1.5020 27.9699
  5.5289  2.0793  0.9827  0.7804 16.5191
  6.0440  2.7046  0.9743  1.6871 22.8028
  6.1387  1.8646  0.9894  2.3719 14.4370
  5.2597  2.9984  0.9776  2.0742 25.8463
  3.9863  3.4446  0.9914  2.4460 30.5603
  5.4031  4.2810  0.9795  1.6452 39.6373
  3.7937  2.7150  0.9740  0.9311 22.9094
  5.8224  3.0886  0.9895  2.5026 26.7911
  4.4275  2.1784  0.9838  1.7695 17.4949
  6.5264  2.9134  0.8354  2.3359 24.9609
  5.2897  1.5338  0.9742  0.8658 11.3272
  6.7440  2.2855  0.9182  0.9556 18.5574
  5.1118  3.6350  0.9829  2.3406 32.6013
  5.3296  3.6694  0.9827  1.5837 32.9718
  5.9607  2.2054  0.9676  0.5353 17.7611
  4.5327  3.5600  0.9980  0.5134 31.7956
  5.2028  1.4779  0.9667  0.2142 10.8147
  5.4056  1.9768  0.9974  0.5815 15.5195
  3.6787  3.7322  0.9722  1.0971 33.6496
  5.9651  0.9875  0.9693  1.0259  6.5351
  5.9168  3.2996  0.9711  1.2507 29.0172
  5.5324  3.3132  0.9820  0.9168 29.1617
  4.2980  3.8623  0.9971  1.3455 35.0586
  5.0530  3.8713  0.9837  2.1310 35.1562
  5.6458  0.7653  0.9980  1.1794  4.7585
  3.8851  1.3242  0.9804  0.9311  9.4294
  4.7308  1.4825  0.9884  0.7494 10.8564
  4.3007  2.1662  0.9715  1.2175 17.3741
  5.5126  4.3680  0.9832  1.3128 40.5964
  5.8537  2.8769  0.9752  2.3652 24.5816
  5.5413  3.3610  0.9874  0.9253 29.6698
  5.0934  2.0754  0.9668  2.5419 16.4813
  5.3396  2.9677  0.9756  2.2390 25.5266
  6.0015  3.9689  0.9681  1.9311 36.2173
  6.3874  2.3568  0.9787  0.3733 19.2713
  5.5757  2.2041  0.9932  0.6764 17.7485
  5.7768  1.8211  0.9899  1.0646 14.0214
  5.0130  1.7120  0.9914  0.2235 12.9864
  5.4426  3.1607  0.9888  1.2987 27.5495
  5.8730  3.5342  0.9750  0.8705 31.5186
  4.9941  3.4962  0.9855  0.8770 31.1117
  4.9108  3.7404  0.9781  1.5453 33.7381
  5.2975  0.6137  0.9949  0.7207  3.6244
  5.1418  1.4973  0.9830  2.0352 10.9918
  6.3302  1.9400  0.9980  1.7086 15.1631
  5.2783  2.8507  0.9739  1.3785 24.3093
  5.6833  3.3798  0.9864  1.4401 29.8695
  5.3553  1.6838  0.9674  0.6079 12.7217
  5.6228  2.1414  0.9888  1.8864 17.1297
  5.5719  1.8101  0.9836  1.1877 13.9168
  5.1886  1.5084  0.9808  2.5007 11.0933
  5.0347  1.9897  0.9756  0.4362 15.6448
  5.2100  2.8115  0.9848  2.8175 23.9035
  5.6950  3.0820  0.9709  1.5217 26.7218
  5.1955  2.9521  0.9980  2.7574 25.3640
  5.3903  2.1892  0.9779  0.4648 17.6017
  5.0064  2.4133  0.9698  0.7814 19.8387
  4.2412  1.1300  0.9832  2.7073  7.7339
  4.9850  0.5339  0.9803  0.6743  3.0584
  5.2237  3.6264  0.9976  1.4908 32.5089
  5.1582  1.1374  0.9676  2.3853  7.7972
  5.0941  2.2405  0.9831  0.9140 18.1101
  5.4857  2.0485  0.9872  2.1083 16.2178
  5.4351  2.0992  0.9713  0.3834 16.7144
  5.3864  3.7545  0.9980  2.0686 33.8906
  6.0444  1.1608  0.9771  1.0209  7.9988
  5.0222  2.3325  0.9687  1.4487 19.0271
  5.6970  2.3118  0.9730  1.0439 18.8201
  4.2147  2.3088  0.9953  1.4462 18.7905
  5.1849  1.0769  0.9949  0.2476  7.2829
  4.9249  3.0761  0.9950  0.1356 26.6605
  4.6918  3.9607  0.9980  1.9767 36.1279
  5.7463  3.2760  0.9714  0.3789 28.7673
  5.1902  2.8527  0.9733  2.1345 24.3300
  5.2418  3.2867  0.9693  1.3638 28.8809
  5.5494  3.4604  0.9799  2.2117 30.7294
  5.1058  4.1046  0.9771  0.3175 37.6999
  5.4388  3.2527  0.9930  1.2000 28.5205
  3.6669  4.3986  0.9772  1.6271 40.9345
  4.0784  2.4893  0.9782  2.3252 20.6059
  5.5106  1.6206  0.9948  2.8743 12.1300
  5.5717  3.6177  0.9679  0.2286 32.4155
  4.9366  2.4258  0.9695  0.5917 19.9647
  5.4469  4.0052  0.9877  1.2561 36.6130
  5.3850  1.0557  0.9669  1.1843  7.1036
  5.8166  1.9743  0.9953  1.9614 15.4954
  5.5574  3.0325  0.9980  1.2682 26.2032
  4.4960  3.9602  0.9918  1.7889 36.1231
  5.9770  2.7172  0.9934  1.0397 22.9321
  5.1551  3.9095  0.9949  0.1416 35.5710
  5.2741  2.8757  0.9959  2.1781 24.5686
  4.8437  2.2941  0.9877  0.8385 18.6440
  5.6295  2.5644  0.9816  2.0725 21.3683
  5.1780  4.3244  0.9947  1.6592 40.1155
  4.2948  3.5143  0.9772  2.0470 31.3059
  5.3034  2.8215  0.9937  1.2890 24.0079
  6.7188  1.6185  0.6577  2.4153 12.1112
  3.8165  3.2259  0.9858  1.1901 28.2378
  5.1640  1.3838  0.9791  0.3387  9.9628
  4.6520  2.8357  0.9888  2.1981 24.1544
  6.8959  3.5781  0.6933  1.0224 31.9899
  4.6097  2.6906  0.9917  2.1507 22.6584
  4.9787  3.2282  0.9723  0.4359 28.2618
  6.1298  2.0929  0.9794  3.0762 16.6526
  5.3560  3.3249  0.9718  1.0423 29.2859
  5.3161  2.9180  0.9846  0.4155 25.0082
  6.0545  1.9565  0.9775  1.4686 15.3234
  5.2795  0.3129  0.9920  0.7606  1.6194
  5.2173  2.9741  0.9980  0.8879 25.5933
  4.1819  4.0648  0.9893  1.9871 37.2642
  4.5939  2.8327  0.9697  0.2927 24.1234
  3.8321  2.3747  0.9970  1.7022 19.4509
  6.0943  4.0946  0.9842  1.3672 37.5901
  4.9151  4.1291  0.9947  1.0673 37.9677
  5.5170  3.6472  0.9770  2.5485 32.7330
  4.7385  2.3799  0.9688  1.3264 19.5032
  5.1616  3.2765  0.9843  0.2185 28.7727
  5.5073  3.7025  0.9879  2.2253 33.3284
  4.3007  3.4140  0.9977  1.1364 30.2344
  3.7768  1.1746  0.9908  0.6674  8.1177
  4.3968  2.3454  0.9927  1.1108 19.1569
  5.2226  1.4440  0.9733  0.2755 10.5060
  5.4987  2.2221  0.9965  1.9263 17.9269
  5.2828  1.4687  0.9840  0.6995 10.7306
  4.5224  1.8084  0.9785  1.2313 13.9000
  5.6328  3.2245  0.9713  2.2384 28.2228
  5.3439  3.9511  0.9950  1.8344 36.0237
  4.9961  2.6826  0.9676  1.1421 22.5761
  5.5266  1.5926  0.9751  2.5446 11.8706
  4.9978  1.6247  0.9891  2.9342 12.1685
  5.2174  2.4561  0.9920  1.4666 20.2706
  5.6922  3.7919  0.9951  1.8073 34.2946
  6.0786  0.5576  0.9782  2.8387  3.2242
  5.9850  3.4141  0.9707  0.5916 30.2347
  5.6692  1.2177  0.9782  2.2854  8.4914
  5.6995  2.4872  0.9916  2.4879 20.5850
  5.5871  1.8849  0.9756  0.7152 14.6320
  5.4724  4.3569  0.9756  0.5825 40.4741
  5.6792  1.9193  0.9927  2.3662 14.9637
  6.7809  2.6720  0.5894  0.9170 22.4674
  4.5098  2.5362  0.9807  1.7589 21.0820
  5.4541  4.1453  0.9964  1.8222 38.1454
  5.7482  2.5509  0.9791  1.8338 21.2317
  5.9650  3.6068  0.9964  2.0423 32.2976
  6.1648  0.9441  0.9822  1.2855  6.1788
  5.3802  3.8955  0.9945  0.3161 35.4191
  5.0755  2.8048  0.9852  0.5710 23.8352
  4.8689  0.6181  0.9815  0.9704  3.6563
  6.5694  3.3260  0.8910  0.7628 29.2974
  4.5808  3.3794  0.9857  2.4855 29.8653
  5.2345  3.9086  0.9908  1.0113 35.5614
  3.7282  3.7459  0.9850  3.0627 33.7968
  5.1876  2.0625  0.9836  2.8589 16.3550
  4.9078  2.9933  0.9936  0.2307 25.7938
  5.4903  1.6086  0.9702  2.0466 12.0191
  3.5577  0.7239  0.9764  1.9830  4.4417
  5.1511  2.1616  0.9816  1.7631 17.3287
  6.4326  3.9470  0.9535  2.8915 35.9792
  4.7851  1.9838  0.9966  1.6397 15.5880
  4.9022  4.4289  0.9953  1.4095 41.2698
  5.7000  1.8211  0.9816  0.1810 14.0213
  5.4421  0.3719  0.9941  2.5059  1.9828
  5.5165  2.5263  0.9916  1.0891 20.9812
  4.7616  4.0424  0.9963  0.7908 37.0199
  4.7230  1.9217  0.9867  1.7304 14.9865
  6.1830  2.1920  0.9800  2.1956 17.6291
  5.2827  2.7471  0.9785  0.9444 23.2392
  5.4801  0.6222  0.9922  1.5501  3.6862
  5.4929  0.8759  0.9704  2.5190  5.6276
  4.5440  0.6473  0.9916  0.2236  3.8695
  4.6391  2.5328  0.9734  1.8652 21.0476
  4.8648  3.0238  0.9862  0.2725 26.1123
  3.8799  3.9348  0.9901  1.4787 35.8464
  5.9147  2.4608  0.9813  1.4633 20.3183
  5.4437  1.2006  0.9959  1.0215  8.3423
  5.2434  3.5908  0.9854  0.4787 32.1261
  5.0060  2.6978  0.9970  2.0301 22.7327
  5.9539  3.8475  0.9823  2.2740 34.8974
  5.1575  1.6354  0.9687  0.7186 12.2680
  5.2731  1.6179  0.9797  2.9133 12.1053
  5.1098  1.6344  0.9863  0.5440 12.2593
  5.5146  0.9469  0.9879  0.0909  6.2020
  5.5380  3.8557  0.9821  1.1678 34.9862
  4.8139  2.5411  0.9854  0.2715 21.1321
  4.5943  1.3068  0.9980  0.4970  9.2752
  5.2580  1.5434  0.9980  2.0988 11.4156
  4.1387  3.2309  0.9819  2.6194 28.2897
  5.2456  1.4157  0.9832  2.0752 10.2504
  4.8732  1.3028  0.9890  0.6679  9.2395
  4.8962  2.8101  0.9871  0.6147 23.8890
  5.7272  2.2089  0.9842  1.8007 17.7968
  5.3820  0.8645  0.9780  2.0441  5.5366
  4.2612  0.7179  0.9809  1.8834  4.3964
  4.9836  1.7130  0.9698  2.0974 12.9963
  5.6697  3.1561  0.9740  1.8805 27.5009
  5.5233  1.1508  0.9859  0.5015  7.9125
  5.3724  3.7559  0.9939  1.2831 33.9054
  5.4608  2.6149  0.9702  0.4081 21.8831
  5.8276  4.0105  0.9703  2.2650 36.6717
  6.0037  0.8022  0.9799  0.8631  5.0447
  5.1515  1.5524  0.9894  1.9654 11.4983
  5.2628  3.7852  0.9853  0.8597 34.2227
  5.7441  1.8557  0.9897  1.0962 14.3523
  6.5391  2.5674  0.9630  1.6437 21.3988
  4.5284  2.7190  0.9734  1.7137 22.9500
  5.4740  2.7292  0.9803  1.5697 23.0555
  5.5322  3.5762  0.9938  1.8376 31.9695
  3.9041  1.0016  0.9743  0.6313  6.6519
  5.7776  3.2759  0.9787  0.6744 28.7666
  5.9738  3.3032  0.9761  1.1294 29.0555
  5.0102  2.5779  0.9977  0.6664 21.5063
  4.7345  2.5079  0.9867  0.8769 20.7951
  6.1199  1.5129  0.9947  1.2503 11.1348
  6.6568  1.7192  0.9226  0.6645 13.0545
  4.6829  1.2029  0.9913  0.4436  8.3631
  4.0902  1.9789  0.9754  2.5677 15.5397
  6.4890  0.8871  0.9277  2.0457  5.7169
  5.3802  2.3471  0.9855  0.7181 19.1739
  4.8684  4.3380  0.9959  1.3691 40.2646
  5.1873  2.0321  0.9893  1.9669 16.0578
  5.2371  2.1131  0.9973  2.4270 16.8510
  5.7112  2.8095  0.9872  1.4474 23.8830
  4.9644  0.4649  0.9907  0.4602  2.5869
  5.4100  3.3928  0.9891  1.7742 30.0085
  6.1508  4.2127  0.9819  0.7897 38.8852
  5.5947  3.1807  0.9977  1.0152 27.7598
  5.4259  2.8628  0.9910  2.2050 24.4354
  4.8434  1.5994  0.9883  1.7160 11.9328
  5.4825  2.5496  0.9799  1.8207 21.2179
  5.8803  1.9003  0.9949  0.7031 14.7809
  5.0469  1.1109  0.9963  0.6382  7.5706
  5.3036  2.2988  0.9921  2.7065 18.6902
  4.8323  2.8910  0.9892  2.0608 24.7273
  4.6712  2.7648  0.9743  1.0439 23.4217
  5.7508  0.6319  0.9941  1.7795  3.7570
  5.6566  2.8074  0.9803  2.3565 23.8619
  5.7808  4.0126  0.9980  1.4586 36.6942
  5.4447  2.0338  0.9865  1.4426 16.0742
  4.5232  2.4340  0.9977  2.5371 20.0475
  5.1103  2.6861  0.9765  1.7745 22.6119
  5.8558  3.2998  0.9892  1.8208 29.0198
  6.5256  1.4679  0.8738  0.6262 10.7235
  5.7559  2.1657  0.9869  0.9432 17.3685
  6.0464  2.9444  0.9675  0.9253 25.2836
  5.1134  2.6091  0.9874  1.2759 21.8244
  4.7316  1.2978  0.9901  0.3748  9.1956
  4.3745  1.0211  0.9942  2.2252  6.8140
  5.2834  1.4444  0.9951  1.0893 10.5099
  5.2185  2.1676  0.9787  0.2976 17.3875
  5.6830  2.6697  0.9890  1.7729 22.4440
  4.5466  1.4546  0.9718  1.7728 10.6029
  6.0198  3.3922  0.9682  0.2417 30.0021
  5.6625  3.1926  0.9883  1.9835 27.8862
  4.4539  3.1379  0.9769  2.2858 27.3090
  4.1107  2.2289  0.9853  0.9820 17.9951
  5.3485  1.4399  0.9771  2.0150 10.4690
  5.3128  1.1334  0.9788  0.4079  7.7631
  5.6076  2.4302  0.9694  2.5979 20.0086
  5.0559  3.1552  0.9875  0.9050 27.4915
  5.6637  4.3231  0.9771  0.3240 40.1008
  4.3954  2.1222  0.9707  1.3962 16.9399
  5.3967  1.3054  0.9839  2.0680  9.2629
  4.9371  1.6010  0.9708  1.2896 11.9483
  4.7246  1.9788  0.9844  1.4080 15.5390
  5.3654  1.1445  0.9836  1.8037  7.8580
  5.2069  2.4903  0.9840  1.4003 20.6165
  5.1568  3.3907  0.9773  1.0770 29.9856
  5.6684  2.8347  0.9772  1.8202 24.1436
  5.2253  2.6095  0.9969  2.7337 21.8280
  4.8073  2.7114  0.9773  2.6898 22.8726
  4.8402  1.2158  0.9675  0.8688  8.4754
  5.3867  2.3680  0.9968  0.7923 19.3835
  5.5341  3.6910  0.9980  1.0607 33.2047
  5.6467  2.4997  0.9852  1.2937 20.7119
  5.7286  2.0476  0.9865  1.0628 16.2095
  6.7017  1.9790  0.7030  0.9623 15.5413
  4.9039  0.6824  0.9876  0.6525  4.1297
  6.5175  3.5400  0.8631  0.6900 31.5807
  4.9497  2.7489  0.9753  1.8615 23.2579
  4.0969  4.3840  0.9879  0.7570 40.7729
  4.8280  2.1424  0.9754  1.7083 17.1391
  5.8712  2.1866  0.9854  2.0039 17.5760
  5.4155  4.1355  0.9820  0.4298 38.0384
  5.6608  3.1562  0.9980  0.7730 27.5022
  5.0417  4.2756  0.9823  0.3747 39.5770
  5.5991  1.7462  0.9865  0.7727 13.3095
  6.0224  1.6663  0.9975  0.2824 12.5570
  5.4353  0.6289  0.9805  1.0835  3.7349
  5.4442  3.6939  0.9667  0.8794 33.2355
  5.0760  2.1469  0.9837  1.9582 17.1838
  4.9309  1.6179  0.9866  1.6969 12.1049
  5.2562  4.4085  0.9963  1.3247 41.0434
  5.5648  3.4094  0.9747  1.5463 30.1848
  4.5540  0.9946  0.9779  0.2240  6.5943
  6.0098  4.2213  0.9706  1.6924 38.9806
  5.1974  2.9026  0.9892  0.6894 24.8483
  5.9341  3.4283  0.9846  1.4991 30.3863
  5.6949  1.7766  0.9954  0.4238 13.5975
  5.0792  4.2577  0.9914  1.0977 39.3808
  4.4698  3.5046  0.9805  0.8808 31.2018
  5.6027  4.2806  0.9712  1.5159 39.6327
  6.1438  1.2320  0.9765  1.7094  8.6165
  5.0231  2.5556  0.9670  0.9129 21.2788
  4.4888  3.5790  0.9980  0.6208 31.9997
  6.8410  2.8825  0.5576  1.8289 24.6399
  4.6713  1.5878  0.9720  2.1865 11.8259
  6.6780  0.6529  0.9196  1.1220  3.9107
  5.2924  1.8224  0.9790  0.3848 14.0342
  5.6681  3.9719  0.9925  1.6796 36.2501
  4.4144  1.0860  0.9742  1.8276  7.3592
  5.1271  4.3326  0.9855  0.9414 40.2060
  5.3437  2.0666  0.9670  0.2694 16.3943
  5.7909  2.8700  0.9961  1.5182 24.5095
  4.8962  1.5423  0.9948  2.7808 11.4055
  5.5646  2.3175  0.9700  1.7264 18.8776
  4.9864  2.6789  0.9958  1.4168 22.5385
  6.2634  2.2904  0.9914  1.0789 18.6063
  5.1273  2.7762  0.9801  1.0684 23.5399
  5.7115  1.8722  0.9797  1.7932 14.5100
  5.4472  1.4046  0.9790  1.5118 10.1493
  4.2922  2.2875  0.9899  1.5906 18.5777
  5.5879  2.0629  0.9980  2.6350 16.3584
  5.5149  2.3808  0.9857  1.6565 19.5119
  5.8464  3.7329  0.9717  2.4132 33.6565
  5.4908  1.0350  0.9865  1.9981  6.9301
  4.2483  2.9483  0.9934  0.5545 25.3241
  5.3772  2.5641  0.9717  1.9413 21.3652
  5.1049  4.3218  0.9697  0.7445 40.0868
  5.1830  2.3125  0.9873  2.4571 18.8271
  5.6221  2.0275  0.9865  1.9307 16.0124
  5.6890  2.3724  0.9789  2.4539 19.4279
  5.2196  3.1442  0.9889  1.5958 27.3756
  5.1857  4.2816  0.9946  2.7696 39.6439
  5.9772  3.3993  0.9980  1.3372 30.0769
  3.5842  4.0395  0.9728  0.8223 36.9874
  4.3892  2.3165  0.9781  0.9347 18.8674
  5.1415  1.2834  0.9839  0.3746  9.0676
  5.3680  0.2527  0.9892  1.5034  1.2656
  4.4369  3.3657  0.9968  0.3974 29.7199
  5.2347  0.9544  0.9673  0.4340  6.2634
  5.2115  2.5935  0.9967  2.1998 21.6650
  5.2177  1.1493  0.9767  0.3968  7.8997
  4.6030  1.8340  0.9918  1.7087 14.1442
  4.7769  2.9834  0.9975  1.6941 25.6901
  5.0239  1.3921  0.9738  0.4336 10.0367
  5.4294  4.1261  0.9747  2.3333 37.9354
  5.7796  0.9951  0.9909  2.0583  6.5978
  5.6708  4.3533  0.9793  1.8028 40.4335
  5.5852  2.6483  0.9978  2.1171 22.2247
  5.3307  1.6166  0.9715  1.0483 12.0933
  5.6977  1.8195  0.9844  0.4138 14.0057
  5.4826  2.2838  0.9934  2.5496 18.5407
  5.8862  4.2443  0.9720  1.9920 39.2331
  5.4901  0.9640  0.9956  1.9234  6.3421
  5.1273  3.2098  0.9877  1.2756 28.0673
  4.9516  1.6277  0.9911  2.4861 12.1969
  5.4915  2.1873  0.9914  2.2678 17.5826
  5.8752  2.8090  0.9677  0.9360 23.8782
  6.7295  1.6801  0.6381  2.7186 12.6864
  5.5930  1.4795  0.9800  1.4751 10.8297
  5.0781  2.8501  0.9954  0.6669 24.3035
  4.3349  2.2431  0.9824  0.4382 18.1362
  5.3897  1.2346  0.9723  1.3443  8.6394
  3.8190  0.9211  0.9673  2.1335  5.9913
  6.0709  2.3931  0.9847  1.4407 19.6355
  5.7841  1.2503  0.9834  1.3473  8.7767
  5.0861  4.3723  0.9852  1.0125 40.6442
  5.2021  1.9456  0.9979  1.1229 15.2177
  5.3636  0.2305  0.9928  0.6618  1.1398
  5.3886  2.1212  0.9861  0.4584 16.9306
  5.3746  2.2788  0.9825  1.8876 18.4909
  5.1216  1.2966  0.9888  0.2316  9.1848
  4.2567  4.0579  0.9694  2.0078 37.1891
  5.5970  2.4759  0.9824  1.9180 20.4709
  6.1808  3.6838  0.9683  1.4824 33.1272
  5.5854  1.0956  0.9980  1.2049  7.4406
  6.7805  0.5224  0.6395  1.1010  2.9783
  5.4446  4.4399  0.9728  1.3350 41.3908
  5.3737  1.3777  0.9961  1.3989  9.9077
  5.6465  2.4181  0.9705  0.7173 19.8868
  4.6025  1.9692  0.9865  0.9574 15.4457
  5.2883  1.1752  0.9755  2.0585  8.1225
  5.3975  1.0283  0.9964  0.3396  6.8744
  5.1497  3.7587  0.9767  0.5337 33.9358
  5.5746  0.8369  0.9824  0.6260  5.3172
  5.2890  1.9489  0.9952  1.1575 15.2492
  5.5700  1.4652  0.9854  2.2975 10.6992
  3.9498  2.9360  0.9894  0.9075 25.1957
  5.3620  3.8234  0.9898  2.5947 34.6363
  4.9920  3.2571  0.9673  2.4016 28.5671
  6.5261  1.5695  0.8104  2.0615 11.6564
  4.9390  2.1041  0.9719  1.8592 16.7621
  5.5858  2.0654  0.9687  2.9728 16.3827
  5.1879  1.0583  0.9974  1.3541  7.1256
  4.7614  1.2313  0.9963  0.4031  8.6101
  5.3030  2.8084  0.9686  0.8266 23.8716
  5.7640  0.6162  0.9712  2.5689  3.6425
  4.6418  1.6223  0.9783  0.4021 12.1462
  5.4991  1.8560  0.9980  1.8114 14.3550
  5.1285  4.0825  0.9808  1.2916 37.4583
  3.7922  1.1299  0.9809  1.0976  7.7333
  5.7584  3.1405  0.9695  1.2068 27.3364
  4.5681  2.1308  0.9806  2.1040 17.0249
  6.4398  2.4398  0.9528  1.7021 20.1053
  5.8008  1.5942  0.9914  2.5925 11.8848
  5.2188  1.4022  0.9684  0.9274 10.1280
  6.0810  3.6131  0.9728  1.2365 32.3655
  5.0001  1.1965  0.9843  0.7418  8.3071
  4.7289  3.9732  0.9903  2.6288 36.2645
  5.5215  4.1070  0.9878  1.2258 37.7267
  5.2170  2.6907  0.9686  0.0957 22.6592
  5.0984  1.6045  0.9944  2.5601 11.9810
  6.0458  2.3181  0.9801  2.7369 18.8833
  5.9789  2.4209  0.9845  1.7347 19.9152
