  5.2977  3.4375  0.9831  0.0715 30.4849
  4.3207  2.2529  0.9789  2.8758 18.2331
  5.1100  3.2084  0.9880  1.7039 28.0522
  5.1764  4.3591  0.9704  0.2994 40.4984
  5.6085  3.5092  0.9690  0.4319 31.2516
  4.1868  1.3644  0.9977  1.3864  9.7880
  5.5902  3.6871  0.9671  0.3651 33.1623
  4.8957  2.4916  0.9971  2.1169 20.6299
  4.4339  4.0207  0.9926  1.6213 36.7829
  5.6352  1.8677  0.9816  0.6029 14.4672
  5.0552  2.4859  0.9745  0.1122 20.5717
  5.0626  2.7753  0.9701  2.2443 23.5302
  6.2735  1.6789  0.9910  1.9229 12.6750
  4.3914  0.6308  0.9689  0.6297  3.7489
  5.9392  2.4974  0.9750  2.5181 20.6880
  5.1632  3.5422  0.9980  1.8151 31.6048
  5.5292  3.9225  0.9838  1.3050 35.7127
  5.3186  1.9182  0.9732  1.8909 14.9526
  3.6506  3.5169  0.9837  1.5827 31.3338
  5.7473  4.3992  0.9807  1.5900 40.9405
  5.5944  1.4294  0.9687  0.8151 10.3737
  5.3266  3.1924  0.9828  1.6353 27.8833
  5.8802  2.5843  0.9950  0.4167 21.5710
  5.6627  3.4497  0.9863  2.0005 30.6150
  5.8121  2.5521  0.9914  1.1272 21.2435
  4.6213  3.7386  0.9718  0.7476 33.7181
  5.2762  4.4549  0.9816  0.5177 41.5575
  4.8666  4.4154  0.9980  0.8666 41.1199
  5.6468  3.2384  0.9692  0.4246 28.3694
  5.5353  1.6030  0.9724  1.9573 11.9671
  4.3654  3.4978  0.9937  1.6052 31.1288
  5.3101  2.4468  0.9904  1.5947 20.1767
  5.9537  3.0031  0.9973  0.0860 25.8957
  4.2126  2.4567  0.9772  1.3338 20.2761
  4.7297  1.5228  0.9854  2.2923 11.2256
  5.4883  2.3323  0.9871  1.2990 19.0256
  5.9544  2.5396  0.9894  0.9188 21.1167
  5.5221  2.3164  0.9825  2.6356 18.8661
  6.3564  3.6533  0.9878  1.2927 32.7986
  5.2270  0.4935  0.9910  1.5178  2.7803
  4.4510  2.4731  0.9963  2.4615 20.4419
  5.4417  4.4275  0.9833  0.6004 41.2539
  5.7028  1.4172  0.9721  0.8010 10.2636
  6.1877  4.4587  0.9724  0.5879 41.5995
  6.4074  2.3680  0.9098  2.4312 19.3833
  6.1305  3.2073  0.9928  0.7126 28.0406
  4.9966  2.5314  0.9800  2.4065 21.0335
  5.7177  3.6183  0.9977  1.2844 32.4213
  5.2027  2.7509  0.9804  0.9562 23.2791
  5.7382  1.2778  0.9831  0.2642  9.0182
  5.3703  1.6527  0.9848  1.4088 12.4302
  4.9899  4.0455  0.9714  1.7774 37.0534
  5.9982  3.0211  0.9959  2.5264 26.0834
  5.6065  3.3300  0.9876  2.1594 29.3402
  5.1800  3.5523  0.9835  2.1618 31.7129
  5.2796  2.3183  0.9797  2.8471 18.8856
  6.3041  1.5222  0.9905  1.0364 11.2205
  4.6913  4.4430  0.9917  1.6249 41.4258
  4.8111  3.0287  0.9835  2.0146 26.1635
  5.0281  2.0107  0.9937  1.7700 15.8491
  5.7576  1.1095  0.9978  0.9470  7.5591
  5.2269  1.8657  0.9840  0.9873 14.4479
  5.8980  2.7453  0.9707  1.8975 23.2209
  4.9614  3.2431  0.9891  2.7827 28.4193
  6.1530  1.8475  0.9886  1.1820 14.2736
  4.9144  1.1832  0.9912  1.4625  8.1921
  4.3510  1.0185  0.9841  1.5902  6.7925
  5.4667  4.3191  0.9680  0.4833 40.0570
  5.5023  2.6203  0.9843  0.9086 21.9385
  5.5205  1.8145  0.9876  0.7812 13.9584
  5.5077  2.0435  0.9851  2.2459 16.1686
  5.9162  2.6094  0.9925  2.9245 21.8274
  6.7647  1.4472  0.7327  1.8543 10.5357
  4.2838  0.7006  0.9960  2.0747  4.2657
  5.3092  3.0875  0.9900  0.7062 26.7794
  5.4256  0.7061  0.9854  1.1511  4.3071
  5.0563  3.1854  0.9895  1.8400 27.8099
  5.5161  2.5904  0.9727  0.7576 21.6341
  5.7113  2.2156  0.9795  0.8218 17.8626
  5.8721  2.8451  0.9819  2.4301 24.2519
  5.8918  3.4325  0.9821  0.1728 30.4319
  5.2118  3.1689  0.9912  2.1041 27.6354
  5.8611  4.4460  0.9772  0.3423 41.4589
  5.2951  2.7061  0.9748  1.9201 22.8175
  4.5327  4.2235  0.9676  0.8073 39.0040
  6.3681  3.5367  0.9625  1.8726 31.5451
  5.8859  1.4984  0.9796  1.9388 11.0022
  4.5492  2.3624  0.9738  1.1012 19.3266
  5.7438  2.2234  0.9714  0.4661 17.9402
  4.7802  2.0451  0.9851  1.9101 16.1847
  5.2614  1.7974  0.9683  0.9961 13.7953
  6.1585  1.1470  0.9819  2.6057  7.8800
  5.4649  2.8787  0.9706  0.2907 24.6004
  5.7937  2.7032  0.9771  0.7019 22.7880
  5.8061  3.2724  0.9814  0.7911 28.7297
  5.2890  4.4536  0.9756  1.2622 41.5425
  6.1035  1.8194  0.9834  1.5523 14.0055
  4.0037  2.7046  0.9787  0.6766 22.8021
  5.8741  1.7661  0.9838  1.2416 13.4976
  4.7688  2.0716  0.9671  0.5392 16.4435
  5.8481  4.4964  0.9869  1.2363 42.0174
  4.9982  1.4473  0.9867  0.9199 10.5365
  4.3153  3.3528  0.9806  1.3545 29.5821
  5.7269  3.0098  0.9839  0.9868 25.9660
  4.6198  4.1515  0.9692  0.8299 38.2135
  5.3757  1.5024  0.9799  0.9747 11.0390
  3.9013  4.0141  0.9980  1.8388 36.7100
  4.9350  2.0847  0.9955  2.3428 16.5722
  5.6099  1.9213  0.9855  2.4446 14.9827
  4.6478  2.0804  0.9758  0.2886 16.5300
  4.6717  1.7688  0.9749  0.5869 13.5240
  4.9349  3.6662  0.9882  0.3398 32.9368
  5.2769  3.0465  0.9800  1.0871 26.3497
  4.4639  1.2507  0.9911  0.9381  8.7805
  6.3861  2.7763  0.9535  0.3323 23.5400
  5.2495  2.9983  0.9735  0.1970 25.8460
  4.4446  1.3465  0.9888  1.2727  9.6282
  4.7853  3.7574  0.9921  1.9866 33.9220
  5.5913  3.0954  0.9848  1.7982 26.8629
  5.5788  1.3518  0.9980  2.1101  9.6755
  5.1106  3.2059  0.9729  1.3579 28.0264
  5.8885  2.3082  0.9698  0.9172 18.7839
  5.4948  2.5264  0.9862  1.1836 20.9824
  5.3715  2.9633  0.9679  1.9859 25.4798
  5.4444  0.7077  0.9980  0.8331  4.3194
  5.7909  1.3965  0.9963  1.2321 10.0767
  4.1385  3.7073  0.9773  1.1169 33.3807
  5.4544  2.7875  0.9676  0.4876 23.6564
  6.0421  2.2799  0.9769  0.3731 18.5019
  4.6591  3.4767  0.9881  1.4172 30.9035
  6.9073  0.6702  0.4363  0.7371  4.0393
  5.5567  4.4895  0.9674  1.1358 41.9407
  5.1360  2.6702  0.9723  1.2931 22.4491
  5.8937  1.6770  0.9758  1.9922 12.6574
  5.3270  1.8129  0.9742  2.4971 13.9427
  6.2059  3.3387  0.9947  1.8866 29.4324
  5.4436  1.1796  0.9737  1.6947  8.1604
  5.7045  2.2777  0.9677  0.7696 18.4796
  6.1109  2.2879  0.9867  0.7155 18.5822
  5.3557  1.7099  0.9935  0.7674 12.9671
  5.3267  3.6912  0.9877  1.9111 33.2069
  4.2959  4.4165  0.9744  0.8155 41.1327
  5.3113  1.9985  0.9799  1.5356 15.7303
  5.2041  1.8758  0.9696  0.7113 14.5450
  5.1217  3.9702  0.9934  1.5503 36.2323
  4.3375  0.5893  0.9920  2.0283  3.4489
  5.5912  3.3486  0.9887  0.4306 29.5384
  5.6035  1.1521  0.9749  1.0526  7.9239
  4.8533  0.5601  0.9722  1.0491  3.2419
  4.5659  2.1135  0.9980  0.3950 16.8550
  5.5037  0.9552  0.9975  1.3622  6.2694
  5.2246  3.7038  0.9796  1.5080 33.3430
  4.8432  3.4333  0.9926  1.3999 30.4402
  3.9339  1.9352  0.9891  1.6173 15.1174
  5.2384  0.8578  0.9804  0.2723  5.4831
  5.8449  1.5674  0.9714  1.2186 11.6372
  5.8404  1.8297  0.9755  0.6813 14.1034
  5.3455  3.3219  0.9676  1.4693 29.2545
  5.5623  1.1291  0.9682  1.2722  7.7260
  5.5154  2.3848  0.9755  2.0625 19.5522
  5.2782  2.2757  0.9726  1.4159 18.4604
  5.2878  3.7890  0.9801  0.8147 34.2636
  5.5500  2.6332  0.9861  2.9826 22.0709
  4.5884  1.6629  0.9963  0.3092 12.5256
  5.7497  2.7530  0.9862  0.8292 23.2998
  4.1120  1.7902  0.9764  0.6060 13.7268
  5.5996  3.3401  0.9719  1.8409 29.4472
  5.0043  1.3095  0.9844  0.8807  9.2990
  4.4124  3.4428  0.9843  1.9995 30.5416
  5.4873  1.5631  0.9964  1.2838 11.5968
  5.5354  1.1582  0.9752  1.1118  7.9763
  5.4452  3.3577  0.9919  1.3630 29.6349
  4.9048  1.4328  0.9973  1.2960 10.4046
  4.9726  3.6090  0.9875  1.2051 32.3219
  4.9862  2.6254  0.9903  2.1673 21.9909
  5.4269  1.5104  0.9678  1.3003 11.1121
  4.3303  3.0796  0.9910  0.3660 26.6965
  4.8645  3.5993  0.9894  1.1809 32.2176
  5.7084  1.2810  0.9979  1.4173  9.0471
  5.2876  0.6156  0.9948  2.2796  3.6387
  5.2523  3.1969  0.9901  1.1352 27.9314
  6.3457  1.9688  0.9692  0.6451 15.4426
  5.8411  3.2778  0.9720  1.0967 28.7864
  4.9927  3.8017  0.9755  0.7568 34.4013
  5.3326  3.7072  0.9908  1.4202 33.3791
  4.8027  2.6456  0.9805  1.0805 22.1974
  4.4294  2.5912  0.9890  1.5032 21.6415
  3.5691  0.7679  0.9671  0.3792  4.7783
  4.1301  2.6729  0.9966  2.5377 22.4766
  5.4212  3.7009  0.9853  2.8210 33.3109
  6.1968  4.4083  0.9972  2.4746 41.0418
  5.2922  0.7278  0.9693  1.1823  4.4720
  5.6944  1.9147  0.9917  1.0906 14.9189
  3.6604  2.4995  0.9922  2.5450 20.7092
  5.6020  2.1456  0.9669  1.6145 17.1708
  4.9230  1.1953  0.9732  1.1145  8.2971
  5.2302  2.0121  0.9671  2.6718 15.8633
  5.1586  1.0598  0.9695  2.6402  7.1379
  4.7246  4.2867  0.9861  0.4583 39.6993
  6.3495  3.1843  0.9940  1.0924 27.7987
  6.0639  3.1331  0.9771  0.3573 27.2590
  4.7663  3.1833  0.9885  1.0882 27.7878
  4.4239  3.5697  0.9739  2.0837 31.8991
  5.1420  1.2464  0.9872  1.0396  8.7424
  4.6480  3.9636  0.9673  1.7318 36.1596
  4.5222  4.3336  0.9900  1.6121 40.2166
  4.8328  2.9334  0.9820  1.6717 25.1691
  5.3820  2.6041  0.9709  0.3320 21.7734
  5.0089  1.2748  0.9675  2.0266  8.9923
  4.8455  2.8302  0.9856  1.3298 24.0973
  5.4402  2.5653  0.9895  0.8887 21.3774
  5.7294  4.3878  0.9857  0.4276 40.8153
  5.2156  2.6084  0.9896  2.0203 21.8167
  5.1481  2.7049  0.9900  1.2850 22.8049
  4.4315  3.2185  0.9752  0.9973 28.1588
  5.4410  2.5008  0.9793  0.8495 20.7227
  6.0755  1.7000  0.9857  0.1343 12.8740
  4.9869  3.1531  0.9668  0.0892 27.4696
  5.0340  4.2843  0.9697  2.3599 39.6733
  4.3872  0.9991  0.9932  1.1896  6.6315
  4.6292  0.8172  0.9900  1.7816  5.1622
  4.8351  1.9259  0.9916  1.1216 15.0274
  6.2488  1.7595  0.9980  1.2961 13.4353
  5.6904  3.2811  0.9980  0.9059 28.8214
  4.6728  2.3386  0.9839  2.6590 19.0887
  5.7202  0.5391  0.8653  1.5472  3.0946
  5.4097  2.9765  0.9978  2.0268 25.6183
  4.4300  2.4329  0.9929  2.0638 20.0357
  4.7667  2.5518  0.9803  2.7551 21.2409
  5.0554  3.8582  0.9770  1.8421 35.0138
  5.1154  3.3517  0.9824  0.6770 29.5707
  4.2654  1.4079  0.9888  1.9321 10.1792
  6.6212  3.2866  0.6782  1.2695 28.8797
  5.4039  1.1817  0.9856  0.8640  8.1786
  4.2571  2.7542  0.9945  2.1569 23.3121
  5.5751  1.8973  0.9945  1.9165 14.7511
  4.7041  3.3045  0.9820  1.6397 29.0696
  5.4277  2.8752  0.9963  0.7341 24.5636
  5.4183  2.6130  0.9722  1.4967 21.8642
  4.6406  3.0904  0.9877  2.8077 26.8104
  5.3694  0.4502  0.9708  1.0031  2.4894
  5.3085  3.0028  0.9809  1.3084 25.8920
  5.3140  3.2492  0.9941  1.1447 28.4838
  3.6640  2.0544  0.9831  2.0415 16.2753
  6.6611  1.9893  0.9144  2.1178 15.6411
  5.4008  4.4141  0.9980  0.9678 41.1062
  4.6853  2.7209  0.9809  0.7125 22.9696
  4.8704  3.1073  0.9980  2.1361 26.9874
  5.2935  1.5860  0.9818  1.5517 11.8091
  5.0618  2.2662  0.9846  0.7492 18.3650
  5.7638  4.2525  0.9711  1.5679 39.3237
  5.0985  2.0069  0.9879  0.8872 15.8119
  3.9956  3.6746  0.9777  0.4775 33.0278
  3.8118  4.1196  0.9899  2.6133 37.8643
  5.8150  1.4501  0.9776  0.9371 10.5615
  5.3853  1.6725  0.9703  1.9822 12.6157
  4.8958  0.7925  0.9840  1.0711  4.9694
  4.6675  4.2969  0.9956  1.8909 39.8125
  4.1311  0.6374  0.9738  1.5427  3.7973
  5.5174  3.3170  0.9853  2.4753 29.2024
  5.6887  2.5042  0.9726  1.5053 20.7576
  4.5167  1.9783  0.9789  0.7316 15.5345
  4.7271  4.2883  0.9782  1.2302 39.7167
  4.8030  2.4416  0.9958  2.5302 20.1239
  5.6466  3.0817  0.9957  2.5372 26.7186
  5.2867  3.0953  0.9773  1.6097 26.8618
  5.5782  1.8105  0.9980  2.6182 13.9197
  4.6319  4.0248  0.9687  0.6251 36.8269
  5.6393  3.2236  0.9734  0.8121 28.2131
  5.1645  0.7504  0.9980  0.2581  4.6444
  5.5982  2.7263  0.9912  0.7375 23.0259
  5.6795  1.8509  0.9916  1.7299 14.3062
  5.6661  2.8277  0.9959  0.3571 24.0716
  5.2831  4.1861  0.9815  1.0503 38.5934
  5.4230  2.5170  0.9755  1.4420 20.8874
  4.7682  3.1517  0.9850  1.3469 27.4547
  5.5235  3.4847  0.9915  1.6011 30.9890
  5.3676  3.1809  0.9824  0.8685 27.7624
  5.4839  1.3709  0.9769  2.1144  9.8466
  5.3757  1.3080  0.9888  1.0229  9.2859
  4.8080  1.0654  0.9943  0.8963  7.1857
  5.3310  2.7103  0.9978  1.2974 22.8612
  5.2978  3.4195  0.9673  0.9284 30.2930
  4.7825  2.8116  0.9810  2.0863 23.9053
  5.7812  1.5236  0.9976  2.3326 11.2332
  4.4996  2.9949  0.9822  1.4445 25.8105
  6.3075  0.7086  0.9880  0.6044  4.3264
  6.3820  0.1856  0.9932  1.1064  0.8931
  4.7064  2.5244  0.9668  1.5684 20.9620
  5.0308  2.6240  0.9953  1.6849 21.9762
  3.8180  2.0379  0.9882  1.3377 16.1142
  5.1661  1.3258  0.9769  2.0851  9.4439
  5.6186  1.1854  0.9805  0.1496  8.2110
  5.1709  1.3798  0.9881  2.3853  9.9266
  5.4854  3.3757  0.9802  0.9371 29.8260
  5.7070  0.7704  0.9748  1.8742  4.7977
  5.2826  1.6827  0.9802  1.9063 12.7109
  5.4119  2.1058  0.9980  1.0270 16.7789
  4.8073  2.8219  0.9967  0.5259 24.0118
  6.4859  4.3250  0.9805  1.5933 40.1220
  5.8290  1.8371  0.9881  1.0256 14.1740
  4.9137  1.2327  0.9761  1.7074  8.6221
  6.2750  4.1755  0.9980  0.9534 38.4766
  5.4831  1.3862  0.9970  0.1565  9.9838
  4.3059  4.0508  0.9774  1.7803 37.1114
  5.2869  0.4416  0.9794  1.6596  2.4322
  6.4725  2.1492  0.9235  2.2632 17.2061
  4.4444  1.5075  0.9978  1.6189 11.0854
  4.4510  1.5189  0.9963  0.7936 11.1904
  5.9456  3.6547  0.9911  0.9347 32.8132
  3.5373  2.0550  0.9860  1.6185 16.2810
  5.1703  2.7307  0.9933  1.2593 23.0704
  4.6060  2.8699  0.9814  0.7027 24.5089
  5.2072  1.0320  0.9705  1.6158  6.9050
  5.1631  1.7419  0.9955  0.5789 13.2687
  5.5930  1.2346  0.9954  1.8936  8.6388
  5.3928  1.0747  0.9734  1.2899  7.2643
  3.8215  1.1716  0.9866  2.8253  8.0917
  5.9005  2.4223  0.9744  1.1040 19.9289
  5.0321  1.8755  0.9796  2.6860 14.5417
  5.3604  3.0190  0.9909  1.4408 26.0617
  5.6520  2.3705  0.9950  0.9937 19.4086
  5.2885  1.1296  0.9899  1.0424  7.7303
  4.9289  1.4828  0.9789  1.0049 10.8595
  4.9499  1.2835  0.9980  0.8988  9.0691
  4.4227  0.4208  0.9865  1.5651  2.2958
  4.4923  2.2159  0.9727  2.3476 17.8653
  6.1462  2.9712  0.9766  0.2194 25.5621
  5.3548  0.9471  0.9804  1.1687  6.2035
  5.1911  2.0266  0.9817  1.2694 16.0037
  5.7892  3.8109  0.9848  0.9007 34.5002
  5.5327  3.8790  0.9924  2.0021 35.2393
  4.9965  3.8301  0.9704  0.5539 34.7088
  4.4347  0.2713  0.9965  1.4359  1.3728
  5.3727  1.4612  0.9972  0.5208 10.6621
  5.0110  3.8648  0.9841  0.5687 35.0849
  5.1584  2.4179  0.9888  0.7755 19.8853
  5.9665  1.3450  0.9864  1.6974  9.6146
  4.6058  0.3943  0.9838  0.9472  2.1251
  5.2288  2.9873  0.9931  1.5228 25.7302
  5.0008  2.5442  0.9809  1.9414 21.1627
  5.9649  1.8986  0.9883  0.8610 14.7643
  6.5060  2.6734  0.8285  2.0589 22.4820
  4.8938  2.6558  0.9771  1.3364 22.3013
  4.7449  4.0274  0.9774  2.0165 36.8553
  5.4173  3.1676  0.9696  0.9861 27.6225
  5.3653  4.1691  0.9925  0.6536 38.4064
  5.2004  1.3087  0.9925  0.4210  9.2920
  5.5730  1.3598  0.9740  1.6635  9.7476
  4.2886  2.8435  0.9827  1.1242 24.2352
  4.8291  2.6323  0.9710  1.4428 22.0612
  5.7245  4.0531  0.9841  1.4221 37.1368
  6.1881  1.6966  0.9799  2.6003 12.8415
  4.6829  1.2066  0.9676  2.2298  8.3947
  4.9106  2.4364  0.9804  0.2797 20.0713
  4.6778  3.1282  0.9851  1.0042 27.2076
  6.2586  4.3214  0.9793  1.4017 40.0818
  5.3245  1.6024  0.9828  1.5737 11.9607
  5.5745  3.5721  0.9763  1.9795 31.9250
  4.7182  2.8901  0.9935  1.5420 24.7187
  5.4141  2.3083  0.9698  2.0599 18.7850
  5.6260  1.8672  0.9884  1.0464 14.4620
  6.0837  2.3813  0.9907  1.7371 19.5171
  6.0669  1.7340  0.9940  0.6060 13.1939
  5.1736  3.0483  0.9862  0.9277 26.3689
  6.2197  3.8376  0.9732  1.1953 34.7897
  4.7033  4.1501  0.9700  2.1762 38.1989
  5.6974  2.4101  0.9737  1.0118 19.8061
  5.5040  1.8267  0.9821  1.0620 14.0744
  5.9040  3.5811  0.9675  0.2769 32.0216
  4.1255  0.6376  0.9670  0.6958  3.7984
  5.2248  3.1018  0.9772  1.7886 26.9294
  6.2554  2.4256  0.9962  2.3334 19.9624
  5.0680  2.5012  0.9952  0.7112 20.7269
  5.4768  2.8680  0.9856  1.9732 24.4887
  5.9799  1.3240  0.9715  1.2816  9.4280
  4.3041  0.9541  0.9713  0.5580  6.2608
  5.1873  3.8596  0.9692  1.4542 35.0292
  6.0822  0.7473  0.9759  0.7139  4.6201
  4.4533  2.2064  0.9703  0.2311 17.7720
  4.3047  2.3621  0.9848  2.4398 19.3241
  5.2387  4.0063  0.9811  1.3447 36.6249
  5.4119  2.2216  0.9980  1.4049 17.9227
  5.3428  3.6986  0.9825  1.9805 33.2865
  5.1399  2.9258  0.9692  0.8836 25.0898
  4.5174  2.2105  0.9739  1.3922 17.8124
  4.9301  1.2540  0.9921  2.5115  8.8094
  3.6747  4.1331  0.9841  0.8170 38.0123
  5.0313  1.8403  0.9832  3.1098 14.2046
  4.8218  2.9850  0.9923  1.7945 25.7070
  5.9265  2.1389  0.9911  0.6882 17.1046
  5.6443  3.1761  0.9786  1.4448 27.7113
  4.4821  3.2774  0.9689  0.4416 28.7820
  5.0781  3.9544  0.9833  1.7869 36.0594
  4.9837  3.9406  0.9980  1.1376 35.9088
  6.2148  2.4605  0.9759  0.7721 20.3152
  6.4193  1.3960  0.9900  1.2639 10.0724
  5.1137  1.8061  0.9670  1.4594 13.8778
  4.8319  2.1433  0.9915  0.9199 17.1479
  5.4773  2.8057  0.9968  0.2412 23.8441
  4.2082  3.7109  0.9886  1.2031 33.4197
  4.8201  4.1694  0.9892  0.5993 38.4105
  5.0041  4.1949  0.9840  1.8784 38.6903
  5.2598  4.3284  0.9954  1.0528 40.1594
  4.1261  4.4225  0.9733  0.1762 41.1982
  5.0639  0.9498  0.9837  0.6829  6.2252
  5.9821  0.6346  0.9683  2.3927  3.7766
  3.7533  2.2220  0.9791  0.8422 17.9261
  5.1302  3.0183  0.9742  2.2426 26.0541
  6.3777  3.4705  0.9820  2.0294 30.8376
  5.6402  3.0111  0.9812  1.6589 25.9788
  4.5587  1.4829  0.9875  1.0200 10.8601
  5.1551  1.1541  0.9795  1.0874  7.9409
  6.0893  1.8568  0.9762  0.5374 14.3629
  5.9232  2.4799  0.9932  0.1420 20.5111
  5.4373  2.4622  0.9946  1.2974 20.3317
  5.8021  2.9076  0.9894  1.6803 24.9004
  5.2044  1.9696  0.9899  1.7489 15.4500
  5.4608  1.2103  0.9749  1.8023  8.4272
  6.1973  2.2585  0.9851  2.0962 18.2892
  5.7371  1.0623  0.9718  0.7287  7.1591
  5.9484  1.4870  0.9713  1.2962 10.8976
  5.2279  1.0812  0.9876  0.7759  7.3185
  5.3437  2.4370  0.9803  1.2584 20.0778
  6.8116  2.2276  0.4850  1.6215 17.9813
  5.7704  3.7531  0.9921  0.2391 33.8756
  5.5764  1.6398  0.9930  0.8823 12.3097
  5.5830  1.1643  0.9767  0.9965  8.0287
  5.8821  2.6268  0.9980  0.3896 22.0055
  5.0437  4.0802  0.9844  2.3836 37.4332
  5.2128  4.1887  0.9782  1.4998 38.6224
  5.0848  3.7578  0.9938  2.0840 33.9264
  4.9137  3.5380  0.9833  1.5129 31.5591
  4.2449  2.9228  0.9773  2.6609 25.0585
  4.7930  0.5472  0.9908  0.8034  3.1507
  4.8243  4.4751  0.9938  0.6750 41.7813
  5.1461  4.4140  0.9740  2.3594 41.1043
  6.4411  1.1160  0.9697  0.2409  7.6141
  4.7794  3.6751  0.9980  2.6364 33.0328
  5.7087  2.7775  0.9825  0.7806 23.5528
  6.8626  2.0223  0.7015  0.3341 15.9623
  5.8101  2.3100  0.9675  1.0916 18.8029
  5.3390  1.7984  0.9881  1.3506 13.8048
  5.1282  2.9766  0.9881  2.9169 25.6193
  4.8084  1.4609  0.9879  1.3315 10.6595
  5.4019  2.7847  0.9759  0.8949 23.6273
  5.1983  2.0139  0.9731  2.0931 15.8803
  5.7353  3.6592  0.9810  2.9127 32.8619
  5.6116  3.0545  0.9700  0.7502 26.4330
  6.0116  0.5643  0.9728  1.5958  3.2714
  3.9502  3.7340  0.9923  1.9479 33.6688
  5.2058  2.5293  0.9765  1.6185 21.0122
  5.6926  2.5771  0.9866  0.6133 21.4976
  5.8825  4.1762  0.9787  0.9427 38.4850
  6.5199  4.3920  0.9773  1.3366 40.8609
  5.5136  1.5228  0.9804  1.9003 11.2261
  5.2216  2.5503  0.9876  1.8865 21.2255
  5.3513  1.7663  0.9808  1.5780 13.5000
  5.6315  1.2164  0.9708  1.5823  8.4799
  5.9356  2.8658  0.9768  2.2012 24.4661
  5.3782  1.8380  0.9757  2.6609 14.1825
  5.2747  2.9135  0.9980  0.1689 24.9618
  6.4313  2.0501  0.9479  1.5270 16.2339
  4.9556  4.2676  0.9731  1.8613 39.4888
  5.3360  3.2693  0.9743  1.9085 28.6970
  3.9323  2.6884  0.9817  2.0821 22.6359
  5.2025  1.0603  0.9801  0.9704  7.1422
  4.4315  2.9772  0.9792  1.2725 25.6253
  5.6147  4.3661  0.9716  0.8409 40.5751
  5.6953  2.1731  0.9896  1.5555 17.4423
  4.4464  1.1924  0.9961  2.9116  8.2714
  4.2817  1.8510  0.9938  1.7853 14.3075
  4.6794  2.8900  0.9945  1.7730 24.7171
  5.4296  2.3892  0.9980  2.1774 19.5957
  3.6731  0.5528  0.9850  0.0988  3.1904
  6.0229  1.3205  0.9911  1.5110  9.3963
  5.5136  0.8855  0.9895  1.9552  5.7041
  6.1950  1.1054  0.9698  2.3667  7.5243
  5.0752  2.5288  0.9940  0.5092 21.0068
  5.0215  1.2180  0.9834  2.0853  8.4942
  5.2930  4.3049  0.9864  1.7280 39.8998
  4.9467  3.5735  0.9884  1.7143 31.9404
  3.5878  0.6298  0.9729  0.6412  3.7417
  5.9517  3.4511  0.9879  1.5284 30.6301
  6.3780  2.0886  0.9744  1.3037 16.6106
  5.2266  2.4925  0.9894  0.9101 20.6383
  4.1489  1.1672  0.9875  1.5709  8.0539
  4.3341  3.2957  0.9916  1.4391 28.9768
  5.3145  2.4345  0.9931  1.8461 20.0522
  5.4868  3.2338  0.9740  1.0284 28.3213
  5.0715  2.0684  0.9980  0.7857 16.4127
  5.4574  4.3789  0.9980  1.4573 40.7168
  5.2821  1.6734  0.9718  2.2100 12.6242
  5.2941  3.1540  0.9734  2.8926 27.4788
  5.2527  2.1122  0.9899  1.2989 16.8424
  5.0824  1.5125  0.9940  1.3855 11.1316
  5.3233  3.4053  0.9777  1.2957 30.1411
  6.0036  1.2223  0.9839  0.2482  8.5321
  5.5730  0.8955  0.9875  3.0574  5.7847
  6.0979  1.0383  0.9870  0.5055  6.9575
  6.0792  2.0278  0.9868  2.0335 16.0162
  5.6571  4.2802  0.9909  1.6934 39.6282
  5.2107  1.7143  0.9874  0.8850 13.0080
  5.9131  2.4752  0.9877  2.7377 20.4633
  4.9713  1.8822  0.9939  1.6174 14.6062
  5.8109  2.3240  0.9913  0.9260 18.9423
  5.1211  2.0988  0.9885  1.5448 16.7108
  6.6435  1.7138  0.9838  0.8597 13.0033
  3.6249  1.7212  0.9744  1.3804 13.0732
  5.1293  2.7537  0.9744  2.0584 23.3072
  5.1540  4.2810  0.9746  0.1458 39.6372
  5.6775  1.9094  0.9738  1.8587 14.8684
  5.4339  0.8076  0.9867  1.8032  5.0868
  5.0314  1.3449  0.9937  1.8917  9.6143
  4.5048  3.0652  0.9767  0.8389 26.5455
  4.7062  1.0326  0.9933  1.7070  6.9104
  6.1303  1.4305  0.9761  0.9819 10.3840
  5.1507  1.5136  0.9946  2.4777 11.1416
  5.2064  1.9631  0.9789  2.2751 15.3870
  5.6402  3.8530  0.9798  1.5554 34.9574
  4.2351  2.8952  0.9754  2.3032 24.7712
  5.6534  1.0384  0.9783  1.1398  6.9583
  3.8851  1.4169  0.9816  1.9643 10.2604
  4.9685  3.7519  0.9805  1.3647 33.8621
  4.8783  2.9469  0.9832  1.8124 25.3092
  4.2046  2.2980  0.9980  1.5312 18.6824
  5.1954  0.4980  0.9955  1.3486  2.8105
  5.0194  1.5258  0.9685  1.3283 11.2532
  5.1947  3.2104  0.9813  0.9529 28.0740
  5.4426  3.7209  0.9938  0.9490 33.5269
  5.2787  4.0559  0.9784  1.5410 37.1672
  5.4379  1.8336  0.9714  1.3203 14.1407
  5.1738  1.9525  0.9798  1.8164 15.2842
  6.2696  3.0324  0.9672  1.9466 26.2022
  5.2213  3.3331  0.9722  0.6529 29.3736
  5.1284  0.5054  0.9935  1.2491  2.8611
  5.8612  3.5061  0.9889  0.5570 31.2179
  5.7279  2.8390  0.9965  1.1310 24.1889
  6.7070  4.3687  0.8009  0.9374 40.6037
  5.1777  4.2961  0.9706  1.3634 39.8027
  5.7843  2.1708  0.9951  1.2855 17.4193
  6.7435  1.0698  0.5741  0.7674  7.2229
  5.2449  3.0904  0.9963  1.8522 26.8103
  4.5563  4.0659  0.9821  0.8891 37.2762
  3.6593  3.4083  0.9948  0.8338 30.1738
  5.2942  4.2364  0.9827  0.8436 39.1460
  5.2975  2.2186  0.9937  0.8357 17.8922
  5.0912  3.1313  0.9718  0.8616 27.2401
  6.0051  2.2718  0.9920  1.7914 18.4215
  5.0173  1.7215  0.9674  1.2047 13.0764
  5.8580  1.5763  0.9958  0.6768 11.7191
  5.1521  0.9960  0.9749  2.0062  6.6053
  5.5976  4.0255  0.9750  1.8126 36.8346
  6.0261  2.7140  0.9772  1.2618 22.8991
  5.7528  2.1082  0.9736  0.7653 16.8023
  5.4922  4.3175  0.9925  1.9168 40.0395
  5.3061  2.0702  0.9677  0.7699 16.4299
  4.4517  4.1791  0.9784  0.4826 38.5162
  4.9617  4.0498  0.9767  0.7073 37.1009
  3.9968  3.4663  0.9675  0.1615 30.7920
  4.5936  1.8332  0.9827  2.3555 14.1364
  5.2325  1.2646  0.9685  0.6617  8.9024
  3.5865  4.0698  0.9973  1.2956 37.3195
  5.1247  2.5907  0.9800  0.7465 21.6366
  5.5994  2.9221  0.9934  1.6914 25.0516
  5.4331  1.4412  0.9826  2.3827 10.4804
  5.0012  1.9211  0.9799  1.8593 14.9807
  5.6280  2.2581  0.9980  0.8965 18.2850
  3.8103  2.8655  0.9745  1.9691 24.4631
  4.4385  1.4768  0.9818  0.8516 10.8044
  4.8041  4.2255  0.9799  0.7199 39.0261
  4.5092  3.2255  0.9746  0.9922 28.2337
  5.0524  3.9480  0.9744  2.4929 35.9898
  5.5286  2.5228  0.9980  2.1565 20.9454
  4.2157  2.1933  0.9734  0.5905 17.6422
  5.7771  2.8180  0.9775  1.8584 23.9711
  5.7627  2.7460  0.9869  1.2117 23.2283
  6.2547  2.6028  0.9806  1.3836 21.7596
  5.1742  1.2900  0.9861  1.1373  9.1267
  4.7827  3.2192  0.9842  0.6847 28.1664
  5.1311  4.2950  0.9756  2.4693 39.7916
  4.5842  3.9566  0.9931  2.7217 36.0832
  4.4580  2.0933  0.9828  1.0991 16.6561
  5.1150  2.4312  0.9977  1.5288 20.0192
  4.2778  1.7082  0.9911  1.3972 12.9506
  4.0889  1.8737  0.9830  0.2705 14.5250
  5.2761  3.2213  0.9835  0.3267 28.1886
  5.6567  1.3173  0.9784  0.9176  9.3680
  5.1654  3.5655  0.9790  0.6654 31.8543
  4.4594  2.0114  0.9778  0.6687 15.8559
  5.4301  2.2966  0.9696  1.5142 18.6688
  5.9743  1.6576  0.9977  1.3762 12.4755
  4.9994  1.9314  0.9907  1.1915 15.0801
  5.2213  1.0982  0.9876  1.2530  7.4627
  3.9843  3.9233  0.9781  1.4805 35.7214
  5.6371  2.3559  0.9695  2.1343 19.2622
  5.8760  1.8893  0.9675  1.2320 14.6743
  5.2469  3.5284  0.9817  0.1520 31.4568
  5.7554  1.8380  0.9770  1.1444 14.1824
  4.4015  2.1237  0.9779  1.0653 16.9548
  5.5552  1.6633  0.9971  1.2394 12.5293
  4.6703  1.6626  0.9693  1.5200 12.5228
  6.0728  3.8705  0.9980  0.4785 35.1470
  5.4485  4.4851  0.9870  0.3683 41.8915
  5.1802  2.3443  0.9926  2.6578 19.1455
  4.7626  2.2130  0.9751  0.6674 17.8370
  5.1602  3.7343  0.9822  0.9020 33.6714
  6.9774  2.0785  0.4431  1.8592 16.5116
  4.7209  1.9987  0.9768  2.2316 15.7322
  5.3915  2.1747  0.9945  1.1198 17.4576
  5.3127  3.5389  0.9947  1.3755 31.5689
  5.4160  3.3994  0.9863  2.7337 30.0785
  6.0898  2.5710  0.9820  0.8097 21.4355
  5.4239  3.0696  0.9838  0.6578 26.5919
  6.6636  2.3816  0.8096  1.1976 19.5196
  5.2736  2.7153  0.9934  1.3009 22.9121
  4.3198  3.6121  0.9668  1.6717 32.3547
  5.3502  1.7574  0.9785  2.0062 13.4157
  5.1317  4.3325  0.9793  0.5819 40.2041
  4.8730  2.2605  0.9856  0.4055 18.3091
  6.3130  0.6415  0.9680  1.5506  3.8274
  6.0919  1.0315  0.9838  2.7674  6.9007
  6.4624  0.7787  0.9967  0.9154  4.8621
  4.2534  1.6310  0.9730  1.7873 12.2269
  4.7658  3.7246  0.9942  0.2312 33.5674
  4.1183  0.9824  0.9818  1.4117  6.4928
  5.6556  3.1771  0.9719  0.2810 27.7226
  5.0502  3.9889  0.9903  1.4736 36.4352
  3.8650  3.4698  0.9811  1.5737 30.8294
  4.8829  2.8464  0.9640  1.4407 24.2649
  4.1749  3.8145  0.9803  1.3054 34.5396
  5.3306  2.9375  0.9965  2.5091 25.2109
  5.1697  3.0938  0.9699  0.6570 26.8463
  6.1619  1.4359  0.9939  2.1642 10.4323
  5.0200  4.1520  0.9920  0.7839 38.2193
  6.3747  3.8629  0.9960  1.9191 35.0645
  5.9472  1.7405  0.9940  0.2418 13.2559
  5.4395  2.0380  0.9878  0.0635 16.1157
  6.3119  3.2013  0.9854  0.2937 27.9773
  5.4414  2.1996  0.9942  0.9250 17.7043
  5.4368  2.7623  0.9948  1.5592 23.3958
  6.7757  3.5464  0.7558  0.8004 31.6491
  6.0107  1.1480  0.9724  0.4868  7.8880
  6.7302  2.3001  0.6342  2.2303 18.7039
  6.2968  2.1458  0.9957  1.5275 17.1729
  5.3092  4.4278  0.9934  1.6751 41.2570
  5.9774  4.1020  0.9863  0.5864 37.6711
  4.5731  0.8592  0.9938  1.9171  5.4942
  5.4767  1.0935  0.9949  0.5565  7.4232
  4.7522  1.1201  0.9902  2.7131  7.6498
  5.7599  2.7045  0.9812  0.8386 22.8011
  4.4397  1.4728  0.9750  2.0337 10.7685
  5.4708  2.7755  0.9850  1.2132 23.5319
  5.4231  3.0737  0.9781  0.3529 26.6344
  6.3215  1.9005  0.9892  0.4550 14.7825
  5.5575  1.0287  0.9844  1.8826  6.8778
  5.4015  2.2238  0.9980  0.3037 17.9442
  5.1533  1.1430  0.9872  1.3656  7.8454
  5.1685  1.3997  0.9797  0.6423 10.1052
  5.4261  2.4782  0.9712  1.7701 20.4943
  6.6606  1.8327  0.9906  0.5697 14.1319
  6.2259  3.5182  0.9676  0.6053 31.3477
  5.1469  3.7054  0.9891  1.3842 33.3597
  4.8319  0.3237  0.9839  1.5392  1.6847
  5.1692  3.2988  0.9858  2.3215 29.0097
  5.4526  1.9833  0.9908  0.8516 15.5832
  5.5111  2.9641  0.9854  1.6661 25.4882
  5.3691  0.9715  0.9814  0.3435  6.4037
  5.2208  1.4195  0.9778  1.3839 10.2844
  5.0982  2.3074  0.9753  0.6686 18.7764
  4.1331  1.5415  0.9916  0.8674 11.3979
  5.1406  2.8906  0.9737  0.7159 24.7235
  5.8431  2.2179  0.9848  0.7608 17.8854
  5.8461  3.7271  0.9859  0.4804 33.5937
  5.3474  4.1145  0.9978  0.4273 37.8085
  6.1287  2.1615  0.9825  0.4629 17.3279
  4.1213  0.6295  0.9929  1.4926  3.7393
  5.1961  2.8342  0.9826  1.9979 24.1383
  6.0344  1.9705  0.9708  0.5132 15.4582
  5.2034  3.7628  0.9715  1.4146 33.9799
  5.5022  2.1566  0.9754  1.2735 17.2791
  4.0932  1.1841  0.9927  0.6917  8.1993
  5.6030  1.7429  0.9906  0.8895 13.2786
  5.0471  3.0091  0.9980  0.4774 25.9583
  5.5264  2.9624  0.9895  0.7616 25.4709
  5.9363  3.6030  0.9832  1.8475 32.2573
  4.6073  2.8466  0.9766  0.3152 24.2674
  6.7623  3.1108  0.8592  0.7072 27.0244
  4.7905  2.0882  0.9757  0.5270 16.6067
  4.9484  1.5670  0.9807  2.0482 11.6333
  4.4396  2.2641  0.9880  1.2130 18.3445
  6.0399  2.1010  0.9846  1.9163 16.7315
  5.1381  2.7663  0.9777  0.8005 23.4374
  4.7667  2.8959  0.9758  2.0890 24.7790
  5.8735  4.2292  0.9753  1.3718 39.0669
  3.7989  4.2223  0.9970  0.6468 38.9915
  5.8540  2.7234  0.9943  2.3027 22.9956
  5.8334  2.2753  0.9855  2.2952 18.4561
  4.9123  3.3914  0.9980  1.7629 29.9929
  4.1484  3.0561  0.9735  0.6901 26.4506
  5.4792  1.0052  0.9940  0.7225  6.6818
  4.3353  2.7683  0.9779  0.6905 23.4583
  5.4498  1.7480  0.9686  2.0642 13.3268
  4.6908  4.1031  0.9779  0.5217 37.6830
  5.8592  0.9972  0.9712  1.8244  6.6159
  4.6181  2.7569  0.9754  1.4409 23.3406
  3.5925  3.3538  0.9796  0.4997 29.5931
  5.4464  1.6376  0.9924  0.5623 12.2891
  4.7794  2.6007  0.9863  2.4572 21.7386
  5.6197  1.1354  0.9904  2.1516  7.7806
  6.1173  1.1044  0.9760  0.6388  7.5158
  5.4647  4.0223  0.9944  1.0372 36.8001
  4.8242  3.3123  0.9698  0.5031 29.1522
  5.3404  3.2335  0.9941  2.0683 28.3174
  5.9461  4.3666  0.9881  0.7504 40.5807
  4.8601  2.8381  0.9893  2.1609 24.1794
  5.4741  3.8490  0.9848  0.6509 34.9140
  4.5375  3.9698  0.9708  0.6640 36.2273
  3.5257  2.2126  0.9823  1.0679 17.8333
  5.8409  2.3768  0.9753  2.6425 19.4711
  5.6490  1.5456  0.9770  1.1083 11.4353
  5.7178  0.9297  0.9712  0.5181  6.0616
  5.1888  1.2517  0.9794  0.5505  8.7892
  5.0772  2.9849  0.9720  2.6378 25.7051
  4.8705  1.0137  0.9736  1.3014  6.7527
  6.9878  0.6196  0.4000  2.2153  3.6674
  6.2121  3.4819  0.9678  1.6256 30.9594
  5.4201  3.1415  0.9734  2.0148 27.3476
  4.8880  2.9291  0.9796  0.6839 25.1236
  5.7961  1.9062  0.9778  2.0659 14.8376
  5.1682  3.9605  0.9883  0.8576 36.1263
  5.0192  1.4022  0.9725  1.1462 10.1278
  5.3525  3.8989  0.9889  1.0708 35.4559
  5.3217  1.3608  0.9719  1.8908  9.7565
  6.0434  2.7495  0.9980  1.7289 23.2639
  5.1853  3.9476  0.9971  1.9507 35.9855
  5.7834  3.8925  0.9980  1.6514 35.3859
  6.0289  3.6621  0.9903  1.0082 32.8933
  6.6043  1.4972  0.6507  1.2762 10.9912
  5.2835  1.8924  0.9731  1.5137 14.7041
  5.5347  4.1279  0.9839  2.6180 37.9553
  6.1072  2.0982  0.9902  0.9389 16.7043
  5.7159  1.0819  0.9743  1.6090  7.3248
  5.1546  1.9246  0.9713  1.1348 15.0148
  6.0570  0.5806  0.9950  0.6543  3.3871
  5.7163  1.7025  0.9870  1.3214 12.8974
  5.7546  1.5627  0.9708  0.8937 11.5931
  6.4922  1.0803  0.9930  2.1013  7.3109
  5.7934  4.0797  0.9875  2.4337 37.4268
  5.6619  2.9928  0.9668  0.3647 25.7885
  5.4348  2.5883  0.9842  0.6611 21.6125
  6.4930  3.2821  0.9975  0.5149 28.8322
  5.7967  3.1006  0.9941  1.2152 26.9173
  5.8784  2.8034  0.9836  0.4153 23.8203
  4.7824  2.3952  0.9720  2.1646 19.6564
  5.0069  2.0949  0.9715  0.1693 16.6718
  5.4849  1.4104  0.9931  0.4390 10.2025
  4.5491  3.1776  0.9890  1.0515 27.7277
  5.7858  1.5694  0.9826  2.3454 11.6555
  4.3991  4.1555  0.9978  0.3237 38.2578
  5.2367  2.9720  0.9836  1.6825 25.5712
  5.8111  1.5494  0.9675  1.4141 11.4704
  5.6936  3.8393  0.9738  1.8906 34.8085
  5.7486  3.2056  0.9964  1.3509 28.0228
  5.5987  1.4558  0.9879  1.1096 10.6130
  5.1028  4.4343  0.9901  2.5916 41.3289
  4.9536  1.1205  0.9829  0.8778  7.6529
  4.3571  4.1557  0.9921  0.5099 38.2599
  4.3052  3.7724  0.9691  2.3507 34.0841
  5.3911  1.6608  0.9741  0.5826 12.5058
  5.5829  2.9707  0.9724  3.0281 25.5576
  5.4617  3.2726  0.9892  0.7992 28.7318
  4.7457  0.9780  0.9919  2.6538  6.4570
  5.3603  1.4472  0.9753  0.1790 10.5349
  5.7056  3.6063  0.9967  2.1249 32.2922
  4.4169  3.3745  0.9679  1.2573 29.8136
  5.7372  2.2181  0.9790  0.9503 17.8878
  5.5999  3.4744  0.9668  0.7878 30.8791
  5.3309  1.7979  0.9869  1.7835 13.7999
  6.3536  1.5290  0.9681  1.1092 11.2824
  6.0140  1.7489  0.9785  1.8221 13.3349
  4.1977  2.5537  0.9942  1.9924 21.2603
  6.5531  2.1089  0.8102  0.6583 16.8095
  5.2163  2.0500  0.9717  1.6313 16.2322
  5.6222  4.1115  0.9962  1.2611 37.7749
  5.2231  1.1074  0.9900  0.9968  7.5415
  5.6165  3.7246  0.9956  0.8477 33.5677
  4.1490  4.2746  0.9773  1.1485 39.5659
  5.5655  2.9248  0.9705  2.2809 25.0796
  4.5216  3.7093  0.9731  1.3419 33.4023
  5.9621  4.3978  0.9881  0.9600 40.9260
  5.1738  2.7403  0.9735  1.1207 23.1693
  6.1830  3.4106  0.9795  0.3224 30.1974
  6.9519  3.1639  0.3909  2.0244 27.5828
  5.0556  2.6769  0.9958  0.1307 22.5180
  5.8316  0.8114  0.9683  1.5125  5.1170
  5.4037  1.7824  0.9756  1.8803 13.6531
  5.3305  0.2028  0.9976  0.7180  0.9863
  5.3362  2.3610  0.9774  0.7164 19.3125
  5.4208  2.9247  0.9879  1.6326 25.0783
  4.4883  2.9356  0.9882  2.0550 25.1913
  5.5550  0.5198  0.9818  0.9620  2.9601
  5.2122  2.4798  0.9978  1.0181 20.5097
  5.7602  3.4061  0.9980  0.8012 30.1497
  5.7987  3.2518  0.9890  0.8865 28.5114
  5.2672  1.0512  0.9956  0.7976  7.0663
  5.7641  1.2423  0.9845  0.9827  8.7061
  6.6925  3.7098  0.6871  1.2829 33.4071
  4.9317  2.0033  0.9937  0.5612 15.7775
  5.2573  3.7932  0.9878  0.6312 34.3089
  4.1161  1.9455  0.9874  1.2378 15.2169
  4.7333  4.3104  0.9980  1.5424 39.9609
  5.6359  2.4812  0.9929  1.1124 20.5239
  5.4976  3.3793  0.9760  0.9537 29.8640
  5.9483  1.0840  0.9692  0.4535  7.3425
  5.0830  2.3389  0.9822  2.5760 19.0919
  4.0098  3.7104  0.9749  1.7400 33.4134
  5.2794  3.1728  0.9975  2.5681 27.6772
  4.6916  3.3770  0.9667  2.5008 29.8400
  5.4944  1.5132  0.9672  1.4142 11.1378
  6.1868  2.7279  0.9945  1.6592 23.0423
  6.1404  2.5393  0.9755  0.8789 21.1136
  5.3515  0.6381  0.9787  0.5610  3.8020
  4.9366  1.3392  0.9944  0.3187  9.5634
  6.5933  0.4085  0.8461  0.3908  2.2161
  5.4328  3.4301  0.9803  2.3770 30.4054
  5.2807  2.6310  0.9694  1.2973 22.0478
  5.1761  4.0826  0.9674  1.3298 37.4595
  5.3321  1.2818  0.9962  1.4540  9.0539
  5.3502  1.7491  0.9791  2.9304 13.3372
  6.1821  3.5323  0.9703  1.6690 31.4987
  6.9376  2.4514  0.8556  2.0286 20.2225
  5.6683  1.3740  0.9858  1.1457  9.8747
  5.3256  3.0535  0.9861  0.7446 26.4230
  5.2680  3.2176  0.9821  0.5376 28.1502
  4.7210  4.1118  0.9902  0.8663 37.7787
  5.4050  3.8716  0.9827  2.7648 35.1595
  4.6937  3.9762  0.9795  0.5000 36.2971
  5.1677  2.4050  0.9848  1.8911 19.7556
  4.4672  1.0826  0.9830  0.6501  7.3309
  5.0250  3.8803  0.9866  0.8113 35.2531
  5.2591  4.1975  0.9871  0.2490 38.7190
  3.7560  2.0720  0.9865  1.2069 16.4476
  4.7296  2.3699  0.9969  0.9895 19.4028
  4.2431  2.3313  0.9807  2.0984 19.0153
  5.0754  2.2981  0.9853  2.2053 18.6837
  5.4303  0.6746  0.9686  1.6156  4.0719
  6.9016  0.8094  0.4594  1.5445  5.1012
  5.2029  1.9435  0.9695  1.0025 15.1967
  5.2698  4.1952  0.9980  1.8808 38.6935
  4.8966  2.0303  0.9978  0.9975 16.0405
  5.8208  0.4319  0.9885  0.1084  2.3682
  5.1657  2.0884  0.9937  1.8987 16.6083
  5.3159  2.5168  0.9935  1.7388 20.8850
  4.3383  1.2766  0.9738  0.8469  9.0084
  5.0913  2.2245  0.9710  0.1376 17.9510
  5.9983  1.1576  0.9715  1.5315  7.9713
  5.3374  1.2794  0.9977  1.7433  9.0326
  4.8277  1.6983  0.9678  0.1435 12.8576
  5.1553  3.9368  0.9954  1.9368 35.8680
  5.3580  4.2399  0.9844  1.9612 39.1850
  4.3920  2.2723  0.9892  1.0551 18.4264
  4.1947  1.3068  0.9789  0.8694  9.2752
  5.9618  3.2118  0.9884  0.2195 28.0881
  4.3993  3.3854  0.9850  2.3203 29.9294
  5.1872  2.4186  0.9775  1.1512 19.8916
  4.0048  3.5571  0.9823  1.8578 31.7644
  5.2116  3.4287  0.9719  1.9108 30.3905
  5.1040  3.7007  0.9668  0.8941 33.3087
  4.9938  2.4570  0.9694  1.1700 20.2793
  5.1355  3.3952  0.9859  0.3834 30.0336
  5.5120  2.7467  0.9723  1.7625 23.2353
  5.2812  2.9290  0.9683  1.0821 25.1225
  5.3465  1.4188  0.9869  2.1309 10.2779
  4.6222  1.8511  0.9700  1.6197 14.3081
  6.5120  2.1070  0.8262  0.7284 16.7910
  5.5500  1.5275  0.9897  1.3595 11.2687
  5.3131  3.0092  0.9964  0.6539 25.9594
  5.3727  1.3031  0.9980  1.6720  9.2426
  4.6147  3.9546  0.9964  0.7157 36.0619
  5.6436  3.8104  0.9827  1.8207 34.4948
  5.1419  3.5174  0.9703  1.3118 31.3394
  4.1772  1.7999  0.9675  0.7985 13.8188
  4.7535  1.2724  0.9950  1.5938  8.9711
  5.6637  4.2221  0.9893  1.3527 38.9892
  5.3536  4.1127  0.9747  1.9514 37.7885
  4.5389  2.8371  0.9826  0.6864 24.1692
  4.6770  1.5689  0.9924  1.7545 11.6510
  5.4010  3.0837  0.9777  0.8252 26.7396
  5.0986  2.7435  0.9779  1.7868 23.2019
  5.2883  2.8965  0.9930  1.8717 24.7851
  4.9618  0.4321  0.9797  1.3503  2.3696
  5.4203  1.0406  0.9961  0.2075  6.9768
  5.0789  2.5916  0.9917  2.3785 21.6458
  5.5142  2.6745  0.9673  0.1313 22.4932
  5.6747  1.7001  0.9846  0.2601 12.8744
  4.6588  3.9148  0.9951  0.9051 35.6287
  5.1633  4.1660  0.9780  1.7213 38.3723
  4.5303  2.1485  0.9712  0.5617 17.1989
  5.3120  1.8875  0.9801  1.7589 14.6573
  5.0659  1.2962  0.9973  0.3421  9.1808
  5.6682  3.2951  0.9726  2.6377 28.9695
  5.3768  0.8130  0.9897  0.6954  5.1297
  3.6038  1.3301  0.9935  1.6042  9.4823
  5.7076  2.8868  0.9954  1.0563 24.6839
  5.2523  3.7897  0.9933  0.1903 34.2712
  5.2706  0.7656  0.9746  1.5194  4.7609
  4.0805  1.0849  0.9758  0.7874  7.3505
  5.8295  1.8362  0.9935  1.4823 14.1660
  3.7144  2.3414  0.9792  2.6858 19.1169
  5.2263  3.1267  0.9812  0.6192 27.1911
  3.7454  1.5848  0.9711  0.9424 11.7976
  5.2144  1.3359  0.9944  0.6566  9.5336
  4.2785  4.3344  0.9921  0.6313 40.2251
  5.2025  2.1048  0.9926  0.5957 16.7696
  6.0746  3.9095  0.9804  1.5034 35.5705
  5.3779  1.8625  0.9766  1.0017 14.4176
  4.7160  3.2216  0.9728  0.1254 28.1923
  6.1167  4.2469  0.9778  0.5064 39.2615
  5.4248  1.9275  0.9803  0.2312 15.0430
  5.7910  0.9982  0.9808  1.7092  6.6236
  5.1757  3.4709  0.9720  1.4270 30.8416
  6.5956  2.0742  0.8208  0.5693 16.4688
  6.2975  2.1674  0.9980  0.9554 17.3862
  6.9877  3.4015  0.5502  1.3343 30.1009
  5.0832  2.6525  0.9821  1.6913 22.2685
  6.7750  3.0008  0.6419  1.2292 25.8721
  4.7464  2.4517  0.9824  1.1985 20.2261
  5.3517  3.1512  0.9712  2.4337 27.4494
  5.6001  3.3524  0.9935  0.9265 29.5788
  5.0050  1.7562  0.9802  2.5588 13.4046
  5.2901  0.6190  0.9885  1.9882  3.6632
  5.0629  2.3123  0.9978  1.8341 18.8257
  5.6216  3.5381  0.9952  1.8631 31.5607
  6.5887  3.5664  0.8787  1.5581 31.8637
  3.9777  1.1499  0.9934  0.8011  7.9046
  5.7371  2.3843  0.9839  0.5329 19.5474
  4.5431  2.5612  0.9881  0.9918 21.3358
  3.9463  3.7603  0.9958  2.5730 33.9524
  5.2010  1.5365  0.9980  0.7160 11.3521
  5.3702  2.8281  0.9925  0.5233 24.0757
  5.5290  1.8760  0.9813  0.6013 14.5465
  4.4215  3.5088  0.9881  1.4843 31.2463
  4.4297  2.3031  0.9704  1.4737 18.7333
  4.7070  2.0112  0.9922  1.2046 15.8540
  5.0523  2.8410  0.9672  0.4583 24.2090
  6.3215  3.0730  0.9690  1.1621 26.6278
  5.2621  3.2819  0.9712  0.6814 28.8304
  3.7517  2.7922  0.9757  1.0994 23.7048
  5.3032  2.1080  0.9875  1.7464 16.8005
  4.6967  3.2695  0.9729  0.5572 28.6983
  5.3095  3.8406  0.9849  0.6917 34.8230
  6.2841  1.4346  0.9879  0.0895 10.4213
  5.3133  3.5935  0.9744  2.0096 32.1548
  5.2349  1.9131  0.9830  1.9808 14.9039
  5.6743  4.2962  0.9886  2.0068 39.8044
  4.8210  3.6728  0.9919  0.9534 33.0084
  5.3942  2.5273  0.9775  1.5955 20.9913
  5.7885  1.1589  0.9740  1.4953  7.9825
  5.1534  2.3281  0.9679  0.1244 18.9832
  4.9359  2.4816  0.9980  1.0201 20.5279
  3.7384  2.3375  0.9852  2.1192 19.0771
  5.8051  2.2216  0.9975  0.1958 17.9221
  5.4389  3.5057  0.9730  0.9716 31.2139
  5.0787  1.3967  0.9727  0.9533 10.0783
  5.2590  2.3937  0.9923  2.0087 19.6412
  5.4401  2.1654  0.9980  2.3703 17.3658
  6.1671  3.3294  0.9980  2.3470 29.3335
  4.7643  2.9637  0.9929  0.6988 25.4843
  6.2405  2.2369  0.9827  0.4730 18.0743
  5.9772  2.4774  0.9798  0.6422 20.4861
  5.1964  1.0803  0.9744  2.4977  7.3110
  4.9672  2.2767  0.9915  1.5046 18.4705
  6.1809  1.9021  0.9942  2.3905 14.7978
  4.3874  3.4150  0.9725  1.6140 30.2449
  5.4998  4.0646  0.9830  1.1392 37.2624
  4.5933  2.0261  0.9902  0.5177 15.9992
  5.2789  4.0645  0.9832  0.8914 37.2607
  6.2210  3.2886  0.9980  2.2481 28.9014
  4.9201  3.6823  0.9969  1.4716 33.1104
  5.5844  3.8954  0.9941  1.0448 35.4176
  5.4979  3.4871  0.9774  2.2024 31.0141
  5.6945  2.1282  0.9933  2.7688 16.9995
  5.2908  3.8852  0.9802  1.5869 35.3068
  6.1258  1.7378  0.9690  2.6331 13.2299
  5.4090  4.3864  0.9865  1.1283 40.7992
  4.7586  0.7105  0.9789  1.4812  4.3408
  4.3644  0.7140  0.9832  2.2155  4.3673
  5.0172  0.8917  0.9719  2.2738  5.7545
  4.9584  2.1126  0.9692  1.0685 16.8461
  5.7908  2.7701  0.9696  1.1224 23.4766
  5.4742  1.8226  0.9865  1.6647 14.0352
  5.2200  3.1385  0.9737  1.1324 27.3158
  5.9545  1.5470  0.9966  0.4206 11.4489
  5.1130  3.2412  0.9687  0.2326 28.3995
  6.1260  2.2605  0.9907  2.0906 18.3085
  4.8223  1.9783  0.9743  0.2547 15.5340
  4.9817  3.5393  0.9795  0.2272 31.5735
  5.2295  3.0947  0.9826  1.2975 26.8548
  5.7777  2.2618  0.9820  1.2167 18.3219
  6.1426  4.4821  0.9790  0.8729 41.8586
  5.5140  1.2993  0.9833  2.0869  9.2088
  5.2683  4.0923  0.9915  2.3643 37.5655
  5.5234  2.6467  0.9745  1.9716 22.2084
  4.1337  4.2957  0.9856  0.8829 39.7987
  5.9364  3.2086  0.9774  1.5864 28.0542
  5.0968  1.1354  0.9739  0.2723  7.7801
  5.9150  0.8928  0.9894  2.4617  5.7629
  6.2686  2.4052  0.9792  0.6380 19.7567
  5.0472  0.8636  0.9766  1.9804  5.5289
  4.9057  3.3862  0.9884  1.7850 29.9374
  4.6442  3.9538  0.9902  1.6376 36.0533
  4.2299  3.9014  0.9774  0.7197 35.4825
  4.4356  3.3545  0.9691  0.3512 29.6011
  6.7908  3.0354  0.8828  2.1669 26.2338
  5.2680  3.9279  0.9863  1.2100 35.7710
  5.3850  1.5393  0.9827  1.8518 11.3778
  4.1710  0.8345  0.9973  0.9880  5.2987
  5.3452  2.2314  0.9963  0.4343 18.0192
  4.8510  2.1659  0.9935  1.6896 17.3710
  5.6843  2.0158  0.9920  1.2112 15.8985
  5.9088  3.6323  0.9676  1.8392 32.5717
  4.8890  1.9397  0.9780  0.5757 15.1601
  5.6507  3.7811  0.9709  1.0150 34.1776
  4.8296  3.2711  0.9785  1.8413 28.7156
  4.7108  4.0342  0.9828  1.7705 36.9303
  4.0439  1.6322  0.9876  1.9348 12.2381
  5.9997  2.5050  0.9920  2.2737 20.7655
  5.9263  2.4601  0.9871  1.5440 20.3108
  5.5920  2.5509  0.9980  0.9868 21.2314
  5.9253  2.3486  0.9881  0.1017 19.1882
  5.3076  2.2414  0.9861  0.9377 18.1187
  5.1263  2.5359  0.9678  1.4242 21.0793
  4.9772  2.0076  0.9680  1.3467 15.8193
  6.1966  3.4878  0.9980  1.3924 31.0218
  4.4041  1.9125  0.9873  1.1126 14.8984
  5.9162  2.9596  0.9816  2.5173 25.4416
  5.0502  1.9806  0.9684  2.0576 15.5568
  6.7231  4.4185  0.7083  1.4038 41.1549
  4.2579  2.5365  0.9967  1.8075 21.0848
  4.7780  2.4612  0.9876  2.1945 20.3224
  3.9745  4.4187  0.9842  1.2173 41.1570
  5.3643  0.8347  0.9816  1.2004  5.2998
  4.5933  1.7441  0.9735  1.8957 13.2899
  5.4154  1.6680  0.9774  2.1515 12.5728
  4.9564  1.0000  0.9952  2.8069  6.6384
  4.9076  2.5658  0.9980  0.6664 21.3829
  6.2574  2.9005  0.9877  1.1663 24.8261
  6.1512  1.4020  0.9762  1.5291 10.1259
  5.7980  4.3175  0.9856  0.4777 40.0390
  4.5094  1.8338  0.9723  1.6850 14.1423
  4.7734  4.4090  0.9890  1.5479 41.0497
  5.3400  2.4745  0.9916  0.6498 20.4561
  4.2313  3.6883  0.9811  0.2107 33.1758
  4.4122  4.3967  0.9715  2.2688 40.9129
  4.8846  2.8350  0.9748  0.7686 24.1467
  6.1781  3.4994  0.9929  1.0012 31.1464
  5.4420  1.5064  0.9683  0.9087 11.0751
  5.2890  1.1232  0.9701  1.6506  7.6757
  6.1187  2.8052  0.9885  2.1815 23.8386
  4.1902  1.0314  0.9734  0.5838  6.9004
  5.5420  2.9996  0.9730  2.5427 25.8589
  5.4774  3.9858  0.9780  0.6837 36.4013
  4.7023  3.7189  0.9980  1.3437 33.5054
  5.2324  4.1663  0.9815  0.9095 38.3758
  5.3725  2.4183  0.9722  0.7754 19.8886
  4.4098  4.2399  0.9674  1.9618 39.1851
  5.5466  2.8159  0.9712  1.4744 23.9490
  5.3654  3.9910  0.9831  1.8686 36.4590
  4.4932  2.2941  0.9745  2.0954 18.6432
  4.1331  2.2138  0.9948  2.5157 17.8445
  5.9999  2.1827  0.9668  2.7739 17.5373
  6.1487  0.9372  0.9883  2.7878  6.1227
  4.8241  4.3329  0.9770  0.5681 40.2085
  6.4980  2.4439  0.9746  1.4960 20.1470
  5.2485  2.2610  0.9932  2.0420 18.3137
  5.1248  2.5450  0.9867  1.8213 21.1710
  4.4696  2.0905  0.9842  1.0170 16.6294
  5.8215  1.8506  0.9889  0.5359 14.3034
  5.6069  0.9079  0.9806  2.3259  5.8849
  5.7228  4.4941  0.9820  1.2111 41.9918
  5.0573  1.8662  0.9751  1.5247 14.4530
  5.6259  2.4592  0.9778  1.3237 20.3019
  5.3899  2.2760  0.9842  0.7484 18.4631
  5.7582  2.1583  0.9859  0.8100 17.2960
  4.6727  1.6077  0.9667  2.0249 12.0100
  5.1964  3.3139  0.9928  0.5185 29.1695
  6.3497  2.2714  0.8151  0.6272 18.4172
  5.1989  3.1148  0.9952  1.6774 27.0667
  5.2446  1.1098  0.9872  1.9164  7.5614
  5.1783  1.9746  0.9877  1.7187 15.4987
  5.2185  2.3496  0.9753  1.3866 19.1991
  4.4122  4.2986  0.9842  0.8771 39.8308
  6.0754  3.4413  0.9973  2.3230 30.5252
  5.7313  3.1158  0.9672  1.0458 27.0774
  5.5368  3.0567  0.9931  1.5569 26.4565
  5.5287  1.2784  0.9736  0.8444  9.0242
  6.4868  1.6320  0.8839  0.7285 12.2368
  5.5467  3.7409  0.9759  0.9657 33.7437
  4.7948  4.4370  0.9925  1.5218 41.3591
  5.4482  1.7013  0.9892  0.5397 12.8863
  5.3453  3.2307  0.9701  0.2391 28.2877
  5.2423  1.0517  0.9778  0.8069  7.0702
  5.2837  1.2135  0.9768  1.9905  8.4550
  6.5408  3.1770  0.8151  1.4897 27.7209
  5.7928  3.1745  0.9679  0.5817 27.6952
  5.1757  1.8231  0.9778  1.7080 14.0406
  6.2829  1.7290  0.9937  1.8155 13.1474
  5.4509  2.1435  0.9921  1.6109 17.1502
  4.1350  4.0704  0.9962  3.0020 37.3251
  5.2600  3.3924  0.9855  0.1345 30.0037
  5.0287  0.6845  0.9906  0.4175  4.1452
  6.8556  1.8263  0.4890  0.6562 14.0705
  4.7727  1.5384  0.9734  3.0596 11.3690
  4.5921  3.1300  0.9978  0.5855 27.2264
  4.7617  2.6129  0.9870  1.9903 21.8629
  4.9111  3.8580  0.9683  2.3065 35.0120
  5.4348  1.5650  0.9781  2.7487 11.6141
  4.5510  1.6229  0.9910  1.6808 12.1518
  6.9157  2.0809  0.4491  2.5777 16.5345
  5.4820  2.0372  0.9873  1.8292 16.1079
  6.9759  2.1771  0.4473  1.5673 17.4818
  4.1772  4.3079  0.9915  0.6441 39.9337
  5.2882  1.3759  0.9748  0.9923  9.8911
  4.9541  2.7186  0.9686  0.6038 22.9460
  5.8013  2.6259  0.9914  1.3503 21.9955
  5.1302  2.7689  0.9864  1.3087 23.4646
  5.6384  1.6658  0.9892  2.1344 12.5526
  6.6168  1.2421  0.6736  0.7240  8.7045
  6.1722  3.3968  0.9685  1.0231 30.0507
  3.9826  4.4872  0.9947  0.7375 41.9144
  4.9560  3.4969  0.9923  2.4015 31.1190
  4.7672  3.1365  0.9958  1.0257 27.2944
  5.9835  3.8143  0.9687  2.2259 34.5370
  5.5902  1.5684  0.9899  0.5456 11.6460
  4.9694  1.8071  0.9815  2.0130 13.8879
  5.1002  2.9438  0.9907  0.2994 25.2775
  5.5675  3.0376  0.9791  1.0662 26.2565
  5.6111  2.6242  0.9978  2.2186 21.9787
  4.4876  1.2562  0.9980  0.5550  8.8281
  5.5100  2.5217  0.9713  1.2230 20.9350
  5.4667  3.5554  0.9925  2.1797 31.7466
  5.3959  0.7752  0.9777  0.6832  4.8347
  5.5935  3.3900  0.9953  0.5961 29.9787
  5.2520  2.6811  0.9739  1.9048 22.5613
  4.4972  1.6628  0.9740  0.4506 12.5240
  5.3548  1.8524  0.9980  1.2949 14.3207
  4.7417  2.3788  0.9980  1.5057 19.4913
  5.8299  2.7276  0.9741  0.8228 23.0391
  4.4585  1.5180  0.9769  0.1430 11.1816
  5.1584  2.2030  0.9735  2.7575 17.7378
  5.7413  1.3188  0.9906  1.1690  9.3816
  4.4973  2.4346  0.9769  0.4765 20.0536
  5.2651  1.7554  0.9839  0.5229 13.3969
  4.9573  2.5833  0.9677  1.1206 21.5611
  5.7748  1.9225  0.9808  1.6777 14.9948
  5.4424  2.8350  0.9865  0.5484 24.1467
  4.8876  0.5842  0.9361  1.8346  3.4125
  6.3283  1.4374  0.9925  1.2545 10.4463
  5.3038  1.2351  0.9703  1.1670  8.6439
  5.1140  3.8912  0.9947  2.3036 35.3724
  4.7562  1.5111  0.9911  2.0913 11.1182
  5.3383  3.6859  0.9859  2.0690 33.1498
  3.9440  2.7689  0.9811  2.1023 23.4642
  4.5393  2.7264  0.9882  2.3070 23.0265
  5.6492  4.1110  0.9980  1.6650 37.7702
  5.6864  4.0881  0.9867  1.1259 37.5197
  6.8216  2.5531  0.4610  0.2214 21.2535
  4.4743  0.5659  0.9672  0.7231  3.2823
  5.2959  0.7352  0.9786  0.6339  4.5276
  5.0135  4.0149  0.9845  0.6735 36.7190
  4.3951  2.3813  0.9724  1.2616 19.5170
  5.0989  3.9058  0.9831  0.8679 35.5303
  4.2409  3.4829  0.9823  0.5280 30.9693
  4.9853  0.5936  0.9772  0.8668  3.4797
  5.5404  3.8145  0.9938  2.0500 34.5393
  5.6398  3.2763  0.9708  2.2280 28.7702
  3.6546  2.9107  0.9806  1.1028 24.9327
  6.3025  4.2931  0.9382  1.2487 39.7701
  5.5253  2.7198  0.9867  0.4531 22.9585
  5.0788  3.1679  0.9732  1.7732 27.6253
  4.8304  3.2804  0.9910  1.8710 28.8143
  4.5914  1.0956  0.9767  2.3977  7.4410
  5.8223  2.2901  0.9947  1.1556 18.6041
  5.0383  3.6109  0.9750  1.0415 32.3419
  5.3823  3.6594  0.9802  1.9086 32.8639
  5.5519  1.9679  0.9848  1.2710 15.4339
  4.9055  1.8191  0.9822  1.9927 14.0025
  4.1568  3.3578  0.9710  1.2733 29.6360
  5.8826  3.9509  0.9945  0.5718 36.0216
  5.8581  1.0048  0.9771  2.4082  6.6786
  5.3768  3.4370  0.9921  1.2526 30.4790
  4.3972  2.8056  0.9743  2.7178 23.8433
  5.4999  3.8098  0.9791  0.6159 34.4885
  4.7732  3.2599  0.9952  0.7518 28.5969
  5.2758  0.5055  0.9733  0.8520  2.8620
  5.4072  1.9173  0.9741  1.7580 14.9443
  5.2845  2.2443  0.9980  2.1282 18.1474
  5.7518  0.8016  0.9838  0.6339  5.0403
  4.4113  0.8201  0.9980  0.9525  5.1849
  6.1694  3.2406  0.9916  1.2491 28.3930
  5.4326  2.1531  0.9973  2.5160 17.2450
  5.5520  4.4597  0.9728  0.3126 41.6098
  5.3635  2.6023  0.9784  1.5772 21.7546
  5.8753  1.0695  0.9978  0.4886  7.2198
  6.0924  1.6899  0.9709  1.1283 12.7788
  4.3781  2.3002  0.9927  1.3376 18.7043
  4.8020  3.3793  0.9848  0.2060 29.8640
  4.9065  2.4129  0.9745  2.5394 19.8346
  4.8443  2.2865  0.9881  1.3569 18.5680
  5.0911  3.5082  0.9905  0.4793 31.2404
  4.1297  2.4303  0.9690  1.3841 20.0099
  5.3420  3.8398  0.9828  2.6597 34.8139
  5.5187  2.2320  0.9737  0.7804 18.0256
  4.6873  2.9911  0.9783  1.4609 25.7706
  5.7002  0.7972  0.9783  2.6008  5.0062
  5.3938  3.4420  0.9808  1.8037 30.5327
  5.4693  4.4828  0.9792  0.8683 41.8657
  5.5328  1.0540  0.9725  1.8127  7.0893
  4.0879  3.2655  0.9804  0.7601 28.6567
  4.8805  2.8496  0.9741  0.8489 24.2988
  4.5839  2.7511  0.9714  1.2226 23.2808
  5.2738  1.3936  0.9808  2.3190 10.0507
  5.6191  2.4758  0.9868  0.1488 20.4695
  6.1065  1.5205  0.9933  1.3284 11.2050
  4.9210  2.1487  0.9870  1.9567 17.2013
  6.1219  2.3592  0.9972  2.7622 19.2952
  4.9989  3.7421  0.9875  0.9788 33.7564
  5.1159  3.4558  0.9889  1.2835 30.6796
  4.5114  1.3549  0.9901  0.7939  9.7033
  5.3845  4.1003  0.9813  2.3011 37.6532
  6.6327  2.1296  0.8870  1.5640 17.0135
  5.6350  4.0941  0.9790  0.4671 37.5849
  5.4445  3.7097  0.9729  2.5586 33.4062
  5.2175  1.1379  0.6037  1.7644  7.8021
  5.1145  0.7847  0.9722  1.0238  4.9083
  5.7422  3.3104  0.9969  1.0963 29.1321
  5.1319  3.7798  0.9980  0.3983 34.1636
  5.8402  3.0552  0.9853  0.4002 26.4406
  6.5524  1.1489  0.9679  1.0837  7.8963
  4.7170  4.4726  0.9914  0.6089 41.7529
  5.8618  3.1786  0.9965  1.3797 27.7381
  5.9918  3.6865  0.9960  0.4915 33.1558
  3.9762  1.8057  0.9864  0.5979 13.8740
  3.8011  3.4676  0.9906  2.5374 30.8058
  4.0446  3.3602  0.9877  2.8226 29.6617
  5.7792  1.2771  0.9759  1.1668  9.0119
  6.4189  2.3725  0.9590  1.2303 19.4279
  5.8543  1.5795  0.9728  0.4216 11.7489
  5.5841  2.1017  0.9897  1.6218 16.7384
  5.2634  2.0506  0.9934  1.1059 16.2385
  5.8070  4.1185  0.9980  1.5197 37.8520
  5.1979  1.8977  0.9900  1.1699 14.7557
  4.8678  0.7838  0.9868  1.8609  4.9014
  6.2922  3.4952  0.9949  0.1875 31.1014
  5.7171  2.3748  0.9682  1.7995 19.4517
  5.1048  1.4488  0.9768  2.1616 10.5494
  4.7774  2.1677  0.9811  1.2445 17.3892
  5.3014  4.1713  0.9896  1.8321 38.4306
  4.8350  2.3224  0.9903  2.6105 18.9263
  5.4040  2.7310  0.9879  1.5167 23.0732
  4.5965  4.3643  0.9846  2.2596 40.5559
  5.3421  0.9058  0.9698  2.3875  5.8679
  5.8554  3.2251  0.9867  1.8931 28.2290
  5.2936  2.9418  0.9695  2.7524 25.2560
  5.4599  1.1758  0.9720  1.4258  8.1276
  5.1313  0.5985  0.9704  2.5259  3.5153
  5.4180  1.3661  0.9848  1.7022  9.8038
  5.2548  2.2742  0.9786  1.7285 18.4448
  3.5036  2.4943  0.9750  1.9655 20.6572
  4.8019  2.6164  0.9946  0.4127 21.8989
  5.6434  3.0156  0.9864  2.5744 26.0261
  4.2806  2.4321  0.9747  0.1548 20.0279
  5.1049  2.9574  0.9928  1.2982 25.4187
  5.2800  0.9335  0.9959  0.8346  6.0926
  5.4611  0.9926  0.9889  1.8746  6.5779
  3.9654  2.0993  0.9881  1.1764 16.7152
  5.2280  1.5241  0.9836  0.5302 11.2373
  5.3938  1.6820  0.9870  1.2733 12.7042
  6.0872  1.2230  0.9980  1.7989  8.5374
  4.7409  2.1810  0.9741  2.3922 17.5205
  6.0213  2.6446  0.9788  0.2952 22.1869
  5.7073  2.1674  0.9798  2.7606 17.3853
  5.1648  1.6811  0.9860  2.9571 12.6958
  5.6206  1.5932  0.9821  0.5615 11.8758
  4.6477  2.2354  0.9762  1.0992 18.0587
  4.3974  3.9572  0.9681  1.2736 36.0906
  6.1640  0.9169  0.9811  1.6040  5.9578
  6.8327  3.4572  0.5127  2.5461 30.6947
  4.7256  3.1930  0.9804  0.8018 27.8899
  3.8344  2.3732  0.9673  2.0499 19.4355
  4.6678  1.7454  0.9788  0.4309 13.3023
  5.5447  2.0580  0.9800  2.4221 16.3108
  5.1405  1.9803  0.9918  1.4113 15.5540
  5.8309  2.0548  0.9770  0.2066 16.2791
  5.3472  1.6140  0.9799  0.5031 12.0693
  4.2125  3.0077  0.9980  2.2888 25.9436
  5.6669  3.8490  0.9869  2.5552 34.9136
  4.7430  1.2136  0.9980  1.1231  8.4560
  5.6263  1.7956  0.9801  2.5294 13.7785
  4.9721  3.2615  0.9830  1.1544 28.6144
  5.1665  1.8057  0.9963  2.6479 13.8743
  5.9479  3.9753  0.9960  1.9610 36.2875
  4.5941  1.9772  0.9741  0.9026 15.5235
  4.9011  2.2269  0.9803  0.1990 17.9745
  4.4923  2.8452  0.9977  0.1854 24.2528
  4.2483  2.9346  0.9866  0.8541 25.1808
  5.7601  2.1423  0.9885  3.0727 17.1380
  5.1718  2.7057  0.9704  1.1275 22.8138
  5.4691  0.9603  0.9797  1.6151  6.3111
  3.9592  4.1023  0.9797  0.6282 37.6744
  4.4843  1.2369  0.9768  0.5522  8.6594
  5.5667  0.7889  0.9750  1.7315  4.9409
  5.8015  3.7093  0.9943  1.7859 33.4024
  5.1046  1.7122  0.9805  2.0988 12.9888
  4.5825  2.2297  0.9704  2.2131 18.0029
  5.5184  1.5325  0.9830  2.2671 11.3147
  5.1085  3.4205  0.9849  0.7959 30.3032
  6.1892  2.1767  0.9915  1.8863 17.4774
  5.0107  3.3395  0.9887  0.5463 29.4417
  3.8456  2.1680  0.9775  0.3825 17.3920
  5.1430  1.5424  0.9946  0.7421 11.4060
  4.3355  3.9441  0.9973  2.1216 35.9480
  5.4939  2.4754  0.9792  1.7295 20.4657
  5.9551  2.3614  0.9772  1.3291 19.3170
  5.1700  2.2784  0.9724  0.9777 18.4870
  4.7592  3.4359  0.9926  0.6127 30.4672
  5.5391  2.7960  0.9822  0.3401 23.7443
  5.1182  3.6569  0.9723  0.7867 32.8365
  4.9492  2.6642  0.9696  0.4092 22.3882
  5.6401  1.9231  0.9839  0.7662 15.0001
  5.4893  3.8727  0.9896  2.3833 35.1708
  4.9436  2.2884  0.9798  2.8790 18.5868
  5.2041  2.1887  0.9877  0.3589 17.5961
  6.4016  2.7352  0.9574  1.7210 23.1166
  5.2448  2.9104  0.9683  1.5250 24.9295
  5.1109  1.4814  0.9667  1.5078 10.8464
  5.4405  1.3352  0.9801  1.4220  9.5273
  4.8175  3.5555  0.9780  2.0841 31.7475
  5.1493  2.7224  0.9908  1.5012 22.9850
  6.5994  0.9231  0.8084  0.7129  6.0079
  4.2085  1.2169  0.9980  2.2980  8.4845
  4.9234  2.0142  0.9809  0.7225 15.8836
  3.7439  2.1600  0.9885  0.7052 17.3123
  6.4069  4.2615  0.9498  1.6844 39.4219
  5.3292  3.4025  0.9980  2.6455 30.1116
  5.5192  0.9331  0.9810  1.1983  6.0893
  6.2322  1.5960  0.9790  1.6949 11.9021
  5.1727  3.7311  0.9957  1.4999 33.6370
  5.1918  3.0155  0.9842  0.6460 26.0248
  5.6922  1.6052  0.9953  1.3601 11.9868
  5.1682  3.2233  0.9690  2.6564 28.2099
  6.2188  1.3056  0.9963  1.7161  9.2641
  4.3180  4.3294  0.9744  1.8201 40.1707
  4.5517  2.1700  0.9930  0.5600 17.4111
  5.9072  3.0500  0.9789  1.6375 26.3866
  6.0742  1.5541  0.9728  0.7774 11.5139
  5.0131  2.4584  0.9897  2.4938 20.2939
  6.2108  3.9149  0.9776  1.7092 35.6301
  4.8164  4.3084  0.9968  1.6668 39.9386
  3.8620  3.5571  0.9845  1.3400 31.7643
  4.6007  3.5340  0.9980  0.3719 31.5167
  4.4299  1.6457  0.9980  2.1509 12.3644
  6.2456  0.4431  0.9980  1.1487  2.4419
  4.4181  2.5313  0.9855  0.3937 21.0318
  3.6595  0.9293  0.9929  1.6985  6.0586
  5.8498  3.1418  0.9931  0.4853 27.3503
  5.2683  4.2576  0.9723  0.0972 39.3790
  6.3264  1.9296  0.9795  1.7687 15.0628
  5.8752  1.1143  0.9836  0.6305  7.6001
  4.8126  0.5186  0.9749  1.9699  2.9521
  6.0068  3.4295  0.9686  1.9375 30.3998
  4.0278  1.6813  0.9873  1.4608 12.6974
  4.9515  4.1526  0.9836  2.2899 38.2259
  3.7294  1.5271  0.9829  2.1032 11.2654
  5.2091  1.0608  0.9719  1.4272  7.1466
  5.8955  1.0511  0.9697  0.3341  7.0654
  4.9855  4.4482  0.9806  1.5278 41.4828
  5.2864  1.2617  0.9675  0.5200  8.8772
  4.0244  3.7325  0.9929  0.3100 33.6522
  5.5829  3.8641  0.9947  2.5410 35.0780
  4.8437  2.2227  0.9912  1.8575 17.9328
  5.8005  0.8658  0.9885  2.6656  5.5468
  5.0294  2.6921  0.9963  2.1738 22.6742
  4.2868  1.0836  0.9735  1.3451  7.3395
  4.7671  1.4728  0.9921  2.1775 10.7682
  5.2836  3.1300  0.9683  2.0420 27.2267
  4.1784  3.3608  0.9782  2.0168 29.6673
  4.7468  2.7432  0.9878  0.7240 23.1993
  4.6828  4.0517  0.9710  0.1568 37.1216
  5.1324  1.3059  0.9760  0.9545  9.2666
  3.9851  3.0320  0.9773  0.4420 26.1984
  5.2759  2.0766  0.9710  1.2098 16.4927
  5.3246  3.9439  0.9707  1.1391 35.9449
  5.7429  3.9694  0.9827  2.1587 36.2230
  5.1602  3.6402  0.9848  1.7524 32.6578
  6.2022  3.7404  0.9939  1.6110 33.7379
  3.6198  4.0484  0.9789  0.7390 37.0848
  6.0370  1.5259  0.9953  0.7245 11.2540
  6.5636  2.6122  0.8147  1.4665 21.8558
  5.0809  1.1083  0.9797  0.5248  7.5493
  5.8440  3.5263  0.9814  0.6198 31.4339
  5.3469  0.8825  0.9683  1.0528  5.6808
  5.3308  2.7886  0.9980  2.0698 23.6673
  5.8619  1.8423  0.9830  1.0489 14.2235
  5.3496  3.3929  0.9837  0.9846 30.0095
  4.3582  3.7636  0.9681  1.0044 33.9888
  4.2734  3.5596  0.9980  1.6956 31.7914
  6.3388  2.5486  0.9980  1.8205 21.2082
  5.4500  1.6825  0.9853  0.4420 12.7091
  5.0975  1.2348  0.9754  1.8142  8.6406
  4.8333  3.4829  0.9787  0.4081 30.9696
  6.0374  3.2043  0.9899  2.2744 28.0093
  5.2602  2.6332  0.9888  1.7908 22.0706
  5.4074  2.8135  0.9804  2.3983 23.9249
  5.0979  3.0076  0.9678  0.2356 25.9423
  5.2025  1.7818  0.9825  1.0351 13.6467
  5.1236  3.9191  0.9743  0.7825 35.6753
  5.4173  2.4577  0.9669  1.7498 20.2866
  5.2574  1.6791  0.9917  1.1551 12.6772
  6.0083  2.8362  0.9858  1.0104 24.1599
  4.7411  4.1429  0.9762  1.7135 38.1198
  3.5303  2.2046  0.9821  2.4307 17.7533
  4.3782  1.2817  0.9915  2.2649  9.0534
  5.6571  4.1509  0.9936  2.0034 38.2075
  5.6822  0.7298  0.9698  0.7333  4.4868
  5.0721  1.6954  0.9902  0.6666 12.8304
  5.0849  1.9340  0.9839  1.2085 15.1052
  5.5110  3.7715  0.9976  2.8403 34.0741
  5.7114  3.5894  0.9778  1.5690 32.1108
  6.2018  2.4070  0.9891  2.2877 19.7748
  5.7084  1.4549  0.9719  1.1714 10.6048
  5.0128  4.0526  0.9769  0.8804 37.1305
  5.5473  1.7066  0.9828  2.1238 12.9356
  4.3831  1.8748  0.9778  1.8588 14.5349
  5.4523  1.1891  0.9668  2.8618  8.2429
  4.5575  3.6536  0.9790  1.5765 32.8020
  5.1847  1.8929  0.9828  2.0974 14.7089
  4.4399  0.9054  0.9721  0.7921  5.8648
  4.8063  3.2294  0.9845  2.0310 28.2740
  4.2480  3.6110  0.9681  1.0743 32.3433
  5.0695  3.7135  0.9884  0.5528 33.4471
  5.8136  2.6208  0.9749  2.0633 21.9439
  4.3635  1.5135  0.9683  0.5936 11.1402
  5.5802  2.2779  0.9690  1.1809 18.4819
  5.1603  3.0185  0.9756  0.6507 26.0569
  5.0011  2.9809  0.9847  1.7280 25.6638
  6.5911  2.4114  0.8892  1.8755 19.8192
  5.9639  2.3739  0.9737  1.5050 19.4425
  5.6513  3.1239  0.9826  1.6140 27.1618
  6.4670  2.1147  0.8696  1.2850 16.8670
  3.6005  0.8190  0.9918  1.4722  5.1767
  5.7431  1.7523  0.9853  1.9751 13.3674
  4.6783  3.5153  0.9814  1.0052 31.3165
  4.8399  1.8622  0.9793  0.3168 14.4149
  6.2260  1.7904  0.9931  0.8418 13.7287
  5.4080  2.3245  0.9836  1.0899 18.9470
  4.8997  1.9180  0.9888  0.8899 14.9511
  4.8508  3.8763  0.9818  1.1017 35.2099
  5.1697  3.0664  0.9932  0.4585 26.5579
  5.8427  2.5195  0.9907  0.2320 20.9122
  4.5175  2.6282  0.9961  1.2013 22.0198
  5.3918  3.8620  0.9840  0.4986 35.0546
  5.4009  4.0086  0.9976  1.3213 36.6509
  5.3088  0.6440  0.9980  1.8995  3.8455
  4.9211  0.8143  0.9772  1.7874  5.1392
  4.9695  3.8919  0.9823  1.4729 35.3798
  4.2584  3.0672  0.9759  1.4862 26.5663
  5.6006  2.8557  0.9879  0.5181 24.3614
  4.7575  2.9606  0.9760  1.5507 25.4517
  5.3771  3.5849  0.9973  0.9743 32.0627
  5.6756  1.5175  0.9778  0.7022 11.1775
  5.5256  2.3149  0.9839  0.3468 18.8510
  5.1233  1.7070  0.9966  2.5353 12.9390
  3.7332  2.3774  0.9788  1.2116 19.4778
  5.8754  2.5223  0.9847  0.0977 20.9403
  5.0069  1.3616  0.9691  2.4914  9.7632
  5.8576  1.4627  0.9753  1.9007 10.6759
  5.5597  0.9596  0.9879  0.6005  6.3057
  6.9679  4.3595  0.7810  1.0431 40.5027
  4.9580  1.4764  0.9758  2.2869 10.8013
  5.5771  1.9290  0.9700  1.7252 15.0571
  5.5238  3.7440  0.9980  0.9208 33.7771
  5.4625  2.3026  0.9762  1.6980 18.7285
  5.4170  3.8506  0.9930  0.2862 34.9312
  5.3190  4.4365  0.9866  0.4424 41.3539
  6.1429  4.1326  0.9833  0.6814 38.0066
  5.2274  1.1662  0.9931  2.8953  8.0452
  4.7915  3.4395  0.9864  0.2089 30.5057
  5.4985  2.1382  0.9697  2.3314 17.0983
  6.0836  1.1677  0.9689  2.3806  8.0576
  5.0905  1.5378  0.9712  0.3209 11.3639
  4.8729  2.3332  0.9980  1.5749 19.0346
  4.4607  3.4984  0.9941  1.2080 31.1354
  5.1730  3.8932  0.9906  2.1220 35.3938
  4.9775  2.3301  0.9712  0.8736 19.0032
  5.6199  1.4636  0.9792  1.0970 10.6842
  5.6385  1.3464  0.9735  0.9700  9.6275
  5.9982  0.5052  0.9887  0.9016  2.8596
  6.7555  2.3700  0.5021  1.5094 19.4036
  4.5059  2.9479  0.9910  2.0831 25.3194
  6.0397  1.5978  0.9918  0.9395 11.9184
  3.6085  4.1369  0.9828  1.5741 38.0539
  6.9006  0.8460  0.9491  1.0722  5.3897
  4.8217  1.7556  0.9980  1.9508 13.3982
  5.5363  1.7889  0.9733  1.0760 13.7145
  5.3907  4.2103  0.9770  0.7867 38.8592
  6.4829  3.7573  0.9619  1.6062 33.9205
  5.8645  1.1582  0.9895  1.1775  7.9761
  4.8155  4.3446  0.9876  1.4177 40.3379
  4.2944  2.2991  0.9980  1.5176 18.6931
  4.0411  1.6922  0.9736  0.3718 12.8004
  4.8165  2.6737  0.9722  1.6228 22.4849
  5.3206  4.3563  0.9966  1.5601 40.4669
  5.1092  3.0594  0.9697  1.6081 26.4854
  4.5484  3.0339  0.9980  1.8264 26.2178
  3.9463  1.9571  0.9925  0.8198 15.3290
  5.4468  2.6219  0.9843  1.9156 21.9551
  3.9859  1.7781  0.9741  0.8367 13.6120
  5.6517  1.5442  0.9827  1.3972 11.4227
  5.3178  1.3910  0.9938  2.2883 10.0274
  5.3353  1.0051  0.9787  0.9427  6.6813
  4.5421  0.8103  0.9690  2.1214  5.1079
  4.8649  1.9820  0.9755  0.5638 15.5700
  6.3258  4.0557  0.9831  0.7170 37.1652
  4.5099  3.0570  0.9855  1.6697 26.4600
  5.2128  3.6334  0.9817  0.2419 32.5843
  6.3032  1.6361  0.9868  1.7483 12.2753
  4.3949  1.7995  0.9740  1.9813 13.8156
  5.3286  1.8756  0.9928  1.9089 14.5427
  5.7354  1.6447  0.9879  2.1420 12.3547
  4.9409  2.6095  0.9980  1.1635 21.8285
  4.9398  4.0609  0.9834  0.4032 37.2222
  6.4089  4.3877  0.9359  0.5682 40.8143
  5.1964  2.8613  0.9923  0.5135 24.4197
  5.2862  1.5376  0.9701  0.9449 11.3620
  6.3502  1.9788  0.9867  0.8358 15.5391
  4.6015  2.2209  0.9796  1.3911 17.9156
  5.7804  2.7368  0.9790  0.5762 23.1332
  6.1079  3.2460  0.9789  0.4208 28.4501
  6.2780  3.5794  0.9699  0.9248 32.0038
  4.9791  4.3558  0.9743  0.1661 40.4612
  4.9092  1.2744  0.9835  2.6084  8.9884
  4.6023  3.6251  0.9923  0.7935 32.4952
  6.0091  2.2365  0.9757  1.2783 18.0700
  4.4282  2.8810  0.9919  0.4562 24.6244
  5.9447  1.0244  0.9929  2.0637  6.8415
  5.5605  2.2832  0.9733  0.3333 18.5345
  5.0433  1.3422  0.9770  1.0792  9.5903
  5.5579  2.3958  0.9914  0.8955 19.6624
  5.3620  2.6265  0.9731  1.6449 22.0019
  3.6694  1.5098  0.9670  2.4803 11.1068
  5.3329  3.0312  0.9843  0.9112 26.1893
  6.3491  1.2729  0.9910  0.2974  8.9750
  4.2432  1.7641  0.9793  1.3446 13.4795
  4.7635  4.4131  0.9763  1.1671 41.0947
  5.1174  1.4155  0.9750  1.5120 10.2478
  4.5905  4.4510  0.9859  1.6663 41.5145
  4.9845  2.1655  0.9778  2.2787 17.3667
  5.5734  3.7137  0.9676  1.2559 33.4490
  4.5240  1.0599  0.9974  0.7163  7.1393
  4.7802  1.6605  0.9738  1.4535 12.5027
  5.3319  3.0447  0.9772  2.7096 26.3314
  5.4674  2.6161  0.9980  1.3396 21.8961
  5.3030  3.3590  0.9734  1.3925 29.6489
  6.5805  1.0050  0.8535  1.2764  6.6803
  4.8765  2.3027  0.9905  2.1612 18.7292
  5.7283  1.2343  0.9863  2.2768  8.6369
  5.5727  0.6643  0.9721  2.5015  3.9950
  5.6490  1.0136  0.9776  0.5148  6.7519
  5.4021  4.2930  0.9815  2.7936 39.7696
  5.7755  3.2680  0.9816  0.5198 28.6823
  6.1847  2.4490  0.9830  1.0490 20.1990
  4.9551  4.0872  0.9705  0.5671 37.5096
  4.6776  4.1866  0.9848  0.8937 38.5986
  4.7314  3.8270  0.9970  0.4874 34.6754
  6.5021  2.2632  0.8327  1.2171 18.3355
  5.8857  1.5924  0.9796  1.6123 11.8688
  5.6868  3.5472  0.9788  0.2256 31.6586
  5.5786  2.5476  0.9857  2.0116 21.1980
  5.1353  1.1461  0.9910  1.9723  7.8717
  5.5178  3.4057  0.9885  0.5768 30.1457
  5.9597  2.3417  0.9706  0.4414 19.1199
  5.2709  4.4951  0.9742  1.3657 42.0028
  5.8435  1.4998  0.9681  1.7625 11.0146
  5.4267  2.8235  0.9771  1.6709 24.0285
  5.4488  2.2638  0.9723  1.0674 18.3419
  5.7147  3.0983  0.9838  1.7417 26.8934
  4.4423  1.3574  0.9980  0.8226  9.7258
  5.8675  2.2531  0.9827  2.3623 18.2354
  5.3090  2.7337  0.9686  1.8265 23.1015
  4.7581  3.6572  0.9747  1.3034 32.8398
  6.1311  1.4876  0.9743  1.7841 10.9031
  4.9804  1.2279  0.9799  0.8320  8.5809
  5.9328  2.1854  0.9905  2.5154 17.5634
  4.6804  3.8978  0.9937  0.6525 35.4441
  5.4950  1.8447  0.9704  1.8337 14.2466
  3.7304  2.2250  0.9728  0.4280 17.9555
  3.9824  3.8179  0.9716  1.6617 34.5767
  5.2560  3.4900  0.9961  1.6333 31.0457
  6.9851  2.0465  0.4065  2.7076 16.1987
  5.4197  4.4278  0.9887  2.0634 41.2572
  5.4242  3.8302  0.9803  1.0637 34.7100
  5.0759  0.9282  0.9852  1.0060  6.0490
  5.7287  1.6558  0.9823  1.9332 12.4586
  4.9080  3.1532  0.9911  1.0129 27.4699
  3.7592  0.4272  0.9827  2.0528  2.3377
  5.5879  3.9256  0.9696  0.7352 35.7458
  5.5318  1.0587  0.9823  0.7748  7.1292
  4.8031  4.0133  0.9963  0.5323 36.7022
  5.2099  4.1983  0.9807  0.9821 38.7276
  5.8708  3.6037  0.9980  0.9603 32.2646
  5.2080  2.0590  0.9783  1.1698 16.3200
  5.7550  1.0357  0.9780  2.0303  6.9359
  5.5865  1.3723  0.9924  1.1839  9.8595
  5.2027  2.2527  0.9980  1.4770 18.2312
  6.3185  2.4506  0.9670  0.3477 20.2150
  4.3023  0.8572  0.9814  0.2531  5.4784
  5.6963  3.4536  0.9930  2.2084 30.6566
  5.7610  3.1182  0.9743  1.7636 27.1022
  5.7833  2.4593  0.9922  0.3460 20.3029
  6.1161  2.4756  0.9980  0.8996 20.4676
  5.5703  1.4492  0.9698  0.3925 10.5534
  5.2438  1.5445  0.9930  1.3261 11.4250
  5.0965  3.3081  0.9739  1.9764 29.1075
  5.3998  3.2638  0.9950  2.0241 28.6381
  5.0148  2.2954  0.9684  2.0394 18.6568
  5.5935  2.8072  0.9971  0.7130 23.8595
  6.1765  1.8140  0.9935  1.3693 13.9538
  5.6252  2.1162  0.9980  2.7500 16.8817
  5.1441  2.1154  0.9735  2.8616 16.8730
  6.1150  2.7411  0.9980  1.8485 23.1774
  5.2833  2.3839  0.9872  1.6974 19.5432
  4.7374  1.7857  0.9675  0.9636 13.6841
  5.8912  2.0770  0.9723  0.7096 16.4970
  5.0399  2.3408  0.9828  1.8782 19.1108
  4.7636  2.0472  0.9980  1.5198 16.2052
  5.5739  0.5018  0.9722  0.4359  2.8365
  4.7300  2.3931  0.9885  0.7447 19.6354
  6.3434  2.0024  0.9899  0.4264 15.7682
  5.3298  2.7335  0.9980  1.9468 23.0992
  5.7691  4.1921  0.9963  0.4509 38.6591
  4.9420  2.1974  0.9823  0.5569 17.6821
  3.8285  3.2430  0.9937  0.3943 28.4178
  6.1379  3.0136  0.9768  1.6011 26.0056
  6.3531  1.2288  0.9901  2.0076  8.5883
  5.0303  2.8263  0.9848  1.6175 24.0574
  5.7370  2.6328  0.9801  1.1678 22.0665
  5.3196  2.3272  0.9967  0.7607 18.9744
  5.9752  2.5729  0.9959  0.8862 21.4553
  5.5193  1.5510  0.9828  0.5178 11.4849
  4.9606  1.5520  0.9904  1.7617 11.4943
  5.0390  2.5132  0.9881  2.1913 20.8483
  6.2797  2.3047  0.9753  1.8426 18.7493
  5.2603  1.5062  0.9682  1.2906 11.0732
  5.5823  1.4821  0.9838  1.5676 10.8534
  6.3370  1.0070  0.9723  0.9952  6.6971
  5.3455  4.4297  0.9945  0.3619 41.2780
  5.3752  1.6305  0.9870  0.0852 12.2230
  4.4808  3.3965  0.9772  2.1758 30.0480
  5.5556  2.4558  0.9921  1.4884 20.2671
  6.1245  1.6803  0.9980  1.4846 12.6882
  5.0710  3.3443  0.9802  1.6989 29.4925
  5.7965  0.6124  0.9980  0.7426  3.6154
  6.0422  3.5616  0.9919  2.1129 31.8126
  5.3657  4.3565  0.9725  2.8700 40.4696
  5.9663  3.9886  0.9830  0.8036 36.4318
  5.7165  2.1095  0.9798  2.1139 16.8151
  5.3953  3.8754  0.9728  1.7238 35.2008
  4.0119  2.2732  0.9704  1.4071 18.4352
  5.4382  4.1985  0.9853  1.9875 38.7294
  5.1436  1.8095  0.9832  0.9882 13.9105
  5.5133  1.8898  0.9841  0.7794 14.6794
  4.2490  1.2270  0.9980  0.5549  8.5726
  5.3338  2.2879  0.9714  2.2208 18.5823
  4.8390  2.7181  0.9789  1.5453 22.9411
  5.6570  1.0585  0.9704  0.6544  7.1270
  5.3105  2.5406  0.9858  1.2344 21.1261
  4.9320  1.2646  0.9711  2.1334  8.9020
  5.9751  1.6588  0.9673  1.0030 12.4872
  4.0457  1.5185  0.9853  2.9076 11.1861
  5.5193  1.3208  0.9860  1.9621  9.3995
  5.5870  3.2656  0.9761  2.6483 28.6572
  4.4987  2.8783  0.9689  0.3732 24.5964
  4.3390  2.4100  0.9688  2.0260 19.8050
  5.3764  2.3116  0.9936  1.5395 18.8184
  5.9883  0.5587  0.9692  1.6229  3.2320
  4.7428  2.5361  0.9962  0.2239 21.0811
  5.4194  3.5563  0.9727  1.1592 31.7554
  6.4722  1.1131  0.8978  2.2716  7.5895
  4.2093  3.2309  0.9759  2.3980 28.2906
  4.9875  2.0208  0.9980  1.4282 15.9480
  4.8759  3.0095  0.9820  0.2805 25.9628
  5.0266  4.2437  0.9899  1.5992 39.2266
  5.3093  2.5003  0.9796  0.8613 20.7174
  4.6262  2.8275  0.9933  3.0679 24.0697
  4.9402  3.3906  0.9821  0.8269 29.9852
  5.4713  3.0766  0.9963  0.5556 26.6656
  4.2429  2.6508  0.9836  0.9269 22.2504
  5.4741  2.1801  0.9776  2.1278 17.5116
  5.1584  2.1153  0.9980  2.1627 16.8720
  5.2145  3.3473  0.9919  1.5005 29.5236
  5.7653  1.7599  0.9822  1.1317 13.4394
  4.6003  3.3323  0.9980  1.6196 29.3646
  4.9691  2.4200  0.9970  0.9273 19.9065
  5.8029  2.0811  0.9860  2.8845 16.5370
  5.8113  2.7165  0.9712  1.5448 22.9249
  5.2351  1.7332  0.9800  0.7765 13.1863
  4.9112  2.3891  0.9874  1.9027 19.5950
  5.7305  1.5580  0.9974  1.7552 11.5497
  6.4284  0.6686  0.8786  2.2437  4.0270
  5.2430  4.2449  0.9770  0.4476 39.2394
  4.9858  1.2329  0.9674  0.7724  8.6241
  5.0387  4.1603  0.9813  0.1655 38.3105
  4.5829  1.2768  0.9719  2.3123  9.0096
  6.1793  1.0139  0.9732  0.8930  6.7539
  5.5911  0.8772  0.9789  1.7434  5.6383
  4.9124  0.9088  0.9783  1.8403  5.8918
  5.4954  2.2292  0.9834  0.8117 17.9977
  4.9316  3.6389  0.9731  1.7059 32.6433
  6.4798  2.2961  0.9019  0.7391 18.6640
  5.6548  2.6905  0.9972  0.1397 22.6579
  5.9588  3.7582  0.9715  2.0616 33.9300
  4.5987  2.2047  0.9934  1.8605 17.7551
  5.4674  1.2549  0.9980  0.7918  8.8170
  4.5088  1.0174  0.9918  1.5325  6.7834
  5.3791  2.8745  0.9692  0.3764 24.5562
  4.5817  3.1523  0.9935  1.9442 27.4605
  5.3178  2.8996  0.9770  1.4338 24.8168
  5.8265  1.1277  0.9762  1.1110  7.7143
  5.5941  3.0556  0.9907  0.6421 26.4448
  4.5812  4.0977  0.9742  0.8793 37.6240
  5.7713  1.5912  0.9872  1.3654 11.8572
  6.1370  3.5389  0.9745  0.6298 31.5687
  5.7860  3.9077  0.9842  0.4827 35.5509
  5.1697  1.2648  0.9674  1.5987  8.9042
  6.1050  2.1948  0.9871  2.7752 17.6571
  5.7006  3.2486  0.9695  0.9699 28.4774
  4.1319  1.0106  0.9715  0.5504  6.7264
  6.0084  1.5293  0.9904  1.2905 11.2857
  4.8324  4.1805  0.9980  1.7479 38.5317
  5.1411  4.3227  0.9929  1.1357 40.0967
  6.2069  3.3376  0.9936  1.9124 29.4215
  3.6427  0.3328  0.9858  1.7644  1.7399
  6.5192  1.8314  0.9409  0.3864 14.1199
  5.7724  3.8908  0.9854  0.2877 35.3679
  5.1372  2.5706  0.9781  1.5076 21.4313
  5.8576  0.8657  0.9760  1.5836  5.5463
  6.2723  0.8982  0.9698  0.1357  5.8065
  5.5434  2.0999  0.9941  1.4917 16.7209
  5.3569  1.0886  0.9980  1.8872  7.3816
  5.6337  1.7790  0.9908  0.7547 13.6201
  4.1264  3.1028  0.9794  1.5951 26.9399
  4.8254  4.2254  0.9707  2.0404 39.0252
  6.7173  1.8270  0.5150  1.7747 14.0780
  5.7280  3.2140  0.9979  0.5798 28.1112
  5.3559  3.9326  0.9803  2.4654 35.8226
  4.8910  1.4517  0.9920  1.3089 10.5758
  4.7990  2.8400  0.9742  0.3527 24.1986
  3.6354  3.2489  0.9909  1.9234 28.4803
  6.7817  2.4129  0.8942  1.9578 19.8345
  4.8938  2.5334  0.9809  2.7726 21.0536
  5.0213  4.2863  0.9882  0.4441 39.6950
  4.3443  2.6871  0.9784  1.4130 22.6226
  4.5055  2.2036  0.9980  1.2805 17.7435
  5.0555  3.6166  0.9835  0.5594 32.4039
  4.4602  2.8401  0.9843  1.0039 24.1997
  6.0138  4.2897  0.9940  0.8873 39.7330
  5.4724  3.5867  0.9797  1.9118 32.0818
  5.2487  2.2771  0.9714  2.0583 18.4741
  4.6470  2.8869  0.9728  1.7037 24.6853
  5.0467  3.1203  0.9681  0.9488 27.1237
  5.5120  3.3474  0.9957  2.4341 29.5247
  5.2022  3.5195  0.9695  1.3807 31.3615
  4.1249  2.6224  0.9735  0.4997 21.9602
  5.2228  3.9498  0.9748  0.9683 36.0094
  5.5158  1.2691  0.9841  0.5049  8.9417
  5.2515  3.0203  0.9810  0.6336 26.0756
  5.3659  4.1134  0.9673  2.5221 37.7960
  5.2713  2.3779  0.9783  0.8244 19.4828
  5.4506  2.8370  0.9953  0.7919 24.1682
  5.6166  1.8794  0.9790  0.8279 14.5792
  4.3488  1.9006  0.9871  1.5361 14.7835
  5.0774  2.4411  0.9912  0.6519 20.1190
  4.2670  3.5724  0.9871  0.8569 31.9288
  3.8413  3.3958  0.9980  0.2970 30.0406
  5.4989  1.7206  0.9775  0.4610 13.0674
  5.7654  2.1311  0.9969  2.0527 17.0275
  5.2605  1.7419  0.9723  0.9977 13.2691
  5.3839  2.8981  0.9792  1.2641 24.8018
  6.4114  4.1781  0.8534  1.3666 38.5059
  4.8971  1.8888  0.9979  0.3253 14.6701
  4.8523  3.3149  0.9683  1.5906 29.1796
  5.0867  2.0012  0.9911  0.9478 15.7572
  4.2649  3.6029  0.9748  0.5871 32.2564
  6.0797  0.5435  0.9690  1.2516  3.1247
  3.8748  1.8672  0.9970  0.1377 14.4621
  5.5715  1.5917  0.9703  1.1084 11.8620
  5.9154  1.5240  0.9914  2.1442 11.2371
  5.4730  3.4673  0.9868  2.0668 30.8034
  5.5213  1.0768  0.9718  0.4449  7.2814
  5.1589  2.1500  0.9725  0.9232 17.2141
  5.1754  1.9684  0.9923  1.5463 15.4386
  5.3487  0.9417  0.9671  0.9059  6.1589
  4.2310  2.5143  0.9980  1.6010 20.8601
  5.2322  1.1384  0.9744  1.1500  7.8063
  5.9538  0.8358  0.9927  0.5382  5.3090
  5.3102  3.5951  0.9773  0.6314 32.1728
  3.6933  2.3013  0.9808  2.6890 18.7156
  4.4306  0.8874  0.9955  1.9889  5.7199
  4.5680  2.7167  0.9929  1.0483 22.9268
  4.9313  1.5834  0.9916  0.1471 11.7845
  5.3493  1.2658  0.9844  2.2034  8.9132
  6.8961  1.8728  0.6701  1.9843 14.5166
  5.0512  2.3421  0.9758  0.7436 19.1240
  5.3633  3.1526  0.9909  0.7627 27.4646
  4.0630  4.2582  0.9669  1.5953 39.3855
  5.3992  4.3408  0.9737  0.9542 40.2965
  4.7119  0.7281  0.9939  0.1355  4.4737
  4.7171  3.5251  0.9955  2.4921 31.4209
  6.8108  3.4128  0.6161  1.4804 30.2217
  5.7446  1.6625  0.9846  0.6380 12.5216
  5.0390  0.9808  0.9797  0.3781  6.4803
  4.9129  2.5758  0.9767  0.7041 21.4846
  5.7318  0.7621  0.9745  0.8011  4.7337
  6.8199  2.2653  0.5995  1.1352 18.3568
  5.7111  1.3742  0.9677  1.0951  9.8761
  4.8745  3.0064  0.9944  0.6651 25.9300
  5.7758  3.1990  0.9753  0.7275 27.9536
  5.7647  1.5929  0.9827  1.2867 11.8733
  6.3201  2.6369  0.9901  1.8255 22.1087
  5.5868  2.2584  0.9693  1.3537 18.2880
  4.8409  1.0994  0.9936  0.4950  7.4735
  5.7497  3.4982  0.9727  1.7740 31.1333
  5.8034  2.6146  0.9715  0.6257 21.8801
  5.0103  2.5414  0.9757  0.8279 21.1346
  6.0624  0.9443  0.9760  0.8274  6.1806
  6.1788  0.4157  0.9846  2.0422  2.2626
  5.3594  3.2357  0.9925  0.6059 28.3406
  5.2153  3.9841  0.9691  1.3517 36.3829
  5.4163  2.8706  0.9801  2.4644 24.5158
  4.6271  2.8441  0.9970  0.5221 24.2417
  5.3005  4.3448  0.9917  0.8131 40.3407
  5.1103  2.1427  0.9820  2.9926 17.1422
  5.3839  1.8282  0.9733  2.7413 14.0893
  4.5015  1.6676  0.9759  1.9330 12.5698
  5.8467  3.4672  0.9972  0.8861 30.8021
  5.5069  4.0004  0.9741  0.3802 36.5610
  5.4509  1.5891  0.9884  0.7966 11.8373
  5.5734  1.8571  0.9755  1.4985 14.3654
  4.9226  0.6762  0.9785  1.4057  4.0834
  5.1691  2.3702  0.9861  1.4252 19.4058
  5.4126  2.7009  0.9883  1.3491 22.7640
  5.9873  1.9258  0.9894  0.7321 15.0262
  3.9961  1.9022  0.9849  0.8396 14.7990
  4.7861  0.7452  0.9776  2.0127  4.6040
  5.4841  4.4042  0.9888  2.8006 40.9958
  5.9564  2.2601  0.9902  0.1465 18.3052
  5.4171  2.3889  0.9742  0.3719 19.5936
  4.7714  2.7141  0.9759  2.6842 22.8999
  5.8216  1.4301  0.9736  2.2193 10.3800
  5.7030  0.9465  0.9980  1.4671  6.1984
  5.2832  3.9410  0.9890  1.2325 35.9132
  5.2194  1.5221  0.9907  2.2644 11.2193
  6.1100  3.9269  0.9701  1.3422 35.7599
  4.9398  2.8145  0.9929  0.6370 23.9355
  6.2114  2.1927  0.9842  1.7302 17.6355
  5.5163  2.2956  0.9909  1.4803 18.6583
  5.3521  2.2651  0.9826  0.8954 18.3544
  6.8064  1.3139  0.6566  2.3692  9.3379
  4.8937  4.0463  0.9755  0.5001 37.0617
  4.8124  4.4929  0.9831  2.4123 41.9782
  5.5958  2.1140  0.9980  0.7548 16.8598
  5.2868  3.3148  0.9903  2.1088 29.1788
  4.1280  3.6396  0.9834  1.4500 32.6513
  5.2550  1.8347  0.9688  2.5709 14.1509
  5.5672  3.2745  0.9870  0.9268 28.7519
  4.8767  0.7726  0.9851  0.4562  4.8148
  5.1899  2.1326  0.9678  2.9243 17.0426
  5.1894  3.6176  0.9766  0.8270 32.4142
  5.5657  2.9569  0.9749  0.3767 25.4139
  4.6101  3.0629  0.9770  2.3448 26.5220
  5.8587  1.1793  0.9869  0.8077  8.1580
  5.4956  2.2748  0.9762  1.1566 18.4508
  5.8475  2.9998  0.9973  0.8891 25.8616
  5.2065  3.2056  0.9876  1.4388 28.0234
  5.2237  0.9299  0.9937  2.2942  6.0635
  6.3886  3.6000  0.9696  1.5259 32.2248
  5.5208  1.1946  0.9980  1.4283  8.2911
  4.9752  0.8253  0.9980  1.4803  5.2260
  5.3000  1.0114  0.9921  2.1055  6.7335
  5.2445  1.3814  0.9799  0.9611  9.9413
  5.4941  2.7992  0.9703  1.1694 23.7772
  5.5801  1.1672  0.9652  1.8844  8.0538
  5.7946  3.9190  0.9901  2.6571 35.6737
  4.5835  2.3409  0.9830  1.0132 19.1117
  5.6231  1.7137  0.9949  0.9841 13.0030
  5.0545  2.6687  0.9822  1.1014 22.4340
  4.9344  4.0284  0.9952  2.1611 36.8670
  5.6471  1.8343  0.9849  1.9762 14.1472
  3.6762  1.7354  0.9686  1.3658 13.2071
  5.3445  4.1159  0.9888  1.2402 37.8241
  5.8937  1.9527  0.9872  1.3853 15.2858
  5.1971  2.2027  0.9931  0.3173 17.7351
  5.5448  2.6894  0.9813  1.0650 22.6458
  5.0018  1.5208  0.9795  2.2492 11.2074
  4.6971  3.5974  0.9925  0.1184 32.1967
  5.9202  1.4198  0.9980  2.1116 10.2866
  6.1203  3.2539  0.9680  1.6936 28.5337
  5.3063  1.0812  0.9918  2.7284  7.3191
  4.4648  2.7978  0.9865  0.5903 23.7620
  3.7807  2.2695  0.9888  1.1401 18.3980
  5.4783  3.5324  0.9746  0.9228 31.4994
  5.5990  2.2695  0.9807  1.5850 18.3988
  5.5037  2.0136  0.9773  1.3438 15.8772
  5.3707  1.9512  0.9817  1.9106 15.2721
  5.1542  2.1580  0.9980  0.5756 17.2930
  5.1697  2.5817  0.9971  0.2259 21.5449
  4.2160  4.3575  0.9873  0.8573 40.4807
  5.3344  1.8335  0.9854  2.2939 14.1393
  5.1781  3.0799  0.9798  1.3283 26.7004
  5.6970  2.4967  0.9809  2.2712 20.6812
  5.2080  2.8316  0.9851  1.6879 24.1123
  5.5554  3.8949  0.9683  1.2821 35.4120
  4.7922  2.9689  0.9675  2.4685 25.5386
  5.2778  3.1301  0.9814  1.8298 27.2274
  4.9012  2.2952  0.9878  0.4379 18.6550
  4.5019  3.8404  0.9860  1.4266 34.8204
  5.2671  2.6439  0.9912  1.2543 22.1798
  5.4362  1.0662  0.9755  1.8929  7.1921
  5.5259  3.7904  0.9751  0.8976 34.2783
  6.9528  3.1365  0.4894  0.5328 27.2942
  5.7157  1.2715  0.9837  0.7149  8.9633
  6.0188  2.1189  0.9843  1.3026 16.9077
  4.3780  3.2816  0.9685  1.6791 28.8265
  5.1178  3.2934  0.9780  1.1286 28.9523
  4.1222  1.8737  0.9900  0.8202 14.5251
  5.4111  2.0843  0.9740  0.1690 16.5681
  5.7909  2.1157  0.9867  0.4760 16.8763
  5.1736  2.0123  0.9781  0.4820 15.8644
  5.3038  1.8706  0.9931  1.7604 14.4955
  5.2953  2.2461  0.9698  1.3112 18.1652
  5.5802  1.5958  0.9876  1.0158 11.8999
  5.2974  1.9536  0.9842  0.9681 15.2949
  5.1997  2.0368  0.9899  1.0306 16.1038
  5.4994  2.7120  0.9925  1.6364 22.8788
  4.4090  1.6402  0.9931  2.5259 12.3135
  5.3559  1.4153  0.9788  2.2539 10.2466
  6.9331  0.9751  0.5354  1.3600  6.4327
  5.4305  1.7686  0.9969  1.3841 13.5222
  5.6582  1.8432  0.9964  2.0875 14.2328
  4.9639  2.2631  0.9855  0.3682 18.3344
  4.9169  3.8953  0.9786  1.0683 35.4163
  4.9434  0.6563  0.9801  1.0720  3.9359
  5.0430  1.2884  0.9980  0.7317  9.1118
  6.4031  2.3933  0.9479  1.1075 19.6373
  5.2793  0.2568  0.9824  0.6247  1.2890
  4.8885  3.2803  0.9672  0.6167 28.8133
  5.1608  1.7160  0.9980  2.9950 13.0241
  5.5753  3.9674  0.9740  1.5202 36.2011
  4.2231  4.3816  0.9951  1.1064 40.7466
  6.1625  3.7612  0.9783  2.7642 33.9631
  3.9171  4.2560  0.9912  1.1017 39.3619
  4.9106  3.1296  0.9977  1.8941 27.2215
  5.3921  1.2089  0.9964  2.1499  8.4151
  5.3918  4.2439  0.9876  2.4871 39.2286
  5.0381  3.6804  0.9979  1.7426 33.0902
  5.4392  1.7058  0.9924  0.1482 12.9284
  5.1196  2.3971  0.9980  0.4630 19.6760
  5.4334  1.2530  0.9677  0.7702  8.8004
  4.9169  2.9649  0.9919  0.7687 25.4974
  4.9117  3.5551  0.9865  0.8459 31.7428
  5.0081  1.9009  0.9909  1.3515 14.7867
  6.6041  2.8588  0.9172  1.0816 24.3936
  5.0806  2.1142  0.9842  2.3793 16.8618
  5.7551  4.0962  0.9752  1.6086 37.6080
  5.7841  2.9847  0.9725  0.7447 25.7040
  4.8641  2.1964  0.9919  1.8465 17.6727
  5.1746  0.9157  0.9825  0.9692  5.9476
  5.1210  3.4780  0.9728  0.6231 30.9176
  5.0569  2.0424  0.9980  0.7430 16.1582
  6.0369  3.0539  0.9705  2.6032 26.4276
  5.3245  1.9349  0.9980  1.9339 15.1143
  4.3014  3.6141  0.9787  1.7236 32.3763
  5.7414  3.5610  0.9807  0.8548 31.8067
  5.3017  2.7118  0.9771  0.5102 22.8762
  4.7122  4.4227  0.9963  2.1221 41.2004
  5.0217  1.8329  0.9901  1.2063 14.1344
  5.8945  1.0960  0.9980  1.0904  7.4440
  5.4823  2.6153  0.9925  0.5837 21.8878
  5.1349  1.4065  0.9961  0.7719 10.1669
  5.9883  3.7700  0.9696  0.9222 34.0583
  5.2835  1.9233  0.9751  0.3574 15.0020
  5.3440  2.8766  0.9692  0.3983 24.5782
  5.7792  3.0306  0.9755  2.1210 26.1831
  6.3907  2.1204  0.9700  0.8604 16.9229
  3.6437  4.4993  0.9721  1.5822 42.0489
  5.1866  1.8654  0.9783  2.0706 14.4452
  5.5775  1.8705  0.9920  0.9305 14.4937
  4.4457  3.2895  0.9684  0.5541 28.9109
  5.1996  0.9127  0.9785  0.3966  5.9236
  5.6650  2.0683  0.9894  0.9528 16.4114
  6.2636  2.0675  0.9710  0.0912 16.4035
