  4.2774  3.7036  0.9980  0.4006 33.3408
  4.7749  2.0566  0.9756  2.4102 16.2973
  4.9278  2.9161  0.9727  2.3469 24.9890
  4.9921  1.4137  0.9793  1.4528 10.2322
  4.1529  4.0564  0.9804  0.1194 37.1722
  5.4095  2.2691  0.9804  0.2046 18.3941
  4.5426  1.4271  0.9921  1.2351 10.3533
  5.4381  3.0065  0.9963  1.8673 25.9311
  5.1622  2.0879  0.9814  1.4436 16.6031
  5.8280  3.0600  0.9977  1.3528 26.4916
  5.4868  1.7622  0.9693  0.8974 13.4611
  3.7132  1.3391  0.9803  2.7484  9.5619
  4.9343  1.4127  0.9970  0.2865 10.2227
  5.2628  1.1378  0.9922  1.9688  7.8009
  5.0206  2.0614  0.9771  0.2394 16.3436
  4.4418  4.2990  0.9764  0.6184 39.8353
  4.3938  2.0925  0.9698  2.4896 16.6487
  5.0935  3.7379  0.9819  2.4304 33.7107
  4.4700  1.7676  0.9945  2.5147 13.5124
  5.1297  1.4142  0.9835  2.2650 10.2361
  4.3565  3.6292  0.9724  1.4354 32.5387
  5.4872  1.5776  0.9681  0.5199 11.7307
  5.3551  1.2806  0.9680  1.4681  9.0437
  5.6726  3.3881  0.9708  0.8722 29.9579
  6.0328  3.4213  0.9977  2.0961 30.3117
  5.0950  3.7755  0.9816  2.1320 34.1173
  4.6661  2.5491  0.9767  1.5569 21.2132
  4.8756  2.9765  0.9766  2.0427 25.6179
  4.9833  4.1402  0.9939  1.6943 38.0901
  4.7692  2.6902  0.9921  0.6980 22.6548
  5.4772  1.9640  0.9747  1.6096 15.3957
  4.4941  3.3139  0.9753  0.8636 29.1692
  5.2724  1.2649  0.9682  2.5468  8.9053
  5.2699  1.4171  0.9929  1.2420 10.2629
  5.0203  0.9283  0.9782  1.3184  6.0500
  3.9158  0.4940  0.9898  0.5531  2.7835
  4.4132  3.3343  0.9980  0.3015 29.3859
  4.7926  1.1159  0.9849  0.7386  7.6135
  5.3791  1.4259  0.9766  1.5147 10.3419
  4.5835  4.2925  0.9793  1.3546 39.7631
  5.1834  3.8737  0.9943  2.3351 35.1820
  6.2537  2.5706  0.9848  1.5866 21.4319
  6.1686  2.1572  0.9961  1.6131 17.2850
  5.4206  2.2989  0.9880  0.7321 18.6911
  4.2652  2.8140  0.9740  1.9150 23.9300
  4.0161  4.2824  0.9980  1.8031 39.6527
  5.0440  2.9593  0.9913  0.8734 25.4385
  4.9235  3.1132  0.9908  1.1449 27.0495
  5.7204  3.9319  0.9711  0.4997 35.8151
  3.8222  3.3235  0.9848  1.1391 29.2718
  5.1460  3.0299  0.9980  0.5722 26.1763
  4.5902  1.3613  0.9809  1.8945  9.7608
  5.2205  3.7446  0.9910  1.3907 33.7834
  5.2359  1.3081  0.9902  2.6965  9.2866
  5.5504  3.9011  0.9701  0.3161 35.4792
  5.4866  2.3220  0.9829  2.5458 18.9223
  6.0876  3.8452  0.9720  1.4098 34.8727
  5.1959  2.7235  0.9768  1.1440 22.9969
  5.0297  3.4260  0.9896  0.4355 30.3626
  5.1669  0.9541  0.9877  2.2491  6.2603
  5.6392  3.0289  0.9715  2.1216 26.1653
  4.9865  4.0198  0.9747  1.5587 36.7726
  4.4864  1.7391  0.9963  1.2464 13.2421
  5.5381  3.0228  0.9833  1.7001 26.1012
  5.4032  0.7485  0.9980  1.3124  4.6295
  5.1838  3.6200  0.9868  1.8571 32.4395
  5.5151  2.8122  0.9786  0.7302 23.9110
  5.1574  2.2153  0.9876  1.0982 17.8598
  4.2537  1.1298  0.9680  0.7063  7.7328
  5.0679  2.7691  0.9763  0.3923 23.4660
  5.5505  2.2176  0.9964  1.0195 17.8824
  5.4014  2.4864  0.9668  1.3358 20.5768
  4.8932  4.1573  0.9678  0.4746 38.2777
  5.4741  3.1960  0.9713  0.3678 27.9214
  3.8063  1.4258  0.9953  1.3974 10.3414
  4.8085  4.1120  0.9768  2.8587 37.7804
  5.1547  1.9141  0.9971  0.8581 14.9130
  4.7691  3.9044  0.9667  1.4748 35.5159
  5.9590  4.2224  0.9708  1.2379 38.9920
  4.8105  2.0013  0.9873  0.3030 15.7581
  6.2938  3.8215  0.9711  1.1885 34.6151
  3.6263  2.6014  0.9931  1.3520 21.7454
  6.0848  1.8158  0.9904  0.4317 13.9708
  4.8075  2.9734  0.9736  2.0020 25.5851
  4.4032  1.2110  0.9980  0.6921  8.4329
  5.2649  2.2043  0.9690  1.8167 17.7506
  6.1558  1.9799  0.9763  0.7973 15.5499
  4.9174  1.4024  0.9906  2.0752 10.1301
  4.0504  3.6052  0.9864  2.4669 32.2809
  5.8298  0.5293  0.9893  2.2228  3.0262
  4.3434  2.6553  0.9764  2.2443 22.2966
  5.3389  4.2692  0.9980  1.4904 39.5074
  5.0946  2.4983  0.9757  1.2998 20.6976
  4.2295  3.8672  0.9707  2.3238 35.1117
  4.1570  1.8881  0.9708  1.5707 14.6632
  4.0453  2.8289  0.9951  1.0557 24.0844
  4.8009  2.1754  0.9926  1.5639 17.4647
  5.1374  3.5430  0.9677  2.1147 31.6129
  5.0671  3.1036  0.9961  1.1294 26.9482
  5.2219  3.0708  0.9929  2.0118 26.6040
  5.7640  2.2735  0.9821  1.9696 18.4382
  4.7878  2.8052  0.9968  0.4831 23.8393
  4.7520  3.4958  0.9773  1.6170 31.1075
  5.1924  2.9218  0.9679  0.8450 25.0476
  5.8315  2.4203  0.9951  1.1651 19.9090
  5.7905  2.5695  0.9791  0.5491 21.4201
  5.4627  2.2378  0.9881  1.0329 18.0834
  5.4054  3.2620  0.9828  1.4266 28.6197
  5.2742  1.9280  0.9838  0.4054 15.0471
  3.8208  2.0390  0.9924  0.2189 16.1254
  5.5584  1.5664  0.9811  1.2172 11.6271
  5.3363  3.7994  0.9703  1.1531 34.3761
  4.9853  2.0558  0.9910  2.2975 16.2889
  5.0985  1.3214  0.9980  1.8283  9.4046
  5.2107  1.5483  0.9743  0.3300 11.4600
  5.4838  4.2942  0.9952  1.1872 39.7826
  5.1832  2.3041  0.9980  1.3671 18.7435
  5.4167  1.2442  0.9841  0.7723  8.7235
  5.1677  3.2233  0.9676  1.4825 28.2095
  5.6634  2.0098  0.9932  2.9501 15.8407
  4.4726  3.6793  0.9980  0.5622 33.0789
  4.9357  3.0335  0.9942  1.5260 26.2138
  5.4994  3.6622  0.9827  1.3610 32.8945
  5.6147  3.0809  0.9681  1.1158 26.7103
  5.3137  3.3475  0.9828  1.3813 29.5265
  4.3270  4.4028  0.9798  1.6811 40.9808
  5.4852  0.4632  0.9782  1.1014  2.5757
  5.2068  0.7147  0.9737  1.2100  4.3720
  5.3472  4.1400  0.9855  0.9344 38.0876
  4.4164  1.2801  0.9747  1.2812  9.0386
  5.6873  1.8670  0.9772  2.4000 14.4605
  5.2779  2.1814  0.9717  2.0246 17.5243
  4.6514  1.4261  0.9737  1.2160 10.3436
  5.5239  2.1864  0.9668  1.6504 17.5733
  4.7003  1.1083  0.9918  1.0339  7.5489
  4.8607  3.1818  0.9741  1.7584 27.7723
  5.7078  2.8126  0.9697  0.7075 23.9156
  4.7671  0.9698  0.9807  0.9774  6.3892
  4.9840  3.3300  0.9913  2.1430 29.3404
  5.5405  3.9940  0.9716  1.2589 36.4909
  5.9862  2.9459  0.9808  0.6689 25.2986
  5.7620  3.5129  0.9980  0.9414 31.2903
  4.5291  2.4708  0.9766  1.7572 20.4193
  4.7328  1.9507  0.9898  0.6129 15.2667
  5.8660  3.8101  0.9913  1.8144 34.4922
  4.5461  2.5563  0.9947  1.6517 21.2859
  5.3011  3.0507  0.9910  1.8586 26.3939
  4.4441  1.2671  0.9870  1.8331  8.9247
  5.2477  1.3737  0.9870  0.7832  9.8721
  3.9126  3.9136  0.9905  2.4013 35.6151
  5.1282  2.5373  0.9866  0.7839 21.0932
  5.8699  2.2025  0.9699  1.7337 17.7334
  5.2059  2.5367  0.9944  1.5487 21.0867
  5.1778  3.4374  0.9817  0.4196 30.4836
  5.2063  2.2049  0.9687  1.6675 17.7565
  5.4477  3.8012  0.9970  1.5276 34.3951
  5.3020  1.2920  0.9844  0.8277  9.1438
  3.8375  2.8868  0.9905  2.0623 24.6846
  5.2771  2.2604  0.9735  0.6704 18.3077
  5.1925  1.5202  0.9794  2.9609 11.2015
  5.0188  1.9360  0.9909  0.5037 15.1249
  5.3815  0.3624  0.9827  0.7714  1.9230
  5.1230  2.5651  0.9885  1.8848 21.3760
  4.7196  3.1751  0.9890  2.0832 27.7006
  4.3038  3.8559  0.9874  1.5602 34.9883
  4.9432  1.0530  0.9889  1.6196  7.0809
  4.9467  3.7845  0.9855  2.1441 34.2149
  5.1305  4.3117  0.9674  1.7777 39.9753
  4.6358  1.2527  0.9980  1.6167  8.7975
  4.6285  1.9731  0.9932  0.8918 15.4836
  5.9668  1.9402  0.9820  2.2678 15.1649
  4.7478  1.7988  0.9805  1.0561 13.8085
  5.0191  3.5394  0.9904  1.4090 31.5745
  4.8265  2.4244  0.9782  2.0795 19.9505
  5.2445  0.4694  0.9785  0.6983  2.6169
  5.2348  2.0890  0.9668  1.8898 16.6140
  6.2592  3.3004  0.9769  2.1618 29.0262
  4.2259  3.1119  0.9795  1.0999 27.0358
  4.3515  2.5726  0.9795  2.6565 21.4517
  5.4089  1.8121  0.9980  0.1571 13.9349
  5.0166  2.4868  0.9809  1.1053 20.5814
  5.2482  2.8134  0.9926  2.0110 23.9238
  4.7288  4.3327  0.9730  2.3694 40.2069
  5.9784  3.4810  0.9980  2.2328 30.9490
  4.9262  2.3781  0.9933  0.3021 19.4849
  4.1774  3.2915  0.9797  1.1929 28.9320
  5.7751  4.0064  0.9776  2.3466 36.6266
  5.1719  3.8920  0.9722  1.6250 35.3807
  5.3570  1.2541  0.9742  1.7447  8.8101
  6.1331  2.1441  0.9714  1.0420 17.1558
  5.2318  1.1396  0.9788  1.0645  7.8161
  4.3519  2.5672  0.9726  0.7583 21.3972
  5.0087  2.7719  0.9909  1.1852 23.4954
  5.0229  3.5594  0.9749  1.9791 31.7889
  5.0795  2.3323  0.9933  1.5286 19.0254
  4.9396  1.1289  0.9901  0.9840  7.7248
  5.2902  2.4352  0.9947  0.2206 20.0596
  5.4499  2.0093  0.9699  0.5492 15.8359
  4.5939  1.8839  0.9723  2.0861 14.6225
  5.1135  4.4797  0.9742  1.7351 41.8319
  4.8405  2.9868  0.9920  1.0291 25.7254
  4.2540  2.7810  0.9801  3.0169 23.5889
  5.1173  3.3065  0.9838  1.1987 29.0911
  4.7684  0.9243  0.9731  0.7798  6.0176
  4.5899  1.5986  0.9922  0.4465 11.9255
  5.0599  2.5255  0.9840  1.5633 20.9736
  4.7070  3.8312  0.9732  0.2225 34.7202
  5.3633  3.5668  0.9939  1.2195 31.8686
  3.7411  3.6769  0.9667  1.4253 33.0527
  4.4580  4.0901  0.9680  1.5925 37.5417
  4.7022  0.9222  0.9809  1.6983  6.0005
  5.1879  1.7415  0.9950  1.9481 13.2649
  4.9109  3.3591  0.9695  1.4887 29.6494
  5.2135  1.2501  0.9842  1.0628  8.7747
  4.9207  2.4462  0.9951  0.6855 20.1700
  5.3833  1.7403  0.9718  1.8948 13.2534
  5.0912  0.7475  0.9912  1.4279  4.6220
  5.7964  2.3254  0.9726  1.4864 18.9562
  5.5160  0.9409  0.9873  0.4603  6.1523
  5.1027  0.8816  0.9980  0.4512  5.6732
  6.5554  2.8529  0.8047  1.4213 24.3328
  5.0886  0.8370  0.9965  2.1939  5.3180
  5.3756  1.4989  0.9904  2.1666 11.0068
  5.1124  2.1764  0.9886  1.1819 17.4742
  4.5179  3.3894  0.9919  1.0574 29.9722
  4.2792  3.0068  0.9710  2.2760 25.9347
  5.7339  2.8767  0.9895  2.1283 24.5789
  3.6995  2.3979  0.9696  0.4892 19.6839
  4.5825  0.7690  0.9935  0.3250  4.7870
  4.9133  1.2892  0.9980  1.8889  9.1188
  4.8011  4.1245  0.9940  2.3624 37.9173
  4.9214  2.4946  0.9949  2.3912 20.6598
  5.5544  2.5288  0.9883  1.0038 21.0066
  5.1875  3.1173  0.9896  1.8058 27.0926
  4.7762  1.6211  0.9687  1.1503 12.1355
  5.3929  2.2446  0.9708  0.9078 18.1502
  4.2377  1.5505  0.9952  2.6383 11.4810
  4.7760  3.0918  0.9782  1.5535 26.8244
  4.5552  3.1994  0.9844  1.3903 27.9578
  5.0122  1.2642  0.9951  2.3546  8.8988
  5.6309  1.1718  0.9890  2.6905  8.0929
  4.8507  3.0884  0.9786  1.3282 26.7888
  5.2224  4.4609  0.9866  2.1809 41.6238
  5.2478  4.0804  0.9880  0.5369 37.4349
  5.2393  2.0320  0.9980  2.5411 16.0564
  4.8581  1.8337  0.9906  2.0869 14.1420
  5.3878  3.0553  0.9801  1.2288 26.4416
  5.1730  2.7827  0.9980  1.1226 23.6069
  3.8164  1.4166  0.9774  2.3411 10.2581
  4.7863  0.8541  0.9871  1.5244  5.4539
  5.2576  4.1916  0.9787  1.2432 38.6541
  4.1660  1.1439  0.9977  0.7125  7.8530
  4.5120  2.6084  0.9945  1.7968 21.8176
  5.4397  2.1611  0.9841  2.1408 17.3236
  6.2030  2.9995  0.9730  1.7496 25.8578
  5.3828  1.2070  0.9740  0.8080  8.3988
  4.7905  2.8144  0.9948  1.9772 23.9341
  5.0986  0.3458  0.9888  0.8911  1.8202
  4.4633  3.1498  0.9885  2.8052 27.4341
  3.7867  2.1808  0.9753  1.9172 17.5186
  4.2983  2.8550  0.9965  1.5825 24.3548
  4.5830  1.1795  0.9718  0.6054  8.1601
  3.9744  1.3451  0.9932  1.8274  9.6159
  6.3965  2.0402  0.9827  1.9745 16.1369
  4.4240  3.4804  0.9777  2.4369 30.9435
  5.0472  0.5938  0.9980  0.4421  3.4811
  4.6736  3.1770  0.9868  2.8937 27.7211
  6.5574  1.8277  0.8030  1.5963 14.0839
  5.3696  1.1685  0.9923  0.9065  8.0650
  5.4840  3.8229  0.9977  1.9238 34.6305
  5.0791  1.9978  0.9765  0.8418 15.7240
  4.7004  2.6640  0.9667  1.9701 22.3856
  5.5308  3.9742  0.9724  1.0092 36.2750
  4.3525  2.3800  0.9940  1.2235 19.5036
  5.4971  0.5614  0.9825  0.3806  3.2505
  4.3399  3.7226  0.9779  1.9848 33.5458
  4.6946  0.7539  0.9845  1.8345  4.6707
  4.9990  4.0406  0.9810  1.1817 36.9996
  4.6948  1.8758  0.9852  0.9846 14.5446
  4.4246  1.4559  0.9868  1.3881 10.6141
  3.9347  2.4249  0.9803  0.2988 19.9555
  4.3578  2.1954  0.9948  1.1626 17.6628
  3.9385  3.7744  0.9945  2.1959 34.1053
  5.4975  2.3439  0.9793  0.5938 19.1414
  5.3120  1.4727  0.9953  1.7475 10.7669
  4.9145  3.9470  0.9909  1.6538 35.9793
  4.2548  3.3872  0.9686  1.3542 29.9481
  5.4004  0.8113  0.9729  1.3558  5.1160
  5.2696  0.8545  0.9761  0.9897  5.4566
  4.3694  1.5535  0.9845  0.7370 11.5086
  4.4298  1.9395  0.9840  0.8933 15.1587
  5.6242  2.4627  0.9759  1.1705 20.3374
  4.9315  1.7683  0.9712  0.5324 13.5190
  5.9548  4.4516  0.9813  0.5423 41.5206
  5.2165  2.1025  0.9875  1.1405 16.7465
  5.3186  1.9677  0.9683  1.4412 15.4315
  5.3644  3.4186  0.9966  1.6524 30.2830
  5.8448  3.6280  0.9828  0.7931 32.5261
  3.7911  3.2109  0.9962  0.5922 28.0790
  3.9024  2.6343  0.9943  2.5537 22.0816
  5.1690  1.7868  0.9720  0.5590 13.6942
  5.8982  3.7594  0.9693  1.7911 33.9432
  4.9368  3.5363  0.9872  2.3947 31.5411
  4.8490  2.6824  0.9872  1.5653 22.5745
  4.6291  0.8824  0.9793  2.2529  5.6794
  5.0790  3.7692  0.9728  1.5331 34.0491
  4.7816  4.4420  0.9841  1.8298 41.4147
  4.5154  2.2796  0.9898  1.4252 18.4995
  5.0302  3.3575  0.9680  2.8629 29.6329
  5.1006  3.3992  0.9849  0.1547 30.0761
  4.6653  3.2360  0.9975  1.0425 28.3446
  5.0390  3.0411  0.9865  0.5407 26.2930
  5.0009  1.4074  0.9953  2.3996 10.1751
  4.5075  0.9531  0.9740  0.6042  6.2524
  4.9683  0.8767  0.9775  2.7259  5.6342
  5.2826  2.1770  0.9767  0.7719 17.4803
  4.7334  1.8090  0.9728  1.8824 13.9059
  4.4418  2.6234  0.9895  0.1796 21.9707
  5.4638  4.2725  0.9923  1.5053 39.5433
  6.1192  2.6617  0.9980  0.7224 22.3619
  4.9303  3.2942  0.9710  1.6346 28.9607
  5.3310  0.6243  0.9800  1.3316  3.7015
  4.7857  4.0516  0.9884  1.9500 37.1200
  5.0081  1.4625  0.9798  1.8603 10.6744
  5.4189  0.7573  0.9980  1.9118  4.6967
  5.2326  1.5675  0.9693  1.1300 11.6382
  5.0343  2.2899  0.9741  0.2086 18.6020
  5.9804  2.6078  0.9936  0.4455 21.8115
  5.5887  2.2388  0.9899  1.4970 18.0931
  5.2113  2.2156  0.9804  1.4858 17.8628
  5.1070  1.0976  0.9927  1.2159  7.4577
  5.5683  4.4895  0.9699  1.3248 41.9402
  5.1229  2.6036  0.9703  1.4386 21.7682
  4.8338  2.9010  0.9699  1.9379 24.8320
  5.1825  1.5208  0.9842  1.9828 11.2076
  4.9482  1.0256  0.9943  1.2404  6.8520
  4.0494  0.9761  0.9826  1.5142  6.4413
  5.5951  3.2720  0.9722  1.3990 28.7248
  5.1831  2.6252  0.9727  2.8588 21.9885
  5.1590  2.7756  0.9824  0.7273 23.5332
  5.0636  4.3653  0.9782  1.4823 40.5661
  4.7869  4.1331  0.9736  2.2221 38.0117
  4.0740  1.7277  0.9965  0.4054 13.1347
  5.5086  2.3053  0.9676  0.4812 18.7556
  5.8731  3.5404  0.9980  2.2381 31.5856
  5.3552  1.9582  0.9715  1.1596 15.3393
  5.3302  2.0579  0.9796  2.5712 16.3098
  4.8895  3.4719  0.9771  0.9128 30.8526
  5.2768  2.1625  0.9979  0.3382 17.3377
  5.2786  2.1101  0.9769  2.2503 16.8212
  4.7084  3.8630  0.9810  2.3395 35.0658
  6.0685  1.5150  0.9694  1.5695 11.1541
  5.5404  3.8313  0.9970  0.8585 34.7218
  5.3316  3.3296  0.9746  0.4378 29.3364
  3.8632  2.4002  0.9943  1.4370 19.7069
  3.8873  2.6067  0.9728  0.0498 21.8001
  4.1711  2.5260  0.9909  2.1050 20.9781
  5.2105  1.6108  0.9737  1.3628 12.0394
  5.0230  1.7390  0.9935  1.1060 13.2415
  5.0305  0.9333  0.9879  2.8306  6.0911
  4.0570  0.6458  0.9805  0.8473  3.8585
  5.5791  3.4406  0.9750  0.0103 30.5174
  4.3913  3.8161  0.9969  0.6940 34.5566
  4.5861  3.3083  0.9800  0.5183 29.1101
  5.2225  1.6542  0.9842  1.2253 12.4443
  5.7679  1.6146  0.9673  1.3892 12.0747
  5.2082  3.7898  0.9824  1.2418 34.2723
  4.7952  2.0238  0.9889  1.7881 15.9770
  5.2716  3.1855  0.9793  0.2911 27.8107
  4.7547  2.2543  0.9902  1.6282 18.2471
  5.0468  1.3448  0.9820  1.7252  9.6129
  4.3680  0.6746  0.9830  2.0881  4.0714
  5.4135  4.2213  0.9825  1.9977 38.9798
  5.0661  3.7558  0.9724  0.3698 33.9038
  4.2809  3.7722  0.9850  1.3493 34.0819
  4.9970  1.3220  0.9812  0.8846  9.4104
  5.1426  0.9918  0.9980  2.5937  6.5707
  5.8095  1.7795  0.9786  0.8053 13.6251
  5.1551  2.8284  0.9684  1.4363 24.0786
  4.7347  2.3441  0.9732  0.4325 19.1434
  4.3688  1.8568  0.9909  2.2259 14.3625
  4.7715  0.9410  0.9909  1.6518  6.1531
  4.7640  0.6286  0.9844  1.2854  3.7332
  4.9804  0.5113  0.9818  1.4358  2.9021
  5.2816  1.3478  0.9886  2.2797  9.6402
  6.2552  1.6865  0.9701  0.2555 12.7466
  5.6872  2.4922  0.9822  1.5269 20.6354
  4.8823  4.3415  0.9875  1.4415 40.3038
  5.2149  1.5856  0.9980  1.3157 11.8055
  4.3037  2.8121  0.9696  2.7620 23.9097
  3.7680  3.2339  0.9980  0.3292 28.3219
  5.4055  2.2281  0.9959  1.6046 17.9866
  4.7238  1.0488  0.9796  1.5618  7.0462
  5.7086  2.5691  0.9929  0.7806 21.4161
  3.7527  1.9636  0.9834  0.9880 15.3920
  4.0039  1.5249  0.9830  1.9585 11.2454
  4.1443  0.8249  0.9692  2.2465  5.2226
  3.8393  3.1038  0.9980  1.3502 26.9508
  5.3630  0.9175  0.9978  0.2220  5.9625
  4.7493  3.9627  0.9668  1.9326 36.1505
  4.7143  1.9106  0.9797  2.0008 14.8794
  3.8639  2.1753  0.9672  2.2400 17.4640
  5.2562  3.3659  0.9954  1.7061 29.7224
  4.9797  2.5045  0.9793  2.8387 20.7598
  5.1997  3.7951  0.9835  0.7160 34.3291
  5.8544  2.6505  0.9931  1.8820 22.2477
  4.9704  3.1414  0.9714  0.9957 27.3462
  5.0439  3.0411  0.9830  0.5777 26.2936
  5.2419  2.2478  0.9780  0.9176 18.1827
  6.1014  3.1652  0.9903  1.8334 27.5972
  5.6718  3.3661  0.9778  0.3660 29.7237
  4.3161  1.1485  0.9873  0.2117  7.8927
  4.4697  1.6082  0.9869  1.2969 12.0155
  4.6978  2.1014  0.9888  0.6445 16.7364
  4.7753  3.8698  0.9804  1.9529 35.1392
  5.0541  1.5773  0.9832  1.4573 11.7286
  5.2642  3.0758  0.9864  0.8847 26.6572
  5.4234  4.1799  0.9980  2.4203 38.5258
  6.0931  4.0384  0.9885  0.4860 36.9758
  5.2299  1.8460  0.9749  1.4318 14.2589
  5.4109  4.4409  0.9711  1.3851 41.4019
  3.5399  4.0373  0.9727  1.5634 36.9642
  3.7846  3.1398  0.9909  1.5150 27.3293
  4.8472  3.8470  0.9721  0.8392 34.8925
  5.8663  2.9317  0.9857  0.5609 25.1508
  4.3821  1.0443  0.9716  1.8844  7.0079
  4.9562  0.9561  0.9696  0.5376  6.2765
  5.2203  3.6352  0.9810  0.6227 32.6029
  4.7373  4.3476  0.9689  0.6894 40.3716
  5.3511  2.4642  0.9809  1.3374 20.3523
  5.1339  1.4899  0.9735  1.2158 10.9241
  5.1624  2.0434  0.9939  1.4497 16.1678
  5.0392  0.7525  0.9925  1.0369  4.6604
  6.0178  2.5409  0.9723  2.4333 21.1295
  5.6165  1.2852  0.9844  1.0930  9.0836
  5.1774  1.8652  0.9827  1.7083 14.4430
  5.1197  1.8740  0.9961  1.6932 14.5277
  3.5019  3.9409  0.9857  0.9756 35.9121
  5.0943  2.0620  0.9719  1.7879 16.3500
  5.3014  3.8841  0.9911  2.1650 35.2947
  4.6725  4.0999  0.9830  0.3740 37.6483
  4.5526  1.7475  0.9858  1.4475 13.3216
  5.4955  3.0607  0.9980  0.5137 26.4980
  4.9950  3.2995  0.9841  1.4641 29.0169
  5.4721  0.9227  0.9796  2.1523  6.0049
  4.6411  4.3136  0.9971  2.1723 39.9960
  5.2950  2.7987  0.9743  2.8455 23.7718
  3.5247  2.5507  0.9860  0.3183 21.2295
  4.6973  1.0932  0.9979  0.9516  7.4208
  4.8718  1.1157  0.9955  0.1378  7.6116
  5.2897  1.3103  0.9735  2.4921  9.3063
  4.9648  3.6880  0.9889  1.3325 33.1722
  4.8342  2.3563  0.9920  2.2477 19.2660
  5.0856  2.0894  0.9724  2.1207 16.6178
  4.7011  3.0414  0.9980  2.1134 26.2963
  5.3510  1.5552  0.9710  1.0889 11.5243
  5.3928  0.6522  0.9821  0.8310  3.9057
  4.3316  2.1647  0.9817  2.4896 17.3587
  5.3227  1.6037  0.9951  1.9372 11.9733
  5.2963  2.7713  0.9750  2.7619 23.4886
  5.2192  2.6519  0.9946  1.3047 22.2623
  5.0054  3.1482  0.9769  0.4146 27.4176
  4.3804  1.4315  0.9950  1.2079 10.3932
  5.5169  1.6033  0.9913  0.2913 11.9695
  4.8375  2.9975  0.9778  1.2014 25.8367
  5.0992  2.2223  0.9837  0.6240 17.9290
  4.6488  2.6781  0.9851  1.7670 22.5308
  5.9831  3.8942  0.9799  2.5837 35.4047
  5.3339  2.4390  0.9768  0.4531 20.0980
  4.6765  2.8450  0.9700  1.0818 24.2506
  5.3766  2.6926  0.9954  0.1518 22.6795
  5.1786  1.1106  0.9891  0.9519  7.5686
  5.0536  1.2404  0.9980  2.9645  8.6902
  5.3091  3.0481  0.9882  1.3015 26.3662
  5.3542  3.4326  0.9903  1.4754 30.4323
  5.7745  1.8659  0.9740  0.4901 14.4499
  5.4397  1.8257  0.9980  1.8406 14.0655
  4.3071  3.7207  0.9837  1.3098 33.5253
  5.0580  1.2548  0.9773  1.0769  8.8161
  4.6671  2.6101  0.9851  0.3710 21.8348
  4.7049  2.1200  0.9973  0.6830 16.9183
  5.4182  3.2037  0.9758  1.7218 28.0031
  5.0139  4.0649  0.9928  0.4932 37.2655
  5.3876  3.2350  0.9773  1.5403 28.3330
  4.6645  2.9888  0.9854  0.2598 25.7465
  5.0457  2.3998  0.9980  2.3687 19.7032
  5.4985  1.5915  0.9943  0.3059 11.8595
  5.5503  1.3798  0.9818  2.3412  9.9264
  6.1469  3.9929  0.9758  1.0489 36.4795
  5.6545  3.9688  0.9701  1.6171 36.2164
  5.4657  3.6625  0.9862  1.2592 32.8971
  5.2749  3.2503  0.9786  1.0972 28.4959
  5.1776  2.8846  0.9972  0.7287 24.6617
  4.7035  2.4447  0.9830  0.4156 20.1552
  6.0820  2.6007  0.9702  1.1689 21.7382
  5.3302  0.7903  0.9918  1.1658  4.9525
  5.0322  3.4341  0.9819  1.8523 30.4481
  5.8377  3.7875  0.9946  2.4258 34.2468
  4.7505  3.5900  0.9684  2.3599 32.1173
  5.0812  3.2830  0.9956  0.6994 28.8421
  4.6593  2.8393  0.9882  1.3002 24.1915
  5.2375  1.4114  0.9783  2.3184 10.2115
  4.7504  1.0936  0.9954  1.2679  7.4236
  5.1235  1.1420  0.9688  1.8533  7.8368
  5.1738  3.3276  0.9875  1.6307 29.3150
  5.0495  2.8564  0.9976  1.7607 24.3686
  5.9053  2.9208  0.9980  0.9394 25.0375
  4.9823  2.4457  0.9676  1.4543 20.1653
  5.3812  2.1654  0.9980  0.3466 17.3658
  5.2178  1.8839  0.9947  1.0152 14.6232
  4.9020  2.9409  0.9876  1.6881 25.2472
  5.3740  1.3417  0.9792  1.8599  9.5853
  5.6704  2.4842  0.9810  2.9312 20.5543
  5.2320  1.5119  0.9784  1.9723 11.1256
  4.3636  4.0635  0.9691  0.3311 37.2503
  4.8688  3.0611  0.9922  1.1808 26.5031
  5.3264  4.0839  0.9738  0.5326 37.4738
  5.1402  2.7199  0.9737  0.6345 22.9591
  5.7239  1.1904  0.9802  0.7802  8.2542
  4.8636  2.3989  0.9891  0.1988 19.6940
  5.0918  2.8047  0.9689  1.9874 23.8338
  4.7029  4.0689  0.9885  0.6075 37.3087
  4.5280  2.0363  0.9808  0.9217 16.0984
  6.3982  2.6260  0.9720  0.3672 21.9967
  5.4142  1.6709  0.9806  2.4489 12.6001
  5.1358  3.0529  0.9904  2.4514 26.4167
  4.6176  4.1317  0.9780  1.6552 37.9962
  4.7390  3.3617  0.9673  2.6497 29.6771
  4.6477  2.1685  0.9899  1.7958 17.3971
  4.2815  1.5613  0.9846  1.1626 11.5808
  4.9754  3.9734  0.9756  0.3976 36.2665
  4.2237  1.4169  0.9692  0.0758 10.2609
  4.8942  2.7224  0.9713  0.5055 22.9855
  6.2854  1.5017  0.9871  2.6432 11.0325
  5.9127  2.6753  0.9934  1.1847 22.5016
  5.0790  1.9347  0.9850  1.7328 15.1123
  4.4200  2.0080  0.9887  0.7560 15.8234
  5.1794  3.5148  0.9899  1.8383 31.3114
  4.2538  1.4386  0.9966  2.6061 10.4569
  5.1290  3.1265  0.9685  0.4676 27.1895
  5.5521  2.6061  0.9789  1.4449 21.7938
  5.4696  1.7673  0.9701  0.6245 13.5093
  4.6061  4.1875  0.9894  0.7479 38.6089
  4.6859  1.0804  0.9804  1.2377  7.3122
  5.6640  0.8274  0.9952  1.6893  5.2424
  5.1097  4.3100  0.9721  0.9987 39.9560
  5.4451  3.6099  0.9704  1.4766 32.3310
  5.2377  1.1802  0.9932  0.6993  8.1658
  3.7306  3.8860  0.9796  0.3878 35.3150
  5.6575  3.7293  0.9896  0.5927 33.6182
  4.9749  3.2000  0.9960  2.8798 27.9642
  5.4634  2.9284  0.9709  1.2629 25.1166
  4.2616  2.4382  0.9684  0.7957 20.0901
  6.0955  3.0571  0.9798  1.5825 26.4612
  4.8001  2.2285  0.9776  0.4563 17.9910
  4.2976  4.0143  0.9944  1.3849 36.7126
  6.1457  3.1257  0.9941  0.3151 27.1806
  4.0409  1.3292  0.9980  0.1146  9.4742
  5.2707  1.1305  0.9815  0.8919  7.7385
  5.0081  2.3274  0.9980  2.4282 18.9765
  4.8890  1.4254  0.9706  1.1700 10.3376
  5.0396  3.5996  0.9925  1.0960 32.2204
  5.1643  3.1829  0.9810  0.4710 27.7837
  5.1671  2.4516  0.9888  0.8911 20.2251
  4.7018  2.9212  0.9897  1.3628 25.0420
  6.0192  2.6654  0.9852  0.7890 22.4002
  5.2901  1.3665  0.9877  2.1159  9.8068
  4.5218  2.4009  0.9839  1.3813 19.7141
  4.7647  4.4095  0.9823  1.9457 41.0546
  6.0621  3.3217  0.9744  1.9944 29.2525
  5.6224  0.3713  0.9748  1.6412  1.9791
  4.7703  0.9963  0.9837  2.1121  6.6084
  5.3959  1.5192  0.9900  1.8180 11.1924
  5.8057  2.2184  0.9855  1.6278 17.8901
  4.4073  3.4571  0.9897  0.9078 30.6939
  5.6380  2.2615  0.9865  0.4366 18.3190
  6.1436  3.1476  0.9708  2.1909 27.4116
  5.1734  2.5582  0.9972  1.3116 21.3055
  4.8690  1.9958  0.9687  0.6747 15.7042
  5.2287  1.5477  0.9811  1.5400 11.4550
  5.7854  1.8073  0.9794  0.5354 13.8898
  4.4086  0.7468  0.9936  1.0820  4.6165
  4.3209  0.7143  0.9687  1.1429  4.3692
  4.0058  2.7080  0.9673  0.4532 22.8376
  5.7645  1.8416  0.9711  1.0869 14.2169
  5.4760  3.8105  0.9764  1.9663 34.4967
  6.3390  3.6501  0.9791  0.9255 32.7639
  4.9619  1.8108  0.9880  1.3958 13.9226
  4.8710  2.8812  0.9803  1.2443 24.6256
  4.1376  3.5042  0.9758  0.8107 31.1980
  3.5478  4.4209  0.9945  0.9562 41.1807
  4.7267  4.3413  0.9782  1.1607 40.3015
  4.3002  2.2966  0.9747  1.6798 18.6690
  6.0813  3.1267  0.9855  0.3344 27.1919
  5.4633  2.5276  0.9806  1.4472 20.9950
  4.3163  2.7546  0.9823  2.4620 23.3163
  4.4020  3.2806  0.9724  2.2197 28.8162
  5.6278  0.8682  0.9674  1.5539  5.5658
  4.9114  0.8324  0.9850  1.6588  5.2819
  4.8067  4.3085  0.9882  2.1901 39.9401
  4.9036  1.5682  0.9781  0.6977 11.6443
  5.3681  2.0847  0.9851  0.2415 16.5725
  5.7743  3.3634  0.9934  2.5283 29.6951
  5.4680  2.8846  0.9804  1.8844 24.6611
  4.2222  2.9269  0.9813  0.4304 25.1007
  5.2853  2.8015  0.9848  1.2170 23.8009
  4.6090  2.2139  0.9980  1.0873 17.8461
  5.1412  1.4851  0.9722  0.6039 10.8808
  6.4351  2.1621  0.9089  1.2077 17.3337
  4.8690  2.6849  0.9802  0.9123 22.6005
  5.2784  2.2601  0.9872  0.4962 18.3044
  5.0852  2.2989  0.9819  1.4403 18.6919
  4.9871  2.9848  0.9980  1.2589 25.7048
  4.2420  2.3071  0.9837  1.4965 18.7734
  5.2884  3.7347  0.9846  1.1294 33.6759
  4.4451  1.5091  0.9980  2.2256 11.1000
  5.1968  1.0885  0.9980  0.6471  7.3811
  5.2181  2.1159  0.9813  0.5490 16.8779
  3.5723  1.3032  0.9980  2.3043  9.2434
  4.4267  2.5407  0.9895  1.0680 21.1275
  5.4502  3.2522  0.9763  2.0422 28.5152
  4.5644  2.0463  0.9976  1.7518 16.1959
  5.4564  4.2382  0.9752  2.1574 39.1658
  4.7690  2.1604  0.9975  0.6534 17.3169
  6.3312  3.9163  0.9843  1.0363 35.6453
  6.2897  1.0393  0.9939  0.7265  6.9660
  5.0943  4.1761  0.9703  1.2656 38.4838
  4.3355  3.4893  0.9980  1.5032 31.0381
  4.4637  2.3642  0.9963  0.8152 19.3455
  5.1456  2.4712  0.9761  0.8614 20.4228
  4.3155  3.9301  0.9750  0.8667 35.7947
  5.4077  2.5298  0.9678  1.4288 21.0174
  4.7307  3.3928  0.9757  1.2265 30.0081
  5.1093  2.0443  0.9741  0.9998 16.1767
  4.4432  3.6033  0.9953  0.4904 32.2607
  4.0650  3.8325  0.9942  1.6833 34.7348
  5.2371  1.8455  0.9980  2.2063 14.2541
  4.5610  2.3273  0.9771  0.4626 18.9756
  4.9540  2.0940  0.9859  0.3829 16.6634
  4.2473  3.2156  0.9937  1.1501 28.1281
  4.2449  2.5971  0.9745  1.1869 21.7020
  5.2104  4.2193  0.9770  1.1222 38.9586
  5.2848  1.4566  0.9922  1.4300 10.6206
  5.1559  0.8723  0.9767  2.0337  5.5985
  5.2242  1.7753  0.9948  2.0606 13.5850
  5.4224  1.0560  0.9695  1.7333  7.1059
  5.6665  1.9602  0.9746  1.3751 15.3592
  5.2001  4.3675  0.9776  1.6820 40.5909
  4.0832  1.5170  0.9773  1.5175 11.1722
  4.6419  2.4166  0.9683  1.0548 19.8714
  4.9841  2.0919  0.9888  1.7652 16.6423
  4.3036  0.5929  0.9976  0.6963  3.4750
  4.2622  3.5124  0.9670  0.3226 31.2849
  4.1508  1.7586  0.9698  0.9847 13.4270
  5.2192  4.2292  0.9980  0.7637 39.0669
  5.3903  4.2710  0.9956  0.5094 39.5263
  4.9954  1.8212  0.9861  0.8156 14.0224
  5.3371  2.5593  0.9881  0.7100 21.3164
  5.0628  2.5121  0.9750  0.9820 20.8372
  6.0182  4.2391  0.9974  0.7978 39.1761
  4.8569  3.2857  0.9870  0.1615 28.8704
  5.8709  2.4153  0.9695  0.8167 19.8593
  4.0486  3.3390  0.9910  1.5082 29.4362
  5.7463  4.3335  0.9696  1.2204 40.2158
  4.8492  2.9874  0.9713  1.1002 25.7316
  5.2189  2.1865  0.9816  1.9804 17.5744
  5.0114  3.0562  0.9672  1.9143 26.4510
  4.9148  0.6661  0.9953  0.3596  4.0083
  4.6698  2.1754  0.9715  0.6731 17.4644
  4.8993  3.1840  0.9705  2.0712 27.7954
  5.8329  3.3209  0.9919  0.8867 29.2439
  4.8804  3.6299  0.9867  1.4935 32.5465
  5.2479  4.1122  0.9684  1.2736 37.7833
  5.6399  4.1101  0.9674  1.9393 37.7596
  5.4802  1.0473  0.9846  1.7198  7.0334
  5.0318  2.0459  0.9764  1.8479 16.1923
  4.3968  3.5084  0.9715  1.5629 31.2422
  5.5131  3.2072  0.9744  2.5904 28.0394
  4.2830  2.7129  0.9971  1.7120 22.8877
  5.0711  3.5891  0.9832  0.3927 32.1083
  4.7209  3.2215  0.9932  0.4704 28.1907
  3.9666  4.0670  0.9691  1.3181 37.2880
  5.2381  2.6303  0.9675  1.0842 22.0411
  4.8767  2.2022  0.9869  1.9815 17.7301
  4.7873  2.4660  0.9840  1.0789 20.3704
  4.8795  3.5761  0.9924  1.0563 31.9683
  4.8865  0.4064  0.9883  0.3817  2.2027
  5.4168  1.9164  0.9841  0.5596 14.9353
  5.5709  2.5079  0.9828  2.3128 20.7949
  5.1577  2.1486  0.9879  0.8688 17.2003
  3.5113  1.1380  0.9880  1.7663  7.8027
  4.4020  3.3502  0.9711  0.7436 29.5553
  4.9488  2.0002  0.9810  1.4735 15.7470
  5.5295  3.6429  0.9691  1.4286 32.6860
  3.7956  2.8916  0.9846  1.2660 24.7345
  4.3091  3.9756  0.9681  2.2723 36.2907
  4.8795  2.2405  0.9832  1.3495 18.1103
  4.9159  1.4499  0.9712  2.3434 10.5601
  4.9207  1.1501  0.9679  0.0909  7.9067
  5.1945  2.8732  0.9680  1.2331 24.5430
  5.0570  1.3028  0.9930  1.5022  9.2395
  5.2423  1.6714  0.9845  0.8089 12.6054
  4.1385  2.2267  0.9769  0.0463 17.9728
  5.1658  2.8487  0.9944  0.6185 24.2895
  5.2599  3.0771  0.9886  2.5519 26.6706
  5.8409  2.5004  0.9962  2.3549 20.7189
  4.9556  1.8264  0.9936  1.3875 14.0717
  4.8338  3.5295  0.9827  0.5411 31.4687
  4.2982  3.3244  0.9717  0.3207 29.2813
  4.7394  2.3131  0.9807  2.2606 18.8335
  4.2186  4.0121  0.9976  0.4805 36.6892
  5.2772  2.0711  0.9980  1.9358 16.4392
  6.0250  0.2946  0.9973  1.0745  1.5096
  4.9859  0.7209  0.9947  1.1002  4.4194
  4.6852  3.6452  0.9789  2.9061 32.7112
  4.7061  1.7965  0.9921  2.6774 13.7865
  5.1922  1.3533  0.9863  1.6234  9.6889
  5.9173  3.2224  0.9915  1.7036 28.2000
  5.3660  1.8519  0.9749  1.6952 14.3154
  4.4840  1.7352  0.9766  0.5750 13.2056
  3.6159  0.9125  0.9716  0.9764  5.9219
  5.5148  0.4196  0.9694  0.7803  2.2881
  4.6068  4.4972  0.9809  1.0818 42.0255
  3.9323  1.0088  0.9967  0.5696  6.7115
  4.4719  2.7818  0.9974  1.9634 23.5975
  5.2578  1.9582  0.9818  1.6007 15.3393
  4.2180  3.5589  0.9771  1.2245 31.7833
  5.6221  3.1673  0.9901  3.1112 27.6192
  5.1055  3.3578  0.9709  2.3190 29.6355
  4.9840  2.2884  0.9694  1.4878 18.5865
  5.2534  2.7818  0.9876  1.2750 23.5976
  5.5818  3.8584  0.9940  2.0477 35.0155
  4.8579  1.1977  0.9684  2.1240  8.3173
  5.7187  1.7283  0.9707  1.3890 13.1403
  5.2080  1.9480  0.9674  0.5750 15.2411
  4.5978  4.0600  0.9939  1.5765 37.2120
  5.4199  0.8430  0.9857  0.8365  5.3658
  3.7663  1.6471  0.9944  2.2847 12.3776
  5.1117  3.6953  0.9834  0.8235 33.2507
  5.1801  3.2145  0.9908  0.8527 28.1169
  5.5274  2.4906  0.9714  1.8529 20.6189
  5.1362  4.2574  0.9908  1.4761 39.3766
  5.0201  2.7983  0.9699  1.9303 23.7676
  4.7187  1.8458  0.9783  2.3351 14.2569
  5.2362  1.3297  0.9890  1.0032  9.4781
  5.7309  2.7522  0.9824  1.0189 23.2915
  4.8004  2.4200  0.9749  0.7859 19.9066
  5.4991  1.4614  0.9754  0.4438 10.6644
  5.5432  1.6418  0.9938  2.4388 12.3278
  4.9913  1.8945  0.9943  0.6668 14.7247
  5.2703  1.0892  0.9907  0.8110  7.3867
  5.2973  1.4154  0.9675  0.1881 10.2470
  5.3187  1.3623  0.9882  1.1638  9.7700
  4.2698  2.8981  0.9822  1.4773 24.8011
  5.0569  1.6675  0.9938  2.2998 12.5682
  3.6769  1.0920  0.9754  1.6953  7.4102
  4.0866  4.3351  0.9740  1.1565 40.2328
  4.8477  1.9306  0.9788  1.5427 15.0729
  4.3049  1.2684  0.9677  0.8076  8.9359
  4.9236  1.4266  0.9815  1.9865 10.3488
  5.2741  3.1702  0.9701  0.7280 27.6496
  4.7794  1.9930  0.9808  0.5594 15.6770
  5.1313  2.6001  0.9944  0.7468 21.7328
  4.0026  4.4401  0.9923  2.8063 41.3937
  4.9796  3.9206  0.9766  1.9186 35.6920
  3.6443  1.6996  0.9940  0.3674 12.8701
  3.5281  3.3300  0.9817  1.2995 29.3399
  4.3191  1.8652  0.9950  1.8438 14.4435
  4.3892  1.5167  0.9853  2.0181 11.1701
  4.9438  3.2426  0.9790  1.6886 28.4135
  4.7286  3.4665  0.9941  1.5849 30.7944
  5.2045  4.4971  0.9791  0.6224 42.0250
  5.4044  3.1423  0.9812  1.6795 27.3561
  6.3184  2.9044  0.9968  1.9500 24.8673
  5.7225  1.0276  0.9911  2.0013  6.8680
  5.5811  2.5472  0.9878  0.9068 21.1932
  5.2678  3.4495  0.9875  0.8846 30.6126
  5.8114  2.9900  0.9930  1.2558 25.7591
  5.7858  1.2290  0.9980  1.2317  8.5905
  5.5871  3.3407  0.9715  2.7347 29.4543
  4.4513  1.5948  0.9980  1.6431 11.8906
  4.9923  0.9015  0.9804  2.2738  5.8331
  6.0737  3.8831  0.9858  1.4650 35.2836
  5.0551  2.8773  0.9720  1.1956 24.5855
  3.9331  4.3483  0.9980  1.0500 40.3791
  3.6425  2.2453  0.9742  2.1172 18.1579
  5.2991  0.9380  0.9841  0.4714  6.1288
  4.3624  4.0912  0.9901  1.4072 37.5527
  5.3949  1.7408  0.9891  1.2516 13.2581
  6.0099  2.0041  0.9746  2.1798 15.7848
  4.9214  2.6953  0.9683  0.7434 22.7064
  5.0399  3.2746  0.9756  0.3538 28.7521
  5.2368  2.4291  0.9966  2.0065 19.9982
  5.0842  3.8980  0.9905  2.4015 35.4462
  5.0838  1.6295  0.9970  0.8577 12.2132
  4.6493  2.7562  0.9877  2.4955 23.3330
  5.3493  3.3901  0.9960  0.4525 29.9799
  5.2723  1.6858  0.9978  1.4638 12.7402
  5.3099  2.0827  0.9838  2.2986 16.5527
  5.1231  3.1799  0.9795  0.6371 27.7513
  4.6024  4.2093  0.9732  0.2254 38.8477
  3.8456  1.2944  0.9877  0.8499  9.1652
  5.4032  2.6220  0.9853  1.0290 21.9560
  4.8642  0.8097  0.9725  1.5019  5.1035
  4.6765  1.9500  0.9836  2.8385 15.2597
  5.7784  2.0172  0.9818  2.8291 15.9123
  5.5526  1.3429  0.9859  1.6262  9.5961
  5.4286  2.7750  0.9791  1.2089 23.5273
  5.4155  1.9590  0.9700  0.3939 15.3474
  6.0123  2.0076  0.9817  0.2890 15.8190
  6.4550  2.9974  0.9738  1.9389 25.8364
  4.4233  3.8414  0.9684  0.9686 34.8311
  5.1740  4.0216  0.9736  2.1941 36.7924
  4.9160  3.4110  0.9859  0.9492 30.2024
  5.4770  4.2398  0.9890  1.0883 39.1833
  5.4690  1.7263  0.9842  1.1609 13.1212
  4.9127  3.8896  0.9770  1.1472 35.3545
  4.5817  3.0105  0.9978  0.3359 25.9730
  5.0750  3.4149  0.9904  1.0344 30.2441
  5.2765  1.9987  0.9667  2.0640 15.7323
  4.3448  1.6012  0.9924  0.0390 11.9498
  5.1939  3.1797  0.9872  1.4946 27.7496
  5.1029  1.4870  0.9742  1.6294 10.8977
  5.1827  2.0076  0.9833  0.8212 15.8190
  4.9039  1.8789  0.9938  2.1587 14.5742
  4.6482  4.0615  0.9864  1.2949 37.2278
  5.1893  1.5602  0.9671  0.7639 11.5704
  5.6510  2.0291  0.9939  0.6615 16.0283
  4.8879  1.8832  0.9760  1.2898 14.6158
  5.3796  3.2904  0.9927  2.3663 28.9199
  5.4559  3.8174  0.9787  0.9703 34.5710
  6.3893  3.9251  0.9574  0.2306 35.7409
  4.9529  3.9084  0.9842  0.4495 35.5591
  5.5794  1.7487  0.9920  0.6983 13.3334
  5.1108  3.9385  0.9864  0.1582 35.8862
  5.5719  2.8711  0.9803  0.8537 24.5217
  4.5008  3.5547  0.9734  2.5764 31.7388
  5.6613  1.8792  0.9824  1.6720 14.5773
  4.3305  4.4938  0.9733  2.0319 41.9886
  5.2546  2.7570  0.9770  1.2901 23.3414
  5.3158  3.0954  0.9972  1.9170 26.8621
  5.4567  2.5702  0.9722  1.5513 21.4282
  4.4459  1.3901  0.9672  2.2741 10.0189
  4.8881  2.7801  0.9960  0.5173 23.5793
  5.0416  4.2939  0.9980  1.1669 39.7793
  4.4620  0.6874  0.9811  1.7950  4.1670
  5.4934  3.4860  0.9889  0.7464 31.0033
  5.2503  3.6648  0.9865  0.4172 32.9217
  4.7594  2.2344  0.9686  2.3285 18.0492
  5.7477  2.4899  0.9924  0.7722 20.6128
  4.0004  2.7213  0.9774  2.6242 22.9737
  3.7887  4.0691  0.9859  1.1202 37.3118
  5.5964  1.5941  0.9980  1.0608 11.8842
  5.0154  1.8978  0.9941  0.4903 14.7563
  5.7620  3.9600  0.9898  0.5011 36.1205
  5.8437  4.2649  0.9881  0.9560 39.4597
  5.1174  3.6120  0.9980  1.5942 32.3541
  5.2276  1.8068  0.9745  1.4315 13.8853
  4.8170  3.3129  0.9727  0.2012 29.1591
  5.0447  2.9930  0.9923  0.6969 25.7899
  4.7469  3.9715  0.9976  2.2621 36.2459
  6.0011  3.1512  0.9745  2.2697 27.4495
  4.6814  1.0663  0.9923  1.0143  7.1930
  4.9799  1.8927  0.9831  1.4232 14.7072
  4.9324  1.6681  0.9980  0.8278 12.5743
  5.4273  2.6594  0.9909  2.6657 22.3391
  5.4178  4.0948  0.9950  0.5495 37.5923
  4.7847  2.1773  0.9751  1.6318 17.4833
  5.1777  2.7821  0.9930  2.3950 23.6002
  4.3307  3.5538  0.9921  0.3984 31.7294
  4.3479  2.8040  0.9843  2.5126 23.8266
  4.7557  1.8028  0.9941  2.6517 13.8473
  5.2789  1.4896  0.9847  1.7504 10.9216
  5.8084  3.3505  0.9919  1.2818 29.5579
  3.6624  4.1707  0.9725  2.4283 38.4238
  5.4760  4.0241  0.9863  1.4437 36.8200
  5.5895  4.2984  0.9969  1.3947 39.8285
  5.8951  3.3839  0.9928  1.8723 29.9137
  4.5905  1.2522  0.9914  1.1029  8.7932
  4.3835  2.6772  0.9878  0.1835 22.5209
  4.4384  3.6813  0.9741  1.8756 33.1001
  5.1066  3.7010  0.9980  0.2048 33.3124
  5.1586  4.1643  0.9959  1.2298 38.3544
  4.6926  3.1597  0.9776  0.5718 27.5392
  3.5492  3.6296  0.9949  0.6932 32.5432
  4.8306  0.7523  0.9866  1.4304  4.6583
  5.1587  3.1576  0.9980  2.0716 27.5164
  5.2982  2.3356  0.9750  0.6506 19.0584
  5.2775  4.0942  0.9872  1.1377 37.5855
  4.9349  4.3622  0.9953  1.4838 40.5324
  5.1599  2.0655  0.9729  1.5394 16.3840
  4.5346  2.4858  0.9749  2.4342 20.5713
  6.1924  1.8330  0.9834  0.2474 14.1347
  5.2726  1.8711  0.9944  1.6194 14.4995
  4.8577  2.1892  0.9918  1.3710 17.6008
  4.5808  2.8229  0.9730  0.5866 24.0222
  4.8352  2.0772  0.9805  1.2647 16.4986
  4.9373  2.9354  0.9765  1.2837 25.1890
  5.6423  1.1426  0.9748  2.5754  7.8424
  5.7977  3.7828  0.9875  0.6378 34.1959
  5.6024  4.4245  0.9936  0.1731 41.2203
  5.2209  3.2974  0.9706  2.7517 28.9944
  4.7725  2.7107  0.9743  1.4129 22.8647
  4.8866  2.2736  0.9683  0.1750 18.4389
  4.9139  4.2291  0.9833  0.2877 39.0663
  4.8855  3.1106  0.9714  2.4910 27.0219
  3.8938  2.4337  0.9847  0.2859 20.0441
  5.7639  3.5484  0.9841  1.7757 31.6716
  5.3078  4.3380  0.9768  1.1483 40.2657
  4.7549  1.1754  0.9849  0.8739  8.1242
  4.9059  1.3002  0.9846  1.4016  9.2167
  5.2003  2.6031  0.9741  2.4441 21.7629
  5.3352  1.1029  0.9935  1.2995  7.5030
  5.2291  2.1453  0.9918  1.7499 17.1679
  4.6040  2.4366  0.9912  0.3411 20.0736
  5.2727  3.4317  0.9966  0.7218 30.4232
  3.6564  0.8150  0.9880  0.7403  5.1451
  4.8719  3.3152  0.9891  2.3643 29.1828
  5.0683  1.7469  0.9980  0.6136 13.3165
  5.4112  1.7388  0.9866  1.8965 13.2399
  5.1511  3.7416  0.9796  2.2383 33.7503
  5.1947  1.1362  0.9914  1.7377  7.7875
  5.3401  2.5159  0.9772  1.9587 20.8758
  4.3048  2.0108  0.9853  0.7381 15.8502
  5.3280  1.3811  0.9980  1.2506  9.9385
  6.8744  3.1815  0.4512  1.7538 27.7687
  4.7769  3.1301  0.9865  2.0447 27.2273
  5.2933  0.6331  0.9961  1.2249  3.7654
  5.2236  2.2260  0.9980  1.4372 17.9658
  4.5305  3.2613  0.9961  1.6590 28.6119
  5.2792  1.4797  0.9813  1.7340 10.8307
  4.7085  3.2609  0.9952  1.6820 28.6075
  4.8825  3.0556  0.9980  0.7973 26.4451
  5.8695  3.4119  0.9861  0.3184 30.2121
  4.8295  2.9081  0.9676  0.8388 24.9054
  3.8612  4.4513  0.9937  0.8812 41.5177
  4.7077  3.2332  0.9879  1.7788 28.3147
  5.2010  0.9049  0.9706  1.5320  5.8606
  4.7184  4.0213  0.9865  1.7120 36.7886
  5.0544  3.2390  0.9815  2.4923 28.3763
  5.6117  2.1854  0.9980  0.9841 17.5641
  5.1372  1.4510  0.9680  2.9217 10.5696
  3.6234  2.2564  0.9674  1.0913 18.2676
  5.0815  1.3317  0.9792  0.3630  9.4967
  4.8151  2.6561  0.9942  1.0889 22.3053
  5.6295  3.9743  0.9773  1.5385 36.2765
  4.7859  1.7307  0.9876  0.8400 13.1630
  4.9891  1.8664  0.9906  0.5269 14.4549
  4.8060  2.5436  0.9877  1.0978 21.1566
  3.8115  2.6650  0.9853  2.1786 22.3958
  4.4899  4.2936  0.9893  1.5255 39.7761
  5.1683  2.6384  0.9692  0.8334 22.1239
  4.7311  2.1160  0.9726  0.4490 16.8794
  5.3515  0.4290  0.9824  0.9395  2.3495
  4.8900  0.7660  0.9531  0.9042  4.7642
  5.2849  4.0515  0.9938  0.6834 37.1187
  4.4442  1.5245  0.9748  1.0668 11.2409
  5.1107  3.9263  0.9896  0.6463 35.7533
  3.8541  3.3749  0.9923  1.5617 29.8179
  4.7928  2.3339  0.9722  1.7747 19.0416
  4.4683  2.7772  0.9745  1.1228 23.5498
  4.7834  2.3085  0.9962  2.0642 18.7875
  5.7210  2.3040  0.9874  1.4575 18.7422
  4.7597  3.1666  0.9932  1.7060 27.6112
  5.3445  2.2190  0.9804  1.3443 17.8963
  5.2779  2.1778  0.9730  1.3753 17.4885
  4.9965  3.5140  0.9728  1.5538 31.3027
  5.3070  1.8564  0.9763  0.8136 14.3586
  4.1707  2.3713  0.9770  1.6829 19.4167
  4.5225  3.5777  0.9743  2.2595 31.9851
  6.3693  2.0743  0.9795  1.8716 16.4700
  4.7775  2.0107  0.9759  1.8287 15.8490
  5.1583  4.2611  0.9761  1.0620 39.4179
  5.0520  2.3328  0.9667  0.9140 19.0301
  5.6167  0.2908  0.9795  0.9737  1.4875
  4.3776  3.6228  0.9980  1.7028 32.4706
  5.2922  2.5758  0.9980  2.0659 21.4847
  4.7273  1.8224  0.9898  1.1297 14.0333
  4.3769  1.2057  0.9955  0.3939  8.3867
  5.0273  2.5151  0.9962  0.2371 20.8676
  5.1006  1.3846  0.9668  2.5041  9.9697
  4.9543  3.3502  0.9946  1.3995 29.5549
  3.8716  2.6251  0.9931  1.1665 21.9876
  5.3706  2.7580  0.9670  1.8786 23.3515
  5.4537  0.4620  0.9816  1.0981  2.5673
  5.4362  3.7175  0.9906  1.9917 33.4907
  4.6341  2.4310  0.9947  2.3975 20.0169
  4.3437  2.6413  0.9952  2.0048 22.1538
  5.1666  2.3283  0.9754  1.9124 18.9857
  5.2465  1.6783  0.9689  1.0394 12.6700
  5.0803  3.8446  0.9957  1.8644 34.8662
  5.0919  1.9942  0.9757  0.6564 15.6888
  4.0480  1.1577  0.9842  1.0302  7.9721
  5.3637  2.2893  0.9709  2.3280 18.5958
  4.7064  2.9106  0.9894  0.1980 24.9315
  4.8356  1.4627  0.9699  1.6036 10.6764
  4.8506  0.8727  0.9680  1.7883  5.6023
  5.0962  2.7844  0.9814  0.3208 23.6243
  3.7995  2.2451  0.9677  0.7301 18.1555
  4.3906  2.3203  0.9740  2.2660 18.9055
  4.0256  2.2272  0.9923  2.4006 17.9781
  4.2531  1.6586  0.9777  2.9495 12.4853
  3.9239  1.8113  0.9911  1.3725 13.9278
  4.8810  4.0657  0.9908  2.0393 37.2740
  5.3312  2.5033  0.9795  1.1778 20.7478
  5.1285  4.3651  0.9832  1.3528 40.5641
  4.7802  3.0989  0.9687  1.0197 26.8996
  5.2031  3.0409  0.9873  1.2928 26.2914
  4.5135  2.1091  0.9931  0.9306 16.8112
  5.2043  0.9746  0.9754  1.8245  6.4293
  4.9297  1.5576  0.9964  1.2520 11.5461
  4.2767  1.0744  0.9980  0.1791  7.2618
  4.4482  1.5813  0.9768  1.0410 11.7656
  5.7000  2.1262  0.9918  1.2065 16.9792
  5.1669  2.4747  0.9794  1.6406 20.4585
  5.6953  1.2426  0.9825  0.3981  8.7094
  5.6350  3.5218  0.9799  2.5615 31.3856
  4.9414  3.1858  0.9683  1.6139 27.8136
  5.5580  2.6900  0.9887  1.4217 22.6527
  5.3076  1.1825  0.9952  0.5836  8.1856
  5.3285  1.6567  0.9965  1.0143 12.4670
  4.5909  3.1180  0.9970  2.6748 27.0998
  3.8441  1.7486  0.9949  1.7568 13.3321
  4.8944  1.5958  0.9862  0.4203 11.9001
  5.2628  1.0583  0.9704  0.8099  7.1255
  4.4736  1.9208  0.9685  2.3215 14.9777
  5.0065  1.8373  0.9866  1.3111 14.1760
  4.3818  3.9112  0.9775  1.5407 35.5892
  5.1191  0.9638  0.9750  2.2451  6.3404
  5.1771  2.9574  0.9923  2.2093 25.4192
  6.0344  4.4605  0.9939  1.1123 41.6192
  5.0077  4.0993  0.9679  2.5292 37.6416
  4.1573  4.4584  0.9959  1.2287 41.5955
  5.2833  2.0452  0.9894  1.2732 16.1860
  6.0943  1.6002  0.9963  1.4791 11.9411
  5.4099  2.4745  0.9718  1.0660 20.4567
  3.7579  0.9719  0.9839  1.8173  6.4068
  5.0759  3.4625  0.9687  1.8747 30.7514
  5.1244  2.1165  0.9980  2.4733 16.8843
  4.7841  2.9573  0.9919  0.7858 25.4178
  4.2062  2.8910  0.9931  2.8876 24.7276
  6.3156  2.9841  0.9885  0.7267 25.6976
  4.8812  4.4544  0.9861  1.2348 41.5518
  4.7080  3.9765  0.9801  1.0721 36.2999
  4.9663  1.0355  0.9821  2.9978  6.9343
  4.6537  2.9707  0.9748  2.0784 25.5570
  5.2561  1.1799  0.9773  0.5164  8.1634
  5.6297  1.3745  0.9721  1.4083  9.8792
  3.5697  3.7795  0.9945  0.8137 34.1609
  5.1604  2.6975  0.9933  0.8546 22.7297
  5.0398  0.5169  0.9911  1.2629  2.9406
  4.9859  0.5087  0.9980  1.8133  2.8840
  4.1832  3.1142  0.9707  2.1291 27.0596
  4.8067  2.9757  0.9725  1.2955 25.6097
  4.7757  2.2488  0.9753  1.4752 18.1922
  5.1920  1.0249  0.9714  0.8650  6.8457
  5.8980  0.6110  0.9524  2.6318  3.6054
  3.8874  2.7967  0.9920  0.2185 23.7510
  5.4495  4.1272  0.9840  2.1186 37.9479
  4.7267  2.8123  0.9918  1.1738 23.9121
  4.0627  2.9748  0.9948  1.0439 25.5999
  4.9775  1.6384  0.9861  1.5983 12.2963
  4.2956  2.1261  0.9980  2.0136 16.9782
  5.4344  3.2860  0.9687  2.9699 28.8731
  6.0519  3.5540  0.9852  0.3744 31.7312
  4.1132  3.2220  0.9980  1.3360 28.1963
  4.3983  2.8450  0.9777  0.7220 24.2502
  5.8178  2.8164  0.9897  0.5637 23.9548
  4.8471  3.1569  0.9724  0.7731 27.5089
  4.9020  4.1408  0.9757  0.6053 38.0968
  5.2214  3.1630  0.9823  1.1385 27.5737
  4.2650  3.5153  0.9734  1.1049 31.3168
  4.8544  1.5233  0.9876  1.5549 11.2300
  5.1215  3.8980  0.9784  2.0591 35.4464
  5.2907  3.5305  0.9825  1.7404 31.4788
  5.4513  3.5675  0.9980  2.2203 31.8764
  5.1435  2.4006  0.9980  1.6252 19.7104
  6.3352  1.8984  0.9790  0.1211 14.7620
  4.9779  1.7133  0.9976  0.8551 12.9991
  4.4198  1.0092  0.9826  1.8933  6.7149
  5.1731  3.6234  0.9769  2.3618 32.4767
  5.2875  1.9240  0.9735  0.6713 15.0087
  5.2298  4.3431  0.9746  1.5186 40.3214
  3.9417  1.5310  0.9852  1.4479 11.3011
  4.7370  2.7898  0.9926  1.9465 23.6796
  5.3309  4.1940  0.9857  0.4485 38.6803
  4.9779  4.2829  0.9941  0.2615 39.6573
  5.2834  3.1870  0.9738  1.8171 27.8272
  5.2843  3.1868  0.9973  1.1062 27.8244
  5.2914  3.7041  0.9976  2.3761 33.3460
  5.3975  2.4166  0.9914  1.0913 19.8723
  5.2208  4.3448  0.9757  1.4020 40.3403
  4.8259  2.5179  0.9968  1.8337 20.8957
  5.2859  4.1643  0.9910  1.2467 38.3547
  4.9265  1.7230  0.9796  2.2170 13.0902
  3.7807  2.5202  0.9884  0.8243 20.9195
  4.1264  3.4375  0.9849  1.7220 30.4848
  3.9975  2.2239  0.9742  1.4637 17.9455
  5.5213  2.1466  0.9749  1.1363 17.1808
  5.2418  1.1236  0.9959  0.7264  7.6795
  4.7012  1.2469  0.9782  2.1615  8.7468
  5.0421  4.3094  0.9911  1.8746 39.9495
  3.8348  4.0979  0.9708  0.5812 37.6268
  4.9784  2.8559  0.9829  2.0489 24.3637
  4.0767  1.7434  0.9700  0.4002 13.2830
  5.1266  3.4130  0.9899  2.7707 30.2236
  5.3752  3.0331  0.9837  0.3822 26.2098
  4.0492  1.0913  0.9898  1.0726  7.4047
  5.4719  4.3919  0.9859  1.4855 40.8607
  6.0780  1.5392  0.9708  0.7801 11.3770
  4.4538  3.7625  0.9949  1.2728 33.9769
  4.8084  2.1922  0.9757  1.9045 17.6306
  5.8130  4.0568  0.9815  1.7409 37.1773
  5.0541  2.1568  0.9696  1.8011 17.2814
  4.4836  2.4528  0.9771  0.6688 20.2369
  5.5796  3.4517  0.9908  0.7615 30.6364
  4.9368  2.7951  0.9734  2.0342 23.7350
  5.1398  0.9339  0.9758  0.8416  6.0960
  3.9389  1.7322  0.9824  0.5500 13.1768
  5.8957  1.0617  0.9942  0.1713  7.1547
  5.2149  2.6608  0.9717  0.8188 22.3530
  4.8049  3.2694  0.9980  1.8571 28.6971
  4.3104  4.3269  0.9929  1.8390 40.1428
  4.8641  2.4713  0.9749  1.1077 20.4238
  4.9329  3.0662  0.9954  2.7151 26.5558
  5.1031  1.3198  0.9965  1.0360  9.3901
  5.7481  2.4140  0.9670  2.5318 19.8460
  4.4106  1.8698  0.9699  1.3069 14.4871
  5.0347  2.0308  0.9980  1.0716 16.0454
  4.3857  2.6352  0.9797  0.8837 22.0908
  5.4253  2.0231  0.9883  2.2564 15.9696
  4.1102  1.5303  0.9923  0.6723 11.2948
  5.7690  2.4805  0.9791  0.9453 20.5170
  4.9031  3.0622  0.9771  2.0815 26.5140
  4.2531  2.1356  0.9914  0.5188 17.0722
  5.9582  1.9148  0.9696  2.0143 14.9197
  4.8941  1.6819  0.9767  0.9910 12.7036
  4.0794  3.1519  0.9936  0.4967 27.4567
  5.4450  2.6238  0.9674  0.2872 21.9742
  5.4494  2.7739  0.9821  1.9732 23.5155
  5.1898  1.9299  0.9672  1.2295 15.0655
  4.4559  2.3060  0.9760  1.5495 18.7624
  5.7857  3.6119  0.9914  2.7355 32.3531
  5.2108  3.9603  0.9966  2.7490 36.1241
  5.0389  2.7336  0.9714  0.1432 23.1002
  5.1696  0.5476  0.9976  0.6217  3.1539
  4.0278  2.5313  0.9773  0.3341 21.0318
  5.2601  2.4418  0.9843  2.1706 20.1264
  4.4613  1.7793  0.9875  0.9257 13.6237
  5.2656  4.0806  0.9862  1.8100 37.4373
  4.7903  1.3630  0.9848  2.3901  9.7761
  5.0833  2.0974  0.9872  1.4344 16.6968
  4.5093  3.1177  0.9725  1.4596 27.0969
  3.6675  3.9628  0.9946  1.9882 36.1507
  5.2298  2.8595  0.9813  2.2726 24.4014
  5.3951  2.0337  0.9856  1.8842 16.0729
  4.2875  3.8353  0.9842  1.1007 34.7654
  6.2649  3.9836  0.9703  1.4692 36.3780
  4.7785  1.5567  0.9753  1.5690 11.5379
  5.4212  3.6425  0.9945  1.8603 32.6819
  5.4808  3.7663  0.9735  2.4570 34.0173
  5.3945  1.2592  0.9869  0.5339  8.8548
  5.2030  1.9737  0.9705  0.8823 15.4893
  4.6624  1.6235  0.9952  0.5104 12.1573
  5.3167  2.0830  0.9853  2.0194 16.5549
  6.2617  1.2764  0.9904  1.1689  9.0060
  5.5798  1.3564  0.9798  1.0561  9.7166
  5.0101  2.4961  0.9980  1.9696 20.6753
  4.5250  0.5964  0.9726  0.7581  3.5002
  5.5934  2.2838  0.9978  0.7079 18.5413
  5.2026  2.2497  0.9718  0.9313 18.2011
  5.3967  3.8265  0.9884  1.3977 34.6698
  5.1101  2.4405  0.9742  2.0126 20.1129
  5.1998  1.5492  0.9748  0.1385 11.4685
  3.9818  2.0599  0.9679  0.6898 16.3296
  6.1159  4.2293  0.9954  0.8770 39.0675
  4.4191  3.7771  0.9969  2.1478 34.1347
  4.7005  3.3280  0.9762  0.6233 29.3188
  4.8988  1.6404  0.9903  1.2095 12.3154
  5.2263  3.6950  0.9860  1.4183 33.2479
  5.2249  0.8100  0.9786  0.9403  5.1058
  4.9802  2.1773  0.9905  1.4221 17.4834
  3.7741  0.7006  0.9897  0.1833  4.2659
  4.2177  2.1973  0.9804  0.8063 17.6815
  5.5945  2.5507  0.9779  2.3421 21.2295
  4.8726  3.4429  0.9889  0.8843 30.5423
  5.5320  1.4802  0.9864  2.4878 10.8355
  6.2858  2.4820  0.9839  2.8634 20.5325
  5.0403  2.1826  0.9724  0.5667 17.5360
  4.1322  2.7897  0.9841  2.0508 23.6790
  5.5193  2.4361  0.9929  0.2680 20.0685
  5.0783  4.4392  0.9841  1.8941 41.3832
  5.2033  0.5242  0.9950  0.7912  2.9907
  5.2059  4.1003  0.9694  0.9241 37.6531
  5.2499  3.0490  0.9853  1.9214 26.3754
  4.8865  0.7689  0.9870  2.1546  4.7865
  4.3607  1.4626  0.9682  1.9698 10.6751
  4.5008  0.7550  0.9950  0.4367  4.6793
  5.2573  2.5917  0.9675  1.6437 21.6466
  5.5690  3.5172  0.9705  1.6292 31.3370
  3.9705  1.8721  0.9980  2.4140 14.5091
  5.4218  2.6754  0.9913  2.7934 22.5028
  5.2205  1.7138  0.9962  1.2577 13.0033
  5.2662  4.4353  0.9884  0.7139 41.3406
  5.5907  3.1648  0.9739  1.7438 27.5921
  4.3059  3.9130  0.9675  0.7767 35.6095
  5.5722  4.1048  0.9736  1.2647 37.7015
  4.8018  3.3167  0.9713  0.6457 29.1992
  6.2359  2.4609  0.9780  1.0466 20.3190
  5.2586  1.5938  0.9974  1.4298 11.8816
  4.2948  3.9995  0.9796  0.4447 36.5513
  4.7323  4.3961  0.9831  1.1977 40.9062
  4.4041  0.9858  0.9699  0.5340  6.5211
  5.5964  1.8807  0.9770  1.9304 14.5924
  4.5957  2.6238  0.9870  1.8155 21.9745
  4.7255  2.6085  0.9806  1.5155 21.8179
  4.8263  3.6051  0.9936  1.3779 32.2793
  3.5833  0.8897  0.9980  0.8860  5.7382
  6.1852  4.2888  0.9857  2.1610 39.7227
  5.1744  1.0516  0.9961  0.8677  7.0696
  4.7283  3.4651  0.9772  1.1648 30.7790
  5.6439  4.2326  0.9793  1.7802 39.1047
  4.8114  1.7934  0.9808  0.5522 13.7571
  6.2938  2.8042  0.9754  1.3520 23.8281
  4.2522  1.2224  0.9979  1.8397  8.5325
  4.8276  2.3904  0.9691  1.3228 19.6086
  5.0508  2.9427  0.9820  0.7460 25.2656
  5.2392  2.0836  0.9934  0.6956 16.5613
  4.8114  3.6959  0.9680  1.1676 33.2573
  5.4912  0.9434  0.9925  1.6368  6.1735
  5.4317  2.3711  0.9836  0.1969 19.4146
  5.1630  4.0937  0.9980  1.5632 37.5803
  4.9797  1.2992  0.9688  1.5898  9.2078
  4.9749  2.7811  0.9791  0.9223 23.5901
  5.4852  2.0587  0.9913  1.3657 16.3175
  5.0296  3.9295  0.9908  1.6959 35.7882
  5.1539  2.4621  0.9702  1.0079 20.3309
  5.6841  2.1683  0.9934  2.2998 17.3949
  4.8981  0.8840  0.9979  1.7335  5.6926
  5.1035  4.1283  0.9941  2.4279 37.9599
  5.7480  3.5052  0.9939  1.1009 31.2085
  4.7156  2.8499  0.9919  1.5642 24.3011
  5.4862  2.0185  0.9874  0.8961 15.9248
  4.5597  3.7018  0.9961  1.9858 33.3205
  5.0580  4.1718  0.9811  0.7394 38.4366
  4.3104  3.5183  0.9690  2.1651 31.3484
  5.7475  1.1156  0.9979  0.6062  7.6109
  5.0600  3.2049  0.9926  2.2227 28.0159
  5.2395  3.2359  0.9687  1.6116 28.3428
  5.4826  4.3358  0.9956  1.5430 40.2408
  5.1844  1.6593  0.9899  0.4234 12.4915
  4.8858  1.8063  0.9822  2.1439 13.8805
  3.6669  0.6924  0.9913  0.4510  4.2045
  5.3562  1.4442  0.9818  2.1507 10.5077
  5.2307  3.6076  0.9902  1.5654 32.3065
  5.0291  2.9468  0.9676  2.6813 25.3080
  4.9112  2.7487  0.9977  1.2316 23.2563
  6.1690  3.8658  0.9980  1.8262 35.0956
  5.3484  0.7180  0.9951  2.7410  4.3971
  3.9361  2.9052  0.9823  1.1375 24.8754
  6.0913  3.3357  0.9732  2.4940 29.4004
  5.7551  3.2918  0.9769  1.3839 28.9346
  4.5244  3.2079  0.9880  2.1950 28.0476
  4.2899  2.0479  0.9713  0.1976 16.2124
  4.3425  2.4947  0.9887  1.2512 20.6604
  4.9069  3.1458  0.9939  1.3986 27.3920
  5.1583  2.8021  0.9904  1.8749 23.8068
  3.5246  2.4382  0.9974  0.8921 20.0900
  5.1369  1.7540  0.9689  1.7775 13.3829
  4.7370  3.1197  0.9821  1.1677 27.1175
  5.6583  3.0087  0.9761  0.3776 25.9543
  4.1740  3.1781  0.9909  1.3417 27.7327
  5.4798  2.5637  0.9808  1.9134 21.3618
  4.2789  4.2907  0.9939  1.4735 39.7432
  5.0712  1.2320  0.9755  0.5572  8.6163
  5.3726  2.7786  0.9960  2.2958 23.5646
  4.9438  3.7316  0.9748  2.0304 33.6427
  4.2913  2.7909  0.9783  0.3595 23.6909
  4.1053  3.8056  0.9956  2.2449 34.4431
  4.8650  1.8792  0.9683  1.4730 14.5771
  5.9215  3.0151  0.9976  0.2235 26.0211
  5.1968  3.6599  0.9763  1.0630 32.8699
  4.3549  1.5350  0.9838  0.6362 11.3377
  5.2930  2.8638  0.9678  1.8779 24.4450
  5.1726  4.3621  0.9862  1.1378 40.5315
  4.6639  1.7707  0.9933  0.7694 13.5415
  5.7917  0.9470  0.9980  1.3194  6.2026
  4.2760  2.9953  0.9744  0.0841 25.8145
  4.4684  0.7978  0.9713  0.7762  5.0106
  5.2766  1.7873  0.9710  1.8566 13.6989
  4.5957  4.0729  0.9862  1.6659 37.3524
  5.1364  0.9620  0.9825  1.8190  6.3254
  5.2408  1.6405  0.9740  1.8448 12.3156
  5.1187  3.0170  0.9676  1.2257 26.0409
  4.5979  0.7431  0.9789  2.0369  4.5882
  5.1063  3.0042  0.9980  0.4570 25.9071
  5.1387  1.9194  0.9681  0.2772 14.9642
  5.3704  0.7737  0.9952  1.3859  4.8232
  5.1920  3.4874  0.9791  0.8939 31.0179
  4.3539  2.7026  0.9677  0.5118 22.7819
  4.4193  3.4568  0.9687  1.8567 30.6904
  5.1401  3.2002  0.9869  2.3904 27.9659
  5.4222  3.1403  0.9858  2.0885 27.3341
  5.3128  1.6071  0.9886  2.0008 12.0052
  4.9851  3.1122  0.9669  1.0198 27.0394
  5.8516  2.1334  0.9781  2.8118 17.0508
  5.2051  1.9438  0.9899  0.9069 15.2004
  3.9262  4.1431  0.9769  1.4662 38.1214
  5.6930  4.2463  0.9925  2.7592 39.2555
  4.9483  3.1396  0.9938  1.2670 27.3272
  5.6491  2.9437  0.9790  2.3011 25.2760
  5.3538  1.2821  0.9812  1.1657  9.0568
  4.9765  1.2261  0.9833  0.8687  8.5651
  5.4174  1.7053  0.9953  0.8298 12.9237
  5.4502  0.7908  0.9672  1.3377  4.9563
  5.0052  1.4571  0.9727  1.1733 10.6251
  5.8265  3.9970  0.9813  1.0635 36.5241
  4.8288  2.1376  0.9847  0.4932 17.0919
  5.4989  3.7541  0.9980  2.2612 33.8856
  5.4372  3.5265  0.9728  0.6254 31.4366
  4.5553  3.1275  0.9715  0.7273 27.1995
  6.2550  2.3472  0.9823  1.9237 19.1750
  5.4392  4.2816  0.9829  1.0119 39.6438
  5.4285  4.3737  0.9837  0.3843 40.6589
  5.2885  3.6343  0.9816  1.6501 32.5940
  4.5306  2.9093  0.9968  1.3023 24.9179
  6.4093  3.8336  0.8725  1.1683 34.7465
  3.7649  2.8735  0.9780  1.1184 24.5461
  5.1344  2.1874  0.9872  0.8297 17.5836
  5.2335  4.2815  0.9785  1.3680 39.6423
  4.5686  4.0534  0.9832  0.3664 37.1397
  5.4155  3.9070  0.9972  1.5541 35.5435
  4.4988  4.2871  0.9956  0.3340 39.7041
  4.8649  4.2794  0.9801  0.5832 39.6196
  5.2274  1.2571  0.9913  1.3398  8.8364
  4.1734  2.9645  0.9774  2.5732 25.4931
  5.1452  2.5623  0.9980  1.1278 21.3476
  4.7756  2.9137  0.9980  1.6580 24.9634
  4.5509  2.7584  0.9775  0.6431 23.3560
  4.1996  3.0968  0.9831  0.6557 26.8773
  5.6625  3.0742  0.9946  1.2084 26.6397
  5.0049  1.3276  0.9846  2.1746  9.4597
  5.2277  1.0180  0.9724  0.9978  6.7881
  4.8552  2.5766  0.9715  0.3668 21.4934
  4.5537  0.2956  0.9943  0.5211  1.5159
  5.4559  2.5611  0.9819  0.6371 21.3348
  4.0788  1.5653  0.9927  0.2293 11.6174
  5.1539  2.5455  0.9669  0.4708 21.1765
  5.2536  1.7313  0.9808  2.3672 13.1684
  5.1660  3.5579  0.9742  0.4864 31.7732
  5.7490  2.6724  0.9929  1.1282 22.4716
  5.6918  2.9725  0.9815  1.1301 25.5762
  5.0583  3.8375  0.9680  1.5718 34.7888
  5.4253  2.4360  0.9731  1.3531 20.0674
  4.5442  0.8854  0.9933  2.4528  5.7034
  4.7052  3.3290  0.9880  1.6163 29.3295
  3.6740  1.1642  0.9764  1.7165  8.0276
  4.4833  2.5182  0.9813  1.2072 20.8995
  5.0244  3.2099  0.9980  1.0968 28.0685
  4.8462  1.1277  0.9980  1.7924  7.7146
  5.0327  2.9158  0.9864  1.3449 24.9860
  3.7869  3.5732  0.9822  1.5068 31.9367
  5.1566  1.8326  0.9775  1.1219 14.1311
  4.7002  3.7625  0.9921  1.4593 33.9773
  4.0678  3.0360  0.9807  1.5208 26.2396
  5.0247  1.4369  0.9900  0.1466 10.4417
  6.5388  1.6725  0.8960  0.3092 12.6152
  5.3335  1.7897  0.9713  1.2196 13.7226
  4.8822  4.2286  0.9948  0.8422 39.0605
  5.5027  2.8372  0.9843  0.8992 24.1698
  4.8945  0.9100  0.9826  1.6386  5.9019
  4.9838  3.2837  0.9860  2.0926 28.8486
  4.6944  0.8806  0.9945  1.0417  5.6652
  4.5902  0.7646  0.9836  0.3551  4.7532
  4.5575  0.9932  0.9698  1.8726  6.5820
  5.2058  2.6100  0.9965  0.6168 21.8339
  5.0192  4.3912  0.9809  1.3973 40.8527
  5.4602  1.4405  0.9758  1.8360 10.4748
  3.6605  2.3337  0.9788  0.1837 19.0393
  4.6848  4.4073  0.9798  1.9625 41.0307
  5.4121  4.0525  0.9851  0.9404 37.1299
  4.5173  3.4950  0.9863  1.7697 31.0990
  3.6284  2.8242  0.9883  0.2968 24.0349
  5.2475  1.8091  0.9776  0.9618 13.9068
  5.2534  2.9939  0.9894  1.3286 25.7995
  4.9492  2.4488  0.9980  1.6635 20.1965
  5.5929  3.5320  0.9727  2.9034 31.4950
  4.7683  3.6835  0.9895  1.3576 33.1240
  4.5766  3.1132  0.9812  1.2100 27.0495
  5.6112  3.5043  0.9788  1.7651 31.1982
  4.8347  3.8983  0.9854  0.9558 35.4492
  5.8312  2.7045  0.9928  0.7993 22.8014
  4.2616  2.2651  0.9865  1.3809 18.3545
  5.2626  1.4994  0.9919  1.5529 11.0113
  4.4185  3.0762  0.9957  0.1150 26.6608
  5.1389  2.1945  0.9878  1.1290 17.6537
  5.3036  1.3204  0.9955  2.0416  9.3962
  4.4622  3.2773  0.9868  2.4856 28.7817
  4.7906  3.0359  0.9768  2.6505 26.2383
  5.0573  1.4267  0.9901  1.5252 10.3497
  5.0062  3.9564  0.9943  1.6309 36.0814
  4.8011  2.4268  0.9755  2.3384 19.9750
  4.7232  1.4046  0.9706  1.6802 10.1497
  4.4954  4.0670  0.9748  0.9844 37.2882
  5.2949  1.1320  0.9962  1.3197  7.7509
  4.6337  1.3407  0.9826  1.8744  9.5763
  6.1867  2.5296  0.9954  1.4107 21.0147
  5.2956  2.4296  0.9715  1.5648 20.0026
  4.1064  0.8526  0.9760  1.0781  5.4418
  4.5284  1.8025  0.9813  0.4376 13.8440
  5.3891  1.8202  0.9929  0.6901 14.0129
  5.1022  1.4842  0.9688  2.9407 10.8721
  5.7368  3.6716  0.9770  1.6632 32.9953
  5.6772  2.5259  0.9808  1.2996 20.9774
  5.3220  1.8889  0.9821  1.9520 14.6705
  5.8788  0.7711  0.9805  0.6769  4.8035
  4.8744  0.7725  0.9672  0.6730  4.8142
  5.1505  2.4797  0.9714  2.0891 20.5092
  4.7098  3.1776  0.9980  0.8313 27.7278
  5.1697  2.3031  0.9720  0.3535 18.7339
  5.2624  1.2451  0.9740  1.4896  8.7308
  3.9693  3.8192  0.9721  0.4448 34.5902
  4.3146  4.3491  0.9679  0.3264 40.3880
  5.5346  4.2511  0.9855  0.6073 39.3080
  4.8521  2.2587  0.9874  1.1855 18.2907
  4.6376  2.1003  0.9974  2.0769 16.7254
  5.4117  2.2711  0.9748  2.8359 18.4145
  5.5897  2.0691  0.9777  0.8058 16.4191
  4.8314  3.5419  0.9923  1.4238 31.6015
  3.6573  1.6480  0.9920  0.4396 12.3858
  6.3856  2.5529  0.9923  1.2962 21.2515
  4.8946  4.4231  0.9878  1.8143 41.2051
  5.6762  4.4181  0.9803  1.2432 41.1494
  4.8316  2.9974  0.9898  0.7525 25.8362
  4.9397  1.0054  0.9980  0.4830  6.6835
  4.7693  3.7473  0.9965  0.1819 33.8128
  6.2047  1.5948  0.9821  0.3143 11.8901
  5.6276  2.4831  0.9833  2.1707 20.5434
