  5.7260  3.4484  0.9766  0.9282 30.6007
  5.2045  3.2312  0.9735  1.0259 28.2937
  4.9718  2.6807  0.9976  2.8073 22.5566
  6.2744  3.7180  0.9980  0.2915 33.4961
  5.2080  3.9039  0.9811  1.2952 35.5095
  5.8706  1.5916  0.9798  1.0590 11.8613
  5.0957  2.0563  0.9799  2.2434 16.2938
  4.5289  2.2872  0.9907  1.6555 18.5751
  5.4555  2.9101  0.9919  0.1140 24.9262
  5.2506  1.2273  0.9978  2.3085  8.5751
  5.2864  1.8568  0.9682  1.4288 14.3627
  5.5712  4.3610  0.9717  0.3430 40.5185
  5.4043  3.1926  0.9943  1.4827 27.8860
  5.5850  1.8994  0.9685  1.5203 14.7721
  3.9333  3.2985  0.9873  1.1054 29.0061
  5.0831  3.4678  0.9778  0.2838 30.8084
  5.7572  3.4427  0.9930  1.7869 30.5405
  4.7081  1.5155  0.9714  1.3394 11.1585
  5.4830  3.3191  0.9678  0.4385 29.2241
  6.2471  1.9354  0.9751  0.6814 15.1184
  5.0471  2.0589  0.9795  1.3175 16.3198
  5.3147  2.0185  0.9704  0.9648 15.9251
  6.1950  2.4205  0.9834  2.1962 19.9112
  4.9378  3.6216  0.9927  0.8359 32.4568
  5.4916  3.9361  0.9856  0.8504 35.8608
  4.4636  0.7826  0.9721  2.3840  4.8923
  5.2227  3.6344  0.9967  1.1924 32.5947
  6.4508  1.2295  0.9324  1.2721  8.5946
  5.6803  1.3064  0.9892  1.5188  9.2719
  5.6546  4.3982  0.9846  2.8869 40.9296
  4.9025  1.9974  0.9726  2.2806 15.7196
  5.5190  2.3701  0.9973  0.7094 19.4042
  5.7048  2.8721  0.9870  0.5397 24.5312
  4.4146  1.8516  0.9866  1.8698 14.3133
  5.0790  3.1348  0.9980  1.6083 27.2766
  4.8022  2.5062  0.9795  2.7415 20.7773
  4.6535  3.2463  0.9814  1.9806 28.4530
  5.6890  3.9572  0.9736  0.4104 36.0896
  4.5629  2.4331  0.9909  1.4833 20.0386
  5.5564  2.0994  0.9925  0.9636 16.7166
  5.4342  0.9440  0.9859  1.0592  6.1777
  5.9653  2.3864  0.9733  1.6066 19.5678
  5.9986  3.5165  0.9885  0.5277 31.3293
  4.5665  0.9015  0.9888  0.4614  5.8334
  5.8418  1.5671  0.9969  1.7629 11.6337
  5.2396  1.4082  0.9753  0.9668 10.1824
  5.8242  3.7503  0.9938  0.6319 33.8444
  5.6583  3.7766  0.9716  1.4788 34.1288
  5.2560  4.0487  0.9781  2.7396 37.0887
  4.8650  1.5130  0.9756  0.6403 11.1360
  4.7752  3.8119  0.9703  0.8343 34.5119
  5.6514  1.7029  0.9768  1.6606 12.9009
  5.7637  2.5516  0.9731  1.0448 21.2387
  6.3189  3.0298  0.9682  0.7243 26.1751
  5.2911  3.6390  0.9938  0.6577 32.6443
  4.4310  2.6233  0.9947  2.3016 21.9696
  4.2730  0.5239  0.9669  3.0423  2.9885
  5.6460  1.5676  0.9821  0.7949 11.6382
  6.4691  3.6851  0.9583  0.3581 33.1408
  5.5251  1.1988  0.9813  2.1357  8.3271
  5.4389  4.2673  0.9963  1.9737 39.4859
  5.6425  3.6621  0.9902  2.2126 32.8928
  5.4548  2.3112  0.9980  2.0473 18.8149
  5.5076  2.5340  0.9954  0.8378 21.0593
  5.5785  0.7213  0.9946  1.8097  4.4226
  4.2360  1.7050  0.9733  0.7274 12.9208
  4.4745  2.3715  0.9917  1.0617 19.4186
  5.2422  1.8014  0.9970  1.3034 13.8336
  4.9257  1.5909  0.9753  1.6465 11.8545
  6.8192  2.3273  0.5445  0.7731 18.9754
  5.7524  3.4976  0.9921  1.9258 31.1272
  5.5197  1.0408  0.9910  0.7480  6.9790
  4.7035  0.6860  0.9840  2.0546  4.1570
  6.1923  4.1499  0.9801  1.3589 38.1963
  4.8648  1.0899  0.9691  0.2233  7.3927
  4.9380  2.1687  0.9905  1.6281 17.3982
  3.9566  4.3906  0.9674  1.6979 40.8461
  5.6351  1.2865  0.9677  1.0036  9.0954
  4.7992  1.9529  0.9886  0.2383 15.2885
  5.3365  3.7375  0.9844  1.3557 33.7066
  4.7681  2.0892  0.9980  0.1659 16.6159
  4.8113  3.7923  0.9920  1.1790 34.2995
  5.3921  3.7804  0.9667  0.2811 34.1708
  5.6383  1.3984  0.9723  0.3901 10.0936
  6.7393  2.0429  0.8316  2.0770 16.1628
  5.4323  1.1599  0.9882  2.8649  7.9910
  5.1797  4.1674  0.9829  2.1922 38.3885
  6.5691  2.5943  0.8525  0.5652 21.6731
  5.5193  2.2193  0.9833  1.0635 17.8990
  5.3699  1.4905  0.9671  0.4045 10.9298
  3.8434  3.9652  0.9980  1.1467 36.1768
  6.0609  2.9836  0.9813  0.5770 25.6920
  6.0581  4.0815  0.9744  0.9082 37.4474
  4.6703  2.0675  0.9980  2.6424 16.4039
  6.2804  1.5019  0.9980  2.3763 11.0342
  5.9407  1.9528  0.9697  1.9010 15.2874
  6.1375  0.8688  0.9790  1.5571  5.5711
  5.3164  3.4122  0.9694  2.7627 30.2154
  4.5877  1.3986  0.9773  1.5260 10.0959
  5.9581  3.3545  0.9850  0.9598 29.6007
  5.1825  1.8690  0.9740  0.9529 14.4799
  5.5799  1.4457  0.9805  0.8777 10.5220
  5.8059  2.8936  0.9878  1.2571 24.7544
  6.8037  1.7274  0.7713  2.0765 13.1315
  5.2989  1.1575  0.9670  0.7939  7.9700
  5.0571  3.9832  0.9678  0.3061 36.3733
  6.2745  2.1368  0.9943  0.7830 17.0844
  5.3549  3.5602  0.9833  1.3658 31.7981
  5.0586  2.5852  0.9730  1.2469 21.5808
  4.9643  3.0848  0.9955  1.6643 26.7508
  6.1959  1.3062  0.9783  0.8538  9.2701
  5.0976  1.6103  0.9961  0.8886 12.0345
  5.8909  2.6858  0.9980  1.6320 22.6096
  5.1932  3.4643  0.9781  1.5679 30.7707
  6.3919  2.2753  0.9874  2.2470 18.4560
  5.9309  2.7840  0.9980  1.1827 23.6200
  4.6656  2.1125  0.9905  0.8052 16.8447
  5.8583  2.6828  0.9726  2.7490 22.5787
  4.9909  4.0099  0.9859  1.2671 36.6649
  5.5501  1.8469  0.9916  0.5532 14.2683
  5.0594  1.8401  0.9709  1.3455 14.2031
  5.5935  2.0162  0.9729  2.6586 15.9031
  5.4690  0.6645  0.9793  1.4759  3.9970
  4.7772  4.4658  0.9758  1.6330 41.6777
  6.3903  2.0358  0.9895  0.7014 16.0935
  5.0653  3.5400  0.9949  1.6236 31.5806
  5.1215  2.6274  0.9949  1.0249 22.0115
  6.1518  3.2042  0.9795  2.0289 28.0085
  4.8875  4.4816  0.9674  1.7903 41.8532
  5.0864  3.5094  0.9722  1.2673 31.2536
  5.1603  2.8632  0.9816  1.4233 24.4389
  4.7501  3.9156  0.9976  1.2262 35.6377
  6.9692  0.4853  0.6711  1.3870  2.7246
  5.2766  4.0035  0.9863  1.0760 36.5947
  4.5939  1.3080  0.9720  1.0333  9.2858
  5.1970  1.8243  0.9799  2.1668 14.0521
  5.3469  2.3335  0.9947  0.9548 19.0372
  6.0173  2.4802  0.9822  2.4917 20.5141
  6.0465  3.4118  0.9922  0.6862 30.2110
  5.5923  1.8218  0.9809  1.2269 14.0282
  5.6877  2.0229  0.9862  2.0048 15.9680
  6.7776  2.0527  0.5662  2.2625 16.2587
  5.0785  1.3980  0.9765  0.2034 10.0904
  5.2545  3.4548  0.9814  1.5622 30.6691
  5.3660  3.5357  0.9932  1.6814 31.5353
  5.9980  3.1275  0.9827  1.1432 27.1996
  5.2826  1.4527  0.9904  0.5132 10.5852
  5.4197  1.6069  0.9858  1.7933 12.0034
  5.0642  2.8633  0.9871  1.0561 24.4405
  4.5352  3.9520  0.9778  0.2726 36.0334
  5.2087  2.8829  0.9685  2.0339 24.6435
  4.8985  3.2358  0.9849  0.3500 28.3417
  5.5477  4.1923  0.9971  2.0047 38.6620
  6.2847  2.3662  0.9901  1.5525 19.3651
  5.6118  1.9552  0.9889  0.6130 15.3107
  5.4876  1.8427  0.9945  0.4322 14.2278
  5.0376  2.4449  0.9777  1.4096 20.1571
  4.7807  3.4638  0.9980  1.7357 30.7653
  5.4242  0.9070  0.9946  1.1678  5.8777
  6.0742  2.3153  0.9957  2.6818 18.8549
  5.3540  3.1070  0.9804  1.8829 26.9848
  5.8037  3.2626  0.9843  1.9422 28.6261
  5.9222  2.6121  0.9922  1.8061 21.8546
  5.2618  4.4470  0.9740  1.4846 41.4701
  5.7454  1.4662  0.9833  0.9414 10.7079
  5.2545  2.9073  0.9860  1.0191 24.8976
  5.2260  1.5034  0.9850  0.5582 11.0478
  4.9740  1.4631  0.9751  1.4610 10.6801
  5.1527  3.7274  0.9980  2.8315 33.5976
  4.6988  3.2903  0.9913  0.8429 28.9188
  5.4608  2.9833  0.9888  2.0369 25.6886
  5.1791  1.7065  0.9824  0.9205 12.9345
  5.4845  0.6846  0.9809  1.0329  4.1465
  5.2254  1.6844  0.9734  1.2255 12.7268
  4.9447  1.4663  0.9785  1.8777 10.7093
  5.9637  3.3852  0.9773  2.0116 29.9270
  5.2391  3.0090  0.9886  1.5247 25.9569
  4.9305  2.2904  0.9725  1.5960 18.6066
  5.6641  0.9692  0.9944  0.9897  6.3842
  5.3984  1.9743  0.9745  1.0267 15.4954
  4.5681  0.9973  0.9962  1.9290  6.6166
  5.2711  1.8064  0.9951  1.6018 13.8812
  5.4154  1.5888  0.9759  2.2033 11.8351
  6.3780  2.9647  0.9589  1.2898 25.4947
  4.7755  4.0385  0.9775  2.5607 36.9770
  5.1149  1.1243  0.9379  0.7926  7.6857
  4.9513  3.5085  0.9937  0.8923 31.2440
  4.9303  4.3135  0.9917  1.4169 39.9951
  4.7315  3.7996  0.9671  1.8547 34.3782
  4.3911  1.3439  0.9811  1.1104  9.6048
  4.3945  4.2719  0.9702  1.4452 39.5365
  4.1338  1.3696  0.9929  1.2475  9.8349
  5.1130  1.7149  0.9748  1.9692 13.0135
  4.7720  3.6462  0.9872  0.6574 32.7218
  5.1617  1.6138  0.9980  1.7739 12.0667
  5.1187  2.7059  0.9966  1.5057 22.8160
  6.1674  2.2716  0.9891  1.5133 18.4191
  5.2043  2.2541  0.9828  0.9922 18.2449
  5.1871  3.5266  0.9879  0.8804 31.4379
  6.8721  3.0591  0.5283  1.0724 26.4816
  5.0909  1.1265  0.9716  0.6475  7.7038
  4.6397  0.6765  0.9803  1.8332  4.0856
  5.9766  3.2579  0.9980  1.9115 28.5755
  5.7219  2.5154  0.9870  0.9570 20.8706
  5.4279  3.2181  0.9944  1.9121 28.1553
  4.8679  3.8028  0.9788  2.8273 34.4135
  4.2284  3.8085  0.9709  1.8005 34.4749
  5.2087  1.2131  0.9721  1.7274  8.4517
  5.5282  4.1404  0.9967  0.6153 38.0924
  5.1245  0.8421  0.9929  0.7015  5.3586
  5.2804  1.7583  0.9683  0.5978 13.4239
  4.7373  1.6552  0.9761  1.0517 12.4537
  5.3979  4.2342  0.9882  2.1570 39.1220
  5.1737  2.3360  0.9943  2.9946 19.0629
  4.7227  3.6370  0.9962  2.4857 32.6227
  5.4064  2.8639  0.9669  1.8374 24.4465
  5.2582  2.7150  0.9980  1.3317 22.9092
  4.7610  1.9416  0.9748  2.4331 15.1788
  3.8888  4.2314  0.9701  1.7045 39.0908
  5.4234  2.7374  0.9871  1.0498 23.1392
  4.8036  4.2135  0.9668  0.8945 38.8944
  3.6451  2.3133  0.9867  1.7824 18.8350
  4.1127  0.3218  0.9853  0.0913  1.6733
  6.0205  2.5273  0.9910  0.8096 20.9912
  5.0613  2.3920  0.9826  2.9836 19.6243
  5.2398  3.0071  0.9846  1.4322 25.9371
  5.0452  1.4721  0.9770  2.1895 10.7617
  5.3358  3.8214  0.9830  0.7657 34.6143
  5.1738  2.8976  0.9872  1.0718 24.7965
  5.6856  3.0517  0.9814  0.9322 26.4042
  4.8273  1.9782  0.9911  2.4383 15.5336
  4.8845  3.8975  0.9774  1.4997 35.4400
  5.7854  3.8506  0.9788  2.3347 34.9314
  5.5060  3.0328  0.9736  1.8313 26.2058
  4.3346  2.6952  0.9675  1.1083 22.7053
  5.5005  2.5469  0.9902  0.2171 21.1911
  5.8144  1.4529  0.9671  0.4117 10.5871
  4.3767  3.0489  0.9853  0.9344 26.3753
  5.2403  1.8095  0.9849  0.8203 13.9106
  4.9191  4.3453  0.9805  1.0227 40.3459
  5.4596  1.4500  0.9811  2.5242 10.5602
  3.7106  4.1141  0.9791  0.5275 37.8034
  6.1094  2.4228  0.9972  1.4910 19.9348
  4.0485  4.1591  0.9671  1.4784 38.2971
  5.5358  2.0539  0.9821  1.1584 16.2708
  4.6619  1.3917  0.9934  0.3881 10.0332
  5.3903  2.4001  0.9807  1.1735 19.7055
  5.4033  1.4213  0.9701  1.0672 10.3009
  4.6244  2.7250  0.9725  1.2411 23.0117
  5.3359  3.7275  0.9897  1.6867 33.5985
  5.2419  1.5674  0.9746  1.8458 11.6371
  4.4715  4.2321  0.9674  1.3977 39.0985
  4.6208  3.8233  0.9850  1.4141 34.6349
  5.1999  4.1523  0.9729  0.2189 38.2228
  5.3006  2.9293  0.9907  0.4671 25.1263
  5.4863  2.7709  0.9692  0.6923 23.4850
  3.8051  4.3742  0.9676  2.7007 40.6651
  3.6472  2.6454  0.9776  0.1039 22.1955
  5.1815  1.0561  0.9980  1.3224  7.1072
  5.0548  3.9081  0.9768  2.3235 35.5557
  5.1560  2.9635  0.9692  2.9189 25.4820
  5.6649  1.1573  0.9882  0.6710  7.9686
  5.3101  1.7352  0.9812  1.5140 13.2053
  5.8634  2.7944  0.9675  1.6811 23.7277
  5.6097  3.5836  0.9885  0.8307 32.0485
  5.1770  2.8103  0.9825  0.3147 23.8912
  6.1457  0.9563  0.9749  2.8082  6.2789
  4.7876  4.1352  0.9821  2.2742 38.0354
  5.6488  4.2999  0.9682  1.4124 39.8454
  5.1887  0.9637  0.9778  2.9118  6.3392
  4.6792  1.2458  0.9753  1.9920  8.7375
  5.5244  1.9205  0.9906  1.3731 14.9747
  5.1349  2.4149  0.9957  1.8134 19.8548
  3.8824  3.3857  0.9804  0.2266 29.9323
  5.2976  3.1100  0.9943  0.8903 27.0154
  4.9571  1.8274  0.9921  1.4532 14.0811
  5.7100  2.0971  0.9680  0.3292 16.6936
  4.4044  1.8187  0.9706  0.7271 13.9988
  5.4928  1.5780  0.9822  0.3498 11.7350
  4.7913  2.7697  0.9750  2.0667 23.4724
  5.0303  1.4460  0.9931  0.9375 10.5242
  5.6739  1.9748  0.9711  1.2160 15.5003
  5.0445  1.0986  0.9771  0.7420  7.4664
  5.2666  1.5537  0.9741  2.4436 11.5100
  4.3818  4.3583  0.9746  1.3137 40.4896
  5.6097  2.4783  0.9782  1.0195 20.4944
  4.4129  2.0010  0.9847  1.3163 15.7545
  4.0910  1.7124  0.9794  0.4705 12.9908
  4.4444  1.0538  0.9921  1.8855  7.0882
  4.4040  1.0540  0.9948  0.5728  7.0898
  5.7339  1.9923  0.9946  1.6677 15.6700
  5.8628  2.8658  0.9945  0.7918 24.4662
  3.9745  3.3144  0.9956  0.7594 29.1746
  5.0132  1.5231  0.9838  2.2477 11.2284
  5.2370  0.8757  0.9890  2.6203  5.6258
  5.0362  4.0315  0.9882  1.7468 36.9006
  5.4949  2.5643  0.9846  1.8141 21.3673
  5.6786  1.9597  0.9910  2.7039 15.3542
  4.6107  0.9288  0.9767  1.4752  6.0540
  5.2946  3.8203  0.9866  0.4127 34.6028
  5.6506  1.3770  0.9788  0.9649  9.9014
  5.6839  3.4873  0.9717  0.6612 31.0170
  5.4447  2.4233  0.9933  1.5568 19.9390
  5.3114  0.6019  0.9776  0.2907  3.5392
  3.9229  1.9004  0.9706  0.8154 14.7818
  5.5820  3.3371  0.9707  2.8144 29.4161
  5.1413  0.7686  0.9901  0.5141  4.7841
  6.4823  2.0569  0.9045  1.2092 16.3003
  5.8818  2.1604  0.9808  0.4574 17.3165
  5.3351  3.3044  0.9757  2.5859 29.0688
  6.9584  3.5984  0.4908  2.4283 32.2079
  5.0914  2.3290  0.9687  0.3048 18.9922
  6.0800  1.5509  0.9804  1.9342 11.4845
  5.4429  3.1703  0.9727  1.8675 27.6505
  5.2125  3.7108  0.9745  2.1347 33.4185
  5.6747  3.7592  0.9822  0.9216 33.9411
  5.0061  4.3157  0.9873  1.4811 40.0193
  5.0737  2.7121  0.9943  1.0432 22.8797
  5.1430  3.6623  0.9909  2.4880 32.8952
  4.8888  1.0615  0.9832  2.9891  7.1525
  4.9804  2.5885  0.9836  1.4573 21.6143
  4.4267  3.7188  0.9871  1.4979 33.5046
  5.9224  3.3752  0.9759  1.1394 29.8208
  5.5784  4.0812  0.9777  1.3284 37.4439
  6.1753  1.5370  0.9931  2.7972 11.3568
  5.8667  1.3665  0.9871  1.2877  9.8073
  4.9147  1.2591  0.9877  0.6415  8.8536
  4.7471  1.5716  0.9717  1.9405 11.6756
  5.5588  2.9493  0.9778  0.5204 25.3348
  5.6997  2.4899  0.9938  1.4068 20.6124
  4.4108  2.3157  0.9954  1.1991 18.8595
  5.2927  0.9738  0.9843  0.3153  6.4224
  5.3373  0.7048  0.9860  0.5214  4.2975
  5.1039  3.2788  0.9731  0.7022 28.7972
  5.7460  2.3692  0.9939  1.4735 19.3955
  5.6530  2.6965  0.9774  1.1435 22.7189
  6.4216  2.7929  0.9545  0.9851 23.7122
  5.1966  3.3583  0.9904  0.2300 29.6415
  5.5580  3.6742  0.9914  2.0239 33.0231
  4.9591  2.1741  0.9954  1.0506 17.4524
  4.4629  2.7296  0.9841  0.3851 23.0596
  4.1473  2.6272  0.9743  1.6075 22.0094
  6.1779  0.8135  0.9771  2.1822  5.1332
  5.0115  1.4336  0.9949  1.0197 10.4121
  5.3641  3.8161  0.9783  1.5210 34.5572
  6.9675  3.5532  0.4419  1.6739 31.7221
  5.4954  2.9882  0.9840  0.6681 25.7404
  5.0975  2.8916  0.9904  1.9199 24.7341
  5.3601  0.9662  0.9792  1.6524  6.3600
  5.7952  2.7045  0.9866  1.3663 22.8011
  5.4739  2.7065  0.9694  1.0200 22.8218
  5.4920  0.8766  0.9668  1.8471  5.6332
  6.1982  2.5692  0.9910  1.2833 21.4175
  3.6567  3.1498  0.9954  0.4038 27.4350
  5.0642  4.1389  0.9718  0.5533 38.0760
  5.3446  2.1711  0.9916  2.0673 17.4225
  4.1166  4.4367  0.9911  1.5613 41.3560
  6.5769  3.0587  0.8692  1.8135 26.4775
  5.0143  2.1876  0.9801  1.4715 17.5858
  5.9024  3.5566  0.9756  1.1638 31.7588
  5.1893  4.4880  0.9976  0.9712 41.9236
  5.3343  3.7594  0.9870  0.3988 33.9435
  5.4217  1.1431  0.9932  0.2655  7.8460
  4.8778  2.3731  0.9748  0.1404 19.4349
  5.2844  3.7812  0.9701  1.3612 34.1791
  3.5117  1.4660  0.9716  1.4633 10.7067
  5.3053  2.8387  0.9980  0.3373 24.1858
  4.1945  4.2240  0.9855  1.6758 39.0100
  5.5788  3.0778  0.9765  0.5081 26.6782
  5.2315  2.0177  0.9703  1.7946 15.9176
  5.9918  2.9252  0.9699  0.7840 25.0836
  6.9864  2.6295  0.8568  0.2988 22.0323
  4.8513  2.0661  0.9873  1.6519 16.3900
  6.0527  0.9481  0.9742  2.7825  6.2114
  6.3180  3.2510  0.9980  1.2838 28.5027
  6.7331  4.3691  0.5061  1.4177 40.6083
  4.7263  3.4334  0.9759  0.4164 30.4409
  4.9774  1.9702  0.9693  1.6453 15.4559
  6.1612  0.5807  0.9830  0.7977  3.3875
  5.2110  3.1085  0.9880  1.2767 27.0006
  5.4196  1.9451  0.9770  1.9009 15.2123
  5.2845  3.4631  0.9867  1.0715 30.7584
  4.4510  3.5996  0.9841  2.8789 32.2209
  5.3754  0.9845  0.9897  0.9961  6.5106
  5.7112  3.5385  0.9943  2.0553 31.5652
  6.3380  1.6260  0.9671  1.4537 12.1810
  5.4891  3.2288  0.9756  2.2213 28.2679
  4.3357  1.5019  0.9844  1.3044 11.0345
  3.5855  1.3667  0.9898  0.2719  9.8091
  4.6816  3.1664  0.9804  0.8081 27.6091
  6.9135  0.4482  0.4825  2.0479  2.4755
  4.9678  2.7634  0.9884  1.5917 23.4072
  6.5176  1.6421  0.9105  1.3815 12.3309
  6.6992  1.9016  0.6101  0.8838 14.7927
  4.5832  2.3787  0.9724  1.2497 19.4906
  5.5055  3.6734  0.9942  0.9708 33.0150
  5.3846  1.5392  0.9881  0.6669 11.3765
  5.1414  2.1598  0.9890  2.0926 17.3104
  4.8261  4.3734  0.9946  1.9841 40.6555
  4.1440  2.5328  0.9978  2.1765 21.0477
  5.4544  4.1782  0.9923  0.5424 38.5062
  6.2550  2.1795  0.9859  1.3385 17.5049
  4.9598  1.9437  0.9708  1.5197 15.1993
  3.6490  2.9515  0.9909  0.9957 25.3576
  5.3826  1.3593  0.9780  0.8859  9.7429
  6.5142  4.1821  0.8090  2.0557 38.5500
  4.1011  3.0781  0.9677  1.4655 26.6812
  4.7625  1.1934  0.9784  1.0213  8.2799
  4.0414  4.4197  0.9678  0.5731 41.1678
  5.9858  3.9940  0.9669  2.0043 36.4913
  6.3053  3.3026  0.9748  0.4677 29.0494
  5.1491  0.6627  0.9800  2.9447  3.9835
  5.4913  2.4273  0.9834  0.5451 19.9802
  5.5792  2.4606  0.9818  2.8531 20.3160
  5.3079  2.2088  0.9721  0.1818 17.7948
  5.1694  1.8052  0.9945  0.9515 13.8699
  5.0924  1.8968  0.9722  1.3992 14.7470
  6.0313  2.5286  0.9929  1.6574 21.0048
  4.4820  2.1634  0.9917  1.1779 17.3466
  4.7159  2.7662  0.9794  0.8092 23.4359
  4.9372  2.4836  0.9696  0.8931 20.5484
  5.3988  2.5107  0.9903  1.3892 20.8226
  5.5858  1.5573  0.9767  1.1579 11.5432
  4.8747  2.5772  0.9669  0.2292 21.4992
  5.2622  2.4738  0.9895  0.9808 20.4492
  5.1845  3.0304  0.9732  0.1512 26.1813
  5.5083  3.3992  0.9955  1.2497 30.0764
  5.6583  2.7086  0.9922  2.5894 22.8434
  6.9536  1.2128  0.3872  1.6464  8.4485
  5.1763  1.1178  0.9685  1.2029  7.6297
  5.7241  2.6026  0.9759  0.5362 21.7579
  5.1350  4.3173  0.9703  0.2902 40.0364
  6.6489  1.9143  0.8037  2.0109 14.9150
  5.3420  3.2155  0.9706  0.9016 28.1275
  5.5792  4.3030  0.9815  0.6952 39.8790
  5.6976  3.7914  0.9921  2.0507 34.2897
  5.3582  2.9360  0.9857  0.6796 25.1953
  5.4148  1.1504  0.9908  0.9875  7.9087
  5.0779  3.4489  0.9823  2.6471 30.6067
  5.4159  0.4951  0.9980  0.6741  2.7909
  5.1044  2.6518  0.9757  1.3034 22.2609
  4.7541  0.7481  0.9694  0.3060  4.6267
  5.1463  2.7114  0.9920  0.6441 22.8718
  5.4643  0.9395  0.9735  0.4058  6.1412
  6.9421  2.7170  0.4825  1.7445 22.9302
  6.6756  3.0987  0.9796  0.8048 26.8970
  4.6745  3.3809  0.9909  2.4394 29.8812
  3.5592  4.2893  0.9694  1.9591 39.7288
  5.5645  2.8522  0.9825  1.6874 24.3248
  6.0719  4.1980  0.9941  1.4834 38.7239
  3.6825  4.3949  0.9871  0.3032 40.8938
  4.5051  2.3120  0.9933  1.0161 18.8220
  5.1161  3.8109  0.9701  2.0620 34.5009
  6.9879  1.0218  0.9506  1.2829  6.8198
  3.8232  3.5012  0.9874  0.4597 31.1654
  5.3865  2.1929  0.9813  0.1881 17.6374
  5.7287  2.3488  0.9867  1.1007 19.1902
  6.0460  2.4417  0.9980  1.4561 20.1251
  5.2731  4.2407  0.9838  2.1078 39.1937
  5.3389  4.0731  0.9710  0.4822 37.3551
  5.5716  3.9593  0.9928  2.3124 36.1133
  4.0748  4.0759  0.9952  1.7458 37.3858
  5.5269  3.1821  0.9820  0.6822 27.7745
  5.4030  3.4339  0.9917  1.4141 30.4468
  5.4446  0.7200  0.9706  1.3451  4.4123
  6.3419  1.4876  0.9900  1.1640 10.9033
  4.9681  2.9280  0.9896  0.8240 25.1120
  4.9670  1.5452  0.9708  0.9103 11.4323
  6.0399  2.1454  0.9922  1.1764 17.1685
  5.1990  3.3967  0.9700  1.0659 30.0500
  4.7905  1.5681  0.9884  0.6841 11.6432
  4.9754  3.2539  0.9980  0.9768 28.5335
  5.2940  3.3140  0.9980  2.0678 29.1703
  4.6456  1.1915  0.9829  1.2426  8.2639
  5.1802  3.2694  0.9823  1.0117 28.6971
  4.5393  2.0790  0.9698  1.7906 16.5161
  5.0118  3.0032  0.9820  0.2752 25.8971
  5.4044  4.1244  0.9776  2.6320 37.9170
  5.5123  3.7474  0.9799  0.5009 33.8130
  5.3713  3.2242  0.9805  0.9283 28.2199
  4.3697  1.5341  0.9844  2.0213 11.3300
  5.2351  3.7695  0.9905  1.1494 34.0521
  6.3012  1.2216  0.9678  0.4911  8.5259
  5.0925  2.1547  0.9899  1.1648 17.2606
  6.5253  1.3589  0.7360  0.4659  9.7394
  4.8887  2.2446  0.9784  1.2043 18.1505
  4.1948  2.2517  0.9979  1.1272 18.2208
  5.4106  3.3724  0.9696  1.8754 29.7908
  5.8695  2.1792  0.9884  1.7679 17.5023
  5.3374  2.5729  0.9914  2.8349 21.4547
  5.0064  4.1870  0.9764  0.9538 38.6037
  6.3192  2.1587  0.9816  1.0694 17.3001
  5.0470  1.5021  0.9681  2.0620 11.0362
  5.8597  2.4093  0.9678  1.7781 19.7982
  4.6188  2.7727  0.9962  0.6513 23.5031
  5.3113  4.1042  0.9828  0.9451 37.6951
  4.7126  1.0714  0.9682  1.0055  7.2364
  5.4722  1.8064  0.9667  1.1570 13.8816
  3.7188  3.6944  0.9704  1.5726 33.2413
  5.2645  3.1688  0.9678  1.9584 27.6351
  5.0646  3.8748  0.9685  0.5010 35.1939
  5.7961  1.9068  0.9722  0.8859 14.8433
  5.2219  1.6707  0.9670  1.0709 12.5988
  3.8390  2.2895  0.9871  1.1459 18.5975
  4.3357  1.8696  0.9856  2.0207 14.4853
  5.8862  1.8225  0.9980  1.6387 14.0345
  5.2171  1.6172  0.9681  0.6915 12.0989
  5.5662  4.4666  0.9737  0.4873 41.6866
  6.3415  0.8422  0.9832  2.0375  5.3590
  4.6966  3.2683  0.9856  1.9890 28.6864
  5.3369  2.2680  0.9798  0.7465 18.3838
  5.3434  1.4067  0.9867  1.1433 10.1689
  5.1980  1.5038  0.9679  1.1083 11.0512
  5.1899  3.6871  0.9939  1.7921 33.1621
  6.5264  1.7593  0.8101  2.1900 13.4333
  5.2527  3.6598  0.9938  2.0779 32.8684
  5.7588  4.4501  0.9966  0.7234 41.5045
  4.7096  3.8377  0.9942  0.4404 34.7917
  6.5731  4.0809  0.9291  0.6487 37.4400
  5.4872  2.7851  0.9980  0.6128 23.6312
  5.1779  4.0629  0.9917  2.6805 37.2439
  5.2302  1.7027  0.9692  1.3877 12.8993
  6.9874  1.8489  0.4863  1.9762 14.2869
  5.4298  3.4394  0.9828  1.0093 30.5045
  6.1283  3.1951  0.9769  1.1771 27.9126
  5.2848  1.2638  0.9739  1.0786  8.8954
  4.5437  2.5107  0.9940  0.8569 20.8229
  4.9211  3.8279  0.9668  2.2100 34.6851
  6.2539  1.5992  0.9976  2.0492 11.9312
  5.5544  1.0680  0.9692  0.9365  7.2072
  6.3297  2.2674  0.9669  0.2615 18.3771
  5.9914  2.5331  0.9901  2.1994 21.0499
  4.6262  4.3142  0.9907  1.3719 40.0021
  6.1997  2.1342  0.9716  0.9171 17.0587
  4.3355  3.0047  0.9873  1.1265 25.9128
  5.9037  1.9651  0.9670  0.5103 15.4064
  4.8072  4.2730  0.9751  0.7637 39.5483
  4.5840  2.3500  0.9739  1.1080 19.2027
  4.9845  2.3972  0.9782  0.8750 19.6763
  4.7167  1.3218  0.9730  1.6358  9.4084
  4.7664  2.7209  0.9777  0.7925 22.9697
  4.5230  1.1215  0.9724  0.8419  7.6616
  5.8953  4.1502  0.9913  2.4545 38.1991
  4.5318  2.7555  0.9755  1.5744 23.3261
  5.4340  1.8104  0.9761  1.6863 13.9190
  4.9946  3.4659  0.9980  2.5839 30.7883
  5.4610  2.1607  0.9940  1.3893 17.3198
  5.8316  2.2935  0.9750  1.7366 18.6375
  6.0777  3.9383  0.9891  1.9335 35.8842
  4.7604  3.7401  0.9910  1.8476 33.7345
  3.8160  0.4637  0.9849  1.3439  2.5789
  4.5871  3.8064  0.9785  0.5089 34.4514
  5.2486  2.5864  0.9812  0.8953 21.5930
  6.8553  0.5362  0.5606  0.7965  3.0744
  5.0307  1.9864  0.9683  0.4638 15.6128
  5.8189  1.8714  0.9718  0.2003 14.5030
  4.8078  2.4800  0.9747  1.4389 20.5125
  5.4441  1.6135  0.9850  1.5281 12.0648
  5.4746  1.7404  0.9784  1.0104 13.2546
  4.7454  2.5036  0.9671  1.5800 20.7512
  6.0198  0.7183  0.9829  1.3918  4.3992
  4.9556  1.4579  0.9980  0.1957 10.6322
  4.3628  0.5788  0.9899  1.5938  3.3742
  5.4339  3.9957  0.9697  1.4347 36.5097
  6.0981  3.5481  0.9899  1.3954 31.6676
  6.3794  2.1513  0.9913  1.5751 17.2264
  5.1378  2.9208  0.9674  2.0272 25.0377
  6.1821  2.4127  0.9925  1.6042 19.8324
  4.8099  2.1770  0.9799  0.1738 17.4803
  5.5704  1.8551  0.9799  1.2573 14.3459
  5.1850  2.4483  0.9740  1.8813 20.1920
  5.4922  2.4801  0.9902  2.2184 20.5135
  4.6715  1.6404  0.9809  1.7206 12.3146
  6.0948  1.8149  0.9815  2.0046 13.9625
  5.1521  3.3156  0.9852  0.9159 29.1879
  3.9296  2.2445  0.9957  1.7485 18.1496
  5.1893  0.8994  0.9934  1.1272  5.8164
  5.5652  1.2785  0.9667  1.5877  9.0244
  4.9806  3.1928  0.9825  0.0488 27.8877
  4.9293  4.2117  0.9980  1.1116 38.8747
  5.2247  2.7309  0.9955  1.7258 23.0724
  5.1222  3.7535  0.9728  2.1210 33.8790
  4.5977  1.7499  0.9713  1.5627 13.3444
  4.8518  3.2991  0.9730  0.6182 29.0121
  4.4367  3.7665  0.9792  2.0530 34.0205
  5.4663  3.4464  0.9756  0.8729 30.5795
  4.8527  2.0063  0.9794  1.8701 15.8063
  4.9667  0.3968  0.9858  2.5059  2.1408
  4.4821  3.8160  0.9859  1.2718 34.5555
  4.1189  1.8263  0.9979  2.3239 14.0713
  5.4203  2.7848  0.9903  0.6291 23.6286
  5.2521  1.7530  0.9787  0.9840 13.3737
  4.8101  2.2053  0.9854  0.3934 17.7602
  5.8529  3.7876  0.9849  1.3933 34.2480
  6.0453  1.5723  0.9968  0.8946 11.6819
  5.4429  1.8251  0.9899  1.0561 14.0590
  6.1591  4.0001  0.9701  2.0547 36.5575
  5.6310  3.0836  0.9961  0.9243 26.7385
  6.2303  2.1050  0.9697  0.7391 16.7711
  4.8437  4.4055  0.9856  1.9057 41.0106
  5.3920  3.0128  0.9807  2.5693 25.9972
  5.5547  4.0454  0.9921  1.7984 37.0523
  5.5697  1.2517  0.9827  2.5890  8.7885
  5.8763  1.4195  0.9764  1.3147 10.2839
  4.9466  3.6931  0.9700  0.8906 33.2274
  5.9793  3.9702  0.9686  2.0545 36.2316
  5.8016  1.9170  0.9973  1.0910 14.9411
  5.7665  1.8517  0.9905  1.7328 14.3134
  4.7623  1.6890  0.9669  2.2360 12.7700
  5.2266  1.3359  0.9786  0.1476  9.5336
  4.6158  2.9269  0.9748  1.8169 25.1006
  5.7873  3.0664  0.9732  0.7678 26.5582
  5.1786  1.1332  0.9863  0.4947  7.7611
  5.6012  2.0159  0.9980  1.0155 15.8999
  6.0177  2.0972  0.9738  0.3987 16.6948
  4.4723  3.6226  0.9892  2.9139 32.4678
  6.0619  0.7078  0.9711  2.1921  4.3201
  6.5771  0.9311  0.7344  0.6801  6.0731
  5.1224  3.2605  0.9718  2.3229 28.6031
  5.4798  1.0351  0.9968  1.5585  6.9314
  5.0639  1.5597  0.9856  1.9474 11.5659
  3.9473  2.4520  0.9741  0.5954 20.2291
  5.3921  2.2876  0.9980  1.6811 18.5789
  5.3056  1.1226  0.9942  1.5022  7.6711
  3.6579  2.4675  0.9859  1.1877 20.3859
  6.1875  4.1732  0.9814  1.4848 38.4517
  3.6482  1.5992  0.9882  0.2668 11.9316
  4.3047  0.8070  0.9752  2.4744  5.0823
  4.9227  3.6330  0.9697  2.4356 32.5798
  5.1009  2.5648  0.9933  0.4305 21.3726
  5.2378  2.5290  0.9924  1.4845 21.0091
  5.2706  1.3913  0.9730  0.6945 10.0300
  4.4643  3.6036  0.9816  0.3170 32.2639
  5.6654  1.0489  0.9937  0.2447  7.0463
  4.5334  3.0835  0.9869  0.6094 26.7380
  5.4792  1.1050  0.9824  0.7667  7.5207
  5.0043  3.4380  0.9925  0.5240 30.4898
  5.6739  2.0308  0.9747  1.3113 16.0453
  5.9652  2.1939  0.9747  2.2945 17.6474
  5.4945  3.1821  0.9779  2.0074 27.7753
  4.5699  3.3278  0.9751  1.4594 29.3174
  4.9975  2.1323  0.9851  2.1563 17.0392
  5.6287  2.1658  0.9967  0.7968 17.3700
  5.2615  3.6821  0.9670  2.0896 33.1087
  6.6104  1.1535  0.8412  0.8345  7.9356
  5.7407  2.6403  0.9786  1.7189 22.1436
  5.7792  4.1509  0.9893  0.7081 38.2068
  5.5230  3.3702  0.9974  2.4835 29.7673
  6.5934  0.5263  0.8233  1.7495  3.0055
  5.4191  0.5995  0.9846  1.7438  3.5224
  5.1220  2.4182  0.9852  2.1408 19.8876
  5.1646  1.8382  0.9679  1.5042 14.1843
  5.4883  3.0884  0.9939  1.3232 26.7895
  5.7441  1.3862  0.9750  1.6606  9.9842
  5.7994  2.2690  0.9848  0.1962 18.3938
  5.8674  3.2780  0.9679  1.0262 28.7884
  4.3686  1.4055  0.9763  1.8463 10.1576
  3.8611  4.1099  0.9942  1.1666 37.7578
  6.3782  0.8826  0.9687  0.9841  5.6814
  5.3617  0.3814  0.9935  1.4515  2.0430
  5.7094  1.8896  0.9732  1.5339 14.6778
  4.9794  3.4317  0.9808  1.0294 30.4224
  3.8790  2.9395  0.9827  1.5664 25.2323
  5.9346  2.5964  0.9862  1.5831 21.6945
  5.5014  4.1478  0.9687  1.3207 38.1729
  5.6577  0.7705  0.9668  2.8694  4.7987
  5.2136  1.5957  0.9696  2.4936 11.8987
  5.0786  3.0859  0.9921  0.6999 26.7632
  4.9511  3.0386  0.9951  1.2495 26.2675
  5.6107  1.5285  0.9711  0.5023 11.2778
  6.4191  2.3063  0.9439  1.4110 18.7658
  5.2518  1.4839  0.9801  0.8263 10.8695
  5.2851  2.1059  0.9690  0.5165 16.7797
  5.3116  4.4846  0.9951  0.1087 41.8857
  6.4950  1.7846  0.9178  1.5612 13.6734
  5.8512  1.7743  0.9866  1.1512 13.5758
  5.8792  2.3216  0.9745  2.9696 18.9184
  4.3885  1.6911  0.9876  1.2187 12.7899
  5.5020  0.6810  0.9818  0.2268  4.1192
  4.7198  2.7100  0.9953  1.6313 22.8578
  5.9641  0.3653  0.9892  1.6833  1.9413
  4.5970  3.6912  0.9688  2.5264 33.2072
  5.4150  3.8605  0.9743  0.6353 35.0384
  6.4513  0.3118  0.9872  1.3818  1.6125
  4.3385  4.2074  0.9756  0.9407 38.8269
  3.7522  1.9801  0.9882  2.0378 15.5521
  5.3533  2.2758  0.9805  0.8382 18.4607
  5.6773  1.9619  0.9743  2.1926 15.3749
  4.8084  2.8969  0.9957  2.2206 24.7888
  5.4488  4.0621  0.9925  1.6437 37.2346
  4.5966  1.9945  0.9720  2.1544 15.6913
  4.3860  1.6600  0.9790  1.8392 12.4979
  4.8981  2.6268  0.9936  1.8494 22.0049
  5.2256  2.6700  0.9755  1.6530 22.4473
  5.3114  3.1877  0.9975  2.1016 27.8339
  5.8411  3.6589  0.9911  1.4546 32.8583
  6.7596  0.6913  0.7528  1.6582  4.1961
  5.2831  4.1346  0.9715  0.5296 38.0289
  5.2178  1.6619  0.9752  1.7043 12.5158
  4.8564  2.0168  0.9682  2.0035 15.9082
  4.6306  4.0057  0.9899  0.7942 36.6190
  6.1384  3.1191  0.9850  0.7644 27.1111
  6.1968  2.4615  0.9821  2.6796 20.3248
  4.4720  4.0252  0.9703  1.5589 36.8321
  5.3286  3.2931  0.9839  1.7052 28.9490
  5.0164  1.4027  0.9778  1.6446 10.1326
  6.9128  2.0932  0.8649  1.2982 16.6552
  5.5043  3.9227  0.9866  1.7232 35.7145
  6.0591  3.7860  0.9922  1.1640 34.2309
  5.2795  4.1906  0.9771  2.3465 38.6432
  5.5913  1.4194  0.9755  1.5264 10.2830
  4.7855  4.2395  0.9925  1.4766 39.1803
  5.9156  3.6580  0.9769  1.5519 32.8488
  4.2238  2.1751  0.9848  1.4140 17.4618
  4.9731  2.8589  0.9898  0.5546 24.3950
  5.1096  1.2983  0.9787  1.0881  9.1996
  5.8056  2.1520  0.9749  1.7414 17.2338
  4.7252  1.8451  0.9900  1.0669 14.2507
  6.6820  4.3390  0.9718  2.0929 40.2761
  5.3700  3.3774  0.9945  1.2555 29.8443
  5.2194  0.9903  0.9927  1.6629  6.5586
  5.8206  1.4372  0.9907  0.7895 10.4445
  5.3937  1.7838  0.9688  2.2182 13.6657
  5.2601  3.2874  0.9963  0.8047 28.8882
  5.5043  2.7209  0.9682  0.1151 22.9701
  4.7981  1.7399  0.9765  0.3580 13.2500
  5.0591  3.0786  0.9832  2.1293 26.6857
  4.3906  1.2627  0.9944  2.0747  8.8853
  6.8026  1.0537  0.5330  1.0733  7.0872
  5.6066  1.5280  0.9675  1.1545 11.2738
  4.7332  2.8312  0.9736  1.3426 24.1078
  5.3516  4.2611  0.9681  1.2099 39.4175
  4.1674  1.7432  0.9821  0.7835 13.2807
  4.8718  1.0271  0.9978  0.8909  6.8639
  4.6565  2.0394  0.9714  1.6220 16.1290
  5.7095  4.3261  0.9942  0.8019 40.1343
  5.0679  1.6409  0.9542  1.6747 12.3195
  5.5816  1.3903  0.9933  0.6334 10.0208
  5.2303  3.0984  0.9799  2.0523 26.8936
  6.8882  2.9079  0.4607  0.3585 24.9036
  4.8910  2.4304  0.9980  1.7862 20.0112
  6.1271  2.3564  0.9831  1.4958 19.2666
  4.6230  1.8652  0.9980  1.7424 14.4432
  4.6103  1.5407  0.9935  1.3670 11.3901
  4.9220  0.6276  0.9980  0.5976  3.7259
  4.8707  2.2841  0.9980  1.4979 18.5440
  5.2816  2.3901  0.9917  1.0416 19.6055
  5.5602  2.6233  0.9837  1.1733 21.9690
  6.7858  1.5168  0.4772  1.7082 11.1708
  5.5863  3.4480  0.9950  0.3311 30.5969
  5.9125  2.4574  0.9788  0.4668 20.2833
  5.6580  2.5432  0.9907  0.4117 21.1534
  5.6007  1.0624  0.9868  0.5998  7.1598
  5.6570  3.3378  0.9864  1.3706 29.4232
  5.5418  1.4048  0.9852  1.4709 10.1518
  4.2144  4.0989  0.9915  2.1966 37.6371
  5.4574  2.9347  0.9758  1.4190 25.1825
  4.9388  2.9776  0.9926  2.3098 25.6290
  5.2278  1.3775  0.9971  2.2110  9.9058
  4.4248  3.6012  0.9835  2.5728 32.2380
  5.3008  3.8904  0.9822  1.6393 35.3635
  4.5298  1.4259  0.9712  0.4866 10.3423
  6.2222  3.5646  0.9937  0.2888 31.8452
  5.0303  2.1893  0.9980  0.4542 17.6020
  5.9571  3.9564  0.9923  2.2197 36.0813
  6.6048  1.3902  0.9288  2.2588 10.0201
  5.2706  2.6002  0.9794  0.6483 21.7331
  5.7540  2.3535  0.9705  1.8844 19.2379
  5.0987  2.6030  0.9770  1.0246 21.7619
  4.8356  1.6928  0.9722  0.7813 12.8055
  5.2323  1.4580  0.9931  0.1890 10.6338
  6.0999  2.0583  0.9962  1.6878 16.3134
  5.5175  2.6936  0.9980  1.2981 22.6892
  5.2407  2.7024  0.9670  2.6739 22.7796
  5.7670  2.6427  0.9925  0.8546 22.1682
  6.1343  1.6201  0.9705  0.4124 12.1253
  5.2203  3.5711  0.9964  0.5939 31.9145
  5.2619  1.4979  0.9674  1.1123 10.9977
  4.9396  4.2586  0.9980  1.4595 39.3900
  4.8017  1.8294  0.9671  2.4826 14.1009
  5.3233  2.1716  0.9936  1.0520 17.4276
  5.2869  1.8442  0.9849  1.2641 14.2422
  5.3623  1.6655  0.9918  1.8327 12.5497
  5.9374  2.8179  0.9811  0.7978 23.9706
  5.4939  2.9174  0.9911  1.7719 25.0025
  4.7320  3.7593  0.9764  1.3024 33.9425
  6.5715  2.8874  0.6706  0.4090 24.6900
  5.3411  3.7505  0.9928  1.3140 33.8472
  6.1929  1.1278  0.9748  1.0469  7.7150
  5.3699  2.2632  0.9980  0.1273 18.3354
  5.7824  3.3801  0.9980  2.4379 29.8727
  5.2696  3.3757  0.9801  0.9320 29.8259
  5.2405  3.1258  0.9924  2.4194 27.1825
  5.7094  3.0755  0.9687  1.9408 26.6537
  6.3024  3.1016  0.9090  1.6349 26.9282
  6.0576  1.6864  0.9721  1.5486 12.7454
  5.1019  1.5386  0.9938  2.5151 11.3706
  5.9449  2.0257  0.9854  1.5362 15.9952
  5.8964  4.3493  0.9913  0.6248 40.3899
  6.5180  2.1049  0.9521  0.7323 16.7701
  5.5529  0.9260  0.9894  0.4812  6.0311
  6.1473  1.6353  0.9786  0.8804 12.2679
  5.6595  0.1972  0.9728  0.6067  0.9558
  3.8254  1.5103  0.9745  1.8761 11.1112
  6.2215  1.1861  0.9683  1.6761  8.2169
  4.3259  3.6898  0.9805  0.5138 33.1914
  6.7242  2.0694  0.6470  2.1911 16.4224
  5.8466  1.4279  0.9744  1.0510 10.3604
  6.4589  4.2051  0.8516  0.8301 38.8018
  6.0291  2.3809  0.9860  2.0931 19.5124
  4.0812  2.7022  0.9725  2.0186 22.7772
  5.4791  4.3780  0.9980  2.0938 40.7069
  3.5782  4.0164  0.9892  1.9224 36.7361
  5.7814  2.6013  0.9910  2.1410 21.7443
  4.1927  0.7472  0.9840  0.9497  4.6195
  6.2312  3.7194  0.9815  2.4495 33.5107
  5.4968  3.2006  0.9980  1.4252 27.9700
  6.3218  2.3081  0.9823  1.8952 18.7831
  4.7765  1.8246  0.9832  1.0867 14.0546
  5.2530  2.5564  0.9703  1.8603 21.2876
  4.3856  3.7232  0.9689  0.7906 33.5521
  6.0734  1.4922  0.9962  1.2333 10.9455
  5.2679  1.6486  0.9967  0.4001 12.3915
  5.5826  3.1593  0.9736  2.1649 27.5350
  5.3375  3.4416  0.9752  2.4825 30.5280
  5.7915  2.4841  0.9872  2.7095 20.5530
  5.9221  1.8003  0.9964  0.9021 13.8228
  5.5803  2.7429  0.9813  2.1942 23.1965
  6.7053  1.4816  0.7437  0.3890 10.8482
  5.4769  1.3001  0.9980  2.3970  9.2156
  5.0028  3.2680  0.9745  0.4744 28.6823
  4.7670  2.1093  0.9925  2.5188 16.8139
  4.9282  2.8564  0.9851  1.0691 24.3688
  5.7004  0.9938  0.9667  0.1186  6.5870
  5.0186  2.6034  0.9787  0.3519 21.7663
  4.9433  2.2439  0.9953  0.3247 18.1440
  5.3731  1.9530  0.9800  0.9757 15.2896
  5.5503  0.7681  0.9709  0.9924  4.7799
  5.4976  1.8758  0.9667  1.3788 14.5447
  5.6113  2.6020  0.9932  0.4621 21.7524
  6.2204  3.4540  0.9767  1.4917 30.6609
  5.2607  1.4807  0.9731  1.6923 10.8404
  5.1935  1.1026  0.9679  2.0122  7.5000
  5.2807  1.0748  0.9870  1.6186  7.2649
  6.1685  1.9791  0.9730  0.6093 15.5423
  5.1335  1.6106  0.9784  1.9983 12.0369
  4.4248  4.0095  0.9683  0.1183 36.6601
  5.6664  2.0094  0.9924  1.0470 15.8370
  5.5711  4.4453  0.9929  0.5667 41.4510
  5.0354  3.3336  0.9887  2.3745 29.3786
  5.3449  2.6768  0.9685  1.3551 22.5175
  5.4268  4.3920  0.9935  1.7549 40.8613
  5.9240  1.1553  0.9814  0.6183  7.9510
  5.0903  2.5122  0.9980  1.1659 20.8380
  5.6815  2.7310  0.9978  2.0929 23.0741
  4.7657  4.1337  0.9829  0.9839 38.0187
  4.4039  3.4453  0.9769  1.1338 30.5680
  5.5711  1.2763  0.9956  1.8038  9.0051
  5.3119  1.8414  0.9805  2.3324 14.2151
  5.1454  3.2838  0.9695  1.0958 28.8496
  5.7795  1.8675  0.9847  1.3072 14.4651
  6.4254  1.7783  0.9565  0.5762 13.6138
  5.9860  0.9623  0.9888  2.6939  6.3275
  5.1309  2.5494  0.9761  1.9098 21.2157
  4.5063  4.1053  0.9714  1.5548 37.7079
  5.8748  2.1729  0.9944  1.3916 17.4403
  5.2790  4.2632  0.9954  0.3965 39.4405
  5.4202  3.9363  0.9805  1.3422 35.8627
  5.2315  3.7359  0.9702  0.6421 33.6898
  6.3055  2.9136  0.9972  1.8587 24.9624
  5.6606  1.9358  0.9689  0.2701 15.1231
  5.6601  2.1361  0.9922  1.7747 17.0772
  5.4614  4.4306  0.9789  1.2348 41.2883
  5.3895  1.5709  0.9764  1.2537 11.6695
  5.4762  3.9985  0.9821  0.8441 36.5398
  5.0796  2.5604  0.9980  0.9905 21.3282
  5.7291  0.8730  0.9803  0.8791  5.6042
  5.0744  0.7761  0.9935  0.8062  4.8417
  5.5234  1.9288  0.9758  1.9936 15.0547
  5.7715  1.4861  0.9881  2.4871 10.8900
  6.8269  2.3558  0.5677  2.2626 19.2613
  5.0998  3.9485  0.9959  0.6639 35.9957
  4.5297  0.5885  0.9724  1.0916  3.4437
  4.8038  1.7724  0.9936  2.2795 13.5578
  5.8928  1.7936  0.9729  2.5394 13.7592
  5.6394  4.4418  0.9765  2.3328 41.4117
  4.2660  1.8712  0.9856  0.6604 14.5004
  5.3330  2.9799  0.9980  1.6683 25.6534
  4.0287  0.2193  0.9947  1.6480  1.0774
  5.1272  0.6512  0.9868  2.0215  3.8984
  4.7389  1.0304  0.9823  0.1167  6.8919
  5.7573  3.3875  0.9796  0.2063 29.9520
  5.1684  1.0930  0.9980  0.8292  7.4191
  5.5245  2.2431  0.9980  1.5584 18.1355
  4.4727  2.4581  0.9796  2.0674 20.2903
  5.6108  4.0407  0.9767  2.2154 37.0013
  4.8663  1.6268  0.9773  1.8437 12.1877
  5.5802  4.2986  0.9904  2.5701 39.8303
  5.3382  2.0570  0.9864  1.0280 16.3005
  5.0848  2.6862  0.9698  1.2204 22.6132
  5.7330  3.7669  0.9858  0.7779 34.0243
  4.8515  2.2031  0.9850  2.4800 17.7392
  5.4463  1.4690  0.9747  0.5960 10.7336
  3.9218  2.2136  0.9980  1.2720 17.8428
  4.8083  1.3535  0.9848  0.3659  9.6904
  5.0178  1.1614  0.9771  1.1196  8.0038
  5.8603  2.1396  0.9965  0.8245 17.1117
  5.2685  0.8306  0.9739  1.4225  5.2675
  5.4733  1.6837  0.9858  1.8489 12.7200
  5.4343  3.6656  0.9797  1.1586 32.9309
  4.9347  1.8571  0.9980  0.9359 14.3652
  6.3153  2.9909  0.9902  2.0305 25.7681
  6.2472  1.0185  0.9928  0.9801  6.7923
  5.8454  2.5642  0.9980  1.2365 21.3667
  5.0550  2.0379  0.9980  0.7780 16.1148
  5.9352  1.4257  0.9797  2.2490 10.3403
  5.6921  2.7967  0.9737  1.8364 23.7507
  4.8073  4.2296  0.9678  1.1378 39.0718
  5.4841  1.8787  0.9841  1.0321 14.5732
  6.2436  2.3209  0.9782  0.5353 18.9114
  5.8685  0.6098  0.9765  1.6406  3.5964
  4.2220  1.6154  0.9904  0.6476 12.0824
  5.7799  2.3174  0.9852  1.2289 18.8767
  5.0066  1.9384  0.9809  2.9258 15.1482
  4.8283  3.9517  0.9774  1.6742 36.0298
  6.6063  1.7920  0.6852  0.3954 13.7438
  5.4614  3.3548  0.9802  0.8988 29.6043
  6.1251  1.4737  0.9769  1.1407 10.7767
  5.7182  1.3746  0.9907  1.4834  9.8797
  6.6592  1.3654  0.7487  0.1462  9.7972
  5.3574  1.8751  0.9903  2.6344 14.5382
  5.2129  1.4627  0.9955  1.8776 10.6761
  5.1296  0.6641  0.9694  1.3933  3.9936
  4.9036  2.4996  0.9980  1.4925 20.7108
  4.9015  3.7195  0.9927  0.4415 33.5119
  5.7066  2.6136  0.9677  2.1130 21.8700
  5.8135  1.3521  0.9911  2.0747  9.6786
  4.8896  3.5145  0.9911  0.4665 31.3080
  6.4591  3.0603  0.9374  2.3503 26.4944
  6.1923  2.7340  0.9797  2.9874 23.1048
  4.9949  1.4146  0.9810  0.4419 10.2397
  5.4529  1.4377  0.9952  0.7851 10.4490
  5.9064  3.8776  0.9868  2.8609 35.2237
  5.9123  3.5952  0.9979  0.5337 32.1736
  5.4451  1.8710  0.9735  0.9809 14.4990
  5.8331  1.7633  0.9752  1.0821 13.4711
  5.4616  1.7360  0.9930  2.1686 13.2127
  4.3470  3.4404  0.9947  0.3705 30.5157
  4.1371  0.6793  0.9745  1.2137  4.1066
  5.3127  2.8478  0.9679  2.7914 24.2800
  5.0070  2.8179  0.9672  1.6224 23.9700
  6.9748  3.1660  0.3792  0.7637 27.6052
  5.1119  1.5898  0.9864  2.4218 11.8438
  4.7201  3.7711  0.9747  1.0137 34.0695
  5.1789  2.9255  0.9883  0.9390 25.0860
  6.5065  2.1507  0.8131  0.0679 17.2210
  6.1779  1.9902  0.9790  1.2858 15.6496
  5.5144  1.6963  0.9896  1.6377 12.8390
  5.7614  1.5664  0.9784  3.0668 11.6275
  5.0820  2.2933  0.9870  0.8327 18.6353
  5.1910  1.4212  0.9900  2.2246 10.2994
  4.5963  2.7219  0.9961  1.7485 22.9799
  4.9509  3.0089  0.9757  2.2050 25.9561
  4.7334  2.5012  0.9856  0.5413 20.7271
  5.9890  2.3456  0.9701  1.4368 19.1589
  6.2780  4.4661  0.9704  1.3279 41.6813
  4.9585  2.9321  0.9781  2.5218 25.1550
  5.2170  2.3222  0.9956  1.0547 18.9243
  4.8056  2.5776  0.9727  1.1095 21.5029
  6.5517  3.2389  0.8058  1.1891 28.3748
  5.2817  2.9239  0.9850  0.8755 25.0698
  5.5239  2.9284  0.9740  0.8617 25.1171
  5.0875  4.0225  0.9791  1.5707 36.8021
  5.1916  1.0812  0.9958  1.1749  7.3188
  4.6838  2.3674  0.9968  1.2376 19.3775
  5.2926  3.3704  0.9767  0.5610 29.7695
  5.2531  1.8764  0.9804  0.2392 14.5510
  4.4470  1.8130  0.9961  1.4546 13.9440
  5.9727  1.9834  0.9890  0.5033 15.5837
  5.4179  2.2527  0.9980  0.8860 18.2316
  5.0407  3.4569  0.9973  1.6124 30.6917
  6.4072  1.5681  0.9199  1.6620 11.6430
  5.3466  2.0026  0.9980  1.8317 15.7708
  5.2443  3.3487  0.9841  2.0521 29.5385
  4.1085  1.9003  0.9683  0.2589 14.7808
  5.3907  1.0576  0.9816  1.6749  7.1198
  5.5925  2.2578  0.9906  1.9590 18.2822
  5.1905  0.7754  0.9713  1.6379  4.8369
  5.9825  0.4907  0.9871  0.4695  2.7608
  4.7474  2.9644  0.9689  0.5775 25.4915
  5.1253  1.3789  0.9824  0.7755  9.9181
  5.4440  2.7506  0.9862  1.2725 23.2752
  5.0465  1.4880  0.9972  0.3565 10.9073
  6.1142  0.8077  0.9845  0.9650  5.0883
  5.2561  1.8093  0.9683  1.8961 13.9084
  6.0234  1.3531  0.9862  1.2687  9.6870
  5.3892  1.7850  0.9980  0.3381 13.6774
  4.9029  4.3742  0.9932  1.2912 40.6651
  3.5712  2.4135  0.9963  2.2371 19.8402
  5.8040  3.2079  0.9840  1.4638 28.0473
  5.7982  3.3900  0.9919  2.0950 29.9781
  3.6253  4.0279  0.9813  1.8534 36.8610
  5.0382  3.4669  0.9967  0.7584 30.7984
  5.5937  1.0688  0.9702  0.2568  7.2142
  4.8709  3.6416  0.9980  1.8827 32.6722
  4.9813  3.0199  0.9980  1.3728 26.0709
  5.5150  4.1618  0.9788  1.4915 38.3266
  6.4512  2.5653  0.9951  0.8315 21.3777
  6.5854  2.2086  0.7594  0.7331 17.7931
  6.2241  1.3807  0.9878  2.0954  9.9345
  5.4528  1.4833  0.9941  1.9819 10.8643
  5.9315  2.6874  0.9696  0.2153 22.6254
  5.7013  2.4589  0.9918  1.1988 20.2987
  4.6228  3.0784  0.9680  0.3615 26.6839
  5.2415  2.0938  0.9937  0.7220 16.6616
  3.9392  1.5257  0.9940  2.4129 11.2527
  5.3164  1.5656  0.9724  2.0392 11.6198
  3.8339  2.6745  0.9687  1.2889 22.4930
  5.2387  0.5166  0.9795  0.1182  2.9386
  5.5080  1.5814  0.9944  0.8594 11.7666
  5.4961  3.8158  0.9804  1.7217 34.5533
  5.1871  3.6798  0.9802  2.6068 33.0835
  6.4625  3.6494  0.9514  0.5635 32.7564
  5.0391  2.7045  0.9846  2.7589 22.8009
  5.7562  0.7364  0.9771  2.2084  4.5367
  4.8630  1.1315  0.9737  2.5242  7.7467
  4.2561  2.1035  0.9919  0.9603 16.7567
  4.8241  2.1810  0.9936  2.0288 17.5203
  5.4233  0.7292  0.9980  0.5668  4.4826
  5.2078  1.5327  0.9726  1.6638 11.3167
  5.1412  1.8177  0.9786  0.8035 13.9893
  6.8324  1.9619  0.4042  1.7230 15.3753
  5.3752  3.6123  0.9727  1.8980 32.3572
  6.6108  1.0835  0.7749  1.1355  7.3380
  3.8393  4.0118  0.9763  0.7628 36.6859
  5.9478  1.9581  0.9725  0.7010 15.3387
  3.9659  1.9850  0.9701  1.8881 15.5990
  3.9783  2.3827  0.9875  0.7674 19.5308
  5.2245  2.4713  0.9684  0.5952 20.4244
  5.1229  3.5588  0.9673  0.9297 31.7826
  4.8431  3.5936  0.9827  1.2668 32.1566
  3.8225  3.6826  0.9735  1.1571 33.1142
  5.5503  4.1710  0.9767  0.8073 38.4281
  4.2496  2.2437  0.9952  1.7212 18.1420
  5.0304  4.1071  0.9680  1.5995 37.7272
  6.1366  2.1151  0.9689  0.6986 16.8701
  5.1905  2.7890  0.9945  2.0266 23.6718
  5.5272  1.9566  0.9862  0.7709 15.3236
  5.1056  2.5169  0.9742  1.2284 20.8855
  5.4213  0.9072  0.9829  0.6255  5.8795
  4.8061  2.7222  0.9891  1.4019 22.9836
  6.2733  2.3135  0.9709  1.9273 18.8372
  4.5869  3.0150  0.9777  1.1708 26.0201
  5.3834  3.3942  0.9897  0.3626 30.0226
  5.8052  2.2275  0.9931  1.6508 17.9812
  5.0004  1.4120  0.9743  0.7655 10.2168
  5.3891  2.2434  0.9917  1.1646 18.1384
  5.9229  2.6179  0.9691  1.4066 21.9143
  6.0473  3.8445  0.9734  0.8679 34.8646
  4.7696  1.3226  0.9857  0.5270  9.4154
  6.8299  3.1062  0.6301  2.1180 26.9758
  6.0757  1.7676  0.9784  2.3501 13.5124
  4.5532  2.8553  0.9723  2.1517 24.3578
  4.7384  3.2289  0.9731  2.0259 28.2688
  4.7718  2.2182  0.9912  2.1003 17.8886
  5.6377  3.0282  0.9667  1.5360 26.1583
  5.6444  4.2243  0.9980  0.7556 39.0126
  4.2316  4.2079  0.9781  0.8253 38.8331
  4.8847  1.2923  0.9673  0.3971  9.1462
  5.4994  3.5458  0.9675  0.8096 31.6432
  5.7244  0.5480  0.9832  0.5767  3.1568
  5.0227  1.3400  0.9914  0.9306  9.5704
  5.5541  4.2333  0.9822  1.9543 39.1117
  4.3850  0.9688  0.9917  2.1624  6.3815
  5.4627  1.3866  0.9878  2.0082  9.9878
  5.1888  3.0870  0.9681  1.0790 26.7745
  5.7281  0.6525  0.9817  2.0978  3.9084
  4.0338  1.1203  0.9816  0.1733  7.6510
  5.1995  1.2767  0.9894  0.3945  9.0093
  5.5273  1.9311  0.9788  1.4804 15.0774
  5.9872  0.7118  0.9943  0.4254  4.3502
  3.9845  1.4399  0.9804  1.7086 10.4691
  5.4557  1.1412  0.9802  1.3394  7.8302
  5.7750  1.3979  0.9776  0.9571 10.0892
  4.8226  3.0958  0.9846  2.6528 26.8671
  5.1972  1.7115  0.9851  0.4090 12.9818
  4.0996  0.7706  0.9906  0.5546  4.7993
  5.5979  1.4407  0.9800  0.7092 10.4763
  4.5860  4.0779  0.9798  1.8562 37.4080
  5.2246  2.3297  0.9689  1.7021 18.9992
  6.4244  2.9247  0.8777  1.4362 25.0786
  5.6934  1.7601  0.9824  1.4895 13.4407
  4.8656  1.8507  0.9943  0.2105 14.3039
  5.0001  1.8520  0.9886  0.4205 14.3170
  5.8276  3.3334  0.9980  1.6058 29.3763
  5.2005  0.7117  0.9678  1.5515  4.3500
  5.1011  0.3591  0.9711  1.7633  1.9025
  6.2636  1.1604  0.9980  0.8299  7.9953
  4.1985  2.7335  0.9851  0.3128 23.0994
  5.3887  3.9317  0.9889  0.2499 35.8125
  5.2254  1.5463  0.9851  0.8949 11.4419
  5.5053  2.3318  0.9805  0.9203 19.0203
  5.4798  3.9797  0.9737  2.5098 36.3349
  4.9568  3.2863  0.9932  1.5221 28.8769
  5.5533  1.4182  0.9834  0.9763 10.2726
  4.8033  3.0065  0.9683  1.5470 25.9311
  5.3132  3.2802  0.9894  2.2909 28.8115
  4.0627  3.5022  0.9725  0.8591 31.1757
  5.7035  2.0034  0.9688  1.3824 15.7780
  4.6669  3.4442  0.9845  0.5279 30.5559
  4.0922  4.4295  0.9711  0.2497 41.2765
  5.8677  2.8544  0.9698  0.4442 24.3485
  5.2444  2.5511  0.9959  0.3861 21.2333
  4.5815  3.8516  0.9973  1.7802 34.9418
  5.3717  3.4726  0.9857  0.6953 30.8600
  5.1894  1.2556  0.9882  1.6944  8.8229
  4.7407  1.7484  0.9805  2.0026 13.3302
  6.0812  2.4114  0.9957  0.7923 19.8200
  5.2334  3.6433  0.9694  1.7214 32.6905
  6.0429  1.1075  0.9960  0.3040  7.5418
  5.1328  1.7948  0.9686  2.1591 13.7707
  5.6672  2.7008  0.9836  1.2141 22.7635
  3.9070  1.9453  0.9773  2.9902 15.2146
  4.6629  1.3918  0.9818  0.9430 10.0346
  5.5769  3.7994  0.9856  2.2036 34.3757
  4.7685  2.9711  0.9912  2.0306 25.5618
  5.2893  2.6424  0.9754  0.9100 22.1651
  5.6814  1.1497  0.9800  1.2979  7.9026
  6.1691  2.2396  0.9930  0.7162 18.1005
  4.7769  2.1397  0.9743  2.3884 17.1128
  4.9821  1.0279  0.9854  1.6013  6.8708
  5.2360  0.8653  0.9785  2.3966  5.5432
  5.6598  2.1246  0.9788  0.2772 16.9637
  5.5019  3.9817  0.9980  0.4582 36.3570
  5.7785  3.2164  0.9793  1.0904 28.1365
  5.2407  3.3473  0.9674  0.5269 29.5239
  4.6096  3.0838  0.9979  0.4013 26.7410
  6.2860  3.3227  0.9716  2.2198 29.2624
  4.8597  2.8998  0.9723  0.8523 24.8194
  5.2705  1.8503  0.9776  0.5409 14.3004
  6.1855  2.9234  0.9980  1.5445 25.0644
  5.4245  1.9962  0.9791  0.3732 15.7083
  5.4108  1.5597  0.9671  1.0976 11.5653
  5.1886  3.3187  0.9759  1.8962 29.2204
  5.2725  2.1597  0.9882  1.9957 17.3096
  4.3326  3.6241  0.9859  1.9713 32.4842
  4.6308  4.4848  0.9853  0.6018 41.8883
  5.9131  0.8339  0.9815  1.1156  5.2941
  5.2093  2.5069  0.9703  2.8215 20.7846
  5.0563  3.5494  0.9980  1.0646 31.6813
  4.6437  0.9978  0.9781  0.5835  6.6203
  6.7328  3.0462  0.6329  1.8549 26.3465
  5.6603  1.3199  0.9698  1.2166  9.3914
  6.1781  1.6895  0.9761  2.3228 12.7747
  5.1064  3.6926  0.9891  0.2958 33.2218
  5.5782  1.6754  0.9980  2.5599 12.6430
  4.8492  2.1278  0.9719  0.2866 16.9950
  5.3216  1.6369  0.9687  1.9015 12.2820
  5.0281  2.3267  0.9980  1.5681 18.9699
  6.1039  0.0389  0.9846  0.7849  0.1692
  5.4080  2.8934  0.9980  2.2783 24.7530
  5.0238  2.4618  0.9836  2.0849 20.3281
  5.8402  3.7267  0.9720  1.2548 33.5903
  5.3568  2.2160  0.9827  1.5000 17.8663
  5.4027  0.5037  0.9894  0.4847  2.8497
  3.9446  4.4122  0.9751  0.2262 41.0849
  5.3031  1.0302  0.9848  1.4177  6.8902
  4.9824  1.5479  0.9805  1.0956 11.4564
  4.6472  1.9005  0.9818  0.9056 14.7821
  5.2455  1.5183  0.9880  0.6600 11.1843
  5.1674  2.7985  0.9980  2.5867 23.7693
  6.1721  2.9754  0.9941  1.0919 25.6067
  5.2828  2.6157  0.9741  0.8285 21.8914
  5.6606  3.5951  0.9929  0.9865 32.1718
  5.2027  3.7134  0.9975  0.4108 33.4467
  4.8922  2.6147  0.9980  1.7110 21.8817
  6.6945  3.4299  0.6655  0.7538 30.4037
  3.7155  3.5306  0.9693  2.5466 31.4804
  4.9348  1.6536  0.9933  2.3443 12.4385
  5.5043  3.5918  0.9955  1.8091 32.1369
  6.6400  3.0361  0.6445  0.6554 26.2404
  6.0724  2.9338  0.9725  0.6420 25.1728
  4.7790  1.7526  0.9795  2.3351 13.3705
  5.4585  1.3796  0.9883  1.2133  9.9243
  6.0146  1.2999  0.9823  1.1582  9.2135
  5.3625  1.9739  0.9885  0.7183 15.4919
  6.2145  2.5121  0.9718  2.3520 20.8375
  4.8056  0.9591  0.9782  1.8105  6.3014
  4.8487  1.9736  0.9903  2.7524 15.4890
  5.7074  4.2491  0.9768  1.0249 39.2855
  3.9947  2.5767  0.9770  1.6891 21.4940
  6.8782  1.0491  0.4761  2.2547  7.0485
  5.1789  2.1611  0.9980  2.1202 17.3238
  5.0541  3.1024  0.9850  0.4657 26.9357
  6.0872  2.6466  0.9927  0.8415 22.2075
  4.6594  2.3241  0.9734  1.5501 18.9432
  5.1772  0.9474  0.9977  2.3241  6.2054
  5.6597  1.6856  0.9870  2.3389 12.7386
  6.0080  0.9139  0.9846  1.5787  5.9336
  5.3240  1.3796  0.9980  1.4016  9.9249
  6.0765  1.5041  0.9821  3.0371 11.0539
  4.7154  2.5237  0.9885  1.4164 20.9554
  5.5604  3.6064  0.9795  2.6419 32.2936
  5.4500  3.5787  0.9715  1.9034 31.9965
  5.6829  2.6483  0.9822  0.7722 22.2253
  5.2625  2.3472  0.9702  0.6889 19.1745
  5.3739  3.3873  0.9905  1.8842 29.9493
  5.6139  3.7158  0.9705  1.1679 33.4724
  5.3888  2.5044  0.9980  0.3300 20.7596
  4.5915  2.4793  0.9964  2.8078 20.5046
  6.0241  1.4934  0.9859  1.0023 10.9567
  5.5532  1.7726  0.9671  0.8638 13.5600
  3.6410  0.5034  0.9795  1.2403  2.8474
  4.7595  2.9865  0.9835  1.4954 25.7222
  5.1754  3.7744  0.9900  0.3157 34.1051
  4.9054  2.8796  0.9851  0.3569 24.6098
  4.2360  1.1784  0.9759  1.8906  8.1501
  4.7763  3.0351  0.9850  1.6050 26.2304
  5.3865  4.1844  0.9678  1.7967 38.5744
  5.6934  3.1023  0.9949  1.2935 26.9356
  5.1578  0.7089  0.9808  2.3563  4.3285
  5.0448  4.2469  0.9775  1.8101 39.2614
  4.6434  3.7159  0.9963  1.1919 33.4733
  6.0545  2.1212  0.9853  2.2749 16.9301
  6.3910  3.1024  0.9908  0.9421 26.9364
  5.4119  1.1287  0.9853  1.0080  7.7226
  3.9821  4.2481  0.9802  2.5727 39.2748
  5.5544  4.3267  0.9673  0.2261 40.1409
  5.3386  4.1152  0.9765  1.1929 37.8159
  4.9238  2.3019  0.9978  2.1025 18.7213
  5.0774  1.6775  0.9881  0.4154 12.6622
  5.0371  2.0393  0.9923  2.6639 16.1283
  4.0563  1.9917  0.9729  1.2208 15.6649
  4.5273  1.0030  0.9783  1.8029  6.6635
  4.9015  2.4939  0.9668  2.4110 20.6530
  5.5445  2.3743  0.9825  1.9790 19.4469
  5.0311  2.8056  0.9764  3.0097 23.8434
  5.3062  3.3915  0.9691  0.5870 29.9947
  4.4954  3.4944  0.9807  1.5582 31.0927
  5.2293  3.2231  0.9786  1.3013 28.2078
  4.8488  4.1780  0.9724  2.3982 38.5048
  6.1913  3.0416  0.9845  0.2784 26.2986
  5.2534  1.8551  0.9831  2.7799 14.3465
  4.8371  3.1327  0.9737  2.8706 27.2544
  4.5958  2.6458  0.9797  1.1111 22.1999
  4.7672  2.1699  0.9718  1.7683 17.4108
  4.6266  3.3024  0.9677  0.4715 29.0472
  6.1200  1.7451  0.9953  1.2857 13.2991
  5.5266  3.2024  0.9849  2.1355 27.9889
  5.5249  2.1052  0.9855  2.2267 16.7728
  3.8536  4.3093  0.9798  1.1141 39.9483
  5.3774  1.2234  0.9850  1.5003  8.5416
  5.0612  2.5835  0.9840  0.1272 21.5635
  4.0106  1.1583  0.9797  0.6626  7.9773
  5.3115  2.8037  0.9780  1.7287 23.8238
  4.4795  2.4546  0.9750  1.9600 20.2555
  5.2854  2.0839  0.9752  0.7302 16.5642
  3.9916  0.8955  0.9684  0.8415  5.7852
  6.1777  1.0372  0.9980  2.2888  6.9489
  5.6729  1.7972  0.9745  1.9241 13.7932
  5.8120  2.8513  0.9950  1.7135 24.3160
  5.0267  3.1934  0.9955  1.8764 27.8944
  5.1724  1.5154  0.9733  1.2692 11.1577
  5.4536  4.1055  0.9835  0.5125 37.7102
  6.1868  3.3911  0.9817  0.4084 29.9906
  4.9382  1.5429  0.9771  0.8562 11.4103
  5.5889  0.7198  0.9914  1.6124  4.4109
  5.6983  1.4443  0.9916  1.1851 10.5090
  6.5238  3.4925  0.9891  1.6309 31.0719
  5.5233  4.1480  0.9980  0.6970 38.1758
  5.4274  2.4043  0.9698  1.2337 19.7479
  5.4925  3.1724  0.9972  2.5718 27.6729
  4.7656  3.4679  0.9778  0.9977 30.8095
  5.3204  1.9267  0.9811  0.6171 15.0348
  6.2542  3.0412  0.9762  0.8120 26.2942
  5.3883  3.5312  0.9695  1.0478 31.4867
  5.7117  2.6973  0.9905  0.5129 22.7271
  5.8712  4.2936  0.9929  0.8870 39.7754
  4.9862  2.9101  0.9957  1.9826 24.9260
  4.9425  0.8681  0.9884  2.9234  5.5653
  5.2664  2.9000  0.9707  1.2265 24.8208
  5.1959  1.6926  0.9812  1.1136 12.8045
  5.1347  3.3821  0.9919  1.0178 29.8940
  5.1876  4.1881  0.9979  1.6822 38.6152
  5.2023  3.1352  0.9955  2.9550 27.2811
  5.2600  1.6983  0.9707  0.7249 12.8579
  5.8176  1.8317  0.9719  1.9015 14.1220
  5.1082  1.2180  0.9804  0.6529  8.4942
  5.5394  3.9296  0.9730  1.2640 35.7894
  5.2661  1.6031  0.9980  0.9365 11.9675
  4.1483  1.9792  0.9742  1.6832 15.5426
  5.1269  2.5483  0.9886  2.0776 21.2046
  3.5319  4.1176  0.9678  2.2123 37.8419
  4.7557  3.7791  0.9672  2.4348 34.1560
  5.5936  3.7421  0.9971  0.6614 33.7559
  5.4749  3.4171  0.9796  0.5053 30.2668
  5.1550  2.2901  0.9721  1.6656 18.6038
  6.1487  2.1319  0.9925  1.0692 17.0356
  5.3910  2.2852  0.9880  1.2516 18.5552
  4.0844  2.9402  0.9762  0.0836 25.2390
  4.7084  2.0345  0.9897  1.6265 16.0811
  5.1316  1.6680  0.9730  1.7973 12.5736
  5.9895  3.0496  0.9692  2.3635 26.3822
  5.6348  1.0362  0.9830  1.9178  6.9403
  5.2474  2.2432  0.9734  0.5876 18.1371
  5.0180  3.9151  0.9820  0.8847 35.6319
  5.2050  2.1428  0.9926  1.8597 17.1430
  4.2255  4.1930  0.9814  2.0540 38.6695
  4.4230  1.0725  0.9875  2.2865  7.2455
  5.3142  3.6406  0.9962  1.3571 32.6618
  5.5156  1.6926  0.9682  1.2809 12.8039
  5.4725  2.3676  0.9679  1.9946 19.3795
  6.4845  1.9075  0.9026  1.2296 14.8500
  5.1126  1.3385  0.9825  0.5045  9.5567
  4.3779  0.6940  0.9688  2.4455  4.2166
  5.6887  1.3247  0.9744  0.8657  9.4342
  4.5599  2.0276  0.9781  2.1962 16.0138
  5.2710  2.6909  0.9855  1.3253 22.6612
  5.6023  2.1601  0.9817  1.1899 17.3135
  5.3169  3.9539  0.9788  0.9021 36.0544
  6.0298  1.7187  0.9879  2.3787 13.0495
  5.6493  2.7383  0.9954  2.4489 23.1484
  5.8600  0.6689  0.9786  2.2880  4.0294
  5.7854  3.2875  0.9980  1.0709 28.8892
  4.3293  1.6076  0.9668  0.4396 12.0093
  4.8466  2.7934  0.9868  1.4436 23.7170
  4.6277  4.0636  0.9856  2.0582 37.2518
  5.0252  1.2962  0.9926  0.7839  9.1813
  4.5540  4.2681  0.9720  1.0038 39.4954
  5.5691  2.1336  0.9701  2.3961 17.0524
  5.2204  2.3790  0.9880  2.1042 19.4935
  3.7354  2.4640  0.9731  2.8672 20.3500
  4.9070  2.2511  0.9826  0.1925 18.2155
  5.0141  4.3715  0.9846  2.5537 40.6355
  3.6644  2.0807  0.9757  0.8674 16.5333
  5.2542  3.2892  0.9915  2.5062 28.9076
  5.6951  0.4783  0.9836  2.6791  2.6769
  5.7731  1.6663  0.9802  0.5085 12.5576
  5.2655  1.5814  0.9830  2.1967 11.7663
  4.9257  2.2226  0.9918  1.2631 17.9317
  5.1111  0.6297  0.9742  2.1175  3.7411
  5.7747  3.7912  0.9884  1.2309 34.2871
  5.9360  2.7327  0.9772  2.1468 23.0908
  5.9737  1.8509  0.9723  0.2917 14.3059
  3.9258  2.4210  0.9929  1.1736 19.9161
  4.8771  4.1964  0.9678  1.3061 38.7064
  5.8679  2.9695  0.9816  1.4344 25.5444
  4.6377  2.2314  0.9980  0.6533 18.0192
  3.8414  2.9632  0.9933  1.4052 25.4792
  4.8392  3.6727  0.9980  1.2317 33.0076
  6.7970  1.1729  0.5714  0.8334  8.1026
  5.3639  1.1941  0.9783  1.4384  8.2867
  5.9979  0.7025  0.9907  1.2088  4.2805
  5.3897  2.6038  0.9685  0.7893 21.7698
  5.0375  3.4961  0.9718  0.1448 31.1108
  3.5809  1.7386  0.9849  1.0259 13.2373
  5.1445  1.6337  0.9712  2.0597 12.2526
  5.6127  3.4892  0.9760  2.0460 31.0368
  4.5928  2.2739  0.9862  2.4418 18.4426
  5.0389  2.2946  0.9839  2.0686 18.6483
  5.2050  2.1853  0.9891  0.7919 17.5623
  5.7288  1.9631  0.9865  0.4101 15.3866
  5.2343  4.0190  0.9899  1.2949 36.7642
  6.3181  2.5762  0.9771  1.1544 21.4884
  4.9035  0.8070  0.9912  0.5318  5.0822
  5.6890  1.3706  0.9980  1.0884  9.8444
  5.5162  4.1738  0.9927  0.4304 38.4586
  5.3203  3.3915  0.9924  1.2592 29.9938
  5.2048  2.3580  0.9766  1.0758 19.2829
  4.7282  4.4202  0.9821  0.6287 41.1734
  5.5070  1.7400  0.9698  1.6849 13.2505
  3.9379  3.1094  0.9936  0.4058 27.0096
  5.1896  1.7612  0.9980  2.3564 13.4516
  5.6368  2.0371  0.9929  1.2941 16.1063
  6.8102  4.1173  0.9787  1.9062 37.8385
  5.1972  0.7825  0.9942  2.2417  4.8915
  5.1830  3.9034  0.9862  1.8255 35.5042
  5.3012  1.5690  0.9746  1.8027 11.6513
  5.2876  3.5345  0.9902  0.3772 31.5216
  5.4513  1.5309  0.9810  0.3062 11.3001
  5.2197  4.0801  0.9690  0.5659 37.4321
  4.9021  1.4859  0.9736  0.7837 10.8882
  4.8937  2.4061  0.9838  2.1329 19.7659
  5.3802  1.5123  0.9682  2.7383 11.1296
  6.3839  2.2865  0.9736  1.2744 18.5677
  5.2206  3.3564  0.9943  1.2104 29.6212
  6.2949  1.0586  0.9679  1.4423  7.1279
  4.7701  3.1951  0.9837  0.4832 27.9118
  5.2257  3.1688  0.9975  2.3075 27.6347
  5.7877  2.5486  0.9760  2.2356 21.2081
  6.4108  3.4659  0.9210  0.6081 30.7875
  5.5190  3.0602  0.9804  2.5124 26.4932
  6.0513  1.5604  0.9948  0.5251 11.5721
  5.4046  2.9505  0.9750  1.1250 25.3469
  6.8428  4.1249  0.9967  0.3640 37.9226
  5.7705  1.0645  0.9850  0.8362  7.1783
  5.4328  1.8556  0.9695  1.4680 14.3511
  6.0866  3.5792  0.9760  1.4263 32.0012
  5.6683  1.7756  0.9707  1.9243 13.5884
  5.6550  3.6871  0.9862  0.8322 33.1622
  5.3015  1.2432  0.9824  2.0133  8.7142
  5.1648  1.0292  0.9786  1.6863  6.8818
  5.2473  1.6205  0.9691  1.0677 12.1292
  5.5551  2.8923  0.9682  2.2415 24.7412
  4.9628  3.9642  0.9784  2.2390 36.1659
  5.8499  0.9067  0.9768  1.6212  5.8753
  5.3995  3.5196  0.9736  1.4544 31.3628
  5.0136  2.5915  0.9766  1.7019 21.6447
  3.8019  4.2375  0.9980  2.1748 39.1577
  3.7414  1.4178  0.9681  1.0001 10.2693
  5.0907  4.3203  0.9941  1.2021 40.0704
  5.2436  4.4915  0.9953  1.7968 41.9621
  4.2819  0.6284  0.9869  1.8116  3.7315
  6.4444  2.7666  0.9066  2.5712 23.4404
  4.4822  0.4311  0.9834  0.6138  2.3630
  4.4718  1.3054  0.9851  1.3092  9.2626
  5.9280  3.3468  0.9847  0.6661 29.5184
  5.0776  1.7942  0.9951  1.2989 13.7650
  5.4224  1.7789  0.9923  0.3920 13.6191
  5.5838  3.0299  0.9923  0.2871 26.1759
  5.9848  2.5887  0.9979  1.0265 21.6159
  5.4007  2.4262  0.9894  1.1014 19.9685
  4.8365  0.6749  0.9945  1.2075  4.0737
  5.3084  2.7374  0.9789  1.5402 23.1397
  5.7517  2.3430  0.9797  1.8947 19.1324
  5.8397  0.9050  0.9714  0.6398  5.8614
  5.2531  1.5452  0.9842  2.8616 11.4319
  5.4260  2.0753  0.9724  0.6778 16.4801
  4.8897  1.6339  0.9880  1.7294 12.2545
  4.4811  4.0019  0.9757  1.7726 36.5769
  4.9795  3.4004  0.9824  1.5323 30.0893
  5.2134  3.0750  0.9938  1.1773 26.6490
  5.3969  1.6009  0.9681  2.4796 11.9471
  5.4367  2.2903  0.9974  0.7772 18.6058
  6.9796  1.3689  0.5383  1.2939  9.8290
  6.1677  1.7596  0.9671  0.8258 13.4363
  5.4716  1.7555  0.9737  1.4761 13.3977
  5.2666  4.0108  0.9923  0.9432 36.6745
  5.2689  0.9759  0.9693  2.2093  6.4398
  5.5620  2.9294  0.9731  1.2387 25.1272
  5.7765  3.0607  0.9931  1.1290 26.4983
  4.3851  3.6242  0.9709  2.1560 32.4849
  4.7036  3.1033  0.9797  1.8091 26.9455
  5.2600  1.1151  0.9811  1.9676  7.6071
  6.5870  0.6511  0.8581  0.1065  3.8976
  5.7680  2.5473  0.9842  2.6599 21.1943
  5.6046  3.2774  0.9834  0.2743 28.7825
  5.8927  2.0630  0.9675  1.3545 16.3592
  5.0429  1.7277  0.9752  1.5348 13.1347
  5.6890  1.3894  0.9951  1.2313 10.0131
  5.4163  4.1804  0.9804  1.4368 38.5303
  5.8416  1.5118  0.9915  1.5073 11.1246
  5.9344  2.9163  0.9944  0.9719 24.9906
  5.4736  2.1954  0.9722  1.6464 17.6623
  5.0950  2.0001  0.9793  1.3457 15.7465
  5.3288  2.2048  0.9668  1.2338 17.7552
  6.0340  1.6819  0.9831  0.8333 12.7031
  5.9878  1.9415  0.9853  0.6727 15.1778
  5.5431  2.5231  0.9980  1.8501 20.9490
  3.7765  4.1574  0.9859  1.8029 38.2789
  5.0567  4.3891  0.9850  2.6262 40.8296
  4.4221  0.2628  0.9931  1.0845  1.3238
  5.5695  3.1297  0.9936  2.4100 27.2234
  4.4010  2.0940  0.9934  1.7264 16.6637
  4.5555  1.4433  0.9980  1.0019 10.5001
  5.2574  2.7389  0.9904  0.6631 23.1555
  5.7638  3.9089  0.9761  0.7357 35.5640
  5.1000  3.9022  0.9976  1.4772 35.4920
  5.6053  4.0683  0.9790  1.2148 37.3022
  6.5249  2.9724  0.8991  0.7923 25.5753
  5.3281  3.9434  0.9887  2.1112 35.9394
  5.4912  4.3124  0.9895  1.0270 39.9824
  5.2803  1.9622  0.9887  0.4362 15.3780
  5.7163  2.7925  0.9736  1.0284 23.7072
  5.9512  1.8839  0.9719  1.5315 14.6231
  6.4049  1.0512  0.9953  1.2434  7.0661
  4.9657  1.0700  0.9819  2.0941  7.2242
  4.6327  2.5190  0.9815  1.3898 20.9076
  6.8273  1.0370  0.9483  2.3471  6.9473
  5.9242  3.8289  0.9873  0.7752 34.6963
  5.3446  2.1856  0.9967  2.8473 17.5656
  5.2129  3.0480  0.9895  1.1074 26.3649
  5.2755  3.0771  0.9816  1.0609 26.6703
  5.4987  1.3122  0.9698  1.7069  9.3227
  4.3281  3.8762  0.9947  1.1135 35.2088
  5.4551  1.8985  0.9749  0.3514 14.7627
  5.6547  0.7769  0.9871  2.0308  4.8480
  6.0481  2.8531  0.9887  0.7853 24.3342
  4.7024  2.9507  0.9841  2.6727 25.3493
  5.8532  2.2532  0.9863  1.0162 18.2362
  5.5553  1.6792  0.9729  0.8961 12.6783
  5.9379  1.8939  0.9925  2.0833 14.7190
  4.9717  1.3997  0.9833  0.6686 10.1058
  5.3765  1.4244  0.9873  0.1503 10.3288
  5.7706  1.3617  0.9936  1.1027  9.7640
  4.9330  2.1648  0.9704  0.7619 17.3605
  5.0947  1.5163  0.9886  2.2423 11.1661
  5.6588  1.9945  0.9734  1.6499 15.6914
  4.5051  3.5935  0.9708  0.6462 32.1549
  5.1398  1.2543  0.9811  2.1806  8.8118
  5.5685  4.1269  0.9883  1.1637 37.9443
  5.3442  1.2219  0.9747  0.4341  8.5280
  6.1071  2.3658  0.9869  0.2896 19.3609
  4.4193  0.8568  0.9849  1.1274  5.4749
  6.0386  3.1497  0.9701  0.9330 27.4339
  5.0530  2.0472  0.9980  2.0579 16.2048
  5.3043  1.3065  0.9831  2.1586  9.2723
  5.2605  1.2569  0.9694  2.2248  8.8347
  4.7092  2.9973  0.9865  0.1194 25.8354
  4.9110  4.4294  0.9957  1.6626 41.2746
  4.5188  3.1730  0.9795  0.9855 27.6792
  5.5859  3.7942  0.9931  2.6760 34.3194
  5.8045  0.9695  0.9767  2.5780  6.3871
  4.9315  1.8992  0.9733  1.6516 14.7694
  5.3761  2.6572  0.9725  1.9250 22.3167
  5.9262  3.8782  0.9895  1.9971 35.2307
  4.1806  2.6564  0.9856  0.2294 22.3080
  5.6754  0.6804  0.9915  0.6496  4.1152
  4.9010  3.6595  0.9720  0.6309 32.8655
  5.5341  4.3844  0.9980  1.0316 40.7776
  4.9734  1.9030  0.9841  1.5792 14.8066
  5.3402  2.1502  0.9980  0.3122 17.2156
  5.2511  2.3922  0.9895  1.9188 19.6267
  5.5000  3.0007  0.9827  1.4359 25.8710
  5.8051  3.0166  0.9888  0.9436 26.0367
  6.4851  3.5739  0.8698  0.5716 31.9451
  5.0773  3.5497  0.9896  1.3499 31.6853
  5.6024  4.1686  0.9682  1.7893 38.4008
  5.5880  3.7409  0.9937  1.0475 33.7432
  5.1278  2.2061  0.9916  0.9298 17.7682
  4.7355  2.6026  0.9813  1.4126 21.7575
  3.9048  3.8904  0.9898  1.2250 35.3629
  6.5658  2.7167  0.8043  1.4904 22.9266
  4.4279  1.4074  0.9674  1.6007 10.1749
  6.2653  1.5559  0.9876  0.7840 11.5305
  5.6663  0.4994  0.9865  1.4347  2.8202
  5.6993  1.5432  0.9697  1.3371 11.4138
  5.6076  0.9041  0.9776  1.2562  5.8539
  5.3139  4.0328  0.9960  1.0174 36.9147
  5.7165  2.0238  0.9800  2.1251 15.9767
  4.7102  1.6649  0.9756  0.5113 12.5444
  4.6125  4.4868  0.9712  2.2158 41.9107
  5.3739  0.8224  0.9728  1.9727  5.2034
  5.6842  3.7372  0.9667  1.6350 33.7029
  4.6462  1.3665  0.9865  0.5652  9.8068
  5.3924  3.0110  0.9673  0.6440 25.9780
  5.7438  2.7083  0.9768  0.8621 22.8406
  4.4564  4.0657  0.9958  2.0757 37.2739
  4.8754  3.7342  0.9900  0.0519 33.6704
  5.2951  2.1455  0.9847  0.6599 17.1697
  5.4112  0.8184  0.9851  1.8745  5.1714
  4.1894  4.4526  0.9781  1.1335 41.5322
  6.8644  1.9123  0.5220  1.8296 14.8958
  5.4563  1.3271  0.9835  1.2696  9.4557
  4.8377  3.7256  0.9965  0.5765 33.5780
  5.3566  2.4045  0.9946  1.4340 19.7500
  5.6792  1.5802  0.9697  1.8024 11.7554
  6.0825  1.2370  0.9980  1.8370  8.6604
  5.3042  0.8070  0.9888  0.2196  5.0821
  5.1137  1.5396  0.9781  0.8654 11.3800
  6.3429  2.5833  0.9780  2.5631 21.5614
  3.6112  3.0606  0.9817  0.1549 26.4978
  4.6607  3.1114  0.9758  1.4234 27.0305
  5.2482  2.3725  0.9962  0.5631 19.4289
  4.7982  2.1335  0.9849  0.6530 17.0516
  5.7526  3.2307  0.9867  0.5089 28.2876
  4.0119  1.6138  0.9681  0.7436 12.0671
  4.6361  1.5057  0.9878  1.7846 11.0691
  5.0316  2.1039  0.9795  1.5005 16.7603
  5.1052  0.0855  0.9685  0.8231  0.3853
  4.8398  4.3407  0.9890  0.8415 40.2951
  6.0867  2.6429  0.9901  2.1143 22.1696
  4.2983  2.4747  0.9865  0.2631 20.4581
  5.1174  1.2656  0.9683  1.9149  8.9111
  5.1201  2.3256  0.9852  2.1147 18.9588
  6.2106  0.8400  0.9733  1.0905  5.3418
  6.1495  1.5599  0.9907  1.5744 11.5673
  6.1383  0.8804  0.9880  2.7640  5.6638
  5.3382  3.6088  0.9888  1.8316 32.3196
  5.2997  3.0780  0.9884  0.7814 26.6795
  5.5644  3.2036  0.9795  2.3642 28.0020
  5.1012  4.0046  0.9756  1.2643 36.6066
  5.9483  2.4641  0.9828  0.7992 20.3509
  4.7625  2.4734  0.9677  2.9474 20.4453
  5.0934  1.7130  0.9680  0.9435 12.9957
  3.9796  1.1772  0.9877  1.6695  8.1403
  6.9805  1.2412  0.4043  0.4202  8.6969
  5.1422  3.2583  0.9911  2.3695 28.5795
  3.6546  1.9363  0.9882  1.6299 15.1277
  5.9634  0.7390  0.9819  2.8473  4.5572
  4.8737  2.0644  0.9730  2.1223 16.3735
  5.4260  1.7699  0.9764  1.1981 13.5341
  5.2146  3.2323  0.9970  0.3799 28.3053
  4.4500  3.3819  0.9803  0.9837 29.8919
  5.9362  1.3934  0.9720  0.6329 10.0490
  4.6157  4.2326  0.9907  1.4928 39.1048
  6.6000  1.7945  0.9438  2.4063 13.7675
  6.2260  1.9052  0.9913  0.4396 14.8281
  5.4900  3.5782  0.9933  2.3075 31.9907
  6.8622  3.2104  0.6596  2.9149 28.0736
  5.2219  3.0228  0.9881  2.6510 26.1015
  3.9224  1.5255  0.9928  1.1110 11.2510
  6.0508  4.2038  0.9958  0.6739 38.7880
  3.8541  1.1734  0.9961  0.4815  8.1070
  5.2629  2.3210  0.9924  0.8124 18.9122
  5.1528  1.1977  0.9870  1.3694  8.3180
  6.5994  0.9410  0.9125  1.8414  6.1539
  5.9470  0.8173  0.9918  0.3992  5.1632
  5.6082  3.3110  0.9894  1.6749 29.1391
  5.2907  1.8248  0.9838  1.2482 14.0570
  5.2976  3.4473  0.9754  1.8168 30.5892
  4.9355  1.4630  0.9858  1.9925 10.6791
  5.0135  0.6431  0.9843  1.6325  3.8389
  6.5038  0.5003  0.8365  0.1769  2.8265
  6.9270  2.1310  0.4136  1.7759 17.0265
  4.3860  4.1729  0.9842  2.8141 38.4485
  5.2616  0.7252  0.9932  2.5901  4.4522
  5.9223  1.0054  0.9898  1.1007  6.6832
  5.4333  2.0555  0.9872  2.8776 16.2860
  5.4081  3.3291  0.9980  2.5474 29.3312
  5.1648  2.5739  0.9715  1.4250 21.4656
  4.3978  1.2364  0.9678  1.0321  8.6546
  4.6708  3.0055  0.9739  0.8326 25.9204
  5.7570  2.1796  0.9859  1.2663 17.5064
  5.1230  0.9924  0.9796  0.5974  6.5758
  5.4626  1.8461  0.9980  2.7157 14.2605
  4.3893  2.5919  0.9877  0.4098 21.6491
  4.8573  1.9169  0.9771  0.6105 14.9408
  4.1014  3.1200  0.9973  0.7602 27.1213
  3.5429  2.7171  0.9810  2.4364 22.9305
  4.7867  0.8216  0.9720  1.3030  5.1965
  5.9587  3.3028  0.9922  0.0794 29.0512
  5.3091  3.1148  0.9939  2.5657 27.0660
  5.5514  3.2204  0.9812  0.5552 28.1795
  4.8582  3.4563  0.9970  0.6413 30.6851
  4.8916  3.4621  0.9671  2.5998 30.7474
  4.2410  1.0443  0.9958  1.9801  7.0077
  5.5000  2.8020  0.9685  1.4911 23.8059
  6.5487  3.7219  0.9295  0.8669 33.5378
  4.6676  2.6498  0.9884  1.7952 22.2401
  4.3796  1.6785  0.9957  0.7397 12.6715
  6.3578  0.5969  0.9685  1.0712  3.5036
  6.9152  0.9205  0.7772  0.3229  5.9870
  4.2431  4.4484  0.9844  0.2936 41.4856
  5.2235  4.0783  0.9972  0.2968 37.4115
  5.3372  3.1421  0.9706  0.7866 27.3531
  5.2186  0.9286  0.9920  0.7080  6.0523
  5.2208  3.4317  0.9713  2.1501 30.4233
  5.7200  2.4269  0.9823  1.4926 19.9757
  5.9124  4.1482  0.9980  0.2041 38.1778
  5.2381  2.3088  0.9767  0.9144 18.7904
  5.1904  2.3762  0.9857  0.4783 19.4657
  4.5514  3.4241  0.9909  0.3338 30.3413
  5.6528  2.1098  0.9794  2.0836 16.8181
  4.1438  3.5159  0.9808  2.0956 31.3228
  4.6752  3.5259  0.9700  1.0977 31.4300
  4.9312  4.0798  0.9718  0.4625 37.4289
  4.9320  1.9016  0.9692  0.2231 14.7931
  5.1985  3.4564  0.9889  1.2720 30.6867
  5.5746  0.7470  0.9865  0.3876  4.6182
  4.6614  0.6721  0.9828  0.9024  4.0528
  4.8924  3.1087  0.9682  0.3528 27.0023
  5.0861  2.7591  0.9878  0.2762 23.3626
  5.8158  0.9110  0.9980  0.8715  5.9101
  5.2713  3.5732  0.9670  1.0212 31.9367
  5.9582  3.0840  0.9977  1.0743 26.7430
  4.4180  1.9782  0.9980  0.0234 15.5330
  5.8011  0.5263  0.9968  0.4209  3.0052
  5.0971  1.7566  0.9671  1.7282 13.4080
  5.0245  3.9105  0.9821  0.3718 35.5815
  5.6910  2.0986  0.9700  2.3242 16.7083
  5.3022  1.6853  0.9695  1.9515 12.7357
  5.3726  2.0259  0.9762  0.7639 15.9976
  6.2773  1.7238  0.9792  1.3804 13.0981
  5.9168  2.4642  0.9932  2.4350 20.3518
  5.1647  2.0911  0.9940  1.0739 16.6352
  6.9909  3.3787  0.4687  1.3710 29.8582
  5.9794  4.0083  0.9864  1.4306 36.6475
  5.1612  3.5911  0.9945  1.5977 32.1295
  6.5032  2.7497  0.8711  0.5560 23.2666
  5.9629  4.2624  0.9756  0.4657 39.4325
  4.7279  0.8236  0.9960  0.6726  5.2127
  4.9032  2.6849  0.9851  1.4430 22.5998
  5.8249  3.5015  0.9821  0.1321 31.1691
  4.0040  3.9870  0.9740  1.2313 36.4149
  5.5561  2.1025  0.9955  2.8822 16.7469
  5.0177  2.2287  0.9692  0.5923 17.9924
  5.6065  3.7217  0.9848  2.9096 33.5362
  5.9672  2.2469  0.9849  1.2860 18.1735
  5.5538  1.2562  0.9958  0.9409  8.8286
  5.1429  3.5430  0.9742  1.0826 31.6134
  6.8187  1.3440  0.4723  2.7794  9.6064
  5.4147  1.2879  0.9791  1.5273  9.1073
  5.8087  3.0731  0.9980  0.7339 26.6286
  4.7162  4.0912  0.9711  0.8847 37.5535
  5.4207  2.0824  0.9848  2.1664 16.5492
  5.1566  3.5884  0.9848  0.8940 32.1004
  6.4819  3.1594  0.9831  0.0193 27.5353
  4.5776  1.3603  0.9829  1.5558  9.7521
  5.4770  3.5855  0.9721  0.7684 32.0697
  4.7250  1.1160  0.9862  1.0345  7.6142
  4.5974  1.9680  0.9835  1.1771 15.4343
  5.0540  1.5160  0.9962  1.1116 11.1632
  4.9872  3.3374  0.9974  1.0137 29.4184
  5.5267  2.2121  0.9733  1.7186 17.8279
  5.2122  3.4928  0.9914  0.5611 31.0758
  4.4275  2.9366  0.9796  0.2158 25.2023
  4.3876  4.0112  0.9778  0.8714 36.6793
  5.6349  2.5167  0.9925  1.2933 20.8843
  5.9653  3.9076  0.9805  2.5570 35.5498
  5.3553  2.3796  0.9877  0.8016 19.5000
  5.4344  1.6240  0.9967  2.2849 12.1620
  5.1146  1.2339  0.9775  1.1420  8.6328
  5.2935  1.8134  0.9980  0.4515 13.9479
  4.9643  0.7327  0.9886  1.4760  4.5085
  5.1525  2.0831  0.9781  0.2947 16.5561
  4.8042  1.2552  0.9934  2.2150  8.8196
  5.5835  2.1585  0.9917  0.5696 17.2982
  5.9749  0.6515  0.9827  1.6176  3.9006
  5.2729  2.0410  0.9748  1.6642 16.1450
  5.7187  1.9633  0.9953  0.6103 15.3887
  5.5916  1.8041  0.9917  1.6266 13.8590
  5.1084  2.4171  0.9783  1.3587 19.8768
  4.8212  2.8546  0.9781  0.4261 24.3505
  5.5142  2.2428  0.9980  0.2994 18.1327
  5.2986  2.3611  0.9754  0.0907 19.3143
  5.6903  3.7547  0.9845  1.5675 33.8919
  5.8036  3.5622  0.9847  0.3203 31.8191
  4.4422  4.4509  0.9713  1.8901 41.5132
  5.5149  2.9726  0.9871  1.6089 25.5777
  5.5492  2.3846  0.9741  1.3616 19.5495
  5.8360  2.3922  0.9942  0.4912 19.6268
  6.3498  3.1313  0.9739  0.4178 27.2395
  6.3186  0.9763  0.9884  0.5502  6.4432
  5.3730  3.6642  0.9890  1.8313 32.9156
  3.7295  3.0692  0.9980  0.9459 26.5876
  5.1105  3.9938  0.9681  0.8386 36.4896
  4.2663  3.0382  0.9878  2.0929 26.2626
  3.8740  3.1717  0.9916  1.5796 27.6652
  6.5815  1.3825  0.7430  1.8578  9.9508
  6.0325  1.1828  0.9872  0.2788  8.1884
  5.5376  1.0801  0.9745  0.4151  7.3094
  5.2114  1.1002  0.9910  0.3813  7.4803
  6.1651  4.3013  0.9943  0.2460 39.8601
  4.9461  4.1184  0.9789  1.7464 37.8505
  4.9521  1.6014  0.9869  1.8258 11.9523
  5.9753  1.1439  0.9703  1.2334  7.8531
  4.9524  2.6281  0.9980  1.7868 22.0181
  4.4382  3.8695  0.9783  0.6876 35.1365
  3.6138  1.6180  0.9937  1.2502 12.1067
  4.8408  4.0262  0.9771  1.3961 36.8428
  5.3699  1.6345  0.9791  1.3678 12.2601
  5.3794  1.5019  0.9898  1.7141 11.0339
  5.8655  1.1486  0.9748  0.4514  7.8937
  5.0666  2.6937  0.9980  0.8627 22.6899
  4.1530  2.7951  0.9797  1.7698 23.7350
  4.8564  2.8093  0.9836  0.8045 23.8808
  5.1669  3.8484  0.9741  0.9450 34.9070
  4.2279  1.6467  0.9951  1.7305 12.3735
  4.5981  3.1051  0.9906  1.8840 26.9643
  5.3905  2.1430  0.9956  1.2660 17.1448
  5.2651  2.3937  0.9980  1.2403 19.6410
  6.2205  2.6249  0.9914  0.5020 21.9859
  5.6730  3.9945  0.9750  0.4917 36.4969
  5.2602  1.8916  0.9893  0.4424 14.6962
  4.9824  4.0410  0.9909  1.4303 37.0038
  4.6146  3.0282  0.9684  0.2405 26.1585
  5.4223  2.7847  0.9698  1.3609 23.6273
  5.3418  3.3260  0.9883  1.7806 29.2978
  5.4320  2.6950  0.9779  2.5590 22.7038
  5.5308  2.8348  0.9696  0.4565 24.1451
  5.1810  3.7996  0.9828  0.5112 34.3778
  5.3593  1.8454  0.9875  1.6244 14.2537
  3.8287  2.0086  0.9785  2.5166 15.8284
  5.4883  2.5202  0.9929  1.4794 20.9192
  4.7779  4.2936  0.9795  2.0553 39.7759
  5.3754  2.9401  0.9843  0.8655 25.2388
  4.8686  1.1397  0.9677  1.4431  7.8170
  4.9859  3.4263  0.9667  1.5887 30.3654
  4.2462  3.2623  0.9871  1.0229 28.6227
  5.5466  1.3804  0.9715  0.7769  9.9319
  5.4963  1.8190  0.9835  1.0921 14.0010
  5.6981  1.1499  0.9802  0.3079  7.9047
  5.5499  3.4658  0.9953  0.2744 30.7869
  5.0716  2.1338  0.9862  0.7961 17.0540
  5.3643  4.4322  0.9947  0.5073 41.3055
  5.1946  4.4468  0.9980  1.4421 41.4670
  5.0271  3.6248  0.9858  0.8974 32.4915
  4.4756  1.4628  0.9973  1.2309 10.6771
  4.9817  3.8863  0.9914  1.6619 35.3185
  5.7228  3.7974  0.9730  0.6602 34.3550
  5.8521  1.8418  0.9843  1.1745 14.2193
  4.6157  1.3681  0.9879  0.7912  9.8216
  4.7575  3.4529  0.9845  0.1890 30.6491
  5.7496  2.1997  0.9688  0.4679 17.7052
  5.4241  3.6796  0.9823  2.1875 33.0817
  5.1883  3.5762  0.9980  0.7767 31.9689
  5.6060  3.2498  0.9717  1.1322 28.4898
  5.1559  2.7074  0.9822  2.1545 22.8309
  6.0828  3.2017  0.9874  0.4652 27.9818
  4.6444  2.4445  0.9787  1.7461 20.1530
  5.8920  1.9410  0.9806  2.5018 15.1728
  5.2993  0.9128  0.9832  0.4462  5.9241
  5.4048  2.3856  0.9874  1.6773 19.5597
  5.2407  2.9465  0.9865  1.6996 25.3052
  4.2575  4.4866  0.9729  0.5492 41.9086
  4.7517  3.8557  0.9691  2.2291 34.9866
  4.7317  2.4898  0.9672  2.9555 20.6116
  5.3685  2.4800  0.9948  1.3442 20.5118
  5.3685  2.3655  0.9881  1.1845 19.3584
  3.8673  4.3245  0.9942  0.2653 40.1157
  4.4065  1.9903  0.9972  1.7415 15.6508
  5.7925  1.3211  0.9956  0.6437  9.4021
  5.0767  3.4456  0.9980  0.9349 30.5715
  4.4533  2.1382  0.9726  1.4642 17.0976
  5.0993  3.6492  0.9913  1.3718 32.7538
  5.4879  1.3084  0.9675  1.7487  9.2894
  4.4228  3.7264  0.9808  0.4132 33.5864
  5.4514  1.5233  0.9865  1.2536 11.2301
  6.5902  2.8703  0.9675  2.0923 24.5134
  6.7326  1.6159  0.5514  0.7081 12.0871
  6.7545  2.1293  0.6574  2.2863 17.0104
  5.4878  2.1554  0.9898  0.4991 17.2671
  5.6812  2.4886  0.9980  1.2934 20.5991
  5.1643  1.1826  0.9859  2.3504  8.1866
  5.0670  4.0755  0.9787  1.1017 37.3814
  6.1380  2.1410  0.9980  0.8340 17.1254
  4.4821  3.6158  0.9767  1.4212 32.3948
  4.9257  4.3679  0.9848  0.6271 40.5950
  5.3986  4.0248  0.9698  1.6378 36.8276
  5.2613  2.7179  0.9811  1.6741 22.9394
  5.5444  3.0601  0.9879  1.1225 26.4918
  4.6351  4.0909  0.9928  1.5846 37.5497
  5.2036  1.4141  0.9723  1.2165 10.2358
  5.1790  4.2153  0.9750  1.0192 38.9137
  6.0665  2.3431  0.9852  0.9405 19.1339
  5.1115  2.7946  0.9698  1.3539 23.7295
  5.3272  1.2122  0.9945  0.4454  8.4437
  5.7958  1.1061  0.9907  0.3393  7.5299
  5.5715  3.6918  0.9778  0.4644 33.2130
  5.2440  1.4253  0.9690  2.0316 10.3371
  4.0550  1.3763  0.9799  0.6354  9.8949
  6.4598  2.9090  0.9521  1.5636 24.9150
  4.3867  2.5344  0.9701  1.7337 21.0641
  5.5570  1.2879  0.9817  0.8906  9.1080
  5.6433  1.1861  0.9967  2.4849  8.2169
  5.5028  2.8198  0.9828  1.1031 23.9894
  6.0099  1.6790  0.9864  1.0183 12.6761
  4.7674  3.5707  0.9747  2.0701 31.9100
  6.2143  2.4812  0.9798  1.3179 20.5244
  5.6077  1.4012  0.9825  0.4806 10.1193
  5.5847  0.9992  0.9979  0.8608  6.6319
  5.2937  2.1612  0.9939  0.7211 17.3243
  4.9808  1.8056  0.9975  0.1772 13.8737
  5.3965  1.9785  0.9980  0.5241 15.5365
  6.4111  2.8413  0.9057  0.6455 24.2128
  6.3151  0.8260  0.9870  2.4183  5.2315
  4.9616  2.9117  0.9938  1.2245 24.9431
  5.2708  2.3553  0.9934  0.9042 19.2558
  5.2857  0.8507  0.9774  0.9637  5.4269
  3.6343  1.1234  0.9926  1.7297  7.6778
  5.9627  1.1681  0.9980  1.9282  8.0617
  5.4197  1.9347  0.9729  0.7691 15.1122
  6.4405  2.7660  0.8800  2.2530 23.4347
  5.0020  3.0758  0.9758  1.8891 26.6573
  4.6383  4.1764  0.9814  2.4949 38.4869
  4.7570  1.8292  0.9744  1.4981 14.0982
  4.8482  4.0991  0.9759  1.1007 37.6401
  5.7320  3.5301  0.9674  1.7480 31.4754
  4.7439  2.8443  0.9688  1.2833 24.2433
  5.4002  3.4308  0.9756  1.5159 30.4138
  4.7983  3.6571  0.9779  0.5784 32.8397
  6.0872  0.4967  0.9791  0.3257  2.8020
  5.7494  2.0261  0.9714  1.5214 15.9994
  4.2236  0.6920  0.9880  2.1223  4.2019
  5.7787  3.4619  0.9936  1.6236 30.7455
  4.7068  4.2846  0.9928  1.0623 39.6770
  5.4855  2.8644  0.9814  1.3629 24.4519
  4.6865  3.0473  0.9789  0.7260 26.3579
  4.8710  2.2052  0.9950  0.1910 17.7598
  6.3527  0.9886  0.9357  0.4481  6.5442
  5.7852  1.5941  0.9930  0.5928 11.8838
  5.1162  1.6553  0.9851  2.0824 12.4539
  4.0855  1.7212  0.9808  2.1940 13.0729
  5.4166  2.6005  0.9941  2.6650 21.7361
  5.3402  2.5536  0.9943  1.1124 21.2590
  5.5169  4.4383  0.9756  2.0140 41.3730
  4.8512  3.1163  0.9978  1.3966 27.0818
  5.0590  2.4613  0.9743  2.2351 20.3225
  5.8849  1.8127  0.9827  2.8067 13.9410
  4.2458  2.0632  0.9923  2.4254 16.3612
  4.9501  2.4620  0.9869  0.9928 20.3302
  4.9997  0.6823  0.9899  1.0663  4.1289
  6.0177  1.7063  0.9679  2.6711 12.9325
  5.6346  3.3610  0.9945  1.4755 29.6696
  5.4910  3.2497  0.9682  0.5446 28.4889
  5.4796  2.7500  0.9941  1.5945 23.2696
  4.9174  4.3441  0.9945  0.4578 40.3329
  5.0445  2.1714  0.9908  0.5734 17.4253
  6.2097  1.6984  0.9803  0.7056 12.8590
  6.4952  2.3527  0.9967  1.0583 19.2296
  5.5037  2.8999  0.9844  0.6697 24.8200
  5.1696  4.2140  0.9809  2.1288 38.8998
  4.4206  4.0701  0.9697  0.5576 37.3227
  5.0330  3.2650  0.9870  0.6844 28.6509
  4.9306  2.0545  0.9919  0.7047 16.2760
  5.4954  1.3955  0.9718  1.8396 10.0677
  5.1676  3.4218  0.9873  0.6819 30.3177
  4.5486  3.5019  0.9790  1.5157 31.1728
  5.6931  2.9190  0.9860  1.5310 25.0192
  5.0631  3.2559  0.9671  0.4202 28.5548
  6.6172  3.6608  0.9785  1.2250 32.8793
  5.6461  1.8776  0.9749  1.6667 14.5626
  5.3104  1.2422  0.9888  1.3752  8.7056
  5.1548  1.1023  0.9948  1.7651  7.4975
  5.2704  3.2297  0.9819  2.4300 28.2777
  4.3422  4.4311  0.9778  1.8106 41.2938
  5.7001  1.8051  0.9676  0.3939 13.8684
  3.6440  2.3137  0.9980  1.0851 18.8389
  5.3908  3.8655  0.9939  0.0942 35.0930
  5.5106  2.1207  0.9827  0.3853 16.9260
  3.5108  2.3665  0.9777  2.1953 19.3680
  5.4921  3.2482  0.9833  1.8779 28.4728
  4.7747  1.8492  0.9916  0.9293 14.2896
  6.4937  2.5654  0.8698  1.0964 21.3785
  4.4380  2.2866  0.9924  1.4081 18.5687
  3.7549  1.4198  0.9736  1.9347 10.2871
  4.8750  0.3851  0.9895  1.6118  2.0661
  4.3598  1.4327  0.9712  1.5112 10.4040
  5.3361  1.3758  0.9777  1.7930  9.8907
  5.0394  0.4650  0.9965  1.8520  2.5878
  5.7898  2.4564  0.9873  2.3411 20.2731
  4.7782  2.5860  0.9868  1.7141 21.5883
  4.2865  1.0799  0.9892  2.6112  7.3081
  5.6877  3.0751  0.9763  1.1611 26.6492
  5.7325  1.7601  0.9703  1.0753 13.4409
  5.2049  1.6516  0.9812  2.4879 12.4198
  5.5421  2.3218  0.9862  0.1012 18.9206
  5.4934  2.1455  0.9968  1.9557 17.1699
  5.6540  2.2511  0.9760  1.6133 18.2153
  5.3644  3.3122  0.9980  0.3786 29.1513
  4.3263  2.9009  0.9868  0.9735 24.8305
  5.2618  3.7790  0.9801  1.0930 34.1555
  5.7469  3.3316  0.9740  0.6275 29.3574
  6.6260  2.3275  0.7629  1.1629 18.9771
  5.1481  1.5476  0.9727  1.5451 11.4536
  5.3699  2.4903  0.9840  0.4733 20.6165
  5.3178  2.2689  0.9969  1.4630 18.3922
  6.2639  1.0371  0.9809  0.6437  6.9479
  5.6330  3.0426  0.9748  2.3388 26.3091
  4.9916  3.5859  0.9758  0.7107 32.0734
  4.6996  3.3939  0.9789  1.2768 30.0201
  5.3044  3.2832  0.9693  1.7260 28.8443
  4.3926  1.3436  0.9946  0.6556  9.6025
  5.0225  4.4151  0.9676  1.2881 41.1167
  5.0439  3.0897  0.9786  1.6660 26.8025
  5.2383  2.9381  0.9729  2.0861 25.2172
  4.4461  2.0561  0.9939  0.5846 16.2919
  5.2527  2.2656  0.9937  2.4691 18.3596
  5.1423  4.0570  0.9800  1.2148 37.1788
  3.8171  2.5639  0.9709  0.1041 21.3639
  4.9111  3.6259  0.9752  0.9905 32.5038
  5.3078  4.0832  0.9779  2.5947 37.4652
  5.7729  0.5827  0.9917  1.4076  3.4021
  4.9603  1.1137  0.9813  0.9112  7.5947
  5.4166  3.9116  0.9710  2.3208 35.5934
  4.7347  4.2056  0.9800  1.5731 38.8076
  5.7795  1.8279  0.9860  2.5801 14.0862
  5.3636  3.6546  0.9726  1.1372 32.8128
  6.9670  2.3775  0.5082  0.8199 19.4790
  4.0299  4.3998  0.9815  1.0257 40.9474
  5.0268  3.0723  0.9827  0.6005 26.6201
  5.8636  1.2239  0.9677  1.3489  8.5458
  6.0027  1.5138  0.9928  2.4702 11.1432
  5.6772  3.2828  0.9768  0.5763 28.8401
  5.6687  0.9494  0.9894  0.6350  6.2221
  5.6410  2.6650  0.9763  2.0629 22.3958
  5.4951  2.0414  0.9719  1.9962 16.1486
  5.1172  1.7359  0.9800  0.6349 13.2123
  5.0994  2.7088  0.9893  0.6368 22.8452
  5.6032  2.0696  0.9980  0.8972 16.4246
  4.1613  3.2951  0.9734  1.4728 28.9698
  4.8450  3.2305  0.9887  0.8293 28.2865
  4.4028  4.4485  0.9805  2.5204 41.4868
  5.3659  3.1181  0.9980  1.9844 27.1010
  5.4616  2.4844  0.9671  1.8849 20.5563
  5.4248  0.5609  0.9852  2.8449  3.2475
  5.7879  3.1488  0.9855  2.8005 27.4245
  4.6796  3.8667  0.9670  1.9836 35.1063
  5.9759  2.1012  0.9916  1.8360 16.7336
  6.9977  0.8663  0.5830  0.4663  5.5510
  3.7546  4.4665  0.9761  0.0742 41.6852
  4.2503  0.9453  0.9668  2.3874  6.1882
  5.5370  3.3234  0.9792  1.1412 29.2702
  5.4412  1.7385  0.9707  1.4064 13.2367
  4.2336  0.7639  0.9980  2.2605  4.7477
  6.6277  4.0613  0.4590  1.4159 37.2262
  6.9404  2.0939  0.4043  0.9310 16.6621
  5.3924  2.5570  0.9886  0.7336 21.2938
  3.6990  3.5295  0.9705  0.6533 31.4685
  5.6954  2.2588  0.9884  0.8715 18.2920
  5.3319  2.3702  0.9880  1.5023 19.4050
  6.0509  2.6637  0.9843  0.1408 22.3829
  4.9047  3.6957  0.9682  2.9357 33.2548
  5.4910  3.6175  0.9941  0.8321 32.4135
  5.4512  3.2904  0.9813  2.3141 28.9196
  5.3408  4.2514  0.9670  2.7873 39.3116
  6.1455  3.7138  0.9815  1.1828 33.4503
  6.1119  0.5562  0.9766  1.1424  3.2144
  4.5871  3.7933  0.9799  0.8784 34.3102
  5.6411  3.1490  0.9800  0.8943 27.4259
  5.5546  1.3524  0.9875  1.8395  9.6813
  4.1825  1.3067  0.9769  1.1108  9.2740
  5.5472  1.2495  0.9804  1.7958  8.7700
  5.5619  2.4075  0.9861  0.5747 19.7800
  6.2992  3.9736  0.9878  2.3028 36.2686
  5.3589  0.7837  0.8359  1.7985  4.9013
  6.3072  2.3997  0.9816  1.9090 19.7015
  4.7073  1.0529  0.9880  1.5846  7.0800
  5.8813  3.2390  0.9766  3.0608 28.3760
  5.9448  3.7287  0.9763  0.4676 33.6112
  6.1118  1.5906  0.9937  1.6109 11.8519
  5.3493  2.2535  0.9980  1.9955 18.2390
  5.4509  2.9177  0.9690  1.4739 25.0049
  5.2484  2.2516  0.9710  1.9354 18.2205
  4.6056  2.4567  0.9980  0.8905 20.2762
  4.4087  2.3374  0.9745  0.8771 19.0765
  6.2621  1.0512  0.9840  2.6421  7.0658
  6.4939  1.5539  0.8957  0.5094 11.5125
  5.0664  1.8057  0.9814  2.0332 13.8747
  5.9014  2.1525  0.9755  2.0279 17.2384
  6.4977  1.2708  0.9706  0.7228  8.9566
  5.2046  2.5392  0.9822  1.4853 21.1126
  5.5293  3.2189  0.9731  0.9832 28.1638
  5.6739  4.0521  0.9779  1.4769 37.1254
  5.2325  4.1268  0.9677  2.5848 37.9433
  5.5420  1.1399  0.9726  0.9174  7.8186
  5.2438  1.1897  0.9742  2.1522  8.2481
  4.8213  1.8959  0.9751  0.7205 14.7377
  5.5909  2.2151  0.9759  1.5332 17.8579
  3.9356  3.1728  0.9858  1.1817 27.6773
  4.7426  1.1678  0.9692  0.9189  8.0587
  6.2088  1.1578  0.9836  0.9498  7.9723
  5.3363  3.7645  0.9671  0.9508 33.9986
  5.7736  2.4952  0.9820  2.2110 20.6656
  5.0522  2.1101  0.9732  0.9628 16.8217
  5.6299  3.1604  0.9740  1.1909 27.5465
  3.6112  3.3930  0.9949  0.6162 30.0099
  4.1182  2.3144  0.9909  0.8983 18.8461
