  4.8596  3.9181  0.9793  1.3055 35.6648
  4.6510  0.8426  0.9892  0.4703  5.3622
  5.2577  3.5465  0.9962  0.7132 31.6507
  4.5229  4.1119  0.9876  1.8366 37.7799
  5.5480  3.8703  0.9865  2.9346 35.1446
  5.0722  1.6356  0.9912  2.5624 12.2703
  4.9663  2.6068  0.9939  0.7422 21.8011
  5.8603  3.0493  0.9852  0.2235 26.3787
  5.4273  3.6505  0.9813  1.3116 32.7679
  4.7243  0.2814  0.9709  1.7174  1.4321
  4.2339  2.0132  0.9754  1.6471 15.8733
  3.9321  3.1626  0.9735  0.9556 27.5697
  4.7338  2.2502  0.9754  1.8330 18.2061
  4.8454  1.7347  0.9822  1.1537 13.2012
  5.4734  2.7985  0.9970  1.1129 23.7698
  5.0648  2.6103  0.9855  0.3080 21.8364
  4.4656  1.2472  0.9969  0.6495  8.7497
  5.2571  1.0956  0.9923  2.4551  7.4412
  5.7425  4.0017  0.9728  0.6192 36.5748
  4.8419  4.0029  0.9668  2.1998 36.5883
  5.3903  2.9788  0.9970  1.1668 25.6424
  4.6249  2.9686  0.9676  1.0501 25.5356
  4.8799  0.7114  0.9912  0.9121  4.3476
  5.7597  3.7721  0.9953  1.0624 34.0801
  5.2449  3.8743  0.9669  0.9969 35.1883
  5.2467  2.3646  0.9758  0.6880 19.3489
  5.8623  4.3984  0.9698  1.5079 40.9316
  4.9251  2.9181  0.9961  0.6464 25.0097
  5.4859  2.1110  0.9724  1.1286 16.8300
  5.4896  3.5121  0.9909  0.8169 31.2821
  5.0724  0.7835  0.9826  1.9832  4.8997
  4.9456  2.2626  0.9784  2.6534 18.3292
  5.1149  2.4325  0.9739  1.0427 20.0319
  5.7280  2.4346  0.9869  1.2735 20.0537
  4.2403  3.4630  0.9728  1.4676 30.7573
  5.1322  0.9481  0.9844  1.9688  6.2114
  5.1269  1.0447  0.9761  1.8690  7.0117
  6.6688  3.2588  0.9148  1.0251 28.5858
  4.7488  1.8571  0.9805  0.7622 14.3655
  5.1883  1.8547  0.9927  0.9356 14.3428
  6.7608  2.7507  0.6399  1.0004 23.2764
  5.1438  2.9832  0.9783  0.1854 25.6879
  4.7818  3.2973  0.9949  1.8683 28.9929
  5.0366  2.6010  0.9817  1.0839 21.7421
  5.8452  2.2657  0.9730  2.2603 18.3603
  5.7670  2.1900  0.9980  1.8363 17.6096
  4.8440  1.9988  0.9878  2.1333 15.7335
  4.5789  1.2610  0.9924  1.6110  8.8706
  4.4150  4.4850  0.9694  2.6560 41.8905
  4.5304  0.5950  0.9923  0.1426  3.4902
  5.4114  0.6682  0.9815  2.1242  4.0242
  5.4781  1.4513  0.9688  0.6091 10.5729
  5.6595  0.6715  0.9776  1.7589  4.0483
  4.7897  2.9334  0.9830  0.6092 25.1690
  5.6231  2.6201  0.9831  1.8399 21.9368
  5.7387  2.6695  0.9958  2.4665 22.4423
  6.4742  4.1873  0.9544  0.8025 38.6061
  5.4287  1.1558  0.9859  1.1644  7.9559
  5.1472  2.0189  0.9980  0.5898 15.9291
  5.3524  3.1805  0.9863  2.1075 27.7580
  5.4026  1.7672  0.9768  0.4304 13.5082
  5.4752  3.0089  0.9702  1.3232 25.9564
  4.9391  1.1984  0.9980  2.7378  8.3239
  5.3034  2.6832  0.9837  0.9624 22.5828
  5.8831  1.9566  0.9687  2.4347 15.3244
  5.2141  2.7617  0.9875  0.8794 23.3902
  4.3407  4.0693  0.9736  0.5422 37.3135
  5.0991  2.8935  0.9782  1.6871 24.7541
  4.1227  3.6066  0.9791  2.6560 32.2957
  3.5211  4.0827  0.9747  2.0213 37.4600
  3.5665  4.0336  0.9727  2.1850 36.9232
  5.8019  4.3255  0.9909  0.7362 40.1268
  5.3525  4.2301  0.9913  1.5876 39.0770
  5.1205  2.8654  0.9955  0.8239 24.4621
  4.2711  1.8006  0.9684  1.3385 13.8259
  5.3536  3.3063  0.9751  1.8935 29.0889
  5.1612  3.3414  0.9956  0.0206 29.4618
  5.3758  2.5793  0.9748  1.2466 21.5207
  3.9265  1.4836  0.9980  0.7180 10.8667
  4.7909  3.1065  0.9796  2.3651 26.9793
  6.3109  3.9022  0.9589  2.1937 35.4917
  5.6118  3.5543  0.9683  0.2029 31.7342
  4.8875  2.7498  0.9820  0.5303 23.2673
  5.4055  2.5038  0.9832  1.2041 20.7530
  4.8278  2.9515  0.9728  0.3691 25.3577
  6.5056  2.4450  0.7898  2.2784 20.1580
  4.9831  2.0387  0.9942  2.0315 16.1220
  5.3514  2.4051  0.9725  1.3780 19.7566
  4.3514  1.2178  0.9946  1.8014  8.4928
  3.6299  3.1458  0.9672  1.1757 27.3926
  3.5457  3.8690  0.9713  1.1263 35.1309
  4.3975  4.1665  0.9853  2.5655 38.3784
  4.6047  1.9910  0.9771  2.1445 15.6581
  4.7727  2.5748  0.9710  1.6367 21.4747
  5.0254  2.8083  0.9904  0.3728 23.8706
  5.3058  0.8144  0.9853  2.4145  5.1400
  4.3529  3.4881  0.9980  0.5700 31.0250
  5.0618  2.6261  0.9805  0.9307 21.9979
  3.9326  2.1550  0.9725  1.8716 17.2635
  5.2644  3.4783  0.9815  0.9309 30.9210
  5.8619  2.7693  0.9683  1.3748 23.4688
  6.7349  3.4269  0.8742  2.2643 30.3718
  4.6225  2.6991  0.9684  1.3175 22.7463
  5.1042  0.9759  0.9787  0.5520  6.4394
  5.6234  2.4521  0.9876  0.2621 20.2297
  5.2577  3.9949  0.9701  0.5356 36.5013
  5.9581  4.2865  0.9953  0.8714 39.6977
  6.2386  4.1121  0.9971  2.3944 37.7824
  5.8384  2.6367  0.9676  1.3929 22.1067
  4.8664  1.6831  0.9788  2.8062 12.7148
  3.6089  3.0329  0.9961  0.9755 26.2072
  5.0472  3.7644  0.9705  1.4846 33.9976
  4.1380  2.1142  0.9815  1.9578 16.8618
  4.9068  1.2527  0.9864  1.4092  8.7976
  5.1167  2.9265  0.9813  0.8807 25.0974
  3.6933  0.7134  0.9863  0.5400  4.3627
  3.7008  3.6905  0.9775  1.1537 33.1992
  3.6992  1.8846  0.9765  0.8972 14.6294
  4.2053  3.4925  0.9683  0.8637 31.0719
  4.3520  4.3478  0.9693  0.9652 40.3730
  4.4688  2.0163  0.9895  1.7542 15.9036
  5.3836  2.8719  0.9960  2.0191 24.5292
  5.6067  4.4418  0.9974  0.5193 41.4120
  3.8002  3.4888  0.9852  1.9175 31.0331
  4.3191  3.4220  0.9848  0.5714 30.3190
  4.4716  3.8477  0.9745  2.3562 34.9000
  4.1857  2.9819  0.9803  2.2027 25.6742
  4.7747  2.1236  0.9748  0.9417 16.9542
  4.8200  1.5366  0.9677  0.7383 11.3529
  5.0080  1.9374  0.9946  0.3323 15.1385
  5.8664  3.3390  0.9944  1.1295 29.4360
  5.1368  0.7500  0.9790  0.9124  4.6407
  4.8335  1.7821  0.9963  0.8147 13.6502
  5.3356  1.6197  0.9971  2.2123 12.1225
  4.9184  2.4963  0.9926  1.9771 20.6773
  4.9230  2.2484  0.9900  0.1347 18.1880
  4.4895  2.2792  0.9765  0.4068 18.4955
  5.4038  1.0906  0.9713  0.9562  7.3983
  4.7680  2.8171  0.9791  0.9410 23.9623
  5.2039  2.0328  0.9932  0.6916 16.0642
  4.7497  1.0250  0.9806  1.5580  6.8465
  5.9388  1.5973  0.9747  0.7521 11.9134
  5.3113  3.3133  0.9968  1.1322 29.1634
  5.1771  2.3378  0.9830  1.4505 19.0806
  5.8843  3.3439  0.9852  2.1061 29.4879
  6.2611  2.9983  0.9957  0.5553 25.8452
  4.8293  1.9132  0.9767  1.2654 14.9045
  4.9232  3.3960  0.9701  0.4385 30.0424
  5.1111  1.9270  0.9723  0.4486 15.0381
  5.0828  3.8243  0.9956  0.8652 34.6463
  4.7713  1.1548  0.9980  1.2431  7.9472
  3.6460  2.9935  0.9910  0.7046 25.7949
  4.6369  2.9252  0.9757  1.2217 25.0837
  6.0727  3.5022  0.9887  1.0780 31.1758
  5.8091  2.9893  0.9760  2.0211 25.7517
  4.5900  2.9013  0.9919  1.9277 24.8345
  5.2138  3.4563  0.9790  0.7887 30.6856
  5.2731  1.2383  0.9907  1.2802  8.6717
  4.4764  2.6886  0.9753  0.4044 22.6381
  4.8767  0.8961  0.9843  0.7527  5.7894
  4.1923  1.8472  0.9966  0.7396 14.2704
  5.7796  2.7812  0.9931  2.0059 23.5905
  4.7634  2.2111  0.9922  1.4510 17.8180
  4.4789  4.0875  0.9758  1.8614 37.5122
  4.5814  3.7078  0.9919  0.7888 33.3854
  6.2217  2.3990  0.9980  0.4317 19.6945
  4.4352  2.4660  0.9942  1.2700 20.3700
  5.0192  3.2956  0.9899  2.0192 28.9750
  5.0237  2.8394  0.9873  0.2189 24.1923
  6.0551  1.7248  0.9828  0.8026 13.1076
  6.2560  4.0367  0.9911  1.2692 36.9570
  5.7570  3.4918  0.9969  1.2529 31.0651
  5.5586  2.4358  0.9741  2.3466 20.0652
  4.7343  4.4512  0.9924  0.7017 41.5163
  6.1959  2.1716  0.9765  0.8185 17.4275
  6.1230  3.2381  0.9959  0.8450 28.3660
  5.1889  2.9727  0.9716  1.4751 25.5784
  5.0657  2.4351  0.9958  1.3857 20.0585
  4.2165  2.5908  0.9875  2.5200 21.6377
  5.0583  3.8548  0.9980  0.6600 34.9772
  5.1195  3.9539  0.9962  1.2738 36.0544
  5.3839  1.7237  0.9741  1.2621 13.0973
  5.0013  3.2063  0.9887  0.6855 28.0303
  4.8269  2.6367  0.9910  2.0000 22.1065
  5.3917  2.4480  0.9980  0.7047 20.1888
  6.1084  3.0081  0.9980  0.8675 25.9479
  6.9745  1.6459  0.9508  2.0982 12.3668
  4.8442  0.7924  0.9941  1.7026  4.9688
  4.7166  0.9817  0.9785  1.2324  6.4870
  6.5410  1.3880  0.8209  1.9382 10.0002
  4.4842  3.5363  0.9943  2.3741 31.5417
  5.1579  3.6071  0.9933  0.7751 32.3017
  4.2558  3.8339  0.9929  1.0476 34.7500
  5.1513  2.8018  0.9770  0.3110 23.8039
  5.2656  1.8057  0.9838  1.2114 13.8744
  4.1716  4.4822  0.9888  0.4524 41.8591
  4.9503  2.0327  0.9980  0.4685 16.0638
  5.1494  3.7162  0.9924  0.6311 33.4763
  5.5450  3.5320  0.9980  1.5573 31.4956
  5.4080  3.0429  0.9867  0.5941 26.3120
  4.8068  1.5069  0.9795  0.9790 11.0803
  4.7119  4.0119  0.9814  1.0375 36.6862
  6.1296  2.5889  0.9908  0.6349 21.6179
  5.4721  3.4507  0.9881  1.1853 30.6260
  5.2604  2.4886  0.9847  0.0942 20.5995
  3.7791  4.1314  0.9702  0.7966 37.9934
  5.2042  1.8813  0.9764  0.4020 14.5973
  5.2940  2.6642  0.9805  1.8586 22.3875
  5.2705  2.2396  0.9932  2.0396 18.1013
  4.3967  2.2995  0.9722  2.0653 18.6979
  4.8791  1.2265  0.9805  1.1145  8.5685
  5.4712  4.2649  0.9688  0.6435 39.4591
  5.1779  3.3373  0.9941  1.0196 29.4178
  4.9956  3.6620  0.9723  2.2350 32.8922
  4.6419  2.9884  0.9931  2.6454 25.7425
  5.9916  3.0772  0.9962  0.0861 26.6720
  5.0862  3.3572  0.9871  1.0620 29.6289
  6.2546  3.4943  0.9882  0.2553 31.0919
  4.5270  1.3795  0.9670  2.0750  9.9236
  5.3077  2.5261  0.9686  0.4944 20.9797
  5.4871  3.4576  0.9891  1.9153 30.6992
  4.7932  3.9212  0.9980  0.4363 35.6979
  5.2802  4.2415  0.9760  2.7123 39.2026
  5.0656  1.3501  0.9680  0.8221  9.6609
  6.1246  2.8399  0.9676  0.6075 24.1974
  5.3133  2.0482  0.9844  1.8383 16.2147
  5.0706  0.6778  0.9762  1.7382  4.0957
  4.5399  3.8492  0.9844  0.9576 34.9157
  3.6419  4.0868  0.9874  0.9137 37.5045
  4.8123  2.3680  0.9721  1.4425 19.3832
  4.2864  1.0032  0.9797  0.5191  6.6650
  3.6865  0.6312  0.9917  1.0892  3.7522
  5.1646  2.9650  0.9886  1.3574 25.4978
  4.9155  0.7538  0.9886  1.4997  4.6700
  5.0466  2.9951  0.9774  2.6747 25.8116
  4.8239  2.5753  0.9816  0.5533 21.4799
  5.4250  1.4859  0.9740  0.8093 10.8879
  5.3858  1.6185  0.9980  1.8453 12.1104
  5.1873  1.4463  0.9686  0.7991 10.5272
  4.9322  1.8281  0.9670  1.4505 14.0880
  3.5252  4.2102  0.9980  1.8806 38.8576
  5.5176  2.3582  0.9960  1.0107 19.2845
  5.4574  1.2444  0.9675  0.8228  8.7248
  6.0892  2.4875  0.9796  0.8267 20.5883
  5.2987  0.8545  0.9680  2.0980  5.4573
  5.2023  1.1736  0.9943  1.9212  8.1091
  4.7702  2.8888  0.9725  0.5980 24.7047
  4.5383  1.8171  0.9972  1.2787 13.9835
  5.5834  3.6544  0.9717  1.5939 32.8104
  5.3998  4.0823  0.9948  0.9636 37.4556
  3.8034  3.1852  0.9690  0.8495 27.8078
  5.1839  1.7064  0.9853  0.6599 12.9337
  4.8258  1.4617  0.9717  2.4464 10.6670
  5.2594  1.3830  0.9900  0.2582  9.9549
  4.7191  1.4990  0.9752  0.3569 11.0073
  6.0667  4.4788  0.9931  1.3450 41.8220
  5.3679  3.9740  0.9884  0.7891 36.2730
  5.1703  1.0179  0.9794  0.5395  6.7873
  5.4233  3.2699  0.9726  1.4578 28.7024
  5.7054  3.8867  0.9961  0.7687 35.3236
  4.9342  3.8487  0.9833  1.7423 34.9108
  5.1015  2.3027  0.9831  1.4757 18.7294
  6.1020  3.6287  0.9946  1.8537 32.5330
  5.0058  2.0957  0.9980  0.2835 16.6799
  4.3303  1.4687  0.9940  1.2362 10.7309
  4.2753  2.2942  0.9729  1.3682 18.6451
  3.8774  3.4196  0.9937  1.6436 30.2936
  5.1516  4.1720  0.9888  1.3730 38.4381
  5.1895  1.4743  0.9772  2.1763 10.7821
  4.8406  1.2837  0.9830  0.8742  9.0707
  5.5305  4.1268  0.9751  0.6832 37.9428
  6.2496  3.2599  0.9871  1.1544 28.5972
  4.7670  1.2796  0.9962  2.2831  9.0342
  5.2741  1.5509  0.9906  2.5071 11.4843
  4.7177  2.7807  0.9850  1.6446 23.5861
  3.7695  1.5991  0.9824  1.2034 11.9305
  5.1096  1.2810  0.9921  1.7998  9.0465
  5.2175  2.9340  0.9790  1.8462 25.1752
  5.2873  4.3787  0.9954  2.4799 40.7149
  5.3470  1.1810  0.9721  1.8928  8.1729
  5.5571  1.3933  0.9721  1.9115 10.0480
  6.5445  2.7902  0.8197  0.9163 23.6835
  4.7815  2.6122  0.9954  1.5757 21.8558
  4.4302  3.8092  0.9810  0.7992 34.4824
  4.4034  0.4005  0.9716  1.7675  2.1647
  4.8242  3.9122  0.9769  0.5659 35.6008
  4.4573  1.8978  0.9923  0.6090 14.7567
  4.8169  2.7783  0.9980  1.4754 23.5608
  5.9505  3.5985  0.9978  1.5425 32.2086
  5.3739  3.0266  0.9675  1.2643 26.1415
  4.9463  2.0565  0.9678  1.4292 16.2956
  4.5853  3.8561  0.9915  0.4599 34.9907
  4.6429  3.2127  0.9832  1.5115 28.0983
  5.0761  2.2651  0.9945  0.5951 18.3546
  5.2592  3.1820  0.9954  2.3717 27.7734
  4.6726  3.1351  0.9683  2.5360 27.2794
  5.3807  2.6336  0.9843  2.5793 22.0751
  4.9158  0.8394  0.9930  1.3249  5.3376
  4.4918  0.9074  0.9864  2.1121  5.8809
  5.6160  1.6660  0.9980  1.8964 12.5541
  4.1099  4.4297  0.9783  1.0555 41.2785
  4.0137  1.8687  0.9788  1.7617 14.4764
  5.5449  1.0864  0.9711  0.8842  7.3629
  5.0074  1.5338  0.9707  0.7944 11.3269
  4.7856  3.8155  0.9950  2.3625 34.5503
  3.8055  2.5545  0.9815  1.4036 21.2682
  6.0926  2.1432  0.9894  1.9675 17.1467
  4.7925  1.5369  0.9710  1.6309 11.3559
  6.4903  3.5563  0.8933  0.7437 31.7559
  5.4072  2.1016  0.9980  1.4472 16.7382
  4.8902  3.6142  0.9890  0.5559 32.3781
  6.0545  2.1329  0.9801  1.2125 17.0456
  4.7848  2.7067  0.9967  1.2447 22.8244
  5.1215  2.5756  0.9760  1.8250 21.4831
  5.6294  3.3424  0.9863  1.9583 29.4717
  5.4917  1.1484  0.9925  1.9083  7.8921
  6.5135  2.0755  0.7582  2.6542 16.4819
  4.9628  1.8858  0.9980  0.5482 14.6405
  5.0525  3.6045  0.9746  1.8305 32.2738
  5.3826  1.6729  0.9860  0.6681 12.6193
  5.2849  2.0729  0.9910  1.1124 16.4568
  5.6012  4.0929  0.9750  0.4360 37.5721
  4.0724  3.3163  0.9832  0.9669 29.1952
  4.9601  2.5882  0.9835  0.6896 21.6107
  5.1779  1.4415  0.9912  0.3376 10.4834
  5.5652  2.9928  0.9675  0.4908 25.7879
  4.8346  3.4060  0.9680  1.4634 30.1492
  5.3829  3.8553  0.9913  1.6251 34.9825
  4.8251  2.0485  0.9768  2.0791 16.2176
  5.2775  4.1412  0.9959  1.6098 38.1012
  5.8031  3.1965  0.9926  0.4877 27.9267
  5.9768  3.0142  0.9826  0.1785 26.0120
  4.5848  1.9594  0.9980  1.3736 15.3514
  5.2772  2.4188  0.9926  1.7535 19.8939
  5.4408  2.0570  0.9978  0.5278 16.3009
  5.1605  3.8998  0.9803  2.1432 35.4655
  4.1360  3.6821  0.9912  0.9363 33.1082
  5.7889  1.9698  0.9853  1.0573 15.4515
  4.7486  1.0939  0.9735  0.5644  7.4268
  3.9498  4.0659  0.9840  0.8948 37.2769
  4.3593  1.1653  0.9713  1.6376  8.0369
  5.1931  2.6511  0.9980  0.0332 22.2538
  5.0217  1.0109  0.9931  0.9288  6.7289
  4.2698  0.7746  0.9736  0.8843  4.8304
  6.3904  1.3797  0.9805  0.3572  9.9261
  6.0902  1.4965  0.9906  0.3172 10.9850
  3.5334  2.3636  0.9676  0.7633 19.3391
  5.2036  1.0823  0.9978  0.1520  7.3278
  5.4382  3.7053  0.9746  0.7167 33.3591
  4.7818  0.6551  0.9756  1.1495  3.9271
  5.8251  2.9861  0.9734  2.2419 25.7179
  4.9673  4.0425  0.9773  0.3801 37.0206
  6.2412  3.2275  0.9693  2.6638 28.2548
  5.7603  3.1128  0.9823  0.6550 27.0454
  5.2320  0.3147  0.9890  0.2738  1.6301
  5.0275  1.2895  0.9978  0.8218  9.1223
  5.2901  1.9363  0.9777  1.9143 15.1277
  5.2138  4.1387  0.9956  0.7585 38.0736
  4.5123  1.5792  0.9800  1.3060 11.7461
  4.8059  1.7840  0.9952  0.0574 13.6682
  4.9070  0.7910  0.9970  2.5479  4.9577
  6.5709  2.5528  0.8288  2.0958 21.2503
  4.7486  0.4928  0.9837  0.7961  2.7750
  4.7942  4.1223  0.9855  0.5526 37.8936
  5.9085  2.6978  0.9947  0.4253 22.7322
  4.9717  3.9650  0.9779  1.8789 36.1755
  4.7897  1.7987  0.9827  2.3025 13.8080
  5.1704  3.2612  0.9945  2.1909 28.6107
  5.8097  2.4840  0.9849  0.6820 20.5521
  5.4960  1.2542  0.9875  1.9418  8.8110
  4.7460  2.0278  0.9901  1.1956 16.0156
  5.4105  1.9767  0.9931  1.3089 15.5187
  4.4411  1.3212  0.9830  2.3081  9.4027
  6.2288  3.6594  0.9933  1.1945 32.8642
  5.0916  3.1788  0.9694  2.1047 27.7396
  5.2267  2.5943  0.9835  0.9400 21.6735
  4.8594  1.2542  0.9844  1.9455  8.8113
  5.0973  2.4599  0.9815  2.1644 20.3093
  6.7673  2.1557  0.6139  1.4665 17.2699
  5.6703  3.0029  0.9692  1.7708 25.8938
  4.8523  4.4178  0.9965  1.9566 41.1462
  5.2139  3.0566  0.9864  1.1310 26.4552
  4.5278  2.1268  0.9791  0.6657 16.9857
  3.7052  3.1062  0.9969  1.7873 26.9759
  4.6222  2.7345  0.9749  2.1226 23.1098
  5.8637  4.1264  0.9959  1.1040 37.9381
  6.7789  2.0860  0.8894  2.5146 16.5851
  4.1725  4.2945  0.9970  0.3760 39.7853
  6.0557  2.6637  0.9789  1.6111 22.3824
  4.4288  4.3811  0.9737  1.6004 40.7413
  4.9728  1.8420  0.9907  0.3778 14.2210
  4.5133  2.4402  0.9835  0.6762 20.1102
  5.2899  2.0152  0.9849  0.8300 15.8926
  4.7749  0.6030  0.9980  2.3001  3.5474
  4.7573  2.5120  0.9835  2.2325 20.8360
  5.7061  2.2486  0.9687  2.3200 18.1904
  5.0807  1.9137  0.9755  2.3327 14.9099
  5.6887  2.3237  0.9698  0.4389 18.9391
  3.6195  2.7953  0.9675  0.9534 23.7369
  4.7845  2.8401  0.9851  1.4259 24.2000
  4.0869  2.7277  0.9819  2.6464 23.0401
  4.7694  3.9428  0.9812  1.8730 35.9329
  5.3462  1.2548  0.9913  2.0050  8.8160
  4.1114  2.8921  0.9951  2.4344 24.7393
  4.9174  3.3766  0.9863  1.6302 29.8354
  5.2267  3.2044  0.9673  1.8766 28.0107
  4.1426  2.2847  0.9870  0.0708 18.5496
  5.4047  3.3396  0.9902  1.2883 29.4424
  4.7541  2.5800  0.9684  1.7334 21.5278
  5.1167  1.0600  0.9870  0.5806  7.1399
  4.9180  3.3105  0.9841  2.4659 29.1337
  4.4040  2.7552  0.9979  0.8110 23.3226
  5.2000  2.4356  0.9858  0.9958 20.0630
  5.1590  3.1891  0.9688  2.3654 27.8485
  5.2797  2.6256  0.9716  0.5247 21.9926
  5.0953  2.8745  0.9728  1.5298 24.5561
  4.2078  3.4795  0.9928  0.9941 30.9331
  5.0933  1.6522  0.9704  2.2331 12.4249
  5.8585  3.7554  0.9707  0.5023 33.8999
  5.2308  4.4679  0.9891  2.2488 41.7012
  5.0123  4.2029  0.9937  0.3353 38.7778
  3.8590  2.9943  0.9980  1.8924 25.8039
  5.0007  3.7721  0.9967  1.4608 34.0810
  5.1403  2.5670  0.9980  0.9475 21.3950
  4.9555  2.6745  0.9939  0.7648 22.4935
  5.0326  2.9842  0.9812  0.7557 25.6981
  4.8034  4.3956  0.9737  2.2764 40.9016
  5.2403  3.8970  0.9870  1.7341 35.4347
  5.4973  1.6802  0.9882  1.9998 12.6875
  5.1797  3.0048  0.9812  1.0943 25.9132
  4.7612  2.6686  0.9844  0.7470 22.4325
  6.1006  1.5160  0.9761  2.8233 11.1635
  3.5911  2.3764  0.9754  0.0471 19.4676
  4.8983  2.4800  0.9909  0.7523 20.5122
  5.4390  4.1113  0.9836  2.1210 37.7731
  4.1850  1.9452  0.9905  0.6274 15.2138
  3.6951  0.9971  0.9694  0.5198  6.6147
  4.6566  2.8225  0.9805  0.7881 24.0180
  4.4362  2.2974  0.9860  2.1120 18.6762
  4.6175  2.1399  0.9941  2.6392 17.1142
  4.3032  2.9089  0.9854  1.6542 24.9134
  4.7399  3.6080  0.9856  1.4038 32.3108
  5.2203  0.7339  0.9968  0.8700  4.5179
  4.8351  2.5544  0.9956  1.2061 21.2672
  5.2982  3.9830  0.9817  1.3572 36.3716
  5.2399  1.5000  0.9759  1.5832 11.0170
  5.5537  3.4272  0.9691  1.8274 30.3749
  5.4480  0.5072  0.9920  0.9211  2.8737
  4.9410  3.1062  0.9870  2.4471 26.9763
  5.8302  4.2327  0.9935  0.2776 39.1058
  4.8456  3.4323  0.9781  2.7597 30.4291
  5.2148  1.8776  0.9833  2.7993 14.5624
  4.8895  4.0192  0.9746  0.8284 36.7667
  5.4437  3.0230  0.9755  0.5551 26.1034
  5.2918  0.8554  0.9980  2.0504  5.4643
  4.4683  2.6020  0.9836  0.6803 21.7521
  4.8110  3.7844  0.9749  2.3322 34.2142
  5.4925  3.6916  0.9690  0.5859 33.2115
  4.6607  2.2249  0.9689  0.5166 17.9547
  5.0925  1.8781  0.9951  1.8786 14.5666
  5.3079  4.0367  0.9791  1.5907 36.9576
  5.6414  2.4994  0.9970  2.4451 20.7086
  4.2058  4.4189  0.9834  2.4883 41.1586
  5.4041  4.3350  0.9911  2.7068 40.2319
  4.7661  2.1391  0.9839  0.5999 17.1069
  6.1374  1.8644  0.9977  0.5827 14.4359
  5.0806  1.1214  0.9914  1.0564  7.6605
  5.2851  1.4005  0.9712  2.0987 10.1124
  5.1348  2.8407  0.9940  2.3006 24.2061
  4.2135  3.2274  0.9920  1.0268 28.2533
  4.3179  1.1345  0.9947  1.3408  7.7726
  5.1614  4.2095  0.9706  2.0510 38.8503
  4.4596  2.2525  0.9874  1.9894 18.2295
  4.9919  1.7855  0.9880  0.0891 13.6822
  5.4514  2.5666  0.9868  1.2585 21.3907
  5.1046  2.3426  0.9924  1.1523 19.1288
  5.1320  1.8706  0.9832  0.1412 14.4950
  6.6859  0.9910  0.9631  2.4588  6.5638
  5.0088  2.2505  0.9892  0.6914 18.2092
  4.3072  1.7734  0.9980  1.1797 13.5672
  4.2708  1.2811  0.9951  0.6470  9.0473
  5.2805  1.2704  0.9783  1.8015  8.9532
  5.7131  3.5420  0.9915  0.5859 31.6023
  4.9057  3.0080  0.9695  0.5354 25.9472
  4.6955  3.4833  0.9708  1.0595 30.9745
  5.1356  1.0307  0.9969  0.5026  6.8944
  4.2014  1.7078  0.9952  1.7666 12.9473
  5.1453  2.7380  0.9884  1.6352 23.1458
  5.9957  1.6016  0.9706  1.1653 11.9540
  4.6394  1.9072  0.9895  0.7294 14.8469
  5.2303  2.0792  0.9835  1.2943 16.5182
  4.3674  0.9598  0.9746  1.8934  6.3071
  4.9583  4.0998  0.9947  1.4553 37.6477
  4.6585  4.1220  0.9702  0.4096 37.8900
  3.6517  2.9130  0.9933  0.5700 24.9568
  4.6284  1.9463  0.9980  1.1624 15.2242
  6.1110  2.1695  0.9908  1.2211 17.4061
  5.1238  1.7640  0.9764  1.2441 13.4776
  4.4363  2.3962  0.9980  0.6362 19.6669
  4.8151  3.1743  0.9798  2.5547 27.6929
  4.9665  2.3778  0.9742  1.8233 19.4818
  5.9417  2.9414  0.9804  1.3433 25.2518
  4.7855  2.9864  0.9788  0.5005 25.7215
  4.3789  4.2908  0.9886  1.1053 39.7453
  4.8354  3.1144  0.9862  1.0929 27.0621
  4.7076  1.8365  0.9843  0.8575 14.1685
  5.4522  3.9305  0.9743  1.3236 35.7992
  5.0277  2.2010  0.9898  0.3093 17.7176
  5.0088  2.0960  0.9876  1.7351 16.6833
  6.0617  3.3167  0.9923  0.7210 29.1995
  4.3909  3.7164  0.9738  2.7012 33.4792
  5.4033  4.4739  0.9791  2.2908 41.7679
  3.9731  3.0839  0.9922  0.6145 26.7419
  6.0900  1.8800  0.9926  0.8390 14.5857
  6.0165  1.9952  0.9865  2.5881 15.6986
  4.4565  1.3959  0.9690  1.6442 10.0715
  5.2527  1.8442  0.9719  1.7227 14.2423
  6.2416  1.5980  0.9803  0.7868 11.9198
  5.2569  3.4456  0.9698  1.8770 30.5709
  5.1377  2.9450  0.9974  2.1958 25.2892
  4.2822  3.1584  0.9786  1.0545 27.5247
  6.4135  3.8535  0.8889  2.3578 34.9627
  5.3004  2.9692  0.9771  1.2595 25.5414
  5.1573  1.7562  0.9678  0.4805 13.4041
  3.8672  3.1538  0.9908  1.8364 27.4772
  5.6036  3.8390  0.9980  1.9326 34.8051
  4.1491  1.8332  0.9704  1.4692 14.1369
  4.2574  3.8954  0.9705  1.5379 35.4181
  4.4682  3.3435  0.9786  0.9504 29.4838
  5.3838  4.0807  0.9956  1.1517 37.4377
  4.9497  2.4409  0.9778  1.7740 20.1170
  4.7934  1.6470  0.9752  0.5442 12.3766
  5.2538  2.1442  0.9916  0.6305 17.1570
  5.5871  3.4536  0.9705  2.4051 30.6569
  5.1202  3.0051  0.9691  0.9032 25.9166
  3.7689  3.7250  0.9691  0.7545 33.5716
  4.5713  1.0594  0.9778  1.3465  7.1346
  4.9331  2.5524  0.9768  1.3741 21.2469
  4.7151  0.9088  0.9980  2.6986  5.8920
  3.9848  2.3586  0.9792  1.4368 19.2892
  5.4804  1.3220  0.9938  1.0974  9.4102
  5.2347  2.8699  0.9713  0.4359 24.5084
  5.1036  4.4104  0.9686  0.8830 41.0653
  5.6120  4.1635  0.9846  1.8460 38.3451
  4.6923  0.3472  0.9954  0.5104  1.8286
  5.4415  2.2635  0.9669  0.6170 18.3382
  4.2564  3.2899  0.9670  0.9972 28.9151
  4.6417  0.5820  0.9756  2.1397  3.3967
  4.0870  2.8740  0.9980  0.5811 24.5515
  5.7748  3.7945  0.9873  2.5443 34.3227
  4.9021  1.6528  0.9763  1.2896 12.4305
  5.3127  2.8769  0.9969  2.2890 24.5812
  3.8233  3.7731  0.9820  1.0495 34.0914
  4.6912  2.6810  0.9932  1.5881 22.5601
  5.0878  3.8055  0.9702  0.1421 34.4424
  5.8838  2.1079  0.9682  0.8881 16.7993
  5.0735  1.9730  0.9947  0.6648 15.4832
  4.8036  4.0693  0.9909  0.6916 37.3136
  5.4958  4.4059  0.9678  0.5663 41.0151
  5.3365  1.6489  0.9808  0.1363 12.3947
  4.9807  3.1569  0.9735  1.6664 27.5098
  4.9425  3.9255  0.9844  0.3523 35.7447
  5.3956  0.9107  0.9823  2.6196  5.9076
  6.1797  3.7036  0.9691  1.5830 33.3404
  5.1224  1.7645  0.9885  1.1357 13.4832
  4.8964  1.5391  0.9980  0.7978 11.3754
  5.0488  0.8734  0.9762  1.5312  5.6078
  5.4634  3.7997  0.9835  0.7675 34.3789
  5.0580  3.2129  0.9769  2.3831 28.1004
  5.0849  1.9444  0.9767  1.7328 15.2064
  5.2167  2.0131  0.9859  2.0150 15.8723
  5.3020  3.3950  0.9980  2.5554 30.0317
  4.2995  3.1797  0.9884  0.4557 27.7499
  5.2824  2.5225  0.9796  1.5201 20.9428
  5.2986  1.7807  0.9811  0.8449 13.6362
  4.2000  4.1953  0.9671  1.4644 38.6948
  5.8341  2.6917  0.9688  2.5016 22.6702
  5.0296  3.6840  0.9821  2.2220 33.1296
  4.8329  3.5674  0.9736  0.5384 31.8747
  5.1407  2.1336  0.9923  1.2010 17.0521
  5.4709  2.8250  0.9760  1.4048 24.0433
  5.8016  3.4999  0.9839  0.9990 31.1519
  5.4071  3.6744  0.9747  2.0319 33.0254
  5.6896  4.3812  0.9798  2.6016 40.7422
  6.2736  2.2798  0.9933  1.6598 18.5014
  3.5724  2.2495  0.9945  0.5863 18.1993
  4.5354  3.1067  0.9734  1.6668 26.9809
  5.2733  3.8384  0.9741  0.6221 34.7989
  3.8263  3.6960  0.9946  1.6100 33.2586
  6.5474  2.8186  0.9314  1.1556 23.9778
  6.0021  2.8696  0.9980  2.2116 24.5053
  5.0683  1.6769  0.9963  2.4694 12.6569
  5.7427  2.4956  0.9883  0.5808 20.6699
  3.5483  3.3398  0.9918  1.9276 29.4445
  5.1754  3.6942  0.9703  0.6447 33.2386
  6.8207  0.9097  0.7311  1.4299  5.8994
  6.1186  2.5826  0.9971  2.0099 21.5541
  4.9588  2.2110  0.9919  2.4724 17.8170
  6.6399  3.6063  0.7013  0.5313 32.2921
  3.8784  1.3494  0.9814  2.1225  9.6540
  5.0167  3.9925  0.9797  1.1672 36.4747
  6.0739  1.9982  0.9931  0.5602 15.7272
  4.8197  1.8111  0.9802  0.9400 13.9258
  5.1882  0.4989  0.9833  0.5419  2.8169
  5.6330  2.8425  0.9797  1.0762 24.2247
  5.0072  2.7943  0.9668  1.0181 23.7261
  4.5413  1.4919  0.9863  2.6901 10.9427
  5.2618  1.9987  0.9858  0.2841 15.7320
  5.3945  3.4557  0.9770  1.1004 30.6791
  5.2413  2.1521  0.9974  0.4587 17.2350
  4.8217  0.8543  0.9718  1.7268  5.4550
  6.3347  3.8572  0.9782  2.2433 35.0027
  6.1869  3.9813  0.9819  1.1642 36.3527
  4.8724  2.8791  0.9853  0.3142 24.6040
  5.2033  3.0899  0.9855  0.7948 26.8044
  6.2117  3.9726  0.9964  1.4678 36.2582
  5.1695  0.6630  0.9895  1.7430  3.9858
  3.6779  2.4800  0.9977  0.8061 20.5120
  5.4879  3.3598  0.9739  2.1910 29.6568
  4.6942  3.2366  0.9869  1.5660 28.3502
  5.0976  1.2704  0.9733  2.4211  8.9534
  5.0973  1.1729  0.9672  0.7660  8.1027
  4.2179  2.8452  0.9805  2.3565 24.2530
  4.5503  1.0594  0.9778  2.2299  7.1347
  5.1582  0.6700  0.9751  0.0611  4.0371
  5.1242  2.4768  0.9695  0.7773 20.4801
  4.8240  0.6713  0.9558  1.0390  4.0468
  5.0464  4.1497  0.9836  2.8589 38.1938
  5.5555  2.3837  0.9890  0.1149 19.5406
  4.8932  1.1864  0.9822  2.1908  8.2196
  5.3739  3.9715  0.9701  1.4597 36.2460
  4.4592  3.3584  0.9821  1.2836 29.6419
  4.7922  2.2258  0.9889  0.0285 17.9643
  4.6702  0.5432  0.9929  0.0981  3.1232
  5.1961  2.1237  0.9788  2.2135 16.9550
  6.7874  3.5335  0.6849  1.1771 31.5112
  5.2605  2.5780  0.9967  0.1980 21.5076
  5.4185  1.8367  0.9872  1.4629 14.1705
  5.3043  2.3422  0.9980  0.8238 19.1243
  4.4735  2.3132  0.9833  0.5896 18.8344
  5.2630  2.0839  0.9816  1.2615 16.5646
  5.9330  4.0228  0.9836  1.9339 36.8059
  5.0385  1.4785  0.9878  0.8212 10.8203
  5.4044  4.4494  0.9980  0.7000 41.4957
  6.1268  2.7530  0.9875  2.0767 23.2998
  4.9770  0.7865  0.9674  0.1106  4.9227
  5.4758  0.3803  0.9980  2.3627  2.0360
  5.8458  4.2524  0.9846  0.7965 39.3225
  4.7669  3.9727  0.9910  0.3159 36.2592
  5.0602  2.5314  0.9796  0.0583 21.0335
  5.5269  2.0219  0.9821  2.1124 15.9578
  6.5758  3.1623  0.8842  1.4380 27.5658
  5.5055  4.2817  0.9722  2.9079 39.6444
  5.4443  2.9308  0.9729  2.5471 25.1414
  6.0381  3.4404  0.9880  1.2281 30.5154
  5.7110  2.2296  0.9729  0.4699 18.0014
  4.8760  3.7799  0.9763  0.6366 34.1650
  5.2932  1.9294  0.9885  1.2860 15.0609
  5.2242  2.4585  0.9735  0.7763 20.2942
  6.0358  3.1894  0.9729  1.9340 27.8521
  4.0502  3.5044  0.9815  1.7875 31.2000
  4.9795  3.4439  0.9784  0.8344 30.5528
  4.8119  1.5261  0.9804  1.7532 11.2565
  4.9359  3.6076  0.9980  1.3065 32.3067
  6.6192  3.2431  0.7238  0.2345 28.4187
  5.9500  1.1987  0.9734  2.0221  8.3260
  5.1633  1.5326  0.9829  1.7424 11.3161
  4.5822  4.0277  0.9794  0.2169 36.8595
  5.7873  2.6346  0.9729  1.4740 22.0854
  5.7490  2.5143  0.9762  0.8742 20.8594
  6.0316  4.0810  0.9776  1.5081 37.4414
  5.9738  1.3566  0.9765  0.4849  9.7189
  5.6332  2.2120  0.9731  0.3411 17.8273
  3.8568  2.5108  0.9888  1.2540 20.8238
  4.3918  1.0659  0.9728  2.5508  7.1893
  5.4909  4.4416  0.9778  1.5711 41.4097
  3.8546  1.3641  0.9712  1.6366  9.7859
  5.0978  2.1857  0.9753  0.2078 17.5670
  5.4862  0.8427  0.9826  2.5394  5.3633
  5.9421  3.1661  0.9947  1.1970 27.6059
  5.8127  1.9362  0.9980  0.2808 15.1262
  5.2977  2.1816  0.9697  1.2160 17.5262
  4.9410  2.7261  0.9762  1.6767 23.0233
  6.8863  2.0887  0.5112  0.6920 16.6115
  5.7428  2.8244  0.9680  1.0214 24.0372
  4.4143  3.8282  0.9951  0.7104 34.6881
  5.8400  1.9331  0.9746  2.5197 15.0970
  4.3801  3.7748  0.9898  1.6635 34.1098
  4.7431  3.2266  0.9765  0.7263 28.2444
  5.1596  1.6565  0.9854  0.5211 12.4656
  5.1336  2.0164  0.9956  0.0393 15.9051
  4.6123  2.7969  0.9874  1.3966 23.7530
  4.8802  3.4478  0.9799  2.3743 30.5952
  4.0210  4.2443  0.9924  1.4476 39.2325
  4.8148  1.7198  0.9873  0.7927 13.0605
  5.3840  2.7260  0.9757  2.4433 23.0226
  4.5083  1.5400  0.9936  2.2388 11.3843
  4.9976  1.0683  0.9980  1.9586  7.2101
  4.4737  4.1449  0.9782  1.3999 38.1415
  5.2116  2.7831  0.9716  0.9496 23.6104
  4.6896  2.5895  0.9821  1.2112 21.6247
  5.0593  1.7685  0.9772  0.7923 13.5210
  4.2034  3.4483  0.9860  0.7751 30.6000
  6.3604  3.8097  0.9705  1.4637 34.4878
  5.5104  2.7534  0.9894  1.8344 23.3042
  4.7396  1.2021  0.9909  1.0423  8.3558
  3.9307  0.9696  0.9896  1.3728  6.3879
  4.5395  1.8551  0.9703  1.2392 14.3462
  4.1064  3.0038  0.9971  0.4323 25.9034
  3.6276  2.3810  0.9831  0.9697 19.5133
  5.1937  2.2450  0.9689  0.2210 18.1544
  4.1965  2.2732  0.9827  1.6257 18.4354
  4.0716  2.6671  0.9862  1.8752 22.4174
  5.2932  2.3400  0.9791  0.9068 19.1026
  5.4654  3.7090  0.9740  1.2989 33.3991
  4.3979  1.7973  0.9882  1.1372 13.7948
  4.9041  0.6699  0.9741  1.3552  4.0368
  5.2387  0.7503  0.9750  1.0325  4.6434
  3.7583  3.5680  0.9701  0.4220 31.8815
  5.3272  3.4214  0.9977  0.7957 30.3135
  6.5533  3.6969  0.9912  0.7704 33.2685
  4.7243  0.7299  0.9874  0.5284  4.4874
  5.4296  1.5380  0.9980  1.9847 11.3653
  3.6703  2.1560  0.9837  1.3967 17.2737
  5.4083  2.2287  0.9822  0.4076 17.9923
  4.9722  4.2977  0.9890  2.1638 39.8212
  5.3615  2.7398  0.9929  1.2421 23.1639
  5.9340  2.2481  0.9717  1.9967 18.1854
  5.2992  2.1585  0.9831  1.4230 17.2979
  4.9174  3.0358  0.9711  0.4100 26.2380
  5.9784  2.3971  0.9700  0.7394 19.6760
  5.2114  0.9037  0.9948  1.3422  5.8510
  5.2598  2.6931  0.9743  1.8574 22.6844
  6.4174  4.2526  0.9770  0.8037 39.3241
  5.3560  4.4070  0.9705  2.3152 41.0275
  4.7375  2.3234  0.9872  1.2247 18.9366
  5.2168  2.4394  0.9823  2.5063 20.1014
  4.6135  3.8375  0.9930  0.8789 34.7889
  5.2461  1.1145  0.9913  1.2631  7.6019
  4.7678  2.3468  0.9732  1.2392 19.1702
  5.6900  3.9598  0.9752  2.0344 36.1182
  3.5761  3.4324  0.9765  0.3157 30.4304
  4.7277  2.7134  0.9694  2.0759 22.8932
  4.0002  2.4180  0.9980  0.2482 19.8859
  5.1540  3.5267  0.9750  2.2471 31.4387
  4.9455  4.1793  0.9875  0.2914 38.5190
  4.7195  0.7775  0.9879  2.4985  4.8529
  4.9998  1.6714  0.9870  0.9947 12.6054
  3.9353  2.8102  0.9839  2.2442 23.8903
  4.8219  1.9652  0.9892  0.9793 15.4077
  5.1993  4.2895  0.9787  0.2037 39.7301
  4.8139  3.2629  0.9948  1.5110 28.6284
  4.9261  2.2276  0.9923  1.3733 17.9821
  4.7149  3.3256  0.9739  0.6629 29.2934
  6.4724  2.0857  0.9935  1.0363 16.5821
  5.3214  2.8788  0.9935  1.0120 24.6006
  5.5795  2.6402  0.9829  1.3653 22.1425
  5.0423  1.7847  0.9699  0.4622 13.6742
  4.8996  4.4304  0.9788  2.1886 41.2861
  4.4856  1.4809  0.9767  2.0369 10.8424
  5.3862  4.3847  0.9838  0.7947 40.7811
  4.9967  3.5740  0.9818  1.7770 31.9457
  4.8522  2.3890  0.9833  0.4152 19.5942
  5.2244  1.4862  0.9930  1.6631 10.8902
  4.8729  1.3371  0.9672  1.4252  9.5442
  5.6243  2.2152  0.9837  2.1462 17.8591
  5.0315  1.7063  0.9977  0.7604 12.9334
  4.3639  1.9362  0.9916  0.8520 15.1265
  4.4043  3.1459  0.9672  1.8124 27.3937
  5.4232  2.8877  0.9932  0.5849 24.6933
  5.9068  2.8446  0.9840  1.5096 24.2460
  5.1373  3.8684  0.9679  0.9051 35.1242
  4.9476  0.6150  0.9875  0.7687  3.6338
  5.0489  1.4480  0.9821  1.3634 10.5421
  3.9103  0.3435  0.9961  1.9975  1.8059
  4.6896  1.0927  0.9700  0.6745  7.4161
  5.7188  2.2783  0.9969  1.0721 18.4862
  4.1456  1.6190  0.9788  1.1965 12.1152
  4.2417  4.0201  0.9980  1.0479 36.7760
  4.2182  3.6638  0.9746  0.4321 32.9109
  5.0604  2.6413  0.9723  1.0136 22.1535
  4.6747  1.2385  0.9676  0.4057  8.6733
  3.6122  2.1250  0.9930  0.5213 16.9682
  4.7182  3.7037  0.9941  0.9499 33.3413
  5.1232  3.8662  0.9980  1.5351 35.1006
  4.6863  2.4755  0.9980  2.4863 20.4667
  5.9718  2.7071  0.9737  1.6226 22.8285
  5.2189  0.9987  0.9792  2.2646  6.6280
  5.2850  4.3625  0.9850  2.3315 40.5354
  5.4023  2.4713  0.9901  0.5444 20.4244
  5.0276  2.0055  0.9715  1.9791 15.7989
  5.1611  2.1303  0.9705  1.1783 17.0204
  5.2860  2.6000  0.9788  0.8818 21.7314
  5.1551  2.1974  0.9729  1.6260 17.6828
  4.8193  2.7178  0.9815  1.5364 22.9376
  5.0026  2.4766  0.9671  1.5159 20.4781
  4.6293  2.8402  0.9849  0.1897 24.2013
  4.2160  3.4795  0.9857  1.4987 30.9339
  5.1037  2.5797  0.9881  2.3513 21.5247
  5.1037  3.3446  0.9752  0.2735 29.4955
  4.2035  3.3935  0.9980  1.9836 30.0158
  5.2191  1.1861  0.9853  1.9399  8.2166
  4.7044  0.8605  0.9809  1.2462  5.5049
  5.3688  2.5164  0.9958  0.7404 20.8806
  4.8097  2.6443  0.9709  0.6358 22.1845
  4.7903  3.0666  0.9798  2.3771 26.5605
  4.3039  4.2423  0.9968  2.7891 39.2110
  5.4021  3.8725  0.9734  0.8055 35.1687
  5.4656  1.6455  0.9829  1.2742 12.3623
  4.4372  1.8400  0.9980  0.8018 14.2022
  4.7732  1.0344  0.9941  2.0011  6.9251
  5.2696  2.1611  0.9980  0.2736 17.3237
  5.6847  3.1060  0.9748  1.6964 26.9742
  3.9752  4.3198  0.9906  1.3628 40.0644
  5.2218  3.9594  0.9867  2.2526 36.1137
  5.4314  2.1381  0.9934  0.9984 17.0971
  5.1622  3.7621  0.9684  0.8258 33.9719
  5.9462  3.1893  0.9955  2.1404 27.8509
  4.6033  2.7552  0.9836  1.1474 23.3224
  5.4592  4.4349  0.9761  1.7239 41.3356
  5.2159  4.1243  0.9976  0.0715 37.9155
  5.5347  3.1775  0.9954  2.3786 27.7267
  5.1619  3.1966  0.9694  2.2504 27.9277
  4.8050  2.5199  0.9876  1.1167 20.9168
  4.9908  2.3219  0.9980  1.8788 18.9216
  5.1018  3.6054  0.9868  1.5416 32.2826
  3.9865  2.8637  0.9980  2.1938 24.4443
  4.3410  3.9875  0.9689  1.5844 36.4199
  5.8341  2.8520  0.9717  0.2548 24.3234
  5.1359  4.0118  0.9810  1.0064 36.6858
  5.1972  0.4986  0.9874  1.8528  2.8150
  5.6999  2.8196  0.9878  0.8514 23.9874
  6.2618  1.9260  0.9788  0.7727 15.0278
  5.7500  1.8687  0.9669  1.5307 14.4765
  4.4833  1.1017  0.9858  0.8119  7.4930
  5.1772  1.3569  0.9793  0.8853  9.7211
  4.9240  2.2961  0.9951  2.1537 18.6635
  4.4508  2.1966  0.9885  2.2645 17.6750
  5.1479  1.0465  0.9827  1.7371  7.0264
  5.3175  0.9118  0.9676  1.4609  5.9166
  4.7564  2.0295  0.9815  1.2386 16.0322
  5.9351  3.1797  0.9980  1.0606 27.7495
  5.2620  2.4559  0.9771  1.7264 20.2685
  5.6751  4.0657  0.9942  1.1001 37.2743
  5.9582  2.8533  0.9892  1.6854 24.3364
  5.2129  2.0941  0.9865  1.8572 16.6639
  5.9603  3.9914  0.9745  0.5114 36.4631
  5.6057  2.0608  0.9694  1.0367 16.3378
  5.0669  3.0806  0.9903  2.2147 26.7076
  5.1849  3.2821  0.9892  1.1917 28.8321
  5.9017  4.2055  0.9708  1.8384 38.8062
  4.7565  2.6150  0.9953  0.9492 21.8850
  5.6096  3.5949  0.9926  1.0991 32.1698
  5.0841  3.8569  0.9847  1.1977 34.9990
  5.4782  2.9953  0.9962  1.4726 25.8144
  5.1674  1.9503  0.9956  2.6767 15.2631
  4.8432  1.8077  0.9735  2.0049 13.8934
  4.8044  3.5852  0.9929  1.1053 32.0662
  4.3902  2.1745  0.9976  1.6787 17.4555
  4.9695  4.3222  0.9737  2.7675 40.0914
  3.9219  3.9746  0.9896  1.0993 36.2796
  4.1523  2.4648  0.9730  0.3986 20.3582
  6.0314  1.0470  0.9852  0.6325  7.0308
  4.4894  2.9075  0.9778  0.8822 24.8988
  5.1141  2.3071  0.9711  2.0946 18.7736
  4.8178  2.0307  0.9772  1.9205 16.0441
  4.7076  1.0521  0.9974  0.8482  7.0732
  4.3120  4.3035  0.9972  0.5103 39.8851
  5.3590  2.2208  0.9729  2.3071 17.9148
  4.5688  1.7633  0.9878  1.4813 13.4718
  4.7052  2.2603  0.9676  0.6361 18.3065
  4.5959  4.0651  0.9819  1.1763 37.2672
  5.5635  3.5611  0.9934  1.2168 31.8070
  4.6400  3.3315  0.9762  2.9593 29.3559
  6.2254  2.3791  0.9720  0.7165 19.4946
  5.5176  1.6870  0.9889  0.7291 12.7517
  5.6196  2.9494  0.9792  0.5132 25.3357
  4.7780  4.4376  0.9884  0.7858 41.3653
  5.0268  1.1344  0.9980  2.7214  7.7721
  4.9561  3.1465  0.9695  0.6708 27.3997
  5.9200  1.3223  0.9709  1.2034  9.4128
  5.6110  2.8553  0.9714  2.5863 24.3571
  5.2827  3.4692  0.9832  0.9039 30.8237
  4.9975  2.1531  0.9948  2.4444 17.2447
  4.6302  2.2185  0.9702  1.9991 17.8916
  4.1239  3.3053  0.9770  1.6796 29.0780
  4.5395  0.7296  0.9754  2.0339  4.4851
  6.0957  1.8792  0.9944  0.4415 14.5780
  4.9263  2.6526  0.9862  1.8551 22.2687
  6.0510  3.1066  0.9739  0.9379 26.9797
  6.0312  1.7569  0.9721  1.1100 13.4108
  4.3986  1.2908  0.9707  0.1124  9.1330
  6.5803  3.2218  0.8825  2.4395 28.1944
  5.0889  1.6877  0.9809  0.8929 12.7579
  5.6072  2.4938  0.9849  0.9175 20.6518
  5.1646  1.6571  0.9856  2.2386 12.4708
  3.8227  2.0837  0.9831  0.5326 16.5622
  4.5982  3.7058  0.9712  0.5677 33.3640
  3.9013  4.0941  0.9913  0.9946 37.5851
  5.2643  1.2636  0.9937  0.5270  8.8936
  4.9645  2.7153  0.9830  0.7400 22.9118
  4.3246  1.4353  0.9781  0.7755 10.4274
  4.6359  4.1299  0.9751  1.1751 37.9767
  5.3333  3.4600  0.9801  0.4988 30.7255
  4.6224  2.4998  0.9683  1.4003 20.7121
  5.2659  1.8972  0.9771  0.5062 14.7511
  4.9971  2.3580  0.9828  2.7164 19.2829
  4.6596  2.4702  0.9942  1.9493 20.4132
  4.7973  3.3385  0.9957  1.1734 29.4305
  5.2081  2.3322  0.9779  2.7414 19.0248
  4.3203  4.0162  0.9724  1.0872 36.7329
  4.4253  2.4820  0.9688  0.9117 20.5322
  5.2504  1.2083  0.9722  1.0787  8.4101
  5.4968  1.2158  0.9922  2.6145  8.4746
  6.3395  1.5504  0.9739  0.7696 11.4797
  5.1057  1.7070  0.9855  0.8189 12.9395
  4.1110  2.3388  0.9858  1.6730 19.0910
  5.1871  3.2726  0.9783  1.1594 28.7314
  5.2501  1.1769  0.9785  2.3961  8.1375
  4.6107  2.0351  0.9755  1.1301 16.0866
  4.8353  1.0279  0.9891  0.5627  6.8706
  4.6511  2.3008  0.9669  2.7018 18.7106
  5.4567  3.1516  0.9699  1.2536 27.4532
  6.5814  2.1357  0.9474  2.1333 17.0729
  5.4272  1.6858  0.9670  0.9049 12.7402
  4.9719  2.5211  0.9727  1.8830 20.9288
  4.7523  2.7979  0.9734  1.3623 23.7631
  6.6970  1.7653  0.6192  0.6918 13.4908
  4.9679  1.4313  0.9843  1.6842 10.3909
  4.6278  2.4357  0.9697  0.2992 20.0642
  5.5878  3.9565  0.9957  1.0482 36.0819
  4.4521  4.4946  0.9944  0.5705 41.9965
  5.3755  3.2052  0.9877  0.8431 28.0182
  5.5005  2.3974  0.9937  2.4032 19.6787
  5.0066  4.3621  0.9937  1.8065 40.5315
  4.9605  2.4310  0.9980  2.3120 20.0168
  5.1949  3.9099  0.9867  0.7099 35.5748
  4.1348  1.3270  0.9708  2.6144  9.4541
  5.7451  3.6675  0.9980  0.6550 32.9516
  4.4379  2.0398  0.9726  1.1099 16.1330
  6.5684  1.7767  0.8971  1.8335 13.5991
  5.1842  1.2905  0.9766  0.6326  9.1311
  4.9448  0.8999  0.9807  1.8417  5.8200
  4.6052  1.1568  0.9980  1.2334  7.9637
  5.2909  3.2616  0.9838  0.7964 28.6151
  3.9116  4.3415  0.9751  1.1903 40.3037
  4.2441  4.4684  0.9867  1.7289 41.7063
  4.7945  2.6148  0.9726  0.4083 21.8826
  5.3824  1.9865  0.9884  2.3674 15.6137
  5.6261  2.0724  0.9686  1.7997 16.4513
  4.6792  2.3438  0.9855  0.2674 19.1409
  4.3769  4.0114  0.9852  0.8963 36.6815
  3.6003  4.1008  0.9730  1.4225 37.6581
  5.3177  2.1270  0.9682  0.2316 16.9874
  5.0010  2.9027  0.9702  1.5989 24.8498
  4.6123  1.0376  0.9727  0.5530  6.9519
  4.3240  0.9379  0.9887  0.4406  6.1281
  6.1925  1.5956  0.9808  0.2361 11.8977
  5.8276  1.8814  0.9704  2.1707 14.5989
  4.6406  3.8433  0.9733  2.2167 34.8523
  4.8316  0.9164  0.9955  0.5690  5.9539
  5.3661  3.4700  0.9928  0.7803 30.8322
  5.1663  0.4880  0.9881  0.9094  2.7424
  5.3165  2.5970  0.9774  1.2796 21.7010
  5.1476  0.3464  0.9821  1.4598  1.8234
  5.2445  2.4105  0.9975  1.1320 19.8105
  4.6092  2.0833  0.9675  1.2479 16.5580
  3.8583  3.2606  0.9941  0.4714 28.6047
  5.0920  3.7608  0.9898  0.4309 33.9585
  4.9690  3.3320  0.9726  1.2201 29.3617
  4.5486  4.2694  0.9906  1.4887 39.5093
  4.8690  1.5718  0.9882  2.1416 11.6775
  4.3274  1.2567  0.9834  2.2248  8.8330
  5.9470  2.7932  0.9772  1.1280 23.7146
  5.7406  2.2208  0.9806  0.3502 17.9144
  4.6975  3.6905  0.9980  0.5350 33.1993
  5.6928  3.6959  0.9841  1.8268 33.2570
  5.2784  1.1991  0.9729  0.9592  8.3295
  4.9828  1.3260  0.9911  0.4648  9.4453
  5.2339  3.1674  0.9980  1.7655 27.6204
  4.4380  3.0809  0.9670  1.4639 26.7101
  4.1272  1.2465  0.9949  1.1935  8.7434
  4.8420  2.7384  0.9977  0.4620 23.1503
  5.8138  3.1407  0.9759  1.6336 27.3385
  5.7687  4.0734  0.9791  0.3510 37.3582
  5.2584  1.8827  0.9855  0.7598 14.6109
  5.5725  2.5692  0.9837  1.0477 21.4176
  6.9313  2.9219  0.4506  2.1538 25.0487
  4.6524  1.6545  0.9980  0.3198 12.4469
  4.4178  2.0203  0.9907  1.8194 15.9427
  4.9466  0.7857  0.9859  0.6991  4.9167
  5.7824  1.8464  0.9809  1.7287 14.2630
  6.6940  3.0417  0.8009  2.1206 26.2999
  4.9950  2.2508  0.9967  2.0954 18.2118
  4.4790  3.6033  0.9748  2.0530 32.2607
  4.6463  1.5522  0.9912  0.9825 11.4966
  6.0475  2.5347  0.9924  1.2085 21.0668
  5.2794  2.8995  0.9925  1.8026 24.8166
  5.7084  2.6783  0.9966  0.2302 22.5322
  5.0978  2.8718  0.9808  1.7409 24.5287
  5.8937  1.9068  0.9980  0.7739 14.8430
  5.0937  2.9621  0.9751  1.3363 25.4680
  5.2921  3.1615  0.9952  1.2163 27.5576
  5.5774  0.2941  0.9980  1.9109  1.5066
  4.8068  3.0758  0.9700  0.9547 26.6570
  4.7730  2.3744  0.9757  0.9546 19.4473
  4.6782  0.4586  0.9856  0.8729  2.5451
  4.0303  1.3806  0.9729  1.4410  9.9335
  6.0298  1.6140  0.9743  1.3727 12.0691
  6.2542  3.9702  0.9919  1.1306 36.2317
  6.2703  4.0295  0.9813  1.2015 36.8792
  5.3958  4.0530  0.9875  0.7008 37.1357
  4.7458  1.2315  0.9882  2.3992  8.6124
  5.1571  3.4498  0.9878  1.9506 30.6159
  5.3754  2.9703  0.9758  0.8028 25.5530
  4.1517  3.5194  0.9945  0.2903 31.3603
  5.4515  2.4111  0.9980  1.1650 19.8160
  5.1549  1.8237  0.9863  1.6700 14.0461
  4.8134  1.6869  0.9700  0.5111 12.7500
  5.3723  4.2330  0.9980  1.7951 39.1085
  3.5847  1.7243  0.9866  1.8272 13.1024
  4.5356  3.4128  0.9914  2.5995 30.2214
  6.9375  2.7222  0.3748  1.1558 22.9829
  4.4282  3.3776  0.9712  2.6453 29.8461
  4.7080  3.0180  0.9826  1.4629 26.0514
  5.4400  1.1562  0.9834  2.2933  7.9585
  4.2855  1.0109  0.9863  1.8088  6.7295
  6.1452  3.8126  0.9980  1.1032 34.5190
  5.6272  4.3782  0.9899  2.2701 40.7089
  5.3139  2.9990  0.9980  1.9373 25.8529
  5.4591  1.1342  0.9803  1.5680  7.7701
  3.6725  1.9794  0.9900  2.4226 15.5446
  5.4178  1.9643  0.9942  1.8383 15.3986
  4.9327  2.5505  0.9924  2.8448 21.2271
  4.5528  0.5828  0.9753  1.7083  3.4028
  6.9025  2.1773  0.4650  1.5423 17.4839
  5.0100  3.8570  0.9835  0.8811 35.0011
  4.9071  3.1210  0.9980  0.6381 27.1319
  5.2726  3.2874  0.9980  0.1165 28.8884
  5.8439  3.4513  0.9903  0.6711 30.6325
  4.9617  1.3080  0.9980  0.9103  9.2857
  4.6333  2.6882  0.9869  1.5226 22.6340
  5.2050  2.0762  0.9866  0.8489 16.4885
  5.5767  2.7193  0.9671  0.8348 22.9532
  6.1837  2.5086  0.9860  1.0445 20.8022
  4.8617  2.4130  0.9822  1.1660 19.8356
  4.5338  2.9937  0.9980  0.8077 25.7977
  5.0285  1.9259  0.9759  0.7512 15.0270
  5.1081  4.3720  0.9811  1.6229 40.6404
  4.7581  1.1920  0.9928  0.5634  8.2680
  5.1617  0.9012  0.9798  1.3008  5.8310
  5.4399  3.1697  0.9786  2.3473 27.6437
  4.6113  2.1796  0.9918  1.3909 17.5062
  4.9441  2.7398  0.9701  1.0578 23.1638
  5.2109  1.5192  0.9797  0.2059 11.1931
  5.1741  2.4042  0.9980  2.1709 19.7467
  4.6364  4.3693  0.9896  0.3879 40.6106
  4.8147  4.2480  0.9733  2.6961 39.2740
  5.1779  3.6803  0.9730  0.8628 33.0895
  4.8690  3.0367  0.9734  1.0435 26.2473
  5.2938  2.3697  0.9892  1.6195 19.3998
  4.5417  1.2753  0.9827  1.6084  8.9962
  5.2343  1.4752  0.9905  1.2403 10.7904
  4.0322  2.7584  0.9789  0.1385 23.3559
  5.3699  1.8409  0.9677  0.9910 14.2106
  4.9303  2.0038  0.9949  1.8206 15.7822
  4.5803  4.1326  0.9926  2.4097 38.0066
  5.4873  3.7947  0.9830  1.2948 34.3255
  4.9828  0.4253  0.9774  2.3361  2.3255
  4.4253  1.3669  0.9759  0.6448  9.8111
  4.6767  3.4389  0.9763  1.3336 30.5001
  4.9791  2.8339  0.9894  0.9752 24.1359
  4.8530  2.1764  0.9851  1.0955 17.4744
  5.0243  3.6306  0.9685  0.3960 32.5544
  3.5749  1.2444  0.9697  0.7475  8.7253
  4.8925  2.9433  0.9703  0.3955 25.2722
  4.4462  3.8546  0.9868  0.1591 34.9746
  6.3526  3.2546  0.9937  0.3294 28.5406
  3.9094  1.2465  0.9782  0.8743  8.7434
  5.1382  3.1846  0.9866  1.0162 27.8014
  4.8497  3.2088  0.9699  0.4874 28.0568
  4.5860  0.7394  0.9794  0.4362  4.5603
  5.2700  1.2217  0.9777  1.6538  8.5266
  4.9275  3.6053  0.9697  1.4822 32.2820
  5.1019  2.5079  0.9980  0.8799 20.7949
  4.1068  1.2249  0.9853  0.2545  8.5544
  5.3668  3.1740  0.9910  0.1968 27.6901
  4.2973  3.1874  0.9843  0.6241 27.8311
  3.8961  2.1547  0.9705  0.9038 17.2608
  5.1861  2.5565  0.9841  2.1813 21.2879
  6.2024  2.3769  0.9956  1.1783 19.4724
  4.4251  1.6146  0.9744  3.0544 12.0749
  5.1395  2.4149  0.9726  2.4139 19.8550
  3.5073  0.7133  0.9719  1.3759  4.3615
  4.8130  3.1166  0.9980  0.9567 27.0854
  5.3924  2.7399  0.9931  1.4525 23.1657
  5.3148  1.6944  0.9949  0.4173 12.8206
  4.0694  3.3007  0.9670  2.9069 29.0290
  6.0990  1.9842  0.9888  2.6580 15.5914
  5.0659  2.0315  0.9687  0.4553 16.0523
  4.1033  2.9300  0.9722  2.0518 25.1332
  4.8541  4.3514  0.9806  0.4676 40.4129
  4.8031  2.0774  0.9927  0.3465 16.5004
  6.9402  3.2225  0.3708  0.2446 28.2016
  5.4630  3.0780  0.9945  0.7639 26.6801
  5.5932  2.1561  0.9897  2.3848 17.2740
  4.7143  2.6499  0.9746  1.7025 22.2416
  5.6107  0.6838  0.9816  1.0785  4.1400
  6.5198  2.0124  0.9716  0.6642 15.8659
  5.1668  1.1931  0.9714  1.1280  8.2779
  4.6585  2.5123  0.9891  1.3621 20.8388
  5.5188  3.6810  0.9980  1.5201 33.0963
  4.4220  2.1892  0.9692  1.4452 17.6010
  5.1646  3.0996  0.9854  2.4483 26.9064
  6.0990  4.0219  0.9864  1.8513 36.7959
  5.2418  0.1655  0.9931  0.6057  0.7868
  5.1948  1.9922  0.9950  0.5535 15.6693
  4.0024  2.4187  0.9728  0.5970 19.8935
  4.5948  1.8931  0.9845  0.9196 14.7112
  4.4959  2.0441  0.9771  1.8139 16.1751
  6.0718  2.5979  0.9718  1.4089 21.7099
  4.1328  2.5516  0.9828  0.5453 21.2383
  6.0857  1.4473  0.9703  1.6066 10.5360
  4.7592  2.0143  0.9714  2.1108 15.8846
  5.2728  1.8444  0.9901  2.3486 14.2441
  4.8528  2.5884  0.9917  2.4394 21.6130
  5.6345  1.4222  0.9908  0.5274 10.3088
  4.4484  4.4643  0.9803  1.9478 41.6607
  6.6365  2.1208  0.6880  2.3632 16.9267
  5.9061  1.2843  0.9863  0.7035  9.0761
  5.8520  3.7729  0.9685  0.6844 34.0890
  5.0219  2.9543  0.9699  0.6641 25.3866
  5.1117  1.3739  0.9908  0.7242  9.8733
  5.2132  2.8975  0.9688  1.5109 24.7957
  5.2236  3.2040  0.9717  2.0977 28.0059
  5.6866  3.9243  0.9688  1.6471 35.7319
  6.6857  3.9942  0.6948  0.9942 36.4938
  5.0230  1.4666  0.9687  0.6532 10.7116
  6.2882  2.7219  0.9669  0.9742 22.9799
  6.0746  3.9676  0.9745  1.1012 36.2030
  5.7490  4.3114  0.9946  0.8951 39.9723
  6.3782  3.4366  0.9688  0.2895 30.4750
  4.3520  1.6046  0.9867  0.2408 11.9818
  4.6125  3.7391  0.9943  0.2370 33.7239
  5.5341  4.2462  0.9676  1.2428 39.2537
  4.8122  2.1587  0.9758  0.2017 17.2997
  4.5999  0.9538  0.9861  1.0894  6.2578
  4.8967  0.8242  0.9746  0.2082  5.2170
  5.2728  0.9140  0.9830  2.3376  5.9343
  6.0297  2.3485  0.9799  0.9363 19.1874
  5.1995  2.2947  0.9959  2.1074 18.6497
  5.7197  2.2580  0.9965  1.0349 18.2843
  4.7874  0.9371  0.9793  1.2864  6.1215
  5.0235  1.2898  0.9877  1.0709  9.1246
  5.1273  2.5039  0.9872  0.5718 20.7544
  5.5958  4.2756  0.9773  2.4482 39.5778
  4.9196  2.1455  0.9853  1.0901 17.1698
  4.4781  2.1425  0.9849  1.1423 17.1399
  5.2717  3.5618  0.9778  1.3831 31.8149
  4.0736  2.5750  0.9733  0.3613 21.4768
  4.1975  2.4957  0.9784  2.6598 20.6713
  4.6726  1.4386  0.9673  2.5254 10.4576
  5.0087  3.6886  0.9750  1.1938 33.1790
  4.7719  2.6905  0.9900  1.8472 22.6578
  5.5294  2.5460  0.9746  2.1931 21.1814
  4.9871  0.5858  0.9700  1.5224  3.4242
  5.0758  3.8745  0.9789  0.7102 35.1908
  5.4413  3.3125  0.9795  0.7657 29.1550
  6.0287  3.5630  0.9924  0.6663 31.8273
  4.1291  1.9416  0.9753  1.7503 15.1792
  5.2752  2.0221  0.9881  1.7108 15.9606
  5.1388  2.2734  0.9740  0.5516 18.4371
  5.6399  3.6978  0.9732  2.0842 33.2782
  4.7275  1.5449  0.9890  1.9471 11.4293
  4.6077  3.6185  0.9803  0.6227 32.4236
  4.1821  3.5122  0.9811  0.2866 31.2835
  4.9144  1.5518  0.9686  2.1207 11.4930
  4.1187  2.0232  0.9962  2.1063 15.9714
  4.8580  0.6216  0.9698  2.8732  3.6823
  4.9533  2.3845  0.9937  2.3897 19.5490
  4.4427  2.1289  0.9844  0.5276 17.0062
  5.2514  2.8816  0.9909  1.0460 24.6305
  4.5587  3.6737  0.9916  0.5752 33.0185
  4.7485  1.5492  0.9847  0.8398 11.4684
  4.9791  2.9630  0.9872  0.4605 25.4774
  5.8114  2.6126  0.9718  0.9471 21.8605
  5.0840  1.4774  0.9751  1.7076 10.8100
  5.0972  0.9114  0.9893  0.8956  5.9129
  5.1140  1.8163  0.9743  0.8127 13.9756
  4.5082  0.3746  0.9906  1.9577  1.9999
  4.9354  3.1412  0.9781  2.5512 27.3441
  4.5020  1.4550  0.9873  1.5138 10.6058
  4.4551  2.9276  0.9717  1.7797 25.1085
  4.6035  3.3335  0.9737  1.4953 29.3770
  4.1953  1.7564  0.9791  1.4509 13.4056
  4.6191  1.5238  0.9692  0.2982 11.2351
  5.9294  3.2474  0.9960  1.2376 28.4646
  4.4406  4.4070  0.9862  1.2229 41.0277
  4.3425  3.8238  0.9713  0.4808 34.6409
  4.3965  2.1439  0.9960  0.3611 17.1541
  5.2666  1.1068  0.9699  3.0691  7.5358
  5.1532  0.4464  0.9695  1.6243  2.4640
  5.1475  1.2495  0.9682  0.9256  8.7700
  4.7630  3.3664  0.9679  1.8389 29.7267
  4.4491  3.0927  0.9818  1.9612 26.8344
  4.8239  3.2967  0.9977  1.9401 28.9868
  6.1943  2.6549  0.9816  0.0868 22.2928
  5.5342  3.8876  0.9914  2.1710 35.3329
  4.7551  3.8330  0.9946  1.5012 34.7400
  5.2186  1.9808  0.9942  0.4055 15.5587
  5.9474  4.1463  0.9936  1.1011 38.1571
  4.9102  0.6728  0.9753  0.7341  4.0579
  4.9610  1.5506  0.9936  1.8546 11.4816
  5.3195  4.0613  0.9732  0.1000 37.2263
  5.0728  1.9269  0.9940  1.7381 15.0365
  4.5813  1.5244  0.9853  2.3291 11.2409
  5.0348  0.6355  0.9854  0.9113  3.7834
  3.7341  3.3092  0.9773  1.0754 29.1195
  5.2534  3.1814  0.9931  1.0071 27.7678
  5.3713  1.6385  0.9685  1.9391 12.2977
  4.6766  1.6999  0.9941  1.7257 12.8726
  5.4997  2.9385  0.9869  1.3138 25.2216
  5.1856  3.1401  0.9704  1.6652 27.3321
  3.9274  1.6160  0.9858  0.8943 12.0875
  4.5442  1.9216  0.9980  2.0678 14.9858
  5.1329  2.7691  0.9922  1.9627 23.4657
  5.2472  2.7645  0.9877  1.8724 23.4185
  5.5027  4.0016  0.9695  1.7164 36.5738
  4.8277  1.0796  0.9774  0.7690  7.3055
  5.1412  1.1104  0.9826  1.5529  7.5669
  5.3084  2.8496  0.9835  1.0137 24.2980
  4.5512  2.1796  0.9838  1.3761 17.5060
  4.7674  3.9125  0.9713  0.7470 35.6040
  5.1058  1.2296  0.9806  1.8039  8.5956
  5.4741  3.7836  0.9694  2.0171 34.2045
  5.1145  1.6735  0.9909  2.0334 12.6243
  5.4382  2.1934  0.9873  0.7012 17.6424
  5.2751  0.8773  0.9847  0.7282  5.6391
  4.9603  3.4372  0.9908  1.2912 30.4812
  4.7432  1.8305  0.9980  2.0187 14.1106
  5.4774  2.0755  0.9980  1.5827 16.4820
  5.2367  3.3694  0.9719  1.3277 29.7592
  4.9680  3.1176  0.9775  1.5298 27.0963
  3.7059  3.5489  0.9844  0.6810 31.6764
  5.6233  1.8446  0.9684  1.9558 14.2455
  5.1128  0.7676  0.9970  0.6443  4.7766
  5.2570  2.4837  0.9893  1.7076 20.5496
  5.0606  2.8358  0.9825  1.7226 24.1556
  5.2380  0.5446  0.9840  0.4929  3.1327
  5.2066  0.6920  0.9866  2.1576  4.2012
  4.7909  3.3724  0.9895  1.0269 29.7911
  3.5414  4.2267  0.9851  0.9860 39.0389
  4.8586  4.2846  0.9692  2.3170 39.6766
  4.7675  2.6990  0.9757  1.8421 22.7451
  4.7323  2.8116  0.9952  0.9165 23.9052
  5.7616  3.4213  0.9815  1.9324 30.3120
  5.2875  1.8420  0.9942  1.9511 14.2205
  5.1884  2.4917  0.9747  0.8428 20.6310
  4.4132  0.9195  0.9694  1.6772  5.9790
  4.3521  1.6025  0.9862  1.2661 11.9621
  4.4197  2.3427  0.9968  0.6871 19.1300
  5.0675  1.1987  0.9954  0.4343  8.3259
  5.8446  2.7311  0.9821  0.5125 23.0748
  5.6707  3.3611  0.9820  0.9333 29.6704
  4.7631  1.7001  0.9746  0.6151 12.8742
  5.2402  1.4260  0.9942  1.8718 10.3430
  5.7347  4.2422  0.9941  0.5915 39.2095
  5.1875  3.0212  0.9763  0.5542 26.0848
  5.1697  3.0421  0.9713  0.2261 26.3034
  4.8118  2.6654  0.9820  2.5457 22.4007
  4.7509  3.5093  0.9749  1.4757 31.2518
  6.0572  2.5985  0.9689  1.1167 21.7167
  5.2709  3.5408  0.9980  2.1136 31.5901
  3.7088  4.2322  0.9705  0.9498 39.1001
  3.6958  1.7649  0.9882  1.5643 13.4867
  4.8598  2.7570  0.9829  1.4639 23.3415
  4.4323  2.0820  0.9730  0.7696 16.5457
  4.2160  2.9407  0.9883  2.0263 25.2446
  5.1721  2.1066  0.9966  1.6963 16.7868
  4.4491  2.1470  0.9854  1.1118 17.1842
  4.7816  2.0564  0.9972  1.7572 16.2951
  5.3749  1.1388  0.9901  1.9141  7.8095
  4.8749  0.5415  0.9767  1.0062  3.1110
  5.3685  3.4628  0.9933  0.4384 30.7551
  5.1117  3.1104  0.9753  1.8315 27.0204
  5.1470  1.3333  0.9781  0.5431  9.5108
  5.1946  1.5721  0.9774  0.4889 11.6802
  4.9850  0.4696  0.9745  1.2042  2.6186
  4.9077  1.3469  0.9837  1.1318  9.6317
  5.7273  4.2022  0.9698  1.5897 38.7698
  5.6368  2.2016  0.9744  2.0775 17.7238
  5.0559  4.0851  0.9842  1.5200 37.4867
  4.6313  3.5611  0.9845  1.8111 31.8075
  6.1017  3.6090  0.9923  2.1302 32.3212
  5.3748  3.2684  0.9838  1.0620 28.6873
  4.7964  0.7126  0.9816  0.6691  4.3563
  5.3609  3.2901  0.9851  0.1913 28.9171
  4.7632  2.1790  0.9976  1.9879 17.5005
  5.1703  2.5582  0.9885  2.4427 21.3057
  5.1970  1.5429  0.9980  1.9770 11.4111
  5.3348  0.6382  0.9683  1.7038  3.8032
  4.3865  3.5535  0.9871  1.9487 31.7262
  6.2271  3.1498  0.9885  2.5076 27.4342
  4.9127  1.6809  0.9838  0.5958 12.6945
  4.8067  3.3023  0.9806  1.9897 29.0458
  5.2952  3.9534  0.9909  2.7019 36.0491
  6.0000  2.4857  0.9912  1.2407 20.5699
  4.1386  3.7570  0.9748  1.6550 33.9173
  4.6847  2.9472  0.9962  0.2369 25.3122
  5.5750  0.5760  0.9710  1.5266  3.3539
  4.9255  0.5012  0.9678  0.4120  2.8326
  6.2016  3.7728  0.9747  0.7411 34.0878
  4.8063  1.0672  0.9971  1.6705  7.2008
  5.4186  1.4801  0.9787  0.2953 10.8351
  5.2778  2.7009  0.9681  0.9780 22.7639
  4.3135  1.5889  0.9934  2.3539 11.8361
  4.8225  2.4939  0.9858  2.4197 20.6529
  5.5940  1.7388  0.9801  2.1848 13.2392
  5.1141  2.0183  0.9926  0.7421 15.9230
  6.6654  2.0091  0.7339  0.2654 15.8340
  5.8463  3.9127  0.9675  1.7122 35.6059
  4.5170  3.2268  0.9980  0.0681 28.2467
  4.8765  2.2997  0.9918  0.7045 18.6990
  3.8242  4.4871  0.9728  1.9442 41.9133
  4.5289  0.7328  0.9975  2.1233  4.5098
  4.9000  3.7068  0.9964  1.4800 33.3750
  5.6584  3.0187  0.9980  0.7886 26.0588
  5.1903  2.8407  0.9749  2.2351 24.2059
  6.0914  2.6556  0.9829  1.0787 22.3001
  4.2808  3.8916  0.9980  0.5133 35.3763
  5.0791  3.0250  0.9687  0.9952 26.1245
  4.6612  2.0383  0.9916  2.1959 16.1179
  5.1655  1.4394  0.9771  0.7950 10.4648
  5.8448  2.6202  0.9860  1.5535 21.9381
  5.1190  2.6923  0.9802  1.4878 22.6762
  4.5856  3.5081  0.9744  0.3833 31.2398
  5.1628  2.9908  0.9802  1.2792 25.7675
  4.8585  0.9348  0.9824  0.3734  6.1031
  6.0125  1.0631  0.9963  2.8670  7.1658
  3.7932  1.6216  0.9980  2.2805 12.1395
  4.9837  2.7083  0.9910  1.1305 22.8403
  3.9430  1.8508  0.9769  0.5113 14.3050
  4.2353  2.8324  0.9731  0.6160 24.1201
  5.2156  3.2427  0.9856  1.0096 28.4149
  4.7233  3.1197  0.9823  0.5514 27.1181
  4.7957  3.3373  0.9923  1.0522 29.4174
  4.6032  1.2686  0.9919  0.5836  8.9371
  4.9005  4.3992  0.9878  2.1737 40.9404
  4.8418  3.9780  0.9933  0.7270 36.3164
  5.2113  3.3727  0.9904  2.8203 29.7937
  4.4906  1.0675  0.9773  1.1200  7.2031
  4.7334  1.3176  0.9873  2.0550  9.3706
  4.1547  2.9417  0.9693  1.1538 25.2556
  5.0389  0.9610  0.9771  1.4837  6.3169
  6.4436  2.4947  0.9462  1.0629 20.6606
  5.3848  1.8554  0.9877  1.2350 14.3489
  5.0972  2.5356  0.9875  1.2621 21.0754
  4.8040  1.4563  0.9840  1.1805 10.6178
  4.8293  2.8437  0.9832  1.6150 24.2376
  5.6401  4.0785  0.9854  0.7497 37.4138
  4.8328  2.1199  0.9741  1.4263 16.9174
  4.6616  4.2438  0.9784  0.4283 39.2274
  5.4103  2.4326  0.9950  2.2048 20.0328
  6.1140  2.0627  0.9909  0.8229 16.3569
  5.1290  2.0410  0.9801  0.4630 16.1449
  5.3565  1.8305  0.9839  2.8385 14.1107
  4.5425  2.4849  0.9954  1.1232 20.5619
  5.4149  4.4671  0.9794  0.8851 41.6922
  4.9566  1.6978  0.9726  1.4254 12.8528
  5.0956  1.0383  0.9974  1.3457  6.9576
  5.5651  1.5018  0.9670  1.9723 11.0334
  5.9427  3.0365  0.9672  1.3408 26.2448
  3.6080  2.0262  0.9749  1.0605 16.0003
  5.4441  1.1838  0.9810  0.0700  8.1974
  5.1594  3.1170  0.9939  1.2763 27.0899
  4.7235  2.9900  0.9947  2.3941 25.7591
  5.4861  3.9772  0.9854  1.2074 36.3079
  6.3222  3.1782  0.9706  1.9944 27.7333
  5.0931  3.5945  0.9674  2.1913 32.1664
  5.1616  3.2000  0.9811  1.2990 27.9640
  4.0807  1.5069  0.9798  1.9787 11.0802
  4.5744  3.1932  0.9687  2.8585 27.8918
  4.2096  1.4290  0.9857  1.6155 10.3704
  4.8367  2.8064  0.9941  0.7637 23.8514
  5.2995  3.0690  0.9740  2.1024 26.5856
  4.7641  1.1432  0.9797  2.2823  7.8470
  4.9156  2.4324  0.9758  1.5389 20.0309
  5.3834  3.2545  0.9770  2.0311 28.5403
  6.1429  3.8895  0.9898  1.0833 35.3534
  4.7498  2.8999  0.9746  2.2149 24.8208
  5.4532  3.3235  0.9816  2.2088 29.2715
  5.8320  4.1585  0.9941  0.2131 38.2908
  4.9765  1.1724  0.9709  1.3387  8.0983
  3.7492  2.9105  0.9894  2.0036 24.9308
  5.0295  1.6198  0.9716  0.7314 12.1233
  4.7241  1.9536  0.9833  1.9676 15.2950
  5.1258  1.9494  0.9840  3.0876 15.2546
  4.2236  3.0862  0.9938  1.0252 26.7656
  5.0626  4.1658  0.9669  2.1274 38.3705
  4.2512  1.4933  0.9928  2.5099 10.9554
  5.2396  1.0022  0.9836  1.6944  6.6569
  4.4869  2.7529  0.9951  1.4109 23.2991
  5.5677  3.1349  0.9847  1.9723 27.2779
  4.3632  2.1195  0.9958  1.6797 16.9138
  6.0829  4.1275  0.9680  1.8894 37.9506
  5.3176  2.5463  0.9783  0.2070 21.1842
  5.0312  2.8319  0.9779  0.4320 24.1155
