  5.2596  3.8581  0.9793  1.3055 35.0128
  4.6510  0.8226  0.9892  0.4703  5.2045
  5.0577  3.4865  0.9962  0.7132 31.0082
  5.6229  4.0519  0.9876  1.8366 37.1235
  3.7480  3.8203  0.9865  2.9346 34.6021
  5.2722  1.5756  0.9912  2.5624 11.7127
  4.4663  2.5368  0.9939  0.7422 21.0882
  4.7603  2.9893  0.9852  0.2235 25.7511
  5.2273  3.5905  0.9813  1.3116 32.1226
  3.8243  0.2814  0.9709  1.7174  1.4321
  6.3339  1.9332  0.9754  1.6471 15.0974
  5.1321  3.0926  0.9735  0.9556 26.8335
  5.2338  2.1702  0.9754  1.8330 17.4132
  4.2454  1.6747  0.9822  1.1537 12.6364
  5.3734  2.7285  0.9970  1.1129 23.0482
  4.6648  2.5403  0.9855  0.3080 21.1234
  4.3656  1.2072  0.9969  0.6495  8.4004
  5.0571  1.0656  0.9923  2.4551  7.1875
  4.7425  3.9517  0.9728  0.6192 36.0297
  5.5419  3.9429  0.9668  2.1998 35.9344
  6.1903  2.9088  0.9970  1.1668 24.9133
  5.0249  2.8986  0.9676  1.0501 24.8068
  5.6799  0.6914  0.9912  0.9121  4.1972
  6.2597  3.7121  0.9953  1.0624 33.4317
  5.6449  3.8143  0.9669  0.9969 34.5374
  6.9467  2.2846  0.3425  0.6880 18.5486
  4.2623  4.3584  0.9698  1.5079 40.4897
  5.1251  2.8481  0.9961  0.6464 24.2830
  4.9859  2.0410  0.9724  1.1286 16.1444
  5.1896  3.4521  0.9909  0.8169 30.6406
  5.3724  0.7635  0.9826  1.9832  4.7451
  5.3456  2.1826  0.9784  2.6534 17.5355
  6.1149  2.3525  0.9739  1.0427 19.2275
  4.8280  2.3646  0.9869  1.2735 19.3494
  5.7403  3.3930  0.9728  1.4676 30.0106
  4.3322  0.9281  0.9844  1.9688  6.0484
  5.1269  1.0147  0.9761  1.8690  6.7611
  5.1688  3.1988  0.9815  1.0251 27.9515
  5.1488  1.7871  0.9805  0.7622 13.6974
  5.5883  1.7847  0.9927  0.9356 13.6749
  6.0608  2.6807  0.9732  1.0004 22.5569
  5.6438  2.9132  0.9783  0.1854 24.9585
  5.6818  3.2273  0.9949  1.8683 28.2518
  4.7366  2.5310  0.9817  1.0839 21.0295
  4.7452  2.1957  0.9730  2.2603 17.6653
  4.7670  2.1200  0.9980  1.8363 16.9191
  4.7440  1.9288  0.9878  2.1333 15.0552
  3.7789  1.2210  0.9924  1.6110  8.5203
  5.1150  4.4350  0.9694  2.6560 41.3369
  4.4304  0.5850  0.9923  0.1426  3.4186
  5.1114  0.6582  0.9815  2.1242  3.9502
  5.2781  1.4013  0.9688  0.6091 10.1203
  5.2595  0.6615  0.9776  1.7589  3.9741
  5.0897  2.8634  0.9830  0.6092 24.4417
  5.2231  2.5501  0.9831  1.8399 21.2233
  5.2387  2.5995  0.9958  2.4665 21.7265
  5.3742  4.1373  0.9877  0.8025 38.0576
  4.8287  1.1258  0.9859  1.1644  7.6986
  4.9472  1.9489  0.9980  0.5898 15.2495
  4.3524  3.1205  0.9863  2.1075 27.1262
  5.0026  1.7072  0.9768  0.4304 12.9411
  4.1752  2.9489  0.9702  1.3232 25.3302
  5.2391  1.1584  0.9980  2.7378  7.9781
  5.1034  2.6132  0.9837  0.9624 21.8664
  5.6831  1.8866  0.9687  2.4347 14.6491
  5.1141  2.6917  0.9875  0.8794 22.6702
  5.3407  4.0093  0.9736  0.5422 36.6580
  5.2991  2.8235  0.9782  1.6871 24.0285
  3.5227  3.5466  0.9791  2.6560 31.6516
  5.1211  4.0227  0.9747  2.0213 36.8043
  5.0665  3.9736  0.9727  2.1850 36.2685
  6.0019  4.2755  0.9909  0.7362 39.5758
  5.0525  4.1801  0.9913  1.5876 38.5277
  5.2205  2.7954  0.9955  0.8239 23.7376
  5.1711  1.7306  0.9684  1.3385 13.1621
  4.6536  3.2463  0.9751  1.8935 28.4533
  4.5612  3.2814  0.9956  0.0206 28.8251
  4.9758  2.5093  0.9748  1.2466 20.8092
  5.4265  1.4236  0.9980  0.7180 10.3214
  5.2909  3.0365  0.9796  2.3651 26.2452
  4.7109  3.8522  0.9922  2.1937 34.9487
  5.3118  3.4943  0.9683  0.2029 31.0915
  4.6875  2.6798  0.9820  0.5303 22.5479
  5.1296  4.4794  0.9980  1.2256 41.8281
  4.6496  2.3938  0.9833  1.6060 19.6428
  5.2185  1.4896  0.9805  0.3691 10.9211
  5.0056  2.3750  0.9898  2.2784 19.4532
  4.6831  1.9687  0.9942  2.0315 15.4411
  4.2514  2.3351  0.9725  1.3780 19.0539
  4.7514  1.1778  0.9946  1.8014  8.1456
  5.0299  3.0758  0.9672  1.1757 26.6570
  4.6457  3.8090  0.9713  1.1263 34.4801
  5.6975  4.1065  0.9853  2.5655 37.7208
  4.4047  1.9210  0.9771  2.1445 14.9804
  6.0727  2.4948  0.9710  1.6367 20.6620
  5.0254  2.7383  0.9904  0.3728 23.1486
  5.6058  0.7944  0.9853  2.4145  4.9837
  5.9529  3.4181  0.9980  0.5700 30.2775
  4.7618  2.5561  0.9805  0.9307 21.2841
  5.1326  2.0750  0.9725  1.8716 16.4771
  4.9644  3.4183  0.9815  0.9309 30.2804
  5.5619  2.6993  0.9683  1.3748 22.7484
  5.4349  3.3669  0.9742  2.2643 29.7327
  4.1225  2.6291  0.9684  1.3175 22.0291
  6.9042  0.9459  0.4787  0.5520  6.1933
  4.8234  2.3821  0.9876  0.2621 19.5245
  3.5577  3.9449  0.9701  0.5356 35.9564
  5.6581  4.2365  0.9953  0.8714 39.1475
  5.2386  4.0621  0.9971  2.3944 37.2353
  5.2384  2.5667  0.9676  1.3929 21.3924
  4.8664  1.6231  0.9788  2.8062 12.1537
  4.9089  2.9629  0.9961  0.9755 25.4759
  5.0472  3.7044  0.9705  1.4846 33.3494
  5.2380  2.0342  0.9815  1.9578 16.0784
  4.7068  1.2127  0.9864  1.4092  8.4479
  5.4167  2.8565  0.9813  0.8807 24.3703
  5.1933  0.6934  0.9863  0.5400  4.2122
  3.9008  3.6305  0.9775  1.1537 32.5529
  4.7992  1.8146  0.9765  0.8972 13.9593
  5.9053  3.4225  0.9683  0.8637 30.3242
  4.5520  4.2978  0.9693  0.9652 39.8216
  3.6688  1.9463  0.9895  1.7542 15.2242
  5.5836  2.8019  0.9960  2.0191 23.8045
  4.4067  4.4018  0.9974  0.5193 40.9696
  5.6002  3.4188  0.9852  1.9175 30.2856
  5.6191  3.3520  0.9848  0.5714 29.5737
  4.8716  3.7877  0.9745  2.3562 34.2497
  4.9857  2.9119  0.9803  2.2027 24.9449
  5.5747  2.0436  0.9748  0.9417 16.1701
  5.7200  1.4766  0.9677  0.7383 10.8031
  5.1080  1.8674  0.9946  0.3323 14.4645
  5.1664  3.2790  0.9944  1.1295 28.7994
  3.5368  0.7400  0.9790  0.9124  4.5642
  5.7335  1.7121  0.9963  0.8147 12.9878
  3.5356  1.5697  0.9971  2.2123 11.6585
  5.8184  2.4163  0.9926  1.9771 19.8691
  5.4230  2.1684  0.9900  0.1347 17.3952
  5.1895  2.1992  0.9765  0.4068 17.7007
  5.2038  1.0606  0.9713  0.9562  7.1449
  4.7680  2.7471  0.9791  0.9410 23.2399
  5.0039  1.9628  0.9932  0.6916 15.3836
  4.9497  0.9950  0.9806  1.5580  6.5972
  4.6388  1.5473  0.9747  0.7521 11.4508
  4.7113  3.2533  0.9968  1.1322 28.5276
  5.7771  2.2578  0.9830  1.4505 18.2821
  5.1843  3.2839  0.9852  2.1061 28.8512
  4.8611  2.9383  0.9957  0.5553 25.2193
  5.0293  1.8432  0.9767  1.2654 14.2322
  3.9232  3.3360  0.9701  0.4385 29.4042
  5.2111  1.8570  0.9723  0.4486 14.3649
  5.2828  3.7643  0.9956  0.8652 33.9966
  5.2713  1.1148  0.9980  1.2431  7.6046
  4.8460  2.9235  0.9910  0.7046 25.0652
  4.9369  2.8552  0.9757  1.2217 24.3567
  5.4727  3.4422  0.9887  1.0780 30.5346
  4.5091  2.9293  0.9760  2.0211 25.1262
  4.9900  2.8313  0.9919  1.9277 24.1086
  4.8138  3.3963  0.9790  0.7887 30.0456
  5.2731  1.1983  0.9907  1.2802  8.3230
  6.5764  2.6086  0.8086  0.4044 21.8193
  4.2767  0.8761  0.9843  0.7527  5.6289
  5.0923  1.7772  0.9966  0.7396 13.6030
  5.5796  2.7112  0.9931  2.0059 22.8696
  5.3634  2.1311  0.9922  1.4510 17.0278
  5.4789  4.0275  0.9758  1.8614 36.8563
  4.6814  3.6478  0.9919  0.7888 32.7386
  4.9217  2.3290  0.9980  0.4317 18.9922
  5.2352  2.3860  0.9942  1.2700 19.5636
  6.6192  3.2256  0.6899  2.0192 28.2340
  5.1237  2.7694  0.9873  0.2189 23.4689
  5.2551  1.6648  0.9828  0.8026 12.5435
  5.0560  3.9867  0.9911  1.2692 36.4113
  5.2570  3.4318  0.9969  1.2529 30.4241
  4.6586  2.3658  0.9741  2.3466 19.3608
  5.2343  4.4012  0.9924  0.7017 40.9632
  4.9959  2.1016  0.9765  0.8185 16.7381
  5.0230  3.1781  0.9959  0.8450 27.7325
  5.5889  2.9027  0.9716  1.4751 24.8495
  5.6657  2.3551  0.9958  1.3857 19.2539
  5.5165  2.5108  0.9875  2.5200 20.8242
  5.2583  3.7948  0.9980  0.6600 34.3267
  5.7195  3.8939  0.9962  1.2738 35.4016
  5.1839  1.6637  0.9741  1.2621 12.5332
  6.1013  3.1363  0.9887  0.6855 27.2925
  4.3269  2.5667  0.9910  2.0000 21.3922
  4.4917  2.3780  0.9980  0.7047 19.4839
  4.7084  2.9481  0.9980  0.8675 25.3217
  4.1745  1.5959  0.9842  2.0982 11.9011
  5.1442  0.7724  0.9941  1.7026  4.8137
  5.2166  0.9517  0.9785  1.2324  6.2406
  4.4410  1.3480  0.9876  1.9382  9.6417
  3.6842  3.4763  0.9943  2.3741 30.8995
  4.9579  3.5471  0.9933  0.7751 31.6575
  4.7558  3.7739  0.9929  1.0476 34.1001
  5.1513  2.7318  0.9770  0.3110 23.0821
  4.4656  1.7457  0.9838  1.2114 13.3048
  5.0716  4.4322  0.9888  0.4524 41.3054
  4.6503  1.9627  0.9980  0.4685 15.3833
  5.0494  3.6562  0.9924  0.6311 32.8294
  5.2450  3.4720  0.9980  1.5573 30.8535
  4.2080  2.9829  0.9867  0.5941 25.6847
  3.7068  1.4569  0.9795  0.9790 10.6238
  5.4119  3.9519  0.9814  1.0375 36.0320
  5.2296  2.5189  0.9908  0.6349 20.9059
  5.0721  3.3907  0.9881  1.1853 29.9862
  4.4604  2.4186  0.9847  0.0942 19.8924
  5.3791  4.0714  0.9702  0.7966 37.3365
  5.8042  1.8113  0.9764  0.4020 13.9274
  4.9940  2.5942  0.9805  1.8586 21.6719
  6.6705  2.1596  0.9265  2.0396 17.3091
  5.0967  2.2195  0.9722  2.0653 17.9018
  5.0791  1.1865  0.9472  1.1145  8.2207
  5.2712  4.2149  0.9688  0.6435 38.9092
  4.3779  3.2773  0.9941  1.0196 28.7813
  4.9956  3.6020  0.9723  2.2350 32.2467
  5.1419  2.9184  0.9931  2.6454 25.0130
  4.8916  3.0172  0.9962  0.0861 26.0436
  4.0862  3.2972  0.9871  1.0620 28.9918
  5.4546  3.4343  0.9882  0.2553 30.4508
  5.0270  1.3295  0.9670  2.0750  9.4764
  4.8077  2.4561  0.9686  0.4944 20.2708
  5.0871  3.3976  0.9891  1.9153 30.0591
  5.2932  3.8612  0.9980  0.4363 35.0459
  5.0802  4.1915  0.9760  2.7123 38.6532
  5.4656  1.3001  0.9680  0.8221  9.2160
  6.7246  2.7699  0.6010  0.6075 23.4740
  5.1133  1.9782  0.9844  1.8383 15.5331
  4.4706  0.6678  0.9762  1.7382  4.0214
  4.9399  3.7892  0.9844  0.9576 34.2654
  5.1419  4.0268  0.9874  0.9137 36.8487
  5.2123  2.2880  0.9721  1.4425 18.5827
  4.8864  0.9732  0.9797  0.5191  6.4170
  5.5865  0.6112  0.9917  1.0892  3.6069
  5.5646  2.8950  0.9886  1.3574 24.7692
  5.4155  0.7338  0.9886  1.4997  4.5171
  5.4466  2.9251  0.9774  2.6747 25.0818
  3.9239  2.5053  0.9816  0.5533 20.7685
  5.1250  1.4359  0.9740  0.8093 10.4329
  3.5858  1.5685  0.9980  1.8453 11.6465
  5.1873  1.3963  0.9686  0.7991 10.0751
  5.4322  1.7581  0.9670  1.4505 13.4220
  5.5252  4.1502  0.9980  1.8806 38.1990
  4.3176  2.2882  0.9960  1.0107 18.5843
  5.3574  1.2044  0.9675  0.8228  8.3757
  5.0892  2.4175  0.9796  0.8267 19.8813
  5.2987  0.8345  0.9680  2.0980  5.2989
  5.9023  1.1336  0.9943  1.9212  7.7651
  4.9702  2.8188  0.9725  0.5980 23.9792
  5.2383  1.7471  0.9972  1.2787 13.3184
  5.3834  3.5944  0.9717  1.5939 32.1651
  4.7998  4.0323  0.9948  0.9636 36.9091
  5.1034  3.1152  0.9690  0.8495 27.0708
  5.1839  1.6464  0.9853  0.6599 12.3709
  4.5258  1.4117  0.9717  2.4464 10.2138
  5.6594  1.3330  0.9900  0.2582  9.5075
  6.6191  1.4390  0.8418  0.3569 10.4606
  4.8667  4.4388  0.9931  1.3450 41.3791
  4.0679  3.9240  0.9884  0.7891 35.7285
  5.3703  0.9879  0.9794  0.5395  6.5384
  4.7233  3.2099  0.9726  1.4578 28.0679
  4.3054  3.8367  0.9961  0.7687 34.7809
  5.1342  3.7887  0.9833  1.7423 34.2605
  5.7015  2.2227  0.9831  1.4757 17.9331
  5.8020  3.5687  0.9946  1.8537 31.8883
  4.2058  2.0257  0.9980  0.2835 15.9953
  6.2303  1.4087  0.9940  1.2362 10.1868
  5.0753  2.2142  0.9729  1.3682 17.8493
  5.4774  3.3496  0.9937  1.6436 29.5483
  4.7516  4.1220  0.9888  1.3730 37.8899
  5.0895  1.4243  0.9772  2.1763 10.3280
  4.1406  1.2437  0.9830  0.8742  8.7189
  5.0305  4.0768  0.9751  0.6832 37.3954
  5.0496  3.1999  0.9871  1.1544 27.9630
  4.0670  1.2396  0.9962  2.2831  8.6826
  4.7741  1.5009  0.9906  2.5071 11.0249
  4.6177  2.7107  0.9850  1.6446 22.8653
  4.9695  1.5391  0.9824  1.2034 11.3757
  4.8096  1.2410  0.9921  1.7998  8.6948
  5.4175  2.8640  0.9790  1.8462 24.4479
  5.3873  4.3287  0.9954  2.4799 40.1630
  4.0470  1.1510  0.9721  1.8928  7.9142
  3.6571  1.3533  0.9721  1.9115  9.6892
  6.4445  2.7202  0.9530  0.9163 22.9622
  3.7815  2.5422  0.9954  1.5757 21.1427
  4.7302  3.7492  0.9810  0.7992 33.8331
  5.3034  0.3905  0.9716  1.7675  2.1007
  5.2242  3.8522  0.9769  0.5659 34.9490
  4.8573  1.8278  0.9923  0.6090 14.0856
  4.7169  2.7083  0.9980  1.4754 22.8400
  5.5505  3.5385  0.9978  1.5425 31.5647
  3.6739  2.9666  0.9675  1.2643 25.5147
  4.6463  1.9865  0.9678  1.4292 15.6135
  4.9853  3.7961  0.9915  0.4599 34.3402
  5.4429  3.1427  0.9832  1.5115 27.3603
  5.6761  2.1851  0.9945  0.5951 17.5607
  3.8592  3.1220  0.9954  2.3717 27.1416
  5.2726  3.0651  0.9683  2.5360 26.5442
  5.0807  2.5636  0.9843  2.5793 21.3610
  5.0158  0.8194  0.9930  1.3249  5.1800
  5.5918  0.8774  0.9864  2.1121  5.6397
  5.5160  1.6060  0.9980  1.8964 11.9942
  4.8099  4.3797  0.9783  1.0555 40.7258
  4.8137  1.7987  0.9788  1.7617 13.8074
  5.2449  1.0564  0.9711  0.8842  7.1097
  3.8074  1.4838  0.9707  0.7944 10.8685
  5.0856  3.7555  0.9950  2.3625 33.9009
  5.3055  2.4745  0.9815  1.4036 20.4567
  5.0926  2.0732  0.9894  1.9675 16.4591
  5.5925  1.4769  0.9710  1.6309 10.8060
  5.6903  3.4963  0.9933  0.7437 31.1131
  4.9072  2.0316  0.9980  1.4472 16.0532
  4.6902  3.5542  0.9890  0.5559 31.7338
  5.0545  2.0629  0.9801  1.2125 16.3586
  4.4848  2.6367  0.9967  1.2447 22.1069
  4.7215  2.5056  0.9760  1.8250 20.7718
  5.0294  3.2824  0.9863  1.9583 28.8350
  4.9917  1.1184  0.9925  1.9083  7.6352
  5.2135  2.0055  0.9915  2.6542 15.7985
  5.2628  1.8158  0.9980  0.5482 13.9703
  4.8525  3.5445  0.9746  1.8305 31.6298
  5.3826  1.6129  0.9860  0.6681 12.0589
  4.9849  2.0029  0.9910  1.1124 15.7737
  4.9012  4.0429  0.9750  0.4360 37.0253
  5.2724  3.2463  0.9832  0.9669 28.4535
  4.4601  2.5182  0.9835  0.6896 20.8987
  5.1779  1.3915  0.9912  0.3376 10.0316
  4.2652  2.9328  0.9675  0.4908 25.1622
  3.9346  3.3460  0.9680  1.4634 29.5107
  5.8829  3.7953  0.9913  1.6251 34.3321
  4.3251  1.9785  0.9768  2.0791 15.5360
  4.7775  4.0912  0.9959  1.6098 37.5535
  4.9031  3.1365  0.9926  0.4877 27.2944
  4.7768  2.9542  0.9826  0.1785 25.3856
  4.6848  1.8894  0.9980  1.3736 14.6759
  4.8869  4.4869  0.9711  1.7535 41.9119
  5.1408  1.9870  0.9978  0.5278 15.6187
  5.5605  3.8398  0.9803  2.1432 34.8140
  4.1360  3.6221  0.9912  0.9363 32.4621
  5.5889  1.8998  0.9853  1.0573 14.7753
  4.0486  1.0639  0.9735  0.5644  7.1731
  5.1498  4.0059  0.9840  0.8948 36.6215
  5.1593  1.1253  0.9713  1.6376  7.6935
  4.8931  2.5811  0.9980  0.0332 21.5388
  5.2217  0.9809  0.9931  0.9288  6.4804
  4.9698  0.7546  0.9736  0.8843  4.6764
  4.5904  1.3397  0.9805  0.3572  9.5680
  5.2902  1.4465  0.9906  0.3172 10.5292
  4.9334  2.2836  0.9676  0.7633 18.5389
  5.0036  1.0523  0.9978  0.1520  7.0749
  5.3382  3.6453  0.9746  0.7167 32.7124
  4.0818  0.6451  0.9756  1.1495  3.8535
  4.5251  2.9261  0.9734  2.2419 25.0925
  5.8673  3.9825  0.9773  0.3801 36.3657
  5.0412  3.1675  0.9693  2.6638 27.6215
  4.7603  3.0528  0.9823  0.6550 26.4158
  5.0320  0.3147  0.9890  0.2738  1.6301
  4.5275  1.2495  0.9978  0.8218  8.7700
  5.3901  1.8663  0.9777  1.9143 14.4538
  4.6138  4.0887  0.9956  0.7585 37.5260
  5.2123  1.5192  0.9800  1.3060 11.1928
  5.7059  1.7140  0.9952  0.0574 13.0057
  5.2070  0.7710  0.9970  2.5479  4.8027
  5.2709  2.4828  0.9955  2.0958 20.5400
  5.2486  0.4828  0.9837  0.7961  2.7072
  5.9942  4.0623  0.9855  0.5526 37.2369
  5.4085  2.6278  0.9947  0.4253 22.0150
  5.4717  3.9050  0.9779  1.8789 35.5225
  5.3897  1.7287  0.9827  2.3025 13.1443
  3.8704  3.2012  0.9945  2.1909 27.9764
  5.0097  2.4140  0.9849  0.6820 19.8453
  5.3960  1.2142  0.9875  1.9418  8.4612
  4.2460  1.9578  0.9901  1.1956 15.3354
  5.3105  1.9067  0.9931  1.3089 14.8420
  5.2411  1.2712  0.9830  2.3081  8.9602
  6.0288  3.5994  0.9933  1.1945 32.2187
  5.9916  3.1088  0.9694  2.1047 27.0028
  4.9267  2.5243  0.9835  0.9400 20.9613
  4.6594  1.2142  0.9844  1.9455  8.4615
  5.8973  2.3799  0.9815  2.1644 19.5032
  5.0673  2.0857  0.9806  1.4665 16.5815
  4.5703  2.9429  0.9692  1.7708 25.2678
  5.1523  4.3678  0.9965  1.9566 40.5937
  3.8139  2.9966  0.9864  1.1310 25.8274
  5.4278  2.0468  0.9791  0.6657 16.2014
  5.0052  3.0362  0.9969  1.7873 26.2418
  4.3222  2.6645  0.9749  2.1226 22.3910
  5.1637  4.0764  0.9959  1.1040 37.3907
  5.2789  2.0160  0.9894  2.5146 15.9011
  4.0725  4.2445  0.9970  0.3760 39.2348
  5.4557  2.5937  0.9789  1.6111 21.6668
  4.8288  4.3311  0.9737  1.6004 40.1894
  5.3728  1.7720  0.9907  0.3778 13.5540
  5.2133  2.3602  0.9835  0.6762 19.3053
  5.1899  1.9452  0.9849  0.8300 15.2133
  4.5749  0.5930  0.9980  2.3001  3.4755
  5.6573  2.4320  0.9835  2.2325 20.0269
  4.6061  2.1786  0.9687  2.3200 17.4964
  5.1807  1.8437  0.9755  2.3327 14.2376
  4.5887  2.2537  0.9698  0.4389 18.2409
  3.5195  2.7253  0.9675  0.9534 23.0154
  4.8845  2.7701  0.9851  1.4259 23.4765
  6.1869  2.6477  0.9819  2.6464 22.2192
  5.2694  3.8828  0.9812  1.8730 35.2804
  5.2462  1.2148  0.9913  2.0050  8.4661
  4.7114  2.8221  0.9951  2.4344 24.0137
  3.9174  3.3166  0.9863  1.6302 29.1977
  4.3267  3.1444  0.9673  1.8766 27.3782
  5.0426  2.2047  0.9870  0.0708 17.7544
  4.8047  3.2796  0.9902  1.2883 28.8058
  6.1541  2.5000  0.9684  1.7334 20.7148
  5.1167  1.0300  0.9870  0.5806  6.8883
  6.4180  3.2405  0.9508  2.4659 28.3921
  4.2040  2.6852  0.9979  0.8110 22.6029
  4.1000  2.3656  0.9858  0.9958 19.3587
  6.1590  3.1191  0.9688  2.3654 27.1113
  4.9797  2.5556  0.9716  0.5247 21.2789
  5.1953  2.8045  0.9728  1.5298 23.8313
  5.7078  3.4095  0.9928  0.9941 30.1858
  5.1933  1.5922  0.9704  2.2331 11.8661
  6.4585  3.6954  0.9707  0.5023 33.2519
  6.2308  4.4179  0.9891  2.2488 41.1478
  4.5123  4.1529  0.9937  0.3353 38.2290
  4.9590  2.9243  0.9980  1.8924 25.0742
  5.1007  3.7121  0.9967  1.4608 33.4327
  4.6403  2.4970  0.9980  0.9475 20.6841
  4.5555  2.6045  0.9939  0.7648 21.7774
  5.3326  2.9142  0.9812  0.7557 24.9687
  5.1034  4.3456  0.9737  2.2764 40.3494
  5.7403  3.8370  0.9870  1.7341 34.7833
  5.3973  1.6202  0.9882  1.9998 12.1266
  5.6797  2.9348  0.9812  1.0943 25.1830
  4.2612  2.5986  0.9844  0.7470 21.7167
  5.1006  1.4660  0.9761  2.8233 10.7064
  4.9911  2.2964  0.9754  0.0471 18.6666
  5.6983  2.4000  0.9909  0.7523 19.7049
  4.8390  4.0613  0.9836  2.1210 37.2260
  4.4850  1.8752  0.9905  0.6274 14.5392
  4.8951  0.9671  0.9694  0.5198  6.3672
  4.7566  2.7525  0.9805  0.7881 23.2953
  5.1362  2.2174  0.9860  2.1120 17.8802
  5.4175  2.0599  0.9941  2.6392 16.3289
  4.7032  2.8389  0.9854  1.6542 24.1871
  4.5399  3.5480  0.9856  1.4038 31.6667
  4.4203  0.7239  0.9968  0.8700  4.4418
  6.7351  2.4744  0.5623  1.2061 20.4557
  3.9982  3.9330  0.9817  1.3572 35.8269
  4.9399  1.4500  0.9759  1.5832 10.5610
  5.0537  3.3672  0.9691  1.8274 29.7358
  4.3480  0.5072  0.9920  0.9211  2.8737
  5.5410  3.0362  0.9870  2.4471 26.2422
  5.4302  4.1827  0.9935  0.2776 38.5565
  4.1456  3.3723  0.9781  2.7597 29.7898
  5.7148  1.8076  0.9833  2.7993 13.8928
  5.5895  3.9592  0.9746  0.8284 36.1123
  4.0437  2.9630  0.9755  0.5551 25.4768
  5.3918  0.8354  0.9980  2.0504  5.3058
  5.7683  2.5220  0.9836  0.6803 20.9379
  5.0110  3.7244  0.9749  2.3322 33.5655
  5.4925  3.6316  0.9690  0.5859 32.5652
  5.2607  2.1449  0.9689  0.5166 17.1635
  5.2925  1.8081  0.9951  1.8786 13.8970
  4.4079  3.9867  0.9791  1.5907 36.4119
  4.9414  2.4294  0.9970  2.4451 20.0011
  4.8058  4.3689  0.9834  2.4883 40.6060
  5.5041  4.2850  0.9911  2.7068 39.6807
  5.4661  2.0591  0.9839  0.5999 16.3217
  4.6374  1.8044  0.9977  0.5827 13.8624
  4.0806  1.0914  0.9914  1.0564  7.4052
  5.4851  1.3505  0.9712  2.0987  9.6637
  5.2348  2.7707  0.9940  2.3006 23.4827
  5.2135  3.1574  0.9920  1.0268 27.5147
  5.2179  1.0945  0.9947  1.3408  7.4316
  4.7614  4.1595  0.9706  2.0510 38.3014
  5.1596  2.1725  0.9874  1.9894 17.4365
  6.7919  1.7155  0.8880  0.0891 13.0196
  5.0514  2.4966  0.9868  1.2585 20.6798
  5.7046  2.2626  0.9924  1.1523 18.3299
  5.5320  1.8006  0.9832  0.1412 13.8259
  4.6859  0.9710  0.9965  2.4588  6.3989
  5.5088  2.1705  0.9892  0.6914 17.4163
  5.3072  1.7034  0.9980  1.1797 12.9056
  5.4708  1.2311  0.9951  0.6470  8.6082
  5.0805  1.2304  0.9783  1.8015  8.6023
  5.3131  3.4820  0.9915  0.5859 30.9599
  5.3057  2.9380  0.9695  0.5354 25.2168
  3.5955  3.4233  0.9708  1.0595 30.3337
  5.2356  1.0007  0.9969  0.5026  6.6447
  6.2014  1.6378  0.9952  1.7666 12.2911
  4.9453  2.6680  0.9884  1.6352 22.4268
  4.5957  1.5516  0.9706  1.1653 11.4912
  4.9394  1.8372  0.9895  0.7294 14.1751
  4.8303  2.0092  0.9835  1.2943 15.8346
  5.2674  0.9298  0.9746  1.8934  6.0622
  6.3583  4.0398  0.9947  1.4553 36.9916
  5.7585  4.0620  0.9702  0.4096 37.2333
  4.6517  2.8430  0.9933  0.5700 24.2303
  4.7284  1.8763  0.9980  1.1624 14.5496
  4.9110  2.0995  0.9908  1.2211 16.7168
  4.7238  1.7040  0.9764  1.2441 12.9108
  5.1363  2.3162  0.9980  0.6362 18.8647
  5.5151  3.1043  0.9798  2.5547 26.9562
  5.3665  2.2978  0.9742  1.8233 18.6807
  4.4417  2.8814  0.9804  1.3433 24.6279
  5.1855  2.9164  0.9788  0.5005 24.9920
  4.2789  4.2408  0.9886  1.1053 39.1950
  5.4354  3.0444  0.9862  1.0929 26.3277
  5.2076  1.7665  0.9843  0.8575 13.5020
  4.0522  3.8805  0.9743  1.3236 35.2556
  5.6277  2.1210  0.9898  0.3093 16.9281
  4.5088  2.0260  0.9876  1.7351 15.9987
  5.1617  3.2567  0.9923  0.7210 28.5636
  4.4909  3.6564  0.9738  2.7012 32.8322
  4.4033  4.4339  0.9791  2.2908 41.3250
  5.0731  3.0139  0.9922  0.6145 26.0086
  4.3900  1.8200  0.9926  0.8390 14.0112
  5.4165  1.9252  0.9865  2.5881 15.0206
  4.8565  1.3459  0.9690  1.6442  9.6231
  3.8527  1.7842  0.9719  1.7227 13.6701
  4.7416  1.5480  0.9803  0.7868 11.4572
  4.8569  3.3856  0.9698  1.8770 29.9312
  5.4377  2.8750  0.9974  2.1958 24.5614
  5.1822  3.0884  0.9786  1.0545 26.7886
  4.5135  3.8035  0.9889  2.3578 34.4206
  5.8004  2.8992  0.9771  1.2595 24.8126
  4.6573  1.6962  0.9678  0.4805 12.8379
  5.0672  3.0838  0.9908  1.8364 26.7412
  3.7036  3.7890  0.9980  1.9326 34.2634
  5.0491  1.7632  0.9704  1.4692 13.4706
  4.9574  3.8354  0.9705  1.5379 34.7667
  5.5682  3.2735  0.9786  0.9504 28.7411
  4.6838  4.0307  0.9956  1.1517 36.8912
  5.5497  2.3609  0.9778  1.7740 19.3121
  4.9934  1.5870  0.9752  0.5442 11.8182
  4.6538  2.0742  0.9916  0.6305 16.4693
  5.1871  3.3936  0.9705  2.4051 30.0170
  5.6202  2.9351  0.9691  0.9032 25.1864
  4.1689  3.6650  0.9691  0.7545 32.9245
  4.5713  1.0294  0.9778  1.3465  6.8831
  3.8331  2.4824  0.9768  1.3741 20.5367
  6.0151  0.8788  0.9980  2.6986  5.6506
  4.9848  2.2786  0.9792  1.4368 18.4893
  4.9804  1.2820  0.9938  1.0974  9.0558
  5.4347  2.7999  0.9713  0.4359 23.7837
  5.4036  4.3604  0.9686  0.8830 40.5129
  5.1120  4.1135  0.9846  1.8460 37.7971
  5.7923  0.3372  0.9954  0.5104  1.7669
  4.3415  2.1935  0.9669  0.6170 17.6434
  5.2564  3.2199  0.9670  0.9972 28.1743
  4.7417  0.5720  0.9756  2.1397  3.3256
  4.5870  2.8040  0.9980  0.5811 23.8266
  3.6748  3.7445  0.9873  2.5443 33.7818
  5.0021  1.5928  0.9763  1.2896 11.8716
  5.4127  2.8069  0.9969  2.2890 23.8562
  4.3233  3.7131  0.9820  1.0495 33.4430
  3.9912  2.6110  0.9932  1.5881 21.8438
  5.1878  3.7455  0.9702  0.1421 33.7932
  5.1838  2.0379  0.9682  0.8881 16.1139
  5.0735  1.9030  0.9947  0.6648 14.8067
  5.7036  4.0093  0.9909  0.6916 36.6581
  6.5958  4.3559  0.8345  0.5663 40.4627
  5.6365  1.5889  0.9808  0.1363 11.8361
  5.6807  3.0869  0.9735  1.6664 26.7738
  5.3425  3.8655  0.9844  0.3523 35.0926
  5.0956  0.8907  0.9823  2.6196  5.7464
  6.3797  3.6436  0.9691  1.5830 32.6937
  4.7224  1.7045  0.9885  1.1357 12.9164
  5.6964  1.4791  0.9980  0.7978 10.8253
  4.9488  0.8534  0.9762  1.5312  5.4484
  5.6634  3.7397  0.9835  0.7675 33.7299
  6.1580  3.1429  0.9769  2.3831 27.3623
  5.1849  1.8744  0.9767  1.7328 14.5319
  5.1167  1.9431  0.9859  2.0150 15.1930
  4.8020  3.3350  0.9980  2.5554 29.3935
  5.1995  3.1097  0.9884  0.4557 27.0130
  4.6824  2.4525  0.9796  1.5201 20.2341
  4.7986  1.7207  0.9811  0.8449 13.0682
  5.7000  4.1353  0.9671  1.4644 38.0366
  5.3341  2.6217  0.9688  2.5016 21.9533
  5.0296  3.6240  0.9821  2.2220 32.4834
  4.6329  3.5074  0.9736  0.5384 31.2317
  4.5407  2.0636  0.9923  1.2010 16.3651
  5.4709  2.7550  0.9760  1.4048 23.3206
  5.3016  3.4399  0.9839  0.9990 30.5107
  5.3071  3.6144  0.9747  2.0319 32.3795
  3.9896  4.3412  0.9798  2.6016 40.3006
  4.8736  2.2098  0.9933  1.6598 17.8056
  4.9724  2.1695  0.9945  0.5863 17.4065
  5.1354  3.0367  0.9734  1.6668 26.2467
  5.4733  3.7784  0.9741  0.6221 34.1488
  3.9263  3.6360  0.9946  1.6100 32.6122
  3.6474  2.7586  0.9980  1.1556 23.3583
  3.9021  2.8096  0.9980  2.2116 23.8840
  5.0683  1.6169  0.9963  2.4694 12.0963
  5.0427  2.4256  0.9883  0.5808 19.9625
  5.2483  3.2698  0.9918  1.9276 28.7019
  5.0754  3.6342  0.9703  0.6447 32.5922
  5.2207  0.8897  0.9978  1.4299  5.7382
  5.2186  2.5126  0.9971  2.0099 20.8424
  5.4588  2.1310  0.9919  2.4724 17.0268
  5.9399  3.5463  0.9679  0.5313 31.6480
  5.0784  1.2994  0.9814  2.1225  9.2092
  5.6167  3.9325  0.9797  1.1672 35.8210
  5.4739  1.9282  0.9931  0.5602 15.0490
  5.3197  1.7411  0.9802  0.9400 13.2612
  5.7882  0.4889  0.9833  0.5419  2.7489
  5.7330  2.7725  0.9797  1.0762 23.5012
  5.0072  2.7243  0.9668  1.0181 23.0047
  5.6413  1.4319  0.9863  2.6901 10.3966
  5.2618  1.9287  0.9858  0.2841 15.0538
  5.0945  3.3957  0.9770  1.1004 30.0391
  4.4413  2.0821  0.9974  0.4587 16.5468
  4.8217  0.8343  0.9718  1.7268  5.2966
  4.5347  3.8072  0.9782  2.2433 34.4605
  4.9869  3.9313  0.9819  1.1642 35.8081
  5.0724  2.8091  0.9853  0.3142 23.8789
  6.4033  3.0199  0.9521  0.7948 26.0709
  4.9117  3.9226  0.9964  1.4678 35.7138
  4.8695  0.6530  0.9895  1.7430  3.9120
  5.1779  2.4000  0.9977  0.8061 19.7047
  4.9879  3.2998  0.9739  2.1910 29.0195
  5.4942  3.1666  0.9869  1.5660 27.6112
  4.7976  1.2304  0.9733  2.4211  8.6025
  5.4973  1.1329  0.9672  0.7660  7.7587
  4.5179  2.7752  0.9805  2.3565 23.5293
  4.5503  1.0294  0.9778  2.2299  6.8831
  4.7582  0.6600  0.9751  0.0611  3.9631
  4.1242  2.4068  0.9695  0.7773 19.7736
  6.3240  0.6513  0.9892  1.0390  3.8989
  4.4464  4.0997  0.9836  2.8589 37.6460
  4.4555  2.3137  0.9890  0.1149 18.8391
  5.2932  1.1464  0.9822  2.1908  7.8747
  4.0739  3.9215  0.9701  1.4597 35.7016
  5.5592  3.2884  0.9821  1.2836 28.8987
  5.2922  2.1458  0.9889  0.0285 17.1730
  4.9702  0.5332  0.9929  0.0981  3.0535
  4.5961  2.0537  0.9788  2.2135 16.2686
  5.6874  3.4735  0.9849  1.1771 30.8691
  4.8605  2.5080  0.9967  0.1980 20.7961
  4.5185  1.7767  0.9872  1.4629 13.5988
  4.0043  2.2722  0.9980  0.8238 18.4250
  5.1735  2.2332  0.9833  0.5896 18.0374
  4.8630  2.0139  0.9816  1.2615 15.8807
  4.9330  3.9728  0.9836  1.9339 36.2604
  4.7385  1.4285  0.9878  0.8212 10.3658
  4.0044  4.4094  0.9980  0.7000 41.0532
  5.7268  2.6830  0.9875  2.0767 22.5802
  5.2770  0.7665  0.9674  0.1106  4.7679
  5.0758  0.3803  0.9980  2.3627  2.0360
  5.4458  4.2024  0.9846  0.7965 38.7729
  5.2669  3.9127  0.9910  0.3159 35.6059
  4.1602  2.4614  0.9796  0.0583 20.3243
  5.2269  1.9519  0.9821  2.1124 15.2780
  5.0758  3.1023  0.9842  1.4380 26.9346
  5.4055  4.2317  0.9722  2.9079 39.0942
  6.0443  2.8608  0.9729  2.5471 24.4142
  5.3381  3.3804  0.9880  1.2281 29.8758
  4.7110  2.1596  0.9729  0.4699 17.3086
  4.9760  3.7199  0.9763  0.6366 33.5164
  5.3932  1.8594  0.9885  1.2860 14.3875
  4.4242  2.3885  0.9735  0.7763 19.5887
  4.9358  3.1294  0.9729  1.9340 27.2200
  5.7502  3.4344  0.9815  1.7875 30.4519
  4.3795  3.3839  0.9784  0.8344 29.9132
  6.1119  1.4661  0.9804  1.7532 10.7075
  4.8359  3.5476  0.9980  1.3065 31.6625
  5.1192  3.1831  0.9905  0.2345 27.7850
  4.3500  1.1687  0.9734  2.0221  8.0664
  4.5633  1.4826  0.9829  1.7424 10.8578
  5.3822  3.9677  0.9794  0.2169 36.2050
  5.2873  2.5646  0.9729  1.4740 21.3712
  5.0490  2.4443  0.9762  0.8742 20.1510
  5.0316  4.0310  0.9776  1.5081 36.8948
  4.7738  1.3166  0.9765  0.4849  9.3623
  4.6332  2.1420  0.9731  0.3411 17.1355
  5.2568  2.4308  0.9888  1.2540 20.0148
  3.9918  1.0359  0.9728  2.5508  6.9374
  3.9909  4.4016  0.9778  1.5711 40.9673
  4.8546  1.3141  0.9712  1.6366  9.3400
  6.0978  2.1057  0.9753  0.2078 16.7785
  5.5862  0.8227  0.9826  2.5394  5.2055
  4.9421  3.1061  0.9947  1.1970 26.9746
  6.0127  1.8662  0.9980  0.2808 14.4523
  4.1977  2.1116  0.9697  1.2160 16.8362
  4.8410  2.6561  0.9762  1.6767 22.3048
  5.2863  2.0187  0.9779  0.6920 15.9273
  5.7428  2.7544  0.9680  1.0214 23.3144
  4.8143  3.7682  0.9951  0.7104 34.0383
  5.9400  1.8631  0.9746  2.5197 14.4233
  4.6801  3.7148  0.9898  1.6635 33.4613
  5.5431  3.1566  0.9765  0.7263 27.5058
  5.2596  1.5965  0.9854  0.5211 11.9064
  5.0336  1.9464  0.9956  0.0393 15.2257
  4.6123  2.7269  0.9874  1.3966 23.0315
  4.2802  3.3878  0.9799  2.3743 29.9555
  6.0210  4.1843  0.9924  1.4476 38.5732
  4.4148  1.6598  0.9873  0.7927 12.4967
  5.1840  2.6560  0.9757  2.4433 22.3042
  5.3083  1.4800  0.9936  2.2388 10.8342
  4.8976  1.0383  0.9980  1.9586  6.9581
  5.6737  4.0849  0.9782  1.3999 37.4843
  5.1116  2.7131  0.9716  0.9496 22.8894
  5.9896  2.5095  0.9821  1.2112 20.8112
  4.3593  1.7085  0.9772  0.7923 12.9539
  5.6034  3.3783  0.9860  0.7751 29.8538
  4.3604  3.7597  0.9705  1.4637 33.9466
  5.3104  2.6834  0.9894  1.8344 22.5846
  5.0396  1.1621  0.9909  1.0423  8.0097
  5.0307  0.9396  0.9896  1.3728  6.1423
  5.0395  1.7851  0.9703  1.2392 13.6782
  4.9064  2.9338  0.9971  0.4323 25.1732
  4.9276  2.3010  0.9831  0.9697 18.7120
  6.2937  2.1650  0.9689  0.2210 17.3619
  5.0965  2.1932  0.9827  1.6257 17.6410
  5.7716  2.5871  0.9862  1.8752 21.5997
  3.7932  2.2700  0.9791  0.9068 18.4034
  5.4654  3.6490  0.9740  1.2989 32.7523
  5.2979  1.7273  0.9882  1.1372 13.1312
  4.4041  0.6599  0.9741  1.3552  3.9628
  4.0387  0.7403  0.9750  1.0325  4.5669
  5.8583  3.4980  0.9701  0.4220 31.1314
  4.9272  3.3614  0.9977  0.7957 29.6745
  3.6533  3.6469  0.9912  0.7704 32.7296
  5.4243  0.7099  0.9874  0.5284  4.3359
  5.0296  1.4880  0.9980  1.9847 10.9067
  5.1703  2.0760  0.9837  1.3967 16.4873
  4.5083  2.1587  0.9822  0.4076 17.2995
  4.8722  4.2477  0.9890  2.1638 39.2708
  5.1615  2.6698  0.9929  1.2421 22.4448
  4.7340  2.1781  0.9717  1.9967 17.4914
  4.4992  2.0885  0.9831  1.4230 16.6093
  5.3174  2.9658  0.9711  0.4100 25.5065
  4.8784  2.3271  0.9700  0.7394 18.9737
  4.9114  0.8837  0.9948  1.3422  5.6901
  5.0598  2.6231  0.9743  1.8574 21.9675
  5.7174  4.2026  0.9770  0.8037 38.7744
  6.0560  4.3570  0.9705  2.3152 40.4751
  5.2375  2.2434  0.9872  1.2247 18.1389
  3.7168  2.3694  0.9823  2.5063 19.3969
  4.9135  3.7775  0.9930  0.8789 34.1390
  4.8461  1.0845  0.9913  1.2631  7.3471
  5.2678  2.2668  0.9732  1.2392 18.3711
  4.5900  3.9098  0.9752  2.0344 35.5740
  5.4761  3.3624  0.9765  0.3157 29.6848
  4.4277  2.6434  0.9694  2.0759 22.1754
  5.0002  2.3380  0.9980  0.2482 19.0823
  4.9540  3.4667  0.9750  2.2471 30.7967
  4.2455  4.1293  0.9875  0.2914 37.9706
  5.1195  0.7575  0.9879  2.4985  4.6987
  4.9998  1.6114  0.9870  0.9947 12.0452
  4.1353  2.7402  0.9839  2.2442 23.1681
  4.8219  1.8952  0.9892  0.9793 14.7318
  4.9993  4.2395  0.9787  0.2037 39.1798
  5.7139  3.1929  0.9948  1.5110 27.8886
  5.5261  2.1476  0.9923  1.3733 17.1907
  5.7149  3.2556  0.9739  0.6629 28.5513
  5.2724  2.0157  0.9935  1.0363 15.8981
  5.5214  2.8088  0.9935  1.0120 23.8756
  5.1795  2.5702  0.9829  1.3653 21.4281
  3.9423  1.7247  0.9699  0.4622 13.1060
  5.2996  4.3804  0.9788  2.1886 40.7334
  5.6856  1.4209  0.9767  2.0369 10.2972
  5.5862  4.3347  0.9838  0.7947 40.2291
  4.7967  3.5140  0.9818  1.7770 31.3025
  5.3522  2.3090  0.9833  0.4152 18.7925
  5.1244  1.4362  0.9930  1.6631 10.4352
  5.3729  1.2871  0.9672  1.4252  9.1005
  4.7243  2.1452  0.9837  2.1462 17.1671
  4.9315  1.6463  0.9977  0.7604 12.3706
  4.6639  1.8662  0.9916  0.8520 14.4526
  5.2043  3.0759  0.9672  1.8124 26.6581
  5.6232  2.8177  0.9932  0.5849 23.9679
  6.4068  2.7746  0.9507  1.5096 23.5224
  5.3373  3.8084  0.9679  0.9051 34.4735
  4.8476  0.6050  0.9875  0.7687  3.5615
  5.0489  1.3980  0.9821  1.3634 10.0898
  5.4103  0.3335  0.9961  1.9975  1.7445
  6.2896  1.0527  0.9700  0.6745  7.0784
  4.6188  2.2083  0.9969  1.0721 17.7905
  4.8456  1.5590  0.9788  1.1965 11.5589
  5.1417  3.9601  0.9980  1.0479 36.1217
  4.2182  3.6038  0.9746  0.4321 32.2653
  4.7604  2.5713  0.9723  1.0136 21.4390
  4.6747  1.1985  0.9676  0.4057  8.3246
  5.2122  2.0450  0.9930  0.5213 16.1840
  4.7182  3.6437  0.9941  0.9499 32.6946
  5.3232  3.8062  0.9980  1.5351 34.4499
  5.3863  2.3955  0.9980  2.4863 19.6598
  5.4718  2.6371  0.9737  1.6226 22.1109
  3.7189  0.9787  0.9792  2.2646  6.4627
  5.3850  4.3125  0.9850  2.3315 39.9838
  4.7023  2.4013  0.9901  0.5444 19.7183
  4.8276  1.9355  0.9715  1.9791 15.1202
  4.2611  2.0603  0.9705  1.1783 16.3336
  4.9860  2.5300  0.9788  0.8818 21.0189
  6.3551  2.1174  0.9729  1.6260 16.8935
  4.5193  2.6478  0.9815  1.5364 22.2195
  6.0026  2.3966  0.9671  1.5159 19.6711
  4.7293  2.7702  0.9849  0.1897 23.4779
  5.8160  3.4095  0.9857  1.4987 30.1866
  4.6037  2.5097  0.9881  2.3513 20.8131
  4.4037  3.2846  0.9752  0.2735 28.8587
  5.5035  3.3235  0.9980  1.9836 29.2714
  6.1191  1.1461  0.9520  1.9399  7.8717
  4.5044  0.8405  0.9809  1.2462  5.3462
  4.7688  2.4464  0.9958  0.7404 20.1722
  4.2097  2.5743  0.9709  0.6358 21.4698
  5.3903  2.9966  0.9798  2.3771 25.8279
  3.5039  4.1923  0.9968  2.7891 38.6616
  3.5021  3.8225  0.9734  0.8055 34.6262
  5.7656  1.5855  0.9829  1.2742 11.8040
  5.1372  1.7700  0.9980  0.8018 13.5353
  4.8732  1.0044  0.9941  2.0011  6.6752
  4.4696  2.0911  0.9980  0.2736 16.6350
  4.6847  3.0460  0.9748  1.6964 26.3448
  4.0752  4.2698  0.9906  1.3628 39.5135
  3.5218  3.9094  0.9867  2.2526 35.5695
  4.8314  2.0681  0.9934  0.9984 16.4098
  5.2622  3.7021  0.9684  0.8258 33.3238
  4.9462  3.1293  0.9955  2.1404 27.2189
  4.4033  2.6852  0.9836  1.1474 22.6027
  4.1592  4.3949  0.9761  1.7239 40.8933
  4.6159  4.0743  0.9976  0.0715 37.3681
  4.7347  3.1175  0.9954  2.3786 27.0950
  3.5619  3.1366  0.9694  2.2504 27.2954
  5.8050  2.4399  0.9876  1.1167 20.1072
  5.3908  2.2419  0.9980  1.8788 18.1240
  4.9018  3.5454  0.9868  1.5416 31.6386
  4.4865  2.7937  0.9980  2.1938 23.7199
  5.1410  3.9275  0.9689  1.5844 35.7663
  6.2341  2.7820  0.9717  0.2548 23.5995
  6.2359  3.9518  0.9810  1.0064 36.0316
  5.6972  0.4886  0.9874  1.8528  2.7470
  5.5999  2.7496  0.9878  0.8514 23.2649
  3.8618  1.8660  0.9788  0.7727 14.4505
  4.4500  1.8087  0.9669  1.5307 13.9028
  5.5833  1.0617  0.9858  0.8119  7.1545
  5.5772  1.3069  0.9793  0.8853  9.2757
  5.3240  2.2161  0.9951  2.1537 17.8676
  5.1508  2.1166  0.9885  2.2645 16.8857
  5.2479  1.0165  0.9827  1.7371  6.7756
  5.1175  0.8918  0.9676  1.4609  5.7553
  4.3564  1.9595  0.9815  1.2386 15.3518
  4.9351  3.1197  0.9980  1.0606 27.1177
  4.0620  2.3859  0.9771  1.7264 19.5631
  4.9751  4.0157  0.9942  1.1001 36.7280
  6.4582  2.7833  0.9558  1.6854 23.6124
  4.8129  2.0241  0.9865  1.8572 15.9794
  4.8603  3.9414  0.9745  0.5114 35.9183
  5.1057  1.9908  0.9694  1.0367 15.6554
  5.6669  3.0106  0.9903  2.2147 25.9745
  4.3849  3.2221  0.9892  1.1917 28.1972
  5.3017  4.1555  0.9708  1.8384 38.2574
  3.9565  2.5450  0.9953  0.9492 21.1718
  5.3096  3.5349  0.9926  1.0991 31.5260
  5.2841  3.7969  0.9847  1.1977 34.3485
  3.9782  2.9353  0.9962  1.4726 25.1887
  5.2674  1.8803  0.9956  2.6767 14.5882
  5.4432  1.7377  0.9735  2.0049 13.2291
  4.7044  3.5252  0.9929  1.1053 31.4227
  5.2902  2.0945  0.9976  1.6787 16.6678
  4.9695  4.2722  0.9737  2.7675 39.5405
  5.0219  3.9146  0.9896  1.0993 35.6263
  5.1523  2.3848  0.9730  0.3986 19.5518
  5.7314  1.0170  0.9852  0.6325  6.7801
  4.8894  2.8375  0.9778  0.8822 24.1725
  5.6141  2.2271  0.9711  2.0946 17.9770
  4.5178  1.9607  0.9772  1.9205 15.3637
  4.7076  1.0221  0.9974  0.8482  6.8221
  4.3120  4.2535  0.9972  0.5103 39.3345
  4.3590  2.1508  0.9729  2.3071 17.2224
  5.4688  1.6933  0.9878  1.4813 12.8109
  5.2052  2.1803  0.9676  0.6361 17.5129
  5.4959  4.0051  0.9819  1.1763 36.6119
  5.2635  3.5011  0.9934  1.2168 31.1641
  5.6400  3.2615  0.9762  2.9593 28.6137
  4.8254  2.3091  0.9720  0.7165 18.7933
  5.4176  1.6270  0.9889  0.7291 12.1903
  3.9196  2.8894  0.9792  0.5132 24.7116
  5.1780  4.3876  0.9884  0.7858 40.8124
  3.6268  1.1044  0.9980  2.7214  7.5160
  5.5561  3.0765  0.9695  0.6708 26.6640
  4.9200  1.2823  0.9709  1.2034  9.0584
  5.7110  2.7853  0.9714  2.5863 23.6330
  4.8827  3.4092  0.9832  0.9039 30.1834
  5.9975  2.0731  0.9948  2.4444 16.4585
  5.2302  2.1385  0.9702  1.9991 17.1008
  5.2239  3.2353  0.9770  1.6796 28.3367
  5.3395  0.7096  0.9754  2.0339  4.3337
  4.4957  1.8192  0.9944  0.4415 14.0036
  4.6263  2.5826  0.9862  1.8551 21.5536
  4.8510  3.0466  0.9739  0.9379 26.3503
  5.1312  1.6969  0.9721  1.1100 12.8445
  5.4986  1.2408  0.9707  0.1124  8.6930
  5.1803  3.1618  0.9825  2.4395 27.5613
  5.0889  1.6277  0.9809  0.8929 12.1965
  4.9072  2.4238  0.9849  0.9175 19.9445
  5.2646  1.5971  0.9856  2.2386 11.9116
  5.3227  2.0037  0.9831  0.5326 15.7810
  4.6982  3.6458  0.9712  0.5677 32.7173
  5.2013  4.0341  0.9913  0.9946 36.9291
  5.1643  1.2236  0.9937  0.5270  8.5431
  4.7645  2.6453  0.9830  0.7400 22.1939
  4.3246  1.3853  0.9781  0.7755  9.9761
  5.8359  4.0699  0.9751  1.1751 37.3199
  4.9333  3.4000  0.9801  0.4988 30.0854
  5.3224  2.4198  0.9683  1.4003 19.9037
  5.7659  1.8272  0.9771  0.5062 14.0800
  5.3971  2.2780  0.9828  2.7164 18.4830
  5.3596  2.3902  0.9942  1.9493 19.6065
  5.8973  3.2685  0.9957  1.1734 28.6880
  6.1081  2.2522  0.9779  2.7414 18.2266
  5.2203  3.9562  0.9724  1.0872 36.0787
  5.2253  2.4020  0.9688  0.9117 19.7248
  5.4504  1.1683  0.9722  1.0787  8.0635
  5.9968  1.1758  0.9922  2.6145  8.1275
  5.0395  1.5004  0.9739  0.7696 11.0202
  5.0057  1.6470  0.9855  0.8189 12.3767
  5.0110  2.2588  0.9858  1.6730 18.2923
  4.0871  3.2126  0.9783  1.1594 28.0967
  3.8501  1.1469  0.9785  2.3961  7.8790
  4.0107  1.9651  0.9755  1.1301 15.4060
  5.0353  0.9979  0.9891  0.5627  6.6211
  5.1511  2.2208  0.9669  2.7018 17.9143
  4.4567  3.0916  0.9699  1.2536 26.8224
  5.1814  2.0657  0.9807  2.1333 16.3857
  5.3272  1.6258  0.9670  0.9049 12.1788
  3.5719  2.4511  0.9727  1.8830 20.2201
  4.7523  2.7279  0.9734  1.3623 23.0415
  5.1970  1.7053  0.9859  0.6918 12.9239
  4.9679  1.3813  0.9843  1.6842  9.9398
  5.2278  2.3557  0.9697  0.2992 19.2595
  4.4878  3.9065  0.9957  1.0482 35.5378
  5.2521  4.4446  0.9944  0.5705 41.4427
  4.4755  3.1452  0.9877  0.8431 27.3856
  4.5005  2.3274  0.9937  2.4032 18.9764
  5.1066  4.3121  0.9937  1.8065 39.9799
  5.6605  2.3510  0.9980  2.3120 19.2125
  5.4949  3.8499  0.9867  0.7099 34.9230
  5.2348  1.2770  0.9708  2.6144  9.0112
  5.6451  3.6075  0.9980  0.6550 32.3059
  6.3379  1.9598  0.9726  1.1099 15.3551
  5.1684  1.7167  0.9971  1.8335 13.0314
  4.7842  1.2505  0.9766  0.6326  8.7788
  4.4448  0.8799  0.9807  1.8417  5.6593
  5.2052  1.1168  0.9980  1.2334  7.6209
  4.5909  3.2016  0.9838  0.7964 27.9808
  4.3116  4.2915  0.9751  1.1903 39.7525
  5.0441  4.4184  0.9867  1.7289 41.1529
  3.6945  2.5448  0.9726  0.4083 21.1693
  5.2824  1.9165  0.9884  2.3674 14.9363
  5.1261  2.0024  0.9686  1.7997 15.7682
  5.1792  2.2638  0.9855  0.2674 18.3420
  5.2769  3.9514  0.9852  0.8963 36.0274
  5.2003  4.0408  0.9730  1.4225 37.0020
  4.8177  2.0570  0.9682  0.2316 16.3008
  5.2010  2.8327  0.9702  1.5989 24.1238
  4.8123  1.0076  0.9727  0.5530  6.7017
  5.2240  0.9079  0.9887  0.4406  5.8847
  4.7925  1.5456  0.9808  0.2361 11.4353
  4.2276  1.8214  0.9704  2.1707 14.0244
  4.9406  3.7833  0.9733  2.2167 34.2021
  6.0316  0.8864  0.9955  0.5690  5.7120
  5.0661  3.4100  0.9928  0.7803 30.1918
  5.5663  0.4780  0.9881  0.9094  2.6747
  4.9165  2.5270  0.9774  1.2796 20.9886
  4.7476  0.3464  0.9821  1.4598  1.8234
  5.4577  4.4871  0.9753  1.1477 41.9143
  4.4926  0.9036  0.9714  0.8754  5.8501
  4.8024  2.1940  0.9719  0.4714 17.6485
  5.1920  3.7008  0.9898  0.4309 33.3104
  6.9690  3.2620  0.4726  1.2201 28.6194
  4.3486  4.2194  0.9906  1.4887 38.9593
  5.3690  1.5118  0.9882  2.1416 11.1249
  3.6274  1.2167  0.9834  2.2248  8.4830
  5.7470  2.7232  0.9772  1.1280 22.9932
  4.7406  2.1508  0.9806  0.3502 17.2221
  4.6975  3.6305  0.9980  0.5350 32.5530
  5.6928  3.6359  0.9841  1.8268 32.6105
  5.5784  1.1591  0.9729  0.9592  7.9836
  5.5828  1.2760  0.9911  0.4648  9.0025
  3.8339  3.1074  0.9980  1.7655 26.9891
  5.1380  3.0109  0.9670  1.4639 25.9770
  4.3199  4.4659  0.9908  0.3071 41.6784
  4.3846  3.4538  0.9788  1.4196 30.6587
  4.4931  4.4983  0.9920  0.4620 42.0384
  4.8138  3.0807  0.9759  1.6336 26.7080
  4.9687  4.0234  0.9791  0.3510 36.8118
  5.8584  1.8127  0.9855  0.7598 13.9409
  5.0725  2.4992  0.9837  1.0477 20.7066
  4.6313  2.8619  0.9839  2.1538 24.4255
  4.8524  1.5945  0.9980  0.3198 11.8879
  3.6178  1.9503  0.9907  1.8194 15.2630
  5.2466  0.7657  0.9859  0.6991  4.7620
  4.5824  1.7864  0.9809  1.7287 13.6907
  4.9940  2.9817  0.9676  2.1206 25.6726
  5.4950  2.1708  0.9967  2.0954 17.4189
  4.1790  3.5433  0.9748  2.0530 31.6167
  5.3463  1.4922  0.9912  0.9825 10.9455
  5.1475  2.4647  0.9924  1.2085 20.3574
  5.4794  2.8295  0.9925  1.8026 24.0907
  5.3084  2.6083  0.9966  0.2302 21.8160
  5.1978  2.8018  0.9808  1.7409 23.8039
  3.8937  1.8468  0.9980  0.7739 14.2669
  5.3937  2.8921  0.9751  1.3363 24.7395
  4.0921  3.1015  0.9952  1.2163 26.9265
  5.2774  0.2941  0.9980  1.9109  1.5066
  5.4068  3.0058  0.9700  0.9547 25.9240
  5.2730  2.2944  0.9757  0.9546 18.6465
  5.2782  0.4486  0.9856  0.8729  2.4786
  4.7303  1.3306  0.9729  1.4410  9.4863
  4.4298  1.5640  0.9743  1.3727 11.6055
  4.9542  3.9202  0.9919  1.1306 35.6873
  5.0703  3.9795  0.9813  1.2015 36.3336
  4.6958  4.0030  0.9875  0.7008 36.5897
  4.7458  1.1915  0.9882  2.3992  8.2642
  4.7571  3.3898  0.9878  1.9506 29.9761
  6.2754  2.9003  0.9758  0.8028 24.8242
  5.9517  3.4494  0.9945  0.2903 30.6117
  4.5515  2.3411  0.9980  1.1650 19.1130
  6.2549  1.7537  0.9863  1.6700 13.3805
  4.8134  1.6269  0.9700  0.5111 12.1886
  5.0723  4.1830  0.9980  1.7951 38.5592
  5.4847  1.6543  0.9866  1.8272 12.4447
  5.8356  3.3428  0.9914  2.5995 29.4763
  5.8375  2.6522  0.9748  1.1558 22.2647
  5.5282  3.3076  0.9712  2.6453 29.1022
  5.2080  2.9480  0.9826  1.4629 25.3207
  4.8400  1.1262  0.9834  2.2933  7.7011
  4.8855  0.9809  0.9863  1.8088  6.4811
  4.3452  3.7626  0.9980  1.1032 33.9778
  3.7272  4.3382  0.9899  2.2701 40.2673
  6.1139  2.9290  0.9980  1.9373 25.1229
  4.9591  1.1042  0.9803  1.5680  7.5140
  6.6725  1.8994  0.8900  2.4226 14.7714
  5.3178  1.8943  0.9942  1.8383 14.7227
  4.0327  2.4805  0.9924  2.8448 20.5169
  4.5528  0.5728  0.9753  1.7083  3.3316
  5.0025  2.1073  0.9980  1.5423 16.7941
  5.2100  3.7970  0.9835  0.8811 34.3506
  5.5071  3.0510  0.9980  0.6381 26.3972
  4.3726  3.2274  0.9980  0.1165 28.2534
  5.2439  3.3913  0.9903  0.6711 29.9927
  3.7617  1.2680  0.9980  0.9103  8.9322
  4.1333  2.6182  0.9869  1.5226 21.9173
  4.9050  2.0062  0.9866  0.8489 15.8052
  5.2767  2.6493  0.9671  0.8348 22.2350
  5.1837  2.4386  0.9860  1.0445 20.0942
  5.3617  2.3330  0.9822  1.1660 19.0324
  5.0338  2.9237  0.9980  0.8077 25.0680
  5.1285  1.8559  0.9759  0.7512 14.3539
  5.2081  4.3220  0.9811  1.6229 40.0886
  5.0581  1.1520  0.9928  0.5634  7.9226
  4.8617  0.8812  0.9798  1.3008  5.6702
  4.6399  3.1097  0.9786  2.3473 27.0123
  5.2113  2.0996  0.9918  1.3909 16.7182
  4.7441  2.6698  0.9701  1.0578 22.4448
  4.9109  1.4692  0.9797  0.2059 10.7358
  6.0741  2.3242  0.9980  2.1709 18.9440
  4.8364  4.3193  0.9896  0.3879 40.0589
  4.5147  4.1980  0.9733  2.6961 38.7244
  5.1779  3.6203  0.9730  0.8628 32.4434
  5.3690  2.9667  0.9734  1.0435 25.5158
  6.2938  2.2897  0.9892  1.6195 18.5993
  6.1417  1.2253  0.9827  1.6084  8.5576
  5.0343  1.4252  0.9905  1.2403 10.3362
  6.5322  2.6784  0.8122  0.1385 22.5334
  4.2699  1.7809  0.9677  0.9910 13.6387
  4.8303  1.9338  0.9949  1.8206 15.1036
  5.7803  4.0726  0.9926  2.4097 37.3497
  5.5873  3.7347  0.9830  1.2948 33.6765
  5.6828  0.4153  0.9774  2.3361  2.2604
  5.0253  1.3169  0.9759  0.6448  9.3649
  6.0767  3.3689  0.9763  1.3336 29.7541
  5.0791  2.7639  0.9894  0.9752 23.4128
  5.4530  2.0964  0.9851  1.0955 16.6866
  4.9243  3.5706  0.9685  0.3960 31.9097
  5.8749  1.1944  0.9697  0.7475  8.2894
  5.1925  2.8733  0.9703  0.3955 24.5445
  4.9462  3.7946  0.9868  0.1591 34.3241
  5.1526  3.1946  0.9937  0.3294 27.9065
  3.5094  1.2065  0.9782  0.8743  8.3941
  3.7382  3.1246  0.9866  1.0162 27.1694
  5.5497  3.1388  0.9699  0.4874 27.3189
  5.2860  0.7194  0.9794  0.4362  4.4082
  5.4700  1.1817  0.9777  1.6538  8.1790
  4.7275  3.5453  0.9697  1.4822 31.6380
  4.4851  4.4614  0.9820  1.2241 41.6290
  4.6980  4.1653  0.9873  0.8799 38.3654
  4.3068  1.1849  0.9853  0.2545  8.2066
  4.3668  3.1140  0.9910  0.1968 27.0585
  5.1973  3.1174  0.9843  0.6241 27.0940
  5.1961  2.0747  0.9705  0.9038 16.4745
  4.7861  2.4865  0.9841  2.1813 20.5775
  4.8024  2.3069  0.9956  1.1783 18.7712
  4.9251  1.5546  0.9744  3.0544 11.5189
  6.3395  2.3349  0.9726  2.4139 19.0517
  5.1073  0.6933  0.9719  1.3759  4.2110
  5.4130  3.0466  0.9980  0.9567 26.3509
  5.1924  2.6699  0.9931  1.4525 22.4466
  5.2148  1.6344  0.9949  0.4173 12.2586
  5.2694  3.2307  0.9670  2.9069 28.2878
  5.5990  1.9142  0.9888  2.6580 14.9142
  4.7659  1.9615  0.9687  0.4553 15.3718
  4.7033  2.8600  0.9722  2.0518 24.4060
  5.0541  4.3014  0.9806  0.4676 39.8615
  3.8031  2.0074  0.9927  0.3465 15.8170
  5.1402  3.1625  0.9708  0.2446 27.5685
  4.4630  3.0180  0.9945  0.7639 26.0516
  4.8932  2.0861  0.9897  2.3848 16.5856
  3.8143  2.5799  0.9746  1.7025 21.5267
  5.1107  0.6738  0.9816  1.0785  4.0655
  5.5198  1.9424  0.9716  0.6642 15.1867
  5.3668  1.1531  0.9714  1.1280  7.9324
  5.4585  2.4323  0.9891  1.3621 20.0297
  5.5188  3.6210  0.9980  1.5201 32.4502
  5.2220  2.1092  0.9692  1.4452 16.8123
  5.9646  3.0296  0.9854  2.4483 26.1725
  4.9990  3.9719  0.9864  1.8513 36.2505
  5.2418  0.1655  0.9931  0.6057  0.7868
  5.6186  4.4837  0.9922  0.5535 41.8759
  5.0024  2.3387  0.9728  0.5970 19.0899
  4.9948  1.8231  0.9845  0.9196 14.0404
  6.0959  1.9641  0.9771  1.8139 15.3968
  5.2718  2.5279  0.9718  1.4089 20.9974
  5.4328  2.4716  0.9828  0.5453 20.4269
  5.4857  1.3973  0.9703  1.6066 10.0838
  4.4592  1.9443  0.9714  2.1108 15.2053
  6.7728  1.7744  0.6901  2.3486 13.5770
  4.0528  2.5184  0.9917  2.4394 20.9010
  5.5345  1.3722  0.9908  0.5274  9.8585
  5.1484  4.4143  0.9803  1.9478 41.1073
  5.1365  2.0508  0.9880  2.3632 16.2405
  5.2061  1.2443  0.9863  0.7035  8.7242
  3.6520  3.7229  0.9685  0.6844 33.5486
  5.3219  2.8843  0.9699  0.6641 24.6584
  5.4117  1.3239  0.9908  0.7242  9.4266
  5.4132  2.8275  0.9688  1.5109 24.0699
  4.0236  3.1440  0.9717  2.0977 27.3734
  4.4866  3.8743  0.9688  1.6471 35.1884
  4.9857  3.9442  0.9948  0.9942 35.9489
  4.9230  1.4166  0.9687  0.6532 10.2580
  5.6882  2.6519  0.9669  0.9742 22.2617
  4.8746  3.9176  0.9745  1.1012 35.6586
  5.7490  4.2614  0.9946  0.8951 39.4216
  5.3782  3.3766  0.9688  0.2895 29.8355
  5.0520  1.5446  0.9867  0.2408 11.4266
  4.7125  3.6791  0.9943  0.2370 33.0764
  5.2341  4.1962  0.9676  1.2428 38.7042
  5.5122  2.0787  0.9758  0.2017 16.5131
  5.2999  0.9238  0.9861  1.0894  6.0132
  5.0967  0.8042  0.9746  0.2082  5.0602
  4.9728  0.8940  0.9830  2.3376  5.7729
  4.7297  2.2785  0.9799  0.9363 18.4877
  5.6995  2.2147  0.9959  2.1074 17.8538
  4.6197  2.1880  0.9965  1.0349 17.5898
  5.5874  0.9071  0.9793  1.2864  5.8782
  4.5235  1.2498  0.9877  1.0709  8.7723
  4.2273  2.4339  0.9872  0.5718 20.0465
  5.3958  4.2256  0.9773  2.4482 39.0277
  5.7196  2.0655  0.9853  1.0901 16.3841
  5.2781  2.0625  0.9849  1.1423 16.3544
  5.0717  3.5018  0.9778  1.3831 31.1721
  5.4736  2.4950  0.9733  0.3613 20.6641
  5.2975  2.4157  0.9784  2.6598 19.8632
  4.5726  1.3886  0.9673  2.5254 10.0060
  4.9087  3.6286  0.9750  1.1938 32.5328
  4.2719  2.6205  0.9900  1.8472 21.9410
  5.0294  2.4760  0.9746  2.1931 20.4715
  4.9871  0.5758  0.9700  1.5224  3.3529
  5.3758  3.8145  0.9789  0.7102 34.5399
  4.8413  3.2525  0.9795  0.7657 28.5192
  5.5287  3.5030  0.9924  0.6663 31.1843
  4.4291  1.8716  0.9753  1.7503 14.5049
  5.1752  1.9521  0.9881  1.7108 15.2808
  5.8388  2.1934  0.9740  0.5516 17.6427
  5.6399  3.6378  0.9732  2.0842 32.6317
  5.4275  1.4849  0.9890  1.9471 10.8788
  4.4077  3.5585  0.9803  0.6227 31.7791
  5.9821  3.4422  0.9811  0.2866 30.5352
  5.6144  1.4918  0.9686  2.1207 10.9419
  5.9187  1.9432  0.9962  2.1063 15.1947
  4.6580  0.6116  0.9698  2.8732  3.6098
  5.3533  2.3045  0.9937  2.3897 18.7475
  5.3427  2.0489  0.9844  0.5276 16.2217
  5.4514  2.8116  0.9909  1.0460 23.9054
  4.5587  3.6137  0.9916  0.5752 32.3727
  5.4485  1.4892  0.9847  0.8398 10.9176
  5.2791  2.8930  0.9872  0.4605 24.7489
  5.2114  2.5426  0.9718  0.9471 21.1473
  4.8840  1.4274  0.9751  1.7076 10.3556
  4.2972  0.8914  0.9893  0.8956  5.7516
  3.9140  1.7563  0.9743  0.8127 13.4052
  5.5082  0.3646  0.9906  1.9577  1.9370
  5.6354  3.0712  0.9781  2.5512 26.6087
  4.0020  1.4050  0.9873  1.5138 10.1530
  4.9551  2.8576  0.9717  1.7797 24.3814
  5.5035  3.2635  0.9737  1.4953 28.6346
  5.3953  1.6864  0.9791  1.4509 12.7454
  5.4191  1.4638  0.9692  0.2982 10.6864
  4.7311  4.4881  0.9792  1.8463 41.9244
  6.6880  3.8639  0.7445  1.2229 35.0759
  4.8425  3.7638  0.9713  0.4808 33.9913
  5.2965  2.0639  0.9960  0.3611 16.3686
  5.0666  1.0768  0.9699  3.0691  7.2814
  4.1532  0.4464  0.9695  1.6243  2.4640
  5.0475  1.2095  0.9682  0.9256  8.4205
  5.8630  3.2964  0.9679  1.8389 28.9832
  5.1491  3.0227  0.9818  1.9612 26.1008
  5.7239  3.2267  0.9977  1.9401 28.2457
  5.3943  2.5849  0.9816  0.0868 21.5777
  3.8342  3.8376  0.9914  2.1710 34.7901
  5.0551  3.7730  0.9946  1.5012 34.0901
  5.2186  1.9108  0.9942  0.4055 14.8817
  5.2474  4.0963  0.9936  1.1011 37.6094
  4.3102  0.6628  0.9753  0.7341  3.9838
  5.6610  1.4906  0.9936  1.8546 10.9306
  4.6195  4.0113  0.9732  0.1000 36.6802
  5.1728  1.8569  0.9940  1.7381 14.3633
  5.4813  1.4644  0.9853  2.3291 10.6921
  4.8348  0.6255  0.9854  0.9113  3.7104
  5.2341  3.2392  0.9773  1.0754 28.3780
  4.2534  3.1214  0.9931  1.0071 27.1360
  5.7713  1.5785  0.9685  1.9391 11.7399
  4.4766  1.6399  0.9941  1.7257 12.3103
  5.8997  2.8685  0.9869  1.3138 24.4941
  6.8856  3.0701  0.4037  1.6652 26.5967
  4.8274  1.5560  0.9858  0.8943 11.5314
  4.8442  1.8516  0.9980  2.0678 14.3129
  5.1329  2.6991  0.9922  1.9627 22.7454
  5.1472  2.6945  0.9877  1.8724 22.6984
  4.6027  3.9516  0.9695  1.7164 36.0288
  4.6277  1.0496  0.9774  0.7690  7.0527
  4.6412  1.0804  0.9826  1.5529  7.3123
  5.4084  2.7796  0.9835  1.0137 23.5742
  5.2512  2.0996  0.9838  1.3761 16.7179
  5.2674  3.8525  0.9713  0.7470 34.9522
  5.2058  1.1896  0.9806  1.8039  8.2475
  5.6741  3.7236  0.9694  2.0171 33.5558
  5.1145  1.6135  0.9909  2.0334 12.0639
  4.6382  2.1234  0.9873  0.7012 16.9517
  5.1751  0.8573  0.9847  0.7282  5.4795
  4.3603  3.3772  0.9908  1.2912 29.8417
  5.2432  1.7605  0.9980  2.0187 13.4445
  5.0774  2.0055  0.9980  1.5827 15.7987
  4.7367  3.3094  0.9719  1.3277 29.1217
  5.6680  3.0476  0.9775  1.5298 26.3617
  5.7059  3.4789  0.9844  0.6810 30.9269
  4.5233  1.7846  0.9684  1.9558 13.6733
  5.6128  0.7476  0.9970  0.6443  4.6229
  4.4570  2.4137  0.9893  1.7076 19.8428
  5.1606  2.7658  0.9825  1.7226 23.4324
  5.6380  0.5346  0.9840  0.4929  3.0629
  4.9066  0.6820  0.9866  2.1576  4.1264
  6.1909  3.3024  0.9895  1.0269 29.0474
  5.5414  4.1667  0.9851  0.9860 38.3800
  4.7586  4.2346  0.9692  2.3170 39.1264
  4.3675  2.6290  0.9757  1.8421 22.0279
  4.8323  2.7416  0.9952  0.9165 23.1830
  5.1616  3.3613  0.9815  1.9324 29.6730
  3.9875  1.7820  0.9942  1.9511 13.6485
  4.2884  2.4217  0.9747  0.8428 19.9238
  5.5132  0.8895  0.9694  1.6772  5.7369
  4.9521  1.5425  0.9862  1.2661 11.4071
  5.0197  2.2627  0.9968  0.6871 18.3311
  5.3675  1.1587  0.9954  0.4343  7.9800
  5.4446  2.6611  0.9821  0.5125 22.3561
  5.0707  3.3011  0.9820  0.9333 29.0332
  4.4631  1.6401  0.9746  0.6151 12.3119
  5.2402  1.3760  0.9942  1.8718  9.8923
  5.3347  4.1922  0.9941  0.5915 38.6600
  5.6875  2.9512  0.9763  0.5542 25.3540
  5.7697  2.9721  0.9713  0.2261 25.5718
  4.6311  4.4896  0.9819  1.3597 41.9413
  5.1459  3.0181  0.9685  1.4757 26.0525
  5.2572  2.5285  0.9689  1.1167 21.0042
  5.0709  3.4808  0.9980  2.1136 30.9477
  5.6088  4.1722  0.9705  0.9498 38.4410
  5.2958  1.6949  0.9882  1.5643 12.8257
  4.7598  2.6870  0.9829  1.4639 22.6217
  5.5323  2.0020  0.9730  0.7696 15.7646
  4.8160  2.8707  0.9883  2.0263 24.5170
  4.6721  2.0366  0.9966  1.6963 16.1015
  5.2491  2.0670  0.9854  1.1118 16.3984
  4.1816  1.9864  0.9972  1.7572 15.6130
  4.9749  1.1088  0.9901  1.9141  7.5532
  5.1749  0.5315  0.9767  1.0062  3.0414
  4.9685  3.4028  0.9933  0.4384 30.1149
  5.9117  3.0404  0.9753  1.8315 26.2861
  4.0470  1.2933  0.9781  0.5431  9.1557
  3.5946  1.5221  0.9774  0.4889 11.2193
  5.5850  0.4596  0.9745  1.2042  2.5517
  5.3077  1.2969  0.9837  1.1318  9.1871
  5.2273  4.1522  0.9698  1.5897 38.2211
  4.7368  2.1316  0.9744  2.0775 17.0327
  3.9559  4.0351  0.9842  1.5200 36.9401
  4.2313  3.5011  0.9845  1.8111 31.1647
  5.7017  3.5490  0.9923  2.1302 31.6770
  4.5748  3.2084  0.9838  1.0620 28.0528
  5.4964  0.6926  0.9816  0.6691  4.2059
  4.6609  3.2301  0.9851  0.1913 28.2820
  5.4632  2.0990  0.9976  1.9879 16.7124
  4.6703  2.4882  0.9885  2.4427 20.5952
  4.2970  1.4929  0.9980  1.9770 10.9522
  5.2348  0.6282  0.9683  1.7038  3.7302
  3.6865  3.4935  0.9871  1.9487 31.0836
  4.9271  3.0898  0.9885  2.5076 26.8034
  4.9127  1.6209  0.9838  0.5958 12.1335
  5.8067  3.2323  0.9806  1.9897 28.3046
  6.1952  3.8934  0.9909  2.7019 35.3963
  5.0000  2.4157  0.9912  1.2407 19.8630
  4.4386  3.6970  0.9748  1.6550 33.2693
  5.0847  2.8772  0.9962  0.2369 24.5844
  5.7750  0.5660  0.9710  1.5266  3.2830
  5.3255  0.4912  0.9678  0.4120  2.7645
  4.1016  3.7228  0.9747  0.7411 33.5474
  4.6063  1.0372  0.9971  1.6705  6.9488
  5.1186  1.4301  0.9787  0.2953 10.3805
  5.0778  2.6309  0.9681  0.9780 22.0466
  5.1135  1.5289  0.9934  2.3539 11.2821
  5.7225  2.4139  0.9858  2.4197 19.8449
  5.1940  1.6788  0.9801  2.1848 12.6741
  5.0141  1.9483  0.9926  0.7421 15.2434
  5.5654  1.9391  0.9673  0.2654 15.1551
  4.5463  3.8627  0.9675  1.7122 35.0626
  5.3170  3.1568  0.9980  0.0681 27.5081
  5.2765  2.2197  0.9918  0.7045 17.9029
  4.9242  4.4371  0.9728  1.9442 41.3596
  5.2289  0.7128  0.9975  2.1233  4.3581
  4.9000  3.6468  0.9964  1.4800 32.7283
  4.5584  2.9587  0.9980  0.7886 25.4323
  5.1903  2.7707  0.9749  2.2351 23.4825
  5.3914  2.5856  0.9829  1.0787 21.5849
  4.9808  3.8316  0.9980  0.5133 34.7250
  5.5791  2.9550  0.9687  0.9952 25.3935
  3.8612  1.9683  0.9916  2.1959 15.4370
  5.2655  1.3894  0.9771  0.7950 10.0131
  5.2448  2.5502  0.9860  1.5535 21.2246
  4.9190  2.6223  0.9802  1.4878 21.9594
  3.7856  3.4481  0.9744  0.3833 30.5983
  5.5628  2.9208  0.9802  1.2792 25.0378
  5.5585  0.9048  0.9824  0.3734  5.8599
  5.4125  1.0331  0.9963  2.8670  6.9141
  4.7932  1.5616  0.9980  2.2805 11.5829
  4.7837  2.6383  0.9910  1.1305 22.1227
  4.9430  1.7808  0.9769  0.5113 13.6374
  4.4353  2.7624  0.9731  0.6160 23.3970
  4.2156  3.1827  0.9856  1.0096 27.7812
  5.3233  3.0497  0.9823  0.5514 26.3834
  5.9957  3.2673  0.9923  1.0522 28.6750
  3.9032  1.2286  0.9919  0.5836  8.5863
  5.1005  4.3492  0.9878  2.1737 40.3882
  5.4418  3.9180  0.9933  0.7270 35.6630
  4.9664  4.4711  0.9856  1.9434 41.7365
  5.2711  1.9590  0.9679  1.1200 15.3470
  5.4334  1.2676  0.9873  2.0550  8.9284
  4.8547  2.8717  0.9693  1.1538 24.5280
  5.6389  0.9310  0.9771  1.4837  6.0718
  5.1436  2.4247  0.9796  1.0629 19.9533
  3.9848  1.7954  0.9877  1.2350 13.7761
  4.2972  2.4656  0.9875  1.2621 20.3660
  4.6040  1.4063  0.9840  1.1805 10.1649
  5.0293  2.7737  0.9832  1.6150 23.5140
  4.9401  4.0285  0.9854  0.7497 36.8673
  6.0328  2.0399  0.9741  1.4263 16.1336
  4.2616  4.1938  0.9784  0.4283 38.6779
  4.6103  2.3626  0.9950  2.2048 19.3287
  5.2140  1.9927  0.9909  0.8229 15.6744
  4.9290  1.9710  0.9801  0.4630 15.4639
  4.4565  1.7705  0.9839  2.8385 13.5394
  5.3425  2.4049  0.9954  1.1232 19.7543
  4.2149  4.4271  0.9794  0.8851 41.2495
  4.9566  1.6378  0.9726  1.4254 12.2906
  5.1956  1.0083  0.9974  1.3457  6.7074
  5.1651  1.4518  0.9670  1.9723 10.5773
  4.7427  2.9765  0.9672  1.3408 25.6177
  5.5080  1.9462  0.9749  1.0605 15.2235
  4.2441  1.1538  0.9810  0.0700  7.9385
  6.1594  3.0470  0.9939  1.2763 26.3554
  5.1235  2.9200  0.9947  2.3941 25.0295
  4.3861  3.9272  0.9854  1.2074 35.7633
  5.0222  3.1182  0.9706  1.9944 27.1016
  4.8931  3.5345  0.9674  2.1913 31.5226
  3.8616  3.1400  0.9811  1.2990 27.3316
  5.3807  1.4469  0.9798  1.9787 10.5328
  5.2744  3.1232  0.9687  2.8585 27.1544
  4.3096  1.3790  0.9857  1.6155  9.9195
  4.8367  2.7364  0.9941  0.7637 23.1295
  6.5995  2.9990  0.9074  2.1024 25.8529
  5.4641  1.1032  0.9797  2.2823  7.5053
  5.4156  2.3524  0.9758  1.5389 19.2265
  4.5834  3.1945  0.9770  2.0311 27.9062
  4.6429  3.8395  0.9898  1.0833 34.8106
  5.0498  2.8299  0.9746  2.2149 24.0948
  4.7532  3.2635  0.9816  2.2088 28.6354
  5.1320  4.1085  0.9941  0.2131 37.7428
  5.3765  1.1324  0.9709  1.3387  7.7544
  4.6492  2.8405  0.9894  2.0036 24.2044
  5.2295  1.5598  0.9716  0.7314 11.5669
  4.8241  1.8836  0.9833  1.9676 14.6199
  5.2258  1.8794  0.9840  3.0876 14.5798
  5.1236  3.0162  0.9938  1.0252 26.0322
  4.5626  4.1158  0.9669  2.1274 37.8224
  4.8530  4.4630  0.9975  2.5099 41.6468
  5.8396  0.9722  0.9836  1.6944  6.4091
  4.0869  2.6829  0.9951  1.4109 22.5795
  4.6677  3.0749  0.9847  1.9723 26.6476
  5.3632  2.0395  0.9958  1.6797 16.1300
  5.1829  4.0775  0.9680  1.8894 37.4032
  4.8176  2.4763  0.9783  0.2070 20.4743
  5.0312  2.7619  0.9779  0.4320 23.3925
  5.0688  4.3487  0.9724  1.3113 40.3829
  5.2974  0.4899  0.9975  2.3048  2.7554
  5.5886  0.9310  0.9708  2.7041  6.0725
  4.3944  3.4943  0.9743  0.3934 31.0913
  5.9299  2.9149  0.9792  0.4653 24.9761
  4.6504  3.4869  0.9970  1.1774 31.0124
  5.7681  4.0804  0.9798  1.3174 37.4347
  5.5523  3.5197  0.9709  1.2843 31.3632
  5.1115  2.7490  0.9778  1.1891 23.2585
  3.8042  2.7423  0.9980  1.0945 23.1898
  5.9768  1.7500  0.9772  1.4056 13.3456
  5.1797  4.3626  0.9829  1.5327 40.5372
  5.1983  1.8846  0.9834  0.7807 14.6295
  5.6368  2.4654  0.9756  0.4671 20.3644
  3.7763  4.0746  0.9720  1.8652 37.3721
  5.5356  1.5844  0.9975  2.1338 11.7944
  5.1143  0.8761  0.9422  1.6561  5.6295
  5.1658  3.2255  0.9749  0.6762 28.2334
  5.0637  3.4223  0.9703  1.9680 30.3231
  5.0988  3.6071  0.9936  0.4578 32.3015
  5.6982  3.3854  0.9928  2.3716 29.9291
  5.4172  2.7598  0.9749  1.8415 23.3708
  5.1766  1.7496  0.9817  0.3805 13.3417
  5.0106  4.0285  0.9738  1.7005 36.8675
  5.0783  4.0053  0.9853  1.8017 36.6150
  5.1270  4.4029  0.9844  1.2651 40.9820
  5.3946  3.4181  0.9686  0.8213 30.2777
  5.7413  2.8757  0.9870  0.7010 24.5686
  4.7103  3.6976  0.9896  0.3806 33.2759
  5.3344  0.3487  0.9864  0.5479  1.8377
  5.3761  3.8894  0.9942  1.0322 35.3520
  5.4688  2.8504  0.9716  0.9022 24.3068
  4.0418  3.6533  0.9790  1.0118 32.7983
  4.7533  2.9610  0.9825  3.0605 25.4558
  4.4125  1.9790  0.9722  1.6195 15.5409
  4.3111  1.7481  0.9729  2.5161 13.3271
  4.4786  1.6541  0.9695  1.7801 12.4433
  4.7811  3.6940  0.9817  0.3727 33.2365
  6.5604  3.3410  0.9820  2.3678 29.4571
  5.7037  0.9036  0.9975  0.9688  5.8497
