  4.5584  2.1507  0.9946  0.6179 17.2212
  4.8238  4.0210  0.9725  1.0332 36.7859
  5.1670  1.3566  0.9717  0.8853  9.7181
  6.4594  2.1183  0.9647  1.4017 16.9015
  5.8694  1.5278  0.9777  0.8752 11.2722
  5.1017  4.0525  0.9972  0.2692 37.1298
  5.2225  2.2758  0.9744  1.5656 18.4612
  5.1524  2.2632  0.9767  2.1934 18.3352
  5.0520  1.1879  0.9780  2.0392  8.2328
  5.6141  0.5288  0.9746  2.6011  3.0228
  4.8222  3.0312  0.9710  1.9678 26.1900
  5.1264  3.4261  0.9951  0.6053 30.3636
  5.5912  1.4530  0.9670  1.4698 10.5881
  6.5232  1.1863  0.9472  1.9334  8.2183
  6.4206  3.1885  0.9845  1.1680 27.8429
  5.1876  3.6088  0.9811  1.0694 32.3200
  5.5046  1.6641  0.9722  1.7127 12.5363
  5.6280  3.7351  0.9859  1.7673 33.6803
  5.8375  2.7351  0.9971  1.0046 23.1159
  4.6928  2.9510  0.9766  2.2669 25.3520
  4.8648  2.4268  0.9709  0.1371 19.9744
  5.0174  1.5197  0.9822  0.2272 11.1971
  5.1344  2.4304  0.9745  0.9579 20.0112
  5.3832  2.7526  0.9961  1.1162 23.2959
  4.8969  4.3663  0.9978  0.9765 40.5770
  5.1465  1.7630  0.9931  1.5917 13.4685
  5.4592  3.9115  0.9783  2.6466 35.5926
  5.1484  3.6876  0.9770  0.7275 33.1682
  5.7968  2.1713  0.9905  0.5373 17.4245
  5.0926  1.0367  0.9925  1.2497  6.9447
  6.0801  1.5366  0.9827  1.4649 11.3528
  4.7255  2.9580  0.9745  0.5735 25.4255
  5.1539  1.9616  0.9758  0.1996 15.3724
  6.6038  0.9939  0.6745  2.3925  6.5885
  5.3677  3.9633  0.9678  2.3185 36.1569
  4.1455  4.3827  0.9840  0.4219 40.7591
  4.1614  2.1253  0.9882  1.2001 16.9710
  5.1448  2.6762  0.9861  1.9301 22.5107
  5.3235  1.9691  0.9913  1.8039 15.4453
  4.1982  1.4875  0.9716  2.5527 10.9026
  4.7963  2.8706  0.9828  0.2391 24.5155
  6.9079  2.1131  0.3504  2.9332 16.8508
  5.2042  2.5646  0.9852  1.1112 21.3705
  5.7778  3.4838  0.9724  1.1647 30.9793
  5.8358  1.7745  0.9725  2.0378 13.5780
  4.9054  3.6673  0.9709  1.8328 32.9489
  5.2835  3.4653  0.9975  2.5679 30.7816
  4.9881  2.9417  0.9950  0.8555 25.2550
  5.8494  2.3327  0.9853  1.2271 19.0297
  5.5172  2.9059  0.9972  2.5204 24.8824
  5.8981  0.8990  0.9940  2.7952  5.8133
  5.2049  2.3882  0.9887  0.2823 19.5857
  6.6829  4.1710  0.8365  1.1789 38.4272
  4.4195  3.0360  0.9980  2.3783 26.2401
  5.2830  1.6636  0.9805  1.0297 12.5316
  6.6419  1.0497  0.9308  0.5282  7.0531
  5.5743  3.0372  0.9960  2.1892 26.2519
  6.0798  1.2495  0.9737  0.6651  8.7700
  5.3698  2.1687  0.9780  0.7238 17.3986
  5.7798  2.2971  0.9696  1.4721 18.6735
  6.7340  1.6135  0.5710  1.5666 12.0646
  5.8141  1.6123  0.9738  1.4203 12.0531
  4.1138  1.4275  0.9721  1.1523 10.3562
  4.2938  0.9884  0.9681  1.7062  6.5424
  5.4495  1.8292  0.9945  0.8548 14.0988
  5.0189  1.6499  0.9812  0.2694 12.4033
  6.6640  3.9214  0.9662  0.8340 35.7000
  4.4086  0.7770  0.9911  2.1039  4.8492
  4.5458  3.2337  0.9828  2.2392 28.3199
  5.7566  0.6447  0.9980  0.6262  3.8510
  5.5127  2.7848  0.9882  2.1709 23.6286
  5.1862  4.4769  0.9946  0.7350 41.8006
  6.1668  0.8198  0.9980  0.1439  5.1824
  4.9164  4.0507  0.9786  1.5264 37.1104
  4.7976  2.8402  0.9932  1.0633 24.2014
  5.5656  2.9451  0.9749  0.4471 25.2906
  5.0836  2.1475  0.9723  2.6429 17.1892
  5.4183  1.1678  0.9714  0.7900  8.0591
  4.5867  2.5773  0.9964  1.3152 21.5003
  4.6567  1.3472  0.9857  2.3448  9.6342
  4.8470  4.2321  0.9683  1.1822 39.0989
  5.3294  2.4987  0.9889  0.1773 20.7015
  5.1878  2.0440  0.9783  0.5203 16.1742
  6.3054  1.4740  0.9763  0.1257 10.7790
  5.1791  3.8120  0.9862  0.7795 34.5122
  5.8793  1.7036  0.9960  1.5434 12.9077
  6.2611  1.7043  0.9980  1.2581 12.9143
  5.2309  3.0791  0.9697  0.6096 26.6914
  4.9232  1.8017  0.9831  1.0574 13.8359
  5.1991  2.2214  0.9858  1.1602 17.9202
  5.3224  2.4008  0.9795  0.2325 19.7132
  4.7684  2.5047  0.9900  1.4379 20.7624
  3.7592  3.1185  0.9924  1.0436 27.1055
  4.9102  2.4872  0.9938  0.5013 20.5853
  5.5265  2.6443  0.9685  0.5817 22.1842
  6.5915  0.5933  0.8954  0.8349  3.4775
  5.8835  0.8042  0.9966  1.6852  5.0601
  4.9039  3.0985  0.9909  0.8349 26.8950
  5.0863  2.4000  0.9915  2.2692 19.7047
  5.2757  3.8422  0.9913  2.0002 34.8404
  4.1100  0.8822  0.9728  0.6718  5.6783
  3.6088  2.3009  0.9853  0.2858 18.7116
  6.5990  3.2257  0.7953  1.7176 28.2350
  5.2966  4.2380  0.9704  2.3319 39.1632
  5.5148  3.3513  0.9848  0.5661 29.5661
  6.2842  3.1674  0.9872  1.1835 27.6201
  5.0924  1.3116  0.9754  1.5963  9.3176
  4.7227  2.6605  0.9980  1.4149 22.3504
  5.0184  0.9074  0.9898  0.9347  5.8809
  5.2054  3.3466  0.9799  0.8666 29.5162
  5.1359  4.3853  0.9750  1.6856 40.7879
  5.0810  0.3786  0.9763  2.6036  2.0249
  5.7083  3.4252  0.9866  0.5433 30.3540
  4.9504  3.0645  0.9789  0.7631 26.5382
  5.3687  1.1249  0.9857  2.6111  7.6905
  5.0052  3.0703  0.9964  2.0204 26.5991
  5.5013  2.7162  0.9954  0.7106 22.9212
  5.2149  2.8804  0.9696  1.4648 24.6181
  5.6497  3.4150  0.9943  0.1760 30.2448
  3.7559  1.3272  0.9673  0.9808  9.4560
  5.1390  2.3317  0.9797  1.1087 19.0196
  5.1589  3.6879  0.9849  1.1613 33.1712
  5.1008  3.3308  0.9887  0.6295 29.3491
  4.6842  2.0204  0.9864  2.9879 15.9437
  5.2842  3.3849  0.9885  2.4980 29.9242
  4.8225  4.2148  0.9861  1.9890 38.9091
  6.3098  4.0644  0.9872  0.9307 37.2601
  5.8434  2.2183  0.9964  0.6618 17.8892
  5.4300  1.4953  0.9865  0.7161 10.9738
  4.3116  1.9872  0.9795  0.6721 15.6203
  5.5010  3.8427  0.9841  1.4577 34.8455
  5.5482  0.2611  0.9909  0.6161  1.3140
  5.5221  3.1494  0.9824  0.4595 27.4307
  4.5031  1.5402  0.9765  1.2185 11.3858
  4.9526  3.7891  0.9702  0.1571 34.2647
  6.5634  3.1340  0.8908  2.1516 27.2682
  5.4367  2.7752  0.9788  0.5661 23.5295
  5.5219  4.2581  0.9736  1.5531 39.3853
  5.3079  3.7316  0.9980  0.5071 33.6426
  4.4861  3.0784  0.9795  2.1273 26.6837
  4.5931  1.9737  0.9970  0.4276 15.4901
  3.8509  3.1886  0.9685  1.2935 27.8431
  4.8054  2.8667  0.9952  1.8712 24.4760
  6.4545  2.3885  0.9430  2.3873 19.5888
  6.6351  0.8352  0.8248  0.5006  5.3040
  5.1693  2.9367  0.9980  1.0458 25.2032
  4.1314  3.1321  0.9859  0.1636 27.2480
  4.4874  4.4487  0.9667  1.8428 41.4884
  5.7776  1.4602  0.9785  2.6398 10.6537
  4.6681  3.7290  0.9699  1.0884 33.6147
  5.6552  0.5034  0.9701  1.0000  2.8474
  5.4771  3.1363  0.9944  2.3944 27.2920
  4.3280  3.0768  0.9886  1.0155 26.6673
  5.1823  3.4898  0.9936  0.8204 31.0440
  4.4825  3.9465  0.9804  1.6516 35.9738
  5.2507  0.9569  0.9980  0.3555  6.2839
  5.4493  2.6405  0.9793  0.8458 22.1452
  5.9748  2.6045  0.9692  0.2633 21.7774
  4.8957  1.2536  0.9689  0.8523  8.8059
  4.9942  3.1500  0.9757  0.8687 27.4365
  5.4129  2.9433  0.9926  1.3879 25.2717
  4.1282  3.2902  0.9954  1.2192 28.9177
  5.1233  1.8123  0.9869  2.0459 13.9377
  6.1884  1.5047  0.9840  2.0603 11.0597
  5.2965  0.5183  0.9778  0.7906  2.9502
  4.9837  3.9287  0.9887  0.2530 35.7798
  5.5841  2.9306  0.9893  2.0646 25.1400
  4.7411  1.7160  0.9970  0.3639 13.0243
  6.3362  1.2436  0.9834  0.8544  8.7177
  5.3767  1.9149  0.9905  2.4951 14.9207
  4.8409  1.9423  0.9792  1.0970 15.1855
  5.6583  1.8463  0.9840  2.3817 14.2617
  4.3600  1.6055  0.9752  2.6052 11.9898
  5.3252  4.1700  0.9689  1.6635 38.4169
  5.2009  2.0995  0.9802  1.1818 16.7177
  5.6896  2.3650  0.9891  1.9899 19.3532
  5.0910  3.0820  0.9750  0.8918 26.7223
  4.8033  3.8861  0.9960  1.4317 35.3166
  4.0762  3.6391  0.9847  1.6147 32.6449
  5.1736  1.4569  0.9676  0.6001 10.6232
  6.9226  2.6210  0.9425  0.6349 21.9459
  4.6590  3.3947  0.9677  1.7586 30.0283
  6.8110  2.6791  0.4160  2.1037 22.5401
  5.3396  1.3397  0.9850  2.0265  9.5672
  6.1062  2.7429  0.9893  0.3844 23.1959
  5.4300  3.0077  0.9682  2.2474 25.9439
  6.0814  4.3161  0.9785  2.8115 40.0231
  4.9880  1.5454  0.9750  1.2807 11.4340
  4.1053  3.0526  0.9688  1.3288 26.4134
  5.0261  1.4486  0.9980  1.0923 10.5476
  5.3484  2.0941  0.9939  0.9918 16.6642
  5.1454  2.6585  0.9875  0.4102 22.3295
  5.5341  2.7062  0.9845  0.7920 22.8185
  5.5630  1.7299  0.9773  0.8003 13.1551
  6.1230  1.6013  0.9708  2.7427 11.9505
  5.9096  2.9965  0.9822  1.2590 25.8270
  5.5793  1.2624  0.9829  0.9805  8.8825
  5.5727  3.8696  0.9674  1.0497 35.1370
  5.3656  1.4742  0.9881  1.0563 10.7809
  4.7769  2.8744  0.9743  0.9697 24.5550
  5.3780  2.4148  0.9782  0.4990 19.8535
  6.3498  0.5123  0.9972  1.1371  2.9089
  4.7715  4.2520  0.9839  2.6209 39.3174
  5.8108  2.0673  0.9681  1.9091 16.4012
  5.7338  4.0009  0.9747  0.1926 36.5667
  4.7860  3.0329  0.9765  0.7348 26.2072
  3.8564  1.7922  0.9722  1.1876 13.7463
  4.8522  4.0033  0.9735  0.7078 36.5929
  5.8502  1.3911  0.9837  0.9713 10.0282
  4.9619  2.7338  0.9875  1.3493 23.1030
  5.5257  2.2267  0.9782  0.7574 17.9729
  5.1076  3.8917  0.9752  2.3384 35.3772
  5.2204  2.8498  0.9895  1.1098 24.3001
  5.1715  1.7848  0.9935  0.5348 13.6758
  5.1836  2.8329  0.9939  0.8110 24.1254
  4.8659  1.1003  0.9869  0.8577  7.4809
  4.8033  2.6790  0.9675  1.6296 22.5396
  5.3823  3.5434  0.9848  0.2632 31.6178
  5.2600  3.7894  0.9705  2.5282 34.2680
  5.0095  1.7004  0.9670  1.3478 12.8775
  5.0277  2.9758  0.9740  0.9659 25.6105
  5.9766  1.9780  0.9828  1.2080 15.5318
  5.5354  2.3342  0.9783  1.5208 19.0448
  4.9063  0.7474  0.9953  0.1778  4.6209
  5.4182  4.3318  0.9855  1.4278 40.1968
  3.7878  1.0020  0.9854  1.1115  6.6556
  5.3227  2.7036  0.9975  2.1858 22.7918
  5.6003  4.3659  0.9873  0.7678 40.5732
  5.7020  2.3356  0.9908  0.8316 19.0580
  6.5924  2.1711  0.8919  1.0196 17.4227
  5.0636  2.8816  0.9816  0.9089 24.6301
  5.3199  1.1678  0.9867  0.9692  8.0587
  5.5329  3.3285  0.9834  1.1456 29.3240
  4.1904  4.0500  0.9850  1.9386 37.1027
  5.4731  1.4611  0.9679  0.8141 10.6616
  5.8320  1.9492  0.9778  1.6377 15.2519
  5.3594  3.3325  0.9904  2.0012 29.3671
  5.0399  2.7790  0.9781  2.4552 23.5686
  5.0192  1.9346  0.9858  1.2679 15.1112
  5.5804  3.6545  0.9898  2.0955 32.8112
  6.6998  2.3562  0.6315  0.8169 19.2644
  4.2598  3.1332  0.9947  0.5927 27.2602
  5.4444  1.9653  0.9980  1.6740 15.4081
  6.0744  2.0003  0.9840  1.5727 15.7484
  4.2351  1.3592  0.9945  0.4603  9.7415
  4.2577  0.7668  0.9671  1.4753  4.7705
  5.2255  0.9097  0.9963  0.6382  5.8996
  5.3712  1.9980  0.9817  2.1168 15.7257
  5.1443  1.1317  0.9804  0.6542  7.7484
  5.4007  1.6058  0.9819  0.8611 11.9930
  5.6471  1.2042  0.9940  0.9030  8.3739
  5.2537  3.4586  0.9816  1.8465 30.7105
  6.4097  2.9732  0.9464  1.5215 25.5837
  4.3158  1.6016  0.9807  0.0402 11.9537
  4.7078  2.6010  0.9980  2.3681 21.7412
  4.8795  2.7444  0.9670  2.2244 23.2116
  3.8878  1.9871  0.9874  0.3734 15.6200
  5.7106  4.0272  0.9808  0.9719 36.8540
  3.6560  3.2581  0.9673  1.0218 28.5776
  5.3803  3.7047  0.9974  1.4743 33.3526
  5.6488  1.5847  0.9959  1.6364 11.7965
  4.3539  4.0860  0.9742  2.6766 37.4963
  5.5026  4.2723  0.9880  0.2334 39.5410
  3.9474  1.4473  0.9788  0.0768 10.5363
  5.1115  4.4531  0.9801  1.8389 41.5374
  4.5755  2.2994  0.9723  0.0606 18.6966
  5.4154  1.0827  0.9721  0.9262  7.3318
  6.0326  2.1538  0.9849  0.5542 17.2515
  5.6434  3.2104  0.9912  0.7141 28.0733
  5.2537  4.0481  0.9880  0.8895 37.0823
  5.6801  2.0957  0.9940  1.5524 16.6801
  4.6979  1.8096  0.9854  1.0264 13.9120
  5.5432  3.5365  0.9789  1.1772 31.5437
  5.5020  2.1037  0.9881  1.3536 16.7587
  5.3542  4.0962  0.9862  2.0983 37.6084
  3.8020  2.4881  0.9805  0.0598 20.5937
  6.4936  2.3253  0.9439  1.8022 18.9558
  4.9969  2.7824  0.9801  1.1407 23.6034
  6.5355  1.7651  0.9798  1.2129 13.4882
  5.4407  4.1164  0.9790  2.1516 37.8291
  5.4727  3.3361  0.9740  0.5477 29.4048
  4.7482  1.5176  0.9900  0.6156 11.1783
  5.9518  1.9710  0.9857  0.8065 15.4639
  4.8259  4.1012  0.9736  1.3084 37.6621
  5.7449  4.0999  0.9677  1.8495 37.6488
  6.6647  2.9431  0.6491  0.7805 25.2701
  5.8800  1.6502  0.9980  0.4626 12.4067
  5.6105  1.2470  0.9689  0.7004  8.7475
  4.5054  0.8637  0.9952  1.8709  5.5303
  5.5764  2.5525  0.9980  2.5782 21.2479
  4.7261  3.5019  0.9899  1.6234 31.1732
  5.9807  1.3147  0.9973  3.0492  9.3455
  4.9823  4.0141  0.9756  0.7136 36.7108
  5.4615  3.0233  0.9934  0.3861 26.1068
  3.8995  1.2198  0.9805  1.3048  8.5096
  5.2047  2.2626  0.9745  1.1831 18.3296
  4.8042  1.6047  0.9895  0.8101 11.9823
  3.7340  0.6484  0.9725  1.9917  3.8776
  4.8686  2.7082  0.9758  1.7456 22.8398
  5.1814  4.3024  0.9865  1.3525 39.8726
  5.2745  1.6168  0.9809  2.5470 12.0948
  5.3892  1.4443  0.9778  2.0976 10.5088
  4.7480  2.9727  0.9938  1.0924 25.5778
  4.5715  2.6737  0.9863  2.4295 22.4856
  4.9078  2.6371  0.9731  0.7206 22.1108
  5.9531  0.9407  0.9970  0.5853  6.1513
  5.3233  4.2854  0.9974  2.2655 39.6850
  5.3039  1.0093  0.9921  0.4175  6.7155
  5.0430  2.0044  0.9937  2.1050 15.7876
  6.0320  1.6006  0.9690  1.0071 11.9447
  5.2837  4.4905  0.9973  1.8529 41.9513
  5.1751  1.3649  0.9833  0.8580  9.7926
  4.8639  3.2466  0.9862  0.5518 28.4563
  4.5428  2.5960  0.9681  1.7053 21.6906
  6.9025  1.1636  0.5762  1.4121  8.0228
  5.8857  1.7609  0.9754  1.9541 13.4484
  4.7051  1.4890  0.9696  1.0028 10.9160
  5.3261  3.1054  0.9864  2.8530 26.9671
  6.0907  1.3629  0.9714  1.0364  9.7749
  6.1364  0.8868  0.9713  1.4739  5.7152
  5.5099  1.3986  0.9873  1.9030 10.0953
  6.2614  0.9271  0.9890  1.5855  6.0400
  5.0723  1.8395  0.9944  2.6033 14.1974
  4.1388  4.1463  0.9710  2.7273 38.1572
  4.7728  2.4948  0.9800  2.1056 20.6619
  5.0064  3.3110  0.9840  1.7759 29.1389
  5.4719  1.2822  0.9757  0.7895  9.0573
  4.9625  1.2148  0.9832  1.9674  8.4667
  5.0092  1.4546  0.9826  1.3133 10.6024
  5.4772  3.1622  0.9922  0.6882 27.5652
  6.5293  0.6266  0.9442  1.4245  3.7183
  5.3598  2.0273  0.9902  1.3666 16.0112
  5.9873  3.4876  0.9706  0.9646 31.0198
  5.4537  2.1197  0.9749  1.7466 16.9158
  5.2641  2.0526  0.9895  0.9302 16.2580
  5.2347  3.8103  0.9702  2.4748 34.4938
  6.6650  1.8040  0.7655  0.6637 13.8578
  4.7873  1.7916  0.9681  1.9421 13.7404
  5.6459  2.8821  0.9743  0.6337 24.6358
  5.1844  4.0759  0.9714  0.7866 37.3855
  6.1177  1.8296  0.9857  0.3234 14.1022
  5.8169  2.4654  0.9906  1.0301 20.3649
  5.8034  4.1751  0.9976  0.7922 38.4726
  5.2339  0.6526  0.9728  1.1357  3.9085
  4.9962  3.9163  0.9679  0.7643 35.6449
  5.5423  2.8821  0.9845  1.2663 24.6356
  5.2910  2.2440  0.9923  2.6667 18.1445
  4.7244  2.6601  0.9809  0.7654 22.3457
  5.3894  1.3478  0.9669  0.5477  9.6398
  6.0347  3.2970  0.9933  2.8255 28.9903
  5.4684  3.9413  0.9900  1.8085 35.9164
  5.1751  0.9881  0.9931  1.3107  6.5402
  5.5667  2.3931  0.9918  2.6262 19.6350
  5.7648  0.7952  0.9808  0.1284  4.9900
  5.1420  3.0351  0.9801  1.8377 26.2300
  6.4190  0.9939  0.9910  0.4875  6.5878
  3.9613  3.1573  0.9788  1.3532 27.5133
  6.7291  0.9426  0.7046  0.3214  6.1664
  5.8258  0.5300  0.9689  1.3292  3.0306
  5.7967  3.9884  0.9919  2.1394 36.4300
  5.3051  3.2526  0.9933  1.3220 28.5195
  4.7415  2.2452  0.9948  1.4707 18.1570
  6.3385  1.8236  0.9782  0.8044 14.0447
  5.2484  1.7630  0.9815  2.6144 13.4686
  4.8744  2.2893  0.9789  1.7712 18.5955
  6.8542  3.3768  0.6564  1.6383 29.8373
  5.2581  3.6807  0.9798  1.1849 33.0932
  5.2296  2.7061  0.9840  1.9339 22.8181
  5.5268  4.3456  0.9980  2.2515 40.3486
  5.3638  2.5617  0.9705  0.8330 21.3413
  4.9791  4.2881  0.9848  2.4421 39.7149
  5.8055  1.6820  0.9918  0.3268 12.7041
  5.1438  2.9831  0.9824  0.5851 25.6864
  5.5696  0.6621  0.9817  1.6870  3.9789
  4.8883  4.1694  0.9907  1.5613 38.4105
  5.3799  2.7577  0.9933  2.1722 23.3489
  5.3316  1.6600  0.9827  1.2763 12.4986
  5.0287  3.4961  0.9690  0.6273 31.1113
  4.7665  1.9295  0.9945  1.4851 15.0623
  4.7939  4.4309  0.9860  1.1653 41.2919
  5.7780  2.9254  0.9734  1.3906 25.0851
  5.3360  1.1450  0.9916  1.6026  7.8622
  6.6094  1.4261  0.5994  1.1391 10.3444
  5.1588  1.2420  0.9974  0.7028  8.7041
  4.6733  3.5369  0.9733  1.3924 31.5475
  4.7696  1.7044  0.9766  3.0373 12.9147
  5.3130  1.5994  0.9918  0.8236 11.9336
  4.5950  0.8885  0.9879  0.9512  5.7284
  4.4020  3.0946  0.9893  1.1252 26.8538
  4.9393  1.4580  0.9730  0.7586 10.6338
  3.6273  2.7295  0.9751  1.6632 23.0585
  4.6917  1.7188  0.9967  2.1667 13.0503
  4.7588  3.6178  0.9809  1.7137 32.4166
  5.2566  3.0548  0.9776  0.7471 26.4368
  6.9712  2.3432  0.5579  0.7003 19.1347
  5.2669  1.7673  0.9919  0.2111 13.5091
  4.5752  2.8987  0.9740  1.6188 24.8073
  5.4820  2.2084  0.9701  2.7496 17.7918
  5.0735  3.6683  0.9957  1.2125 32.9599
  4.9791  2.6928  0.9980  0.6520 22.6816
  6.3137  0.6988  0.9752  1.8981  4.2522
  5.5147  2.8412  0.9678  0.3131 24.2109
  5.6523  1.4351  0.9933  2.4795 10.4253
  3.7666  2.7494  0.9961  1.1162 23.2635
  5.5363  3.7000  0.9705  1.9749 33.3014
  5.3021  3.3426  0.9816  2.1878 29.4737
  5.5232  3.0319  0.9935  2.2355 26.1966
  5.7059  0.6082  0.9698  0.4374  3.5851
  5.2553  2.5735  0.9827  0.5792 21.4618
  5.0041  3.3439  0.9859  0.9922 29.4875
  4.7160  2.7832  0.9768  0.5060 23.6117
  5.1347  3.8116  0.9913  2.1579 34.5078
  4.0894  1.6894  0.9751  1.9423 12.7740
  5.8021  1.6535  0.9946  0.8457 12.4372
  5.2501  2.7736  0.9741  1.9157 23.5122
  4.7553  0.5017  0.9877  1.9622  2.8359
  4.1220  0.6756  0.9740  2.0772  4.0791
  5.2489  1.1172  0.9928  2.8688  7.6248
  4.5210  4.4176  0.9793  2.4331 41.1449
  5.0886  2.0518  0.9768  2.6425 16.2500
  5.0134  1.3834  0.9980  2.5876  9.9586
  5.5942  1.8946  0.9889  1.7887 14.7260
  6.9143  1.1798  0.5409  0.7957  8.1628
  4.9170  4.2442  0.9970  2.1628 39.2316
  4.7571  2.0253  0.9851  1.7202 15.9910
  5.5746  2.5697  0.9980  0.8117 21.4224
  4.8358  1.8269  0.9825  1.0150 14.0763
  5.4554  1.6943  0.9834  1.9936 12.8197
  4.0468  0.7984  0.9682  2.1735  5.0152
  3.9487  1.7337  0.9797  1.4841 13.1913
  5.8978  0.9979  0.9917  1.3250  6.6215
  5.1685  2.0085  0.9879  0.4868 15.8282
  6.7445  1.5043  0.9740  1.8718 11.0558
  5.6803  2.5945  0.9980  0.4030 21.6756
  5.2127  1.7359  0.9895  0.8916 13.2126
  5.3678  4.0660  0.9961  1.8802 37.2780
  5.3489  2.7651  0.9980  0.7066 23.4246
  5.9369  1.9068  0.9838  0.1095 14.8430
  5.0397  3.1284  0.9744  0.0913 27.2097
  5.2362  2.8740  0.9675  1.0344 24.5509
  5.1149  3.6633  0.9815  1.5096 32.9060
  5.9304  2.3117  0.9830  1.1593 18.8192
  4.5739  3.6901  0.9919  1.9574 33.1944
  4.8699  2.2412  0.9812  2.0965 18.1167
  5.3364  1.8481  0.9980  0.0914 14.2793
  5.1332  1.8588  0.9980  1.8724 14.3816
  5.6913  0.6534  0.9980  0.8100  3.9149
  6.5918  3.2720  0.8166  1.1721 28.7255
  4.5227  2.7920  0.9980  1.0535 23.7027
  5.2431  2.7241  0.9850  1.4263 23.0028
  4.4980  2.9356  0.9714  0.8795 25.1920
  5.6591  3.2421  0.9858  1.9484 28.4086
  4.8517  1.3128  0.9958  2.2948  9.3282
  5.2408  4.4382  0.9938  2.5345 41.3723
  5.8274  2.2307  0.9838  1.5719 18.0123
  5.6081  2.4882  0.9728  1.4887 20.5947
  4.1763  3.3212  0.9938  0.4868 29.2472
  5.6534  0.8666  0.9892  1.9338  5.5536
  6.7235  3.3676  0.9258  0.7244 29.7398
  4.9693  2.0771  0.9712  0.9203 16.4978
  5.3489  3.8741  0.9872  2.5594 35.1865
  5.5029  2.7854  0.9764  1.9569 23.6343
  5.9543  1.4591  0.9826  1.9989 10.6435
  4.7208  4.0439  0.9945  0.9252 37.0360
  4.9114  3.1075  0.9847  1.4843 26.9892
  5.0539  4.1187  0.9793  1.7436 37.8542
  5.9897  2.2574  0.9701  2.1246 18.2781
  5.2828  4.1391  0.9752  1.3265 38.0778
  5.5271  3.7087  0.9889  0.1998 33.3950
  6.8104  2.9507  0.4324  2.4358 25.3491
  6.4440  0.7640  0.9822  1.9055  4.7486
  4.1801  1.3037  0.9689  0.9396  9.2472
  5.5900  3.5543  0.9896  1.0904 31.7345
  6.0394  2.9169  0.9752  1.6572 24.9966
  4.9377  1.8754  0.9780  2.1114 14.5414
  5.4523  3.9880  0.9916  0.6815 36.4255
  5.6249  3.7363  0.9727  2.7021 33.6937
  5.7098  1.7881  0.9737  1.5743 13.7072
  5.2005  1.5353  0.9980  2.0648 11.3403
  5.2075  1.4458  0.9746  0.9807 10.5223
  4.7768  2.9172  0.9689  0.9802 25.0000
  4.4349  2.2825  0.9742  1.3909 18.5278
  5.5594  0.8076  0.9811  1.1057  5.0869
  4.9672  1.3217  0.9806  1.1077  9.4069
  5.2458  2.0308  0.9906  1.3218 16.0454
  5.2124  1.7870  0.9770  1.0573 13.6960
  6.3235  1.8003  0.9944  0.6850 13.8226
  6.4507  1.4007  0.9319  1.9930 10.1146
  5.3031  3.7072  0.9980  1.8069 33.3794
  5.1942  4.1714  0.9881  1.0975 38.4319
  5.2798  3.3871  0.9874  1.6505 29.9480
  5.1871  3.0766  0.9932  1.4841 26.6648
  5.5775  2.4199  0.9943  1.7763 19.9056
  5.7575  2.7185  0.9727  2.8245 22.9452
  5.2384  1.5922  0.9803  2.9729 11.8666
  5.1244  2.4629  0.9838  1.9493 20.3388
  6.0009  1.5818  0.9835  0.2969 11.7703
  4.7907  3.1116  0.9740  0.9595 27.0327
  5.5744  2.7270  0.9697  2.0436 23.0330
  4.9814  4.3973  0.9813  0.6942 40.9198
  5.8682  1.7766  0.9904  2.4224 13.5972
  5.2183  2.0533  0.9671  1.4042 16.2650
  5.2094  2.1828  0.9762  1.6734 17.5381
  6.0242  1.9466  0.9938  2.6328 15.2269
  5.3494  3.1721  0.9932  1.3464 27.6695
  5.7496  2.4088  0.9672  0.1966 19.7938
  5.3556  3.8829  0.9888  0.1167 35.2820
  5.6585  2.4302  0.9907  2.1507 20.0090
  4.9474  3.6745  0.9898  0.7921 33.0270
  4.7255  3.6735  0.9937  0.1587 33.0160
  5.7048  1.8996  0.9712  1.0557 14.7738
  6.0321  1.8726  0.9875  0.6953 14.5138
  5.3091  2.2844  0.9814  0.3511 18.5472
  5.2539  3.7255  0.9951  0.9082 33.5765
  4.9656  2.7808  0.9974  1.0021 23.5871
  5.4063  2.6767  0.9899  0.9416 22.5158
  4.7173  2.2496  0.9923  2.5111 18.2003
  3.6340  0.6993  0.9755  0.1519  4.2565
  5.1847  2.9267  0.9944  2.9867 25.0987
  5.3931  0.2111  0.9737  0.5472  1.0320
  5.5884  2.8780  0.9980  0.6460 24.5930
  5.5837  0.6445  0.9717  2.1994  3.8495
  5.2064  1.8228  0.9770  2.1539 14.0371
  5.5728  2.2373  0.9980  0.2454 18.0780
  5.9620  3.6177  0.9977  1.4017 32.4157
  4.4346  2.2439  0.9786  1.6033 18.1433
  4.9081  2.6938  0.9931  1.4403 22.6915
  5.7096  1.2663  0.9741  0.5624  8.9170
  5.2601  2.6507  0.9759  0.6144 22.2492
  5.2031  2.8310  0.9845  0.3732 24.1060
  5.4151  3.2820  0.9729  2.2822 28.8316
  5.1833  1.7534  0.9812  1.0374 13.3774
  6.8657  1.6007  0.5084  2.2994 11.9449
  6.3239  1.2235  0.9916  0.1584  8.5420
  4.5675  2.5832  0.9947  2.2923 21.5599
  5.1420  1.1015  0.9791  0.5858  7.4907
  5.5980  1.3344  0.9725  0.8894  9.5199
  5.1347  2.9275  0.9970  2.5536 25.1074
  6.6623  2.9039  0.9023  1.0100 24.8616
  5.6425  1.8357  0.9724  1.0286 14.1606
  5.7010  3.2366  0.9913  1.6519 28.3504
  5.2119  1.4054  0.9885  1.0367 10.1566
  4.4660  2.4207  0.9684  2.6832 19.9131
  5.4583  3.3026  0.9827  1.8077 29.0492
  5.4562  1.1942  0.9922  0.5824  8.2872
  4.9250  0.5348  0.9835  2.3358  3.0645
  5.7613  3.7918  0.9940  0.9779 34.2936
  4.8355  4.3700  0.9980  1.0974 40.6181
  3.6882  4.4244  0.9699  0.6354 41.2193
  5.3686  3.5707  0.9749  0.2180 31.9104
  5.0482  0.9151  0.9833  2.6570  5.9433
  5.1464  3.6816  0.9847  1.6766 33.1033
  5.6332  1.6149  0.9885  0.1230 12.0775
  4.8706  2.7269  0.9717  1.2792 23.0312
  5.1882  1.8200  0.9820  0.3735 14.0103
  5.1181  0.9747  0.9706  0.3991  6.4296
  5.2488  3.1006  0.9924  1.2102 26.9174
  5.0878  2.4577  0.9699  1.4835 20.2865
  5.1698  2.5768  0.9980  1.9013 21.4946
  5.6497  3.5554  0.9859  0.3361 31.7461
  6.0183  2.0036  0.9721  1.4894 15.7801
  5.2903  1.5939  0.9762  1.5062 11.8824
  6.0076  2.4490  0.9677  0.1563 20.1989
  6.1270  0.6900  0.9970  1.5018  4.1869
  4.5104  2.6759  0.9938  1.8466 22.5082
  5.7915  1.3069  0.9706  0.2800  9.2757
  5.9628  4.2745  0.9852  2.3536 39.5658
  5.3477  2.0094  0.9714  1.4251 15.8361
  6.1854  3.3039  0.9779  0.8322 29.0631
  5.2028  2.4952  0.9980  2.5030 20.6656
  5.6510  2.8128  0.9941  0.1938 23.9179
  4.4638  2.3910  0.9715  1.2158 19.6141
  5.2750  2.1422  0.9980  0.4753 17.1373
  5.3032  2.5149  0.9753  2.0066 20.8654
  4.8625  2.0929  0.9936  2.7232 16.6526
  5.2506  2.0351  0.9751  1.5047 16.0872
  6.0874  2.7284  0.9766  1.6208 23.0467
  6.3688  0.8095  0.9797  0.3755  5.1017
  5.1574  2.4937  0.9806  1.5128 20.6512
  5.0287  0.7191  0.9707  0.3920  4.4058
  5.4219  3.0881  0.9852  1.9359 26.7855
  5.2840  2.0089  0.9724  1.6499 15.8320
  5.2062  3.9197  0.9808  2.0738 35.6814
  4.4403  2.0915  0.9696  1.5915 16.6391
  4.7570  0.9259  0.9855  1.4129  6.0308
  5.3464  2.1706  0.9714  2.3452 17.4170
  4.9087  3.9876  0.9688  1.3023 36.4215
  4.5223  1.1623  0.9936  0.2217  8.0116
  4.4529  1.5334  0.9889  1.3396 11.3234
  6.0929  3.9793  0.9880  0.3046 36.3313
  5.1420  2.9896  0.9888  2.2653 25.7551
  5.6220  3.5769  0.9859  1.0206 31.9766
  5.8635  2.3854  0.9684  0.3586 19.5577
  5.9480  2.6485  0.9956  0.3604 22.2268
  6.2988  3.3940  0.9980  1.5344 30.0206
  4.7159  1.7788  0.9928  1.2358 13.6184
  5.3012  4.2272  0.9786  0.5549 39.0453
  5.5512  3.8572  0.9810  1.8777 35.0028
  5.3818  3.9297  0.9716  2.0128 35.7902
  5.7849  3.7058  0.9709  1.4909 33.3642
  5.9387  0.4122  0.9913  0.3009  2.2398
  4.7909  2.8655  0.9980  1.9291 24.4635
  5.5069  3.7730  0.9946  2.5527 34.0904
  5.4634  2.9139  0.9854  1.1254 24.9659
  4.8820  2.1723  0.9921  1.2641 17.4343
  4.0784  2.3219  0.9969  1.7892 18.9211
  5.5531  2.9812  0.9933  1.3484 25.6669
  5.2914  3.1691  0.9976  0.8215 27.6377
  4.3357  4.4735  0.9671  1.4721 41.7629
  5.6115  1.7915  0.9772  0.4983 13.7395
  4.8983  3.2294  0.9980  1.0915 28.2745
  5.8562  2.4597  0.9815  2.0990 20.3069
  4.6201  1.5725  0.9798  0.3558 11.6836
  5.1462  2.1077  0.9727  1.3927 16.7980
  5.8703  1.9409  0.9729  2.3726 15.1721
  5.7762  2.5606  0.9743  1.4717 21.3304
  6.0681  3.1316  0.9807  0.7898 27.2430
  6.3171  1.9619  0.9789  0.6071 15.3749
  3.8007  4.2885  0.9905  2.3560 39.7193
  5.4871  1.8620  0.9942  2.3243 14.4126
  6.4213  0.8780  0.9284  0.2911  5.6447
  5.0262  1.1984  0.9922  2.0874  8.3235
  4.2876  2.2759  0.9766  2.1797 18.4623
  5.4786  1.1928  0.9743  0.2039  8.2754
  5.3229  2.0811  0.9857  2.1799 16.5370
  4.7592  0.4497  0.9724  1.7652  2.4858
  5.0512  3.6319  0.9713  0.4787 32.5678
  5.9097  4.2985  0.9925  1.8505 39.8296
  5.0217  3.3500  0.9810  2.2513 29.5527
  5.4505  3.9902  0.9667  0.1998 36.4499
  4.9322  2.0213  0.9773  2.3842 15.9523
  4.5527  1.4886  0.9870  2.8823 10.9128
  6.1295  3.5868  0.9971  1.0262 32.0829
  4.9613  2.1446  0.9715  0.8489 17.1605
  5.4404  4.0827  0.9953  2.4813 37.4598
  5.9029  1.9066  0.9761  1.0691 14.8410
  5.2731  0.7218  0.9678  1.0072  4.4258
  4.0829  1.0207  0.9730  0.5359  6.8109
  4.3871  3.8636  0.9774  2.2765 35.0720
  3.8746  2.1734  0.9817  2.5440 17.4454
  4.7676  0.6582  0.9884  2.7523  3.9498
  5.2292  0.6274  0.9961  1.0325  3.7241
  5.4701  1.3359  0.9674  1.6259  9.5339
  5.2154  2.3252  0.9838  0.8120 18.9541
  5.5293  3.0588  0.9711  2.2079 26.4791
  5.1254  1.8523  0.9910  1.4894 14.3194
  5.7038  0.9100  0.9794  2.4214  5.9017
  5.2895  3.9895  0.9881  1.7577 36.4427
  5.1561  2.1460  0.9698  1.2680 17.1743
  6.4400  2.1224  0.9558  1.0161 16.9423
  5.1260  1.5402  0.9891  1.9012 11.3860
  6.0469  3.4879  0.9710  0.4186 31.0227
  5.5715  0.5685  0.9911  1.0635  3.3013
  4.8726  3.4587  0.9939  1.6511 30.7108
  5.0156  3.1229  0.9770  2.6909 27.1512
  5.5223  4.4695  0.9689  1.4535 41.7189
  4.4107  3.4533  0.9816  1.5141 30.6535
  6.5450  4.0032  0.7766  1.0983 36.5913
  3.6486  2.9473  0.9938  1.4556 25.3132
  4.7314  2.8385  0.9777  0.6171 24.1832
  4.1052  3.1741  0.9937  0.3391 27.6907
  5.2907  3.0036  0.9819  0.8276 25.9007
  5.1899  2.6926  0.9881  1.1952 22.6791
  4.8711  1.9264  0.9781  2.0381 15.0320
  5.1788  1.9686  0.9777  1.2152 15.4404
  4.7470  2.4280  0.9966  0.1405 19.9864
  5.3136  1.2747  0.9784  1.5765  8.9913
  5.2360  1.9045  0.9743  0.2432 14.8204
  5.0174  4.2513  0.9676  1.4153 39.3100
  5.6519  2.0848  0.9820  0.9929 16.5733
  4.0508  4.0798  0.9941  1.5917 37.4279
  4.8823  4.0889  0.9901  1.6176 37.5275
  5.4653  4.0193  0.9867  1.1497 36.7675
  4.1331  1.2005  0.9701  1.2597  8.3416
  6.3592  2.0553  0.9905  2.0919 16.2842
  5.4289  1.4300  0.9756  0.4212 10.3791
  5.1031  0.8618  0.9863  2.0047  5.5153
  5.3426  1.9219  0.9835  1.2120 14.9886
  6.2517  4.3130  0.9708  1.5229 39.9891
  5.5572  1.7018  0.9830  1.8826 12.8901
  6.1138  1.0922  0.9722  1.2098  7.4119
  6.0898  4.2217  0.9854  1.3297 38.9847
  5.4981  2.1400  0.9828  1.4220 17.1159
  5.5732  3.2297  0.9902  0.3507 28.2772
  5.7878  3.3090  0.9697  1.5775 29.1169
  5.5449  3.8946  0.9899  1.4821 35.4095
  5.8976  2.0153  0.9832  2.0311 15.8936
  4.8500  2.7168  0.9830  1.5896 22.9272
  5.3550  1.7390  0.9884  1.8887 13.2415
  4.6995  3.5946  0.9846  0.5419 32.1672
  4.0982  2.2921  0.9969  1.5295 18.6239
  5.0476  2.9511  0.9907  2.5336 25.3531
  5.5460  0.7369  0.9684  0.4537  4.5405
  5.4901  2.1617  0.9970  1.6991 17.3299
  4.6400  2.7366  0.9782  0.7070 23.1318
  6.0259  2.2758  0.9723  2.0569 18.4614
  5.2631  1.2602  0.9681  0.7527  8.8636
  6.2488  2.1733  0.9853  1.6937 17.4444
  5.0025  2.3435  0.9937  0.8849 19.1373
  5.2961  2.4844  0.9826  0.6957 20.5568
  4.6345  3.5147  0.9823  0.9841 31.3105
  4.7405  1.6667  0.9794  1.3513 12.5609
  6.7293  3.7474  0.5721  1.1505 33.8133
  3.6313  0.3573  0.9797  1.3391  1.8912
  4.9686  4.1537  0.9795  0.2640 38.2381
  5.9736  3.2142  0.9846  2.8941 28.1135
  5.0027  3.0252  0.9980  0.7910 26.1264
  5.5295  1.1556  0.9740  0.3201  7.9536
  6.4468  2.0286  0.9327  0.5518 16.0237
  5.0606  2.0509  0.9882  0.3381 16.2414
  4.4972  4.2042  0.9724  2.0403 38.7924
  3.8910  4.2365  0.9872  0.6294 39.1476
  5.6809  2.5612  0.9779  2.5048 21.3360
  4.4731  2.9037  0.9968  0.9402 24.8594
  4.7542  2.8157  0.9752  0.2283 23.9479
  4.1803  4.2704  0.9682  1.3275 39.5204
  5.9813  2.6109  0.9881  1.1468 21.8422
  4.8600  2.8242  0.9754  1.6804 24.0358
  6.2571  0.8294  0.9792  0.9869  5.2583
  4.6858  0.8169  0.9792  0.8677  5.1601
  5.1238  4.1895  0.9905  0.4253 38.6311
  4.8073  3.3672  0.9672  1.5920 29.7353
  6.1124  1.6006  0.9915  1.9742 11.9447
  5.1411  2.1824  0.9753  1.7768 17.5339
  5.7228  2.9226  0.9711  2.2375 25.0564
  4.8146  2.8997  0.9680  0.6364 24.8179
  5.3757  1.2120  0.9682  2.6450  8.4420
  5.4652  2.5204  0.9766  2.6746 20.9211
  5.4797  3.2410  0.9872  2.5333 28.3974
  5.3917  3.9066  0.9765  1.0724 35.5397
  5.2028  3.7131  0.9715  2.0139 33.4426
  4.7649  3.1354  0.9948  2.3502 27.2835
  5.3769  3.9073  0.9907  1.4739 35.5475
  4.4259  4.4541  0.9789  2.4413 41.5484
  5.4971  3.1571  0.9807  1.2291 27.5118
  6.0947  2.1909  0.9927  2.6774 17.6183
  5.4714  4.3635  0.9763  1.7713 40.5468
  4.1269  1.5042  0.9890  2.0895 11.0556
  5.0820  3.3394  0.9888  1.1972 29.4402
  5.8650  2.9229  0.9834  0.6276 25.0591
  4.2425  3.1429  0.9880  1.0901 27.3623
  6.0795  2.8612  0.9833  2.1698 24.4185
  5.2363  2.6375  0.9667  1.6031 22.1141
  5.0088  3.8896  0.9957  1.8432 35.3550
  6.3456  0.8409  0.9881  0.2332  5.3494
  5.3855  1.6783  0.9979  2.8721 12.6694
  4.8222  3.6600  0.9758  2.3812 32.8708
  5.2237  1.4605  0.9799  0.2650 10.6566
  5.9902  1.3402  0.9743  2.2822  9.5722
  6.0260  3.2017  0.9969  1.4812 27.9817
  6.0358  3.0834  0.9929  0.5434 26.7364
  5.1801  2.4597  0.9937  2.3850 20.3064
  6.0814  1.9690  0.9825  2.4794 15.4438
  5.4652  4.1118  0.9744  1.9620 37.7792
  6.2554  2.0798  0.9746  1.0533 16.5237
  4.7001  1.1048  0.9709  2.1999  7.5189
  4.9198  2.2825  0.9917  1.3230 18.5279
  5.2639  3.6764  0.9738  1.2521 33.0472
  4.7407  3.3964  0.9785  0.6085 30.0467
  5.5128  1.9828  0.9676  1.4787 15.5778
  5.2747  3.7684  0.9808  1.3569 34.0404
  5.3544  1.5285  0.9712  2.2549 11.2780
  5.1529  2.3751  0.9737  1.9793 19.4550
  4.9727  2.1781  0.9923  2.3204 17.4914
  5.4496  1.1020  0.9980  1.6890  7.4954
  5.7920  2.2692  0.9936  0.9744 18.3949
  6.0192  0.4972  0.9802  1.3611  2.8053
  6.0104  0.7714  0.9790  1.3076  4.8058
  4.9889  0.6962  0.9948  1.8517  4.2328
  4.3529  1.9414  0.9712  2.0669 15.1770
  4.3615  1.4317  0.9776  0.0892 10.3945
  5.1094  0.9671  0.9887  1.6522  6.3671
  3.8147  1.3206  0.9980  1.2451  9.3974
  5.4659  3.1382  0.9753  1.3527 27.3121
  5.6073  1.9374  0.9869  0.4370 15.1383
  5.9439  2.8259  0.9972  0.5460 24.0532
  4.9615  2.9799  0.9974  1.0891 25.6536
  4.9843  3.2805  0.9845  0.7271 28.8147
  5.0435  1.3790  0.9689  0.6399  9.9197
  6.3286  2.0108  0.9723  1.9225 15.8505
  4.9675  2.2640  0.9965  0.6434 18.3436
  6.1559  2.2646  0.9883  1.1962 18.3494
  5.3677  1.9142  0.9822  2.1954 14.9142
  6.6598  0.8503  0.9008  0.6222  5.4235
  4.3963  4.3436  0.9721  2.0232 40.3265
  3.8741  3.8437  0.9849  2.2482 34.8568
  5.7383  1.8549  0.9809  1.9282 14.3448
  6.9029  1.0091  0.3767  1.8364  6.7142
  5.6951  0.6666  0.9690  0.2551  4.0122
  4.8831  2.6736  0.9672  2.5777 22.4840
  3.9545  2.1546  0.9959  1.0851 17.2595
  4.6126  1.4431  0.9861  1.4731 10.4977
  4.3798  3.7805  0.9812  2.1416 34.1717
  5.1695  2.8897  0.9969  2.1941 24.7141
  4.9951  0.4259  0.9685  2.3893  2.3292
  5.9969  3.8936  0.9816  2.0174 35.3981
  5.3686  4.1502  0.9780  1.6819 38.1992
  6.5768  2.7032  0.8021  1.5313 22.7883
  5.5311  3.1194  0.9913  0.4101 27.1151
  4.8768  2.7329  0.9846  0.1464 23.0938
  6.1184  2.4879  0.9864  2.8874 20.5917
  5.0514  0.9731  0.9801  1.1662  6.4165
  5.2747  1.4315  0.9972  1.1785 10.3928
  5.5982  2.2435  0.9749  2.1029 18.1400
  5.0013  2.1813  0.9751  1.7962 17.5227
  4.4184  3.1083  0.9746  0.4993 26.9982
  5.4003  1.0936  0.9900  1.9526  7.4239
  5.0051  2.3943  0.9810  1.6339 19.6475
  5.2607  2.3759  0.9980  2.0178 19.4621
  4.8920  3.4750  0.9919  0.1991 30.8850
  6.6472  1.2630  0.7239  2.2996  8.8886
  5.9364  1.0318  0.9920  1.0215  6.9035
  5.9471  3.4672  0.9719  1.6512 30.8024
  4.4677  2.1879  0.9738  2.3802 17.5886
  6.1566  1.6273  0.9747  1.4991 12.1927
  5.5746  1.6202  0.9774  0.7808 12.1271
  5.2829  2.2765  0.9815  1.7401 18.4681
  4.7105  1.7073  0.9688  2.5377 12.9428
  5.4677  2.5348  0.9945  1.0327 21.0678
  6.5546  1.9938  0.8253  1.2224 15.6850
  5.9625  1.6363  0.9716  2.2129 12.2766
  5.8061  0.8496  0.9796  0.7079  5.4178
  5.7973  1.1144  0.9980  0.8022  7.6007
  5.1699  2.6787  0.9941  2.8640 22.5364
  3.6614  0.7772  0.9822  2.1495  4.8507
  5.5024  1.8138  0.9907  0.2381 13.9517
  4.0901  2.6372  0.9751  1.9143 22.1115
  6.1446  3.4681  0.9858  1.0594 30.8114
  6.7822  2.2268  0.9021  1.1006 17.9734
  5.1969  3.1315  0.9906  0.9742 27.2421
  5.4023  3.8664  0.9962  0.5312 35.1031
  4.2365  2.0953  0.9908  0.9883 16.6757
  6.0365  3.5200  0.9970  1.4817 31.3665
  6.0289  2.4055  0.9747  0.8032 19.7606
  5.3402  1.8558  0.9713  0.3034 14.3528
  5.6101  3.7490  0.9892  0.5234 33.8311
  5.1192  2.7529  0.9893  1.7004 23.2991
  4.1446  4.1148  0.9809  1.2120 37.8113
  5.3099  1.4962  0.9735  2.2078 10.9822
  4.1348  2.5456  0.9961  1.7130 21.1772
  6.7241  1.9935  0.7982  1.2273 15.6817
  5.2044  0.9923  0.9785  2.1998  6.5747
  5.8693  1.8949  0.9831  0.6637 14.7281
  5.6646  1.7658  0.9667  1.1063 13.4951
  4.9859  1.1985  0.9782  0.7950  8.3250
  4.2037  2.2991  0.9822  0.5135 18.6940
  5.7923  2.0685  0.9978  0.8275 16.4134
  4.8771  2.4417  0.9959  1.2892 20.1254
  5.2391  1.7479  0.9689  1.4823 13.3253
  5.1483  1.1842  0.9852  1.6309  8.2008
  5.4103  2.5088  0.9764  1.4832 20.8041
  5.6236  1.0189  0.9934  1.5041  6.7958
  4.9526  2.9007  0.9860  1.9170 24.8282
  3.7244  2.7034  0.9742  0.7551 22.7897
  4.7414  4.1776  0.9869  1.9858 38.4996
  5.4880  2.9561  0.9901  1.4889 25.4050
  5.3168  1.7741  0.9951  0.4056 13.5739
  6.6912  1.1546  0.8663  0.6146  7.9447
  6.2628  2.6925  0.9736  2.2847 22.6785
  5.4657  3.4071  0.9777  0.7746 30.1605
  4.9580  1.9491  0.9950  0.5383 15.2509
  3.8820  2.3535  0.9933  0.9552 19.2376
  5.3366  2.2625  0.9726  1.6015 18.3286
  6.0364  0.8152  0.9747  0.0799  5.1469
  5.1280  1.9566  0.9910  0.7269 15.3238
  5.2930  0.7203  0.9713  1.9027  4.4147
  5.4193  4.4364  0.9713  2.5904 41.3521
  5.2521  2.2004  0.9936  2.0074 17.7126
  4.9657  0.8149  0.9885  1.6989  5.1446
  5.1167  1.6583  0.9720  2.4186 12.4819
  5.1388  1.6583  0.9749  1.9436 12.4822
  6.8787  2.2269  0.4986  1.0570 17.9745
  4.0570  3.1536  0.9959  1.0160 27.4741
  5.4878  3.8640  0.9937  1.8505 35.0767
  4.7137  2.4179  0.9732  1.5855 19.8853
  5.2050  4.4499  0.9980  0.7920 41.5019
  5.6679  2.2643  0.9844  1.5371 18.3463
  5.5659  3.8626  0.9971  1.0803 35.0610
  5.0212  1.6647  0.9687  2.6983 12.5426
  6.5552  3.3130  0.8480  2.3581 29.1601
  6.4365  2.8503  0.9719  0.9221 24.3052
  5.9748  2.5251  0.9857  1.4338 20.9689
  5.0972  3.0709  0.9794  0.9502 26.6050
  4.0427  2.8733  0.9976  1.4306 24.5441
  6.5973  1.6738  0.8236  1.5111 12.6277
  6.5848  2.2174  0.9395  0.7737 17.8806
  5.4662  2.3929  0.9708  2.4022 19.6334
  5.5568  4.0953  0.9810  0.1267 37.5984
  6.2655  1.5928  0.9567  0.5662 11.8720
  5.6248  4.2238  0.9836  2.2258 39.0078
  6.7409  0.8429  0.6578  1.6220  5.3646
  5.3457  3.8015  0.9960  0.8325 34.3992
  4.9683  4.2636  0.9693  1.5928 39.4453
  4.6973  2.2970  0.9866  1.9311 18.6730
  5.5097  2.3317  0.9860  2.1908 19.0195
  5.0095  4.0132  0.9742  1.3019 36.7012
  5.0583  0.6233  0.9796  0.6719  3.6942
  4.0789  3.0362  0.9850  0.3871 26.2417
  5.3551  3.7099  0.9954  0.5686 33.4085
  6.1039  3.1487  0.9760  2.4211 27.4228
  5.2890  2.7386  0.9715  1.8102 23.1519
  5.2443  4.4567  0.9908  1.9870 41.5774
  5.2664  2.9947  0.9906  0.5865 25.8084
  5.6590  1.6601  0.9879  2.4427 12.4994
  5.1800  3.5112  0.9733  1.1280 31.2727
  5.7978  2.3276  0.9794  2.5259 18.9782
  5.5279  2.8398  0.9733  1.0166 24.1969
  5.4791  0.5220  0.9712  0.8978  2.9756
  5.2845  3.8445  0.9705  1.7675 34.8655
  4.2589  3.0601  0.9915  2.8656 26.4925
  5.3137  2.5155  0.9771  2.3093 20.8718
  5.8437  3.4442  0.9746  0.4195 30.5559
  5.4131  1.7625  0.9740  0.3877 13.4642
  4.5166  4.0661  0.9860  1.7669 37.2788
  4.9600  2.2634  0.9658  1.2420 18.3381
  5.7808  3.7522  0.9952  0.6604 33.8652
  5.7981  4.2163  0.9795  1.2425 38.9253
  5.5727  2.4964  0.9899  0.4621 20.6783
  5.9488  3.9277  0.9929  1.3286 35.7692
  5.4718  0.9419  0.9980  1.2523  6.1609
  5.6759  1.9522  0.9948  1.5285 15.2817
  4.4507  1.2034  0.9778  0.6695  8.3672
  4.7431  2.9993  0.9759  2.2290 25.8563
  5.4912  3.7447  0.9705  1.2379 33.7847
  5.7183  2.6236  0.9883  1.0981 21.9723
  5.4765  0.9156  0.9941  1.5106  5.9473
  5.5114  1.9247  0.9735  0.7274 15.0158
  5.6001  3.5249  0.9803  1.9197 31.4194
  6.2340  3.9912  0.9872  1.9293 36.4602
  5.2417  2.8191  0.9820  0.9739 23.9824
  5.2632  2.2195  0.9667  1.0400 17.9010
  5.1538  2.4209  0.9745  1.7315 19.9154
  5.8298  1.6688  0.9806  0.9058 12.5807
  5.8328  1.8953  0.9837  1.8692 14.7323
  4.6618  3.9414  0.9895  1.6699 35.9177
  6.0787  1.4065  0.9804  0.4950 10.1669
  6.8772  2.0230  0.4756  2.2348 15.9690
  4.2453  3.6396  0.9732  1.2283 32.6513
  5.5731  3.0731  0.9749  0.4430 26.6290
  4.5869  2.4931  0.9761  1.1510 20.6446
  4.9276  1.4687  0.9873  1.8862 10.7311
  6.0364  1.4845  0.9785  1.1609 10.8753
  4.9983  1.7847  0.9980  1.7819 13.6749
  5.4770  1.3888  0.9965  1.8195 10.0077
  5.7439  1.9838  0.9677  1.7892 15.5878
  5.1346  1.2961  0.9897  0.7313  9.1805
  5.0683  2.1233  0.9757  1.2318 16.9515
  5.4223  3.0451  0.9688  0.2103 26.3351
  5.3527  2.9914  0.9820  1.8610 25.7730
  5.7328  2.7533  0.9904  1.6150 23.3037
  4.2124  4.2481  0.9744  1.6245 39.2746
  5.5937  3.8258  0.9796  0.6145 34.6621
  5.4186  0.8322  0.9698  0.7396  5.2801
  5.3553  2.2674  0.9823  1.6256 18.3778
  5.1357  1.5820  0.9888  1.3963 11.7718
  4.9196  3.8175  0.9768  1.2349 34.5720
  6.3091  3.4071  0.9729  0.7270 30.1609
  5.5117  4.0313  0.9829  2.1161 36.8979
  6.1700  2.8648  0.9681  2.7046 24.4556
  4.7110  2.4440  0.9831  1.1580 20.1484
  5.2884  3.1727  0.9817  2.0726 27.6759
  5.4856  2.8354  0.9977  0.6682 24.1509
  5.3334  2.7215  0.9700  1.0459 22.9762
  5.6474  1.9347  0.9876  1.3496 15.1125
  5.3659  3.7590  0.9806  0.7114 33.9393
  4.9240  1.6437  0.9785  2.0910 12.3460
  5.7823  2.3906  0.9708  1.4056 19.6107
  4.3815  1.4033  0.9825  1.4902 10.1379
  5.3224  3.3748  0.9673  1.1145 29.8168
  6.5265  3.8215  0.8668  1.7202 34.6152
  5.0136  2.2978  0.9673  1.3752 18.6805
  6.0649  1.0815  0.9698  0.7059  7.3211
  5.5448  2.1889  0.9697  0.5625 17.5984
  5.2061  3.0080  0.9719  0.2364 25.9470
  4.8700  3.9849  0.9739  2.3114 36.3924
  4.8658  4.1675  0.9764  1.7078 38.3894
  4.7880  2.8527  0.9767  2.1353 24.3308
  5.2697  2.5937  0.9942  1.0033 21.6675
  5.2798  3.6447  0.9732  0.8697 32.7054
  5.2923  2.8104  0.9667  1.4300 23.8926
  5.4236  2.9914  0.9850  2.5778 25.7730
  5.6914  2.3354  0.9761  0.3015 19.0567
  5.4450  1.4432  0.9931  0.8166 10.4994
  5.9213  2.4100  0.9776  0.7889 19.8054
  5.2091  3.3899  0.9873  0.5418 29.9778
  5.8912  2.2671  0.9684  1.3877 18.3741
  5.5286  0.5567  0.9869  2.1573  3.2176
  5.0200  3.4843  0.9752  1.1690 30.9852
  4.2976  3.2845  0.9806  1.9270 28.8573
  5.1719  3.3052  0.9954  1.4169 29.0766
  3.8132  3.7165  0.9931  2.8131 33.4802
  5.2360  1.8594  0.9866  1.7443 14.3878
  5.4097  2.9922  0.9908  1.3471 25.7819
  5.6445  2.8573  0.9929  0.7513 24.3778
  5.5568  2.7485  0.9943  1.5801 23.2537
  5.5075  3.4465  0.9714  2.7033 30.5804
  5.5239  3.5456  0.9767  2.0118 31.6411
  5.1811  1.2744  0.9935  1.3958  8.9887
  6.6507  1.9469  0.9974  0.6310 15.2297
  5.0870  1.0836  0.9980  1.6750  7.3392
  4.3110  2.2849  0.9967  2.0655 18.5517
  4.4979  2.2599  0.9751  2.3090 18.3030
  5.2554  3.9835  0.9760  1.6594 36.3766
  5.5631  3.5592  0.9876  2.0716 31.7870
  5.1688  2.7641  0.9884  1.4665 23.4141
  5.5752  1.9214  0.9910  1.4814 14.9836
  5.3847  3.9699  0.9908  1.8617 36.2280
  5.3403  3.1307  0.9879  1.6081 27.2338
  4.7292  2.0939  0.9902  0.5041 16.6620
  4.2744  0.5385  0.9711  3.0430  3.0901
  6.2122  1.3505  0.9964  2.6248  9.6638
  5.1821  2.2421  0.9758  0.4925 18.1255
  5.2407  2.8545  0.9956  0.5067 24.3489
  6.9782  1.1732  0.4501  0.6112  8.1055
  4.3667  3.4719  0.9754  1.2653 30.8517
  4.7900  2.3174  0.9670  0.8947 18.8765
  5.4749  3.4372  0.9794  0.6890 30.4814
  4.1448  3.5843  0.9782  1.0730 32.0567
  5.3353  1.9833  0.9704  2.1255 15.5827
  5.8754  2.5925  0.9866  1.6632 21.6551
  4.9379  1.9306  0.9934  0.7941 15.0727
  5.7501  4.2075  0.9948  2.7408 38.8280
  3.5746  3.3848  0.9980  0.6453 29.9230
  6.8810  3.0781  0.4725  1.4080 26.6813
  5.6445  1.7820  0.9964  0.7462 13.6492
  5.2427  1.5015  0.9980  1.7088 11.0308
  4.6369  4.1665  0.9793  1.4745 38.3788
  5.9399  2.4461  0.9707  0.7499 20.1691
  5.4885  4.1978  0.9933  0.2245 38.7219
  5.4516  1.7975  0.9699  1.6856 13.7960
  4.0901  2.7641  0.9846  0.1142 23.4150
  6.2061  3.1573  0.9967  2.1452 27.5140
  4.9561  3.2478  0.9924  1.2928 28.4692
  5.7002  4.1885  0.9959  1.2922 38.6201
  5.3996  1.6624  0.9696  1.0208 12.5211
  4.9557  1.8165  0.9892  2.3562 13.9778
  5.3663  3.1103  0.9735  2.0733 27.0195
  4.8338  3.3287  0.9929  1.2772 29.3267
  4.8709  4.2323  0.9770  0.2988 39.1005
  4.6217  3.9656  0.9886  1.9603 36.1819
  5.1349  1.9681  0.9807  2.5176 15.4356
  5.5094  3.7145  0.9684  2.5625 33.4577
  5.7313  1.0532  0.9844  2.6697  7.0829
  6.3281  2.9287  0.9723  0.9853 25.1201
  4.8105  2.5819  0.9781  1.5904 21.5465
  5.3021  3.5050  0.9676  0.7736 31.2058
  3.9061  1.8011  0.9812  1.7386 13.8303
  5.5597  2.5442  0.9834  1.0171 21.1636
  5.0127  2.8038  0.9942  1.8016 23.8242
  6.2911  0.9132  0.9855  0.8265  5.9280
  6.4410  1.0729  0.8460  1.1074  7.2483
  5.2045  1.7668  0.9702  1.0626 13.5042
  6.3125  3.7603  0.9905  1.7405 33.9529
  4.9519  2.0516  0.9858  2.5179 16.2480
  6.4357  1.7307  0.9461  1.4381 13.1625
  4.1196  3.8345  0.9773  2.1097 34.7568
  5.1266  0.9325  0.9812  1.2638  6.0840
  5.1925  2.5883  0.9718  2.8504 21.6124
  5.0603  3.3688  0.9743  2.1504 29.7524
  5.1156  1.7920  0.9871  0.5230 13.7444
  5.7964  0.7660  0.9806  0.7987  4.7641
  5.7557  1.6885  0.9980  2.4729 12.7655
  3.9251  2.6511  0.9867  0.6136 22.2534
  4.2482  2.3692  0.9729  1.3778 19.3954
  4.0335  2.3697  0.9723  1.3907 19.4008
  5.0753  3.6433  0.9980  1.7949 32.6911
  5.5587  1.4995  0.9782  1.0725 11.0121
  4.9192  2.2497  0.9969  0.9805 18.2016
  6.0515  1.8326  0.9632  2.3982 14.1306
  5.1597  3.9482  0.9710  0.4810 35.9920
  5.4098  3.6667  0.9676  1.1516 32.9429
  5.2091  1.2464  0.9667  0.8083  8.7425
  5.1749  3.1772  0.9956  1.4715 27.7233
  5.7326  2.9536  0.9836  1.4846 25.3791
  5.1884  1.4363  0.9837  2.4591 10.4360
  5.3882  4.0304  0.9857  1.1351 36.8881
  5.5491  1.5490  0.9857  1.1809 11.4669
  5.1247  3.6237  0.9980  0.9432 32.4798
  5.2889  2.1615  0.9980  0.8170 17.3274
  3.9122  1.0235  0.9979  1.9296  6.8338
  6.1825  1.7197  0.9969  2.5843 13.0593
  4.9351  3.1836  0.9891  2.7261 27.7912
  4.5438  1.3070  0.9980  2.4752  9.2770
  5.9064  4.4409  0.9672  1.6180 41.4016
  4.1148  2.4672  0.9682  0.2951 20.3830
  4.2299  3.8162  0.9837  2.1929 34.5586
  5.0204  3.6807  0.9899  2.3118 33.0934
  5.1503  3.7517  0.9755  0.5007 33.8597
  5.7290  3.1642  0.9840  1.4726 27.5859
  4.7466  2.4420  0.9771  0.6743 20.1284
  5.1158  2.3809  0.9789  0.8570 19.5126
  5.3236  3.2271  0.9833  1.9861 28.2505
  5.3549  2.0150  0.9765  1.8352 15.8913
  4.6107  2.1970  0.9917  1.2026 17.6786
  5.1084  4.1640  0.9904  2.7370 38.3505
  5.6808  1.7064  0.9872  1.4783 12.9334
  5.9927  3.3634  0.9911  0.3238 29.6957
  5.4646  2.8565  0.9674  2.2125 24.3700
  5.0526  2.1614  0.9777  0.1075 17.3266
  5.1207  1.5270  0.9924  1.2087 11.2640
  5.1706  3.2880  0.9934  1.6946 28.8943
  6.3929  2.0555  0.9922  1.8694 16.2860
  5.9257  2.6443  0.9778  0.5131 22.1838
  4.9711  2.9911  0.9771  1.4306 25.7707
  4.2538  1.9840  0.9704  2.0221 15.5896
  4.2995  3.1346  0.9920  0.9235 27.2741
  5.4195  2.4280  0.9970  1.2860 19.9864
  4.8212  1.8523  0.9770  1.0139 14.3197
  5.2272  1.0646  0.9904  0.4463  7.1785
  5.1708  2.3412  0.9954  0.7687 19.1142
  5.1294  3.5978  0.9829  2.6698 32.2016
  5.3186  3.7544  0.9689  1.9655 33.8895
  5.3021  2.3427  0.9762  1.3647 19.1299
  4.8661  1.2912  0.9766  0.0218  9.1366
  5.8035  3.5498  0.9678  1.6649 31.6861
  3.8399  4.2749  0.9855  1.1772 39.5697
  4.5011  2.0253  0.9799  2.4464 15.9916
  5.3088  4.2440  0.9833  1.9063 39.2292
  5.7802  1.3738  0.9673  0.5410  9.8730
  5.3980  0.8621  0.9696  0.3545  5.5174
  5.1792  3.1759  0.9818  1.3435 27.7095
  5.7913  3.8587  0.9667  0.4448 35.0191
  5.4825  0.5104  0.9962  2.0892  2.8953
  4.7347  3.3636  0.9790  1.5257 29.6972
  5.3224  3.0743  0.9893  1.4054 26.6413
  6.0949  3.3440  0.9769  1.3012 29.4893
  4.8200  3.5794  0.9908  2.0415 32.0042
  6.4219  1.2735  0.8907  0.3633  8.9808
  6.8467  0.9838  0.4927  1.1754  6.5044
  5.2742  2.3697  0.9755  0.1610 19.4001
  5.4385  3.7037  0.9931  1.2338 33.3419
  3.6929  2.4922  0.9921  1.1301 20.6360
  4.9735  0.9586  0.9850  2.1846  6.2973
  4.7475  2.5301  0.9924  0.4644 21.0199
  4.2814  4.0317  0.9757  2.2592 36.9029
  5.0946  2.1422  0.9806  0.9823 17.1368
  5.9067  3.1129  0.9792  2.2270 27.0461
  4.2272  2.8827  0.9916  2.9096 24.6421
  4.9932  3.1693  0.9745  0.9344 27.6397
  4.8486  4.0727  0.9966  2.7209 37.3505
  5.8929  1.3687  0.9949  1.6742  9.8270
  5.7642  2.3148  0.9704  1.9247 18.8506
  5.2568  1.2317  0.9714  2.2362  8.6139
  4.7292  2.4437  0.9866  1.4472 20.1451
  5.5124  4.4720  0.9670  2.6380 41.7467
  5.3301  1.7848  0.9962  2.4733 13.6756
  4.5793  1.4345  0.9707  1.2763 10.4204
  4.6211  2.8501  0.9761  0.7835 24.3030
  4.6226  2.5686  0.9957  1.2762 21.4110
  5.0416  3.6320  0.9776  2.7807 32.5692
  5.8211  3.6107  0.9823  0.5227 32.3402
  5.2444  2.7902  0.9751  0.5572 23.6836
  5.6493  2.6654  0.9881  0.3358 22.4007
  4.6333  2.8687  0.9931  1.7871 24.4961
  5.3828  2.6788  0.9913  1.6192 22.5376
  4.9589  2.7376  0.9671  1.8080 23.1414
  5.3100  3.6033  0.9685  0.5785 32.2600
  5.8018  4.1975  0.9980  1.3762 38.7182
  5.7757  2.1786  0.9712  2.1290 17.4964
  4.9737  2.8000  0.9677  2.3212 23.7852
  5.1925  3.7972  0.9702  1.1887 34.3522
  5.1900  1.7364  0.9850  1.5313 13.2167
  5.2394  1.7421  0.9937  1.1921 13.2709
  5.5508  3.5719  0.9907  2.0849 31.9227
  4.8967  3.3785  0.9672  0.9322 29.8558
  4.2783  4.4956  0.9792  1.6504 42.0082
  5.9634  1.5060  0.9980  2.0489 11.0720
  5.2839  2.0308  0.9748  0.5519 16.0450
  4.7719  3.7987  0.9798  1.2828 34.3689
  4.9630  2.4328  0.9680  1.9630 20.0353
  5.4062  3.1181  0.9743  2.3469 27.1014
  4.7833  1.5894  0.9743  2.5729 11.8405
  6.6465  1.8731  0.7642  2.2283 14.5189
  5.2741  4.4432  0.9901  0.8849 41.4278
  6.6522  3.0773  0.8632  1.1871 26.6729
  3.5027  0.7664  0.9709  2.5428  4.7669
  5.2764  3.2238  0.9938  1.5067 28.2150
  5.4349  4.3192  0.9778  1.2095 40.0579
  4.8621  3.2011  0.9844  1.5029 27.9758
  5.5796  4.0933  0.9781  2.6226 37.5761
  5.3379  3.1545  0.9978  1.7071 27.4843
  4.8036  1.4254  0.9957  1.5232 10.3380
  6.1311  2.0223  0.9909  2.2909 15.9621
  6.0867  1.8801  0.9909  0.8164 14.5864
  4.9364  1.7466  0.9773  1.6088 13.3135
  5.9480  1.4647  0.9829  0.9322 10.6942
  5.1312  1.8638  0.9891  0.7209 14.4296
  5.1134  3.3690  0.9703  0.7785 29.7550
  5.2552  2.4986  0.9971  1.4656 20.6999
  4.6337  4.4312  0.9894  2.2084 41.2943
  4.8827  4.3266  0.9746  0.5220 40.1394
  4.7929  3.2025  0.9802  3.0045 27.9903
  6.2634  2.0159  0.9890  0.7935 15.8996
  5.7681  3.1292  0.9775  1.3782 27.2173
  5.7018  2.6533  0.9895  0.9000 22.2766
  5.6123  4.4864  0.9943  0.6076 41.9059
  5.0172  3.3321  0.9882  1.6971 29.3623
  4.6263  1.5301  0.9683  2.3778 11.2925
  6.1212  1.7743  0.9939  0.0976 13.5753
  5.3019  1.5676  0.9944  1.3935 11.6384
  5.3607  1.2491  0.9973  0.9052  8.7658
  6.0924  3.9258  0.9853  0.4135 35.7479
  4.5337  1.6690  0.9682  0.2802 12.5830
  5.5068  2.8144  0.9909  1.0193 23.9339
  5.5192  3.5940  0.9874  1.7519 32.1606
  4.7341  2.9387  0.9712  0.8255 25.2239
  5.1879  2.8930  0.9974  2.0469 24.7484
  6.4359  1.8946  0.9871  1.3778 14.7260
  6.5078  2.9014  0.8343  1.0733 24.8355
  5.3690  1.3073  0.9972  1.3942  9.2799
  5.6522  2.1354  0.9969  1.5296 17.0702
  5.3048  2.0134  0.9706  0.9341 15.8753
  4.5326  3.1518  0.9929  0.4834 27.4559
  5.8004  2.6968  0.9796  0.9195 22.7226
  3.8664  2.3555  0.9836  0.7977 19.2578
  5.4096  2.8509  0.9907  2.3206 24.3114
  5.0272  2.7013  0.9814  0.6000 22.7685
  5.2041  3.4571  0.9881  0.9891 30.6936
  5.3955  2.0070  0.9675  1.9898 15.8133
  5.1897  1.6069  0.9705  1.9426 12.0031
  5.5290  0.8977  0.9706  1.2935  5.8028
  5.5231  3.2674  0.9682  2.6427 28.6767
  4.7215  2.8454  0.9867  1.1785 24.2545
  5.0911  0.3306  0.9886  2.2842  1.7264
  4.9912  4.0685  0.9701  0.2364 37.3050
  5.3508  3.2874  0.9835  0.1210 28.8885
  4.9971  3.4854  0.9980  1.3581 30.9966
  5.1219  4.4746  0.9800  1.1874 41.7753
  5.7317  1.2327  0.9951  0.6043  8.6225
  4.4918  3.7120  0.9695  2.2629 33.4307
  4.6995  1.5646  0.9686  1.7551 11.6109
  4.6506  1.8842  0.9940  1.5546 14.6254
  5.5249  2.6970  0.9877  0.3736 22.7244
  5.4905  2.8488  0.9858  1.8179 24.2898
  4.7746  1.8338  0.9729  2.4879 14.1429
  6.3692  2.1437  0.9957  2.4628 17.1518
  5.8721  2.5110  0.9795  1.6336 20.8258
  5.9828  1.4297  0.9903  0.4749 10.3762
  6.2996  2.8976  0.9780  1.1019 24.7965
  6.3725  1.4569  0.9677  1.9667 10.6237
  4.2575  4.3805  0.9708  0.5482 40.7347
  5.5364  2.0634  0.9692  0.5099 16.3634
  5.7748  1.3232  0.9926  0.3145  9.4208
  5.0384  3.1100  0.9786  1.0291 27.0160
  5.5691  3.1961  0.9676  2.2271 27.9223
  5.3369  2.8733  0.9827  1.9824 24.5443
  5.0701  2.0537  0.9918  0.9698 16.2690
  3.5499  4.2642  0.9845  1.4832 39.4514
  4.8639  2.4645  0.9780  1.3047 20.3550
  3.6440  1.0759  0.9826  2.4379  7.2737
  4.3952  2.5215  0.9951  0.3741 20.9322
  5.0960  4.3272  0.9912  1.5282 40.1456
  4.9482  3.1668  0.9781  0.4087 27.6134
  6.2563  3.2503  0.9736  0.3778 28.4951
  4.7419  3.3746  0.9817  0.3914 29.8148
  5.0553  1.8888  0.9750  1.7606 14.6701
  6.3598  2.6108  0.9822  0.5895 21.8421
  5.1326  3.9089  0.9963  1.1035 35.5642
  5.8497  2.8478  0.9918  0.6097 24.2796
  4.8104  3.7831  0.9885  1.2159 34.2000
  5.5347  2.8976  0.9965  1.3292 24.7968
  5.0709  4.1542  0.9694  2.0378 38.2432
  5.4478  2.6624  0.9747  1.2013 22.3692
  5.1158  4.3856  0.9674  0.4665 40.7905
  5.2213  3.0588  0.9833  0.3827 26.4786
  5.3302  2.9480  0.9873  2.8855 25.3203
  5.7398  2.0909  0.9716  0.6202 16.6328
  5.7925  2.8281  0.9829  2.1006 24.0759
  3.6600  0.9042  0.9965  0.8587  5.8551
  5.8285  1.8105  0.9962  2.2618 13.9198
  5.4074  2.1142  0.9980  1.1817 16.8615
  5.0133  1.6181  0.9858  1.3721 12.1073
  5.3866  2.7090  0.9921  3.0839 22.8480
  3.5719  1.9915  0.9980  2.4769 15.6626
  5.3568  2.4512  0.9679  1.3506 20.2210
  5.0994  1.5383  0.9780  0.8001 11.3681
  4.0177  2.4391  0.9778  0.6543 20.0991
  6.4719  1.9573  0.9629  1.4690 15.3305
  4.9844  1.4240  0.9711  2.0080 10.3252
  4.6193  4.4006  0.9911  1.1924 40.9569
  5.5252  0.8862  0.9712  0.8164  5.7101
  3.5815  2.1686  0.9725  1.1311 17.3975
  6.1587  2.1262  0.9699  0.6170 16.9800
  4.9307  2.3402  0.9741  1.5198 19.1049
  5.2456  3.4485  0.9778  1.3119 30.6026
  4.4231  0.9310  0.9980  0.8895  6.0719
  4.8472  1.6696  0.9720  0.8103 12.5884
  5.6338  1.9091  0.9915  1.4616 14.8649
  5.7625  2.0306  0.9728  1.4837 16.0430
  5.2606  1.5472  0.9968  0.7986 11.4503
  5.3276  4.3270  0.9901  0.6731 40.1440
  5.1598  1.1426  0.9673  1.5011  7.8424
  3.9898  4.1261  0.9945  2.5232 37.9354
  5.3348  3.2087  0.9827  0.3910 28.0558
  6.4465  1.8979  0.9307  0.9653 14.7569
  4.7524  1.9014  0.9738  0.5147 14.7914
  5.3090  0.5206  0.9818  2.4959  2.9658
  5.1655  1.5501  0.9951  0.7404 11.4771
  5.3936  1.7647  0.9929  0.6864 13.4846
  4.9581  1.7368  0.9895  0.2308 13.2202
  6.4910  2.5757  0.9555  1.4584 21.4840
  6.6480  1.1767  0.6525  1.9806  8.1361
  4.5727  2.3890  0.9948  1.3608 19.5940
  5.9745  0.4198  0.9729  0.6810  2.2895
  5.1061  3.1558  0.9788  2.6223 27.4975
  4.8291  3.2006  0.9714  1.3587 27.9702
  6.8590  0.8319  0.5013  1.9274  5.2776
  4.6365  2.8808  0.9768  0.5571 24.6219
  5.5664  2.9670  0.9850  1.1399 25.5188
  5.2725  3.5963  0.9692  1.1959 32.1855
  5.2154  2.2903  0.9667  1.3568 18.6061
  5.7374  2.0204  0.9937  2.9124 15.9432
  5.1538  3.9573  0.9691  2.9815 36.0909
  5.3406  4.4647  0.9900  2.1635 41.6654
  5.3921  0.9781  0.9801  1.3862  6.4575
  5.9321  1.0422  0.9974  0.9895  6.9905
  5.1551  2.0534  0.9819  3.0587 16.2658
  5.4847  1.1835  0.9928  2.4114  8.1943
  5.4520  1.7074  0.9861  2.5968 12.9433
  4.4295  2.9421  0.9754  0.9701 25.2589
  5.7594  4.2304  0.9980  1.7230 39.0802
  6.3420  1.4871  0.9962  0.6656 10.8989
  5.1007  3.7548  0.9942  2.2203 33.8937
  4.8666  2.1031  0.9742  1.2576 16.7529
  6.5422  3.3736  0.8435  0.6133 29.8041
  4.5919  3.6367  0.9855  0.4626 32.6192
  4.9491  1.2366  0.9825  2.6354  8.6562
  5.7526  4.4780  0.9792  1.8244 41.8131
  5.2460  0.0596  0.9777  0.4619  0.2638
  3.6892  3.3960  0.9810  0.8048 30.0420
  4.4576  2.9724  0.9882  0.4502 25.5753
  4.7820  4.4540  0.9925  0.4390 41.5466
  5.9558  3.2131  0.9956  2.3390 28.1020
  5.0549  3.7429  0.9878  1.2767 33.7650
  4.9169  1.2518  0.9704  2.3991  8.7901
  5.9578  3.1181  0.9903  2.2371 27.1016
  6.8344  2.1187  0.7925  2.6323 16.9054
  5.1191  0.5676  0.9967  1.5699  3.2949
  6.7072  3.7524  0.4766  2.1541 33.8680
  5.0402  2.2438  0.9919  1.1601 18.1427
  5.5914  1.0846  0.9742  2.0012  7.3477
  5.2995  2.1059  0.9717  1.5545 16.7803
  5.7960  1.7335  0.9697  0.6393 13.1899
  5.7210  3.1737  0.9912  0.7802 27.6865
  5.0937  3.2231  0.9688  0.5751 28.2076
  3.5650  3.0843  0.9684  2.6666 26.7463
  4.6491  4.3720  0.9751  1.8228 40.6405
  4.9147  3.0552  0.9673  2.0011 26.4409
  5.9758  2.9861  0.9801  1.0382 25.7177
  4.6580  3.7742  0.9943  0.8170 34.1029
  5.1640  2.7930  0.9787  1.9164 23.7123
  5.4259  2.8524  0.9737  1.0016 24.3274
  5.3996  0.6100  0.9795  1.1177  3.5978
  5.3002  2.2607  0.9720  0.0946 18.3109
  4.5042  1.3881  0.9912  0.9889 10.0010
  6.4474  4.2221  0.9516  0.3256 38.9885
  5.2377  2.7546  0.9672  1.6000 23.3167
  5.4500  2.4989  0.9719  0.7454 20.7039
  5.9757  2.9482  0.9748  0.7773 25.3231
  5.0283  1.7630  0.9971  2.8437 13.4689
  5.1390  2.5300  0.9746  1.4504 21.0191
  6.0176  2.5105  0.9904  0.6283 20.8213
  3.6203  2.9953  0.9919  2.5120 25.8146
  6.5771  2.6213  0.8544  1.2086 21.9491
  5.8249  1.5240  0.9937  0.4016 11.2371
  4.5328  2.0463  0.9751  2.7063 16.1968
  5.3693  2.6217  0.9901  1.7529 21.9531
  5.3787  2.5201  0.9900  1.4935 20.9180
  5.1519  1.9629  0.9765  0.7734 15.3853
  5.2378  2.6577  0.9829  2.8623 22.3213
  5.0728  2.4258  0.9828  1.6713 19.9642
  5.9802  4.1211  0.9793  1.4825 37.8806
  4.6272  4.0249  0.9957  0.4084 36.8279
  5.5678  1.0341  0.9727  1.2217  6.9225
  5.8332  1.4330  0.9823  1.9398 10.4064
  4.9424  4.1385  0.9751  0.1589 38.0712
  4.0623  2.1304  0.9938  0.9297 17.0210
  5.7746  2.2867  0.9926  0.2235 18.5695
  5.3911  0.5051  0.9736  2.8345  2.8591
  5.4148  1.8079  0.9756  1.5120 13.8958
  5.4031  2.2577  0.9698  1.9143 18.2805
  5.2537  2.9829  0.9711  1.5795 25.6852
  5.4734  3.1530  0.9678  2.0387 27.4682
  5.3170  3.4745  0.9896  0.2424 30.8804
  6.0576  2.1327  0.9667  1.4393 17.0437
  5.3570  4.3598  0.9755  0.8298 40.5053
  3.5322  3.1978  0.9921  1.1444 27.9407
  5.4277  2.8410  0.9841  1.4525 24.2089
  4.7745  3.7460  0.9873  0.5933 33.7981
  5.6367  3.4808  0.9802  2.6539 30.9475
  6.2845  1.9857  0.9682  2.5036 15.6062
  6.0074  3.6235  0.9710  1.5011 32.4780
  5.7012  2.7624  0.9757  0.5386 23.3969
  5.3467  0.8989  0.9726  2.8292  5.8118
  5.5634  2.9355  0.9739  1.0886 25.1907
  5.3275  0.7195  0.9777  0.4360  4.4090
  5.4703  2.3751  0.9847  0.9771 19.4540
  5.7103  3.0030  0.9980  0.0538 25.8946
  4.5729  3.3645  0.9898  0.4730 29.7066
  5.7216  1.7410  0.9718  1.2752 13.2601
  3.6960  3.2630  0.9724  2.3825 28.6300
  4.1362  3.4005  0.9747  1.7558 30.0907
  4.7442  3.2131  0.9980  2.5876 28.1024
  5.6240  1.9615  0.9867  1.5953 15.3715
  5.9616  0.6501  0.9790  1.3627  3.8904
  6.1169  3.2697  0.9841  1.5467 28.7012
  5.6084  1.2731  0.9683  0.7766  8.9771
  4.8129  1.4577  0.9837  0.7088 10.6303
  5.1686  3.7101  0.9821  0.3961 33.4107
  4.8245  3.9761  0.9810  1.7068 36.2959
  6.4128  2.7870  0.8744  2.0643 23.6510
  4.9824  4.4760  0.9860  0.4298 41.7913
  4.7419  3.4541  0.9848  1.1949 30.6619
  5.4103  2.2727  0.9848  1.5006 18.4306
  6.6551  1.7047  0.6991  1.2823 12.9177
  6.2377  2.8913  0.9921  1.0558 24.7305
  4.9654  1.3685  0.9794  2.6045  9.8252
  5.7855  1.9660  0.9717  1.1874 15.4148
  5.4301  0.6013  0.9972  2.2771  3.5353
  5.3744  1.5653  0.9827  1.9224 11.6178
  4.0947  4.3948  0.9842  0.3163 40.8918
  5.1067  2.9755  0.9980  0.0689 25.6078
  6.1841  3.6894  0.9737  1.7705 33.1868
  4.2322  2.8589  0.9905  1.5403 24.3947
  4.2979  1.9168  0.9980  0.6528 14.9398
  5.7606  1.5703  0.9690  0.7422 11.6633
  5.7480  2.4798  0.9747  2.0902 20.5105
  5.4586  2.4044  0.9958  0.9883 19.7493
  5.4034  1.6226  0.9786  1.3370 12.1489
  5.6766  0.6221  0.9793  1.6718  3.6853
  5.7200  1.8570  0.9884  1.6446 14.3644
  5.1038  2.0827  0.9839  1.2888 16.5527
  4.4330  3.5737  0.9980  0.9029 31.9425
  4.5230  2.3228  0.9716  2.3468 18.9306
  4.5710  1.0177  0.9980  1.3191  6.7859
  4.4096  2.9983  0.9667  1.0033 25.8459
  5.1888  1.9448  0.9948  1.8617 15.2102
  5.4617  2.2019  0.9721  0.7636 17.7269
  5.7769  3.7867  0.9884  1.6097 34.2387
  5.1524  2.0436  0.9817  2.8296 16.1702
  5.4665  3.2719  0.9863  0.7965 28.7238
  4.9354  3.2385  0.9713  2.5484 28.3705
  5.5740  1.7323  0.9828  0.6091 13.1778
  4.2522  2.2840  0.9980  1.3514 18.5425
  4.4614  3.3266  0.9801  0.1414 29.3040
  5.8128  1.9439  0.9774  2.3662 15.2009
  4.4334  3.0162  0.9699  0.5789 26.0326
  6.1923  2.2114  0.9816  0.7681 17.8210
  6.3149  2.5869  0.9874  2.4826 21.5979
  5.1700  3.9361  0.9877  2.3257 35.8603
  5.7901  2.9649  0.9917  2.1357 25.4970
  4.9335  1.0117  0.9728  0.4942  6.7355
  5.2626  3.7149  0.9980  1.6469 33.4622
  5.3873  1.2590  0.9738  1.1463  8.8532
  4.1320  2.9649  0.9752  1.2183 25.4969
  4.3473  3.7817  0.9828  2.2144 34.1849
  5.2163  2.8710  0.9924  1.5923 24.5203
  3.5224  2.2123  0.9923  1.0246 17.8295
  4.6101  1.6835  0.9678  0.5309 12.7184
  5.8295  1.1540  0.9848  2.9435  7.9396
  3.8098  0.9659  0.9980  1.1323  6.3571
  5.2871  3.5211  0.9680  1.0198 31.3781
  5.7109  3.2203  0.9848  2.5371 28.1784
  5.6004  3.0318  0.9949  1.1991 26.1958
  5.7682  1.3214  0.9874  2.2271  9.4043
  6.8416  2.7060  0.8548  0.1110 22.8165
  5.3652  1.6994  0.9727  1.9311 12.8676
  5.1632  2.3436  0.9867  0.5017 19.1385
  4.5136  3.8912  0.9757  1.2725 35.3723
  5.3317  3.7110  0.9953  0.8812 33.4201
  4.4180  2.9728  0.9844  0.9657 25.5788
  5.3384  1.1835  0.9980  0.7385  8.1943
  5.2576  1.9534  0.9741  1.7569 15.2929
  6.4829  1.8785  0.9675  0.6894 14.5711
  5.6526  1.5867  0.9783  0.9405 11.8153
  4.3424  1.4875  0.9900  0.8245 10.9023
  5.6544  1.5089  0.9796  1.7304 11.0986
  5.1492  2.4460  0.9860  2.2133 20.1687
  5.8834  4.0303  0.9719  2.0695 36.8878
  5.7916  2.4388  0.9874  1.0398 20.0954
  5.5049  2.4676  0.9864  1.8579 20.3867
  5.1975  2.8729  0.9683  1.1994 24.5396
  5.6672  3.1502  0.9746  2.5606 27.4392
  6.2824  1.8558  0.9789  1.3268 14.3532
  5.9075  2.5172  0.9923  1.5340 20.8893
  4.0409  3.8800  0.9761  1.5819 35.2505
  5.6389  1.1406  0.9899  1.4640  7.8246
  5.7518  1.0187  0.9815  2.7988  6.7941
  5.0856  0.7927  0.9852  2.0872  4.9709
  5.2940  2.0508  0.9980  0.7757 16.2401
  5.0018  3.1942  0.9882  1.1671 27.9027
  5.9878  2.6622  0.9712  0.4676 22.3675
  5.2197  1.8707  0.9742  1.9191 14.4962
  4.6178  2.0569  0.9885  0.3819 16.3001
  5.3331  3.3862  0.9966  0.5501 29.9381
  6.6184  2.4320  0.6458  0.5907 20.0269
  5.7390  4.0702  0.9849  1.5062 37.3230
  5.6260  1.8918  0.9668  0.3882 14.6986
  5.3323  3.2144  0.9887  1.5255 28.1157
  4.0974  0.9559  0.9806  1.9406  6.2752
  4.9808  4.3024  0.9769  1.3833 39.8728
  5.5716  2.5944  0.9817  1.1236 21.6748
  5.6653  0.8592  0.9781  2.5951  5.4945
  5.2814  3.2870  0.9679  0.9899 28.8839
  3.6318  1.5465  0.9869  1.0482 11.4439
  5.8360  3.3845  0.9822  1.2582 29.9199
  6.3424  1.9152  0.9721  2.0293 14.9244
  6.1571  2.2637  0.9978  1.6675 18.3410
  5.2600  1.1456  0.9683  0.8136  7.8676
  5.7403  2.7213  0.9825  2.6890 22.9740
  5.6579  0.4904  0.9863  2.2683  2.7592
  5.1366  3.7726  0.9855  2.2438 34.0860
  6.3023  2.9654  0.9805  1.7345 25.5026
  4.9173  4.0680  0.9874  1.9465 37.2998
  5.9575  0.7801  0.9735  1.2220  4.8728
  6.4086  2.6223  0.9702  1.3639 21.9595
  5.3344  3.9192  0.9799  1.6695 35.6767
  5.5741  2.4183  0.9764  1.0432 19.8894
  4.2402  1.1908  0.9951  1.8287  8.2578
  5.2398  1.9270  0.9758  1.6169 15.0381
  4.6240  3.6417  0.9920  2.6690 32.6729
  3.5013  0.5298  0.9675  2.3123  3.0296
  4.9794  2.8243  0.9863  0.2662 24.0363
  5.6458  1.8555  0.9774  1.2321 14.3506
  5.3289  3.8059  0.9714  0.8412 34.4465
  4.5224  2.6439  0.9752  0.5204 22.1798
  5.6617  3.3343  0.9815  1.7830 29.3855
  4.1419  2.9314  0.9703  1.2828 25.1480
  5.3934  1.7125  0.9713  2.0250 12.9912
  5.8118  4.2220  0.9743  1.0677 38.9882
  6.3261  2.9156  0.9707  1.4594 24.9838
  5.2575  0.9407  0.9686  1.3995  6.1515
  4.4470  2.8501  0.9780  0.7510 24.3031
  5.6291  3.0053  0.9750  1.7179 25.9191
  3.5820  2.5769  0.9975  2.3193 21.4958
  5.7498  1.6952  0.9891  1.6460 12.8283
  4.8827  1.9024  0.9809  0.6100 14.8008
  5.3889  4.1946  0.9689  0.9754 38.6865
  5.2817  3.2442  0.9862  0.5314 28.4306
  5.4763  2.8885  0.9676  0.7600 24.7021
  5.1772  2.7463  0.9967  0.5179 23.2309
  5.0633  2.9110  0.9972  0.5281 24.9357
  5.0323  0.7398  0.9750  0.7658  4.5629
  3.7443  3.5942  0.9813  1.7971 32.1622
  5.0181  1.3157  0.9837  0.7837  9.3536
  5.0332  2.9506  0.9732  2.0056 25.3481
  5.1049  4.2387  0.9752  1.8864 39.1710
  3.9977  2.2209  0.9941  0.6106 17.9149
  4.7833  3.3837  0.9961  2.8458 29.9115
  6.1745  1.2860  0.9863  0.9389  9.0907
  6.0078  1.8507  0.9704  1.3627 14.3042
  5.4054  4.0289  0.9693  1.0161 36.8718
  5.4528  1.8125  0.9910  1.3261 13.9394
  5.5002  2.2324  0.9855  1.3191 18.0292
  5.9466  1.8182  0.9809  0.0827 13.9941
  4.5042  2.8172  0.9851  1.5688 23.9629
  5.5528  1.4822  0.8254  0.9633 10.8535
  3.8647  2.5113  0.9882  0.5724 20.8287
  3.8111  1.6145  0.9973  0.8943 12.0740
  5.4362  4.3462  0.9963  0.3744 40.3552
  4.3817  2.8330  0.9754  0.5950 24.1263
  5.0822  2.4178  0.9810  1.2065 19.8841
  4.7151  2.4764  0.9970  2.1839 20.4760
  4.9462  1.0067  0.9853  0.8876  6.6947
  5.9911  1.3902  0.9676  0.7658 10.0201
  5.4534  2.9108  0.9820  0.7683 24.9338
  5.2752  3.1715  0.9743  2.4311 27.6630
  5.6761  2.2896  0.9739  0.3036 18.5992
  5.3901  3.0372  0.9764  1.3358 26.2527
  4.6346  2.4100  0.9699  0.5012 19.8054
  5.8249  3.9306  0.9836  1.5042 35.8009
  5.6921  2.6942  0.9838  2.1637 22.6952
  5.7653  2.6608  0.9980  0.4882 22.3533
  4.8941  2.3178  0.9857  1.5875 18.8805
  5.1251  3.4392  0.9700  1.8304 30.5025
  5.1398  2.0244  0.9975  3.0943 15.9823
  5.9643  2.2966  0.9959  1.6066 18.6682
  6.1460  2.8023  0.9980  1.3713 23.8087
  5.5271  2.5665  0.9733  1.1309 21.3904
  5.7566  3.8909  0.9939  0.9805 35.3687
  5.6660  1.2247  0.9895  0.6686  8.5524
  6.0538  0.5780  0.9946  1.1378  3.3686
  6.1361  3.7269  0.9895  1.3472 33.5915
  4.7515  0.9289  0.9744  0.4145  6.0552
  5.5345  2.8832  0.9959  2.9844 24.6465
  4.1646  3.1444  0.9892  0.5824 27.3772
  4.7818  1.8423  0.9813  2.0065 14.2234
  5.2326  1.2690  0.9853  1.3124  8.9413
  4.7588  3.5478  0.9749  3.0095 31.6648
  5.0145  2.7401  0.9693  0.3117 23.1675
  5.2359  3.2559  0.9888  2.7658 28.5550
  5.9027  2.3239  0.9980  1.0781 18.9417
  6.0086  1.0518  0.9841  0.5554  7.0713
  5.2838  2.8868  0.9811  1.9683 24.6847
  5.5310  3.4513  0.9751  1.2983 30.6320
  5.2637  1.0045  0.9847  0.8629  6.6763
  5.2839  0.9443  0.9688  1.7218  6.1807
  4.7580  1.9961  0.9810  1.0740 15.7071
  4.1371  4.1577  0.9890  2.1183 38.2816
  5.0141  1.4590  0.9955  2.8482 10.6423
  5.2591  0.7694  0.9952  1.5575  4.7903
  5.3121  0.8783  0.9948  1.7072  5.6467
  4.7823  1.5031  0.9748  2.3249 11.0452
  5.3094  4.4519  0.9881  2.5912 41.5235
  5.2928  1.4914  0.9848  0.5006 10.9377
  6.7027  2.1907  0.7094  1.8298 17.6161
  5.5144  2.9587  0.9935  0.6393 25.4317
  4.8954  3.1157  0.9868  1.2159 27.0763
  5.7532  2.5219  0.9796  0.5403 20.9371
  5.2471  3.8371  0.9758  2.2858 34.7850
  5.5824  1.4150  0.9844  0.4428 10.2436
  5.0859  2.7572  0.9872  0.9080 23.3435
  5.5375  0.3081  0.9717  1.4169  1.5901
  5.6658  2.0113  0.9907  0.6206 15.8554
  5.1775  2.3265  0.9711  0.3689 18.9677
  5.3295  3.4057  0.9810  0.9728 30.1456
  5.0475  1.0783  0.9711  1.8923  7.2942
  6.7868  3.3198  0.5631  1.1212 29.2319
  4.1750  0.6705  0.9885  2.0663  4.0414
  5.1464  1.5061  0.9686  1.5496 11.0728
  5.1846  0.7648  0.9825  2.1292  4.7546
  5.9601  3.7848  0.9739  2.0806 34.2178
  5.5090  2.3457  0.9720  0.4809 19.1601
  5.7127  1.0848  0.9857  0.6846  7.3489
  5.8285  3.0219  0.9855  0.6476 26.0923
  4.7797  3.6920  0.9722  2.5334 33.2157
  4.0287  3.5590  0.9845  0.6535 31.7852
  5.7858  3.4646  0.9721  2.2722 30.7741
  6.2005  1.7619  0.9818  0.5535 13.4582
  4.8419  4.4259  0.9693  0.2663 41.2364
  5.0676  3.1289  0.9840  1.7300 27.2151
  4.4554  1.5697  0.9862  2.1452 11.6585
  5.2593  1.5516  0.9830  0.5755 11.4906
  5.7136  3.4324  0.9751  1.3302 30.4303
  6.2348  3.1618  0.9874  2.8714 27.5614
  4.8661  3.6677  0.9806  0.8466 32.9539
  5.8817  2.2382  0.9860  1.8323 18.0874
  5.1180  3.0802  0.9966  1.6140 26.7031
  4.5328  3.7863  0.9980  2.2433 34.2340
  5.4560  2.4925  0.9870  2.7485 20.6390
  5.4868  1.6027  0.9927  1.4442 11.9643
  4.8801  2.3861  0.9963  1.0854 19.5652
  5.2016  3.1813  0.9975  0.6321 27.7668
  5.0727  1.3460  0.9681  0.9257  9.6242
  5.2520  1.6281  0.9751  0.7283 12.2004
  5.5105  2.3580  0.9789  0.9220 19.2827
  6.4728  2.7262  0.8062  0.5933 23.0240
  6.4017  0.8757  0.9686  1.9374  5.6258
  5.8721  1.4629  0.9696  0.7105 10.6779
  5.4807  4.0394  0.9821  0.8024 36.9872
  5.2986  1.9823  0.9772  1.1617 15.5735
  5.1441  0.7701  0.9721  2.4491  4.7958
  4.5391  4.2599  0.9708  2.1997 39.4044
  5.6823  4.1661  0.9770  0.0701 38.3739
  4.4366  1.3191  0.9902  2.2353  9.3844
  4.9544  3.5904  0.9742  1.4067 32.1217
  4.6363  0.7759  0.9808  0.5476  4.8402
  5.3959  3.1512  0.9798  0.9654 27.4498
  5.2992  2.0990  0.9888  1.6841 16.7122
  5.6690  1.5392  0.9974  0.8195 11.3762
  5.2508  1.6318  0.9689  2.2302 12.2345
  6.1870  1.0343  0.9785  1.1466  6.9242
  4.7832  2.5502  0.9797  1.9197 21.2246
  5.5204  0.8373  0.9724  1.9789  5.3207
  4.6388  1.8940  0.9857  0.5689 14.7197
  6.1650  1.1549  0.9892  1.4393  7.9477
  4.7436  3.0678  0.9970  1.6439 26.5729
  5.5220  2.7832  0.9848  1.4668 23.6121
  5.0522  2.4804  0.9725  1.1704 20.5165
  5.4622  1.4748  0.9872  1.1583 10.7864
  5.6787  2.8798  0.9901  1.7583 24.6117
  5.4483  1.7181  0.9869  0.7293 13.0442
  5.4761  1.5524  0.9980  1.4892 11.4987
  5.2084  1.4461  0.9966  2.4568 10.5256
  5.1690  3.2175  0.9775  2.0084 28.1483
  4.8810  2.8801  0.9802  1.0401 24.6148
  6.1179  2.4144  0.9968  2.2911 19.8494
  4.9996  1.4261  0.9695  0.4962 10.3437
  5.8835  2.9612  0.9752  0.7311 25.4587
  5.6658  1.3198  0.9735  0.8327  9.3904
  4.9275  1.7871  0.9774  0.5403 13.6977
  4.8953  2.5773  0.9812  1.8028 21.5004
  5.4618  3.4510  0.9956  1.0515 30.6293
  6.3692  1.6628  0.9716  0.8412 12.5241
  5.6817  4.0485  0.9794  1.0962 37.0858
  5.1666  1.8102  0.9728  0.0916 13.9177
  4.2364  1.2377  0.9940  0.7162  8.6663
  5.6574  0.7043  0.9727  1.6420  4.2941
  5.6109  3.8366  0.9867  1.4798 34.7796
  5.6360  0.7525  0.9811  0.9186  4.6602
  5.3223  2.1146  0.9725  1.0117 16.8659
  5.1677  2.0809  0.9690  1.0924 16.5347
  4.6543  1.7110  0.9833  1.4529 12.9771
  4.8584  2.1228  0.9914  2.2260 16.9465
  6.5540  1.5089  0.9279  0.7327 11.0978
  4.3238  1.5098  0.9807  0.3078 11.1069
  4.6369  0.5513  0.9745  1.9597  3.1799
  5.3885  3.6793  0.9746  0.3256 33.0781
  5.6329  4.1961  0.9683  0.7099 38.7037
  5.8077  1.6106  0.9831  1.1206 12.0373
  5.7850  1.7840  0.9948  1.4434 13.6675
  4.1049  3.6552  0.9772  0.3607 32.8184
  6.0437  1.0351  0.9980  1.2093  6.9307
  5.3962  1.8977  0.9817  1.4829 14.7551
  5.0703  2.9385  0.9684  0.4494 25.2214
  5.2213  2.9669  0.9944  1.3506 25.5176
  6.2284  1.1971  0.9682  1.5828  8.3126
  5.2116  2.6030  0.9860  0.6466 21.7622
  4.5882  1.0845  0.9895  0.6276  7.3468
  5.1725  1.5860  0.9957  0.7664 11.8092
  4.8518  3.6578  0.9971  2.3386 32.8463
  4.6138  4.2452  0.9765  1.1766 39.2425
  6.5951  3.6919  0.8993  0.9273 33.2142
  4.8493  3.5938  0.9933  0.9052 32.1581
  4.4349  3.7509  0.9979  2.1140 33.8513
  5.2425  2.8670  0.9926  0.8570 24.4792
  5.1073  3.2639  0.9846  1.9678 28.6394
  6.3740  1.1863  0.9858  1.3227  8.2191
  5.4986  1.8297  0.9699  0.5767 14.1037
  5.5127  2.7117  0.9829  0.7955 22.8751
  5.8896  0.8114  0.9501  0.3502  5.1172
  6.2219  0.8242  0.9737  1.8590  5.2171
  5.3260  3.2174  0.9813  0.6562 28.1474
  6.6799  2.6881  0.9217  0.6366 22.6324
  5.5020  1.5900  0.9752  1.6940 11.8458
  5.0412  1.6055  0.9888  2.1123 11.9898
  5.0323  1.0481  0.9899  0.8922  7.0401
  5.6524  2.6760  0.9945  1.3293 22.5085
  3.7698  2.2781  0.9980  1.0707 18.4840
  4.4540  1.2785  0.9830  1.1896  9.0245
  6.2393  0.8729  0.9718  1.0329  5.6032
  4.8082  3.8758  0.9971  0.8423 35.2043
  5.7742  3.7006  0.9683  1.8588 33.3078
  5.5315  4.0315  0.9966  0.7322 36.9009
  6.1642  0.8704  0.9941  1.4753  5.5838
  5.3161  4.0618  0.9723  1.0003 37.2319
  6.1866  1.6415  0.9731  0.9229 12.3249
  5.8200  2.8350  0.9957  2.2759 24.1468
  5.2945  1.4996  0.9706  0.7929 11.0134
  4.5727  1.6676  0.9928  1.2962 12.5697
  5.8803  0.7845  0.9863  1.7830  4.9072
  4.1934  1.3852  0.9836  1.7580  9.9749
  5.4349  1.4450  0.9727  1.5371 10.5157
  5.2754  3.7838  0.9731  1.1560 34.2072
  5.1585  1.8422  0.9802  1.5410 14.2232
  4.9394  1.4554  0.9883  0.8361 10.6101
  5.5993  2.9764  0.9756  1.2232 25.6170
  4.0155  2.6613  0.9672  2.0434 22.3586
  5.8905  3.5778  0.9753  0.2752 31.9868
  5.1378  4.3753  0.9806  1.1866 40.6770
  5.2426  3.4246  0.9726  0.5948 30.3474
  4.6311  0.5351  0.9822  0.4035  3.0662
  6.8582  2.2789  0.5934  0.8933 18.4922
  4.2592  0.9777  0.9880  1.4028  6.4544
  5.8295  1.7960  0.9843  1.8066 13.7821
  5.7003  3.7529  0.9774  1.9484 33.8728
  5.2785  2.7884  0.9675  1.2179 23.6658
  5.3613  2.3921  0.9734  0.5676 19.6251
  5.3001  1.6100  0.9731  2.7183 12.0322
  6.0571  3.3234  0.9906  0.6848 29.2704
  5.5950  2.0384  0.9757  2.2530 16.1188
  5.0028  4.4631  0.9943  2.1008 41.6474
  4.5043  3.7553  0.9749  2.3100 33.8985
  5.1001  2.2744  0.9753  0.7613 18.4469
  5.2060  2.8584  0.9886  1.1066 24.3892
  6.4444  3.3518  0.9723  0.3926 29.5724
  5.2668  3.5060  0.9760  1.0960 31.2171
  5.5056  2.2993  0.9672  0.5409 18.6957
  4.1087  4.3994  0.9897  2.3428 40.9428
  5.5596  2.3760  0.9783  0.3858 19.4632
  4.1737  3.2847  0.9692  0.6278 28.8594
  5.7404  3.4191  0.9837  1.9229 30.2883
  5.2634  3.2756  0.9767  1.2154 28.7637
  4.9646  4.1764  0.9669  2.4882 38.4868
  5.5273  1.3205  0.9683  0.5156  9.3964
  5.3225  1.9172  0.9874  0.7351 14.9431
  5.2862  1.6664  0.9847  1.7444 12.5581
  6.2616  1.3419  0.9679  1.0195  9.5873
  6.1098  3.6077  0.9809  0.5382 32.3082
  5.2807  2.1174  0.9795  0.2631 16.8931
  5.1673  4.1843  0.9822  1.9006 38.5738
  4.5457  2.6890  0.9974  1.5017 22.6425
  5.9612  3.1388  0.9885  1.3369 27.3189
  4.7823  1.9833  0.9785  0.8327 15.5832
  5.0738  3.4223  0.9908  0.9714 30.3226
  5.1882  2.9226  0.9717  0.8364 25.0568
  6.6284  1.6931  0.5789  2.3091 12.8090
  5.7568  2.7157  0.9717  0.5309 22.9163
  5.4072  0.7974  0.9816  1.7148  5.0072
  5.9355  1.6372  0.9926  0.7874 12.2852
  3.9783  4.2615  0.9937  1.4321 39.4227
  6.0204  2.7566  0.9695  1.8647 23.3372
  5.7722  2.2259  0.9972  1.8133 17.9650
  5.7053  1.3945  0.9843  0.2500 10.0587
  4.7331  3.3619  0.9976  2.6272 29.6796
  5.5992  2.6612  0.9808  2.2000 22.3573
  5.0923  1.1381  0.9838  0.0644  7.8032
  5.5185  3.3458  0.9931  2.1887 29.5086
  6.0999  1.3553  0.9862  1.2071  9.7072
  4.9139  0.7731  0.9892  2.4159  4.8191
  6.2631  1.7232  0.9670  2.6588 13.0918
  5.4234  1.8997  0.9793  1.4599 14.7744
  5.0791  2.9692  0.9704  1.3319 25.5418
  5.9006  1.3137  0.9768  3.0923  9.3365
  5.7559  1.0232  0.9945  0.8789  6.8317
  4.3475  3.4253  0.9778  1.5279 30.3551
  5.2213  2.2213  0.9684  0.8099 17.9195
  5.2185  1.7117  0.9706  1.4966 12.9835
  4.8203  3.7655  0.9828  1.2490 34.0093
  3.8153  3.6557  0.9791  1.9352 32.8238
  4.4784  4.0630  0.9762  1.8137 37.2451
  5.3663  3.7335  0.9824  1.2786 33.6629
  5.6606  1.3429  0.9945  0.4886  9.5959
  6.7271  3.6199  0.6354  0.6622 32.4393
  3.7202  3.9267  0.9789  1.4215 35.7584
  5.6212  0.8810  0.9892  0.4605  5.6685
  5.0374  1.9413  0.9926  0.3949 15.1759
  5.5550  2.4980  0.9808  0.1529 20.6946
  5.4850  1.4659  0.9774  0.7878 10.7056
  5.2102  1.6609  0.9959  1.7865 12.5067
  4.7559  3.2234  0.9781  2.3502 28.2113
  6.3918  0.7751  0.9693  1.1523  4.8345
  5.3128  4.0545  0.9890  1.1121 37.1514
  5.4633  0.8684  0.9729  2.6215  5.5674
  6.0350  3.8651  0.9772  1.0552 35.0887
  4.3340  3.1990  0.9724  0.5685 27.9535
  5.9075  2.3419  0.9925  1.7354 19.1213
  5.9109  0.8899  0.9867  0.8249  5.7399
  5.3411  2.5661  0.9980  0.7719 21.3859
  3.9991  3.1681  0.9835  0.9478 27.6272
  5.6160  2.2322  0.9702  1.6261 18.0270
  3.8460  0.9683  0.9826  0.3391  6.3770
  5.3023  2.5889  0.9877  1.2625 21.6180
  4.9806  3.1942  0.9895  1.5786 27.9022
  5.9652  0.6862  0.9718  1.7998  4.1579
  4.1797  3.6642  0.9808  1.3379 32.9160
  5.6411  3.2990  0.9797  0.9723 29.0118
  5.8299  1.9638  0.9892  1.6958 15.3941
  5.7906  4.4229  0.9667  1.9836 41.2029
  4.0683  3.8561  0.9758  2.0063 34.9906
  4.8597  1.7267  0.9925  2.0984 13.1249
  5.9112  4.0644  0.9901  0.7454 37.2598
  5.7572  2.0152  0.9762  2.2265 15.8931
  6.1256  3.2650  0.9676  2.1131 28.6513
  4.8100  3.1716  0.9817  1.2775 27.6645
  3.7585  4.4119  0.9958  2.4847 41.0814
  5.2382  0.7702  0.9813  0.4601  4.7965
  6.8112  1.3652  0.5192  2.6858  9.7957
  4.8315  3.0148  0.9862  2.3513 26.0177
  4.9942  1.2315  0.9760  1.9807  8.6123
  5.2333  2.8880  0.9931  1.6657 24.6969
  5.1257  0.9683  0.9924  2.4184  6.3770
  6.7273  2.6126  0.5795  0.6124 21.8600
  4.6572  1.8786  0.9671  0.4220 14.5719
  4.0854  1.9809  0.9782  1.8397 15.5595
  4.3249  4.0157  0.9802  0.8836 36.7284
  5.3868  1.3002  0.9973  0.7793  9.2162
  5.6689  1.0954  0.9750  0.7152  7.4395
  6.0668  4.1915  0.9956  2.2152 38.6525
  5.6149  3.4547  0.9678  1.0393 30.6679
  4.8370  2.6136  0.9943  1.7145 21.8704
  5.1232  2.1612  0.9672  2.6869 17.3247
  5.4549  4.2388  0.9752  0.6694 39.1721
  5.4273  1.7059  0.9980  2.1769 12.9294
  5.6231  3.1617  0.9891  1.2137 27.5594
  5.0102  2.3651  0.9877  1.5033 19.3540
  4.7981  2.5974  0.9846  0.6578 21.7049
  3.6036  1.4464  0.9858  1.1120 10.5284
  4.5612  4.1922  0.9743  1.6307 38.6600
  5.2013  3.4780  0.9717  1.4523 30.9173
  5.2436  1.1186  0.9879  1.0997  7.6364
  4.3686  2.7400  0.9827  1.9881 23.1660
  5.3131  3.3074  0.9978  0.6636 29.1001
  6.7394  3.4268  0.5671  1.0700 30.3703
  4.9022  1.3099  0.9924  1.5841  9.3025
  5.6545  2.6806  0.9858  2.0112 22.5562
  5.8820  2.1927  0.9960  0.4724 17.6357
  5.1615  1.9368  0.9745  1.1249 15.1324
  5.2837  1.2374  0.9740  1.3395  8.6640
  5.9411  1.5702  0.9771  1.4585 11.6626
  5.1744  3.5080  0.9896  0.4972 31.2377
  4.8721  2.7353  0.9925  0.3137 23.1179
  5.2994  0.8346  0.9973  2.2521  5.2991
  4.9181  1.9648  0.9748  1.7473 15.4033
  4.6286  4.2014  0.9723  1.6458 38.7618
  5.2986  3.0115  0.9936  1.3714 25.9830
  5.9198  2.1809  0.9838  1.3375 17.5191
  4.3919  2.7463  0.9980  0.1441 23.2311
  5.1977  1.5407  0.9980  0.6507 11.3902
  6.0982  3.3121  0.9973  1.3117 29.1506
  4.6401  1.4239  0.9976  2.2570 10.3237
  5.3316  3.4271  0.9847  1.7683 30.3735
  4.2484  4.2883  0.9810  0.6413 39.7169
  6.0328  1.8363  0.9763  0.6823 14.1664
  5.5364  3.2346  0.9873  0.6940 28.3289
  5.4760  2.9116  0.9948  0.8535 24.9422
  4.9369  4.2077  0.9893  1.5960 38.8309
  6.4775  2.3762  0.9054  2.1041 19.4658
  5.1804  0.8680  0.9801  0.6671  5.5641
  5.8851  2.6290  0.9755  2.2803 22.0275
  5.3229  3.1389  0.9980  0.7486 27.3202
  5.8473  2.8033  0.9787  0.9849 23.8197
  5.3327  2.9050  0.9980  0.8407 24.8730
  5.6722  1.0494  0.9900  2.0475  7.0513
  3.9948  3.2414  0.9731  1.2970 28.4012
  6.3314  3.4150  0.9770  1.8571 30.2444
  5.6411  1.0280  0.9980  0.2090  6.8717
  4.8782  3.0242  0.9756  1.8678 26.1168
  6.8027  2.0255  0.7204  0.9783 15.9936
  5.3349  1.0604  0.9830  1.7758  7.1436
  5.1939  2.3168  0.9891  1.6194 18.8702
  4.7980  3.1095  0.9966  1.0292 27.0110
  6.1476  0.8735  0.9837  1.5919  5.6081
  4.9606  2.2973  0.9827  2.5649 18.6758
  6.1747  2.1580  0.9785  0.9524 17.2929
  5.1188  1.7992  0.9958  1.0001 13.8124
  5.4858  1.3591  0.9884  0.5259  9.7410
  5.1947  2.7009  0.9667  1.2325 22.7639
  6.8191  0.5232  0.8162  0.5601  2.9841
  4.4998  3.9567  0.9960  1.4075 36.0846
  5.4738  0.8251  0.9697  0.3054  5.2244
  5.1738  1.2921  0.9752  0.3585  9.1445
  5.1988  2.1709  0.9928  2.8036 17.4206
  5.4668  2.0088  0.9784  0.5879 15.8311
  5.4535  2.8571  0.9688  1.0964 24.3756
  5.4009  0.3385  0.9757  2.6277  1.7749
  5.4115  2.2485  0.9798  1.1949 18.1889
  5.6221  2.7953  0.9949  1.4751 23.7370
  5.3484  2.4937  0.9932  2.4964 20.6512
  4.9324  4.3701  0.9695  0.3657 40.6190
  5.0632  4.4642  0.9789  1.1862 41.6596
  4.1934  1.4951  0.9945  1.6458 10.9715
  4.7679  0.8601  0.9670  0.6897  5.5013
  5.4359  2.7551  0.9978  2.1449 23.3219
  4.7325  2.5574  0.9691  1.4802 21.2972
  5.1191  2.2302  0.9786  1.3836 18.0076
  6.3223  3.4046  0.8852  1.4829 30.1338
  4.9870  2.2834  0.9855  0.5284 18.5369
  5.5213  1.8048  0.9704  0.2600 13.8660
  5.7166  1.8798  0.9858  1.3374 14.5835
  5.1153  3.4246  0.9934  0.9789 30.3473
  4.9350  3.5707  0.9941  0.3177 31.9105
  5.2748  2.2914  0.9668  2.2804 18.6162
  5.2512  3.0917  0.9816  1.3023 26.8235
  5.5056  1.7573  0.9756  0.6017 13.4151
  4.7163  4.4426  0.9833  1.9459 41.4209
  5.5843  4.4985  0.9919  2.0183 42.0404
  5.5829  2.2001  0.9804  1.1921 17.7093
  5.3511  3.0809  0.9857  0.4432 26.7099
  4.7156  3.6096  0.9734  1.4972 32.3287
  4.9769  0.9959  0.9940  0.9476  6.6047
  5.2215  3.1494  0.9740  1.7811 27.4299
  5.9677  2.9258  0.9820  1.2784 25.0899
  5.0846  1.8140  0.9763  1.9363 13.9538
  5.7033  2.0529  0.9698  0.9104 16.2605
  4.4168  4.2454  0.9835  1.5054 39.2450
  5.5735  1.9763  0.9677  1.3523 15.5148
  4.4125  3.3656  0.9702  1.9588 29.7191
  4.6123  2.1349  0.9890  1.7804 17.0651
  5.6891  4.3228  0.9764  1.8474 40.0977
  3.6326  3.9672  0.9886  0.7699 36.1991
  5.2398  2.1156  0.9880  0.9178 16.8750
  5.1446  3.7414  0.9836  1.8089 33.7487
  5.3761  0.9792  0.9737  1.3711  6.4665
  4.1648  2.0545  0.9902  2.1048 16.2765
  5.1403  1.7213  0.9896  1.6959 13.0746
  6.1958  1.7693  0.9754  2.3361 13.5288
  5.7779  3.0217  0.9676  1.2122 26.0903
  6.9503  1.4996  0.4706  1.3351 11.0131
  6.6447  2.8314  0.7005  1.1367 24.1100
  4.9957  1.7367  0.9742  1.7333 13.2199
  5.4274  3.4737  0.9847  1.0296 30.8715
  3.7360  3.3290  0.9938  0.9749 29.3294
  5.0810  2.8543  0.9822  1.9155 24.3472
  5.4622  3.9403  0.9805  0.5598 35.9063
  6.2863  3.5866  0.9959  0.1898 32.0813
  5.2070  2.7294  0.9846  0.1117 23.0574
  4.9195  0.8944  0.9711  0.9441  5.7762
  5.6348  1.0818  0.9733  1.0596  7.3239
  3.9302  0.5871  0.9672  1.5733  3.4330
  5.6206  1.3879  0.9757  2.5266  9.9994
  6.6814  1.9533  0.9049  1.1386 15.2924
  5.0975  2.3930  0.9895  1.5569 19.6340
  5.1498  3.9944  0.9795  1.6595 36.4958
  5.0612  4.1116  0.9812  0.4368 37.7770
  4.8328  3.2485  0.9752  2.6565 28.4759
  3.6566  1.9733  0.9937  1.7259 15.4858
  5.4076  1.9372  0.9683  2.2495 15.1363
  5.3103  3.1696  0.9699  1.7042 27.6430
  4.2093  2.1203  0.9727  2.0017 16.9213
  4.7174  4.2605  0.9770  0.3161 39.4108
  4.7814  1.0977  0.9846  1.2050  7.4588
  5.4880  1.5341  0.9975  0.5692 11.3299
  5.9848  2.0533  0.9790  1.4279 16.2643
  5.5842  3.7659  0.9786  1.2615 34.0131
  4.5065  0.9258  0.9776  0.4884  6.0297
  5.8617  2.0072  0.9961  0.9248 15.8148
  5.3013  3.9018  0.9832  0.4205 35.4875
  5.9084  1.4236  0.9980  1.8958 10.3212
  5.2486  3.7628  0.9801  1.0623 33.9805
  5.2948  1.8579  0.9895  1.9802 14.3727
  5.3781  1.5673  0.9792  2.0789 11.6354
  5.4360  1.9841  0.9933  1.7233 15.5909
  5.3403  0.5475  0.9718  0.7801  3.1531
  5.8928  2.5004  0.9708  1.1542 20.7187
  4.7341  4.3097  0.9980  1.8593 39.9527
  5.0209  3.2775  0.9818  1.7066 28.7831
  5.3500  3.4097  0.9804  1.9403 30.1879
  5.4644  3.8064  0.9898  0.4139 34.4518
  3.7433  1.2008  0.9671  2.9362  8.3448
  5.7477  0.9818  0.9717  0.5039  6.4882
  5.1229  2.5144  0.9926  0.4008 20.8607
  4.8415  1.1471  0.9792  1.9611  7.8806
  4.4774  0.7030  0.9766  0.5465  4.2841
  4.6500  1.2684  0.9683  1.7149  8.9357
  5.1426  1.5322  0.9762  2.9077 11.3119
  5.5781  2.2848  0.9762  0.7477 18.5512
  5.2536  4.3483  0.9743  1.8349 40.3787
  5.7586  2.6634  0.9931  0.7336 22.3796
  4.9929  1.2355  0.9958  0.8264  8.6473
  5.4374  3.7600  0.9890  1.7078 33.9497
  5.7862  1.1780  0.9887  2.3180  8.1472
  4.7807  1.3229  0.9721  1.3778  9.4182
  6.9017  1.0293  0.3857  2.7913  6.8826
  4.6887  2.3511  0.9923  1.2625 19.2136
  5.4473  3.1210  0.9873  0.6333 27.1320
  5.1935  3.7891  0.9730  1.0432 34.2650
  5.1499  2.3777  0.9863  0.8593 19.4806
  5.0300  3.2029  0.9779  2.6513 27.9948
  4.1722  2.7897  0.9819  0.7723 23.6786
  5.5272  1.8611  0.9889  1.1958 14.4037
  5.3090  3.4796  0.9682  2.0442 30.9340
  5.2759  1.3299  0.9933  1.2536  9.4801
  5.1815  3.3493  0.9780  0.8565 29.5457
  5.1938  1.9757  0.9818  2.6540 15.5092
  5.1465  4.1538  0.9957  1.2866 38.2385
  5.6486  0.9937  0.9750  1.0194  6.5865
  6.0830  0.2585  0.9743  1.5043  1.2987
  5.4517  1.0900  0.9869  1.1637  7.3936
  4.4848  1.1565  0.9704  2.1310  7.9616
  4.3894  2.6042  0.9824  1.3364 21.7742
  5.7828  1.7914  0.9721  1.8521 13.7386
  5.4487  1.4808  0.9735  1.0204 10.8410
  5.6297  1.8226  0.9814  0.9717 14.0358
  4.5595  3.7512  0.9906  1.9817 33.8551
  4.8535  1.9665  0.9901  2.3127 15.4202
  3.8152  1.9737  0.9712  1.3787 15.4898
  6.0823  1.2170  0.9779  0.8939  8.4856
  5.3890  1.3514  0.9681  1.3693  9.6720
  5.3253  0.3136  0.9867  0.3600  1.6237
  4.8286  1.8808  0.9978  2.0614 14.5932
  3.6103  2.1657  0.9759  0.3862 17.3693
  5.0810  3.6332  0.9926  0.4430 32.5824
  5.0151  1.3360  0.9762  1.1573  9.5350
  4.8268  4.3186  0.9859  1.4301 40.0510
  5.3746  2.7507  0.9700  1.9944 23.2766
  4.1498  2.0913  0.9829  1.4221 16.6371
  3.9733  2.1396  0.9755  1.6722 17.1119
  5.9086  3.7114  0.9894  2.4867 33.4243
  4.9252  3.0838  0.9885  0.6667 26.7408
  5.1944  2.9375  0.9829  1.7833 25.2111
  5.4389  2.5060  0.9898  2.2415 20.7754
  4.5827  3.7434  0.9954  0.8870 33.7700
  5.4193  2.4678  0.9959  0.5685 20.3884
  5.2037  4.3195  0.9685  0.9871 40.0613
  6.1207  3.2457  0.9923  2.3405 28.4469
  4.4560  2.2684  0.9810  1.3425 18.3878
  4.3970  2.4981  0.9962  0.8706 20.6953
  5.7844  0.6556  0.9790  0.1778  3.9307
  5.8716  3.2830  0.9673  2.3218 28.8414
  5.0249  1.0680  0.9850  1.1558  7.2074
  5.8034  1.7853  0.9695  1.1142 13.6804
  4.6057  4.1298  0.9738  0.6924 37.9756
  5.1659  2.2566  0.9906  1.2974 18.2696
  5.5330  2.9605  0.9794  1.3432 25.4513
  5.3234  1.7411  0.9943  1.2337 13.2617
  5.0799  2.6538  0.9762  1.4033 22.2818
  4.9921  2.8683  0.9816  0.4722 24.4925
  5.5854  1.9211  0.9980  0.9770 14.9808
  5.4273  3.7366  0.9776  0.7564 33.6963
  6.0914  4.1409  0.9771  1.7476 38.0976
  4.7800  4.4525  0.9883  1.9356 41.5301
  5.2239  4.0703  0.9761  1.3869 37.3242
  5.4228  1.1433  0.9928  1.9954  7.8476
  6.5123  2.0472  0.8039  0.9542 16.2055
  6.1600  0.9173  0.9881  1.2195  5.9606
  4.3892  2.6036  0.9958  2.3672 21.7681
  5.9304  4.2128  0.9934  0.4383 38.8868
  6.4204  2.7276  0.9934  1.7106 23.0391
  5.2618  4.0472  0.9922  1.8587 37.0718
  5.7972  2.2479  0.9668  0.8342 18.1837
  5.0573  1.2351  0.9878  1.6801  8.6433
  6.0548  0.3550  0.9792  2.5933  1.8770
  4.9747  0.7574  0.9757  1.9680  4.6976
  6.0788  1.2637  0.9717  1.4051  8.8947
  4.2524  2.0575  0.9951  0.1594 16.3060
  4.0754  0.5330  0.9716  1.0610  3.0517
  5.4782  1.9599  0.9718  1.1363 15.3559
  5.4254  2.9661  0.9792  2.8138 25.5098
  6.2729  1.8871  0.9737  0.3773 14.6533
  5.1197  1.0462  0.9759  1.0613  7.0239
  5.7492  2.5982  0.9755  2.0636 21.7127
  5.9986  1.6539  0.9919  0.8236 12.4415
  5.3080  2.9451  0.9931  0.9719 25.2903
  5.4395  2.1548  0.9732  0.5223 17.2613
  4.2149  1.0295  0.9960  1.9756  6.8841
  6.3623  2.7505  0.9730  1.5641 23.2743
  5.7066  1.3576  0.9819  1.2881  9.7271
  4.0841  4.1089  0.9894  0.7690 37.7467
  5.3446  3.7987  0.9962  1.8458 34.3685
  5.9294  1.8179  0.9845  2.1802 13.9909
  4.9074  1.3061  0.9868  0.9811  9.2685
  5.3538  4.1372  0.9767  1.3713 38.0570
  4.7700  1.5515  0.9747  1.1556 11.4901
  5.5104  4.3282  0.9742  0.2786 40.1566
  6.2044  2.3030  0.9846  1.2361 18.7322
  3.9469  2.2656  0.9979  1.4473 18.3591
  4.8532  3.1410  0.9710  0.1715 27.3415
  5.6084  1.6493  0.9932  1.2643 12.3986
  5.6103  3.8274  0.9721  1.1284 34.6792
  5.4699  2.3118  0.9712  1.5161 18.8209
  5.9521  2.9507  0.9958  2.3924 25.3491
  5.2288  2.3443  0.9673  1.0713 19.1456
  6.0096  4.2359  0.9942  0.8762 39.1407
  5.9713  3.2385  0.9800  0.7935 28.3711
  5.1265  2.1590  0.9867  2.8723 17.3029
