  5.1260  3.1184  0.9766  0.9282 27.1038
  5.6045  2.9212  0.9735  1.0259 25.0420
  6.9327  4.2451  0.4244  2.8073 39.2419
  4.0744  3.3580  0.9980  0.2915 29.6380
  5.7080  3.5139  0.9811  1.2952 31.3009
  6.3706  1.4516  0.9798  1.0590 10.5756
  6.8957  1.8663  0.4799  2.2434 14.4535
  5.3289  2.0772  0.9907  1.6555 16.4989
  6.2555  2.6301  0.9919  0.1140 22.0388
  4.5506  1.1273  0.9978  2.3085  7.7107
  6.7864  1.6868  0.8682  1.4288 12.7496
  4.9712  3.9310  0.9717  0.3430 35.8044
  6.8043  2.8826  0.5276  1.4827 24.6409
  6.4850  1.7294  0.8685  1.5203 13.1511
  5.4333  2.9785  0.9873  1.1054 25.6389
  5.7831  3.1278  0.9778  0.2838 27.2031
  5.1572  3.1127  0.9930  1.7869 27.0446
  6.7081  1.3755  0.6047  1.3394  9.8877
  5.9830  2.9991  0.9678  0.4385 25.8534
  6.1471  1.7654  0.9751  0.6814 13.4909
  6.2922  4.2570  0.9715  0.9815 39.3731
  5.7386  4.2795  0.9980  1.3175 39.6208
  5.9147  1.8385  0.9704  0.9648 14.1874
  5.4950  2.2005  0.9834  2.1962 17.7131
  5.7378  3.2616  0.9927  0.8359 28.6146
  5.4916  3.5461  0.9856  0.8504 31.6468
  6.5636  0.7126  0.8388  2.3840  4.3564
  5.8227  3.2744  0.9967  1.1924 28.7504
  5.9508  1.1295  0.9980  1.2721  7.7298
  5.8803  1.1964  0.9892  1.5188  8.3067
  6.3546  3.9582  0.9846  2.8869 36.1007
  5.8025  1.8174  0.9726  2.2806 13.9858
  6.0190  2.1501  0.9973  0.7094 17.2149
  5.5048  2.6021  0.9870  0.5397 21.7525
  6.1146  1.6816  0.9866  1.8698 12.7012
  5.5790  2.8348  0.9980  1.6083 24.1450
  5.4908  4.4091  0.9726  1.3710 41.0507
  5.6384  2.8987  0.9675  1.9806 24.8081
  5.2890  3.5672  0.9736  0.4104 31.8722
  5.7629  2.2031  0.9909  1.4833 17.7392
  6.5564  1.9094  0.8259  0.9636 14.8684
  6.5342  0.8640  0.8859  1.0592  5.5322
  6.1653  2.1664  0.9733  1.6066 17.3757
  5.5986  3.1765  0.9885  0.5277 27.7160
  6.4665  0.8215  0.9554  0.4614  5.1964
  4.3418  1.4371  0.9969  1.7629 10.4433
  5.5396  1.2882  0.9753  0.9668  9.1105
  5.7242  3.3803  0.9938  0.6319 29.8746
  5.2583  3.4066  0.9716  1.4788 30.1547
  4.5560  3.6487  0.9781  2.7396 32.7491
  6.8650  1.3730  0.5422  0.6403  9.8656
  5.2752  3.4319  0.9703  0.8343 30.4254
  6.1514  1.5529  0.9768  1.6606 11.5028
  6.0637  2.3116  0.9731  1.0448 18.8187
  4.7189  2.7498  0.9682  0.7243 23.2675
  5.9911  3.2790  0.9938  0.6577 28.7992
  5.4310  2.3733  0.9947  2.3016 19.4367
  4.8730  0.4839  0.9669  3.0423  2.7147
  6.7460  1.4276  0.6154  0.7949 10.3571
  5.5691  3.3251  0.9917  0.3581 29.2881
  6.0251  1.0988  0.9813  2.1357  7.4681
  6.9389  3.8373  0.3630  1.9737 34.7867
  5.6425  3.3021  0.9902  2.2126 29.0439
  5.4548  2.1012  0.9980  2.0473 16.7344
  6.2076  2.2940  0.9954  0.8378 18.6424
  6.5785  0.6613  0.8613  1.8097  3.9733
  4.1360  1.5550  0.9733  0.7274 11.5224
  5.1745  2.1515  0.9917  1.0617 17.2291
  5.6422  1.6414  0.9970  1.3034 12.3245
  5.4257  1.4509  0.9753  1.6465 10.5690
  5.8192  2.1173  0.9778  0.7731 16.8921
  5.8524  3.1576  0.9921  1.9258 27.5170
  6.9197  0.9508  0.7244  0.7480  6.2338
  6.6744  4.1665  0.7010  0.0801 38.3787
  5.4520  2.8488  0.9917  2.0546 24.2904
  5.5923  3.7399  0.9801  1.3589 33.7325
  5.4648  0.9999  0.9691  0.2233  6.6380
  6.2380  1.9687  0.9905  1.6281 15.4408
  5.1566  3.9506  0.9674  1.6979 36.0184
  6.2351  1.1765  0.9677  1.0036  8.1340
  6.3992  1.7729  0.9886  0.2383 13.5628
  5.7365  3.3675  0.9844  1.3557 29.7390
  5.9681  1.8992  0.9980  0.1659 14.7695
  5.7113  3.4123  0.9920  1.1790 30.2163
  6.5921  3.4004  0.8001  0.2811 30.0896
  5.3004  4.1630  0.9819  0.4555 38.3403
  6.1168  3.8812  0.9724  0.9786 35.2638
  5.9949  1.7866  0.9724  0.2985 13.6928
  6.3663  1.0153  0.9899  2.8649  6.7662
  6.1797  3.7474  0.9829  2.1922 33.8138
  5.6691  2.3543  0.9858  0.5652 19.2456
  5.8193  2.0193  0.9833  1.0635 15.9325
  5.8409  4.2432  0.9690  0.1570 39.2206
  4.7748  0.9556  0.9980  0.4045  6.2729
  5.6434  3.5652  0.9980  1.1467 31.8508
  5.5609  2.7036  0.9813  0.5770 22.7920
  6.7581  3.6715  0.8411  0.9082 32.9947
  6.2703  1.8775  0.9980  2.6424 14.5615
  6.2804  1.3719  0.9980  2.3763  9.8557
  5.6595  4.2804  0.9680  0.8990 39.6302
  5.4091  1.7761  0.9723  1.5571 13.5924
  5.4164  3.0822  0.9694  2.7627 26.7245
  5.0877  1.2786  0.9773  1.5260  9.0259
  5.4581  3.0345  0.9850  0.9598 26.2242
  6.3825  1.6990  0.9740  0.9529 12.8645
  4.7799  1.3257  0.9805  0.8777  9.4433
  5.2059  2.6236  0.9878  1.2571 21.9720
  6.2037  1.5774  0.9713  2.0765 11.7290
  6.3989  1.0575  0.9670  0.7939  7.1188
  5.7571  3.5832  0.9678  0.3061 32.0443
  6.1745  1.9468  0.9943  0.7830 15.2295
  5.1126  4.1554  0.9680  1.3658 38.2563
  6.6586  2.3352  0.8397  1.2469 19.0547
  6.4643  2.7848  0.9955  1.6643 23.6277
  6.2959  1.1962  0.9783  0.8538  8.3049
  5.0976  1.4703  0.9961  0.8886 10.7453
  5.4909  2.4358  0.9980  1.6320 20.0657
  5.8932  3.1243  0.9781  1.5679 27.1660
  4.5919  2.0753  0.9874  2.2470 16.4798
  5.4309  2.5240  0.9980  1.1827 20.9581
  5.3656  1.9225  0.9905  0.8052 14.9942
  5.4583  2.4328  0.9726  2.7490 20.0353
  5.3909  3.6099  0.9859  1.2671 32.3316
  5.4501  1.6869  0.9916  0.5532 12.7509
  6.6594  1.6701  0.7376  1.9593 12.5931
  5.2003  3.9402  0.9897  1.4244 35.9054
  6.1474  2.3786  0.9924  1.8190 19.4895
  5.7352  2.5431  0.9968  0.7014 21.1519
  5.3872  4.3343  0.9782  1.6236 40.2246
  5.9215  2.3774  0.9949  1.0249 19.4778
  5.2518  2.9042  0.9795  2.0289 24.8653
  5.9135  4.4982  0.9697  0.5123 42.0369
  6.3028  2.7169  0.9288  1.2673 22.9285
