  6.2644  3.0853  0.9875  1.9237 26.7565
  6.5181  1.0279  0.7947  0.3854  6.8710
  5.3343  3.6649  0.9966  1.7585 32.9232
  6.0531  1.1112  0.9812  0.7502  7.5735
  6.6617  2.3033  0.9433  2.2174 18.7350
  5.1718  1.9939  0.9825  0.5660 15.6863
  6.0726  2.3411  0.9735  1.0758 19.1131
  6.3148  1.8944  0.9980  1.6099 14.7238
  5.8614  2.5950  0.9770  1.4346 21.6809
  5.3488  1.7730  0.9979  2.2197 13.5632
  5.5067  4.2214  0.9778  1.7016 38.9811
  5.1470  1.7559  0.9731  0.8282 13.4012
  5.5790  1.5710  0.9942  1.3246 11.6697
  5.1199  3.1989  0.9698  2.1675 27.9521
  5.0925  1.3564  0.9675  2.1041  9.7166
  6.1511  1.4157  0.9813  0.8912 10.2500
  6.6195  3.0280  0.7037  1.0432 26.1560
  6.6411  4.1528  0.7821  1.8031 38.2275
  6.1389  3.1606  0.9890  0.6747 27.5486
  5.4887  3.2796  0.9767  2.3507 28.8051
  5.4825  2.4254  0.9762  0.9380 19.9608
  5.6385  2.3261  0.9907  0.9451 18.9629
  6.1751  2.8899  0.9899  1.8959 24.7161
  5.5090  4.1018  0.9912  0.2072 37.6694
  6.5233  1.1053  0.7355  2.1961  7.5236
  5.7963  2.9491  0.9878  0.2472 25.3325
  5.9123  0.8832  0.9913  1.3648  5.6860
  5.2087  4.3242  0.9966  0.5159 40.1130
  6.8955  2.9340  0.4349  0.3136 25.1747
  5.7356  2.6361  0.9771  2.3663 22.1004
  6.6731  2.4051  0.7289  1.3831 19.7562
  6.3253  2.2822  0.9853  1.1365 18.5251
  5.9913  1.6959  0.9894  0.7380 12.8354
  5.0979  3.0956  0.9855  1.2131 26.8649
  6.7595  2.0891  0.8556  0.7730 16.6152
  6.2607  1.5453  0.9768  1.0359 11.4332
  5.5757  2.9780  0.9794  2.3008 25.6340
  6.4409  2.3109  0.9501  0.5904 18.8110
  6.0435  2.9842  0.9951  1.9299 25.6982
  6.1787  2.5833  0.9759  1.0200 21.5612
  5.1599  1.5816  0.9877  2.6125 11.7682
  6.7049  3.2806  0.5742  0.2963 28.8160
  5.7970  2.9657  0.9891  1.8269 25.5049
  5.8755  0.2645  0.9711  1.2819  1.3332
  5.6768  1.4205  0.9806  1.0669 10.2930
  5.8209  3.2286  0.9863  0.8416 28.2663
  6.0040  1.0641  0.9870  0.9450  7.1746
  5.4982  1.3721  0.9753  0.8732  9.8572
  6.2812  3.1662  0.9810  1.3982 27.6076
  5.6019  1.6885  0.9980  1.2604 12.7657
  6.0152  2.5217  0.9920  1.9011 20.9343
  5.9732  1.9066  0.9946  0.9791 14.8409
  5.2511  1.4249  0.9707  0.8935 10.3330
  5.8143  3.9903  0.9894  2.3719 36.4512
  6.2327  2.9626  0.9899  2.2042 25.4724
  6.6491  2.3420  0.7097  1.0039 19.1225
  5.9218  1.2840  0.9907  1.3190  9.0732
  6.2237  1.0588  0.9790  0.4284  7.1295
  5.9437  4.2267  0.9800  1.0641 39.0395
  5.6126  0.5470  0.9946  0.1461  3.1496
  6.0179  1.6820  0.9785  2.7217 12.7049
  6.0935  2.2869  0.9774  1.9672 18.5719
  5.3575  1.8236  0.9685  1.4634 14.0450
  6.3892  1.3408  0.9971  2.5566  9.5775
  5.2999  1.1782  0.9980  2.1837  8.1482
  5.1034  3.3639  0.9784  0.8603 29.7007
  4.5986  3.7884  0.9748  0.9125 34.2567
  5.9679  3.9664  0.9728  1.7718 36.1906
  5.2236  2.8907  0.9958  1.4268 24.7250
  5.2564  2.0165  0.9764  0.6202 15.9058
  5.4735  1.6872  0.9695  1.4981 12.7531
  5.1203  1.1965  0.9823  1.1430  8.3075
  6.5758  3.9718  0.8555  2.1940 36.2497
  5.3224  2.6355  0.9727  0.9374 22.0943
  5.4104  4.1549  0.9930  1.0344 38.2508
  6.9179  3.8159  0.6067  1.9718 34.5554
  6.7984  1.4045  0.6510  1.7658 10.1487
  5.4872  3.8441  0.9980  0.5714 34.8609
  5.7606  2.6361  0.9776  1.0891 22.1003
  5.2181  3.5029  0.9770  1.3811 31.1833
  6.6754  1.6243  0.6647  0.7881 12.1645
  5.8266  1.5001  0.9822  1.9317 11.0176
  6.0916  3.5985  0.9685  1.7579 32.2093
  5.9430  3.0689  0.9834  0.6028 26.5845
  6.6628  2.9058  0.9204  0.4365 24.8811
  5.6856  2.5174  0.9705  1.0540 20.8907
  6.1867  1.6966  0.9722  2.0579 12.8420
  6.1746  0.9996  0.9920  0.9568  6.6351
  6.1117  3.1323  0.9822  1.0988 27.2508
  6.3835  2.4750  0.9943  1.6600 20.4610
  6.3245  1.3058  0.9714  0.1905  9.2658
  6.7393  3.5763  0.5372  0.6213 31.9701
  4.8573  3.9961  0.9977  0.5273 36.5141
  6.0581  3.0855  0.9675  0.6379 26.7588
  5.7209  3.4107  0.9797  1.1013 30.1994
  6.7890  2.4875  0.7930  1.1521 20.5883
  5.3607  3.5281  0.9919  1.5753 31.4534
  5.2019  2.7060  0.9980  1.9697 22.8166
  5.7257  3.6115  0.9916  1.5995 32.3490
  5.6558  3.8677  0.9974  1.5288 35.1166
  6.6432  2.9312  0.7077  1.1702 25.1463
  5.4978  1.2478  0.9911  2.1329  8.7549
  6.6626  0.6118  0.9120  2.6638  3.6109
  6.6756  0.6330  0.9871  2.3858  3.7653
  6.3215  2.1439  0.9673  0.6287 17.1538
  6.1421  1.3946  0.9961  1.3998 10.0594
  5.1157  2.9723  0.9813  2.6982 25.5741
  5.9796  4.4703  0.9821  0.9831 41.7281
  6.6266  2.6427  0.8332  2.0375 22.1673
  6.8256  2.3747  0.4876  2.8481 19.4503
  6.4801  2.0534  0.9137  1.6608 16.2660
  6.0985  3.6424  0.9907  2.0942 32.6808
  6.2243  2.5210  0.9668  1.8441 20.9271
  5.5869  1.7529  0.9788  0.6897 13.3730
  6.9709  3.4987  0.3775  0.3838 31.1385
  5.2508  1.8075  0.9766  1.6936 13.8914
  5.7119  3.2816  0.9980  1.4273 28.8264
  5.3289  3.2314  0.9790  2.1701 28.2952
  6.0981  1.8489  0.9749  1.1942 14.2866
  6.6626  1.4037  0.6576  2.0324 10.1416
  6.2842  2.3217  0.9973  2.1822 18.9190
  6.3553  1.8429  0.9685  2.4336 14.2300
  5.5925  4.4815  0.9948  1.4594 41.8519
  5.8769  1.9140  0.9885  2.0646 14.9122
  5.8067  2.6483  0.9822  0.5740 22.2255
  5.9137  1.2390  0.9677  0.1432  8.6777
  5.7079  3.1588  0.9746  2.0320 27.5297
  5.6874  2.8933  0.9965  1.0939 24.7520
  5.8290  2.9709  0.9787  0.0508 25.5594
  6.4161  0.2943  0.9410  1.1388  1.5078
  5.4614  2.5723  0.9797  1.4700 21.4487
  5.8528  2.3538  0.9721  1.0241 19.2411
  4.9533  3.9625  0.9809  1.6491 36.1476
  5.6267  2.0427  0.9793  0.5885 16.1615
  6.6003  2.1957  0.6646  2.2622 17.6659
  5.5981  1.4917  0.9853  2.3966 10.9407
  5.1000  3.8934  0.9668  0.6822 35.3963
  6.6426  1.9559  0.8968  0.4293 15.3171
  6.3653  3.5065  0.9777  0.4836 31.2222
  5.2003  2.1056  0.9809  1.4664 16.7775
  6.1963  2.0700  0.9784  1.0994 16.4276
  5.8131  1.3027  0.9761  1.6086  9.2391
  6.0337  2.0304  0.9722  0.6725 16.0415
  6.0614  2.7595  0.9681  2.8798 23.3673
  6.3858  2.4239  0.9777  0.8402 19.9452
  5.5990  3.3523  0.9887  2.5916 29.5768
  6.1574  2.0742  0.9719  0.3028 16.4688
  4.8046  4.4286  0.9980  2.1931 41.2660
  5.6067  2.4607  0.9711  0.9342 20.3164
  5.6745  0.7109  0.9774  2.1042  4.3436
  6.8478  3.0953  0.4339  2.6293 26.8619
  6.0195  3.1330  0.9787  1.6177 27.2573
  5.8868  4.2148  0.9858  1.2326 38.9086
  5.4722  3.1709  0.9958  1.1738 27.6566
  5.9466  3.0054  0.9731  1.5006 25.9200
  6.6403  3.0542  0.5456  1.6030 26.4305
  5.7610  2.4183  0.9742  1.5200 19.8893
