  4.4004  3.8890  0.0000  2.2207 35.3479
  5.6978  4.0257  0.0000  1.4509 36.8376
  4.9325  2.3654  0.0000  1.0308 19.3575
  5.2244  3.4947  0.0000  1.3453 31.0956
  4.7251  1.3445  0.0000  0.3849  9.6102
  4.6043  3.2231  0.0000  1.0307 28.2076
  3.8166  1.1716  0.0000  0.1644  8.0914
  4.8722  3.3729  0.0000  1.1872 29.7961
  6.0379  3.4709  0.0000  2.1319 30.8412
  4.7723  2.1623  0.0000  2.2174 17.3355
  5.4052  2.7879  0.0000  1.9994 23.6602
  4.6727  4.3976  0.0000  1.5206 40.9233
  5.8452  0.7415  0.0000  2.7731  4.5758
  4.7779  2.9826  0.0000  1.4223 25.6812
  4.6649  1.7572  0.0000  2.3702 13.4137
  4.4400  4.3183  0.0000  2.7587 40.0481
  4.1518  2.7477  0.0000  1.9866 23.2455
  5.1405  4.1604  0.0000  1.7181 38.3112
  5.2158  1.6286  0.0000  1.0157 12.2051
  5.0179  4.0169  0.0000  1.6003 36.7412
  5.8929  2.3387  0.0000  1.7650 19.0892
  5.3742  1.9815  0.0000  0.6118 15.5649
  3.9287  3.1434  0.0000  1.2054 27.3667
  4.1714  1.8387  0.0000  1.6891 14.1894
  4.0212  3.3570  0.0000  1.9057 29.6269
  5.1446  3.5565  0.0000  1.4378 31.7575
  5.3639  4.1166  0.0000  1.3165 37.8318
  5.5220  3.5314  0.0000  2.0112 31.4894
  6.9863  2.8627  0.0000  2.3301 24.4339
  6.0301  3.4958  0.0000  1.7926 31.1080
  5.1445  1.3786  0.0000  1.0132  9.9153
  5.1372  1.0309  0.0000  2.1995  6.8955
  5.6474  1.0724  0.0000  0.7460  7.2447
  5.5077  1.4736  0.0000  0.5740 10.7755
  4.8444  4.4920  0.0000  2.0223 41.9676
  4.7673  2.1638  0.0000  0.3492 17.3498
  5.1192  0.6476  0.0000  1.6314  3.8723
  5.3403  2.1792  0.0000  0.6666 17.5019
  5.4693  3.5769  0.0000  2.7561 31.9764
  4.1463  1.3730  0.0000  1.6926  9.8656
  4.9808  1.7910  0.0000  1.8329 13.7343
  4.7257  2.7053  0.0000  1.2308 22.8099
  4.4198  2.0750  0.0000  0.3402 16.4774
  4.6527  1.4345  0.0000  2.5745 10.4203
  5.2485  1.0126  0.0000  0.9466  6.7430
  5.1059  2.5462  0.0000  1.9853 21.1833
  4.7193  3.2332  0.0000  0.6604 28.3144
  5.5217  3.5966  0.0000  0.8379 32.1880
  5.0319  2.2745  0.0000  1.7118 18.4480
  5.0433  2.0017  0.0000  1.4594 15.7618
  4.7927  1.9220  0.0000  2.1849 14.9892
  4.0713  4.3078  0.0000  1.3745 39.9323
  5.4122  3.6797  0.0000  1.0666 33.0828
  5.9487  1.1955  0.0000  0.9928  8.2988
  5.9869  4.3498  0.0000  2.3169 40.3958
  4.0235  2.4807  0.0000  1.4816 20.5194
  6.0629  3.2074  0.0000  1.8618 28.0415
  5.0477  2.7895  0.0000  0.9335 23.6768
  4.5044  1.1616  0.0000  2.0874  8.0055
  6.0791  3.5162  0.0000  2.1960 31.3263
  4.0428  2.0784  0.0000  0.5089 16.5102
  5.3511  2.4996  0.0000  1.8502 20.7105
  5.4955  3.7650  0.0000  1.3395 34.0033
  4.7677  2.9187  0.0000  1.1076 25.0156
  5.6061  1.8717  0.0000  2.8135 14.5053
  5.1570  2.2539  0.0000  2.4753 18.2427
  4.7547  1.4163  0.0000  1.3590 10.2553
  3.8916  1.5631  0.0000  2.8133 11.5967
  5.0798  2.8660  0.0000  2.2012 24.4684
  4.9540  2.8549  0.0000  1.1350 24.3537
  5.9029  3.0434  0.0000  1.9273 26.3172
  3.6165  1.6965  0.0000  1.2773 12.8408
  6.0410  3.4944  0.0000  1.9588 31.0928
  5.2485  0.9179  0.0000  1.4586  5.9659
  4.7899  1.8976  0.0000  2.9797 14.7547
  4.0287  2.5685  0.0000  1.9336 21.4108
  4.1440  1.0237  0.0000  2.1483  6.8358
  5.3203  1.5750  0.0000  1.4150 11.7070
  5.2042  2.0514  0.0000  1.9421 16.2461
  5.1847  2.2282  0.0000  2.6152 17.9874
  5.2183  2.9783  0.0000  0.4082 25.6362
  3.7416  2.5275  0.0000  2.3537 20.9937
  4.8068  2.8328  0.0000  2.5700 24.1244
  4.4845  3.6055  0.0000  1.3845 32.2845
  5.2959  4.4101  0.0000  2.2556 41.0615
  5.8904  0.5320  0.0000  0.8199  3.0451
  4.2159  3.3112  0.0000  2.6461 29.1405
  4.7720  1.2301  0.0000  1.0657  8.6000
  5.1110  2.0424  0.0000  0.2551 16.1585
  5.3128  4.1944  0.0000  0.9405 38.6850
  5.3223  1.5703  0.0000  1.0854 11.6636
  5.2150  1.4983  0.0000  2.9820 11.0012
  5.2409  2.6402  0.0000  1.1772 22.1417
  5.0791  4.3585  0.0000  2.3057 40.4912
  5.2989  1.4832  0.0000  2.0242 10.8627
  5.4978  4.1052  0.0000  1.1238 37.7060
  5.7162  1.4989  0.0000  1.9075 11.0070
  4.5903  2.4508  0.0000  1.3241 20.2173
  5.3015  4.0177  0.0000  1.1951 36.7494
  6.0692  1.2347  0.0000  0.9579  8.6399
  5.4405  2.7627  0.0000  1.5253 23.4002
  5.3956  0.8569  0.0000  1.7561  5.4757
  5.3281  1.2423  0.0000  0.2249  8.7065
  5.5747  2.7659  0.0000  2.6220 23.4330
  5.7423  3.0208  0.0000  0.4268 26.0810
  5.1665  1.8451  0.0000  0.5493 14.2510
  5.3940  3.8355  0.0000  1.3464 34.7670
  4.8319  1.9767  0.0000  1.1050 15.5187
  4.4363  0.8611  0.0000  2.0007  5.5097
  5.8516  4.1113  0.0000  0.2575 37.7737
  5.4234  3.6739  0.0000  0.8786 33.0205
  6.7840  2.1278  0.0000  1.1241 16.9958
  5.1659  2.7058  0.0000  0.1977 22.8146
  5.3751  1.9039  0.0000  1.9736 14.8151
  5.4998  2.3824  0.0000  1.5359 19.5275
  5.4891  3.4201  0.0000  0.8748 30.2989
  5.1857  1.9036  0.0000  1.4163 14.8126
  4.7907  3.0204  0.0000  1.8781 26.0765
  5.0729  1.0732  0.0000  0.3023  7.2510
  6.0072  1.8926  0.0000  0.4047 14.7062
  4.9581  2.3523  0.0000  0.6522 19.2259
  4.3135  4.0218  0.0000  1.5302 36.7943
  4.3065  3.5958  0.0000  0.8021 32.1793
  3.8087  4.3099  0.0000  2.3059 39.9549
  4.0322  0.8950  0.0000  2.2379  5.7806
  6.1943  4.4060  0.0000  1.6806 41.0164
  5.2378  2.8917  0.0000  1.1580 24.7354
  5.9502  2.0200  0.0000  2.0822 15.9396
  4.5612  3.2844  0.0000  2.4378 28.8560
  4.1858  2.3491  0.0000  1.5789 19.1937
  6.0411  4.1409  0.0000  0.4463 38.0980
  3.7945  4.4150  0.0000  1.5412 41.1154
  5.6092  1.3009  0.0000  1.1951  9.2231
  4.1691  4.0140  0.0000  2.1257 36.7095
  4.0413  2.9749  0.0000  2.0546 25.6010
  4.7044  2.6959  0.0000  1.6009 22.7126
  5.0428  1.6698  0.0000  2.5396 12.5896
  5.2902  1.6317  0.0000  2.0006 12.2342
  5.7936  4.1298  0.0000  2.3598 37.9758
  4.6060  1.2448  0.0000  2.0661  8.7282
  4.9041  2.2830  0.0000  0.5452 18.5325
  3.8470  4.3149  0.0000  1.3538 40.0103
  5.5962  2.2023  0.0000  2.0539 17.7308
  4.5528  3.7942  0.0000  2.3688 34.3201
  4.6207  2.5650  0.0000  2.1797 21.3752
  6.4447  3.4180  0.0000  2.8463 30.2767
  5.8666  3.3676  0.0000  2.3753 29.7401
  5.4621  2.3536  0.0000  1.8489 19.2385
  5.2482  1.1036  0.0000  1.2616  7.5091
  5.1549  4.3908  0.0000  1.5635 40.8486
  5.6672  4.4150  0.0000  2.9771 41.1153
  3.8695  1.1947  0.0000  2.7163  8.2917
  5.1068  0.5726  0.0000  1.2061  3.3298
  4.3596  4.2408  0.0000  0.8276 39.1949
  5.1952  3.0372  0.0000  0.5065 26.2526
  5.3965  3.2590  0.0000  0.4436 28.5871
  5.3979  2.5747  0.0000  1.8433 21.4732
  4.0210  3.2019  0.0000  1.8523 27.9836
  5.2392  2.4238  0.0000  2.4214 19.9447
  5.5688  2.4527  0.0000  2.6077 20.2362
  5.7794  3.4799  0.0000  0.9706 30.9376
  5.4193  2.4165  0.0000  1.8471 19.8705
  5.3481  2.1312  0.0000  0.1526 17.0293
  5.2862  3.4231  0.0000  2.5268 30.3313
  4.6111  2.0446  0.0000  2.1445 16.1801
  5.3803  1.5509  0.0000  1.6750 11.4842
  4.9914  1.9442  0.0000  0.3875 15.2044
  5.3444  1.3042  0.0000  2.3465  9.2523
  4.6887  4.1851  0.0000  1.3432 38.5827
  5.4724  4.2053  0.0000  1.1656 38.8040
  4.6229  0.9339  0.0000  1.7956  6.0956
  4.8949  3.2579  0.0000  1.0410 28.5757
  4.6509  2.6659  0.0000  1.9797 22.4050
  3.7162  3.2625  0.0000  0.8918 28.6248
  5.0518  1.8088  0.0000  1.4135 13.9042
  5.8362  2.3810  0.0000  0.7576 19.5142
  5.2269  2.5095  0.0000  2.0773 20.8108
  3.9943  4.2433  0.0000  2.3599 39.2217
  3.8659  0.5864  0.0000  1.3030  3.4282
  5.4034  3.6340  0.0000  0.9815 32.5906
  4.5069  2.6911  0.0000  1.2863 22.6633
  5.5417  4.0816  0.0000  1.8506 37.4480
  5.2173  3.3304  0.0000  1.2593 29.3446
  5.5156  3.9780  0.0000  2.0189 36.3173
  5.1341  2.9387  0.0000  0.9341 25.2237
  4.6061  1.1526  0.0000  0.8671  7.9279
  5.3531  4.2638  0.0000  2.6788 39.4478
  5.2113  0.7782  0.0000  0.9954  4.8581
  4.7229  2.7444  0.0000  0.4927 23.2113
  4.2744  4.1023  0.0000  1.9209 37.6743
  5.2551  3.6155  0.0000  0.7178 32.3918
  5.3370  1.9129  0.0000  2.3734 14.9013
  5.7416  2.3618  0.0000  1.6729 19.3206
  5.4930  3.4013  0.0000  2.6890 30.0991
  5.2836  1.8734  0.0000  2.5565 14.5221
  5.2287  2.4018  0.0000  1.0455 19.7226
  5.1818  2.9051  0.0000  1.0755 24.8745
  4.4398  4.2997  0.0000  0.8257 39.8425
  5.2456  3.0368  0.0000  1.7418 26.2480
  5.1995  2.3337  0.0000  0.8771 19.0397
  4.5849  2.4930  0.0000  2.0281 20.6441
  6.9806  3.8980  0.0000  1.5645 35.4459
  5.6485  3.8290  0.0000  0.9698 34.6973
  6.7289  3.7106  0.0000  2.4017 33.4156
  4.9604  2.7087  0.0000  1.7160 22.8447
  4.5302  4.0038  0.0000  1.1780 36.5985
  5.1754  2.4446  0.0000  2.3603 20.1547
  4.9134  3.8199  0.0000  2.2033 34.5985
  3.9464  4.4209  0.0000  1.8427 41.1804
  4.3037  0.9745  0.0000  0.9616  6.4277
  5.1355  0.5536  0.0000  1.5839  3.1961
  5.2529  3.0852  0.0000  2.8362 26.7559
  5.6049  2.2117  0.0000  1.1127 17.8236
  5.1918  3.5546  0.0000  2.1990 31.7380
  4.9088  1.4611  0.0000  2.4496 10.6613
  5.3628  1.2954  0.0000  0.3831  9.1744
  5.0770  0.6703  0.0000  1.9913  4.0398
  4.5453  1.0527  0.0000  1.4629  7.0783
  5.2474  2.9820  0.0000  2.1352 25.6752
  3.9353  3.1479  0.0000  1.5492 27.4149
  5.2242  1.8635  0.0000  1.6349 14.4267
  5.3451  2.6044  0.0000  1.9817 21.7765
  4.3133  4.0754  0.0000  0.5239 37.3802
  5.2694  0.8026  0.0000  1.2869  5.0479
  4.7672  1.7807  0.0000  2.3326 13.6362
  4.8439  3.6549  0.0000  2.0088 32.8155
  6.1008  2.4035  0.0000  1.9291 19.7398
  5.4631  1.6080  0.0000  3.0179 12.0136
  5.2377  3.6191  0.0000  1.4462 32.4304
  5.8890  2.9514  0.0000  1.6274 25.3559
  5.0756  4.0213  0.0000  1.9693 36.7894
  4.4672  2.4361  0.0000  1.1059 20.0683
  4.7515  3.6965  0.0000  2.0614 33.2642
  5.2950  4.4276  0.0000  1.8335 41.2547
  4.9899  2.6432  0.0000  0.8146 22.1729
  5.3181  0.7327  0.0000  0.6863  4.5092
  4.7666  3.4231  0.0000  1.1464 30.3315
  6.2137  2.6352  0.0000  0.8312 22.0911
  4.8721  2.4853  0.0000  0.9568 20.5657
  4.0411  1.2505  0.0000  1.5819  8.7786
  4.7798  1.3950  0.0000  2.3188 10.0636
  5.0185  2.5580  0.0000  0.4853 21.3031
  5.9446  4.3919  0.0000  2.0037 40.8605
  5.3549  4.4611  0.0000  2.4076 41.6260
  5.5094  4.3369  0.0000  1.3680 40.2533
  5.5300  2.7021  0.0000  2.3848 22.7767
  5.4404  3.4509  0.0000  1.2026 30.6281
  5.0034  2.5360  0.0000  0.9874 21.0797
  5.7432  4.2729  0.0000  1.5073 39.5474
  5.8586  4.2770  0.0000  1.8868 39.5927
  5.2117  3.2611  0.0000  1.2493 28.6092
  5.0525  1.7284  0.0000  1.6265 13.1411
  5.1356  4.0020  0.0000  1.5085 36.5785
  6.0875  3.3609  0.0000  2.1168 29.6688
  5.1288  3.3105  0.0000  1.8405 29.1338
  4.7342  4.3351  0.0000  0.8982 40.2332
  5.0640  1.1294  0.0000  1.0085  7.7287
  4.1176  3.0760  0.0000  1.3306 26.6591
  5.7754  4.4762  0.0000  0.5069 41.7927
  5.2505  2.5597  0.0000  1.2062 21.3204
  4.7069  0.7109  0.0000  0.7645  4.3437
  5.9362  2.7063  0.0000  2.2120 22.8201
  5.2750  1.0420  0.0000  1.5342  6.9892
  5.1502  2.2866  0.0000  1.8442 18.5683
  5.0789  3.4835  0.0000  2.6196 30.9757
  4.4769  0.7855  0.0000  0.5225  4.9150
  4.8854  4.2193  0.0000  0.9894 38.9577
  5.0562  3.9232  0.0000  1.0385 35.7195
  6.3140  2.4093  0.0000  0.6413 19.7979
  5.3905  2.2664  0.0000  1.7272 18.3677
  5.2607  3.0028  0.0000  1.9358 25.8928
  4.9562  1.1104  0.0000  1.9486  7.5670
  5.8836  3.0974  0.0000  2.2933 26.8833
  5.3007  1.4713  0.0000  1.4448 10.7547
  3.6329  1.9425  0.0000  2.6609 15.1877
  4.0939  4.2239  0.0000  2.9715 39.0082
  4.8244  2.9929  0.0000  1.9925 25.7893
  4.7319  2.8958  0.0000  0.2966 24.7777
  3.8592  2.3040  0.0000  1.8297 18.7428
  5.1880  1.8995  0.0000  1.2113 14.7731
  5.3650  3.4322  0.0000  2.3869 30.4286
  4.7418  0.4639  0.0000  1.5377  2.5805
  3.8543  3.2737  0.0000  0.4423 28.7435
  5.3132  2.4333  0.0000  1.4701 20.0406
  4.8350  3.7107  0.0000  2.2483 33.4167
  5.5758  2.8241  0.0000  2.3760 24.0346
  5.5417  1.1286  0.0000  0.4202  7.7222
  5.3189  1.7504  0.0000  1.0709 13.3489
  4.7502  3.6563  0.0000  2.4451 32.8306
  4.0888  1.7085  0.0000  1.3988 12.9537
  5.3696  3.7814  0.0000  2.1320 34.1816
  4.8527  3.6312  0.0000  0.4618 32.5604
  4.6609  2.8341  0.0000  2.4790 24.1374
  4.2022  2.9503  0.0000  2.4137 25.3450
  4.4778  4.3754  0.0000  1.9936 40.6778
  4.7280  1.1654  0.0000  1.5838  8.0386
  5.3795  2.4405  0.0000  1.3853 20.1127
  5.3549  2.7286  0.0000  0.5386 23.0486
  5.1900  3.0222  0.0000  2.5166 26.0952
  5.6180  2.9785  0.0000  2.2237 25.6388
  4.9667  3.8803  0.0000  2.0637 35.2535
  5.0829  3.2454  0.0000  1.1867 28.4433
  4.3341  4.1924  0.0000  1.6944 38.6623
  4.9761  2.5098  0.0000  1.3509 20.8138
  4.9671  3.8309  0.0000  1.8075 34.7176
  5.3508  3.1261  0.0000  1.6873 27.1854
  5.5127  1.3707  0.0000  1.1406  9.8450
  4.7602  2.9637  0.0000  1.0837 25.4839
  4.6907  3.8556  0.0000  2.5673 34.9854
  4.5914  2.7346  0.0000  1.0077 23.1110
  4.9971  3.6241  0.0000  1.8612 32.4846
  5.1152  1.5699  0.0000  2.1271 11.6601
  4.7532  1.2950  0.0000  2.7224  9.1702
  4.6448  4.4242  0.0000  1.8704 41.2179
  5.3123  2.0750  0.0000  0.8395 16.4772
  4.9666  2.9649  0.0000  1.7364 25.4965
  4.7941  4.0985  0.0000  1.6548 37.6333
  5.8274  1.0870  0.0000  0.9666  7.3682
  3.9116  2.3760  0.0000  1.3264 19.4633
  5.4428  3.7401  0.0000  1.0452 33.7349
  5.3719  2.7724  0.0000  1.3834 23.5004
  4.3887  2.5970  0.0000  2.0811 21.7005
  6.0506  2.9364  0.0000  1.6889 25.1997
  5.2317  1.7878  0.0000  0.3259 13.7041
  6.0907  1.8355  0.0000  0.2481 14.1590
  5.0303  2.7521  0.0000  1.2492 23.2912
  4.7417  2.5624  0.0000  1.6900 21.3480
  5.5130  1.3118  0.0000  0.9398  9.3195
  5.2585  1.8307  0.0000  1.9529 14.1125
  5.9349  4.2579  0.0000  0.7239 39.3827
  5.2372  1.7256  0.0000  1.0266 13.1149
  4.7015  0.4695  0.0000  1.1780  2.6176
  5.8515  2.9743  0.0000  1.0869 25.5950
  5.0116  2.8573  0.0000  0.5970 24.3779
  4.7055  2.1624  0.0000  1.4385 17.3366
  4.6561  1.2047  0.0000  1.3170  8.3780
  3.6511  2.0142  0.0000  2.0139 15.8829
  4.9770  2.7825  0.0000  1.7955 23.6045
  5.3935  1.5462  0.0000  0.8190 11.4413
  4.5444  0.9948  0.0000  0.3939  6.5953
  4.8853  0.7327  0.0000  1.3557  4.5088
  5.4281  1.5131  0.0000  1.7874 11.1366
  5.6374  0.5888  0.0000  0.6311  3.4457
  5.6650  2.0453  0.0000  1.0389 16.1867
  5.2483  2.9046  0.0000  1.6429 24.8695
  5.2865  1.6042  0.0000  2.5311 11.9780
  4.9865  2.9990  0.0000  1.8072 25.8533
  5.1239  0.2358  0.0000  0.5421  1.1696
  6.4238  2.3434  0.0000  2.1491 19.1361
  4.6204  0.7442  0.0000  2.3850  4.5967
  4.7314  3.0625  0.0000  2.0182 26.5175
  6.4541  2.1895  0.0000  1.2179 17.6046
  5.3094  1.3357  0.0000  2.2514  9.5316
  5.1395  3.6668  0.0000  2.0409 32.9441
  5.4495  2.0917  0.0000  1.9582 16.6409
  4.7211  2.3951  0.0000  0.6918 19.6556
  5.9819  1.6060  0.0000  1.0565 11.9945
  5.1413  2.7542  0.0000  1.7107 23.3126
  4.8010  1.5884  0.0000  0.8984 11.8310
  6.4380  3.5238  0.0000  1.8497 31.4077
  4.6116  2.6365  0.0000  1.0370 22.1042
  5.2860  2.0182  0.0000  2.4226 15.9225
  5.8079  2.0400  0.0000  0.5740 16.1345
  5.9598  3.1381  0.0000  2.0574 27.3116
  5.4227  3.4541  0.0000  2.6967 30.6617
  5.1277  3.4089  0.0000  1.5838 30.1798
  5.8336  2.5129  0.0000  2.4415 20.8457
  4.5597  3.9427  0.0000  1.6576 35.9323
  4.5386  3.9536  0.0000  2.1956 36.0505
  4.7011  4.2141  0.0000  2.3096 38.9012
  5.2288  1.1020  0.0000  0.1992  7.4949
  4.8488  1.8969  0.0000  1.3304 14.7473
  5.1005  3.7163  0.0000  1.1099 33.4774
  4.2437  3.3912  0.0000  2.0520 29.9912
  5.1400  2.5215  0.0000  1.2639 20.9322
  3.6132  3.5214  0.0000  1.6830 31.3815
  5.8700  3.2109  0.0000  1.1447 28.0786
  3.6486  0.8213  0.0000  1.2891  5.1944
  4.6360  4.0967  0.0000  0.5192 37.6130
  5.4511  1.9766  0.0000  2.2635 15.5173
  4.8984  2.7146  0.0000  0.6940 22.9046
  4.7766  1.9769  0.0000  2.2357 15.5211
  5.1696  4.4356  0.0000  1.0970 41.3437
  6.2526  2.7469  0.0000  2.6988 23.2372
  4.8492  2.7074  0.0000  1.3201 22.8311
  5.6464  2.9791  0.0000  1.5185 25.6453
  5.1624  3.9146  0.0000  3.0335 35.6260
  5.5920  1.6413  0.0000  1.4996 12.3234
  6.0849  2.3567  0.0000  1.1547 19.2697
  5.2827  2.1580  0.0000  1.8522 17.2931
  4.8824  1.3294  0.0000  2.1562  9.4755
  5.0112  4.3744  0.0000  1.7736 40.6671
  6.2614  4.0133  0.0000  1.8754 36.7023
  5.7740  3.8448  0.0000  1.6104 34.8682
  4.4355  3.3055  0.0000  2.1961 29.0807
  5.2837  1.6267  0.0000  0.6168 12.1876
  4.3954  1.3013  0.0000  1.1446  9.2264
  4.8506  3.9814  0.0000  1.6376 36.3535
  4.2982  2.7455  0.0000  2.2817 23.2230
  5.8680  1.9855  0.0000  1.9768 15.6041
  5.2826  1.2674  0.0000  3.0655  8.9270
  5.9668  4.1190  0.0000  2.0939 37.8578
  5.6613  1.6006  0.0000  0.9923 11.9446
  4.5127  2.9994  0.0000  1.5938 25.8569
  5.1355  2.9184  0.0000  1.0518 25.0127
  6.9653  1.5356  0.0000  2.6574 11.3434
  4.7601  0.7390  0.0000  1.3254  4.5570
  5.5230  2.6450  0.0000  0.4830 22.1917
  5.2071  1.5931  0.0000  2.4338 11.8748
  5.2385  3.3218  0.0000  0.8413 29.2532
  4.4787  2.7058  0.0000  1.8911 22.8144
  4.6427  4.3892  0.0000  2.1205 40.8301
  4.6448  3.2877  0.0000  1.3096 28.8914
  5.2596  0.5934  0.0000  2.4798  3.4784
  3.9269  1.3710  0.0000  1.7121  9.8475
  5.9115  3.0760  0.0000  1.1111 26.6589
  3.9329  3.3207  0.0000  1.9660 29.2415
  5.3976  1.8610  0.0000  1.4853 14.4030
  4.3933  1.8799  0.0000  1.6441 14.5842
  4.2837  3.8621  0.0000  1.9528 35.0564
  5.4624  2.5122  0.0000  2.2239 20.8379
  5.5792  1.1051  0.0000  1.4684  7.5218
  5.7774  4.1100  0.0000  0.9654 37.7586
  5.5910  2.7751  0.0000  1.1959 23.5281
  4.3234  3.1743  0.0000  1.0815 27.6932
  5.2977  4.4914  0.0000  2.5081 41.9618
  5.0741  1.1674  0.0000  1.3642  8.0555
  5.6524  0.8750  0.0000  0.3022  5.6207
  5.3757  2.6178  0.0000  2.3485 21.9129
  5.9407  0.3403  0.0000  1.7062  1.7859
  4.4011  2.7853  0.0000  1.2313 23.6332
  5.0681  4.0472  0.0000  1.1767 37.0724
  4.8802  2.1512  0.0000  0.5000 17.2258
  4.9290  2.2989  0.0000  2.5647 18.6920
  4.8533  4.1065  0.0000  2.8531 37.7203
  5.7542  2.8781  0.0000  0.9150 24.5935
  5.6092  4.2958  0.0000  2.2076 39.7996
  5.3421  2.0376  0.0000  1.6211 16.1115
  5.5062  2.2448  0.0000  1.6662 18.1527
  5.2162  2.1235  0.0000  0.4162 16.9528
  5.3046  4.1385  0.0000  1.9702 38.0712
  5.4853  3.4127  0.0000  1.4438 30.2208
  5.3942  2.4556  0.0000  0.8796 20.2657
  5.9600  3.5133  0.0000  0.7719 31.2949
  5.1059  3.1353  0.0000  2.1863 27.2818
  5.2207  1.8689  0.0000  1.0923 14.4791
  5.2150  3.8341  0.0000  2.0380 34.7526
  5.3865  1.9349  0.0000  1.4521 15.1139
  6.0714  3.3454  0.0000  1.8649 29.5041
  5.5761  1.5280  0.0000  1.9333 11.2737
  4.8787  2.2350  0.0000  1.8848 18.0549
  4.7398  1.4748  0.0000  1.2050 10.7866
  5.1864  1.4436  0.0000  1.6657 10.5027
  4.8713  3.6963  0.0000  2.2248 33.2615
  4.6075  1.1104  0.0000  1.1589  7.5667
  5.4610  3.6105  0.0000  1.7913 32.3376
  5.1762  2.8928  0.0000  0.4303 24.7466
  5.8604  2.9470  0.0000  1.1498 25.3102
  4.9975  3.0894  0.0000  1.5157 26.7991
  5.9058  3.3816  0.0000  1.9666 29.8886
  4.7862  2.1613  0.0000  1.1804 17.3256
  5.0531  2.7863  0.0000  2.5245 23.6432
  5.5395  1.9966  0.0000  0.5581 15.7121
  5.0066  2.0633  0.0000  0.9067 16.3622
  4.0999  1.9818  0.0000  1.8835 15.5684
  5.0635  3.0506  0.0000  1.2280 26.3930
  3.8686  2.3491  0.0000  2.2237 19.1933
  4.9617  2.1427  0.0000  1.3665 17.1417
  5.8208  3.5637  0.0000  0.1966 31.8347
  5.1339  2.1670  0.0000  1.4175 17.3821
  5.5190  2.4479  0.0000  1.3779 20.1879
  6.3787  1.9916  0.0000  1.6086 15.6630
  5.1478  1.1068  0.0000  2.7028  7.5365
  5.1534  2.2088  0.0000  2.4075 17.7949
  6.5734  1.2263  0.0000  2.0881  8.5666
  5.3781  3.3129  0.0000  0.6655 29.1589
  5.0984  3.8996  0.0000  1.7546 35.4631
  5.0221  4.0363  0.0000  2.1294 36.9534
  4.6045  4.2291  0.0000  1.9448 39.0662
  3.8868  3.0809  0.0000  0.9920 26.7108
  4.5467  3.5052  0.0000  2.5786 31.2085
  5.2362  3.2272  0.0000  1.8583 28.2509
  3.8189  2.0522  0.0000  1.4642 16.2539
  3.8458  4.0452  0.0000  2.4201 37.0499
  4.8910  1.4090  0.0000  1.8381 10.1898
  5.1741  2.8859  0.0000  1.4417 24.6751
  5.2251  4.4310  0.0000  2.2995 41.2930
  5.4317  0.9843  0.0000  0.7407  6.5089
  4.7969  1.7340  0.0000  0.3593 13.1941
  5.3520  2.4064  0.0000  1.2737 19.7688
  4.8767  2.4651  0.0000  0.8623 20.3617
  5.2462  1.9966  0.0000  0.4784 15.7121
  5.5077  1.1278  0.0000  2.1081  7.7155
  6.1122  1.7247  0.0000  2.6003 13.1066
  4.5389  2.2069  0.0000  1.2611 17.7770
  5.2569  2.4305  0.0000  1.6514 20.0123
  5.3151  1.7774  0.0000  1.7108 13.6050
  4.6661  2.3104  0.0000  1.8326 18.8062
  5.0516  3.3986  0.0000  0.7338 30.0701
  5.5912  2.0601  0.0000  0.9694 16.3317
  4.9218  1.4445  0.0000  1.8704 10.5112
  5.7761  3.8941  0.0000  0.4466 35.4040
  4.8884  1.5623  0.0000  2.3974 11.5894
  5.4356  4.1962  0.0000  2.5866 38.7039
  5.4721  4.2794  0.0000  1.7445 39.6193
  4.9837  2.3083  0.0000  2.7571 18.7857
  5.2922  1.1120  0.0000  1.0613  7.5808
  6.0066  2.2668  0.0000  1.4491 18.3720
  5.5447  1.0949  0.0000  2.2047  7.4351
  4.8330  4.0385  0.0000  1.1240 36.9773
  5.7096  3.0723  0.0000  0.9045 26.6200
  4.8066  2.5803  0.0000  0.2038 21.5307
  5.9812  3.6032  0.0000  1.2803 32.2596
  6.5022  3.4370  0.0000  1.3755 30.4798
  5.7882  1.8850  0.0000  0.5776 14.6335
  5.3652  1.5979  0.0000  1.8430 11.9195
  5.1921  3.7514  0.0000  2.5559 33.8571
  6.1201  3.6201  0.0000  1.8036 32.4413
  4.7466  3.4140  0.0000  0.6500 30.2337
  5.3395  3.0574  0.0000  1.1496 26.4643
  4.4125  3.7757  0.0000  2.3565 34.1194
  6.2351  2.1243  0.0000  2.1045 16.9614
  4.7659  3.9914  0.0000  1.4778 36.4625
  5.2463  1.1978  0.0000  1.1434  8.3184
  5.9661  3.2186  0.0000  2.6114 28.1602
  5.4110  3.3174  0.0000  1.9770 29.2070
  4.4154  2.7313  0.0000  1.3779 23.0773
  5.2732  3.6179  0.0000  2.1685 32.4173
  4.7646  3.1815  0.0000  0.7373 27.7691
  5.4359  2.2100  0.0000  1.3506 17.8071
  4.9099  3.8025  0.0000  1.0713 34.4095
  5.1196  3.1082  0.0000  1.7967 26.9975
  5.3380  2.1428  0.0000  0.8906 17.1427
  4.8498  0.8195  0.0000  1.0235  5.1801
  5.3716  2.1660  0.0000  1.9418 17.3721
  6.6774  1.6712  0.0000  1.4909 12.6031
  4.8355  0.7534  0.0000  0.7259  4.6670
  5.4438  1.1503  0.0000  0.8663  7.9083
  4.8342  2.8594  0.0000  2.1542 24.3999
  5.1247  2.0162  0.0000  1.6267 15.9028
  5.2726  2.8800  0.0000  0.3834 24.6138
  5.0098  2.8747  0.0000  1.5729 24.5585
  5.1533  2.0401  0.0000  1.0546 16.1360
  4.8205  2.6027  0.0000  2.4049 21.7589
  5.8898  3.3760  0.0000  1.6031 29.8296
  5.3690  2.1514  0.0000  1.3663 17.2274
  5.2478  2.6027  0.0000  1.0239 21.7586
  6.0846  3.8690  0.0000  0.2005 35.1306
  3.6312  3.4472  0.0000  0.6403 30.5880
  5.2279  1.6461  0.0000  2.4538 12.3680
  5.1647  2.5896  0.0000  0.6964 21.6254
  5.8494  1.2573  0.0000  1.1746  8.8379
  5.4204  0.8968  0.0000  1.2909  5.7950
  5.7104  3.0681  0.0000  1.0338 26.5763
  6.7998  3.4628  0.0000  1.6621 30.7544
  3.5571  4.4582  0.0000  0.2315 41.5941
  5.7304  3.0749  0.0000  2.3790 26.6479
  5.2762  1.7847  0.0000  1.7167 13.6744
  4.6368  3.9297  0.0000  1.3493 35.7904
  4.9107  1.6185  0.0000  1.9153 12.1109
  5.2808  4.3858  0.0000  2.2196 40.7931
  4.4457  4.0434  0.0000  1.3326 37.0299
  4.5582  2.8547  0.0000  2.6215 24.3516
  5.4529  1.6812  0.0000  1.8604 12.6971
  4.4355  3.3677  0.0000  1.8807 29.7410
  4.6797  2.5780  0.0000  2.6071 21.5069
  6.2409  2.6660  0.0000  1.2730 22.4059
  4.0953  2.4435  0.0000  2.7866 20.1428
  5.4771  2.3297  0.0000  2.8219 18.9994
  5.4174  1.4651  0.0000  1.6302 10.6978
  5.9812  3.1283  0.0000  2.1956 27.2080
  4.5979  2.3567  0.0000  1.7897 19.2697
  4.8753  1.3678  0.0000  0.7549  9.8189
  5.2946  4.4487  0.0000  0.8913 41.4888
  6.1510  2.2846  0.0000  1.1787 18.5491
  4.9252  1.5865  0.0000  1.1305 11.8139
  3.8319  2.7878  0.0000  1.1788 23.6588
  5.7487  2.9461  0.0000  1.9369 25.3008
  5.0555  4.3030  0.0000  0.5137 39.8795
  6.2024  2.6264  0.0000  2.2621 22.0008
  5.1451  3.3732  0.0000  1.1437 29.7996
  5.6958  1.9774  0.0000  2.9731 15.5258
  5.9335  2.1052  0.0000  0.7506 16.7732
  5.3177  2.0999  0.0000  1.3138 16.7207
  4.7319  3.0116  0.0000  1.8106 25.9844
  6.5629  2.4836  0.0000  1.7052 20.5489
  4.9554  0.9021  0.0000  2.8253  5.8377
  4.4342  2.4781  0.0000  1.2154 20.4925
  4.9776  2.0322  0.0000  3.0360 16.0583
  6.4720  3.1971  0.0000  1.0763 27.9328
  5.1114  2.0247  0.0000  0.9985 15.9854
  4.9567  4.0211  0.0000  2.1295 36.7871
  4.9887  2.6502  0.0000  1.8416 22.2442
  4.5418  3.3536  0.0000  1.1491 29.5914
  4.8967  3.2739  0.0000  1.9688 28.7453
  4.3483  2.5279  0.0000  0.3665 20.9980
  5.2884  1.6972  0.0000  0.7248 12.8476
  6.7438  3.6538  0.0000  1.4507 32.8038
  5.6162  3.5178  0.0000  1.7292 31.3430
  5.3835  2.8177  0.0000  1.8527 23.9680
  4.6480  3.9388  0.0000  1.4470 35.8901
  3.7048  2.8612  0.0000  0.5758 24.4182
  4.9807  4.0503  0.0000  2.1551 37.1062
  4.5729  4.1733  0.0000  1.1039 38.4526
  5.5082  2.9218  0.0000  1.0952 25.0476
  4.3735  3.5457  0.0000  1.7847 31.6417
  5.3267  3.0306  0.0000  1.0141 26.1835
  5.2642  3.8330  0.0000  1.2714 34.7404
  5.1224  3.3863  0.0000  0.3936 29.9393
  4.0257  1.1565  0.0000  1.0530  7.9612
  4.7950  2.9191  0.0000  2.9341 25.0194
  5.0771  1.9601  0.0000  1.2532 15.3579
  4.9037  2.8014  0.0000  1.4851 23.8000
  5.1954  1.9484  0.0000  1.1468 15.2441
  5.3340  0.5320  0.0000  1.6129  3.0447
  5.1089  3.0788  0.0000  0.7781 26.6887
  5.2583  4.0215  0.0000  0.4894 36.7916
  5.8262  2.6959  0.0000  2.7017 22.7126
  4.7591  3.4841  0.0000  2.6236 30.9828
  4.4743  4.4102  0.0000  2.0778 41.0628
  5.7781  2.6107  0.0000  1.3990 21.8404
  3.7748  4.0520  0.0000  1.1619 37.1242
  3.9094  4.2420  0.0000  1.8699 39.2082
  5.0612  3.3711  0.0000  2.0811 29.7775
  5.2857  1.2941  0.0000  1.4282  9.1627
  6.8068  1.9437  0.0000  2.2769 15.1990
  4.8583  1.9771  0.0000  1.7895 15.5222
  6.0942  1.6412  0.0000  1.0996 12.3223
  5.1319  2.7000  0.0000  0.9948 22.7546
  4.2737  2.2976  0.0000  1.8913 18.6783
  5.0841  1.0233  0.0000  2.0188  6.8323
  3.6740  2.7333  0.0000  1.9173 23.0977
  5.4960  3.5243  0.0000  2.7945 31.4130
  4.0656  1.1844  0.0000  0.9391  8.2019
  5.5538  2.2158  0.0000  0.6944 17.8648
  4.6117  2.4849  0.0000  2.2279 20.5612
  5.4147  3.2544  0.0000  2.0265 28.5392
  5.5134  0.4419  0.0000  2.0401  2.4345
  4.7781  0.9688  0.0000  1.3026  6.3815
  5.2074  2.7401  0.0000  2.7270 23.1676
  5.1632  3.9375  0.0000  1.2815 35.8759
  4.6814  2.8695  0.0000  1.9293 24.5050
  4.4687  3.1973  0.0000  0.9272 27.9353
  4.9877  4.0142  0.0000  0.8248 36.7119
  5.1487  3.2726  0.0000  2.4023 28.7320
  6.8859  3.5056  0.0000  0.8012 31.2126
  5.0667  3.4781  0.0000  1.3595 30.9184
  5.5511  1.7900  0.0000  2.1155 13.7251
  6.9742  2.6000  0.0000  1.2313 21.7319
  4.0058  2.2219  0.0000  2.3665 17.9252
  5.8796  3.6200  0.0000  0.2699 32.4400
  5.1145  1.2046  0.0000  0.3913  8.3774
  5.3850  2.5299  0.0000  0.6178 21.0177
  5.2828  1.2092  0.0000  0.9564  8.4174
  5.8924  3.7183  0.0000  2.4109 33.4988
  5.3324  1.8160  0.0000  2.8010 13.9727
  4.5766  3.3459  0.0000  1.9871 29.5090
  5.4870  4.2508  0.0000  1.3903 39.3044
  6.0887  2.1497  0.0000  1.4504 17.2111
  4.9110  0.9018  0.0000  2.5088  5.8353
  5.2440  3.5294  0.0000  1.6144 31.4676
  4.5739  2.1336  0.0000  1.7599 17.0525
  5.4830  3.6034  0.0000  1.6776 32.2611
  4.8007  4.2835  0.0000  2.6814 39.6649
  5.1885  3.4990  0.0000  1.2549 31.1421
  5.2852  3.9266  0.0000  2.6926 35.7565
  5.2857  4.0235  0.0000  2.0799 36.8128
  6.4866  2.5473  0.0000  2.4656 21.1944
  4.9513  4.2886  0.0000  2.1652 39.7203
  5.4720  2.8723  0.0000  2.1055 24.5336
  5.0000  3.8232  0.0000  2.3283 34.6345
  3.9476  2.5435  0.0000  1.1317 21.1557
  4.7947  3.2470  0.0000  1.9963 28.4608
  5.1766  4.2767  0.0000  1.2971 39.5899
  6.2634  0.9609  0.0000  1.0253  6.3159
  5.0161  4.1067  0.0000  2.7775 37.7227
  5.1201  2.9492  0.0000  0.4764 25.3332
  5.2833  1.9617  0.0000  2.2407 15.3730
  4.2771  3.1791  0.0000  1.0696 27.7430
  4.7197  4.1363  0.0000  0.6968 38.0468
  4.9201  4.0425  0.0000  1.5449 37.0204
  5.3927  1.8194  0.0000  1.7746 14.0047
  4.9782  4.3258  0.0000  2.8377 40.1301
  5.3829  0.8162  0.0000  2.8825  5.1548
  5.4346  2.5371  0.0000  2.8867 21.0909
  5.1760  2.7600  0.0000  1.4011 23.3728
  6.1359  2.4710  0.0000  0.4446 20.4208
  4.0662  1.5291  0.0000  0.9054 11.2840
  4.9180  3.8308  0.0000  0.5885 34.7169
  5.2844  1.1796  0.0000  0.2892  8.1611
  5.3307  3.1406  0.0000  1.8391 27.3377
  5.5069  0.9927  0.0000  2.4965  6.5781
  5.0329  4.1308  0.0000  0.7675 37.9868
  5.7700  3.8350  0.0000  1.1372 34.7615
  5.1780  1.9299  0.0000  1.8332 15.0657
  5.0326  3.6722  0.0000  2.5055 33.0024
  5.2217  2.3428  0.0000  1.2803 19.1307
  5.2628  3.4109  0.0000  2.3571 30.2009
  5.5895  1.8519  0.0000  0.7590 14.3156
  5.5090  2.4225  0.0000  2.0045 19.9312
  5.4602  1.4710  0.0000  2.9515 10.7514
  5.6998  2.1025  0.0000  0.5144 16.7470
  4.4568  3.9800  0.0000  0.9486 36.3383
  4.6450  3.3414  0.0000  0.2230 29.4619
  4.9010  3.8671  0.0000  0.4971 35.1107
  5.3999  0.9096  0.0000  1.5593  5.8987
  5.2636  1.9376  0.0000  2.8015 15.1405
  6.8275  3.0301  0.0000  1.6157 26.1785
  4.5593  0.7135  0.0000  0.9824  4.3633
  5.4499  2.3356  0.0000  2.1038 19.0584
  4.9815  2.8229  0.0000  0.7047 24.0219
  5.2204  2.8271  0.0000  1.2469 24.0658
  5.3211  3.8490  0.0000  1.9000 34.9141
  5.4928  0.9847  0.0000  0.6396  6.5126
  5.4182  3.4639  0.0000  1.2567 30.7671
  5.3572  0.3689  0.0000  1.4308  1.9637
  5.1262  2.7219  0.0000  2.4843 22.9803
  5.2989  2.3762  0.0000  2.7300 19.4656
  4.5052  3.7122  0.0000  1.4303 33.4330
  5.6192  3.6815  0.0000  1.8169 33.1023
  4.7265  1.8198  0.0000  1.8427 14.0087
  5.2117  0.7630  0.0000  0.9357  4.7407
  5.1343  3.5100  0.0000  1.6344 31.2596
  5.3530  1.7189  0.0000  2.8940 13.0518
  5.0127  1.9150  0.0000  2.5559 14.9224
  5.3807  1.3593  0.0000  0.4536  9.7432
  5.7899  2.4635  0.0000  2.7238 20.3453
  3.8170  3.9872  0.0000  2.1920 36.4169
  5.3686  4.2340  0.0000  0.2515 39.1193
  5.8286  3.6924  0.0000  1.4608 33.2202
  4.8028  2.5133  0.0000  1.5894 20.8495
  6.2282  4.1079  0.0000  1.7829 37.7364
  5.6781  2.1859  0.0000  1.5466 17.5689
  5.2423  0.5059  0.0000  0.6247  2.8648
  5.6913  1.4481  0.0000  1.6657 10.5435
  6.8449  3.4898  0.0000  0.7338 31.0439
  5.9997  3.1195  0.0000  2.0191 27.1163
  4.3144  2.2032  0.0000  2.7458 17.7397
  5.4197  2.8504  0.0000  2.1752 24.3071
  3.7942  4.2087  0.0000  2.5922 38.8417
  4.9665  2.8178  0.0000  2.0352 23.9696
  5.6544  2.3884  0.0000  1.2317 19.5879
  5.2907  2.1346  0.0000  2.1709 17.0619
  4.8442  3.6610  0.0000  1.2284 32.8811
  5.2765  2.0612  0.0000  1.2399 16.3423
  3.5866  3.6611  0.0000  1.7072 32.8818
  5.2829  1.3671  0.0000  2.0367  9.8130
  5.2243  3.1750  0.0000  2.5290 27.7003
  6.0925  2.4063  0.0000  2.7288 19.7682
  4.3570  1.6577  0.0000  0.7758 12.4769
  5.3142  1.9043  0.0000  1.1580 14.8193
  5.1242  4.1183  0.0000  0.4693 37.8503
  3.9835  3.2094  0.0000  1.2278 28.0634
  5.9911  2.5010  0.0000  1.7274 20.7245
  6.7395  2.8660  0.0000  1.2418 24.4681
  5.5787  0.7637  0.0000  1.1633  4.7460
  5.1107  0.2594  0.0000  1.6558  1.3037
  5.5537  3.6120  0.0000  2.2036 32.3536
  4.7703  3.2104  0.0000  0.7428 28.0735
  3.8108  3.1521  0.0000  1.7922 27.4591
  5.0609  1.3738  0.0000  0.3719  9.8727
  5.1780  2.5371  0.0000  2.4511 21.0909
  5.1420  1.5117  0.0000  0.2497 11.1236
  5.9456  1.3579  0.0000  0.5227  9.7300
  4.4872  2.3875  0.0000  1.5975 19.5796
  5.0883  3.6617  0.0000  0.5445 32.8892
  5.8455  2.0367  0.0000  1.8695 16.1025
  5.2843  2.8953  0.0000  1.4010 24.7724
  5.8641  3.7024  0.0000  1.8353 33.3278
  4.2320  1.1787  0.0000  1.4672  8.1526
  5.0124  1.3474  0.0000  1.0201  9.6362
  5.0042  0.7342  0.0000  2.7369  4.5205
  4.9121  1.9011  0.0000  2.3472 14.7880
  3.8079  1.5722  0.0000  2.7976 11.6809
  5.3890  2.4629  0.0000  2.7691 20.3387
  5.0804  4.4782  0.0000  1.8983 41.8153
  4.6565  2.9980  0.0000  1.3479 25.8426
  5.7145  3.0493  0.0000  1.4342 26.3789
  5.1751  2.1343  0.0000  1.2086 17.0593
  5.0155  3.3996  0.0000  0.9587 30.0806
  5.1014  0.9120  0.0000  1.0417  5.9177
  5.1136  2.2054  0.0000  2.8449 17.7620
  4.5276  0.5796  0.0000  1.3422  3.3800
  4.2016  3.2981  0.0000  1.5921 29.0014
  5.2740  2.4333  0.0000  2.1204 20.0407
  5.1728  2.9068  0.0000  2.0507 24.8923
  3.8944  3.8248  0.0000  0.2547 34.6511
  3.8836  2.3644  0.0000  2.3532 19.3474
  4.9801  2.7261  0.0000  2.3264 23.0231
  3.5963  2.5956  0.0000  1.4616 21.6870
  4.9326  1.6811  0.0000  1.2584 12.6956
  5.4491  1.4810  0.0000  1.4548 10.8430
  5.2426  3.2538  0.0000  1.4475 28.5324
  4.9051  2.7627  0.0000  0.3172 23.4006
  5.2721  1.6258  0.0000  1.3358 12.1790
  5.0455  1.0288  0.0000  2.6851  6.8782
  5.4308  1.5074  0.0000  2.5988 11.0848
  5.2026  3.8075  0.0000  0.4350 34.4642
  5.6020  3.2079  0.0000  1.8959 28.0471
  4.7421  2.9300  0.0000  2.9135 25.1331
  3.7858  4.3091  0.0000  2.0362 39.9462
  4.8036  3.0308  0.0000  2.3270 26.1854
  4.3075  2.4331  0.0000  1.9876 20.0382
  4.1288  4.4310  0.0000  2.1312 41.2926
  4.3712  0.8268  0.0000  0.7057  5.2379
  5.7091  2.2178  0.0000  2.2291 17.8843
  4.5740  2.8894  0.0000  1.2260 24.7108
  6.7028  2.8459  0.0000  1.4437 24.2604
  5.7849  0.5931  0.0000  1.1055  3.4766
  4.8611  1.7649  0.0000  1.1248 13.4865
  4.8433  3.0148  0.0000  1.3184 26.0176
  5.2372  3.1149  0.0000  2.3725 27.0673
  5.1285  2.3765  0.0000  1.8621 19.4686
  4.9495  3.7280  0.0000  2.0839 33.6041
  5.6926  1.1099  0.0000  1.5978  7.5629
  3.9686  3.6452  0.0000  0.5020 32.7110
  6.5686  3.2511  0.0000  1.0628 28.5036
  5.1360  1.1064  0.0000  0.5971  7.5330
  5.9885  1.9663  0.0000  2.4702 15.4176
  5.2816  2.5833  0.0000  1.2580 21.5615
  5.1130  2.5629  0.0000  1.1965 21.3538
  5.2048  2.3595  0.0000  0.3712 19.2976
  6.1252  4.4395  0.0000  1.7991 41.3867
  3.9380  2.0398  0.0000  1.8819 16.1328
  5.2208  4.1790  0.0000  1.1372 38.5156
  5.1347  2.2757  0.0000  1.0328 18.4598
  4.6399  4.2198  0.0000  1.7725 38.9632
  5.9280  0.8413  0.0000  1.5320  5.3525
  4.4651  1.1242  0.0000  2.5853  7.6848
  6.0766  2.9024  0.0000  0.8479 24.8465
  5.2465  3.9349  0.0000  1.1693 35.8473
  5.4018  1.7329  0.0000  1.0097 13.1836
  5.1826  3.8016  0.0000  1.3076 34.3998
  5.1172  1.4033  0.0000  2.0703 10.1381
  3.8949  3.8311  0.0000  2.4053 34.7196
  6.0393  3.3049  0.0000  2.1191 29.0743
  4.6513  2.5512  0.0000  0.3527 21.2341
  5.4066  3.1275  0.0000  2.6304 27.2003
  5.1322  3.5968  0.0000  2.4183 32.1910
  3.6696  3.8770  0.0000  1.3220 35.2178
  5.2805  3.5426  0.0000  1.1953 31.6091
  4.8962  1.8217  0.0000  1.4244 14.0267
  4.8303  0.8103  0.0000  0.6426  5.1079
  4.2915  1.4127  0.0000  1.9105 10.2226
  5.2705  2.9899  0.0000  1.0925 25.7574
  5.2062  3.1289  0.0000  1.0500 27.2151
  6.1591  1.5228  0.0000  2.3320 11.2258
  5.7797  4.4061  0.0000  0.3340 41.0174
  5.4923  2.2216  0.0000  1.3927 17.9217
  4.4065  3.8207  0.0000  2.3848 34.6070
  5.9093  1.4896  0.0000  2.0908 10.9216
  3.5733  3.6678  0.0000  0.5623 32.9541
  4.6648  3.0492  0.0000  1.2203 26.3779
  4.7337  3.0630  0.0000  2.8365 26.5226
  5.2529  4.1840  0.0000  1.8329 38.5703
  4.9256  1.5559  0.0000  0.8099 11.5305
  4.8709  1.6160  0.0000  2.1856 12.0878
  3.9071  1.1195  0.0000  0.6529  7.6444
  5.9559  3.3077  0.0000  1.1787 29.1037
  6.1644  2.4825  0.0000  0.4285 20.5373
  3.8975  2.9858  0.0000  2.1865 25.7149
  4.9633  1.4337  0.0000  0.2154 10.4131
  5.7175  2.2616  0.0000  1.7823 18.3193
  4.5052  3.6383  0.0000  0.9560 32.6368
  4.1654  2.4120  0.0000  0.6003 19.8254
  5.2314  3.3444  0.0000  2.8415 29.4934
  4.7610  4.2817  0.0000  2.1941 39.6447
  5.7606  1.4142  0.0000  1.0224 10.2359
  4.9124  1.2394  0.0000  0.7899  8.6808
  5.3235  3.8812  0.0000  2.5576 35.2639
  4.0930  1.1289  0.0000  1.8049  7.7245
  5.4910  2.1389  0.0000  1.7436 17.1046
  5.1738  1.7343  0.0000  1.6218 13.1973
  5.7199  2.2988  0.0000  1.9223 18.6908
  5.0024  4.3227  0.0000  0.6061 40.0965
  5.5538  2.4644  0.0000  0.5902 20.3544
  5.0624  3.1908  0.0000  2.0601 27.8663
  4.9037  1.5254  0.0000  2.1005 11.2498
  5.0679  2.2420  0.0000  0.6466 18.1253
  5.0289  3.4806  0.0000  2.8379 30.9451
  5.8922  2.6172  0.0000  1.2654 21.9068
  5.0330  4.0312  0.0000  1.4039 36.8972
  4.7631  3.6038  0.0000  0.0609 32.2659
  5.1310  1.0565  0.0000  0.1752  7.1103
  5.8273  2.7544  0.0000  1.0561 23.3150
  5.4083  3.7152  0.0000  2.6674 33.4658
  5.2369  4.0953  0.0000  0.3699 37.5982
  5.6957  0.9138  0.0000  0.7484  5.9328
  4.6103  2.5356  0.0000  0.3638 21.0761
  4.6799  2.2979  0.0000  2.5417 18.6811
  5.0872  3.4143  0.0000  0.0521 30.2378
  5.1080  2.1055  0.0000  1.5719 16.7758
  5.3987  4.1610  0.0000  2.2514 38.3177
  4.9771  2.3235  0.0000  0.3600 18.9371
  5.0522  1.1338  0.0000  0.8229  7.7668
  5.4217  2.1998  0.0000  1.5282 17.7064
  5.9290  2.2379  0.0000  1.3289 18.0837
  4.8440  3.3181  0.0000  1.9477 29.2140
  4.9366  2.7802  0.0000  1.9128 23.5807
  5.2152  1.7328  0.0000  2.0848 13.1832
  5.4510  3.5545  0.0000  1.5711 31.7366
  5.4959  4.2726  0.0000  2.7896 39.5440
  4.7013  3.4200  0.0000  0.8883 30.2983
  4.2109  3.2333  0.0000  2.3644 28.3154
  6.7487  0.7360  0.0000  0.9943  4.5338
  4.6769  3.8643  0.0000  2.1438 35.0802
  4.8792  3.0575  0.0000  1.3120 26.4647
  5.6140  1.8070  0.0000  1.5583 13.8869
  5.3688  2.3296  0.0000  0.8530 18.9984
  5.0953  2.0844  0.0000  2.2071 16.5693
  5.0688  3.1915  0.0000  0.6592 27.8742
  4.8419  0.7251  0.0000  1.2641  4.4510
  5.0883  2.7795  0.0000  1.5728 23.5734
  5.6192  3.2914  0.0000  2.8696 28.9304
  5.5237  2.9612  0.0000  2.5511 25.4584
  3.7426  4.3850  0.0000  1.4831 40.7838
  5.5372  3.9879  0.0000  1.4376 36.4245
  5.0953  1.9746  0.0000  0.5827 15.4986
  5.0448  4.1768  0.0000  1.4754 38.4916
  5.3671  4.0093  0.0000  1.8018 36.6585
  5.4817  2.9830  0.0000  1.5685 25.6856
  6.4421  3.0526  0.0000  1.3238 26.4135
  5.7893  2.6333  0.0000  2.0903 22.0716
  4.9293  2.6384  0.0000  1.5330 22.1235
  5.2580  3.0634  0.0000  2.0842 26.5272
  4.7906  0.4164  0.0000  0.2329  2.2675
  5.2699  0.5861  0.0000  2.0480  3.4261
  5.4374  0.8708  0.0000  1.4937  5.5869
  5.6103  2.5271  0.0000  2.2682 20.9895
  5.4286  4.0880  0.0000  2.9181 37.5187
  5.8959  3.3609  0.0000  1.6186 29.6690
  4.8332  3.0994  0.0000  2.6823 26.9041
  5.2045  2.2670  0.0000  0.9963 18.3730
  5.1230  2.9424  0.0000  1.0407 25.2628
  6.4261  1.9201  0.0000  1.0519 14.9713
  3.6986  4.0923  0.0000  1.6787 37.5647
  4.2353  2.2920  0.0000  1.5452 18.6230
  6.4412  2.5936  0.0000  2.0698 21.6661
  5.7526  3.5950  0.0000  1.4970 32.1708
  5.8349  1.9401  0.0000  0.5102 15.1643
  5.4158  1.8400  0.0000  1.8967 14.2021
  4.0354  1.6929  0.0000  2.1199 12.8070
  3.9106  2.9976  0.0000  0.3669 25.8379
  4.9972  2.1028  0.0000  1.7303 16.7494
  4.7139  2.4224  0.0000  0.5811 19.9304
  5.1582  0.9845  0.0000  1.6064  6.5108
  5.0433  1.3037  0.0000  2.4402  9.2479
  6.2268  2.2264  0.0000  1.5611 17.9701
  5.2752  1.9896  0.0000  1.5209 15.6442
  4.6692  1.7982  0.0000  0.9222 13.8035
  5.1559  1.2424  0.0000  2.4248  8.7070
  4.6429  2.5663  0.0000  1.5388 21.3879
  5.7704  4.0991  0.0000  1.7832 37.6391
  5.7456  2.4096  0.0000  0.7377 19.8011
  4.2957  2.5327  0.0000  2.2767 21.0466
  5.0522  3.2605  0.0000  1.9243 28.6036
  5.5943  3.8985  0.0000  1.8081 35.4513
  4.3211  1.8425  0.0000  2.4619 14.2255
  5.2738  0.9693  0.0000  0.8022  6.3853
  4.8006  0.9346  0.0000  1.4383  6.1015
  4.8718  1.6999  0.0000  0.7346 12.8731
  5.1919  2.1475  0.0000  1.9879 17.1899
  4.6191  1.1531  0.0000  1.4500  7.9324
  6.0487  3.6195  0.0000  2.0201 32.4346
  5.9166  4.3026  0.0000  1.4318 39.8743
  4.4944  4.4476  0.0000  2.4776 41.4761
  5.0283  3.7106  0.0000  0.5181 33.4156
  5.3999  0.8445  0.0000  2.0378  5.3776
  5.2739  2.2898  0.0000  1.5067 18.6003
  4.6087  2.6568  0.0000  1.4929 22.3117
  5.1503  2.0728  0.0000  1.9572 16.4551
  5.5436  1.2610  0.0000  0.9549  8.8707
  4.9951  0.9752  0.0000  2.3096  6.4335
  5.0226  1.7900  0.0000  0.9585 13.7253
  4.8353  2.8766  0.0000  0.2758 24.5784
  5.3724  4.0982  0.0000  0.3882 37.6297
  4.9117  2.4078  0.0000  1.8333 19.7838
  5.0772  3.2052  0.0000  2.8274 28.0183
  4.8452  2.5158  0.0000  1.7037 20.8746
  5.5678  3.4453  0.0000  2.2913 30.5678
  4.3324  3.0278  0.0000  2.5862 26.1535
  5.8853  2.6100  0.0000  2.3751 21.8332
  4.7052  2.1489  0.0000  2.2080 17.2037
  6.5776  3.9031  0.0000  2.0045 35.5011
  5.9830  4.1477  0.0000  1.1920 38.1721
  3.9451  3.7291  0.0000  0.5402 33.6153
  4.2875  2.5373  0.0000  1.2963 21.0927
  5.7288  4.0756  0.0000  1.7467 37.3825
  4.0033  4.1610  0.0000  2.3643 38.3182
  5.3831  1.1330  0.0000  1.6825  7.7594
  5.6384  2.9805  0.0000  2.7428 25.6597
  4.8892  2.2504  0.0000  0.9889 18.2087
  5.2427  2.8741  0.0000  1.3416 24.5529
  5.2155  1.2947  0.0000  1.0262  9.1678
  5.2206  0.8786  0.0000  0.8085  5.6491
  6.7117  1.4567  0.0000  1.4862 10.6216
  3.9295  0.7095  0.0000  2.4020  4.3331
  5.4486  0.6506  0.0000  1.2358  3.8938
  5.3277  3.8645  0.0000  0.6033 35.0821
  5.6112  2.5043  0.0000  1.5177 20.7587
  5.0995  3.0906  0.0000  2.4279 26.8119
  5.1967  2.3503  0.0000  0.5086 19.2061
  5.0693  1.9254  0.0000  1.1569 15.0223
  5.2554  2.7880  0.0000  2.4934 23.6607
  5.9261  4.4268  0.0000  1.9800 41.2464
  4.5883  3.9139  0.0000  0.6286 35.6187
  4.8393  2.4911  0.0000  1.6973 20.6245
  5.6471  4.1831  0.0000  0.8844 38.5605
  5.2174  2.1640  0.0000  1.0369 17.3524
  5.4797  2.9970  0.0000  1.4661 25.8315
  4.6773  2.4884  0.0000  2.3219 20.5974
  5.1701  0.7585  0.0000  1.3091  4.7064
  4.8177  1.3197  0.0000  1.0314  9.3895
  5.2205  2.8701  0.0000  1.9424 24.5108
  4.3851  2.6397  0.0000  0.7233 22.1366
  4.3935  2.7199  0.0000  1.7275 22.9600
  5.4947  3.5267  0.0000  2.2740 31.4390
  4.8635  0.6196  0.0000  1.5953  3.6675
  5.7134  4.1776  0.0000  1.3594 38.4999
  5.2960  2.4838  0.0000  1.0234 20.5509
  4.5894  3.1514  0.0000  0.4950 27.4514
  5.2974  3.4188  0.0000  0.8618 30.2855
  5.4277  0.7617  0.0000  1.2043  4.7307
  4.2824  2.0826  0.0000  1.6475 16.5517
  5.7829  3.2523  0.0000  2.4165 28.5161
  5.0373  2.9556  0.0000  0.7974 25.4004
  5.6395  0.7976  0.0000  1.4422  5.0090
  4.6918  1.8190  0.0000  1.8982 14.0013
  5.7508  1.8458  0.0000  2.0603 14.2569
  6.0739  1.9357  0.0000  1.1942 15.1219
  5.3868  4.0564  0.0000  1.3075 37.1731
  6.1746  3.2480  0.0000  0.4382 28.4716
  4.1682  3.8545  0.0000  0.6252 34.9738
  5.4020  3.7189  0.0000  2.1997 33.5061
  5.3608  1.7619  0.0000  2.5244 13.4581
  5.0898  3.5139  0.0000  1.5167 31.3019
  5.1941  3.2248  0.0000  2.0717 28.2256
  6.7727  2.1207  0.0000  1.4930 16.9255
  4.3000  1.5443  0.0000  0.6784 11.4231
  5.4051  1.7269  0.0000  2.0749 13.1273
  4.8198  2.2259  0.0000  2.3584 17.9645
  5.2805  1.0450  0.0000  1.6345  7.0144
  5.2112  0.5842  0.0000  1.1867  3.4124
  4.5759  1.5034  0.0000  0.2601 11.0482
  5.0479  2.5992  0.0000  1.7908 21.7237
  5.0620  2.7061  0.0000  1.8450 22.8180
  5.1150  2.3433  0.0000  1.5587 19.1356
  5.0984  3.5173  0.0000  1.3308 31.3380
  5.2717  2.9122  0.0000  1.6001 24.9483
  3.6461  3.8121  0.0000  2.0050 34.5134
  6.0594  0.9621  0.0000  2.0289  6.3265
  5.4243  0.8177  0.0000  2.0703  5.1663
  3.5582  0.9472  0.0000  1.8383  6.2044
  5.2872  1.7868  0.0000  0.9876 13.6943
  5.1325  2.8295  0.0000  0.8958 24.0899
  4.2562  1.3115  0.0000  1.9887  9.3167
  5.1960  1.7650  0.0000  1.5981 13.4873
  5.5887  1.3001  0.0000  1.3393  9.2153
  5.0591  2.0231  0.0000  1.5445 15.9700
  4.7853  3.5918  0.0000  3.0649 32.1364
  5.0598  3.3088  0.0000  1.0074 29.1156
  4.0922  1.5044  0.0000  2.2728 11.0572
  5.0692  3.5145  0.0000  1.5600 31.3080
  4.8319  2.8269  0.0000  1.1959 24.0634
  4.4238  3.3307  0.0000  2.3699 29.3474
  4.9380  2.5306  0.0000  3.0661 21.0249
  5.5697  2.5535  0.0000  2.7206 21.2582
  5.4760  2.9850  0.0000  1.3689 25.7066
  4.6191  1.0581  0.0000  1.7673  7.1242
  5.0917  0.8950  0.0000  0.2645  5.7810
  5.1706  2.1848  0.0000  1.5630 17.5579
  6.6603  2.1904  0.0000  1.5778 17.6133
  5.0230  1.6561  0.0000  2.2182 12.4619
  5.7512  2.7083  0.0000  1.9864 22.8407
  4.4772  4.0316  0.0000  2.0669 36.9017
  5.3927  1.7959  0.0000  1.5407 13.7813
  4.6387  3.3321  0.0000  2.1565 29.3622
  5.6236  2.1273  0.0000  1.4597 16.9904
  4.7464  3.3697  0.0000  1.4435 29.7625
  6.3158  0.8588  0.0000  2.1828  5.4913
  5.9644  4.3601  0.0000  1.3717 40.5088
  5.2904  1.0302  0.0000  2.8945  6.8897
  4.9460  4.4416  0.0000  1.8635 41.4102
  5.6482  2.9188  0.0000  1.0196 25.0166
  5.7560  1.1852  0.0000  1.7204  8.2090
  5.3578  3.5012  0.0000  1.7141 31.1653
  4.6428  3.7907  0.0000  0.5245 34.2823
  4.6095  3.8797  0.0000  2.2854 35.2467
  4.8686  4.0363  0.0000  0.6580 36.9530
  5.1602  1.9576  0.0000  1.5077 15.3341
  5.0577  1.7674  0.0000  0.8000 13.5100
  5.8615  4.0944  0.0000  1.4604 37.5885
  5.4297  1.9137  0.0000  1.6052 14.9092
  5.2326  1.8199  0.0000  2.0911 14.0099
  4.9331  0.7207  0.0000  0.9290  4.4178
  5.0791  3.9601  0.0000  0.5874 36.1213
  6.0552  3.3262  0.0000  1.6717 29.2997
  5.2280  2.1575  0.0000  1.9383 17.2881
  4.6821  1.8210  0.0000  2.5581 14.0202
  3.5310  3.0275  0.0000  1.1651 26.1513
  5.1216  1.6695  0.0000  0.9523 12.5872
  5.6909  2.0670  0.0000  2.2872 16.3992
  5.4630  2.1870  0.0000  1.8535 17.5798
  5.0341  1.3760  0.0000  0.4556  9.8928
  5.5398  1.6127  0.0000  1.9180 12.0571
  5.2256  2.9308  0.0000  1.7157 25.1417
  5.3199  4.4838  0.0000  1.4371 41.8778
  5.6311  0.7828  0.0000  2.6063  4.8943
  5.0583  3.2009  0.0000  1.9212 27.9736
  5.8229  3.3439  0.0000  1.0333 29.4884
  4.0588  3.9534  0.0000  0.8654 36.0485
  6.5845  1.7511  0.0000  2.1836 13.3556
  5.2470  3.6121  0.0000  1.6387 32.3550
  5.0014  1.4775  0.0000  1.3936 10.8112
  4.7473  2.6113  0.0000  1.0602 21.8464
  4.9803  0.9330  0.0000  1.1802  6.0882
  5.5885  1.5009  0.0000  0.8927 11.0253
  4.9425  1.9985  0.0000  1.1331 15.7308
  5.5660  3.2306  0.0000  2.0550 28.2866
  4.6823  4.0369  0.0000  1.7514 36.9595
  5.4000  4.0727  0.0000  2.7484 37.3512
  4.9221  2.4390  0.0000  2.2196 20.0977
  4.6415  1.6237  0.0000  1.1951 12.1589
  5.0683  2.3006  0.0000  1.9294 18.7085
  4.9916  3.4810  0.0000  2.6747 30.9498
  5.7779  3.0333  0.0000  1.3715 26.2113
  4.9629  0.7302  0.0000  0.3693  4.4899
  4.9075  3.9624  0.0000  2.1232 36.1470
  5.4801  2.0813  0.0000  2.8419 16.5389
  5.8157  0.7970  0.0000  1.7915  5.0044
  5.2492  3.4924  0.0000  2.1656 31.0714
  5.0620  1.1476  0.0000  1.5861  7.8851
  3.6419  2.4850  0.0000  0.9782 20.5631
  4.7313  3.3844  0.0000  1.8528 29.9192
  5.3901  2.1269  0.0000  2.6612 16.9864
  5.8997  2.3652  0.0000  1.7384 19.3553
  5.7102  0.9472  0.0000  1.3027  6.2041
  4.1126  3.3078  0.0000  2.3158 29.1050
  4.9179  0.9129  0.0000  1.6943  5.9253
  5.1489  2.1996  0.0000  1.9457 17.7042
  4.7210  3.4155  0.0000  0.3825 30.2504
  5.6116  3.4406  0.0000  1.1613 30.5183
  5.0858  1.9315  0.0000  2.4668 15.0813
  4.0579  3.5727  0.0000  1.0975 31.9320
  5.3020  1.6442  0.0000  1.9479 12.3508
  5.0455  2.8365  0.0000  1.3384 24.1622
  6.6433  1.3965  0.0000  2.4444 10.0771
  5.5202  4.2701  0.0000  1.4347 39.5170
  4.6576  2.5553  0.0000  2.6820 21.2759
  5.1718  1.7979  0.0000  0.1178 13.7999
  3.9589  3.2311  0.0000  0.8702 28.2921
  4.7775  2.0511  0.0000  1.7641 16.2431
  5.0239  3.4519  0.0000  2.1928 30.6389
  5.2098  1.2742  0.0000  0.9273  8.9871
  5.1705  4.3660  0.0000  2.5881 40.5746
  5.3471  3.8437  0.0000  2.7651 34.8567
  3.5049  2.3024  0.0000  0.8001 18.7262
  5.2239  2.6566  0.0000  0.0992 22.3099
  5.2453  1.1567  0.0000  1.6691  7.9629
  5.2096  3.7755  0.0000  1.8837 34.1179
  4.5269  1.4320  0.0000  1.0814 10.3971
  6.5634  2.4158  0.0000  2.5068 19.8637
  5.6279  1.0974  0.0000  2.2796  7.4565
  5.0485  2.5076  0.0000  0.4809 20.7912
  5.5318  2.9878  0.0000  0.7446 25.7362
  6.0778  3.1625  0.0000  3.0639 27.5685
  4.6874  4.1435  0.0000  1.3288 38.1258
  5.4345  4.4242  0.0000  1.2570 41.2175
  3.6007  2.8038  0.0000  0.4773 23.8244
  6.5436  4.2041  0.0000  1.2901 38.7914
  5.2943  3.1156  0.0000  0.8471 27.0752
  5.3818  2.3334  0.0000  1.2319 19.0364
  5.2715  2.3041  0.0000  1.8954 18.7435
  4.6051  3.1298  0.0000  1.7093 27.2245
  6.0797  2.6833  0.0000  1.4388 22.5834
  5.4276  1.9158  0.0000  1.9310 14.9300
  5.6370  4.0945  0.0000  0.8783 37.5891
  5.0482  2.8407  0.0000  1.3847 24.2063
  5.2924  2.0597  0.0000  0.5933 16.3277
  5.2421  2.2325  0.0000  1.1084 18.0303
  5.2547  1.9692  0.0000  1.5997 15.4461
  4.6020  3.1078  0.0000  1.0116 26.9927
  4.6852  1.5410  0.0000  1.8109 11.3936
  5.1402  0.8896  0.0000  2.1825  5.7370
  5.1377  2.4229  0.0000  1.5062 19.9359
  5.7993  1.7309  0.0000  1.2720 13.1649
  5.8971  3.5577  0.0000  0.6468 31.7706
  4.7142  3.6361  0.0000  1.0551 32.6129
  5.8907  1.5368  0.0000  2.0700 11.3545
  5.1342  1.2985  0.0000  1.4884  9.2013
  5.2087  1.4338  0.0000  1.1373 10.4135
  4.4309  2.9665  0.0000  1.3851 25.5132
  3.8145  3.6158  0.0000  1.8545 32.3943
  6.0375  3.6771  0.0000  0.6982 33.0547
  4.4613  1.3944  0.0000  1.6230 10.0574
  5.0232  3.8663  0.0000  2.3204 35.1014
  4.2024  0.3065  0.0000  0.2949  1.5805
  4.1111  2.7543  0.0000  2.5966 23.3136
  5.1619  1.7742  0.0000  0.6988 13.5744
  6.0231  0.5898  0.0000  1.5724  3.4524
  5.9655  0.5246  0.0000  1.5802  2.9938
  4.8727  3.8634  0.0000  0.6491 35.0695
  5.6113  3.8786  0.0000  1.3578 35.2346
  5.4022  3.0343  0.0000  1.6696 26.2216
  4.9286  3.3604  0.0000  0.7778 29.6630
  4.9650  1.2517  0.0000  1.2233  8.7893
  5.1915  4.4128  0.0000  2.3358 41.0909
  4.9412  1.6439  0.0000  1.6526 12.3477
  5.9034  2.6250  0.0000  0.6546 21.9865
  4.4589  1.6092  0.0000  1.5500 12.0244
  5.1610  4.0115  0.0000  1.8415 36.6825
  5.5283  2.2827  0.0000  2.6172 18.5299
  5.4034  1.9657  0.0000  2.3616 15.4118
  5.0469  4.0867  0.0000  1.1606 37.5042
  5.1614  3.9424  0.0000  0.4512 35.9291
  5.0856  3.0229  0.0000  2.9355 26.1027
  4.7812  3.9581  0.0000  0.4602 36.1000
  5.1021  0.8203  0.0000  1.6567  5.1868
  4.9592  2.6909  0.0000  0.4440 22.6614
  6.8307  2.8359  0.0000  0.6292 24.1569
  6.1745  1.8394  0.0000  1.0445 14.1964
  5.1833  3.1405  0.0000  1.9596 27.3369
  6.4369  1.5699  0.0000  1.5457 11.6602
  3.6031  2.0271  0.0000  1.4558 16.0088
  5.8840  4.2143  0.0000  0.9901 38.9027
  4.5277  3.6601  0.0000  1.3475 32.8715
  4.7317  2.2114  0.0000  1.7259 17.8214
  5.2563  2.8754  0.0000  2.0353 24.5660
  4.5403  3.0291  0.0000  2.5520 26.1678
  4.7321  2.7071  0.0000  0.3702 22.8284
  5.1961  2.1955  0.0000  0.6332 17.6637
  5.4814  1.4763  0.0000  1.8133 10.8002
  5.1679  2.9249  0.0000  2.1517 25.0804
  5.1723  1.4987  0.0000  1.0825 11.0052
  5.6777  1.4914  0.0000  0.7941 10.9380
  5.6551  1.2887  0.0000  1.5346  9.1151
  5.2778  2.8068  0.0000  2.4862 23.8550
  5.3610  3.1691  0.0000  1.8306 27.6377
  4.9223  4.0714  0.0000  1.2346 37.3368
  4.7576  2.0621  0.0000  1.7493 16.3505
  4.9544  2.5178  0.0000  1.8636 20.8956
  4.8925  2.5478  0.0000  2.8343 21.1993
  4.6079  0.9480  0.0000  0.7252  6.2109
  5.6474  3.7006  0.0000  0.3764 33.3085
  5.2828  3.7418  0.0000  1.3404 33.7533
  4.0598  0.4648  0.0000  1.4925  2.5864
  5.2854  1.6900  0.0000  0.9002 12.7799
  5.1742  2.0231  0.0000  2.5446 15.9698
  5.8660  1.7279  0.0000  2.1700 13.1369
  5.4344  3.8790  0.0000  1.1959 35.2397
  4.5969  3.2086  0.0000  1.4668 28.0551
  5.6276  1.5557  0.0000  2.0471 11.5288
  4.0389  0.8525  0.0000  1.6939  5.4412
  4.4082  4.2902  0.0000  1.9291 39.7384
  4.0790  3.0231  0.0000  0.3820 26.1045
  5.0268  3.0741  0.0000  1.0257 26.6390
  5.5879  0.9852  0.0000  1.0932  6.5166
  5.4501  3.4625  0.0000  3.0073 30.7519
  4.6679  2.1679  0.0000  1.7606 17.3907
  5.4063  2.4489  0.0000  0.3578 20.1973
  5.2974  2.9641  0.0000  1.3148 25.4890
  4.5695  2.8392  0.0000  3.0059 24.1903
  5.4833  2.2378  0.0000  0.4128 18.0826
  5.0255  2.2577  0.0000  1.8231 18.2813
  5.5622  0.6191  0.0000  2.4378  3.6638
  4.8562  2.6548  0.0000  1.4757 22.2919
  5.4445  3.1465  0.0000  0.7121 27.3996
  4.2517  2.7813  0.0000  1.9169 23.5920
  5.6049  3.0798  0.0000  1.8295 26.6993
  5.2972  3.5847  0.0000  0.9918 32.0602
  5.2331  3.4220  0.0000  2.0612 30.3196
  5.9594  3.8007  0.0000  0.4336 34.3906
  5.2904  0.8415  0.0000  0.8732  5.3538
  4.9679  3.4133  0.0000  1.9475 30.2266
  5.1773  2.8076  0.0000  1.6633 23.8640
  5.8575  1.9640  0.0000  2.4570 15.3953
  5.6854  1.2111  0.0000  0.9110  8.4344
  5.8133  3.6529  0.0000  0.3242 32.7938
  5.0372  1.9974  0.0000  2.9607 15.7198
  4.6943  4.2958  0.0000  0.9645 39.7999
  5.3840  3.4161  0.0000  1.0126 30.2566
  3.7185  2.2088  0.0000  1.8038 17.7952
  4.9167  3.0775  0.0000  3.0088 26.6748
  4.8510  3.0188  0.0000  1.7450 26.0594
  4.5811  0.8609  0.0000  1.0702  5.5077
  5.5387  1.0980  0.0000  1.6842  7.4613
  5.6262  3.4158  0.0000  0.7047 30.2535
  5.8877  1.8173  0.0000  1.5140 13.9853
  5.0392  3.5812  0.0000  0.9268 32.0231
  3.7655  1.3123  0.0000  0.3053  9.3241
  5.2995  3.8499  0.0000  2.2734 34.9238
  4.7456  3.5776  0.0000  0.7451 31.9846
  4.8794  2.6866  0.0000  2.7592 22.6180
  5.8371  0.3027  0.0000  1.5909  1.5580
  5.2361  3.6674  0.0000  0.8598 32.9506
  5.5312  1.7627  0.0000  2.5757 13.4653
  5.2446  1.1325  0.0000  1.2576  7.7556
  4.7265  3.7725  0.0000  0.4433 34.0847
  4.5583  3.3906  0.0000  0.4823 29.9846
  5.8756  3.7840  0.0000  0.8775 34.2094
  6.0915  3.7310  0.0000  2.3822 33.6364
  5.3568  2.5313  0.0000  1.7854 21.0323
  5.1062  1.9046  0.0000  1.1808 14.8220
  5.0951  1.3877  0.0000  2.7976  9.9972
  5.7002  1.5140  0.0000  1.0011 11.1451
  5.1911  4.1533  0.0000  1.1244 38.2335
  4.2233  2.6890  0.0000  1.7367 22.6426
  4.4775  1.2605  0.0000  1.3665  8.8659
  5.0971  4.3501  0.0000  0.5992 40.3982
  4.6902  2.9295  0.0000  2.2665 25.1279
  5.2647  3.3804  0.0000  0.8264 29.8760
  5.7971  2.7095  0.0000  1.1161 22.8525
  5.0543  1.8250  0.0000  2.0177 14.0584
  5.5363  4.0447  0.0000  2.5762 37.0450
  4.3105  2.7196  0.0000  1.8243 22.9567
  4.6317  4.2055  0.0000  0.4942 38.8068
  5.0084  4.1225  0.0000  2.1406 37.8961
  5.1151  1.5740  0.0000  1.7931 11.6974
  5.6470  1.6313  0.0000  1.2589 12.2301
  5.6414  2.5542  0.0000  2.5732 21.2651
  5.7851  2.6110  0.0000  1.7028 21.8437
  6.0739  3.9877  0.0000  0.6353 36.4227
  5.3371  1.6591  0.0000  0.6935 12.4901
  5.0851  3.4480  0.0000  2.0604 30.5966
  5.8811  2.1389  0.0000  0.4097 17.1047
  4.1544  1.7767  0.0000  1.7665 13.5990
  4.5546  4.2058  0.0000  1.6679 38.8092
  4.9399  3.1016  0.0000  2.6031 26.9274
  3.8213  1.8001  0.0000  0.7987 13.8214
  5.6443  0.6472  0.0000  2.7386  3.8688
  4.9852  3.5327  0.0000  2.1670 31.5027
  5.4354  2.0010  0.0000  1.7146 15.7551
  5.2217  2.0399  0.0000  2.0857 16.1339
  5.6368  3.8934  0.0000  0.3844 35.3959
  5.4266  2.4967  0.0000  0.9367 20.6813
  5.4394  2.5206  0.0000  0.6234 20.9230
  5.9642  4.4518  0.0000  2.9379 41.5231
  5.2989  1.6789  0.0000  1.8835 12.6752
  4.9160  3.5517  0.0000  1.6658 31.7066
  5.3473  4.2575  0.0000  1.1029 39.3781
  4.7842  3.9488  0.0000  0.9520 35.9984
  5.2560  2.1861  0.0000  2.1772 17.5701
  4.9759  2.9924  0.0000  0.9224 25.7842
  5.1918  3.4879  0.0000  1.6919 31.0235
  4.6036  2.7863  0.0000  2.2683 23.6433
  5.4976  1.1973  0.0000  1.4046  8.3141
  5.5310  2.8872  0.0000  2.0017 24.6881
  5.4433  1.2352  0.0000  1.0280  8.6440
  4.0645  3.1470  0.0000  1.2755 27.4055
  4.2435  3.4964  0.0000  1.5791 31.1141
  4.8246  2.1525  0.0000  1.2384 17.2386
  4.3460  2.6864  0.0000  1.6361 22.6153
  4.8247  1.1800  0.0000  0.4984  8.1645
  5.3347  2.2198  0.0000  0.7199 17.9048
  5.6158  3.4915  0.0000  1.4432 31.0613
  4.7625  3.3934  0.0000  0.8593 30.0146
  5.3298  1.5518  0.0000  1.6770 11.4930
  5.1147  2.0816  0.0000  1.5211 16.5413
  5.2545  0.3804  0.0000  1.4872  2.0366
  4.7293  2.0416  0.0000  0.3075 16.1501
  5.1377  3.0499  0.0000  1.6357 26.3849
  4.7204  1.3533  0.0000  0.3833  9.6890
  5.3928  1.9998  0.0000  1.6835 15.7432
  5.5378  2.0516  0.0000  1.2835 16.2479
  6.8900  1.2745  0.0000  0.5345  8.9898
  5.2974  2.9483  0.0000  2.9946 25.3240
  5.0650  3.1176  0.0000  1.4098 27.0960
  5.4584  2.7649  0.0000  0.6400 23.4233
  5.0923  3.7484  0.0000  0.1824 33.8243
  5.2740  3.6958  0.0000  2.1451 33.2561
  4.9583  3.1629  0.0000  2.1565 27.5721
  5.4734  4.1055  0.0000  2.8652 37.7099
  6.4658  2.1578  0.0000  1.2973 17.2913
  6.0865  3.0705  0.0000  1.3529 26.6014
  4.9457  3.8262  0.0000  0.2900 34.6668
  5.2030  2.5619  0.0000  1.5405 21.3437
  5.7946  2.2162  0.0000  1.6077 17.8684
  5.7548  4.4938  0.0000  1.4856 41.9877
  5.0106  3.1024  0.0000  1.8380 26.9365
  5.4124  3.2047  0.0000  2.8676 28.0130
  5.6348  4.3683  0.0000  2.2605 40.5999
  4.7685  4.3299  0.0000  1.2533 40.1753
  5.4119  1.3876  0.0000  0.6735  9.9967
  4.9752  2.8856  0.0000  1.0664 24.6718
  5.8899  1.0878  0.0000  1.5513  7.3751
  4.9429  1.2097  0.0000  1.5274  8.4223
  5.5280  3.0951  0.0000  2.0782 26.8597
  4.4797  4.2214  0.0000  2.2954 38.9815
  5.7892  3.4614  0.0000  0.8871 30.7395
  5.0896  2.1127  0.0000  1.6649 16.8472
  4.4693  1.7454  0.0000  1.9909 13.3021
  5.2532  3.4931  0.0000  2.9964 31.0792
  5.0398  2.9164  0.0000  0.8541 24.9919
  5.1763  2.9652  0.0000  0.9754 25.4998
  5.1188  3.6916  0.0000  3.0521 33.2112
  6.0073  0.8681  0.0000  0.0670  5.5651
  5.3217  3.7265  0.0000  2.4824 33.5879
  4.9049  3.0789  0.0000  2.7279 26.6892
  5.1493  1.0765  0.0000  2.6448  7.2790
  5.2136  1.3069  0.0000  1.7354  9.2762
  4.6176  2.7321  0.0000  2.1761 23.0853
  5.6023  3.2511  0.0000  1.1261 28.5036
  5.6197  1.8261  0.0000  1.4289 14.0693
  6.1122  1.0193  0.0000  0.6643  6.7993
  5.4814  4.4456  0.0000  1.9982 41.4541
  5.7802  1.3653  0.0000  2.2499  9.7965
  4.8964  2.6614  0.0000  0.5043 22.3596
  5.0300  3.2265  0.0000  1.5752 28.2440
  5.5275  1.7716  0.0000  1.3361 13.5503
  4.7923  4.2495  0.0000  1.9742 39.2900
  4.9534  1.9370  0.0000  0.3972 15.1343
  5.6546  1.9009  0.0000  2.1169 14.7862
  3.9986  3.0177  0.0000  1.6917 26.0483
  3.5357  4.1139  0.0000  1.1457 37.8022
  5.0679  1.6856  0.0000  1.4171 12.7379
  4.7753  1.7384  0.0000  2.3665 13.2353
  6.2476  2.5173  0.0000  1.8392 20.8896
  4.9339  2.4825  0.0000  1.9087 20.5369
  5.9389  2.4091  0.0000  0.7697 19.7961
  4.5975  4.4423  0.0000  0.9036 41.4178
  5.2519  3.4260  0.0000  1.6222 30.3621
  5.0063  2.1953  0.0000  1.3692 17.6613
  5.7586  0.8858  0.0000  0.9980  5.7067
  6.2817  2.5491  0.0000  1.3151 21.2131
  5.3066  1.7258  0.0000  1.8157 13.1169
  5.1161  2.8245  0.0000  1.5444 24.0384
  6.1575  3.4968  0.0000  1.8558 31.1187
  5.3165  1.4575  0.0000  2.2478 10.6288
  5.1640  1.3154  0.0000  2.2991  9.3516
  5.2531  1.2068  0.0000  1.8685  8.3970
  6.1976  3.6687  0.0000  1.8073 32.9639
  4.2800  4.0569  0.0000  1.1537 37.1784
  4.4606  1.0001  0.0000  1.3124  6.6394
  4.4285  1.3821  0.0000  2.3497  9.9470
  5.0484  1.5397  0.0000  2.1864 11.3816
  4.2384  1.9399  0.0000  2.1153 15.1627
  5.0593  2.5957  0.0000  3.0827 21.6874
  5.2749  1.9788  0.0000  0.6516 15.5396
  4.6355  3.0884  0.0000  0.1811 26.7886
  5.3675  1.7635  0.0000  1.7017 13.4729
  4.6640  3.7501  0.0000  1.4547 33.8432
  4.7715  0.8811  0.0000  1.4515  5.6692
  5.2597  1.8220  0.0000  0.1642 14.0297
  5.6434  3.0718  0.0000  2.4129 26.6154
  5.5138  1.7539  0.0000  2.6461 13.3827
  5.3109  1.8732  0.0000  2.0303 14.5203
  3.8655  2.0671  0.0000  1.3857 16.3994
  5.6217  1.7324  0.0000  1.7082 13.1793
  4.9630  3.9891  0.0000  1.0159 36.4381
  4.6848  2.4469  0.0000  1.9675 20.1773
  5.0645  3.3409  0.0000  1.0353 29.4558
  4.4035  2.6100  0.0000  2.5066 21.8331
