  5.5596  3.7381  0.9793  1.3055 33.7133
  4.2510  0.8126  0.9892  0.4703  5.1260
  6.1577  3.3665  0.9962  0.7132 29.7283
  5.4229  3.9319  0.9876  1.8366 35.8148
  4.4480  3.7003  0.9865  2.9346 33.3045
  5.2722  1.5256  0.9912  2.5624 11.2516
  3.8663  2.4368  0.9939  0.7422 20.0758
  5.4603  2.8793  0.9852  0.2235 24.6059
  3.8273  3.4805  0.9813  1.3116 30.9438
  5.0243  0.2814  0.9709  1.7174  1.4321
  5.3339  1.8632  0.9754  1.6471 14.4237
  5.5321  2.9826  0.9735  0.9556 25.6819
  5.8338  2.0802  0.9754  1.8330 16.5278
  5.0454  1.6147  0.9822  1.1537 12.0759
  5.0734  2.6285  0.9970  1.1129 22.0227
  4.3648  2.4403  0.9855  0.3080 20.1107
  4.2656  1.1772  0.9969  0.6495  8.1402
  4.7571  1.0456  0.9923  2.4551  7.0193
  4.8425  3.8317  0.9728  0.6192 34.7257
  5.6419  3.8229  0.9668  2.1998 34.6308
  5.1903  2.8088  0.9970  1.1668 23.8766
  5.9249  2.7886  0.9676  1.0501 23.6675
  4.8799  0.6914  0.9912  0.9121  4.1972
  4.6597  3.6021  0.9953  1.0624 32.2470
  6.2449  3.6943  0.9669  0.9969 33.2401
  5.4467  2.1946  0.9758  0.6880 17.6544
  5.4623  4.2284  0.9698  1.5079 39.0576
  3.8251  2.7481  0.9961  0.6464 23.2500
  5.1859  1.9610  0.9724  1.1286 15.3664
  4.0896  3.3421  0.9909  0.8169 29.4688
  5.9724  0.7535  0.9826  1.9832  4.6683
  5.9456  2.0926  0.9784  2.6534 16.6491
  4.9149  2.2625  0.9739  1.0427 18.3284
  5.4280  2.2646  0.9869  1.2735 18.3499
  5.2403  3.2830  0.9728  1.4676 28.8420
  5.4322  0.9081  0.9844  1.9688  5.8863
  5.4269  0.9947  0.9761  1.8690  6.5951
  5.3688  3.0888  0.9815  1.0251 26.7937
  4.2488  1.7271  0.9805  0.7622 13.1290
  5.1883  1.7247  0.9927  0.9356 13.1066
  5.4608  2.5807  0.9732  1.0004 21.5346
  4.9438  2.8132  0.9783  0.1854 23.9216
  5.6818  3.1173  0.9949  1.8683 27.0923
  4.4366  2.4310  0.9817  1.0839 20.0175
  5.0452  2.1057  0.9730  2.2603 16.7779
  5.7670  2.0300  0.9980  1.8363 16.0377
  6.4440  1.8488  0.8878  2.1333 14.2861
  6.0789  1.1810  0.9924  1.6110  8.1728
  4.5150  4.3150  0.9694  2.6560 40.0115
  6.1304  0.5750  0.9923  0.1426  3.3474
  4.0114  0.6582  0.9815  2.1242  3.9502
  5.2781  1.3613  0.9688  0.6091  9.7610
  3.9595  0.6615  0.9776  1.7589  3.9741
  6.1897  2.7534  0.9830  0.6092 23.3047
  5.2231  2.4501  0.9831  1.8399 20.2099
  5.2387  2.4995  0.9958  2.4665 20.7096
  5.2742  4.0173  0.9877  0.8025 36.7449
  5.6287  1.0958  0.9859  1.1644  7.4430
  6.3472  1.8689  0.9980  0.5898 14.4787
  4.9524  3.0105  0.9863  2.1075 25.9729
  5.2026  1.6472  0.9768  0.4304 12.3783
  5.2752  2.8389  0.9702  1.3232 24.1876
  5.9391  1.1284  0.9980  2.7378  7.7207
  4.9034  2.5132  0.9837  0.9624 20.8486
  5.7831  1.8166  0.9687  2.4347 13.9788
  4.7141  2.5917  0.9875  0.8794 21.6471
  5.3407  3.8893  0.9736  0.5422 35.3513
  4.3991  2.7235  0.9782  1.6871 22.9970
  5.1227  3.4266  0.9791  2.6560 30.3683
  5.1211  3.9027  0.9747  2.0213 35.4969
  5.1665  3.8536  0.9727  2.1850 34.9634
  5.2019  4.1555  0.9909  0.7362 38.2571
  4.7525  4.0601  0.9913  1.5876 37.2132
  4.7205  2.6954  0.9955  0.8239 22.7079
  5.2711  1.6706  0.9684  1.3385 12.5976
  4.5536  3.1363  0.9751  1.8935 27.2927
  6.6612  3.1614  0.7622  0.0206 27.5571
  5.0758  2.4093  0.9748  1.2466 19.7987
  5.2265  1.3836  0.9980  0.7180  9.9607
  6.5909  2.9265  0.6796  2.3651 25.0970
  5.0109  3.7322  0.9922  2.1937 33.6494
  4.6118  3.3843  0.9683  0.2029 29.9175
  6.0875  2.5698  0.9820  0.5303 21.4237
  4.3296  4.3594  0.9980  1.2256 40.5009
  5.1496  2.2938  0.9833  1.6060 18.6410
  6.2185  1.4396  0.9805  0.3691 10.4658
  5.5056  2.2750  0.9898  2.2784 18.4529
  5.5831  1.8887  0.9942  2.0315 14.6687
  5.3514  2.2351  0.9725  1.3780 18.0567
  5.1514  1.1478  0.9946  1.8014  7.8870
  5.5299  2.9658  0.9672  1.1757 25.5064
  5.0457  3.6890  0.9713  1.1263 33.1830
  5.4975  3.9865  0.9853  2.5655 36.4095
  5.8047  1.8410  0.9771  2.1445 14.2119
  5.9727  2.3948  0.9710  1.6367 19.6526
  4.3254  2.6383  0.9904  0.3728 22.1224
  6.0058  0.7844  0.9853  2.4145  4.9060
  5.2529  3.3081  0.9980  0.5700 29.1075
  4.3618  2.4561  0.9805  0.9307 20.2703
  5.1326  1.9950  0.9725  1.8716 15.6966
  6.3644  3.2983  0.9815  0.9309 29.0043
  5.2619  2.5993  0.9683  1.3748 21.7248
  5.1349  3.2569  0.9742  2.2643 28.5654
  5.8225  2.5191  0.9684  1.3175 20.9087
  5.0042  0.9359  0.9787  0.5520  6.1117
  5.3234  2.2821  0.9876  0.2621 18.5236
  6.2577  3.8149  0.9701  0.5356 34.5443
  5.2581  4.1165  0.9953  0.8714 37.8304
  5.1386  3.9421  0.9971  2.3944 35.9261
  5.2384  2.4667  0.9676  1.3929 20.3778
  5.7664  1.5631  0.9788  2.8062 11.5971
  5.6089  2.8529  0.9961  0.9755 24.3324
  5.6472  3.5844  0.9705  1.4846 32.0576
  5.6380  1.9542  0.9815  1.9578 15.3009
  4.7068  1.1827  0.9864  1.4092  8.1874
  4.8167  2.7565  0.9813  0.8807 23.3368
  6.2933  0.6834  0.9529  0.5400  4.1374
  5.0008  3.5105  0.9775  1.1537 31.2650
  5.4992  1.7446  0.9765  0.8972 13.2944
  5.2053  3.3125  0.9683  0.8637 29.1540
  5.7520  4.1678  0.9693  0.9652 38.3922
  5.4688  1.8663  0.9895  1.7542 14.4536
  5.0836  2.7019  0.9960  2.0191 22.7743
  5.5067  4.2718  0.9974  0.5193 39.5355
  5.1002  3.3088  0.9852  1.9175 29.1155
  5.2191  3.2420  0.9848  0.5714 28.4072
  5.2716  3.6677  0.9745  2.3562 32.9537
  5.7857  2.8019  0.9803  2.2027 23.8047
  5.7747  1.9636  0.9748  0.9417 15.3919
  4.9200  1.4366  0.9677  0.7383 10.4393
  5.3080  1.7974  0.9946  0.3323 13.7956
  5.0664  3.1690  0.9944  1.1295 27.6369
  4.8368  0.7300  0.9790  0.9124  4.4880
  5.9335  1.6521  0.9963  0.8147 12.4246
  6.0356  1.5097  0.9971  2.2123 11.1060
  6.9184  2.3163  0.3259  1.9771 18.8655
  3.6230  2.0884  0.9900  0.1347 16.6079
  5.4895  2.1092  0.9765  0.4068 16.8130
  5.1038  1.0406  0.9713  0.9562  6.9769
  5.9680  2.6371  0.9791  0.9410 22.1109
  6.0039  1.8828  0.9932  0.6916 14.6117
  5.3497  0.9750  0.9806  1.5580  6.4320
  4.7388  1.4973  0.9747  0.7521 10.9916
  4.5113  3.1433  0.9968  1.1322 27.3666
  4.3167  4.4293  0.9980  1.4505 41.2743
  5.0843  3.1739  0.9852  2.1061 27.6885
  5.5611  2.8283  0.9957  0.5553 24.0774
  5.4293  1.7732  0.9767  1.2654 13.5652
  5.6232  3.2160  0.9701  0.4385 28.1329
  5.6111  1.7870  0.9723  0.4486 13.6968
  5.7828  3.6443  0.9956  0.8652 32.7018
  4.5713  1.0948  0.9980  1.2431  7.4344
  5.6460  2.8135  0.9910  0.7046 23.9242
  5.9369  2.7452  0.9757  1.2217 23.2203
  4.9727  3.3322  0.9887  1.0780 29.3633
  5.3091  2.8193  0.9760  2.0211 23.9848
  5.8900  2.7213  0.9919  1.9277 22.9737
  6.3138  3.2763  0.9790  0.7887 28.7708
  5.6731  1.1683  0.9907  1.2802  8.0634
  5.6764  2.5086  0.9753  0.4044 20.8018
  5.8767  0.8561  0.9843  0.7527  5.4694
  3.5923  1.7172  0.9966  0.7396 13.0353
  5.2796  2.6112  0.9931  2.0059 21.8453
  4.4634  2.0511  0.9922  1.4510 16.2431
  5.4789  3.9075  0.9758  1.8614 35.5487
  5.2814  3.5278  0.9919  0.7888 31.4499
  5.7217  2.2290  0.9980  0.4317 17.9955
  5.9352  2.2860  0.9942  1.2700 18.5624
  6.0192  3.1156  0.9899  2.0192 27.0746
  4.1237  2.6694  0.9873  0.2189 22.4408
  6.1551  1.6048  0.9828  0.8026 11.9837
  5.1560  3.8667  0.9911  1.2692 35.1056
  4.8570  3.3218  0.9969  1.2529 29.2534
  5.2586  2.2658  0.9741  2.3466 18.3612
  4.7343  4.2812  0.9924  0.7017 39.6392
  6.8959  2.0116  0.4765  0.8185 15.8582
  5.2230  3.0681  0.9959  0.8450 26.5758
  4.8889  2.8027  0.9716  1.4751 23.8131
  4.6657  2.2651  0.9958  1.3857 18.3546
  5.6165  2.4108  0.9875  2.5200 19.8136
  5.6583  3.6748  0.9980  0.6600 33.0304
  5.8195  3.7739  0.9962  1.2738 34.1003
  5.7839  1.6037  0.9741  1.2621 11.9735
  4.2013  3.0363  0.9887  0.6855 26.2429
  6.3269  2.4567  0.9910  2.0000 20.2766
  5.1917  2.2780  0.9980  0.7047 18.4833
  5.4084  2.8381  0.9980  0.8675 24.1792
  5.7745  1.5359  0.9842  2.0982 11.3466
  5.4442  0.7624  0.9941  1.7026  4.7366
  6.2166  0.9317  0.9785  1.2324  6.0774
  5.0410  1.3080  0.9876  1.9382  9.2856
  5.2842  3.3563  0.9943  2.3741 29.6201
  5.0699  4.3995  0.9891  0.7751 40.9444
  5.2558  3.6539  0.9929  1.0476 32.8047
  4.4513  2.6318  0.9770  0.3110 22.0564
  6.2656  1.6757  0.9838  1.2114 12.6454
  4.1716  4.3122  0.9888  0.4524 39.9802
  5.5503  1.8827  0.9980  0.4685 14.6114
  5.7494  3.5362  0.9924  0.6311 31.5401
  4.4450  3.3620  0.9980  1.5573 29.6807
  5.2080  2.8729  0.9867  0.5941 24.5399
  5.3068  1.4069  0.9795  0.9790 10.1709
  5.5119  3.8319  0.9814  1.0375 34.7280
  5.3296  2.4189  0.9908  0.6349 19.8947
  4.4721  3.2807  0.9881  1.1853 28.8176
  4.9604  2.3186  0.9847  0.0942 18.8887
  5.2791  3.9514  0.9702  0.7966 36.0269
  4.8042  1.7513  0.9764  0.4020 13.3574
  4.7940  2.4942  0.9805  1.8586 20.6554
  4.9705  2.0796  0.9932  2.0396 16.5224
  5.2967  2.1295  0.9722  2.0653 17.0125
  5.2791  1.1565  0.9805  1.1145  7.9616
  4.9712  4.0949  0.9688  0.6435 37.5932
  6.2779  3.1573  0.9941  1.0196 27.5136
  5.5956  3.4820  0.9723  2.2350 30.9603
  6.0419  2.8084  0.9931  2.6454 23.8724
  5.4916  2.9072  0.9962  0.0861 24.8966
  5.9862  3.1772  0.9871  1.0620 27.7229
  5.0546  3.3243  0.9882  0.2553 29.2800
  5.6270  1.2895  0.9670  2.0750  9.1216
  5.0077  2.3561  0.9686  0.4944 19.2642
  4.3871  3.2876  0.9891  1.9153 28.8902
  5.4932  3.7412  0.9980  0.4363 33.7462
  4.6802  4.0715  0.9760  2.7123 37.3381
  4.7656  1.2701  0.9680  0.8221  8.9511
  5.3246  2.6699  0.9676  0.6075 22.4459
  6.0133  1.8982  0.9844  1.8383 14.7600
  5.5706  0.6578  0.9762  1.7382  3.9474
  5.2399  3.6692  0.9844  0.9576 32.9693
  5.2419  3.9068  0.9874  0.9137 35.5411
  5.0123  2.1980  0.9721  1.4425 17.6883
  5.3864  0.9532  0.9797  0.5191  6.2529
  5.2865  0.6112  0.9917  1.0892  3.6069
  4.8646  2.7950  0.9886  1.3574 23.7333
  6.4155  0.7238  0.9553  1.4997  4.4411
  4.6466  2.8251  0.9774  2.6747 24.0442
  6.4239  2.3953  0.8149  0.5533 19.6577
  4.7250  1.3959  0.9740  0.8093 10.0715
  6.0858  1.5085  0.9980  1.8453 11.0941
  5.1873  1.3563  0.9686  0.7991  9.7160
  5.3322  1.6981  0.9670  1.4505 12.8556
  5.2252  4.0302  0.9980  1.8806 36.8858
  5.6176  2.1882  0.9960  1.0107 17.5909
  5.6574  1.1744  0.9675  0.8228  8.1157
  5.4892  2.3175  0.9796  0.8267 18.8777
  5.2987  0.8245  0.9680  2.0980  5.2201
  4.9023  1.1136  0.9943  1.9212  7.5942
  6.0702  2.7088  0.9725  0.5980 22.8452
  5.1383  1.6871  0.9972  1.2787 12.7528
  4.3834  3.4844  0.9717  1.5939 30.9861
  4.5998  3.9123  0.9948  0.9636 35.6012
  5.5034  3.0052  0.9690  0.8495 25.9178
  6.0839  1.5864  0.9853  0.6599 11.8125
  6.0258  1.3617  0.9717  2.4464  9.7642
  4.2594  1.3030  0.9900  0.2582  9.2409
  5.3191  1.3990  0.9752  0.3569 10.0990
  5.9667  4.3088  0.9931  1.3450 39.9433
  4.0679  3.8040  0.9884  0.7891 34.4258
  6.1703  0.9679  0.9794  0.5395  6.3736
  4.8233  3.0999  0.9726  1.4578 26.9093
  4.7054  3.7167  0.9961  0.7687 33.4824
  5.5342  3.6687  0.9833  1.7423 32.9644
  5.7015  2.1327  0.9831  1.4757 17.0436
  4.9020  3.4587  0.9946  1.8537 30.7106
  4.8058  1.9457  0.9980  0.2835 15.2184
  5.6303  1.3687  0.9940  1.2362  9.8270
  5.1753  2.1242  0.9729  1.3682 16.9605
  5.2774  3.2396  0.9937  1.6436 28.3820
  4.1516  4.0020  0.9888  1.3730 36.5779
  4.0895  1.3843  0.9772  2.1763  9.9672
  5.8406  1.2037  0.9830  0.8742  8.3698
  4.9305  3.9568  0.9751  0.6832 36.0855
  5.2496  3.0899  0.9871  1.1544 26.8051
  6.0670  1.1996  0.9962  2.2831  8.3338
  5.2741  1.4509  0.9906  2.5071 10.5688
  5.9177  2.6007  0.9850  1.6446 21.7389
  5.1695  1.4891  0.9824  1.2034 10.9170
  3.9096  1.2110  0.9921  1.7998  8.4329
  4.8175  2.7640  0.9790  1.8462 23.4139
  4.9873  4.2087  0.9954  2.4799 38.8421
  5.0470  1.1210  0.9721  1.8928  7.6572
  4.4571  1.3133  0.9721  1.9115  9.3328
  5.4445  2.6202  0.9864  0.9163 21.9373
  6.0815  2.4322  0.9954  1.5757 20.0289
  5.2302  3.6292  0.9810  0.7992 32.5390
  6.0034  0.3905  0.9716  1.7675  2.1007
  5.5242  3.7322  0.9769  0.5659 33.6498
  5.4573  1.7578  0.9923  0.6090 13.4197
  6.1169  2.5983  0.9980  1.4754 21.7138
  4.8505  3.4285  0.9978  1.5425 30.3885
  5.1739  2.8566  0.9675  1.2643 24.3710
  5.3463  1.9065  0.9678  1.4292 14.8397
  5.2853  3.6761  0.9915  0.4599 33.0438
  5.8429  3.0327  0.9832  1.5115 26.2057
  6.4761  2.0951  0.9611  0.5951 16.6741
  4.7592  3.0120  0.9954  2.3717 25.9882
  6.1726  2.9551  0.9683  2.5360 25.3943
  4.9807  2.4636  0.9843  2.5793 20.3466
  5.0158  0.8094  0.9930  1.3249  5.1015
  5.3918  0.8674  0.9864  2.1121  5.5598
  5.2160  1.5560  0.9980  1.8964 11.5311
  6.1099  4.2497  0.9783  1.0555 39.2926
  5.8137  1.7287  0.9788  1.7617 13.1438
  5.2449  1.0364  0.9711  0.8842  6.9419
  5.1074  1.4338  0.9707  0.7944 10.4137
  5.3856  3.6355  0.9950  2.3625 32.6065
  5.5055  2.3745  0.9815  1.4036 19.4488
  4.8926  1.9932  0.9894  1.9675 15.6787
  4.7925  1.4369  0.9710  1.6309 10.4422
  5.0903  3.3863  0.9933  0.7437 29.9391
  5.2072  1.9516  0.9980  1.4472 15.2760
  5.4902  3.4342  0.9890  0.5559 30.4500
  5.0545  1.9829  0.9801  1.2125 15.5789
  6.0848  2.5267  0.9967  1.2447 20.9859
  4.7215  2.4056  0.9760  1.8250 19.7616
  4.8294  3.1724  0.9863  1.9583 27.6724
  5.8917  1.0884  0.9925  1.9083  7.3801
  5.9135  1.9255  0.9915  2.6542 15.0233
  6.5628  1.7458  0.9330  0.5482 13.3053
  5.6525  3.4245  0.9746  1.8305 30.3466
  5.0826  1.5629  0.9860  0.6681 11.5954
  5.4849  1.9229  0.9910  1.1124 14.9986
  4.9012  3.9229  0.9750  0.4360 35.7170
  5.3724  3.1363  0.9832  0.9669 27.2929
  3.8601  2.4182  0.9835  0.6896 19.8876
  5.1779  1.3515  0.9912  0.3376  9.6728
  5.2652  2.8228  0.9675  0.4908 24.0206
  5.6346  3.2260  0.9680  1.4634 28.2388
  3.8829  3.6853  0.9913  1.6251 33.1435
  5.3251  1.8985  0.9768  2.0791 14.7628
  4.4775  3.9712  0.9959  1.6098 36.2430
  5.2031  3.0265  0.9926  0.4877 26.1402
  5.4768  2.8442  0.9826  0.1785 24.2426
  4.4848  1.8194  0.9980  1.3736 14.0054
  6.1869  4.3569  0.9711  1.7535 40.4740
  5.9408  1.9070  0.9978  0.5278 14.8449
  5.9605  3.7198  0.9803  2.1432 33.5154
  5.1360  3.5021  0.9912  0.9363 31.1747
  5.5889  1.8298  0.9853  1.0573 14.1040
  5.8486  1.0339  0.9735  0.5644  6.9213
  5.2498  3.8859  0.9840  0.8948 35.3149
  6.1593  1.0953  0.9713  1.6376  7.4380
  4.6931  2.4811  0.9980  0.0332 20.5232
  5.7217  0.9609  0.9931  0.9288  6.3159
  4.7813  4.4945  0.9693  1.4466 41.9962
  4.9636  2.8828  0.9783  0.3572 24.6428
  4.6902  1.4065  0.9906  0.3172 10.1672
  6.5334  2.1836  0.9009  0.7633 17.5459
  4.9036  1.0323  0.9978  0.1520  6.9073
  3.9382  3.5353  0.9746  0.7167 31.5309
  5.4818  0.6351  0.9756  1.1495  3.7803
  5.3251  2.8161  0.9734  2.2419 23.9513
  5.7673  3.8625  0.9773  0.3801 35.0602
  5.3412  3.0575  0.9693  2.6638 26.4655
  5.3603  2.9428  0.9823  0.6550 25.2667
  5.7320  0.3147  0.9223  0.2738  1.6301
  6.1275  1.2095  0.9978  0.8218  8.4205
  5.7901  1.7963  0.9777  1.9143 13.7850
  4.2138  3.9687  0.9956  0.7585 36.2156
  5.6123  1.4692  0.9800  1.3060 10.7355
  5.9059  1.6540  0.9952  0.0574 12.4424
  5.5070  0.7610  0.9970  2.5479  4.7257
  5.4709  2.3828  0.9955  2.0958 19.5315
  5.4486  0.4828  0.9837  0.7961  2.7072
  5.6942  3.9423  0.9855  0.5526 35.9277
  5.3085  2.5278  0.9947  0.4253 20.9963
  5.5717  3.7850  0.9779  1.8789 34.2207
  5.5897  1.6687  0.9827  2.3025 12.5799
  3.7704  3.0912  0.9945  2.1909 26.8184
  5.3097  2.3140  0.9849  0.6820 18.8419
  5.4960  1.1842  0.9875  1.9418  8.2007
  5.4460  1.8778  0.9901  1.1956 14.5639
  5.3105  1.8367  0.9931  1.3089 14.1702
  4.7411  1.2412  0.9830  2.3081  8.6967
  4.9288  3.4894  0.9933  1.1945 31.0395
  4.4916  3.0088  0.9694  2.1047 25.9547
  4.9267  2.4243  0.9835  0.9400 19.9497
  4.4594  1.1842  0.9844  1.9455  8.2010
  4.6973  2.2899  0.9815  2.1644 18.6022
  4.8673  2.0057  0.9806  1.4665 15.8002
  5.3703  2.8329  0.9692  1.7708 24.1256
  4.5523  4.2478  0.9965  1.9566 39.2711
  5.1139  2.8866  0.9864  1.1310 24.6817
  5.6278  1.9668  0.9791  0.6657 15.4230
  5.6052  2.9262  0.9969  1.7873 25.0936
  5.7222  2.5545  0.9749  2.1226 21.2680
  5.0637  3.9564  0.9959  1.1040 36.0808
  5.8789  1.9360  0.9894  2.5146 15.1250
  5.5725  4.1145  0.9970  0.3760 37.8079
  5.3557  2.4937  0.9789  1.6111 20.6504
  6.1288  4.2011  0.9737  1.6004 38.7585
  5.0728  1.7120  0.9907  0.3778 12.9866
  6.0133  2.2602  0.9835  0.6762 18.3061
  4.3899  1.8752  0.9849  0.8300 14.5388
  6.1749  0.5830  0.9980  2.3001  3.4040
  6.0573  2.3320  0.9835  2.2325 19.0222
  5.2061  2.0886  0.9687  2.3200 16.6103
  5.6807  1.7737  0.9755  2.3327 13.5705
  6.2887  2.1537  0.9698  0.4389 17.2503
  5.4195  2.6153  0.9675  0.9534 21.8879
  6.0845  2.6601  0.9851  1.4259 22.3459
  5.5869  2.5477  0.9819  2.6464 21.1991
  5.4694  3.7628  0.9812  1.8730 33.9796
  5.3462  1.1848  0.9913  2.0050  8.2056
  5.6114  2.7121  0.9951  2.4344 22.8795
  5.7174  3.1966  0.9863  1.6302 27.9276
  4.8267  3.0344  0.9673  1.8766 26.2235
  5.2426  2.1147  0.9870  0.0708 16.8663
  4.7047  3.1696  0.9902  1.2883 27.6433
  5.9541  2.4000  0.9684  1.7334 19.7050
  5.3167  1.0100  0.9870  0.5806  6.7216
  5.9180  3.1305  0.9841  2.4659 27.2319
  5.7040  2.5752  0.9979  0.8110 21.4783
  5.1000  2.2656  0.9858  0.9958 18.3591
  4.4590  3.0191  0.9688  2.3654 26.0627
  4.8797  2.4556  0.9716  0.5247 20.2651
  4.1953  2.7045  0.9728  1.5298 22.8010
  5.2078  3.2995  0.9928  0.9941 29.0163
  4.7933  1.5422  0.9704  2.2331 11.4039
  4.7585  3.5854  0.9707  0.5023 32.0680
  5.2308  4.2979  0.9891  2.2488 39.8232
  6.3123  4.0229  0.9937  0.3353 36.8065
  5.6590  2.8143  0.9980  1.8924 23.9331
  5.0384  4.4562  0.9958  2.2248 41.5717
  5.4901  1.6890  0.9779  1.4608 12.7706
  4.6403  2.3970  0.9980  0.9475 19.6745
  6.3555  2.4945  0.9939  0.7648 20.6589
  4.5326  2.8142  0.9812  0.7557 23.9317
  4.4034  4.2256  0.9737  2.2764 39.0278
  6.2403  3.7170  0.9870  1.7341 33.4848
  4.8973  1.5702  0.9882  1.9998 11.6626
  4.8797  2.8348  0.9812  1.0943 24.1447
  6.0612  2.4886  0.9844  0.7470 20.5986
  6.5006  1.4160  0.8094  2.8233 10.2528
  4.8841  4.4461  0.9770  2.0115 41.4594
  6.0002  0.5599  0.9730  0.7523  3.2405
  4.7390  3.9413  0.9836  2.1210 35.9168
  4.4850  1.8052  0.9905  0.6274 13.8698
  5.3951  0.9471  0.9694  0.5198  6.2033
  5.8566  2.6425  0.9805  0.7881 22.1659
  5.2362  2.1274  0.9860  2.1120 16.9911
  5.5175  1.9799  0.9941  2.6392 15.5495
  5.6032  2.7289  0.9854  1.6542 23.0517
  5.4399  3.4280  0.9856  1.4038 30.3833
  5.2203  0.7139  0.9968  0.8700  4.3661
  6.3351  2.3744  0.9956  1.2061 19.4478
  3.7982  3.8130  0.9817  1.3572 34.5237
  5.9399  1.4000  0.9759  1.5832 10.1085
  4.6537  3.2572  0.9691  1.8274 28.5685
  4.0480  0.5072  0.9920  0.9211  2.8737
  4.5410  2.9362  0.9870  2.4471 25.1982
  5.1302  4.0627  0.9935  0.2776 37.2418
  5.5456  3.2523  0.9781  2.7597 28.5164
  5.0148  1.7476  0.9833  2.7993 13.3230
  5.6895  3.8392  0.9746  0.8284 34.8079
  5.1437  2.8530  0.9755  0.5551 24.3332
  5.3918  0.8254  0.9980  2.0504  5.2270
  5.6683  2.4220  0.9836  0.6803 19.9265
  5.4110  3.6044  0.9749  2.3322 32.2727
  4.2925  3.5216  0.9690  0.5859 31.3844
  6.4607  2.0549  0.9356  0.5166 16.2801
  4.2925  1.7481  0.9951  1.8786 13.3272
  4.3079  3.8667  0.9791  1.5907 35.1062
  5.2414  2.3294  0.9970  2.4451 18.9965
  6.1058  4.2389  0.9834  2.4883 39.1734
  4.4900  4.4568  0.9916  2.5550 41.5786
  4.7732  2.7396  0.9773  2.7068 23.1621
  5.6661  1.9791  0.9839  0.5999 15.5424
  5.4374  1.7344  0.9977  0.5827 13.1984
  5.5806  1.0614  0.9914  1.0564  7.1517
  6.1851  1.3105  0.9712  2.0987  9.3075
  4.7348  2.6707  0.9940  2.3006 22.4545
  5.5135  3.0474  0.9920  1.0268 26.3592
  4.8179  1.0745  0.9947  1.3408  7.2622
  4.2614  4.0395  0.9706  2.0510 36.9877
  5.6596  2.0825  0.9874  1.9894 16.5509
  6.1919  1.6555  0.9880  0.0891 12.4562
  5.1514  2.3966  0.9868  1.2585 19.6702
  5.4046  2.1726  0.9924  1.1523 17.4373
  4.8320  1.7406  0.9832  0.1412 13.2565
  5.2859  0.9510  0.9965  2.4588  6.2348
  6.9088  2.0805  0.5892  1.2245 16.5308
  5.6072  1.6434  0.9980  1.1797 12.3430
  5.4708  1.2011  0.9951  0.6470  8.3468
  4.7805  1.2004  0.9783  1.8015  8.3409
  4.7131  3.3720  0.9915  0.5859 29.7866
  4.4057  2.8380  0.9695  0.5354 24.1784
  5.3955  3.3033  0.9708  1.0595 29.0574
  5.6356  0.9807  0.9969  0.5026  6.4793
  5.1014  1.5878  0.9952  1.7666 11.8259
  4.4453  2.5680  0.9884  1.6352 21.4053
  4.2957  1.5016  0.9706  1.1653 11.0316
  5.4394  1.7672  0.9895  0.7294 13.5085
  5.3303  1.9292  0.9835  1.2943 15.0591
  3.8674  0.9198  0.9746  1.8934  5.9810
  5.7583  3.9198  0.9947  1.4553 35.6834
  5.5585  3.9420  0.9702  0.4096 35.9241
  5.5517  2.7330  0.9933  0.5700 23.0947
  4.9284  1.8063  0.9980  1.1624 13.8801
  4.2110  2.0195  0.9908  1.2211 15.9345
  4.9238  1.6440  0.9764  1.2441 12.3482
  6.7363  2.2162  0.6328  1.7866 17.8690
  5.3395  2.4881  0.9695  2.4549 20.5944
  5.3254  3.0451  0.9806  0.4339 26.3351
  6.8411  2.4652  0.4952  2.0170 20.3623
  5.4481  3.8416  0.9671  1.1053 34.8334
  3.9354  2.9444  0.9862  1.0929 25.2832
  4.9076  1.7065  0.9843  0.8575 12.9350
  4.3522  3.7605  0.9743  1.3236 33.9550
  5.0277  2.0410  0.9898  0.3093 16.1442
  4.9088  1.9460  0.9876  1.7351 15.2218
  5.1617  3.1467  0.9923  0.7210 27.4024
  5.2909  3.5364  0.9738  2.7012 31.5430
  5.5033  4.3039  0.9791  2.2908 39.8895
  4.9694  4.4277  0.9690  0.6145 41.2566
  5.2900  1.7500  0.9926  0.8390 13.3459
  5.2165  1.8552  0.9865  2.5881 14.3475
  5.2565  1.3059  0.9690  1.6442  9.2672
  5.4527  1.7142  0.9719  1.7227 13.0076
  4.8416  1.4980  0.9803  0.7868 10.9979
  6.7569  3.2656  0.5365  1.8770 28.6570
  4.7377  2.7750  0.9974  2.1958 23.5268
  5.7822  2.9784  0.9786  1.0545 25.6372
  4.9135  3.6835  0.9889  2.3578 33.1238
  5.0004  2.7992  0.9771  1.2595 23.7765
  5.0573  1.6362  0.9678  0.4805 12.2758
  5.6672  2.9738  0.9908  1.8364 25.5902
  4.6036  3.6690  0.9980  1.9326 32.9673
  4.4491  1.7032  0.9704  1.4692 12.9038
  5.2574  3.7154  0.9705  1.5379 33.4683
  5.4682  3.1635  0.9786  0.9504 27.5790
  4.4838  3.9107  0.9956  1.1517 35.5835
  4.3497  2.2709  0.9778  1.7740 18.4124
  4.5934  1.5370  0.9752  0.5442 11.3563
  6.7538  1.9842  0.5916  0.6305 15.5917
  4.6871  3.2836  0.9705  2.4051 28.8483
  4.8202  2.8351  0.9691  0.9032 24.1482
  5.0689  3.5450  0.9691  0.7545 31.6348
  4.5713  1.0094  0.9778  1.3465  6.7164
  6.7331  2.3724  0.5101  1.3741 19.4278
  5.4151  0.8688  0.9980  2.6986  5.5707
  4.1848  2.1886  0.9792  1.4368 17.5956
  5.9804  1.2420  0.9938  1.0974  8.7041
  4.9347  2.6999  0.9713  0.4359 22.7537
  4.9036  4.2404  0.9686  0.8830 39.1906
  5.0120  3.9935  0.9846  1.8460 36.4855
  4.5923  0.3472  0.9954  0.5104  1.8286
  4.8415  2.1035  0.9669  0.6170 16.7561
  5.4564  3.1099  0.9670  0.9972 27.0152
  6.9417  0.5620  0.5756  2.1397  3.2548
  5.5870  2.6940  0.9980  0.5811 22.6936
  4.7748  3.6245  0.9873  2.5443 32.4880
  4.5021  1.5428  0.9763  1.2896 11.4094
  5.0127  2.7069  0.9969  2.2890 22.8257
  5.0233  3.5931  0.9820  1.0495 32.1508
  5.8912  2.5010  0.9932  1.5881 20.7248
  5.6878  3.6255  0.9702  0.1421 32.4993
  5.3838  1.9579  0.9682  0.8881 15.3362
  4.8735  1.8330  0.9947  0.6648 14.1352
  5.6036  3.8893  0.9909  0.6916 35.3513
  5.2958  4.2359  0.9678  0.5663 39.1406
  5.4365  1.5389  0.9808  0.1363 11.3741
  4.2807  2.9869  0.9735  1.6664 25.7269
  5.5425  3.7455  0.9844  0.3523 33.7927
  3.6956  0.8807  0.9823  2.6196  5.6661
  4.9797  3.5336  0.9691  1.5830 31.5123
  4.9224  1.6445  0.9885  1.1357 12.3537
  4.8964  1.4391  0.9980  0.7978 10.4614
  4.2488  0.8434  0.9762  1.5312  5.3691
  4.0634  3.6297  0.9835  0.7675 32.5439
  4.0580  3.0429  0.9769  2.3831 26.3124
  5.3849  1.8044  0.9767  1.7328 13.8625
  4.0167  1.8731  0.9859  2.0150 14.5187
  4.0020  3.2250  0.9980  2.5554 28.2280
  5.6995  2.9997  0.9884  0.4557 25.8604
  4.8824  2.3525  0.9796  1.5201 19.2278
  4.6986  1.6607  0.9811  0.8449 12.5044
  5.4000  4.0153  0.9671  1.4644 36.7240
  5.2341  2.5217  0.9688  2.5016 20.9349
  5.6296  3.5040  0.9821  2.2220 31.1959
  5.5329  3.3874  0.9736  0.5384 29.9505
  3.8407  1.9836  0.9923  1.2010 15.5854
  5.0709  2.6550  0.9760  1.4048 22.2934
  4.8016  3.3299  0.9839  0.9990 29.3396
  3.8071  3.5044  0.9747  2.0319 31.1995
  5.3896  4.2112  0.9798  2.6016 38.8693
  5.0736  2.1198  0.9933  1.6598 16.9171
  5.5724  2.0795  0.9945  0.5863 16.5211
  6.0354  2.9267  0.9734  1.6668 25.0986
  6.1733  3.6584  0.9741  0.6221 32.8533
  5.0263  3.5160  0.9946  1.6100 31.3240
  5.4474  2.6486  0.9980  1.1556 22.2285
  5.3021  2.6996  0.9980  2.2116 22.7507
  3.6683  1.5669  0.9963  2.4694 11.6325
  5.3427  2.3256  0.9883  0.5808 18.9583
  5.2483  3.1598  0.9918  1.9276 27.5400
  5.7754  3.5142  0.9703  0.6447 31.3042
  4.9207  0.8797  0.9978  1.4299  5.6580
  5.4186  2.4126  0.9971  2.0099 19.8317
  4.7588  2.0510  0.9919  2.4724 16.2422
  5.3582  4.4038  0.9976  1.9637 40.9922
  4.7802  1.9899  0.9969  0.5313 15.6469
  6.0784  1.2594  0.9814  2.1225  8.8563
  5.7167  3.8125  0.9797  1.1672 34.5179
  4.5119  4.4663  0.9829  0.5602 41.6832
  5.3197  1.6811  0.9802  0.9400 12.6959
  6.1882  0.4889  0.9833  0.5419  2.7489
  5.2330  2.6725  0.9797  1.0762 22.4729
  4.1072  2.6243  0.9668  1.0181 21.9794
  5.2413  1.3919  0.9863  2.6901 10.0355
  4.9618  1.8587  0.9858  0.2841 14.3804
  4.1945  3.2857  0.9770  1.1004 28.8703
  6.0413  1.9921  0.9974  0.4587 15.6685
  4.3217  0.8243  0.9718  1.7268  5.2178
  4.7474  4.4956  0.9848  2.2433 42.0076
  5.0869  3.8113  0.9819  1.1642 34.5050
  6.3724  2.6991  0.9519  0.3142 22.7456
  5.6296  4.4706  0.9761  1.7158 41.7308
  5.0117  3.8026  0.9964  1.4678 34.4111
  5.9695  0.6430  0.9895  1.7430  3.8384
  5.5779  2.3000  0.9977  0.8061 18.7025
  4.6879  3.1898  0.9739  2.1910 27.8559
  5.7942  3.0566  0.9869  1.5660 26.4552
  4.0976  1.2004  0.9733  2.4211  8.3411
  4.5973  1.1129  0.9672  0.7660  7.5879
  5.6179  2.6652  0.9805  2.3565 22.3983
  4.4503  1.0094  0.9778  2.2299  6.7165
  5.7582  0.6500  0.9751  0.0611  3.8893
  4.8242  2.3068  0.9695  0.7773 18.7708
  5.2240  0.6513  0.9892  1.0390  3.8989
  6.7464  3.9697  0.5836  2.8589 36.2260
  5.5555  2.2137  0.9890  0.1149 17.8436
  6.1932  1.1164  0.9822  2.1908  7.6179
  4.0739  3.8015  0.9701  1.4597 34.3989
  5.4592  3.1784  0.9821  1.2836 27.7357
  3.5922  2.0658  0.9889  0.0285 16.3873
  4.8702  0.5332  0.9929  0.0981  3.0535
  4.4961  1.9737  0.9788  2.2135 15.4896
  5.0874  3.3635  0.9849  1.1771 29.6962
  4.8605  2.4080  0.9967  0.1980 19.7857
  5.7185  1.7067  0.9872  1.4629 12.9369
  5.6043  2.1722  0.9980  0.8238 17.4329
  5.1735  2.1432  0.9833  0.5896 17.1471
  5.2630  1.9339  0.9816  1.2615 15.1048
  5.0330  3.8528  0.9836  1.9339 34.9554
  6.1385  1.3785  0.9878  0.8212  9.9150
  5.3044  4.2794  0.9980  0.7000 39.6187
  5.3268  2.5830  0.9875  2.0767 21.5577
  4.7139  4.4634  0.9960  2.0441 41.6508
  3.6930  0.8204  0.9679  2.3627  5.1871
  5.3853  4.3845  0.9670  0.7965 40.7781
  5.4669  3.7927  0.9910  0.3159 34.3037
  4.2602  2.3614  0.9796  0.0583 19.3173
  4.5269  1.8819  0.9821  2.1124 14.6030
  5.4758  2.9923  0.9842  1.4380 25.7824
  5.1055  4.1117  0.9722  2.9079 37.7774
  5.1443  2.7608  0.9729  2.5471 23.3804
  5.0381  3.2704  0.9880  1.2281 28.7079
  5.4110  2.0696  0.9729  0.4699 16.4240
  5.4760  3.5999  0.9763  0.6366 32.2238
  5.8932  1.7894  0.9885  1.2860 13.7192
  5.1242  2.2885  0.9735  0.7763 18.5873
  5.3358  3.0194  0.9729  1.9340 26.0662
  5.2502  3.3244  0.9815  1.7875 29.2811
  5.6795  3.2639  0.9784  0.8344 28.6391
  5.1119  1.4261  0.9804  1.7532 10.3444
  5.6359  3.4276  0.9980  1.3065 30.3792
  5.3192  3.0731  0.9905  0.2345 26.6280
  5.0500  1.1387  0.9734  2.0221  7.8084
  5.3633  1.4326  0.9829  1.7424 10.4031
  5.3822  3.8477  0.9794  0.2169 34.9002
  5.2873  2.4646  0.9729  1.4740 20.3568
  5.2490  2.3443  0.9762  0.8742 19.1454
  5.0316  3.9110  0.9776  1.5081 35.5870
  5.4738  1.2766  0.9765  0.4849  9.0083
  5.4332  2.0520  0.9731  0.3411 16.2523
  5.5568  2.3308  0.9888  1.2540 19.0102
  6.4918  1.0059  0.9728  2.5508  6.6873
  5.3909  4.2716  0.9778  1.5711 39.5332
  5.5546  1.2741  0.9712  1.6366  8.9862
  5.3978  2.0257  0.9753  0.2078 15.9957
  5.6862  0.8127  0.9826  2.5394  5.1270
  5.3421  2.9961  0.9947  1.1970 25.8222
  6.3127  1.7962  0.9980  0.2808 13.7835
  5.5977  2.0216  0.9697  1.2160 15.9554
  6.9410  2.5461  0.3428  1.6767 21.1824
  5.8863  1.9387  0.9779  0.6920 15.1510
  5.2428  2.6544  0.9680  1.0214 22.2873
  5.2143  3.6482  0.9951  0.7104 32.7433
  6.2400  1.7931  0.9746  2.5197 13.7547
  5.2801  3.5948  0.9898  1.6635 32.1690
  5.9431  3.0466  0.9765  0.7263 26.3504
  5.0596  1.5465  0.9854  0.5211 11.4439
  6.6336  1.8664  0.5956  1.4699 14.4551
  6.1622  3.5044  0.9820  2.3743 31.2002
  5.4210  4.0643  0.9924  1.4476 37.2584
  5.2148  1.5998  0.9873  0.7927 11.9373
  4.9840  2.5560  0.9757  2.4433 21.2835
  6.7083  1.4300  0.8936  2.2388 10.3796
  4.8976  1.0183  0.9980  1.9586  6.7910
  5.4737  3.9649  0.9782  1.3999 36.1740
  4.8116  2.6131  0.9716  0.9496 21.8649
  5.8896  2.4095  0.9821  1.2112 19.8008
  4.6593  1.6485  0.9772  0.7923 12.3909
  5.2034  3.2683  0.9860  0.7751 28.6859
  4.9604  3.6397  0.9705  1.4637 32.6520
  5.1104  2.5834  0.9894  1.8344 21.5621
  5.6764  4.4066  0.9861  1.0423 41.0223
  6.0307  0.9196  0.9896  1.3728  5.9796
  6.8395  1.7151  0.5036  1.2392 13.0156
  5.7064  2.8238  0.9971  0.4323 24.0316
  6.1276  2.2010  0.9831  0.9697 17.7175
  4.7937  2.0850  0.9689  0.2210 16.5749
  5.3965  2.1032  0.9827  1.6257 16.7538
  5.5716  2.4871  0.9862  1.8752 20.5838
  5.6932  2.1700  0.9791  0.9068 17.4115
  4.2654  3.5390  0.9740  1.2989 31.5706
  5.3979  1.6673  0.9882  1.1372 12.5669
  5.5041  0.6499  0.9741  1.3552  3.8890
  4.9387  0.7303  0.9750  1.0325  4.4907
  5.1583  3.3880  0.9701  0.4220 29.9572
  4.0272  3.2514  0.9977  0.7957 28.5075
  5.0533  3.5269  0.9912  0.7704 31.4409
  4.2243  0.7099  0.9208  0.5284  4.3359
  5.6296  1.4380  0.9980  1.9847 10.4515
  5.0703  1.9960  0.9837  1.3967 15.7067
  5.2083  2.0687  0.9822  0.4076 16.4150
  3.9722  4.1277  0.9890  2.1638 37.9533
  4.9615  2.5698  0.9929  1.2421 21.4232
  5.2340  2.0881  0.9717  1.9967 16.6054
  6.0992  1.9985  0.9831  1.4230 15.7305
  4.3174  2.8658  0.9711  0.4100 24.4665
  5.6784  2.2271  0.9700  0.7394 17.9772
  6.8114  0.8637  0.5614  1.3422  5.5302
  4.7598  2.5231  0.9743  1.8574 20.9491
  5.3174  4.0826  0.9770  0.8037 37.4589
  5.2560  4.2370  0.9705  2.3152 39.1530
  5.2375  2.1534  0.9872  1.2247 17.2478
  5.0168  2.2694  0.9823  2.5063 18.3970
  5.3135  3.6575  0.9930  0.8789 32.8435
  6.3461  1.0545  0.9913  1.2631  7.0940
  5.0678  2.1768  0.9732  1.2392 17.4782
  4.6900  3.7898  0.9752  2.0344 34.2719
  5.1761  3.2524  0.9765  0.3157 28.5177
  5.9277  2.5334  0.9694  2.0759 21.0539
  5.9002  2.2380  0.9980  0.2482 18.0849
  5.9540  3.3467  0.9750  2.2471 29.5179
  5.9455  3.9993  0.9875  0.2914 36.5493
  5.6195  0.7475  0.9879  2.4985  4.6220
  6.3998  1.5514  0.9870  0.9947 11.4894
  5.5353  2.6302  0.9839  2.2442 22.0396
  4.7219  1.8252  0.9892  0.9793 14.0609
  4.4993  4.1195  0.9787  0.2037 37.8627
  5.9139  3.0829  0.9948  1.5110 26.7310
  4.6261  2.0676  0.9923  1.3733 16.4049
  5.6149  3.1456  0.9739  0.6629 27.3902
  5.7724  1.9357  0.9935  1.0363 15.1220
  5.0214  2.7088  0.9935  1.0120 22.8450
  5.1795  2.4702  0.9829  1.3653 20.4133
  6.3423  1.6547  0.9699  0.4622 12.4483
  4.6996  4.2604  0.9788  2.1886 39.4102
  5.3856  1.3809  0.9767  2.0369  9.9367
  5.1862  4.2147  0.9838  0.7947 38.9079
  5.5967  3.3940  0.9818  1.7770 30.0210
  4.8522  2.2190  0.9833  0.4152 17.8965
  4.3244  1.3962  0.9930  1.6631 10.0737
  4.8729  1.2571  0.9672  1.4252  8.8362
  5.4243  2.0552  0.9837  2.1462 16.2836
  5.6315  1.5863  0.9977  0.7604 11.8122
  4.9639  1.7962  0.9916  0.8520 13.7838
  5.8043  2.9659  0.9672  1.8124 25.5075
  5.0232  2.7177  0.9932  0.5849 22.9367
  5.3068  2.6746  0.9840  1.5096 22.4940
  5.8373  3.6884  0.9679  0.9051 33.1764
  6.5476  0.5950  0.8875  0.7687  3.4896
  4.9489  1.3580  0.9821  1.3634  9.7307
  6.6103  0.3335  0.7628  1.9975  1.7445
  5.7896  1.0327  0.9700  0.6745  6.9108
  4.8188  2.1183  0.9969  1.0721 16.9021
  4.8456  1.5090  0.9788  1.1965 11.0988
  5.2417  3.8401  0.9980  1.0479 34.8172
  5.2182  3.4838  0.9746  0.4321 30.9788
  4.2604  2.4713  0.9723  1.0136 20.4241
  4.8747  1.1685  0.9676  0.4057  8.0649
  5.4122  1.9650  0.9930  0.5213 15.4057
  5.3182  3.5237  0.9941  0.9499 31.4061
  5.7232  3.6862  0.9980  1.5351 33.1529
  6.0863  2.2955  0.9980  2.4863 18.6578
  5.2718  2.5371  0.9737  1.6226 21.0915
  4.9189  0.9587  0.9792  2.2646  6.2983
  4.9850  4.1925  0.9850  2.3315 38.6635
  5.1023  2.3013  0.9901  0.5444 18.7159
  6.3276  1.8555  0.9715  1.9791 14.3505
  6.4611  1.9703  0.8705  1.1783 15.4571
  4.9860  2.4300  0.9788  0.8818 20.0069
  5.2551  2.0374  0.9729  1.6260 16.1099
  6.1193  2.5378  0.9815  1.5364 21.0978
  4.4026  2.3066  0.9671  1.5159 18.7689
  5.8293  2.6602  0.9849  0.1897 22.3473
  5.2160  3.2995  0.9857  1.4987 29.0171
  4.6037  2.4097  0.9881  2.3513 19.8026
  6.3037  3.1646  0.9752  0.2735 27.5906
  5.2035  3.2135  0.9980  1.9836 28.1065
  5.3681  4.4407  0.9714  0.2789 41.4000
  5.2560  3.1462  0.9742  0.1331 27.3964
  4.7426  0.9140  0.9717  1.0535  5.9339
  5.0688  2.3464  0.9958  0.7404 19.1664
  6.1097  2.4643  0.9709  0.6358 20.3536
  3.8903  2.8966  0.9798  2.3771 24.7861
  5.4039  4.0623  0.9968  2.7891 37.2371
  4.3021  3.7025  0.9734  0.8055 33.3284
  5.4656  1.5355  0.9829  1.2742 11.3422
  4.3372  1.7100  0.9980  0.8018 12.9681
  5.1732  0.9844  0.9941  2.0011  6.5096
  5.8696  2.0011  0.9980  0.2736 15.7559
  5.2847  2.9360  0.9748  1.6964 25.1960
  5.5752  4.1398  0.9906  1.3628 38.0854
  3.5218  3.7894  0.9867  2.2526 34.2674
  4.7314  1.9881  0.9934  0.9984 15.6298
  5.8622  3.5821  0.9684  0.8258 32.0321
  5.3462  3.0193  0.9955  2.1404 26.0651
  5.7033  2.5752  0.9836  1.1474 21.4782
  5.3592  4.2649  0.9761  1.7239 39.4595
  4.2159  3.9543  0.9976  0.0715 36.0584
  5.1347  3.0075  0.9954  2.3786 25.9419
  4.6619  3.0266  0.9694  2.2504 26.1412
  6.3050  2.3399  0.9876  1.1167 19.1019
  5.3908  2.1519  0.9980  1.8788 17.2330
  5.7018  3.4254  0.9868  1.5416 30.3553
  5.5865  2.6837  0.9980  2.1938 22.5876
  5.2410  3.8075  0.9689  1.5844 34.4634
  5.2341  2.6820  0.9717  0.2548 22.5706
  6.0359  3.8318  0.9810  1.0064 34.7276
  5.9972  0.4886  0.9874  1.8528  2.7470
  5.1999  2.6496  0.9878  0.8514 22.2380
  4.3618  1.7960  0.9788  0.7727 13.7817
  5.3500  1.7387  0.9669  1.5307 13.2384
  5.4833  1.0417  0.9858  0.8119  6.9865
  4.9772  1.2769  0.9793  0.8853  9.0104
  5.5240  2.1261  0.9951  2.1537 16.9786
  4.4508  2.0366  0.9885  2.2645 16.1021
  5.5479  0.9965  0.9827  1.7371  6.6096
  3.8175  0.8818  0.9676  1.4609  5.6750
  5.4564  1.8795  0.9815  1.2386 14.5802
  5.3351  3.0097  0.9980  1.0606 25.9645
  4.9620  2.2859  0.9771  1.7264 18.5619
  4.9751  3.8957  0.9942  1.1001 35.4210
  5.3582  2.6833  0.9892  1.6854 22.5834
  5.1129  1.9441  0.9865  1.8572 15.2027
  4.9603  3.8214  0.9745  0.5114 34.6148
  5.8057  1.9108  0.9694  1.0367 14.8813
  4.6851  4.4883  0.9845  2.2147 41.9276
  4.1849  3.1121  0.9892  1.1917 27.0379
  5.1017  4.0355  0.9708  1.8384 36.9440
  6.1565  2.4350  0.9953  0.9492 20.0578
  4.5096  3.4249  0.9926  1.0991 30.3500
  5.6841  3.6769  0.9847  1.1977 33.0520
  5.1782  2.8253  0.9962  1.4726 24.0469
  5.3674  1.8103  0.9956  2.6767 13.9183
  5.4432  1.6777  0.9735  2.0049 12.6641
  5.5044  3.4052  0.9929  1.1053 30.1405
  4.9902  2.0145  0.9976  1.6787 15.8858
  4.0695  4.1522  0.9737  2.7675 38.2219
  5.1219  3.7946  0.9896  1.0993 34.3240
  5.7523  2.2848  0.9730  0.3986 18.5507
  6.2314  0.9970  0.9852  0.6325  6.6140
  5.7894  2.7275  0.9778  0.8822 23.0373
  5.7141  2.1371  0.9711  2.0946 17.0871
  5.4178  1.8807  0.9772  1.9205 14.5920
  4.7076  1.0021  0.9974  0.8482  6.6558
  5.6120  4.1235  0.9972  0.5103 37.9072
  5.2590  2.0608  0.9729  2.3071 16.3385
  6.0688  1.6333  0.9878  1.4813 12.2491
  5.7052  2.0903  0.9676  0.6361 16.6267
  5.4959  3.8851  0.9819  1.1763 35.3053
  4.4635  3.3911  0.9934  1.2168 29.9898
  5.5400  3.1515  0.9762  2.9593 27.4522
  5.9254  2.2091  0.9720  0.7165 17.7982
  4.9176  1.5770  0.9889  0.7291 11.7258
  5.2196  2.7794  0.9792  0.5132 23.5728
  4.6780  4.2676  0.9884  0.7858 39.4890
  5.3268  1.0744  0.9980  2.7214  7.2617
  4.1561  2.9765  0.9695  0.6708 25.6177
  6.1200  1.2423  0.9709  1.2034  8.7066
  5.1110  2.6853  0.9714  2.5863 22.6039
  6.3827  3.2892  0.9832  0.9039 28.9078
  5.5975  1.9931  0.9948  2.4444 15.6781
  4.0302  2.0585  0.9702  1.9991 16.3157
  5.3239  3.1253  0.9770  1.6796 27.1767
  6.9395  0.6996  0.6421  2.0339  4.2584
  5.3957  1.7492  0.9944  0.4415 13.3384
  3.6263  2.4826  0.9862  1.8551 20.5380
  5.4510  2.9366  0.9739  0.9379 25.2015
  5.5312  1.6369  0.9721  1.1100 12.2824
  5.3986  1.2108  0.9707  0.1124  8.4311
  5.3803  3.0518  0.9825  2.4395 26.4056
  6.1889  1.5677  0.9809  0.8929 11.6395
  5.2072  2.3238  0.9849  0.9175 18.9403
  5.0646  1.5471  0.9856  2.2386 11.4491
  6.2227  1.9237  0.9831  0.5326 15.0059
  5.3982  3.5258  0.9712  0.5677 31.4286
  5.2013  3.9141  0.9913  0.9946 35.6211
  5.1643  1.1936  0.9937  0.5270  8.2821
  6.3645  2.5353  0.9830  0.7400 21.0723
  3.5246  1.3453  0.9781  0.7755  9.6177
  5.5359  3.9499  0.9751  1.1751 36.0103
  3.5333  3.2900  0.9801  0.4988 28.9163
  5.9224  2.3198  0.9683  1.4003 18.8999
  4.6659  1.7672  0.9771  0.5062 13.5089
  5.1971  2.1880  0.9828  2.7164 17.5894
  5.9596  2.2902  0.9942  1.9493 18.6050
  5.6973  3.1585  0.9957  1.1734 27.5261
  5.5081  2.1622  0.9779  2.7414 17.3348
  5.3203  3.8362  0.9724  1.0872 34.7744
  5.7253  2.3020  0.9688  0.9117 18.7224
  6.7504  1.1383  0.6389  1.0787  7.8055
  3.9968  1.1558  0.9922  2.6145  7.9550
  5.4395  1.4504  0.9739  0.7696 10.5642
  5.8057  1.5870  0.9855  0.8189 11.8182
  4.7110  2.1688  0.9858  1.6730 17.4001
  3.8871  3.1026  0.9783  1.1594 26.9381
  5.1501  1.1169  0.9785  2.3961  7.6222
  5.3107  1.8851  0.9755  1.1301 14.6339
  5.3353  0.9779  0.9891  0.5627  6.4558
  5.2511  2.1308  0.9669  2.7018 17.0250
  5.1567  2.9816  0.9699  1.2536 25.6708
  5.1814  1.9857  0.9807  2.1333 15.6059
  4.8272  1.5758  0.9670  0.9049 11.7145
  3.8719  2.3511  0.9727  1.8830 19.2139
  6.0523  2.6179  0.9734  1.3623 21.9139
  5.4970  1.6453  0.9859  0.6918 12.3612
  4.9679  1.3413  0.9843  1.6842  9.5817
  6.3278  2.2557  0.9697  0.2992 18.2607
  4.5878  3.7865  0.9957  1.0482 34.2359
  4.6521  4.3246  0.9944  0.5705 40.1169
  4.8755  3.0352  0.9877  0.8431 26.2309
  5.4634  4.3710  0.9980  0.9210 40.6292
  5.4005  2.2274  0.9937  2.4032 17.9798
  4.6066  4.1921  0.9937  1.8065 38.6597
  4.6605  2.2610  0.9980  2.3120 18.3135
  5.7949  3.7299  0.9867  0.7099 33.6239
  4.5348  1.2470  0.9708  2.6144  8.7474
  4.7451  3.4975  0.9980  0.6550 31.1262
  5.2379  1.8898  0.9726  1.1099 14.6795
  5.2684  1.6567  0.9971  1.8335 12.4678
  6.2842  1.2105  0.9766  0.6326  8.4292
  5.9448  0.8599  0.9807  1.8417  5.4996
  4.3052  1.0968  0.9980  1.2334  7.4507
  4.6909  3.0916  0.9838  0.7964 26.8228
  5.5116  4.1615  0.9751  1.1903 38.3234
  4.1441  4.2984  0.9867  1.7289 39.8283
  6.0945  2.4348  0.9726  0.4083 20.0554
  5.2824  1.8465  0.9884  2.3674 14.2638
  5.7261  1.9224  0.9686  1.7997 14.9931
  4.9792  2.1738  0.9855  0.2674 17.4493
  5.3769  3.8314  0.9852  0.8963 34.7233
  5.2003  3.9208  0.9730  1.4225 35.6937
  4.8177  1.9770  0.9682  0.2316 15.5216
  4.4010  2.7327  0.9702  1.5989 23.0917
  5.1123  0.9876  0.9727  0.5530  6.5360
  4.8240  0.8979  0.9887  0.4406  5.8040
  4.8925  1.4956  0.9808  0.2361 10.9761
  5.1276  1.7514  0.9704  2.1707 13.3590
  5.3406  3.6633  0.9733  2.2167 32.9063
  5.4316  0.8764  0.9955  0.5690  5.6319
  3.8661  3.3000  0.9928  0.7803 29.0223
  6.0663  0.4780  0.9881  0.9094  2.6747
  4.9165  2.4270  0.9774  1.2796 19.9768
  5.3476  0.3464  0.9821  1.4598  1.8234
  4.9577  4.3671  0.9753  1.1477 40.5868
  5.5926  0.8836  0.9714  0.8754  5.6892
  5.1024  2.1040  0.9719  0.4714 16.7612
  5.6920  3.5808  0.9898  0.4309 32.0189
  5.8690  3.1520  0.9726  1.2201 27.4579
  5.7486  4.0894  0.9906  1.4887 37.5336
  6.0690  1.4618  0.9882  2.1416 10.6681
  6.2274  1.1767  0.9834  2.2248  8.1358
  5.2470  2.6232  0.9772  1.1280 21.9681
  5.3406  2.0608  0.9806  0.3502 16.3382
  5.3975  3.5105  0.9980  0.5350 31.2651
  4.6928  3.5259  0.9841  1.8268 31.4295
  4.3784  1.1391  0.9729  0.9592  7.8118
  5.2828  1.2460  0.9911  0.4648  8.7387
  4.8339  2.9974  0.9980  1.7655 25.8366
  5.9380  2.9009  0.9670  1.4639 24.8304
  5.4199  4.3359  0.9908  0.3071 40.2414
  5.4846  3.3338  0.9788  1.4196 29.3806
  5.4931  4.3683  0.9920  0.4620 40.6000
  5.3138  2.9707  0.9759  1.6336 25.5571
  4.9687  3.9034  0.9791  0.3510 35.5044
  4.8584  1.7527  0.9855  0.7598 13.3708
  4.1662  4.4430  0.9742  1.0477 41.4251
  5.5313  2.7519  0.9839  2.1538 23.2886
  6.4524  1.5345  0.9647  0.3198 11.3334
  5.3178  1.8703  0.9907  1.8194 14.4921
  5.7466  0.7557  0.9859  0.6991  4.6851
  5.6824  1.7164  0.9809  1.7287 13.0280
  5.6940  2.8717  0.9676  2.1206 24.5279
  6.2950  2.0808  0.9967  2.0954 16.5334
  5.2790  3.4233  0.9748  2.0530 30.3335
  6.3463  1.4422  0.9912  0.9825 10.4900
  5.3475  2.3647  0.9924  1.2085 19.3502
  4.8794  2.7295  0.9925  1.8026 23.0588
  5.2084  2.5083  0.9966  0.2302 20.7985
  4.3978  2.7018  0.9808  1.7409 22.7738
  4.8937  1.7768  0.9980  0.7739 13.5995
  4.4937  2.7921  0.9751  1.3363 23.7038
  4.9921  2.9915  0.9952  1.2163 25.7743
  6.3774  0.2941  0.9980  1.9109  1.5066
  4.2068  2.9058  0.9700  0.9547 24.8817
  4.7730  2.2044  0.9757  0.9546 17.7516
  5.7782  0.4486  0.9856  0.8729  2.4786
  5.2303  1.2906  0.9729  1.4410  9.1313
  6.7298  1.5040  0.7743  1.3727 11.0534
  5.0542  3.8002  0.9919  1.1306 34.3847
  5.0703  3.8595  0.9813  1.2015 35.0282
  4.5958  3.8830  0.9875  0.7008 35.2833
  4.9458  1.1615  0.9882  2.3992  8.0049
  6.1571  3.2698  0.9878  1.9506 28.7016
  5.1754  2.8003  0.9758  0.8028 23.7880
  5.2517  3.3394  0.9945  0.2903 29.4401
  5.3515  2.2411  0.9980  1.1650 18.1153
  5.5549  1.6937  0.9863  1.6700 12.8143
  5.8134  1.5669  0.9700  0.5111 11.6317
  4.7723  4.0630  0.9980  1.7951 37.2445
  4.3847  1.6043  0.9866  1.8272 11.9786
  5.3356  3.2328  0.9914  2.5995 28.3104
  5.4375  2.5522  0.9748  1.1558 21.2442
  5.3282  3.1976  0.9712  2.6453 27.9382
  6.6080  2.8380  0.6160  1.4629 24.1781
  5.6400  1.0962  0.9834  2.2933  7.4456
  5.2855  0.9609  0.9863  1.8088  6.3166
  4.9452  3.6426  0.9980  1.1032 32.6830
  5.3272  4.2082  0.9899  2.2701 38.8361
  5.0139  2.8290  0.9980  1.9373 24.0851
  6.1591  1.0742  0.9803  1.5680  7.2597
  5.8725  1.8294  0.9900  2.4226 14.1001
  5.4178  1.8243  0.9942  1.8383 14.0519
  3.5327  2.3805  0.9924  2.8448 19.5086
  6.4528  0.5628  0.9086  1.7083  3.2608
  4.1025  2.0273  0.9980  1.5423 16.0112
  5.6100  3.6770  0.9835  0.8811 33.0541
  4.2071  2.9510  0.9980  0.6381 25.3523
  4.1726  3.1174  0.9980  0.1165 27.0938
  4.9439  3.2813  0.9903  0.6711 28.8241
  5.5617  1.2280  0.9980  0.9103  8.5815
  5.8333  2.5082  0.9869  1.5226 20.7977
  5.4050  1.9262  0.9866  0.8489 15.0298
  5.1767  2.5493  0.9671  0.8348 21.2148
  5.4837  2.3386  0.9860  1.0445 19.0889
  4.4617  2.2430  0.9822  1.1660 18.1347
  5.9338  2.8137  0.9980  0.8077 23.9270
  5.5285  1.7859  0.9759  0.7512 13.6859
  4.8081  4.2020  0.9811  1.6229 38.7680
  5.6581  1.1220  0.9928  0.5634  7.6656
  6.2617  0.8612  0.9798  1.3008  5.5105
  5.1399  2.9997  0.9786  2.3473 25.8597
  5.0113  2.0196  0.9918  1.3909 15.9358
  6.3441  2.5598  0.9701  1.0578 21.3214
  5.7109  1.4192  0.9797  0.2059 10.2819
  5.1741  2.2342  0.9980  2.1709 18.0469
  3.5364  4.1993  0.9896  0.3879 38.7384
  6.0147  4.0680  0.9733  2.6961 37.2997
  5.8779  3.5003  0.9730  0.8628 31.1561
  4.1690  2.8667  0.9734  1.0435 24.4757
  5.3938  2.1997  0.9892  1.6195 17.7047
  5.8417  1.1953  0.9827  1.6084  8.2965
  4.4343  1.3852  0.9905  1.2403  9.9754
  5.5322  2.5784  0.9789  0.1385 21.5112
  5.5699  1.7109  0.9677  0.9910 12.9764
  6.3303  1.8538  0.9949  1.8206 14.3340
  5.5803  3.9526  0.9926  2.4097 36.0400
  3.8873  3.6247  0.9830  1.2948 32.4908
  6.7828  0.4153  0.7441  2.3361  2.2604
  5.7253  1.2769  0.9759  0.6448  9.0109
  5.4767  3.2589  0.9763  1.3336 28.5868
  3.7791  2.6639  0.9894  0.9752 22.3850
  5.2530  2.0164  0.9851  1.0955 15.9044
  5.6243  3.4506  0.9685  0.3960 30.6251
  6.2749  1.1644  0.9697  0.7475  8.0299
  6.7925  2.7633  0.6037  0.3955 23.4068
  5.2462  3.6746  0.9868  0.1591 33.0278
  5.2526  3.0846  0.9937  0.3294 26.7489
  6.5094  1.1665  0.8449  0.8743  8.0476
  4.7382  3.0146  0.9866  1.0162 26.0159
  6.1497  3.0288  0.9699  0.4874 26.1646
  6.3860  0.7094  0.9794  0.4362  4.3326
  5.9700  1.1517  0.9777  1.6538  7.9203
  5.5275  3.4253  0.9697  1.4822 30.3547
  5.4851  4.3314  0.9820  1.2241 40.1922
  3.7980  4.0453  0.9873  0.8799 37.0515
  4.8068  1.1549  0.9853  0.2545  7.9477
  4.9668  3.0040  0.9910  0.1968 25.9056
  5.6973  3.0074  0.9843  0.6241 25.9409
  5.1961  1.9947  0.9705  0.9038 15.6939
  4.7861  2.3865  0.9841  2.1813 19.5687
  5.9024  2.2069  0.9956  1.1783 17.7763
  5.0251  1.5046  0.9744  3.0544 11.0592
  5.1395  2.2449  0.9726  2.4139 18.1538
  6.1073  0.6833  0.9719  1.3759  4.1362
  3.9130  2.9466  0.9980  0.9567 25.3063
  4.9924  2.5699  0.9931  1.4525 21.4250
  4.4148  1.5844  0.9949  0.4173 11.7937
  5.3694  3.1207  0.9670  2.9069 27.1281
  5.3990  1.8442  0.9888  2.6580 14.2418
  5.6659  1.8815  0.9687  0.4553 14.6000
  5.6033  2.7500  0.9722  2.0518 23.2692
  5.2522  4.4793  0.9794  0.4379 41.8278
  4.4786  3.0226  0.9980  0.4676 26.0991
  4.9031  1.9274  0.9927  0.3465 15.0416
  5.3402  3.0525  0.9708  0.2446 26.4127
  5.2630  2.9080  0.9945  0.7639 24.9046
  3.8932  2.0061  0.9897  2.3848 15.8042
  5.9143  2.4699  0.9746  1.7025 20.4101
  6.7107  0.6638  0.6150  1.0785  3.9913
  5.1198  1.8724  0.9716  0.6642 14.5124
  6.4668  1.1231  0.9047  1.1280  7.6753
  5.9585  2.3323  0.9891  1.3621 19.0249
  4.5188  3.5110  0.9980  1.5201 31.2699
  4.7220  2.0292  0.9692  1.4452 16.0292
  4.8646  2.9296  0.9854  2.4483 25.1289
  5.0990  3.8519  0.9864  1.8513 34.9455
  6.1418  0.1655  0.9931  0.6057  0.7868
  5.0186  4.3637  0.9922  0.5535 40.5485
  5.9024  2.2387  0.9728  0.5970 18.0924
  5.5948  1.7531  0.9845  0.9196 13.3748
  5.1959  1.8941  0.9771  1.8139 14.7210
  5.3718  2.4279  0.9718  1.4089 19.9856
  5.6328  2.3716  0.9828  0.5453 19.4192
  5.5857  1.3573  0.9703  1.6066  9.7247
  5.6592  1.8643  0.9714  2.1108 14.4349
  5.3728  1.7144  0.9901  2.3486 13.0094
  6.4528  2.4084  0.9250  2.4394 19.7892
  5.8345  1.3322  0.9908  0.5274  9.5009
  4.3484  4.2943  0.9803  1.9478 39.7828
  5.2365  1.9708  0.9880  2.3632 15.4617
  5.1061  1.2143  0.9863  0.7035  8.4621
  4.7520  3.6029  0.9685  0.6844 32.2559
  4.5219  2.7843  0.9699  0.6641 23.6232
  5.1412  4.4717  0.9731  0.3830 41.7430
  4.9723  2.3282  0.9845  0.7242 18.9845
  4.9132  2.7275  0.9688  1.5109 23.0381
  4.7236  3.0340  0.9717  2.0977 26.2187
  4.7866  3.7543  0.9688  1.6471 33.8881
  5.1857  3.8242  0.9948  0.9942 34.6452
  4.2230  1.3766  0.9687  0.6532  9.8977
  5.3882  2.5519  0.9669  0.9742 21.2413
  4.9746  3.7976  0.9745  1.1012 34.3562
  5.2490  4.1414  0.9946  0.8951 38.1035
  5.0782  3.2666  0.9688  0.2895 28.6678
  5.1520  1.4946  0.9867  0.2408 10.9675
  5.3125  3.5591  0.9943  0.2370 31.7860
  5.0341  4.0762  0.9676  1.2428 37.3889
  5.4122  1.9987  0.9758  0.2017 15.7322
  4.2999  0.9138  0.9861  1.0894  5.9322
  5.1967  0.7942  0.9746  0.2082  4.9822
  6.4728  0.8740  0.8497  2.3376  5.6125
  6.2297  2.1785  0.9799  0.9363 17.4951
  5.8995  2.1247  0.9959  2.1074 16.9649
  5.1197  2.0980  0.9965  1.0349 16.7029
  5.1874  0.8971  0.9793  1.2864  5.7975
  6.2235  1.2098  0.9877  1.0709  8.4228
  4.7273  2.3339  0.9872  0.5718 19.0417
  5.0958  4.1056  0.9773  2.4482 37.7111
  5.6196  1.9855  0.9853  1.0901 15.6042
  5.3781  1.9825  0.9849  1.1423 15.5748
  6.4717  3.3818  0.9112  1.3831 29.8912
  5.5736  2.3950  0.9733  0.3613 19.6547
  5.6975  2.3157  0.9784  2.6598 18.8597
  4.3726  1.3486  0.9673  2.5254  9.6474
  5.6087  3.5086  0.9750  1.1938 31.2450
  5.9719  2.5105  0.9900  1.8472 20.8212
  5.2294  2.3760  0.9746  2.1931 19.4634
  4.5871  0.5758  0.9700  1.5224  3.3529
  5.7758  3.6945  0.9789  0.7102 33.2426
  4.7413  3.1425  0.9795  0.7657 27.3582
  4.9287  3.3930  0.9924  0.6663 30.0099
  4.4291  1.8016  0.9753  1.7503 13.8357
  3.5752  1.8821  0.9881  1.7108 14.6058
  6.4388  2.1034  0.8740  0.5516 16.7554
  4.6399  3.5278  0.9732  2.0842 31.4506
  4.3275  1.4449  0.9890  1.9471 10.5146
  5.3077  3.4385  0.9803  0.6227 30.4952
  5.2821  3.3322  0.9811  0.2866 29.3640
  4.4144  1.4518  0.9686  2.1207 10.5773
  5.2187  1.8732  0.9962  2.1063 14.5203
  6.0580  0.6016  0.9698  2.8732  3.5377
  4.9533  2.2145  0.9937  2.3897 17.8518
  5.5427  1.9689  0.9844  0.5276 15.4431
  4.9514  2.7116  0.9909  1.0460 22.8746
  5.2587  3.4937  0.9916  0.5752 31.0857
  4.4485  1.4492  0.9847  0.8398 10.5531
  4.2791  2.7930  0.9872  0.4605 23.7131
  5.2114  2.4426  0.9718  0.9471 20.1345
  6.5840  1.3774  0.8751  1.7076  9.9049
  5.6972  0.8714  0.9893  0.8956  5.5914
  5.7140  1.6863  0.9743  0.8127 12.7450
  3.6082  0.3746  0.9906  1.9577  1.9999
  4.3354  2.9712  0.9781  2.5512 25.5626
  6.0020  1.3550  0.9873  1.5138  9.7040
  5.7551  2.7476  0.9717  1.7797 23.2448
  5.5035  3.1535  0.9737  1.4953 27.4731
  6.0953  1.6264  0.9791  1.4509 12.1840
  4.8191  1.4238  0.9692  0.2982 10.3233
  5.8311  4.3581  0.9792  1.8463 40.4865
  3.8880  3.7539  0.9779  1.2229 33.8842
  5.2425  3.6438  0.9713  0.4808 32.6965
  5.3965  1.9839  0.9960  0.3611 15.5889
  4.5666  1.0568  0.9699  3.0691  7.1128
  4.5532  0.4464  0.9695  1.6243  2.4640
  5.2475  1.1795  0.9682  0.9256  8.1602
  5.5630  3.1864  0.9679  1.8389 27.8198
  5.9491  2.9127  0.9818  1.9612 24.9535
  5.7239  3.1167  0.9977  1.9401 27.0862
  5.3943  2.4849  0.9816  0.0868 20.5618
  4.4342  3.7176  0.9914  2.1710 33.4916
  5.4551  3.6530  0.9946  1.5012 32.7948
  5.0186  1.8408  0.9942  0.4055 14.2096
  5.1474  3.9763  0.9936  1.1011 36.2986
  4.2877  4.3802  0.9958  0.8660 40.7310
  4.8495  1.7616  0.9870  1.8546 13.4551
  4.5195  3.8913  0.9732  0.1000 35.3733
  5.5728  1.7869  0.9940  1.7381 13.6952
  4.7813  1.4244  0.9853  2.3291 10.3290
  6.1348  0.6155  0.9854  0.9113  3.6378
  5.3341  3.1292  0.9773  1.0754 27.2178
  4.8534  3.0114  0.9931  1.0071 25.9827
  5.5713  1.5285  0.9685  1.9391 11.2785
  5.4766  1.5799  0.9941  1.7257 11.7523
  5.0997  2.7685  0.9869  1.3138 23.4598
  4.8856  2.9701  0.9704  1.6652 25.5508
  4.8274  1.5060  0.9858  0.8943 11.0715
  5.1442  1.7816  0.9980  2.0678 13.6452
  4.7329  2.5991  0.9922  1.9627 21.7218
  4.8472  2.5945  0.9877  1.8724 21.6752
  4.6027  3.8316  0.9695  1.7164 34.7248
  4.0277  1.0296  0.9774  0.7690  6.8852
  5.9412  1.0504  0.9826  1.5529  7.0594
  5.0084  2.6796  0.9835  1.0137 22.5454
  5.0512  2.0196  0.9838  1.3761 15.9356
  5.4674  3.7325  0.9713  0.7470 33.6529
  5.6058  1.1596  0.9806  1.8039  7.9883
  4.1741  3.6136  0.9694  2.0171 32.3706
  4.1145  1.5635  0.9909  2.0334 11.6004
  5.6382  2.0334  0.9873  0.7012 16.0700
  5.0751  0.8473  0.9847  0.7282  5.4001
  5.7603  3.2572  0.9908  1.2912 28.5680
  4.9432  1.7005  0.9980  2.0187 12.8779
  5.5774  1.9255  0.9980  1.5827 15.0234
  4.1367  3.1994  0.9719  1.3277 27.9575
  4.5680  2.9476  0.9775  1.5298 25.3170
  5.1059  3.3689  0.9844  0.6810 29.7537
  5.6233  1.7146  0.9684  1.9558 13.0108
  3.9128  0.7476  0.9970  0.6443  4.6229
  4.9570  2.3137  0.9893  1.7076 18.8394
  4.4606  2.6658  0.9825  1.7226 22.4045
  5.7380  0.5346  0.9840  0.4929  3.0629
  5.7066  0.6720  0.9866  2.1576  4.0520
  5.5909  3.1924  0.9895  1.0269 27.8837
  5.2414  4.0467  0.9851  0.9860 37.0661
  6.4586  4.1046  0.9026  2.3170 37.7000
  5.9675  2.5190  0.9757  1.8421 20.9075
  6.0323  2.6316  0.9952  0.9165 22.0544
  4.8616  3.2513  0.9815  1.9324 28.5060
  5.4875  1.7120  0.9942  1.9511 12.9862
  4.7884  2.3217  0.9747  0.8428 18.9198
  5.2132  0.8795  0.9694  1.6772  5.6567
  5.1521  1.4925  0.9862  1.2661 10.9481
  4.7197  2.1727  0.9968  0.6871 17.4385
  6.3675  1.1287  0.9954  0.4343  7.7226
  5.2446  2.5611  0.9821  0.5125 21.3351
  4.9707  3.1911  0.9820  0.9333 27.8695
  5.3631  1.5801  0.9746  0.6151 11.7540
  5.5402  1.3360  0.9942  1.8718  9.5345
  5.1347  4.0722  0.9941  0.5915 37.3450
  4.8875  2.8512  0.9763  0.5542 24.3148
  4.8697  2.8721  0.9713  0.2261 24.5314
  5.6311  4.3596  0.9819  1.3597 40.5033
  5.8459  2.9081  0.9685  1.4757 24.9055
  5.3572  2.4285  0.9689  1.1167 19.9923
  6.3709  3.3608  0.9980  2.1136 29.6681
  5.3088  4.0522  0.9705  0.9498 37.1268
  5.6958  1.6349  0.9882  1.5643 12.2637
  6.1598  2.5770  0.9829  1.4639 21.4970
  3.6323  1.9320  0.9730  0.7696 15.0861
  5.6160  2.7607  0.9883  2.0263 23.3795
  4.9721  1.9566  0.9966  1.6963 15.3238
  5.3491  1.9870  0.9854  1.1118 15.6185
  5.2816  1.9064  0.9972  1.7572 14.8392
  6.0749  1.0788  0.9901  1.9141  7.2987
  5.1749  0.5315  0.9767  1.0062  3.0414
  3.5685  3.2928  0.9933  0.4384 28.9457
  4.7117  2.9404  0.9753  1.8315 25.2419
  5.3470  1.2533  0.9781  0.5431  8.8032
  4.3946  1.4721  0.9774  0.4889 10.7618
  6.0850  0.4596  0.9745  1.2042  2.5517
  4.7077  1.2669  0.9837  1.1318  8.9223
  5.1273  4.0322  0.9698  1.5897 36.9078
  5.5368  2.0416  0.9744  2.0775 16.1503
  6.1559  3.9051  0.9842  1.5200 35.5234
  5.3313  3.3811  0.9845  1.8111 29.8839
  4.9017  3.4390  0.9923  2.1302 30.5003
  4.7748  3.0984  0.9838  1.0620 26.8944
  4.5964  0.6926  0.9816  0.6691  4.2059
  4.6609  3.1201  0.9851  0.1913 27.1223
  5.2632  2.0190  0.9976  1.9879 15.9301
  4.6703  2.3882  0.9885  2.4427 19.5862
  5.1970  1.4429  0.9980  1.9770 10.4967
  4.8348  0.6282  0.9683  1.7038  3.7302
  5.2865  3.3735  0.9871  1.9487 29.8032
  5.4271  2.9798  0.9885  2.5076 25.6520
  5.9127  1.5609  0.9838  0.5958 11.5770
  5.7067  3.1223  0.9806  1.9897 27.1448
  6.2952  3.7734  0.9909  2.7019 34.0951
  5.4000  2.3157  0.9912  1.2407 18.8595
  5.1386  3.5770  0.9748  1.6550 31.9779
  5.9847  2.7672  0.9962  0.2369 23.4464
  5.6750  0.5660  0.9710  1.5266  3.2830
  5.5255  0.4912  0.9678  0.4120  2.7645
  4.9016  3.6028  0.9747  0.7411 32.2547
  4.5063  1.0172  0.9971  1.6705  6.7818
  4.6186  1.3901  0.9787  0.2953 10.0195
  4.7778  2.5309  0.9681  0.9780 21.0276
  5.4135  1.4789  0.9934  2.3539 10.8241
  6.5225  2.3139  0.8858  2.4197 18.8415
  5.7940  1.6188  0.9801  2.1848 12.1133
  5.5216  4.4878  0.9867  0.8239 41.9213
  5.0779  4.2524  0.9813  2.8711 39.3216
  5.7950  2.6568  0.9793  0.2654 22.3122
  4.8463  3.7427  0.9675  1.7122 33.7629
  5.6170  3.0468  0.9980  0.0681 26.3527
  5.5765  2.1297  0.9918  0.7045 17.0136
  3.7242  4.3171  0.9728  1.9442 40.0341
  6.3289  0.7028  0.9975  2.1233  4.2827
  5.5000  3.5268  0.9964  1.4800 31.4396
  5.3584  2.8487  0.9980  0.7886 24.2890
  4.5903  2.6707  0.9749  2.2351 22.4543
  5.3914  2.4856  0.9829  1.0787 20.5690
  5.1808  3.7116  0.9980  0.5133 33.4267
  4.7791  2.8550  0.9687  0.9952 24.3541
  5.3612  1.8883  0.9916  2.1959 14.6647
  4.0061  4.4372  0.9946  0.7950 41.3613
  5.2448  2.4502  0.9860  1.5535 20.2112
  4.6190  2.5223  0.9802  1.4878 20.9410
  5.3856  3.3281  0.9744  0.3833 29.3206
  4.7628  2.8208  0.9802  1.2792 24.0004
  5.1585  0.8948  0.9824  0.3734  5.7793
  5.6125  1.0131  0.9963  2.8670  6.7473
  4.3932  1.5116  0.9980  2.2805 11.1227
  6.5837  2.5283  0.7577  1.1305 21.0016
  6.0430  1.7108  0.9769  0.5113 12.9752
  5.6353  2.6524  0.9731  0.6160 22.2670
  4.4156  3.0727  0.9856  1.0096 26.6243
  6.8233  2.9397  0.9823  0.5514 25.2345
  5.6957  3.1573  0.9923  1.0522 27.5132
  6.1032  1.1886  0.9919  0.5836  8.2383
  4.6005  4.2292  0.9878  2.1737 39.0664
  5.5418  3.7980  0.9933  0.7270 34.3606
  3.7664  4.3511  0.9856  1.9434 40.4097
  4.6711  1.8890  0.9679  1.1200 14.6715
  5.2334  1.2376  0.9873  2.0550  8.6651
  5.6547  2.7617  0.9693  1.1538 23.3904
  5.0389  0.9210  0.9771  1.4837  5.9906
  5.4436  2.3247  0.9796  1.0629 18.9491
  5.3848  1.7254  0.9877  1.2350 13.1127
  4.3972  2.3656  0.9875  1.2621 19.3587
  6.8040  1.3563  0.4507  1.1805  9.7158
  6.4293  2.6637  0.9165  1.6150 22.3831
  4.9401  3.9085  0.9854  0.7497 35.5596
  6.3328  1.9599  0.9741  1.4263 15.3557
  5.6616  4.0638  0.9784  0.4283 37.2534
  5.2103  2.2626  0.9950  2.2048 18.3293
  6.1140  1.9127  0.9909  0.8229 14.9001
  5.7290  1.8910  0.9801  0.4630 14.6913
  5.7565  1.7005  0.9839  2.8385 12.8780
  5.8425  2.3049  0.9954  1.1232 18.7517
  5.3149  4.2971  0.9794  0.8851 39.8142
  5.8566  1.5778  0.9726  1.4254 11.7328
  5.4956  0.9883  0.9974  1.3457  6.5417
  6.8651  1.4018  0.9670  1.9723 10.1247
  5.4427  2.8665  0.9672  1.3408 24.4733
  5.1080  1.8762  0.9749  1.0605 14.5489
  5.1441  1.1238  0.9810  0.0700  7.6814
  4.8594  2.9470  0.9939  1.2763 25.3108
  6.2235  2.8100  0.9947  2.3941 23.8888
  4.3861  3.8072  0.9854  1.2074 34.4604
  5.4222  3.0082  0.9706  1.9944 25.9485
  5.6931  3.4145  0.9674  2.1913 30.2399
  4.6616  3.0300  0.9811  1.2990 26.1772
  4.9807  1.4069  0.9798  1.9787 10.1708
  5.7744  3.0132  0.9687  2.8585 26.0010
  4.3096  1.3390  0.9857  1.6155  9.5615
  6.2367  2.6264  0.9941  0.7637 22.0012
  5.0995  2.8990  0.9740  2.1024 24.8110
  5.0641  1.0832  0.9797  2.2823  7.3356
  4.4156  2.2624  0.9758  1.5389 18.3274
  4.7834  3.0845  0.9770  2.0311 26.7486
  4.9429  3.7195  0.9898  1.0833 33.5120
  6.1498  2.7199  0.9746  2.2149 22.9601
  4.6532  3.1535  0.9816  2.2088 27.4738
  5.1320  3.9885  0.9941  0.2131 36.4315
  4.1765  1.1124  0.9709  1.3387  7.5836
  5.5492  2.7305  0.9894  2.0036 23.0689
  5.4295  1.5098  0.9716  0.7314 11.1069
  4.8241  1.8136  0.9833  1.9676 13.9498
  5.4258  1.8094  0.9840  3.0876 13.9100
  5.8236  2.9062  0.9938  1.0252 24.8853
  6.9626  3.9858  0.8669  2.1274 36.4017
  6.0530  4.3330  0.9975  2.5099 40.2100
  4.4396  0.9622  0.9836  1.6944  6.3269
  5.6869  2.5729  0.9951  1.4109 21.4551
  5.2677  2.9649  0.9847  1.9723 25.4970
  5.7632  1.9595  0.9958  1.6797 15.3522
  5.1829  3.9575  0.9680  1.8894 36.0932
  5.0176  2.3763  0.9783  0.2070 19.4663
  4.1312  2.6619  0.9779  0.4320 22.3648
  4.2688  4.2287  0.9724  1.3113 39.0611
  5.3974  0.4899  0.9975  2.3048  2.7554
  4.9886  0.9210  0.9708  2.7041  5.9912
  5.4944  3.3743  0.9743  0.3934 29.8109
  5.0299  2.8149  0.9792  0.4653 23.9391
  5.5504  3.3669  0.9970  1.1774 29.7324
  5.5681  3.9604  0.9798  1.3174 36.1247
  4.9523  3.4097  0.9709  1.2843 30.1879
  4.3115  2.6490  0.9778  1.1891 22.2317
  5.4042  2.6323  0.9980  1.0945 22.0611
  5.4768  1.6900  0.9772  1.4056 12.7797
  4.5797  4.2426  0.9829  1.5327 39.2148
  5.3983  1.8146  0.9834  0.7807 13.9594
  5.8368  2.3654  0.9756  0.4671 19.3572
  5.8763  3.9446  0.9720  1.8652 35.9534
  5.3356  1.5344  0.9975  2.1338 11.3327
  4.4143  0.8661  0.9756  1.6561  5.5496
  5.2658  3.1155  0.9749  0.6762 27.0740
  4.2637  3.3123  0.9703  1.9680 29.1529
  5.6988  3.4871  0.9936  0.4578 31.0149
  5.2982  3.2754  0.9928  2.3716 28.7608
  5.1172  2.6598  0.9749  1.8415 22.3433
  4.9766  1.6896  0.9817  0.3805 12.7759
  5.0106  3.9085  0.9738  1.7005 35.5598
  5.0783  3.8853  0.9853  1.8017 35.3084
  4.4270  4.2829  0.9844  1.2651 39.6579
  4.9946  3.3081  0.9686  0.8213 29.1077
  5.0413  2.7757  0.9870  0.7010 23.5340
  5.3103  3.5776  0.9896  0.3806 31.9845
  6.4344  0.3487  0.9531  0.5479  1.8377
  5.5761  3.7694  0.9942  1.0322 34.0510
  4.7688  2.7504  0.9716  0.9022 23.2736
  5.0418  3.5333  0.9790  1.0118 31.5092
  5.4533  2.8510  0.9825  3.0605 24.3124
  5.3125  1.8990  0.9722  1.6195 14.7677
  6.1111  1.6781  0.9729  2.5161 12.6675
  5.2786  1.5941  0.9695  1.7801 11.8843
  5.2811  3.5740  0.9817  0.3727 31.9453
  5.5604  3.2310  0.9820  2.3678 28.2912
  5.2037  0.8936  0.9975  0.9688  5.7692
  6.1106  3.4702  0.9778  1.6881 30.8338
  4.7736  3.7802  0.9862  2.2229 34.1677
  6.1186  2.1116  0.9832  0.2426 16.8359
  5.5908  3.5464  0.9814  2.5202 31.6498
  6.5647  1.7167  0.9273  2.7184 13.0312
  6.2466  0.6461  0.9336  2.9202  3.8610
  4.5692  3.6528  0.9969  1.2193 32.7928
  6.1072  3.7067  0.9823  0.8695 33.3736
  5.4641  3.8185  0.9675  0.2810 34.5831
  4.1159  2.6974  0.9698  2.0058 22.7283
  4.6535  2.2228  0.9882  2.4348 17.9337
  5.4872  2.6020  0.9735  1.1498 21.7515
  4.5792  3.7543  0.9853  0.3133 33.8880
  5.4573  2.2373  0.9825  1.9765 18.0784
  3.8654  3.1812  0.9881  0.7719 27.7652
  5.3783  1.2984  0.9745  0.2329  9.2005
  6.1151  2.5154  0.9820  1.2360 20.8705
  5.0425  1.3869  0.9980  0.7323  9.9900
  5.0107  1.5498  0.9944  0.9258 11.4743
  4.9773  1.5218  0.9731  0.9569 11.2169
  5.3061  2.9826  0.9955  2.3634 25.6815
  6.2721  2.4897  0.9910  2.3469 20.6100
  5.3778  2.5071  0.9908  2.4008 20.7862
  5.2890  2.7371  0.9920  0.8814 23.1368
  5.0205  0.9322  0.9922  2.4181  6.0820
  5.5440  4.1441  0.9976  2.2713 38.1321
  5.6161  2.9657  0.9936  1.7017 25.5051
  5.8733  1.3893  0.9931  1.9665 10.0116
  5.4284  0.9820  0.9858  1.8019  6.4900
  5.5693  2.7177  0.9949  0.7917 22.9369
  5.2742  3.1291  0.9859  2.1745 27.2172
  6.0926  2.3393  0.9846  0.9814 19.0956
  4.6882  3.5080  0.9876  1.1493 31.2382
  4.7718  3.2337  0.9980  1.3731 28.3197
  4.7144  2.1986  0.9782  0.5267 17.6943
  4.8297  1.2278  0.9698  2.0784  8.5800
  5.4322  1.1861  0.9685  1.3309  8.2167
  4.4013  1.1602  0.9811  2.5396  7.9933
  4.4058  1.3349  0.9871  1.3972  9.5249
  5.7762  2.6827  0.9780  0.8603 22.5780
  5.2352  2.6720  0.9941  1.2177 22.4678
  5.1765  1.9616  0.9695  1.5343 15.3728
  5.0097  3.6102  0.9980  1.2055 32.3349
  6.1655  2.4137  0.9694  1.0286 19.8425
  6.2726  1.7199  0.9779  1.3484 13.0607
  5.2216  2.8609  0.9805  0.9051 24.4158
  6.1709  3.1251  0.9957  1.3498 27.1742
  5.4907  1.3848  0.9751  1.0816  9.9714
  4.8986  0.9633  0.9874  0.7490  6.3361
  5.3921  2.2330  0.9947  1.0538 18.0354
  5.6388  2.7130  0.9677  1.1190 22.8890
  4.2684  1.8546  0.9825  1.2102 14.3419
  6.8603  1.9091  0.5063  2.2541 14.8656
  4.8619  4.2550  0.9799  1.3427 39.3502
  5.3857  3.8734  0.9853  2.0677 35.1785
  5.4972  2.8133  0.9893  0.9904 23.9231
  5.4476  2.2101  0.9960  1.9111 17.8078
  5.8787  1.6984  0.9893  0.9537 12.8590
  4.6922  3.4442  0.9933  0.6734 30.5558
  5.0617  2.4016  0.9832  1.2824 19.7210
  5.3302  1.2344  0.9900  2.1917  8.6375
  5.6408  3.6381  0.9968  0.2582 32.6346
  5.7201  2.3843  0.9888  2.3496 19.5469
  4.4670  0.5405  0.9836  1.7539  3.1040
  4.9438  4.4121  0.9773  1.9234 41.0836
  4.7561  2.7811  0.9777  0.7690 23.5896
  4.7296  3.6756  0.9948  0.0629 33.0384
  4.4180  0.7317  0.9930  0.2598  4.5011
  5.4152  4.0625  0.9969  1.4744 37.2391
  5.4052  0.4852  0.9755  1.3019  2.7234
  5.7905  3.9575  0.9745  0.9489 36.0931
  5.2223  1.6285  0.9929  1.8407 12.2041
  5.8045  1.7783  0.9713  1.4419 13.6134
  6.9099  1.5617  0.6206  0.5252 11.5845
  4.3137  3.2708  0.9731  0.9854 28.7121
  6.2620  2.9615  0.9969  0.3276 25.4615
  4.9128  3.5634  0.9694  1.8673 31.8324
  6.7442  1.4206  0.7872  1.3955 10.2944
  5.9128  2.4152  0.9865  2.5374 19.8578
  4.6520  3.1697  0.9913  1.1892 27.6437
  5.3589  2.3037  0.9817  2.1633 18.7395
  6.4914  2.7154  0.8371  0.2384 22.9132
  5.2630  1.9364  0.9864  0.9418 15.1285
  3.9539  1.6456  0.9925  1.2420 12.3636
  5.4061  2.5196  0.9756  2.4976 20.9137
  5.5847  4.1381  0.9980  2.5009 38.0668
  5.5648  1.3779  0.9778  2.1432  9.9091
  5.2851  0.6929  0.9913  1.5879  4.2081
  5.2067  2.9700  0.9772  2.5363 25.5506
  5.5805  4.1129  0.9785  0.9766 37.7906
  6.7310  3.0255  0.6393  0.6813 26.1301
  6.3211  0.7258  0.9941  1.3594  4.4564
  6.1810  2.4505  0.9728  1.5233 20.2137
  5.0737  4.0739  0.9744  0.8336 37.3641
  4.5490  2.4548  0.9691  0.4699 20.2576
  5.6577  1.4737  0.9879  1.2684 10.7762
  5.6943  2.0120  0.9891  1.2015 15.8614
  4.1843  1.7522  0.9785  1.0375 13.3664
  5.1383  4.1144  0.9980  1.3904 37.8075
  4.7730  2.1493  0.9980  1.1255 17.2069
  5.6086  4.3862  0.9977  1.7733 40.7978
  6.0406  1.6575  0.9948  1.5686 12.4753
  6.3640  3.4135  0.9519  1.3744 30.2289
  4.1796  2.0349  0.9953  1.4714 16.0852
  4.8090  2.3589  0.9964  1.5751 19.2917
  5.8632  3.4333  0.9880  0.5801 30.4405
  5.2372  2.4941  0.9861  2.2169 20.6548
  5.2127  3.5178  0.9755  2.6693 31.3428
  3.8427  3.8570  0.9699  0.2427 35.0009
  5.6929  1.7824  0.9759  1.8939 13.6527
  5.0854  3.4959  0.9856  1.8572 31.1087
  5.5952  3.7067  0.9789  1.0747 33.3738
  6.6834  2.5458  0.6072  1.2935 21.1799
  6.3352  0.5392  0.9939  1.7375  3.0948
  5.2707  3.7346  0.9854  2.2296 33.6755
  5.8720  3.1241  0.9845  2.9241 27.1644
  4.5562  2.1764  0.9773  0.9308 17.4751
  5.7517  2.8262  0.9740  2.0366 24.0564
  3.9527  3.1462  0.9781  1.9443 27.3971
  5.3558  2.7424  0.9980  0.9397 23.1912
  6.2422  2.8260  0.9980  2.2177 24.0537
  4.1740  1.9708  0.9778  1.4314 15.4613
  6.6633  2.0662  0.6414  1.8952 16.3913
  4.1102  2.1044  0.9940  2.3336 16.7657
  4.4378  3.3260  0.9803  1.1435 29.2975
  5.4826  2.6093  0.9817  1.4360 21.8259
  5.8113  0.7629  0.9939  1.2765  4.7405
  6.7522  3.8651  0.9391  1.3218 35.0888
  5.2834  0.9565  0.9884  1.0115  6.2800
  4.4425  0.7853  0.9819  1.4618  4.9132
  5.2031  3.6972  0.9910  0.4516 33.2710
  4.8107  2.1773  0.9912  1.8813 17.4840
  5.5978  2.8921  0.9980  2.6435 24.7394
  5.2763  0.4706  0.9696  0.7479  2.6253
  4.4383  4.0548  0.9724  0.7646 37.1549
  5.6714  1.7032  0.9766  2.2899 12.9034
  5.2268  1.9477  0.9919  0.5236 15.2381
  6.1112  2.2060  0.9778  2.5922 17.7671
  4.9438  2.3355  0.9674  0.4478 19.0571
  5.4826  0.9330  0.9946  1.5679  6.0884
  5.3950  2.1637  0.9927  2.0148 17.3497
  5.6739  1.3969  0.9935  1.2202 10.0802
  5.4910  2.5933  0.9898  0.2767 21.6633
  3.5392  3.8496  0.9680  1.0501 34.9201
  4.9118  2.7415  0.9721  0.5874 23.1820
  5.4543  1.8303  0.9725  2.3368 14.1093
  5.1567  2.7865  0.9920  0.5402 23.6456
  5.1479  2.5105  0.9892  1.1400 20.8207
  5.4145  1.3296  0.9872  1.1640  9.4777
  4.3239  0.5901  0.9758  2.2884  3.4550
  4.9615  2.3116  0.9672  2.8803 18.8186
  5.0430  3.3411  0.9783  2.5325 29.4587
  5.6554  0.8014  0.9978  1.4640  5.0386
  5.2141  3.8141  0.9722  1.0166 34.5351
  5.1685  4.0488  0.9980  1.1534 37.0894
  5.2818  4.2103  0.9980  0.4409 38.8596
  5.5972  2.2751  0.9898  1.2874 18.4543
  5.4984  1.1720  0.9783  0.4362  8.0951
  4.9084  3.0578  0.9766  0.7764 26.4685
  5.2664  2.9935  0.9779  0.2495 25.7956
  5.3583  2.7280  0.9967  1.2154 23.0431
  5.2647  3.7069  0.9978  1.3601 33.3765
  5.1682  0.9855  0.9767  2.4526  6.5190
  6.5387  0.9739  0.9418  0.5465  6.4229
  5.9282  2.1443  0.9980  2.1167 17.1576
  4.6747  2.0507  0.9952  1.4023 16.2391
  5.5554  1.9494  0.9873  0.8178 15.2543
  6.6918  0.5447  0.7744  2.5311  3.1334
  5.1931  1.8291  0.9722  1.7495 14.0978
  4.7635  1.5682  0.9706  1.2612 11.6440
  6.4795  2.5360  0.8966  0.8418 21.0797
  5.2419  2.1802  0.9680  1.4576 17.5120
  5.3859  2.1004  0.9928  1.6394 16.7261
  4.5147  3.8311  0.9787  0.5867 34.7193
  5.1862  1.7516  0.9974  1.8803 13.3604
  5.6535  1.6447  0.9915  1.7319 12.3552
  5.1428  1.0218  0.9769  1.3711  6.8196
  4.6130  1.2638  0.9920  2.7655  8.8949
  3.5231  0.8755  0.9774  2.3758  5.6245
  5.8344  0.7952  0.9789  0.3130  4.9903
  5.9870  3.1092  0.9728  2.5303 27.0078
  5.6773  1.1526  0.7963  2.6468  7.9276
  4.8484  3.2154  0.9916  0.5099 28.1269
  4.1567  2.7385  0.9829  1.8248 23.1505
  5.3330  3.0084  0.9883  2.9498 25.9508
  5.3534  2.9599  0.9718  1.1256 25.4451
  5.3604  4.4941  0.9944  1.9782 41.9913
  5.2526  2.3346  0.9843  0.9212 19.0482
  5.1057  0.4988  0.9865  0.4912  2.8159
  4.6197  4.0185  0.9980  2.2081 36.7580
  4.7683  3.2986  0.9701  1.5415 29.0068
  4.8665  2.2013  0.9980  1.7960 17.7213
  5.2869  4.2180  0.9767  0.8990 38.9435
  4.7985  3.9010  0.9745  0.1587 35.4789
  5.1051  2.3932  0.9768  1.1911 19.6369
  4.8940  3.6581  0.9670  2.8192 32.8501
  4.1889  1.6325  0.9771  0.8901 12.2410
  4.6896  2.8361  0.9678  0.8015 24.1589
  4.9795  3.5685  0.9820  0.5862 31.8870
  5.3863  2.6509  0.9774  0.5269 22.2518
  4.5149  1.3397  0.9746  0.9593  9.5673
  5.2874  0.3777  0.9848  1.9175  2.0192
  5.1939  3.3221  0.9813  1.0296 29.2566
  4.7056  3.6876  0.9919  1.1207 33.1679
  5.7968  2.0730  0.9960  1.3880 16.4577
  6.4462  1.7267  0.9544  0.1778 13.1251
  5.1353  3.3907  0.9672  1.7941 29.9860
  5.2003  2.0822  0.9980  2.0901 16.5473
  5.4043  0.2789  0.9882  2.0503  1.4170
  4.7432  4.2083  0.9956  0.7885 38.8375
  5.4838  3.5059  0.9767  1.2181 31.2162
  4.8183  2.9536  0.9947  0.1019 25.3791
  5.0366  2.2811  0.9980  2.4347 18.5137
  5.0032  3.9477  0.9823  1.9428 35.9869
  5.3296  3.1775  0.9777  0.5377 27.7263
  4.0051  3.5502  0.9980  2.2691 31.6904
  4.7221  3.5588  0.9725  2.7091 31.7821
  4.0896  1.3356  0.9708  2.5310  9.5313
  5.3049  3.1312  0.9835  1.7627 27.2392
  5.0485  1.2263  0.9842  1.7383  8.5665
  5.8018  3.8187  0.9909  2.4678 34.5853
  4.9228  3.8742  0.9841  2.8175 35.1868
  5.9473  0.1450  0.9805  0.9403  0.6800
  4.6289  2.5798  0.9797  1.4825 21.5253
  5.4064  1.9339  0.9838  0.9413 15.1044
  5.2001  3.3753  0.9747  0.3262 29.8222
  5.3412  3.9308  0.9794  2.0570 35.8031
  5.5454  2.9251  0.9914  1.7231 25.0827
  5.8275  2.3938  0.9670  2.4587 19.6420
  5.0937  3.0121  0.9892  2.2904 25.9899
  4.2717  2.8774  0.9734  2.6956 24.5861
  6.5449  2.0932  0.9810  1.2542 16.6554
  5.6869  2.1807  0.9804  1.5978 17.5173
  5.0585  3.2993  0.9754  0.3642 29.0144
  5.7392  1.2736  0.9742  2.5071  8.9816
  6.6870  4.2042  0.8601  1.5618 38.7925
  5.3096  3.2154  0.9676  0.6042 28.1261
  5.0126  2.1179  0.9710  0.5318 16.8978
  5.7962  2.9154  0.9915  0.6644 24.9813
  5.0682  2.9838  0.9693  0.7136 25.6936
  5.7849  3.9355  0.9716  1.1031 35.8533
  5.8273  2.9442  0.9910  1.5937 25.2816
  5.1366  2.8818  0.9686  0.2775 24.6320
  5.6183  2.4470  0.9944  0.4184 20.1787
  4.8865  2.0006  0.9790  2.4203 15.7512
  5.4712  2.0981  0.9811  0.9261 16.7031
  4.7123  2.0854  0.9963  1.7576 16.5792
  5.0281  4.3033  0.9962  0.3464 39.8825
  3.7216  1.7851  0.9696  2.1764 13.6787
  5.7174  1.4848  0.9940  1.4343 10.8778
  5.6488  2.1165  0.9980  2.5290 16.8841
  5.4144  1.0091  0.9904  1.6173  6.7143
  5.4571  4.0281  0.9733  0.2754 36.8636
  5.9263  2.4130  0.9746  1.9918 19.8361
  4.7596  2.2314  0.9768  2.2968 18.0194
  5.0734  4.2927  0.9735  2.2597 39.7658
  5.2176  1.8706  0.9904  1.5256 14.4952
  4.9954  1.4427  0.9878  1.1113 10.4946
  6.0402  2.5962  0.9708  0.7363 21.6930
  4.7773  1.4990  0.9879  1.8231 11.0078
  4.8683  3.3822  0.9720  1.8296 29.8952
  5.2688  3.1109  0.9949  1.1975 27.0251
  4.9345  2.2838  0.9762  1.1203 18.5407
  5.6852  3.1802  0.9980  0.1466 27.7547
  6.1867  1.2887  0.9813  1.4735  9.1144
  3.6901  2.1531  0.9786  1.6251 17.2449
  5.5028  2.6812  0.9942  0.9061 22.5622
  5.7597  3.4710  0.9707  0.4522 30.8421
  3.5291  1.9009  0.9857  1.5525 14.7859
  5.6367  3.2575  0.9907  1.0076 28.5712
  5.3426  0.6944  0.9723  0.1481  4.2194
  5.9593  1.7483  0.9828  1.8525 13.3298
  3.9236  2.6870  0.9840  1.5313 22.6212
  3.8982  3.4321  0.9901  0.5581 30.4274
  5.4250  3.8019  0.9812  1.3428 34.4035
  5.3612  2.0106  0.9848  0.7382 15.8483
  5.2733  4.4640  0.9980  0.9970 41.6579
  5.1692  2.8200  0.9724  2.4577 23.9916
  5.5427  4.2546  0.9686  1.5653 39.3465
  5.9632  2.9837  0.9936  2.0266 25.6928
  4.9029  1.6926  0.9963  0.2955 12.8039
  5.2930  1.7289  0.9856  2.7634 13.1456
  5.5001  1.6450  0.9902  1.5130 12.3579
  5.6578  1.1672  0.9836  1.2950  8.0536
  5.9146  2.0206  0.9871  1.6562 15.9457
  6.1902  1.5743  0.9671  0.8065 11.7006
  3.6726  2.0196  0.9729  2.6838 15.9356
  4.9756  1.6405  0.9803  0.8172 12.3156
  4.0176  3.6805  0.9921  1.5040 33.0912
  5.0956  4.2048  0.9894  1.1655 38.7986
  4.8941  3.5544  0.9910  1.2194 31.7354
  4.5228  1.4517  0.9852  2.5855 10.5763
  5.5292  0.4031  0.9866  1.1244  2.1814
  5.1374  1.7897  0.9844  0.8596 13.7222
  4.7131  1.9475  0.9918  2.3068 15.2359
  4.6447  2.4665  0.9979  0.9770 20.3755
  5.4140  2.3547  0.9899  0.8591 19.2497
  6.0877  1.9447  0.9719  0.1427 15.2092
  5.2137  1.5954  0.9843  1.7983 11.8963
  5.6369  3.1534  0.9790  0.4353 27.4730
  4.8180  2.7327  0.9751  0.3826 23.0910
  5.3297  2.7093  0.9858  0.8023 22.8503
  5.7118  3.0600  0.9728  0.1179 26.4914
  4.5029  2.0947  0.9894  0.8154 16.6706
  5.0682  3.0336  0.9837  1.7429 26.2142
  6.1208  0.8199  0.9669  2.2914  5.1833
  5.8619  3.4787  0.9857  1.0074 30.9245
  3.9948  1.7528  0.9887  1.4387 13.3720
  5.1484  1.7785  0.9835  1.1717 13.6161
  4.4349  3.7129  0.9688  1.3756 33.4407
  4.9331  2.3094  0.9679  1.3926 18.7964
  6.1370  4.2056  0.9921  0.9034 38.8079
  6.1387  1.5187  0.9914  1.7516 11.1885
  4.7400  3.6355  0.9806  2.5051 32.6067
  5.3500  3.4376  0.9972  2.1660 30.4859
  5.1984  3.0195  0.9980  1.9865 26.0672
  3.6523  1.2621  0.9951  1.8633  8.8804
  5.2890  0.9510  0.9773  0.3086  6.2351
  6.2846  0.3122  0.9751  1.0513  1.6149
  4.9438  2.2492  0.9667  0.8211 18.1964
  4.6466  1.3661  0.9980  1.5322  9.8034
  6.1528  3.8185  0.9698  2.9399 34.5829
  5.3742  1.5413  0.9861  1.8223 11.3960
  6.1312  3.0232  0.9842  0.1470 26.1057
  6.8023  2.6182  0.8263  1.7813 21.9177
  3.9754  0.8827  0.9752  0.4157  5.6817
  3.8124  3.4768  0.9883  0.5601 30.9040
  5.5698  0.9968  0.9745  0.9060  6.6125
  5.3028  3.2362  0.9764  0.8056 28.3462
  6.0960  1.1994  0.9948  2.4258  8.3320
  4.2923  3.2344  0.9948  2.5158 28.3271
  5.4530  3.1723  0.9770  1.0832 27.6716
  6.1628  1.6512  0.9856  1.8909 12.4161
  5.3562  2.1762  0.9858  1.0547 17.4727
  5.5632  1.9205  0.9752  1.9069 14.9753
  5.7885  2.0453  0.9679  0.3385 16.1868
  5.2363  2.2524  0.9715  0.5049 18.2278
  5.0039  3.9726  0.9931  0.5262 36.2583
  4.8879  2.1125  0.9676  1.6895 16.8445
  4.9144  2.7423  0.9900  2.0791 23.1899
  5.1967  2.7669  0.9687  1.2979 23.4436
  3.6326  2.1822  0.9779  0.2898 17.5325
  5.1208  1.7047  0.9784  1.2965 12.9179
  5.1489  1.7184  0.9855  2.8067 13.0468
  4.3449  4.4759  0.9795  1.7956 41.7899
  6.8976  2.7069  0.4958  1.6012 22.8263
  4.6373  2.3983  0.9785  1.2385 19.6879
  6.8863  1.5635  0.7325  1.4998 11.6008
  5.5854  4.3994  0.9896  0.2744 40.9428
  6.2664  1.1060  0.9674  1.0050  7.5293
  4.3686  3.7813  0.9913  2.0854 34.1805
  6.8653  1.3597  0.4837  0.2702  9.7465
  4.1702  2.6208  0.9889  1.3119 21.9438
  5.3800  0.6894  0.9735  1.4348  4.1822
  5.9055  1.9042  0.9866  0.8102 14.8175
  3.7325  4.1557  0.9924  1.7827 38.2595
  5.5502  3.1248  0.9777  1.5465 27.1713
  5.5819  1.6160  0.9720  0.3536 12.0878
  5.3939  3.1588  0.9687  2.2940 27.5291
  5.3933  1.9540  0.9881  2.6635 15.2993
  5.3630  1.4816  0.9716  0.8028 10.8484
  5.4158  2.7847  0.9858  1.5134 23.6275
  4.9378  0.9110  0.9703  1.0001  5.9100
  5.4595  2.3069  0.9927  1.2036 18.7710
  4.7060  1.9659  0.9809  1.1678 15.4139
  4.8976  2.9314  0.9898  1.2069 25.1480
  5.2755  0.8712  0.9683  1.3874  5.5898
  4.8601  2.1615  0.9803  1.9809 17.3276
  5.1633  4.0468  0.9940  1.4331 37.0677
  5.3526  2.4129  0.9721  2.0201 19.8342
  4.4332  3.5331  0.9893  1.0047 31.5074
  5.8550  3.7776  0.9897  2.8404 34.1401
  5.7408  3.0850  0.9817  0.3690 26.7532
  5.6578  1.8784  0.9903  2.6396 14.5702
  5.7136  1.4148  0.9767  0.1910 10.2414
  5.7516  2.6692  0.9805  1.7486 22.4389
  5.2250  1.7299  0.9724  1.7178 13.1555
  6.2343  2.3234  0.9866  1.5246 18.9362
  4.7824  3.7407  0.9942  1.0239 33.7408
  5.2222  3.4799  0.9968  0.9138 30.9380
  6.2719  3.0455  0.9714  2.1948 26.3394
  6.2368  1.5030  0.9951  1.5681 11.0443
  4.3031  2.5724  0.9956  1.4630 21.4504
  4.4799  2.2688  0.9855  1.8756 18.3913
  5.0367  3.1134  0.9935  2.1016 27.0521
  4.8978  3.4338  0.9893  2.5014 30.4457
  6.3251  1.7201  0.9956  0.4234 13.0631
  6.0151  3.3050  0.9795  0.4369 29.0750
  5.5726  2.7079  0.9898  0.4503 22.8362
  5.5754  1.1057  0.8176  2.3979  7.5271
  4.3802  1.4406  0.9766  2.0371 10.4750
  4.5275  4.1360  0.9838  0.5305 38.0439
  5.1258  3.7370  0.9896  0.5104 33.7014
  5.1902  3.5576  0.9919  1.0164 31.7692
  5.7134  3.1266  0.9797  1.0600 27.1903
  4.7468  2.9636  0.9913  1.4776 25.4831
  4.4485  2.0908  0.9676  0.9842 16.6319
  5.6798  2.5337  0.9970  1.1995 21.0567
  4.7408  2.7180  0.9730  0.2235 22.9403
  5.8580  2.3024  0.9903  2.1555 18.7265
  5.8892  0.9388  0.9860  1.8969  6.1353
  5.0967  3.7845  0.9779  1.0262 34.2151
  5.5924  3.5738  0.9786  1.3573 31.9432
  5.1576  3.1290  0.9884  1.1373 27.2161
  5.0244  1.5863  0.9864  0.2198 11.8113
  4.9125  0.9070  0.9753  1.9797  5.8778
  4.3376  2.3721  0.9873  0.7096 19.4240
  5.2564  1.6259  0.9738  1.0850 12.1793
  5.7839  2.3758  0.9978  0.8337 19.4617
  5.0569  2.0349  0.9672  1.9266 16.0853
  5.5235  4.4469  0.9874  1.2397 41.4686
  5.1399  3.3962  0.9758  1.3086 30.0447
  5.2535  2.5374  0.9961  1.8353 21.0946
  5.4584  3.2542  0.9980  0.6437 28.5367
  5.1563  2.3608  0.9805  1.5373 19.3106
  5.0534  2.5945  0.9805  1.9824 21.6755
  5.2322  1.4855  0.9836  0.3348 10.8838
  4.2149  1.0738  0.9911  0.9186  7.2561
  6.1368  3.4108  0.9756  0.3584 30.1999
  5.4305  3.3711  0.9973  1.3559 29.7771
  5.4466  3.8131  0.9709  0.5188 34.5247
  3.8354  1.7875  0.9980  0.7171 13.7015
  4.3202  4.2709  0.9792  1.7285 39.5256
  4.8230  1.2802  0.9809  0.8953  9.0399
  6.2095  2.5370  0.9791  2.0065 21.0901
  5.9539  1.9077  0.9849  0.7442 14.8518
  6.0223  1.6687  0.9829  1.0250 12.5796
  6.1883  2.0877  0.9980  1.8604 16.6018
  5.2655  3.1177  0.9753  1.0528 27.0968
  5.0819  2.2200  0.9698  0.9228 17.9067
  6.1095  1.4705  0.9980  0.5570 10.7469
  5.4491  1.6854  0.9795  1.9805 12.7364
  6.1735  3.2534  0.9867  1.4061 28.5281
  5.3910  3.5572  0.9797  2.8223 31.7651
  5.2062  1.4676  0.9980  1.6615 10.7208
  5.1785  1.7408  0.9700  1.4802 13.2586
  4.8465  2.5840  0.9859  1.2849 21.5684
  5.2021  0.9608  0.9806  1.2079  6.3155
  5.0330  0.7914  0.9823  1.4696  4.9606
  5.2282  2.1739  0.9705  0.1536 17.4496
  5.2499  2.0595  0.9764  0.6650 16.3249
  4.7784  2.4146  0.9671  1.2092 19.8515
  5.2853  2.4013  0.9749  0.4754 19.7177
  5.1339  4.4587  0.9889  1.5855 41.5993
  4.1779  2.1314  0.9883  0.9589 17.0309
  3.8127  2.3251  0.9947  0.7876 18.9537
  5.2126  0.8770  0.9951  1.5142  5.6366
  5.3802  4.3096  0.9864  0.8657 39.9520
  5.2161  1.7500  0.9704  2.1173 13.3453
  6.0944  3.3151  0.9925  2.9138 29.1817
  5.2825  1.6267  0.9787  0.6279 12.1869
  4.2527  1.2915  0.9805  0.9886  9.1396
  6.4878  2.6536  0.8685  0.5352 22.2792
  5.2468  0.6712  0.9855  0.1706  4.0463
  6.1995  2.2779  0.9916  1.4059 18.4820
  6.4785  3.0885  0.9734  0.5073 26.7904
  5.3750  2.2814  0.9827  0.3278 18.5168
  5.2932  2.4883  0.9929  1.4451 20.5961
  6.9567  2.2027  0.6676  0.2956 17.7346
  5.3170  3.1895  0.9980  2.3758 27.8530
  5.1785  2.7430  0.9845  0.3778 23.1970
  5.3011  1.8278  0.9743  1.2419 14.0851
  4.7386  1.9272  0.9793  0.4305 15.0397
  5.3002  1.3449  0.9721  1.0218  9.6142
  4.9746  1.3261  0.9960  1.0989  9.4461
  6.7514  1.5349  0.9468  2.3559 11.3375
  5.8457  1.1668  0.9909  0.8151  8.0502
  6.6728  2.6141  0.8682  0.3759 21.8755
  5.0453  3.9426  0.9857  0.2719 35.9306
  6.1299  1.1773  0.9718  2.5374  8.1408
  5.2433  3.7792  0.9952  0.7856 34.1575
  3.9382  3.2411  0.9717  1.1474 28.3978
  5.2136  2.2826  0.9784  1.4094 18.5293
  5.9882  0.5300  0.9912  0.8104  3.0312
  5.2586  1.1639  0.9726  0.4425  8.0256
  4.5048  2.3824  0.9746  0.6795 19.5280
  3.9340  3.9304  0.9858  2.7488 35.7979
  3.6908  3.3372  0.9800  2.6037 29.4170
  5.5372  3.4163  0.9950  2.9293 30.2591
  5.4767  2.1795  0.9736  0.8860 17.5056
  5.1799  3.8474  0.9936  0.6420 34.8967
  5.5264  2.7478  0.9729  1.4908 23.2467
  4.4545  1.6604  0.9956  1.5928 12.5019
  5.2621  4.4450  0.9716  0.5066 41.4472
  4.5523  3.7642  0.9725  0.3503 33.9947
  4.9446  2.3256  0.9887  0.9330 18.9584
  5.8924  2.6722  0.9691  0.1377 22.4694
  3.5715  4.0312  0.9896  0.3421 36.8976
  5.1374  1.3491  0.9980  1.8571  9.6519
  6.6978  0.5015  0.7784  0.8956  2.8345
  5.5774  2.3994  0.9980  1.5736 19.6983
  5.7822  3.1370  0.9726  1.0240 27.2998
  5.4436  3.0379  0.9813  1.1968 26.2593
  5.9305  2.5790  0.9900  1.1313 21.5170
  6.5364  3.5318  0.7561  0.9749 31.4931
  5.6567  0.6303  0.9793  1.1197  3.7454
  4.4459  2.0058  0.9776  0.7639 15.8017
  4.7279  2.7279  0.9689  1.1448 23.0423
  5.7630  2.6092  0.9803  1.9744 21.8249
  3.6941  1.2249  0.9738  0.4433  8.5543
  6.2376  2.6077  0.9980  0.2485 21.8105
  5.3465  3.1688  0.9809  2.0164 27.6351
  5.2463  2.7961  0.9876  0.9936 23.7447
  5.2855  3.1542  0.9832  0.7843 27.4809
  5.4439  3.8438  0.9894  2.0643 34.8574
  4.4785  3.5577  0.9899  1.4316 31.7712
  6.1780  3.8594  0.9900  1.0057 35.0263
  5.2276  2.1712  0.9953  0.8703 17.4229
  4.7126  3.7879  0.9862  0.7139 34.2511
  5.3495  4.1908  0.9820  1.0729 38.6446
  3.8847  2.2156  0.9687  2.5998 17.8627
  6.6334  1.2004  0.7426  2.6495  8.3411
  4.1629  1.8039  0.9967  1.1094 13.8573
  5.0010  2.8159  0.9947  2.6054 23.9497
  5.1481  1.9300  0.9862  1.9883 15.0665
  5.2700  3.7513  0.9821  0.0472 33.8556
  6.0652  2.4006  0.9784  2.5080 19.7103
  5.1222  2.6120  0.9839  0.3103 21.8542
  6.0911  2.0625  0.9774  0.7021 16.3552
  5.3765  2.4564  0.9851  1.7032 20.2735
  5.3510  2.5732  0.9944  0.7304 21.4582
  5.4379  0.3811  0.9900  1.4337  2.0406
  4.7940  4.0119  0.9813  0.2487 36.6862
  4.6964  3.3933  0.9946  1.1246 30.0136
  5.2949  1.2720  0.9964  1.5807  8.9673
  5.8810  2.3168  0.9817  1.2889 18.8700
  5.2984  2.7657  0.9908  1.2768 23.4311
  6.0620  3.5701  0.9723  1.2760 31.9037
  5.1891  1.5904  0.9893  1.1038 11.8498
  5.5787  2.4368  0.9777  2.6053 20.0754
  5.4065  3.4948  0.9978  0.7868 31.0970
  5.3185  3.5166  0.9771  1.4049 31.3298
  5.1985  1.5877  0.9820  1.7560 11.8245
  5.2617  2.3448  0.9816  0.8859 19.1502
  4.7101  0.9209  0.9949  0.4440  5.9904
  6.1835  0.7464  0.9944  2.3387  4.6133
  5.1471  1.5207  0.9792  2.2311 11.2062
  3.6182  0.2572  0.9929  0.9542  1.2911
  5.3100  1.9733  0.9744  0.7666 15.4859
  5.3312  3.2410  0.9772  1.7824 28.3974
  5.6352  1.6721  0.9679  1.2263 12.6116
  5.8723  1.4216  0.9915  1.0984 10.3031
  5.3560  2.5956  0.9780  0.6371 21.6863
  5.3335  2.4370  0.9827  2.4212 20.0771
  5.4814  2.9792  0.9796  1.9481 25.6466
  5.3296  1.2469  0.9948  0.9880  8.7470
  5.2796  1.8846  0.9963  0.3838 14.6291
  5.2186  2.6196  0.9672  1.3152 21.9318
  5.5241  1.3422  0.9756  2.5514  9.5900
  5.2358  1.2644  0.9980  2.7219  8.9006
  3.7206  2.9626  0.9841  1.6109 25.4728
  6.2762  3.2813  0.9690  0.1083 28.8234
  3.9321  2.0418  0.9821  2.3343 16.1525
  4.1053  1.6691  0.9901  1.2581 12.5837
  5.6392  3.5606  0.9791  1.0133 31.8015
  6.2628  1.7528  0.9964  0.5968 13.3724
  5.2998  2.9998  0.9974  0.4144 25.8613
  5.1222  3.7827  0.9926  0.0448 34.1949
  5.9697  4.2644  0.9799  2.0244 39.4544
  6.1623  1.1140  0.9822  2.5527  7.5976
  5.0054  2.1586  0.9933  1.7595 17.2985
  4.5499  2.5740  0.9922  0.8180 21.4662
  6.1095  2.5432  0.9844  0.3223 21.1534
  5.1053  2.0742  0.9721  1.6422 16.4697
  5.2528  1.3476  0.9888  0.0433  9.6377
  5.6096  0.6841  0.9878  2.5748  4.1422
  5.4878  3.2030  0.9786  1.3739 27.9952
  4.3747  3.7473  0.9976  0.1948 33.8122
  5.2436  4.4678  0.9668  2.6255 41.7005
  6.1576  2.7362  0.9968  0.4423 23.1272
  4.6671  1.4702  0.9980  1.8615 10.7443
  5.6288  2.9285  0.9947  0.0895 25.1178
  6.0660  3.1232  0.9948  1.4878 27.1547
  4.2853  2.4471  0.9863  0.6208 20.1796
  5.0431  4.2142  0.9831  0.6854 38.9016
  5.5186  1.7392  0.9951  2.0802 13.2437
  5.9508  1.3835  0.9801  1.9519  9.9601
  5.4383  1.2142  0.9980  0.8307  8.4611
  5.8488  1.2640  0.9819  0.2988  8.8968
  5.5233  0.9496  0.9980  0.6315  6.2235
  6.6541  2.3096  0.7636  1.4892 18.7987
  5.2423  1.3824  0.9872  1.3309  9.9499
  5.2031  2.0014  0.9692  1.6913 15.7584
  4.9514  2.1591  0.9798  0.7417 17.3036
  6.8620  2.3480  0.9807  1.7766 19.1829
  5.2425  3.1839  0.9820  0.1660 27.7943
  5.2557  2.6888  0.9880  0.7288 22.6403
  5.9908  1.8729  0.9800  2.6899 14.5175
  4.9949  2.9579  0.9884  0.6585 25.4239
  5.4370  4.0877  0.9826  2.2511 37.5144
  5.0644  2.4058  0.9851  0.3685 19.7634
  4.3236  1.0167  0.9906  0.6186  6.7773
  5.3756  1.4104  0.9922  2.6073 10.2022
  5.2533  3.2536  0.9904  0.4286 28.5299
  6.7132  3.2278  0.4000  2.1741 28.2570
  5.3417  3.8177  0.9699  0.9030 34.5739
  6.0738  0.5229  0.9896  1.9060  2.9821
  6.1702  2.2404  0.9791  1.7315 18.1091
  6.3842  3.1531  0.9877  2.3431 27.4692
  3.8685  4.0081  0.9911  0.8379 36.6453
  5.2829  1.8894  0.9867  1.5190 14.6756
  6.0507  2.5465  0.9858  1.8876 21.1868
  5.2357  2.7443  0.9794  1.4394 23.2111
  5.3673  1.1798  0.9684  2.0064  8.1623
  5.2622  3.7051  0.9956  1.5942 33.3569
  5.0961  1.4550  0.9828  1.0373 10.6061
  5.3524  4.0456  0.9726  0.6331 37.0547
  5.7557  2.2343  0.9847  0.8634 18.0487
  5.1253  4.2167  0.9853  0.4540 38.9293
  5.6644  1.9570  0.9980  1.4250 15.3276
  5.1137  2.7797  0.9957  2.0817 23.5750
  5.1745  2.4158  0.9790  1.2855 19.8640
  6.4866  3.4971  0.9850  0.8171 31.1212
  5.6338  3.2782  0.9743  1.4938 28.7906
  6.3410  2.6186  0.9911  1.9576 21.9210
  5.0641  2.4454  0.9908  0.3497 20.1628
  5.0186  1.1852  0.9913  2.1135  8.2090
  6.0572  2.5128  0.9831  1.8160 20.8440
  4.9776  1.7390  0.9835  1.2063 13.2412
  5.2986  3.2050  0.9905  1.4308 28.0166
  5.1111  3.3964  0.9725  0.5285 30.0463
  5.5077  1.9318  0.9781  1.4616 15.0842
  4.9035  2.4947  0.9942  0.5556 20.6604
  5.0954  2.2980  0.9735  0.7461 18.6828
  5.7467  3.6490  0.9900  1.8094 32.7520
  5.2105  1.7148  0.9837  1.5047 13.0132
  5.4459  2.4831  0.9756  0.1943 20.5433
  5.0107  2.3609  0.9863  0.8774 19.3120
  5.5682  2.5838  0.9818  1.7964 21.5666
  5.3947  3.1104  0.9708  1.3971 27.0196
  5.7088  1.5997  0.9839  0.8317 11.9363
  6.0294  2.4171  0.9718  1.7682 19.8770
  5.3310  0.1822  0.9773  1.9982  0.8753
  6.1062  3.6153  0.9744  1.7048 32.3897
  4.4489  3.3473  0.9850  1.6815 29.5237
  5.8236  1.5266  0.9722  2.4516 11.2608
  6.0174  2.1949  0.9758  1.4080 17.6573
  5.2625  3.6874  0.9708  1.4391 33.1655
  4.7148  2.0705  0.9889  0.9978 16.4334
  6.2000  1.3033  0.9679  2.5455  9.2442
  5.3557  2.1851  0.9870  0.4814 17.5606
  5.0547  2.2058  0.9699  1.7823 17.7659
  5.7505  4.4084  0.9832  1.6299 41.0429
  4.5030  2.3692  0.9748  1.3102 19.3952
  5.2851  2.7377  0.9742  0.2835 23.1423
  5.3454  2.5679  0.9980  2.5386 21.4048
  5.7133  3.6529  0.9906  1.5733 32.7938
