  5.3051  1.5462  0.9840  0.3024 11.4415
  5.4873  4.0451  0.9807  1.3023 37.0490
  4.2650  3.1846  0.9894  0.9883 27.8012
  4.3839  1.6200  0.9978  2.1473 12.1244
  4.3634  1.8855  0.9727  0.5499 14.6379
  4.5580  2.0371  0.9931  1.0986 16.1061
  5.4749  1.0993  0.9864  1.9074  7.4720
  4.7348  1.3258  0.9980  0.8919  9.4439
  6.2174  3.2220  0.9898  1.2429 28.1964
  4.1548  3.5928  0.9880  2.0579 32.1474
  5.2893  1.9227  0.9950  1.1541 14.9966
  3.8976  2.5147  0.9724  2.6410 20.8640
  3.5291  1.4816  0.9833  0.6650 10.8481
  3.8950  2.1312  0.9933  0.1791 17.0291
  4.2631  4.0512  0.9757  0.8015 37.1153
  4.8587  2.9204  0.9696  0.7269 25.0334
  4.5208  1.5890  0.9761  1.7277 11.8367
  5.1040  3.0070  0.9831  0.9161 25.9370
  5.5078  2.1432  0.9909  2.4285 17.1472
  4.9476  3.8899  0.9739  0.8156 35.3581
  5.0834  3.3431  0.9831  2.8438 29.4790
  4.3850  0.9836  0.9723  0.5994  6.5035
  4.8828  2.8676  0.9803  0.3168 24.4851
  4.9532  2.9227  0.9815  1.3995 25.0572
  3.6962  2.6542  0.9825  0.4494 22.2852
  5.5324  2.7866  0.9938  0.7179 23.6471
  5.1971  2.4543  0.9737  2.0812 20.2523
  5.0979  2.5131  0.9699  2.0599 20.8470
  5.8258  0.9223  0.9876  0.6728  6.0015
  5.8030  1.3855  0.9696  0.9495  9.9778
  5.1199  1.2392  0.9911  0.9995  8.6797
  5.9293  2.6940  0.9710  1.7661 22.6938
  4.9501  3.1237  0.9822  1.2943 27.1604
  5.2649  3.1509  0.9843  1.2872 27.4464
  5.9124  3.4830  0.9732  0.8398 30.9708
  5.5080  1.8146  0.9791  2.5091 13.9596
  4.9742  2.9786  0.9702  1.9149 25.6394
  5.4010  0.8992  0.9869  0.9492  5.8144
  5.1472  0.5858  0.9880  0.6570  3.4242
  5.1492  2.4800  0.9905  1.3572 20.5120
  5.5150  1.6734  0.9965  1.6006 12.6242
  3.5325  1.0565  0.9807  1.1933  7.1102
  5.7399  3.0695  0.9730  0.5974 26.5906
  5.4218  2.1184  0.9675  0.8752 16.9026
  5.6275  1.4743  0.9771  1.9361 10.7822
  5.4925  4.1570  0.9962  0.2502 38.2736
  5.5460  3.3794  0.9793  0.9736 29.8651
  5.3779  2.8357  0.9863  1.6077 24.1548
  5.6074  2.7056  0.9980  1.3093 22.8122
  5.6665  0.9383  0.9674  1.6386  6.1315
  5.5023  1.6535  0.9752  0.7397 12.4371
  5.1431  4.3416  0.9848  0.4260 40.3047
  5.2073  3.7506  0.9810  1.8149 33.8480
  5.5888  3.5586  0.9734  2.2932 31.7804
  5.1122  1.3266  0.9752  1.0995  9.4509
  5.4911  1.1164  0.9980  1.6062  7.6180
  4.2394  3.0704  0.9756  2.0033 26.6003
  5.0894  3.9695  0.9688  0.2839 36.2238
  4.6212  3.3362  0.9743  1.6350 29.4062
  4.4013  3.2342  0.9682  0.9799 28.3254
  4.9748  0.9088  0.9755  2.1718  5.8918
  5.1426  3.1553  0.9788  1.5593 27.4920
  4.8201  4.0761  0.9796  1.3123 37.3876
  5.6975  1.9614  0.9739  1.2831 15.3704
  4.9062  1.5164  0.9720  0.5086 11.1670
  5.3444  3.5165  0.9743  2.3890 31.3293
  5.3028  3.0803  0.9702  0.9141 26.7043
  5.3544  2.5235  0.9979  2.4765 20.9527
  5.3814  3.2531  0.9923  0.2490 28.5251
  5.4816  2.7192  0.9674  2.2899 22.9521
  5.6360  4.2865  0.9919  1.7142 39.6971
  4.8635  1.7805  0.9802  1.3531 13.6348
  5.2070  0.5294  0.9732  2.1537  3.0265
  4.1423  3.9081  0.9965  0.8714 35.5554
  4.1158  1.6259  0.9959  1.3517 12.1800
  4.7107  1.2311  0.9980  1.2295  8.6081
  4.2904  2.4398  0.9816  2.2772 20.1058
  3.5380  0.7428  0.9970  1.0943  4.5857
  6.4932  2.9525  0.9718  1.1369 25.3679
  5.3020  1.7491  0.9682  0.6730 13.3374
  5.6053  0.7848  0.9980  0.4294  4.9091
  4.9254  1.6618  0.9681  1.4433 12.5150
  5.0420  1.6543  0.9907  0.7815 12.4451
  4.6674  1.6807  0.9939  1.3627 12.6919
  4.4846  2.5351  0.9951  2.0986 21.0707
  4.9126  4.0513  0.9948  0.1944 37.1169
  5.2109  2.1774  0.9864  0.5971 17.4850
  5.1828  0.6962  0.9947  1.3430  4.2331
  4.7638  3.8170  0.9912  0.5698 34.5663
  5.0202  2.5623  0.9699  1.4374 21.3472
  5.9291  2.5949  0.9857  2.2562 21.6790
  3.7664  2.0509  0.9968  2.5021 16.2409
  4.6133  1.8811  0.9808  0.5818 14.5954
  3.9009  4.4977  0.9803  1.9021 42.0312
  5.2583  1.4130  0.9911  1.0937 10.2251
  4.9104  2.9379  0.9731  0.7367 25.2157
  5.1170  0.9638  0.9834  2.0120  6.3402
  4.5090  4.3387  0.9813  1.0911 40.2726
  5.4879  2.2389  0.9675  0.3668 18.0936
  4.9524  3.3292  0.9800  0.8183 29.3322
  5.3284  1.6892  0.9859  1.3213 12.7719
  4.9889  3.7411  0.9980  0.4151 33.7450
  6.9653  2.3428  0.8731  0.5864 19.1307
  5.0966  2.1373  0.9938  1.5166 17.0891
  4.7850  2.4238  0.9953  2.1272 19.9443
  5.2380  2.2712  0.9807  0.3210 18.4152
  5.5238  3.4708  0.9790  1.8569 30.8402
  4.9861  2.7920  0.9821  1.2074 23.7023
  4.1999  3.8694  0.9678  0.3128 35.1350
  5.6039  2.3526  0.9854  1.1663 19.2283
  5.6371  1.3035  0.9823  0.2638  9.2457
  5.7527  2.6296  0.9674  1.9920 22.0342
  3.6641  1.0686  0.9756  1.6544  7.2125
  5.5226  3.1739  0.9954  1.4410 27.6882
  5.2603  1.8623  0.9953  1.1743 14.4155
  4.6558  3.8462  0.9825  2.6035 34.8839
  3.7096  2.1469  0.9921  2.4281 17.1831
  6.6483  3.4862  0.6798  0.5232 31.0053
  4.8871  1.8582  0.9948  2.3448 14.3759
  4.5378  4.4988  0.9889  0.6220 42.0431
  5.0513  1.7960  0.9967  2.2677 13.7820
  4.9687  3.1647  0.9937  2.5632 27.5910
  6.8060  4.4107  0.6681  0.6631 41.0675
  4.9927  3.7679  0.9828  2.3056 34.0349
  4.8727  1.3722  0.9928  0.3812  9.8584
  5.2556  0.9963  0.9676  0.9771  6.6084
  6.9470  4.3475  0.5366  1.4363 40.3702
  5.5266  3.6418  0.9679  0.9401 32.6747
  5.4426  1.9458  0.9676  0.9678 15.2197
  5.0924  3.4926  0.9869  1.3918 31.0735
  5.2983  3.5430  0.9941  0.7794 31.6128
  6.1299  4.1026  0.9809  0.7326 37.6779
  5.2071  1.6563  0.9708  1.3766 12.4641
  4.9346  0.4068  0.9676  1.9750  2.2049
  4.5763  3.6467  0.9980  1.0656 32.7275
  4.6885  2.0879  0.9949  1.2950 16.6038
  4.9784  3.6990  0.9777  1.5619 33.2912
  4.7507  2.2861  0.9749  1.2905 18.5635
  5.3311  3.6800  0.9980  0.6472 33.0858
  5.5435  4.1561  0.9681  0.4257 38.2644
  4.9640  3.1201  0.9933  0.9816 27.1221
  5.2455  1.6462  0.9950  1.8394 12.3690
  3.7448  0.7309  0.9887  0.4481  4.4953
  4.3921  3.5844  0.9838  1.2058 32.0576
  6.0846  3.7491  0.9876  0.2119 33.8321
  5.5208  3.5156  0.9774  1.0033 31.3198
  4.7452  3.3746  0.9919  1.0344 29.8143
  4.3728  0.6093  0.9899  2.3248  3.5926
  4.5989  3.8805  0.9821  1.2594 35.2557
  4.5889  1.7029  0.9896  2.4577 12.9005
  4.0258  0.8421  0.9851  2.4682  5.3587
  5.1552  3.1493  0.9779  1.0104 27.4295
  4.9245  0.7344  0.9686  1.7330  4.5222
  3.9024  1.0715  0.9761  1.1458  7.2366
  4.8069  1.4619  0.9888  1.3906 10.6686
  4.9559  2.3606  0.9753  1.0216 19.3087
  5.2344  3.5040  0.9978  2.1425 31.1953
  5.3475  2.6803  0.9763  0.7073 22.5534
  5.8605  3.6053  0.9709  0.1760 32.2820
  5.5293  0.9718  0.9805  1.2320  6.4062
  4.6686  3.2342  0.9922  1.3783 28.3255
  5.9345  1.6534  0.9887  1.7226 12.4361
  5.6620  1.4423  0.9973  1.0024 10.4906
  5.1083  3.8991  0.9882  2.5115 35.4578
  5.7091  2.8050  0.9712  2.1844 23.8369
  5.2088  1.9938  0.9823  1.4341 15.6843
  5.6564  1.6105  0.9692  0.6504 12.0364
  5.4000  2.9425  0.9781  0.3233 25.2637
  4.2314  2.1729  0.9679  2.3276 17.4396
  5.3710  0.9252  0.9846  0.7406  6.0246
  4.2054  3.6757  0.9980  0.7915 33.0396
  5.0507  2.9007  0.9968  0.1066 24.8290
  5.3759  1.4062  0.9749  0.9271 10.1639
  4.7782  2.7109  0.9871  0.9147 22.8673
  5.5167  3.0834  0.9980  1.8332 26.7367
  5.4849  1.1267  0.9822  0.4254  7.7055
  5.6550  0.5253  0.9740  1.8573  2.9984
  5.5641  1.0888  0.9743  0.6939  7.3835
  4.6387  1.5758  0.9830  0.9496 11.7143
  4.5935  3.6221  0.9923  1.1700 32.4627
  5.4447  2.9579  0.9782  0.4976 25.4243
  5.3213  0.9238  0.9774  0.4016  6.0132
  4.9892  3.9293  0.9791  1.5658 35.7866
  4.3170  3.0290  0.9798  0.0940 26.1667
  5.0119  4.1422  0.9970  0.5014 38.1118
  5.3882  1.6529  0.9810  1.1753 12.4318
