  5.0959  0.6688  0.9918  1.8846  4.0287
  4.7373  1.7532  0.9910  1.5406 13.3762
  5.8029  1.9629  0.9751  2.3311 15.3849
  4.2696  1.7201  0.9752  1.2088 13.0632
  5.8085  3.9684  0.9876  0.7813 36.2124
  4.6171  2.1251  0.9964  2.4619 16.9687
  5.2517  3.7279  0.9767  0.2611 33.6032
  5.5726  0.8866  0.9735  0.2300  5.7130
  4.7952  2.4778  0.9839  0.2183 20.4899
  3.7631  5.6461  0.9933  2.5499 54.9578
  5.5969  2.0433  0.9954  0.7637 16.1670
  5.3720  4.5175  0.9915  0.9725 42.2507
  4.6940  2.1744  0.9847  1.1745 17.4553
  5.2927  3.8574  0.9681  0.6469 35.0050
  5.4997  1.3890  0.9708  1.2202 10.0094
  5.3220  2.7157  0.9758  0.3899 22.9165
  3.5754  0.8950  0.9959  0.1880  5.7805
  5.0597  0.8925  0.9980  0.8242  5.7605
  4.5405  1.4939  0.9882  0.6957 10.9605
  4.6111  1.1799  0.9814  1.6261  8.1635
  4.5468  2.5116  0.9729  1.5927 20.8321
  4.8214  3.0975  0.9820  2.3620 26.8841
  5.4935  4.9454  0.9846  0.2375 47.0263
  5.3902  2.2734  0.9941  0.9920 18.4376
  4.7719  5.3359  0.9877  0.1726 51.4302
  3.7527  3.9872  0.9936  0.7829 36.4167
  6.0495  3.5184  0.9784  2.6094 31.3495
  4.2044  0.5857  0.9730  1.3968  3.4233
  5.2597  1.9146  0.9828  1.6155 14.9185
  5.2579  3.4893  0.9789  0.8070 31.0383
  4.7727  4.2831  0.9774  0.7466 39.6605
  4.8301  2.9800  0.9980  1.9870 25.6547
  4.9066  3.2972  0.9683  2.5662 28.9922
  6.2196  2.6987  0.9798  0.6564 22.7416
  4.7597  3.1083  0.9915  1.8740 26.9977
  4.9965  2.5963  0.9923  2.2479 21.6938
  3.8936  1.6663  0.9980  0.9122 12.5568
  5.4638  5.0003  0.9784  1.1667 47.6427
  5.4991  3.2946  0.9743  0.3624 28.9642
  4.7384  3.2291  0.9969  0.3834 28.2709
  6.0876  2.3759  0.9743  1.4283 19.4628
  5.0355  2.5254  0.9752  2.3362 20.9722
  4.0427  2.0978  0.9691  1.3914 16.7011
  4.8462  2.5489  0.9675  1.5246 21.2111
  5.4502  1.6576  0.9668  1.0469 12.4760
  3.7329  0.9292  0.9980  0.9613  6.0571
  4.7456  5.7366  0.9832  1.9174 55.9914
  3.7092  2.4617  0.9959  2.5947 20.3265
  3.9158  4.1201  0.9941  0.6845 37.8694
  4.8983  3.7054  0.9871  2.8497 33.3597
  4.5191  0.9279  0.9913  1.8543  6.0471
  5.2210  4.0392  0.9893  0.0547 36.9844
  5.2934  2.2440  0.9770  0.8197 18.1447
  5.6506  1.8881  0.9980  0.8230 14.6632
  4.8079  2.8838  0.9847  0.5066 24.6534
  5.3276  2.8187  0.9832  1.3935 23.9786
  4.7955  3.6815  0.9710  0.9033 33.1022
  4.5099  3.9164  0.9668  0.3786 35.6464
  5.3929  3.3085  0.9865  2.7475 29.1118
  5.2239  1.0429  0.9868  0.7844  6.9965
  5.9466  0.5585  0.9923  0.6041  3.2307
  4.8540  2.4947  0.9893  0.1897 20.6606
  5.1505  1.6362  0.9670  0.5379 12.2756
  4.4812  2.9222  0.9799  0.1936 25.0526
  5.2625  1.0729  0.9869  0.5185  7.2485
  4.8900  1.0393  0.9867  1.1229  6.9658
  4.6267  2.1975  0.9835  1.3881 17.6829
  3.6188  1.9717  0.9919  1.1895 15.4704
  4.8817  3.5360  0.9955  0.5518 31.5382
  5.6485  1.3043  0.9907  2.1870  9.2525
  4.2950  4.6014  0.9812  2.5231 43.1824
  5.1563  0.6997  0.9921  1.1527  4.2591
  4.0909  4.0682  0.9940  2.7011 37.3013
  5.1950  1.5423  0.9940  2.2187 11.4055
  3.9742  5.6399  0.9933  1.0476 54.8871
  4.7410  1.5072  0.9966  0.4593 11.0823
  5.0786  1.1069  0.9771  1.8051  7.5366
  5.2491  0.9754  0.9682  2.6801  6.4359
  5.1534  3.1892  0.9963  1.3240 27.8501
  4.3692  5.2696  0.9768  0.8611 50.6794
  4.5294  1.5748  0.9689  2.4266 11.7050
  5.6618  3.4251  0.9859  1.6299 30.3530
  4.2738  4.5047  0.9945  1.8829 42.1092
  5.3972  1.8218  0.9755  0.1626 14.0276
  5.0579  3.1906  0.9818  0.6807 27.8650
  5.5260  3.5387  0.9912  0.9130 31.5673
  4.4340  4.4295  0.9914  2.4886 41.2761
  5.1604  0.9191  0.9967  1.1484  5.9758
  4.4214  4.5665  0.9742  1.8511 42.7952
  4.7716  3.8463  0.9980  0.1943 34.8840
  5.2780  5.4414  0.9809  1.9671 52.6273
  5.4816  4.2145  0.9698  0.2583 38.9051
  5.0934  1.9000  0.9980  2.0141 14.7777
  5.5712  3.4573  0.9679  0.9236 30.6962
  4.6052  1.2756  0.9907  0.2624  8.9992
  5.8331  2.2131  0.9788  2.7781 17.8375
  5.2268  2.8679  0.9938  2.5411 24.4879
  4.4332  3.4358  0.9888  0.5838 30.4666
  5.6803  3.3818  0.9980  0.8542 29.8912
  4.7876  3.7264  0.9843  2.3297 33.5861
  4.5569  5.8265  0.9728  0.6686 57.0193
  3.5956  1.1734  0.9778  2.3867  8.1073
  4.3070  2.8377  0.9933  2.0097 24.1752
  4.6761  4.4183  0.9926  1.2644 41.1522
  4.4399  3.7103  0.9842  1.0950 33.4132
  5.5391  3.1265  0.9847  1.8341 27.1897
  4.5407  1.1120  0.9762  1.9790  7.5803
  4.8805  3.8938  0.9854  2.5444 35.3997
  5.2465  2.4191  0.9846  1.0112 19.8976
  4.0021  5.5420  0.9679  1.7183 53.7706
  4.9647  1.2601  0.9939  1.0497  8.8625
  5.1885  5.1266  0.9830  2.0791 49.0640
  5.8738  1.0173  0.9781  0.4468  6.7829
  4.9075  5.5952  0.9827  0.8128 54.3769
  5.1803  3.9548  0.9980  0.8544 36.0639
  5.1232  1.0797  0.9949  0.3008  7.3059
  4.9425  3.4678  0.9847  1.2028 30.8079
  5.8997  4.1916  0.9707  2.1190 38.6533
  4.3833  3.9050  0.9677  1.4824 35.5224
  4.5809  1.6203  0.9863  1.8044 12.1279
  4.8200  3.9426  0.9966  0.3989 35.9313
  5.0771  2.7175  0.9758  0.4045 22.9345
  5.3290  3.2702  0.9958  0.8376 28.7065
  5.6512  2.8336  0.9768  1.8551 24.1329
  6.0593  1.2365  0.9842  2.0298  8.6559
  5.6059  1.1962  0.9744  0.7572  8.3049
  4.6078  0.6824  0.9945  0.1073  4.1300
  5.5472  3.2808  0.9706  1.0321 28.8188
  3.7311  3.1622  0.9953  1.4885 27.5656
  5.0102  1.4891  0.9932  0.4634 10.9169
  3.7596  2.7621  0.9977  0.6007 23.3940
  5.5871  3.8002  0.9974  2.1341 34.3846
  5.5307  3.3036  0.9874  2.6283 29.0601
  4.7274  5.5011  0.9882  0.9157 53.3056
  6.3497  4.8264  0.9678  0.7518 45.6929
  5.2780  3.8014  0.9767  1.9528 34.3979
  4.9073  1.7227  0.9729  0.9085 13.0871
  4.8555  5.4868  0.9683  1.3544 53.1434
  5.2279  1.2955  0.9745  0.4398  9.1749
  5.5080  0.9304  0.9841  1.9238  6.0670
  4.3929  2.7976  0.9925  2.3715 23.7604
  6.5864  3.3633  0.7832  2.2048 29.6937
  3.8101  2.4043  0.9773  0.4823 19.7484
  5.1168  6.1760  0.9701  1.5397 61.0367
  6.6794  1.9815  0.6907  1.0064 15.5657
  5.8208  3.5371  0.9909  2.6880 31.5504
  4.8032  3.0543  0.9756  1.9277 26.4314
  4.2998  1.8452  0.9715  0.4482 14.2514
  4.4138  4.6918  0.9938  0.7869 44.1896
  4.6243  2.0553  0.9980  0.2955 16.2847
  5.1197  4.7055  0.9715  1.5561 44.3417
  4.3621  1.1319  0.9754  2.6733  7.7503
  4.5878  5.3480  0.9959  1.1008 51.5672
  5.4254  1.3452  0.9825  0.2179  9.6162
  4.2702  2.8478  0.9779  2.4194 24.2799
  5.0259  2.1723  0.9980  0.4561 17.4343
  5.8661  3.4625  0.9766  1.7227 30.7515
  5.0000  2.9974  0.9903  1.7147 25.8360
  5.0898  3.8699  0.9862  2.4189 35.1407
  4.9740  4.3861  0.9865  1.3309 40.7961
  3.7058  6.1552  0.9944  2.5123 60.7968
  5.0340  3.1585  0.9738  2.2601 27.5265
  3.9678  2.5161  0.9953  0.2267 20.8783
  6.5771  2.5534  0.7848  0.5971 21.2568
  6.1912  2.9802  0.9980  2.5971 25.6561
  5.2695  0.9611  0.9888  0.5355  6.3175
  5.4103  2.8423  0.9959  0.9185 24.2232
  5.0617  1.1747  0.9835  0.2828  8.1188
  4.8886  1.7743  0.9834  2.4742 13.5755
  5.0428  5.0500  0.9797  1.4434 48.2014
  3.9251  4.9708  0.9689  0.5527 47.3115
  4.9494  3.5574  0.9803  1.9137 31.7676
  5.4933  1.6232  0.9732  0.3246 12.1542
  3.7759  2.9875  0.9688  1.4482 25.7326
  4.8751  2.1802  0.9738  0.4355 17.5123
  4.9070  1.1131  0.9739  0.9283  7.5900
  5.0242  3.4069  0.9973  0.6290 30.1589
  5.2731  1.7317  0.9842  0.1388 13.1722
  5.3833  2.8590  0.9921  2.6927 24.3954
  5.7308  1.2752  0.9709  1.4706  8.9957
  5.6621  2.2508  0.9705  0.5298 18.2121
  5.0893  1.6757  0.9896  1.3794 12.6452
  5.5138  2.3748  0.9925  0.4053 19.4510
  5.7496  4.6338  0.9940  0.5049 43.5436
  5.1394  1.1694  0.9703  0.3179  8.0726
  4.4200  1.8159  0.9694  0.3292 13.9712
  5.1860  0.9071  0.9947  1.9652  5.8783
  6.4585  3.9026  0.9015  0.6915 35.4962
  4.9405  1.7506  0.9711  1.4442 13.3511
  4.9922  0.9284  0.9927  0.9796  6.0505
  5.0955  6.3869  0.9869  0.3780 63.4734
  5.0123  5.2992  0.9848  0.9199 51.0140
  5.2463  2.9441  0.9682  1.4625 25.2797
  5.1165  2.2809  0.9980  2.2445 18.5116
  4.6093  2.8098  0.9779  0.2604 23.8864
  4.4513  5.4540  0.9954  2.9968 52.7708
  5.4280  2.1397  0.9678  1.1766 17.1124
  5.3118  1.2280  0.9897  2.0806  8.5810
  4.6643  4.5298  0.9766  0.7196 42.3877
  4.5302  4.7406  0.9880  2.2228 44.7337
  5.0810  2.5648  0.9893  1.6554 21.3731
  5.1420  2.5296  0.9741  0.7026 21.0146
  4.2851  5.7831  0.9677  2.1191 56.5233
  4.1761  1.9828  0.9778  0.5551 15.5785
  5.3842  3.0199  0.9908  0.6069 26.0709
  4.4787  5.8327  0.9896  1.3799 57.0909
  4.3261  4.4934  0.9956  0.6616 41.9840
  5.6107  3.6826  0.9743  1.7670 33.1145
  5.1413  2.1034  0.9980  0.9165 16.7554
  4.7734  0.7157  0.9693  0.6937  4.3799
  4.7237  1.9818  0.9863  1.7118 15.5678
  5.2980  1.2117  0.9840  0.8977  8.4393
  5.1195  5.3061  0.9828  0.8737 51.0925
  4.9254  5.5600  0.9948  1.0332 53.9758
  5.1264  3.7606  0.9767  1.2511 33.9567
  5.2728  2.3854  0.9732  1.8067 19.5575
  3.5421  1.0619  0.9725  1.2119  7.1564
  5.6754  4.0863  0.9789  2.7419 37.5000
  4.7064  3.0337  0.9799  1.3255 26.2153
  5.1643  1.2722  0.9828  1.4530  8.9688
  4.8917  3.6380  0.9772  0.9173 32.6340
  4.4986  2.8225  0.9726  1.2812 24.0182
  4.7403  3.9202  0.9803  2.0006 35.6869
  4.4217  4.1972  0.9841  1.3621 38.7149
  5.2695  1.3861  0.9834  1.4574  9.9834
  4.7029  1.7169  0.9741  1.4394 13.0325
  5.9956  2.4877  0.9840  1.6811 20.5904
  5.3046  3.4663  0.9686  1.7833 30.7923
  5.1772  3.0969  0.9904  0.8610 26.8787
  5.3430  3.8847  0.9760  1.5527 35.3014
  4.9648  4.9955  0.9709  1.4613 47.5881
  5.1813  2.6623  0.9866  1.6274 22.3688
  5.3635  1.3094  0.9886  0.3169  9.2981
  3.7468  1.1992  0.9858  2.1262  8.3304
  4.6404  1.7714  0.9748  0.9847 13.5484
  5.0487  5.3291  0.9697  1.5068 51.3531
  5.1154  3.5447  0.9686  0.8306 31.6319
  5.6749  3.6520  0.9970  1.1716 32.7847
  5.1192  2.5985  0.9980  0.3617 21.7162
  5.7552  1.7281  0.9792  0.2777 13.1381
  5.2549  2.6218  0.9954  1.1747 21.9541
  4.4718  2.6896  0.9685  1.0801 22.6487
  4.3505  3.4838  0.9735  1.1658 30.9794
  6.6926  1.5060  0.7248  1.5021 11.0713
  4.6860  2.0964  0.9980  2.6720 16.6872
  4.8787  4.8402  0.9962  2.5061 45.8473
  4.7136  3.5967  0.9935  1.2253 32.1899
  5.1855  2.0025  0.9684  2.6550 15.7690
  5.5597  3.2892  0.9899  2.0214 28.9075
  5.2714  2.6662  0.9690  0.5330 22.4082
  3.9455  1.4367  0.9903  0.4070 10.4401
  5.3603  5.4291  0.9741  1.6515 52.4872
  5.1504  2.2657  0.9704  0.8006 18.3601
  4.8190  0.5905  0.9834  2.4897  3.4578
  5.3748  1.2057  0.9874  2.2592  8.3868
  5.7406  2.5023  0.9959  2.3310 20.7382
  5.2843  1.8998  0.9809  1.3318 14.7757
  5.5867  2.1620  0.9780  1.5174 17.3326
  5.6897  1.5200  0.9685  1.4462 11.2003
  3.9933  3.9224  0.9807  1.1095 35.7109
  5.2857  2.6226  0.9905  1.0674 21.9627
  5.4770  2.3032  0.9702  2.0519 18.7350
  5.2293  6.3546  0.9700  0.9678 63.0990
  4.7257  3.4675  0.9696  0.5083 30.8049
  4.8873  4.5553  0.9699  1.7717 42.6703
  5.7013  4.5809  0.9696  0.6387 42.9550
  5.0764  1.8532  0.9812  1.7634 14.3279
  4.7714  1.1480  0.9906  1.6867  7.8882
  5.1953  4.3619  0.9980  1.1661 40.5292
  5.4813  2.7576  0.9874  1.7316 23.3477
  4.5521  0.8484  0.9784  1.2692  5.4083
  4.6116  2.0148  0.9810  1.4571 15.8893
  5.3872  2.5574  0.9860  1.5691 21.2975
  5.0293  3.5778  0.9921  2.7737 31.9865
  5.7061  2.2327  0.9758  1.1533 18.0322
  4.6224  3.1412  0.9845  1.1248 27.3442
  4.7482  2.7382  0.9788  1.4864 23.1480
  4.9411  5.2021  0.9694  0.1237 49.9169
  5.9706  3.8739  0.9816  0.1472 35.1837
  4.3749  2.9995  0.9715  0.7973 25.8579
  5.1824  1.9636  0.9832  1.0456 15.3913
  5.4801  1.0690  0.9691  1.8614  7.2161
  4.9501  3.0161  0.9838  2.1483 26.0319
  6.0307  5.5996  0.9785  1.7942 54.4274
  5.1659  1.7585  0.9980  1.7681 13.4263
  4.7088  3.5429  0.9866  2.4328 31.6120
  4.2081  2.4338  0.9899  1.9084 20.0453
  5.0801  2.3797  0.9842  1.6674 19.5009
  4.5325  5.3369  0.9698  0.3685 51.4413
  5.1525  1.6686  0.9972  0.2343 12.5792
  3.8118  3.7931  0.9728  0.2703 34.3081
  5.7827  2.6445  0.9738  0.5619 22.1861
  4.6554  2.9533  0.9728  0.9718 25.3764
  4.9178  1.2558  0.9742  2.0448  8.8248
  3.8593  3.8217  0.9826  1.4807 34.6176
  5.1611  2.6848  0.9708  2.3153 22.5996
  5.6282  0.7726  0.9818  0.4588  4.8146
  5.2154  1.4128  0.9717  0.9575 10.2236
  5.3117  0.5914  0.9980  0.6090  3.4641
  4.9056  4.7023  0.9908  0.6465 44.3057
  4.2946  3.7180  0.9829  1.3438 33.4962
  5.2847  3.3451  0.9680  2.7900 29.5006
  5.6342  3.3906  0.9699  2.7436 29.9843
  5.6168  4.3436  0.9724  2.0866 40.3267
  3.5019  1.2910  0.9804  2.5043  9.1348
  4.7316  3.1677  0.9927  0.0855 27.6226
  4.7192  4.9080  0.9889  1.7566 46.6066
  5.4891  4.9631  0.9826  1.1202 47.2251
  5.1245  3.3605  0.9930  0.7986 29.6643
  4.6251  2.8349  0.9854  0.4879 24.1458
  4.7623  2.5433  0.9964  0.8001 21.1537
  4.9169  3.0646  0.9926  2.5042 26.5396
  4.8744  3.1638  0.9886  0.2672 27.5823
  6.4844  2.6865  0.8441  2.6989 22.6164
  4.7393  5.8162  0.9923  1.4850 56.9014
  4.0170  4.8786  0.9932  1.7471 46.2773
  4.5473  1.4500  0.9980  0.4312 10.5606
  6.9236  2.7621  0.4683  1.6887 23.3941
  5.5783  4.9397  0.9686  2.1340 46.9621
  5.2731  1.1260  0.9980  1.1107  7.6996
  5.5710  1.7159  0.9796  0.8682 13.0233
  5.0291  1.5297  0.9768  0.5057 11.2889
  5.4410  1.1967  0.9848  1.1775  8.3087
  4.9067  2.4966  0.9671  1.4976 20.6806
  4.7892  1.9437  0.9908  2.1840 15.1995
  4.9822  3.6477  0.9894  0.6146 32.7375
  5.1940  0.4531  0.9766  2.6025  2.5085
  4.8924  1.0952  0.9979  0.7258  7.4371
  4.5230  2.4040  0.9721  1.0451 19.7449
  5.8304  3.8420  0.9893  0.4553 34.8378
  5.2118  2.2667  0.9686  1.9283 18.3703
  5.1032  4.0639  0.9751  1.5165 37.2547
  6.3771  2.0535  0.9675  1.4671 16.2669
  4.6569  1.7393  0.9902  0.6109 13.2439
  5.0186  4.1588  0.9880  2.0058 38.2942
  4.7209  6.3331  0.9779  0.5782 62.8511
  4.7483  3.8182  0.9945  1.7150 34.5794
  4.3379  4.3545  0.9693  1.4627 40.4474
  5.2057  4.3320  0.9957  1.6237 40.1988
  4.9259  1.2885  0.9968  0.6911  9.1132
  4.4972  3.1784  0.9868  0.8414 27.7358
  6.3779  1.9168  0.9671  1.6159 14.9390
  5.1696  2.9562  0.9764  0.8395 25.4063
  5.2185  0.4157  0.9884  1.4177  2.2625
  4.4119  3.4306  0.9937  1.2264 30.4110
  4.0868  6.3041  0.9743  2.2729 62.5150
  3.9242  5.1179  0.9972  0.6669 48.9663
  5.2181  3.6873  0.9783  1.3358 33.1650
  5.5838  3.6575  0.9745  1.1264 32.8439
  4.4027  4.0996  0.9734  0.7788 37.6453
  5.4942  2.4239  0.9942  1.0613 19.9451
  5.1719  1.4490  0.9923  0.4826 10.5519
  5.4660  2.1485  0.9961  1.6604 17.1993
  5.4162  2.8477  0.9917  0.7970 24.2783
  5.0689  2.1241  0.9682  0.4920 16.9588
  5.3161  4.6512  0.9786  2.0564 43.7368
  4.2642  4.1540  0.9922  0.8150 38.2412
  5.0161  2.0735  0.9980  0.7511 16.4626
  4.1240  2.9549  0.9869  0.5767 25.3930
  6.0915  2.6257  0.9723  0.2431 21.9938
  4.4596  5.7197  0.9811  1.4852 55.7982
  5.1101  1.1939  0.9832  0.4977  8.2848
  3.5523  4.6166  0.9787  2.3965 43.3517
  4.8638  3.1754  0.9980  1.2964 27.7038
  4.2737  5.6731  0.9876  1.5466 55.2661
  4.6188  3.2220  0.9927  1.3281 28.1965
  4.9106  4.0927  0.9945  0.9726 37.5695
  4.7797  1.7361  0.9871  1.0376 13.2139
  5.2891  4.5845  0.9964  2.0683 42.9945
  5.2575  2.9710  0.9938  1.6669 25.5600
  5.7398  2.6798  0.9718  1.1668 22.5482
  5.9400  2.1716  0.9751  1.4054 17.4273
  5.3384  1.4661  0.9857  1.7430 10.7069
  3.7664  5.5190  0.9728  1.3982 53.5095
  5.1248  2.1900  0.9718  0.4592 17.6090
  4.3203  3.6619  0.9744  0.7451 32.8906
  4.5177  3.5713  0.9671  1.6659 31.9172
  5.3273  2.5148  0.9935  2.8981 20.8650
  6.7974  2.4695  0.5959  1.1762 20.4057
  5.2962  2.1090  0.9928  1.8492 16.8102
  4.3775  5.2983  0.9930  0.6900 51.0042
  5.4644  1.1060  0.9822  0.7959  7.5290
  6.1382  3.6506  0.9973  1.5758 32.7689
  5.2461  3.0374  0.9883  1.9673 26.2542
  4.4155  4.9388  0.9669  0.7086 46.9520
  5.9402  4.8245  0.9910  0.7486 45.6706
  5.0498  1.1707  0.9897  2.4250  8.0834
  4.2096  2.3621  0.9753  1.7401 19.3244
  5.6509  3.6444  0.9720  2.1823 32.7027
  5.7104  3.2567  0.9764  2.0762 28.5633
  5.5663  1.2374  0.9875  2.9056  8.6638
  4.0871  5.9271  0.9980  0.9307 58.1735
  5.4468  1.0026  0.9730  2.0853  6.6606
  5.9760  1.9007  0.9847  2.4749 14.7839
  5.0638  2.7438  0.9873  1.4368 23.2054
  4.9543  1.8853  0.9740  2.2816 14.6359
  5.6664  1.5730  0.9740  0.9472 11.6883
  5.5274  3.3438  0.9695  0.3915 29.4872
  4.6715  4.0519  0.9954  0.7497 37.1235
  4.9015  2.3117  0.9910  0.7694 18.8193
  5.7919  2.8340  0.9847  1.2118 24.1372
  5.0144  3.9796  0.9718  1.0306 36.3347
  5.0157  1.7171  0.9791  0.6235 13.0350
  5.4442  2.0607  0.9871  2.2955 16.3374
  5.0534  1.9088  0.9699  1.7492 14.8627
  5.4054  1.3948  0.9819  1.6935 10.0617
  5.0731  2.2338  0.9830  1.7406 18.0430
  4.1642  4.0945  0.9741  1.1903 37.5894
  5.3950  3.7211  0.9826  1.6476 33.5291
  4.6355  3.4139  0.9791  1.0270 30.2334
  6.2429  2.3794  0.9980  0.7773 19.4980
  5.2276  3.4156  0.9833  1.4261 30.2516
  5.2728  2.7471  0.9744  0.3377 23.2399
  5.9961  2.8367  0.9907  2.5948 24.1643
  5.3968  4.8937  0.9973  0.5168 46.4463
  4.6506  3.0035  0.9877  1.9885 25.9001
  5.1398  3.1839  0.9671  0.5487 27.7942
  5.0393  2.2105  0.9833  1.6779 17.8124
  4.6181  1.3747  0.9935  2.2464  9.8805
  5.1298  3.3091  0.9806  1.5321 29.1189
  5.1783  1.1302  0.9813  2.3445  7.7356
  5.1748  3.3129  0.9811  1.0813 29.1583
  6.1998  3.2351  0.9963  0.1131 28.3341
  4.7359  2.7856  0.9914  2.0957 23.6368
  4.8622  2.1521  0.9684  0.5427 17.2344
  5.2659  2.9122  0.9895  1.3941 24.9478
  5.6507  2.0752  0.9980  0.6284 16.4788
  5.3462  1.8069  0.9783  2.2286 13.8861
  5.5927  2.7147  0.9734  2.1947 22.9063
  4.7619  1.7059  0.9966  0.6059 12.9289
  4.9220  2.6429  0.9923  0.6380 22.1695
  4.7197  2.8940  0.9691  0.8357 24.7592
  4.5027  1.8089  0.9835  2.9483 13.9051
  5.4876  5.1246  0.9713  1.0063 49.0417
  5.8312  5.3086  0.9969  2.1390 51.1209
  6.7416  3.5558  0.6360  2.1747 31.7502
  5.7758  3.0122  0.9890  2.2996 25.9912
  6.9172  2.2162  0.4603  1.6887 17.8686
  5.0035  2.4155  0.9950  0.8593 19.8604
  5.8918  1.6694  0.9980  1.8144 12.5861
  3.6331  2.2937  0.9843  2.0750 18.6398
  5.1025  2.5843  0.9673  1.1079 21.5714
  4.4098  4.0137  0.9772  2.5627 36.7061
  4.7417  3.5867  0.9734  1.9664 32.0826
  5.1899  6.2548  0.9954  1.1706 61.9456
  6.9040  1.8294  0.3296  0.2502 14.1007
  4.8779  3.4657  0.9953  1.4672 30.7862
  5.3256  3.0897  0.9756  0.9640 26.8023
  4.6896  5.1646  0.9850  0.3107 49.4931
  5.0902  2.1143  0.9868  0.4585 16.8628
  5.3589  2.3689  0.9718  2.4175 19.3918
  4.4549  2.7535  0.9671  2.7791 23.3054
  4.9334  1.2663  0.9862  0.5754  8.9170
  3.7541  3.7911  0.9876  1.0808 34.2857
  5.3591  4.8267  0.9901  0.1793 45.6957
  4.0089  1.4733  0.9695  2.2127 10.7729
  5.6924  2.7819  0.9740  1.2186 23.5984
  5.1184  4.8075  0.9692  2.2393 45.4809
  5.8904  1.7357  0.9923  0.3285 13.2101
  5.3701  1.9484  0.9832  0.3652 15.2447
  5.1300  1.2810  0.9852  0.5975  9.0467
  5.2716  2.5213  0.9856  2.3457 20.9307
  5.1990  2.4287  0.9905  1.5822 19.9936
  5.2040  1.2821  0.9777  1.9878  9.0564
  5.2815  3.4502  0.9724  3.0156 30.6203
  5.0532  3.2758  0.9752  1.3735 28.7656
  5.3235  1.8669  0.9856  1.5424 14.4592
  4.1710  4.1972  0.9888  1.6440 38.7154
  5.2341  2.4291  0.9705  0.1637 19.9981
  5.1502  4.7653  0.9829  1.3901 45.0095
  3.9215  4.0141  0.9689  2.7253 36.7101
  4.3152  1.3751  0.9711  1.1963  9.8845
  5.0154  2.7723  0.9848  2.5146 23.4991
  6.0076  2.8887  0.9914  2.6386 24.7038
  5.0117  4.8865  0.9929  0.7834 46.3657
  5.0472  5.0250  0.9965  2.2618 47.9205
  5.6695  2.8115  0.9832  1.6508 23.9037
  4.8835  1.5699  0.9687  1.6581 11.6599
  4.8771  2.3811  0.9837  0.7908 19.5145
  6.3395  3.5770  0.9851  1.7116 31.9775
  4.5269  4.9640  0.9718  1.3116 47.2348
  5.4437  4.2596  0.9772  1.2014 39.4015
  5.2442  4.2108  0.9833  0.4329 38.8648
  5.2860  1.0637  0.9860  1.2423  7.1708
  5.1171  3.9529  0.9671  0.4580 36.0433
  5.2974  1.0951  0.9939  1.0865  7.4366
  3.9302  0.8882  0.9688  2.8053  5.7265
  5.6336  2.6739  0.9750  1.5732 22.4869
  5.0317  3.1330  0.9980  1.8868 27.2573
  3.9388  3.7823  0.9833  1.3141 34.1908
  5.0357  2.8718  0.9823  0.8587 24.5289
  5.3152  2.4282  0.9979  1.8061 19.9893
  4.6668  0.6134  0.9535  1.0584  3.6228
  5.3591  2.6137  0.9943  1.7642 21.8709
  5.5070  3.9440  0.9973  0.6531 35.9466
  6.3623  3.7256  0.9884  1.1420 33.5784
  3.6040  1.1402  0.9875  2.0057  7.8213
  4.6705  2.3548  0.9884  1.0647 19.2506
  5.0437  1.9240  0.9863  1.1274 15.0087
  5.1725  3.5004  0.9738  0.6955 31.1568
  3.7066  2.8104  0.9756  1.8074 23.8930
  4.9552  6.4698  0.9970  2.1852 64.4327
  4.6543  1.7524  0.9833  1.2069 13.3683
  5.3317  1.5102  0.9730  2.0994 11.1104
  5.3935  6.4029  0.9852  2.6855 63.6584
  5.1852  4.1535  0.9713  0.8395 38.2359
  5.6569  2.3021  0.9883  1.5574 18.7236
  5.5024  3.5901  0.9931  2.4054 32.1189
  3.6754  2.2213  0.9777  1.0247 17.9195
  4.1834  4.7030  0.9891  0.4362 44.3135
  5.1302  2.7894  0.9902  1.0507 23.6758
  5.9904  4.3710  0.9904  2.2068 40.6297
  4.0201  2.7273  0.9957  0.8399 23.0358
  4.8619  3.2726  0.9794  1.0813 28.7316
  5.3666  3.3325  0.9791  0.5023 29.3667
  4.8519  3.2740  0.9683  2.9866 28.7458
  4.8879  2.9656  0.9734  0.2215 25.5045
  3.6568  2.3790  0.9749  1.1192 19.4935
  5.6868  5.2841  0.9968  1.3823 50.8432
  5.6085  3.7358  0.9842  0.7306 33.6879
  4.0964  1.0158  0.9702  0.5617  6.7696
  4.2391  4.2047  0.9884  1.7396 38.7976
  6.5696  3.3065  0.8616  2.6617 29.0906
  5.1889  1.7157  0.9707  1.8015 13.0212
  5.1876  3.6702  0.9861  0.9071 32.9800
  5.6613  2.2839  0.9895  1.2051 18.5414
  5.5380  3.2789  0.9731  1.0630 28.7980
  4.2303  3.1329  0.9815  2.2738 27.2571
  4.5241  3.1785  0.9722  1.4331 27.7370
  4.4745  2.3146  0.9711  1.7752 18.8485
  5.3298  2.1436  0.9675  0.4758 17.1505
  4.1037  3.1447  0.9959  1.7703 27.3810
  4.4197  2.8106  0.9904  2.2399 23.8944
  6.6123  2.6294  0.7344  2.1136 22.0320
  5.4925  3.8052  0.9714  1.9509 34.4384
  5.1402  0.7414  0.9700  1.5892  4.5750
  5.2956  0.8218  0.9975  1.3541  5.1988
  4.3826  3.6751  0.9727  2.2732 33.0332
  5.0431  3.6369  0.9980  1.9831 32.6217
  4.8860  4.8440  0.9734  1.2519 45.8899
  4.6757  3.4643  0.9691  1.4097 30.7710
  5.2995  2.8221  0.9816  2.6320 24.0133
  5.2788  1.6546  0.9874  1.0198 12.4477
  4.7640  2.1904  0.9869  1.6837 17.6135
  5.5631  3.7689  0.9790  1.0194 34.0464
  5.9451  4.4068  0.9972  1.7663 41.0253
  4.6280  2.9644  0.9802  2.5479 25.4919
  4.0016  5.1741  0.9689  2.1546 49.6005
  5.0998  1.5525  0.9937  1.9340 11.4988
  5.8047  1.2805  0.9868  1.9144  9.0424
  4.2332  4.5078  0.9980  0.1389 42.1428
  5.4969  4.9659  0.9812  1.6514 47.2556
  4.7956  1.8517  0.9747  0.9771 14.3139
  5.7312  5.4860  0.9980  1.1232 53.1340
  5.3264  3.3448  0.9858  0.9991 29.4976
  5.3463  3.2558  0.9788  2.6212 28.5532
  5.3622  4.7946  0.9783  0.4785 45.3363
  6.3073  2.1234  0.9786  2.0952 16.9525
  5.9226  3.4848  0.9718  0.6581 30.9905
  5.4332  0.7924  0.9864  2.3600  4.9684
  5.2153  0.6882  0.9694  1.4894  4.1729
  4.7879  5.1839  0.9733  1.5286 49.7115
  5.0372  2.5456  0.9833  1.6798 21.1771
  5.5628  1.2060  0.9797  0.6643  8.3897
  5.1336  2.6503  0.9839  2.4690 22.2452
  5.1930  3.6005  0.9832  1.6253 32.2299
  4.8092  3.0037  0.9980  1.0173 25.9017
  5.5002  1.9149  0.9976  1.5351 14.9210
  4.8128  1.5263  0.9727  2.1877 11.2580
  5.8999  4.0684  0.9833  1.1505 37.3038
  4.9610  4.7645  0.9895  0.5882 44.9999
  4.9569  3.1868  0.9701  2.7686 27.8249
  4.9519  0.8828  0.9980  0.8303  5.6832
  6.0296  3.9983  0.9676  1.9096 36.5382
  5.4458  4.6367  0.9754  2.4163 43.5750
  4.8222  5.5610  0.9848  0.5507 53.9876
  5.1911  4.6693  0.9971  2.0180 43.9382
  5.4787  2.6491  0.9733  0.9023 22.2329
  5.1435  5.5445  0.9724  0.5330 53.7999
  5.4843  4.5783  0.9846  0.9451 42.9260
  4.9396  1.6658  0.9691  1.8109 12.5528
  5.0151  3.4896  0.9831  1.2490 31.0416
  4.6610  2.9515  0.9923  1.0007 25.3577
  6.8837  3.2853  0.5936  2.9056 28.8663
  5.1912  3.1667  0.9804  1.3176 27.6123
  4.4371  2.5765  0.9974  1.1439 21.4917
  5.7174  3.7981  0.9961  1.9275 34.3615
  5.0712  1.7084  0.9761  1.8541 12.9524
  6.4018  2.7374  0.9384  0.5493 23.1391
  5.3226  0.9008  0.9674  1.3163  5.8277
  4.5757  3.5396  0.9781  2.1017 31.5763
  3.6941  2.0399  0.9901  1.9782 16.1343
  5.2484  1.4171  0.9719  2.0237 10.2625
  5.0797  3.0090  0.9757  1.9044 25.9573
  5.5584  1.8303  0.9980  0.8483 14.1091
  4.4545  3.8585  0.9877  0.8681 35.0168
  5.0259  4.7984  0.9723  0.7539 45.3789
  4.9647  1.7895  0.9944  0.9535 13.7202
  5.2285  1.5229  0.9980  1.1936 11.2264
  4.6303  1.8978  0.9739  0.5844 14.7564
  5.6473  2.4247  0.9914  1.3945 19.9533
  4.8948  1.1190  0.9963  0.5447  7.6402
  5.2508  4.0525  0.9848  1.4274 37.1295
  4.7728  3.7454  0.9980  0.4901 33.7922
  4.3262  0.9726  0.9971  0.4777  6.4126
  4.2444  5.1848  0.9954  0.7920 49.7209
  4.1393  5.7761  0.9835  1.5972 56.4429
  4.9687  2.2858  0.9979  2.8258 18.5611
  5.9830  4.6693  0.9898  1.1020 43.9386
  5.1535  1.8035  0.9929  0.3641 13.8533
  5.1359  1.2691  0.9924  1.0714  8.9422
  5.6811  0.9290  0.9820  2.7583  6.0555
  5.2331  1.5569  0.9886  0.7640 11.5395
  5.0109  3.3001  0.9797  2.0994 29.0231
  5.9207  2.7983  0.9976  1.2284 23.7678
  4.6066  2.4911  0.9891  1.0100 20.6244
  4.2318  3.1021  0.9783  2.5539 26.9334
  4.4766  4.2963  0.9849  1.8267 39.8050
  5.0627  3.6953  0.9807  2.0512 33.2510
  4.8318  3.2964  0.9738  2.6484 28.9832
  6.2708  1.6220  0.9764  1.2031 12.1431
  5.1480  2.1244  0.9818  0.9689 16.9617
  5.8813  4.3645  0.9876  0.1943 40.5572
  5.2594  0.7527  0.9770  2.2617  4.6617
  5.0468  3.9430  0.9700  2.3596 35.9349
  5.3343  4.9249  0.9818  1.1864 46.7956
  4.6129  3.8109  0.9877  1.8170 34.5010
  5.3706  2.6931  0.9949  0.4662 22.6842
  4.2876  6.4809  0.9814  1.5871 64.5615
  5.7202  1.7464  0.9730  1.3719 13.3117
  6.0515  4.5289  0.9784  1.0989 42.3769
  4.4809  1.5220  0.9675  2.5273 11.2182
  5.1766  2.3538  0.9953  0.7380 19.2408
  4.9579  3.1585  0.9782  1.2081 27.5266
  5.7720  2.0523  0.9689  0.2117 16.2546
