  4.1460  1.8307  0.9900  1.7831 14.1126
  5.0627  3.1304  0.9951  2.5805 27.2301
  4.8331  3.2017  0.9712  1.5049 27.9816
  4.9367  1.1206  0.9769  1.8449  7.6534
  5.2300  4.0297  0.9860  0.7694 36.8809
  3.9173  0.9138  0.9678  1.3654  5.9323
  4.0926  3.6687  0.9916  1.4114 32.9644
  5.7123  3.1338  0.9754  1.3977 27.2661
  5.8976  2.0680  0.9964  2.5615 16.4086
  6.1337  3.0850  0.9919  1.7975 26.7536
  5.3187  2.1619  0.9868  0.5054 17.3311
  5.5978  3.4769  0.9845  0.5188 30.9053
  6.8021  2.7363  0.5672  1.5757 23.1282
  5.9265  2.2429  0.9885  0.8482 18.1339
  3.9790  1.7871  0.9892  0.8338 13.6975
  4.9227  1.7889  0.9779  1.7146 13.7149
  4.8040  2.4244  0.9895  0.5720 19.9508
  3.7594  1.7036  0.9856  0.9931 12.9077
  4.3927  1.9661  0.9762  0.6586 15.4156
  4.9633  1.7174  0.9742  1.5004 13.0378
  5.5397  3.2582  0.9734  0.3199 28.5788
  4.2039  3.3756  0.9805  2.2003 29.8250
  5.3128  1.4244  0.9731  0.1707 10.3284
  5.2574  1.1864  0.9670  1.5596  8.2198
  4.3401  2.5808  0.9901  1.4780 21.5360
  5.2537  4.1689  0.9980  0.6027 38.4045
  5.1873  0.6273  0.9847  0.7186  3.7235
  5.3986  2.7313  0.9669  0.1978 23.0770
  5.2421  4.1507  0.9756  1.7548 38.2046
  5.0068  2.5335  0.9888  2.1442 21.0543
  5.1623  3.5283  0.9788  0.3667 31.4553
  4.4360  2.6143  0.9980  0.7583 21.8776
  4.5641  1.7341  0.9698  1.8252 13.1952
  5.6744  3.3536  0.9694  0.1835 29.5908
  5.5708  3.2680  0.9691  1.9919 28.6828
  5.6658  2.4599  0.9818  0.8799 20.3086
  5.1033  3.2733  0.9891  0.6189 28.7392
  5.2102  4.1647  0.9765  2.0835 38.3584
  5.0700  3.2236  0.9712  2.2077 28.2125
  5.5446  2.2794  0.9739  0.6908 18.4974
  5.0271  2.1539  0.9779  0.4766 17.2527
  5.0605  1.7343  0.9814  1.5474 13.1966
  4.5806  1.5046  0.9979  1.9161 11.0591
  5.6409  3.0000  0.9882  1.9466 25.8632
  4.9801  4.2625  0.9728  0.8541 39.4327
  5.2379  0.7557  0.9793  0.6201  4.6846
  4.5812  1.6365  0.9830  1.8834 12.2782
  4.8395  2.6681  0.9762  1.6421 22.4279
  4.7697  4.4569  0.9856  1.4430 41.5788
  3.8208  2.4437  0.9760  2.2857 20.1453
  5.3642  1.7175  0.9901  0.2504 13.0380
  4.6059  1.0152  0.9705  0.3673  6.7647
  4.5423  3.8703  0.9719  1.2763 35.1447
  5.1937  1.5138  0.9948  2.5621 11.1429
  4.4229  2.7083  0.9716  1.2776 22.8400
  5.2952  2.5906  0.9724  2.2859 21.6355
  6.4724  2.2960  0.8809  0.7403 18.6628
  4.9545  3.9109  0.9958  2.5941 35.5859
  5.1416  2.2450  0.9667  1.0920 18.1547
  5.4659  2.8024  0.9729  0.7520 23.8098
  4.9781  4.4414  0.9712  2.8937 41.4074
  5.4650  3.3543  0.9816  1.1050 29.5987
  4.4513  4.4229  0.9847  1.3413 41.2033
  4.4802  2.3917  0.9865  2.1412 19.6218
  3.6427  1.7527  0.9807  1.4893 13.3710
  5.7831  3.8060  0.9939  1.7751 34.4480
  5.8904  2.6992  0.9797  0.4142 22.7472
  4.8280  2.7922  0.9765  0.7559 23.7049
  5.6113  2.3337  0.9821  2.2757 19.0392
  5.0799  3.3675  0.9675  1.4520 29.7387
  3.5620  3.4682  0.9843  1.4478 30.8129
  4.8340  1.4328  0.9857  1.8724 10.4043
  3.8142  3.1164  0.9785  0.8551 27.0834
  3.9108  1.6908  0.9795  0.8065 12.7874
  4.3092  3.5403  0.9735  2.0139 31.5840
  6.7220  2.1251  0.5651  1.7930 16.9684
  5.6474  3.8061  0.9961  2.5586 34.4490
  4.6580  4.1752  0.9736  1.5696 38.4735
  6.4613  2.6702  0.9161  2.0066 22.4498
  5.4848  1.5879  0.9705  0.8217 11.8269
  6.2751  2.5247  0.9802  1.3348 20.9652
  5.6586  3.6749  0.9908  1.0008 33.0314
  5.3333  2.9808  0.9939  0.7947 25.6633
  5.6597  2.3374  0.9717  0.5482 19.0764
  5.9532  4.0015  0.9838  1.3728 36.5729
  5.7649  3.1181  0.9691  1.6148 27.1015
  5.6474  3.2323  0.9733  1.5725 28.3046
  3.5933  2.9010  0.9731  0.4684 24.8321
  4.3747  2.3569  0.9784  1.7176 19.2717
  5.1888  3.5784  0.9980  0.6569 31.9933
  4.3202  1.2685  0.9697  2.0648  8.9366
  4.8033  2.1634  0.9852  1.3842 17.3465
  5.8148  3.6481  0.9727  1.6896 32.7420
  5.3607  3.1120  0.9738  1.5277 27.0369
  3.8708  1.8690  0.9730  0.8494 14.4801
  4.5995  3.3360  0.9741  2.2706 29.4037
  3.8613  3.3684  0.9793  2.6627 29.7486
  5.3600  1.5169  0.9822  1.3997 11.1712
  5.4597  2.5717  0.9966  3.0171 21.4431
  4.6101  4.4733  0.9718  2.1579 41.7608
  6.1723  0.9890  0.9691  2.1312  6.5476
  5.1387  3.8880  0.9754  1.2627 35.3377
  5.9200  1.4112  0.9826  0.1402 10.2097
  4.7051  3.2133  0.9941  1.3148 28.1047
  5.3325  2.0039  0.9980  1.1389 15.7827
  4.9994  1.8779  0.9897  1.1189 14.5651
  4.2272  1.3018  0.9731  2.6015  9.2303
  4.7355  2.8890  0.9710  0.8785 24.7068
  5.1202  2.1469  0.9740  1.3689 17.1835
  4.8123  4.4334  0.9749  1.0133 41.3196
  3.6691  1.9819  0.9864  0.8985 15.5695
  4.8150  2.0678  0.9961  1.9405 16.4067
  5.4652  1.2957  0.9806  2.6636  9.1763
  4.3551  3.0509  0.9849  1.7947 26.3960
  4.8985  2.7477  0.9967  2.6208 23.2455
  4.0215  2.9018  0.9904  0.4077 24.8398
  5.0162  1.8695  0.9691  1.4347 14.4849
  4.9269  3.2836  0.9859  0.3518 28.8485
  5.5656  1.6515  0.9741  1.7663 12.4191
  6.0111  1.7824  0.9859  0.8423 13.6524
  4.8573  4.4321  0.9949  1.5977 41.3051
  4.7592  0.9928  0.9780  2.3839  6.5789
  4.6482  2.2164  0.9682  1.1621 17.8707
  5.2701  2.8383  0.9688  1.3337 24.1808
  3.8739  2.2626  0.9980  2.4207 18.3301
  4.9721  3.0337  0.9685  0.7961 26.2162
  5.9848  2.7064  0.9930  0.8614 22.8209
  5.1255  2.2640  0.9968  1.3250 18.3436
  3.9178  4.3103  0.9826  0.6332 39.9598
  5.2242  1.0567  0.9980  1.1580  7.1119
  6.8496  1.8589  0.5007  0.8044 14.3824
  5.4043  3.5154  0.9697  1.2330 31.3174
  5.6528  3.6173  0.9814  2.1263 32.4113
  5.3530  2.8431  0.9980  1.6435 24.2306
  6.3034  1.2587  0.9455  2.7272  8.8507
  4.6154  4.2559  0.9914  1.5696 39.3607
  4.6259  2.7144  0.9908  0.8354 22.9034
  4.2665  3.3037  0.9712  1.3939 29.0607
  5.0272  3.0980  0.9744  1.4688 26.8894
  4.9576  3.9037  0.9752  2.1132 35.5083
  4.9908  2.2189  0.9774  2.7843 17.8958
  5.1454  1.8803  0.9742  0.8738 14.5880
  5.7418  2.3484  0.9758  2.2528 19.1871
  5.0619  2.2939  0.9751  1.0563 18.6417
  5.4779  2.2791  0.9855  1.7673 18.4940
  5.1787  1.9287  0.9933  2.1539 15.0542
  4.8494  1.5677  0.9708  0.8479 11.6394
  3.6540  4.4519  0.9700  0.2287 41.5241
  5.2516  1.9505  0.9907  1.3939 15.2652
  4.6920  2.5916  0.9732  1.6850 21.6459
  5.2775  4.0932  0.9788  2.5162 37.5750
  6.4301  4.0951  0.9349  1.0166 37.5957
  5.2115  4.3902  0.9691  1.0805 40.8419
  4.6967  1.6220  0.9967  1.9985 12.1434
  5.4131  2.6338  0.9726  0.2187 22.0766
  4.3878  0.7177  0.9783  2.4946  4.3950
  5.0466  3.5267  0.9980  0.3855 31.4388
  3.6161  2.3506  0.9780  1.0295 19.2089
  5.1538  1.5770  0.9969  1.3548 11.7259
  5.6339  3.4374  0.9847  2.1672 30.4834
  5.3920  3.7537  0.9893  1.0712 33.8815
  4.3028  4.4614  0.9774  2.8936 41.6289
  5.6067  3.0718  0.9880  2.7312 26.6144
  5.2502  3.1017  0.9705  0.7606 26.9283
  4.4717  1.6797  0.9682  2.9316 12.6832
  5.0239  3.4383  0.9726  1.1030 30.4934
  3.6691  2.6240  0.9980  0.2110 21.9766
  4.6873  1.6287  0.9791  1.7721 12.2063
  4.5216  1.8241  0.9729  0.2099 14.0496
  5.2506  2.3973  0.9920  0.6990 19.6781
  3.8070  3.4295  0.9883  1.0119 30.3994
  4.9670  2.8514  0.9980  1.4723 24.3167
  6.1840  3.2985  0.9857  1.2084 29.0058
  6.1328  4.1976  0.9876  1.1098 38.7197
  4.7727  4.4019  0.9855  2.5708 40.9709
  5.0570  4.1724  0.9822  2.8023 38.4430
  4.7257  2.2318  0.9717  0.6375 18.0235
  5.1437  1.0935  0.9714  1.5515  7.4231
  4.8025  1.2016  0.9927  1.4031  8.3514
  6.8658  1.4904  0.7210  1.4771 10.9292
  5.9880  2.8523  0.9767  1.7683 24.3265
  4.8953  2.0899  0.9938  2.1323 16.6233
  6.5835  1.7489  0.9969  1.5607 13.3348
  5.0854  2.4629  0.9842  0.8109 20.3389
  4.7804  2.5404  0.9726  1.2069 21.1249
  5.3107  1.8561  0.9889  1.6922 14.3558
  5.6782  4.0756  0.9686  1.6724 37.3830
  5.9051  3.0987  0.9745  2.3583 26.8967
  5.0420  2.9235  0.9850  1.0510 25.0652
  4.1060  1.9371  0.9853  2.4310 15.1358
  5.8136  3.8494  0.9770  2.4557 34.9179
  5.5633  3.9105  0.9745  1.9029 35.5818
  4.9122  1.3186  0.9925  2.6334  9.3802
  5.3737  2.8428  0.9807  1.1866 24.2283
  5.2150  3.5309  0.9962  1.3805 31.4835
  5.2305  3.0174  0.9980  0.5323 26.0457
  6.5225  3.8329  0.8637  0.6591 34.7386
  5.0633  3.9443  0.9715  0.8739 35.9500
  4.8284  3.3309  0.9786  0.5731 29.3499
  5.3728  4.0107  0.9980  0.7047 36.6733
  5.0921  2.8778  0.9723  2.0877 24.5910
  4.4299  0.9563  0.9901  0.8971  6.2789
  4.0723  3.2142  0.9874  0.9247 28.1140
  4.0798  2.8773  0.9946  2.0815 24.5853
  5.2181  1.3372  0.9697  1.3739  9.5454
  4.9137  1.6437  0.9858  1.2889 12.3459
  4.9778  3.4541  0.9950  2.2575 30.6616
  4.1908  2.8834  0.9895  2.4304 24.6492
  5.1632  0.7505  0.9865  0.4164  4.6451
  5.1162  1.3814  0.9722  0.8931  9.9406
  4.7544  2.7868  0.9896  1.1024 23.6488
  5.7574  3.6669  0.9894  1.9775 32.9445
  3.8211  4.1498  0.9763  0.7423 38.1951
  3.6501  3.8716  0.9863  3.0463 35.1586
  5.7518  2.2483  0.9980  0.0996 18.1871
  4.4818  1.0037  0.9813  0.9156  6.6694
  5.1989  2.2972  0.9868  1.2522 18.6743
  6.7791  2.3155  0.9959  1.1799 18.8578
  5.1218  2.9806  0.9872  1.7957 25.6609
  5.5082  2.4994  0.9980  2.3367 20.7080
  5.2393  4.3244  0.9682  0.9551 40.1151
  6.7835  2.8082  0.7904  1.5567 23.8696
  5.0507  1.6178  0.9976  1.7003 12.1040
  5.3316  2.4379  0.9691  2.0886 20.0868
  4.6035  0.7450  0.9870  2.1007  4.6027
  5.1125  3.6356  0.9760  1.8462 32.6076
  3.5024  1.3597  0.9841  0.6081  9.7461
  5.3551  3.5142  0.9862  1.2401 31.3043
  5.5129  3.9939  0.9788  1.2161 36.4905
  5.1136  1.8272  0.9760  1.6099 14.0795
  5.2029  2.2475  0.9796  1.3122 18.1793
  4.9142  2.8299  0.9859  1.6522 24.0943
  4.1885  3.4841  0.9716  0.7516 30.9821
  4.7945  2.0337  0.9811  0.7941 16.0729
  5.1614  3.9134  0.9944  0.4872 35.6135
  4.8965  4.2108  0.9975  2.5695 38.8644
  5.4275  2.5975  0.9921  3.0399 21.7063
  5.2706  2.5472  0.9766  0.4803 21.1940
  5.0623  1.2777  0.9946  1.7574  9.0179
  5.2656  4.2878  0.9688  2.4469 39.7119
  6.4401  3.1571  0.8502  1.0388 27.5111
  4.0925  3.3429  0.9778  1.7484 29.4768
  5.2586  3.2863  0.9980  2.0129 28.8771
  5.2131  1.5149  0.9881  1.5098 11.1531
  4.8405  2.5121  0.9741  2.7907 20.8371
  4.8262  4.0018  0.9754  1.5015 36.5766
  6.0531  3.4743  0.9980  1.4167 30.8773
  4.6383  1.4361  0.9905  1.8419 10.4346
  4.6883  3.4133  0.9873  1.0529 30.2268
  5.7117  2.3791  0.9836  0.1684 19.4946
  5.2342  4.3297  0.9848  2.5602 40.1738
  4.4452  2.5528  0.9770  1.1404 21.2511
  5.6756  4.0091  0.9910  0.4477 36.6561
  4.4411  4.1633  0.9820  1.2835 38.3437
  5.0633  2.8209  0.9711  2.0205 24.0012
  5.0918  0.8195  0.9760  2.1878  5.1801
  4.9470  1.6978  0.9941  0.8471 12.8533
  4.0582  4.4034  0.9980  2.3853 40.9875
  5.1771  3.1919  0.9873  1.0691 27.8784
  5.1886  1.3582  0.9778  2.0044  9.7326
  4.7087  1.9659  0.9669  2.1444 15.4142
  4.3396  0.9190  0.9803  1.3630  5.9746
  4.7503  2.8457  0.9893  1.6696 24.2584
  4.9499  1.4468  0.9945  2.7097 10.5320
  5.0423  3.4998  0.9756  2.3999 31.1506
  5.5700  0.2030  0.9736  1.3343  0.9873
  4.8646  3.3747  0.9673  2.5244 29.8153
  5.4234  4.2808  0.9859  2.6814 39.6344
  4.4642  4.1897  0.9686  1.7147 38.6331
  5.7552  2.9272  0.9713  0.6270 25.1044
  5.1089  2.3668  0.9682  1.3417 19.3707
  6.1797  3.2484  0.9845  1.0112 28.4753
  4.4656  1.7467  0.9905  2.6149 13.3145
  3.7523  4.0941  0.9795  0.6896 37.5848
  4.6678  2.2785  0.9825  1.2744 18.4883
  5.2610  2.5637  0.9890  0.9103 21.3618
  5.4382  0.9599  0.9698  2.4419  6.3080
  4.7988  3.6875  0.9812  0.6084 33.1670
  4.1651  3.8278  0.9760  1.2516 34.6835
  4.8328  2.5510  0.9691  0.5072 21.2323
  5.1185  2.8776  0.9832  0.7415 24.5884
  4.7854  1.4573  0.9699  0.9810 10.6268
  5.8179  1.6113  0.9814  0.6138 12.0437
  4.9672  1.8057  0.9778  2.5868 13.8743
  4.8133  0.9235  0.9799  0.9201  6.0115
  5.0601  3.0022  0.9954  0.6889 25.8865
  5.4953  2.9516  0.9776  1.8278 25.3578
  5.5106  2.9540  0.9928  1.9936 25.3836
  6.5408  2.6953  0.8984  2.2276 22.7066
  3.7520  2.3975  0.9808  2.1252 19.6801
  6.0859  2.9058  0.9708  1.6634 24.8812
  5.3921  1.9660  0.9763  1.1220 15.4155
  6.1742  3.8455  0.9921  0.3107 34.8757
  6.0136  4.0732  0.9792  0.8008 37.3565
  6.5660  1.8341  0.8009  1.4614 14.1455
  4.8680  4.0975  0.9980  1.2345 37.6223
  5.0145  4.0919  0.9859  0.8817 37.5607
  4.5144  1.2939  0.9896  0.8471  9.1608
  4.0657  3.8199  0.9771  2.4222 34.5986
  5.2825  1.3126  0.9843  0.6748  9.3265
  5.2003  3.7437  0.9956  2.3578 33.7730
  4.4983  4.0581  0.9852  0.7708 37.1906
  4.7572  2.1152  0.9698  2.8672 16.8719
  4.3846  3.1110  0.9815  1.2404 27.0260
  5.5783  1.9352  0.9837  1.3959 15.1172
  5.9332  3.9523  0.9779  0.9936 36.0372
  5.5094  2.3046  0.9823  2.2450 18.7485
  5.9732  1.6033  0.9753  1.0320 11.9699
  4.8228  1.3273  0.9752  2.0354  9.4570
  5.5312  1.9989  0.9741  0.5937 15.7347
  4.0327  0.6392  0.9846  0.5163  3.8103
  5.1231  1.5640  0.9976  0.7452 11.6052
  5.5752  2.6045  0.9963  1.8649 21.7775
  6.0112  2.0404  0.9741  0.6887 16.1386
  4.6575  2.3894  0.9963  0.7041 19.5980
  4.9598  3.7271  0.9731  1.1100 33.5943
  3.5978  1.8203  0.9748  0.5710 14.0132
  5.1937  2.9672  0.9980  2.1117 25.5210
  6.5931  3.8826  0.8258  2.8545 35.2783
  4.9574  3.3439  0.9972  0.3453 29.4876
  4.1242  2.0421  0.9695  0.3445 16.1549
  5.1887  3.9487  0.9844  0.4410 35.9977
  4.1518  3.5497  0.9754  0.9432 31.6848
  6.6212  3.6025  0.7147  1.1727 32.2523
  5.1227  0.9021  0.9917  2.8701  5.8377
  4.4541  1.3584  0.9773  0.7632  9.7347
  5.0230  0.8052  0.9686  1.9015  5.0681
  4.2966  2.8181  0.9851  1.6557 23.9724
  5.7268  4.4304  0.9899  0.8130 41.2860
  4.7742  4.2362  0.9673  2.3036 39.1440
  5.0577  1.7652  0.9933  0.6969 13.4893
  4.6813  2.8338  0.9826  1.1793 24.1350
  5.3601  2.4402  0.9848  0.7136 20.1099
  4.2559  2.2900  0.9723  1.3107 18.6027
  4.5859  2.9475  0.9965  2.2816 25.3156
  4.6387  1.3405  0.9786  0.6441  9.5751
  5.5456  1.0495  0.9932  2.3812  7.0517
  4.9644  1.2409  0.9914  0.1424  8.6942
  6.9324  2.7299  0.6890  1.9442 23.0626
  6.1262  2.6088  0.9695  0.9798 21.8208
  5.4057  4.4051  0.9823  0.8070 41.0064
  4.2846  0.9936  0.9833  2.3109  6.5861
  5.2343  2.4544  0.9977  2.9014 20.2531
  5.2409  2.5371  0.9766  2.2864 21.0908
  5.6157  2.1493  0.9955  2.0761 17.2067
  5.2745  2.7288  0.9781  0.7477 23.0511
  6.4192  2.1881  0.9226  2.8687 17.5907
  5.4456  2.5307  0.9814  0.8987 21.0261
  4.7593  3.2207  0.9797  1.3539 28.1824
  6.0143  2.4197  0.9785  1.2090 19.9035
  3.8343  3.9037  0.9790  1.3740 35.5075
  4.0788  1.6451  0.9711  0.9969 12.3594
  5.4982  2.6920  0.9691  1.7063 22.6733
  5.2076  0.7638  0.9720  1.2028  4.7467
  4.9707  1.9565  0.9936  2.2248 15.3228
  3.6337  3.4909  0.9700  0.3860 31.0554
  6.1557  2.5855  0.9951  2.2977 21.5840
  6.7356  3.4118  0.6080  0.2957 30.2109
  4.9791  2.2950  0.9966  0.2616 18.6528
  6.9898  1.3806  0.4928  2.8543  9.9337
  3.6251  4.2528  0.9901  0.8949 39.3268
  5.0681  2.4249  0.9957  1.9101 19.9556
  5.6221  4.2460  0.9957  1.1672 39.2520
  6.1615  4.4116  0.9941  1.8457 41.0781
  4.8650  2.4823  0.9794  2.3170 20.5354
  4.6001  2.7431  0.9747  1.2934 23.1979
  4.1530  3.2278  0.9950  1.6686 28.2571
  5.1596  2.0573  0.9708  1.2055 16.3034
  4.9216  2.3306  0.9974  2.9452 19.0082
  5.2110  2.5139  0.9815  0.6022 20.8551
  5.1067  2.3454  0.9829  1.2613 19.1562
  4.6457  2.1385  0.9765  0.3547 17.1011
  5.2009  3.5145  0.9961  1.1286 31.3075
  5.1748  2.9010  0.9980  0.5301 24.8313
  4.2406  4.1682  0.9851  2.1138 38.3966
  4.1983  2.6578  0.9725  0.1202 22.3218
  3.7742  2.9788  0.9980  1.1681 25.6418
  5.2108  3.5645  0.9860  1.9126 31.8438
  4.2345  2.7688  0.9868  1.1861 23.4626
  6.0544  2.2447  0.9980  0.9339 18.1517
  6.5090  3.7518  0.7130  0.9490 33.8615
  5.3991  2.2204  0.9864  1.0047 17.9104
  5.4780  3.9255  0.9874  1.8588 35.7450
  3.8797  3.9371  0.9903  1.2785 35.8707
  5.4883  2.0892  0.9907  0.8364 16.6164
  4.5808  3.7992  0.9872  0.9446 34.3741
  4.9383  3.1008  0.9668  2.3227 26.9195
  5.8269  3.2640  0.9745  1.3592 28.6399
  6.6490  3.3008  0.7090  1.2385 29.0299
  4.3858  2.4974  0.9881  1.8039 20.6880
  4.4087  3.9331  0.9745  1.9137 35.8280
  4.6320  1.7981  0.9815  0.8819 13.8020
  5.6268  1.5135  0.9783  1.5433 11.1403
  5.1753  3.1401  0.9838  2.7702 27.3327
  5.9056  2.5571  0.9772  1.6496 21.2942
  5.4097  2.3804  0.9679  1.6166 19.5079
  4.1172  3.0713  0.9911  2.1313 26.6096
  5.8309  3.8484  0.9877  2.4940 34.9077
  4.7711  3.2429  0.9980  1.2754 28.4170
  5.2563  1.1789  0.9691  2.0760  8.1548
  6.1443  3.5131  0.9692  1.8824 31.2924
  4.5120  4.2610  0.9688  1.2002 39.4167
  4.4718  3.2753  0.9791  1.5769 28.7600
  3.6736  4.3897  0.9902  0.5229 40.8363
  4.6957  2.3541  0.9726  0.7975 19.2437
  4.3270  1.2360  0.9920  1.1846  8.6512
  4.7616  1.1500  0.9967  1.1960  7.9055
  5.3849  4.0133  0.9674  1.4456 36.7023
  5.9904  3.7980  0.9963  0.5140 34.3612
  4.2167  3.2677  0.9833  0.2357 28.6795
  5.1200  2.0667  0.9701  1.5354 16.3962
  4.5592  2.6687  0.9904  0.7340 22.4340
  4.1694  3.2655  0.9771  0.9051 28.6559
  4.6718  0.7959  0.9760  1.8721  4.9954
  5.6482  3.1861  0.9819  1.4046 27.8171
  6.2971  1.8664  0.9774  1.1833 14.4548
  6.5936  3.5156  0.9813  1.9050 31.3201
  5.2643  1.1026  0.9722  0.9080  7.5002
  5.5004  1.8854  0.9765  2.7145 14.6371
  5.9591  2.6655  0.9862  1.7123 22.4011
  4.6773  2.6278  0.9903  2.1224 22.0158
  5.1473  1.2081  0.9924  0.7050  8.4076
  5.6340  2.9300  0.9692  0.3333 25.1328
  4.8859  3.2771  0.9795  1.3306 28.7787
  6.7601  2.5908  0.7336  1.8535 21.6375
  5.2727  0.9489  0.9771  1.7069  6.2181
  5.5015  3.0722  0.9974  1.3155 26.6194
  4.4762  3.4299  0.9980  1.8250 30.4038
  4.5789  2.3507  0.9715  1.0905 19.2101
  5.7242  1.9223  0.9886  2.1691 14.9922
  5.5899  2.7061  0.9703  0.3698 22.8180
  6.2936  2.0105  0.9764  0.4436 15.8474
  3.7275  1.9783  0.9729  1.3395 15.5342
  5.1108  2.4938  0.9765  1.4193 20.6520
  5.6166  2.9039  0.9714  1.9619 24.8619
  5.1286  3.2884  0.9980  1.7527 28.8985
  5.4472  1.4084  0.9676  2.6300 10.1838
  5.3574  0.6314  0.9870  0.7355  3.7532
  4.6501  1.7706  0.9969  2.4822 13.5403
  5.0765  3.7933  0.9795  0.1755 34.3098
  4.4203  2.5199  0.9797  1.2706 20.9164
  5.2287  1.8979  0.9758  0.3096 14.7570
  3.9413  4.2174  0.9703  2.8613 38.9367
  4.1448  1.0863  0.9749  1.3335  7.3620
  4.4627  2.9921  0.9685  2.6273 25.7811
  3.7719  4.2067  0.9703  0.5336 38.8191
  5.2272  0.6513  0.9827  2.1270  3.8992
  5.2036  2.6750  0.9783  1.1601 22.4989
  5.2712  3.2106  0.9805  1.6731 28.0758
  5.4278  1.1764  0.9933  0.4749  8.1334
  6.1608  2.4179  0.9814  1.8203 19.8849
  4.5248  2.1579  0.9962  1.5540 17.2923
  5.2588  3.8518  0.9928  1.3943 34.9447
  6.1510  1.4810  0.9855  2.7405 10.8433
  4.4570  1.2444  0.9837  0.8299  8.7250
  6.1619  3.2348  0.9980  1.2869 28.3314
  4.7669  1.3060  0.9713  0.9930  9.2681
  5.1059  3.5993  0.9671  1.7766 32.2172
  4.6188  0.3792  0.9922  1.7006  2.0286
  4.9446  3.8952  0.9969  1.1544 35.4158
  4.9828  2.7621  0.9750  1.4162 23.3944
  4.3708  4.1283  0.9948  0.9560 37.9592
  5.2416  2.2382  0.9704  1.1784 18.0873
  5.1774  2.5290  0.9980  2.3720 21.0091
  4.7003  3.5457  0.9958  0.3950 31.6421
  4.3773  1.1191  0.9730  0.6185  7.6407
  4.5118  1.3062  0.9855  2.6769  9.2696
  5.3638  4.2387  0.9927  1.5546 39.1710
  4.6820  2.8343  0.9764  1.8300 24.1402
  4.5172  3.7546  0.9838  0.6919 33.8919
  5.2873  1.4413  0.9859  0.5403 10.4813
  6.2447  2.8139  0.9890  1.6626 23.9291
  5.3433  3.7836  0.9889  0.6204 34.2046
  4.7370  4.1161  0.9672  0.7360 37.8253
  4.9049  4.0588  0.9944  2.1207 37.1986
  4.7025  3.7111  0.9919  1.5171 33.4216
  5.0039  1.6191  0.9864  1.2713 12.1165
  5.7427  3.4706  0.9787  0.6253 30.8387
  5.1003  3.3002  0.9786  1.2299 29.0236
  5.2922  0.5563  0.9692  0.3383  3.2149
  5.5784  3.9418  0.9952  0.6328 35.9219
  5.0133  3.2111  0.9711  2.3158 28.0813
  4.7414  3.8607  0.9843  2.5162 35.0410
  4.8731  4.2644  0.9859  2.3574 39.4542
  5.9716  3.5231  0.9826  0.6887 31.3998
  4.7992  4.1073  0.9779  2.8708 37.7297
  6.2039  3.6912  0.9735  0.5982 33.2064
  4.4295  2.1717  0.9766  2.5811 17.4280
  5.2469  1.2560  0.9959  1.2961  8.8270
  5.2231  3.2747  0.9926  1.0077 28.7538
  4.6785  3.3776  0.9877  2.4048 29.8463
  4.4916  3.7581  0.9750  2.4923 33.9295
  5.2029  3.1445  0.9881  3.0768 27.3791
  6.8249  4.2749  0.5911  2.0110 39.5692
  6.4564  3.3614  0.8971  0.6438 29.6742
  4.1680  4.4188  0.9961  1.7491 41.1574
  5.4347  3.3211  0.9852  2.6268 29.2457
  5.6847  2.4210  0.9892  1.7365 19.9158
  4.9442  3.3282  0.9720  0.9895 29.3208
  4.2459  3.7584  0.9978  1.1309 33.9323
  6.0248  3.5549  0.9719  0.9191 31.7408
  3.8327  2.0027  0.9924  1.3420 15.7714
  4.4261  0.3146  0.9880  0.9258  1.6297
  5.3250  1.9271  0.9889  1.7553 15.0386
  4.6452  0.9773  0.9940  2.3239  6.4511
  5.3376  3.2631  0.9868  0.7947 28.6308
  5.4767  2.7685  0.9749  1.9173 23.4600
  5.4790  3.7054  0.9758  0.5957 33.3595
  3.6275  3.6755  0.9679  1.3295 33.0380
  4.8585  4.2595  0.9980  1.2908 39.4003
  4.8872  3.0963  0.9691  1.6235 26.8723
  4.7380  4.3940  0.9980  2.2005 40.8834
  4.8945  3.4962  0.9914  1.3985 31.1119
  4.7563  2.9194  0.9855  2.9836 25.0226
  5.2788  3.3444  0.9980  0.6372 29.4930
  4.9900  0.5412  0.9820  2.4509  3.1088
  5.2015  3.8202  0.9855  0.5829 34.6015
  5.0721  2.7700  0.9690  0.6270 23.4758
  5.0026  0.9355  0.9894  1.6684  6.1084
  5.4532  3.7047  0.9946  1.7380 33.3521
  5.0701  2.1046  0.9922  0.7506 16.7671
  6.5032  1.1651  0.9790  1.4371  8.0354
  5.2747  1.2903  0.9915  1.0950  9.1286
  4.8683  2.2765  0.9705  1.9042 18.4681
  5.4564  2.0241  0.9827  1.2363 15.9801
  5.7264  3.6763  0.9857  2.3252 33.0456
  5.2971  3.5750  0.9794  0.8798 31.9565
  4.8156  0.6416  0.9803  0.5567  3.8280
  5.2399  2.0212  0.9695  2.4412 15.9513
  5.2076  1.6381  0.9766  2.4436 12.2940
  5.0820  1.9530  0.9846  1.6680 15.2893
  6.7267  3.2038  0.5991  0.4999 28.0042
  5.2845  3.0990  0.9871  0.8463 26.9005
  5.2666  2.7030  0.9972  2.0642 22.7855
  5.9949  2.1005  0.9974  1.3507 16.7269
  4.9871  2.6864  0.9840  1.5121 22.6152
  5.4300  4.2358  0.9942  1.6476 39.1396
  5.2069  1.2173  0.9799  1.6081  8.4884
  5.1641  1.4935  0.9968  0.5626 10.9574
  3.9974  3.9627  0.9870  1.3291 36.1504
  5.1649  3.3801  0.9944  2.6092 29.8730
  5.2673  4.1745  0.9964  1.5653 38.4665
  5.1908  3.9056  0.9732  1.2140 35.5286
  3.9788  3.4390  0.9811  1.0786 30.5009
  5.2668  1.5679  0.9977  1.7010 11.6418
  6.0940  2.8223  0.9886  1.1361 24.0154
  5.3661  2.5173  0.9715  0.8212 20.8895
  5.1848  4.3960  0.9951  1.5800 40.9058
  6.6697  2.7650  0.9942  2.5717 23.4242
  4.7364  2.5788  0.9926  2.2863 21.5149
  5.4121  3.3664  0.9973  0.8870 29.7273
  5.5960  4.1743  0.9680  2.2563 38.4635
  3.5774  3.3637  0.9677  0.3062 29.6982
  4.8682  2.6997  0.9855  2.3111 22.7520
  5.8091  3.1349  0.9798  2.3614 27.2776
  4.8951  2.6519  0.9846  1.1855 22.2618
  5.1751  2.4712  0.9795  0.7044 20.4233
  5.9054  2.3764  0.9717  2.0460 19.4679
  5.9262  2.8689  0.9977  0.8501 24.4979
  5.5340  4.2153  0.9967  1.3185 38.9139
  5.4194  2.8561  0.9949  1.7056 24.3655
  5.8246  2.7741  0.9966  0.4273 23.5173
  6.0540  2.1902  0.9810  2.0936 17.6112
  5.1082  1.1746  0.9883  0.5123  8.1178
  4.7197  1.7150  0.9941  0.8043 13.0150
  4.5130  3.5583  0.9763  2.4125 31.7772
  5.3085  3.8326  0.9760  1.3588 34.7360
  6.0030  2.6337  0.9942  1.3331 22.0760
  5.0423  1.0180  0.9836  2.1558  6.7885
  4.9049  0.7043  0.9771  1.0554  4.2941
  5.7529  3.0315  0.9716  0.7095 26.1925
  5.6128  2.9184  0.9932  2.6655 25.0127
  6.3535  0.9144  0.9806  1.0805  5.9373
  5.4576  3.4641  0.9919  0.6638 30.7684
  4.6048  2.9750  0.9688  1.8296 25.6025
  4.6504  3.9605  0.9954  2.5379 36.1258
  5.5945  2.3363  0.9781  2.2087 19.0659
  4.7558  2.8177  0.9712  1.1559 23.9679
  5.0285  1.0778  0.9869  1.3353  7.2898
  4.9918  3.7830  0.9957  2.0487 34.1984
  5.4798  3.7480  0.9849  1.8224 33.8200
  6.9747  2.7500  0.4355  1.4039 23.2693
  5.1621  2.0520  0.9738  0.9878 16.2523
  4.7576  2.8173  0.9758  0.5129 23.9635
  5.9916  2.3413  0.9965  1.6531 19.1154
  4.7528  2.8853  0.9962  0.8504 24.6685
  5.4956  2.7257  0.9707  0.6867 23.0190
  4.3199  1.7707  0.9778  0.6829 13.5419
  5.3347  3.2504  0.9912  1.2974 28.4964
  5.1361  2.6428  0.9698  2.3685 22.1692
  5.1091  3.1064  0.9902  2.6067 26.9784
  5.4955  3.2300  0.9861  2.3616 28.2802
  4.9570  2.2100  0.9789  2.1310 17.8069
  5.4505  4.1471  0.9860  1.3362 38.1652
  3.6463  0.9755  0.9738  0.7130  6.4363
  4.9791  3.6950  0.9765  2.0068 33.2476
  5.2107  1.4969  0.9980  2.5530 10.9884
  4.5805  2.6957  0.9722  1.5996 22.7114
  5.0484  2.5616  0.9905  1.9925 21.3404
  4.6605  2.2774  0.9967  0.4549 18.4767
  4.5678  2.1988  0.9952  0.7133 17.6967
  4.8247  0.8926  0.9925  1.0662  5.7613
  5.3291  2.1096  0.9965  0.7236 16.8165
  5.9292  4.4944  0.9723  1.1377 41.9947
  4.8094  2.7824  0.9868  2.8296 23.6031
  5.2454  1.4267  0.9954  1.9227 10.3495
  6.2058  3.0223  0.9770  1.2378 26.0966
  4.3322  3.4682  0.9672  0.2344 30.8129
  5.5831  2.4379  0.9947  0.6974 20.0863
  5.2452  2.9698  0.9725  2.7138 25.5479
  4.7856  2.1991  0.9914  0.7190 17.6992
  5.0338  3.9481  0.9794  0.9711 35.9906
  5.9447  2.7076  0.9950  0.9908 22.8331
  5.0789  0.7030  0.9870  0.8490  4.2843
  5.2559  1.8897  0.9892  2.3020 14.6787
  5.0804  2.4829  0.9805  0.8566 20.5417
  5.2132  4.0206  0.9733  1.6260 36.7811
  5.3735  0.8039  0.9980  1.5282  5.0580
  4.6788  2.1545  0.9980  1.4807 17.2584
  4.7399  1.2489  0.9841  0.1927  8.7642
  5.1211  2.3883  0.9905  1.9284 19.5871
  4.9281  2.9561  0.9723  0.4840 25.4050
  4.5977  1.0353  0.9955  0.3565  6.9324
  5.5426  2.9733  0.9916  0.4096 25.5849
  5.7758  4.2072  0.9835  0.7587 38.8247
  4.6960  3.9288  0.9682  1.9640 35.7808
  4.3966  2.1886  0.9841  2.0187 17.5955
  4.7990  3.7983  0.9970  0.4979 34.3640
  4.6618  2.5461  0.9859  1.5603 21.1830
  5.2562  2.7782  0.9974  0.0855 23.5599
  4.7066  1.9823  0.9926  2.1635 15.5727
  5.0748  2.4940  0.9794  0.8667 20.6534
  5.5819  3.2699  0.9784  1.0363 28.7024
  5.4075  3.3237  0.9839  0.5151 29.2739
  4.6553  3.1072  0.9898  1.7828 26.9861
  5.1891  3.2925  0.9966  2.2018 28.9421
  4.9412  2.1969  0.9932  0.6436 17.6773
  3.9594  3.2336  0.9699  2.0367 28.3182
  5.2779  2.8491  0.9708  1.6688 24.2929
  4.9993  4.3495  0.9909  0.3721 40.3916
  4.6188  1.6042  0.9980  0.5210 11.9774
  5.0388  3.3844  0.9831  2.8451 29.9185
  4.5407  2.0328  0.9893  2.0537 16.0650
  5.2502  0.9092  0.9878  2.7316  5.8952
  5.3853  3.3867  0.9688  1.1701 29.9433
  3.5081  1.3440  0.9902  1.3675  9.6060
  5.7544  2.9569  0.9902  1.1361 25.4137
  5.2418  2.9553  0.9920  1.5793 25.3972
  5.2300  0.9931  0.9811  1.3136  6.5817
  5.5364  3.0980  0.9877  0.9861 26.8897
  5.2442  1.9695  0.9899  1.9655 15.4492
  4.3486  4.3406  0.9980  2.6249 40.2942
  5.2478  1.3300  0.9745  2.3326  9.4812
  3.7923  2.5002  0.9700  1.9555 20.7171
  4.7947  3.7865  0.9767  1.1516 34.2365
  4.4461  2.7465  0.9745  1.4339 23.2330
  5.0665  0.8188  0.9703  1.0384  5.1746
  5.8124  3.7232  0.9717  0.3550 33.5522
  5.7670  2.8268  0.9780  1.9222 24.0624
  5.6456  3.1180  0.9875  2.1283 27.0998
  4.3004  3.2247  0.9740  1.8139 28.2246
  5.5548  3.2567  0.9795  2.2673 28.5632
  5.2606  1.8996  0.9960  1.5638 14.7740
  5.2456  2.4129  0.9901  0.3704 19.8348
  5.9405  1.8781  0.9796  2.3567 14.5673
  5.5898  3.3953  0.9903  2.4891 30.0352
  4.5625  3.3351  0.9726  0.5351 29.3941
  3.9065  2.2320  0.9745  2.0683 18.0250
  4.6568  1.5967  0.9975  0.6532 11.9078
  4.7348  1.9667  0.9841  0.7150 15.4216
  4.1787  2.8982  0.9980  0.5341 24.8028
  4.4519  1.0219  0.9920  1.6739  6.8206
  4.5230  3.8351  0.9980  0.5812 34.7630
  5.2534  3.0789  0.9689  0.4722 26.6891
  5.2805  4.2706  0.9807  0.9190 39.5226
  5.6267  0.2207  0.9709  0.9389  1.0851
  4.8224  3.5954  0.9900  1.6811 32.1760
  4.4321  2.9742  0.9712  0.5145 25.5939
  3.6534  2.1036  0.9764  0.8638 16.7577
  4.7645  2.8446  0.9822  1.2148 24.2469
  4.8445  1.3612  0.9754  0.9893  9.7594
  5.9219  3.2599  0.9772  0.2174 28.5973
  5.0149  2.7576  0.9930  2.4321 23.3473
  4.1226  2.9351  0.9933  0.2652 25.1867
  5.4906  1.6779  0.9806  2.0099 12.6661
  5.4515  2.5306  0.9905  2.6989 21.0251
  5.1640  3.0358  0.9825  2.4594 26.2379
  4.9670  0.5344  0.9980  1.2157  3.0619
  5.2664  1.6200  0.9884  0.9785 12.1244
  6.0557  1.2162  0.9846  1.0201  8.4784
  4.2058  4.2257  0.9905  1.0921 39.0283
  6.6384  2.5719  0.9172  0.3282 21.4450
  5.0603  2.0972  0.9734  0.2699 16.6946
  4.1660  2.6729  0.9849  1.0816 22.4770
  5.1741  3.3405  0.9825  1.2875 29.4517
  6.0374  3.2553  0.9695  1.1832 28.5486
  4.8733  1.3926  0.9744  0.8274 10.0418
  5.2400  3.5964  0.9674  1.4398 32.1859
  4.3643  4.0228  0.9776  1.2596 36.8058
  5.2714  1.2329  0.9727  1.1586  8.6245
  5.2524  2.9264  0.9859  2.8635 25.0955
  5.7331  2.5499  0.9670  0.2353 21.2214
  5.4985  1.0781  0.9880  1.4670  7.2928
  6.7050  1.4682  0.7322  1.4740 10.7261
  3.6009  2.8406  0.9845  0.4991 24.2048
  5.1630  3.1197  0.9980  0.4418 27.1176
  4.2434  2.6910  0.9880  1.7103 22.6628
  3.7541  0.8150  0.9703  2.3665  5.1453
  5.1791  0.7099  0.9974  0.7287  4.3357
  5.4850  4.0737  0.9904  0.8473 37.3621
  4.1242  3.6912  0.9974  1.8838 33.2065
  6.0338  4.3457  0.9734  2.0163 40.3506
  4.7240  3.1587  0.9815  1.0070 27.5282
  5.0139  2.8647  0.9765  0.2089 24.4544
  4.8520  2.1220  0.9870  2.3652 16.9385
  5.0991  1.4657  0.9747  2.8355 10.7031
  4.6841  1.5616  0.9905  0.2885 11.5835
  6.2364  2.5876  0.9956  1.1850 21.6048
  4.0136  1.5977  0.9782  2.4015 11.9173
  6.0575  2.8200  0.9838  0.6175 23.9923
  5.4939  3.5014  0.9853  0.1449 31.1672
  6.4306  2.6965  0.9161  0.1705 22.7187
  4.0606  2.6838  0.9808  2.3968 22.5884
  5.0057  0.9166  0.9968  1.4523  5.9548
  4.1750  2.6857  0.9848  1.5132 22.6079
  4.6881  2.7232  0.9744  1.5361 22.9930
  4.7585  2.7604  0.9772  1.6083 23.3760
  4.7035  3.1383  0.9754  0.7422 27.3131
  4.3360  3.9807  0.9980  0.6476 36.3456
  4.6466  2.5040  0.9804  1.0762 20.7549
  5.7242  2.1021  0.9799  2.6448 16.7430
  5.2502  3.4737  0.9731  2.4108 30.8715
  4.9586  1.8313  0.9829  2.5195 14.1190
  5.9977  3.8389  0.9732  1.8689 34.8043
  6.2017  2.6210  0.9742  2.1845 21.9456
  5.2765  2.1388  0.9848  1.0053 17.1041
  5.2134  3.8254  0.9905  1.2325 34.6578
  4.2521  1.3216  0.9735  1.0780  9.4061
  4.3807  3.7500  0.9893  1.5036 33.8415
  3.8887  1.3321  0.9698  2.0688  9.4997
  5.1462  3.4729  0.9979  1.7394 30.8629
  5.4891  2.9849  0.9790  1.0080 25.7059
  5.0369  2.5982  0.9762  1.2995 21.7129
  5.9261  2.6397  0.9742  1.6502 22.1367
  5.4125  1.0590  0.9873  1.6202  7.1312
  3.6374  0.3236  0.9818  1.1983  1.6838
  4.2164  4.4374  0.9897  1.0867 41.3636
  4.9976  4.3374  0.9916  1.2616 40.2581
  5.5358  2.9157  0.9793  0.5701 24.9848
  5.3388  1.1531  0.9697  0.0852  7.9325
  4.3410  1.5917  0.9875  0.3834 11.8621
  5.2998  2.4093  0.9872  2.4710 19.7986
  4.8700  3.6041  0.9765  2.0621 32.2691
  5.5427  0.2659  0.9900  0.8592  1.3415
  4.6561  4.2863  0.9925  1.5092 39.6950
  4.9771  2.9699  0.9849  1.2112 25.5496
  5.3555  1.1610  0.9976  2.6693  7.9999
  5.0809  2.9911  0.9699  0.4725 25.7699
  5.1653  1.7528  0.9706  1.7192 13.3722
  5.6201  3.5614  0.9776  2.5332 31.8108
  3.5954  1.2135  0.9687  1.9556  8.4549
  4.2584  3.0542  0.9726  0.5919 26.4301
  4.4975  3.4633  0.9739  2.8483 30.7599
  3.6890  3.6587  0.9692  1.8613 32.8560
  4.7484  2.9926  0.9885  0.9866 25.7861
  5.2179  2.6885  0.9808  1.4416 22.6368
  5.4491  3.3334  0.9949  1.9529 29.3763
  4.8203  1.8701  0.9689  2.2695 14.4899
  5.3495  4.3319  0.9789  0.2563 40.1983
  5.3422  3.5224  0.9885  0.5244 31.3923
  4.9805  2.4649  0.9970  1.9187 20.3595
  4.6984  3.9530  0.9799  0.3543 36.0447
  5.2718  4.4597  0.9943  1.5340 41.6101
  5.1662  1.1976  0.9726  1.1985  8.3171
  4.5785  2.8907  0.9881  1.1885 24.7243
  5.2178  2.8126  0.9906  0.2500 23.9149
  4.8024  1.5871  0.9733  1.9541 11.8189
  5.7963  0.4570  0.9975  2.4054  2.5346
  5.2597  3.7478  0.9804  1.3934 33.8173
  4.4716  3.5233  0.9741  1.0965 31.4017
  4.7510  1.2370  0.9758  0.5302  8.6600
  4.4129  4.2374  0.9975  1.7210 39.1567
  5.4619  3.1514  0.9818  2.6350 27.4512
  5.2061  1.8938  0.9980  2.3347 14.7177
  5.1997  3.2554  0.9799  1.3653 28.5494
  4.8364  3.6260  0.9667  2.1473 32.5050
  5.2751  1.6522  0.9909  1.2911 12.4255
  6.5225  2.9317  0.8206  2.6612 25.1505
  5.3950  4.1750  0.9831  0.3047 38.4712
  4.8448  1.1269  0.9800  1.8694  7.7074
  4.9736  2.6212  0.9783  1.5326 21.9479
  3.8697  4.3941  0.9971  2.7142 40.8845
  4.7592  2.4011  0.9961  0.2766 19.7163
  5.7806  3.1881  0.9803  1.2730 27.8382
  5.1657  2.8545  0.9951  0.6086 24.3490
  4.8326  2.3643  0.9896  1.9075 19.3465
  3.7504  3.0492  0.9773  1.7164 26.3779
  5.4408  0.5109  0.9677  2.6242  2.8990
  4.8580  3.3714  0.9741  0.4140 29.7800
  6.2593  3.8563  0.9788  2.2828 34.9933
  5.5393  4.0283  0.9924  1.4319 36.8655
  5.1941  1.7517  0.9736  0.9260 13.3620
  4.8837  2.4452  0.9849  1.6465 20.1606
  4.9804  1.6314  0.9972  0.4892 12.2314
  3.9203  3.6037  0.9732  2.1454 32.2644
  5.9557  1.9138  0.9679  0.8480 14.9108
  5.0163  4.2518  0.9980  1.8447 39.3155
  5.5349  1.4545  0.9690  2.2359 10.6017
  3.7801  3.3401  0.9752  1.7373 29.4477
  5.5905  2.9596  0.9885  2.4327 25.4414
  5.2122  3.2754  0.9830  1.8662 28.7606
  4.6717  1.4198  0.9725  0.9505 10.2869
  4.8583  0.6952  0.9598  0.4207  4.2255
  5.8202  1.5457  0.9751  1.7401 11.4364
  5.0314  1.6300  0.9725  1.3667 12.2181
  4.7810  3.6223  0.9963  2.2734 32.4643
  5.0269  1.4123  0.9915  0.9015 10.2196
  5.2542  3.3594  0.9869  2.7546 29.6530
  4.8227  2.4540  0.9980  0.6739 20.2492
  4.2288  2.0388  0.9935  1.5908 16.1235
  5.2793  2.0186  0.9926  1.0698 15.9259
  4.9035  4.2503  0.9943  1.8462 39.2988
  4.2262  1.6978  0.9848  2.8436 12.8526
  4.8667  0.8767  0.9914  1.2943  5.6336
  5.3671  0.8896  0.9762  0.9340  5.7374
  5.2094  3.3199  0.9886  0.8834 29.2333
  5.1348  2.2212  0.9741  0.3212 17.9178
  4.9316  3.6950  0.9914  1.9807 33.2475
  5.3267  2.4536  0.9781  1.5449 20.2454
  5.8705  3.0569  0.9905  0.4575 26.4588
  3.7567  2.1219  0.9705  2.5906 16.9370
  4.6271  1.1065  0.9929  2.1508  7.5335
  4.9918  2.1982  0.9772  2.0785 17.6905
  4.8928  2.7584  0.9806  2.3914 23.3560
  3.6824  4.4847  0.9724  2.0253 41.8870
  5.9848  2.6952  0.9852  1.2295 22.7056
  5.3412  3.4488  0.9768  0.4074 30.6057
  4.6806  3.2213  0.9858  1.9011 28.1889
  5.0259  1.6876  0.9883  0.1129 12.7567
  6.1146  2.4307  0.9923  1.2254 20.0141
  4.5837  4.1281  0.9711  0.2648 37.9575
  4.4105  0.7188  0.9920  0.7694  4.4035
  4.1400  2.9001  0.9918  2.0727 24.8224
  5.0477  2.5477  0.9796  0.3267 21.1983
  5.7776  3.0867  0.9726  2.2029 26.7712
  4.0680  2.0367  0.9909  0.9410 16.1025
  5.0779  4.1070  0.9980  1.5038 37.7262
  4.9295  1.4900  0.9980  2.2322 10.9250
  4.7251  2.2267  0.9733  1.1197 17.9733
  5.8789  1.5547  0.9718  0.8921 11.5198
  4.9448  1.8714  0.9834  1.7200 14.5024
  5.4330  2.3570  0.9943  1.5664 19.2729
  4.8136  3.5519  0.9980  2.4677 31.7085
  5.0276  2.4863  0.9772  1.2627 20.5759
  4.6738  4.3062  0.9954  2.8763 39.9141
  5.0148  2.6067  0.9695  0.6078 21.7994
  4.7685  2.9773  0.9826  1.8256 25.6259
  5.1739  4.3387  0.9732  1.8993 40.2733
  5.8782  4.3086  0.9971  1.3367 39.9414
  5.6271  3.2477  0.9766  2.3904 28.4683
  6.3389  1.9764  0.9774  1.7067 15.5161
  4.9402  1.9201  0.9809  0.9286 14.9717
  5.3015  3.2195  0.9797  1.2860 28.1693
  5.9863  3.3324  0.9909  0.3967 29.3653
  4.1929  3.8537  0.9980  2.3556 34.9647
  5.1468  3.5955  0.9869  1.8965 32.1765
  4.5740  2.7297  0.9970  3.0144 23.0607
  4.8548  2.8736  0.9746  1.2175 24.5471
  5.7938  3.4864  0.9968  0.3800 31.0075
  5.3074  3.7710  0.9791  2.2971 34.0689
  5.2601  3.2319  0.9959  0.5639 28.3011
  3.7992  3.4480  0.9871  0.9058 30.5970
  5.6807  3.1109  0.9791  1.9127 27.0252
  4.8947  2.9720  0.9705  1.2410 25.5712
  5.9245  2.7116  0.9980  0.8912 22.8741
  5.2609  2.6533  0.9883  0.4325 22.2766
  5.2044  2.4952  0.9903  1.4254 20.6664
  4.7462  3.8229  0.9692  1.8987 34.6307
  5.7711  1.5728  0.9790  2.5649 11.6864
  5.1287  2.9575  0.9928  2.1649 25.4202
  4.7206  3.2503  0.9762  0.8915 28.4950
  4.4480  2.0198  0.9954  2.3216 15.9382
  5.1825  3.1238  0.9939  1.1211 27.1606
  5.0299  0.5921  0.9811  0.3952  3.4690
  4.8955  3.7123  0.9739  0.4818 33.4339
  4.9673  1.0729  0.9727  2.4184  7.2487
  6.5045  2.1952  0.8216  2.5555 17.6604
  5.1237  4.1125  0.9690  1.7857 37.7865
  4.4315  3.7948  0.9953  1.1043 34.3262
  6.2777  2.1916  0.9696  0.8401 17.6250
  5.1971  2.4967  0.9851  0.9200 20.6809
  5.0448  1.6599  0.9906  1.1069 12.4973
  4.1668  1.9212  0.9843  2.4272 14.9823
  4.9424  3.8671  0.9773  1.9731 35.1104
  4.7377  4.1559  0.9880  1.1501 38.2620
  4.8977  1.8851  0.9749  0.7212 14.6343
  4.9358  0.7504  0.9728  2.1063  4.6442
  3.8222  3.6382  0.9816  0.9788 32.6354
  5.1232  2.6923  0.9980  0.7796 22.6762
  6.8314  3.1105  0.4985  1.9619 27.0207
  5.1676  3.5831  0.9870  0.3920 32.0435
  5.4300  2.0418  0.9681  2.0632 16.1526
  4.8168  3.0541  0.9725  1.7004 26.4292
  4.7922  3.2073  0.9701  1.1911 28.0410
  5.2941  2.3136  0.9980  2.2107 18.8381
  4.8045  2.1474  0.9927  2.5851 17.1882
  4.9736  3.6058  0.9678  0.4361 32.2877
  4.5803  4.1876  0.9894  1.2674 38.6101
  4.9583  2.4203  0.9804  0.5905 19.9096
  4.7887  2.6863  0.9902  0.3369 22.6147
  5.3258  2.1162  0.9685  2.1816 16.8813
  5.1080  2.2701  0.9826  1.2679 18.4042
  5.3639  4.1099  0.9713  0.4186 37.7575
  5.5546  2.7482  0.9913  1.0869 23.2504
  4.8774  0.9784  0.9692  1.3629  6.4600
  5.5646  2.3719  0.9872  0.8884 19.4224
  5.1104  2.0023  0.9869  1.6811 15.7674
  5.5253  3.7834  0.9893  2.0109 34.2031
  4.9954  2.3766  0.9803  0.3000 19.4698
  4.9900  2.3782  0.9775  1.0502 19.4853
  5.1383  1.4228  0.9786  0.5661 10.3146
  4.8577  1.8346  0.9848  2.2138 14.1501
  5.3513  3.9299  0.9720  1.0364 35.7929
  5.1815  2.4186  0.9980  0.3479 19.8920
  5.1642  0.7451  0.9647  0.8872  4.6034
  5.0552  2.4921  0.9787  2.2211 20.6343
  4.9455  1.5129  0.9867  0.7874 11.1349
  4.1811  1.8755  0.9937  1.6658 14.5423
  3.9948  2.3876  0.9968  1.6997 19.5803
  4.6482  3.2622  0.9682  1.2775 28.6208
  5.5376  3.0664  0.9963  2.3561 26.5584
  5.7073  4.1273  0.9830  0.4095 37.9488
  4.6145  3.4820  0.9833  0.4188 30.9599
  4.3582  0.9975  0.9707  1.7640  6.6182
  4.5983  2.5103  0.9677  0.8217 20.8193
  5.2993  2.6695  0.9928  0.3566 22.4420
  5.3903  3.8369  0.9712  1.8300 34.7830
  5.1678  3.2608  0.9980  2.6194 28.6069
  5.5100  0.7809  0.9820  0.1799  4.8791
  4.7987  2.3108  0.9748  1.8814 18.8100
  4.9038  3.8989  0.9871  0.9011 35.4555
  5.2833  1.4677  0.9723  1.6498 10.7215
  5.6662  2.5318  0.9742  1.0426 21.0375
  5.6003  4.2153  0.9841  1.7840 38.9140
  4.6642  1.2221  0.9937  0.5858  8.5298
  5.1201  2.6947  0.9880  1.3104 22.7005
  5.3048  1.9450  0.9771  0.1677 15.2118
  5.8859  2.3246  0.9883  2.7756 18.9480
  5.8605  3.6927  0.9738  0.5629 33.2234
  4.5952  2.4565  0.9817  0.8193 20.2748
  5.7639  3.2511  0.9973  0.3047 28.5035
  5.4401  0.6818  0.9831  0.4649  4.1253
  5.1100  3.5343  0.9815  1.6072 31.5201
  5.1397  1.2968  0.9791  0.9087  9.1864
  6.8052  1.2160  0.6982  1.2039  8.4766
  5.3567  4.4346  0.9748  1.8355 41.3323
  4.3776  2.1747  0.9872  0.7379 17.4574
  5.4989  2.9832  0.9842  1.6765 25.6874
  3.6520  2.7938  0.9683  1.1522 23.7212
  4.3193  2.8464  0.9844  0.8920 24.2648
  5.0387  1.6421  0.9817  1.1794 12.3308
  5.1233  1.2163  0.9980  1.5451  8.4790
  4.6405  2.9578  0.9713  0.3260 25.4225
  5.0007  2.0045  0.9712  0.7073 15.7887
  5.2526  1.4331  0.9832  0.2503 10.4071
  5.8031  4.0067  0.9906  1.9403 36.6301
  4.9777  1.6104  0.9967  1.0435 12.0351
  5.1456  1.9500  0.9841  1.0755 15.2598
  5.0115  0.7788  0.9677  0.4896  4.8632
  6.3711  2.4969  0.9884  1.6860 20.6832
  4.6152  3.6345  0.9873  1.8517 32.5964
  4.7606  2.3189  0.9736  2.8356 18.8913
  4.8087  1.9490  0.9878  1.8508 15.2507
  3.8974  3.0888  0.9942  0.8804 26.7930
  5.5652  3.7396  0.9914  0.4425 33.7290
  4.3070  3.6654  0.9864  0.0354 32.9288
  6.4210  2.6903  0.9980  0.5211 22.6554
  5.0854  2.8011  0.9856  0.5232 23.7968
  3.8489  2.4709  0.9929  0.8036 20.4205
  5.0457  3.7102  0.9980  1.0665 33.4122
  5.4702  1.4517  0.9930  0.3355 10.5763
  4.2037  1.0365  0.9679  0.6270  6.9426
  5.1633  4.1644  0.9974  1.7581 38.3549
  5.4732  3.8495  0.9690  1.4090 34.9192
  5.2663  3.1175  0.9854  1.6299 27.0949
  4.6899  2.0410  0.9667  1.9892 16.1448
  5.5555  0.6038  0.9702  2.1034  3.5532
  3.6698  3.9445  0.9804  0.6842 35.9514
  5.2116  1.0121  0.9787  1.7941  6.7390
  5.5318  2.7717  0.9930  0.4958 23.4925
  4.7072  2.2779  0.9712  2.6428 18.4818
  6.8494  3.0561  0.9827  2.2423 26.4502
  3.5842  3.3993  0.9803  0.1309 30.0769
  5.0615  3.9649  0.9771  1.1449 36.1744
  4.4949  1.7062  0.9909  1.4794 12.9323
  3.9307  0.8360  0.9884  0.5869  5.3101
  5.1344  2.3519  0.9864  1.1657 19.2222
  4.2873  3.7748  0.9812  1.8381 34.1103
  3.8844  3.7368  0.9681  1.0349 33.6994
  5.7276  4.1573  0.9890  0.3982 38.2773
  5.1835  2.2402  0.9773  1.3764 18.1064
  5.1509  3.3358  0.9757  2.3633 29.4014
  5.0699  2.6943  0.9729  1.9464 22.6967
  5.0173  2.9703  0.9887  0.8375 25.5531
  4.6102  2.2914  0.9968  0.3443 18.6164
  5.2922  4.1576  0.9830  0.8834 38.2811
  4.7361  3.1202  0.9856  1.3286 27.1237
  6.7311  1.8909  0.8224  0.8309 14.6899
  5.1524  0.8605  0.9671  1.6591  5.5044
  5.5202  2.5855  0.9760  0.3996 21.5831
  5.2576  1.7136  0.9927  0.7326 13.0012
  4.8977  1.8700  0.9889  1.8871 14.4889
  4.9297  2.0765  0.9814  0.7980 16.4913
  5.7584  3.9933  0.9934  0.8722 36.4834
  5.3720  2.6246  0.9740  1.1397 21.9831
  5.6655  2.4615  0.9847  2.3863 20.3253
  4.3154  2.3613  0.9771  1.4174 19.3164
  4.0723  2.8058  0.9750  1.1715 23.8449
  5.2699  2.6648  0.9966  1.2093 22.3938
  6.5134  3.1677  0.7432  1.5873 27.6229
  4.6505  3.7849  0.9730  1.2101 34.2196
  5.1246  2.5879  0.9980  1.9820 21.6077
  4.3636  1.8342  0.9962  0.6334 14.1465
  5.8014  4.3857  0.9942  1.4153 40.7912
  4.5168  1.3624  0.9811  0.1845  9.7706
  5.0936  1.6249  0.9677  0.7415 12.1700
  4.0323  3.4206  0.9967  2.0472 30.3045
  4.9857  3.2313  0.9938  1.7040 28.2945
  5.7870  1.6599  0.9879  1.1174 12.4971
  5.7983  3.9375  0.9748  1.0364 35.8758
  5.2665  1.8603  0.9836  1.8324 14.3962
  3.9373  1.2524  0.9734  0.8296  8.7947
  5.4244  2.8999  0.9941  0.2748 24.8206
  5.1491  2.1430  0.9681  1.9459 17.1454
  5.1776  3.0017  0.9846  1.8590 25.8809
  5.0332  1.9026  0.9910  1.8294 14.8023
  4.3013  3.6996  0.9878  1.0146 33.2973
  4.5367  1.2735  0.9850  1.6440  8.9810
  5.3920  4.3053  0.9943  1.0470 39.9049
  4.0389  1.3914  0.9980  1.8007 10.0304
  5.1186  3.0798  0.9980  0.5474 26.6987
  4.9890  2.5855  0.9864  0.8694 21.5834
  6.0487  3.4474  0.9973  2.4925 30.5908
  5.0037  0.2896  0.9777  0.0322  1.4799
  4.6771  2.9216  0.9806  0.4406 25.0457
  5.1400  4.1081  0.9978  2.5303 37.7384
  5.7670  4.2486  0.9838  1.1167 39.2797
  5.1991  1.9701  0.9980  1.9623 15.4546
  5.2770  3.0204  0.9968  2.1821 26.0766
  5.2848  3.3697  0.9728  1.6773 29.7621
  4.8528  1.5277  0.9938  0.3673 11.2708
  3.9307  1.4244  0.9868  0.5183 10.3288
  4.4876  2.5001  0.9828  1.2832 20.7155
  5.3152  0.9541  0.9947  2.0431  6.2607
  4.1681  4.1161  0.9788  0.0786 37.8256
  4.6962  1.2248  0.9760  0.6708  8.5539
  4.1554  3.8812  0.9794  1.6163 35.2636
  5.6475  2.0528  0.9974  1.8289 16.2600
  5.0600  3.1921  0.9942  1.0941 27.8806
  4.6463  3.8225  0.9776  0.2760 34.6263
  5.9712  4.1962  0.9811  1.8434 38.7045
  5.4351  0.6413  0.7536  1.9857  3.8254
  3.9982  3.1887  0.9867  0.6681 27.8448
  5.3975  4.1227  0.9778  1.4528 37.8980
  4.9542  1.6390  0.9917  0.6550 12.3020
  4.5634  3.1939  0.9942  1.0593 27.8995
  4.9358  4.2045  0.9757  1.4393 38.7951
  5.4006  4.1153  0.9946  1.0904 37.8172
  5.5163  2.2791  0.9784  0.9172 18.4940
  6.4683  2.5324  0.8963  0.8802 21.0435
  5.2740  2.1159  0.9980  1.8779 16.8780
  5.1929  0.9386  0.9803  2.3501  6.1336
  4.8088  2.2072  0.9897  0.6536 17.7793
  4.7097  1.7910  0.9740  0.7711 13.7343
  5.2486  4.4959  0.9889  1.0804 42.0111
  5.7922  2.8872  0.9825  2.7154 24.6882
  4.6574  2.4289  0.9826  2.3304 19.9964
  4.4955  1.1953  0.9936  0.5658  8.2971
  4.6326  2.6760  0.9730  1.2522 22.5088
  6.5610  1.9659  0.9373  0.6957 15.4140
  4.8029  2.5491  0.9695  1.4979 21.2131
  4.6973  2.4650  0.9866  2.3512 20.3600
  3.5322  2.9672  0.9704  2.2303 25.5208
  5.1415  3.9613  0.9714  1.2258 36.1348
  4.9873  3.1270  0.9793  2.0586 27.1946
  4.9988  2.1479  0.9764  1.7219 17.1932
  4.5933  2.2921  0.9805  0.5540 18.6239
  3.9777  3.6780  0.9694  2.1827 33.0643
  4.7133  1.9536  0.9704  1.0582 15.2951
  4.7797  2.4064  0.9712  1.8257 19.7687
  4.7612  1.2822  0.9667  1.1600  9.0573
  5.7681  2.1531  0.9824  1.7887 17.2444
  4.3517  3.1210  0.9729  1.3024 27.1311
  4.2126  1.4882  0.9767  0.3960 10.9087
  4.4965  1.8659  0.9868  1.5120 14.4495
  4.4574  1.4673  0.9849  0.8800 10.7183
  5.1427  1.0217  0.9789  0.8531  6.8188
  4.1753  2.6169  0.9802  0.2134 21.9036
  4.8515  2.2683  0.9823  0.7502 18.3862
  5.5561  2.5104  0.9980  1.4250 20.8205
  5.2207  1.4785  0.9767  0.9109 10.8202
  5.5143  3.9843  0.9825  1.8669 36.3849
  5.3366  1.2283  0.9968  1.0647  8.5836
  4.8477  3.2698  0.9932  0.1936 28.7022
  6.0415  2.2501  0.9708  2.5469 18.2049
  4.5096  3.6381  0.9929  1.0926 32.6347
  5.0835  1.1727  0.9746  1.4560  8.1007
  5.3634  3.8411  0.9676  0.8464 34.8278
  4.9580  4.2228  0.9738  0.4527 38.9964
  4.6570  3.6678  0.9878  0.1578 32.9549
  5.9378  1.4424  0.9787  1.8552 10.4921
  5.3228  2.0103  0.9980  0.6585 15.8454
  4.6830  3.5349  0.9951  0.5820 31.5259
  4.9145  2.9853  0.9912  1.1179 25.7102
  4.9133  1.8592  0.9941  0.6663 14.3855
  5.7278  3.2793  0.9845  0.8491 28.8022
  4.6609  4.3477  0.9889  1.9715 40.3724
  4.3472  1.7439  0.9888  2.3483 13.2873
  5.8369  1.6652  0.9963  1.4312 12.5473
  6.0331  2.3949  0.9757  1.9222 19.6535
  4.9756  4.1731  0.9683  2.2711 38.4502
  5.1240  3.8741  0.9745  2.0258 35.1861
  5.1370  1.3477  0.9980  0.7028  9.6393
  4.7955  1.8427  0.9802  0.2091 14.2274
  5.1160  3.1310  0.9704  2.9018 27.2367
  4.6094  3.5702  0.9714  1.7242 31.9047
  5.3670  3.7444  0.9789  0.2174 33.7809
  4.9600  1.3077  0.9705  0.8519  9.2829
  5.5741  3.2431  0.9885  1.4462 28.4194
  5.1990  4.4234  0.9914  1.2678 41.2086
  5.2886  2.3024  0.9853  0.6712 18.7260
  4.8355  1.5282  0.9751  3.0261 11.2757
  5.1463  1.1624  0.9667  1.3964  8.0126
  3.9427  2.0049  0.9897  0.3771 15.7923
  5.1518  2.3838  0.9690  2.7129 19.5418
  4.4902  3.2544  0.9707  0.3126 28.5384
  4.7259  2.8898  0.9854  1.2686 24.7152
  4.4501  2.6541  0.9720  1.5373 22.2846
  5.0787  2.2225  0.9969  1.8457 17.9310
  4.0016  3.3854  0.9918  0.9563 29.9293
  5.0876  2.4484  0.9924  0.4783 20.1929
  5.2537  2.0471  0.9796  2.3359 16.2044
  5.2172  1.8299  0.9887  2.0574 14.1049
  5.5323  3.9241  0.9895  1.7669 35.7301
  5.1682  1.8028  0.9781  1.2346 13.8470
  5.0274  0.7804  0.9868  2.7906  4.8756
  4.0438  2.7703  0.9855  0.7877 23.4789
  4.9448  3.6005  0.9718  0.8149 32.2300
  5.0274  2.8166  0.9970  0.4305 23.9564
  4.4794  2.9664  0.9814  0.3947 25.5124
  5.5416  3.7572  0.9980  1.7253 33.9199
  5.0637  3.7580  0.9980  2.5244 33.9279
  4.1823  2.4068  0.9941  2.1950 19.7735
  6.9478  3.8587  0.8745  1.4195 35.0187
  5.3358  4.4733  0.9880  2.2313 41.7612
  4.9556  0.7255  0.9823  1.7834  4.4543
  6.3920  2.4654  0.8692  0.7427 20.3642
  5.8037  1.9931  0.9779  1.2125 15.6779
  4.5709  3.4029  0.9850  0.3481 30.1161
  4.8337  1.0355  0.9901  1.2561  6.9344
  4.4567  2.0231  0.9673  0.5007 15.9697
  4.9833  4.0199  0.9815  2.7634 36.7742
  5.1993  3.2405  0.9820  1.9728 28.3922
  5.1873  2.2827  0.9896  0.3301 18.5299
  4.7240  2.7524  0.9743  1.3638 23.2943
  4.6915  1.8729  0.9693  1.3932 14.5171
  5.7143  2.6412  0.9967  0.7217 22.1527
  4.7418  2.3857  0.9786  0.6439 19.5614
  4.9887  2.9917  0.9954  1.7448 25.7763
  3.9240  3.8081  0.9827  0.9809 34.4707
  5.4263  2.0406  0.9702  1.3992 16.1404
  4.6048  1.8818  0.9829  0.2822 14.6020
  4.4387  1.2688  0.9897  1.5082  8.9391
  5.0802  4.4461  0.9871  1.1923 41.4602
  5.6796  3.2813  0.9980  1.8816 28.8232
  4.7151  3.9500  0.9671  2.3328 36.0114
  5.2001  2.8792  0.9818  1.6909 24.6052
  5.0072  4.2575  0.9861  0.8655 39.3782
  5.4387  2.2185  0.9735  1.2044 17.8912
  3.9902  2.8430  0.9692  1.4310 24.2295
  5.4549  3.5664  0.9811  1.2609 31.8637
  4.2561  2.1786  0.9783  2.2460 17.4960
  4.4294  2.1882  0.9726  0.6823 17.5916
  4.2750  4.1337  0.9771  0.5592 38.0191
  4.9835  3.4354  0.9980  0.8451 30.4625
  5.6474  3.3419  0.9790  0.1696 29.4669
  4.8431  0.6047  0.9843  0.5690  3.5596
  5.2606  3.3934  0.9861  2.3098 30.0147
  4.7527  1.2863  0.9736  2.4056  9.0933
  5.6982  4.1416  0.9701  0.5455 38.1057
  4.7240  3.4975  0.9980  1.4350 31.1261
  4.1284  3.6825  0.9835  0.9091 33.1130
  4.5637  2.8106  0.9923  0.9593 23.8944
  3.7735  2.6729  0.9976  2.1345 22.4775
  3.9017  1.3632  0.9766  2.2093  9.7774
  3.9051  2.0400  0.9844  1.7579 16.1348
  3.7627  2.7497  0.9854  1.3514 23.2657
  3.8648  2.3258  0.9901  0.8348 18.9607
  4.4010  2.4799  0.9812  1.8397 20.5105
  4.8661  0.8813  0.9867  0.8964  5.6708
  4.8545  2.5116  0.9752  2.0926 20.8317
  4.9626  1.2774  0.9724  1.2411  9.0147
  5.2551  1.6714  0.9704  1.3531 12.6049
  6.4683  2.9349  0.8722  2.9105 25.1847
  4.4701  4.1373  0.9700  1.3789 38.0584
  3.5893  4.4671  0.9812  1.4098 41.6918
  4.9297  2.3584  0.9878  0.8346 19.2872
  4.3388  3.8367  0.9971  0.7034 34.7802
  4.3892  4.4502  0.9894  2.0634 41.5048
  6.1039  4.0070  0.9677  1.0686 36.6329
  5.5270  2.5213  0.9701  0.6334 20.9303
  5.5595  1.8491  0.9940  2.0535 14.2891
  5.2478  4.0313  0.9758  0.6602 36.8984
  4.4512  2.2353  0.9916  1.0948 18.0581
  5.5985  1.8814  0.9964  0.9182 14.5984
  5.2020  1.4925  0.9679  1.3803 10.9478
  5.1259  0.7709  0.9833  0.7400  4.8014
  4.9155  3.7426  0.9980  0.9651 33.7616
  4.9339  1.9892  0.9684  2.8179 15.6404
  3.8152  3.9841  0.9980  0.8165 36.3833
  5.5008  3.8479  0.9711  0.0247 34.9021
  6.5967  1.2304  0.7391  1.8208  8.6024
  5.2942  1.7387  0.9919  0.7969 13.2385
  4.8916  3.3235  0.9779  1.6745 29.2717
  4.2047  3.2220  0.9709  1.3095 28.1960
  5.0050  4.1683  0.9933  0.2607 38.3985
  4.4306  4.2994  0.9822  0.5049 39.8399
  5.1316  0.8414  0.9814  1.2952  5.3530
  4.8681  4.4758  0.9675  0.7063 41.7886
  5.5034  3.7136  0.9695  1.0705 33.4483
  6.3480  3.1080  0.9611  2.2253 26.9954
  6.8521  2.4237  0.4381  2.9887 19.9433
  5.5906  2.5347  0.9739  0.9488 21.0663
  4.8018  3.2186  0.9773  1.9623 28.1606
  3.7335  2.3961  0.9845  0.9618 19.6659
  6.1464  3.6356  0.9955  1.5382 32.6079
  5.8238  3.9967  0.9833  1.1141 36.5202
  5.1426  0.5548  0.9928  1.1653  3.2043
  5.0084  3.8616  0.9689  0.6373 35.0506
  5.6959  4.4658  0.9721  0.3408 41.6779
  4.6308  3.8242  0.9691  2.5205 34.6451
  5.4982  3.4934  0.9708  0.9869 31.0817
  5.1362  1.1374  0.9703  2.2655  7.7975
  3.5192  1.5997  0.9742  1.1469 11.9362
  5.1259  3.7359  0.9966  1.4973 33.6896
  4.5371  3.5145  0.9947  2.0587 31.3079
  5.2877  1.5925  0.9788  0.9454 11.8690
  5.7467  3.6779  0.9778  0.8132 33.0638
  5.4555  3.1050  0.9838  2.2338 26.9632
  3.5332  3.4602  0.9904  1.0173 30.7275
  4.1627  4.3672  0.9744  2.5913 40.5878
  4.3198  2.5808  0.9839  2.2950 21.5354
  4.9108  0.2063  0.9819  0.4498  1.0056
  5.1701  1.2591  0.9806  2.8085  8.8542
  4.8535  1.4608  0.9907  0.1607 10.6591
  4.8963  2.4069  0.9892  1.5725 19.7746
  5.0452  3.2725  0.9710  0.4223 28.7304
  5.1898  2.2551  0.9765  1.5262 18.2548
  6.3383  2.4974  0.9509  1.3574 20.6878
  5.6378  2.6427  0.9745  1.1235 22.1677
  5.8135  3.6728  0.9862  1.7727 33.0084
  5.1577  1.9934  0.9722  1.8864 15.6807
  4.9778  3.3061  0.9819  0.4983 29.0871
  4.6390  2.8148  0.9672  0.9944 23.9379
  5.5354  1.3923  0.9779  0.6321 10.0386
  5.3742  2.9981  0.9876  2.2835 25.8437
  5.1309  3.6468  0.9848  2.7964 32.7280
  4.8409  3.2079  0.9778  0.5215 28.0469
  4.1860  4.2995  0.9730  0.7089 39.8406
  5.1907  3.4127  0.9802  0.4825 30.2205
  4.7643  3.6648  0.9708  2.4874 32.9218
  3.8625  1.2426  0.9689  0.2937  8.7093
  4.5550  3.8342  0.9980  0.8669 34.7536
  6.0229  2.1946  0.9737  2.0347 17.6552
  5.1315  3.3291  0.9801  2.9329 29.3310
  4.6802  0.8760  0.9682  1.1509  5.6286
  5.0689  3.7797  0.9799  0.8757 34.1629
  4.9523  3.9070  0.9756  0.7788 35.5440
  5.7244  3.0333  0.9844  0.4763 26.2112
  5.2917  1.4813  0.9980  0.8739 10.8456
  4.5366  0.8292  0.9710  2.3364  5.2569
  5.0697  3.8835  0.9835  1.2457 35.2888
  5.5532  2.6481  0.9752  0.4946 22.2226
  4.9268  2.3637  0.9716  0.8906 19.3397
  4.1449  1.1438  0.9960  0.6393  7.8526
  4.5039  2.0220  0.9980  0.3718 15.9597
  4.8546  2.8003  0.9684  0.2105 23.7884
  5.2811  1.6566  0.9874  1.5586 12.4662
  6.3714  3.9644  0.9708  1.0035 36.1684
  4.9970  3.9260  0.9759  2.8128 35.7499
  4.7414  1.3317  0.9980  0.9653  9.4960
  5.3301  3.2323  0.9711  1.3436 28.3051
  5.0596  2.4446  0.9980  0.4854 20.1546
  6.2779  3.5719  0.9723  1.2012 31.9231
  5.3992  0.8079  0.9749  1.6362  5.0896
  4.0694  1.6741  0.9929  0.4023 12.6304
  5.0801  0.8823  0.9906  2.4321  5.6788
  5.7591  3.9182  0.9777  0.5823 35.6656
  4.7619  2.3674  0.9848  1.4522 19.3776
  5.0226  4.1765  0.9718  0.8587 38.4885
  4.1363  3.3092  0.9895  1.2027 29.1199
  5.5896  2.1034  0.9980  1.5211 16.7552
  4.5609  0.8443  0.9961  0.5104  5.3758
  4.8743  2.6870  0.9980  1.0081 22.6217
  4.9708  2.9323  0.9980  1.2119 25.1567
  4.0212  3.2179  0.9713  1.5933 28.1529
  5.9007  3.4291  0.9706  0.1901 30.3956
  5.5531  2.0409  0.9718  2.5762 16.1435
  6.0168  2.7845  0.9920  1.4879 23.6247
  4.7940  3.1800  0.9747  0.0245 27.7527
  5.2023  1.8664  0.9908  0.8891 14.4545
  4.1656  3.3406  0.9852  2.8939 29.4529
  4.3235  1.0942  0.9740  1.3568  7.4289
  4.1996  3.3445  0.9831  1.6516 29.4941
  4.6448  2.3473  0.9928  0.5771 19.1755
  4.9436  3.1702  0.9790  1.1535 27.6500
  4.3207  3.0507  0.9859  0.5057 26.3934
  5.1757  2.3100  0.9913  0.3257 18.8025
  5.2411  1.4681  0.9760  1.1088 10.7254
  4.7715  2.6573  0.9836  1.5301 22.3168
  5.3331  2.4324  0.9852  1.3620 20.0312
  4.6195  1.4406  0.9745  0.8594 10.4754
  5.2254  1.7638  0.9748  0.6047 13.4765
  4.6569  4.2978  0.9704  1.1590 39.8215
  4.8981  1.8661  0.9882  2.2739 14.4519
  6.0603  1.8507  0.9843  0.7763 14.3046
  4.0947  1.8265  0.9727  0.1581 14.0732
  4.9815  3.2558  0.9803  0.6543 28.5533
  5.7797  2.0126  0.9915  1.4803 15.8676
  3.6446  2.2042  0.9852  1.1851 17.7494
  4.7324  2.5868  0.9980  1.1480 21.5971
  4.9459  1.7775  0.9801  0.6642 13.6066
  6.5154  1.4147  0.8110  1.7606 10.2405
  5.6864  0.8384  0.9929  1.1225  5.3291
  4.9999  2.5851  0.9785  0.5793 21.5798
  4.7742  2.4855  0.9829  1.3245 20.5674
  5.9497  2.1661  0.9901  1.1528 17.3724
  5.4136  3.6167  0.9980  0.3929 32.4049
  4.0470  2.4072  0.9730  0.4569 19.7777
  5.2343  3.5557  0.9891  1.3378 31.7493
  6.0808  1.5462  0.9827  0.6489 11.4412
  5.7134  3.0554  0.9769  0.9000 26.4434
  4.6074  1.3518  0.9789  1.4813  9.6759
  4.7770  3.8969  0.9803  2.2896 35.4337
  5.0952  2.1656  0.9857  1.1838 17.3677
  5.5232  1.6203  0.9965  1.2802 12.1278
  6.5182  1.4532  0.8964  0.7029 10.5899
  3.5916  3.9148  0.9755  2.9778 35.6286
  5.1889  1.3522  0.9963  1.9300  9.6789
  4.5890  3.5188  0.9779  0.7507 31.3543
  4.6644  2.7446  0.9980  2.9080 23.2137
  5.9161  1.6680  0.9755  0.7808 12.5734
  4.7054  1.9115  0.9873  0.2907 14.8881
  4.7716  2.4686  0.9866  1.6988 20.3967
  5.1422  2.4781  0.9812  1.4025 20.4923
  3.6592  3.8602  0.9726  1.7823 35.0348
  5.1141  2.7357  0.9980  0.9161 23.1222
  5.1999  3.5719  0.9748  0.1489 31.9227
  5.8437  1.6176  0.9741  0.4437 12.1023
  6.1563  2.4565  0.9882  1.4809 20.2744
  5.3286  3.1094  0.9691  1.0529 27.0091
  5.8494  1.6206  0.9971  1.1340 12.1306
  5.6760  3.5472  0.9738  1.6828 31.6579
  3.9621  1.2047  0.9850  0.7989  8.3783
  4.5673  2.2836  0.9760  0.2725 18.5386
  5.1764  2.7606  0.9843  1.7983 23.3785
  5.2646  3.1417  0.9958  1.7673 27.3498
  4.7892  2.4341  0.9831  2.3849 20.0487
  4.9055  2.1635  0.9724  1.0717 17.3476
  4.6217  2.1743  0.9957  1.0381 17.4536
  5.5030  1.4342  0.9725  0.3956 10.4172
  4.7975  0.7314  0.9924  2.0075  4.4989
  5.4493  2.7278  0.9797  0.3681 23.0404
  5.0661  4.1860  0.9774  1.6588 38.5928
  5.6316  4.4253  0.9691  0.4677 41.2294
  4.6647  2.0607  0.9670  0.0924 16.3373
  4.6701  2.8481  0.9888  0.8461 24.2825
  5.2320  0.6921  0.9694  2.0555  4.2020
  4.9111  0.5486  0.8872  2.8964  3.1610
  5.3470  0.6175  0.9820  1.4227  3.6523
  5.0348  2.3943  0.9689  0.5284 19.6478
  4.6958  1.0256  0.9945  2.5946  6.8518
  6.6512  2.5489  0.8718  1.8190 21.2106
  5.0493  1.9865  0.9841  0.9769 15.6137
  5.9502  2.3193  0.9699  2.0393 18.8951
  4.6965  2.2054  0.9834  2.3183 17.7617
  6.5413  3.0633  0.8183  0.1415 26.5258
  3.8953  3.7807  0.9693  0.4650 34.1734
  4.7396  2.6949  0.9851  2.4346 22.7023
  5.2174  2.9597  0.9927  0.7636 25.4423
  4.1392  3.9636  0.9771  2.5541 36.1596
  5.0536  2.5204  0.9822  1.9004 20.9219
  4.9629  2.2695  0.9812  1.3404 18.3988
  4.8250  3.0405  0.9784  0.4861 26.2872
  4.9871  4.3197  0.9897  0.9157 40.0638
  4.2793  3.3076  0.9775  2.3551 29.1024
  5.4385  2.6526  0.9688  0.3770 22.2692
  5.0458  3.2366  0.9678  0.3637 28.3507
  5.2899  2.3303  0.9859  1.5720 19.0052
  6.0854  3.0968  0.9722  1.2120 26.8776
  3.6205  2.6616  0.9754  0.9142 22.3608
  4.8069  2.9062  0.9980  1.6786 24.8855
  4.0805  0.9352  0.9788  0.9037  6.1059
  4.9662  4.0893  0.9864  1.7789 37.5326
  6.0150  2.5293  0.9734  0.7402 21.0123
  4.8063  1.7772  0.9907  1.2727 13.6033
  4.9867  0.8423  0.9873  1.1595  5.3599
  5.7298  3.3413  0.9801  1.1043 29.4601
  4.7859  3.9661  0.9745  0.5440 36.1875
  4.4159  2.8966  0.9781  1.2987 24.7861
  6.1772  4.3594  0.9977  0.8635 40.5016
  5.2996  1.6794  0.9820  2.9948 12.6797
  6.2003  2.7498  0.9721  1.4520 23.2675
  6.0287  1.6592  0.9817  1.0999 12.4910
  5.8445  4.4750  0.9918  2.0231 41.7801
  4.6555  2.8965  0.9783  0.9277 24.7849
  5.0446  1.9356  0.9684  0.9580 15.1206
  5.5627  3.8436  0.9849  0.9195 34.8557
  4.9398  1.2960  0.9899  2.5208  9.1794
  5.4284  2.7285  0.9900  2.0179 23.0485
  5.8273  3.5661  0.9768  0.8047 31.8610
  3.8713  2.1493  0.9907  1.5502 17.2071
  6.9219  4.1885  0.5841  2.1153 38.6194
  4.8462  4.2631  0.9911  2.4784 39.4399
  4.7333  2.8918  0.9900  1.9691 24.7358
  5.1880  1.3152  0.9931  0.6392  9.3497
  3.8338  2.8357  0.9763  0.9781 24.1541
  4.9629  2.9622  0.9860  0.2382 25.4691
  4.1600  2.1389  0.9901  0.8891 17.1045
  5.0202  2.4751  0.9879  1.2400 20.4620
  4.8650  3.5145  0.9947  0.9323 31.3076
  4.3555  1.8639  0.9721  1.4548 14.4309
  5.4685  1.8545  0.9838  2.0153 14.3403
  4.9000  2.8987  0.9765  0.9708 24.8073
  5.0186  3.4678  0.9944  1.5204 30.8087
  4.5804  2.4621  0.9737  1.9083 20.3308
  5.3008  2.7681  0.9952  1.7154 23.4555
  5.1557  3.5730  0.9943  1.3820 31.9346
  5.4666  0.6144  0.9810  2.3638  3.6297
  5.0194  0.8613  0.9768  1.9893  5.5111
  4.8121  2.0053  0.9949  1.9304 15.7971
  5.4413  2.1883  0.9972  2.7750 17.5925
  6.8797  1.2309  0.7138  0.9201  8.6068
  3.7472  3.1808  0.9752  0.8444 27.7610
  5.1857  3.9146  0.9820  0.4765 35.6264
  5.0436  3.9953  0.9829  1.7542 36.5054
  4.7252  3.1340  0.9752  0.8745 27.2683
  4.7586  3.9178  0.9767  2.5696 35.6616
  5.6384  2.5998  0.9968  0.9953 21.7292
