  5.7417  1.6616  0.0000  1.7943 12.5134
  5.3264  2.8070  0.0000  1.6483 23.8575
  5.6797  0.3521  0.0000  1.4405  1.8589
  5.5059  2.4088  0.0000  0.9209 19.7929
  5.0657  3.2861  0.0000  0.9565 28.8749
  6.0411  3.6763  0.0000  1.8133 33.0466
  5.1499  4.0660  0.0000  1.5750 37.2779
  4.2588  3.1415  0.0000  1.4596 27.3469
  5.7396  1.6280  0.0000  1.5381 12.1993
  5.3113  2.9681  0.0000  0.8469 25.5298
  4.7290  4.2302  0.0000  3.0069 39.0774
  4.8283  4.4150  0.0000  2.3404 41.1158
  5.0979  4.4290  0.0000  1.4304 41.2699
  4.8112  1.7864  0.0000  1.6711 13.6905
  5.2193  2.1708  0.0000  0.8558 17.4195
  4.9779  1.6528  0.0000  2.2828 12.4310
  5.3510  2.2265  0.0000  1.9883 17.9709
  4.7723  4.0367  0.0000  1.3777 36.9569
  4.9100  3.0996  0.0000  1.6817 26.9062
  5.0057  2.2611  0.0000  2.5182 18.3143
  5.3458  2.3831  0.0000  1.1344 19.5347
  5.9388  2.9127  0.0000  1.9051 24.9533
  4.5553  2.7146  0.0000  2.6931 22.9055
  4.3677  2.8585  0.0000  2.7619 24.3909
  4.9215  0.7082  0.0000  1.1611  4.3230
  4.5659  3.9040  0.0000  0.8556 35.5107
  5.1703  0.7580  0.0000  1.6370  4.7022
  4.3848  3.0010  0.0000  2.8175 25.8738
  4.6088  2.7137  0.0000  0.3827 22.8960
  5.7456  1.6260  0.0000  2.5081 12.1803
  4.7576  1.3788  0.0000  0.9403  9.9176
  5.0397  2.8536  0.0000  1.7549 24.3396
  5.2150  2.3601  0.0000  1.5575 19.3040
  5.6529  2.1323  0.0000  2.7820 17.0397
  4.8107  3.5278  0.0000  2.5772 31.4506
  4.6039  2.7848  0.0000  2.4215 23.6286
  3.7339  1.7024  0.0000  0.6507 12.8964
  4.9165  2.6223  0.0000  2.1217 21.9592
  4.2266  1.7915  0.0000  2.9739 13.7388
  5.0738  1.4010  0.0000  1.8365 10.1176
  5.0843  2.7056  0.0000  1.5447 22.8123
  4.8441  1.7756  0.0000  0.8685 13.5881
  4.7927  4.0131  0.0000  0.8976 36.6994
  5.3317  1.7567  0.0000  1.8715 13.4085
  5.1140  3.7546  0.0000  2.2861 33.8912
  5.4564  2.3808  0.0000  2.2242 19.5114
  4.7701  2.7134  0.0000  1.6792 22.8930
  4.1723  4.2996  0.0000  2.7356 39.8420
  5.0996  2.3882  0.0000  1.5844 19.5861
  4.7710  1.7306  0.0000  0.4811 13.1619
  4.1000  2.7181  0.0000  2.1875 22.9416
  4.5706  1.9782  0.0000  2.2964 15.5329
  5.3640  2.4194  0.0000  0.2452 19.8998
  5.0251  2.8922  0.0000  0.8872 24.7400
  4.7463  0.7627  0.0000  1.6629  4.7390
  5.3950  4.3265  0.0000  1.8585 40.1385
  6.5824  2.2237  0.0000  0.4349 17.9430
  4.6178  2.5256  0.0000  0.3399 20.9744
  6.6916  1.1616  0.0000  1.7837  8.0052
  3.5527  2.9648  0.0000  1.2767 25.4955
  5.2816  2.0854  0.0000  2.0083 16.5789
  4.4248  3.2937  0.0000  0.6107 28.9551
  5.7490  1.5396  0.0000  2.0319 11.3798
  5.1106  2.1238  0.0000  0.6255 16.9556
  4.0356  3.0509  0.0000  0.9627 26.3962
  4.8581  3.4800  0.0000  1.2921 30.9388
  5.4740  1.2676  0.0000  1.7816  8.9286
  3.5061  3.7145  0.0000  2.8278 33.4578
  5.4364  0.4784  0.0000  2.3363  2.6780
  5.1296  2.7878  0.0000  1.8327 23.6595
  6.2359  2.5315  0.0000  0.9807 21.0342
  5.4431  2.6686  0.0000  1.1877 22.4331
  6.7125  1.3053  0.0000  1.9968  9.2617
  5.5389  1.9723  0.0000  0.4997 15.4763
  5.4793  0.8930  0.0000  2.8491  5.7643
  4.8742  1.7427  0.0000  1.6102 13.2761
  5.3827  3.0761  0.0000  2.8880 26.6597
  4.3653  1.3941  0.0000  0.7129 10.0555
  5.2047  1.8356  0.0000  2.0431 14.1595
  4.7209  3.9393  0.0000  2.6003 35.8949
  4.4174  2.0405  0.0000  1.3566 16.1392
  4.0728  4.4660  0.0000  2.1162 41.6805
  5.5917  2.2270  0.0000  1.2584 17.9763
  5.2383  1.7930  0.0000  1.1613 13.7538
  6.0589  2.6432  0.0000  1.2549 22.1730
  4.5950  3.2806  0.0000  1.5031 28.8167
  4.9751  1.7335  0.0000  0.9160 13.1892
  4.6600  2.6311  0.0000  0.6490 22.0494
  6.4757  1.3398  0.0000  0.8726  9.5689
  5.3746  3.5199  0.0000  2.0785 31.3661
  5.2383  0.7693  0.0000  2.5817  4.7897
  5.8634  2.9429  0.0000  1.2747 25.2680
  4.9952  2.4705  0.0000  2.2994 20.4158
  5.4644  3.3796  0.0000  0.4962 29.8680
  5.2461  2.0598  0.0000  1.8661 16.3284
  5.3253  4.3699  0.0000  1.7427 40.6177
  5.5083  2.1508  0.0000  2.4370 17.2217
  5.4494  3.2592  0.0000  2.2516 28.5893
  4.6958  2.6359  0.0000  0.7826 22.0986
  5.2715  2.4410  0.0000  1.9511 20.1180
  3.5407  3.4603  0.0000  1.8857 30.7277
  5.2508  3.8250  0.0000  1.6766 34.6531
  6.5402  1.5097  0.0000  1.1225 11.1052
  5.9337  3.3022  0.0000  1.3913 29.0449
  5.8968  1.5321  0.0000  2.8276 11.3113
  5.2194  3.5820  0.0000  2.5000 32.0315
  6.0006  0.5636  0.0000  2.4595  3.2665
  4.6671  3.5448  0.0000  2.2088 31.6329
  4.7610  2.4111  0.0000  0.8982 19.8160
  5.8579  2.5507  0.0000  2.4544 21.2289
  5.0863  3.6761  0.0000  1.7482 33.0438
  5.6984  0.8212  0.0000  1.7156  5.1940
  5.4645  3.3529  0.0000  1.1237 29.5834
  4.2098  2.1781  0.0000  2.0476 17.4919
  5.0688  0.9357  0.0000  1.3441  6.1106
  6.5216  3.7613  0.0000  0.4870 33.9638
  5.7934  1.7404  0.0000  0.8612 13.2543
  4.0482  0.7991  0.0000  2.1187  5.0205
  5.9248  2.7137  0.0000  1.9410 22.8957
  5.0654  2.9424  0.0000  1.0120 25.2629
  5.2037  1.3353  0.0000  1.9847  9.5285
  5.1477  4.4905  0.0000  0.6734 41.9515
  5.4163  4.4807  0.0000  2.0140 41.8434
  5.9587  2.7326  0.0000  1.7888 23.0903
  5.1715  2.8574  0.0000  0.6117 24.3788
  5.5349  4.3017  0.0000  2.1123 39.8648
  5.7996  1.6155  0.0000  2.2069 12.0827
  5.9326  4.4190  0.0000  2.5338 41.1597
  3.6290  3.4549  0.0000  2.2297 30.6701
  4.7992  2.0706  0.0000  2.2272 16.4335
  5.1709  3.7026  0.0000  1.9377 33.3300
  4.9671  2.0332  0.0000  1.5897 16.0685
  3.7029  1.2450  0.0000  0.8709  8.7299
  4.6886  4.0825  0.0000  0.2004 37.4575
  5.8901  3.2936  0.0000  1.4089 28.9535
  5.2838  4.1575  0.0000  0.7894 38.2792
  5.6064  3.5164  0.0000  1.9801 31.3277
  4.3444  1.7426  0.0000  2.2733 13.2755
  5.1505  2.5378  0.0000  0.7086 21.0984
  4.8370  2.7794  0.0000  1.4287 23.5719
  6.0469  4.0072  0.0000  1.4886 36.6355
  4.9952  2.2182  0.0000  1.6519 17.8885
  4.8116  2.7239  0.0000  1.9329 23.0007
  5.1028  0.5303  0.0000  0.9132  3.0329
  4.0599  1.9797  0.0000  1.2089 15.5474
  4.9284  3.8266  0.0000  2.1112 34.6703
  4.9510  4.1822  0.0000  1.8873 38.5504
  5.2190  3.6245  0.0000  2.5407 32.4889
  5.5493  3.2037  0.0000  2.8482 28.0026
  5.2517  3.5483  0.0000  1.9210 31.6701
  5.4789  3.5222  0.0000  2.9752 31.3903
  6.4182  3.0368  0.0000  3.0041 26.2486
  4.9285  2.3885  0.0000  1.1064 19.5892
  4.5516  2.0823  0.0000  2.1896 16.5487
  6.7357  1.9614  0.0000  1.5220 15.3701
  5.7534  2.8958  0.0000  1.8601 24.7780
  5.6156  1.5249  0.0000  1.3476 11.2447
  4.5288  4.0305  0.0000  0.7819 36.8898
  5.2646  3.4684  0.0000  2.8339 30.8153
  5.7390  2.7768  0.0000  1.8353 23.5452
  4.9621  3.3232  0.0000  0.9666 29.2681
  5.0482  2.4818  0.0000  1.8197 20.5304
  5.8260  2.2954  0.0000  2.3194 18.6563
  5.0115  3.2246  0.0000  2.1110 28.2236
  6.1106  3.3129  0.0000  2.1193 29.1587
  5.6813  1.0076  0.0000  1.2967  6.7019
  4.3079  3.1215  0.0000  1.2487 27.1371
  5.2610  0.6672  0.0000  1.8566  4.0164
  5.1662  1.3783  0.0000  2.1669  9.9133
  5.1704  1.2483  0.0000  2.4077  8.7588
  4.6300  3.5165  0.0000  2.7073 31.3288
  5.7490  3.7691  0.0000  1.7479 34.0479
  5.2053  1.1434  0.0000  1.3584  7.8488
  5.3810  0.7775  0.0000  1.5767  4.8531
  6.4476  3.2561  0.0000  0.5943 28.5565
  4.4183  2.5332  0.0000  2.4643 21.0514
  5.3068  2.2329  0.0000  1.4134 18.0345
  4.2460  2.8937  0.0000  1.2339 24.7553
  5.4622  4.3995  0.0000  1.5667 40.9444
  5.3373  2.6274  0.0000  2.7072 22.0113
  5.1851  2.1632  0.0000  1.6108 17.3441
  5.3606  3.6449  0.0000  1.0194 32.7079
  5.1843  2.4331  0.0000  1.8228 20.0382
  5.3349  2.2416  0.0000  1.5514 18.1211
  5.0478  2.3479  0.0000  1.9748 19.1817
  5.6725  1.4498  0.0000  1.9581 10.5589
  4.9918  1.9975  0.0000  3.0391 15.7205
  4.9016  1.1591  0.0000  1.4783  7.9837
  5.6116  0.9886  0.0000  1.1262  6.5442
  4.4000  4.1654  0.0000  2.3223 38.3659
  5.4783  2.7911  0.0000  1.6266 23.6928
  5.3877  3.5977  0.0000  1.8345 32.2006
  6.2359  2.2177  0.0000  1.7137 17.8839
  4.7703  3.1665  0.0000  3.0529 27.6103
  5.3514  0.8945  0.0000  2.9845  5.7764
  5.2450  4.4046  0.0000  2.3695 41.0011
  4.9397  2.2617  0.0000  2.4244 18.3210
  5.9508  3.7180  0.0000  1.9385 33.4959
  5.4059  2.6235  0.0000  1.1217 21.9717
  5.2068  2.2207  0.0000  2.1004 17.9136
  5.2197  3.0022  0.0000  0.9135 25.8867
  4.4967  3.8482  0.0000  1.7630 34.9046
  5.5140  2.1380  0.0000  2.6601 17.0962
  4.6741  4.4937  0.0000  1.2978 41.9873
  4.4598  1.9273  0.0000  2.8974 15.0408
  4.4942  2.8901  0.0000  1.7735 24.7184
  5.0860  3.7051  0.0000  1.8892 33.3565
  5.8247  3.2617  0.0000  1.3288 28.6165
  4.9520  1.4674  0.0000  2.2028 10.7187
  5.7192  4.3633  0.0000  1.2436 40.5445
  5.4694  2.0835  0.0000  2.0816 16.5601
  5.1551  1.2578  0.0000  1.2181  8.8423
  5.6928  2.0410  0.0000  1.1295 16.1441
  5.2656  3.5878  0.0000  1.5360 32.0941
  5.2089  2.4332  0.0000  0.3181 20.0390
  4.9765  3.1024  0.0000  0.8405 26.9364
  5.4541  2.9032  0.0000  1.0365 24.8546
  5.2328  2.8996  0.0000  2.3257 24.8169
  5.7212  0.8328  0.0000  1.1651  5.2850
  4.6433  1.7112  0.0000  0.3633 12.9786
  5.7638  1.6177  0.0000  1.8359 12.1030
  5.0571  3.7933  0.0000  0.6406 34.3103
  4.9684  1.5447  0.0000  0.5587 11.4273
  5.1590  2.9196  0.0000  2.7790 25.0253
  5.2747  1.2921  0.0000  2.5069  9.1447
  4.6375  3.7560  0.0000  1.0076 33.9063
  5.0368  1.7180  0.0000  0.4670 13.0431
  3.6159  1.9917  0.0000  1.7302 15.6640
  5.0563  3.5370  0.0000  0.6419 31.5487
  6.0759  2.9068  0.0000  2.5289 24.8919
  5.1512  1.4529  0.0000  1.9462 10.5873
  5.4987  2.6411  0.0000  1.3984 22.1517
  5.0546  1.8607  0.0000  1.4489 14.3996
  4.8868  4.4848  0.0000  1.6687 41.8880
  5.9811  3.4201  0.0000  1.5148 30.2993
  5.1175  4.0550  0.0000  1.9243 37.1573
  4.0865  1.7575  0.0000  1.8494 13.4162
  5.3120  3.0337  0.0000  0.7526 26.2158
  6.3951  1.8007  0.0000  2.8742 13.8268
  5.4448  1.4807  0.0000  0.5435 10.8399
  4.4235  4.3634  0.0000  0.7362 40.5452
  4.5542  2.4089  0.0000  1.2271 19.7945
  5.3838  3.3596  0.0000  2.1114 29.6553
  5.1230  2.4247  0.0000  1.8135 19.9538
  4.7853  1.9298  0.0000  0.9685 15.0648
  5.2046  3.4994  0.0000  1.3839 31.1462
  4.6902  1.3918  0.0000  1.2867 10.0342
  4.9587  2.7756  0.0000  0.8369 23.5336
  5.5517  4.0951  0.0000  2.2366 37.5957
  4.5133  3.9780  0.0000  0.6241 36.3165
  4.7647  1.5291  0.0000  1.2858 11.2837
  5.0353  2.4091  0.0000  1.5722 19.7960
  6.4723  1.5677  0.0000  1.6427 11.6395
  4.0580  4.4525  0.0000  2.2790 41.5307
  4.0685  3.2520  0.0000  2.5011 28.5135
  5.1171  1.4158  0.0000  1.0946 10.2505
  5.4364  3.7476  0.0000  2.1861 33.8152
  4.9870  2.1443  0.0000  1.8050 17.1581
  6.2094  2.7718  0.0000  2.6086 23.4942
  4.5758  2.2367  0.0000  1.7552 18.0721
  5.3460  2.2054  0.0000  2.0783 17.7615
  5.1509  1.5773  0.0000  2.4558 11.7280
  5.0710  2.7534  0.0000  0.8897 23.3042
  6.1397  2.8039  0.0000  1.6686 23.8250
  6.0156  2.8688  0.0000  1.1796 24.4969
  5.3317  1.9905  0.0000  0.8830 15.6524
  5.2130  1.4321  0.0000  0.5640 10.3984
  5.2703  3.3083  0.0000  2.7192 29.1101
  5.5461  1.2345  0.0000  2.4145  8.6381
  5.1277  2.4006  0.0000  2.1515 19.7109
  4.4028  3.6288  0.0000  1.3691 32.5346
  5.2580  0.7267  0.0000  0.8877  4.4631
  5.7677  1.1278  0.0000  1.4510  7.7156
  5.0461  1.8781  0.0000  1.9551 14.5666
  3.9172  2.6898  0.0000  1.6156 22.6500
  4.8391  1.7770  0.0000  1.3751 13.6018
  5.2532  2.1362  0.0000  1.6876 17.0782
  5.2634  1.6754  0.0000  1.9531 12.6426
  5.0979  2.6361  0.0000  0.3771 22.1002
  4.1229  3.5796  0.0000  2.3515 32.0053
  5.9458  4.2906  0.0000  1.0765 39.7423
  4.0809  2.8130  0.0000  1.8728 23.9200
  5.3410  1.3860  0.0000  0.9780  9.9823
  4.7654  3.3014  0.0000  1.8010 29.0372
  4.8769  2.3342  0.0000  2.6280 19.0442
  5.3183  2.6979  0.0000  0.4468 22.7334
  4.5929  1.2005  0.0000  1.2973  8.3416
  5.0123  3.6045  0.0000  2.7931 32.2735
  4.8668  0.7882  0.0000  1.1899  4.9356
  5.2060  2.3291  0.0000  1.8509 18.9933
  5.0096  3.9448  0.0000  1.5932 35.9550
  4.6056  4.4095  0.0000  2.1796 41.0547
  5.0891  4.3396  0.0000  1.6970 40.2832
  5.2946  2.4046  0.0000  2.5205 19.7510
  4.8953  2.0304  0.0000  2.8786 16.0413
  5.0115  4.3152  0.0000  1.4229 40.0138
  4.9665  2.7640  0.0000  1.7645 23.4132
  5.7603  3.3795  0.0000  1.4162 29.8665
  5.3304  1.9824  0.0000  2.5453 15.5742
  4.2304  1.3461  0.0000  1.1599  9.6251
  5.3004  0.5242  0.0000  1.2572  2.9911
  5.9930  3.5524  0.0000  1.1084 31.7138
  4.6801  4.1835  0.0000  0.3186 38.5648
  4.7771  1.0615  0.0000  1.4076  7.1525
  5.1121  0.5238  0.0000  0.6661  2.9883
  5.0995  1.8061  0.0000  1.5219 13.8786
  5.6340  1.1389  0.0000  1.5360  7.8106
  5.5141  4.4956  0.0000  1.9212 42.0082
  5.1938  2.6253  0.0000  2.6340 21.9902
  4.9065  0.2159  0.0000  1.2080  1.0583
  5.2865  1.8500  0.0000  1.0529 14.2976
  5.0144  1.6579  0.0000  0.8297 12.4785
  3.6495  4.1192  0.0000  0.8988 37.8602
  4.5377  1.9552  0.0000  1.7559 15.3105
  5.2447  2.5448  0.0000  2.4103 21.1693
  5.2900  3.0730  0.0000  2.3893 26.6277
  5.3833  2.7985  0.0000  1.7396 23.7700
  4.7364  3.1331  0.0000  1.8459 27.2590
  5.3738  1.8176  0.0000  0.6675 13.9881
  4.5022  0.8437  0.0000  1.5981  5.3715
  5.9688  1.8634  0.0000  1.6907 14.4255
  5.3741  4.0254  0.0000  0.8804 36.8336
  3.8200  1.2146  0.0000  1.4221  8.4649
  5.2159  4.0682  0.0000  0.7197 37.3012
  4.1292  2.9625  0.0000  0.9842 25.4717
  5.6750  4.3078  0.0000  1.4992 39.9324
  4.0047  3.4246  0.0000  2.2605 30.3471
  3.7882  3.3415  0.0000  1.8997 29.4625
  4.9116  3.1260  0.0000  0.6989 27.1839
  6.2697  2.6244  0.0000  0.8510 21.9808
  4.6307  2.1142  0.0000  2.2087 16.8614
  5.2053  2.4060  0.0000  2.6100 19.7655
  5.3326  3.8221  0.0000  2.6368 34.6222
  5.6083  1.5031  0.0000  0.5060 11.0454
  4.2268  1.2430  0.0000  2.0700  8.7130
  4.7743  2.5212  0.0000  1.6275 20.9292
  3.9103  3.5181  0.0000  1.7818 31.3464
  4.6698  2.6114  0.0000  1.1452 21.8477
  5.5151  4.2480  0.0000  0.8584 39.2740
  4.4821  2.6104  0.0000  0.3659 21.8376
  5.4429  2.6715  0.0000  1.5183 22.4624
  6.6917  0.6382  0.0000  1.3862  3.8028
  5.7895  2.0917  0.0000  0.1610 16.6404
  3.8871  4.1093  0.0000  1.3728 37.7510
  4.4539  1.2805  0.0000  2.5923  9.0424
  5.1621  1.4509  0.0000  1.8445 10.5692
  5.7659  3.6790  0.0000  1.5480 33.0756
  5.6475  3.5277  0.0000  1.4568 31.4495
  5.1306  3.5467  0.0000  1.1420 31.6529
  5.3399  2.2685  0.0000  1.6599 18.3889
  4.0977  4.4813  0.0000  1.2282 41.8497
  5.9058  2.7208  0.0000  0.7425 22.9689
  5.7751  2.7204  0.0000  0.8473 22.9646
  4.3200  4.0966  0.0000  1.2469 37.6118
  5.1480  1.7195  0.0000  0.6310 13.0574
  5.1203  3.7061  0.0000  2.5802 33.3673
  3.8474  2.3793  0.0000  1.2429 19.4967
  5.5424  3.8573  0.0000  1.6321 35.0034
  5.2470  3.6954  0.0000  2.9333 33.2518
  4.7210  3.7975  0.0000  1.8747 34.3552
  5.2208  2.6537  0.0000  0.8818 22.2802
  4.7600  2.7526  0.0000  1.7054 23.2959
  4.7899  1.5499  0.0000  1.7836 11.4755
  5.0050  3.2290  0.0000  2.8710 28.2698
  5.7040  1.8383  0.0000  1.9341 14.1854
  5.9128  2.7026  0.0000  0.4718 22.7822
  4.6643  3.6424  0.0000  1.6146 32.6808
  6.3504  2.1826  0.0000  2.1107 17.5364
  5.1129  3.4118  0.0000  2.5348 30.2105
  5.4996  2.9261  0.0000  2.0298 25.0928
  5.5902  2.5628  0.0000  0.4524 21.3523
  5.1553  3.8235  0.0000  2.4581 34.6373
  5.3215  2.1238  0.0000  2.5507 16.9561
  4.7426  0.9097  0.0000  2.6265  5.8994
  4.4794  3.0497  0.0000  2.2308 26.3829
  5.2438  1.6123  0.0000  2.1437 12.0531
  5.4749  1.9769  0.0000  1.3080 15.5208
  3.6523  3.0674  0.0000  1.6316 26.5690
  5.2293  3.5468  0.0000  0.3543 31.6540
  5.3370  4.1311  0.0000  2.0135 37.9902
  4.8921  1.9297  0.0000  0.4302 15.0637
  5.4326  3.4528  0.0000  2.0657 30.6481
  4.6886  1.9466  0.0000  1.1913 15.2273
  4.1975  3.0050  0.0000  1.0126 25.9150
  6.1011  3.5386  0.0000  1.7126 31.5657
  4.7811  2.1856  0.0000  1.6716 17.5655
  5.2683  4.3567  0.0000  1.4105 40.4718
  5.2674  1.6273  0.0000  2.0658 12.1927
  4.1524  4.1574  0.0000  2.7048 38.2781
  3.8655  1.9631  0.0000  0.6321 15.3870
  5.4443  3.2530  0.0000  1.5253 28.5241
  5.3474  4.1309  0.0000  1.3612 37.9882
  5.4180  2.2668  0.0000  0.2365 18.3713
  4.8258  2.4788  0.0000  0.9430 20.5002
  5.2633  1.3556  0.0000  0.7775  9.7095
  6.9393  2.1706  0.0000  0.5706 17.4170
  4.8011  3.0095  0.0000  2.4328 25.9622
  5.0198  3.5482  0.0000  0.9370 31.6689
  4.9447  3.3942  0.0000  1.3732 30.0232
  4.7211  2.9517  0.0000  2.6707 25.3588
  5.6656  2.7699  0.0000  1.3808 23.4749
  4.7316  4.1770  0.0000  1.8114 38.4934
  4.8471  1.9147  0.0000  1.2537 14.9188
  5.4727  3.3841  0.0000  0.3232 29.9154
  6.3171  2.6427  0.0000  2.4079 22.1677
  5.3340  3.3531  0.0000  0.1044 29.5856
  3.9656  0.3524  0.0000  2.1481  1.8607
  4.7993  2.8406  0.0000  1.1331 24.2056
  4.8840  3.7362  0.0000  1.2290 33.6922
  5.9672  1.3461  0.0000  1.2966  9.6247
  5.1657  1.7158  0.0000  0.5436 13.0220
  6.1599  1.6866  0.0000  1.0542 12.7475
  5.7792  3.0968  0.0000  0.7239 26.8775
  5.9074  1.1913  0.0000  1.1882  8.2620
  5.7694  1.6531  0.0000  1.8649 12.4338
  5.9090  3.3992  0.0000  0.7301 30.0767
  6.0436  0.5682  0.0000  1.0560  3.2989
  6.6489  3.5140  0.0000  0.7327 31.3024
  5.4554  1.7543  0.0000  0.7764 13.3861
  3.7911  3.3098  0.0000  2.0911 29.1256
  5.2550  1.6322  0.0000  2.0350 12.2389
  4.8482  2.3555  0.0000  0.5000 19.2579
  5.1835  3.1237  0.0000  0.3965 27.1601
  6.1328  1.5517  0.0000  1.3616 11.4917
  5.6222  1.5000  0.0000  1.1342 11.0164
  5.4524  2.3878  0.0000  1.7392 19.5822
  4.8164  2.9513  0.0000  1.3139 25.3555
  4.5628  4.0478  0.0000  0.7485 37.0782
  4.4769  2.7472  0.0000  2.4376 23.2409
  6.1547  1.9068  0.0000  2.0387 14.8432
  6.6168  2.7804  0.0000  2.2891 23.5826
  5.2302  1.8230  0.0000  0.6864 14.0390
  5.2095  2.1121  0.0000  1.8406 16.8407
  5.4796  3.6691  0.0000  2.7926 32.9688
  4.2896  3.3617  0.0000  1.3231 29.6767
  5.4775  2.6295  0.0000  0.0526 22.0326
  4.7554  3.9753  0.0000  0.7835 36.2877
  5.5147  3.3034  0.0000  0.3338 29.0580
  5.0089  2.9900  0.0000  1.1670 25.7589
  5.4904  1.9003  0.0000  2.3240 14.7806
  4.7448  1.4020  0.0000  1.0404 10.1259
  4.7761  0.5760  0.0000  1.0027  3.3541
  5.2590  1.1336  0.0000  0.4912  7.7651
  5.0664  3.6378  0.0000  1.8188 32.6315
  6.0456  4.1612  0.0000  0.8417 38.3200
  5.0756  2.8431  0.0000  2.1741 24.2312
  5.4326  3.6591  0.0000  2.7199 32.8605
  5.7193  3.5346  0.0000  1.6721 31.5237
  6.1453  3.4549  0.0000  2.0110 30.6701
  4.4069  3.1774  0.0000  0.8230 27.7255
  5.8818  1.9915  0.0000  0.6098 15.6627
  5.0963  3.5644  0.0000  1.9551 31.8431
  5.7939  2.0509  0.0000  2.1034 16.2412
  5.0763  3.8716  0.0000  1.6494 35.1591
  5.1955  3.8020  0.0000  1.5537 34.4046
  4.7753  3.0603  0.0000  1.8624 26.4945
  5.1652  0.6135  0.0000  1.2516  3.6235
  4.7077  3.3456  0.0000  1.5094 29.5056
  5.2628  3.0954  0.0000  0.5262 26.8630
  5.2199  3.0951  0.0000  3.0696 26.8597
  5.2536  3.3338  0.0000  2.0349 29.3808
  5.1287  3.0309  0.0000  2.0569 26.1865
  5.1561  3.1664  0.0000  1.3613 27.6089
  5.7236  2.0713  0.0000  2.8277 16.4405
  4.9038  1.5127  0.0000  1.7207 11.1335
  3.7413  2.1949  0.0000  2.0081 17.6578
  5.5114  1.2033  0.0000  2.3614  8.3662
  5.9747  1.7204  0.0000  0.7393 13.0655
  4.9565  2.9442  0.0000  1.4063 25.2814
  5.7527  2.1379  0.0000  0.7848 17.0951
  4.8868  0.8507  0.0000  0.8220  5.4264
  5.1744  3.6941  0.0000  1.0196 33.2375
  5.0190  3.6811  0.0000  1.7523 33.0974
  4.3046  3.9035  0.0000  2.8734 35.5058
  5.4074  0.9821  0.0000  0.8863  6.4903
  4.7948  2.0709  0.0000  0.2530 16.4367
  3.5711  4.2480  0.0000  0.6742 39.2738
  5.4110  3.5500  0.0000  2.4354 31.6880
  5.1028  2.0296  0.0000  1.6774 16.0336
  4.6064  1.3903  0.0000  1.3041 10.0205
  5.5712  2.8986  0.0000  1.2200 24.8072
  5.4176  1.6338  0.0000  1.1510 12.2536
  4.3903  2.7771  0.0000  0.8712 23.5487
  5.0589  2.4078  0.0000  1.1429 19.7836
  5.8583  0.5520  0.0000  1.3340  3.1843
  4.6389  2.1329  0.0000  0.8475 17.0459
  5.0251  3.5512  0.0000  0.2466 31.7007
  3.6444  2.5023  0.0000  0.9145 20.7384
  4.5529  4.0787  0.0000  1.6941 37.4160
  5.7326  4.1378  0.0000  2.2720 38.0638
  5.3176  3.2428  0.0000  0.6228 28.4156
  4.4864  2.0915  0.0000  2.2117 16.6388
  5.0637  4.0731  0.0000  2.3560 37.3554
  5.6355  2.6117  0.0000  2.5628 21.8512
  4.5184  1.6201  0.0000  1.9638 12.1258
  5.0873  2.2614  0.0000  1.0952 18.3176
  4.6024  1.4116  0.0000  1.0542 10.2131
  4.4394  3.6156  0.0000  1.1790 32.3927
  6.0138  4.1188  0.0000  1.1424 37.8555
  5.0347  3.5081  0.0000  1.8420 31.2393
  5.4723  1.9807  0.0000  0.1090 15.5578
  5.3959  1.4881  0.0000  0.5555 10.9077
  5.2568  2.8984  0.0000  1.7698 24.8042
  5.1147  1.7113  0.0000  1.0924 12.9802
  5.2289  1.8181  0.0000  1.5589 13.9923
  4.9684  3.8781  0.0000  1.6110 35.2299
  4.3566  2.3837  0.0000  0.8279 19.5413
  3.8980  0.6157  0.0000  2.8837  3.6394
  4.1067  2.7006  0.0000  2.5290 22.7612
  4.3689  3.8915  0.0000  2.7941 35.3755
  5.8754  1.1239  0.0000  1.2875  7.6819
  5.5644  1.4054  0.0000  1.3446 10.1566
  4.5313  2.7954  0.0000  0.1757 23.7378
  5.7581  1.7621  0.0000  0.9729 13.4599
  3.9257  1.1697  0.0000  1.7268  8.0756
  3.9682  2.8879  0.0000  1.6990 24.6953
  5.2262  1.4289  0.0000  3.0167 10.3689
  5.3103  0.6322  0.0000  1.0808  3.7591
  5.4916  2.7428  0.0000  1.7675 23.1949
  4.9108  2.7982  0.0000  1.4939 23.7664
  4.2517  4.2771  0.0000  0.8426 39.5937
  5.1467  2.0706  0.0000  1.2694 16.4340
  4.1221  3.8538  0.0000  2.7120 34.9663
  4.0399  4.4066  0.0000  1.8277 41.0224
  5.2358  1.9373  0.0000  0.4874 15.1375
  5.0543  1.5993  0.0000  1.3954 11.9320
  4.8912  1.7448  0.0000  1.8340 13.2966
  5.0043  3.0155  0.0000  1.5238 26.0249
  4.9962  0.2354  0.0000  1.9959  1.1671
  6.7406  3.2954  0.0000  0.9668 28.9733
  5.6161  3.5671  0.0000  2.8851 31.8712
  4.2273  0.8674  0.0000  2.7459  5.5597
  5.4651  0.4779  0.0000  1.4595  2.6744
  5.7308  2.0888  0.0000  1.5677 16.6122
  5.5912  1.8629  0.0000  1.8960 14.4208
  4.0089  2.5609  0.0000  2.1790 21.3334
  5.7310  3.0649  0.0000  0.7732 26.5422
  5.0829  3.8876  0.0000  1.4527 35.3333
  5.0657  1.4608  0.0000  1.9725 10.6591
  4.3237  0.8131  0.0000  0.4299  5.1304
  5.5421  1.5669  0.0000  0.9158 11.6317
  5.3153  2.2539  0.0000  2.1983 18.2428
  5.0968  4.3469  0.0000  1.1649 40.3630
  4.3658  3.2746  0.0000  0.3644 28.7527
  5.6539  2.3860  0.0000  2.0505 19.5635
  4.4945  4.3763  0.0000  1.2256 40.6884
  5.3002  1.1485  0.0000  2.9238  7.8924
  5.3391  2.8724  0.0000  1.9329 24.5352
  4.5424  3.4387  0.0000  0.4898 30.4980
  5.1034  4.4478  0.0000  2.5749 41.4786
  4.8350  3.9725  0.0000  2.4666 36.2573
  4.8939  2.4756  0.0000  1.1306 20.4671
  4.3999  1.4823  0.0000  1.5059 10.8547
  4.8814  2.9603  0.0000  2.1544 25.4494
  5.1861  1.9207  0.0000  2.1206 14.9772
  6.7745  2.1374  0.0000  1.3063 17.0903
  4.4809  2.4198  0.0000  1.5779 19.9045
  5.2855  2.9393  0.0000  0.8357 25.2300
  5.5007  2.5879  0.0000  1.2053 21.6080
  5.1501  1.5182  0.0000  0.4757 11.1832
  5.9971  1.5444  0.0000  0.4282 11.4247
  4.2006  1.8255  0.0000  1.8376 14.0630
  4.5564  2.2063  0.0000  1.7258 17.7706
  4.4611  1.1076  0.0000  0.6401  7.5433
  5.2173  1.7017  0.0000  0.8508 12.8895
  5.0498  1.2765  0.0000  1.4120  9.0074
  5.2957  2.1546  0.0000  1.7961 17.2597
  5.3974  2.2144  0.0000  2.1606 17.8513
  4.5513  4.0649  0.0000  2.0703 37.2652
  4.2782  3.6216  0.0000  1.5762 32.4573
  4.8003  3.7838  0.0000  1.4987 34.2075
  5.7320  1.9875  0.0000  1.7313 15.6238
  4.4547  3.8514  0.0000  1.5848 34.9402
  4.8606  1.1401  0.0000  1.5354  7.8203
  5.0391  1.2752  0.0000  2.1342  8.9955
  5.1692  4.0144  0.0000  1.9441 36.7143
  5.2285  0.3276  0.0000  2.2069  1.7083
  5.4177  3.7943  0.0000  1.9088 34.3213
  5.6164  3.8657  0.0000  2.6551 35.0954
  5.7102  3.5937  0.0000  1.9615 32.1576
  4.3891  1.3458  0.0000  2.2763  9.6220
  6.4293  2.3252  0.0000  2.0063 18.9542
  5.8415  3.0096  0.0000  2.8445 25.9639
  5.0369  4.4096  0.0000  1.7224 41.0564
  3.9650  1.0483  0.0000  0.9863  7.0419
  5.0854  1.2501  0.0000  1.7619  8.7753
  4.9477  4.0371  0.0000  2.7323 36.9621
  5.3269  1.3408  0.0000  1.3892  9.5776
  6.0074  3.3181  0.0000  2.5015 29.2136
  4.7192  1.1583  0.0000  2.3441  7.9772
  4.5413  1.6908  0.0000  2.9687 12.7876
  4.4947  2.4298  0.0000  1.3208 20.0046
  6.1715  2.5269  0.0000  2.1146 20.9870
  6.3823  1.2087  0.0000  1.4752  8.4130
  5.2555  2.8569  0.0000  1.4286 24.3740
  5.3725  3.3645  0.0000  1.6594 29.7071
  5.0759  2.0336  0.0000  0.5022 16.0725
  4.9636  1.3214  0.0000  2.5536  9.4049
  3.9303  4.4626  0.0000  1.0657 41.6423
  5.3874  0.4221  0.0000  1.5396  2.3046
  4.9632  0.6925  0.0000  1.6807  4.2053
  5.5368  1.7033  0.0000  1.2945 12.9046
  4.9517  3.8449  0.0000  2.1305 34.8693
  5.0698  2.6540  0.0000  0.8144 22.2836
  4.1015  1.4023  0.0000  2.0394 10.1286
  4.8259  2.1941  0.0000  1.8526 17.6493
  5.4645  1.3670  0.0000  1.2298  9.8115
  5.0386  3.4748  0.0000  2.7442 30.8826
  3.7904  3.8418  0.0000  1.8092 34.8352
  5.3175  4.0321  0.0000  1.8024 36.9075
  4.9527  0.7713  0.0000  2.0697  4.8053
  5.6714  3.3819  0.0000  0.1462 29.8919
  4.8481  3.4098  0.0000  1.0289 30.1894
  5.1826  3.7689  0.0000  2.0477 34.0458
  4.5830  1.5835  0.0000  0.8949 11.7860
  5.1619  1.4259  0.0000  1.3270 10.3419
  5.0854  2.6987  0.0000  2.9989 22.7415
  5.3092  1.8528  0.0000  1.5783 14.3240
  4.5665  4.0152  0.0000  1.8502 36.7228
  5.4110  4.2427  0.0000  2.9007 39.2155
  5.4591  1.0437  0.0000  2.6051  7.0027
  6.0621  2.6239  0.0000  0.8014 21.9757
  5.4677  2.6007  0.0000  1.2248 21.7381
  5.3320  3.0004  0.0000  1.9872 25.8671
  6.3723  1.1143  0.0000  2.8152  7.6004
  5.6320  3.7188  0.0000  2.4748 33.5041
  5.1173  0.6787  0.0000  1.0744  4.1020
  5.0932  4.4052  0.0000  1.6153 41.0075
  3.8346  1.4727  0.0000  1.3524 10.7672
  4.5436  0.9015  0.0000  0.4347  5.8332
  6.7816  4.0820  0.0000  2.1114 37.4529
  4.5834  4.0789  0.0000  0.7711 37.4186
  5.9030  3.1246  0.0000  2.5952 27.1690
  5.6824  0.7905  0.0000  1.7350  4.9541
  4.9054  1.7201  0.0000  1.0561 13.0625
  4.0454  1.7278  0.0000  2.5397 13.1352
  5.5763  3.9039  0.0000  1.4304 35.5104
  5.2585  4.1403  0.0000  1.7492 38.0913
  5.2301  0.7613  0.0000  1.3406  4.7278
  5.3834  2.1041  0.0000  0.5533 16.7623
  5.8395  4.2762  0.0000  0.2056 39.5839
  5.4418  0.8455  0.0000  0.7572  5.3853
  4.4759  3.9659  0.0000  2.2625 36.1852
  5.9658  3.0021  0.0000  2.2168 25.8856
  4.3747  1.9100  0.0000  2.2190 14.8741
  5.2442  4.1082  0.0000  2.2071 37.7391
  4.7187  4.1318  0.0000  2.3052 37.9977
  4.9506  0.1561  0.0000  2.0241  0.7378
  5.3058  2.0356  0.0000  1.0232 16.0922
  5.1649  3.1066  0.0000  1.6701 26.9803
  5.5787  3.4737  0.0000  1.9419 30.8712
  4.7460  3.4619  0.0000  2.3252 30.7451
  5.7956  4.2880  0.0000  2.5511 39.7141
  4.2303  0.8063  0.0000  1.0564  5.0771
  5.3464  4.3143  0.0000  2.6762 40.0033
  6.6249  1.0897  0.0000  1.5121  7.3905
  5.0762  3.8183  0.0000  1.7994 34.5806
  3.9190  1.8480  0.0000  2.2854 14.2779
  6.4370  3.5486  0.0000  1.1064 31.6733
  5.8492  0.5002  0.0000  2.4454  2.8258
  4.8210  4.4668  0.0000  1.2605 41.6891
  5.5808  4.0640  0.0000  0.9820 37.2560
  5.6622  0.5611  0.0000  1.3415  3.2486
  5.0700  2.2863  0.0000  2.5459 18.5663
  4.9616  3.7974  0.0000  1.4465 34.3547
  4.1633  2.9521  0.0000  2.4546 25.3629
  6.1026  3.6243  0.0000  0.7208 32.4867
  4.7970  2.8228  0.0000  2.0082 24.0209
  5.1419  1.6504  0.0000  2.1149 12.4086
  5.0456  2.9160  0.0000  1.1219 24.9876
  5.0378  4.1366  0.0000  2.4475 38.0503
  3.6287  3.8146  0.0000  2.9563 34.5410
  5.0267  3.2398  0.0000  0.8667 28.3846
  6.1827  2.6236  0.0000  1.2261 21.9723
  4.8111  0.5231  0.0000  2.0428  2.9833
  6.2263  4.4067  0.0000  1.6743 41.0241
  5.5856  3.7374  0.0000  2.5077 33.7052
  5.8525  3.9228  0.0000  1.6975 35.7160
  4.3441  1.0932  0.0000  1.0091  7.4205
  5.6744  2.4673  0.0000  2.1015 20.3835
  5.1192  2.4269  0.0000  2.1321 19.9757
  4.3606  1.9432  0.0000  1.2451 15.1943
  5.5915  1.8258  0.0000  1.7862 14.0661
  4.8100  2.8622  0.0000  1.8550 24.4287
  5.0162  1.2505  0.0000  1.8360  8.7786
  5.3207  1.7174  0.0000  2.2419 13.0376
  4.8406  2.1899  0.0000  1.8854 17.6079
  5.5075  3.0580  0.0000  0.4225 26.4700
  5.1625  1.4254  0.0000  0.9859 10.3376
  5.3425  1.4517  0.0000  0.9003 10.5757
  5.2880  2.2210  0.0000  1.4243 17.9163
  5.3052  1.9225  0.0000  2.0833 14.9947
  5.2402  3.1604  0.0000  2.0027 27.5459
  4.7222  2.0324  0.0000  1.7452 16.0608
  5.5671  1.5930  0.0000  0.9140 11.8740
  4.5131  3.1192  0.0000  1.3309 27.1121
  5.5930  3.3171  0.0000  2.7451 29.2034
  4.4362  1.5936  0.0000  1.1610 11.8795
  5.0810  3.7737  0.0000  0.5178 34.0976
  4.8800  2.2211  0.0000  2.4193 17.9173
  4.8478  2.2776  0.0000  1.8102 18.4791
  5.1244  3.9162  0.0000  1.3830 35.6435
  3.8423  1.5735  0.0000  1.8359 11.6930
  5.7566  3.1548  0.0000  1.1804 27.4873
  3.8790  4.0677  0.0000  2.2115 37.2958
  4.3148  3.2251  0.0000  0.6786 28.2285
  5.8634  3.5257  0.0000  1.8361 31.4278
  3.8793  4.0402  0.0000  1.9122 36.9961
  5.7585  1.0660  0.0000  0.9726  7.1909
  5.6899  2.4421  0.0000  1.7198 20.1289
  4.0526  3.9441  0.0000  0.5875 35.9479
  5.4452  4.4193  0.0000  2.4607 41.1635
  5.1381  2.4131  0.0000  1.2193 19.8368
  5.9252  2.8876  0.0000  2.7411 24.6924
  6.7917  1.6608  0.0000  1.7563 12.5055
  5.3029  1.6700  0.0000  1.9680 12.5916
  4.4631  3.6914  0.0000  0.9012 33.2087
  5.7035  3.8355  0.0000  1.1507 34.7678
  5.4545  2.2256  0.0000  1.5322 17.9616
  4.6265  0.9992  0.0000  1.3320  6.6324
  4.5226  0.7884  0.0000  1.3535  4.9377
  5.2031  2.6595  0.0000  2.2058 22.3402
  6.2195  0.8450  0.0000  1.9244  5.3814
  5.1252  3.3586  0.0000  0.8213 29.6442
  4.9011  1.8102  0.0000  2.0311 13.9177
  5.4445  0.9991  0.0000  1.6599  6.6314
  5.0192  3.8456  0.0000  2.0325 34.8767
  5.2641  0.5670  0.0000  0.8534  3.2905
  3.8595  2.5382  0.0000  0.2806 21.1019
  4.7339  3.5030  0.0000  2.3661 31.1852
  5.2690  2.6570  0.0000  2.0514 22.3140
  4.4178  1.8290  0.0000  0.5768 14.0968
  4.4124  0.7923  0.0000  0.7805  4.9676
  5.5062  2.5853  0.0000  1.1794 21.5811
  4.5102  3.3247  0.0000  2.1761 29.2839
  5.5098  1.9351  0.0000  2.9894 15.1158
  5.2666  2.0567  0.0000  0.9771 16.2984
  4.4989  4.0787  0.0000  1.2272 37.4165
  4.7644  1.5511  0.0000  0.4643 11.4865
  5.3492  3.6856  0.0000  2.5634 33.1466
  5.2561  2.6308  0.0000  2.5464 22.0459
  4.5031  2.8030  0.0000  1.4066 23.8157
  3.7756  1.4444  0.0000  2.5305 10.5102
  5.6910  3.7750  0.0000  1.4112 34.1124
  4.2061  2.2187  0.0000  0.9063 17.8934
  5.4704  1.4545  0.0000  1.9825 10.6012
  5.6279  1.8639  0.0000  2.0048 14.4305
  4.6408  1.3077  0.0000  2.4180  9.2834
  4.4785  2.7725  0.0000  0.4824 23.5014
  5.2962  1.8541  0.0000  1.4212 14.3371
  4.7410  2.3297  0.0000  0.4566 18.9994
  4.6235  1.8476  0.0000  1.8562 14.2749
  5.3711  2.1210  0.0000  1.6268 16.9282
  5.3669  0.9059  0.0000  1.3546  5.8687
  5.4958  2.2188  0.0000  0.4948 17.8941
  4.2094  0.8976  0.0000  1.6357  5.8014
  5.4882  2.5259  0.0000  2.0426 20.9777
  4.9517  3.0446  0.0000  1.6405 26.3297
  4.5999  1.0933  0.0000  1.1887  7.4211
  4.6402  1.4039  0.0000  1.4749 10.1437
  3.9105  3.2215  0.0000  1.1618 28.1909
  6.0247  3.0991  0.0000  2.0393 26.9019
  4.7843  4.2466  0.0000  2.1299 39.2588
  5.0011  3.5905  0.0000  1.4367 32.1232
  5.0780  1.9613  0.0000  0.5657 15.3692
  4.3202  4.4098  0.0000  1.9392 41.0580
  6.2207  2.3548  0.0000  0.9854 19.2513
  4.6629  1.3621  0.0000  2.8043  9.7676
  5.2424  1.0499  0.0000  2.4498  7.0554
  4.7276  2.5621  0.0000  1.3267 21.3451
  5.8620  2.4749  0.0000  2.5208 20.4605
  4.9319  4.1715  0.0000  1.1896 38.4334
  4.9761  2.7584  0.0000  0.4706 23.3560
  4.9594  0.6726  0.0000  2.2037  4.0567
  4.7231  4.3561  0.0000  0.8530 40.4650
  5.1263  0.8742  0.0000  1.2781  5.6137
  5.2665  1.6494  0.0000  1.9160 12.3991
  5.1124  1.9121  0.0000  0.5306 14.8942
  5.0332  1.9644  0.0000  1.0168 15.3993
  4.2140  3.3615  0.0000  1.2992 29.6752
  5.3308  1.3562  0.0000  2.1727  9.7152
  4.5410  3.9815  0.0000  2.2726 36.3550
  5.4192  2.5256  0.0000  2.2919 20.9744
  5.2236  3.0186  0.0000  2.2752 26.0574
  5.5342  1.0745  0.0000  1.4205  7.2623
  4.7004  2.0263  0.0000  1.6444 16.0015
  6.9536  1.8239  0.0000  1.6107 14.0476
  5.1292  1.1410  0.0000  1.8647  7.8281
  5.1514  1.4308  0.0000  1.4452 10.3864
  5.0560  2.7902  0.0000  0.9326 23.6843
  5.2167  0.6943  0.0000  1.5577  4.2186
  5.9095  1.8279  0.0000  1.8447 14.0866
  5.2301  3.1207  0.0000  1.3246 27.1286
  5.1170  2.6901  0.0000  0.5794 22.6531
  5.2127  2.9513  0.0000  1.4513 25.3548
  3.6773  3.0141  0.0000  0.7497 26.0103
  5.2223  2.4329  0.0000  0.6747 20.0362
  5.1216  3.8703  0.0000  1.4661 35.1455
  4.5640  1.5086  0.0000  2.1152 11.0958
  4.4141  2.3083  0.0000  1.2549 18.7851
  5.4521  1.0062  0.0000  2.4106  6.6901
  3.7389  2.6181  0.0000  1.7040 21.9161
  5.2461  2.9092  0.0000  2.2178 24.9174
  4.7159  2.5087  0.0000  0.9598 20.8029
  5.9699  4.4541  0.0000  0.3137 41.5481
  4.8630  4.4602  0.0000  2.7263 41.6158
  5.6204  1.3781  0.0000  0.7898  9.9117
  5.9099  3.9632  0.0000  0.5162 36.1554
  5.2240  1.4830  0.0000  1.2150 10.8612
  5.6356  3.1536  0.0000  1.7818 27.4745
  6.2639  2.1600  0.0000  0.6923 17.3124
  4.8624  0.4613  0.0000  1.4339  2.5630
  5.3751  1.6726  0.0000  0.5645 12.6162
  5.4904  3.5544  0.0000  2.0056 31.7350
  3.7835  3.3855  0.0000  1.6960 29.9302
  6.4290  4.2732  0.0000  1.8726 39.5509
  5.3570  2.3556  0.0000  2.2592 19.2589
  4.8954  0.5367  0.0000  1.9301  3.0773
  4.9044  4.0870  0.0000  2.5264 37.5070
  5.0193  4.3882  0.0000  2.5478 40.8189
  4.2239  1.7042  0.0000  1.5087 12.9130
  4.9681  3.2385  0.0000  1.6293 28.3711
  5.3910  2.6212  0.0000  1.0847 21.9481
  5.0380  2.1642  0.0000  2.6237 17.3546
  5.3693  1.8758  0.0000  0.4080 14.5445
  5.8647  3.4434  0.0000  0.6272 30.5476
  5.8928  3.7809  0.0000  2.1601 34.1755
  5.2037  1.5036  0.0000  2.0166 11.0493
  5.7827  2.0911  0.0000  2.5267 16.6346
  5.7790  3.0203  0.0000  0.6742 26.0757
  4.6625  0.4335  0.0000  0.5899  2.3788
  5.1664  1.8953  0.0000  1.7806 14.7320
  5.2422  0.4728  0.0000  2.5300  2.6400
  4.5695  2.1305  0.0000  0.9982 17.0224
  5.0224  1.5171  0.0000  1.3624 11.1735
  6.1500  4.0441  0.0000  2.1707 37.0377
  5.5024  2.7392  0.0000  1.9195 23.1578
  5.9238  2.8238  0.0000  1.2946 24.0309
  3.7954  3.4739  0.0000  1.9871 30.8733
  4.6779  2.4909  0.0000  2.6316 20.6229
  5.0856  4.2120  0.0000  1.6460 38.8776
  5.3946  2.9314  0.0000  0.9543 25.1474
  4.4949  1.1939  0.0000  1.3424  8.2850
  4.4100  2.0339  0.0000  1.6702 16.0755
  5.6220  2.4144  0.0000  1.1578 19.8494
  6.5430  2.2055  0.0000  2.5955 17.7621
  4.8429  1.5310  0.0000  1.6407 11.3008
  4.9037  2.9897  0.0000  2.5122 25.7560
  6.0094  4.0403  0.0000  2.3826 36.9966
  6.2700  2.2922  0.0000  0.6248 18.6244
  5.0628  4.4624  0.0000  1.6059 41.6396
  6.2446  4.1107  0.0000  1.3329 37.7663
  3.6546  2.1188  0.0000  2.1356 16.9067
  4.3104  1.4851  0.0000  0.6598 10.8806
  5.1097  2.8050  0.0000  2.6530 23.8371
  5.6542  3.7549  0.0000  1.2623 33.8947
  5.3222  2.6064  0.0000  0.9439 21.7972
  5.3348  3.7826  0.0000  1.9474 34.1941
  5.3040  3.9642  0.0000  1.0598 36.1662
  4.3870  1.5061  0.0000  1.4979 11.0728
  6.6723  4.3784  0.0000  2.8076 40.7113
  4.8926  4.0596  0.0000  1.6954 37.2080
  5.4632  2.9278  0.0000  0.8346 25.1107
  4.9776  3.7708  0.0000  2.0562 34.0666
  5.2758  3.7386  0.0000  1.1471 33.7186
  5.1576  1.0892  0.0000  0.4298  7.3863
  3.6627  1.5383  0.0000  1.3194 11.3687
  4.4311  2.8354  0.0000  2.2202 24.1509
  3.9484  0.7418  0.0000  2.4510  4.5782
  5.4647  2.8559  0.0000  1.4845 24.3636
  3.7113  3.2811  0.0000  2.9899 28.8216
  5.3057  2.2582  0.0000  2.8460 18.2859
  5.0981  1.2364  0.0000  2.7399  8.6547
  5.2321  0.7241  0.0000  0.3367  4.4432
  4.1368  0.9701  0.0000  1.5156  6.3916
  4.6264  3.6222  0.0000  2.5036 32.4635
  4.9909  3.6580  0.0000  2.0256 32.8488
  4.9387  4.0076  0.0000  2.2254 36.6400
  3.7008  2.4429  0.0000  1.2595 20.1375
  5.2275  1.8923  0.0000  0.9371 14.7031
  5.1725  1.5588  0.0000  1.1952 11.5570
  5.8250  2.4588  0.0000  0.3790 20.2981
  4.9425  1.6198  0.0000  2.0734 12.1226
  6.6915  3.3672  0.0000  1.9156 29.7355
  5.4002  3.1075  0.0000  2.1899 26.9896
  5.1323  1.1476  0.0000  1.7448  7.8851
  4.4095  4.4771  0.0000  1.3990 41.8034
  5.3643  2.6420  0.0000  0.3039 22.1610
  4.7600  2.1894  0.0000  0.7228 17.6032
  4.7445  3.1206  0.0000  2.4951 27.1272
  5.4831  1.2809  0.0000  2.7398  9.0455
  3.6539  4.0374  0.0000  0.4892 36.9652
  4.3571  2.0393  0.0000  0.9200 16.1276
  4.9370  1.3830  0.0000  2.5139  9.9554
  4.1034  4.2321  0.0000  2.7312 39.0987
  5.1896  1.1168  0.0000  2.9184  7.6210
  5.1495  0.2729  0.0000  1.3012  1.3820
  5.2026  1.7456  0.0000  1.6193 13.3035
  5.2182  1.6811  0.0000  0.3788 12.6957
  5.5672  4.3289  0.0000  0.6627 40.1650
  4.3652  1.1292  0.0000  1.6777  7.7275
  5.2469  3.9397  0.0000  0.7352 35.8991
  5.3821  2.1287  0.0000  2.6996 17.0039
  5.0405  2.7137  0.0000  1.2172 22.8958
  5.1421  4.4764  0.0000  1.1092 41.7954
  5.1335  2.1961  0.0000  0.4481 17.6691
  5.4409  2.0083  0.0000  1.2106 15.8259
  5.2451  1.3314  0.0000  2.7389  9.4936
  6.0533  3.9670  0.0000  1.9739 36.1967
  5.9806  2.7993  0.0000  2.7101 23.7776
  4.4465  0.6528  0.0000  0.9218  3.9100
  4.8781  3.9060  0.0000  1.2738 35.5327
  5.3830  2.1046  0.0000  2.8083 16.7675
  5.2244  3.0242  0.0000  2.3266 26.1158
  4.9695  1.6744  0.0000  0.6825 12.6336
  5.2744  2.5793  0.0000  1.7407 21.5200
  5.1461  0.7581  0.0000  0.7257  4.7033
  5.2599  3.6179  0.0000  0.6214 32.4177
  5.6210  0.8667  0.0000  1.0191  5.5543
  4.5432  1.4754  0.0000  2.0816 10.7923
  4.5778  1.8815  0.0000  1.1524 14.6001
  5.1797  1.8852  0.0000  0.6332 14.6354
  4.4350  1.3562  0.0000  0.6824  9.7150
  5.3302  1.9738  0.0000  2.7638 15.4909
  4.4160  2.8231  0.0000  2.5698 24.0238
  5.2416  4.2593  0.0000  2.4258 39.3976
  6.0680  4.3008  0.0000  2.1808 39.8547
  4.7113  3.7263  0.0000  0.3295 33.5853
  4.1649  2.8101  0.0000  2.1569 23.8894
  5.6565  2.0441  0.0000  1.8071 16.1747
  5.6027  4.0961  0.0000  2.5472 37.6073
  5.4119  3.8222  0.0000  1.2705 34.6230
  5.2257  2.8180  0.0000  0.8282 23.9717
  5.9891  2.2491  0.0000  1.7185 18.1949
  4.7141  2.7665  0.0000  0.9897 23.4389
  5.7757  1.0699  0.0000  1.0085  7.2236
  5.5005  2.4636  0.0000  1.7847 20.3460
  4.9902  2.4327  0.0000  0.8087 20.0344
  5.1591  1.9968  0.0000  1.5110 15.7135
  4.6465  2.2833  0.0000  1.8660 18.5357
  5.3871  2.8420  0.0000  1.7941 24.2191
  4.9326  3.7290  0.0000  1.6293 33.6150
  5.9760  3.1656  0.0000  1.8375 27.6006
  3.8106  1.7230  0.0000  1.6805 13.0903
  5.3077  2.0585  0.0000  2.6829 16.3152
  5.8293  1.6688  0.0000  1.2599 12.5808
  5.4807  2.9187  0.0000  0.6740 25.0155
  5.0879  3.2776  0.0000  0.7631 28.7847
  5.2575  0.9838  0.0000  1.9113  6.5044
  4.7613  3.8815  0.0000  2.1076 35.2665
  5.0209  2.8443  0.0000  2.3356 24.2434
  4.6416  2.1969  0.0000  1.5360 17.6776
  4.6853  1.2742  0.0000  1.3339  8.9864
  4.3110  0.7225  0.0000  2.2498  4.4311
  5.2033  2.7655  0.0000  2.4974 23.4288
  4.2211  1.4952  0.0000  1.7067 10.9730
  5.7483  2.8512  0.0000  0.9324 24.3148
  4.9424  3.2698  0.0000  1.6466 28.7015
  4.4271  3.2569  0.0000  1.5222 28.5648
  5.6125  2.6097  0.0000  1.9132 21.8306
  5.5881  1.4594  0.0000  0.2621 10.6457
  5.1756  2.3614  0.0000  1.5005 19.3167
  5.7796  3.1353  0.0000  1.0204 27.2818
  4.1072  1.4329  0.0000  0.4470 10.4054
  5.2185  3.1336  0.0000  0.4221 27.2638
  6.8647  1.4166  0.0000  1.4741 10.2578
  5.2680  2.2737  0.0000  1.5645 18.4405
  4.8337  2.1780  0.0000  0.3054 17.4909
  4.9106  3.9631  0.0000  1.0391 36.1547
  4.2439  4.2511  0.0000  2.6894 39.3075
  5.4365  2.4437  0.0000  1.2653 20.1455
  4.9016  2.6391  0.0000  1.6064 22.1311
  4.3112  3.2113  0.0000  1.5163 28.0827
  3.7814  0.6222  0.0000  1.6345  3.6862
  4.9369  3.0253  0.0000  1.1389 26.1279
  5.2304  3.5619  0.0000  2.6924 31.8158
  4.3861  1.8361  0.0000  1.8414 14.1646
  5.3137  1.6999  0.0000  1.2596 12.8723
  5.6345  3.8700  0.0000  0.5537 35.1420
  5.5661  2.9050  0.0000  2.5523 24.8731
  5.6782  1.2600  0.0000  1.0504  8.8621
  3.6215  3.0271  0.0000  0.3231 26.1471
  3.8887  4.0003  0.0000  2.5227 36.5603
  4.8053  2.5401  0.0000  1.6452 21.1214
  6.1811  2.2635  0.0000  2.0913 18.3386
  5.6486  2.3149  0.0000  0.4210 18.8509
  3.8388  2.9875  0.0000  1.9462 25.7332
  4.4147  4.2143  0.0000  2.1316 38.9032
  4.9988  3.3378  0.0000  2.5454 29.4234
  4.2772  2.0148  0.0000  2.2434 15.8893
  5.3912  4.4655  0.0000  1.1857 41.6741
  5.0683  2.8596  0.0000  0.9290 24.4024
  5.4644  3.7633  0.0000  1.3451 33.9850
  4.3596  1.0267  0.0000  1.4891  6.8606
  5.4413  3.5950  0.0000  0.6593 32.1714
  6.2094  2.3553  0.0000  1.5602 19.2558
  5.5837  4.0397  0.0000  0.9882 36.9901
  6.3094  0.6235  0.0000  0.4880  3.6958
  5.2276  1.7416  0.0000  2.5829 13.2658
  5.5686  0.8118  0.0000  2.9341  5.1198
  4.7445  1.3826  0.0000  2.1777  9.9514
  4.6016  4.0168  0.0000  0.6923 36.7395
  6.0333  2.0296  0.0000  1.5070 16.0330
  3.8354  0.8821  0.0000  2.8844  5.6768
  4.0299  0.8866  0.0000  1.9312  5.7134
  5.1749  2.0772  0.0000  0.8986 16.4989
  4.7939  1.4509  0.0000  0.7850 10.5684
  5.1735  0.6026  0.0000  0.8408  3.5447
  5.1771  4.0468  0.0000  2.8954 37.0682
  4.0434  2.8700  0.0000  1.5152 24.5099
  5.5070  1.2866  0.0000  2.6913  9.0966
  5.7549  2.9585  0.0000  1.1168 25.4298
  5.7794  3.7829  0.0000  0.6108 34.1970
  4.5106  1.9272  0.0000  2.9021 15.0397
  6.3085  3.4323  0.0000  0.4770 30.4294
  4.6305  3.8467  0.0000  1.0618 34.8887
  6.1558  1.8073  0.0000  1.1162 13.8899
  5.2311  2.6128  0.0000  2.4999 21.8618
  4.8250  3.1985  0.0000  1.4526 27.9475
  5.0626  2.9662  0.0000  0.2776 25.5100
  4.7334  2.5955  0.0000  1.1131 21.6858
  5.4576  1.3155  0.0000  2.5175  9.3520
  5.0575  2.5366  0.0000  1.2824 21.0861
  5.1813  4.0858  0.0000  1.7427 37.4936
  5.5564  2.8110  0.0000  1.3270 23.8985
  4.9792  1.6107  0.0000  0.8799 12.0384
  5.0530  2.8285  0.0000  1.4156 24.0796
  4.8696  4.0103  0.0000  0.9943 36.6692
  6.3986  3.7613  0.0000  1.8248 33.9643
  4.7064  0.9939  0.0000  0.7282  6.5881
  3.7322  0.9405  0.0000  0.7665  6.1492
  4.6986  0.5637  0.0000  2.0228  3.2671
  4.8350  2.9172  0.0000  0.7703 25.0000
  5.0488  2.5840  0.0000  1.7345 21.5682
  5.3781  2.3434  0.0000  2.1500 19.1363
  5.2631  2.8789  0.0000  2.1542 24.6025
  5.0951  1.0381  0.0000  0.4940  6.9561
  4.9768  3.9848  0.0000  0.7196 36.3907
  5.3272  4.2032  0.0000  1.6553 38.7817
  5.3371  1.6289  0.0000  1.3154 12.2074
  4.8326  1.6038  0.0000  1.7916 11.9738
  5.3360  0.1810  0.0000  1.9276  0.8686
  6.1839  1.6113  0.0000  0.4493 12.0437
  5.1064  1.7454  0.0000  1.3487 13.3023
  4.8208  3.7771  0.0000  0.9628 34.1346
  4.4946  2.3931  0.0000  2.0432 19.6352
  5.2646  2.7989  0.0000  1.8973 23.7735
  5.0312  0.5913  0.0000  3.0464  3.4636
  5.8652  2.5953  0.0000  1.3534 21.6840
  5.0244  1.6045  0.0000  1.2947 11.9803
  5.2844  2.5378  0.0000  1.2806 21.0981
  4.6241  1.3194  0.0000  0.7447  9.3868
  6.2734  3.5321  0.0000  0.9871 31.4961
  4.8157  2.8225  0.0000  1.1328 24.0180
  5.6826  2.3736  0.0000  1.5774 19.4399
  4.6319  2.9465  0.0000  2.7235 25.3055
  5.8158  2.3391  0.0000  0.5541 19.0938
  3.9490  1.5473  0.0000  1.2963 11.4515
  6.1386  1.2137  0.0000  1.9663  8.4567
  5.2373  1.8251  0.0000  0.4687 14.0593
  5.5347  3.3064  0.0000  1.5127 29.0896
  4.8352  3.0500  0.0000  2.5662 26.3867
  4.9584  2.8240  0.0000  1.7766 24.0335
  4.6554  1.2295  0.0000  1.6023  8.5949
  4.8098  0.2781  0.0000  0.9811  1.4127
  4.9920  3.2143  0.0000  1.1656 28.1145
  4.2766  3.9165  0.0000  1.8728 35.6475
  5.3906  1.1750  0.0000  2.7393  8.1214
  4.6976  2.6153  0.0000  1.5845 21.8877
  3.7553  1.5404  0.0000  1.4247 11.3872
  5.2807  2.3728  0.0000  1.8010 19.4317
  4.8775  3.7305  0.0000  1.8156 33.6310
  5.0427  0.8392  0.0000  2.1576  5.3356
  5.2366  3.5751  0.0000  1.2301 31.9574
  5.4046  1.9014  0.0000  2.3441 14.7915
  5.1628  1.3031  0.0000  2.1451  9.2421
  4.9679  2.2898  0.0000  2.4861 18.6005
  5.2756  2.2656  0.0000  0.9590 18.3597
  4.1299  0.6480  0.0000  1.9407  3.8748
  5.2677  1.9802  0.0000  2.2600 15.5528
  4.4160  2.1337  0.0000  1.5451 17.0536
  3.8232  4.1367  0.0000  1.9759 38.0512
  5.3139  3.3175  0.0000  1.8618 29.2079
  4.8255  1.0849  0.0000  0.7527  7.3498
  4.1725  1.2747  0.0000  2.3733  8.9908
  3.9854  4.2516  0.0000  1.5302 39.3133
  5.2867  4.3284  0.0000  0.7906 40.1589
  6.2033  3.1393  0.0000  0.4161 27.3243
  4.7047  1.3083  0.0000  2.2042  9.2882
  4.9033  2.0797  0.0000  1.6054 16.5227
  4.5414  4.4419  0.0000  1.7920 41.4130
  3.9549  1.8931  0.0000  1.5066 14.7110
  5.1788  1.1112  0.0000  1.3983  7.5732
  4.5456  4.1896  0.0000  1.1203 38.6321
  4.7666  4.4959  0.0000  0.4465 42.0108
  6.6017  3.2644  0.0000  2.4834 28.6441
  5.3069  3.8029  0.0000  1.4651 34.4143
  5.1084  1.3366  0.0000  1.5872  9.5399
  5.9044  3.2638  0.0000  2.3453 28.6381
  6.2247  1.0815  0.0000  1.5658  7.3212
  5.1308  3.9983  0.0000  0.5710 36.5382
  4.6503  2.2119  0.0000  1.5393 17.8265
  6.5784  0.8081  0.0000  1.8430  5.0911
  4.2778  4.1988  0.0000  0.7130 38.7326
  5.6371  1.5061  0.0000  1.7089 11.0728
  4.7688  1.0528  0.0000  2.1323  7.0792
  6.7065  2.7677  0.0000  1.5853 23.4515
  5.0779  2.7520  0.0000  0.8388 23.2903
  6.4138  2.2697  0.0000  1.2919 18.4002
  5.4914  0.3588  0.0000  0.6564  1.9008
  5.1194  3.5213  0.0000  2.7034 31.3809
  5.5176  2.7032  0.0000  1.3178 22.7880
  6.5990  2.2670  0.0000  1.2618 18.3732
  5.1255  1.5960  0.0000  2.5767 11.9017
  5.3500  1.1249  0.0000  2.8751  7.6904
  5.2707  4.1720  0.0000  1.3388 38.4388
  4.9756  2.7763  0.0000  0.9282 23.5405
  4.8730  2.3044  0.0000  1.7349 18.7460
  4.9143  1.1215  0.0000  1.6189  7.6615
  4.2785  4.0973  0.0000  0.8881 37.6203
  4.8146  3.7723  0.0000  1.2118 34.0832
  5.2913  3.4562  0.0000  0.9159 30.6846
  5.8544  3.2466  0.0000  1.8879 28.4563
  5.5249  4.3697  0.0000  0.5281 40.6150
  5.7395  1.7494  0.0000  1.7627 13.3397
  5.3636  1.4390  0.0000  1.5849 10.4606
  6.0063  4.2707  0.0000  2.8400 39.5235
  5.2910  4.1965  0.0000  2.0585 38.7073
  4.8358  1.6252  0.0000  1.1789 12.1737
  5.4989  0.8618  0.0000  1.9837  5.5149
  5.3120  1.5051  0.0000  0.9699 11.0635
  4.5054  2.4813  0.0000  2.5849 20.5254
  5.2756  2.8380  0.0000  1.1485 24.1779
  5.1646  2.8151  0.0000  2.4247 23.9410
  4.0420  3.4794  0.0000  0.9397 30.9327
  5.2222  3.7593  0.0000  0.7950 33.9419
  5.7436  2.3212  0.0000  2.4951 18.9148
  4.9697  2.7470  0.0000  1.6566 23.2389
  3.6107  1.0716  0.0000  1.7906  7.2376
  4.9451  3.6498  0.0000  1.2055 32.7611
  5.1456  0.9177  0.0000  1.5946  5.9643
  4.7817  2.9644  0.0000  2.0970 25.4912
  5.2139  3.0631  0.0000  1.8940 26.5237
  5.7571  1.2642  0.0000  1.2752  8.8984
  4.3098  4.1484  0.0000  1.8446 38.1793
  5.4876  1.7464  0.0000  2.3847 13.3117
  5.8748  3.1538  0.0000  1.1840 27.4763
  4.4821  4.0114  0.0000  2.1262 36.6805
  5.0968  2.2845  0.0000  0.4804 18.5480
  5.3503  3.8658  0.0000  2.3248 35.0957
  5.4184  2.2148  0.0000  0.3091 17.8547
  5.2273  1.4892  0.0000  1.1419 10.9183
  6.2791  3.7796  0.0000  1.1010 34.1618
  5.2940  0.8631  0.0000  2.4070  5.5256
  5.3603  2.4123  0.0000  2.2816 19.8282
  5.3124  0.8293  0.0000  1.0769  5.2574
  5.1187  4.0107  0.0000  1.4190 36.6730
  5.7010  2.7372  0.0000  1.7377 23.1373
  5.9745  2.7601  0.0000  2.3805 23.3733
  3.5322  4.1909  0.0000  0.5161 38.6462
  4.8595  1.5265  0.0000  1.3427 11.2601
  5.1895  2.5086  0.0000  1.0993 20.8019
  3.6309  3.3479  0.0000  1.7956 29.5304
  4.0661  2.3094  0.0000  1.0599 18.7965
  5.3142  1.0807  0.0000  1.9206  7.3144
  6.0110  1.7372  0.0000  1.2926 13.2244
  5.1256  2.3533  0.0000  1.2961 19.2361
  4.0746  2.7784  0.0000  2.1946 23.5625
  4.3634  2.1783  0.0000  2.0022 17.4931
  5.3904  2.6779  0.0000  1.5151 22.5282
  5.1509  2.8979  0.0000  1.6757 24.7993
  5.5222  2.2663  0.0000  1.2508 18.3662
  5.9949  1.6945  0.0000  1.0368 12.8218
  4.2278  1.0319  0.0000  1.2384  6.9042
  4.6771  1.7910  0.0000  1.9461 13.7341
  5.0524  4.1567  0.0000  1.8863 38.2703
  6.0185  3.2425  0.0000  0.9547 28.4126
  5.6932  3.0274  0.0000  1.5306 26.1497
  4.4563  3.1984  0.0000  1.1562 27.9464
  4.3162  1.6925  0.0000  1.4498 12.8035
  5.1072  3.1990  0.0000  2.9355 27.9529
  6.5682  0.4270  0.0000  1.3348  2.3363
  5.2293  3.1217  0.0000  2.3586 27.1385
  4.9122  2.0400  0.0000  1.8014 16.1351
  6.1476  3.5401  0.0000  1.3093 31.5821
  4.9961  1.4879  0.0000  1.4832 10.9061
  4.7366  2.3748  0.0000  2.3204 19.4513
  4.7169  1.3879  0.0000  0.6510  9.9994
  5.0333  3.3762  0.0000  0.7213 29.8310
  5.0529  4.1769  0.0000  2.6941 38.4929
  4.6290  3.1441  0.0000  1.9716 27.3746
  4.8945  3.5246  0.0000  2.2268 31.4156
  4.9718  2.3949  0.0000  1.7576 19.6540
  6.0390  0.7108  0.0000  1.3329  4.3430
  4.7830  4.0363  0.0000  1.7320 36.9534
  6.1007  1.5619  0.0000  0.6554 11.5861
  5.0605  1.3577  0.0000  2.0305  9.7281
  4.8273  2.3755  0.0000  1.7882 19.4590
  4.1607  2.6162  0.0000  1.3456 21.8964
  4.2226  2.3286  0.0000  0.1952 18.9888
  5.3658  2.4489  0.0000  1.7877 20.1978
  5.1884  3.6507  0.0000  2.1919 32.7705
  5.3385  3.6657  0.0000  2.0234 32.9323
  5.4858  1.4739  0.0000  2.1102 10.7784
  6.3578  3.7839  0.0000  2.1632 34.2084
  4.6760  0.5205  0.0000  2.2437  2.9651
  5.4500  2.0609  0.0000  1.2922 16.3387
  4.8258  3.7358  0.0000  0.4468 33.6884
  5.4766  3.9061  0.0000  1.8658 35.5338
  4.0279  2.1221  0.0000  1.8470 16.9390
  5.6006  3.1014  0.0000  1.1663 26.9261
  5.3992  2.2520  0.0000  2.3404 18.2244
  4.8092  1.7748  0.0000  1.2421 13.5809
  5.2985  2.6494  0.0000  0.6830 22.2365
  4.9233  3.9802  0.0000  1.6546 36.3407
  4.7483  2.8211  0.0000  1.6579 24.0035
  4.7907  4.1252  0.0000  1.8217 37.9252
  4.9574  1.1060  0.0000  2.7146  7.5295
  5.2229  4.2141  0.0000  1.3989 38.9007
  5.2476  2.2017  0.0000  1.0401 17.7251
  5.7810  3.7905  0.0000  0.9332 34.2796
  5.8257  1.6996  0.0000  2.5372 12.8699
  5.1424  4.1706  0.0000  1.6798 38.4231
  5.4637  1.4858  0.0000  1.7641 10.8870
  4.4947  1.1018  0.0000  1.9125  7.4937
  6.1797  3.1364  0.0000  2.2492 27.2933
  5.1831  1.4241  0.0000  2.1044 10.3259
  5.6055  2.2663  0.0000  1.5737 18.3667
  5.2476  2.6526  0.0000  2.6809 22.2691
  5.0857  1.5164  0.0000  2.3590 11.1666
  4.6272  2.3067  0.0000  0.8754 18.7693
  4.9842  1.3937  0.0000  1.2010 10.0512
  4.7215  3.5105  0.0000  1.6402 31.2653
  4.9780  1.6245  0.0000  1.9937 12.1666
  4.5184  4.1330  0.0000  1.1684 38.0115
  4.9387  2.4502  0.0000  0.3113 20.2112
  5.1499  0.9429  0.0000  1.3364  6.1687
  5.1302  2.2187  0.0000  0.3698 17.8933
  5.0350  3.0650  0.0000  1.6779 26.5439
  6.7883  2.1758  0.0000  0.3653 17.4686
  5.4364  2.7189  0.0000  2.4399 22.9491
  4.8914  1.8608  0.0000  1.2606 14.4007
  4.8256  0.9744  0.0000  1.4284  6.4271
  4.5972  2.8042  0.0000  0.6190 23.8282
  6.0368  0.7725  0.0000  2.4910  4.8141
  5.3559  4.1848  0.0000  1.7748 38.5787
  4.4853  2.6195  0.0000  0.8431 21.9305
  5.6533  1.9480  0.0000  1.5056 15.2405
  5.3224  2.6888  0.0000  0.9512 22.6400
  5.2050  3.0173  0.0000  1.8654 26.0439
  6.0817  1.5164  0.0000  1.1963 11.1671
  5.2437  4.4884  0.0000  0.6839 41.9288
  5.5350  4.2172  0.0000  1.5237 38.9349
  4.2610  3.6228  0.0000  1.2317 32.4701
  5.3014  2.3051  0.0000  2.3573 18.7531
  5.0318  2.1049  0.0000  0.4452 16.7701
  5.6782  1.7316  0.0000  1.3086 13.1714
  5.1941  2.6958  0.0000  2.2740 22.7121
  5.5067  3.1834  0.0000  1.5136 27.7892
  5.0686  2.0612  0.0000  1.8052 16.3416
  4.6919  3.7703  0.0000  1.0604 34.0611
  5.4509  3.9601  0.0000  1.4985 36.1212
  5.2011  2.1248  0.0000  1.2209 16.9663
  5.8080  2.6758  0.0000  1.9671 22.5071
  4.8544  2.5894  0.0000  1.9255 21.6237
  5.7840  2.0579  0.0000  1.5137 16.3095
  5.0882  0.9838  0.0000  1.2067  6.5048
  5.2653  4.1868  0.0000  1.6363 38.6015
  6.4685  4.3180  0.0000  1.1816 40.0441
  3.7563  2.4507  0.0000  0.3482 20.2160
  5.8560  4.0392  0.0000  0.7264 36.9845
  6.2632  4.0529  0.0000  2.5045 37.1340
  5.9397  3.2346  0.0000  0.0974 28.3288
  4.6654  2.9593  0.0000  2.6661 25.4389
  4.4077  4.0599  0.0000  0.3699 37.2113
  3.9099  4.0140  0.0000  1.0925 36.7090
  5.2361  1.6078  0.0000  0.9969 12.0110
  4.9313  1.7390  0.0000  1.3452 13.2416
  6.7010  1.7241  0.0000  0.6772 13.1011
  5.1211  1.5576  0.0000  2.3306 11.5458
  5.5776  2.8475  0.0000  1.1672 24.2768
  5.4693  2.4776  0.0000  2.7953 20.4875
  5.4291  1.4775  0.0000  0.7928 10.8110
  5.2041  2.3569  0.0000  1.5227 19.2719
  4.9215  1.7706  0.0000  1.1818 13.5411
  5.7403  2.9735  0.0000  1.2326 25.5867
  6.2864  3.0653  0.0000  2.5562 26.5472
  4.7354  2.0165  0.0000  1.0816 15.9058
  5.4132  2.2463  0.0000  2.0185 18.1676
  4.2172  3.5101  0.0000  1.6059 31.2604
  5.4220  0.9094  0.0000  1.4888  5.8968
  4.7110  4.1454  0.0000  2.8920 38.1471
  4.0074  1.6777  0.0000  0.8235 12.6638
  4.1454  2.8486  0.0000  1.7917 24.2878
  4.2309  3.6477  0.0000  1.9355 32.7384
  5.2613  3.1928  0.0000  1.3638 27.8876
  4.4926  3.5602  0.0000  2.1413 31.7972
  5.3547  1.1165  0.0000  1.4397  7.6186
  5.0655  3.3304  0.0000  0.7369 29.3447
  4.7249  3.1327  0.0000  1.1494 27.2550
  5.2806  4.4467  0.0000  0.9161 41.4666
  5.3080  3.8926  0.0000  2.5779 35.3871
  5.1597  2.7513  0.0000  0.8341 23.2826
  5.1615  2.2164  0.0000  1.6276 17.8704
  4.6527  0.6090  0.0000  2.4656  3.5906
  4.1308  2.5497  0.0000  0.6761 21.2195
  4.4939  1.9006  0.0000  0.7161 14.7838
  6.9281  2.1900  0.0000  0.4062 17.6090
  6.5210  2.0041  0.0000  0.7587 15.7848
  5.2127  2.9444  0.0000  1.6598 25.2836
  4.9778  3.1954  0.0000  1.1322 27.9157
  4.8352  2.9627  0.0000  0.1194 25.4736
  5.4623  4.0650  0.0000  1.9693 37.2669
  4.8858  2.5440  0.0000  1.6267 21.1614
  4.1756  2.2363  0.0000  1.0806 18.0680
  5.1490  1.4628  0.0000  2.8486 10.6773
  5.5077  3.0897  0.0000  0.7051 26.8025
  6.1227  4.3322  0.0000  1.5256 40.2010
  6.1126  2.5592  0.0000  0.7605 21.3155
  5.9192  1.2914  0.0000  0.8791  9.1382
  5.5862  2.2376  0.0000  0.9345 18.0813
  5.4154  4.2103  0.0000  0.5663 38.8592
  5.9135  3.1253  0.0000  1.3130 27.1772
  6.1976  3.0641  0.0000  0.6757 26.5346
  3.7906  3.3260  0.0000  1.5622 29.2979
  3.7476  3.6972  0.0000  1.5110 33.2719
  5.1935  1.8078  0.0000  0.5377 13.8940
  4.9881  2.2699  0.0000  1.2204 18.4028
  5.4200  1.2614  0.0000  1.3475  8.8744
  5.5475  0.6814  0.0000  2.2365  4.1223
  5.0668  1.6973  0.0000  0.7207 12.8482
  5.0602  3.0490  0.0000  1.3802 26.3756
  5.3565  1.3153  0.0000  2.0628  9.3505
  3.5796  0.5144  0.0000  2.8445  2.9230
  5.1059  1.5546  0.0000  1.5798 11.5187
  4.9211  0.8577  0.0000  1.3427  5.4822
  6.7298  1.6855  0.0000  0.8599 12.7378
  5.6904  2.2335  0.0000  1.9850 18.0402
  5.3784  0.5509  0.0000  0.1544  3.1771
  5.3353  4.1987  0.0000  1.1999 38.7316
  4.1286  3.8303  0.0000  1.1723 34.7106
  5.0274  2.2407  0.0000  1.9174 18.1119
  4.2611  2.8435  0.0000  1.5721 24.2354
  5.6824  4.0032  0.0000  2.3796 36.5914
  6.2338  3.3544  0.0000  1.9839 29.5994
  4.1306  4.4991  0.0000  0.3186 42.0466
  4.7050  2.6311  0.0000  0.7007 22.0495
  4.9167  2.0758  0.0000  2.6039 16.4847
  6.0205  3.7014  0.0000  2.4737 33.3163
  5.0854  2.7996  0.0000  2.0220 23.7805
  5.3518  4.1486  0.0000  2.5612 38.1823
  5.4770  2.0848  0.0000  0.9446 16.5731
  5.2947  1.0311  0.0000  1.6533  6.8979
  5.1643  2.2960  0.0000  1.6649 18.6629
  5.7798  2.1789  0.0000  1.4350 17.4998
  5.1508  3.4528  0.0000  0.7254 30.6476
  3.9984  3.5197  0.0000  1.0615 31.3633
  5.0925  2.3688  0.0000  0.6977 19.3914
  5.3225  3.6574  0.0000  2.0851 32.8420
  5.0957  3.0143  0.0000  2.6261 26.0124
  4.5235  3.1060  0.0000  2.4610 26.9738
  4.0749  2.0502  0.0000  2.0668 16.2340
  5.5806  2.1098  0.0000  1.9043 16.8180
  5.7355  2.0884  0.0000  1.9915 16.6080
  4.8951  3.1355  0.0000  0.5553 27.2845
  5.3824  0.9153  0.0000  1.1375  5.9443
  5.3263  1.6155  0.0000  1.4892 12.0829
  5.1240  2.6915  0.0000  1.2237 22.6673
  5.1205  1.4114  0.0000  1.1830 10.2108
  5.6510  1.3414  0.0000  1.4649  9.5832
  4.3643  1.0915  0.0000  1.7747  7.4060
  5.5380  3.2512  0.0000  2.9758 28.5048
  5.3935  0.6692  0.0000  0.7811  4.0317
  5.1554  1.7127  0.0000  0.8476 12.9932
  5.4621  2.6183  0.0000  0.6036 21.9186
  5.3861  0.6652  0.0000  0.2582  4.0017
  4.7194  2.8132  0.0000  1.2382 23.9213
  5.4722  3.7617  0.0000  1.1006 33.9686
  5.4822  1.8808  0.0000  1.9681 14.5931
  5.8835  2.0743  0.0000  1.1843 16.4705
  5.2911  3.7776  0.0000  0.6724 34.1404
  3.9589  4.0279  0.0000  2.4569 36.8615
  4.1109  2.7898  0.0000  2.4235 23.6802
  5.7986  2.0243  0.0000  0.8644 15.9816
  5.4273  2.2127  0.0000  1.5016 17.8340
  6.4756  4.0588  0.0000  1.6151 37.1989
  5.4064  3.9593  0.0000  1.5445 36.1125
  5.7218  3.9080  0.0000  1.5784 35.5542
  4.5454  3.1880  0.0000  2.2588 27.8373
  5.0088  1.5867  0.0000  0.9240 11.8158
  4.3324  2.1066  0.0000  1.4622 16.7871
  5.3452  1.5426  0.0000  1.4613 11.4079
  4.3691  3.9622  0.0000  2.3100 36.1447
  6.6476  2.8304  0.0000  1.4402 24.0996
  5.0134  3.7685  0.0000  1.8095 34.0420
  4.9561  2.8441  0.0000  0.2512 24.2411
  4.8260  1.6237  0.0000  0.4485 12.1595
  3.7947  3.7818  0.0000  0.5038 34.1852
  5.4761  1.3955  0.0000  1.6607 10.0678
  4.5171  3.0695  0.0000  1.2598 26.5907
  4.6033  2.2877  0.0000  1.4420 18.5794
  4.3131  3.9987  0.0000  0.8310 36.5427
  5.3452  0.5983  0.0000  1.5471  3.5133
  5.2862  1.2864  0.0000  2.5650  9.0943
  4.8291  2.8271  0.0000  1.9881 24.0650
  4.1762  4.2963  0.0000  1.5989 39.8050
  4.6804  3.0613  0.0000  1.7717 26.5051
  4.9072  2.5036  0.0000  1.7751 20.7514
  4.4310  2.0706  0.0000  0.9019 16.4342
  5.3861  1.7116  0.0000  1.6126 12.9824
  4.5289  3.2765  0.0000  1.7274 28.7729
  4.8946  2.9437  0.0000  1.0757 25.2756
  5.0938  2.6284  0.0000  0.8238 22.0218
  5.6951  3.5779  0.0000  2.0886 31.9872
  5.9941  3.1587  0.0000  1.7472 27.5284
  5.7874  3.7864  0.0000  2.0407 34.2358
  5.0731  3.6015  0.0000  1.1751 32.2412
  4.0513  1.3477  0.0000  0.7497  9.6389
  5.8045  4.1177  0.0000  0.7955 37.8431
  5.3071  2.4518  0.0000  1.6246 20.2271
  5.5084  3.0462  0.0000  1.2657 26.3469
  4.6270  2.3468  0.0000  1.0608 19.1704
  6.6015  3.6494  0.0000  1.0549 32.7559
  3.6167  2.5434  0.0000  1.6842 21.1546
  4.7582  2.3359  0.0000  0.5222 19.0613
  4.2593  1.4787  0.0000  2.2418 10.8217
  5.7731  1.4832  0.0000  0.7454 10.8629
  5.0465  2.1214  0.0000  1.2321 16.9328
  4.6147  3.1539  0.0000  1.2312 27.4773
  5.4842  3.4145  0.0000  1.3281 30.2397
  5.5209  1.3070  0.0000  1.6650  9.2770
  5.0476  0.5228  0.0000  1.8550  2.9808
  5.0471  1.6026  0.0000  2.1628 11.9632
  4.9308  3.8560  0.0000  1.7317 34.9898
  3.7273  2.1272  0.0000  2.5970 16.9896
  5.3076  3.1456  0.0000  0.6328 27.3907
  5.1153  2.9001  0.0000  0.9388 24.8219
  5.4081  2.8521  0.0000  2.9914 24.3242
  4.6975  1.4058  0.0000  2.6061 10.1606
  4.8039  2.2547  0.0000  0.3566 18.2506
  3.7647  1.5107  0.0000  0.8167 11.1148
  5.4116  2.5904  0.0000  0.8630 21.6334
  4.3702  3.4315  0.0000  2.9207 30.4202
  6.0951  3.4436  0.0000  2.6023 30.5502
  5.1160  2.0669  0.0000  0.9623 16.3977
  4.7299  2.3291  0.0000  1.7102 18.9937
  5.7317  2.7924  0.0000  1.8595 23.7069
  5.2743  1.9332  0.0000  1.1909 15.0979
  4.1818  3.2067  0.0000  2.7981 28.0342
  3.8277  2.8707  0.0000  2.2401 24.5169
  5.2803  1.6072  0.0000  3.0499 12.0055
  5.3416  2.4837  0.0000  2.5827 20.5492
  3.7187  2.0984  0.0000  1.5561 16.7067
  5.5314  3.0110  0.0000  1.4050 25.9781
  6.1722  3.2330  0.0000  2.2626 28.3123
  5.8467  3.6147  0.0000  2.2317 32.3824
  5.2890  2.1163  0.0000  1.6588 16.8828
  4.5597  2.3105  0.0000  1.4644 18.8073
  5.8461  2.2313  0.0000  1.3906 18.0182
  4.9821  2.3224  0.0000  1.9393 18.9264
  5.3546  1.6488  0.0000  2.6747 12.3938
  5.4128  4.4692  0.0000  1.3039 41.7160
  4.7280  3.6159  0.0000  0.5064 32.3953
  5.4160  1.2132  0.0000  0.6698  8.4522
  5.6334  1.6254  0.0000  1.3361 12.1751
  4.3550  3.4656  0.0000  1.8742 30.7844
  4.9988  2.7411  0.0000  2.8822 23.1773
  5.1729  0.8154  0.0000  1.2346  5.1484
  5.0672  1.5398  0.0000  1.5507 11.3823
  5.4451  2.0553  0.0000  2.2025 16.2844
  4.9979  2.6862  0.0000  0.7106 22.6131
  5.0226  1.5876  0.0000  1.6139 11.8240
  4.0432  3.5535  0.0000  1.4795 31.7262
  4.4717  4.0874  0.0000  1.8091 37.5120
  4.9692  3.4596  0.0000  2.3065 30.7206
  4.8823  2.2377  0.0000  1.8659 18.0821
  5.1197  1.9952  0.0000  0.4052 15.6984
  5.2964  1.6567  0.0000  1.6374 12.4671
  4.5939  4.3760  0.0000  2.4399 40.6849
  6.0221  2.5610  0.0000  2.5523 21.3339
  5.4105  2.3954  0.0000  1.6856 19.6583
  6.0741  0.9775  0.0000  0.8903  6.4527
