  5.3676  3.5426  0.9740  0.8528 31.6090
  5.1103  4.1784  0.9769  0.2747 38.5088
  4.8411  1.2078  0.9980  1.1303  8.4050
  4.2607  4.6431  0.9670  0.9273 43.6463
  5.1381  1.8386  0.9980  0.3865 14.1880
  3.8789  5.2910  0.9798  0.5386 50.9214
  4.2974  4.2778  0.9895  0.9383 39.6016
  3.7399  4.2515  0.9980  0.8126 39.3118
  5.1917  2.5713  0.9677  1.9600 21.4385
  5.6077  4.3467  0.9737  1.5011 40.3611
  5.3536  2.8622  0.9770  1.6841 24.4293
  5.0514  4.8629  0.9980  1.8716 46.1006
  4.0428  4.3632  0.9675  1.0116 40.5437
  5.2867  0.7210  0.9890  1.9232  4.4203
  5.4785  0.8597  0.9882  1.8179  5.4979
  5.7835  1.6879  0.9957  2.3235 12.7603
  4.0728  0.7335  0.9940  0.3467  4.5150
  4.1609  4.3527  0.9767  1.9711 40.4269
  5.0794  4.2885  0.9971  1.2615 39.7191
  4.8450  3.9062  0.9877  1.4034 35.5352
  6.7619  3.2189  0.6407  1.5533 28.1632
  5.5949  0.7991  0.9953  1.6065  5.0204
  5.1299  3.5432  0.9757  1.1750 31.6153
  5.0659  0.5767  0.9907  2.3182  3.3591
  5.2773  1.7272  0.9937  1.8586 13.1298
  5.8061  1.8755  0.9935  0.8325 14.5424
  3.5384  4.1454  0.9912  1.7381 38.1464
  5.0541  1.2356  0.9971  0.4439  8.6479
  5.6268  2.7929  0.9686  0.5029 23.7122
  4.4525  2.8364  0.9813  1.1556 24.1617
  5.0485  0.8396  0.9937  1.6499  5.3386
  3.6882  1.0944  0.9923  0.3001  7.4304
  5.2558  4.4197  0.9867  2.7356 41.1672
  5.0221  3.0147  0.9702  1.7674 26.0174
  5.1256  0.9697  0.9790  0.4972  6.3882
  6.0600  2.4047  0.9692  2.4493 19.7518
  5.4026  4.2271  0.9944  1.0239 39.0436
  5.1623  5.9549  0.9727  1.1405 58.4922
  4.9835  0.7729  0.9782  0.8831  4.8175
  4.9372  3.1997  0.9738  1.1766 27.9605
  4.3715  1.8117  0.9670  0.9612 13.9312
  5.0767  1.8687  0.9882  0.5283 14.4766
  5.5714  1.9827  0.9803  1.6475 15.5774
  5.7111  5.3750  0.9884  1.4800 51.8737
  4.8174  2.2204  0.9819  2.0151 17.9103
  5.5434  3.2712  0.9858  0.6974 28.7171
  5.4965  1.5655  0.9804  0.6529 11.6191
  5.5181  2.7014  0.9708  1.2018 22.7698
  4.3248  2.6178  0.9690  0.5394 21.9134
  5.3660  2.7892  0.9882  0.6910 23.6731
  4.5730  1.9158  0.9812  1.6004 14.9298
  5.6077  4.9388  0.9980  0.2497 46.9520
  5.5348  4.3808  0.9980  1.1643 40.7375
  4.8528  1.8539  0.9713  1.2481 14.3353
  5.0282  2.4148  0.9957  0.8489 19.8538
  5.1601  4.5445  0.9825  2.2020 42.5501
  4.6726  6.2753  0.9672  2.2347 62.1820
  4.0096  3.4126  0.9953  1.2270 30.2190
  4.4708  3.5979  0.9979  1.7355 32.2026
  5.4112  1.8903  0.9979  1.7151 14.6846
  5.2763  3.5735  0.9822  1.1550 31.9399
  5.0491  4.2449  0.9759  1.1398 39.2397
  4.7632  3.7462  0.9841  1.5126 33.8001
  4.3902  2.8481  0.9711  1.0133 24.2830
  4.0213  5.2104  0.9980  0.6795 50.0100
  4.6382  2.7929  0.9748  1.0990 23.7119
  3.8312  3.2720  0.9972  0.8238 28.7249
  5.9830  3.2431  0.9942  0.5604 28.4188
  5.1647  1.7521  0.9900  1.0866 13.3652
  4.2016  3.7996  0.9785  0.8916 34.3782
  5.1735  3.5729  0.9907  2.9626 31.9339
  5.8082  3.6541  0.9798  0.4505 32.8067
  4.8326  2.5760  0.9898  0.3205 21.4871
  4.9109  1.0844  0.9845  0.7805  7.3460
  4.2979  1.6368  0.9700  2.2906 12.2811
  5.2089  1.2950  0.9814  0.4005  9.1709
  3.6032  1.2166  0.9788  0.4851  8.4816
  5.2571  4.6788  0.9906  2.1996 44.0437
  4.0491  3.9294  0.9778  0.4481 35.7878
  6.2640  2.9802  0.9819  2.0242 25.6562
  4.1566  4.6191  0.9946  1.0228 43.3796
  5.3312  5.4061  0.9872  1.3781 52.2263
  4.9986  1.2826  0.9768  0.9836  9.0605
  5.5867  1.6459  0.9882  1.1784 12.3664
  4.3681  3.0818  0.9799  1.2247 26.7195
  5.9721  0.8317  0.9867  0.7011  5.2766
  5.3035  2.1104  0.9696  1.1882 16.8242
  4.8003  5.0620  0.9851  0.7365 48.3365
  5.3456  1.0511  0.9911  1.0136  7.0650
  5.0280  3.3335  0.9727  0.7201 29.3778
  5.4003  2.8569  0.9870  1.6488 24.3740
  5.8972  3.4374  0.9937  0.5324 30.4833
  5.3512  4.8993  0.9962  0.9461 46.5089
  5.2687  4.0982  0.9904  1.9788 37.6301
  5.3062  3.4888  0.9794  0.5166 31.0327
  5.0170  4.4835  0.9799  2.5598 41.8738
  5.2659  1.1325  0.9966  0.3714  7.7551
  5.7462  3.8816  0.9671  1.3524 35.2678
  3.7084  4.3795  0.9955  1.4592 40.7227
  5.2439  3.1302  0.9774  2.3738 27.2283
  4.8059  5.5911  0.9808  0.9061 54.3299
  5.4428  4.0038  0.9978  0.4983 36.5986
  5.2150  2.9401  0.9839  2.2378 25.2380
  4.7280  1.0151  0.9726  1.2723  6.7641
  5.2698  1.9669  0.9773  0.9257 15.4240
  5.2242  3.7492  0.9679  1.4791 33.8329
  5.5780  3.1599  0.9778  0.8479 27.5414
  3.6552  3.7850  0.9963  1.0097 34.2198
  5.3403  2.5846  0.9896  0.1498 21.5746
  5.1385  0.4736  0.9952  2.2097  2.6455
  5.3616  0.3952  0.9727  1.9743  2.1305
  4.7983  3.1051  0.9952  1.1502 26.9644
  4.5412  2.2224  0.9750  1.5327 17.9300
  5.5830  1.9932  0.9792  2.6504 15.6786
  5.6094  2.4319  0.9888  0.7943 20.0257
  5.1021  3.0560  0.9743  1.9022 26.4493
  5.9670  2.9850  0.9733  1.0997 25.7071
  4.4521  2.2477  0.9877  1.5738 18.1815
  6.2591  1.3807  0.9720  0.2240  9.9343
  3.5270  1.7089  0.9732  2.2134 12.9576
  5.7859  4.0035  0.9930  0.1559 36.5947
  5.1025  4.1683  0.9972  2.3489 38.3981
  5.4622  2.1322  0.9708  1.9963 17.0387
  5.6507  3.1159  0.9760  1.2601 27.0776
  4.9786  3.3419  0.9787  0.2452 29.4663
  5.2649  2.6554  0.9926  0.8805 22.2981
  4.4645  1.1364  0.9815  0.5236  7.7886
  5.0267  2.6946  0.9980  2.7065 22.6997
  5.5090  3.7705  0.9728  0.6228 34.0631
  5.4890  1.6339  0.9783  1.8981 12.2548
  4.6474  3.0260  0.9833  0.9929 26.1354
  4.9606  3.5666  0.9856  2.0961 31.8665
  4.1924  5.9626  0.9839  1.2212 58.5808
  5.3047  1.8897  0.9790  1.6911 14.6781
  5.2176  1.5307  0.9919  1.0342 11.2982
  5.3416  2.3049  0.9738  2.3130 18.7512
  3.5567  0.5794  0.9867  1.3116  3.3783
  5.1105  5.5659  0.9672  0.9885 54.0427
  4.5732  2.9264  0.9680  0.7658 25.0962
  5.3777  1.5040  0.9878  2.0522 11.0535
  4.7744  2.8801  0.9757  1.3829 24.6149
  5.2918  3.2221  0.9803  0.7243 28.1976
  5.4445  3.3985  0.9790  1.0814 30.0693
  4.6755  3.3441  0.9670  0.9101 29.4899
  3.7633  3.5193  0.9684  1.6025 31.3587
  5.8357  0.6994  0.9904  1.3487  4.2573
  5.4739  2.0683  0.9900  1.1062 16.4117
  4.8588  1.7922  0.9945  1.8124 13.7459
  5.4841  0.7581  0.9855  1.0158  4.7033
  5.2686  0.7347  0.9888  1.7902  4.5243
  6.6109  4.2656  0.7016  0.7829 39.4677
  4.7369  5.2008  0.9804  2.4088 49.9013
  5.3508  4.0062  0.9826  1.9055 36.6246
  6.7072  2.2251  0.6425  0.6414 17.9573
  4.5157  5.9806  0.9776  1.1353 58.7874
  5.5386  3.2787  0.9833  2.5761 28.7964
  5.4626  1.3830  0.9720  0.6734  9.9549
  5.3331  3.7592  0.9770  1.9541 33.9416
  4.8796  1.1912  0.9900  1.6521  8.2616
  4.7430  1.4572  0.9698  1.0726 10.6264
  4.3814  3.6380  0.9736  0.8063 32.6334
  4.7045  2.7822  0.9730  2.2377 23.6011
  6.4333  1.5700  0.9239  2.4446 11.6612
  4.6080  2.0702  0.9940  1.0164 16.4302
  5.6692  2.8408  0.9817  2.5717 24.2070
  5.7862  0.3083  0.9946  1.0662  1.5913
  6.0782  4.2588  0.9920  0.6958 39.3927
  4.8597  5.0034  0.9678  0.9606 47.6773
  5.9155  4.8550  0.9887  0.3786 46.0128
  6.2248  3.6127  0.9940  1.2633 32.3609
  4.2191  2.7833  0.9906  1.4637 23.6130
  4.3723  4.1871  0.9708  1.7888 38.6045
  4.8248  2.5967  0.9930  0.5355 21.6980
  5.8173  1.1951  0.9761  1.3150  8.2948
  5.1432  0.3125  0.9917  0.6912  1.6167
  5.4798  3.1545  0.9688  0.9246 27.4846
  4.8217  3.0174  0.9939  1.4513 26.0453
  5.9872  2.4426  0.9954  0.4436 20.1339
  6.2548  3.5668  0.9915  1.0057 31.8682
  5.0135  2.1752  0.9847  2.0287 17.4628
  5.4065  3.2752  0.9864  1.2479 28.7587
  5.7811  2.0003  0.9966  0.1450 15.7483
  3.7667  1.6128  0.9818  1.2280 12.0579
  4.3663  1.4543  0.9763  2.3190 10.5995
  6.0861  2.6450  0.9775  1.0747 22.1917
  3.8052  4.1779  0.9667  0.7901 38.5037
  5.0636  2.1188  0.9972  1.3218 16.9068
  5.2001  2.0452  0.9728  0.7270 16.1854
  5.3612  1.3509  0.9919  0.9523  9.6676
  4.7685  1.6762  0.9752  0.6553 12.6498
  4.8944  1.7878  0.9980  1.1259 13.7043
  3.9823  1.4846  0.9925  1.3846 10.8759
  4.5732  5.0325  0.9972  1.1407 48.0042
  3.5797  6.1694  0.9807  1.4421 60.9606
  5.3417  1.0120  0.9876  1.8499  6.7381
  5.1608  0.8946  0.9848  1.6567  5.7772
  5.1270  4.4352  0.9871  0.5083 41.3386
  5.3806  4.4814  0.9817  2.0814 41.8505
  3.9892  3.1699  0.9947  0.5137 27.6461
  4.8356  1.6416  0.9890  2.5516 12.3261
  3.9094  3.3394  0.9927  0.7313 29.4400
  6.9573  1.7612  0.4676  2.1650 13.4517
  5.5625  3.8167  0.9786  0.8056 34.5633
  5.2267  4.1604  0.9886  1.6642 38.3110
  4.8602  2.2491  0.9736  1.3373 18.1955
  5.6694  4.2087  0.9848  1.1687 38.8411
  5.1402  2.5990  0.9706  0.6065 21.7215
  5.0849  5.0960  0.9945  0.6419 48.7198
  5.4540  0.9057  0.9980  1.7822  5.8673
  4.0346  1.9837  0.9766  0.6744 15.5869
  5.4469  1.8076  0.9831  1.1401 13.8922
  5.4501  4.1136  0.9921  0.1991 37.7989
  4.9634  2.8241  0.9839  1.7654 24.0340
  5.0426  3.2508  0.9909  1.0674 28.5004
  6.2058  2.3646  0.9863  0.6118 19.3487
  5.2960  2.6192  0.9876  0.7499 21.9280
  5.5725  2.7605  0.9707  1.2992 23.3775
  4.8848  1.1547  0.9938  1.0816  7.9461
  5.2206  0.9891  0.9980  2.3091  6.5481
  5.1453  2.8282  0.9930  0.1163 24.0764
  4.5885  4.0000  0.9853  0.5454 36.5571
  5.1735  2.1399  0.9872  0.1610 17.1149
  5.5062  4.6722  0.9978  0.9796 43.9701
  5.1474  2.8161  0.9877  1.6815 23.9514
  5.4621  3.2961  0.9827  1.1086 28.9804
  5.0383  1.5145  0.9816  0.7985 11.1499
  5.1955  1.5002  0.9837  0.7326 11.0188
  5.7467  3.8688  0.9929  1.9030 35.1290
  5.2196  1.3968  0.9739  0.7876 10.0794
  5.0851  5.3941  0.9762  1.0060 52.0900
  4.9048  1.7381  0.9980  0.9304 13.2329
  4.0472  2.4645  0.9921  1.8107 20.3552
  5.4496  1.4714  0.9811  1.9064 10.7551
  5.5120  3.6801  0.9687  1.1125 33.0870
  5.4701  3.1957  0.9745  0.3919 27.9184
  6.0206  1.8214  0.9974  1.8472 14.0238
  4.0472  1.3247  0.9837  1.1869  9.4340
  5.1476  4.7963  0.9974  2.2117 45.3561
  5.3050  1.3129  0.9679  1.4329  9.3294
  4.2923  2.1613  0.9908  1.6396 17.3259
  4.0622  1.8601  0.9693  0.6917 14.3946
  5.3984  0.6326  0.9718  0.6941  3.7622
  5.6184  2.7050  0.9933  0.6478 22.8070
  4.9002  3.4220  0.9887  2.3042 30.3190
  5.5553  2.0961  0.9780  2.1527 16.6842
  5.5261  3.0875  0.9841  1.5015 26.7797
  4.4270  2.2265  0.9797  1.6433 17.9707
  5.8116  3.4361  0.9882  0.8262 30.4693
  5.6100  3.3536  0.9867  1.6776 29.5911
  4.9092  2.2473  0.9877  0.8715 18.1778
  5.6417  1.6883  0.9868  2.4783 12.7634
  5.3088  1.7559  0.9710  0.8180 13.4010
  5.3545  1.5912  0.9721  2.3906 11.8572
  5.5819  4.2243  0.9784  2.3119 39.0126
  5.4208  5.1868  0.9923  1.9004 49.7437
  5.1064  2.5478  0.9842  2.0763 21.1999
  5.1359  2.5594  0.9926  2.6852 21.3180
  5.1878  3.2240  0.9778  2.2639 28.2175
  4.6484  2.6526  0.9950  1.8169 22.2691
  4.7166  1.7575  0.9957  0.5781 13.4166
  6.2343  0.9736  0.9704  1.0935  6.4210
  5.3548  3.2550  0.9673  2.1537 28.5454
  4.7010  2.0115  0.9922  1.0624 15.8565
  4.3365  0.8551  0.9796  0.4997  5.4614
  5.8589  3.8626  0.9853  0.5348 35.0610
  5.0103  2.7444  0.9839  1.0305 23.2121
  6.0325  3.7802  0.9769  1.9787 34.1680
  5.1970  4.9502  0.9738  0.6684 47.0795
  4.9720  2.8021  0.9703  0.2474 23.8069
  4.6471  5.5251  0.9830  1.5587 53.5783
  4.9811  1.4934  0.9882  1.1972 10.9566
  4.5673  3.9122  0.9877  1.6566 35.5998
  4.5159  3.3024  0.9879  0.8393 29.0476
  5.1698  3.8736  0.9868  2.6614 35.1804
  5.5180  1.3145  0.9840  0.6176  9.3430
  4.3681  2.2811  0.9903  1.2902 18.5141
  4.7021  4.8271  0.9977  0.8556 45.7004
  5.4293  4.9281  0.9701  1.9223 46.8318
  4.0812  2.8410  0.9772  0.3932 24.2093
  4.8839  0.5619  0.9783  2.1267  3.2542
  5.4431  3.5601  0.9756  1.7275 31.7971
  6.5223  2.4238  0.7118  2.4623 19.9446
  4.9380  1.8309  0.9752  2.2905 14.1150
  4.2761  3.0367  0.9855  1.0305 26.2473
  5.2275  3.1827  0.9905  0.6021 27.7815
  3.9789  2.2188  0.9747  1.9759 17.8942
  4.4277  1.9842  0.9834  2.0128 15.5915
  4.9724  4.0376  0.9680  1.5033 36.9668
  5.2067  4.2413  0.9923  1.8442 39.2003
  5.6902  4.1222  0.9907  0.4156 37.8931
  5.2935  3.3292  0.9742  1.0225 29.3322
  4.7308  4.2107  0.9765  1.8087 38.8640
  5.0997  4.6106  0.9918  1.6543 43.2850
  5.1783  2.4079  0.9781  0.2685 19.7845
  5.5243  5.2684  0.9863  0.2705 50.6662
  5.2118  6.4907  0.9976  1.2799 64.6756
  5.2894  4.4947  0.9890  1.7323 41.9982
  5.1598  1.0992  0.9964  0.8822  7.4712
  4.2965  3.9107  0.9887  0.7908 35.5839
  6.2151  0.5533  0.9946  0.3548  3.1939
  4.9102  1.1137  0.9864  2.0604  7.5948
  4.8640  2.8691  0.9870  2.1653 24.5001
  3.8791  3.9092  0.9803  0.4825 35.5679
  5.3222  2.9490  0.9916  1.4327 25.3311
  5.1821  2.9702  0.9710  2.4973 25.5521
  5.7200  2.9545  0.9774  1.0218 25.3884
  4.7533  4.3559  0.9839  0.2388 40.4627
  3.8102  1.8751  0.9703  0.9685 14.5377
  4.8324  5.1944  0.9690  1.4746 49.8292
  4.8361  2.0045  0.9729  1.2258 15.7890
  3.6213  3.3049  0.9889  0.9558 29.0742
  4.0408  3.0077  0.9737  0.7311 25.9443
  4.1094  5.5670  0.9776  2.0288 54.0560
  5.1953  3.6130  0.9793  1.4918 32.3644
  4.7798  1.9278  0.9893  1.8840 15.0457
  5.2321  1.2275  0.9980  0.4044  8.5772
  4.2830  4.3564  0.9878  0.8324 40.4682
  4.3509  3.4130  0.9702  1.5075 30.2230
  5.3639  1.2652  0.9980  1.4520  8.9075
  5.4335  1.6101  0.9679  1.3921 12.0325
  5.1006  3.8053  0.9951  1.6994 34.4396
  4.4343  1.2193  0.9924  1.3762  8.5051
  4.6489  1.0553  0.9917  2.7959  7.1008
  5.3322  2.5851  0.9914  1.1378 21.5799
  4.7893  4.9492  0.9980  2.7276 47.0691
  5.3615  3.1369  0.9980  2.9146 27.2987
  5.1016  1.1272  0.9755  1.2935  7.7103
  5.2179  2.5300  0.9746  0.0797 21.0188
  5.1570  2.1883  0.9704  1.2026 17.5927
  6.4287  1.7186  0.9025  1.7707 13.0487
  5.6220  3.4047  0.9900  0.2891 30.1353
  5.3917  2.0162  0.9840  1.6457 15.9026
  4.9711  4.4262  0.9956  2.2059 41.2399
  5.6067  3.4959  0.9748  0.6289 31.1087
  5.9560  1.7180  0.9835  1.2382 13.0431
  5.8803  2.7468  0.9684  1.4083 23.2366
  4.6271  0.9768  0.9875  2.1097  6.4472
  5.1095  2.7346  0.9877  0.2464 23.1107
  3.6017  5.6334  0.9686  1.3419 54.8124
  5.6429  0.5605  0.9948  2.0086  3.2441
  5.0462  1.6235  0.9848  1.6485 12.1575
  5.2893  2.5961  0.9870  0.8087 21.6921
  5.2812  0.8526  0.9820  2.4652  5.4414
  5.2151  2.8082  0.9807  1.0333 23.8696
  4.8168  3.3200  0.9678  1.5794 29.2336
  4.7031  1.7620  0.9874  1.7022 13.4591
  6.7273  1.8019  0.5359  2.1634 13.8381
  4.4709  4.5481  0.9750  0.5390 42.5903
  5.2861  2.6372  0.9694  1.3788 22.1114
  4.7378  2.2683  0.9761  0.3679 18.3863
  4.4603  4.9517  0.9789  1.6090 47.0972
  5.1108  2.3055  0.9701  1.4881 18.7574
  6.0384  2.9167  0.9858  1.8845 24.9952
  4.9063  1.0255  0.9878  0.9893  6.8505
  4.9355  2.3528  0.9698  2.2394 19.2305
  4.9910  1.4692  0.9951  0.8920 10.7358
  6.1637  4.9517  0.9842  0.4015 47.0971
  4.7172  4.2777  0.9787  1.3912 39.6007
  3.5840  0.4523  0.9811  2.1505  2.5034
  5.2874  3.5785  0.9851  2.0839 31.9939
  5.4842  1.8988  0.9951  0.6007 14.7664
  3.8514  2.5513  0.9892  1.8100 21.2354
  5.1999  3.5848  0.9969  0.4614 32.0619
  5.6171  3.2237  0.9705  2.1122 28.2140
  5.4567  3.8740  0.9671  1.3429 35.1851
  4.8765  4.0684  0.9938  0.3160 37.3041
  5.7376  0.9572  0.9796  0.6087  6.2859
  4.9123  1.6167  0.9717  2.1473 12.0944
  4.7455  3.0206  0.9876  1.3982 26.0784
  5.5618  0.4090  0.9684  0.3068  2.2195
  4.3709  3.5771  0.9878  0.5394 31.9788
  5.3729  3.8504  0.9781  1.2158 34.9291
  5.6258  3.2574  0.9841  1.7469 28.5700
  3.5446  3.4386  0.9919  1.6214 30.4968
  5.4095  2.9998  0.9799  1.7366 25.8611
  5.4287  1.0334  0.9887  0.3502  6.9169
  4.3433  3.0504  0.9835  1.6282 26.3911
  5.2475  2.3721  0.9930  0.3902 19.4249
  4.8919  5.5263  0.9886  0.7112 53.5930
  4.6452  2.1614  0.9903  2.2533 17.3270
  5.3251  5.6614  0.9891  1.5787 55.1323
  5.0635  3.5648  0.9779  0.1184 31.8473
  4.8030  2.4338  0.9751  2.4070 20.0457
  5.9827  3.4936  0.9980  1.1399 31.0846
  5.4644  5.7606  0.9784  1.7386 56.2651
  4.9756  2.1113  0.9760  0.1259 16.8336
  4.8730  3.7550  0.9748  2.0553 33.8961
  4.9941  3.6248  0.9892  0.7177 32.4912
  4.8250  3.1235  0.9917  2.6294 27.1580
  3.9857  2.9700  0.9826  0.5527 25.5502
  3.8740  2.6094  0.9709  0.9466 21.8274
  4.9898  1.2719  0.9896  1.3181  8.9664
  5.5629  4.1447  0.9980  1.0962 38.1396
  4.4958  3.3452  0.9758  1.5603 29.5013
  6.2113  2.5127  0.9817  0.5855 20.8434
  4.6136  2.5113  0.9861  0.9672 20.8291
  5.0920  3.0190  0.9677  1.1400 26.0616
  5.1115  1.2069  0.9772  1.1470  8.3972
  5.3937  2.6486  0.9771  1.1321 22.2281
  4.6616  2.5119  0.9705  2.5422 20.8355
  4.8793  5.2276  0.9884  0.4222 50.2046
  6.5121  2.8916  0.8705  1.6739 24.7339
  5.2793  0.3969  0.9878  1.6382  2.1415
  5.4728  4.0946  0.9944  1.4214 37.5902
  4.9635  5.5117  0.9750  1.8802 53.4264
  4.0446  3.4052  0.9694  0.8692 30.1403
  5.6440  1.5260  0.9714  2.1425 11.2556
  5.1063  3.9340  0.9830  1.9420 35.8373
  4.9036  3.5833  0.9972  1.5255 32.0455
  6.6263  3.4569  0.6089  0.6636 30.6918
  5.1045  1.4525  0.9876  1.2787 10.5835
  4.8747  5.0589  0.9695  1.8956 48.3022
  5.1308  0.4845  0.9816  0.2407  2.7191
  5.1158  2.3357  0.9772  2.1491 19.0597
  4.7274  3.0394  0.9680  1.5247 26.2752
  5.5123  0.8186  0.9769  0.7115  5.1730
  5.5352  3.2827  0.9919  1.9962 28.8390
  6.7245  1.4697  0.7575  2.3754 10.7402
  5.6435  3.9144  0.9792  2.6060 35.6244
  4.6861  1.7925  0.9832  1.5945 13.7491
  4.3483  4.3640  0.9876  0.5200 40.5520
  4.2529  3.8246  0.9812  1.3361 34.6493
  5.1162  1.2661  0.9778  0.5909  8.9151
  5.2077  1.6879  0.9952  1.3283 12.7602
  4.2822  4.1625  0.9804  1.3405 38.3347
  5.0498  1.7175  0.9732  1.3591 13.0384
  4.6909  2.7709  0.9944  1.3837 23.4851
  4.4765  0.7672  0.9947  1.8391  4.7735
  5.7000  2.8472  0.9704  0.8243 24.2730
  5.2759  2.0842  0.9682  1.0138 16.5675
  6.0216  3.5098  0.9864  1.0144 31.2579
  4.9469  3.7980  0.9788  0.5868 34.3615
  5.4565  2.6853  0.9941  0.7985 22.6042
  6.1200  3.1793  0.9974  0.9962 27.7451
  5.0477  4.6601  0.9721  2.3792 43.8359
  4.9484  1.3698  0.9855  2.1217  9.8364
  5.2047  4.1171  0.9923  0.8010 37.8369
  4.6410  3.0481  0.9930  0.7244 26.3665
  5.7332  4.1975  0.9980  2.6694 38.7183
  4.6263  4.0680  0.9785  1.5567 37.2990
  5.1677  3.1454  0.9851  1.8102 27.3878
  5.1731  2.7306  0.9832  2.0489 23.0695
  5.6077  1.3718  0.9909  1.1765  9.8549
  4.4482  3.8890  0.9897  0.5634 35.3477
  4.8032  2.1229  0.9716  1.6009 16.9477
  4.4860  1.2026  0.9909  0.7191  8.3600
  5.0333  3.3614  0.9762  1.4633 29.6737
  5.2943  1.6959  0.9976  0.6974 12.8352
  6.2087  2.5184  0.9744  1.9043 20.9014
  4.0612  1.5496  0.9892  2.0705 11.4728
  4.6331  2.7541  0.9710  0.9673 23.3113
  4.7697  3.8124  0.9681  2.2538 34.5171
  5.2044  1.8963  0.9754  2.0072 14.7421
  4.9224  1.9367  0.9675  1.1696 15.1316
  5.2336  2.3618  0.9710  0.3631 19.3211
  5.3744  2.5456  0.9712  1.3807 21.1779
  4.6925  2.1080  0.9708  2.7163 16.8002
  4.0300  1.0383  0.9941  0.4664  6.9575
  4.7492  4.8913  0.9673  1.3030 46.4187
  5.9914  6.2318  0.9938  2.3516 61.6802
  5.9349  4.3399  0.9783  0.4698 40.2866
  4.1092  1.0536  0.9881  1.5835  7.0858
  5.4026  2.5115  0.9720  2.6364 20.8311
  5.0226  3.5597  0.9780  2.5612 31.7920
  5.2752  2.6357  0.9978  1.6092 22.0958
  5.2857  3.3743  0.9810  2.7646 29.8108
  5.2796  2.1380  0.9781  1.9331 17.0955
  5.8793  2.9415  0.9751  1.4487 25.2530
  5.0006  2.3333  0.9784  0.8518 19.0351
  5.6485  5.4083  0.9917  1.3964 52.2513
  5.5409  3.4997  0.9713  0.6647 31.1499
  5.1604  3.3740  0.9931  0.2319 29.8077
  5.2712  1.6167  0.9980  1.3699 12.0945
  5.3532  2.2509  0.9975  1.8791 18.2133
  4.3043  3.9846  0.9870  2.0840 36.3883
  5.2761  6.4046  0.9872  1.0100 63.6777
  5.6139  3.1911  0.9810  0.6637 27.8704
  5.7025  1.4613  0.9980  0.7224 10.6636
  5.8351  0.8736  0.9769  1.7139  5.6092
  5.7258  1.8416  0.9779  3.0049 14.2172
  5.0997  0.9957  0.9791  2.2276  6.6028
  6.7700  1.4451  0.6221  0.4947 10.5158
  3.5466  5.0581  0.9712  1.1576 48.2932
  5.4542  1.0205  0.9694  2.2024  6.8089
  6.8925  2.8727  0.6044  2.2738 24.5377
  4.9979  4.3068  0.9974  1.9981 39.9214
  3.7830  3.8285  0.9886  2.3233 34.6918
  4.7512  1.7282  0.9964  0.7107 13.1394
  4.3637  5.3005  0.9809  2.0975 51.0294
  4.7319  1.5893  0.9814  1.7790 11.8399
  5.7894  1.2476  0.9718  2.5979  8.7529
  5.5131  3.5325  0.9687  0.5187 31.5002
  5.5533  3.0037  0.9970  0.3793 25.9019
  5.4088  4.8854  0.9756  1.1337 46.3530
  5.6818  6.4678  0.9745  1.4404 64.4104
  4.9617  2.7427  0.9728  1.4430 23.1942
  5.5553  2.2452  0.9919  0.4646 18.1564
  4.9919  1.2449  0.9883  2.3007  8.7289
  4.2597  3.6556  0.9814  2.1139 32.8229
  3.5588  5.2455  0.9841  0.8922 50.4068
  5.5514  3.5278  0.9909  0.7223 31.4508
  5.0171  4.4193  0.9819  2.0106 41.1627
  4.7861  1.8976  0.9923  1.7338 14.7548
  5.5945  2.3809  0.9888  0.9218 19.5131
  6.9468  2.6659  0.2243  1.1667 22.4052
  5.9003  3.5969  0.9980  1.6008 32.1915
  4.4789  2.2729  0.9931  2.2178 18.4320
  4.9565  2.1561  0.9973  1.1195 17.2740
  5.8434  3.6559  0.9980  2.2567 32.8261
  5.6034  1.3510  0.9903  0.2757  9.6687
  5.7800  2.3789  0.9717  2.4071 19.4924
  4.6124  6.2866  0.9723  2.9334 62.3127
  5.0233  1.9582  0.9979  2.8222 15.3394
  3.6204  4.0970  0.9892  0.3913 37.6168
  5.3994  1.6413  0.9920  1.2165 12.3236
  5.4634  2.7223  0.9897  0.4823 22.9846
  5.0836  4.1898  0.9713  0.5702 38.6344
  4.7983  3.3281  0.9905  0.9261 29.3206
  4.7030  2.6333  0.9813  0.6431 22.0721
  5.7634  1.5804  0.9912  1.0017 11.7575
  5.4763  2.3211  0.9922  1.3964 18.9138
  5.3646  1.5382  0.9744  2.3252 11.3678
  4.1346  3.5633  0.9958  1.2013 31.8312
  3.8154  1.8424  0.9837  1.0380 14.2245
  6.0670  2.5238  0.9897  2.4366 20.9558
  3.9075  5.0354  0.9869  1.7473 48.0372
  5.2700  2.1956  0.9783  1.6303 17.6650
  6.1819  0.6405  0.9803  0.5973  3.8202
  3.9082  3.3877  0.9867  1.6894 29.9540
  5.1381  2.4230  0.9726  1.5110 19.9366
  5.3502  2.4334  0.9815  0.9880 20.0408
  4.1629  2.7914  0.9894  1.5076 23.6958
  5.2136  4.3134  0.9743  1.8731 39.9941
  4.4548  5.0460  0.9980  1.9226 48.1566
  5.7924  4.1765  0.9875  0.6423 38.4881
  5.0359  3.3558  0.9678  0.7660 29.6149
  5.7594  2.6416  0.9863  2.4888 22.1565
  4.7000  2.4279  0.9917  0.6014 19.9860
  4.7980  2.1628  0.9710  1.5455 17.3405
  5.4938  1.6007  0.9851  0.9956 11.9451
  3.9781  4.4347  0.9783  1.3165 41.3330
  5.5253  2.7649  0.9899  1.7804 23.4227
  6.1926  1.5352  0.9951  1.2414 11.3396
  5.1670  1.0588  0.9731  2.1668  7.1296
  5.8978  2.5277  0.9733  1.7649 20.9959
  5.0893  5.2854  0.9814  1.1820 50.8588
  5.2460  4.3080  0.9721  1.1345 39.9339
  5.2869  1.8721  0.9690  0.7328 14.5098
  5.7936  3.6086  0.9688  2.2955 32.3174
  4.9658  1.0775  0.9878  0.8094  7.2880
  4.9324  4.4280  0.9974  1.5030 41.2593
  5.6833  1.9155  0.9733  2.1947 14.9268
  4.7396  4.9044  0.9880  0.7091 46.5659
  5.7425  2.3766  0.9980  1.7961 19.4695
  5.1248  4.7414  0.9839  1.3605 44.7422
  4.9620  2.6832  0.9927  2.3945 22.5828
  4.7034  2.1675  0.9875  1.2277 17.3865
  4.7750  1.6044  0.9676  2.4374 11.9800
  4.7423  1.2219  0.9930  0.6778  8.5283
  5.2735  2.0255  0.9766  1.1930 15.9937
  5.4972  4.8450  0.9784  2.2637 45.9002
  5.7939  3.7794  0.9784  0.2077 34.1596
  4.5879  4.5659  0.9735  1.3412 42.7878
  4.9119  2.8235  0.9694  0.6518 24.0286
  5.6143  0.7770  0.9696  0.9700  4.8490
  5.2833  3.0618  0.9825  1.8242 26.5102
  5.5189  4.5850  0.9760  1.5802 42.9999
  5.1155  0.9927  0.9901  0.6393  6.5782
  6.2044  2.7241  0.9960  0.5863 23.0031
  5.2102  3.7312  0.9700  0.9484 33.6385
  5.5689  1.7997  0.9831  2.0608 13.8173
  4.8156  4.0059  0.9729  1.0833 36.6215
  4.4433  3.6541  0.9825  0.9322 32.8072
  4.4946  0.4423  0.9897  0.8653  2.4368
  4.4121  2.8159  0.9928  1.9144 23.9491
  4.9308  3.2499  0.9668  1.2156 28.4911
  5.8021  1.5690  0.9861  1.0512 11.6519
  5.0845  3.1352  0.9945  0.9610 27.2809
  4.6458  2.4518  0.9971  0.1620 20.2271
  3.7331  3.1139  0.9976  2.2313 27.0573
  4.4665  3.2317  0.9807  0.1496 28.2990
  5.2120  1.0791  0.9874  2.5256  7.3011
  4.6727  1.5963  0.9825  0.1742 11.9042
  4.2025  5.4075  0.9805  0.1930 52.2422
  4.8997  3.4926  0.9685  2.1952 31.0735
  4.7010  2.2323  0.9677  1.9705 18.0284
  5.5595  4.2412  0.9894  1.3040 39.1985
  5.2848  3.5174  0.9680  0.4395 31.3387
  4.9427  2.9269  0.9980  0.7793 25.1007
  4.1407  2.2725  0.9682  2.0556 18.4283
  5.2925  3.9900  0.9684  1.7634 36.4471
  5.1621  3.4965  0.9867  0.5408 31.1151
  4.8359  1.9497  0.9817  1.4545 15.2570
  4.5322  2.6999  0.9923  0.8525 22.7544
  5.2152  2.4453  0.9734  0.3747 20.1617
  4.6318  6.2843  0.9766  0.8706 62.2860
  5.4097  3.1641  0.9800  1.5891 27.5855
  5.9797  1.6893  0.9693  0.9151 12.7732
  5.2376  3.2211  0.9765  1.4478 28.1864
  5.1283  2.8161  0.9752  2.5607 23.9510
  5.3594  0.7986  0.9853  1.0514  5.0168
  5.1724  4.1691  0.9732  1.9364 38.4070
  5.4755  1.2869  0.9980  3.0918  9.0986
  4.9049  4.6681  0.9929  1.2263 43.9246
  5.5679  0.8774  0.9980  2.0923  5.6399
  5.1091  3.9181  0.9971  1.8226 35.6647
  4.7732  4.1189  0.9863  2.5675 37.8566
  5.2520  4.3816  0.9888  1.6397 40.7463
  5.4525  2.7807  0.9861  1.7056 23.5853
  6.3970  2.4174  0.9693  2.6996 19.8804
  5.0867  1.3867  0.9713  0.6203  9.9888
  5.3390  1.5998  0.9812  0.1212 11.9366
  5.7759  4.3700  0.9844  2.6367 40.6185
  5.0188  4.0608  0.9889  1.2080 37.2209
  5.2127  1.2673  0.9802  1.7503  8.9260
  5.3558  1.7141  0.9875  0.8943 13.0064
  5.2748  2.6804  0.9667  0.4786 22.5542
  4.8343  2.6298  0.9759  0.6034 22.0357
  5.4193  2.7426  0.9908  1.6694 23.1929
  5.0146  1.9077  0.9673  0.5253 14.8514
