  5.4663  1.2884  0.0000  2.6490  9.1118
  4.1403  4.1678  0.0000  2.5474 38.3920
  5.0215  1.2272  0.0000  0.4935  8.5742
  5.5175  1.9966  0.0000  2.0789 15.7118
  4.3932  2.4805  0.0000  1.5820 20.5170
  4.3194  3.2647  0.0000  0.8415 28.6481
  4.7055  2.5582  0.0000  1.8408 21.3052
  5.1415  1.7130  0.0000  1.4246 12.9956
  5.4745  2.9841  0.0000  1.5301 25.6973
  4.8839  1.8197  0.0000  1.3395 14.0075
  5.3942  2.2529  0.0000  2.5099 18.2328
  5.1314  2.6505  0.0000  2.1428 22.2477
  5.0002  3.4497  0.0000  1.8646 30.6152
  5.5655  1.2794  0.0000  2.1195  9.0329
  5.1569  2.6350  0.0000  1.4611 22.0891
  5.1656  2.9061  0.0000  1.3163 24.8842
  4.9483  1.7536  0.0000  1.9262 13.3797
  5.4336  3.3854  0.0000  0.9920 29.9292
  5.9189  2.4803  0.0000  0.7425 20.5151
  5.4819  1.6374  0.0000  1.6373 12.2868
  4.7089  3.1100  0.0000  0.5452 27.0158
  4.9667  4.1356  0.0000  2.9077 38.0398
  4.4317  3.3627  0.0000  1.4000 29.6875
  5.5465  2.2634  0.0000  2.2462 18.3381
  6.0271  2.8651  0.0000  2.3578 24.4590
  5.5032  3.3839  0.0000  1.5060 29.9133
  4.0950  1.4708  0.0000  2.0088 10.7501
  5.1235  3.7496  0.0000  1.3169 33.8376
  5.2046  1.3009  0.0000  1.2770  9.2226
  5.1745  3.1871  0.0000  1.0639 27.8279
  5.2358  4.0486  0.0000  2.3118 37.0872
  5.1420  3.1432  0.0000  2.4264 27.3651
  4.8026  2.0586  0.0000  0.6556 16.3163
  5.6626  3.4311  0.0000  1.8192 30.4162
  4.7621  2.3577  0.0000  0.8673 19.2803
  5.5790  1.1604  0.0000  0.9503  7.9946
  6.8620  1.6311  0.0000  0.6721 12.2282
  6.7014  3.6536  0.0000  1.8006 32.8015
  4.6099  3.7590  0.0000  1.8734 33.9393
  4.7009  3.0311  0.0000  2.0323 26.1888
  5.3550  3.2045  0.0000  0.8813 28.0111
  5.0838  1.0764  0.0000  2.4848  7.2782
  5.7287  4.4644  0.0000  0.8299 41.6618
  4.0260  1.1873  0.0000  1.8976  8.2271
  5.3642  2.7372  0.0000  0.7336 23.1376
  6.4432  1.9233  0.0000  1.9491 15.0019
  5.4843  1.3919  0.0000  1.3628 10.0355
  4.4558  3.3719  0.0000  1.7707 29.7859
  5.1873  2.5213  0.0000  1.1939 20.9310
  4.9960  3.6310  0.0000  2.2341 32.5585
  5.8043  2.7405  0.0000  1.2467 23.1713
  5.3346  2.4211  0.0000  1.9474 19.9169
  5.1795  2.4114  0.0000  1.2179 19.8191
  5.2459  1.4612  0.0000  1.4583 10.6623
  5.7388  2.8738  0.0000  1.4501 24.5491
  5.3408  2.6292  0.0000  1.9400 22.0294
  4.0582  3.8751  0.0000  1.8694 35.1968
  6.2389  2.2667  0.0000  2.0705 18.3707
  5.1007  2.4818  0.0000  0.8004 20.5305
  5.2598  2.3225  0.0000  0.6125 18.9270
  5.2058  2.5454  0.0000  1.0967 21.1757
  5.1312  4.1605  0.0000  2.5756 38.3120
  3.9536  2.2420  0.0000  1.6105 18.1251
  5.0705  2.2464  0.0000  1.5182 18.1683
  5.1150  2.8235  0.0000  1.7171 24.0285
  4.8747  2.3658  0.0000  1.5221 19.3612
  4.7826  3.7250  0.0000  1.4743 33.5720
  5.2342  1.4492  0.0000  1.3415 10.5539
  4.9392  3.9983  0.0000  0.7658 36.5384
  4.7615  1.4816  0.0000  1.0204 10.8485
  3.7823  3.1248  0.0000  0.8166 27.1718
  5.0921  0.9671  0.0000  0.4381  6.3673
  5.2282  1.7903  0.0000  1.8386 13.7281
  5.6812  1.6359  0.0000  2.5470 12.2732
  4.9871  3.8616  0.0000  1.3689 35.0506
  5.2718  0.9499  0.0000  1.6041  6.2259
  5.2367  3.4783  0.0000  2.8679 30.9205
  5.6147  2.6566  0.0000  1.3125 22.3104
  4.0920  2.8095  0.0000  1.1008 23.8834
  5.5652  4.1133  0.0000  0.8733 37.7952
  5.3837  2.4602  0.0000  1.6772 20.3118
  5.4029  2.5617  0.0000  1.6350 21.3413
  5.2407  3.3545  0.0000  1.6219 29.6010
  4.3662  2.9762  0.0000  2.6130 25.6151
  4.8581  2.1284  0.0000  1.8243 17.0009
  4.1375  2.7903  0.0000  1.9659 23.6854
  5.2660  2.0157  0.0000  2.3361 15.8979
  4.1630  2.5614  0.0000  2.1659 21.3377
  5.0069  2.6357  0.0000  0.9393 22.0963
  5.8792  2.6354  0.0000  1.8265 22.0934
  5.5163  1.5893  0.0000  0.3675 11.8395
  5.3762  4.0115  0.0000  1.7942 36.6821
  4.8886  1.8240  0.0000  0.4100 14.0492
  6.1050  2.9969  0.0000  2.1364 25.8309
  5.8349  2.1799  0.0000  2.7626 17.5092
  6.2072  3.1503  0.0000  1.2805 27.4394
  4.7984  1.7534  0.0000  2.1694 13.3773
  5.2937  2.0108  0.0000  1.5289 15.8499
  5.9336  2.0013  0.0000  1.3430 15.7575
  4.2062  2.8550  0.0000  2.0494 24.3547
  5.6549  3.6159  0.0000  1.7227 32.3960
  5.1934  2.4056  0.0000  1.0784 19.7608
  4.9158  2.3106  0.0000  2.1783 18.8087
  5.1754  1.0208  0.0000  0.2591  6.8116
  5.9904  2.1600  0.0000  1.6949 17.3132
  4.9484  0.9143  0.0000  1.6021  5.9367
  5.1638  2.9156  0.0000  1.7242 24.9838
  4.9356  3.0927  0.0000  1.4243 26.8341
  5.4383  3.9981  0.0000  1.3597 36.5357
  4.4576  3.7632  0.0000  1.3036 33.9839
  4.8603  2.4730  0.0000  1.2521 20.4410
  6.0307  2.5096  0.0000  1.3291 20.8115
  4.9614  1.2495  0.0000  2.3412  8.7693
  5.5710  3.5052  0.0000  1.0176 31.2087
  5.1881  1.3167  0.0000  2.4909  9.3632
  4.6959  4.1744  0.0000  2.3551 38.4646
  4.6097  0.8768  0.0000  2.3164  5.6347
  5.1200  1.8457  0.0000  1.4414 14.2559
  4.1245  3.5773  0.0000  1.2805 31.9815
  5.4372  2.9491  0.0000  1.2787 25.3321
  5.4600  1.6041  0.0000  1.1539 11.9765
  6.1456  3.5855  0.0000  0.5920 32.0687
  4.5347  1.5225  0.0000  1.3555 11.2228
  4.7911  2.2624  0.0000  1.2267 18.3275
  5.0531  3.5617  0.0000  0.7289 31.8135
  4.9813  1.7222  0.0000  0.8345 13.0828
  5.8076  2.3906  0.0000  1.2681 19.6103
  6.1695  1.5359  0.0000  1.7094 11.3466
  6.4126  3.9964  0.0000  0.4388 36.5176
  4.8096  3.3787  0.0000  1.9140 29.8584
  5.1441  3.3986  0.0000  0.8867 30.0700
  3.9054  2.1728  0.0000  0.3198 17.4393
  5.0582  3.6597  0.0000  0.6196 32.8670
  4.2032  2.3330  0.0000  2.4648 19.0326
  6.1035  3.0727  0.0000  0.5225 26.6240
  5.6144  3.8936  0.0000  1.8456 35.3984
  5.2511  1.2166  0.0000  1.5255  8.4821
  5.4887  1.4390  0.0000  1.5815 10.4612
  5.6656  3.0400  0.0000  1.0570 26.2813
  4.5169  1.7164  0.0000  0.5649 13.0279
  5.5719  3.2545  0.0000  0.4257 28.5404
  5.7754  2.4358  0.0000  0.5894 20.0656
  4.8604  2.2830  0.0000  2.7548 18.5331
  5.2640  1.3263  0.0000  1.9558  9.4481
  5.0596  2.5855  0.0000  0.6878 21.5839
  4.7059  4.1794  0.0000  0.9979 38.5203
  5.4741  2.7549  0.0000  1.1305 23.3196
  6.4740  3.2854  0.0000  1.2186 28.8668
  5.1453  2.6322  0.0000  1.4014 22.0602
  4.5456  3.4128  0.0000  1.3036 30.2209
  4.9653  3.8139  0.0000  1.2204 34.5329
  4.6925  2.1679  0.0000  1.8067 17.3906
  4.9874  3.0698  0.0000  1.3515 26.5935
  4.8059  4.2668  0.0000  2.7541 39.4801
  5.7833  1.3239  0.0000  2.4597  9.4266
  4.6350  4.1410  0.0000  0.8222 38.0985
  5.4295  2.7877  0.0000  0.3778 23.6581
  4.1335  0.9546  0.0000  2.3334  6.2650
  5.4765  3.0529  0.0000  0.7834 26.4171
  4.5239  3.1743  0.0000  2.8436 27.6924
  3.7119  3.7502  0.0000  0.8745 33.8439
  5.0840  2.5131  0.0000  1.3829 20.8476
  5.9463  1.9016  0.0000  2.0917 14.7925
  6.3341  1.9816  0.0000  2.4901 15.5666
  5.6693  2.0735  0.0000  2.7456 16.4622
  4.1027  2.8226  0.0000  1.9262 24.0189
  5.6899  3.5548  0.0000  3.0241 31.7396
  3.6133  1.6806  0.0000  0.7667 12.6915
  5.3769  1.9433  0.0000  2.3077 15.1950
  4.9375  2.3438  0.0000  1.3592 19.1409
  5.5453  1.3517  0.0000  0.4083  9.6745
  5.2855  3.1633  0.0000  1.1553 27.5768
  5.0556  2.5117  0.0000  1.2446 20.8331
  5.2013  0.5276  0.0000  0.5931  3.0145
  5.6331  3.6694  0.0000  0.4983 32.9720
  4.1338  4.1999  0.0000  1.5327 38.7446
  5.7449  3.2742  0.0000  2.0012 28.7486
  5.2201  4.2308  0.0000  1.3443 39.0843
  5.3587  3.5906  0.0000  1.7411 32.1241
  5.2568  1.8025  0.0000  1.9722 13.8440
  5.4262  2.0034  0.0000  2.0098 15.7779
  5.2151  1.4100  0.0000  1.7761 10.1989
  4.9596  4.3565  0.0000  1.9381 40.4689
  5.1380  3.6434  0.0000  0.5913 32.6914
  5.6071  2.3258  0.0000  0.6595 18.9602
  5.1240  1.8679  0.0000  0.5927 14.4686
  4.9970  4.4653  0.0000  1.3362 41.6728
  4.2949  2.0081  0.0000  1.2746 15.8235
  4.9422  2.7264  0.0000  1.3678 23.0267
  4.5800  4.2026  0.0000  0.9240 38.7748
  5.9699  3.8111  0.0000  0.7458 34.5030
  5.0015  1.6819  0.0000  1.2878 12.7036
  4.9473  2.2571  0.0000  1.5639 18.2749
  5.5170  4.2413  0.0000  1.1486 39.2004
  5.2799  1.9828  0.0000  1.7736 15.5780
  6.2468  2.6318  0.0000  0.7931 22.0565
  4.5522  2.5549  0.0000  2.5641 21.2721
  4.8616  1.4898  0.0000  0.6933 10.9233
  4.9480  2.5171  0.0000  2.7865 20.8880
  5.0146  2.2272  0.0000  2.8441 17.9777
  4.8650  3.6672  0.0000  2.9222 32.9480
  3.6711  3.4133  0.0000  1.5604 30.2261
  5.4228  0.8709  0.0000  1.8063  5.5872
  5.8778  2.4519  0.0000  0.4166 20.2284
  5.6625  1.2751  0.0000  1.7613  8.9943
  4.6728  4.0585  0.0000  0.6128 37.1960
  4.6066  2.7467  0.0000  1.8570 23.2353
  5.2055  3.3349  0.0000  2.1142 29.3928
  5.1019  1.7400  0.0000  1.0341 13.2509
  6.7587  1.7829  0.0000  2.3065 13.6573
  5.1821  0.2731  0.0000  0.7736  1.3836
  5.6628  2.9523  0.0000  2.1324 25.3650
  5.4241  1.9657  0.0000  0.8247 15.4120
  5.5974  2.3376  0.0000  2.2299 19.0787
  5.0842  1.1445  0.0000  1.1184  7.8583
  5.6160  2.0265  0.0000  0.8736 16.0029
  5.2512  2.9276  0.0000  2.9933 25.1079
  4.1732  1.3169  0.0000  1.3946  9.3651
  4.6000  3.2815  0.0000  1.0198 28.8256
  4.8053  3.3880  0.0000  2.7184 29.9566
  5.1593  1.1155  0.0000  1.7284  7.6105
  5.0480  2.8579  0.0000  2.2091 24.3842
  4.5968  2.5790  0.0000  2.6547 21.5173
  4.7554  0.9047  0.0000  2.3783  5.8587
  4.8889  2.8991  0.0000  1.5737 24.8116
  4.9377  1.2978  0.0000  1.2936  9.1955
  5.2648  2.6237  0.0000  0.4262 21.9735
  5.2511  2.6640  0.0000  1.9456 22.3862
  5.4009  4.3442  0.0000  0.9380 40.3338
  5.1331  2.5432  0.0000  2.8104 21.1526
  4.4494  1.6940  0.0000  2.3843 12.8171
  6.0651  3.8962  0.0000  2.1183 35.4267
  4.3788  2.5060  0.0000  2.1306 20.7750
  5.8492  3.2554  0.0000  0.9984 28.5498
  4.3450  3.4499  0.0000  1.3684 30.6175
  5.3783  4.0065  0.0000  1.6619 36.6274
  5.2346  1.7853  0.0000  1.7998 13.6807
  5.2343  1.6297  0.0000  0.9886 12.2149
  5.2642  1.7930  0.0000  0.7538 13.7533
  5.9128  3.3620  0.0000  2.5289 29.6807
  5.8986  3.1306  0.0000  1.6481 27.2325
  5.3227  3.7902  0.0000  2.5176 34.2764
  5.5620  3.9551  0.0000  1.7124 36.0677
  5.6408  0.8569  0.0000  2.4271  5.4757
  5.5799  3.1950  0.0000  1.0020 27.9111
  4.7411  0.9846  0.0000  0.7900  6.5110
  4.9021  2.7153  0.0000  1.5610 22.9126
  5.2574  0.5701  0.0000  1.8572  3.3124
  5.1091  3.3021  0.0000  2.4112 29.0437
  5.4551  2.4828  0.0000  2.3163 20.5399
  4.6544  4.0215  0.0000  1.5084 36.7912
  5.7227  2.7167  0.0000  2.3343 22.9270
  5.0258  1.4735  0.0000  2.2236 10.7745
  5.5708  3.8427  0.0000  2.3754 34.8454
  4.1751  1.5884  0.0000  1.4132 11.8313
  5.0923  2.1162  0.0000  0.7726 16.8810
  5.1238  3.5298  0.0000  1.5997 31.4713
  5.1877  3.2169  0.0000  2.1965 28.1421
  6.0476  1.3838  0.0000  1.0769  9.9621
  5.2230  3.2407  0.0000  0.4985 28.3934
  3.7724  1.7678  0.0000  0.4620 13.5143
  5.7155  1.9043  0.0000  1.4978 14.8186
  4.5710  4.0435  0.0000  1.6082 37.0319
  4.1567  2.2397  0.0000  2.5712 18.1017
  5.2985  1.5603  0.0000  1.0987 11.5716
  5.2270  1.7088  0.0000  1.1031 12.9561
  5.3169  0.8597  0.0000  1.1685  5.4979
  5.1501  3.6665  0.0000  1.0746 32.9402
  5.8075  2.8963  0.0000  2.3383 24.7829
  5.6469  1.4542  0.0000  2.3386 10.5985
  5.5977  1.4138  0.0000  2.7704 10.2324
  5.2831  1.0495  0.0000  0.4794  7.0518
  6.1921  2.3691  0.0000  2.4294 19.3945
  5.3343  1.3537  0.0000  1.7875  9.6926
  5.0213  2.6010  0.0000  0.6358 21.7419
  6.0092  4.4135  0.0000  2.1857 41.0992
  4.6003  2.6944  0.0000  1.9145 22.6978
  5.6277  1.7907  0.0000  2.4910 13.7318
  6.7137  2.6577  0.0000  2.1953 22.3213
  5.5722  2.7309  0.0000  2.4078 23.0731
  5.2870  0.8631  0.0000  1.8981  5.5254
  4.5162  2.0674  0.0000  1.6163 16.4027
  5.7646  2.9668  0.0000  2.5381 25.5171
  3.6373  4.4539  0.0000  1.2762 41.5455
  5.7668  1.3295  0.0000  0.7860  9.4769
  5.0658  2.2794  0.0000  1.8559 18.4972
  5.1765  0.5528  0.0000  2.4863  3.1902
  4.7438  3.1105  0.0000  2.6438 27.0215
  4.4587  1.7257  0.0000  1.7794 13.1161
  5.3443  3.1316  0.0000  1.7193 27.2429
  5.1491  4.3049  0.0000  2.4576 39.9007
  4.7691  2.8585  0.0000  1.8672 24.3910
  5.6212  1.8798  0.0000  1.9136 14.5833
  6.2347  2.4036  0.0000  2.1863 19.7412
  5.4774  3.0992  0.0000  1.3070 26.9026
  4.4727  2.9729  0.0000  1.2725 25.5801
  4.5476  2.2888  0.0000  1.9411 18.5907
  5.3623  1.3650  0.0000  0.5243  9.7939
  5.1963  1.4235  0.0000  1.4467 10.3207
  6.8405  1.9483  0.0000  2.2560 15.2439
  4.6097  2.3404  0.0000  1.3427 19.1065
  5.2055  1.5366  0.0000  1.8801 11.3522
  5.2437  1.4621  0.0000  1.0417 10.6711
  5.9950  2.0121  0.0000  1.3713 15.8628
  5.0840  2.6095  0.0000  1.8173 21.8285
  4.2200  3.2493  0.0000  2.1422 28.4843
  4.2174  2.9529  0.0000  2.7421 25.3714
  5.3798  3.3230  0.0000  1.6053 29.2656
  4.3905  0.9305  0.0000  1.0593  6.0677
  5.0345  3.1698  0.0000  1.6241 27.6448
  6.3952  1.8726  0.0000  1.0551 14.5146
  5.2360  2.7732  0.0000  2.8379 23.5090
  5.7122  4.3828  0.0000  1.9471 40.7600
  5.2918  1.9545  0.0000  2.5960 15.3034
  5.4744  2.6290  0.0000  1.9719 22.0280
  5.9141  3.8099  0.0000  1.7998 34.4901
  5.4939  2.5318  0.0000  2.5065 21.0368
  4.8626  0.4810  0.0000  0.5479  2.6951
  5.2681  2.1431  0.0000  2.1721 17.1463
  6.0214  1.2955  0.0000  2.3641  9.1748
  5.4353  4.0709  0.0000  0.8344 37.3313
  5.4558  3.3963  0.0000  1.3243 30.0457
  5.6844  2.8044  0.0000  0.6976 23.8309
  4.8691  2.4429  0.0000  0.7911 20.1371
  5.7411  3.0933  0.0000  0.3887 26.8402
  5.4798  0.7669  0.0000  0.8551  4.7710
  4.9453  3.7894  0.0000  1.1312 34.2679
  5.2292  3.2520  0.0000  1.0318 28.5138
  4.0038  2.7084  0.0000  1.7591 22.8418
  3.7879  3.3977  0.0000  1.9988 30.0599
  5.4022  1.4015  0.0000  1.7892 10.1216
  5.1302  4.4189  0.0000  1.5945 41.1587
  4.4879  2.9959  0.0000  0.5212 25.8207
  5.3582  3.8765  0.0000  2.7643 35.2122
  4.6041  0.8443  0.0000  2.2906  5.3761
  5.7468  3.2130  0.0000  2.4925 28.1009
  5.1900  0.9524  0.0000  1.4671  6.2464
  5.2883  1.8763  0.0000  1.2064 14.5499
  5.1273  1.6484  0.0000  1.0031 12.3899
  4.9679  2.1535  0.0000  1.6957 17.2485
  4.3549  0.8121  0.0000  1.6924  5.1226
  6.3454  3.7938  0.0000  2.2336 34.3152
  4.5664  1.4914  0.0000  1.0643 10.9384
  4.8277  1.7997  0.0000  1.6365 13.8174
  5.6752  3.6085  0.0000  2.0303 32.3161
  4.9803  0.3353  0.0000  1.3882  1.7555
  5.2101  0.8235  0.0000  2.4157  5.2120
  5.5824  3.2728  0.0000  1.9920 28.7336
  5.6090  2.6665  0.0000  0.8287 22.4113
  5.2591  2.0538  0.0000  1.0876 16.2698
  4.9258  1.4583  0.0000  1.3576 10.6362
  4.8966  2.7881  0.0000  0.3851 23.6625
  5.5966  1.7030  0.0000  2.1288 12.9023
  5.3920  3.4189  0.0000  1.2762 30.2863
  4.8494  2.2506  0.0000  1.9404 18.2103
  5.8209  2.9655  0.0000  2.5069 25.5030
  3.5670  1.2292  0.0000  1.3841  8.5922
  5.2203  1.3249  0.0000  2.4009  9.4360
  3.7631  2.3511  0.0000  1.3842 19.2141
  4.8090  2.9202  0.0000  1.9061 25.0309
  5.2069  1.1708  0.0000  2.3136  8.0850
  4.4247  4.2844  0.0000  2.8761 39.6741
  4.8476  0.8532  0.0000  1.9669  5.4469
  4.6673  1.4258  0.0000  1.9892 10.3411
  4.6928  0.8119  0.0000  1.1531  5.1205
  4.5556  2.8664  0.0000  1.4648 24.4728
  5.1384  1.6466  0.0000  1.2276 12.3733
  4.4138  2.0559  0.0000  2.3711 16.2899
  5.0748  1.4334  0.0000  1.9383 10.4103
  4.4933  1.0156  0.0000  1.7380  6.7683
  5.5094  1.2679  0.0000  0.9292  8.9310
  5.0239  2.8918  0.0000  2.3974 24.7357
  5.2856  2.2136  0.0000  1.2314 17.8429
  6.0289  2.3619  0.0000  0.9596 19.3217
  5.1888  3.0675  0.0000  2.3519 26.5695
  5.7167  2.2378  0.0000  2.8329 18.0830
  5.2954  3.4606  0.0000  3.0692 30.7314
  5.2576  2.8384  0.0000  2.6970 24.1828
  5.9287  2.4498  0.0000  1.7153 20.2067
  5.4662  1.8440  0.0000  1.6600 14.2405
  5.3162  1.9166  0.0000  1.9719 14.9377
  5.0017  2.5460  0.0000  0.6947 21.1813
  4.8353  3.0253  0.0000  2.2867 26.1276
  4.9472  3.7195  0.0000  2.1776 33.5118
  4.6376  2.3030  0.0000  0.3727 18.7328
  4.0153  1.7789  0.0000  1.6500 13.6198
  4.8857  2.9551  0.0000  2.3720 25.3949
  5.6565  1.7023  0.0000  0.7179 12.8951
  3.6774  1.2407  0.0000  0.3610  8.6926
  5.2417  2.1797  0.0000  1.4133 17.5071
  5.6870  4.2300  0.0000  2.3773 39.0762
  5.3529  2.1240  0.0000  2.7754 16.9583
  5.6384  3.3381  0.0000  1.2772 29.4264
  5.1338  1.6830  0.0000  1.2451 12.7141
  4.4384  3.0461  0.0000  1.6248 26.3458
  5.3526  3.7550  0.0000  2.3699 33.8958
  4.9252  2.1450  0.0000  2.1754 17.1651
  5.1439  1.5150  0.0000  2.2622 11.1541
  4.0417  4.3749  0.0000  1.4940 40.6726
  5.2018  2.6288  0.0000  1.8894 22.0259
  5.7166  3.0781  0.0000  2.0384 26.6805
  4.6627  2.2472  0.0000  1.5211 18.1762
  5.6020  3.0742  0.0000  1.2400 26.6403
  4.0953  3.2919  0.0000  0.9840 28.9357
  5.0103  1.4068  0.0000  0.7905 10.1698
  5.0146  3.8758  0.0000  1.8505 35.2042
  4.6859  1.5645  0.0000  0.2970 11.6100
  5.5541  3.4058  0.0000  2.6025 30.1466
  5.8917  2.3498  0.0000  1.1501 19.2012
  5.0628  4.0871  0.0000  0.9013 37.5082
  4.9938  1.4112  0.0000  2.5579 10.2092
  5.2135  2.7797  0.0000  2.5123 23.5753
  5.7806  1.6148  0.0000  1.2093 12.0762
  5.1471  2.6820  0.0000  2.9995 22.5699
  5.8000  2.7336  0.0000  1.1110 23.1000
  6.0036  2.9241  0.0000  0.5681 25.0723
  4.2869  4.3364  0.0000  1.8363 40.2479
  5.5994  4.2952  0.0000  1.9083 39.7929
  6.3473  4.3491  0.0000  2.9658 40.3879
  5.2620  2.0211  0.0000  2.3177 15.9502
  5.1375  2.4485  0.0000  0.8545 20.1933
  4.9584  2.5309  0.0000  1.4948 21.0279
  5.6803  1.3242  0.0000  1.7885  9.4295
  6.7224  1.7320  0.0000  2.1072 13.1755
  4.4625  4.2037  0.0000  2.2093 38.7872
  4.8834  1.2116  0.0000  2.5964  8.4385
  5.3635  4.1886  0.0000  1.0193 38.6205
  5.3966  4.3945  0.0000  1.1664 40.8887
  5.7287  1.6815  0.0000  1.4790 12.7002
  6.0082  2.6022  0.0000  1.6812 21.7543
  5.1125  1.9376  0.0000  0.9773 15.1400
  4.6329  2.5510  0.0000  1.1215 21.2326
  5.8163  2.3794  0.0000  1.0800 19.4975
  5.3975  2.6018  0.0000  1.0803 21.7497
  5.6961  1.1379  0.0000  1.3510  7.8018
  5.7367  3.5088  0.0000  2.0590 31.2471
  6.0911  2.1700  0.0000  1.8695 17.4118
  4.6387  1.9982  0.0000  0.9360 15.7274
  4.0123  2.2496  0.0000  2.6450 18.2007
  3.6140  3.6310  0.0000  2.5267 32.5586
  5.4618  0.6882  0.0000  1.0686  4.1734
  4.4063  3.7563  0.0000  1.8435 33.9093
  5.2137  2.4669  0.0000  1.1266 20.3794
  5.7047  2.3754  0.0000  1.5357 19.4580
  5.1899  2.4462  0.0000  2.9701 20.1705
  4.0217  1.3612  0.0000  1.9379  9.7594
  5.0262  1.1084  0.0000  0.6301  7.5500
  4.6755  0.4990  0.0000  2.1522  2.8172
  5.3296  2.2001  0.0000  2.1980 17.7092
  4.0517  1.1024  0.0000  2.0236  7.4989
  5.2175  3.0925  0.0000  1.3575 26.8318
  3.6460  2.3261  0.0000  1.6519 18.9632
  5.6325  4.2469  0.0000  2.4412 39.2615
  5.7934  3.2817  0.0000  2.3553 28.8277
  5.4411  3.3120  0.0000  0.9367 29.1497
  5.1275  1.8481  0.0000  1.9615 14.2790
  5.0916  2.4175  0.0000  1.5277 19.8811
  4.9565  1.1704  0.0000  0.7649  8.0809
  4.7741  1.4640  0.0000  1.5594 10.6882
  5.1061  4.3357  0.0000  1.0236 40.2400
  6.4263  2.8317  0.0000  1.3475 24.1127
  4.3802  4.0639  0.0000  1.2970 37.2541
  4.9351  3.3949  0.0000  1.2063 30.0308
  5.4499  1.1609  0.0000  1.6128  7.9997
  3.9055  3.5438  0.0000  0.7361 31.6220
  6.1411  0.2202  0.0000  2.0395  1.0825
  5.1118  1.2379  0.0000  2.2242  8.6684
  4.4600  0.8237  0.0000  1.0139  5.2132
  5.2858  2.4855  0.0000  1.7060 20.5680
  4.6192  3.1077  0.0000  1.8326 26.9914
  3.8008  0.9103  0.0000  1.0303  5.9046
  5.6605  1.7226  0.0000  1.3285 13.0865
  5.1047  1.5997  0.0000  0.3276 11.9356
  5.2267  1.9837  0.0000  1.9801 15.5865
  4.2907  2.9424  0.0000  1.7123 25.2622
  5.1577  2.3526  0.0000  1.9882 19.2287
  5.4807  3.0135  0.0000  1.9066 26.0039
  3.9232  1.9469  0.0000  1.8859 15.2298
  5.7925  1.3885  0.0000  1.5626 10.0050
  5.0328  2.5225  0.0000  1.0733 20.9427
  4.9825  0.8684  0.0000  2.3427  5.5673
  6.1116  2.8756  0.0000  2.9252 24.5680
  5.2570  2.6074  0.0000  2.5952 21.8068
  5.4039  2.0029  0.0000  0.7412 15.7730
  4.9678  1.2383  0.0000  0.7569  8.6713
  4.7321  2.0909  0.0000  2.3321 16.6330
  6.2623  3.1495  0.0000  1.4360 27.4317
  5.5614  2.4355  0.0000  2.6964 20.0626
  5.7551  0.9391  0.0000  0.7424  6.1383
  5.0405  1.2174  0.0000  2.0283  8.4885
  5.0798  2.6864  0.0000  0.8417 22.6154
  3.8312  2.9031  0.0000  2.1095 24.8538
  5.2424  2.5380  0.0000  0.8807 21.1006
  5.3784  1.4629  0.0000  1.1240 10.6778
  5.3209  4.0630  0.0000  1.2165 37.2443
  5.2197  2.1471  0.0000  0.8671 17.1858
  6.7231  2.1897  0.0000  1.6809 17.6062
  5.2082  2.3844  0.0000  1.8125 19.5482
  4.2541  1.7373  0.0000  1.3355 13.2258
  4.7097  1.7099  0.0000  0.9569 12.9670
  4.8907  1.5943  0.0000  0.6105 11.8857
  3.8365  2.8700  0.0000  1.8403 24.5097
  5.0477  1.1140  0.0000  1.1206  7.5971
  5.0312  3.9067  0.0000  1.8418 35.5400
  4.5504  2.5200  0.0000  2.4802 20.9173
  3.5854  3.1843  0.0000  2.4877 27.7982
  5.5536  3.7735  0.0000  0.8266 34.0954
  6.5874  3.2758  0.0000  1.4804 28.7649
  5.1966  2.5520  0.0000  2.1927 21.2427
  4.8879  0.9899  0.0000  1.2590  6.5555
  4.9022  4.4853  0.0000  2.2470 41.8944
  4.2204  1.3628  0.0000  1.2939  9.7744
  5.3378  3.5108  0.0000  1.5109 31.2679
  6.0085  3.3293  0.0000  1.6781 29.3333
  4.5623  4.0514  0.0000  1.2565 37.1175
  3.8688  3.2748  0.0000  2.0410 28.7547
  5.7829  4.4959  0.0000  1.3852 42.0109
  4.1560  4.1464  0.0000  1.2440 38.1581
  5.2950  3.0569  0.0000  0.6934 26.4592
  6.8446  1.5633  0.0000  1.2874 11.5988
  4.7164  1.9975  0.0000  0.8411 15.7206
  4.9742  3.4939  0.0000  1.5451 31.0871
  5.4248  2.3100  0.0000  1.3599 18.8028
  5.0892  2.2249  0.0000  1.0756 17.9551
  4.2831  3.6010  0.0000  2.6901 32.2356
  4.7986  4.0113  0.0000  2.7697 36.6796
  4.5721  1.6687  0.0000  2.4790 12.5797
  4.3269  3.1203  0.0000  1.5092 27.1243
  5.1641  4.2334  0.0000  0.8892 39.1127
  5.4403  3.7173  0.0000  2.5064 33.4881
  5.0304  3.3111  0.0000  1.1460 29.1393
  5.5897  3.6823  0.0000  1.1426 33.1103
  4.8216  1.1700  0.0000  0.6620  8.0779
  3.8829  3.8853  0.0000  1.4331 35.3077
  5.1448  4.0216  0.0000  1.0663 36.7921
  3.8083  3.6575  0.0000  0.1906 32.8436
  5.5259  1.7573  0.0000  1.2996 13.4149
  4.7902  2.6126  0.0000  2.4448 21.8606
  6.1585  2.9481  0.0000  1.6771 25.3220
  3.9103  3.5039  0.0000  0.5674 31.1948
  3.9230  3.4344  0.0000  2.2285 30.4514
  4.0601  4.3764  0.0000  1.0574 40.6892
  5.8297  3.2798  0.0000  1.6717 28.8083
  4.4189  3.1746  0.0000  1.5331 27.6955
  3.6891  2.0837  0.0000  1.2957 16.5624
  5.7384  1.4634  0.0000  1.2720 10.6824
  5.3039  2.3479  0.0000  2.1924 19.1816
  4.4336  2.8497  0.0000  1.9992 24.2992
  4.6846  3.1759  0.0000  2.4928 27.7099
  4.7197  1.7381  0.0000  2.8072 13.2327
  5.1993  1.8099  0.0000  0.9701 13.9149
  4.9213  1.8984  0.0000  0.9118 14.7622
  4.7796  1.6204  0.0000  2.3277 12.1288
  4.6333  1.2576  0.0000  1.7350  8.8406
  6.1426  3.1813  0.0000  0.4925 27.7667
  5.4535  1.5031  0.0000  2.5143 11.0453
  4.7070  1.9107  0.0000  0.9851 14.8804
  4.4437  2.6614  0.0000  0.9568 22.3595
  6.1733  3.6337  0.0000  0.8952 32.5870
  3.5651  1.5269  0.0000  1.9798 11.2637
  4.3284  0.6767  0.0000  2.5125  4.0875
  6.0652  3.2878  0.0000  1.0815 28.8923
  5.3019  2.0160  0.0000  2.2412 15.9009
  5.1481  1.0144  0.0000  2.5470  6.7580
  5.4963  2.9115  0.0000  1.1563 24.9404
  6.1896  3.7568  0.0000  0.8695 33.9152
  5.5822  4.0478  0.0000  0.4728 37.0789
  5.4355  3.0268  0.0000  2.0579 26.1439
  5.1952  1.5118  0.0000  2.5895 11.1251
  5.5456  2.5769  0.0000  2.0566 21.4963
  6.4222  3.6371  0.0000  1.7619 32.6238
  5.7989  0.6342  0.0000  1.4250  3.7735
  4.9441  2.3719  0.0000  1.7987 19.4228
  4.9740  2.9785  0.0000  2.0461 25.6391
  5.5314  2.1713  0.0000  2.4196 17.4248
  4.3556  3.0865  0.0000  1.9589 26.7695
  5.5041  1.0328  0.0000  1.6871  6.9118
  5.0263  2.0417  0.0000  2.2779 16.1514
  5.2870  4.2987  0.0000  1.5528 39.8313
  5.6783  1.0774  0.0000  0.4652  7.2871
  6.2356  3.1232  0.0000  1.6903 27.1548
  4.2392  4.1783  0.0000  1.5163 38.5083
  5.3808  0.9389  0.0000  2.4034  6.1364
  5.3722  2.2522  0.0000  0.5459 18.2260
  5.5661  0.9805  0.0000  1.9886  6.4774
  4.2669  3.6004  0.0000  1.9945 32.2293
  6.3445  3.7872  0.0000  1.5461 34.2436
  5.8439  3.4680  0.0000  0.4746 30.8104
  5.2527  1.4014  0.0000  1.1887 10.1207
  4.4510  2.7107  0.0000  0.5923 22.8651
  3.6128  2.8038  0.0000  1.6013 23.8247
  5.2654  3.3015  0.0000  2.6031 29.0375
  5.2043  3.1188  0.0000  0.9642 27.1079
  3.8112  3.4273  0.0000  1.5048 30.3757
  5.2832  0.9997  0.0000  1.9370  6.6360
  5.7566  3.0470  0.0000  1.5072 26.3549
  5.9656  2.4019  0.0000  2.0473 19.7242
  5.2759  1.7794  0.0000  2.3990 13.6238
  5.1079  1.4201  0.0000  2.3073 10.2897
  5.2245  2.8364  0.0000  1.3693 24.1613
  5.2068  1.2969  0.0000  1.2122  9.1874
  4.9370  2.6659  0.0000  0.8266 22.4051
  5.2940  2.9902  0.0000  0.4925 25.7605
  5.2924  2.3063  0.0000  0.5405 18.7658
  5.2406  3.8289  0.0000  2.2805 34.6961
  4.4768  3.8225  0.0000  1.4476 34.6263
  5.1263  2.8562  0.0000  2.1286 24.3664
  5.1513  3.2203  0.0000  2.8199 28.1783
  5.0992  1.2799  0.0000  2.0220  9.0373
  6.0102  2.6386  0.0000  1.1569 22.1263
  5.7870  2.9178  0.0000  0.9435 25.0066
  5.2509  1.1254  0.0000  1.7470  7.6950
  4.3941  1.4668  0.0000  1.4445 10.7139
  5.7455  0.8233  0.0000  1.8682  5.2102
  5.2616  1.8814  0.0000  2.4789 14.5991
  5.8608  1.3182  0.0000  1.0249  9.3758
  4.9358  2.1264  0.0000  0.4832 16.9815
  4.8701  1.7624  0.0000  2.7529 13.4626
  5.5834  1.5423  0.0000  1.3545 11.4052
  5.3617  1.7078  0.0000  2.0033 12.9471
  5.7310  2.3214  0.0000  2.1566 18.9165
  5.3255  2.0980  0.0000  1.2327 16.7024
  5.5141  2.2335  0.0000  2.2853 18.0400
  4.0672  0.6979  0.0000  1.1306  4.2461
  4.4378  2.7321  0.0000  1.8128 23.0847
  3.9401  3.5327  0.0000  1.8506 31.5030
  4.1767  2.5929  0.0000  1.6648 21.6586
  6.0797  3.4693  0.0000  0.9494 30.8240
  5.2609  1.9464  0.0000  1.3545 15.2249
  4.4666  3.8370  0.0000  0.8950 34.7834
  5.1003  0.7750  0.0000  2.3924  4.8333
  6.0575  0.7630  0.0000  1.0362  4.7413
  5.3982  1.0596  0.0000  0.5997  7.1369
  4.4647  3.0994  0.0000  1.9182 26.9047
  5.5440  0.5229  0.0000  1.7498  2.9820
  5.4709  1.6966  0.0000  1.7874 12.8421
  4.5590  2.0928  0.0000  1.6248 16.6517
  5.1991  1.0513  0.0000  1.9133  7.0665
  3.6860  2.0325  0.0000  0.4439 16.0614
  5.2178  3.0351  0.0000  2.4828 26.2302
  5.2754  3.1960  0.0000  1.8795 27.9217
  5.3225  1.7722  0.0000  0.3525 13.5561
  5.1040  3.1116  0.0000  0.5586 27.0327
  5.2858  1.6479  0.0000  1.4999 12.3848
  6.0617  1.0368  0.0000  2.1784  6.9454
  6.2168  3.3561  0.0000  2.7683 29.6174
  6.1829  1.4052  0.0000  2.7195 10.1553
  5.1987  1.2833  0.0000  0.9114  9.0668
  6.0392  1.9353  0.0000  1.1692 15.1183
  5.2268  2.7634  0.0000  1.9414 23.4078
  4.4813  1.5404  0.0000  2.0629 11.3875
  5.4945  1.4090  0.0000  1.9462 10.1898
  4.6859  3.8314  0.0000  1.0160 34.7226
  4.7853  2.4140  0.0000  1.3208 19.8461
  5.3590  1.5282  0.0000  0.4404 11.2756
  4.9502  3.0144  0.0000  2.0836 26.0139
  5.1401  1.1729  0.0000  1.6264  8.1031
  5.1028  0.6172  0.0000  1.9036  3.6504
  5.1537  3.0310  0.0000  2.2274 26.1879
  4.8339  1.8208  0.0000  1.7089 14.0182
  5.6347  0.7636  0.0000  2.5445  4.7457
  5.2503  3.2219  0.0000  1.7304 28.1950
  5.7807  0.9462  0.0000  2.0180  6.1962
  4.8930  1.3843  0.0000  2.5330  9.9669
  5.3563  4.3407  0.0000  0.4016 40.2954
  5.0314  1.8832  0.0000  1.8615 14.6164
  5.9852  3.1834  0.0000  1.4149 27.7885
  4.7000  1.9156  0.0000  0.9832 14.9281
  4.6591  4.2331  0.0000  1.0359 39.1102
  5.6494  4.0513  0.0000  1.2395 37.1171
  4.8682  3.9956  0.0000  2.2056 36.5081
  5.4398  3.0336  0.0000  2.6288 26.2149
  3.9661  3.2138  0.0000  2.3998 28.1094
  4.3860  4.1257  0.0000  1.9849 37.9310
  5.4867  1.5574  0.0000  2.5963 11.5441
  5.3016  3.4827  0.0000  0.5749 30.9674
  5.1194  3.8447  0.0000  1.1912 34.8668
  4.2133  1.8381  0.0000  2.1401 14.1835
  6.3128  3.8026  0.0000  1.9444 34.4112
  5.4692  4.4226  0.0000  0.5363 41.2001
  4.4974  3.4774  0.0000  0.6051 30.9114
  4.6294  3.5189  0.0000  0.9814 31.3554
  5.3078  2.5105  0.0000  1.6390 20.8209
  5.5974  2.5067  0.0000  2.3929 20.7826
  6.3430  3.7306  0.0000  2.2348 33.6323
  3.5964  4.0681  0.0000  0.7226 37.3001
  5.8020  2.8071  0.0000  1.3323 23.8582
  6.8816  2.6999  0.0000  1.4916 22.7539
  4.8331  4.2800  0.0000  1.0980 39.6259
  5.1215  3.5415  0.0000  2.4325 31.5970
  5.7537  1.8756  0.0000  1.5120 14.5430
  4.7705  3.2497  0.0000  0.8279 28.4889
  4.8330  1.2016  0.0000  1.8577  8.3519
  5.1814  1.8128  0.0000  0.1339 13.9421
  5.5445  2.9382  0.0000  0.9350 25.2188
  5.9562  0.6803  0.0000  1.7869  4.1143
  5.2444  1.2346  0.0000  2.6617  8.6389
  5.0992  1.2088  0.0000  2.7578  8.4141
  5.3205  0.8166  0.0000  1.8450  5.1575
  5.2365  2.8860  0.0000  1.0612 24.6756
  5.2831  3.4288  0.0000  0.5232 30.3920
  5.1077  1.9721  0.0000  0.7030 15.4739
  5.1832  1.7325  0.0000  0.6163 13.1801
  5.0685  2.4241  0.0000  0.6777 19.9480
  5.6571  3.5227  0.0000  0.3373 31.3959
  5.1611  3.5563  0.0000  0.4730 31.7563
  5.0923  2.9076  0.0000  2.5209 24.9001
  5.2759  2.1562  0.0000  1.1468 17.2754
  5.0417  3.1678  0.0000  0.7314 27.6247
  3.9545  4.1966  0.0000  0.8905 38.7092
  6.5385  4.1010  0.0000  1.1073 37.6608
  5.6945  2.8457  0.0000  1.5524 24.2580
  5.1360  1.9831  0.0000  1.7339 15.5810
  5.0167  2.9290  0.0000  1.8118 25.1234
  5.6134  1.4308  0.0000  1.9789 10.3868
  4.4591  2.3174  0.0000  0.1095 18.8767
  5.3132  3.1895  0.0000  0.6980 27.8535
  4.8477  2.2347  0.0000  2.1416 18.0526
  5.3068  3.0601  0.0000  0.8129 26.4920
  5.4033  3.1048  0.0000  1.9425 26.9612
  4.7239  1.2882  0.0000  1.3823  9.1105
  5.6761  1.7267  0.0000  0.4927 13.1253
  5.3352  3.7660  0.0000  1.0876 34.0142
  5.1834  1.3246  0.0000  2.4393  9.4333
  4.9549  2.8574  0.0000  1.2201 24.3792
  6.1179  2.1729  0.0000  1.9365 17.4400
  4.8286  3.1782  0.0000  1.9735 27.7340
  4.6128  2.4864  0.0000  2.3531 20.5772
  6.7632  4.4823  0.0000  1.6115 41.8611
  4.4004  1.9132  0.0000  1.3801 14.9049
  4.7638  2.7450  0.0000  0.6862 23.2176
  5.6543  1.0469  0.0000  1.7885  7.0302
  5.3407  2.5643  0.0000  1.3732 21.3681
  4.6991  2.4108  0.0000  1.2516 19.8140
  4.7679  1.3009  0.0000  0.1075  9.2228
  5.7554  3.0039  0.0000  0.6122 25.9040
  5.0902  1.9606  0.0000  1.6616 15.3623
  6.8780  2.3124  0.0000  1.2817 18.8263
  5.5010  1.5289  0.0000  1.9622 11.2822
  5.6081  3.0919  0.0000  0.9809 26.8255
  5.2521  2.5220  0.0000  1.8254 20.9380
  5.2075  1.8577  0.0000  1.0765 14.3714
  5.3918  1.7207  0.0000  0.3917 13.0685
  5.5877  3.3102  0.0000  1.4887 29.1305
  5.2287  2.3092  0.0000  1.6832 18.7940
  4.6115  3.4836  0.0000  1.4222 30.9776
  4.2760  3.0065  0.0000  1.9000 25.9313
  5.0972  2.4555  0.0000  2.3725 20.2648
  5.6243  4.4415  0.0000  1.9802 41.4093
  5.8378  2.5378  0.0000  1.3129 21.0982
  5.1943  1.8491  0.0000  1.9996 14.2890
  4.1777  3.1423  0.0000  1.7372 27.3561
  4.7692  2.4356  0.0000  1.9728 20.0638
  4.3520  4.1538  0.0000  0.7153 38.2385
  4.4229  3.0837  0.0000  2.1178 26.7399
  5.0745  3.3434  0.0000  0.3450 29.4823
  5.0443  3.4719  0.0000  1.5835 30.8523
  5.4751  0.7806  0.0000  1.4925  4.8769
  5.2516  3.3208  0.0000  0.5808 29.2422
  4.7240  0.8672  0.0000  2.2633  5.5582
  4.8517  2.1089  0.0000  1.8249 16.8095
  5.3207  3.7193  0.0000  2.0272 33.5095
  5.6268  3.1719  0.0000  0.5556 27.6674
  4.2892  3.1726  0.0000  0.7322 27.6748
  5.1298  1.4111  0.0000  2.2543 10.2082
  5.4326  0.7666  0.0000  0.4989  4.7690
  4.8313  4.3603  0.0000  1.8133 40.5113
  4.9802  3.9107  0.0000  0.9889 35.5842
  5.4247  1.9029  0.0000  1.3518 14.8051
  5.3386  2.1923  0.0000  0.9711 17.6323
  6.0530  2.8542  0.0000  2.2174 24.3461
  6.8181  4.1517  0.0000  1.2034 38.2154
  4.6237  4.3366  0.0000  2.0357 40.2497
  5.8560  2.5337  0.0000  1.8511 21.0570
  5.4071  1.0726  0.0000  1.6497  7.2460
  5.3440  2.5790  0.0000  1.5986 21.5178
  4.7526  0.7297  0.0000  1.1883  4.4864
  4.1516  3.3803  0.0000  2.0637 29.8749
  3.8985  1.7775  0.0000  1.3150 13.6059
  5.2035  2.2707  0.0000  0.6733 18.4101
  5.1132  3.0779  0.0000  0.8187 26.6790
  5.8820  2.4527  0.0000  2.4051 20.2359
  4.5999  1.0433  0.0000  2.2898  6.9998
  4.6494  3.9733  0.0000  1.8720 36.2651
  5.4437  3.1002  0.0000  1.4570 26.9128
  5.4231  2.8087  0.0000  0.4042 23.8748
  5.7516  2.7161  0.0000  1.8842 22.9202
  5.2928  0.6437  0.0000  0.8052  3.8434
  5.0219  3.1271  0.0000  0.9806 27.1961
  4.1383  4.2199  0.0000  2.2589 38.9645
  5.1525  2.8237  0.0000  1.8568 24.0304
  4.8262  2.9400  0.0000  1.3771 25.2370
  6.5258  1.7694  0.0000  2.5877 13.5294
  4.9792  2.2678  0.0000  1.1828 18.3811
  4.2579  1.3756  0.0000  1.9472  9.8887
  5.1046  2.1639  0.0000  1.4005 17.3511
  6.1662  2.0893  0.0000  0.7113 16.6176
  6.7802  2.4511  0.0000  1.3815 20.2202
  5.0718  1.7274  0.0000  2.2019 13.1318
  5.2863  1.2580  0.0000  1.1110  8.8447
  4.7177  2.7861  0.0000  2.1483 23.6414
  5.9296  2.5669  0.0000  1.5897 21.3944
  5.0136  2.3374  0.0000  0.5973 19.0767
  4.9488  3.1821  0.0000  1.7458 27.7754
  4.9149  2.0824  0.0000  1.3296 16.5495
  4.7821  3.6709  0.0000  1.6540 32.9883
  4.7483  1.4535  0.0000  1.8430 10.5929
  5.5339  3.6500  0.0000  0.4119 32.7626
  4.3641  3.0835  0.0000  2.7896 26.7373
  5.2915  1.3958  0.0000  2.3297 10.0701
  5.3350  4.1333  0.0000  1.7865 38.0141
  5.1840  2.8354  0.0000  1.5569 24.1511
  5.3991  2.1639  0.0000  1.7746 17.3510
  4.5363  1.7674  0.0000  1.5703 13.5102
  5.0941  2.7084  0.0000  1.9005 22.8409
  4.9635  4.2650  0.0000  0.8007 39.4602
  5.3648  3.3174  0.0000  1.6336 29.2065
  5.0041  2.4933  0.0000  2.3518 20.6468
  5.2255  1.3668  0.0000  0.8996  9.8099
  5.0860  1.0355  0.0000  1.3527  6.9345
  6.8980  2.6461  0.0000  0.7500 22.2026
  4.7199  3.3632  0.0000  1.5748 29.6931
  5.2163  1.7943  0.0000  1.5277 13.7661
  4.8384  1.1067  0.0000  1.2488  7.5351
  6.1654  2.4073  0.0000  1.3196 19.7786
  4.1459  2.2003  0.0000  1.8372 17.7109
  4.7238  0.7944  0.0000  2.1106  4.9843
  4.7311  2.4276  0.0000  2.1105 19.9824
  4.5650  1.4627  0.0000  1.7219 10.6760
  4.0329  2.9927  0.0000  2.9531 25.7866
  5.7442  4.4883  0.0000  0.3725 41.9276
  3.7749  1.8500  0.0000  1.1293 14.2972
  4.3057  4.1362  0.0000  2.2440 38.0462
  4.6946  1.1713  0.0000  1.3703  8.0888
  4.9461  0.6310  0.0000  1.6913  3.7503
  6.0108  2.4070  0.0000  0.6750 19.7757
  5.6830  3.8961  0.0000  1.1844 35.4249
  3.6694  3.3734  0.0000  1.1157 29.8012
  5.1816  1.6921  0.0000  1.6254 12.7995
  3.5073  1.2874  0.0000  2.0820  9.1035
  5.7316  3.6803  0.0000  1.2085 33.0889
  5.2272  0.8539  0.0000  2.2714  5.4524
  5.6969  1.6138  0.0000  1.3740 12.0671
  5.2226  2.4559  0.0000  2.3715 20.2683
  4.5307  3.7015  0.0000  1.6734 33.3180
  4.9280  0.6485  0.0000  0.6941  3.8785
  5.2246  2.5177  0.0000  2.8357 20.8937
  5.0582  3.9328  0.0000  1.3402 35.8249
  5.2386  2.4134  0.0000  0.9918 19.8393
  4.6945  1.0017  0.0000  1.4783  6.6530
  4.7417  2.9756  0.0000  2.1931 25.6082
  6.0380  3.1531  0.0000  1.8703 27.4689
  4.9610  2.3923  0.0000  0.9838 19.6270
  6.2236  3.3028  0.0000  1.0656 29.0519
  5.4553  2.7147  0.0000  0.2512 22.9059
  5.2407  3.9965  0.0000  1.8499 36.5186
  5.6641  1.5477  0.0000  1.5587 11.4550
  4.9577  2.2492  0.0000  1.8174 18.1961
  4.5552  1.9547  0.0000  2.6388 15.3051
  5.2241  1.8774  0.0000  1.1504 14.5607
  6.0326  3.3946  0.0000  0.8027 30.0275
  5.1365  1.8300  0.0000  2.3545 14.1065
  4.2664  2.5459  0.0000  0.6432 21.1807
  4.0058  0.8089  0.0000  1.4700  5.0970
  6.0718  3.4382  0.0000  0.6638 30.4926
  4.9414  2.7464  0.0000  0.9025 23.2318
  5.2806  2.3887  0.0000  2.2326 19.5916
  5.6548  2.4659  0.0000  2.1199 20.3689
  4.9151  2.2856  0.0000  0.9241 18.5586
  4.0601  1.3694  0.0000  0.6327  9.8334
  5.0047  3.4396  0.0000  0.7699 30.5074
  5.8526  2.3830  0.0000  0.9969 19.5338
  4.3740  3.0773  0.0000  1.0731 26.6723
  4.9563  2.6544  0.0000  0.5729 22.2879
  5.1061  2.3302  0.0000  1.2059 19.0044
  4.9164  3.0257  0.0000  1.5308 26.1320
  4.5297  2.9476  0.0000  1.6326 25.3162
  5.2459  2.5914  0.0000  1.4912 21.6436
  6.0198  2.4879  0.0000  1.1393 20.5922
  4.0664  0.9362  0.0000  1.9613  6.1146
  4.3622  3.2390  0.0000  0.2201 28.3763
  5.1768  2.6410  0.0000  0.7957 22.1505
  6.4703  1.6971  0.0000  0.6464 12.8460
  4.7055  4.3837  0.0000  2.0859 40.7698
  5.0440  2.9247  0.0000  1.1554 25.0782
  4.8063  2.0417  0.0000  0.7381 16.1511
  5.4009  1.2722  0.0000  0.9364  8.9690
  5.0543  3.1832  0.0000  1.1256 27.7867
  5.9607  4.4536  0.0000  2.5561 41.5431
  5.1979  3.8720  0.0000  1.0196 35.1637
  5.2130  2.1284  0.0000  0.9875 17.0012
  5.2292  2.9108  0.0000  2.0914 24.9335
  5.9082  2.0448  0.0000  1.5908 16.1814
  5.6711  0.8001  0.0000  1.6463  5.0286
  5.0436  3.8913  0.0000  1.0877 35.3726
  5.3137  1.9569  0.0000  2.2572 15.3272
  5.6484  2.0966  0.0000  2.0369 16.6888
  4.4579  3.2077  0.0000  1.6453 28.0454
  4.6668  2.7407  0.0000  2.2981 23.1740
  5.2516  1.0511  0.0000  1.4382  7.0648
  5.0015  2.7912  0.0000  2.5324 23.6938
  6.8793  4.1590  0.0000  2.1742 38.2962
  4.8685  2.8568  0.0000  2.8827 24.3725
  3.5729  1.8233  0.0000  1.0599 14.0425
  3.6344  3.8977  0.0000  2.1279 35.4422
  4.4869  4.0049  0.0000  2.3743 36.6102
  5.1458  3.4878  0.0000  2.7379 31.0222
  4.4532  1.9363  0.0000  2.0819 15.1280
  5.6820  1.6383  0.0000  0.2887 12.2957
  5.6357  4.1022  0.0000  2.8501 37.6735
  4.6853  2.6708  0.0000  1.4359 22.4559
  5.6841  3.4069  0.0000  1.5254 30.1581
  5.2459  0.5983  0.0000  1.5126  3.5138
  4.5186  4.4107  0.0000  1.0386 41.0676
  5.7391  3.6804  0.0000  2.3572 33.0901
  5.2888  2.8270  0.0000  2.2506 24.0645
  4.5348  2.0545  0.0000  1.5061 16.2760
  5.8090  1.9575  0.0000  1.4827 15.3324
  5.8104  3.5916  0.0000  1.2850 32.1349
  5.2567  1.4872  0.0000  0.3220 10.8994
  4.7525  2.6912  0.0000  2.5619 22.6647
  6.0644  0.2149  0.0000  1.2668  1.0526
  5.6591  1.3606  0.0000  2.2214  9.7542
  5.1091  0.8448  0.0000  0.5750  5.3798
  6.0797  3.2229  0.0000  1.0547 28.2055
  6.0648  2.4787  0.0000  1.6360 20.4988
  5.9319  3.3415  0.0000  2.3116 29.4623
  4.6707  2.1128  0.0000  2.5514 16.8475
  5.1945  0.7093  0.0000  1.3707  4.3313
  4.5810  4.0683  0.0000  1.9825 37.3031
  5.4965  2.3627  0.0000  2.1705 19.3301
  4.3392  2.8308  0.0000  2.6927 24.1033
  6.2070  0.9589  0.0000  1.5501  6.3002
  5.5881  1.2017  0.0000  1.3023  8.3524
  5.9834  3.0166  0.0000  2.8815 26.0369
  5.0364  2.8838  0.0000  2.5854 24.6534
  5.3700  1.1152  0.0000  1.3623  7.6075
  4.5451  2.2374  0.0000  1.2474 18.0789
  5.8214  1.8632  0.0000  1.2046 14.4237
  5.2953  0.9501  0.0000  1.4107  6.2282
  6.3731  3.4566  0.0000  1.9011 30.6882
  3.6468  1.9793  0.0000  1.5453 15.5437
  6.0494  3.8936  0.0000  1.3796 35.3978
  5.2241  1.4823  0.0000  1.7181 10.8547
  5.5230  3.0769  0.0000  1.4242 26.6679
  5.2695  2.5636  0.0000  2.4028 21.3608
  5.4281  3.7932  0.0000  0.8547 34.3085
  4.5694  1.0580  0.0000  2.6262  7.1229
  5.3394  1.6706  0.0000  1.1340 12.5975
  5.3028  4.1300  0.0000  2.0293 37.9783
  4.9735  4.2224  0.0000  1.4951 38.9923
  5.1381  1.0619  0.0000  1.6882  7.1561
  5.2419  2.8762  0.0000  2.1920 24.5742
  5.3160  2.9543  0.0000  1.3398 25.3868
  5.1819  0.7789  0.0000  1.5251  4.8640
  5.1227  2.3463  0.0000  1.1642 19.1658
  5.4305  4.1278  0.0000  1.7487 37.9545
  5.5021  2.6643  0.0000  2.0655 22.3885
  5.5060  2.8067  0.0000  2.0685 23.8544
  5.4767  2.0760  0.0000  2.3341 16.4871
  3.8669  1.3007  0.0000  0.8245  9.2212
  3.5388  0.4150  0.0000  0.8674  2.2581
  6.1084  2.1933  0.0000  0.7401 17.6414
  4.4603  3.5410  0.0000  0.2099 31.5914
  5.2479  0.9802  0.0000  2.0298  6.4752
  6.1356  2.5795  0.0000  1.3689 21.5222
  5.1317  1.3659  0.0000  1.1611  9.8019
  5.5191  3.4378  0.0000  1.9089 30.4885
  5.2087  0.6352  0.0000  2.2764  3.7813
  6.2285  3.0462  0.0000  0.8684 26.3470
  4.9641  1.6913  0.0000  2.1640 12.7919
  4.7949  3.6980  0.0000  1.0715 33.2802
  5.7101  2.8901  0.0000  1.0010 24.7184
  5.2652  3.2302  0.0000  1.8326 28.2832
  3.7426  1.0776  0.0000  1.2722  7.2888
  5.4569  0.5719  0.0000  0.5052  3.3253
  4.9347  1.6317  0.0000  0.2460 12.2338
  4.7190  3.9102  0.0000  2.7666 35.5789
  5.2095  3.2528  0.0000  2.5976 28.5215
  5.2238  2.1331  0.0000  1.2912 17.0472
  5.5644  1.3158  0.0000  1.7879  9.3548
  5.9026  3.9852  0.0000  2.8601 36.3951
  4.8154  3.3267  0.0000  1.4313 29.3056
  5.4870  4.0650  0.0000  0.8307 37.2661
  4.6921  2.4194  0.0000  0.6957 19.9000
  5.2052  2.8648  0.0000  2.1188 24.4560
  4.0488  2.7673  0.0000  2.5994 23.4479
  5.9775  3.7201  0.0000  1.9201 33.5185
  4.5440  1.3253  0.0000  0.6046  9.4397
  3.6245  2.8061  0.0000  1.6013 23.8478
  4.7233  2.8759  0.0000  1.2002 24.5714
  5.5135  4.1448  0.0000  0.4213 38.1408
  5.6543  2.5184  0.0000  1.6636 20.9011
  5.7155  3.9326  0.0000  1.9557 35.8226
  4.6820  3.9027  0.0000  0.8624 35.4969
  4.3450  2.6485  0.0000  2.9437 22.2274
  4.6555  2.0887  0.0000  1.5444 16.6109
  4.2105  4.0631  0.0000  2.0684 37.2455
  5.1657  4.3566  0.0000  1.4058 40.4703
  5.7152  1.3329  0.0000  1.2144  9.5066
  5.0972  3.4334  0.0000  0.7450 30.4406
  5.6368  1.9229  0.0000  2.7664 14.9983
  6.8379  2.4433  0.0000  1.6310 20.1410
  5.0566  3.0501  0.0000  2.0379 26.3873
  5.0367  1.5613  0.0000  1.4736 11.5801
  5.0219  3.1928  0.0000  1.9236 27.8876
  5.4960  2.3093  0.0000  0.7728 18.7954
  5.2536  2.2401  0.0000  1.1556 18.1062
  4.8825  2.3471  0.0000  0.6142 19.1736
  4.9671  3.7801  0.0000  0.5850 34.1673
  4.7063  3.3047  0.0000  2.5438 29.0720
  4.7431  4.1720  0.0000  0.5880 38.4381
  3.6161  4.1137  0.0000  2.0709 37.7997
  5.2343  2.9875  0.0000  0.5937 25.7330
  6.0141  3.6312  0.0000  2.0967 32.5604
  5.7573  1.1300  0.0000  0.1277  7.7345
  5.2828  1.9396  0.0000  1.1086 15.1592
  6.8304  3.2612  0.0000  1.9964 28.6110
  5.5381  2.6882  0.0000  1.4269 22.6337
  5.6953  2.5736  0.0000  2.4065 21.4618
  5.2677  1.5913  0.0000  1.0185 11.8581
  4.8718  2.9543  0.0000  0.7226 25.3861
  5.1502  2.9539  0.0000  2.6039 25.3817
  5.7498  3.4994  0.0000  2.6932 31.1463
  5.8523  3.0564  0.0000  2.1582 26.4534
  5.3560  1.9565  0.0000  2.5651 15.3231
  5.2896  2.8119  0.0000  2.2327 23.9080
  5.7441  2.9014  0.0000  2.3322 24.8354
  5.8566  2.4482  0.0000  0.5171 20.1909
  4.8817  1.5769  0.0000  1.4601 11.7245
  4.9794  0.8943  0.0000  1.2802  5.7755
  5.2407  3.0271  0.0000  1.8129 26.1471
  3.5313  3.9752  0.0000  1.7937 36.2858
  3.8267  3.3064  0.0000  2.6668 29.0901
  3.8787  1.5949  0.0000  1.4024 11.8914
  5.0610  4.4474  0.0000  2.3685 41.4742
  5.3421  3.9906  0.0000  1.0246 36.4538
  5.1572  3.4082  0.0000  0.7283 30.1721
  5.2446  2.1011  0.0000  1.0295 16.7333
  4.5939  4.1427  0.0000  0.4362 38.1170
  4.8433  1.9846  0.0000  0.8682 15.5959
  5.3115  2.8314  0.0000  1.9109 24.1093
  5.8899  3.9264  0.0000  1.8384 35.7543
  5.2891  0.4974  0.0000  1.0114  2.8068
  5.0538  1.0787  0.0000  1.2490  7.2980
  4.9371  1.3647  0.0000  1.1284  9.7909
  5.6604  3.9855  0.0000  2.7089 36.3987
  5.0435  1.6161  0.0000  0.5216 12.0884
  3.7293  2.0655  0.0000  1.3555 16.3845
  5.3394  3.8024  0.0000  1.7633 34.4090
  4.9755  1.2614  0.0000  1.9629  8.8742
  5.2015  2.0496  0.0000  0.9379 16.2285
  6.2453  3.0628  0.0000  1.5029 26.5204
  4.6419  2.5647  0.0000  1.6888 21.3720
  6.0480  2.9350  0.0000  1.8725 25.1853
  4.9756  2.0975  0.0000  1.7480 16.6978
  5.3619  1.7843  0.0000  0.9001 13.6704
  5.6194  4.3582  0.0000  2.7047 40.4883
  5.1303  1.4384  0.0000  1.2558 10.4556
  4.7492  2.2411  0.0000  1.7647 18.1157
  4.2072  4.1031  0.0000  0.5702 37.6836
  4.8287  2.5110  0.0000  2.0254 20.8263
  5.1217  2.1483  0.0000  1.6463 17.1971
  5.4432  4.4878  0.0000  2.0066 41.9216
  4.9818  3.4739  0.0000  0.7094 30.8737
  4.6868  2.3257  0.0000  1.3365 18.9598
  5.1251  0.9234  0.0000  2.2309  6.0103
  5.2513  2.5404  0.0000  0.4939 21.1250
  5.2254  3.8836  0.0000  2.0436 35.2889
  4.4007  0.9579  0.0000  0.6046  6.2918
  6.1463  0.8868  0.0000  1.8671  5.7148
  6.0439  2.6505  0.0000  1.5551 22.2474
  3.8499  4.3259  0.0000  2.0904 40.1319
  4.5321  3.0029  0.0000  2.4028 25.8938
  5.3423  1.2555  0.0000  0.4963  8.8219
  5.2132  2.1957  0.0000  1.4768 17.6654
  5.0324  0.5834  0.0000  2.7728  3.4069
  5.9071  2.7726  0.0000  1.9373 23.5020
  4.9070  3.6697  0.0000  1.3155 32.9750
  5.1084  3.6230  0.0000  0.8936 32.4721
  3.9096  4.2614  0.0000  1.0265 39.4208
  5.1893  4.1318  0.0000  2.4167 37.9974
  5.4717  4.4574  0.0000  0.3594 41.5852
  5.5954  1.6462  0.0000  1.2664 12.3689
  5.5662  2.8151  0.0000  2.4102 23.9411
  4.7964  2.7399  0.0000  1.2128 23.1653
  5.6895  3.1048  0.0000  2.6331 26.9614
  4.8537  2.6802  0.0000  1.4911 22.5521
  4.1277  4.0165  0.0000  0.2836 36.7367
  4.3526  2.1021  0.0000  1.7959 16.7426
  5.7212  2.9848  0.0000  0.8475 25.7049
  5.7069  2.8734  0.0000  1.2500 24.5455
  5.2152  2.4077  0.0000  2.8306 19.7826
  5.1016  3.8579  0.0000  1.4023 35.0101
  5.2276  2.5585  0.0000  1.7357 21.3084
  4.4703  2.1435  0.0000  1.9485 17.1502
  4.6650  0.9448  0.0000  3.0785  6.1842
  5.2892  2.9454  0.0000  1.4882 25.2936
  5.0504  4.2964  0.0000  0.2144 39.8067
  4.6855  3.0198  0.0000  1.0706 26.0699
  4.7625  3.4465  0.0000  1.7103 30.5808
  4.5837  3.9365  0.0000  1.6556 35.8645
  5.5455  3.1514  0.0000  2.0351 27.4510
  5.0467  3.6396  0.0000  2.0459 32.6509
  5.2336  2.8019  0.0000  0.7549 23.8049
  4.9993  2.4286  0.0000  2.0878 19.9932
  5.5984  1.7934  0.0000  2.1653 13.7573
  6.0142  3.9529  0.0000  0.9022 36.0431
  6.2058  3.7430  0.0000  1.3104 33.7655
  5.0880  3.2563  0.0000  2.8217 28.5590
  5.1851  2.6880  0.0000  1.9323 22.6317
  6.7210  1.9299  0.0000  2.6313 15.0653
  4.3034  2.8961  0.0000  1.9052 24.7810
  5.8696  2.4831  0.0000  2.2195 20.5431
  4.8817  3.8452  0.0000  2.5497 34.8729
  4.2943  3.2714  0.0000  2.3011 28.7192
  3.8605  4.3351  0.0000  1.7157 40.2334
  5.1726  3.3896  0.0000  2.3911 29.9743
  4.9183  1.8633  0.0000  1.1707 14.4248
  5.4229  3.0475  0.0000  2.4354 26.3605
  5.2383  2.3619  0.0000  1.0229 19.3224
  4.9611  0.7101  0.0000  2.0417  4.3374
  5.3147  2.7267  0.0000  1.4274 23.0296
  6.0119  2.8184  0.0000  2.5520 23.9752
  4.6906  3.4889  0.0000  1.3663 31.0334
  5.1082  2.0928  0.0000  1.2867 16.6520
  5.2192  1.1312  0.0000  1.3614  7.7444
  5.9741  2.4202  0.0000  0.9983 19.9084
  5.6850  4.2982  0.0000  2.4280 39.8259
  5.2468  3.0455  0.0000  2.3774 26.3392
  4.6918  1.3575  0.0000  1.2813  9.7268
  5.0518  4.4703  0.0000  2.1589 41.7272
  5.8522  3.8021  0.0000  1.6554 34.4052
  5.3952  2.3043  0.0000  1.8336 18.7456
  5.5600  2.6922  0.0000  1.0733 22.6752
  4.5525  1.7726  0.0000  2.9049 13.5601
  5.1661  1.2497  0.0000  2.4443  8.7716
  4.8660  3.2162  0.0000  2.6360 28.1352
  5.1118  3.2944  0.0000  0.2608 28.9623
  4.9541  3.8512  0.0000  2.3842 34.9371
  4.9760  4.1864  0.0000  0.7759 38.5967
  5.5200  3.3549  0.0000  2.2012 29.6052
  6.0964  2.5309  0.0000  2.5236 21.0282
  5.3928  2.6024  0.0000  2.3926 21.7555
  5.4316  3.1191  0.0000  1.3196 27.1119
  4.9437  2.5121  0.0000  2.5942 20.8368
  5.0729  2.5945  0.0000  0.8979 21.6751
  4.8907  1.5869  0.0000  1.7140 11.8174
  4.6756  3.4843  0.0000  1.5798 30.9846
  5.0829  2.3295  0.0000  1.3053 18.9973
  5.7527  3.9777  0.0000  0.7791 36.3133
  5.2567  2.4213  0.0000  2.3467 19.9196
  5.2001  3.4081  0.0000  2.0166 30.1714
  5.1191  1.7122  0.0000  1.6126 12.9887
  5.4510  3.6636  0.0000  2.2295 32.9095
  5.1719  3.1316  0.0000  2.6226 27.2429
  5.0836  2.8248  0.0000  2.0051 24.0411
  4.6357  2.5391  0.0000  1.2197 21.1112
  4.0806  3.3695  0.0000  2.2045 29.7603
  5.4863  1.9721  0.0000  1.1469 15.4737
  4.0590  1.9142  0.0000  0.7730 14.9140
  5.8688  2.5975  0.0000  1.4983 21.7055
  5.2280  1.7500  0.0000  0.9876 13.3458
  3.6976  2.3429  0.0000  1.4616 19.1318
  5.0755  1.8445  0.0000  2.1969 14.2452
  5.8273  3.6481  0.0000  0.8258 32.7425
  5.1550  3.1619  0.0000  1.3763 27.5618
  5.1337  0.6422  0.0000  2.2662  3.8322
  5.1229  2.4432  0.0000  0.4235 20.1399
  5.3838  1.1344  0.0000  2.5686  7.7721
  5.2806  1.0337  0.0000  1.5458  6.9195
  4.9200  1.5976  0.0000  1.3492 11.9167
  3.6076  4.3160  0.0000  2.6902 40.0223
  4.3581  4.4234  0.0000  2.1652 41.2080
  5.1016  3.3671  0.0000  0.6927 29.7345
  5.0154  3.8159  0.0000  2.3585 34.5545
  5.2825  3.3869  0.0000  1.3118 29.9454
  5.6825  4.2489  0.0000  3.0081 39.2830
  3.6023  4.4632  0.0000  1.2389 41.6486
  4.8321  3.7409  0.0000  0.9167 33.7432
  3.9331  3.7867  0.0000  1.8151 34.2391
  6.8472  1.9110  0.0000  0.5690 14.8839
  5.2503  1.9115  0.0000  1.7868 14.8879
  5.4492  1.2932  0.0000  2.5264  9.1544
  5.7009  2.2264  0.0000  1.7507 17.9702
  4.1719  3.7915  0.0000  2.1066 34.2900
  5.5329  3.7456  0.0000  1.1291 33.7944
  5.5289  1.6977  0.0000  2.1085 12.8516
  5.0814  2.0325  0.0000  2.2060 16.0618
  4.9588  1.2945  0.0000  1.4339  9.1657
  5.1939  3.8548  0.0000  1.4157 34.9769
  4.9315  2.1081  0.0000  1.2936 16.8013
  5.2552  0.3586  0.0000  1.2756  1.8994
  5.2058  2.1695  0.0000  1.9388 17.4065
  4.9308  1.1067  0.0000  0.7979  7.5354
  5.0348  4.1008  0.0000  1.0699 37.6584
  4.8256  2.4426  0.0000  1.4911 20.1344
  6.0390  2.2883  0.0000  2.0327 18.5859
  5.4824  3.9917  0.0000  1.9707 36.4660
  5.2054  1.9849  0.0000  1.9263 15.5980
  3.5939  2.6516  0.0000  2.4506 22.2588
  5.3083  4.3682  0.0000  1.4857 40.5987
  5.4442  1.7434  0.0000  1.6820 13.2830
  5.0486  2.3593  0.0000  0.8591 19.2961
  4.9086  2.0735  0.0000  1.7170 16.4625
  5.0759  1.7128  0.0000  2.3140 12.9937
  4.7409  3.6319  0.0000  0.8258 32.5677
  4.8737  2.8506  0.0000  1.7241 24.3091
  4.1684  2.2085  0.0000  1.3765 17.7927
  4.9194  2.3535  0.0000  0.5872 19.2382
  5.1679  2.9515  0.0000  0.7024 25.3572
  5.0919  4.0549  0.0000  1.9907 37.1561
  3.9115  1.6607  0.0000  1.8747 12.5046
  5.1063  1.2712  0.0000  0.9811  8.9605
  5.5972  2.7431  0.0000  1.5253 23.1983
  5.2854  3.3946  0.0000  1.6565 30.0270
  4.9184  2.7276  0.0000  1.2839 23.0391
  4.9304  2.1687  0.0000  1.7976 17.3986
  5.4089  2.3535  0.0000  2.4031 19.2374
  3.8878  4.0238  0.0000  1.7345 36.8165
  5.3916  0.7763  0.0000  2.2621  4.8436
  5.5409  4.0655  0.0000  2.8415 37.2723
  4.7270  3.3781  0.0000  0.3039 29.8518
  5.4633  4.3925  0.0000  0.6447 40.8672
  5.4654  1.0936  0.0000  1.7130  7.4242
  5.5791  3.2000  0.0000  1.9652 27.9635
  5.0269  1.1157  0.0000  0.7029  7.6117
  4.9393  3.4670  0.0000  2.1453 30.7996
  6.2572  1.5156  0.0000  1.8703 11.1597
  6.8742  2.0086  0.0000  3.0683 15.8285
  5.7067  1.6591  0.0000  0.6722 12.4898
  6.1364  1.5514  0.0000  1.4063 11.4887
  5.2718  2.3138  0.0000  0.4736 18.8401
  6.1057  3.0109  0.0000  0.7840 25.9774
  5.2877  4.3630  0.0000  1.2723 40.5406
  4.7675  3.9122  0.0000  2.3514 35.6006
  5.2289  2.9536  0.0000  2.4973 25.3791
  4.2434  4.2010  0.0000  2.0644 38.7569
  4.6114  1.8284  0.0000  1.2466 14.0905
  5.7788  1.7468  0.0000  1.6967 13.3151
  5.0268  1.7995  0.0000  1.8703 13.8157
  5.2022  3.0228  0.0000  1.1291 26.1013
  5.4959  1.5484  0.0000  1.6789 11.4610
  4.7737  4.0379  0.0000  2.1801 36.9709
  4.9173  2.4645  0.0000  0.5210 20.3548
  4.7442  1.3495  0.0000  0.7760  9.6554
  5.4411  4.4884  0.0000  1.6633 41.9286
  5.5084  1.4295  0.0000  1.7368 10.3750
  4.9429  1.4377  0.0000  2.1295 10.4488
  5.8435  2.2281  0.0000  0.3081 17.9863
  5.2604  1.5950  0.0000  2.2189 11.8926
  6.2027  3.2963  0.0000  0.9152 28.9824
  4.2606  1.8710  0.0000  1.6170 14.4991
  4.7271  3.6418  0.0000  2.2512 32.6748
  5.9508  3.0815  0.0000  2.7357 26.7164
  5.1847  0.7907  0.0000  0.2426  4.9556
  4.9008  1.8648  0.0000  2.3438 14.4390
  6.3961  3.1076  0.0000  0.7451 26.9907
  5.9184  1.7365  0.0000  0.5923 13.2178
  5.2780  1.8925  0.0000  2.4531 14.7058
  4.7982  2.5909  0.0000  1.3375 21.6389
  4.7436  1.6009  0.0000  1.6605 11.9470
  5.8127  2.7828  0.0000  0.9082 23.6071
  5.3118  3.2935  0.0000  2.3971 28.9534
  5.1574  4.4848  0.0000  1.2705 41.8887
  4.8899  1.2650  0.0000  1.0311  8.9058
  5.1402  0.9599  0.0000  2.5342  6.3085
  3.9348  2.2030  0.0000  0.9287 17.7382
  5.1368  3.1100  0.0000  1.3272 27.0164
  5.2530  2.9811  0.0000  2.7292 25.6664
  5.6456  2.2137  0.0000  0.9132 17.8438
  5.6417  3.9874  0.0000  0.4887 36.4195
  6.2361  1.7559  0.0000  1.0175 13.4009
  6.0306  1.7430  0.0000  1.7969 13.2793
  4.3748  2.7960  0.0000  2.0655 23.7439
  5.0765  0.7111  0.0000  2.6217  4.3449
  5.3037  1.8407  0.0000  1.5447 14.2087
  5.0414  0.9192  0.0000  0.8697  5.9762
  4.0046  3.8276  0.0000  1.2952 34.6819
  5.9344  3.2393  0.0000  0.9633 28.3789
  6.1046  3.2535  0.0000  2.0123 28.5297
  6.0373  2.2662  0.0000  0.2783 18.3658
  4.2369  3.7874  0.0000  1.5473 34.2462
  3.6520  1.8217  0.0000  0.2970 14.0265
  5.0086  2.2977  0.0000  1.1170 18.6792
  5.3957  3.7055  0.0000  0.6129 33.3608
  6.8215  3.6145  0.0000  1.8233 32.3812
  5.4922  2.2440  0.0000  1.6483 18.1450
  5.2113  3.5696  0.0000  1.5006 31.8990
  4.5190  3.3458  0.0000  1.0494 29.5080
  5.3268  1.7874  0.0000  0.7629 13.7000
  4.4386  0.7044  0.0000  0.8223  4.2944
  5.2794  2.7631  0.0000  0.8207 23.4038
  5.1414  2.3266  0.0000  1.7888 18.9684
  5.0772  3.5726  0.0000  2.2243 31.9311
  4.4717  1.2844  0.0000  2.3449  9.0769
  5.1015  1.2868  0.0000  2.1623  9.0983
  5.1116  4.3442  0.0000  1.9152 40.3332
  5.2031  1.5373  0.0000  2.4208 11.3589
  5.3764  3.8168  0.0000  1.1466 34.5645
  4.2409  4.3795  0.0000  1.6694 40.7230
  5.0633  1.6932  0.0000  1.8779 12.8095
  5.2547  1.8258  0.0000  1.0895 14.0663
  4.3312  2.2374  0.0000  2.0076 18.0793
  4.8908  2.8788  0.0000  2.0888 24.6013
  5.2793  1.5752  0.0000  0.9815 11.7088
  5.5043  3.1358  0.0000  1.3790 27.2870
  5.3644  1.5785  0.0000  2.1420 11.7391
  5.2773  2.3725  0.0000  2.2519 19.4288
  5.1144  2.6291  0.0000  1.1578 22.0289
  5.6120  2.4952  0.0000  2.3205 20.6658
  5.6061  4.1512  0.0000  1.6655 38.2110
  5.4300  4.3044  0.0000  2.7149 39.8949
  4.8263  2.8795  0.0000  0.2535 24.6088
  5.0529  1.7682  0.0000  2.1800 13.5175
  5.3333  1.1434  0.0000  1.4766  7.8487
  4.8061  1.9355  0.0000  1.7119 15.1202
  5.6316  2.8364  0.0000  1.1938 24.1616
  5.2007  0.5772  0.0000  1.4291  3.3629
  5.2838  2.0584  0.0000  1.1875 16.3144
  5.0962  1.6398  0.0000  1.2567 12.3097
  5.2590  4.1271  0.0000  1.1683 37.9467
  5.7311  1.9528  0.0000  1.6291 15.2869
  5.3221  3.5955  0.0000  0.2179 32.1764
  4.8568  2.4156  0.0000  1.2427 19.8621
  5.2388  2.4481  0.0000  1.2712 20.1892
  4.2198  2.2118  0.0000  0.2521 17.8250
  4.6110  3.8121  0.0000  1.9409 34.5135
  5.6508  2.7465  0.0000  0.8384 23.2330
  6.1868  4.0302  0.0000  0.7939 36.8859
  5.8764  1.1224  0.0000  2.4823  7.6693
  5.1447  4.4016  0.0000  1.5095 40.9676
  4.4678  1.9884  0.0000  1.8729 15.6325
  5.7575  4.4603  0.0000  2.0267 41.6165
  5.2796  0.8145  0.0000  0.8136  5.1415
  5.2773  2.2861  0.0000  2.2758 18.5641
  5.1242  4.0119  0.0000  1.8440 36.6868
  5.7241  3.7637  0.0000  2.1623 33.9901
  5.0724  1.8950  0.0000  1.1634 14.7292
  4.5240  3.0585  0.0000  2.2508 26.4753
  5.4720  3.9099  0.0000  0.8916 35.5753
  4.9965  1.7573  0.0000  1.6224 13.4147
  5.4571  1.3556  0.0000  2.5704  9.7098
  5.2857  2.0040  0.0000  2.2679 15.7840
  5.6569  1.2631  0.0000  0.3580  8.8889
  4.9776  1.7673  0.0000  1.6983 13.5089
  6.0770  3.7641  0.0000  1.6933 33.9944
  4.4662  3.3734  0.0000  1.2964 29.8013
  5.4769  1.9940  0.0000  1.7869 15.6870
  5.8181  4.1230  0.0000  2.3370 37.9011
  3.9948  1.8139  0.0000  2.2411 13.9521
  5.1976  2.5397  0.0000  1.9325 21.1180
  5.1068  2.4370  0.0000  1.1821 20.0778
  5.1685  3.7801  0.0000  1.0528 34.1670
  6.0312  2.8020  0.0000  1.5528 23.8063
  4.5420  2.7097  0.0000  1.5858 22.8551
  4.8173  1.4655  0.0000  1.0202 10.7014
  5.4801  3.5970  0.0000  0.9744 32.1930
  4.7012  3.9163  0.0000  2.6859 35.6449
  4.9720  4.1412  0.0000  1.3209 38.1010
  5.1729  3.1796  0.0000  1.3078 27.7488
  4.0116  2.0193  0.0000  1.7884 15.9327
  5.3215  3.5483  0.0000  1.2156 31.6702
  3.7784  3.7251  0.0000  1.0926 33.5729
  4.1263  3.2209  0.0000  2.6748 28.1848
  5.6374  3.4766  0.0000  2.5802 30.9024
  5.2807  4.0101  0.0000  2.1773 36.6670
  4.3899  3.4898  0.0000  0.5432 31.0430
  5.6702  1.0644  0.0000  2.4816  7.1767
  4.5916  0.6814  0.0000  0.5125  4.1225
  5.0365  3.2026  0.0000  1.9915 27.9918
  5.5193  1.4799  0.0000  2.5019 10.8331
  4.9522  1.4286  0.0000  0.6835 10.3665
  5.0214  2.0506  0.0000  1.8772 16.2384
  3.6942  2.7974  0.0000  1.3582 23.7579
  4.9809  2.9729  0.0000  2.6767 25.5798
  4.9679  3.1502  0.0000  0.9189 27.4384
  5.0394  2.6360  0.0000  0.9435 22.0992
  4.8786  2.6217  0.0000  1.4391 21.9532
  4.6116  1.5250  0.0000  1.7145 11.2464
  4.7953  1.6310  0.0000  0.8696 12.2269
  5.1426  3.0151  0.0000  2.5553 26.0209
  5.1550  1.1009  0.0000  2.1037  7.4860
  4.9351  2.8802  0.0000  1.2166 24.6156
  5.7440  0.4819  0.0000  0.8042  2.7012
  5.2312  4.0135  0.0000  1.3585 36.7039
  5.2573  3.5765  0.0000  1.8717 31.9724
  5.8107  0.8984  0.0000  1.4825  5.8084
  5.2415  0.7838  0.0000  1.0141  4.9019
  6.8734  0.8026  0.0000  0.5950  5.0483
  5.0161  0.7352  0.0000  2.5695  4.5280
  5.7449  3.0201  0.0000  1.0249 26.0731
  4.6290  0.7356  0.0000  1.1737  4.5310
  5.4605  3.4168  0.0000  0.6266 30.2639
  5.1503  3.8160  0.0000  1.7442 34.5559
  5.3149  4.1970  0.0000  2.2729 38.7133
  5.0299  2.9343  0.0000  0.3548 25.1784
  4.8962  2.6636  0.0000  1.9859 22.3822
  5.3049  3.7540  0.0000  1.7599 33.8850
  5.4396  3.4644  0.0000  1.4115 30.7725
  4.3735  2.8665  0.0000  0.9024 24.4738
  5.2735  0.7761  0.0000  1.5049  4.8422
  4.5143  4.1598  0.0000  2.6228 38.3053
  5.4486  1.8267  0.0000  2.2602 14.0750
  4.8797  2.7659  0.0000  0.3328 23.4334
  5.4386  3.6201  0.0000  2.0292 32.4409
  3.8141  3.2365  0.0000  1.4312 28.3490
  3.6202  2.8634  0.0000  0.8571 24.4409
  5.5584  2.7285  0.0000  2.7201 23.0483
  5.1935  2.0896  0.0000  0.4485 16.6198
  4.8359  2.7941  0.0000  1.3175 23.7242
  5.4807  1.7084  0.0000  1.4635 12.9529
  5.0710  0.9997  0.0000  1.4159  6.6363
  5.0128  1.5783  0.0000  1.7635 11.7379
  4.5164  3.2229  0.0000  1.0560 28.2059
  5.2055  2.6713  0.0000  0.8682 22.4607
  5.3079  2.2763  0.0000  1.4356 18.4661
  5.0926  3.4595  0.0000  0.9756 30.7198
  5.1265  2.9653  0.0000  1.0892 25.5016
  4.7293  3.7856  0.0000  2.2738 34.2266
  4.6361  4.0697  0.0000  1.1299 37.3184
  5.2775  1.7989  0.0000  0.8162 13.8094
  3.7102  3.4843  0.0000  0.1600 30.9843
  5.1883  3.6401  0.0000  1.0484 32.6557
  4.2335  4.1049  0.0000  1.6660 37.7031
  5.0595  4.1946  0.0000  0.8810 38.6872
  5.4129  3.4158  0.0000  1.3979 30.2537
  5.4283  3.4464  0.0000  0.4751 30.5801
  5.3958  2.1711  0.0000  2.1169 17.4220
  3.7047  3.4486  0.0000  2.1295 30.6038
  5.1894  2.7403  0.0000  2.1858 23.1700
  4.6282  3.5759  0.0000  1.0570 31.9658
  5.0017  4.3473  0.0000  0.2483 40.3680
  5.6518  2.5163  0.0000  2.1749 20.8795
  4.7985  3.5320  0.0000  2.5781 31.4954
  5.2214  1.0947  0.0000  0.2231  7.4336
  5.3059  2.0028  0.0000  2.0420 15.7724
  5.1184  2.9756  0.0000  2.4761 25.6084
  5.0654  3.3033  0.0000  0.7984 29.0571
  5.2381  1.8051  0.0000  0.5787 13.8688
  5.2036  2.9023  0.0000  2.4816 24.8448
  5.1802  0.8838  0.0000  1.5195  5.6907
  5.4204  2.3926  0.0000  1.7224 19.6305
  5.8882  2.0394  0.0000  2.2429 16.1289
  5.1181  2.7105  0.0000  2.4357 22.8630
  4.5843  2.7347  0.0000  0.5797 23.1116
  5.3869  3.9365  0.0000  1.8572 35.8645
  4.8338  1.3940  0.0000  2.7307 10.0546
  4.4247  4.4369  0.0000  0.6918 41.3576
  4.7277  1.6506  0.0000  2.2930 12.4107
  5.3734  1.7726  0.0000  2.1878 13.5594
  5.2344  1.9358  0.0000  0.4980 15.1226
  4.7857  1.3047  0.0000  1.2934  9.2560
  5.2921  2.8161  0.0000  1.3885 23.9514
  5.4685  3.9831  0.0000  1.6711 36.3721
  5.6131  3.5653  0.0000  1.6229 31.8520
  4.9575  3.3833  0.0000  1.3908 29.9072
  5.1895  1.0260  0.0000  0.4218  6.8549
  5.2152  3.2133  0.0000  0.6750 28.1043
  5.4735  4.1214  0.0000  1.8595 37.8841
  5.4185  3.5678  0.0000  0.6970 31.8796
  5.6365  0.7443  0.0000  2.5010  4.5970
  4.6520  2.3486  0.0000  1.7524 19.1888
  4.7803  1.0250  0.0000  1.0931  6.8466
  5.2250  2.3570  0.0000  1.1308 19.2725
  5.1916  3.2421  0.0000  1.6920 28.4091
  5.4693  2.7277  0.0000  1.1552 23.0399
  6.3112  0.2849  0.0000  2.9645  1.4523
  5.0659  1.9463  0.0000  1.2276 15.2242
  6.8698  3.5987  0.0000  1.0571 32.2110
  4.8521  2.5878  0.0000  1.0240 21.6072
  5.3059  1.4040  0.0000  1.7040 10.1445
  5.2932  2.9489  0.0000  1.7965 25.3304
  5.6760  1.1825  0.0000  0.7462  8.1858
  4.9376  4.1304  0.0000  0.3099 37.9826
  6.5422  4.2182  0.0000  2.1518 38.9464
  5.0827  2.5457  0.0000  2.0472 21.1781
  4.2385  2.7819  0.0000  0.1241 23.5978
  5.1922  3.1367  0.0000  1.6404 27.2962
  5.1573  2.2849  0.0000  1.5907 18.5522
  5.8626  2.5745  0.0000  0.8568 21.4711
  4.6167  3.2898  0.0000  1.5465 28.9136
  5.7970  0.4489  0.0000  2.1712  2.4807
  5.7276  2.9843  0.0000  2.0257 25.6992
  5.0481  1.5327  0.0000  2.1469 11.3165
  4.9515  1.6506  0.0000  0.4405 12.4105
  5.8302  1.4676  0.0000  1.9722 10.7204
  5.6658  4.2607  0.0000  0.8143 39.4129
  4.6679  2.0880  0.0000  1.7258 16.6047
  5.0967  1.1026  0.0000  0.4803  7.5003
  4.7469  3.1299  0.0000  1.5390 27.2249
  5.0452  4.0467  0.0000  1.5446 37.0666
  4.4585  0.4393  0.0000  0.7733  2.4171
  5.1709  1.5408  0.0000  0.4900 11.3917
  5.1720  0.7303  0.0000  1.9245  4.4910
  3.6547  3.8922  0.0000  0.7238 35.3827
  6.0617  4.2497  0.0000  0.7932 39.2919
  5.1812  3.7814  0.0000  1.9353 34.1817
  5.0155  1.6129  0.0000  1.3682 12.0586
  5.3250  1.8203  0.0000  2.0658 14.0139
  4.3825  3.0399  0.0000  1.9596 26.2808
  4.9669  0.7358  0.0000  2.7101  4.5324
  5.7002  2.8747  0.0000  2.3932 24.5582
  4.7669  0.9798  0.0000  0.6078  6.4717
  4.7099  1.2247  0.0000  1.3873  8.5528
  5.9495  3.0151  0.0000  1.9392 26.0212
  5.2357  0.7749  0.0000  0.9870  4.8330
  5.3889  2.1413  0.0000  1.2156 17.1283
  5.0941  3.2446  0.0000  2.7022 28.4355
  4.8111  1.6961  0.0000  2.4845 12.8372
  4.9314  1.4210  0.0000  2.8792 10.2981
  5.0971  3.2879  0.0000  1.2215 28.8937
  5.2563  2.4801  0.0000  0.9261 20.5131
  5.3874  3.3696  0.0000  1.4012 29.7616
  5.2974  2.1292  0.0000  2.6038 17.0092
  5.4194  2.2076  0.0000  1.9842 17.7832
  5.1571  3.2642  0.0000  0.1724 28.6426
  5.2659  3.4315  0.0000  1.2488 30.4204
  5.1767  1.0028  0.0000  2.6246  6.6620
  4.8374  0.3017  0.0000  2.0569  1.5521
  5.4612  2.2497  0.0000  1.9638 18.2009
  4.6272  4.1614  0.0000  2.3634 38.3220
  4.8662  3.2863  0.0000  0.6932 28.8770
  5.1797  3.1675  0.0000  0.9113 27.6206
  4.6118  1.6766  0.0000  2.3507 12.6542
  5.9107  3.1293  0.0000  1.5613 27.2186
  5.5022  3.1292  0.0000  1.4488 27.2182
  5.1691  2.5294  0.0000  0.9293 21.0126
  5.2234  3.9622  0.0000  2.1542 36.1445
  5.1071  0.9991  0.0000  1.3570  6.6315
  5.0045  1.2000  0.0000  2.3614  8.3379
  5.1576  1.9560  0.0000  0.9032 15.3184
