  5.1663  1.3084  0.9846  2.6490  9.2889
  5.2403  4.2178  0.9852  2.5474 38.9411
  4.0215  1.2472  0.9800  0.4935  8.7492
  5.0175  2.0266  0.9980  2.0789 16.0038
  4.9932  2.5105  0.9808  1.5820 20.8210
  4.9194  3.3047  0.9933  0.8415 29.0720
  5.2055  2.5882  0.9705  1.8408 21.6107
  5.4415  1.7330  0.9711  1.4246 13.1843
  5.2745  3.0241  0.9756  1.5301 26.1153
  5.2839  1.8397  0.9846  1.3395 14.1985
  5.3942  2.2829  0.9916  2.5099 18.5316
  6.1314  2.6805  0.9700  2.1428 22.5551
  6.4002  3.4897  0.9582  1.8646 31.0427
  5.1655  1.2994  0.9860  1.5744  9.2097
  4.4475  2.7153  0.9885  1.3163 22.9119
  5.2483  1.7736  0.9980  1.9262 13.5693
  4.6336  3.4354  0.9913  0.5050 30.4622
  4.6235  2.1541  0.9730  0.7645 17.2549
  5.1430  1.2971  0.9857  0.7425  9.1895
  5.8819  1.6574  0.9907  1.6373 12.4737
  4.7089  3.1500  0.9692  0.3597 27.4365
  4.8067  1.5780  0.9889  2.0121 11.7346
  4.7783  1.9680  0.9879  1.4000 15.4341
  5.6465  2.2934  0.9817  2.2462 18.6371
  5.2271  2.9051  0.9709  2.3578 24.8743
  4.7032  3.4339  0.9921  0.0430 30.4462
  4.0950  1.4908  0.9784  0.3657 10.9327
  4.4175  3.4072  0.9745  0.7004 30.1621
  4.0278  2.5412  0.9682  1.2770 21.1328
  5.2745  3.2271  0.9905  1.0639 28.2503
  3.9358  4.1086  0.9722  1.8475 37.7436
  3.6937  2.1761  0.9915  0.9333 17.4721
  4.6771  2.5112  0.9885  0.6556 20.8279
  4.9626  3.4811  0.9980  2.4306 30.9502
  5.7204  1.9909  0.9930  0.9503 15.6571
  4.6620  1.6611  0.9690  0.4503 12.5085
  5.0165  1.0556  0.9967  0.6721  7.1033
  5.9014  3.7036  0.9767  1.8006 33.3405
  4.7099  3.8090  0.9776  0.6993 34.4805
  5.4904  1.4745  0.9880  1.8734 10.7834
  4.5009  3.0711  0.9891  2.0323 26.6078
  5.7550  3.2445  0.9849  0.8813 28.4338
  5.5838  1.0864  0.9724  2.4848  7.3628
  4.7128  1.9510  0.9753  0.4089 15.2695
  5.1587  2.4397  0.9866  1.8976 20.1051
  4.7642  2.7772  0.9752  0.7336 23.5498
  5.1432  1.9533  0.9737  0.4323 15.2919
  6.7173  3.3114  0.5948  1.3628 29.1428
  5.2558  3.4119  0.9692  1.7707 30.2119
  5.5873  2.5513  0.9720  1.1939 21.2357
  4.7960  3.6810  0.9789  1.3481 33.0970
  5.9506  4.1571  0.9780  1.5222 38.2753
  5.3375  0.8859  0.9965  1.2467  5.7079
  5.8346  2.4511  0.9867  0.3131 20.2195
  5.5636  3.2371  0.9817  1.9474 28.3557
  5.3795  2.4414  0.9788  1.2179 20.1215
  5.1459  1.4812  0.9967  0.3105 10.8446
  5.5489  2.7052  0.9796  1.1906 22.8084
  4.6725  3.5299  0.9806  1.4501 31.4726
  4.3408  2.6692  0.9893  0.3027 22.4389
  5.4296  3.3075  0.9861  1.5931 29.1014
  5.0024  3.2135  0.9796  0.1453 28.1069
  5.1958  1.3256  0.9851  2.0705  9.4424
  5.3007  2.5118  0.9952  0.8004 20.8344
  5.3598  2.3525  0.9874  0.6125 19.2274
  6.1058  2.5754  0.9723  1.0967 21.4810
  4.2312  4.2205  0.9760  1.0899 38.9708
  4.6819  1.7091  0.9801  1.2790 12.9594
  4.3783  1.8201  0.9922  1.6105 14.0122
  4.9705  2.2764  0.9878  1.5182 18.4669
  4.4150  2.8635  0.9704  0.8754 24.4429
  4.8275  0.2105  0.9750  1.7171  1.0286
  5.0747  2.3958  0.9922  1.5221 19.6626
  4.7826  3.7750  0.9763  1.4743 34.1125
  5.1342  1.4692  0.9908  0.3613 10.7358
  5.5580  2.2346  0.9843  1.3415 18.0512
  5.5392  4.0483  0.9772  0.4198 37.0844
  4.7615  1.5016  0.9872  0.5792 11.0314
  5.2211  2.1858  0.9941  1.0282 17.5678
  5.1139  1.9306  0.9974  2.2338 15.0726
  5.1492  2.4466  0.9866  0.4381 20.1749
  6.1282  1.8103  0.9842  1.8386 13.9185
  4.0812  1.6659  0.9677  2.5470 12.5536
  5.2871  3.9116  0.9739  1.3689 35.5938
  5.4718  0.9599  0.9767  1.6041  6.3077
  4.6367  3.5283  0.9865  1.4458 31.4557
  5.9926  3.5079  0.9797  1.3125 31.2367
  5.3920  2.8395  0.9740  1.1008 24.1938
  4.7652  4.1733  0.9669  0.8733 38.4530
  6.0837  2.4902  0.9751  0.8995 20.6152
  6.3647  1.0285  0.9980  1.6772  6.8761
  4.4029  2.6017  0.9870  1.6350 21.7490
  3.6407  3.4045  0.9766  1.6219 30.1332
  6.0662  3.0062  0.9980  1.8243 25.9284
  5.3375  2.8203  0.9706  1.9659 23.9955
  4.7660  2.0457  0.9762  0.3352 16.1904
  4.9081  3.8943  0.9877  2.1659 35.4061
  5.7069  2.6657  0.9690  0.5787 22.4034
  5.4205  2.0845  0.9931  0.0359 16.5706
  5.7101  3.1518  0.9721  1.2406 27.4558
  5.8837  3.3393  0.9813  0.9778 29.4394
  4.7058  1.3094  0.9809  0.4531  9.2980
  5.4282  3.1124  0.9962  1.2645 27.0409
  4.2166  1.3755  0.9683  2.1364  9.8880
  5.5349  2.2099  0.9957  2.7626 17.8062
  4.2072  3.2003  0.9851  1.2805 27.9665
  5.2984  1.7734  0.9785  1.5289 13.5669
  5.2336  2.0313  0.9980  1.3430 16.0497
  5.5062  2.8850  0.9713  2.0494 24.6659
  5.3549  3.6659  0.9844  1.7227 32.9341
  5.2934  2.4356  0.9953  1.0784 20.0631
  5.0158  2.3406  0.9949  2.1783 19.1088
  5.5754  1.0308  0.9794  0.2591  6.8951
  5.6904  2.1900  0.9695  1.6949 17.6096
  5.1484  0.9243  0.9973  0.1775  6.0178
  5.2612  4.1812  0.9927  1.6021 38.5395
  4.8638  2.9556  0.9775  1.7242 25.4003
  4.9356  3.1327  0.9883  1.4243 27.2545
  4.3383  4.0581  0.9970  1.3597 37.1909
  4.6576  3.8132  0.9808  1.3036 34.5252
  5.1603  2.5030  0.9784  1.2521 20.7447
  4.7307  2.5496  0.9977  1.0511 21.2177
  4.8643  0.5742  0.9808  2.3412  3.3416
  5.0710  3.5552  0.9963  1.0176 31.7444
  4.7881  1.3367  0.9944  1.3715  9.5412
  5.5712  3.7175  0.9729  0.1500 33.4905
  5.4431  3.5799  0.9871  2.3164 32.0087
  5.8200  1.8657  0.9847  1.4414 14.4475
  5.7245  3.6173  0.9741  0.4959 32.4112
  4.9533  2.0296  0.9897  1.2805 16.0331
  5.1372  2.9891  0.9679  1.2787 25.7494
  5.9600  1.6241  0.9672  1.1539 12.1626
  5.4456  3.6355  0.9906  0.5920 32.6062
  4.7347  1.5425  0.9980  1.3555 11.4067
  4.8911  2.2924  0.9767  1.2267 18.6264
  4.5531  3.6117  0.9779  0.7289 32.3505
  5.2813  1.7422  0.9894  1.0647 13.2717
  5.4347  1.9539  0.9692  1.2681 15.2978
  3.9695  1.5659  0.9668  1.7094 11.6233
  4.9126  4.0564  0.9823  0.4388 37.1727
  5.4096  3.4187  0.9730  1.9140 30.2846
  3.8441  3.4486  0.9792  0.8867 30.6033
  6.5054  2.1928  0.8585  0.3198 17.6370
  4.8582  3.7097  0.9980  0.1078 33.4061
  5.2171  1.6737  0.9677  2.4648 12.6267
  6.1035  3.1127  0.9866  0.5225 27.0440
  4.3144  3.9536  0.9816  0.5640 36.0512
  4.4760  2.1659  0.9807  1.5255 17.3707
  5.3887  1.4590  0.9861  1.5815 10.6429
  5.4656  3.0800  0.9842  1.0570 26.7005
  5.0169  1.7364  0.9938  0.5649 13.2167
  4.0719  3.3045  0.9795  0.4257 29.0701
  4.4754  2.4758  0.9795  0.5894 20.4696
  4.9604  2.3130  0.9980  2.7548 18.8326
  5.0640  1.3463  0.9771  1.9558  9.6264
  5.4596  2.6155  0.9980  0.6878 21.8900
  5.8059  4.2294  0.9862  0.9979 39.0695
  4.8741  2.7949  0.9765  1.1305 23.7322
  4.8740  3.3354  0.9980  1.2186 29.3974
  6.6453  2.6622  0.8428  1.4014 22.3672
  5.3456  3.4528  0.9708  1.3036 30.6477
  5.1653  3.8639  0.9815  0.4783 35.0752
  5.2091  2.4292  0.9873  1.8067 19.9988
  4.8874  3.1098  0.9775  1.3515 27.0134
  3.9059  4.3268  0.9764  2.7541 40.1411
  5.3833  1.3439  0.9693  2.4597  9.6048
  5.5350  4.1910  0.9933  1.1635 38.6470
  4.7287  1.9449  0.9765  0.4420 15.2112
  4.7984  1.4012  0.9710  1.1046 10.1191
  5.1298  1.6062  0.9533  0.5066 11.9962
  4.6694  1.0316  0.9957  2.3334  6.9015
  5.3765  3.0929  0.9714  0.7834 26.8366
  4.8239  3.2143  0.9851  2.8436 28.1145
  4.2119  3.8002  0.9787  0.8745 34.3849
  5.4840  2.5431  0.9977  1.3829 21.1522
  5.1463  1.9316  0.9962  0.8813 15.0818
  4.9632  1.5279  0.9713  1.0955 11.2729
  4.2718  2.4709  0.9897  2.7456 20.4196
  5.4027  2.8526  0.9745  3.0241 24.3295
  4.7133  1.7006  0.9825  0.7667 12.8795
  4.8769  1.9733  0.9675  2.3077 15.4855
  5.1375  2.3738  0.9977  1.3592 19.4418
  5.2453  1.3717  0.9949  0.4083  9.8536
  5.4855  3.2033  0.9820  1.1553 27.9986
  5.3556  2.5417  0.9917  1.2446 21.1377
  4.9013  0.5376  0.9839  0.5931  3.0840
  5.4331  3.7194  0.9895  0.4983 33.5113
  5.3338  4.2499  0.9881  1.5327 39.2943
  4.4449  3.3242  0.9841  0.9427 29.2788
  3.9950  1.7729  0.9909  2.0012 13.5625
  4.6201  4.2908  0.9700  1.3443 39.7446
  5.0587  3.6406  0.9817  0.7418 32.6617
  4.3102  3.0523  0.9856  1.9722 26.4109
  5.0262  2.0334  0.9681  2.0098 16.0701
  5.1151  1.4300  0.9980  1.7761 10.3797
  4.4596  4.4165  0.9847  1.9381 41.1318
  4.9380  3.6934  0.9847  0.5913 33.2301
  6.3071  2.3558  0.9717  0.6595 19.2607
  3.7240  1.8979  0.9730  1.3076 14.7569
  4.9622  2.6819  0.9706  1.3362 22.5692
  5.4949  2.0281  0.9849  1.2746 16.0183
  5.8422  2.7564  0.9871  1.3678 23.3356
  5.6800  4.2526  0.9841  0.1929 39.3245
  4.2699  3.8711  0.9958  0.7458 35.1538
  5.2015  1.7019  0.9726  1.2878 12.8916
  4.9473  2.2871  0.9721  0.1673 18.5738
  5.5639  4.4402  0.9753  1.5639 41.3948
  5.0170  4.3013  0.9980  1.1486 39.8609
  4.7799  2.0128  0.9960  1.7736 15.8696
  5.0468  2.6718  0.9980  0.7931 22.4660
  5.1522  2.5849  0.9706  2.5641 21.5775
  4.8616  1.5098  0.9834  0.6933 11.1064
  5.2480  2.5471  0.9741  1.0761 21.1927
  5.7135  3.7675  0.9971  1.1121 34.0312
  4.6650  3.7172  0.9910  2.9222 33.4873
  5.1711  3.4533  0.9775  1.5604 30.6529
  5.6228  0.8809  0.9677  1.8063  5.6672
  4.4778  2.4919  0.9951  0.4166 20.6330
  5.2625  1.2951  0.9756  1.7613  9.1710
  5.2728  4.1085  0.9692  0.6128 37.7430
  5.4066  2.7767  0.9729  1.8570 23.5446
  6.2055  3.3749  0.9927  2.1142 29.8181
  5.5019  1.7600  0.9909  0.5491 13.4402
  4.9587  1.8129  0.9865  2.3065 13.9428
  5.6821  0.2731  0.9956  0.7736  1.3836
  5.2628  2.9923  0.9760  2.1324 25.7824
  4.9241  1.9957  0.9905  0.8247 15.7032
  6.0974  2.3676  0.9980  2.2299 19.3795
  6.0842  1.1545  0.9808  1.1184  7.9442
  5.1160  2.0565  0.9973  0.8736 16.2958
  4.9512  2.9676  0.9745  2.9933 25.5247
  5.5732  1.3269  0.9777  1.3946  9.4540
  5.1000  3.3215  0.9908  1.0198 29.2499
  5.5053  3.4280  0.9798  2.7184 30.3829
  3.5593  1.1355  0.9798  1.7284  7.7815
  4.2480  2.8979  0.9798  2.2091 24.7994
  5.1968  2.6090  0.9978  2.6547 21.8233
  5.0554  0.9147  0.9935  1.5737  5.9395
  4.3377  1.3178  0.9876  1.2936  9.3728
  6.6648  2.6537  0.6246  0.4262 22.2804
  4.3511  2.7040  0.9680  1.9456 22.7965
  5.0009  4.4042  0.9953  0.9303 40.9965
  6.0562  4.1197  0.9777  0.9380 37.8651
  5.4331  2.5732  0.9940  0.6470 21.4579
  5.2342  2.4613  0.9731  2.1183 20.3225
  5.0788  2.5360  0.9726  2.1306 21.0795
  4.5492  3.3054  0.9729  0.9984 29.0796
  5.3450  3.4899  0.9723  1.3684 31.0449
  4.0783  4.0665  0.9971  1.6619 37.2828
  3.6346  1.8153  0.9934  0.5984 13.9663
  4.8485  1.6680  0.9980  0.9886 12.5730
  3.6642  1.8230  0.9867  0.7538 14.0391
  4.9128  3.4120  0.9953  1.6481 30.2131
  5.5227  3.8402  0.9764  2.5176 34.8182
  4.3620  4.0151  0.9750  1.0436 36.7220
  4.4771  1.8830  0.9877  1.7124 14.6137
  4.0408  0.8769  0.9857  2.4271  5.6353
  6.2799  3.2350  0.9972  1.0020 28.3337
  5.1411  0.9946  0.9850  0.7900  6.5936
  5.9021  2.7453  0.9809  1.5610 23.2213
  4.9574  0.5801  0.9765  1.8572  3.3834
  5.6091  3.3421  0.9945  0.8654 29.4684
  5.2544  4.0715  0.9727  1.5084 37.3375
  5.0227  2.7567  0.9786  2.3343 23.3387
  4.9258  1.4935  0.9771  2.2236 10.9571
  6.3708  3.8927  0.9872  2.3754 35.3883
  4.6751  1.6084  0.9763  1.4132 12.0170
  4.7923  2.1462  0.9980  0.7726 17.1763
  4.5238  3.5798  0.9704  1.5997 32.0076
  5.4877  3.2569  0.9808  2.1965 28.5650
  5.5476  1.4038  0.9900  1.0769 10.1421
  5.6230  3.2807  0.9674  0.4985 28.8169
  4.9724  1.7878  0.9724  0.4620 13.7043
  5.0155  1.9343  0.9889  1.4978 15.1080
  5.2710  4.0935  0.9980  1.6082 37.5787
  4.2567  2.2697  0.9908  0.6217 18.4002
  5.8546  3.2395  0.9732  0.3374 28.3806
  3.9183  4.3298  0.9932  0.1094 40.1752
  4.4385  2.2821  0.9757  0.1703 18.5239
  5.7534  2.7335  0.9737  0.1435 23.0996
  5.2772  1.0791  0.9779  1.1685  7.3014
  5.0501  3.7165  0.9949  1.0746 33.4795
  5.2075  2.9363  0.9725  2.3383 25.1989
  5.5469  1.4742  0.9699  0.2472 10.7806
  4.2599  0.8674  0.9701  1.1800  5.5600
  4.4592  3.6845  0.9954  0.4794 33.1347
  4.4921  2.4091  0.9736  0.4126 19.7966
  5.1264  2.3577  0.9980  1.7875 19.2798
  5.7213  2.6310  0.9943  0.6358 22.0483
  5.4092  4.4735  0.9925  2.1857 41.7632
  5.3003  2.7244  0.9752  1.9145 23.0060
  4.7277  1.8207  0.9980  2.4910 14.0176
  5.1137  2.6977  0.9715  2.1953 22.7314
  4.8722  2.7709  0.9879  2.4078 23.4852
  5.3870  0.8731  0.9717  1.8981  5.6052
  6.0162  2.0874  0.9715  0.4468 16.5986
  5.3646  3.0068  0.9770  2.5381 25.9347
  4.9849  1.6727  0.9865  1.2762 12.6175
  5.3668  1.3495  0.9779  0.5891  9.6553
  5.5755  3.9025  0.9774  1.8559 35.4948
  4.6765  0.5628  0.9809  2.4863  3.2607
  4.8438  3.1505  0.9980  1.7794 27.4422
  5.4443  3.1716  0.9860  1.7193 27.6642
  4.7491  4.3649  0.9967  2.6841 40.5625
  4.4417  3.2125  0.9737  1.2330 28.0960
  5.5678  2.3270  0.9781  1.3070 18.9720
  6.1727  3.0029  0.9980  1.2725 25.8933
  4.7476  2.3188  0.9946  1.9411 18.8903
  5.1623  1.3850  0.9969  0.5243  9.9734
  4.9963  1.4435  0.9902  1.4467 10.5019
  5.2405  1.9783  0.9826  2.2560 15.5345
  4.9097  2.3704  0.9834  1.3427 19.4073
  5.2055  1.5566  0.9799  0.5296 11.5366
  5.6208  3.2215  0.9812  0.6745 28.1913
  5.3502  0.2611  0.9725  1.0417  1.3137
  5.2950  2.0421  0.9931  1.3713 16.1553
  5.6840  2.6395  0.9829  1.9218 22.1351
  4.3238  3.5954  0.9725  0.8992 32.1753
  4.4339  0.4887  0.9715  0.9324  2.7476
  5.1091  2.8898  0.9764  1.5651 24.7158
  4.9905  0.9405  0.9980  1.0593  6.1491
  5.1345  3.2098  0.9918  0.9067 28.0668
  4.9312  1.4152  0.9687  1.0551 10.2451
  4.5360  2.8132  0.9793  2.8379 23.9221
  5.3122  4.4428  0.9948  1.9471 41.4235
  4.7918  1.9845  0.9682  2.5960 15.5943
  4.6744  2.6690  0.9720  1.9719 22.4374
  4.1141  3.8699  0.9960  1.7998 35.1408
  4.2939  2.5718  0.9980  2.5065 21.4436
  5.8626  0.4810  0.9962  0.5479  2.6951
  5.0681  2.1731  0.9705  2.1721 17.4423
  5.3214  1.3155  0.9835  2.3641  9.3521
  4.5353  4.1309  0.9674  1.1402 37.9881
  5.0587  4.1247  0.9836  0.8344 37.9196
  4.7558  3.4463  0.9794  1.3243 30.5789
  5.0844  2.8444  0.9917  0.6976 24.2448
  5.1691  2.4729  0.9976  0.7911 20.4402
  5.8411  3.1333  0.9953  0.3887 27.2606
  5.5798  0.7769  0.9873  0.8551  4.8482
  5.0453  3.8394  0.9868  1.1312 34.8097
  5.5292  3.2920  0.9979  1.0318 28.9375
  5.2038  2.7384  0.9852  1.7591 23.1503
  5.1879  3.4377  0.9702  1.9988 30.4864
  5.2022  1.4215  0.9933  0.1484 10.3022
  4.4359  3.1184  0.9767  0.9913 27.1044
  4.6309  2.8755  0.9960  0.5212 24.5668
  5.8582  3.9265  0.9858  1.0853 35.7557
  4.3429  1.5832  0.9905  2.7643 11.7827
  4.9041  0.8543  0.9907  2.2906  5.4554
  4.1468  3.2630  0.9829  0.7237 28.6297
  6.3929  2.5866  0.9948  2.4925 21.5952
  5.3900  0.9624  0.9757  1.4671  6.3283
  4.2883  1.9063  0.9871  0.2135 14.8384
  5.2273  1.6684  0.9750  1.0031 12.5771
  4.7679  2.1835  0.9908  0.5264 17.5448
  5.1060  2.9904  0.9850  1.6924 25.7630
  4.3454  3.8538  0.9680  2.2336 34.9656
  4.5664  1.5114  0.9818  1.0643 11.1215
  5.2277  1.8197  0.9968  1.6365 14.0080
  5.3752  3.6585  0.9707  2.0303 32.8541
  5.4803  0.3353  0.9684  0.6447  1.7555
  5.0304  2.6204  0.9700  1.1088 21.9399
  5.1360  1.4840  0.9897  2.4157 10.8707
  4.2824  3.3228  0.9832  1.9920 29.2638
  4.8090  2.7065  0.9847  0.8287 22.8217
  4.8591  2.0838  0.9707  1.0876 16.5635
  4.8258  1.4783  0.9689  1.3576 10.8185
  5.8966  2.8181  0.9788  1.0552 23.9725
  4.4078  1.3386  0.9841  0.9580  9.5581
  5.0964  2.1168  0.9804  2.7944 16.8870
  4.8073  2.4935  0.9831  1.9404 20.6488
  5.3209  3.0055  0.9722  2.5069 25.9206
  5.2670  1.2392  0.9877  1.3841  8.6797
  5.0203  1.3449  0.9933  2.4009  9.6142
  4.6631  2.3811  0.9686  1.3842 19.5152
  4.2090  2.9602  0.9757  0.1876 25.4475
  5.0538  3.8761  0.9703  0.3027 35.2076
  5.2067  1.1105  0.9813  1.0199  7.5679
  5.2909  1.8374  0.9726  1.3763 14.1766
  5.1435  2.1871  0.9922  0.7995 17.5805
  4.9257  3.3414  0.9891  1.8167 29.4619
  5.0142  3.3792  0.9876  1.1531 29.8637
  5.7556  2.8964  0.9931  1.4648 24.7842
  5.2384  1.6666  0.9914  1.2276 12.5605
  5.7138  2.0759  0.9747  2.3711 16.4856
  4.9748  1.4534  0.9682  0.0443 10.5919
  5.7981  3.3186  0.9810  1.9383 29.2197
  5.1933  1.0256  0.9870  1.7380  6.8516
  5.1095  1.2879  0.9967  0.9292  9.1074
  4.4239  2.9318  0.9705  2.3974 25.1516
  5.1856  2.2436  0.9734  1.2314 18.1407
  4.3289  2.4019  0.9868  0.9596 19.7236
  5.0888  3.1075  0.9787  2.3519 26.9894
  5.8167  2.2678  0.9904  0.1888 18.3814
  4.9450  1.6098  0.9674  2.6524 12.0296
  4.6702  3.8609  0.9870  1.7153 35.0426
  4.6662  1.8740  0.9860  1.6600 14.5280
  4.7162  1.9466  0.9803  1.9719 15.2274
  5.4017  2.5760  0.9815  0.6947 21.4866
  4.6353  3.0653  0.9980  2.2867 26.5466
  4.9472  3.7695  0.9919  2.1776 34.0521
  4.8376  2.3330  0.9697  0.3727 19.0327
  5.0153  1.7989  0.9748  1.6500 13.8099
  4.4857  2.9951  0.9732  2.3720 25.8123
  4.4565  1.7323  0.9956  0.7179 13.1779
  5.2774  1.2507  0.9716  0.3610  8.7803
  5.1417  2.2097  0.9898  1.4133 17.8041
  5.0870  4.2900  0.9673  1.2428 39.7365
  4.7018  3.9632  0.9843  1.2665 36.1551
  4.5651  3.4688  0.9684  1.9950 30.8194
  3.8939  4.2783  0.9848  0.7849 39.6074
  5.2482  2.1341  0.9734  0.6418 17.0571
  4.4552  2.1036  0.9916  1.2451 16.7579
  4.0384  3.0861  0.9899  1.6248 26.7652
  5.4526  3.8050  0.9936  2.3699 34.4369
  4.7252  2.1750  0.9723  0.8824 17.4611
  5.2504  3.8486  0.9885  0.7138 34.9092
  5.8786  2.8987  0.9871  2.1754 24.8077
  5.1439  1.5350  0.9800  2.2622 11.3379
  5.7417  4.4249  0.9980  1.4940 41.2252
  4.0018  2.6688  0.9926  0.2192 22.4353
  4.6738  3.7860  0.9825  1.7949 34.2312
  5.3317  4.2365  0.9731  2.2538 39.1470
  4.8277  2.7857  0.9673  1.2400 23.6376
  4.9953  3.3319  0.9756  0.5731 29.3602
  4.7073  2.1494  0.9980  1.4050 17.2078
  4.8103  1.4268  0.9756  0.7905 10.3505
  5.3146  3.9258  0.9671  1.8505 35.7477
  4.8859  1.5845  0.9841  0.2970 11.7951
  4.7541  3.4558  0.9735  2.6025 30.6800
  4.0917  2.3898  0.9839  1.1501 19.6027
  6.1628  4.1371  0.9865  0.9013 38.0557
  4.7938  1.4312  0.9802  0.6936 10.3901
  4.8875  3.1837  0.9958  1.5447 27.7922
  4.1806  1.6448  0.9698  1.2093 12.3559
  6.9471  2.7120  0.4083  2.9995 22.8779
  5.0000  2.7736  0.9853  1.1110 23.5121
  5.3036  2.9641  0.9688  0.7081 25.4889
  5.1241  1.6083  0.9956  1.8363 12.0159
  5.1994  4.3552  0.9930  1.9083 40.4546
  5.4473  4.4091  0.9776  2.9658 41.0507
  4.8620  2.0511  0.9840  2.3177 16.2430
  5.3375  2.4785  0.9947  0.6956 20.4965
  4.8457  1.1824  0.9888  0.8545  8.1854
  5.2584  2.5609  0.9700  1.4948 21.3329
  5.2803  1.3442  0.9848  0.5177  9.6077
  4.4621  3.3336  0.9918  0.2994 29.3787
  4.8224  1.7620  0.9736  2.1072 13.4594
  5.5625  4.2537  0.9956  2.2093 39.3369
  5.6834  1.2216  0.9910  1.0193  8.5257
  5.0966  4.4545  0.9672  1.1664 41.5524
  4.5287  1.7115  0.9853  1.4790 12.9824
  4.9082  2.6422  0.9771  1.6812 22.1631
  4.3125  1.9676  0.9727  1.2197 15.4304
  5.7634  0.5996  0.9899  0.9773  3.5230
  5.1329  2.5810  0.9683  1.1215 21.5380
  4.2163  2.4194  0.9754  1.0800 19.8999
  4.3975  2.6418  0.9702  0.4619 22.1585
  4.8442  3.9274  0.9913  1.0803 35.7659
  5.0961  1.1579  0.9907  1.3510  7.9736
  5.1367  3.5588  0.9894  2.0590 31.7829
  5.7911  2.2000  0.9688  1.8695 17.7085
  5.6387  2.0182  0.9778  0.9360 15.9220
  4.2123  2.2796  0.9980  2.6450 18.4994
  5.8140  3.6710  0.9867  2.5267 32.9893
  5.3618  0.6982  0.9835  1.0686  4.2483
  4.6063  3.8063  0.9697  1.8435 34.4504
  5.6137  2.4969  0.9807  1.1266 20.6830
  3.9047  2.4154  0.9900  1.5357 19.8603
  5.4899  2.4762  0.9713  2.9701 20.4737
  5.7217  1.3712  0.9852  0.2622  9.8490
  4.4663  4.4805  0.9980  0.6301 41.8411
  5.7755  0.4990  0.9744  2.1522  2.8172
  5.2296  2.2301  0.9946  0.7613 18.0067
  4.5181  3.4258  0.9725  0.7766 30.3595
  4.5474  3.3228  0.9942  1.3575 29.2635
  4.4460  2.3561  0.9940  1.6519 19.2636
  5.1325  4.3069  0.9840  2.4412 39.9222
  4.5934  3.3317  0.9980  2.3553 29.3581
  4.2411  3.3620  0.9825  0.9367 29.6809
  6.4275  1.8681  0.9569  1.9615 14.4707
  5.2916  2.4475  0.9855  1.5277 20.1836
  6.0565  1.1804  0.9830  0.7649  8.1673
  4.7741  1.4840  0.9668  1.5594 10.8706
  4.7061  4.3957  0.9899  1.0236 40.9025
  5.2263  2.8717  0.9699  1.3475 24.5272
  5.1802  4.1139  0.9822  1.2970 37.8013
  5.6351  3.4349  0.9754  1.2063 30.4573
  4.9499  1.1809  0.9939  1.6128  8.1724
  5.5055  3.5838  0.9791  0.7361 32.0512
  4.8411  0.2302  0.9800  0.3366  1.1383
  5.0436  4.1717  0.9957  2.2242 38.4355
  4.8600  0.8337  0.9894  1.0139  5.2920
  5.6858  2.5155  0.9844  0.5641 20.8721
  5.1625  3.4985  0.9931  1.7060 31.1362
  4.7192  3.1477  0.9801  1.8326 27.4121
  4.8008  0.9203  0.9720  1.0303  5.9856
  4.6605  1.7526  0.9872  1.3285 13.3700
  5.2047  1.6197  0.9941  0.3276 12.1216
  4.6267  2.0137  0.9753  1.9801 15.8781
  5.8907  2.9724  0.9960  1.7123 25.5749
  5.2577  2.3826  0.9780  0.7617 19.5298
  5.0502  1.9263  0.9744  1.9066 15.0313
  5.2232  1.9669  0.9902  1.8859 15.4234
  5.4925  1.4085  0.9948  1.5626 10.1852
  5.3328  2.5525  0.9819  0.6378 21.2475
  3.9543  3.3457  0.9918  1.0733 29.5069
  5.1825  0.8784  0.9977  1.2581  5.6473
  5.0572  2.8775  0.9761  1.6315 24.5872
  5.1101  3.0742  0.9980  2.3195 26.6405
  5.0039  2.0329  0.9857  0.7412 16.0653
  3.7678  1.2583  0.9933  0.7569  8.8467
  4.2321  2.1209  0.9910  2.3321 16.9277
  4.1623  3.1995  0.9915  1.4360 27.9588
  3.8614  2.4755  0.9837  1.1265 20.4667
  5.9574  0.8876  0.9938  0.7424  5.7211
  3.9405  1.2374  0.9794  2.0283  8.6632
  5.9798  2.7164  0.9738  0.8417 22.9235
  5.5312  2.9331  0.9771  2.1095 25.1658
  6.0424  2.5680  0.9980  0.8807 21.4058
  5.2784  1.4829  0.9785  1.1240 10.8601
  4.4209  4.1230  0.9732  1.2165 37.9010
  5.1197  2.1771  0.9980  0.8671 17.4819
  6.2231  2.2197  0.9706  0.6522 17.9033
  5.4082  2.4144  0.9839  1.8125 19.8500
  5.0541  1.7573  0.9692  1.3355 13.4151
  5.1097  1.7299  0.9805  0.9569 13.1556
  5.0907  1.6143  0.9822  0.6105 12.0715
  5.4365  2.9000  0.9976  1.8403 24.8212
  5.7477  1.1240  0.9864  1.5313  7.6824
  5.4557  1.8412  0.9973  1.1206 14.2137
  5.4312  3.9567  0.9701  1.8418 36.0841
  5.0504  2.5500  0.9890  2.4802 21.2220
  4.5854  3.2243  0.9701  2.4877 28.2205
  5.7536  3.8235  0.9972  0.8266 34.6369
  4.8874  3.3258  0.9916  1.4804 29.2952
  5.6966  2.5820  0.9938  2.1927 21.5481
  5.2879  0.9999  0.9688  1.2590  6.6382
  6.5662  4.4972  0.7717  0.4154 42.0252
  5.4340  2.0219  0.9980  1.2939 15.9581
  4.8378  3.5608  0.9979  0.7192 31.8038
  5.2759  2.0248  0.9819  1.9885 15.9866
  4.9470  2.9778  0.9874  0.3132 25.6318
  5.1586  3.1088  0.9980  1.2565 27.0031
  4.8688  3.3148  0.9965  2.0410 29.1788
  5.0562  2.1744  0.9824  2.0171 17.4550
  4.7656  2.9940  0.9729  0.6934 25.8002
  4.3446  1.5933  0.9890  1.2874 11.8765
  5.8164  2.0175  0.9869  0.8411 15.9152
  3.5742  3.5439  0.9980  1.5451 31.6225
  5.7248  2.3400  0.9903  1.2294 19.1029
  6.6506  4.1743  0.7748  1.5429 38.4642
  6.0831  3.6410  0.9959  2.6901 32.6658
  5.3986  4.0613  0.9726  2.7697 37.2257
  4.9721  1.6887  0.9972  2.4790 12.7673
  4.5269  3.1603  0.9882  1.5092 27.5453
  4.5641  4.2934  0.9685  0.8892 39.7730
  5.4403  3.7673  0.9829  2.5064 34.0284
  5.4304  3.3511  0.9873  1.1460 29.5642
  5.4897  3.7323  0.9765  1.1426 33.6499
  5.6216  1.1800  0.9785  0.6620  8.1643
  4.7829  3.9353  0.9733  1.4331 35.8515
  6.5448  4.0716  0.9961  1.0663 37.3384
  6.1083  3.6975  0.9677  0.1906 33.2747
  4.5259  1.7873  0.9879  1.2996 13.6996
  5.2902  2.6426  0.9919  2.4448 22.1672
  5.4585  2.9881  0.9810  1.6771 25.7392
  5.3103  3.5439  0.9787  0.5674 31.6232
  5.2230  3.4744  0.9877  1.0574 30.8785
  4.6297  3.3298  0.9775  1.6717 29.3387
  4.8189  3.2146  0.9935  1.5331 28.1176
  5.5891  2.1037  0.9671  1.2957 16.7586
  5.6384  1.4834  0.9675  1.2720 10.8647
  5.6039  2.3779  0.9730  0.3886 19.4826
  5.2113  3.6651  0.9779  1.8640 32.9253
  4.9888  1.9460  0.9969  2.4928 15.2212
  5.1197  1.7581  0.9842  2.8072 13.4220
  5.9993  1.8299  0.9898  0.4538 14.1057
  4.8972  2.6177  0.9980  0.9701 21.9117
  5.6213  1.9184  0.9980  0.9118 14.9549
  5.0796  1.6404  0.9871  2.3277 12.3153
  5.6333  1.2676  0.9827  1.7350  8.9285
  4.3426  3.2313  0.9758  0.4925 28.2946
  5.4535  1.5231  0.9845  1.2322 11.2288
  5.8149  4.2026  0.9690  0.9851 38.7746
  5.2437  2.6914  0.9760  0.9568 22.6672
  5.6733  3.6837  0.9837  0.8952 33.1255
  4.0651  1.5469  0.9732  1.9798 11.4478
  4.1284  0.6867  0.9722  0.3813  4.1621
  5.1301  0.6680  0.9697  2.4435  4.0226
  4.1350  2.2629  0.9673  1.8883 18.3324
  4.4687  0.9271  0.9747  0.4590  6.0406
  5.6715  3.4437  0.9717  2.1400 30.5507
  4.7242  1.2124  0.9868  0.8695  8.4455
  4.6822  4.1078  0.9732  0.4014 37.7353
  5.9512  3.8415  0.9716  1.7534 34.8325
  4.6884  3.6086  0.9762  2.0579 32.3178
  5.1952  1.5318  0.9803  1.0665 11.3088
  5.4063  4.3544  0.9819  2.0566 40.4459
  5.7222  3.6871  0.9831  1.7619 33.1624
  5.4989  0.6442  0.9980  1.4250  3.8467
  5.1441  2.4019  0.9730  1.7987 19.7244
  4.6740  3.0185  0.9737  2.0461 26.0570
  5.4314  2.2013  0.9967  2.4196 17.7215
  4.3556  3.1265  0.9953  1.9589 27.1898
  4.7041  1.0528  0.9686  1.6871  7.0794
  4.4263  2.0717  0.9814  1.5528 16.4447
  4.9783  1.0974  0.9933  0.4652  7.4565
  3.9356  3.1732  0.9934  1.6903 27.6812
  5.3392  4.2283  0.9705  1.5163 39.0575
  6.0808  0.9489  0.9945  2.4034  6.2180
  5.3722  2.2822  0.9817  0.5459 18.5247
  4.5661  1.0005  0.9723  1.9886  6.6428
  6.0669  3.6404  0.9921  1.9945 32.6595
  4.2445  3.8472  0.9728  1.5461 34.8938
  5.0439  3.5180  0.9868  0.4746 31.3453
  5.0527  1.4214  0.9728  1.1887 10.3013
  5.2510  2.7407  0.9771  0.5923 23.1736
  5.2128  2.8338  0.9834  1.6013 24.1350
  6.2654  3.3415  0.9925  2.6031 29.4621
  5.2043  3.1588  0.9980  0.9642 27.5289
  5.2112  3.4673  0.9706  1.5048 30.8027
  5.6832  1.0097  0.9784  1.9370  6.7190
  5.5566  3.0870  0.9856  1.5072 26.7743
  4.4656  2.4419  0.9684  2.0473 20.1273
  5.9759  1.7994  0.9787  0.4574 13.8140
  5.6177  0.4765  0.9980  1.5951  2.6651
  3.9474  3.3918  0.9828  1.3693 29.9976
  4.8068  1.3169  0.9866  1.2122  9.3647
  5.5370  2.6959  0.9980  0.8266 22.7128
  5.0940  3.0302  0.9768  0.4925 26.1786
  5.3924  2.3363  0.9676  0.5405 19.0658
  5.4406  3.8789  0.9964  2.2805 35.2387
  4.8768  3.8725  0.9933  1.4476 35.1688
  4.6263  2.8962  0.9973  2.1286 24.7815
  5.3513  3.2603  0.9723  0.4912 28.6014
  6.8497  1.1379  0.9795  0.0982  7.8016
  5.4106  0.6485  0.9879  2.0220  3.8786
  4.9102  2.6786  0.9918  1.1569 22.5360
  5.2870  2.9578  0.9808  0.9435 25.4232
  4.5509  1.1454  0.9971  1.7470  7.8663
  4.2941  1.4868  0.9825  1.4445 10.8963
  3.9455  0.8433  0.9773  1.8682  5.3680
  4.3616  1.9114  0.9975  2.4789 14.8877
  5.3608  1.3382  0.9771  1.0249  9.5538
  4.6358  2.1564  0.9972  0.4832 17.2771
  5.2701  1.7824  0.9839  0.7226 13.6525
  5.1516  3.5504  0.9870  1.3545 31.6923
  5.9617  1.7278  0.9971  2.0033 13.1356
  3.6310  2.3614  0.9977  0.9700 19.3171
  6.0160  4.1939  0.9715  1.0879 38.6793
  4.0327  2.2741  0.9911  0.7915 18.4443
  5.1358  1.5071  0.9819  2.2853 11.0816
  3.9672  0.7079  0.9682  1.1306  4.3213
  5.3378  2.7621  0.9907  1.8506 23.3937
  5.0767  2.6229  0.9916  0.7070 21.9648
  5.4488  2.9567  0.9932  0.9494 25.4109
  4.4609  1.9764  0.9813  1.3545 15.5155
  4.8666  3.8870  0.9886  0.8950 35.3262
  5.1003  0.7850  0.9951  2.3924  4.9107
  3.9575  0.7830  0.9713  0.6105  4.8958
  5.2031  2.2008  0.9980  0.5997 17.7156
  4.4647  3.1394  0.9799  1.9182 27.3252
  5.1440  0.5329  0.9774  1.7498  3.0514
  3.9709  1.7266  0.9706  1.7874 13.1247
  6.7590  2.1128  0.7297  1.6248 16.8480
  5.8991  1.0613  0.9854  1.1002  7.1506
  5.3860  2.0525  0.9732  0.4439 16.2567
  5.0178  3.0751  0.9872  2.4828 26.6494
  5.4754  3.2360  0.9775  1.8795 28.3443
  3.9225  1.8022  0.9703  0.3525 13.8413
  5.1040  3.1516  0.9738  0.6488 27.4535
  5.3520  1.4573  0.9820  0.5586 10.6268
  5.4858  1.6679  0.9692  1.4999 12.5720
  4.9617  1.0568  0.9926  2.1784  7.1132
  4.9168  3.4061  0.9803  2.7683 30.1496
  5.6829  1.4252  0.9682  1.0253 10.3360
  5.0905  3.2729  0.9707  0.8403 28.7347
  4.5347  2.9737  0.9752  1.5363 25.5889
  3.6796  2.2608  0.9933  1.9414 18.3118
  4.6813  1.5604  0.9940  2.0629 11.5719
  5.2945  1.4290  0.9756  1.9462 10.3706
  4.9859  3.8814  0.9717  1.0160 35.2652
  5.0853  2.4440  0.9744  1.3208 20.1486
  5.3590  1.5482  0.9980  1.3207 11.4597
  5.3965  2.0014  0.9719  1.3851 15.7587
  5.6939  0.8306  0.9863  2.0836  5.2679
  4.2401  1.1929  0.9807  1.6264  8.2762
  4.8028  0.6272  0.9724  1.9036  3.7231
  4.9537  3.0710  0.9795  0.2652 26.6069
  5.2726  1.0171  0.9782  0.7477  6.7807
  4.7655  1.0817  0.9833  1.7089  7.3232
  5.6347  0.7736  0.9949  0.5944  4.8228
  5.5102  3.0306  0.9936  1.9560 26.1831
  4.9377  3.4114  0.9977  2.5330 30.2060
  5.0563  4.4007  0.9805  0.4016 40.9580
  6.2314  1.9032  0.9691  0.6680 14.8088
  5.1807  4.3559  0.9728  1.0638 40.4630
  4.7895  4.1069  0.9867  0.6695 37.7248
  5.5964  0.3201  0.9874  1.4149  1.6627
  5.4000  1.9356  0.9891  0.8193 15.1212
  4.8538  2.7131  0.9767  1.0359 22.8900
  4.7494  4.1113  0.9803  1.2395 37.7736
  5.3682  4.0456  0.9691  1.1541 37.0540
  3.8607  2.8392  0.9939  1.1441 24.1910
  5.2360  3.6900  0.9687  1.7616 33.1933
  6.8507  2.3284  0.4747  2.3998 18.9861
  5.2860  4.1757  0.9677  1.9849 38.4793
  5.5867  1.5774  0.9755  2.5963 11.7290
  4.7016  3.5327  0.9927  0.5749 31.5026
  5.3194  3.8947  0.9895  1.1912 35.4097
  5.1133  1.8581  0.9883  2.1401 14.3750
  4.3128  3.8626  0.9924  1.9444 35.0618
  5.2692  4.4826  0.9742  0.5363 41.8644
  5.4974  3.5174  0.9898  0.6051 31.3394
  5.9294  3.5589  0.9829  1.2416 31.7841
  4.7655  2.6808  0.9784  0.9814 22.5582
  6.1078  2.5405  0.9980  1.6390 21.1254
  4.1974  2.5467  0.9953  2.3929 21.1887
  3.8430  3.7906  0.9723  2.2348 34.2811
  5.0964  4.1181  0.9866  0.7226 37.8473
  5.1020  2.8471  0.9675  1.3323 24.2721
  5.1816  2.7399  0.9919  1.4916 23.1651
  4.0331  4.3400  0.9980  1.0980 40.2872
  4.6215  3.5915  0.9784  2.4325 32.1335
  4.9537  1.9056  0.9793  1.5120 14.8315
  5.0705  3.2897  0.9980  0.8279 28.9125
  5.6330  1.2116  0.9829  0.8286  8.4388
  5.5508  2.6063  0.9927  1.8577 21.7956
  5.7814  1.8328  0.9763  0.1339 14.1330
  5.1445  2.9782  0.9835  0.3497 25.6358
  4.7098  2.0803  0.9854  1.7869 16.5286
  4.8444  1.2546  0.9926  2.6617  8.8142
  3.6992  1.2288  0.9980  0.8161  8.5885
  4.9360  1.5709  0.9780  2.0680 11.6687
  5.2314  1.7510  0.9980  1.6367 13.3546
  4.8586  3.2234  0.9682  0.5232 28.2107
  4.4077  2.0021  0.9880  0.7030 15.7653
  5.4832  1.7525  0.9826  0.6163 13.3692
  5.2685  2.4541  0.9857  0.6777 20.2507
  5.1571  3.5727  0.9930  0.4731 31.9320
  4.8515  4.2511  0.9699  0.4730 39.3075
  4.4923  2.9476  0.9809  0.5593 25.3164
  4.6797  3.6709  0.9980  2.5209 32.9879
  5.1759  2.1862  0.9792  1.1468 17.5717
  5.1417  3.2078  0.9778  0.7314 28.0467
  5.2545  4.2466  0.9694  0.8905 39.2588
  5.0385  4.1610  0.9862  1.1073 38.3183
  5.1945  2.8857  0.9862  1.5524 24.6728
  4.5360  2.0131  0.9897  1.6684 15.8727
  5.2972  2.5773  0.9965  1.8118 21.4996
  5.4134  1.4508  0.9795  0.5354 10.5683
  3.8207  3.3687  0.9888  0.8160 29.7513
  4.7591  2.3474  0.9725  0.1095 19.1770
  5.6132  3.2295  0.9870  0.6980 28.2759
  4.8477  2.2647  0.9950  2.1416 18.3509
  5.2068  3.1001  0.9672  0.8129 26.9117
  5.4033  3.1448  0.9700  1.9425 27.3819
  3.5239  1.3082  0.9770  1.3823  9.2876
  4.5761  1.7567  0.9848  0.4927 13.4089
  5.4352  3.8160  0.9831  1.0876 34.5556
  4.7834  1.3446  0.9749  2.4393  9.6116
  4.1549  2.8974  0.9823  1.2201 24.7943
  5.7179  2.2029  0.9980  1.9365 17.7368
  5.0286  3.2182  0.9909  1.9735 28.1562
  5.0128  2.5164  0.9951  2.3531 20.8812
  4.7907  3.6173  0.9927  1.6115 32.4112
  5.3004  1.9332  0.9670  1.3801 15.0978
  5.5638  2.7750  0.9720  0.6862 23.5268
  4.8543  1.0669  0.9798  1.7885  7.1984
  3.7407  2.6043  0.9678  1.3732 21.7758
  5.0991  2.4408  0.9829  1.2516 20.1164
  3.7679  1.3209  0.9943  0.6187  9.4003
  5.6517  0.7648  0.9892  0.1075  4.7548
  5.3554  3.0439  0.9676  0.6119 26.3225
  5.9629  2.1463  0.9957  0.5041 17.1779
  5.0854  3.3693  0.9731  0.6122 29.7579
  3.8902  1.9906  0.9713  0.9946 15.6534
  6.0923  1.1353  0.9680  0.7514  7.7793
  5.2645  2.7641  0.9773  0.5283 23.4144
  5.6081  3.1319  0.9726  0.9809 27.2459
  6.0521  2.5520  0.9668  1.8254 21.2428
  4.3075  1.8877  0.9980  1.0765 14.6593
  3.5918  1.7507  0.9980  0.3917 13.3520
  4.5877  3.3602  0.9764  0.9230 29.6616
  4.9897  2.7647  0.9670  1.1450 23.4212
  4.0751  1.9153  0.9898  0.1344 14.9245
  6.5356  2.9791  0.8025  2.0992 25.6451
  4.9539  2.3309  0.9948  0.7531 19.0115
  5.1031  2.6691  0.9730  1.9000 22.4381
  5.2972  2.4855  0.9925  1.9802 20.5682
  4.7378  2.5778  0.9724  1.3129 21.5051
  3.5943  1.8791  0.9810  1.9996 14.5766
  4.5777  3.1823  0.9784  1.7372 27.7775
  5.0692  2.4656  0.9745  1.9728 20.3668
  5.3520  4.2038  0.9798  0.7153 38.7873
  4.4229  3.1237  0.9729  0.6212 27.1601
  5.1367  3.5564  0.9915  1.0580 31.7565
  5.7364  1.9028  0.9851  0.3450 14.8047
  4.0443  3.5219  0.9676  0.8231 31.3872
  4.9406  1.8650  0.9804  1.4925 14.4416
  6.1516  3.3608  0.9848  0.5808 29.6672
  5.0240  0.8772  0.9825  0.9747  5.6381
  5.2207  3.7693  0.9949  1.8737 34.0499
  5.2586  1.6469  0.9868  0.5556 12.3756
  4.6892  3.2126  0.9763  0.7322 28.0969
  5.0298  1.4311  0.9742  2.2543 10.3890
  5.4326  0.7766  0.9962  0.4989  4.8462
  4.3313  4.4203  0.9945  1.8133 41.1743
  5.3802  3.9607  0.9925  0.9889 36.1284
  4.8247  1.9329  0.9337  1.3518 15.0944
  5.2386  2.2223  0.9933  0.9711 17.9295
  5.2530  2.8942  0.9980  2.2174 24.7611
  5.1181  4.2117  0.9818  1.2034 38.8740
  3.8237  4.3966  0.9933  2.0357 40.9122
  4.7560  2.5737  0.9892  1.8511 21.4639
  4.6071  1.0926  0.9778  1.6497  7.4152
  3.9440  2.6190  0.9905  1.5986 21.9259
  4.7526  0.7397  0.9740  1.1883  4.5626
  5.1516  3.4203  0.9980  2.0637 30.3010
  4.9985  1.7975  0.9711  1.3150 13.7961
  5.2035  2.3007  0.9969  0.6733 18.7093
  5.0132  3.1179  0.9757  0.7632 27.0991
  5.6868  1.1943  0.9843  1.3245  8.2877
  6.2699  2.9008  0.9755  0.8187 24.8294
  4.5820  2.4927  0.9817  1.0394 20.6405
  4.9813  0.9224  0.9980  1.8720  6.0024
  5.5437  3.1402  0.9870  1.4570 27.3334
  4.9231  2.8487  0.9690  0.4042 24.2888
  4.9516  2.7561  0.9972  1.8842 23.3319
  5.1928  0.6537  0.9949  0.8052  3.9169
  5.0219  3.1671  0.9887  0.9806 27.6173
  5.3383  4.2699  0.9678  1.1700 39.5145
  4.3262  2.9800  0.9828  1.3771 25.6540
  4.9258  1.7994  0.9707  1.1828 13.8146
  6.1579  1.3856  0.9976  1.9472  9.9785
  5.0046  2.1939  0.9903  1.4005 17.6476
  5.4662  2.1193  0.9914  0.7113 16.9122
  4.7802  2.4911  0.9807  1.3815 20.6247
  5.2718  1.7474  0.9980  2.5285 13.3208
  5.2002  2.2949  0.9726  1.9096 18.6520
  3.6249  3.6044  0.9765  1.5897 32.2718
  5.1136  2.3674  0.9951  0.5973 19.3774
  5.1488  3.2221  0.9697  1.7458 28.1977
  4.4149  2.1124  0.9790  1.2302 16.8439
  5.1912  2.5394  0.9744  1.3296 21.1149
  4.6821  3.7209  0.9870  1.6540 33.5277
  4.6483  1.4735  0.9705  1.8430 10.7750
  5.3339  3.7000  0.9911  1.0996 33.3015
  6.0307  1.5653  0.9924  0.4119 11.6170
  4.3641  3.1235  0.9955  1.8123 27.1575
  4.2950  3.7960  0.9926  0.9333 34.3388
  4.7454  3.4229  0.9980  2.3297 30.3295
  4.6350  4.1933  0.9737  1.7865 38.6723
  4.5840  2.8754  0.9695  1.5569 24.5657
  5.2991  2.1939  0.9761  1.7746 17.6475
  5.1363  1.7874  0.9900  1.5703 13.7002
  5.9941  2.7384  0.9974  0.9179 23.1494
  5.7899  3.8860  0.9784  1.5556 35.3160
  3.7787  1.8027  0.9901  0.8007 13.8460
  3.6648  3.3674  0.9849  1.6336 29.7378
  5.3041  2.5233  0.9765  2.3518 20.9510
  5.0255  1.3868  0.9865  0.8996  9.9894
  5.4860  1.0455  0.9928  0.6171  7.0182
  4.0713  3.1444  0.9972  1.3527 27.3779
  5.0980  2.6861  0.9739  0.7500 22.6125
  5.3199  3.4032  0.9763  1.5748 30.1189
  6.2163  1.8143  0.9788  0.8558 13.9566
  4.4130  2.7988  0.9894  2.1006 23.7729
  6.5908  2.7317  0.8898  1.2488 23.0807
  4.5654  2.4473  0.9673  0.6881 20.1818
  4.9386  2.5497  0.9682  0.8369 21.2189
  4.0459  2.2303  0.9766  1.8372 18.0084
  4.8238  0.8044  0.9677  1.2440  5.0623
  4.3021  3.9618  0.9941  2.1105 36.1407
  4.5650  1.4827  0.9802  0.5483 10.8584
  5.4276  3.0255  0.9776  0.8349 26.1298
  5.0593  1.7998  0.9850  2.9531 13.8187
  5.1749  1.8700  0.9774  1.1293 14.4889
  5.3057  4.1862  0.9835  1.3703 38.5947
  4.6461  0.6410  0.9735  1.6913  3.8234
  4.4108  2.4470  0.9725  0.6750 20.1789
  4.3830  3.9561  0.9734  1.1844 36.0777
  5.0694  3.4134  0.9712  1.1157 30.2272
  5.3816  1.7121  0.9980  1.6254 12.9877
  5.3073  1.2974  0.9808  2.0820  9.1919
  5.6316  3.7303  0.9936  1.1072 33.6285
  4.8740  4.2053  0.9860  1.2085 38.8037
  5.4272  0.8639  0.9926  0.8749  5.5320
  4.5842  2.6372  0.9717  1.3740 22.1118
  5.7226  2.4859  0.9726  0.6878 20.5717
  4.7159  3.9600  0.9748  2.2480 36.1205
  4.0335  1.4753  0.9747  0.6941 10.7912
  5.8246  2.5477  0.9951  0.7062 21.1984
  5.4582  3.9828  0.9973  1.3402 36.3696
  5.4386  2.4434  0.9980  0.9918 20.1417
  5.1945  1.0117  0.9980  1.4783  6.7360
  4.0417  3.0156  0.9692  2.1931 26.0260
  4.0380  3.2031  0.9826  1.8703 27.9961
  5.1610  2.4223  0.9964  0.9838 19.9290
  4.8236  3.3528  0.9770  1.0656 29.5828
  4.7553  2.7547  0.9729  0.2277 23.3175
  4.9544  0.9722  0.9922  0.2791  6.4091
  5.3628  1.6357  0.9980  0.2512 12.2707
  3.7407  4.0565  0.9937  1.8499 37.1737
  6.3641  1.5677  0.9971  1.5587 11.6396
  4.9577  2.2792  0.9980  2.6388 18.4948
  4.2241  1.9074  0.9864  1.1504 14.8492
  5.0326  3.4446  0.9865  0.8027 30.5606
  6.1365  1.8500  0.9798  1.1551 14.2978
  4.2586  2.7348  0.9980  1.8594 23.1129
  4.9750  1.2881  0.9843  0.9583  9.1095
  3.9781  1.5420  0.9690  0.1216 11.4028
  4.6263  2.7266  0.9906  0.6638 23.0283
  6.0414  2.7764  0.9765  0.9025 23.5410
  5.3806  2.4187  0.9708  2.2326 19.8935
  4.2548  2.5059  0.9686  0.9797 20.7739
  4.9930  3.4807  0.9796  2.1199 30.9459
  5.0151  2.3156  0.9914  0.9241 18.8581
  5.7601  1.3794  0.9760  0.6327  9.9231
  6.7047  3.4796  0.7784  0.7699 30.9347
  4.2526  2.4230  0.9849  0.5385 19.9363
  5.4142  2.1557  0.9913  2.2848 17.2702
  4.0191  2.2546  0.9854  1.3939 18.2499
  4.6003  1.6137  0.9687  0.5611 12.0664
  5.4753  0.9416  0.9953  1.2059  6.1586
  4.7164  3.0657  0.9739  1.5308 26.5510
  6.1297  2.9776  0.9809  1.6326 25.6290
  6.5459  2.6214  0.8546  0.4215 21.9499
  5.0602  1.1449  0.9966  1.4912  7.8621
  4.7198  2.5279  0.9742  1.1393 20.9978
  4.9664  0.9462  0.9705  1.9613  6.1962
  4.9622  3.2790  0.9756  0.2201 28.7997
  6.6768  2.6710  0.7516  0.7957 22.4577
  4.7703  1.7271  0.9870  0.6464 13.1287
  4.3055  4.4437  0.9902  2.0859 41.4332
  4.6440  2.9647  0.9980  1.1554 25.4949
  3.7063  2.0717  0.9980  0.7381 16.4444
  5.1009  1.2922  0.9928  0.9364  9.1456
  5.1543  3.2232  0.9754  1.1256 28.2090
  3.9115  4.2975  0.9980  1.0196 39.8186
  4.9130  2.1584  0.9980  0.3976 17.2968
  5.2206  2.1453  0.9764  0.8310 17.1676
  5.3607  1.1167  0.9728  0.9304  7.6201
  5.4987  2.7551  0.9793  1.6463 23.3215
  5.3436  3.9413  0.9679  1.0877 35.9164
  4.7137  1.9869  0.9762  2.2572 15.6181
  5.2484  2.1266  0.9712  2.0369 16.9836
  4.8579  3.2477  0.9906  1.6453 28.4682
  5.4668  2.7707  0.9816  2.2981 23.4831
  3.9516  1.0711  0.9899  0.4172  7.2332
  5.5289  1.4146  0.9668  1.5604 10.2398
  5.2276  1.3000  0.9911  2.5324  9.2147
  5.1793  4.2190  0.9980  2.1742 38.9550
  6.7685  2.8868  0.5655  2.8827 24.6837
  5.0729  1.8433  0.9799  1.0599 14.2336
  4.7344  3.9477  0.9980  1.1805 35.9862
  5.3690  2.0600  0.9872  2.1279 16.3300
  5.1869  4.0549  0.9690  2.3743 37.1562
  4.4458  3.5378  0.9888  2.7379 31.5575
  5.3532  1.9563  0.9825  2.0819 15.3214
  4.1820  1.6683  0.9856  0.2887 12.5762
  4.8357  4.1622  0.9730  2.8501 38.3311
  5.3853  2.7008  0.9918  0.2670 22.7637
  4.4115  2.6865  0.9947  2.1592 22.6167
  5.7454  2.7802  0.9820  1.5126 23.5805
  4.0186  4.4707  0.9915  1.0386 41.7316
  5.6391  3.7304  0.9874  2.3572 33.6296
  4.7888  2.8670  0.9980  1.0338 24.4789
  5.1479  1.5072  0.9760  0.9322 11.0823
  5.3771  2.6331  0.9968  1.5061 22.0700
  5.1090  1.9875  0.9872  1.4827 15.6234
  5.4104  3.6416  0.9728  1.2850 32.6726
  5.1567  1.5072  0.9889  0.3220 11.0824
  5.4525  2.7212  0.9775  2.5619 22.9729
  4.7644  0.2249  0.9797  1.2668  1.1082
  5.3591  1.3806  0.9980  2.2214  9.9336
  5.2091  0.8548  0.9690  0.3522  5.4591
  5.1186  1.6161  0.9932  0.9073 12.0884
  5.5092  2.2241  0.9883  1.6360 17.9472
  4.8319  3.3915  0.9729  2.3116 29.9942
  3.9707  2.1428  0.9917  2.5514 17.1427
  5.1945  0.7193  0.9881  1.3707  4.4069
  5.2810  4.1183  0.9911  1.9825 37.8503
  5.8965  2.3927  0.9843  1.5912 19.6314
  5.5606  1.0717  0.9895  2.6927  7.2390
  4.8070  0.9789  0.9980  1.5501  6.4647
  5.1881  1.2217  0.9664  1.3023  8.5265
  5.5834  3.0566  0.9755  0.2202 26.4557
  5.1719  2.9792  0.9695  1.6351 25.6458
  5.5487  2.4082  0.9735  1.3623 19.7876
  4.5451  2.2674  0.9856  1.2474 18.3773
  5.0214  1.8932  0.9867  0.0937 14.7118
  5.9959  0.6476  0.9919  1.2046  3.8719
  5.4953  0.9601  0.9980  1.4107  6.3101
  5.1731  3.5066  0.9717  1.9011 31.2228
  5.2468  1.9993  0.9848  1.5453 15.7380
  4.5494  3.9536  0.9790  1.3796 36.0506
  5.2241  1.5023  0.9949  1.7181 11.0376
  5.4230  3.1169  0.9747  1.4242 27.0880
  5.9695  2.5936  0.9912  2.4028 21.6665
  5.7281  3.8432  0.9751  0.8547 34.8504
  5.2694  1.0680  0.9964  0.5433  7.2072
  4.6327  0.7224  0.9831  2.6262  4.4306
  5.9394  1.6906  0.9836  1.1340 12.7852
  4.5028  4.1900  0.9980  0.7752 38.6364
  5.2557  1.0165  0.9706  0.7573  6.7755
  4.6150  2.7508  0.9794  0.6019 23.2772
  5.2548  2.0393  0.9834  1.6882 16.1279
  4.8419  2.9162  0.9686  2.1920 24.9897
  5.0160  2.9943  0.9937  1.3398 25.8042
  5.1819  0.7889  0.9673  1.5251  4.9416
  5.2227  2.3763  0.9754  1.1642 19.4668
  4.7305  4.1878  0.9680  0.7386 38.6126
  4.0415  3.0646  0.9674  1.3379 26.5397
  5.2494  3.9586  0.9828  0.7658 36.1054
  4.2837  3.3650  0.9903  2.0655 29.7126
  5.0060  2.8467  0.9859  2.0685 24.2683
  5.1767  2.1060  0.9978  0.8245 16.7814
  5.2388  0.4150  0.9667  0.9724  2.2581
  5.8372  1.9934  0.9695  1.0223 15.6805
  5.7603  3.5810  0.9971  0.2099 32.0205
  5.8479  0.9902  0.9749  2.0298  6.5578
  4.9356  2.6195  0.9860  1.3689 21.9303
  4.8317  1.3859  0.9725  1.1611  9.9814
  4.9191  3.4878  0.9980  0.9841 31.0227
  4.8777  3.4161  0.9731  1.6434 30.2562
  5.5130  1.0167  0.9980  2.2764  6.7778
  5.9285  3.0862  0.9905  0.8684 26.7664
  5.2641  1.7113  0.9821  2.1640 12.9801
  4.6949  3.7480  0.9776  1.0715 33.8201
  5.2101  2.9301  0.9845  1.0010 25.1343
  5.6652  3.2702  0.9980  1.8326 28.7064
  5.1426  1.0876  0.9706  1.2722  7.3734
  5.1569  0.5819  0.9802  0.5052  3.3964
  5.1347  1.6517  0.9905  0.2460 12.4206
  5.1190  3.9602  0.9980  2.7666 36.1231
  5.6095  3.2928  0.9733  2.5976 28.9452
  5.0238  2.1631  0.9709  1.2912 17.3429
  5.2644  1.3358  0.9713  1.7879  9.5327
  4.7026  4.0452  0.9713  2.8601 37.0500
  5.2154  3.3667  0.9907  1.4313 29.7308
  4.5870  4.1250  0.9951  0.8307 37.9228
  4.9921  2.4494  0.9754  0.6957 20.2026
  4.7052  2.9048  0.9829  1.5321 24.8713
  5.2576  3.8314  0.9970  2.5994 34.7225
  6.0775  3.7701  0.9980  1.9201 34.0588
  5.9440  1.3353  0.9743  0.6046  9.5287
  5.2245  2.8361  0.9836  1.6013 24.1581
  6.4233  2.9059  0.9406  0.8600 24.8830
  4.8312  2.4091  0.9850  2.5116 19.7959
  5.1058  2.7886  0.9781  0.4213 23.6679
  4.4543  2.5584  0.9687  1.6636 21.3075
  4.5155  3.9926  0.9910  1.9557 36.4763
  5.0820  3.9527  0.9827  0.8624 36.0410
  5.1450  2.6785  0.9709  2.9437 22.5348
  3.7555  2.1187  0.9902  1.5444 16.9055
  5.1105  4.1131  0.9671  2.0684 37.7926
  4.8657  4.4166  0.9856  1.4058 41.1332
  5.3152  1.3529  0.9811  0.4466  9.6850
  4.8705  2.7406  0.9798  1.2144 23.1721
  6.5972  3.4734  0.8488  0.7450 30.8678
  5.0368  1.9529  0.9786  0.2496 15.2882
  5.6703  2.3493  0.9976  2.7664 19.1953
  4.7379  2.4833  0.9864  1.6310 20.5453
  4.8566  3.0901  0.9792  2.0379 26.8068
  5.1367  1.5813  0.9974  1.4736 11.7651
  5.2219  3.2328  0.9681  1.9236 28.3101
  5.6960  2.3393  0.9696  0.7728 19.0955
  5.2536  2.2701  0.9918  1.1556 18.4047
  5.0825  2.3771  0.9902  0.6142 19.4746
  5.0671  3.8301  0.9772  0.5049 34.7089
  5.2734  2.4319  0.9711  1.9683 20.0257
  6.8085  2.7381  0.4419  0.6133 23.1468
  4.8712  3.1422  0.9798  0.5880 27.3545
  5.1161  4.1637  0.9895  1.7191 38.3478
  5.6853  3.9398  0.9905  0.5937 35.9011
  5.5141  3.6812  0.9680  0.5356 33.0989
  5.0301  3.5289  0.9889  0.7030 31.4616
  5.1573  1.1500  0.9780  0.1277  7.9060
  4.5828  1.9696  0.9838  1.1086 15.4497
  4.8304  3.3112  0.9962  1.9964 29.1409
  4.8381  2.7282  0.9723  1.4269 23.0447
  4.6953  2.6136  0.9860  1.0185 21.8698
  4.2718  2.9943  0.9800  0.7226 25.8034
  4.8502  2.9939  0.9708  2.6039 25.7991
  5.1498  3.5494  0.9787  2.0083 31.6819
  5.8545  1.8534  0.9967  2.1582 14.3298
  4.7560  1.9865  0.9668  2.5651 15.6140
  4.6896  2.8519  0.9742  0.5457 24.3220
  5.5605  3.2671  0.9708  1.6557 28.6733
  5.7836  1.3974  0.9668  0.8678 10.0850
  5.1895  0.7216  0.9723  1.4601  4.4249
  5.1794  0.9043  0.9945  1.2802  5.8561
  5.0407  3.0671  0.9948  1.8129 26.5661
  4.8313  4.0252  0.9707  1.7937 36.8313
  4.9267  3.3464  0.9681  2.6668 29.5148
  4.5787  1.6149  0.9833  1.4024 12.0772
  5.1679  3.4675  0.9686  0.4178 30.8055
  5.3203  1.1915  0.9754  1.0246  8.2640
  4.0572  3.4582  0.9760  0.7283 30.7056
  5.0446  2.1311  0.9755  0.6267 17.0282
  5.4399  2.1988  0.9980  0.8395 17.6962
  3.9475  3.3897  0.9900  0.4134 29.9754
  5.9433  2.0046  0.9960  0.8682 15.7903
  4.9115  2.8714  0.9792  1.9109 24.5238
  4.5899  3.9864  0.9923  0.2299 36.4078
  5.9748  2.4359  0.9680  2.3324 20.0660
  5.1163  2.1708  0.9846  1.2490 17.4192
  4.6371  1.3847  0.9797  0.2348  9.9703
  5.3274  2.3177  0.9868  1.7332 18.8795
  4.4296  3.2786  0.9774  0.5216 28.7955
  5.4293  2.0855  0.9795  1.3555 16.5804
  5.6394  3.8524  0.9753  1.7633 34.9510
  3.9755  1.2814  0.9768  1.9629  9.0504
  4.9015  2.0796  0.9728  0.9379 16.5220
  6.1453  3.1028  0.9940  1.5029 26.9402
  5.1419  2.5947  0.9799  0.1339 21.6777
  5.2041  2.9854  0.9827  1.8725 25.7103
  4.4756  2.1275  0.9863  0.3655 16.9926
  5.6927  3.2485  0.9751  1.7480 28.4768
  4.3619  1.8143  0.9810  0.9001 13.9560
  5.2194  4.4182  0.9871  2.7047 41.1512
  4.9303  1.4584  0.9879  1.2558 10.6372
  4.7492  2.2711  0.9959  1.7647 18.4142
  5.2072  4.1531  0.9980  0.5702 38.2314
  5.2287  2.5410  0.9800  2.0254 21.1308
  5.0217  2.1783  0.9802  1.6463 17.4933
  5.3876  1.0946  0.9889  2.0066  7.4322
  6.7818  3.5139  0.9775  1.2461 31.3016
  5.4620  2.5123  0.9765  1.8053 20.8389
  4.9384  2.5606  0.9750  1.0697 21.3295
  5.1270  3.7243  0.9838  0.1387 33.5639
  4.8706  0.7509  0.9878  0.4939  4.6481
  5.5254  3.9336  0.9863  2.0436 35.8326
  5.0007  0.9679  0.9827  0.6046  6.3738
  4.6463  0.9068  0.9809  1.8671  5.8758
  5.0439  2.6905  0.9903  1.1270 22.6574
  3.6488  3.2379  0.9856  1.5551 28.3638
  5.5499  4.3759  0.9799  2.0904 40.6838
  3.9321  3.0429  0.9695  2.4028 26.3123
  5.0423  1.2755  0.9691  0.4963  8.9979
  5.1132  2.2257  0.9725  1.4768 17.9628
  4.5324  0.5934  0.9721  1.5477  3.4784
  5.2974  1.9212  0.9864  1.9373 14.9818
  4.7070  3.7197  0.9759  1.3155 33.5143
  4.9084  3.6730  0.9743  0.5607 33.0104
  4.5067  2.0382  0.9699  1.0265 16.1170
  4.1893  4.1918  0.9939  2.4167 38.6556
  3.9954  1.6762  0.9667  1.2664 12.6498
  5.0662  2.8551  0.9774  1.2128 24.3552
  5.6895  3.1448  0.9744  2.6331 27.3820
  5.5537  2.7102  0.9897  1.4911 22.8601
  5.0277  4.0665  0.9980  0.2836 37.2829
  6.0526  2.1221  0.9758  1.7959 16.9392
  5.3212  3.0248  0.9801  0.8475 26.1230
  5.2069  2.9134  0.9895  1.2500 24.9610
  5.4152  2.4377  0.9929  2.8306 20.0849
  5.3016  3.9079  0.9859  1.4023 35.5533
  6.0276  2.5885  0.9949  1.7357 21.6140
  3.8703  2.1735  0.9684  1.9485 17.4463
  5.1650  0.9548  0.9787  1.0463  6.2660
  5.0705  2.0473  0.9925  3.0785 16.2064
  5.0892  2.9854  0.9797  1.4882 25.7107
  4.4504  4.3564  0.9674  0.2144 40.4684
  4.2855  3.0598  0.9980  1.0706 26.4887
  5.6625  3.4865  0.9695  1.7103 31.0082
  5.0837  3.9865  0.9751  1.6556 36.4092
  5.9455  3.1914  0.9967  2.0351 27.8727
  4.8467  3.6896  0.9797  1.5699 33.1895
  4.6143  1.6504  0.9863  0.7549 12.4080
  5.1993  2.4586  0.9765  2.0878 20.2960
  4.6984  1.8234  0.9874  2.1653 14.0432
  4.7142  4.0129  0.9979  0.3951 36.6972
  3.8058  3.8030  0.9672  1.3104 34.4146
  5.3880  3.2963  0.9759  1.0452 28.9827
  4.8828  2.6190  0.9695  2.5078 21.9253
  5.2443  1.6261  0.9862  1.9323 12.1814
  5.1210  1.9599  0.9722  2.6313 15.3555
  5.6034  2.9261  0.9783  2.8076 25.0929
  4.8249  1.8641  0.9899  0.9650 14.4330
  5.1817  3.8952  0.9939  2.5497 35.4158
  4.9943  3.3114  0.9892  2.3011 29.1433
  5.5605  4.3851  0.9670  0.7319 40.7853
  4.8560  2.6460  0.9980  1.0314 22.2017
  4.3974  1.2955  0.9681  2.3911  9.1746
  5.4183  1.8833  0.9850  1.1707 14.6168
  5.2229  3.0875  0.9784  2.4354 26.7799
  5.3383  2.3919  0.9980  1.0229 19.6237
  4.9611  0.7201  0.9961  2.0417  4.4130
  4.6147  2.7667  0.9888  1.4274 23.4416
  5.2119  2.8584  0.9765  2.5520 24.3894
  5.6906  3.5289  0.9910  1.3663 31.4616
  4.9082  2.1228  0.9722  1.2867 16.9467
  4.5192  1.1512  0.9818  1.3614  7.9159
  4.5741  2.4602  0.9856  0.5205 20.3120
  5.0430  4.2232  0.9693  2.5633 39.0007
  4.3493  4.0798  0.9771  2.4280 37.4284
  5.1468  3.0855  0.9752  2.3774 26.7586
  3.9918  1.3775  0.9763  1.2813  9.9061
  5.5918  3.6415  0.9907  1.6554 32.6717
  5.5952  2.3343  0.9814  1.8336 19.0456
  4.8600  2.7322  0.9668  0.6463 23.0863
  5.2752  1.0791  0.9847  1.0733  7.3011
  5.1525  1.7926  0.9958  2.4443 13.7502
  5.0660  3.2562  0.9873  2.6360 28.5582
  5.5118  3.3344  0.9672  0.2608 29.3868
  5.1541  3.9012  0.9862  2.3842 35.4802
  3.7760  4.2464  0.9904  0.6779 39.2560
  5.1613  2.0107  0.9753  0.7759 15.8495
  4.6200  3.4049  0.9806  1.1054 30.1374
  5.3122  4.2245  0.9976  0.7386 39.0148
  5.8117  3.9858  0.9772  0.3917 36.4019
  4.4468  3.6030  0.9927  1.3196 32.2567
  5.2437  2.5421  0.9790  0.7920 21.1414
  5.3093  4.3697  0.9702  1.4052 40.6152
  5.2234  2.0318  0.9969  1.7140 16.0549
  5.6756  3.5243  0.9964  1.5798 31.4127
  5.1829  2.3595  0.9757  1.3053 19.2978
  4.6527  4.0377  0.9934  0.3908 36.9680
  5.4037  1.8840  0.9856  2.0446 14.6233
  5.7690  4.2764  0.9810  0.6644 39.5864
  4.9347  1.7851  0.9750  1.1387 13.6787
  5.1611  1.6271  0.9763  0.5740 12.1909
  5.8811  3.5232  0.9900  2.6226 31.4013
  4.2836  2.8648  0.9919  1.3379 24.4554
  5.2219  2.4264  0.9935  1.4086 19.9707
  5.0125  3.6828  0.9954  0.6463 33.1159
  6.2460  3.5437  0.9676  0.7730 31.6202
  4.8688  2.6375  0.9780  1.4983 22.1141
  5.9280  1.7700  0.9939  0.9876 13.5353
  4.5976  2.3729  0.9694  1.4616 19.4327
  5.6755  1.8645  0.9800  0.9005 14.4368
  4.7116  3.6770  0.9758  0.6032 33.0541
  6.0663  4.4754  0.9889  0.8258 41.7839
  5.2550  3.2019  0.9832  1.3763 27.9836
  4.8337  0.6522  0.9882  2.2662  3.9057
  5.3229  2.4732  0.9980  0.4235 20.4430
  4.6838  1.1544  0.9919  2.5686  7.9438
  5.7806  1.0437  0.9828  1.5458  7.0032
  5.0200  1.6176  0.9785  1.3492 12.1027
  5.4076  4.3660  0.9794  2.6902 40.5739
  3.5581  4.4834  0.9735  0.0725 41.8723
  4.2834  1.6018  0.9898  0.6556 11.9559
  5.1088  3.6264  0.9672  0.6927 32.5089
  5.2154  3.8659  0.9743  2.3585 35.0968
  4.2825  3.4369  0.9770  0.9482 30.4784
  4.8675  3.7242  0.9785  2.5100 33.5626
  5.2802  3.5066  0.9946  1.2389 31.2230
  4.9321  3.7909  0.9738  1.0157 34.2840
  5.2715  4.2692  0.9839  0.9426 39.5069
  3.6319  2.0673  0.9777  1.8151 16.4018
  5.1472  1.9410  0.9730  0.5690 15.1734
  4.4503  1.9415  0.9831  1.7868 15.1775
  5.1492  1.3132  0.9853  2.5264  9.3317
  5.7009  2.2564  0.9904  1.7507 18.2683
  4.6719  3.8415  0.9700  2.1066 34.8319
  5.6329  3.7956  0.9947  1.1291 34.3353
  4.4289  1.7277  0.9979  2.1085 13.1343
  4.3814  2.0625  0.9964  2.2060 16.3548
  4.3588  1.3145  0.9962  1.4339  9.3430
  5.3939  3.9048  0.9829  1.4157 35.5201
  4.5315  2.1381  0.9816  1.2936 17.0964
  4.0552  0.3686  0.9762  1.2756  1.9620
  5.0058  2.1995  0.9762  0.4312 17.7032
  5.2087  3.3090  0.9908  0.3382 29.1177
  5.4308  1.1167  0.9943  0.7979  7.6206
  6.1348  4.1508  0.9932  1.0699 38.2062
  5.1256  2.4726  0.9851  1.4911 20.4375
  3.8390  2.3283  0.9800  2.0327 18.9855
  4.4824  4.0517  0.9921  1.9707 37.1211
  4.7054  2.0149  0.9911  1.9263 15.8897
  5.1939  2.6816  0.9709  2.4506 22.5662
  5.0083  4.4282  0.9737  1.4857 41.2619
  4.1442  1.7734  0.9956  1.6820 13.5673
  5.1486  2.3893  0.9856  0.3466 19.5974
  4.9352  1.5604  0.9977  0.1918 11.5722
  5.8642  2.6627  0.9687  0.9505 22.3729
  5.3879  2.2837  0.9861  1.7170 18.5401
  5.2759  1.7328  0.9758  2.3140 13.1824
  4.4409  3.6819  0.9825  0.8258 33.1062
  3.7737  2.8906  0.9869  1.7241 24.7240
  4.0684  2.2385  0.9682  1.3765 18.0904
  5.1194  2.3835  0.9858  0.5872 19.5393
  4.8679  2.9915  0.9720  0.7024 25.7745
  6.1919  4.1049  0.9704  1.9907 37.7031
  4.7115  1.6807  0.9973  0.6409 12.6920
  5.2698  1.3678  0.9980  1.8747  9.8187
  4.7063  1.2912  0.9938  0.9811  9.1370
  4.9972  2.7831  0.9820  1.5253 23.6106
  4.2854  3.4446  0.9732  1.1851 30.5601
  5.3278  2.9500  0.9775  1.5353 25.3413
  5.8184  2.7576  0.9909  1.2839 23.3479
  4.8304  2.1987  0.9786  1.7976 17.6953
  5.7089  2.3835  0.9816  2.4031 19.5385
  5.0878  4.0738  0.9979  1.7345 37.3629
  5.4916  0.7863  0.9980  2.2621  4.9212
  4.7409  4.1255  0.9713  2.0202 37.9290
  5.2862  4.2751  0.9859  0.3039 39.5714
  5.1633  4.4525  0.9760  0.6447 41.5309
  4.7654  1.1136  0.9722  1.7130  7.5943
  6.5791  3.2400  0.8429  1.9652 28.3861
  5.6269  1.1257  0.9938  0.7029  7.6971
  6.1393  3.5070  0.9715  1.1523 31.2274
  5.1244  3.5917  0.9857  1.8703 32.1354
  5.2742  2.0386  0.9894  3.0683 16.1209
  4.4067  1.6891  0.9862  0.6722 12.7711
  4.1364  1.5814  0.9850  0.8436 11.7660
  5.2117  2.6487  0.9739  2.3563 22.2295
  5.2718  2.3438  0.9902  0.6655 19.1403
  4.6509  2.0815  0.9690  1.7470 16.5408
  5.2134  1.1672  0.9303  0.7840  8.0535
  4.8877  4.4230  0.9909  1.2723 41.2036
  5.1675  3.9622  0.9854  2.3514 36.1449
  4.9289  2.9936  0.9758  2.4973 25.7965
  5.4434  4.2510  0.9685  2.0644 39.3065
  5.2114  1.8484  0.9884  1.2466 14.2818
  4.7788  1.7768  0.9980  1.6967 13.5995
  5.4268  1.8195  0.9977  1.8703 14.0063
  5.1022  3.0628  0.9700  1.1291 26.5202
  5.5959  1.5684  0.9728  0.5119 11.6457
  4.6737  0.9653  0.9804  2.4962  6.3528
  5.2694  3.1469  0.9771  1.2791 27.4045
  5.6585  2.6302  0.9959  0.5210 22.0399
  4.0442  1.3695  0.9794  0.7760  9.8344
  5.4637  2.8015  0.9880  1.6633 23.8002
  5.4084  1.4495  0.9759  1.7368 10.5564
  4.8429  1.4577  0.9667  2.1295 10.6305
  5.8435  2.2581  0.9706  0.3081 18.2845
  5.3604  1.6150  0.9757  1.9663 12.0784
  4.3403  3.3597  0.9980  0.9152 29.6564
  5.2606  1.8910  0.9703  0.5160 14.6913
  4.5673  1.6551  0.9704  2.2092 12.4528
  5.2304  1.6172  0.9668  1.0350 12.0984
  5.6994  1.8069  0.9870  2.7357 13.8863
  5.1847  0.8007  0.9898  0.1595  5.0335
  4.5066  1.0825  0.9669  2.3438  7.3297
  3.7961  3.1576  0.9758  0.7451 27.5167
  4.7184  1.7665  0.9980  0.5923 13.5018
  4.5780  1.9225  0.9980  0.5954 14.9948
  5.5690  1.8067  0.9883  2.4531 13.8842
  5.2982  2.6209  0.9685  1.3375 21.9452
  4.9436  1.6209  0.9791  1.6605 12.1330
  5.1127  2.8228  0.9980  0.9082 24.0205
  6.5118  3.3335  0.9852  0.1870 29.3779
  5.9974  4.3276  0.9685  1.2705 40.1508
  6.4899  1.2750  0.9825  0.3247  8.9939
  6.3205  2.1906  0.9801  2.5342 17.6150
  3.8348  2.2330  0.9833  0.9287 18.0357
  5.1368  3.1500  0.9764  1.0204 27.4372
  5.5109  0.1742  0.9766  2.7292  0.8327
  5.5456  2.2437  0.9679  0.9132 18.1416
  4.5417  4.0474  0.9730  0.4887 37.0744
  4.8361  1.7859  0.9961  1.0175 13.6856
  4.8306  1.7730  0.9763  1.7969 13.5635
  5.4748  2.8260  0.9932  2.0655 24.0540
  5.0765  0.7211  0.9980  2.6217  4.4205
  4.5037  1.8707  0.9955  1.5447 14.4961
  5.2414  0.9292  0.9756  0.8697  6.0573
  4.6046  3.8776  0.9840  1.2952 35.2245
  4.4344  3.2893  0.9725  0.9633 28.9083
  4.7046  3.3035  0.9919  2.0123 29.0595
  6.9373  2.2962  0.9815  0.2783 18.6649
  4.5369  3.8374  0.9723  1.5473 34.7880
  5.0520  1.8417  0.9880  0.6800 14.2176
  4.7022  1.1836  0.9695  1.1170  8.1955
  5.2957  3.7555  0.9774  0.4405 33.9008
  3.6551  2.8020  0.9745  2.7927 23.8053
  5.8829  3.1870  0.9738  1.2683 27.8265
  5.3491  2.9369  0.9704  1.5006 25.2048
  5.2190  3.3858  0.9823  1.0494 29.9336
  4.0268  1.8174  0.9762  0.8761 13.9857
  4.9634  4.2220  0.9777  0.7629 38.9883
  4.4386  0.7144  0.9690  0.8223  4.3698
  4.5794  2.8031  0.9848  0.8207 23.8166
  5.2414  2.3566  0.9672  0.8590 19.2689
  4.9569  3.2267  0.9966  1.7888 28.2463
  4.5772  3.6226  0.9824  2.2243 32.4683
  5.5717  1.2944  0.9980  2.3449  9.1653
  4.6015  1.3068  0.9775  2.1623  9.2753
  4.8116  4.4042  0.9684  0.6268 40.9958
  3.8289  1.1671  0.9960  1.9152  8.0527
  5.2031  1.5573  0.9783  2.4208 11.5432
  5.5764  3.8668  0.9811  1.1466 35.1069
  6.0409  4.4295  0.9925  1.6694 41.2757
  5.2633  1.7132  0.9958  0.5045 12.9977
  5.2458  0.7010  0.9764  1.4081  4.2694
  4.8801  4.3274  0.9980  1.8779 40.1487
  3.6547  1.8558  0.9906  0.2532 14.3533
  3.9347  2.2800  0.9735  1.9663 18.5027
  4.4312  2.2674  0.9783  2.0076 18.3777
  6.9908  2.9088  0.4283  2.0888 24.9130
  5.3793  1.5952  0.9980  1.0019 11.8941
  6.0075  2.1359  0.9681  1.8160 17.0748
  4.7647  2.1502  0.9980  1.3790 17.2156
  5.4644  1.5985  0.9753  2.1420 11.9245
  5.5773  2.4025  0.9723  0.2837 19.7303
  5.3263  0.9482  0.9929  2.2519  6.2125
  6.0144  2.6591  0.9936  1.1578 22.3358
  4.4120  2.5352  0.9772  0.9380 21.0716
  5.5098  3.8680  0.9687  1.6655 35.1201
  5.0300  4.3644  0.9771  2.7149 40.5567
  3.8263  2.9195  0.9975  0.2535 25.0245
  5.3529  1.7882  0.9906  1.0610 13.7075
  4.4907  2.1387  0.9749  0.6140 17.1032
  4.9668  1.6047  0.9751  0.8351 11.9825
  5.3112  3.0487  0.9878  1.7119 26.3729
