  5.0532  3.4458  0.9803  0.3341 30.5728
  4.5121  0.8807  0.9963  1.4520  5.6660
  5.0428  3.7291  0.9811  0.4854 33.6157
  5.6227  2.1926  0.9832  1.7067 17.6351
  4.9124  1.4272  0.9776  2.0811 10.3543
  4.4118  3.9494  0.9975  1.9380 36.0050
  6.1688  2.7495  0.9759  0.8705 23.2645
  4.8248  3.3565  0.9958  2.0206 29.6217
  5.3349  0.5785  0.9834  2.3811  3.3720
  5.7328  2.1330  0.9814  1.1595 17.0465
  3.7940  3.5168  0.9751  0.9136 31.3324
  5.4031  2.4086  0.9696  0.9627 19.7909
  4.7504  2.2520  0.9848  1.7567 18.2243
  5.0133  2.7793  0.9926  2.4009 23.5719
  3.5519  6.0110  0.9980  1.9758 59.1364
  5.0323  5.2943  0.9687  0.4259 50.9588
  5.5439  4.0890  0.9675  2.4817 37.5288
  5.2612  3.8847  0.9857  0.9472 35.3010
  4.2151  3.4494  0.9671  2.1393 30.6114
  4.9030  4.8133  0.9901  1.3971 45.5456
  4.6145  1.3186  0.9913  1.3714  9.3795
  4.6254  1.9651  0.9728  2.0836 15.4065
  5.3057  3.0314  0.9731  0.7149 26.1918
  5.4876  5.1493  0.9867  1.6212 49.3200
  4.5605  4.8891  0.9861  0.0697 46.3951
  4.8668  4.4803  0.9813  1.9946 41.8384
  4.9764  5.4906  0.9980  0.5260 53.1863
  5.9517  2.5677  0.9975  1.7388 21.4024
  5.5388  2.4998  0.9807  1.1676 20.7129
  4.8217  3.4169  0.9827  1.2050 30.2653
  5.8892  1.8424  0.9963  2.0075 14.2245
  4.5262  2.3639  0.9924  0.7660 19.3426
  5.7853  2.1123  0.9878  0.5688 16.8428
  5.5484  2.5598  0.9686  1.4608 21.3217
  5.1297  1.7724  0.9737  2.0927 13.5573
  5.4072  2.8304  0.9879  1.2551 24.0997
  4.7071  2.3885  0.9960  0.4782 19.5895
  6.4094  4.1959  0.9028  2.0610 38.7012
  4.7562  2.6436  0.9777  0.1999 22.1770
  3.8052  5.7648  0.9752  1.8007 56.3133
  5.3866  2.2359  0.9980  1.3180 18.0638
  5.7823  4.9886  0.9816  1.5408 47.5106
  4.4831  5.7280  0.9728  1.1914 55.8933
  4.9328  4.4756  0.9753  0.9397 41.7868
  5.6132  3.7889  0.9800  1.3134 34.2628
  5.6425  2.6630  0.9980  1.7199 22.3758
  5.0030  2.8267  0.9897  0.9684 24.0613
  5.0225  3.1551  0.9954  1.1234 27.4902
  5.4270  1.4265  0.9777  0.4738 10.3478
  5.1902  0.8671  0.9770  1.1274  5.5572
  5.2970  1.4288  0.9890  0.8144 10.3684
  5.2716  2.2115  0.9924  1.2466 17.8216
  4.6024  3.1121  0.9980  0.3902 27.0377
  4.6275  5.4234  0.9833  0.9901 52.4223
  4.3429  2.4892  0.9836  1.7504 20.6053
  5.1877  2.3204  0.9713  0.8669 18.9066
  6.0463  2.5745  0.9857  2.2679 21.4710
  5.2227  2.4149  0.9685  0.8050 19.8544
  4.4331  2.9498  0.9782  0.4961 25.3398
  4.0861  3.5124  0.9684  1.3453 31.2855
  4.2255  4.5027  0.9681  1.7560 42.0872
  5.4782  3.8119  0.9969  2.6223 34.5113
  5.8309  3.2315  0.9686  0.7617 28.2962
  3.7133  4.7237  0.9782  2.0478 44.5446
  5.6304  4.2535  0.9810  1.9832 39.3345
  6.9259  3.8437  0.6459  2.5370 34.8559
  5.9624  3.1484  0.9886  1.5549 27.4199
  5.1261  1.0440  0.9730  0.4822  7.0057
  5.0280  3.3299  0.9840  1.1566 29.3391
  5.3822  4.2484  0.9676  1.1718 39.2779
  4.9101  1.8551  0.9933  1.3496 14.3460
  6.0992  3.9894  0.9980  0.4514 36.4408
  4.2409  1.7165  0.9789  1.5626 13.0286
  4.9537  4.4951  0.9901  0.6423 42.0028
  5.7008  1.5465  0.9704  1.6411 11.4442
  5.3499  2.4532  0.9850  1.4172 20.2409
  4.2020  3.4198  0.9893  2.4429 30.2955
  4.1942  3.5325  0.9819  0.5597 31.5004
  4.7356  1.4103  0.9765  0.6119 10.2008
  5.3176  2.3905  0.9828  1.8045 19.6090
  5.7887  4.9207  0.9980  2.2374 46.7485
  5.8668  3.4403  0.9954  1.9802 30.5149
  5.6206  4.2174  0.9855  0.5487 38.9375
  5.4993  6.2326  0.9706  1.9727 61.6898
  6.0342  1.4074  0.9729  0.5222 10.1747
  5.3744  4.0875  0.9943  2.1759 37.5123
  5.2000  0.4534  0.9980  0.5752  2.5101
  5.9173  3.3682  0.9754  1.4264 29.7462
  5.5767  1.2832  0.9729  0.5440  9.0663
  5.6203  4.3722  0.9910  1.5065 40.6425
  5.1630  1.9714  0.9965  1.4408 15.4669
  5.2178  4.7051  0.9945  1.6471 44.3373
  4.7897  5.1752  0.9980  0.8522 49.6128
  3.5938  3.9671  0.9950  1.3901 36.1980
  5.6905  2.9469  0.9858  0.5765 25.3094
  5.7210  3.2467  0.9742  2.0702 28.4572
  4.7081  4.1442  0.9926  2.3607 38.1339
  3.5420  3.5783  0.9961  1.2243 31.9917
  4.5189  4.1961  0.9783  1.4077 38.7037
  5.2423  2.8788  0.9980  2.2421 24.6008
  6.0637  2.7594  0.9816  1.6117 23.3665
  5.0383  2.4903  0.9733  2.7017 20.6164
  5.1214  2.9098  0.9757  1.1841 24.9234
  5.2869  1.8236  0.9795  0.7530 14.0456
  6.1769  2.6712  0.9980  0.8579 22.4599
  5.1943  1.2568  0.9980  1.6493  8.8336
  4.0728  3.8671  0.9948  0.9521 35.1097
  4.8303  2.4471  0.9980  0.2165 20.1791
  5.5252  2.4251  0.9756  1.0579 19.9576
  4.3657  4.0300  0.9789  0.8167 36.8836
  3.9228  2.4886  0.9890  1.1247 20.5993
  5.7995  2.3640  0.9685  1.6283 19.3428
  5.2583  5.0157  0.9864  0.2450 47.8152
  4.5867  1.5368  0.9896  1.8683 11.3546
  4.6965  1.9223  0.9945  0.4506 14.9922
  3.8841  4.5698  0.9811  1.3622 42.8318
  5.8794  2.3874  0.9948  1.9882 19.5785
  4.9305  1.9648  0.9683  0.5801 15.4037
  4.0195  5.6927  0.9738  1.7381 55.4900
  3.7795  4.8295  0.9915  0.8423 45.7270
  5.3171  4.8434  0.9941  0.2642 45.8830
  5.5877  1.9339  0.9897  1.0374 15.1047
  5.5638  1.4708  0.9765  1.9060 10.7495
  5.2940  1.6462  0.9798  2.4970 12.3693
  4.7895  2.3080  0.9725  2.0194 18.7820
  5.3845  3.5845  0.9773  2.1482 32.0582
  4.6297  3.5734  0.9764  0.9585 31.9394
  4.1092  2.8507  0.9918  1.0538 24.3094
  5.5739  2.8224  0.9822  1.9429 24.0165
  4.4703  3.2872  0.9698  1.0237 28.8861
  5.5213  2.1844  0.9772  2.6427 17.5542
  5.2937  1.5314  0.9964  1.0627 11.3048
  5.2639  1.2320  0.9962  1.7500  8.6160
  4.4033  5.2719  0.9749  1.3045 50.7054
  5.5571  2.8969  0.9939  0.5497 24.7890
  3.9759  3.1015  0.9727  1.0014 26.9262
  5.3605  1.5987  0.9790  0.9840 11.9269
  5.7638  4.9528  0.9866  1.5219 47.1092
  3.9245  3.8780  0.9931  2.2290 35.2282
  4.9771  2.0807  0.9941  1.7984 16.5332
  5.3985  3.5832  0.9749  2.2119 32.0443
  4.1110  1.6526  0.9679  0.5337 12.4288
  5.6409  1.7158  0.9844  2.1126 13.0220
  4.6162  3.4574  0.9730  1.2556 30.6976
  5.0050  2.3448  0.9890  1.6798 19.1502
  4.5475  2.4837  0.9823  1.7257 20.5494
  5.3797  2.0745  0.9688  0.7721 16.4720
  4.7474  4.6641  0.9888  0.1300 43.8809
  3.9234  5.4900  0.9938  2.7668 53.1794
  4.9543  0.3097  0.9969  1.5116  1.5998
  5.4664  1.0602  0.9963  0.5713  7.1413
  5.2974  2.6769  0.9706  0.3770 22.5185
  5.1954  1.2948  0.9733  1.7275  9.1691
  5.3614  3.4509  0.9893  1.7803 30.6281
  5.7734  2.2403  0.9934  1.2673 18.1082
  5.7822  2.1306  0.9689  0.8974 17.0229
  4.0106  4.2769  0.9854  2.8724 39.5914
  5.6983  5.2380  0.9916  2.3253 50.3224
  4.6046  4.5313  0.9901  1.0352 42.4041
  4.6048  2.8905  0.9786  0.7144 24.7229
  4.7045  2.7558  0.9724  1.1299 23.3292
  4.2036  1.1315  0.9804  0.6699  7.7467
  5.0432  3.7430  0.9980  1.0990 33.7657
  3.6436  1.8318  0.9838  0.5687 14.1238
  4.7286  3.2239  0.9677  1.6454 28.2167
  4.4710  1.8874  0.9706  1.5456 14.6559
  4.9434  1.5266  0.9958  1.4291 11.2606
  5.3552  2.7474  0.9755  1.1047 23.2430
  5.0111  3.0879  0.9938  0.9247 26.7841
  3.9596  2.3584  0.9980  1.6633 19.2874
  5.7556  4.8013  0.9806  1.1807 45.4115
  5.0858  5.3060  0.9844  0.4955 51.0913
  5.5746  4.3755  0.9872  2.4105 40.6789
  4.5059  3.2248  0.9792  0.3005 28.2255
  4.9817  4.4426  0.9855  0.8813 41.4213
  5.2434  2.6981  0.9863  1.0309 22.7360
  4.7641  2.3062  0.9855  0.9601 18.7649
  4.1480  1.5353  0.9723  0.8183 11.3411
  5.4896  3.3061  0.9980  1.4700 29.0866
  5.2904  1.9736  0.9712  1.9321 15.4891
  5.0293  2.0026  0.9980  1.0232 15.7705
  5.4899  1.9591  0.9968  0.6494 15.3486
  5.0626  3.3436  0.9976  0.1529 29.4849
  6.3580  1.8999  0.9816  0.2247 14.7765
  4.7546  2.5610  0.9697  2.2215 21.3344
  4.9406  2.7494  0.9978  0.6492 23.2633
  5.5277  0.6196  0.9787  1.2947  3.6674
  6.3828  2.6906  0.9715  1.3635 22.6585
  5.0707  3.4403  0.9745  1.4902 30.5149
  4.1368  1.9754  0.9731  1.9890 15.5060
  4.4693  2.0821  0.9875  0.4667 16.5463
  5.3316  2.1119  0.9863  1.9591 16.8395
  4.7042  0.9503  0.9751  2.1357  6.2295
  4.0816  3.5125  0.9905  0.4953 31.2869
  5.4049  3.6479  0.9980  1.7910 32.7402
  5.1173  2.5024  0.9886  2.1406 20.7391
  5.7815  3.7026  0.9809  1.3233 33.3296
  3.7961  1.9498  0.9768  0.8746 15.2585
  5.3188  5.9539  0.9980  2.2522 58.4812
  5.3306  2.0803  0.9894  0.5974 16.5289
  5.8548  6.4683  0.9842  2.3761 64.4160
  4.5839  1.7435  0.9903  1.9859 13.2842
  5.2513  1.4462  0.9730  1.9468 10.5265
  5.2871  2.2863  0.9709  0.7002 18.5659
  5.1756  1.1056  0.9952  0.9525  7.5260
  5.6472  5.1083  0.9980  1.3977 48.8580
  4.7182  5.2869  0.9739  1.1957 50.8748
  5.2254  1.6952  0.9939  1.7777 12.8286
  5.9314  4.5523  0.9702  0.5800 42.6368
  5.1490  5.6577  0.9784  0.8376 55.0900
  4.8231  3.3675  0.9905  1.8127 29.7390
  5.1344  3.5955  0.9813  2.0810 32.1764
  5.2180  4.4663  0.9868  1.5669 41.6834
  5.7446  3.1295  0.9907  2.8003 27.2213
  5.5036  1.9852  0.9843  1.8256 15.6015
  5.5227  2.2609  0.9673  0.1145 18.3132
  4.9584  4.3649  0.9765  0.6270 40.5619
  5.8664  4.5955  0.9845  0.9045 43.1168
  4.4336  1.1185  0.9891  0.6399  7.6362
  6.8157  1.2774  0.9848  0.2142  9.0155
  3.9247  3.0403  0.9895  1.8459 26.2843
  5.3163  2.5038  0.9772  0.5222 20.7529
  4.3393  0.4955  0.9771  2.3871  2.7933
  4.7207  2.5362  0.9698  1.1990 21.0816
  5.6134  5.1416  0.9683  1.7996 49.2341
  4.5172  1.9136  0.9737  2.2134 14.9087
  5.4221  2.1397  0.9980  1.3871 17.1124
  4.6654  1.6714  0.9980  2.1972 12.6051
  3.7933  0.9547  0.9842  2.3648  6.2652
  5.5293  4.2773  0.9869  2.3060 39.5966
  5.7315  1.6814  0.9882  0.2046 12.6990
  5.1927  2.6553  0.9768  0.0312 22.2972
  5.3486  3.4139  0.9919  1.9139 30.2326
  5.6895  3.2098  0.9800  0.0707 28.0674
  4.7208  1.5023  0.9726  0.1623 11.0376
  5.7006  3.1061  0.9956  2.1613 26.9745
  5.5666  2.5904  0.9861  2.3474 21.6336
  5.8733  3.2636  0.9711  1.5893 28.6363
  4.9750  1.2768  0.9944  1.1862  9.0094
  5.2315  2.1594  0.9743  1.4668 17.3070
  5.4172  2.9275  0.9948  0.5075 25.1070
  5.5608  2.9134  0.9773  0.7146 24.9602
  5.2606  5.7149  0.9741  1.7962 55.7436
  6.1028  4.5609  0.9783  1.1977 42.7323
  4.8551  6.1331  0.9754  0.1840 60.5414
  4.5334  4.6267  0.9861  1.9794 43.4636
  5.6431  1.6904  0.9782  0.6141 12.7838
  5.3821  1.3495  0.9752  1.0518  9.6555
  4.3116  3.9241  0.9825  2.9165 35.7302
  5.0189  3.9844  0.9942  2.9524 36.3869
  4.8999  1.2280  0.9734  1.9159  8.5811
  5.1085  6.2086  0.9805  1.2772 61.4120
  4.5233  5.8471  0.9716  1.6621 57.2557
  4.9919  1.7342  0.9786  1.2181 13.1959
  4.9821  2.7533  0.9705  0.5510 23.3033
  4.7136  1.8088  0.9945  1.9693 13.9041
  5.8466  3.7560  0.9945  1.5232 33.9062
  5.8535  1.9737  0.9968  2.2739 15.4898
  4.8826  0.4074  0.9836  1.8805  2.2091
  5.3369  2.6582  0.9869  0.6417 22.3266
  6.3465  3.1507  0.9780  0.6081 27.4442
  5.0157  3.7830  0.9967  0.9350 34.1990
  5.3128  1.7903  0.9864  1.4953 13.7282
  4.4975  5.9095  0.9980  0.8533 57.9714
  4.7351  4.7813  0.9829  0.9843 45.1881
  5.1688  1.6642  0.9863  2.3363 12.5380
  4.4783  3.9828  0.9729  0.8518 36.3686
  6.1916  1.8026  0.9933  1.3076 13.8449
  6.0440  3.9360  0.9759  2.6108 35.8590
  3.9994  5.0172  0.9756  2.0713 47.8327
  5.7333  4.1192  0.9898  0.5045 37.8600
  4.6594  1.1683  0.9914  1.1158  8.0636
  5.3951  2.3026  0.9868  1.1901 18.7289
  5.2760  0.4438  0.9817  0.9262  2.4467
  5.2498  4.0433  0.9788  1.0037 37.0289
  5.4201  2.0570  0.9702  1.5178 16.3011
  5.4005  1.0687  0.9783  1.0792  7.2132
  5.7167  2.3828  0.9902  2.0301 19.5317
  5.2605  1.9425  0.9890  2.3385 15.1874
  3.6777  1.2736  0.9676  1.8656  8.9817
  5.4905  2.8436  0.9676  1.2645 24.2365
  5.0891  3.6635  0.9878  1.7491 32.9078
  5.3469  0.5751  0.9946  0.2466  3.3476
  5.0742  3.9363  0.9980  2.2673 35.8629
  3.5455  1.8664  0.9782  0.4529 14.4544
  5.0100  3.3054  0.9779  0.7107 29.0795
  5.4017  1.3559  0.9738  0.5526  9.7126
  6.1221  4.5204  0.9732  1.4194 42.2835
  4.8135  2.7445  0.9711  1.0912 23.2128
  4.6641  4.1460  0.9671  1.2066 38.1533
  4.6683  1.9938  0.9835  1.0368 15.6849
  5.2467  4.2292  0.9724  0.8809 39.0672
  5.5393  1.9694  0.9810  1.1632 15.4484
  4.9159  5.2654  0.9971  0.6370 50.6319
  5.4156  4.0691  0.9980  0.7159 37.3109
  5.4220  1.7253  0.9979  0.8738 13.1118
  5.3568  4.8070  0.9728  0.7121 45.4754
  5.2910  2.9227  0.9832  0.6424 25.0572
  4.7044  2.9215  0.9931  1.7672 25.0449
  4.5539  2.2638  0.9699  2.5481 18.3411
  4.8379  1.0777  0.9953  1.2381  7.2889
  5.2691  2.3791  0.9980  1.5838 19.4945
  5.0716  3.0602  0.9717  1.9773 26.4932
  5.8380  3.6474  0.9919  1.1617 32.7352
  4.7660  2.3868  0.9820  0.4782 19.5723
  5.2936  1.1194  0.9875  1.6474  7.6437
  3.7804  6.4032  0.9918  1.8119 63.6619
  4.6157  2.3043  0.9679  2.7523 18.7451
  4.3607  3.4052  0.9667  2.4957 30.1401
  5.7617  1.9497  0.9929  1.2458 15.2573
  5.1531  2.1810  0.9693  1.0965 17.5199
  4.1273  3.1480  0.9902  1.5796 27.4158
  4.8058  2.8020  0.9702  0.5635 23.8060
  6.0296  0.7416  0.9827  1.3738  4.5765
  4.0321  1.6095  0.9732  1.4222 12.0276
  5.3350  2.5381  0.9671  0.6734 21.1012
  4.2988  5.0036  0.9827  2.3705 47.6795
  3.7588  4.3707  0.9790  1.3073 40.6256
  5.5880  1.8237  0.9867  1.6035 14.0456
  5.6623  2.0497  0.9778  1.8609 16.2296
  5.1262  3.8117  0.9869  0.6069 34.5093
  4.8195  1.0910  0.9775  0.1631  7.4017
  4.9627  1.3925  0.9980  1.1493 10.0410
  5.7955  1.6612  0.9905  2.3046 12.5099
  5.6421  1.4665  0.9973  2.5254 10.7104
  5.0846  6.3664  0.9702  1.2287 63.2358
  5.5632  2.4150  0.9948  1.4231 19.8554
  5.3360  2.0768  0.9960  0.4124 16.4945
  5.0682  4.5042  0.9885  1.1049 42.1033
  5.7739  3.4567  0.9904  0.9449 30.6896
  5.6252  1.4042  0.9669  1.0579 10.1464
  4.7206  3.4692  0.9738  1.2657 30.8229
  5.5305  2.8424  0.9767  1.6234 24.2240
  3.9214  0.8589  0.9697  0.6757  5.4915
  6.0151  1.2070  0.9832  2.7883  8.3985
  5.1184  3.4116  0.9822  2.7540 30.2085
  5.4111  2.0462  0.9965  2.0936 16.1956
  5.0750  5.4104  0.9702  2.1639 52.2747
  4.5269  1.5269  0.9692  2.2851 11.2631
  4.5319  3.5154  0.9849  0.7927 31.3175
  5.5030  2.5597  0.9861  0.9443 21.3209
  5.4103  1.4563  0.9722  2.6073 10.6182
  5.6128  1.5285  0.9766  0.6384 11.2782
  4.8040  1.9360  0.9769  0.1074 15.1248
  4.7580  1.6839  0.9690  0.9308 12.7220
  4.4364  2.4435  0.9828  1.0490 20.1433
  6.0691  3.9055  0.9894  0.8567 35.5278
  4.4162  5.2316  0.9962  0.4893 50.2502
  4.3328  0.9073  0.9693  0.4651  5.8801
  4.7193  1.7840  0.9775  1.2538 13.6676
  5.1916  2.9983  0.9980  2.0480 25.8453
  3.7790  2.5677  0.9692  1.5292 21.4027
  4.5599  3.9098  0.9914  0.9821 35.5741
  4.1079  1.3929  0.9903  2.6506 10.0443
  4.1350  5.8853  0.9732  2.0412 57.6939
  4.6607  1.4844  0.9793  0.8033 10.8744
  5.5747  2.7102  0.9695  0.5063 22.8596
  5.5723  1.6811  0.9809  0.5382 12.6959
  4.9804  3.7145  0.9980  0.5077 33.4582
  5.6165  0.7199  0.9693  0.6224  4.4117
  5.4133  3.9765  0.9910  1.0694 36.3000
  6.1309  4.2151  0.9948  1.7584 38.9122
  5.3374  4.8275  0.9928  1.1241 45.7042
  5.3107  2.2269  0.9940  1.7928 17.9744
  4.9578  2.0893  0.9945  1.6940 16.6168
  5.3851  5.8891  0.9709  0.6672 57.7376
  4.6394  4.9481  0.9954  0.5358 47.0566
  5.6545  1.6894  0.9764  0.3307 12.7743
  4.7262  5.8777  0.9904  1.4170 57.6060
  6.5138  1.2989  0.9096  1.4252  9.2052
  5.1391  2.0796  0.9762  1.7555 16.5221
  6.2680  2.3903  0.9839  0.2645 19.6068
  5.4658  2.4324  0.9887  0.9564 20.0315
  4.9791  3.5578  0.9869  0.6216 31.7716
  5.7280  3.2568  0.9692  2.0490 28.5646
  6.2831  5.1176  0.9980  0.6021 48.9629
  5.0889  5.2146  0.9866  1.2489 50.0582
  5.2113  1.0600  0.9864  0.7623  7.1397
  5.8383  0.7283  0.9711  2.8182  4.4756
  6.0098  3.8694  0.9875  3.0050 35.1350
  4.0134  5.5932  0.9913  0.4892 54.3545
  4.8597  2.1529  0.9742  1.4857 17.2425
  5.0071  2.2009  0.9950  1.4272 17.7172
  4.9414  3.9553  0.9976  0.3133 36.0698
  4.7334  4.0505  0.9788  2.3136 37.1084
  4.9954  2.9099  0.9844  1.6987 24.9239
  4.2931  2.2702  0.9767  1.3425 18.4052
  4.7250  4.0766  0.9970  1.1042 37.3934
  5.9579  0.4406  0.9815  1.1251  2.4254
  4.7965  4.3474  0.9977  1.5654 40.3688
  6.4437  2.8965  0.9224  1.4357 24.7845
  5.1022  4.1168  0.9845  1.7654 37.8337
  5.1234  0.8258  0.9704  0.8706  5.2303
  4.7529  5.1312  0.9940  0.6965 49.1167
  5.4055  4.2009  0.9671  1.0616 38.7556
  5.2480  1.4481  0.9708  2.3070 10.5435
  5.1345  1.8817  0.9757  1.0543 14.6017
  4.2279  1.5692  0.9902  1.3576 11.6536
  5.2732  3.4264  0.9797  2.1994 30.3666
  4.9612  2.2568  0.9980  0.9787 18.2716
  5.1031  3.1871  0.9924  1.9591 27.8278
  5.6044  0.5385  0.9842  1.8414  3.0904
  5.5358  1.7914  0.9747  2.5587 13.7387
  5.3518  3.4648  0.9961  2.0066 30.7764
  5.2075  4.2445  0.9690  0.1930 39.2351
  4.6998  3.2479  0.9910  0.3782 28.4696
  4.5124  2.0592  0.9897  0.9781 16.3224
  4.8375  2.2808  0.9876  0.6965 18.5114
  3.9067  0.4954  0.9815  1.5350  2.7931
  3.8640  1.6570  0.9745  0.9019 12.4706
  5.5951  1.7098  0.9704  0.6977 12.9660
  4.3990  5.3994  0.9836  0.3783 52.1508
  5.3232  2.7731  0.9922  0.3990 23.5078
  6.2707  3.2268  0.9682  1.7076 28.2469
  5.2304  2.5766  0.9833  1.6475 21.4929
  3.5839  1.0404  0.9750  2.4366  6.9755
  5.7221  2.1240  0.9795  2.4476 16.9579
  5.6138  2.4953  0.9759  0.5178 20.6668
  5.3528  2.1848  0.9889  1.0533 17.5582
  5.1996  1.7578  0.9752  0.7128 13.4192
  5.5214  3.2654  0.9973  0.8535 28.6553
  3.5343  2.2916  0.9856  1.7246 18.6191
  4.8130  2.3722  0.9839  0.5520 19.4254
  5.4470  2.7524  0.9894  1.9037 23.2941
  5.3627  1.8476  0.9921  1.3010 14.2744
  5.1785  3.5605  0.9950  1.3660 31.8007
  4.1599  2.6864  0.9793  2.5483 22.6160
  5.4084  3.7888  0.9710  1.8346 34.2612
  5.0255  2.1414  0.9980  1.2863 17.1293
  4.7965  1.7410  0.9755  2.1832 13.2600
  5.5542  0.8241  0.9939  1.2103  5.2167
  5.3688  4.9539  0.9779  1.7847 47.1211
  5.1172  0.6534  0.9830  2.6044  3.9150
  4.8984  4.0323  0.9726  1.8331 36.9095
  5.2028  4.1313  0.9848  2.1957 37.9924
  4.5973  3.8682  0.9838  1.4459 35.1223
  3.6485  3.1070  0.9910  1.1616 26.9843
  4.2022  4.0723  0.9744  1.4383 37.3463
  5.2339  2.1347  0.9877  1.3603 17.0635
  4.3367  4.9073  0.9975  1.3441 46.5981
  5.5137  1.8839  0.9980  1.1960 14.6229
  5.3810  2.8117  0.9937  1.3010 23.9063
  5.5640  0.9626  0.9728  1.5964  6.3299
  6.2291  4.3549  0.9930  1.4963 40.4516
  4.2452  4.1339  0.9701  0.7354 38.0208
  6.2638  2.4818  0.9878  0.4007 20.5306
  3.8192  0.8356  0.9973  1.5639  5.3075
  4.7326  2.7403  0.9980  0.7615 23.1699
  5.5232  2.8616  0.9888  1.6661 24.4225
  5.0437  2.3818  0.9675  2.3832 19.5223
  5.5861  4.2787  0.9895  1.3443 39.6116
  4.9095  6.1859  0.9897  2.7258 61.1505
  5.3048  2.0592  0.9878  1.7505 16.3224
  4.8195  3.5118  0.9980  0.9885 31.2793
  4.7092  3.9029  0.9924  1.5145 35.4993
  5.0002  4.7256  0.9710  0.1811 44.5659
  4.1162  4.0452  0.9786  1.5513 37.0504
  4.8617  3.1092  0.9744  2.7991 27.0077
  4.4911  1.3384  0.9745  1.6794  9.5562
  4.4466  3.0817  0.9850  1.8209 26.7192
  5.2081  0.5449  0.9771  2.3745  3.1348
  5.0052  1.6676  0.9761  2.0952 12.5695
  4.4465  5.6540  0.9751  2.4872 55.0482
  4.3006  5.6819  0.9980  0.6662 55.3667
  3.7937  3.1260  0.9951  0.3784 27.1839
  4.2767  1.0564  0.9784  0.5773  7.1099
  5.3327  0.9207  0.9950  1.2212  5.9880
  5.4846  1.6574  0.9799  2.1688 12.4737
  5.0058  2.9221  0.9816  2.1709 25.0511
  5.4410  0.3451  0.9896  0.4341  1.8159
  5.9178  5.1989  0.9721  1.6682 49.8803
  4.9938  0.6216  0.9850  0.9490  3.6820
  5.1401  4.0489  0.9793  2.0126 37.0901
  5.0269  1.1653  0.9980  1.7327  8.0377
  5.0031  2.4752  0.9828  0.9699 20.4639
  5.2294  0.5272  0.9689  1.0373  3.0114
  5.1745  5.4179  0.9702  1.1004 52.3600
  5.3085  1.5992  0.9885  0.7254 11.9317
  3.7154  2.1881  0.9702  1.1425 17.5905
  5.4842  1.9707  0.9899  1.6796 15.4607
  6.9050  2.6517  0.5776  0.7134 22.2594
  5.4140  4.6144  0.9828  0.8597 43.3276
  3.6898  4.3851  0.9773  0.6291 40.7855
  5.2463  4.4618  0.9878  2.3606 41.6333
  4.3291  1.4105  0.9872  0.7888 10.2032
  5.2922  4.3402  0.9750  0.9267 40.2890
  6.0865  2.0384  0.9731  2.4706 16.1189
  5.4580  2.8694  0.9716  1.3422 24.5032
  4.1450  1.9566  0.9772  1.9486 15.3240
  5.4139  4.4823  0.9908  1.0923 41.8608
  3.8287  1.7015  0.9873  1.8138 12.8876
  5.4426  2.6046  0.9925  2.3042 21.7788
  4.8737  2.6540  0.9906  0.5471 22.2836
  5.4711  0.3880  0.9898  0.6200  2.0849
  4.9373  3.2632  0.9957  1.4605 28.6322
  5.4292  5.3156  0.9959  2.4267 51.2002
  4.4012  3.2992  0.9845  2.1995 29.0134
  5.3260  3.2556  0.9753  2.1301 28.5515
  4.6036  5.0579  0.9881  0.4886 48.2908
  4.6032  5.1322  0.9854  2.0902 49.1277
  4.3284  5.4395  0.9755  1.8161 52.6053
  4.7247  1.7817  0.9831  1.6743 13.6456
  6.2556  1.9732  0.9784  0.8246 15.4844
  4.5306  2.2603  0.9805  2.4061 18.3066
  5.5364  1.2038  0.9807  0.2701  8.3708
  3.5886  3.7824  0.9837  0.3326 34.1918
  4.4597  0.8334  0.9726  2.2128  5.2895
  5.0351  2.3158  0.9742  2.3718 18.8608
  5.0469  1.6553  0.9697  1.4140 12.4546
  5.2638  4.6872  0.9822  2.1981 44.1382
  5.3136  4.9411  0.9925  1.8133 46.9773
  5.3371  3.3640  0.9752  1.3524 29.7020
  4.4407  4.4390  0.9891  2.6034 41.3809
  5.0452  4.6271  0.9955  2.0683 43.4690
  5.6665  2.5571  0.9895  2.4530 21.2947
  4.9949  2.0609  0.9976  1.1138 16.3388
  4.1908  1.1883  0.9793  0.5506  8.2356
  5.0020  2.3045  0.9968  2.1395 18.7478
  4.9497  1.6544  0.9844  1.6312 12.4462
  5.4947  2.6308  0.9723  3.0987 22.0460
  5.2721  2.1863  0.9686  0.4912 17.5726
  4.9409  1.8428  0.9928  1.1151 14.2282
  5.0275  5.4409  0.9749  1.0256 52.6212
  4.8296  2.1044  0.9855  2.6999 16.7650
  4.5646  1.7655  0.9699  1.9282 13.4924
  5.5310  1.2316  0.9973  1.1885  8.6131
  5.3354  1.4047  0.9711  2.2150 10.1502
  4.9897  5.0468  0.9960  2.9895 48.1657
  4.4040  2.4866  0.9733  2.9752 20.5786
  4.4349  1.5357  0.9765  1.7725 11.3443
  4.7170  2.2552  0.9918  1.1972 18.2556
  5.3303  1.1720  0.9925  0.4293  8.0949
  6.9510  3.2296  0.3524  2.5384 28.2768
  5.7393  4.8105  0.9902  1.6856 45.5150
  6.3110  2.8087  0.9746  0.9398 23.8750
  4.0594  1.6709  0.9679  1.4258 12.6005
  5.7475  2.3740  0.9811  0.9291 19.4438
  5.2722  4.7043  0.9760  2.5301 44.3286
  5.1691  2.2145  0.9739  0.4720 17.8522
  4.7186  1.3436  0.9961  1.5863  9.6027
  5.2785  4.4667  0.9734  2.9156 41.6876
  3.8390  1.1047  0.9749  2.2176  7.5181
  4.8236  2.2200  0.9674  3.1159 17.9065
  5.1663  5.9282  0.9759  0.4057 58.1856
  4.6702  2.6617  0.9713  0.7685 22.3624
  5.1446  1.9108  0.9672  1.3128 14.8813
  4.0621  0.8732  0.9773  1.3015  5.6063
  6.2170  3.1276  0.9694  2.1898 27.2010
  5.0291  3.5353  0.9828  1.6639 31.5309
  5.0864  1.9391  0.9946  1.9255 15.1544
  4.9538  3.0658  0.9934  1.9533 26.5523
  3.5301  1.8151  0.9668  2.2377 13.9640
  5.5231  4.4642  0.9914  0.4789 41.6604
  5.2983  0.7963  0.9762  1.7036  4.9989
  4.9838  2.8063  0.9840  2.0612 23.8499
  4.4212  2.5485  0.9701  1.3406 21.2074
  5.2527  2.5607  0.9781  0.9438 21.3309
  5.0514  2.1363  0.9753  1.8278 17.0793
  5.5171  4.4179  0.9980  1.8188 41.1481
  5.6398  5.4081  0.9913  0.6153 52.2492
  5.2795  1.2857  0.9787  2.6568  9.0882
  5.3624  4.2204  0.9753  0.5455 38.9697
  3.9141  3.9732  0.9717  0.3606 36.2645
  4.6170  4.5902  0.9750  0.9807 43.0580
  5.5793  6.1551  0.9934  0.4374 60.7956
  4.9647  2.2823  0.9980  1.3686 18.5254
  5.3917  1.5231  0.9912  0.6955 11.2281
  5.9469  4.6491  0.9727  1.6716 43.7135
  4.8982  1.6586  0.9818  0.4264 12.4853
  6.1356  4.8791  0.9904  0.4887 46.2823
  5.4415  4.5355  0.9690  1.7945 42.4506
  4.6639  3.5133  0.9980  0.9971 31.2952
  4.9996  3.5921  0.9761  1.6123 32.1405
  5.2913  2.9122  0.9844  1.4325 24.9482
  5.0704  0.6116  0.9738  1.0475  3.6099
  3.7640  4.3379  0.9863  0.1987 40.2639
  5.8560  2.5316  0.9875  2.6275 21.0354
  5.1137  1.8487  0.9925  1.7577 14.2852
  5.6383  2.4598  0.9853  1.3050 20.3083
  4.4634  3.9613  0.9954  2.2179 36.1343
  5.3669  2.7559  0.9781  0.8365 23.3305
  5.0644  2.1668  0.9690  1.0924 17.3795
  6.1730  2.3105  0.9754  1.0610 18.8076
  3.7768  3.2999  0.9881  1.4585 29.0205
  5.4671  2.8384  0.9854  1.4758 24.1828
  4.2606  1.7661  0.9682  0.9491 13.4978
  5.8485  4.2920  0.9778  1.5045 39.7581
  5.2115  1.0729  0.9729  1.7380  7.2489
  5.1352  2.8849  0.9838  2.3509 24.6644
  5.3662  2.0089  0.9876  1.9641 15.8321
  4.6855  1.9730  0.9870  1.8453 15.4826
  5.0430  2.1812  0.9973  1.4606 17.5217
  4.9086  4.6009  0.9794  0.4197 43.1770
  5.3638  1.9780  0.9782  1.0943 15.5317
  4.8702  2.8049  0.9849  0.5132 23.8356
  5.2782  2.5940  0.9965  0.3640 21.6698
  5.2669  1.5518  0.9703  1.0644 11.4931
  4.6997  3.6049  0.9963  0.7244 32.2780
  5.6185  3.0631  0.9820  1.5591 26.5241
  4.7050  3.6642  0.9878  0.8396 32.9160
  4.5445  3.0804  0.9679  2.6609 26.7046
  5.1752  1.8785  0.9811  1.9747 14.5712
  5.3295  0.6651  0.9868  1.3332  4.0013
  5.9672  2.6976  0.9716  1.2310 22.7308
  4.9125  5.3147  0.9667  0.9390 51.1901
  6.1636  2.1753  0.9980  1.5568 17.4634
  4.6195  5.4316  0.9757  1.5070 52.5160
  5.6275  1.2888  0.9874  1.6571  9.1160
  5.1923  2.3884  0.9798  1.3144 19.5879
