  4.8913  3.5830  0.9889  0.9685 32.0425
  4.3301  1.4533  0.9958  0.3386 10.5909
  4.7156  3.2019  0.9961  0.9480 27.9843
  3.8882  3.6272  0.9900  0.5062 32.5175
  5.7247  0.5875  0.9950  0.3682  3.4359
  5.4517  4.0332  0.9913  2.7654 36.9188
  5.3411  4.0851  0.9795  0.7670 37.4861
  5.0428  1.2783  0.9750  1.1284  9.0232
  5.2834  0.9760  0.9893  0.6930  6.4405
  4.4149  1.6303  0.9980  1.2883 12.2211
  5.0865  0.5210  0.9678  0.5120  2.9690
  4.1284  2.9888  0.9701  1.6776 25.7465
  4.5468  1.1914  0.9719  0.8650  8.2627
  5.3690  2.1453  0.9875  0.6658 17.1678
  5.2424  1.3679  0.9842  1.3860  9.8201
  4.9916  2.5743  0.9763  1.8147 21.4695
  5.2814  1.3755  0.9980  2.4525  9.8881
  4.6232  3.7664  0.9693  1.4486 34.0190
  5.0518  3.6903  0.9975  0.4532 33.1966
  5.1470  0.7222  0.9755  0.3572  4.4289
  5.5768  0.5506  0.9847  0.2766  3.1749
  4.7592  3.0175  0.9770  0.6510 26.0461
  3.5304  1.4573  0.9825  0.7768 10.6271
  6.4970  3.9858  0.9622  0.1803 36.4019
  5.4430  4.2716  0.9851  1.4386 39.5330
  4.9835  2.4957  0.9785  0.6398 20.6708
  5.1780  3.0715  0.9941  1.2423 26.6113
  4.9428  1.8094  0.9980  0.6696 13.9097
  4.8374  1.6546  0.9854  1.2554 12.4478
  5.1504  1.2391  0.9794  2.4284  8.6784
  5.2057  3.1846  0.9685  1.6098 27.8015
  5.2505  2.8649  0.9799  0.1996 24.4569
  4.8286  1.5786  0.9729  1.7881 11.7401
  5.6238  2.8780  0.9820  0.1895 24.5929
  4.1383  1.5325  0.9931  2.0707 11.3146
  5.1675  1.4541  0.9972  1.4474 10.5983
  5.1028  2.2735  0.9884  2.6374 18.4377
  6.3370  2.5659  0.9715  0.3982 21.3835
  4.8061  4.2543  0.9669  2.1209 39.3435
  4.6006  1.0213  0.9803  1.0093  6.8155
  5.1268  2.7293  0.9865  1.8918 23.0562
  5.0068  2.3227  0.9848  1.0098 18.9297
  4.8632  1.0651  0.9703  1.3105  7.1826
  5.5604  1.4266  0.9747  1.6884 10.3482
  4.7484  3.0733  0.9872  1.5671 26.6311
  5.0707  4.1891  0.9950  0.1102 38.6264
  4.6136  1.8985  0.9905  1.6034 14.7632
  5.2702  2.5913  0.9686  0.1505 21.6431
  5.5580  2.9950  0.9951  0.5816 25.8111
  4.8341  2.5780  0.9677  1.2605 21.5075
  3.9802  2.1575  0.9682  1.2699 17.2876
  4.3716  3.0736  0.9688  1.9402 26.6334
  5.5222  1.5526  0.9721  1.5941 11.4998
  5.4439  2.1860  0.9705  2.3203 17.5695
  5.4863  0.7826  0.9844  0.3947  4.8927
  4.2021  1.7361  0.9820  2.5178 13.2142
  5.0813  3.6177  0.9713  0.6932 32.4147
  6.0255  2.7397  0.9670  0.8911 23.1630
  5.0387  3.3163  0.9980  1.8015 29.1946
  4.6958  3.5774  0.9979  1.3246 31.9819
  6.0551  4.3139  0.9744  0.8992 39.9995
  5.1861  1.8457  0.9719  1.6011 14.2562
  4.7493  4.0974  0.9846  2.4659 37.6205
  4.6234  4.0305  0.9902  1.1889 36.8901
  5.4789  1.2209  0.9962  0.3923  8.5199
  5.6363  3.2424  0.9771  0.1044 28.4115
  5.4060  3.3630  0.9784  1.7645 29.6913
  4.9280  4.1563  0.9943  0.7952 38.2660
  5.6104  2.2070  0.9980  0.8061 17.7776
  5.0352  2.9762  0.9883  1.2653 25.6146
  4.9408  1.9607  0.9885  1.6850 15.3635
  5.2322  2.6121  0.9774  2.6939 21.8546
  5.8720  2.6443  0.9980  2.5479 22.1843
  5.2289  1.1473  0.9949  1.8027  7.8827
  3.5391  2.7363  0.9765  1.8588 23.1279
  4.6422  2.1212  0.9713  1.8344 16.9308
  4.7098  1.7729  0.9971  2.9059 13.5622
  5.0092  3.6581  0.9858  2.0099 32.8495
  5.6203  0.8568  0.9927  1.9749  5.4755
  5.4382  1.6974  0.9802  2.1447 12.8489
  5.6368  2.5283  0.9845  1.7871 21.0022
  5.3563  3.9100  0.9724  1.3513 35.5767
  5.3884  3.3405  0.9680  1.1376 29.4515
  5.6858  0.7784  0.9951  0.9478  4.8602
  5.4798  2.7177  0.9805  2.9995 22.9370
  5.3777  2.5320  0.9734  1.6913 21.0395
  6.9627  2.8267  0.4237  0.7536 24.0613
  6.8430  2.7824  0.5118  1.8849 23.6030
  4.8113  3.5054  0.9847  0.2320 31.2103
  4.7981  3.7484  0.9724  1.6704 33.8245
  5.6444  3.5135  0.9829  1.9667 31.2973
  4.8472  3.0804  0.9849  2.4658 26.7049
  4.2249  0.7430  0.9676  1.9226  4.5871
  6.6678  2.1850  0.8159  0.6870 17.5592
  5.4262  3.2045  0.9803  0.4552 28.0118
  5.2620  0.9288  0.9835  0.8843  6.0538
  4.4717  3.3473  0.9924  1.6473 29.5238
  5.1293  0.5747  0.9783  1.2833  3.3450
  5.6861  3.1625  0.9805  0.3709 27.5681
  5.1054  1.9772  0.9884  2.2282 15.5234
  5.5422  4.0300  0.9918  0.9401 36.8840
  4.1962  1.3183  0.9687  0.7637  9.3771
  5.0497  4.4979  0.9823  1.5429 42.0336
  5.1634  3.3250  0.9980  1.9564 29.2873
  5.5315  1.9768  0.9728  1.0978 15.5200
  5.1841  1.0628  0.9849  0.1376  7.1636
  3.5726  3.9329  0.9683  0.3074 35.8259
  5.1893  4.3475  0.9892  0.4442 40.3700
  6.2363  3.2721  0.9867  1.7910 28.7262
  5.8377  3.1139  0.9713  0.7964 27.0571
  3.5658  1.8689  0.9786  1.1576 14.4789
  4.4566  4.0556  0.9750  0.9005 37.1640
  5.0088  3.8277  0.9776  1.5724 34.6826
  5.1173  1.6469  0.9680  1.4489 12.3758
  4.2063  3.1879  0.9793  2.7231 27.8360
  5.4431  1.6904  0.9682  0.7898 12.7831
  5.6070  2.1188  0.9762  0.2506 16.9070
  5.0720  1.9600  0.9880  1.1405 15.3574
  5.0580  3.5211  0.9830  0.4835 31.3788
  5.3778  3.0619  0.9760  0.5218 26.5113
  4.7245  2.1892  0.9687  0.1143 17.6012
  5.0243  2.2325  0.9883  0.2472 18.0300
  3.8096  1.6674  0.9810  0.6964 12.5675
  3.8038  3.8840  0.9921  1.9914 35.2936
  5.2189  4.4010  0.9897  1.3450 40.9603
  5.1234  3.5885  0.9980  1.1280 32.1018
  5.1364  2.8041  0.9771  1.9242 23.8279
  4.9477  2.8189  0.9704  0.2440 23.9803
  5.2952  2.9850  0.9953  1.6511 25.7066
  5.3025  1.5722  0.9860  0.4725 11.6808
  5.1733  1.2567  0.9743  0.8656  8.8332
  5.2330  2.4004  0.9762  1.8977 19.7089
  5.5023  3.2130  0.9857  0.5626 28.1009
  5.0022  3.7813  0.9835  1.3261 34.1803
  4.4364  4.0105  0.9674  1.9206 36.6710
  5.2003  2.1620  0.9980  1.9264 17.3321
  4.8987  1.7130  0.9708  0.5149 12.9956
  5.5142  2.3715  0.9823  0.3404 19.4182
  4.5836  3.0256  0.9962  0.8385 26.1305
  5.5337  1.3683  0.9811  0.6240  9.8230
  5.3652  2.3117  0.9908  0.1360 18.8198
  6.4759  3.5809  0.9542  1.9823 32.0202
  5.8458  1.7106  0.9931  0.9171 12.9733
  5.7036  2.6622  0.9980  1.2401 22.3671
  3.6047  1.0578  0.9813  1.7625  7.1217
  4.0749  1.2069  0.9980  2.9656  8.3978
  5.1121  2.0342  0.9848  2.5116 16.0780
  5.0179  3.0203  0.9695  0.8209 26.0751
  4.7689  1.2894  0.9883  1.4393  9.1212
  5.4149  2.9417  0.9920  1.1573 25.2556
  4.6474  2.4166  0.9828  1.0785 19.8723
  3.7337  2.3689  0.9712  1.2732 19.3925
  4.1477  1.4695  0.9856  1.7635 10.7381
  4.1309  2.1182  0.9924  1.4993 16.9013
  5.3551  1.4170  0.9980  1.5879 10.2621
  4.9837  1.9129  0.9980  1.2381 14.9020
  3.8209  0.9300  0.9730  1.3332  6.0640
  6.3246  2.0181  0.9874  1.5322 15.9210
  3.6732  1.7088  0.9713  3.0338 12.9562
  5.6259  1.0285  0.9922  1.3002  6.8757
  4.1674  3.0088  0.9874  2.1291 25.9548
  5.2214  3.6154  0.9744  0.6797 32.3903
  6.0312  3.1387  0.9699  1.5679 27.3175
  5.1653  3.2729  0.9979  1.6947 28.7349
  5.4347  2.3129  0.9818  1.7503 18.8310
  5.0523  1.7115  0.9935  1.0412 12.9818
  4.1196  3.0033  0.9691  0.3699 25.8981
  5.4992  2.6378  0.9870  0.9014 22.1177
  5.5637  3.1157  0.9797  1.4235 27.0756
  5.0665  3.8370  0.9668  1.1645 34.7841
  5.1394  3.4347  0.9916  0.6195 30.4552
  4.3648  1.6529  0.9722  1.3738 12.4316
  5.2910  0.7907  0.9768  2.7587  4.9555
