  5.9811  4.0602  0.9900  0.1124 37.2137
  5.6670  1.2002  0.9820  0.8937  8.3390
  5.4499  2.0169  0.9802  1.4035 15.9095
  4.6187  2.2089  0.9977  2.2771 17.7961
  5.2771  1.6961  0.9952  1.3264 12.8374
  5.0273  2.9088  0.9920  0.7719 24.9126
  5.0589  4.3498  0.9979  0.9402 40.3952
  4.0639  3.7168  0.9749  1.0720 33.4832
  5.6086  1.3898  0.9731  0.7100 10.0160
  4.8578  2.7798  0.9956  1.2302 23.5762
  4.8847  2.5072  0.9688  0.7195 20.7879
  4.7342  1.2496  0.9788  1.8904  8.7703
  5.7245  3.4446  0.9770  1.5795 30.5608
  4.6052  4.3588  0.9980  0.7432 40.4952
  4.1407  3.1323  0.9858  0.4258 27.2509
  5.2428  3.3377  0.9712  1.4899 29.4219
  5.3385  1.7257  0.9980  1.1464 13.1157
  5.2998  1.5217  0.9316  2.5833 11.2160
  5.2402  4.3753  0.9703  0.9269 40.6767
  6.6272  2.3976  0.7762  2.7731 19.6810
  4.2575  2.1728  0.9690  1.1211 17.4389
  4.8357  1.2341  0.9951  0.6237  8.6346
  4.7613  3.0092  0.9976  2.0924 25.9590
  5.2557  2.1170  0.9930  0.6984 16.8889
  4.5278  1.3131  0.9857  1.5072  9.3310
  5.0058  2.5986  0.9760  0.3115 21.7171
  4.4809  2.7905  0.9932  0.6834 23.6871
  5.1320  4.4698  0.9947  2.5820 41.7217
  6.1009  3.9866  0.9907  0.0352 36.4105
  5.4698  1.6683  0.9731  0.4790 12.5761
  4.9395  1.0458  0.9840  2.1177  7.0210
  4.9357  2.2879  0.9748  0.7549 18.5815
  4.9129  3.0651  0.9890  1.1687 26.5449
  4.4427  3.5386  0.9895  1.1495 31.5659
  5.2017  3.7427  0.9757  1.2501 33.7624
  4.7165  1.6043  0.9923  1.9825 11.9787
  5.2871  1.3282  0.9844  0.9381  9.4651
  5.1963  1.3491  0.9948  0.8120  9.6513
  5.2763  1.8784  0.9747  1.3830 14.5697
  5.5778  4.4140  0.9685  1.7465 41.1048
  4.7075  2.3980  0.9836  1.1701 19.6848
  5.8590  3.1201  0.9980  0.8325 27.1224
  4.6073  4.3584  0.9823  2.6000 40.4900
  5.3568  4.2521  0.9953  1.4136 39.3192
  5.1807  2.1710  0.9680  1.1686 17.4212
  4.7763  3.7185  0.9907  1.6214 33.5016
  5.5830  1.8296  0.9667  0.3778 14.1027
  5.6342  1.4786  0.9793  2.2043 10.8211
  4.5499  2.5972  0.9800  0.8817 21.7030
  4.2272  1.5792  0.9980  0.9571 11.7455
  5.1376  4.0435  0.9758  2.0781 37.0321
  3.5682  1.5996  0.9877  2.7603 11.9349
  4.9402  3.0316  0.9980  1.2632 26.1936
  3.7598  1.8916  0.9962  1.0394 14.6966
  5.6198  1.2198  0.9676  1.5218  8.5101
  5.0907  3.8074  0.9721  0.7421 34.4630
  4.0659  1.6052  0.9975  2.1142 11.9867
  4.2552  3.2158  0.9727  1.5667 28.1305
  5.3514  0.7963  0.9807  1.5993  4.9989
  5.0237  2.6370  0.9965  2.1448 22.1094
  5.3129  2.2579  0.9962  0.4913 18.2830
  6.0288  2.5307  0.9972  1.3631 21.0260
  3.5294  2.5269  0.9741  1.4671 20.9875
  5.4270  1.9912  0.9846  0.6823 15.6592
  5.4345  2.0041  0.9797  2.1790 15.7853
  3.7142  3.4028  0.9918  1.0224 30.1147
  4.0052  1.6889  0.9693  1.6198 12.7697
  4.0207  0.2094  0.9755  2.2632  1.0227
  4.3762  1.9014  0.9708  1.7929 14.7910
  5.1868  2.5190  0.9781  3.0221 20.9074
  5.3323  3.7362  0.9794  0.4865 33.6921
  3.9490  1.7608  0.9760  2.6501 13.4474
  5.1043  4.4691  0.9744  0.1121 41.7141
  4.8160  1.3848  0.9779  0.7110  9.9717
  4.8859  1.6285  0.9810  3.0508 12.2044
  5.5763  1.5835  0.9810  2.0355 11.7861
  6.3919  2.5719  0.9948  0.8343 21.4449
  5.4115  0.6092  0.9921  2.3404  3.5923
  5.4420  4.4032  0.9934  2.2770 40.9856
  5.7600  1.5849  0.9738  2.4961 11.7986
  4.5511  2.8703  0.9895  2.2291 24.5131
  5.7136  1.2154  0.9879  0.2708  8.4712
  4.9554  0.4853  0.9797  0.4121  2.7242
  4.5057  1.6526  0.9927  1.8449 12.4292
  5.7308  3.2610  0.9868  0.3221 28.6091
  4.8581  2.2888  0.9762  2.2658 18.5912
  3.8259  3.6544  0.9952  0.9128 32.8098
  5.0146  2.1795  0.9842  1.7688 17.5058
  5.0576  1.1300  0.9924  0.5926  7.7344
  4.0687  3.0202  0.9929  2.6995 26.0740
  4.9207  1.5535  0.9808  0.8418 11.5086
  6.3961  2.9729  0.9874  0.8534 25.5802
  6.0455  1.6490  0.9748  1.0532 12.3956
  4.7926  3.2110  0.9735  1.3693 28.0800
  5.1318  4.2330  0.9929  1.8052 39.1089
  4.6161  3.6942  0.9980  2.1651 33.2393
  5.1758  3.1476  0.9950  0.4210 27.4117
  5.3958  3.4696  0.9701  2.1607 30.8277
  4.8486  3.5818  0.9875  1.3517 32.0296
  5.2522  2.1878  0.9815  1.9419 17.5874
  5.3620  3.6257  0.9790  2.6586 32.5014
  5.8653  2.0305  0.9785  0.8789 16.0419
  5.7395  2.1198  0.9844  0.6478 16.9162
  5.4993  2.2941  0.9717  0.6526 18.6438
  5.0728  4.0657  0.9918  2.2226 37.2746
  5.8773  1.3050  0.9947  1.2851  9.2590
  4.8352  3.1009  0.9914  1.7444 26.9201
  5.2588  0.5181  0.9862  1.5029  2.9484
  5.0256  1.2751  0.9698  1.7620  8.9946
  4.4620  4.2990  0.9964  0.3498 39.8352
  4.2749  2.2479  0.9824  1.1650 18.1835
  5.3908  3.0103  0.9977  2.7294 25.9709
  3.5555  2.7072  0.9761  1.8187 22.8293
  6.3921  1.0385  0.9664  0.5558  6.9594
  5.4709  2.6940  0.9980  0.3394 22.6936
  4.1690  1.8538  0.9915  1.9431 14.3339
  5.7215  2.6340  0.9768  1.1663 22.0784
  4.6530  4.1110  0.9831  1.4132 37.7704
  3.8459  3.4153  0.9916  1.1292 30.2483
  4.9508  2.4414  0.9738  1.3720 20.1219
  5.4263  3.7433  0.9879  0.9825 33.7691
  6.9182  0.7350  0.7281  1.0848  4.5262
  5.1140  1.9419  0.9920  1.5390 15.1820
  4.7676  2.2834  0.9670  0.8068 18.5374
  4.3079  2.5270  0.9855  0.8891 20.9881
  4.8139  3.8661  0.9916  0.7417 35.0996
  5.9699  3.3342  0.9863  1.4417 29.3854
  5.4139  2.1845  0.9871  3.0778 17.5550
  3.9360  2.0666  0.9953  1.4310 16.3948
  5.0330  1.5920  0.9742  1.8680 11.8647
  4.2443  1.6188  0.9882  1.4723 12.1141
  5.1750  2.8787  0.9747  1.9277 24.6004
  5.1775  3.7443  0.9804  0.7045 33.7804
  5.0420  1.7056  0.9802  2.0758 12.9262
  5.2122  0.6273  0.9955  1.6512  3.7234
  6.1767  2.7514  0.9703  0.8992 23.2837
  5.7540  1.9336  0.9814  1.4971 15.1018
  4.5924  3.5347  0.9894  1.6928 31.5244
  4.7623  2.0901  0.9970  1.1798 16.6255
  5.0525  3.5819  0.9724  1.4723 32.0306
  6.3832  4.3148  0.9667  2.1816 40.0093
  5.2210  3.4111  0.9966  1.8726 30.2036
  5.3758  0.8185  0.9726  1.1503  5.1722
  5.8970  0.8471  0.9907  0.1951  5.3986
  4.7120  3.3015  0.9953  2.0875 29.0377
  5.2302  2.8203  0.9792  0.3128 23.9954
  5.1465  2.3928  0.9939  0.8206 19.6327
  5.1622  3.9461  0.9936  0.7377 35.9692
  5.2828  2.4916  0.9960  2.1710 20.6290
  4.8119  4.0046  0.9710  1.1754 36.6064
  4.8090  2.5032  0.9903  1.5235 20.7465
  5.3683  2.5511  0.9856  1.3492 21.2337
  5.2681  0.7997  0.9704  2.8033  5.0250
  5.9220  3.0118  0.9896  1.0452 25.9863
  5.0861  4.3751  0.9679  0.7408 40.6745
  4.9237  1.6498  0.9667  1.7670 12.4025
  5.8119  2.0371  0.9703  0.4982 16.1067
  5.3761  1.5140  0.9715  2.2366 11.1447
  5.0881  2.9176  0.9782  1.4489 25.0048
  5.7889  2.0697  0.9932  1.9395 16.4248
  4.9631  0.7685  0.9911  0.7581  4.7830
  4.5510  3.9622  0.9980  0.9813 36.1447
  4.5147  1.6818  0.9707  1.4709 12.7026
  4.8279  2.7331  0.9943  0.4346 23.0953
  4.8726  1.4513  0.9836  1.3999 10.5724
  6.0292  0.7448  0.9781  1.4642  4.6009
