  5.0977  3.5075  0.9831  0.0715 31.2331
  5.2207  2.3129  0.9789  2.8758 18.8313
  5.0100  3.2784  0.9880  1.7039 28.7927
  4.2764  4.4291  0.9704  0.2994 41.2719
  5.3085  3.5792  0.9690  0.4319 32.0020
  5.0868  1.3844  0.9977  1.3864  9.9674
  5.2902  3.7571  0.9671  0.3651 33.9181
  4.0957  2.5616  0.9971  2.1169 21.3405
  5.7339  4.0807  0.9926  1.6213 37.4386
  5.2352  1.9177  0.9816  0.6029 14.9481
  4.4552  2.5559  0.9745  0.1122 21.2821
  4.7626  2.8453  0.9701  2.2443 24.2538
  5.5735  1.7189  0.9910  1.9229 13.0513
  5.3914  0.6208  0.9689  0.6297  3.6761
  5.4392  2.5674  0.9750  2.5181 21.3990
  4.7632  3.6122  0.9980  1.8151 32.3563
  5.1292  3.9925  0.9838  1.3050 36.4752
  5.2186  1.9682  0.9732  1.8909 15.4361
  5.9506  3.5769  0.9837  1.5827 31.9771
  5.0473  4.4692  0.9807  1.5900 41.7151
  4.8944  1.4594  0.9687  0.8151 10.6460
  5.2266  3.2624  0.9828  1.6353 28.6232
  5.3802  2.6543  0.9950  0.4167 22.2861
  5.4627  3.5197  0.9863  2.0005 31.3636
  5.3121  2.6221  0.9914  1.1272 21.9571
  3.6213  3.8086  0.9718  0.7476 34.4755
  5.0664  3.8216  0.9742  1.7128 34.6171
  5.7666  4.4754  0.9980  0.8666 41.7840
  5.4468  3.3084  0.9692  0.4246 29.1109
  4.6353  1.6430  0.9724  1.9573 12.3397
  6.5654  3.5578  0.9270  1.6052 31.7716
  5.0101  2.5168  0.9904  1.5947 20.8852
  5.4537  3.0731  0.9973  0.0860 26.6286
  5.8126  2.5167  0.9772  1.3338 20.8836
  4.8297  1.5528  0.9854  2.2923 11.5018
  5.0883  2.4023  0.9871  1.2990 19.7282
  5.4544  2.6096  0.9894  0.9188 21.8297
  5.0221  2.3864  0.9825  2.6356 19.5677
  5.6564  3.7233  0.9878  1.2927 33.5535
  5.6270  0.4835  0.9910  1.5178  2.7124
  6.1510  2.5331  0.9963  2.4615 21.0500
  4.7417  4.4975  0.9833  0.6004 42.0291
  4.9028  1.4472  0.9721  0.8010 10.5354
  5.1735  2.5486  0.9882  0.5879 21.2083
  5.4074  2.4380  0.9765  2.4312 20.0877
  5.8305  3.2773  0.9928  0.7126 28.7810
  4.4966  2.6014  0.9800  2.4065 21.7461
  5.4177  3.6883  0.9977  1.2844 33.1751
  4.9027  2.8209  0.9804  0.9562 24.0016
  5.2382  1.2978  0.9831  0.2642  9.1950
  4.8703  1.6927  0.9848  1.4088 12.8053
  4.2899  4.1155  0.9714  1.7774 37.8192
  5.4982  3.0911  0.9959  2.5264 26.8169
  5.4065  3.4000  0.9876  2.1594 30.0848
  4.8800  3.6223  0.9835  2.1618 32.4646
  4.4796  2.3883  0.9797  2.8471 19.5874
  4.2041  1.5622  0.9905  1.0364 11.5890
  3.9508  3.0377  0.9980  1.6249 26.2572
  4.2111  3.0987  0.9835  2.0146 26.8973
  5.6281  2.0607  0.9937  1.7700 16.3370
  5.6576  1.1195  0.9978  0.9470  7.6444
  4.8269  1.9157  0.9840  0.9873 14.9287
  5.4980  2.8153  0.9707  1.8975 23.9433
  4.7614  3.3131  0.9891  2.7827 29.1609
  5.3530  1.8975  0.9886  1.1820 14.7535
  5.4144  1.1932  0.9912  1.4625  8.2787
  5.4510  1.0185  0.9841  1.5902  6.7925
  4.8667  4.3891  0.9680  0.4833 40.8296
  5.2023  2.6903  0.9843  0.9086 22.6553
  4.7205  1.8645  0.9876  0.7812 14.4366
  5.0077  2.1035  0.9851  2.2459 16.7561
  5.4162  2.6794  0.9925  2.9245 22.5437
  5.4647  1.4772  0.9980  1.8543 10.8087
  5.5838  0.6906  0.9960  2.0747  4.1907
  5.1092  3.1575  0.9900  0.7062 27.5155
  4.8256  0.7061  0.9854  1.1511  4.3071
  4.8563  3.2554  0.9895  1.8400 28.5495
  5.2161  2.6604  0.9727  0.7576 22.3495
  4.7113  2.2856  0.9795  0.8218 18.5587
  5.4721  2.9151  0.9819  2.4301 24.9785
  5.5918  3.5026  0.9821  0.1728 31.1799
  5.0118  3.2389  0.9912  2.1041 28.3744
  5.3255  4.0911  0.9758  1.9087 37.5520
  4.9831  3.6561  0.9673  1.0915 32.8286
  5.5636  2.4826  0.9775  1.8726 20.5381
  5.5859  1.5284  0.9796  1.9388 11.2774
  5.9492  2.4224  0.9738  1.1012 19.9300
  4.7438  2.2934  0.9714  0.4661 18.6367
  5.8802  2.0951  0.9851  1.9101 16.6742
  5.7614  1.8374  0.9683  0.9961 14.1769
  4.6585  1.1670  0.9819  2.6057  8.0522
  5.1649  2.9487  0.9706  0.2907 25.3284
  5.3937  2.7732  0.9771  0.7019 23.5086
  5.6061  3.3424  0.9814  0.7911 29.4723
  5.0262  2.4425  0.9678  1.5523 20.1329
  6.0037  2.7646  0.9787  0.6766 23.4195
  4.5741  1.8161  0.9838  1.2416 13.9731
  3.7688  2.1316  0.9671  0.5392 17.0326
  4.7415  3.5856  0.9973  1.2363 32.0702
  6.6982  1.4673  0.7867  0.9199 10.7184
  3.8153  3.4228  0.9806  1.3545 30.3274
  5.3269  3.0798  0.9839  0.9868 26.6991
  5.9198  4.2115  0.9692  0.8299 38.8721
  5.2757  1.5324  0.9799  0.9747 11.3143
  5.5013  4.0741  0.9980  1.8388 37.3656
  4.4350  2.1447  0.9955  2.3428 17.1619
  5.6099  1.9713  0.9855  2.4446 15.4664
  3.9478  2.1404  0.9758  0.2886 17.1195
  5.1717  1.8088  0.9749  0.5869 13.9043
  4.4349  3.7362  0.9882  0.3398 33.6920
  5.0769  3.1165  0.9800  1.0871 27.0842
  5.6639  1.2607  0.9911  0.9381  8.8683
  5.6861  2.8463  0.9869  0.3323 24.2637
  4.8495  3.0683  0.9735  0.1970 26.5787
  4.9446  1.3665  0.9888  1.2727  9.8071
  4.0853  3.8274  0.9921  1.9866 34.6799
  5.2913  3.1654  0.9848  1.7982 27.5993
  6.3788  1.3718  0.9650  2.1101  9.8545
  4.9106  3.2759  0.9729  1.3579 28.7667
  5.1885  2.3782  0.9698  0.9172 19.4852
  5.1948  2.5964  0.9862  1.1836 21.6948
  5.0715  3.0333  0.9679  1.9859 26.2111
  4.8444  0.7077  0.9980  0.8331  4.3194
  4.7909  1.4265  0.9963  1.2321 10.3476
  5.8385  3.7673  0.9773  1.1169 34.0290
  5.1544  2.8575  0.9676  0.4876 24.3805
  5.1421  2.3499  0.9769  0.3731 19.2016
  4.1591  3.5467  0.9881  1.4172 31.6529
  5.3073  0.6702  0.9696  0.2943  4.0393
  5.0977  3.4623  0.9732  2.9917 30.7500
  5.1488  2.2948  0.9787  1.2931 18.6509
  5.3937  1.7170  0.9758  1.9922 13.0336
  4.5270  1.8629  0.9742  2.4971 14.4208
  5.9059  3.4087  0.9947  1.8866 30.1773
  6.7436  1.1896  0.6404  1.6947  8.2469
  5.0045  2.3477  0.9677  0.7696 19.1792
  5.2109  2.3579  0.9867  0.7155 19.2824
  5.2557  1.7499  0.9935  0.7674 13.3448
  5.0267  3.7612  0.9877  1.9111 33.9629
  5.3959  4.4765  0.9744  0.8155 41.7969
  6.4113  2.0485  0.9132  1.5356 16.2176
  5.0041  1.9258  0.9696  0.7113 15.0264
  4.5217  4.0402  0.9934  1.5503 36.9961
  5.2375  0.5793  0.9920  2.0283  3.3775
  5.3912  3.4186  0.9887  0.4306 30.2836
  3.9035  1.1721  0.9749  1.0526  8.0963
  5.3533  0.5501  0.9722  1.0491  3.1715
  4.5659  2.1735  0.9980  0.3950 17.4462
  4.2037  0.9652  0.9975  1.3622  6.3515
  4.8246  3.7738  0.9796  1.5080 34.0994
  4.6432  3.5033  0.9926  1.3999 31.1882
  4.6339  1.9852  0.9891  1.6173 15.6017
  5.2384  0.8578  0.9804  0.2723  5.4831
  4.4449  1.6074  0.9714  1.2186 12.0080
  5.1404  1.8797  0.9755  0.6813 14.5823
  5.2455  3.3919  0.9676  1.4693 29.9988
  5.6623  1.1391  0.9682  1.2722  7.8116
  5.1154  2.4548  0.9755  2.0625 20.2575
  4.1782  2.3457  0.9726  1.4159 19.1599
  4.7878  3.8590  0.9801  0.8147 35.0224
  5.2500  2.7032  0.9861  2.9826 22.7883
  5.9884  1.6929  0.9963  0.3092 12.8071
  5.3497  2.8230  0.9862  0.8292 24.0225
  5.2120  1.8302  0.9764  0.6060 14.1081
  5.3996  3.4101  0.9719  1.8409 30.1921
  4.9043  1.3295  0.9844  0.8807  9.4767
  3.8124  3.5128  0.9843  1.9995 31.2899
  5.7873  1.5931  0.9964  1.2838 11.8746
  3.5354  1.1782  0.9752  1.1118  8.1489
  5.3452  3.4277  0.9919  1.3630 30.3804
  5.8048  1.4528  0.9973  1.2960 10.5861
  4.5726  3.6790  0.9875  1.2051 33.0754
  4.4862  2.6954  0.9903  2.1673 22.7079
  5.3269  1.5404  0.9678  1.3003 11.3878
  6.4303  3.1396  0.9577  0.3660 27.3270
  4.4645  3.6693  0.9894  1.1809 32.9708
  5.3084  1.3010  0.9979  1.4173  9.2239
  6.5876  0.6056  0.9948  2.2796  3.5664
  5.0523  3.2669  0.9901  1.1352 28.6714
  4.8457  2.0288  0.9692  0.6451 16.0260
  5.6411  3.3478  0.9720  1.0967 29.5292
  4.2927  3.8717  0.9755  0.7568 35.1604
  4.9326  3.7772  0.9908  1.4202 34.1355
  4.2027  2.7156  0.9805  1.0805 22.9153
  6.2294  2.6512  0.9890  1.5032 22.2545
  5.7691  0.7579  0.9671  0.3792  4.7013
  6.0301  2.7329  0.9966  2.5377 23.0929
  5.1212  3.7709  0.9853  2.8210 34.0671
  5.1968  4.4783  0.9972  2.4746 41.8165
  4.5922  0.7278  0.9693  1.1823  4.4720
  5.5944  1.9647  0.9917  1.0906 15.4021
  5.7604  2.5595  0.9922  2.5450 21.3185
  5.7020  2.2056  0.9669  1.6145 17.7637
  5.4230  1.2053  0.9732  1.1145  8.3840
  3.8302  2.0721  0.9671  2.6718 16.4491
  4.7586  1.0698  0.9695  2.6402  7.2222
  6.0246  4.3467  0.9861  0.4583 40.3608
  5.9495  3.2544  0.9940  1.0924 28.5383
  5.7639  3.2031  0.9771  0.3573 27.9967
  4.5663  3.2533  0.9885  1.0882 28.5274
  6.6239  3.6297  0.9406  2.0837 32.5438
  4.0420  1.2664  0.9872  1.0396  8.9181
  6.1480  4.0236  0.9673  1.7318 36.8140
  5.6222  4.3936  0.9900  1.6121 40.8790
  4.2328  3.0034  0.9820  1.6717 25.8993
  5.0820  2.6741  0.9709  0.3320 22.4894
  4.6089  1.2948  0.9675  2.0266  9.1689
  4.3455  2.9002  0.9856  1.3298 24.8232
  5.1402  2.6353  0.9895  0.8887 22.0917
  5.0294  4.4578  0.9857  0.4276 41.5896
  4.9156  2.6784  0.9896  2.0203 22.5329
  4.8481  2.7749  0.9900  1.2850 23.5255
  4.0315  3.2885  0.9752  0.9973 28.8996
  5.0410  2.5708  0.9793  0.8495 21.4339
  5.8755  1.7400  0.9857  0.1343 13.2512
  4.7869  3.2231  0.9668  0.0892 28.2081
  4.0340  4.3543  0.9697  2.3599 40.4451
  5.4872  0.9991  0.9932  1.1896  6.6315
  4.5292  0.8172  0.9900  1.7816  5.1622
  4.9351  1.9759  0.9916  1.1216 15.5113
  4.7488  1.8095  0.9980  1.2961 13.9105
  5.4904  3.3511  0.9980  0.9059 29.5644
  5.8728  2.3986  0.9839  2.6590 19.6909
  4.3202  0.5391  0.9980  1.5472  3.0946
  5.1097  3.0465  0.9978  2.0268 26.3502
  6.0300  2.4929  0.9929  2.0638 20.6422
  3.8667  2.6218  0.9803  2.7551 21.9545
  4.5554  3.9282  0.9770  1.8421 35.7745
  5.0154  3.4217  0.9824  0.6770 30.3160
  5.2654  1.4279  0.9888  1.9321 10.3599
  6.1212  3.3566  0.9782  1.2695 29.6229
  3.8039  1.2017  0.9856  0.8640  8.3520
  6.1571  2.8142  0.9945  2.1569 23.9314
  5.3751  1.9473  0.9945  1.9165 15.2335
  4.5041  3.3745  0.9820  1.6397 29.8134
  5.1277  2.9452  0.9963  0.7341 25.2914
  5.1183  2.6830  0.9722  1.4967 22.5807
  4.0406  3.1604  0.9877  2.8077 27.5466
  5.6694  0.4402  0.9708  1.0031  2.4233
  5.0085  3.0728  0.9809  1.3084 26.6249
  5.1140  3.3192  0.9941  1.1447 29.2257
  5.4640  2.1044  0.9831  2.0415 16.7651
  5.0611  2.0493  0.9811  2.6750 16.2256
  4.2947  2.4994  0.9966  0.9678 20.7080
  3.6853  2.7909  0.9809  0.7125 23.6909
  4.4704  3.1773  0.9980  2.1361 27.7242
  5.5935  1.6160  0.9818  1.5517 12.0877
  5.8618  2.3262  0.9846  0.7492 18.9639
  5.1638  4.3225  0.9711  1.5679 40.0947
  5.5985  2.0569  0.9879  0.8872 16.2996
  5.8956  3.7346  0.9777  0.4775 33.6752
  5.5118  4.1796  0.9899  2.6133 38.5222
  5.2150  1.4801  0.9776  0.9371 10.8347
  4.9853  1.7125  0.9703  1.9822 12.9917
  4.5958  0.7925  0.9840  1.0711  4.9694
  5.7675  4.3569  0.9956  1.8909 40.4742
  5.3311  0.6274  0.8738  1.5427  3.7243
  5.3174  3.3870  0.9853  2.4753 29.9466
  5.2887  2.5742  0.9726  1.5053 21.4689
  5.1167  2.0283  0.9789  0.7316 16.0209
  5.9271  4.3483  0.9782  1.2302 40.3783
  4.0030  2.5116  0.9958  2.5302 20.8321
  5.3466  3.1517  0.9957  2.5372 27.4545
  4.9867  3.1653  0.9773  1.6097 27.5981
  4.8782  1.8605  0.9980  2.6182 14.3976
  6.0319  4.0848  0.9687  0.6251 37.4827
  5.4393  3.2936  0.9734  0.8121 28.9541
  4.5645  0.7504  0.9980  0.2581  4.6444
  5.2982  2.7963  0.9912  0.7375 23.7474
  5.1795  1.9009  0.9916  1.7299 14.7863
  5.3661  2.8977  0.9959  0.3571 24.7975
  4.7831  4.2561  0.9815  1.0503 39.3627
  5.1230  2.5870  0.9755  1.4420 21.5993
  4.4682  3.2217  0.9850  1.3469 28.1931
  5.2235  3.5547  0.9915  1.6011 31.7386
  5.1676  3.2509  0.9824  0.8685 28.5019
  6.0839  1.3909  0.9769  2.1144 10.0263
  5.2757  1.3280  0.9888  1.0229  9.4636
  4.4080  1.0754  0.9943  0.8963  7.2701
  5.0310  2.7803  0.9978  1.2974 23.5820
  5.0978  3.4895  0.9673  0.9284 31.0405
  4.0825  2.8816  0.9810  2.0863 24.6304
  5.6812  1.5536  0.9976  2.3326 11.5094
  6.1996  3.0549  0.9822  1.4445 26.4382
  5.3075  0.7086  0.9880  0.6044  4.3264
  5.1820  0.1856  0.9932  1.1064  0.8931
  3.6064  2.5944  0.9668  1.5684 21.6743
  4.5308  2.6940  0.9953  1.6849 22.6931
  5.3180  2.0879  0.9882  1.3377 16.6034
  5.1661  1.3458  0.9769  2.0851  9.6222
  4.6186  1.2054  0.9805  0.1496  8.3845
  5.4709  1.3998  0.9881  2.3853 10.1065
  5.2854  3.4457  0.9802  0.9371 30.5721
  5.3070  0.7704  0.9748  1.8742  4.7977
  4.9826  1.7227  0.9802  1.9063 13.0874
  5.2119  2.1658  0.9980  1.0270 17.3698
  4.4073  2.8919  0.9967  0.5259 24.7374
  5.2859  4.3950  0.9805  1.5933 40.8948
  5.1290  1.8871  0.9881  1.0256 14.6533
  5.7137  1.2427  0.9761  1.7074  8.7096
  5.3750  4.2455  0.9980  0.9534 39.2458
  6.7831  1.4062  0.8970  0.1565 10.1639
  5.7059  4.1108  0.9774  1.7803 37.7678
  5.5869  0.4316  0.9794  1.6596  2.3665
  4.5725  2.2192  0.9902  2.2632 17.8984
  4.4444  1.5375  0.9978  1.6189 11.3609
  4.5510  1.5489  0.9963  0.7936 11.4664
  5.4456  3.7247  0.9911  0.9347 33.5681
  5.4373  2.1050  0.9860  1.6185 16.7709
  4.8703  2.8007  0.9933  1.2593 23.7922
  3.5060  2.9399  0.9814  0.7027 25.2365
  4.8072  1.0420  0.9705  1.6158  6.9887
  5.2631  1.7819  0.9955  0.5789 13.6479
  4.9930  1.2546  0.9954  1.8936  8.8141
  5.1928  1.0847  0.9734  1.2899  7.3488
  5.1215  1.1816  0.9866  2.8253  8.1782
  5.4005  2.4923  0.9744  1.1040 20.6361
  4.6321  1.9255  0.9796  2.6860 15.0231
  5.0604  3.0890  0.9909  1.4408 26.7951
  5.1520  2.4405  0.9950  0.9937 20.1132
  5.2885  1.1396  0.9899  1.0424  7.8159
  4.6289  1.5128  0.9789  1.0049 11.1340
  4.6499  1.3035  0.9980  0.8988  9.2460
  5.1227  0.4108  0.9865  1.5651  2.2309
  5.1923  2.2759  0.9727  2.3476 18.4617
  5.5462  3.0412  0.9766  0.2194 26.2937
  5.8548  0.9471  0.9804  1.1687  6.2035
  6.8911  2.0766  0.4483  1.2694 16.4923
  5.2892  3.8809  0.9848  0.9007 35.2596
  5.1327  3.9490  0.9924  2.0021 36.0007
  4.3965  3.9001  0.9704  0.5539 35.4688
  5.1347  0.2613  0.9965  1.4359  1.3148
  5.0727  1.4912  0.9972  0.5208 10.9358
  4.4110  3.9348  0.9841  0.5687 35.8458
  4.6584  2.4879  0.9888  0.7755 20.5924
  4.2665  1.3750  0.9864  1.6974  9.8832
  5.1058  0.3843  0.9838  0.9472  2.0614
  4.9288  3.0573  0.9931  1.5228 26.4624
  4.5008  2.6142  0.9809  1.9414 21.8760
  5.6649  1.9486  0.9883  0.8610 15.2468
  5.7060  2.7434  0.9952  2.0589 23.2011
  4.1938  2.7258  0.9771  1.3364 23.0197
  6.4449  4.0874  0.8441  2.0165 37.5112
  5.2173  3.2376  0.9696  0.9861 28.3615
  4.8653  4.2391  0.9925  0.6536 39.1753
  5.1004  1.3287  0.9925  0.4210  9.4697
  6.2730  1.3798  0.9740  1.6635  9.9269
  6.0886  2.9035  0.9827  1.1242 24.8577
  4.3291  2.7023  0.9710  1.4428 22.7786
  5.2245  4.1231  0.9841  1.4221 37.9028
  5.7881  1.7366  0.9799  2.6003 13.2185
  5.3829  1.2166  0.9676  2.2298  8.4818
  4.3106  2.5064  0.9804  0.2797 20.7793
  4.1778  3.1982  0.9851  1.0042 27.9452
  5.2586  4.3914  0.9793  1.4017 40.8545
  4.0245  1.6424  0.9828  1.5737 12.3333
  5.2745  3.6421  0.9763  1.9795 32.6774
  3.9182  2.9601  0.9935  1.5420 25.4472
  4.8141  2.3783  0.9698  2.0599 19.4863
  5.2260  1.9172  0.9884  1.0464 14.9429
  5.3837  2.4513  0.9907  1.7371 20.2222
  4.2669  1.7840  0.9940  0.6060 13.6677
  4.8736  3.1183  0.9862  0.9277 27.1035
  5.4197  3.9076  0.9732  1.1953 35.5499
  6.2033  4.2101  0.9700  2.1762 38.8575
  5.2974  2.4801  0.9737  1.0118 20.5127
  4.8040  1.8767  0.9821  1.0620 14.5532
  5.4040  3.6511  0.9675  0.2769 32.7742
  5.3255  0.6276  0.9670  0.6958  3.7254
  5.0248  3.1718  0.9772  1.7886 27.6659
  5.5554  2.4956  0.9962  2.3334 20.6698
  4.5680  2.5712  0.9952  0.7112 21.4380
  5.1768  2.9380  0.9856  1.9732 25.2162
  6.2799  1.3440  0.9715  1.2816  9.6062
  5.2041  0.9541  0.9713  0.5580  6.2608
  4.6873  3.9296  0.9692  1.4542 35.7900
  5.3822  0.7473  0.9759  0.7139  4.6201
  5.1533  2.2664  0.9703  0.2311 18.3680
  5.7047  2.4221  0.9848  2.4398 19.9274
  4.7387  4.0763  0.9811  1.3447 37.3897
  4.1119  2.2916  0.9980  1.4049 18.6192
  5.0428  3.7686  0.9825  1.9805 34.0427
  4.6399  2.9958  0.9692  0.8836 25.8196
  5.2174  2.2705  0.9739  1.3922 18.4085
  3.9301  1.2740  0.9921  2.5115  8.9854
  5.4747  4.1931  0.9841  0.8170 38.6705
  4.0313  1.8903  0.9832  3.1098 14.6841
  4.0218  3.0550  0.9923  1.7945 26.4391
  6.6265  2.1989  0.7911  0.6882 17.6972
  5.4443  3.2461  0.9786  1.4448 28.4506
  4.2821  3.3474  0.9689  0.4416 29.5248
  4.4781  4.0244  0.9833  1.7869 36.8227
  4.1837  4.0106  0.9980  1.1376 36.6718
  5.5148  2.5305  0.9759  0.7721 21.0244
  5.1193  1.4260  0.9900  1.2639 10.3433
  5.8137  1.8461  0.9670  1.4594 14.2597
  5.0319  2.2033  0.9915  0.9199 17.7407
  5.1773  2.8757  0.9968  0.2412 24.5690
  5.9082  3.7709  0.9886  1.2031 34.0680
  3.6201  4.2394  0.9892  0.5993 39.1794
  4.2041  4.2649  0.9840  1.8784 39.4599
  4.5598  4.3984  0.9954  1.0528 40.9322
  5.2261  4.4825  0.9733  0.1762 41.8624
  5.4639  0.9498  0.9837  0.6829  6.2252
  5.0821  0.6346  0.9683  2.3927  3.7766
  5.1533  2.2820  0.9791  0.8422 18.5228
  4.7302  3.0883  0.9742  2.2426 26.7875
  5.7777  3.5405  0.9820  2.0294 31.5868
  5.2402  3.0811  0.9812  1.6589 26.7120
  3.8587  1.5129  0.9875  1.0200 11.1346
  5.3551  1.1641  0.9795  1.0874  8.0270
  5.3893  1.9068  0.9762  0.5374 14.8433
  5.3232  2.5499  0.9932  0.1420 21.2212
  5.0373  2.5322  0.9946  1.2974 21.0409
  5.3021  2.9776  0.9894  1.6803 25.6295
  5.4044  2.0196  0.9899  1.7489 15.9360
  4.7608  1.2303  0.9749  1.8023  8.6016
  5.1973  2.3285  0.9851  2.0962 18.9877
  5.3371  1.0723  0.9718  0.7287  7.2434
  5.5484  1.5170  0.9713  1.2962 11.1723
  5.0279  1.0912  0.9876  0.7759  7.4032
  4.9437  2.5070  0.9803  1.2584 20.7858
  5.1116  2.2976  0.9850  1.6215 18.6781
  5.3704  3.8231  0.9921  0.2391 34.6334
  4.9764  1.6798  0.9930  0.8823 12.6841
  3.7830  1.1843  0.9767  0.9965  8.2015
  5.3821  2.6968  0.9980  0.3896 22.7225
  4.4437  4.1502  0.9844  2.3836 38.1998
  4.6128  4.2587  0.9782  1.4998 39.3918
  4.5848  3.8278  0.9938  2.0840 34.6843
  4.5137  3.6080  0.9833  1.5129 32.3104
  5.9449  2.9828  0.9773  2.6609 25.6838
  5.2930  0.5372  0.9908  0.8034  3.0809
  5.5020  1.7285  0.9820  1.2478 13.1423
  3.8161  3.8809  0.9804  1.8708 35.2599
  5.7825  2.5397  0.9849  0.2409 21.1179
  3.9794  3.7451  0.9980  2.6364 33.7883
  5.3087  2.8475  0.9825  0.7806 24.2765
  5.3626  2.0823  0.9682  0.3341 16.5487
  5.1101  2.3800  0.9675  1.0916 19.5042
  6.7390  1.8384  0.7881  1.3506 14.1864
  4.6282  3.0466  0.9881  2.9169 26.3511
  3.9084  1.4909  0.9879  1.3315 10.9331
  5.2019  2.8547  0.9759  0.8949 24.3513
  5.9983  2.0639  0.9731  2.0931 16.3683
  5.3353  3.7292  0.9810  2.9127 33.6169
  5.3116  3.1245  0.9700  0.7502 27.1679
  4.8116  0.5643  0.9728  1.5958  3.2714
  5.7502  3.7940  0.9923  1.9479 34.3177
  4.9058  2.5993  0.9765  1.6185 21.7247
  5.2926  2.6471  0.9866  0.6133 22.2124
  5.2825  4.2462  0.9787  0.9427 39.2542
  5.2199  4.4620  0.9773  1.3366 41.6353
  5.4136  1.5528  0.9804  1.9003 11.5023
  4.9216  2.6203  0.9876  1.8865 21.9390
  5.5513  1.8063  0.9808  1.5780 13.8802
  4.9315  1.2364  0.9708  1.5823  8.6545
  5.4356  2.9358  0.9768  2.2012 25.1935
  4.7782  1.8880  0.9757  2.6609 14.6619
  4.8747  2.9835  0.9980  0.1689 25.6912
  5.4313  2.1101  0.9812  1.5270 16.8218
  3.9556  4.3376  0.9731  1.8613 40.2602
  5.2360  3.3393  0.9743  1.9085 29.4395
  5.9323  2.7484  0.9817  2.0821 23.2527
  5.0025  1.0703  0.9801  0.9704  7.2265
  6.1315  3.0372  0.9792  1.2725 26.2525
  5.0147  4.4361  0.9716  0.8409 41.3489
  3.5953  2.2431  0.9896  1.5555 18.1359
  5.2464  1.2024  0.9961  2.9116  8.3582
  5.6817  1.8910  0.9938  1.7853 14.6913
  3.6794  2.9600  0.9945  1.7730 25.4455
  5.0296  2.4592  0.9980  2.1774 20.3013
  5.1731  0.5428  0.9850  0.0988  3.1204
  3.6229  1.3505  0.9911  1.5110  9.6637
  5.6136  0.8855  0.9895  1.9552  5.7041
  6.7950  1.1154  0.5698  2.3667  7.6095
  4.5752  2.5988  0.9940  0.5092 21.7193
  5.6215  1.2280  0.9834  2.0853  8.5814
  4.6930  4.3749  0.9864  1.7280 40.6721
  4.4467  3.6435  0.9884  1.7143 32.6929
  5.2878  0.6198  0.9729  0.6412  3.6689
  5.6517  3.5211  0.9879  1.5284 31.3787
  5.7780  2.1486  0.9744  1.3037 17.2006
  4.8266  2.5625  0.9894  0.9101 21.3490
  5.0489  1.1772  0.9875  1.5709  8.1402
  3.9341  3.3657  0.9916  1.4391 29.7203
  4.9145  2.5045  0.9931  1.8461 20.7601
  5.2868  3.3038  0.9740  1.0284 29.0627
  4.4715  2.1284  0.9980  0.7857 17.0015
  4.8574  4.4489  0.9980  1.4573 41.4909
  4.9821  1.7134  0.9718  2.2100 13.0002
  5.0941  3.2240  0.9734  2.8926 28.2173
  5.1527  2.1722  0.9899  1.2989 17.4336
  5.0824  1.5425  0.9940  1.3855 11.4073
  5.1233  3.4753  0.9777  1.2957 30.8882
  5.2036  1.2423  0.9839  0.2482  8.7070
  5.8730  0.8955  0.9875  3.0574  5.7847
  5.3979  1.0483  0.9870  0.5055  7.0413
  5.2792  2.0878  0.9868  2.0335 16.6029
  5.0571  4.3502  0.9909  1.6934 40.3999
  5.1107  1.7543  0.9874  0.8850 13.3859
  5.4131  2.5452  0.9877  2.7377 21.1731
  4.6713  1.9322  0.9939  1.6174 15.0879
  5.2109  2.3940  0.9913  0.9260 19.6444
  4.8211  2.1588  0.9885  1.5448 17.3013
  4.2435  1.7638  0.9838  0.8597 13.4759
  4.4249  1.7612  0.9744  1.3804 13.4514
  4.8293  2.8237  0.9744  2.0584 24.0299
  4.3540  4.3510  0.9746  0.1458 40.4089
  5.4775  1.9594  0.9738  1.8587 15.3514
  5.2339  0.8076  0.9867  1.8032  5.0868
  5.2314  1.3649  0.9937  1.8917  9.7931
  3.6048  3.1352  0.9767  0.8389 27.2807
  6.0062  1.0326  0.9933  1.7070  6.9104
  5.2303  1.4605  0.9761  0.9819 10.6563
  5.0507  1.5436  0.9946  2.4777 11.4174
  5.4064  2.0131  0.9789  2.2751 15.8726
  5.2402  3.9230  0.9798  1.5554 35.7180
  6.0351  2.9552  0.9754  2.3032 25.3955
  5.1534  1.0484  0.9783  1.1398  7.0421
  5.2851  1.4369  0.9816  1.9643 10.4414
  4.4685  3.8219  0.9805  1.3647 34.6198
  4.2783  3.0169  0.9832  1.8124 26.0399
  5.4046  2.3580  0.9980  1.5312 19.2828
  5.4954  0.4880  0.9955  1.3486  2.7425
  5.1194  1.5558  0.9685  1.3283 11.5295
  4.9947  3.2804  0.9813  0.9529 28.8145
  5.1426  3.7909  0.9938  0.9490 34.2838
  4.8787  4.1259  0.9784  1.5410 37.9333
  4.8379  1.8836  0.9714  1.3203 14.6199
  5.2738  2.0025  0.9798  1.8164 15.7693
  5.6696  3.1024  0.9672  1.9466 26.9361
  5.0213  3.4031  0.9722  0.6529 30.1183
  5.4284  0.4954  0.9935  1.2491  2.7928
  5.4612  3.5761  0.9889  0.5570 31.9682
  5.3279  2.9090  0.9965  1.1310 24.9152
  5.2070  4.4387  0.9675  0.9374 41.3775
  4.4777  4.3661  0.9706  1.3634 40.5747
  4.2843  2.2408  0.9951  1.2855 18.1128
  5.8435  1.0798  0.9741  0.7674  7.3073
  5.0449  3.1604  0.9963  1.8522 27.5465
  5.9563  4.1259  0.9821  0.8891 37.9329
  6.1593  3.4683  0.9948  0.8338 30.8141
  4.6942  4.3064  0.9827  0.8436 39.9166
  5.7975  2.2786  0.9937  0.8357 18.4888
  4.7912  3.2013  0.9718  0.8616 27.9778
  5.1051  2.3418  0.9920  1.7914 19.1207
  5.0173  1.7615  0.9674  1.2047 13.4547
  4.6580  1.6163  0.9958  0.6768 12.0904
  6.1521  0.9960  0.9749  2.0062  6.6053
  5.1976  4.0955  0.9750  1.8126 37.5999
  5.5261  2.7840  0.9772  1.2618 23.6201
  5.5528  2.1682  0.9736  0.7653 17.3933
  4.9922  4.3875  0.9925  1.9168 40.8121
  5.0061  2.1302  0.9677  0.7699 17.0189
  5.7517  4.2391  0.9784  0.4826 39.1754
  4.2617  4.1198  0.9767  0.7073 37.8668
  6.1968  3.5263  0.9675  0.1615 31.4339
  5.5936  1.8732  0.9827  2.3555 14.5195
  4.8325  1.2846  0.9685  0.6617  9.0787
  5.4865  4.1298  0.9973  1.2956 37.9763
  4.7247  2.6607  0.9800  0.7465 22.3521
  5.2994  2.9921  0.9934  1.6914 25.7813
  4.8331  1.4712  0.9826  2.3827 10.7532
  5.1012  1.9711  0.9799  1.8593 15.4643
  4.8280  2.3281  0.9980  0.8965 18.9835
  5.8103  2.9255  0.9745  1.9691 25.0864
  6.2385  1.4968  0.9818  0.8516 10.9872
  3.7041  4.2955  0.9799  0.7199 39.7965
  4.2092  3.2955  0.9746  0.9922 28.9747
  4.4524  4.0180  0.9744  2.4929 36.7530
  5.2286  2.5928  0.9980  2.1565 21.6575
  5.0157  2.2533  0.9734  0.5905 18.2375
  5.3771  2.8880  0.9775  1.8584 24.6965
  5.3627  2.8160  0.9869  1.2117 23.9507
  5.5547  2.6728  0.9806  1.3836 22.4756
  4.9742  1.3100  0.9861  1.1373  9.3038
  4.4827  3.2892  0.9842  0.6847 28.9072
  4.4311  4.3650  0.9756  2.4693 40.5636
  5.9842  4.0166  0.9931  2.7217 36.7374
  3.9580  2.1533  0.9828  1.0991 17.2463
  4.7150  2.5012  0.9977  1.5288 20.7268
  4.1778  1.7482  0.9911  1.3972 13.3282
  5.9889  1.9137  0.9830  0.2705 14.9098
  5.0761  3.2913  0.9835  0.3267 28.9295
  5.5567  1.3373  0.9784  0.9176  9.5460
  4.7654  3.6355  0.9790  0.6654 32.6065
  5.3594  2.0614  0.9778  0.6687 16.3438
  4.7301  2.3666  0.9696  1.5142 19.3694
  5.2743  1.6976  0.9977  1.3762 12.8507
  5.0994  1.9814  0.9907  1.1915 15.5642
  5.2213  1.1082  0.9876  1.2530  7.5477
  5.6843  3.9833  0.9781  1.4805 36.3749
  5.1371  2.4259  0.9695  2.1343 19.9660
  5.4760  1.9393  0.9675  1.2320 15.1563
  4.9469  3.5984  0.9817  0.1520 32.2078
  5.1554  1.8880  0.9770  1.1444 14.6618
  4.5015  2.1837  0.9779  1.0653 17.5466
  5.1552  1.7033  0.9971  1.2394 12.9048
  6.0703  1.6926  0.9693  1.5200 12.8042
  5.4728  3.9405  0.9980  0.4785 35.9081
  4.4858  1.5612  0.9730  2.6578 11.5792
  5.2626  2.2730  0.9751  0.6674 18.4333
  4.7602  3.8043  0.9822  0.9020 34.4286
  5.7774  2.1385  0.9764  0.9909 17.1010
  6.9083  3.1530  0.5070  2.2316 27.4678
  5.6915  2.2347  0.9945  1.1198 18.0520
  5.1127  3.6089  0.9947  1.3755 32.3203
  5.2160  3.4694  0.9863  2.7337 30.8254
  5.4898  2.6410  0.9820  0.8097 22.1500
  5.2239  3.1396  0.9838  0.6578 27.3272
  5.5636  2.4516  0.9763  1.1976 20.2247
  4.9736  2.7853  0.9934  1.3009 23.6332
  6.1198  3.6721  0.9668  1.6717 33.0005
  5.5502  1.7974  0.9785  2.0062 13.7955
  4.3317  4.4025  0.9793  0.5819 40.9770
  5.5730  2.3205  0.9856  0.4055 18.9077
  5.2130  0.6415  0.9680  1.5506  3.8274
  5.3919  1.0415  0.9838  2.7674  6.9844
  5.6624  0.7787  0.9967  0.9154  4.8621
  5.4534  1.6610  0.9730  1.7873 12.5072
  3.9658  3.7946  0.9942  0.2312 34.3243
  5.3183  0.9824  0.9818  1.4117  6.4928
  5.3556  3.2471  0.9719  0.2810 28.4619
  4.3502  4.0589  0.9903  1.4736 37.1995
  6.0650  3.5298  0.9811  1.5737 31.4715
  4.1829  2.9164  0.9973  1.4407 24.9915
  5.7749  3.8745  0.9803  1.3054 35.1905
  5.0306  3.0075  0.9965  2.5091 25.9412
  4.8697  3.1638  0.9699  0.6570 27.5826
  5.2619  1.4659  0.9939  2.1642 10.7049
  4.4200  4.2220  0.9920  0.7839 38.9878
  5.4747  3.9329  0.9960  1.9191 35.8254
  4.3472  1.7905  0.9940  0.2418 13.7300
  4.8395  2.0980  0.9878  0.0635 16.7030
  5.9119  3.2713  0.9854  0.2937 28.7175
  6.6414  2.2596  0.6608  0.9250 18.2999
  5.1368  2.8323  0.9948  1.5592 24.1189
  5.7757  3.6164  0.9892  0.8004 32.4007
  4.6107  1.1680  0.9724  0.4868  8.0601
  5.3302  2.3701  0.9675  2.2303 19.4047
  4.3968  2.2158  0.9957  1.5275 17.8650
  4.5092  4.4978  0.9934  1.6751 42.0322
  5.3774  4.1720  0.9863  0.5864 38.4384
  4.8731  0.8592  0.9938  1.9171  5.4942
  5.3767  1.1035  0.9949  0.5565  7.5082
  5.0522  1.1301  0.9902  2.7131  7.7353
  5.3599  2.7745  0.9812  0.8386 23.5217
  6.2397  1.4928  0.9750  2.0337 10.9512
  5.1708  2.8455  0.9850  1.2132 24.2555
  5.1231  3.1437  0.9781  0.3529 27.3699
  3.5215  1.9605  0.9892  0.4550 15.3619
  5.0575  1.0387  0.9844  1.8826  6.9614
  4.1015  2.2938  0.9980  0.3037 18.6408
  5.3533  1.1530  0.9872  1.3656  7.9313
  5.6685  1.4197  0.9797  0.6423 10.2857
  5.0261  2.5482  0.9712  1.7701 21.2043
  5.3606  1.8827  0.9906  0.5697 14.6110
  5.7259  3.5882  0.9676  0.6053 32.0984
  4.7469  3.7754  0.9891  1.3842 34.1161
  5.2319  0.3137  0.9839  1.5392  1.6242
  5.0692  3.3688  0.9858  2.3215 29.7532
  6.3526  2.0333  0.9908  0.8516 16.0698
  5.1111  3.0341  0.9854  1.6661 26.2196
  3.9691  0.9815  0.9814  0.3435  6.4861
  3.9208  1.4495  0.9778  1.3839 10.5563
  6.2982  2.3674  0.9753  0.6686 19.3772
  4.8331  1.5715  0.9916  0.8674 11.6748
  4.7406  2.9606  0.9737  0.7159 25.4519
  4.7431  2.2879  0.9848  0.7608 18.5816
  5.4461  3.7971  0.9859  0.4804 34.3507
  4.9474  4.1845  0.9978  0.4273 38.5761
  4.6287  2.2315  0.9825  0.4629 18.0208
  5.2213  0.6195  0.9929  1.4926  3.6665
  4.8961  2.9042  0.9826  1.9979 24.8644
  4.7344  2.0305  0.9708  0.5132 16.0417
  4.8034  3.8328  0.9715  1.4146 34.7379
  5.7022  2.2166  0.9754  1.2735 17.8726
  5.1932  1.1941  0.9927  0.6917  8.2859
  6.2030  1.7829  0.9906  0.8895 13.6578
  4.6471  3.0791  0.9980  0.4774 26.6914
  5.1264  3.0324  0.9895  0.7616 26.2022
  5.5363  3.6730  0.9832  1.8475 33.0106
  3.7073  2.9166  0.9766  0.3152 24.9940
  6.0623  3.1808  0.9925  0.7072 27.7613
  4.1905  2.1482  0.9757  0.5270 17.1966
  5.2484  1.5970  0.9807  2.0482 11.9112
  5.3396  2.3241  0.9880  1.2130 18.9432
  5.7399  2.1610  0.9846  1.9163 17.3221
  4.8381  2.8363  0.9777  0.8005 24.1607
  4.0667  2.9659  0.9758  2.0890 25.5076
  5.2735  4.2992  0.9753  1.3718 39.8374
  5.4989  4.2823  0.9970  0.6468 39.6516
  5.4540  2.7934  0.9943  2.3027 23.7170
  5.1334  2.3453  0.9855  2.2952 19.1556
  4.6123  3.4614  0.9980  1.7629 30.7395
  6.1484  3.1161  0.9735  0.6901 27.0803
  4.7792  1.0152  0.9940  0.7225  6.7649
  6.2353  2.8283  0.9779  0.6905 24.0781
  5.5498  1.7880  0.9686  2.0642 13.7063
  6.0908  4.1631  0.9779  0.5217 38.3405
  5.0592  1.0072  0.9712  1.8244  6.6989
  3.8181  2.8269  0.9754  1.4409 24.0634
  6.2925  3.4138  0.9796  0.4997 30.2319
  4.7464  1.6776  0.9924  0.5623 12.6634
  4.1794  2.6707  0.9863  2.4572 22.4545
  5.7197  1.1454  0.9904  2.1516  7.8664
  3.5174  1.1244  0.9760  0.6388  7.6863
  5.0647  4.0923  0.9944  1.0372 37.5652
  4.5242  3.3823  0.9698  0.5031 29.8962
  5.2404  3.3035  0.9941  2.0683 29.0587
  5.1461  4.4366  0.9881  0.7504 41.3545
  4.2601  2.9081  0.9893  2.1609 24.9057
  5.0741  3.9190  0.9848  0.6509 35.6745
  6.0375  4.0298  0.9708  0.6640 36.8819
  5.0257  2.2726  0.9823  1.0679 18.4296
  5.2409  2.4468  0.9753  2.6425 20.1760
  5.8490  1.5756  0.9770  1.1083 11.7123
  4.3178  0.9397  0.9712  0.5181  6.1430
  4.5888  1.2717  0.9794  0.5505  8.9650
  4.4772  3.0549  0.9720  2.6378 26.4372
  5.7705  1.0137  0.9736  1.3014  6.7527
  5.2878  0.6196  0.9667  2.2153  3.6674
  5.7121  3.5519  0.9678  1.6256 31.7090
  5.2201  3.2115  0.9734  2.0148 28.0856
  4.0880  2.9991  0.9796  0.6839 25.8536
  5.5961  1.9562  0.9778  2.0659 15.3205
  4.6682  4.0305  0.9883  0.8576 36.8898
  5.5192  1.4222  0.9725  1.1462 10.3084
  4.9525  3.9689  0.9889  1.0708 36.2178
  5.6217  1.3808  0.9719  1.8908  9.9358
  5.5434  2.8195  0.9980  1.7289 23.9865
  4.6853  4.0176  0.9971  1.9507 36.7487
  5.2834  3.9625  0.9980  1.6514 36.1476
  5.5289  3.7321  0.9903  1.0082 33.6484
  6.5043  1.5272  0.8507  1.2762 11.2663
  5.0835  1.9424  0.9731  1.5137 15.1863
  5.1347  4.1979  0.9839  2.6180 38.7233
  5.7072  2.1582  0.9902  0.9389 17.2947
  5.4159  1.0919  0.9743  1.6090  7.4095
  5.1546  1.9746  0.9713  1.1348 15.4986
  4.9570  0.5806  0.9950  0.6543  3.3871
  5.5163  1.7425  0.9870  1.3214 13.2747
  4.2546  1.6027  0.9708  0.8937 11.9637
  6.3922  1.0903  0.9930  2.1013  7.3956
  5.2934  4.1497  0.9875  2.4337 38.1935
  5.2619  3.0628  0.9668  0.3647 26.5210
  5.1348  2.6583  0.9842  0.6611 22.3278
  6.1930  3.3521  0.9975  0.5149 29.5752
  5.4967  3.1706  0.9941  1.2152 27.6539
  5.4784  2.8734  0.9836  0.4153 24.5451
  6.8824  2.4552  0.3720  2.1646 20.2612
  4.8069  2.1549  0.9715  0.1693 17.2621
  4.6849  1.4404  0.9931  0.4390 10.4740
  4.1491  3.2476  0.9890  1.0515 28.4670
  4.2858  1.6094  0.9826  2.3454 12.0264
  5.6991  4.2155  0.9978  0.3237 38.9165
  4.8367  3.0420  0.9836  1.6825 26.3028
  3.7111  1.5894  0.9675  1.4141 11.8403
  5.2936  3.9093  0.9738  1.8906 35.5687
  5.5486  3.2756  0.9964  1.3509 28.7631
  5.1987  1.4858  0.9879  1.1096 10.8864
  4.3723  4.0780  0.9863  2.5916 37.4087
  5.0536  1.1305  0.9829  0.8778  7.7384
  5.6571  4.2157  0.9921  0.5099 38.9186
  6.0052  3.8324  0.9691  2.3507 34.7340
  5.0911  1.7008  0.9741  0.5826 12.8813
  5.2829  3.0407  0.9724  3.0281 26.2892
  5.2617  3.3426  0.9892  0.7992 29.4745
  5.4457  0.9780  0.9919  2.6538  6.4570
  4.8603  1.4772  0.9753  0.1790 10.8079
  5.3056  3.6763  0.9967  2.1249 33.0456
  4.0169  3.4445  0.9679  1.2573 30.5597
  4.7372  2.2881  0.9790  0.9503 18.5840
  5.2999  3.5444  0.9668  0.7878 31.6284
  3.9309  1.8479  0.9869  1.7835 14.2771
  4.2536  1.5690  0.9681  1.1092 11.6512
  4.4140  1.7989  0.9785  1.8221 13.8095
  5.9977  2.6137  0.9942  1.9924 21.8718
  6.6531  2.1689  0.6768  0.6583 17.4005
  4.6163  2.1100  0.9717  1.6313 16.8201
  5.1222  4.1815  0.9962  1.2611 38.5424
  5.2231  1.1174  0.9900  0.9968  7.6267
  5.2165  3.7946  0.9956  0.8477 34.3246
  5.4490  4.3346  0.9773  1.1485 40.2272
  5.1655  2.9948  0.9705  2.2809 25.8094
  6.7216  3.7693  0.4064  1.3419 34.0506
  5.1621  4.4678  0.9881  0.9600 41.7005
  4.8738  2.8103  0.9735  1.1207 23.8914
  5.7830  3.4806  0.9795  0.3224 30.9447
  6.1519  3.2339  0.9909  0.1307 28.3216
  5.5316  0.8114  0.9683  1.5125  5.1170
  3.5037  1.8324  0.9756  1.8803 14.1295
  6.1305  0.1928  0.9976  0.7180  0.9320
  4.9362  2.4310  0.9774  0.7164 20.0166
  5.1208  2.9947  0.9879  1.6326 25.8081
  6.1883  2.9956  0.9882  2.0550 25.8170
  6.7550  0.5098  0.6818  0.9620  2.8912
  4.9122  2.5498  0.9978  1.0181 21.2198
  5.4602  3.4761  0.9980  0.8012 30.8968
  5.5987  3.3218  0.9890  0.8865 29.2534
  4.8672  1.0612  0.9956  0.7976  7.1504
  5.1641  1.2623  0.9845  0.9827  8.8816
  5.6925  3.7798  0.9871  1.2829 34.1636
  5.4317  2.0533  0.9937  0.5612 16.2650
  4.7573  3.8632  0.9878  0.6312 35.0678
  4.8161  1.9955  0.9874  1.2378 15.7017
  5.9333  4.3704  0.9980  1.5424 40.6229
  5.2359  2.5512  0.9929  1.1124 21.2341
  5.3976  3.4493  0.9760  0.9537 30.6102
  5.5483  1.0940  0.9692  0.4535  7.4273
  4.1830  2.4089  0.9822  2.5760 19.7948
  5.8098  3.7704  0.9749  1.7400 34.0617
  5.0794  3.2428  0.9975  2.5681 28.4164
  4.3916  3.4470  0.9667  2.5008 30.5861
  5.2944  1.5432  0.9672  1.4142 11.4136
  5.6868  2.7979  0.9945  1.6592 23.7639
  5.5404  2.6093  0.9755  0.8789 21.8266
  4.1515  0.6381  0.9787  0.5610  3.8020
  5.1366  1.3592  0.9944  0.3187  9.7421
  4.8933  0.4085  0.9794  0.3908  2.2161
  5.2328  3.5001  0.9803  2.3770 31.1533
  4.9807  2.7010  0.9694  1.2973 22.7650
  4.6761  4.1526  0.9674  1.3298 38.2262
  5.1321  1.3018  0.9962  1.4540  9.2307
  5.4502  1.7891  0.9791  2.9304 13.7167
  5.6821  3.6023  0.9703  1.6690 32.2498
  5.6376  2.5214  0.9890  2.0286 20.9312
  4.4683  1.4040  0.9858  1.1457 10.1445
  5.0256  3.1235  0.9861  0.7446 27.1577
  5.0680  3.2876  0.9821  0.5376 28.8909
  6.2210  4.1718  0.9902  0.8663 38.4365
  5.1050  3.9416  0.9827  2.7648 35.9206
  6.1937  4.0362  0.9795  0.5000 36.9518
  4.6677  2.4750  0.9848  1.8911 20.4619
  4.2672  1.0926  0.9830  0.6501  7.4156
  4.5250  3.9503  0.9866  0.8113 36.0145
  4.6591  4.2675  0.9871  0.2490 39.4887
  5.7560  2.1220  0.9865  1.2069 16.9383
  6.1296  2.4299  0.9969  0.9895 20.0065
  5.5431  2.3913  0.9807  2.0984 19.6172
  6.4754  2.3581  0.9187  2.2053 19.2841
  4.7303  0.6746  0.9686  1.6156  4.0719
  6.9016  0.8094  0.7261  1.5445  5.1012
  5.2029  1.9935  0.9695  1.0025 15.6814
  4.6698  4.2652  0.9980  1.8808 39.4631
  5.7966  2.0803  0.9978  0.9975 16.5293
  4.0208  0.4319  0.9885  0.1084  2.3682
  4.7657  2.1484  0.9937  1.8987 17.1983
  4.9159  2.5868  0.9935  1.7388 21.5969
  6.0383  1.2866  0.9738  0.8469  9.0967
  5.4913  2.2845  0.9710  0.1376 18.5479
  4.6983  1.1776  0.9715  1.5315  8.1439
  5.0374  1.2994  0.9977  1.7433  9.2093
  4.5277  1.7383  0.9678  0.1435 13.2348
  4.5553  4.0068  0.9954  1.9368 36.6309
  4.8580  4.3099  0.9844  1.9612 39.9558
  5.3920  2.3323  0.9892  1.0551 19.0255
  4.1947  1.3268  0.9789  0.8694  9.4529
  5.6618  3.2818  0.9884  0.2195 28.8286
  3.8993  3.4554  0.9850  2.3203 30.6759
  4.6872  2.4886  0.9775  1.1512 20.5987
  6.0048  3.6171  0.9823  1.8578 32.4088
  5.0116  3.4987  0.9719  1.9108 31.1384
  4.8040  3.7707  0.9668  0.8941 34.0649
  4.2938  2.5270  0.9694  1.1700 20.9882
  4.9355  3.4652  0.9859  0.3834 30.7804
  5.2120  2.8167  0.9723  1.7625 23.9577
  4.9812  2.9990  0.9683  1.0821 25.8524
  4.3465  1.4488  0.9869  2.1309 10.5497
  5.9222  1.8911  0.9700  1.6197 14.6920
  6.6120  2.1670  0.5595  0.7284 17.3820
  5.4500  1.5575  0.9897  1.3595 11.5450
  5.0131  3.0792  0.9964  0.6539 26.6925
  5.2727  1.3231  0.9980  1.6720  9.4201
  6.0147  4.0146  0.9964  0.7157 36.7162
  5.2436  3.8804  0.9827  1.8207 35.2542
  4.9419  3.5874  0.9703  1.3118 32.0901
  5.2772  1.8399  0.9675  0.7985 14.2005
  3.9535  1.2924  0.9950  1.5938  9.1476
  5.1637  4.2921  0.9893  1.3527 39.7595
  4.8536  4.1827  0.9747  1.9514 38.5560
  6.6389  2.8971  0.7492  0.6864 24.7916
  5.1770  1.5989  0.9924  1.7545 11.9290
  5.2010  3.1537  0.9777  0.8252 27.4756
  4.7986  2.8135  0.9779  1.7868 23.9242
  4.9883  2.9665  0.9930  1.8717 25.5138
  5.2618  0.4221  0.9797  1.3503  2.3043
  5.0203  1.0506  0.9961  0.2075  7.0606
  4.5789  2.6616  0.9917  2.3785 22.3612
  5.2142  2.7445  0.9673  0.1313 23.2125
  5.4747  1.7401  0.9846  0.2601 13.2516
  6.1588  3.9748  0.9951  0.9051 36.2820
  4.5633  4.2360  0.9780  1.7213 39.1412
  4.8303  2.2085  0.9712  0.5617 17.7920
  5.1120  1.9375  0.9801  1.7589 15.1392
  4.8659  1.3162  0.9973  0.3421  9.3581
  5.4682  3.3651  0.9726  2.6377 29.7130
  5.1768  0.8130  0.9897  0.6954  5.1297
  4.6038  1.3501  0.9935  1.6042  9.6607
  5.3076  2.9568  0.9954  1.0563 25.4122
  4.9523  3.8597  0.9933  0.1903 35.0300
  4.9706  0.7656  0.9746  1.5194  4.7609
  3.9805  1.0949  0.9758  0.7874  7.4353
  5.1295  1.8862  0.9935  1.4823 14.6453
  5.5144  2.4014  0.9792  2.6858 19.7193
  5.0263  3.1967  0.9812  0.6192 27.9286
  5.0454  1.6148  0.9711  0.9424 12.0762
  5.2144  1.3559  0.9944  0.6566  9.7122
  5.4785  4.3944  0.9921  0.6313 40.8876
  5.0025  2.1648  0.9926  0.5957 17.3605
  5.3746  3.9795  0.9804  1.5034 36.3326
  4.9779  1.9125  0.9766  1.0017 14.8982
  4.4160  3.2916  0.9728  0.1254 28.9332
  5.3167  4.3169  0.9778  0.5064 40.0324
  5.4248  1.9775  0.9803  0.2312 15.5269
  5.0910  1.0082  0.9808  1.7092  6.7066
  4.8757  3.5409  0.9720  1.4270 31.5908
  5.6956  2.1342  0.9874  0.5693 17.0580
  4.6975  2.2374  0.9980  0.9554 18.0796
  6.0877  3.4715  0.9836  1.3343 30.8479
  4.5832  2.7225  0.9821  1.6913 22.9868
  5.7750  3.0708  0.9752  1.2292 26.6049
  6.8464  2.5117  0.5490  1.1985 20.8334
  5.1517  3.2212  0.9712  2.4337 28.1878
  5.4001  3.4224  0.9935  0.9265 30.3242
  5.2050  1.7962  0.9802  2.5588 13.7843
  6.3901  0.6090  0.9885  1.9882  3.5908
  6.8629  2.3723  0.6645  1.8341 19.4267
  5.3216  3.6081  0.9952  1.8631 32.3120
  5.7887  3.6364  0.9787  1.5581 32.6159
  4.9777  1.1599  0.9934  0.8011  7.9907
  5.2371  2.4543  0.9839  0.5329 20.2526
  6.4431  2.6212  0.8881  0.9918 21.9476
  5.7463  3.8203  0.9958  2.5730 34.6020
  5.2010  1.5665  0.9980  0.7160 11.6288
  5.0702  2.8981  0.9925  0.5233 24.8016
  5.2290  1.9260  0.9813  0.6013 15.0278
  6.9215  3.5688  0.7548  1.4843 31.8894
  5.5297  2.3631  0.9704  1.4737 19.3339
  5.4070  2.0612  0.9922  1.2046 16.3419
  4.6523  2.9110  0.9672  0.4583 24.9353
  5.7215  3.1430  0.9690  1.1621 27.3633
  5.1621  3.3519  0.9712  0.6814 29.5734
  5.9517  2.8522  0.9757  1.0994 24.3255
  5.2032  2.1680  0.9875  1.7464 17.3915
  4.4967  3.3395  0.9729  0.5572 29.4408
  4.9095  3.9106  0.9849  0.6917 35.5833
  5.2841  1.4646  0.9879  0.0895 10.6938
  5.1133  3.6635  0.9744  2.0096 32.9079
  5.1349  1.9631  0.9830  1.9808 15.3871
  5.0743  4.3662  0.9886  2.0068 40.5765
  4.3210  3.7428  0.9919  0.9534 33.7638
  5.0942  2.5973  0.9775  1.5955 21.7037
  4.3885  1.1789  0.9740  1.4953  8.1551
  4.0534  2.3981  0.9679  0.1244 19.6855
  4.3359  2.5516  0.9980  1.0201 21.2381
  5.4384  2.3975  0.9852  2.1192 19.6793
  4.8051  2.2916  0.9975  0.1958 18.6186
  5.2389  3.5757  0.9730  0.9716 31.9642
  5.5787  1.4167  0.9727  0.9533 10.2587
  4.7590  2.4637  0.9923  2.0087 20.3469
  5.7401  2.2254  0.9980  2.3703 17.9597
  5.8671  3.3994  0.9980  2.3470 30.0781
  6.8643  3.0237  0.8929  0.6988 26.1110
  5.1405  2.3069  0.9827  0.4730 18.7717
  5.3772  2.5474  0.9798  0.6422 21.1961
  5.0964  1.0903  0.9744  2.4977  7.3956
  5.7672  2.3367  0.9915  1.5046 19.0698
  6.1809  1.9521  0.9942  2.3905 15.2804
  3.6874  3.4850  0.9725  1.6140 30.9923
  5.0998  4.1346  0.9830  1.1392 38.0287
  5.4933  2.0761  0.9902  0.5177 16.4878
  4.8789  4.1345  0.9832  0.8914 38.0270
  5.9210  3.3586  0.9980  2.2481 29.6446
  4.4201  3.7523  0.9969  1.4716 33.8661
  5.1844  3.9654  0.9941  1.0448 36.1794
  5.2979  3.5571  0.9774  2.2024 31.7639
  5.5945  2.1882  0.9933  2.7688 17.5915
  4.7908  3.9552  0.9802  1.5869 36.0683
  4.3258  1.7878  0.9690  2.6331 13.7039
  4.8090  4.4564  0.9865  1.1283 41.5734
  5.7586  0.7005  0.9789  1.4812  4.2655
  5.6644  0.7040  0.9832  2.2155  4.2919
  5.2172  0.8917  0.9719  2.2738  5.7545
  4.8584  2.1726  0.9692  1.0685 17.4373
  5.3908  2.8401  0.9696  1.1224 24.2000
  4.7742  1.8726  0.9865  1.6647 14.5138
  5.0200  3.2085  0.9737  1.1324 28.0538
  4.2545  1.5870  0.9966  0.4206 11.8186
  5.0130  3.3112  0.9687  0.2326 29.1411
  5.1260  2.3305  0.9907  2.0906 19.0072
  5.2223  2.0283  0.9743  0.2547 16.0204
  4.6817  3.6093  0.9795  0.2272 32.3249
  5.0295  3.1647  0.9826  1.2975 27.5911
  4.9777  2.3318  0.9820  1.2167 19.0206
  6.1309  1.9712  0.9713  2.0869 15.4658
  4.6683  4.1623  0.9915  2.3643 38.3325
  5.2234  2.7167  0.9745  1.9716 22.9264
  5.4337  4.3557  0.9856  0.8829 40.4603
  5.6364  3.2786  0.9774  1.5864 28.7947
  5.1968  1.1454  0.9739  0.2723  7.8659
  4.1150  0.9028  0.9894  2.4617  5.8435
  5.5686  2.4752  0.9792  0.6380 20.4630
  5.1472  0.8636  0.9766  1.9804  5.5289
  4.6057  3.4562  0.9884  1.7850 30.6839
  6.1442  4.0138  0.9902  1.6376 36.7075
  5.7299  3.9614  0.9774  0.7197 36.1354
  4.0356  3.4245  0.9691  0.3512 30.3465
  5.8908  3.1054  0.9828  2.1669 26.9679
  4.7680  3.9979  0.9863  1.2100 36.5337
  5.4850  1.5693  0.9827  1.8518 11.6546
  4.4710  0.8345  0.9973  0.9880  5.2987
  4.0452  2.3014  0.9963  0.4343 18.7162
  5.1510  2.2259  0.9935  1.6896 17.9649
  4.8843  2.0758  0.9920  1.2112 16.4846
  5.4088  3.7023  0.9676  1.8392 33.3259
  5.0890  1.9897  0.9780  0.5757 15.6446
  5.2507  3.8511  0.9709  1.0150 34.9361
  4.6296  3.3411  0.9785  1.8413 29.4582
  3.5108  4.1042  0.9828  1.7705 37.6958
  5.3439  1.6622  0.9876  1.9348 12.5184
  5.3997  2.5750  0.9920  2.2737 21.4768
  5.3263  2.5301  0.9871  1.5440 21.0200
  5.1920  2.6209  0.9980  0.9868 21.9450
  5.2253  2.4186  0.9881  0.1017 19.8916
  3.8076  2.3114  0.9861  0.9377 18.8162
  4.7263  2.6059  0.9678  1.4242 21.7921
  5.4772  2.0576  0.9680  1.3467 16.3071
  5.6966  3.5578  0.9980  1.3924 31.7715
  4.5041  1.9625  0.9873  1.1126 15.3816
  5.4162  3.0296  0.9816  2.5173 26.1727
  5.3502  2.0306  0.9684  2.0576 16.0433
  5.1231  4.4885  0.9750  1.4038 41.9299
  5.9579  2.5965  0.9967  1.8075 21.6957
  3.7780  2.5312  0.9876  2.1945 21.0316
  5.2745  4.4787  0.9842  1.2173 41.8212
  5.2643  0.8347  0.9816  1.2004  5.2998
  4.9933  1.7841  0.9735  1.8957 13.6691
  5.0154  1.7080  0.9774  2.1515 12.9485
  5.6564  1.0000  0.9952  2.8069  6.6384
  4.4076  2.6358  0.9980  0.6664 22.0971
  5.5574  2.9705  0.9877  1.1663 25.5549
  5.1512  1.4320  0.9762  1.5291 10.3970
  5.1980  4.3875  0.9856  0.4777 40.8116
  5.5094  1.8738  0.9723  1.6850 14.5254
  5.6734  4.4690  0.9890  1.5479 41.7137
  5.0400  2.5445  0.9916  0.6498 21.1659
  5.9313  3.7483  0.9811  0.2107 33.8235
  5.4122  4.4567  0.9715  2.2688 41.5766
  4.3846  2.9050  0.9748  0.7686 24.8728
  5.6781  3.5694  0.9929  1.0012 31.8966
  5.2420  1.5364  0.9683  0.9087 11.3506
  5.3890  1.1332  0.9701  1.6506  7.7612
  5.5187  2.8752  0.9885  2.1815 24.5635
  5.5902  1.0314  0.9734  0.5838  6.9004
  5.1420  3.0696  0.9730  2.5427 26.5916
  5.0774  4.0558  0.9780  0.6837 37.1655
  4.0023  3.7889  0.9980  1.3437 34.2622
  4.7324  4.2363  0.9815  0.9095 39.1447
  4.9725  2.4883  0.9722  0.7754 20.5956
  5.6098  4.2999  0.9674  1.9618 39.8456
  5.2466  2.8859  0.9712  1.4744 24.6744
  4.9654  4.0610  0.9831  1.8686 37.2233
  5.4932  2.3541  0.9745  2.0954 19.2434
  5.1331  2.2738  0.9948  2.5157 18.4408
  4.6999  2.2527  0.9668  2.7739 18.2316
  4.8487  0.9472  0.9883  2.7878  6.2043
  6.2241  4.3929  0.9770  0.5681 40.8710
  5.5980  2.5139  0.9746  1.4960 20.8553
  3.9485  2.3310  0.9932  2.0420 19.0123
  4.7248  2.6150  0.9867  1.8213 21.8843
  3.9696  2.1505  0.9842  1.0170 17.2195
  5.2215  1.9006  0.9889  0.5359 14.7835
  6.4069  0.9079  0.9473  2.3259  5.8849
  5.0226  2.3826  0.9858  1.9544 19.5299
  4.0430  4.2068  0.9980  1.5247 38.8207
  5.2259  2.5292  0.9778  1.3237 21.0110
  4.4899  2.3460  0.9842  0.7484 19.1626
  6.7582  2.2183  0.6193  0.8100 17.8896
  5.3727  1.6377  0.9667  2.0249 12.2895
  4.9964  3.3839  0.9928  0.5185 29.9136
  5.2497  2.3414  0.9818  0.6272 19.1164
  4.8989  3.1848  0.9952  1.6774 27.8038
  5.1446  1.1198  0.9872  1.9164  7.6467
  5.4783  2.0246  0.9877  1.7187 15.9849
  4.7185  2.4196  0.9753  1.3866 19.9026
  5.6122  4.3586  0.9842  0.8771 40.4926
  5.6754  3.5113  0.9973  2.3230 31.2735
  5.4313  3.1858  0.9672  1.0458 27.8144
  5.2368  3.1267  0.9931  1.5569 27.1914
  5.2287  1.2984  0.9736  0.8444  9.2010
  5.3868  1.6720  0.9839  0.7285 12.6109
  5.2467  3.8109  0.9759  0.9657 34.5011
  5.5948  4.4970  0.9925  1.5218 42.0237
  5.2482  1.7413  0.9892  0.5397 13.2636
  5.2453  3.3007  0.9701  0.2391 29.0289
  4.9423  1.0617  0.9778  0.8069  7.1543
  6.6837  1.2235  0.8768  1.9905  8.5422
  6.0408  3.2470  0.9818  1.4897 28.4602
  5.5928  3.2445  0.9679  0.5817 28.4344
  3.6757  1.8731  0.9778  1.7080 14.5192
  4.1829  1.7790  0.9937  1.8155 13.6209
  5.4509  2.2035  0.9921  1.6109 17.7430
  5.6350  4.1304  0.9962  3.0020 37.9820
  5.1600  3.4624  0.9855  0.1345 30.7504
  5.9287  0.6745  0.9906  0.4175  4.0707
  5.3556  1.8763  0.9890  0.6562 14.5492
  4.9727  1.5684  0.9734  3.0596 11.6458
  4.0921  3.2000  0.9978  0.5855 27.9640
  4.0617  2.6829  0.9870  1.9903 22.5794
  4.3111  3.9280  0.9683  2.3065 35.7727
  5.8348  1.5950  0.9781  2.7487 11.8920
  5.4510  1.6529  0.9910  1.6808 12.4318
  6.0157  2.1409  0.9825  2.5777 17.1240
  4.8820  2.0972  0.9873  1.8292 16.6951
  4.9759  2.2471  0.9806  1.5673 18.1757
  5.4772  4.3679  0.9915  0.6441 40.5956
  5.5882  1.3959  0.9748  0.9923 10.0710
  4.5541  2.7886  0.9686  0.6038 23.6672
  5.4013  2.6959  0.9914  1.3503 22.7126
  4.8302  2.8389  0.9864  1.3087 24.1880
  5.1384  1.7058  0.9892  2.1344 12.9282
  5.4168  1.2621  0.9736  0.7240  8.8800
  5.7722  3.4668  0.9685  1.0231 30.7975
  6.5701  2.1164  0.8273  0.7375 16.8833
  4.6560  3.5669  0.9923  2.4015 31.8690
  4.3672  3.2065  0.9958  1.0257 28.0323
  5.4835  3.8843  0.9687  2.2259 35.2965
  3.6902  1.6084  0.9899  0.5456 12.0168
  5.5694  1.8471  0.9815  2.0130 14.2699
  4.6002  3.0138  0.9907  0.2994 26.0080
  5.2675  3.1076  0.9791  1.0662 26.9907
  5.2111  2.6942  0.9978  2.2186 22.6957
  5.7876  1.2662  0.9980  0.5550  8.9160
  5.2100  2.5917  0.9713  1.2230 21.6471
  5.1667  3.6254  0.9925  2.1797 32.4985
  5.1959  0.7752  0.9777  0.6832  4.8347
  5.3935  3.4600  0.9953  0.5961 30.7253
  4.9520  2.7511  0.9739  1.9048 23.2808
  5.8972  1.6928  0.9740  0.4506 12.8055
  4.8548  1.9024  0.9980  1.2949 14.8008
  6.2417  2.4388  0.9980  1.5057 20.0954
  5.4299  2.7976  0.9741  0.8228 23.7606
  4.5585  1.5480  0.9769  0.1430 11.4576
  5.4584  2.2630  0.9735  2.7575 18.3336
  5.5413  1.3388  0.9906  1.1690  9.5597
  5.9973  2.4946  0.9769  0.4765 20.6601
  5.3651  1.7954  0.9839  0.5229 13.7767
  4.3573  2.6533  0.9677  1.1206 22.2762
  5.8748  1.9725  0.9808  1.6777 15.4784
  5.1424  2.9050  0.9865  0.5484 24.8728
  5.3876  0.5742  0.9695  1.8346  3.3413
  5.3283  1.4674  0.9925  1.2545 10.7189
  4.6038  1.2551  0.9703  1.1670  8.8192
  4.6140  3.9612  0.9947  2.3036 36.1341
  4.7562  1.5411  0.9911  2.0913 11.3939
  5.0383  3.7559  0.9859  2.0690 33.9057
  5.9440  2.8289  0.9811  2.1023 24.0841
  3.5393  2.7964  0.9882  2.3070 23.7481
  5.1492  4.1810  0.9980  1.6650 38.5377
  5.1864  4.1581  0.9867  1.1259 38.2866
  5.7216  2.6231  0.9943  0.3447 21.9672
  5.4857  1.8045  0.9899  0.2214 13.8628
  5.2743  0.5559  0.9672  0.7231  3.2117
  4.8959  0.7352  0.9786  0.6339  4.5276
  4.3135  4.0849  0.9845  0.6735 37.4840
  5.8951  2.4413  0.9724  1.2616 20.1212
  4.4989  3.9758  0.9831  0.8679 36.2923
  6.3409  3.5429  0.9823  0.5280 31.6117
  5.5853  0.5836  0.9772  0.8668  3.4082
  5.2404  3.8845  0.9938  2.0500 35.2989
  5.5398  3.3463  0.9708  2.2280 29.5130
  5.7546  2.9707  0.9806  1.1028 25.5575
  5.2025  4.3631  0.9715  1.2487 40.5421
  5.2253  2.7898  0.9867  0.4531 23.6797
  4.8788  3.2379  0.9732  1.7732 28.3642
  4.6304  3.3504  0.9910  1.8710 29.5573
  4.5914  1.1056  0.9767  2.3977  7.5260
  5.1223  2.3601  0.9947  1.1556 19.3043
  4.6383  3.6809  0.9750  1.0415 33.0955
  5.0823  3.7294  0.9802  1.9086 33.6190
  3.5519  2.0279  0.9848  1.2710 16.0172
  5.5055  1.8591  0.9822  1.9927 14.3850
  3.6568  3.4278  0.9710  1.2733 30.3816
  5.2826  4.0209  0.9945  0.5718 36.7849
  5.1581  1.0148  0.9771  2.4082  6.7617
  5.1768  3.5070  0.9921  1.2526 31.2271
  6.2972  2.8656  0.9743  2.7178 24.4645
  5.0999  3.8798  0.9791  0.6159 35.2479
  4.5732  3.3299  0.9952  0.7518 29.3391
  5.5758  0.4955  0.9733  0.8520  2.7937
  5.3072  1.9673  0.9741  1.7580 15.4277
  3.5845  2.3143  0.9980  2.1282 18.8451
  5.4518  0.8016  0.9838  0.6339  5.0403
  4.5113  0.8201  0.9980  0.9525  5.1849
  5.8694  3.3106  0.9916  1.2491 29.1346
  5.6326  2.2131  0.9973  2.5160 17.8383
  4.9040  1.1946  0.9878  0.7107  8.2911
  5.3409  0.9829  0.9889  1.5772  6.4971
  5.4753  1.0795  0.9978  0.4886  7.3043
  5.5924  1.7299  0.9709  1.1283 13.1556
  5.4781  2.3602  0.9927  1.3376 19.3048
  4.6020  3.4493  0.9848  0.2060 30.6103
  4.1065  2.4829  0.9745  2.5394 20.5413
  5.7443  2.3465  0.9881  1.3569 19.1678
  4.7911  3.5782  0.9905  0.4793 31.9908
  5.8297  2.4903  0.9690  1.3841 20.6162
  4.9420  3.9098  0.9828  2.6597 35.5742
  4.6187  2.3020  0.9737  0.7804 18.7226
  6.5873  3.0511  0.8116  1.4609 26.3982
  5.4002  0.7972  0.9783  2.6008  5.0062
  5.1938  3.5120  0.9808  1.8037 31.2810
  5.0183  1.9708  0.9776  1.2473 15.4613
  4.3171  3.1063  0.9960  1.7389 26.9774
  4.9710  4.3226  0.9976  0.7601 40.0953
  4.3805  2.9196  0.9741  0.8489 25.0256
  3.5839  2.8211  0.9714  1.2226 24.0034
  5.8738  1.4136  0.9808  2.3190 10.2310
  5.2191  2.5458  0.9868  0.1488 21.1794
  4.0065  1.5605  0.9933  1.3284 11.5734
  5.0210  2.2087  0.9870  1.9567 17.7943
  5.3219  2.4292  0.9972  2.7622 19.9992
  4.3989  3.8121  0.9875  0.9788 34.5138
  4.9159  3.5258  0.9889  1.2835 31.4284
  5.0114  1.3749  0.9901  0.7939  9.8824
  4.9845  4.1703  0.9813  2.3011 38.4204
  4.2327  2.1996  0.9870  1.5640 17.7045
  5.1350  4.1641  0.9790  0.4671 38.3519
  5.1445  3.7797  0.9729  2.5586 34.1627
  5.2175  1.1479  0.9703  1.7644  7.8879
  4.8145  0.7847  0.9722  1.0238  4.9083
  5.5422  3.3804  0.9969  1.0963 29.8760
  4.6319  3.8498  0.9980  0.3983 34.9222
  5.4402  3.1252  0.9853  0.4002 27.1754
  4.8524  1.1689  0.9679  1.0837  8.0685
  6.9076  1.6361  0.3206  0.4915 12.2752
  5.2762  1.8457  0.9864  0.5979 14.2559
  6.0011  3.5276  0.9906  2.5374 31.4477
  6.7446  3.4202  0.5211  2.8226 30.3007
  5.3792  1.2970  0.9759  1.1668  9.1886
  5.4189  2.4425  0.9923  1.2303 20.1326
  4.6543  1.6195  0.9728  0.4216 12.1204
  5.3841  2.1617  0.9897  1.6218 17.3290
  4.7634  2.1106  0.9934  1.1059 16.8264
  5.2070  4.1885  0.9980  1.5197 38.6197
  4.9979  1.9477  0.9900  1.1699 15.2382
  4.4678  0.7838  0.9868  1.8609  4.9014
  5.7922  3.5652  0.9949  0.1875 31.8514
  5.2171  2.4448  0.9682  1.7995 20.1565
  4.3048  1.4788  0.9768  2.1616 10.8225
  5.0774  2.2278  0.9811  1.2445 17.9833
  4.8014  4.2413  0.9896  1.8321 39.1996
  6.0350  2.3824  0.9903  2.6105 19.5278
  5.1040  2.8010  0.9879  1.5167 23.7950
  5.5965  4.4243  0.9846  2.2596 41.2190
  5.5421  0.9058  0.9698  2.3875  5.8679
  5.6554  3.2951  0.9867  1.8931 28.9700
  4.8936  3.0118  0.9695  2.7524 25.9864
  3.7599  1.1958  0.9720  1.4258  8.3008
  5.7313  0.5885  0.9704  2.5259  3.4436
  5.9180  1.3861  0.9848  1.7022  9.9833
  4.0548  2.3442  0.9786  1.7285 19.1442
  5.7036  2.5543  0.9750  1.9655 21.2662
  4.2019  2.6864  0.9946  0.4127 22.6155
  5.2434  3.0856  0.9864  2.5744 26.7594
  5.9806  2.4921  0.9747  0.1548 20.6343
  4.7049  3.0274  0.9928  1.2982 26.1498
  5.6800  0.9335  0.9959  0.8346  6.0926
  4.6611  1.0026  0.9889  1.8746  6.6607
  6.2654  2.1493  0.9881  1.1764 17.2071
  5.1280  1.5541  0.9836  0.5302 11.5135
  5.1938  1.7220  0.9870  1.2733 13.0806
  5.2872  1.2430  0.9327  1.7989  8.7123
  5.1409  2.2410  0.9741  2.3922 18.1152
  5.5213  2.7146  0.9788  0.2952 22.9048
  3.7073  2.2374  0.9798  2.7606 18.0786
  4.8648  1.7211  0.9860  2.9571 13.0721
  4.7206  1.6332  0.9821  0.5615 12.2479
  5.3477  2.2954  0.9762  1.0992 18.6561
  5.7974  4.0172  0.9681  1.2736 36.7449
  4.7640  0.9269  0.9811  1.6040  6.0389
  5.9327  3.5272  0.9794  2.5461 31.4435
  4.4256  3.2630  0.9804  0.8018 28.6298
  5.6344  2.4332  0.9673  2.0499 20.0393
  4.9678  1.7854  0.9788  0.4309 13.6816
  5.0447  2.1180  0.9800  2.4221 16.8991
  5.4405  2.0303  0.9918  1.4113 16.0405
  5.2309  2.1148  0.9770  0.2066 16.8672
  4.1472  1.6540  0.9799  0.5031 12.4425
  5.9125  3.0677  0.9980  2.2888 26.5717
  5.2669  3.9190  0.9869  2.5552 35.6741
  5.4430  1.2236  0.9980  1.1231  8.5432
  4.7263  1.8456  0.9801  2.5294 14.2557
  4.7721  3.3315  0.9830  1.1544 29.3566
  5.9665  1.8457  0.9963  2.6479 14.2562
  5.3479  4.0453  0.9960  1.9610 37.0515
  5.1941  2.0272  0.9741  0.9026 16.0098
  5.4011  2.2869  0.9803  0.1990 18.5714
  6.3923  2.9052  0.9977  0.1854 24.8754
  5.9483  2.9946  0.9866  0.8541 25.8065
  5.9601  2.2023  0.9885  3.0727 17.7308
  4.8718  2.7757  0.9704  1.1275 23.5344
  4.2691  0.9703  0.9797  1.6151  6.3933
  5.5592  4.1623  0.9797  0.6282 38.3319
  5.4843  1.2469  0.9768  0.5522  8.7470
  5.2667  0.7889  0.9750  1.7315  4.9409
  5.4015  3.7793  0.9943  1.7859 34.1589
  5.1046  1.7522  0.9805  2.0988 13.3666
  5.2825  2.2897  0.9704  2.2131 18.6000
  5.6184  1.5625  0.9830  2.2671 11.5913
  4.9085  3.4905  0.9849  0.7959 31.0508
  4.6892  2.2467  0.9915  1.8863 18.1713
  4.8107  3.4095  0.9887  0.5463 30.1866
  4.7456  2.2280  0.9775  0.3825 17.9860
  5.2430  1.5724  0.9946  0.7421 11.6829
  5.7355  4.0041  0.9973  2.1216 36.6019
  5.1939  2.5454  0.9792  1.7295 21.1756
  5.3551  2.4314  0.9772  1.3291 20.0210
  6.2700  2.3384  0.9724  0.9777 19.0865
  4.4592  3.5059  0.9926  0.6127 31.2153
  5.2391  2.8660  0.9822  0.3401 24.4688
  4.8182  3.7269  0.9723  0.7867 33.5915
  4.5492  2.7342  0.9696  0.4092 23.1069
  5.6401  1.9731  0.9839  0.7662 15.4838
  5.0893  3.9427  0.9896  2.3833 35.9319
  5.9436  2.3484  0.9798  2.8790 19.1867
  5.5041  2.2487  0.9877  0.3589 18.1911
  5.7016  2.8052  0.9908  1.7210 23.8385
  4.9448  2.9804  0.9683  1.5250 25.6588
  4.8109  1.5114  0.9667  1.5078 11.1209
  5.5405  1.3552  0.9801  1.4220  9.7059
  4.4175  3.6255  0.9780  2.0841 32.4994
  4.7493  2.7924  0.9908  1.5012 23.7064
  4.9994  0.9331  0.9750  0.7129  6.0892
  5.3085  1.2269  0.9980  2.2980  8.5717
  5.5234  2.0642  0.9809  0.7225 16.3716
  4.7439  2.2200  0.9885  0.7052 17.9059
  5.3069  4.3315  0.9832  1.6844 40.1931
  5.1292  3.4725  0.9980  2.6455 30.8586
  4.0192  0.9431  0.9810  1.1983  6.1708
  5.0322  1.6360  0.9790  1.6949 12.2744
  4.7727  3.8011  0.9957  1.4999 34.3942
  4.7918  3.0855  0.9842  0.6460 26.7582
  4.8922  1.6452  0.9953  1.3601 12.3595
  5.0682  3.2933  0.9690  2.6564 28.9509
  6.2188  1.3256  0.9963  1.7161  9.4417
  5.5180  4.3894  0.9744  1.8201 40.8331
  4.9517  2.2300  0.9930  0.5600 18.0053
  5.5072  3.1200  0.9789  1.6375 27.1212
  4.5742  1.5941  0.9728  0.7774 11.8841
  4.6131  2.5284  0.9897  2.4938 21.0029
  5.4108  3.9849  0.9776  1.7092 36.3924
  6.2164  4.3684  0.9968  1.6668 40.6005
  5.9620  3.6171  0.9845  1.3400 32.4087
  3.8007  3.6040  0.9980  0.3719 32.2679
  5.5299  1.6757  0.9980  2.1509 12.6453
  4.7456  0.4431  0.9980  1.1487  2.4419
  6.2181  2.5913  0.9855  0.3937 21.6424
  5.0595  0.9293  0.9929  1.6985  6.0586
  5.5498  3.2118  0.9931  0.4853 28.0884
  4.7683  4.3276  0.9723  0.0972 40.1502
  4.3264  1.9896  0.9795  1.7687 15.6439
  6.0752  1.1243  0.9836  0.6305  7.6854
  5.2126  0.5086  0.9749  1.9699  2.8832
  5.6068  3.4995  0.9686  1.9375 31.1477
  6.0278  1.7113  0.9873  1.4608 12.9796
  4.0515  4.2226  0.9836  2.2899 38.9945
  4.4294  1.5571  0.9829  2.1032 11.5417
  4.9091  1.0708  0.9719  1.4272  7.2308
  5.3955  1.0611  0.9697  0.3341  7.1495
  5.1858  3.0240  0.9980  1.5278 26.1144
  4.8864  1.2817  0.9675  0.5200  9.0534
  5.8244  3.7925  0.9929  0.3100 34.3011
  5.1829  3.9341  0.9947  2.5410 35.8389
  5.3437  2.2827  0.9912  1.8575 18.5295
  5.8005  0.8658  0.9885  2.6656  5.5468
  4.6294  2.7621  0.9963  2.1738 23.3943
  4.1868  1.0936  0.9735  1.3451  7.4242
  4.0671  1.5028  0.9921  2.1775 11.0423
  5.0836  3.2000  0.9683  2.0420 27.9643
  6.9784  3.4208  0.4782  2.0168 30.3063
  4.0468  2.8132  0.9878  0.7240 23.9215
  6.1828  4.1117  0.9710  0.1568 37.7780
  5.0324  1.3259  0.9760  0.9545  9.4443
  5.9851  3.0920  0.9773  0.4420 26.8274
  4.9759  2.1366  0.9710  1.2098 17.0820
  4.9246  4.0139  0.9707  1.1391 36.7080
  5.2429  4.0394  0.9827  2.1587 36.9868
  4.7602  3.7102  0.9848  1.7524 33.4122
  5.5022  3.8104  0.9939  1.6110 34.4953
  5.5198  4.1084  0.9789  0.7390 37.7412
  3.7370  1.5659  0.9953  0.7245 11.6226
  5.7636  2.6822  0.9813  1.4665 22.5722
  5.0809  1.1183  0.9797  0.5248  7.6345
  5.4440  3.5963  0.9814  0.6198 32.1849
  5.4469  0.8825  0.9683  1.0528  5.6808
  5.0308  2.8586  0.9980  2.0698 24.3915
  5.2619  1.8923  0.9830  1.0489 14.7031
  5.1496  3.4629  0.9837  0.9846 30.7562
  5.9582  3.8236  0.9681  1.0044 34.6384
  6.2734  3.6196  0.9980  1.6956 32.4358
  5.5388  2.6186  0.9980  1.8205 21.9216
  5.1500  1.7225  0.9853  0.4420 13.0855
  3.5975  1.2548  0.9754  1.8142  8.8159
  4.5333  3.5529  0.9787  0.4081 31.7192
  5.7374  3.2743  0.9899  2.2744 28.7496
  4.9602  2.7032  0.9888  1.7908 22.7880
  5.1074  2.8835  0.9804  2.3983 24.6502
  4.5979  3.0776  0.9678  0.2356 26.6753
  5.8025  1.8218  0.9825  1.0351 14.0276
  4.6236  3.9891  0.9743  0.7825 36.4378
  5.0173  2.5277  0.9669  1.7498 20.9956
  4.9574  1.7191  0.9917  1.1551 13.0534
  5.5083  2.9062  0.9858  1.0104 24.8861
  6.3411  4.2029  0.9762  1.7135 38.7782
  5.0303  2.2646  0.9821  2.4307 18.3491
  3.5782  1.3017  0.9915  2.2649  9.2302
  5.1571  4.2209  0.9936  2.0034 38.9760
  5.1822  0.7298  0.9698  0.7333  4.4868
  4.8721  1.7354  0.9902  0.6666 13.2075
  5.1849  1.9840  0.9839  1.2085 15.5894
  5.1110  3.8415  0.9976  2.8403 34.8324
  5.4114  3.6594  0.9778  1.5690 32.8638
  5.4018  2.4770  0.9891  2.2877 20.4813
  5.2084  1.4849  0.9719  1.1714 10.8782
  4.4128  4.1226  0.9769  0.8804 37.8965
  5.4473  1.7466  0.9828  2.1238 13.3131
  6.1831  1.9148  0.9778  1.8588 14.9197
  3.9523  1.2091  0.9668  2.8618  8.4165
  6.6575  3.7136  0.6457  1.5765 33.4488
  4.9847  1.9429  0.9828  2.0974 15.1911
  5.0399  0.9054  0.9721  0.7921  5.8648
  4.6063  3.2994  0.9845  2.0310 29.0152
  6.0480  3.6710  0.9681  1.0743 32.9891
  4.6695  3.7835  0.9884  0.5528 34.2038
  5.3136  2.6908  0.9749  2.0633 22.6607
  4.4635  1.5435  0.9683  0.5936 11.4160
  4.8802  2.3479  0.9690  1.1809 19.1814
  4.7603  3.0885  0.9756  0.6507 26.7903
  4.6011  3.0509  0.9847  1.7280 26.3958
  5.5911  2.4814  0.9892  1.8755 20.5258
  5.3639  2.4439  0.9737  1.5050 20.1473
  5.3513  3.1939  0.9826  1.6140 27.8992
  3.6670  2.1847  0.9696  1.2850 17.5571
  3.6005  0.8190  0.9918  1.4722  5.1767
  4.0431  1.8023  0.9853  1.9751 13.8422
  4.1783  3.5853  0.9814  1.0052 32.0671
  3.9399  1.9122  0.9793  0.3168 14.8955
  5.1260  1.8404  0.9931  0.8418 14.2056
  4.9080  2.3945  0.9836  1.0899 19.6491
  4.8997  1.9680  0.9888  0.8899 15.4345
  4.0508  3.9463  0.9818  1.1017 35.9712
  4.9697  3.1364  0.9932  0.4585 27.2931
  5.3427  2.5895  0.9907  0.2320 21.6243
  6.5175  2.6882  0.9294  1.2013 22.6343
  4.9918  3.9320  0.9840  0.4986 35.8154
  5.0009  4.0786  0.9976  1.3213 37.4157
  4.3088  0.6440  0.9980  1.8995  3.8455
  4.8211  0.8143  0.9772  1.7874  5.1392
  4.2695  3.9619  0.9823  1.4729 36.1414
  6.2584  3.1272  0.9759  1.4862 27.1963
  5.2006  2.9257  0.9879  0.5181 25.0884
  3.7575  3.0306  0.9760  1.5507 26.1829
  5.0771  3.6549  0.9973  0.9743 32.8155
  5.4756  1.5475  0.9778  0.7022 11.4534
  4.9256  2.3849  0.9839  0.3468 19.5526
  5.0233  1.7470  0.9966  2.5353 13.3166
  5.5332  2.4374  0.9788  1.2116 20.0818
  5.3754  2.5923  0.9847  0.0977 21.6525
  5.2069  1.3816  0.9691  2.4914  9.9426
  5.2576  1.4927  0.9753  1.9007 10.9496
  4.4597  0.9696  0.9879  0.6005  6.3878
  5.2679  4.4295  0.9810  1.0431 41.2763
  4.5580  1.5064  0.9758  2.2869 11.0756
  5.5771  1.9790  0.9700  1.7252 15.5411
  5.1238  3.8140  0.9980  0.9208 34.5346
  4.8625  2.3726  0.9762  1.6980 19.4295
  5.1170  3.9206  0.9930  0.2862 35.6917
  5.2797  0.7019  0.9926  0.4424  4.2759
  5.3429  4.2026  0.9833  0.6814 38.7746
  5.4274  1.1762  0.9931  2.8953  8.1316
  4.3915  3.5095  0.9864  0.2089 31.2539
  5.3985  2.1982  0.9697  2.3314 17.6908
  4.7836  1.1877  0.9689  2.3806  8.2305
  5.1905  1.5678  0.9712  0.3209 11.6407
  6.2729  2.3932  0.9980  1.5749 19.6366
  3.5607  3.5684  0.9941  1.2080 31.8855
  4.6730  3.9632  0.9906  2.1220 36.1555
  6.4775  2.3901  0.8046  0.8736 19.6050
  5.2199  1.4936  0.9792  1.0970 10.9579
  6.0385  1.3664  0.9735  0.9700  9.8064
  4.5982  0.5052  0.9887  0.9016  2.8596
  5.5555  2.4400  0.9687  1.5094 20.1081
  6.3059  3.0079  0.9910  2.0831 25.9456
  5.0397  1.6378  0.9918  0.9395 12.2908
  5.4085  4.1969  0.9828  1.5741 38.7122
  4.4006  0.8560  0.9825  1.0722  5.4691
  5.1217  1.7956  0.9980  1.9508 13.7779
  4.2363  1.8389  0.9733  1.0760 14.1913
  4.8907  4.2803  0.9770  0.7867 39.6292
  5.5829  3.8273  0.9952  1.6062 34.6784
  4.4645  1.1782  0.9895  1.1775  8.1487
  6.0155  4.4046  0.9876  1.4177 41.0006
  5.4944  2.3591  0.9980  1.5176 19.2935
  3.5411  1.7322  0.9736  0.3718 13.1772
  4.4165  2.7437  0.9722  1.6228 23.2041
  4.6206  4.4263  0.9966  1.5601 41.2404
  4.8092  3.1294  0.9697  1.6081 27.2204
  6.6484  3.0939  0.6996  1.8264 26.8468
  4.8463  2.0071  0.9925  0.8198 15.8143
  5.1468  2.6919  0.9843  1.9156 22.6719
  5.0859  1.8181  0.9741  0.8367 13.9928
  6.2517  1.5742  0.9827  1.3972 11.6997
  6.6178  1.4110  0.8938  2.2883 10.2077
  4.6353  1.0151  0.9787  0.9427  6.7645
  4.4421  0.8103  0.9690  2.1214  5.1079
  5.2649  2.0320  0.9755  0.5638 16.0565
  5.4258  4.1257  0.9831  0.7170 37.9312
  3.6099  3.1270  0.9855  1.6697 27.1949
  4.9128  3.7034  0.9817  0.2419 33.3385
  5.2032  1.6761  0.9868  1.7483 12.6496
  5.2949  1.8395  0.9740  1.9813 14.1973
  5.0286  1.9256  0.9928  1.9089 15.0240
  5.1354  1.6847  0.9879  2.1420 12.7294
  4.5409  2.6795  0.9980  1.1635 22.5448
  4.2398  4.1309  0.9834  0.4032 37.9884
  5.2089  4.4577  0.9692  0.5682 41.5886
  4.8964  2.9313  0.9923  0.5135 25.1469
  5.3862  1.5676  0.9701  0.9449 11.6388
  4.9502  2.0388  0.9867  0.8358 16.1230
  5.2015  2.2809  0.9796  1.3911 18.5123
  5.3804  2.8068  0.9790  0.5762 23.8552
  5.9079  3.3160  0.9789  0.4208 29.1919
  5.6780  3.6494  0.9699  0.9248 32.7564
  3.5791  4.4258  0.9743  0.1661 41.2347
  4.5092  1.2944  0.9835  2.6084  9.1650
  3.7023  3.6951  0.9923  0.7935 33.2492
  5.0091  2.3065  0.9757  1.2783 18.7673
  6.3282  2.9410  0.9919  0.4562 25.2482
  5.2447  1.0344  0.9929  2.0637  6.9250
  4.9605  2.3532  0.9733  0.3333 19.2344
  5.1433  1.3622  0.9770  1.0792  9.7691
  5.1579  2.4658  0.9914  0.8955 20.3683
  5.0620  2.6965  0.9731  1.6449 22.7190
  3.8694  1.5398  0.9670  2.4803 11.3825
  5.0329  3.1012  0.9843  0.9112 26.9232
  5.6491  1.2929  0.9910  0.2974  9.1516
  5.0432  1.8041  0.9793  1.3446 13.8596
  5.6635  4.4731  0.9763  1.1671 41.7588
  5.9174  1.4355  0.9750  1.5120 10.4288
  6.9900  3.0026  0.3663  1.6663 25.8900
  5.1845  2.2255  0.9778  2.2787 17.9606
  5.2734  3.7837  0.9676  1.2559 34.2057
  6.2240  1.0599  0.9974  0.7163  7.1393
  6.2802  1.6905  0.9738  1.4535 12.7841
  5.0319  3.1147  0.9772  2.7096 27.0658
  5.1674  2.6861  0.9980  1.3396 22.6127
  5.1030  3.4290  0.9734  1.3925 30.3945
  5.3805  1.0150  0.9869  1.2764  6.7634
  5.9765  2.3627  0.9905  2.1612 19.3298
  5.1283  1.2543  0.9863  2.2768  8.8122
  4.8727  0.6643  0.9721  2.5015  3.9950
  5.0490  1.0236  0.9776  0.5148  6.8352
  4.9021  4.3630  0.9815  2.7936 40.5416
  5.5755  3.3380  0.9816  0.5198 29.4248
  5.4847  2.5190  0.9830  1.0490 20.9076
  4.1551  4.1572  0.9705  0.5671 38.2765
