  5.3718  1.5930  0.9923  1.5918 11.8735
  4.8844  1.9254  0.9711  1.8718 15.0226
  5.6201  2.6123  0.9703  1.3859 21.8568
  5.2927  2.8389  0.9941  1.7076 24.1872
  4.9087  2.3079  0.9913  2.3006 18.7811
  3.5745  4.9375  0.9830  0.7822 46.9369
  5.0752  1.9778  0.9747  1.0573 15.5295
  4.8118  3.0660  0.9886  1.9934 26.5536
  5.7115  3.9921  0.9897  1.6807 36.4700
  5.1680  2.7633  0.9817  1.1424 23.4065
  4.9104  3.3298  0.9980  1.1390 29.3384
  5.8960  3.2217  0.9893  0.7632 28.1925
  5.7665  2.0917  0.9695  1.8037 16.6409
  6.0327  2.7992  0.9670  1.7204 23.7774
  3.5715  4.8768  0.9767  1.3758 46.2568
  4.4511  4.6687  0.9671  0.9201 43.9321
  5.4241  2.3894  0.9980  0.6404 19.5978
  4.5445  1.0103  0.9758  0.8571  6.7244
  5.4290  2.6653  0.9882  0.6988 22.3989
  4.3532  1.2967  0.9686  2.1565  9.1852
  5.2624  1.1137  0.9674  1.2364  7.5947
  4.0477  4.6369  0.9807  1.7286 43.5771
  5.8877  4.6892  0.9954  1.1622 44.1604
  4.9219  2.3541  0.9924  2.5411 19.2441
  5.3148  3.1449  0.9955  0.5700 27.3835
  3.9954  1.6795  0.9924  0.8537 12.6809
  6.5235  4.3188  0.9980  1.5092 40.0533
  4.0167  2.3627  0.9889  1.3325 19.3305
  5.7544  2.6541  0.9749  0.4147 22.2847
  4.1304  2.9185  0.9886  1.5115 25.0132
  4.8548  2.8685  0.9871  2.4631 24.4941
  4.3061  3.3554  0.9928  0.8671 29.6106
  4.2144  2.8260  0.9809  0.7430 24.0536
  5.4946  3.2117  0.9956  1.5837 28.0870
  6.4517  1.4500  0.8933  1.0540 10.5603
  4.5028  3.7418  0.9743  0.5297 33.7525
  5.0416  1.7497  0.9895  0.5339 13.3426
  4.6555  3.9606  0.9809  0.6011 36.1271
  5.4632  1.9527  0.9980  0.1074 15.2867
  5.2455  2.0968  0.9980  0.7247 16.6905
  4.2051  4.2402  0.9803  1.7475 39.1875
  4.9450  1.9646  0.9832  2.0494 15.4018
  5.2530  0.9689  0.9764  2.5135  6.3822
  4.2442  0.8487  0.9870  1.7422  5.4110
  5.2796  3.1168  0.9771  2.0974 27.0871
  5.0763  5.3213  0.9900  1.7641 51.2645
  6.2916  2.7540  0.9853  1.8991 23.3110
  5.1864  2.3291  0.9871  2.4437 18.9935
  3.6575  1.9274  0.9805  1.7143 15.0413
  4.7695  2.6689  0.9814  2.8832 22.4359
  5.0402  4.1313  0.9841  2.7639 37.9926
  4.7313  3.0533  0.9819  1.7326 26.4213
  5.1660  1.2788  0.9902  0.8873  9.0272
  5.8766  4.0295  0.9934  2.4253 36.8784
  5.0846  2.6516  0.9825  1.1387 22.2590
  5.2896  3.3715  0.9781  0.7473 29.7813
  5.4383  1.8372  0.9725  2.7388 14.1747
  5.9815  4.4995  0.9803  1.2549 42.0512
  5.4158  2.1101  0.9946  2.2014 16.8217
  5.2427  3.4166  0.9720  1.7344 30.2621
  4.4132  1.4813  0.9916  1.8714 10.8460
  5.3189  0.7248  0.9980  1.6840  4.4486
  5.2742  1.2464  0.9908  0.4448  8.7425
  5.0882  3.7412  0.9784  1.3360 33.7468
  6.1824  4.2930  0.9829  1.8982 39.7688
  5.7891  3.0540  0.9779  1.8173 26.4282
  5.6553  0.7559  0.9713  0.8346  4.6860
  5.2588  3.1764  0.9757  2.7898 27.7146
  5.2453  1.0887  0.9966  1.4483  7.3824
  5.4502  2.1310  0.9671  1.0330 17.0265
  5.1026  3.7921  0.9953  0.2284 34.2969
  3.9284  3.1113  0.9845  2.3160 27.0299
  5.2259  3.1799  0.9784  1.9294 27.7514
  5.0408  1.9072  0.9678  1.4731 14.8466
  4.8356  1.6947  0.9880  1.4070 12.8237
  5.3770  3.1951  0.9855  1.5264 27.9118
  5.8294  0.5671  0.9797  1.4729  3.2912
  5.0077  1.1459  0.9864  2.0249  7.8702
  4.9448  4.4293  0.9927  0.3318 41.2736
  5.3541  1.4293  0.9966  0.1343 10.3731
  5.4884  1.9014  0.9794  0.3783 14.7907
  5.5157  2.8889  0.9880  0.1143 24.7063
  6.0211  1.5096  0.9941  3.0331 11.1048
  5.4987  1.9788  0.9728  0.6550 15.5390
  5.3745  4.1708  0.9928  2.3683 38.4254
  5.0395  2.4241  0.9793  0.8600 19.9474
  5.1008  0.8968  0.9753  2.4565  5.7957
  5.2532  3.5220  0.9680  2.0667 31.3882
  5.0167  3.9559  0.9929  1.0016 36.0754
  5.5635  1.4284  0.9869  1.1006 10.3647
  5.0200  0.7747  0.9908  1.9263  4.8315
  3.7297  6.1967  0.9700  2.2725 61.2746
  5.6294  2.3176  0.9711  1.1263 18.8782
  5.4832  1.8595  0.9803  1.5191 14.3881
  5.0229  2.9591  0.9683  1.0954 25.4366
  5.5905  2.7614  0.9701  2.4610 23.3867
  4.0605  2.1111  0.9980  0.0926 16.8309
  4.7524  2.7179  0.9829  2.1178 22.9388
  5.7899  1.0723  0.9892  0.1616  7.2433
  5.5976  2.6889  0.9980  1.0679 22.6409
  4.4221  3.8864  0.9937  0.4652 35.3200
  5.0487  2.9869  0.9935  1.5721 25.7270
  5.0818  0.2667  0.9686  0.5751  1.3459
  4.6834  3.6524  0.9872  0.2335 32.7890
  6.8903  3.2533  0.6879  1.1471 28.5276
  4.6045  6.1684  0.9889  1.6275 60.9485
  5.5948  4.4952  0.9966  2.0861 42.0033
  4.2251  5.6459  0.9889  0.6194 54.9557
  4.6850  2.2421  0.9912  1.6927 18.1261
  4.7856  3.3886  0.9923  0.2137 29.9633
  5.4854  1.4975  0.9805  1.8304 10.9942
  4.8658  1.3137  0.9862  0.2648  9.3364
  6.4322  3.0403  0.9391  0.7019 26.2852
  5.7499  3.8018  0.9841  1.8646 34.4019
  6.5697  4.8139  0.7158  1.3957 45.5530
  4.6059  3.6462  0.9719  0.6723 32.7221
  4.2840  0.3828  0.9890  0.5000  2.0516
  5.0607  1.9053  0.9746  1.4314 14.8284
  5.3821  3.7277  0.9848  1.1383 33.6006
  5.2997  1.0921  0.9980  0.8489  7.4116
  3.7240  3.4928  0.9712  0.6645 31.0756
  3.6424  5.2560  0.9881  1.9742 50.5254
  4.7256  3.2313  0.9691  1.0106 28.2942
  5.2974  2.0251  0.9822  1.9163 15.9895
  5.6430  3.2405  0.9875  0.8362 28.3918
  4.8546  2.8778  0.9960  0.6586 24.5908
  6.0111  2.0278  0.9922  1.7446 16.0156
  4.8112  2.5917  0.9920  1.6229 21.6469
  4.4073  5.5964  0.9812  0.7774 54.3909
  6.5872  3.5307  0.7416  0.8355 31.4814
  5.2325  6.0287  0.9847  0.5409 59.3397
  4.9631  2.7149  0.9877  1.4353 22.9079
  5.3695  1.6622  0.9900  1.7834 12.5193
  3.5414  3.0137  0.9774  2.5364 26.0060
  5.1853  2.4099  0.9728  2.3297 19.8047
  4.8575  3.8268  0.9669  0.9493 34.6734
  5.1656  1.1479  0.9903  0.8080  7.8877
  5.3761  2.2971  0.9833  1.8943 18.6738
  4.6585  6.1268  0.9834  0.5994 60.4695
  6.2799  2.9663  0.9770  0.2663 25.5111
  4.9693  5.8291  0.9704  1.0279 57.0491
  5.1783  1.2264  0.9755  1.5890  8.5676
  5.0452  3.5277  0.9948  1.3387 31.4496
  5.6822  2.7173  0.9912  0.9825 22.9329
  5.4276  3.1733  0.9821  1.2121 27.6825
  5.4816  2.6692  0.9701  2.2582 22.4393
  5.3885  4.4024  0.9688  0.5917 40.9759
  4.9931  1.0093  0.9944  0.2633  6.7159
  4.2832  3.1833  0.9980  0.8613 27.7875
  5.5700  2.5162  0.9836  1.1552 20.8792
  5.1332  5.8829  0.9980  0.6168 57.6662
  4.7349  4.3046  0.9874  0.5329 39.8965
  5.9452  1.2350  0.9774  0.8110  8.6423
  5.1111  1.3727  0.9771  2.1119  9.8624
  5.2090  1.6810  0.9685  0.8656 12.6950
  5.7189  2.0997  0.9906  1.6011 16.7195
  5.2675  4.6315  0.9741  2.8726 43.5175
  5.1844  1.2450  0.9742  0.4155  8.7301
  4.7393  2.9188  0.9915  1.8485 25.0166
  5.2203  3.9641  0.9721  0.6361 36.1658
  4.0082  0.9123  0.9792  1.4963  5.9202
  6.7266  2.0993  0.6102  0.8731 16.7155
  4.8737  6.1432  0.9980  2.7704 60.6586
  4.9218  3.3356  0.9980  0.8629 29.4001
  5.3186  2.4267  0.9696  0.5136 19.9739
  5.1312  1.9701  0.9885  1.0699 15.4551
  5.0718  3.1388  0.9932  0.8773 27.3190
  5.5383  3.5224  0.9940  1.3410 31.3927
  5.1467  1.3521  0.9980  2.0277  9.6786
  5.1817  4.8697  0.9762  1.4324 46.1771
  5.3420  1.7035  0.9937  1.5308 12.9066
  4.9952  1.1065  0.9778  0.6977  7.5332
  5.0585  3.4614  0.9868  0.5680 30.7403
  4.1459  6.1243  0.9925  0.4067 60.4408
  4.7135  2.1783  0.9907  1.3341 17.4935
  4.9192  2.6826  0.9713  2.3662 22.5761
  6.9055  1.4997  0.5424  1.0904 11.0140
  5.2182  1.1439  0.9815  0.5636  7.8535
  4.5448  2.9019  0.9953  0.7114 24.8410
  6.2056  4.1371  0.9718  0.5798 38.0561
  5.2424  2.8182  0.9965  0.2582 23.9733
  4.6973  2.4105  0.9696  0.4695 19.8108
  4.8808  2.2375  0.9896  1.7433 18.0805
  5.5393  5.8602  0.9737  1.1860 57.4055
  5.4451  3.3303  0.9980  0.7187 29.3431
  4.9844  2.7387  0.9928  1.2365 23.1529
  3.7456  2.1223  0.9829  1.4677 16.9415
  4.4986  1.2128  0.9801  1.1260  8.4492
  5.2748  1.7103  0.9978  1.4874 12.9702
  5.0608  4.0771  0.9919  2.4026 37.3986
  5.5416  4.0755  0.9670  1.2011 37.3817
  5.2199  1.5497  0.9814  0.8935 11.4733
  4.0044  0.4499  0.9821  1.3003  2.4873
  4.9515  4.0895  0.9805  0.4654 37.5347
  5.6225  4.7005  0.9831  1.7260 44.2858
  4.9974  3.2278  0.9980  1.2471 28.2574
  5.5302  1.5161  0.9889  0.7654 11.1639
  3.9239  4.3725  0.9952  2.0366 40.6460
  5.1686  1.0474  0.9939  0.7012  7.0341
  4.6170  2.3860  0.9902  1.1580 19.5644
  4.9958  3.8071  0.9889  2.1366 34.4598
  5.8685  2.4505  0.9808  1.6703 20.2138
  5.2886  2.1348  0.9885  2.0556 17.0646
  4.8183  4.5003  0.9809  0.8770 42.0601
  3.6908  0.5552  0.9979  2.5200  3.2068
  4.6685  2.2812  0.9827  0.6862 18.5154
  4.9215  1.4985  0.9781  0.5862 11.0030
  4.6947  4.8226  0.9889  1.7078 45.6504
  5.5822  1.7970  0.9801  1.3387 13.7915
  5.0901  3.4204  0.9862  2.3681 30.3020
  5.1107  1.9228  0.9980  0.9476 14.9972
  5.6106  1.5361  0.9966  0.7656 11.3482
  5.4136  2.4302  0.9737  2.2992 20.0089
  5.3978  2.9928  0.9937  1.4671 25.7877
  5.0797  2.1701  0.9980  0.8649 17.4126
  4.6745  3.9264  0.9669  1.8403 35.7549
  6.2936  1.9249  0.9940  1.2456 15.0177
  5.8205  2.4781  0.9893  1.4179 20.4930
  5.2703  4.9048  0.9861  2.5690 46.5707
  5.9165  1.1568  0.9927  0.0992  7.9641
  4.7762  3.7548  0.9770  0.4506 33.8936
  5.1304  2.4816  0.9674  0.3643 20.5284
  4.6237  4.6358  0.9720  0.8179 43.5659
  5.0248  2.8273  0.9924  2.3880 24.0677
  3.8568  4.6577  0.9806  1.7900 43.8090
  5.2219  2.7544  0.9977  1.3388 23.3146
  4.6951  4.2615  0.9924  1.6939 39.4218
  5.1863  2.0600  0.9873  0.3601 16.3304
  4.6385  3.6148  0.9865  1.8216 32.3842
  4.6117  2.3219  0.9956  1.4707 18.9211
  5.8496  4.0953  0.9857  1.8439 37.5982
  4.8824  5.5416  0.9674  1.1218 53.7667
  5.6603  4.8226  0.9704  0.5004 45.6496
  5.7410  4.5598  0.9936  1.7027 42.7199
  4.9818  1.8294  0.9967  2.7716 14.1008
  4.8910  5.0400  0.9922  0.6717 48.0892
  3.8420  0.7197  0.9737  1.0789  4.4102
  5.6179  3.2470  0.9738  1.0442 28.4604
  4.7361  1.8711  0.9738  0.7566 14.5001
  5.4282  4.4680  0.9900  0.4049 41.7019
  4.8546  5.1675  0.9758  1.0044 49.5253
  5.0338  2.6692  0.9797  1.6246 22.4394
  3.8547  3.4339  0.9702  2.6914 30.4460
  5.1175  0.6499  0.9721  0.7554  3.8886
  5.8068  5.9446  0.9797  0.6277 58.3742
  5.5398  1.2291  0.9845  2.4454  8.5907
  5.0367  2.2359  0.9710  2.5463 18.0638
  6.3861  1.6450  0.9978  0.6468 12.3580
  5.6477  3.7909  0.9935  2.3724 34.2838
  5.9313  0.9714  0.9980  1.2129  6.4027
  3.9715  0.9916  0.9775  1.6922  6.5688
  5.8826  3.8079  0.9804  2.9965 34.4685
  5.7190  1.8852  0.9743  0.6706 14.6354
  3.8677  5.6838  0.9971  0.2199 55.3881
  5.3527  1.1821  0.9746  2.7684  8.1822
  5.1222  1.6887  0.9825  0.8817 12.7676
  5.3714  0.6401  0.9949  0.8773  3.8172
  5.0105  4.8172  0.9862  0.7632 45.5899
  6.6581  2.6720  0.5454  0.8924 22.4683
  5.5056  2.9471  0.9718  0.3549 25.3113
  4.2807  0.3408  0.9978  1.6336  1.7891
  5.5899  0.9093  0.9832  0.7785  5.8960
  4.8058  3.1582  0.9834  1.5531 27.5233
  5.1671  3.0679  0.9814  1.5638 26.5739
  4.9053  4.4032  0.9800  1.0689 40.9851
  5.2365  3.8616  0.9729  1.0734 35.0507
  4.9990  4.3195  0.9739  1.2605 40.0610
  5.7542  2.1522  0.9978  1.4341 17.2361
  4.7749  4.3280  0.9705  1.4005 40.1550
  3.8376  4.8355  0.9968  2.0229 45.7946
  5.6285  4.5837  0.9717  0.8149 42.9862
  3.5033  0.8039  0.9900  1.7169  5.0583
  4.8111  3.0486  0.9897  0.9294 26.3714
  5.1649  2.6785  0.9694  2.0786 22.5347
  5.9484  3.3185  0.9923  0.4938 29.2182
  4.6541  1.1244  0.9866  2.3162  7.6858
  5.1507  5.3713  0.9927  0.8326 51.8314
  6.3994  2.4860  0.9768  0.6361 20.5727
  5.4032  2.4574  0.9749  2.0250 20.2835
  5.4556  0.4970  0.9693  1.5516  2.8037
  5.2261  2.7457  0.9671  0.6008 23.2253
  4.8134  1.3395  0.9834  1.3990  9.5659
  4.9940  2.1527  0.9816  1.4889 17.2409
  5.1569  5.4359  0.9980  1.5256 52.5651
  5.4301  3.7863  0.9980  2.4369 34.2338
  4.0539  5.6107  0.9980  0.6287 54.5536
  5.7368  3.7045  0.9667  1.4334 33.3507
  5.1840  0.6765  0.9936  1.6706  4.0855
  3.8676  4.4616  0.9878  1.8818 41.6316
  5.3166  4.0899  0.9802  2.5387 37.5390
  5.9090  3.1138  0.9882  2.6119 27.0561
  5.3548  2.2082  0.9733  0.8345 17.7892
  5.0594  2.5193  0.9961  0.6854 20.9106
  5.0462  3.3353  0.9814  0.7778 29.3960
  5.7163  1.0783  0.9698  1.2153  7.2943
  5.4982  2.7488  0.9742  1.1234 23.2574
  5.7549  4.3377  0.9735  0.8247 40.2614
  4.5023  1.3172  0.9810  0.6084  9.3670
  5.3055  3.3703  0.9955  1.5071 29.7691
  3.7127  2.1599  0.9837  0.6939 17.3120
  4.9002  1.1606  0.9796  0.9739  7.9967
  5.1196  5.4585  0.9897  1.5127 52.8214
  5.5673  3.6157  0.9698  0.8004 32.3941
  5.8413  0.6847  0.9873  1.5484  4.1471
  5.4973  1.9646  0.9864  1.8430 15.4014
  5.2857  2.9403  0.9708  1.3207 25.2405
  5.1124  4.1466  0.9893  1.9431 38.1605
  4.4173  5.7025  0.9702  1.1689 55.6010
  5.0229  3.0093  0.9713  0.9546 25.9605
  3.7687  4.4151  0.9808  2.6784 41.1172
  3.8368  1.9812  0.9964  2.7887 15.5620
  5.2509  2.4306  0.9839  0.5090 20.0129
  6.0251  0.1689  0.9710  0.4380  0.8047
  5.2396  1.9150  0.9833  1.6276 14.9225
  5.2477  5.6053  0.9678  0.5286 54.4917
  3.8679  4.5951  0.9933  0.9324 43.1122
  5.2730  1.1486  0.9754  1.0842  7.8936
  5.5574  2.6400  0.9805  2.0427 22.1402
  5.1589  2.4526  0.9980  2.2716 20.2346
  4.7709  2.9060  0.9733  1.6955 24.8835
  4.6848  4.1162  0.9739  1.5482 37.8273
  4.5268  2.1155  0.9948  0.3006 16.8748
  5.0245  2.1289  0.9846  2.4674 17.0060
  5.5552  4.9159  0.9809  1.2327 46.6949
  5.0783  0.8462  0.9858  1.1966  5.3907
  5.4776  2.8256  0.9940  1.3392 24.0501
  6.7500  2.9201  0.5930  1.2237 25.0304
  3.9248  1.4200  0.9866  0.6357 10.2887
  4.5571  4.3849  0.9734  1.8288 40.7834
  5.0746  5.4892  0.9917  0.5344 53.1700
  5.3507  1.7914  0.9744  1.2684 13.7379
  6.2679  2.2614  0.9980  1.8231 18.3181
  5.7026  4.6337  0.9836  0.6784 43.5424
  5.1315  4.0764  0.9898  1.2264 37.3908
  4.0024  1.2314  0.9979  1.7089  8.6112
  4.2409  1.6298  0.9980  0.6516 12.2160
  5.3126  0.9293  0.9673  1.4187  6.0586
  3.9046  5.9684  0.9835  2.0179 58.6467
  4.4668  2.5464  0.9688  2.7436 21.1861
  5.1772  4.3128  0.9684  2.9001 39.9876
  4.4425  1.0653  0.9980  2.1161  7.1844
  5.3885  2.3047  0.9683  1.9217 18.7499
  5.2873  1.6132  0.9937  0.8938 12.0614
  4.7431  3.4966  0.9685  1.1879 31.1162
  5.1967  2.5686  0.9716  1.6779 21.4118
  4.2538  1.2464  0.9969  1.4351  8.7426
  6.1844  1.1694  0.9848  1.3866  8.0725
  5.5098  0.9387  0.9951  1.5969  6.1349
  4.8840  4.8464  0.9781  0.7478 45.9166
  4.8488  4.0577  0.9957  1.2083 37.1870
  5.6951  1.4973  0.9742  1.6623 10.9918
  5.5220  5.3492  0.9826  1.5292 51.5811
  5.4454  2.4185  0.9880  0.4347 19.8915
  4.9747  2.1168  0.9737  1.3595 16.8872
  6.0170  1.9088  0.9928  2.6988 14.8622
  5.1628  4.0246  0.9826  2.2843 36.8248
  5.3422  2.6024  0.9938  1.3030 21.7559
  6.9158  2.1567  0.6192  2.2758 17.2806
  4.8903  4.2444  0.9858  0.4189 39.2342
  4.3049  3.1932  0.9821  0.4213 27.8918
  5.4018  0.6528  0.9822  2.4446  3.9103
  5.4199  2.2794  0.9726  0.5809 18.4965
  4.9174  5.3849  0.9757  0.6980 51.9857
  5.7146  3.3656  0.9955  2.1303 29.7185
  5.4086  3.5591  0.9977  0.4396 31.7861
  5.3168  0.4905  0.9900  0.7819  2.7595
  4.8741  1.4069  0.9935  0.3460 10.1709
  5.2335  1.5165  0.9750  0.0852 11.1679
  5.6663  2.6232  0.9706  2.7912 21.9681
  4.7390  3.9216  0.9968  0.8251 35.7029
  5.4595  3.8402  0.9892  1.2636 34.8187
  5.2953  2.6960  0.9826  2.2963 22.7136
  5.4801  2.4746  0.9908  0.6570 20.4570
  4.1473  4.6466  0.9980  1.0492 43.6854
  5.0590  3.1386  0.9826  1.9994 27.3164
  5.0052  1.4934  0.9794  0.6592 10.9563
  5.2990  4.7445  0.9972  1.6368 44.7776
  5.2909  1.6422  0.9762  0.8424 12.3319
  5.4031  1.4536  0.9980  1.4158 10.5931
  5.1388  2.7954  0.9695  1.4951 23.7377
  4.3363  2.8463  0.9947  1.2614 24.2645
  5.1625  5.8460  0.9851  2.6978 57.2431
  5.3840  1.7382  0.9725  1.3753 13.2342
  5.5438  3.6857  0.9935  1.1940 33.1474
  4.7707  1.3834  0.9854  2.1146  9.9593
  5.4334  5.6017  0.9943  0.4294 54.4506
  4.0422  6.4237  0.9826  0.1467 63.8994
  5.4716  1.1223  0.9896  1.1453  7.6679
  5.5258  1.1849  0.9933  0.5475  8.2069
  5.7178  4.0024  0.9980  1.0359 36.5832
  6.0159  3.2606  0.9797  0.3062 28.6047
  5.2024  1.7063  0.9980  1.3551 12.9326
  4.4885  1.5183  0.9677  2.2307 11.1847
  4.6664  2.0320  0.9939  1.2530 16.0564
  6.5002  4.4015  0.8339  1.8237 40.9666
  5.3953  0.3695  0.9815  1.4929  1.9679
  5.1805  3.2945  0.9819  1.0799 28.9638
  4.4631  3.8618  0.9927  0.8907 35.0529
  6.6541  2.8958  0.7452  1.9876 24.7775
  5.0115  3.8692  0.9724  0.0736 35.1331
  5.1858  1.4634  0.9804  1.1098 10.6829
  4.7189  1.8915  0.9980  1.1649 14.6957
  5.3488  2.5638  0.9724  1.0815 21.3626
  5.4117  4.3809  0.9817  2.7255 40.7382
  5.7629  2.8770  0.9892  1.8938 24.5820
  5.2978  4.7852  0.9881  1.5991 45.2317
  5.1537  4.8671  0.9832  1.3502 46.1485
  5.6646  4.7806  0.9820  1.6992 45.1799
  4.6549  1.6883  0.9785  0.8291 12.7632
  4.4898  1.0466  0.9813  0.8471  7.0277
  5.1877  2.4675  0.9776  1.8390 20.3859
  5.4416  1.8605  0.9980  1.0216 14.3986
  5.3562  3.1838  0.9840  0.3905 27.7929
  5.2147  3.4856  0.9791  2.6443 30.9989
  5.5370  2.0770  0.9836  0.4206 16.4967
  5.3233  4.8295  0.9977  0.5539 45.7268
  5.9559  3.3612  0.9786  2.4531 29.6720
  5.0485  4.5587  0.9808  2.8202 42.7077
  5.2672  4.8135  0.9980  0.8811 45.5482
  5.4680  2.6019  0.9842  1.2005 21.7508
  5.3043  3.6491  0.9941  1.4218 32.7533
  4.2159  3.7913  0.9667  1.8751 34.2889
  5.3165  3.3665  0.9822  1.4811 29.7287
  4.6595  4.4301  0.9825  1.0989 41.2830
  5.5166  1.5359  0.9720  1.2811 11.3459
  4.6433  3.0538  0.9827  0.2500 26.4258
  4.7209  1.5996  0.9926  1.9090 11.9356
  5.3635  1.2979  0.9962  1.3317  9.1963
  5.1998  3.0625  0.9779  0.3715 26.5179
  4.6776  3.6155  0.9955  1.2105 32.3915
  3.8723  4.4278  0.9729  0.7474 41.2573
  5.7738  4.3919  0.9830  1.4099 40.8605
  6.0474  1.4248  0.9980  0.9574 10.3320
  5.3305  1.2542  0.9805  1.6631  8.8112
  5.3557  4.4580  0.9685  1.4538 41.5911
  5.0628  4.1055  0.9812  0.5880 37.7097
  5.4349  1.0028  0.9853  2.4256  6.6619
  4.9123  3.1739  0.9830  1.1458 27.6884
  5.3483  1.8719  0.9744  1.4903 14.5078
  5.2929  3.1677  0.9960  1.8740 27.6231
  5.4304  4.7118  0.9803  0.2732 44.4124
  5.4940  3.8045  0.9846  1.5892 34.4313
  5.7528  3.2683  0.9929  1.1296 28.6857
  4.8458  5.6333  0.9694  2.3057 54.8113
  4.3833  3.9803  0.9939  0.8275 36.3423
  5.4073  4.5115  0.9980  2.5108 42.1838
  5.6482  0.7217  0.9831  0.5951  4.4250
  4.7453  1.0848  0.9887  0.5526  7.3493
  3.9209  3.8333  0.9739  1.1934 34.7433
  5.4067  2.4626  0.9711  2.4064 20.3358
  5.0378  2.9670  0.9681  1.4481 25.5193
  4.9546  2.7373  0.9704  0.5923 23.1381
  5.0371  2.4423  0.9823  0.3782 20.1309
  5.2681  1.4234  0.9964  1.6320 10.3199
  4.7715  2.8073  0.9980  1.4634 23.8608
  4.7658  5.3598  0.9747  3.0499 51.7016
  5.1691  3.1146  0.9978  0.6500 27.0647
  5.5587  2.6473  0.9758  1.7554 22.2147
  4.9564  1.3597  0.9776  1.1789  9.7460
  4.6117  1.9856  0.9953  0.4204 15.6048
  4.4713  5.3810  0.9824  0.8754 51.9413
  4.5510  4.1567  0.9808  1.5530 38.2705
  5.8618  1.6931  0.9980  0.9238 12.8084
  5.1885  0.7247  0.9672  1.4540  4.4479
  4.6155  2.3697  0.9895  0.7418 19.4003
  3.8791  3.2708  0.9932  1.7371 28.7122
  4.5992  2.2291  0.9865  1.3369 17.9968
  5.3672  4.9789  0.9933  1.0414 47.4024
  4.7038  4.1537  0.9925  1.3541 38.2374
  4.2701  2.3995  0.9843  1.3306 19.6995
  4.7951  2.4435  0.9784  2.5996 20.1427
  3.9801  6.0634  0.9980  0.7756 59.7390
  5.9467  2.0749  0.9889  1.0593 16.4758
  4.6593  2.9273  0.9764  1.3812 25.1051
  4.5524  6.1565  0.9716  1.9609 60.8115
  5.1906  1.6405  0.9949  1.5211 12.3159
  5.2273  3.6416  0.9917  1.3224 32.6725
  5.7120  1.4246  0.9703  1.5666 10.3304
  5.2048  3.6984  0.9947  0.5015 33.2840
  5.2437  4.5705  0.9745  2.6296 42.8392
  4.6916  4.0270  0.9914  1.1937 36.8515
  4.0371  0.4993  0.9980  0.4410  2.8194
  5.2398  0.7531  0.9682  1.8798  4.6651
  4.0465  0.5779  0.9871  0.2172  3.3679
  5.5292  4.9385  0.9947  1.2961 46.9490
  4.9149  0.9325  0.9980  0.7660  6.0842
  5.1986  3.8641  0.9727  1.6589 35.0772
  5.5272  5.2756  0.9977  1.2486 50.7475
  5.9264  4.5208  0.9877  2.1459 42.2873
  3.6942  3.4980  0.9786  1.3848 31.1316
  5.6703  1.8749  0.9866  1.0526 14.5359
  5.2954  2.0710  0.9821  1.3726 16.4376
  3.8153  5.9776  0.9980  0.5415 58.7531
  5.0620  5.3248  0.9796  1.4668 51.3047
  5.6016  4.1316  0.9748  1.1337 37.9959
  5.5460  1.3448  0.9901  0.2770  9.6127
  5.0811  3.4203  0.9672  0.9322 30.3015
  5.4356  3.1392  0.9847  0.3528 27.3230
  3.6341  5.0385  0.9896  1.1417 48.0720
  4.9199  4.0370  0.9866  1.1818 36.9602
  5.3833  1.1154  0.9775  0.7729  7.6095
  5.8419  3.6973  0.9920  2.3796 33.2727
  4.9088  2.3870  0.9860  2.1112 19.5742
  4.7906  1.4388  0.9783  1.9491 10.4591
  3.6876  6.2024  0.9693  1.0183 61.3413
  5.3646  3.5543  0.9731  2.0135 31.7341
  5.2294  0.7599  0.6121  0.5713  4.7169
  5.2451  3.9821  0.9699  1.9896 36.3612
  5.6238  2.3187  0.9980  1.2080 18.8895
  4.6325  4.4364  0.9867  0.4336 41.3527
  5.3043  2.6986  0.9938  1.6276 22.7411
  5.2684  2.8239  0.9884  1.4356 24.0323
  5.2942  1.6168  0.9980  1.2211 12.0948
  5.1209  2.1770  0.9771  1.1311 17.4810
  4.5391  1.3071  0.9950  1.0569  9.2781
  5.2984  2.5100  0.9849  1.5717 20.8160
  5.3725  0.8329  0.9801  2.8356  5.2856
  5.7980  1.0618  0.9811  1.3827  7.1553
  6.9785  4.9742  0.4821  2.6345 47.3496
  5.1714  0.5989  0.9926  1.2247  3.5178
  5.2135  1.7667  0.9670  1.7457 13.5036
  4.0682  2.1109  0.9771  1.8854 16.8293
  4.6379  3.4871  0.9858  0.8267 31.0142
  6.1214  1.8891  0.9899  1.6290 14.6724
  5.1744  3.1065  0.9962  1.1154 26.9795
  5.0434  4.9541  0.9962  1.3839 47.1231
  5.3315  3.1133  0.9686  0.3787 27.0503
  5.9054  2.6057  0.9837  2.0625 21.7894
  5.2274  2.0760  0.9897  0.9898 16.4871
  6.0542  6.0449  0.9731  0.7783 59.5265
  4.3998  2.3313  0.9867  1.1774 19.0155
  5.1856  2.2489  0.9769  0.8115 18.1936
  4.2510  4.1007  0.9868  1.4880 37.6568
  4.6860  6.2403  0.9889  2.1708 61.7780
  5.2057  2.8613  0.9862  1.5395 24.4193
  5.2191  1.5801  0.9767  0.1148 11.7541
  5.6533  6.0352  0.9969  1.6659 59.4148
  3.5360  2.3626  0.9860  0.6432 19.3290
  4.7116  4.7069  0.9980  0.4791 44.3571
  5.3243  4.4197  0.9895  1.1388 41.1676
  5.6737  4.2144  0.9910  1.6878 38.9038
  5.5631  2.0694  0.9940  0.8031 16.4223
  5.1241  2.6100  0.9947  1.8419 21.8334
  5.5793  1.4866  0.9921  0.6031 10.8940
  4.9564  5.2497  0.9815  0.8007 50.4550
  5.6527  1.1914  0.9775  1.7670  8.2629
  4.8644  4.0188  0.9800  1.5990 36.7620
  5.0909  5.1660  0.9730  1.2172 49.5086
  4.0156  1.6713  0.9683  0.4542 12.6046
  4.9001  1.7837  0.9829  0.3566 13.6653
  4.6755  3.7479  0.9876  2.8807 33.8188
  5.4468  3.2496  0.9956  1.7928 28.4878
  4.8604  1.9170  0.9879  1.2804 14.9412
  5.7828  3.1235  0.9867  1.7155 27.1577
  5.1567  3.1605  0.9750  0.6063 27.5469
  5.7617  3.1593  0.9980  1.1106 27.5344
  5.2260  1.3787  0.9955  2.1216  9.9169
  5.7328  2.9109  0.9744  2.4139 24.9346
  5.2538  2.9080  0.9704  1.3405 24.9049
  5.2903  2.9613  0.9978  1.5308 25.4595
  5.5038  4.7719  0.9896  2.1490 45.0828
  5.5627  2.2483  0.9680  0.6664 18.1875
  5.9708  2.0767  0.9917  1.2401 16.4933
  5.2595  3.9544  0.9816  0.3762 36.0600
  5.4587  3.2930  0.9796  2.6974 28.9476
  5.2187  2.1779  0.9976  2.8250 17.4890
  5.1385  2.7443  0.9817  2.0308 23.2104
  4.9219  5.8257  0.9842  1.3225 57.0108
  5.0734  2.8502  0.9693  1.4170 24.3042
  5.2580  2.4427  0.9932  1.6329 20.1348
  5.5192  3.8121  0.9931  1.7264 34.5137
  5.3029  1.2166  0.9796  1.6149  8.4816
  4.8538  2.1185  0.9911  0.5998 16.9042
  5.3852  4.4522  0.9837  1.7996 41.5272
  3.9323  4.2868  0.9823  2.6976 39.7004
  4.7821  3.3233  0.9882  1.9743 29.2696
  5.5390  1.7082  0.9688  1.7535 12.9507
  4.6886  2.5167  0.9862  0.5942 20.8841
  5.4078  2.2549  0.9858  1.6401 18.2526
  4.9044  4.3091  0.9975  2.1378 39.9467
  5.0602  2.5756  0.9802  1.1895 21.4831
  4.5441  3.6535  0.9685  0.5225 32.8009
  5.2557  3.7827  0.9933  1.9770 34.1950
  5.2949  4.5878  0.9979  0.5680 43.0318
  6.0713  2.3453  0.9925  1.5023 19.1552
  4.9488  2.6933  0.9691  0.6482 22.6859
  5.1884  2.3552  0.9756  2.6245 19.2547
  5.5105  4.6815  0.9924  1.4860 44.0742
  5.3499  0.9747  0.9765  0.4080  6.4295
  5.1739  2.8741  0.9835  1.5135 24.5527
  5.6725  2.3856  0.9920  0.9458 19.5597
  5.1025  2.7504  0.9814  2.0522 23.2735
  4.8824  1.6067  0.9928  1.6981 12.0007
  5.3399  3.5803  0.9752  2.6478 32.0137
  5.4023  2.9648  0.9730  0.8061 25.4961
  5.5426  3.0855  0.9980  1.6427 26.7589
  5.1544  2.6512  0.9936  0.9955 22.2544
  5.0368  1.4915  0.9815  2.3252 10.9393
  6.2042  2.0299  0.9803  0.6590 16.0360
  4.7397  3.4385  0.9886  1.0972 30.4950
  5.2439  3.9632  0.9785  1.8361 36.1553
  5.0778  0.9139  0.9977  0.7079  5.9336
  3.6711  3.1952  0.9816  0.2820 27.9135
  6.8664  2.3531  0.6496  1.2098 19.2333
  4.6780  2.5902  0.9893  0.9340 21.6317
  4.1714  1.9741  0.9701  0.8294 15.4931
  5.6896  1.0041  0.9903  1.5914  6.6728
  4.8057  0.7351  0.9785  1.1107  4.5270
  5.2742  0.6735  0.9748  2.8368  4.0632
  5.9292  3.1080  0.9774  1.6448 26.9952
  6.7666  2.5236  0.7359  2.1397 20.9538
  5.4236  4.3606  0.9971  0.6724 40.5148
  4.5857  4.3627  0.9875  1.1346 40.5374
  4.9972  5.2970  0.9848  2.1789 50.9899
  5.1563  2.2480  0.9723  1.7915 18.1845
  4.6320  3.5375  0.9921  2.1365 31.5546
  4.9596  2.0342  0.9891  1.9797 16.0786
  5.7164  4.1175  0.9701  1.3483 37.8411
  4.9514  2.3221  0.9839  1.3830 18.9235
  3.5618  6.0986  0.9892  0.8295 60.1447
  5.5079  0.9939  0.9968  2.8931  6.5879
  5.0762  6.1361  0.9856  1.2095 60.5767
