  5.1835  2.1946  0.9812  1.0498 17.6548
  4.7048  2.8871  0.9953  0.7129 24.6874
  3.6455  0.9322  0.9895  0.2528  6.0822
  4.6819  3.0774  0.9697  0.9219 26.6733
  6.0726  1.9307  0.9695  1.5233 15.0733
  5.6515  1.3438  0.9790  1.2604  9.6038
  4.7529  2.1700  0.9941  1.2857 17.4119
  5.5519  2.4976  0.9716  0.1932 20.6906
  5.2561  1.1555  0.9977  2.6294  7.9529
  5.7975  2.7384  0.9672  1.7315 23.1494
  5.6572  1.5408  0.9838  0.6896 11.3909
  4.2411  2.2298  0.9900  1.8574 18.0040
  5.4037  1.3344  0.9870  2.9252  9.5204
  5.2735  3.3813  0.9876  2.0612 29.8862
  5.3998  2.7082  0.9826  1.8385 22.8393
  4.8642  3.7731  0.9785  2.0613 34.0915
  4.3249  4.2467  0.9967  1.8876 39.2589
  5.2510  0.7468  0.9980  1.2566  4.6162
  5.4033  2.9075  0.9747  1.2779 24.8993
  6.0029  2.5890  0.9771  2.4361 21.6193
  5.0996  3.1388  0.9894  2.0067 27.3185
  5.5928  2.8180  0.9676  1.2487 23.9712
  6.0163  4.2826  0.9779  0.8242 39.6540
  5.0628  1.8555  0.9827  0.7615 14.3505
  5.0486  1.6910  0.9895  1.7240 12.7888
  4.9421  3.4837  0.9747  2.9048 30.9783
  5.2348  4.1875  0.9698  2.1443 38.6085
  5.4019  0.8536  0.9781  0.9488  5.4495
  5.9627  0.6001  0.9799  2.2781  3.5262
  6.2043  4.1434  0.9708  0.9324 38.1253
  6.1371  4.1070  0.9710  1.3181 37.7259
  5.1990  2.9746  0.9760  1.4049 25.5985
  5.4693  3.4775  0.9833  1.3685 30.9117
  6.4149  2.1019  0.9833  0.6640 16.7408
  4.7532  2.7521  0.9880  1.1694 23.2913
  5.3824  1.9693  0.9939  1.4064 15.4469
  4.7791  2.6760  0.9746  2.5922 22.5093
  5.6945  2.3753  0.9682  0.7983 19.4564
  5.0694  1.2798  0.9809  1.9429  9.0364
  4.8383  3.5571  0.9848  2.2554 31.7649
  5.0164  2.7623  0.9832  1.4655 23.3962
  3.7576  4.4489  0.9717  1.8800 41.4908
  5.8830  0.9559  0.9923  1.8678  6.2754
  5.2412  2.7611  0.9815  0.6802 23.3835
  4.3969  3.2373  0.9704  1.0081 28.3579
  4.7258  2.8352  0.9895  0.1834 24.1490
  5.1837  1.6117  0.9948  1.2975 12.0479
  4.6135  3.2779  0.9698  2.7369 28.7877
  5.0087  2.5310  0.9980  0.4065 21.0292
  5.3875  2.9655  0.9960  0.8186 25.5032
  4.6232  3.8884  0.9980  0.6847 35.3413
  3.9575  3.7907  0.9863  0.3296 34.2815
  5.1033  2.0742  0.9929  2.5533 16.4689
  4.6064  0.9852  0.9809  1.8151  6.5163
  4.7668  1.6893  0.9953  0.9117 12.7733
  5.1708  2.4054  0.9673  1.2660 19.7595
  5.7477  0.3208  0.9748  2.0356  1.6668
  5.6092  1.0083  0.9948  0.4240  6.7080
  6.1928  3.6914  0.9752  1.3135 33.2087
  5.3109  1.2803  0.9789  1.5948  9.0410
  5.3135  2.6525  0.9899  1.8170 22.2685
  4.4425  2.2862  0.9783  2.5675 18.5647
  4.6148  3.4287  0.9913  0.6394 30.3910
  3.8768  2.3749  0.9854  1.5195 19.4524
  5.8548  2.9027  0.9840  1.5027 24.8491
  4.9654  2.2758  0.9818  0.5749 18.4606
  6.8032  2.7726  0.5180  1.9631 23.5020
  4.8794  2.1417  0.9958  1.6050 17.1320
  5.2825  1.9233  0.9916  1.3294 15.0025
  5.1398  0.9828  0.9713  1.2888  6.4962
  6.5957  0.3230  0.7355  2.1182  1.6804
  5.0395  2.7348  0.9850  2.3528 23.1126
  4.4643  2.0713  0.9874  0.5607 16.4407
  4.7624  4.1927  0.9847  1.1279 38.6660
  5.0089  2.5634  0.9790  1.6303 21.3582
  5.0386  1.3229  0.9870  1.0252  9.4179
  6.0990  3.3318  0.9870  0.7873 29.3590
  4.1573  2.3225  0.9835  1.4827 18.9270
  5.1742  3.0593  0.9976  2.1062 26.4839
  5.7074  1.3873  0.9881  1.5160  9.9943
  5.0733  3.2237  0.9774  2.3048 28.2140
  4.6446  2.6349  0.9844  0.3521 22.0881
  5.1732  1.0312  0.9912  0.4910  6.8985
  4.7561  3.4475  0.9919  1.7712 30.5919
  5.2063  1.2514  0.9895  0.4818  8.7862
  5.0647  2.4889  0.9715  0.2950 20.6022
  5.1377  2.8257  0.9887  1.4134 24.0504
  5.7339  1.9842  0.9769  1.8291 15.5915
  6.7005  2.6813  0.5403  2.6734 22.5627
  5.7507  1.7440  0.9949  1.3101 13.2885
  5.6739  2.3845  0.9805  1.6643 19.5485
  3.6401  0.8931  0.9873  1.8794  5.7657
  4.2123  2.6786  0.9808  0.5463 22.5359
  6.2621  1.9576  0.9842  0.9963 15.3338
  5.1850  3.0626  0.9874  1.6851 26.5186
  4.6260  2.6243  0.9705  1.1129 21.9795
  5.3121  2.8689  0.9806  1.7988 24.4983
  5.3857  2.8559  0.9712  2.1693 24.3631
  6.8117  2.3951  0.5441  0.6618 19.6559
  6.1133  1.8332  0.9909  0.3897 14.1368
  5.2734  2.5573  0.9957  2.0924 21.2966
  5.3927  2.4299  0.9802  0.8225 20.0056
  5.5389  1.0536  0.9678  1.2519  7.0860
  4.1412  3.4799  0.9774  0.5034 30.9382
  5.2975  2.3397  0.9890  0.9704 19.0996
  5.7511  2.2463  0.9742  0.5536 18.1678
  6.6268  2.1791  0.7715  0.5044 17.5015
  4.3924  2.2556  0.9820  2.1076 18.2601
  5.3218  1.2164  0.9809  1.1706  8.4803
  4.8722  2.5436  0.9862  2.0533 21.1573
  3.8047  4.3309  0.9781  1.5925 40.1867
  4.9417  1.6781  0.9853  2.3500 12.6675
  5.5599  3.2005  0.9672  2.3383 27.9692
  4.6178  4.0822  0.9690  1.0559 37.4550
  5.2557  0.8808  0.9737  1.3366  5.6669
  5.4912  1.7225  0.9742  0.7239 13.0856
  5.8029  0.4966  0.9778  0.2980  2.8010
  3.7016  2.3898  0.9861  0.4564 19.6020
  4.3038  2.1451  0.9745  2.2954 17.1656
  4.9135  2.0641  0.9863  1.4061 16.3701
  4.9111  2.0382  0.9849  2.3270 16.1174
  4.5271  0.4891  0.9980  0.6414  2.7501
  5.3520  1.9182  0.9700  1.4899 14.9529
  5.2649  3.8326  0.9922  1.7881 34.7361
  5.2242  1.4438  0.9792  1.9104 10.5043
  4.9685  1.8027  0.9828  2.3692 13.8461
  4.3475  3.9138  0.9786  1.2289 35.6181
  5.1982  2.1564  0.9706  1.5690 17.2768
  4.1549  3.0959  0.9861  1.2192 26.8683
  5.0466  1.9917  0.9722  1.7270 15.6640
  5.1411  1.5030  0.9801  1.2969 11.0440
  5.2219  2.5520  0.9975  0.3416 21.2427
  5.2745  2.8329  0.9675  0.9637 24.1250
  4.9608  2.3045  0.9857  1.3325 18.7474
  5.2847  3.6067  0.9923  1.5999 32.2967
  4.4178  0.9637  0.9980  2.5483  6.3396
  4.7967  4.3127  0.9935  0.9970 39.9865
  4.9802  3.3267  0.9971  1.7354 29.3051
  5.3821  3.6282  0.9763  1.8460 32.5282
  4.7614  2.4992  0.9973  1.3312 20.7067
  5.5370  3.2641  0.9831  1.9294 28.6411
  5.3430  1.4312  0.9676  2.4923 10.3904
  6.0193  3.9571  0.9868  0.1658 36.0888
  5.4313  1.9893  0.9882  0.9100 15.6409
  4.9565  3.9860  0.9947  0.8681 36.4040
  4.2281  4.4272  0.9911  2.2374 41.2506
  6.2692  0.9059  0.9745  1.1550  5.8684
  5.2506  0.9702  0.9765  0.8464  6.3927
  4.6218  1.9791  0.9935  0.9903 15.5421
  5.2092  3.8787  0.9726  1.4372 35.2361
  5.3363  1.4302  0.9980  1.4073 10.3807
  5.0549  0.9141  0.9868  1.0634  5.9349
  5.9695  1.3569  0.9963  0.4402  9.7216
  4.9477  2.4769  0.9894  0.9570 20.4806
  5.8794  2.8594  0.9821  1.5368 24.4001
  5.7249  3.7379  0.9888  0.4402 33.7108
  5.2471  3.7817  0.9959  0.9383 34.1842
  4.6604  2.7759  0.9770  1.7879 23.5359
  5.5669  2.9815  0.9821  0.6562 25.6702
  5.0871  2.3556  0.9738  0.9916 19.2587
  5.3475  4.0088  0.9719  1.9961 36.6529
  4.9430  3.3326  0.9685  0.7676 29.3681
  6.9389  2.5665  0.9544  1.2078 21.3897
  5.7883  1.5413  0.9779  1.1114 11.3956
  5.3921  1.0675  0.9949  1.2283  7.2033
  4.9813  1.1003  0.9707  0.2858  7.4811
  5.0278  3.1792  0.9728  1.0465 27.7440
  5.8089  1.9258  0.9784  1.7349 15.0264
  3.8792  1.3471  0.9980  0.4291  9.6333
  5.2681  2.7822  0.9784  0.6808 23.6010
  4.3765  3.4052  0.9676  1.9593 30.1407
  4.3316  2.3919  0.9976  0.6686 19.6238
  4.7492  1.9300  0.9834  2.8234 15.0664
