  4.1644  3.4953  0.9875  1.9237 31.1023
  5.0181  1.1379  0.9947  0.3854  7.8019
  5.4343  4.1349  0.9966  1.7585 38.0317
  5.1531  1.2312  0.9812  0.7502  8.6093
  5.6617  2.6133  0.9766  2.2174 21.8667
  4.8718  2.2539  0.9825  0.5660 18.2436
  6.4726  2.6511  0.9402  1.0758 22.2533
  4.9148  2.1444  0.9980  1.6099 17.1590
  5.5614  2.9350  0.9770  1.4346 25.1857
  5.4488  1.9930  0.9979  2.2197 15.6768
  4.7600  2.5497  0.9724  1.7016 21.2192
  4.9470  1.9759  0.9731  0.8282 15.5109
  5.4790  1.7610  0.9942  1.3246 13.4493
  5.6199  3.6089  0.9698  2.1675 32.3205
  5.7925  1.5064  0.9675  2.1041 11.0752
  5.2511  1.5857  0.9813  0.8912 11.8063
  5.0195  3.4280  0.9704  1.0432 30.3833
  5.9425  3.0869  0.9796  0.6747 26.7733
  3.8887  3.7096  0.9767  2.3507 33.4047
  5.2825  2.7454  0.9762  0.9380 23.2221
  5.1385  2.6361  0.9907  0.9451 22.0998
  4.7751  3.2699  0.9899  1.8959 28.7026
  5.4967  1.7107  0.9676  0.3323 12.9740
  4.7065  2.9339  0.9861  2.1961 25.1735
  5.4963  3.3291  0.9878  0.2472 29.3311
  5.6123  0.9632  0.9913  1.3648  6.3352
  5.3524  0.6299  0.9797  0.5159  3.7422
  4.6955  3.3240  0.9683  0.3136 29.2763
  4.2356  2.9861  0.9771  2.3663 25.7183
  4.0731  2.7351  0.9955  1.3831 23.1160
  5.0253  2.5922  0.9853  1.1365 21.6521
  5.9913  1.9059  0.9894  0.7380 14.8346
  5.0979  3.4956  0.9855  1.2131 31.1058
  5.5595  2.3691  0.9890  0.7730 19.3943
  5.3607  1.7353  0.9768  1.0359 13.2069
  3.5757  3.3680  0.9794  2.3008 29.7446
  5.7409  2.6209  0.9835  0.5904 21.9445
  5.2435  3.3742  0.9951  1.9299 29.8101
  5.7787  2.9233  0.9759  1.0200 25.0636
  5.3599  1.7716  0.9877  2.6125 13.5502
  6.1049  3.7106  0.9742  0.2963 33.4157
  4.0970  3.3557  0.9891  1.8269 29.6130
  5.8755  0.2745  0.9711  1.2819  1.3913
  4.9768  1.5905  0.9806  1.0669 11.8504
  5.3209  3.6486  0.9863  0.8416 32.7481
  5.4040  1.1741  0.9870  0.9450  8.1133
  5.1982  1.5321  0.9753  0.8732 11.3110
  4.4812  3.5862  0.9810  1.3982 32.0769
  5.2019  1.8985  0.9980  1.2604 14.7633
  4.5152  2.8617  0.9920  1.9011 24.4234
  4.7732  2.1566  0.9946  0.9791 17.2790
  4.5511  1.5949  0.9707  0.8935 11.8914
  4.3214  3.9064  0.9776  2.2042 35.5371
  4.9491  2.6620  0.9764  1.0039 22.3653
  4.7218  1.4340  0.9907  1.3190 10.4154
  5.3237  1.1688  0.9790  0.4284  8.0670
  6.5263  2.2002  0.8375  0.1461 17.7098
  5.6179  1.8920  0.9785  2.7217 14.7010
  4.6935  2.5969  0.9774  1.9672 21.6999
  5.2575  2.0536  0.9685  1.4634 16.2675
  5.2892  1.5008  0.9971  2.5566 11.0241
  3.6999  1.3082  0.9980  2.1837  9.2870
  4.0034  3.8039  0.9784  0.8603 34.4250
  5.6986  4.2684  0.9748  0.9125 39.4979
  4.7679  4.4764  0.9728  1.7718 41.7956
  5.5236  3.2607  0.9958  1.4268 28.6058
  5.3564  2.2765  0.9764  0.6202 18.4683
  5.0735  1.8972  0.9695  1.4981 14.7504
  4.9203  1.3265  0.9823  1.1430  9.4504
  5.3758  4.4818  0.9888  2.1940 41.8556
  5.7224  2.9755  0.9727  0.9374 25.6076
  5.0069  2.1783  0.9726  1.8685 17.4931
  5.0794  3.0863  0.9758  1.7658 26.7668
  5.4872  4.3341  0.9980  0.5714 40.2224
  4.4606  2.9861  0.9776  1.0891 25.7182
  5.6181  3.9529  0.9770  1.3811 36.0428
  4.7754  1.8343  0.9980  0.7881 14.1470
  5.5266  1.6801  0.9822  1.9317 12.6866
  4.9916  4.0685  0.9685  1.7579 37.3053
  5.2430  3.4689  0.9834  0.6028 30.8200
  5.5628  3.2858  0.9871  0.4365 28.8709
  5.5856  2.8474  0.9705  1.0540 24.2752
  3.7867  1.9166  0.9722  2.0579 14.9378
  5.3746  1.0996  0.9920  0.9568  7.4746
  5.3117  3.5423  0.9822  1.0988 31.6060
  5.4835  2.8050  0.9943  1.6600 23.8363
  5.7245  1.4558  0.9714  0.1905 10.6131
  5.1393  4.0463  0.9705  0.6213 37.0619
  6.1573  4.4961  0.9977  0.5273 42.0136
  6.1581  3.4855  0.9675  0.6379 30.9977
  4.0209  3.8607  0.9797  1.1013 35.0412
  4.0890  2.8275  0.9930  1.1521 24.0698
  4.5607  3.9881  0.9919  1.5753 36.4268
  5.1019  3.0560  0.9980  1.9697 26.4491
  5.0257  4.0815  0.9916  1.5995 37.4475
  4.2558  4.3677  0.9974  1.5288 40.5928
  4.5432  3.3212  0.9744  1.1702 29.2473
  4.9978  1.3878  0.9911  2.1329  9.9986
  5.7626  0.6618  0.9787  2.3858  3.9767
  5.2215  2.4339  0.9673  0.6287 20.0462
  4.6421  1.5646  0.9961  1.3998 11.6106
  5.5157  3.3523  0.9813  2.6982 29.5773
  4.8028  2.1155  0.9755  2.0375 16.8744
  5.4256  2.6947  0.9876  1.1717 22.7004
  5.3523  2.5072  0.9866  1.0783 20.7872
  6.0632  1.0796  0.9881  1.6608  7.3056
  3.6985  4.1224  0.9907  2.0942 37.8947
  4.7243  2.8610  0.9668  1.8441 24.4160
  5.2869  1.9729  0.9788  0.6897 15.4820
  5.2709  3.9587  0.9775  0.4410 36.1062
  4.3222  1.3129  0.9836  1.6936  9.3293
  5.0119  3.7116  0.9980  1.4273 33.4264
  5.0289  3.6514  0.9790  2.1701 32.7775
  4.9981  2.0889  0.9749  1.1942 16.6129
  5.3626  1.5737  0.9910  2.0324 11.6950
  5.7842  2.6317  0.9973  2.1822 22.0549
  5.2553  2.0829  0.9685  2.4336 16.5548
  5.3983  3.3682  0.9809  1.4594 29.7468
  4.9769  2.1640  0.9885  2.0646 17.3520
  4.8067  2.9983  0.9822  0.5740 25.8460
  5.1137  1.3790  0.9677  0.1432  9.9194
  5.4079  3.5688  0.9746  2.0320 31.8903
  3.6874  3.2733  0.9965  1.0939 28.7392
  4.7290  3.3609  0.9787  0.0508 29.6686
  5.1161  0.3143  0.9744  1.1388  1.6274
  4.8614  2.9123  0.9797  1.4700 24.9487
  6.3528  2.6638  0.9721  1.0241 22.3841
  5.3533  4.4625  0.9809  1.6491 41.6410
  5.1267  2.3127  0.9793  0.5885 18.8297
  5.0003  2.4957  0.9979  2.2622 20.6714
  5.0981  1.6717  0.9853  2.3966 12.6078
  3.9000  4.3934  0.9668  0.6822 40.8773
  5.2426  2.2159  0.9968  0.4293 17.8656
  5.1653  3.9665  0.9777  0.4836 36.1914
  4.7003  2.3856  0.9809  1.4664 19.5603
  4.5963  2.3500  0.9784  1.0994 19.2022
  5.1131  1.4527  0.9761  1.6086 10.5857
  5.2337  2.3004  0.9722  0.6725 18.7069
  5.2614  3.1195  0.9681  2.8798 27.1159
  4.5858  2.7539  0.9777  0.8402 23.3092
  4.6990  3.7923  0.9887  2.5916 34.2988
  4.9574  2.3542  0.9719  0.3028 19.2444
  3.6667  4.1181  0.9980  2.1931 37.8481
  4.5067  2.7907  0.9711  0.9342 23.6886
  5.1745  0.7709  0.9774  2.1042  4.8018
  5.0478  3.5053  0.9672  2.6293 31.2097
  5.2195  3.5430  0.9787  1.6177 31.6127
  6.0582  2.3159  0.9938  1.2326 18.8609
  5.5722  3.5809  0.9958  1.1738 32.0195
  5.4466  3.3954  0.9731  1.5006 30.0362
  5.6403  3.4542  0.9790  1.1754 30.6631
  5.3576  1.9004  0.9761  1.6030 14.7815
  5.3610  2.7383  0.9742  1.5200 23.1491
  5.1105  1.4664  0.9921  2.1090 10.7097
  4.9002  1.8807  0.9722  2.9309 14.5921
  5.2361  3.4346  0.9935  1.8275 30.4540
  4.7620  3.5843  0.9715  0.9717 32.0562
  5.6683  1.8671  0.9854  0.3503 14.4612
  5.4757  3.4860  0.9759  1.0919 31.0027
  5.5643  3.3419  0.9756  0.4207 29.4666
  4.4021  2.0829  0.9910  1.1736 16.5544
  5.3709  2.8118  0.9905  0.4760 23.9070
  5.1758  0.9446  0.9980  1.2405  6.1831
  3.9561  2.3760  0.9845  1.0864 19.4635
  5.5773  2.7643  0.9730  2.3219 23.4172
  6.2205  1.3512  0.9979  0.7686  9.6699
  5.2875  2.7980  0.9751  0.3968 23.7643
  6.8151  2.7240  0.5955  1.8238 23.0017
  5.3465  4.4619  0.9676  0.2662 41.6350
  4.8673  4.4360  0.9880  0.2538 41.3474
  4.7078  1.4335  0.9919  1.2678 10.4112
  4.9102  2.8795  0.9740  1.8575 24.6084
  5.5843  0.9276  0.9980  0.9531  6.0441
  4.5804  2.3180  0.9670  0.5794 18.8820
  6.0918  0.7069  0.9945  1.1743  4.3131
  5.9561  3.0922  0.9797  1.3417 26.8288
  6.0304  2.3876  0.9920  0.8680 19.5800
  4.5632  1.4656  0.9776  1.7227 10.7025
  4.9967  3.0742  0.9845  1.8376 26.6398
  4.6435  1.6998  0.9855  0.0427 12.8716
  5.3475  3.1553  0.9832  0.7858 27.4921
  5.0557  0.7801  0.9784  1.0472  4.8732
  4.8638  2.3769  0.9711  0.8814 19.4721
  4.3034  4.2527  0.9965  0.6625 39.3257
  5.8707  0.2597  0.9848  2.2930  1.3054
  5.0512  0.5609  0.9804  1.7668  3.2475
  5.2367  1.4250  0.9980  2.0383 10.3340
  4.9423  1.4617  0.9962  0.6064 10.6666
  4.7554  1.7660  0.9784  0.7855 13.4969
  5.1643  3.5535  0.9705  1.0877 31.7258
  5.8819  2.1254  0.9844  0.4356 16.9720
  5.2016  3.4128  0.9708  0.5188 30.2216
  5.0726  3.6398  0.9891  2.8661 32.6526
  5.9661  2.7329  0.9947  2.9234 23.0929
  6.0919  3.1878  0.9707  2.0096 27.8354
  5.4905  2.5553  0.9727  1.7351 21.2764
  5.4039  3.3407  0.9913  1.6485 29.4535
  4.9461  2.3006  0.9709  1.3619 18.7090
  5.0086  3.8701  0.9849  0.1432 35.1425
  4.0423  1.6549  0.9855  1.6617 12.4508
  3.8198  1.8567  0.9818  1.0521 14.3617
  5.8563  2.8690  0.9954  1.9646 24.5000
  4.8165  1.4039  0.9907  1.2752 10.1437
  5.6810  3.3926  0.9980  1.8725 30.0059
  5.1697  3.2530  0.9836  0.5996 28.5239
  3.7011  3.3949  0.9698  2.3438 30.0301
  4.8023  2.1542  0.9756  0.2430 17.2554
  6.8823  1.7480  0.4691  0.8621 13.3264
  4.5197  2.4382  0.9809  0.5470 20.0893
  3.9225  2.0838  0.9866  2.5565 16.5634
  4.6714  3.4761  0.9858  0.7568 30.8967
  5.3873  3.4570  0.9980  0.3396 30.6933
  4.5159  2.7910  0.9846  0.4740 23.6919
  4.6785  1.9160  0.9783  1.2701 14.9313
  4.7160  1.8545  0.9667  1.8406 14.3409
  4.2562  3.4553  0.9737  1.3260 30.6750
  4.2329  2.2824  0.9798  0.3559 18.5268
  4.7810  3.3679  0.9892  2.7505 29.7436
  4.5603  3.1670  0.9788  2.9250 27.6155
  4.9066  1.5802  0.9733  1.3645 11.7556
  5.7751  1.1357  0.9848  0.6766  7.7827
  5.1180  3.4307  0.9856  1.7032 30.4118
  5.1709  2.8509  0.9716  0.9150 24.3117
  5.5103  1.8147  0.9712  0.6904 13.9605
  5.4740  2.6727  0.9960  0.3862 22.4746
  4.2112  3.5936  0.9940  2.1868 32.1560
  5.8632  4.0595  0.9764  0.9202 37.2063
  4.6565  4.3492  0.9980  0.9157 40.3888
  4.4064  1.7201  0.9751  1.7803 13.0632
  6.0375  0.5380  0.9808  1.5253  3.0866
  4.3558  3.0789  0.9926  2.3459 26.6891
  6.1077  2.8366  0.9922  2.8752 24.1635
  5.3835  2.5752  0.9830  1.3259 21.4789
  5.7433  2.1438  0.9798  1.6425 17.1531
  4.4276  1.1455  0.9745  0.8506  7.8668
  6.0033  0.9028  0.9838  0.8368  5.8440
  5.5448  0.9028  0.9760  1.9422  5.8435
  3.9036  0.8795  0.9697  2.1473  5.6566
  5.5068  3.7002  0.9980  1.4305 33.3036
  5.6507  3.3135  0.9827  2.0113 29.1650
  5.1450  3.5480  0.9721  0.2508 31.6663
  4.8758  2.1810  0.9950  0.8633 17.5198
  4.6763  4.4318  0.9686  1.9766 41.3013
  4.4054  2.7443  0.9967  1.5445 23.2105
  5.7326  1.0909  0.9907  0.9601  7.4014
  4.6533  2.3850  0.9856  0.4468 19.5541
  5.0681  2.4538  0.9699  1.5718 20.2475
  5.4076  2.7066  0.9674  0.4200 22.8227
  5.7114  2.1349  0.9847  0.4630 17.0657
  5.3097  3.7895  0.9973  0.3896 34.2689
  4.7288  4.3695  0.9906  0.6498 40.6133
  4.8476  2.5068  0.9695  0.9330 20.7839
  5.2093  0.6603  0.9963  2.3048  3.9656
  5.2886  4.1529  0.9919  1.1774 38.2288
  5.4749  0.7464  0.9758  0.6762  4.6131
  5.4819  3.6771  0.9871  2.3483 33.0550
  3.8523  1.2686  0.9697  2.9262  8.9371
  5.8654  2.7904  0.9773  2.2711 23.6862
  5.6943  1.4493  0.9834  0.3819 10.5540
  5.1296  2.3762  0.9931  0.6422 19.4651
  4.8431  2.4965  0.9850  1.6815 20.6789
  5.2231  1.9740  0.9703  0.1610 15.4924
  5.3468  0.9043  0.9819  0.5900  5.8557
  5.5275  2.4489  0.9795  0.5613 20.1981
  5.5208  3.2665  0.9928  2.2202 28.6664
  5.2429  4.2202  0.9674  2.2462 38.9680
  5.1312  0.8213  0.9748  1.5623  5.1949
  5.3243  1.7741  0.9833  1.5222 13.5740
  4.9449  1.8752  0.9980  0.7934 14.5393
  5.2934  0.3968  0.9786  2.8291  2.1410
  5.3507  0.4119  0.9755  2.9717  2.2384
  6.6841  1.0988  0.9654  2.0782  7.4685
  5.2639  3.9435  0.9769  0.8265 35.9414
  5.5699  4.4141  0.9879  1.8552 41.1061
  6.0910  1.9526  0.9974  0.6154 15.2853
  5.5109  3.3348  0.9730  1.8857 29.3916
  4.6348  4.0221  0.9892  1.6353 36.7974
  4.1871  1.6663  0.9959  0.9954 12.5573
  6.9778  3.8475  0.4377  1.4279 34.8972
  6.1355  3.7597  0.9679  0.8520 33.9462
  5.1025  0.9802  0.9779  2.8234  6.4748
  4.1349  1.4614  0.9898  1.9104 10.6647
  6.8100  3.3125  0.6234  1.6198 29.1547
  5.3622  3.0588  0.9717  2.2453 26.4791
  4.5566  3.1687  0.9821  2.3653 27.6337
  4.6744  1.5461  0.9793  2.8493 11.4400
  4.8706  3.0532  0.9880  1.8183 26.4197
  5.1649  3.7915  0.9771  0.9090 34.2909
  5.4308  1.9829  0.9778  0.5844 15.5786
  4.7386  2.1820  0.9909  2.2555 17.5301
  4.9372  3.2974  0.9733  1.1465 28.9948
  6.9833  2.3301  0.3062  2.5126 19.0038
  4.8871  3.2379  0.9800  1.1053 28.3637
  5.3740  3.9438  0.9922  2.5470 35.9443
  5.6028  4.0761  0.9737  2.5626 37.3879
  5.4195  1.9571  0.9883  0.4564 15.3285
  5.0852  1.8836  0.9810  2.7075 14.6197
  5.7410  3.4838  0.9829  1.6887 30.9792
  6.1351  2.4324  0.9883  1.5095 20.0308
  4.7752  0.9452  0.9956  1.7887  6.1878
  4.3563  2.5462  0.9733  1.8619 21.1836
  4.9906  1.9212  0.9939  0.9445 14.9818
  5.2657  3.0558  0.9669  2.2138 26.4473
  4.9807  2.4467  0.9749  0.2831 20.1751
  5.4571  2.2262  0.9679  2.9077 17.9676
  5.0761  1.4264  0.9817  1.5613 10.3470
  5.4109  2.3989  0.9943  1.5736 19.6936
  5.7507  2.8259  0.9707  1.2552 24.0533
  5.8563  4.2911  0.9844  2.7127 39.7484
  5.2440  2.9007  0.9942  2.1080 24.8281
  5.3505  1.5749  0.9720  0.9770 11.7066
  4.7070  3.4665  0.9958  0.4282 30.7944
  6.1611  2.5447  0.9707  2.0444 21.1683
  5.7065  2.2981  0.9949  1.5733 18.6838
  4.8887  1.2902  0.9980  1.6899  9.1279
  4.2038  1.2623  0.9672  1.9712  8.8821
  3.5957  3.6884  0.9980  1.4160 33.1763
  4.1624  2.5051  0.9980  0.9543 20.7667
  5.1552  1.5302  0.9672  2.5991 11.2941
  5.0687  3.0169  0.9794  0.3487 26.0398
  6.0649  2.5113  0.9818  1.8738 20.8290
  5.1921  3.0949  0.9820  1.1195 26.8570
  5.3990  2.9642  0.9684  1.2036 25.4894
  4.9718  1.8754  0.9754  1.0645 14.5415
  5.1350  2.4719  0.9792  1.6657 20.4303
  5.1562  4.0638  0.9934  0.7855 37.2530
  5.7491  3.2493  0.9759  2.4055 28.4848
  5.5136  3.0968  0.9676  1.9749 26.8771
  6.3950  4.0874  0.9888  1.2004 37.5116
  5.0543  3.5102  0.9779  1.1835 31.2614
  5.8307  3.7753  0.9677  0.6323 34.1152
  5.0752  1.6177  0.9911  2.1264 12.1037
  5.0078  3.1198  0.9980  1.1929 27.1189
  3.7655  3.4463  0.9888  2.1398 30.5782
  4.4885  2.7605  0.9948  0.7090 23.3773
  5.0190  4.2403  0.9822  2.7857 39.1887
  4.9122  1.9207  0.9778  1.5449 14.9773
  5.1129  1.5316  0.9861  2.2768 11.3069
  4.2158  1.6930  0.9711  0.7571 12.8075
  5.6245  3.1351  0.9980  1.0358 27.2801
  5.9694  1.5615  0.9781  1.1390 11.5819
  6.4160  3.0850  0.9522  0.7697 26.7538
  5.6987  0.6498  0.9812  2.2576  3.8885
  5.0584  2.7260  0.9980  0.9672 23.0226
  5.8184  1.3042  0.9850  1.1899  9.2518
  5.2253  2.3537  0.9980  1.9857 19.2396
  4.9891  2.5391  0.9814  1.2008 21.1113
  4.2913  3.7006  0.9776  0.8050 33.3080
  5.6985  3.7242  0.9980  1.9940 33.5627
  4.8637  2.6024  0.9904  1.9487 21.7564
  5.1457  3.8352  0.9684  1.1947 34.7638
  5.4713  1.9749  0.9919  1.5884 15.5016
  4.7809  1.4080  0.9923  2.1369 10.1800
  5.3419  2.5662  0.9727  2.0375 21.3868
  4.5093  3.2433  0.9678  2.7725 28.4210
  5.3640  3.0818  0.9733  0.7365 26.7203
  5.1513  2.7592  0.9801  0.4500 23.3641
  5.4597  1.4091  0.9913  1.5188 10.1903
  4.0073  3.8974  0.9764  0.9712 35.4396
  5.5991  4.2567  0.9931  0.4481 39.3699
  4.8622  4.3649  0.9802  1.1024 40.5623
  5.2591  2.6679  0.9787  1.2924 22.4258
  5.0082  3.5903  0.9944  1.7730 32.1205
  4.5500  1.2083  0.9882  1.1646  8.4096
  4.8281  3.3010  0.9980  2.1372 29.0330
  4.8952  1.3291  0.9737  0.1038  9.4735
  5.2259  2.6174  0.9918  2.3155 21.9091
  4.8294  0.4376  0.9945  1.2780  2.4062
  5.5396  1.6444  0.9705  1.1730 12.3522
  3.6617  2.6384  0.9669  0.4730 22.1235
  4.7037  3.7927  0.9707  1.0390 34.3032
  4.3107  3.2876  0.9783  0.6328 28.8908
  5.4420  4.4654  0.9980  0.5020 41.6732
  4.9481  1.4111  0.9751  2.0985 10.2080
  4.7892  1.3541  0.9900  0.5267  9.6966
  5.4651  2.9491  0.9950  2.1287 25.3323
  4.3397  3.4207  0.9676  0.7838 30.3059
  5.0446  2.1202  0.9667  2.5993 16.9207
  5.5601  3.2198  0.9827  0.5158 28.1734
  5.0769  4.0172  0.9883  0.3658 36.7439
  5.2193  1.0351  0.9796  1.3960  6.9309
  4.6752  0.5779  0.9727  0.1825  3.3678
  5.8192  1.2372  0.9722  2.1447  8.6621
  5.6175  0.9800  0.9925  1.5116  6.4737
  4.9075  4.4205  0.9799  0.1287 41.1761
  5.1538  3.8442  0.9934  0.5338 34.8621
  5.5023  2.4463  0.9805  0.0868 20.1710
  5.4485  3.4771  0.9943  0.7259 30.9072
  4.6364  1.9816  0.9857  2.0284 15.5664
  5.3223  3.4999  0.9692  0.9888 31.1514
  4.3719  2.7377  0.9901  0.9576 23.1428
  6.4116  1.3591  0.9849  1.8415  9.7409
  5.2600  3.6952  0.9928  1.1444 33.2502
  5.2186  3.5188  0.9694  1.3865 31.3542
  4.7962  1.3161  0.9967  0.8077  9.3579
  5.2031  2.0224  0.9917  0.7925 15.9633
  5.6204  3.8285  0.9783  0.1812 34.6914
  5.4428  1.8757  0.9980  0.1661 14.5436
  4.3940  3.2520  0.9848  1.5136 28.5129
  5.4420  2.0819  0.9704  0.9059 16.5447
  5.1644  3.9290  0.9754  1.0212 35.7829
  5.4742  0.9504  0.9929  2.3796  6.2303
  5.6148  3.9907  0.9879  1.6519 36.4552
  4.4201  0.7126  0.9743  2.3466  4.3566
  5.9744  1.4041  0.9980  0.2507 10.1456
  5.0228  0.5473  0.9917  1.2308  3.1519
  4.9353  2.4226  0.9980  1.5475 19.9321
  4.3179  0.9705  0.9743  1.6456  6.3955
  5.1890  3.5646  0.9962  0.4007 31.8451
  5.4464  0.8915  0.9696  0.9444  5.7526
  5.0781  3.0648  0.9843  1.7200 26.5412
  4.8836  2.2173  0.9853  1.2519 17.8791
  4.9456  1.4317  0.9743  1.2328 10.3943
  5.1454  3.2705  0.9951  1.5271 28.7092
  5.3096  0.7900  0.9951  1.9482  4.9495
  3.8065  2.1296  0.9887  1.4695 17.0129
  5.6837  3.8544  0.9804  0.3186 34.9723
  4.3464  3.1059  0.9785  0.9809 26.9732
  4.9107  0.9854  0.9762  0.9846  6.5181
  4.5889  1.7978  0.9831  0.8344 13.7991
  3.7672  1.9439  0.9911  1.9463 15.2006
  5.5422  3.9386  0.9756  0.7452 35.8875
  5.0194  4.2269  0.9876  0.9214 39.0415
  4.8796  0.8848  0.9965  1.8169  5.6989
  4.4526  3.9735  0.9765  0.1770 36.2674
  5.3866  1.9803  0.9834  1.3943 15.5535
  5.3785  0.9132  0.9777  0.5076  5.9276
  4.7246  1.8154  0.9815  0.3604 13.9665
  5.2755  2.1656  0.9883  1.9418 17.3682
  5.2491  1.6654  0.9974  0.6573 12.5493
  5.3706  1.7089  0.9687  1.2878 12.9574
  5.3551  3.8233  0.9868  0.4960 34.6354
  4.9554  4.0478  0.9815  1.8790 37.0789
  5.6437  3.3566  0.9669  0.9411 29.6232
  4.8011  1.3085  0.9756  0.9409  9.2899
  5.5378  0.8540  0.9838  1.6931  5.4527
  4.6240  2.2127  0.9743  0.6834 17.8341
  5.2010  2.3961  0.9697  0.4255 19.6656
  4.4103  2.7927  0.9781  2.0921 23.7094
  6.1676  0.5717  0.9917  2.4751  3.3240
  4.9145  1.6042  0.9881  1.6849 11.9776
  5.0232  0.1526  0.9917  2.5936  0.7193
  4.3734  3.1731  0.9779  2.3149 27.6805
  5.4706  0.6230  0.9967  0.9559  3.6923
  4.4124  2.4004  0.9980  2.1858 19.7088
  4.1110  1.7288  0.9980  2.1666 13.1447
  6.1879  1.4166  0.9822  2.9430 10.2583
  4.7377  1.6944  0.9671  1.1899 12.8207
  5.2875  3.7243  0.9884  2.6365 33.5635
  5.4232  0.6441  0.9960  0.1745  3.8464
  4.5244  1.1676  0.9798  1.5606  8.0567
  4.2284  3.4206  0.9754  1.3079 30.3046
  5.3228  2.8664  0.9760  0.6948 24.4722
  5.0545  2.9913  0.9828  1.0829 25.7722
  5.5700  3.7925  0.9746  0.2263 34.3013
  5.2842  0.6097  0.9900  1.1322  3.5957
  5.2625  2.0498  0.9804  1.0804 16.2309
  5.4317  2.9087  0.9980  0.8270 24.9115
  4.6654  4.4627  0.9803  1.8081 41.6435
  4.3514  3.0247  0.9820  2.0050 26.1212
  5.0684  2.6003  0.9874  1.4097 21.7349
  4.7888  2.0662  0.9919  0.8056 16.3911
  5.5127  2.2456  0.9790  0.7685 18.1610
  5.2880  2.7746  0.9703  1.9239 23.5233
  5.2721  1.3524  0.9682  1.9365  9.6809
  4.7571  4.4303  0.9896  0.6005 41.2854
  4.4683  1.3611  0.9975  1.1770  9.7589
  5.1560  3.4020  0.9890  1.1716 30.1060
  4.7613  1.3670  0.9871  1.2665  9.8119
  5.2067  1.0289  0.9713  0.5793  6.8791
  5.4185  1.3033  0.9877  0.5287  9.2437
  4.8323  1.0897  0.9806  2.0508  7.3906
  5.0196  2.5571  0.9716  1.2040 21.2942
  5.0396  3.4551  0.9963  0.6961 30.6732
  5.2224  3.4376  0.9980  1.5862 30.4860
  4.9643  3.2109  0.9785  1.5720 28.0786
  5.3635  2.0973  0.9736  1.3869 16.6954
  5.1748  4.1583  0.9802  0.4946 38.2878
  4.6417  3.6371  0.9980  2.3296 32.6242
  5.1399  2.9731  0.9892  2.0902 25.5826
  5.6012  1.2384  0.9894  1.4423  8.6727
  4.7754  2.8275  0.9792  2.3101 24.0696
  5.2638  2.6696  0.9834  1.7683 22.4428
  5.6323  1.4145  0.9867  0.7645 10.2387
  5.1870  2.8843  0.9673  2.3152 24.6587
  4.9971  3.8652  0.9976  2.3809 35.0899
  5.2821  3.5678  0.9766  0.1863 31.8789
  5.0462  1.5605  0.9801  2.3354 11.5730
  5.3800  2.3150  0.9688  1.8033 18.8519
  5.3868  1.7591  0.9823  0.0647 13.4319
  5.0127  3.2502  0.9758  1.4982 28.4942
  4.3252  3.3648  0.9930  0.4624 29.7105
  5.1771  1.1573  0.9743  0.1017  7.9688
  4.8450  2.9183  0.9957  0.3886 25.0119
  5.7096  3.0119  0.9904  1.3705 25.9876
  5.2308  3.8803  0.9786  1.3874 35.2532
  4.7844  3.6007  0.9973  1.4902 32.2328
  5.7027  3.1213  0.9949  0.8078 27.1343
  5.7922  2.2231  0.9835  2.1070 17.9371
  4.3876  3.2423  0.9745  0.8773 28.4103
  5.1065  1.6256  0.9732  0.8147 12.1771
  5.5677  2.3180  0.9864  1.6955 18.8827
  4.9755  1.4306  0.9970  1.6080 10.3850
  5.3607  1.5012  0.9743  0.1122 11.0275
  5.1662  1.9158  0.9906  1.1114 14.9297
  5.2704  2.2434  0.9980  1.9512 18.1385
  4.4492  3.3897  0.9940  0.2186 29.9748
  5.4618  3.1292  0.9747  0.3826 27.2183
  6.1324  2.5375  0.9905  2.2238 21.0950
  5.4296  3.6670  0.9919  2.1201 32.9462
  4.7863  2.5568  0.9875  1.6605 21.2909
  5.2649  1.6718  0.9729  2.4648 12.6086
  4.9116  1.7245  0.9957  2.4749 13.1045
  4.7922  1.1118  0.9745  0.7401  7.5790
  5.7807  3.4456  0.9694  1.2200 30.5707
  5.2797  0.4415  0.9933  1.5880  2.4318
  5.6669  4.0234  0.9850  1.4914 36.8119
  4.9288  3.3722  0.9875  1.9768 29.7892
  4.6611  2.4788  0.9980  0.3828 20.5000
  4.9644  1.8604  0.9771  0.4042 14.3976
  5.2174  1.1354  0.9671  0.8779  7.7799
  4.8392  4.2501  0.9945  0.9586 39.2968
  4.2974  1.0790  0.9771  0.9865  7.3001
  5.3227  4.2730  0.9968  1.8557 39.5490
  5.5537  4.0068  0.9708  1.5721 36.6307
  4.9076  3.5265  0.9917  2.3417 31.4365
  5.3803  1.5445  0.9980  1.6696 11.4258
  4.7693  3.6315  0.9980  0.4150 32.5638
  4.7367  3.3842  0.9898  2.7730 29.9168
  4.7295  1.7851  0.9969  1.1293 13.6785
  3.9007  4.0877  0.9972  0.6856 37.5151
  4.9900  0.3733  0.9819  1.0567  1.9914
  5.1431  1.4534  0.9980  1.4024 10.5918
  4.8772  2.1707  0.9853  2.2659 17.4180
  4.9555  2.0089  0.9732  2.5973 15.8313
  5.5441  1.7109  0.9820  3.0824 12.9764
  4.8929  3.7459  0.9907  0.7410 33.7971
  4.9073  1.8696  0.9696  0.6701 14.4855
  5.1629  1.6823  0.9857  1.1925 12.7077
  5.4466  3.0429  0.9745  1.0853 26.3117
  4.5674  4.3143  0.9709  2.2106 40.0040
  5.2480  4.4751  0.9824  1.5496 41.7805
  5.4053  2.1250  0.9731  1.1958 16.9683
  5.0437  1.5778  0.9836  1.5361 11.7330
  3.8042  3.3834  0.9828  2.2955 29.9083
  4.9892  2.6154  0.9838  0.7400 21.8892
  5.8313  0.5815  0.9897  1.9489  3.3935
  6.4590  4.0363  0.9192  1.4901 36.9530
  5.7588  4.0440  0.9906  0.7956 37.0369
  5.2330  2.4175  0.9770  0.9026 19.8813
  4.7271  2.2423  0.9843  1.8715 18.1278
  3.8766  0.9277  0.9864  2.2348  6.0449
  5.1340  3.3609  0.9980  1.9335 29.6687
  4.9848  1.5017  0.9899  0.9676 11.0319
  5.8073  1.7719  0.9776  2.8212 13.5534
  4.7542  1.5658  0.9941  0.6708 11.6220
  5.1451  2.3628  0.9961  1.9567 19.3310
  5.1804  1.7865  0.9788  2.7682 13.6920
  4.5070  3.3558  0.9869  1.8309 29.6145
  3.9102  2.4501  0.9886  1.8075 20.2097
  5.2088  3.9093  0.9756  1.0800 35.5692
  4.9731  2.4033  0.9860  1.7497 19.7380
  4.1581  4.2214  0.9776  0.3484 38.9807
  3.5953  2.5560  0.9793  1.5759 21.2831
  6.1839  3.2205  0.9745  0.5281 28.1806
  5.0507  4.1079  0.9822  1.2662 37.7361
  6.0262  0.5529  0.9826  1.6195  3.1906
  5.2575  2.9928  0.9726  1.2902 25.7881
  5.7161  3.2051  0.9973  0.8483 28.0174
  4.8369  3.6083  0.9726  1.5377 32.3139
  5.2410  3.5705  0.9670  0.8517 31.9087
  4.9376  3.2603  0.9951  1.7405 28.6009
  4.0468  1.6236  0.9751  0.3412 12.1585
  5.4692  0.9914  0.9911  0.8242  6.5676
  5.5617  4.0247  0.9885  1.3238 36.8262
  4.0469  2.0897  0.9746  1.7500 16.6207
  4.7616  4.0131  0.9702  1.9259 36.6994
  5.2006  2.2716  0.9896  0.7974 18.4190
  5.3100  2.3106  0.9961  2.3888 18.8088
  4.2709  4.3766  0.9899  1.4268 40.6911
  6.2389  2.2393  0.9778  0.9918 18.0980
  4.8728  2.6495  0.9823  1.2216 22.2370
  5.0445  1.8002  0.9694  1.0881 13.8218
  4.2804  2.8748  0.9805  2.4254 24.5597
  4.2539  4.1197  0.9850  1.4587 37.8655
  5.3598  3.3002  0.9724  1.5902 29.0236
  4.8365  3.9762  0.9751  1.8120 36.2969
  5.7845  4.3509  0.9868  1.5303 40.4072
  5.6995  2.9492  0.9940  2.3397 25.3335
  5.0050  4.1944  0.9678  0.3579 38.6846
  5.1804  2.6513  0.9699  1.7936 22.2554
  5.3236  2.8968  0.9963  0.3803 24.7877
  4.9447  4.1840  0.9943  2.0343 38.5704
  4.9481  3.0668  0.9980  1.4308 26.5622
  4.7885  2.9337  0.9715  0.2388 25.1714
  5.4996  1.6658  0.9914  2.0893 12.5528
  4.9584  1.2536  0.9698  0.7969  8.8054
  6.1028  4.1607  0.9899  1.3062 38.3143
  4.3112  1.1075  0.9775  1.2886  7.5424
  6.6102  2.9132  0.6378  0.2111 24.9588
  5.0251  3.6155  0.9843  1.2836 32.3918
  5.0985  3.7497  0.9815  1.4186 33.8389
  5.3056  2.4650  0.9778  1.8874 20.3602
  5.2819  2.3581  0.9973  1.0532 19.2837
  4.4904  2.5670  0.9742  0.9804 21.3950
  6.0453  1.0664  0.9938  2.4940  7.1939
  4.9016  1.4484  0.9760  1.5288 10.5461
  5.2183  1.5393  0.9925  2.1558 11.3774
  5.0585  3.6840  0.9854  2.5574 33.1293
  4.3600  2.3467  0.9896  0.2978 19.1694
  4.4174  1.1552  0.9841  0.6721  7.9504
  6.0655  2.2394  0.9980  1.0564 18.0991
  5.0000  1.6358  0.9754  1.6831 12.2719
  4.7737  2.3909  0.9826  1.0354 19.6131
  5.1972  3.9926  0.9906  0.3767 36.4754
  5.0887  3.3333  0.9833  0.8735 29.3753
  4.6969  2.0707  0.9714  0.9827 16.4350
  4.2347  1.7563  0.9832  2.2636 13.4047
  5.6968  2.5370  0.9716  2.1445 21.0905
  5.7497  2.3204  0.9882  2.5300 18.9063
  5.6991  1.5802  0.9965  1.5009 11.7553
  4.2328  2.0176  0.9929  1.6658 15.9167
  4.6358  0.6660  0.9876  0.4099  4.0078
  4.6588  2.9051  0.9923  0.4010 24.8743
  6.3423  3.3913  0.9797  0.3234 29.9923
  5.5440  3.5453  0.9804  1.1962 31.6383
  4.6637  2.2746  0.9738  0.5253 18.4489
  5.1556  2.5032  0.9965  0.8665 20.7467
  5.9566  3.7267  0.9966  2.8806 33.5904
  5.8534  1.9440  0.9863  1.4896 15.2020
  6.1991  2.5296  0.9760  0.8487 21.0149
  5.5696  2.5548  0.9979  1.2864 21.2709
  5.0096  2.9813  0.9913  1.2446 25.6684
  4.7743  1.2003  0.9721  0.9448  8.3404
  4.1930  1.9484  0.9967  0.6195 15.2443
  5.0332  3.1901  0.9793  1.8498 27.8588
  5.6202  3.8128  0.9780  0.2990 34.5216
  3.5180  3.2718  0.9911  0.5208 28.7230
  5.4304  2.4621  0.9767  1.3068 20.3314
  4.5337  0.8333  0.9719  0.1510  5.2894
  5.0988  1.8514  0.9978  1.0083 14.3111
  5.9018  3.0387  0.9962  1.0645 26.2680
  6.5888  2.0574  0.9224  0.7942 16.3047
  5.5659  0.4394  0.9807  1.9502  2.4180
  3.6957  2.7511  0.9828  2.7348 23.2809
  4.7955  3.0194  0.9713  2.2877 26.0661
  4.9695  2.2986  0.9746  2.9262 18.6890
  5.9457  3.6476  0.9760  1.5444 32.7367
  5.0675  3.2869  0.9679  2.0000 28.8833
  4.9011  1.1513  0.9787  1.7444  7.9169
  5.7639  1.7405  0.9833  1.2331 13.2555
  5.5785  1.8658  0.9738  0.6922 14.4487
  5.2794  1.3989  0.9749  0.2771 10.0986
  5.2641  2.2384  0.9695  1.1031 18.0888
  6.1758  3.0301  0.9955  1.8730 26.1783
  5.2192  1.4091  0.9809  1.1626 10.1899
  5.8896  2.2042  0.9980  1.0843 17.7500
  5.4256  3.5476  0.9669  0.3281 31.6626
  5.0929  3.3289  0.9718  0.8509 29.3286
  5.5551  1.0457  0.9980  1.4731  7.0197
  5.4835  1.6740  0.9953  2.0785 12.6298
  4.9435  2.2731  0.9811  2.9604 18.4343
  5.0684  1.6526  0.9851  0.7926 12.4292
  4.4208  4.3101  0.9913  1.9244 39.9571
  3.9770  3.6559  0.9704  2.1834 32.8267
  5.0865  0.9706  0.9957  0.9363  6.3964
  5.1279  3.5174  0.9793  2.5600 31.3391
  4.8659  2.1570  0.9965  1.2126 17.2826
  5.0837  3.2706  0.9969  1.0613 28.7101
  4.7566  3.0579  0.9831  1.7685 26.4696
  6.9743  2.4636  0.6232  2.2233 20.3464
  5.3298  3.0451  0.9970  1.5716 26.3350
  5.1642  3.2456  0.9803  0.2953 28.4452
  4.9542  3.4857  0.9737  1.7401 30.9997
  4.8645  2.8345  0.9879  1.1207 24.1424
  4.7257  1.0367  0.9760  1.3963  6.9441
  5.4791  2.5806  0.9687  1.7054 21.5336
  5.2070  2.4301  0.9918  2.0885 20.0083
  5.2806  1.7509  0.9908  1.0604 13.3538
  5.2613  1.3749  0.9787  2.5665  9.8824
  4.7945  3.4415  0.9761  0.8644 30.5273
  5.8335  3.6101  0.9978  2.0392 32.3332
  5.3196  3.6283  0.9672  1.8158 32.5289
  5.1299  2.1797  0.9813  1.8618 17.5076
  5.6302  3.6336  0.9831  1.1080 32.5862
  4.4893  0.8219  0.9871  1.1091  5.1995
  5.6940  3.8720  0.9712  2.0829 35.1639
  5.9745  4.1525  0.9955  0.6021 38.2243
  5.1722  3.4088  0.9858  1.6470 30.1791
  5.0297  1.9192  0.9964  2.5777 14.9628
  5.4080  3.0922  0.9909  0.4077 26.8292
  6.3182  1.3906  0.9825  0.5032 10.0240
  5.2537  0.9425  0.9935  0.8062  6.1657
  4.9324  0.8354  0.9868  1.2425  5.3056
  5.3577  0.3134  0.9863  0.6576  1.6220
  5.1309  2.3414  0.9813  1.0414 19.1161
  5.5086  2.6145  0.9759  0.6944 21.8792
  4.1795  4.4403  0.9678  0.1560 41.3956
  4.8975  3.1062  0.9877  1.5541 26.9756
  4.7086  2.7639  0.9747  2.4983 23.4125
  5.5557  1.8246  0.9708  1.6228 14.0543
  6.0638  2.4661  0.9980  2.3760 20.3712
  5.2447  3.2447  0.9836  1.9063 28.4357
  4.6438  0.2732  0.9814  1.6292  1.3840
  6.6970  2.2549  0.6560  0.8361 18.2531
  4.7566  3.0199  0.9980  0.5774 26.0715
  5.5543  3.6777  0.9860  2.4111 33.0612
  5.3435  2.4367  0.9841  0.6221 20.0747
  5.2715  1.9453  0.9962  1.2169 15.2142
  4.4303  3.4621  0.9692  1.3224 30.7477
  5.2576  1.2439  0.9829  1.1230  8.7205
  3.8008  3.0616  0.9750  0.9221 26.5076
  5.0961  3.4367  0.9753  2.3057 30.4763
  4.9488  1.2987  0.9837  1.1122  9.2029
  5.1613  0.8410  0.9886  0.9013  5.3500
  5.1299  1.0925  0.9777  2.1789  7.4147
  5.3990  3.8595  0.9804  2.3276 35.0280
  5.3277  1.5922  0.9957  1.4332 11.8662
  4.5556  1.4071  0.9841  1.5790 10.1722
  4.8033  2.9283  0.9667  0.6990 25.1154
  6.0094  3.7932  0.9927  0.8678 34.3092
  5.0044  2.4807  0.9715  0.3277 20.5190
  5.7077  3.0704  0.9690  1.2123 26.6002
  5.4647  2.9366  0.9737  0.8299 25.2018
  4.2442  3.3824  0.9783  1.6008 29.8972
  4.9025  1.8028  0.9980  2.0728 13.8465
  3.8347  0.9692  0.9717  0.9536  6.3849
  4.4206  4.3129  0.9765  1.6954 39.9887
  3.8346  2.2119  0.9691  2.1389 17.8259
  5.0787  2.4584  0.9973  0.7042 20.2935
  5.3269  1.9160  0.9798  2.9072 14.9321
  4.6696  3.8952  0.9766  2.4285 35.4155
  4.6188  3.0727  0.9948  0.9288 26.6243
  4.4418  3.1665  0.9910  0.2138 27.6105
  5.2274  3.2805  0.9691  0.2203 28.8157
  4.7259  3.9530  0.9895  2.1500 36.0440
  3.7500  2.8767  0.9778  2.1649 24.5792
  4.4992  1.4624  0.9962  2.3397 10.6735
  4.9590  4.1277  0.9736  1.3975 37.9526
  5.1995  3.8131  0.9770  2.7493 34.5244
  5.4986  0.7451  0.9890  2.0451  4.6035
  5.5160  2.9668  0.9775  0.6889 25.5163
  4.0216  3.4737  0.9964  2.2561 30.8718
  3.7124  3.7661  0.9842  1.1019 34.0161
  5.0525  1.2341  0.9980  1.7146  8.6344
  4.5888  4.4919  0.9927  1.5702 41.9666
  5.2462  1.7270  0.9951  1.2254 13.1276
  4.9818  0.9977  0.9753  1.3654  6.6199
  5.6734  2.2014  0.9959  1.8620 17.7216
  3.8250  1.9821  0.9952  0.4126 15.5717
  5.2964  3.2258  0.9681  2.3535 28.2363
  5.4914  2.2309  0.9839  0.5841 18.0143
  5.5227  2.2696  0.9980  0.4814 18.3994
  4.8025  3.6871  0.9760  0.6352 33.1628
  4.8133  4.2649  0.9882  1.9918 39.4598
  3.8153  3.3455  0.9752  0.7545 29.5052
  6.8871  4.2482  0.9808  1.7419 39.2760
  5.2569  2.0716  0.9980  2.1162 16.4434
  4.6854  2.1201  0.9927  2.8959 16.9194
  5.1065  4.3760  0.9679  0.8403 40.6848
  5.3452  1.3993  0.9980  1.5288 10.1022
  5.1324  4.3108  0.9668  0.4178 39.9651
  5.1079  3.7798  0.9809  0.4801 34.1635
  4.5826  2.9552  0.9805  1.7406 25.3961
  5.5277  1.1220  0.9912  0.5059  7.6653
  4.0548  4.2931  0.9803  1.3579 39.7698
  6.1284  1.7114  0.9758  1.5776 12.9809
  4.6883  2.0110  0.9707  0.4602 15.8521
  4.9580  3.2058  0.9678  1.5102 28.0247
  4.5061  2.8245  0.9919  0.1610 24.0381
  5.1884  2.3439  0.9891  1.1154 19.1413
  5.1757  3.7877  0.9807  2.0648 34.2493
  4.2721  2.8270  0.9980  0.9232 24.0642
  4.2886  0.2259  0.9789  2.4393  1.1141
  5.4811  1.6419  0.9915  0.2484 12.3287
  5.2250  1.5029  0.9824  1.8477 11.0430
  6.2931  3.2126  0.9686  1.2740 28.0972
  6.0800  0.9767  0.9709  1.3788  6.4459
  4.1889  3.7558  0.9971  1.9398 33.9046
  5.8597  2.8984  0.9700  1.0271 24.8051
  4.8613  4.1682  0.9850  1.5670 38.3970
  5.2199  2.8034  0.9918  1.5643 23.8207
  4.9945  3.7254  0.9980  1.4883 33.5761
  4.2380  0.8111  0.9917  1.8832  5.1142
  5.9429  3.7897  0.9869  1.6574 34.2710
  4.7020  2.1271  0.9940  2.9398 16.9885
  4.6439  4.4719  0.9719  1.6420 41.7452
  5.2787  1.4381  0.9814  1.5434 10.4530
  5.2256  3.7594  0.9781  1.7934 33.9436
  5.5859  4.2095  0.9695  0.7023 38.8500
  5.7547  3.4423  0.9939  1.0386 30.5365
  5.1070  3.9439  0.9959  1.2815 35.9451
  5.4977  2.5659  0.9752  0.6376 21.3842
  5.1833  2.7726  0.9814  2.2835 23.5026
  4.7574  2.6396  0.9765  0.9080 22.1364
  6.1111  4.2643  0.9739  1.1851 39.4531
  4.6486  3.7059  0.9800  0.5424 33.3650
  4.3293  1.6929  0.9727  2.1582 12.8066
  5.4657  3.3653  0.9726  1.0731 29.7153
  4.4059  1.6707  0.9681  0.8834 12.5988
  5.4468  3.9591  0.9777  1.5494 36.1106
  5.4177  1.1371  0.9740  1.6759  7.7948
  5.3091  2.1232  0.9871  1.5288 16.9504
  4.4272  3.9679  0.9833  1.6902 36.2068
  5.5562  4.4137  0.9756  2.0111 41.1008
  4.3550  2.5702  0.9917  0.8153 21.4278
  6.4868  1.6345  0.9257  1.8389 12.2595
  5.2294  2.7417  0.9831  0.1107 23.1841
  5.3129  1.3698  0.9904  1.7075  9.8366
  5.3471  2.5432  0.9777  1.1174 21.1530
  5.3516  3.5977  0.9980  1.2446 32.2002
  5.6243  0.8174  0.9980  1.6525  5.1640
  4.6213  4.4057  0.9744  1.4690 41.0132
  4.4144  3.9044  0.9804  0.4689 35.5154
  5.0560  2.4268  0.9942  2.6050 19.9748
  4.6157  1.2260  0.9862  1.0146  8.5638
  4.4654  1.8256  0.9818  0.7955 14.0640
  3.9844  2.8274  0.9909  0.7320 24.0689
  4.7884  2.3536  0.9744  0.6021 19.2392
  5.5369  2.6651  0.9885  2.6558 22.3968
  6.7144  3.7426  0.6353  0.6424 33.7616
  5.1933  2.3356  0.9904  1.2314 19.0589
  5.0355  3.4187  0.9731  1.7971 30.2837
  5.8107  0.9296  0.9675  1.1249  6.0606
  4.7828  1.1399  0.9677  1.0692  7.8191
  5.3108  2.7458  0.9872  0.3843 23.2264
  5.5414  1.1905  0.9905  1.5342  8.2555
  3.9547  0.7730  0.9974  0.9402  4.8177
  3.8776  1.8876  0.9914  0.5069 14.6579
  4.7701  3.4550  0.9972  2.6004 30.6711
  5.3052  1.0941  0.9950  0.3884  7.4279
  5.4317  4.3135  0.9753  1.0591 39.9952
  5.2255  1.5020  0.9971  0.9576 11.0354
  5.1493  2.7800  0.9851  1.0097 23.5781
  4.7132  3.4034  0.9669  0.4151 30.1207
  4.9569  2.2843  0.9980  1.5041 18.5463
  5.2437  1.7680  0.9668  1.2467 13.5164
  4.6401  1.3802  0.9980  1.8212  9.9298
  4.9457  3.3366  0.9667  2.1037 29.4102
  5.2775  3.4971  0.9928  1.7847 31.1212
  5.3677  1.6658  0.9859  0.3077 12.5527
  5.2224  3.8810  0.9673  0.6281 35.2608
  4.1868  1.0763  0.9782  2.2211  7.2773
  3.6360  2.3802  0.9671  1.8896 19.5055
  4.7173  2.7661  0.9927  1.3932 23.4351
  6.3853  1.1363  0.9843  1.6709  7.7884
  3.6027  4.0916  0.9692  1.3331 37.5576
  5.5174  2.5607  0.9950  1.9856 21.3312
  5.2955  2.3838  0.9946  1.5248 19.5417
  6.0366  2.7684  0.9876  0.9507 23.4591
  5.5743  2.6578  0.9711  2.2195 22.3224
  5.0630  3.4949  0.9910  2.7492 31.0980
  5.0966  2.8447  0.9827  1.0620 24.2474
  5.1876  1.5692  0.9958  0.4096 11.6536
  5.2712  4.1811  0.9977  1.8221 38.5381
  5.1451  4.3803  0.9777  2.3819 40.7325
  5.1239  0.8527  0.9704  0.4196  5.4424
  4.8687  2.8181  0.9973  1.6597 23.9724
  4.1240  1.9975  0.9973  0.1731 15.7209
  4.8541  2.8902  0.9916  0.4035 24.7195
  6.7243  2.3075  0.6602  0.9906 18.7775
  5.0038  4.0072  0.9808  2.3794 36.6352
  4.6533  2.5958  0.9871  1.1822 21.6881
  5.9171  1.9084  0.9765  0.7800 14.8584
  5.5096  1.8199  0.9680  0.8387 14.0098
  4.3053  1.0656  0.9774  1.1010  7.1869
  5.0572  4.0508  0.9793  0.5066 37.1108
  4.7077  4.2112  0.9856  0.9784 38.8686
  4.9163  3.5177  0.9825  0.4131 31.3416
  5.2874  1.4138  0.9691  1.1140 10.2326
  5.4103  3.9696  0.9976  2.3267 36.2249
  5.1480  2.3065  0.9872  1.4888 18.7672
  5.2315  3.1190  0.9746  1.4067 27.1102
  5.1897  2.6265  0.9791  1.4985 22.0021
  5.2530  1.2013  0.9745  1.2156  8.3487
  5.0095  4.2806  0.9836  1.5701 39.6324
  5.5861  4.3408  0.9947  0.5723 40.2960
  4.7084  1.5049  0.9835  0.7922 11.0617
  5.1749  1.9670  0.9824  2.0315 15.4250
  5.7450  1.0930  0.9902  2.5252  7.4188
  5.0931  3.0016  0.9980  0.4251 25.8800
  4.8784  1.0648  0.9917  0.6278  7.1806
  5.3302  0.9046  0.9713  0.6455  5.8583
  4.7901  2.6933  0.9810  2.7350 22.6864
  5.4341  3.2598  0.9891  2.2471 28.5963
  5.1069  1.7154  0.9803  1.6804 13.0183
  5.6271  2.9459  0.9678  1.5436 25.2987
  6.0382  0.7671  0.9768  0.6203  4.7722
  5.6692  2.8685  0.9917  2.1889 24.4943
  5.2119  1.2982  0.9849  2.8971  9.1990
  4.3443  3.8179  0.9734  1.9062 34.5762
  5.2184  2.5924  0.9969  1.7731 21.6543
  5.2632  2.0010  0.9869  1.0239 15.7544
  5.1433  2.2298  0.9698  2.5864 18.0040
  5.1410  3.0714  0.9749  0.4584 26.6107
  6.3140  2.6771  0.9751  2.7036 22.5197
  5.0166  1.6890  0.9977  1.4032 12.7704
  4.7436  2.1657  0.9775  1.8630 17.3685
  5.9665  1.1321  0.9677  1.8596  7.7521
  5.2748  2.6421  0.9978  1.8470 22.1616
  5.3933  1.6607  0.9771  0.9325 12.5046
  4.4389  3.3261  0.9809  1.4156 29.2989
  5.5074  3.7060  0.9706  0.4504 33.3664
  5.2662  3.9378  0.9670  0.5254 35.8784
  5.4173  4.1027  0.9709  2.1111 37.6790
  4.9369  4.1315  0.9849  1.2291 37.9944
  5.3923  3.1423  0.9901  0.5962 27.3559
  5.1213  1.6015  0.9745  1.0686 11.9523
  4.9639  2.8236  0.9702  1.9922 24.0293
  5.4479  3.4030  0.9735  2.3983 30.1167
  5.6144  4.4544  0.9863  0.7905 41.5515
  5.1492  1.2432  0.9906  1.0994  8.7147
  4.8600  3.2486  0.9859  2.0869 28.4776
  4.2153  4.3550  0.9710  2.0011 40.4523
  6.2732  4.2323  0.9958  0.9646 39.1013
  5.6559  2.6870  0.9871  0.3349 22.6221
  5.7063  2.7703  0.9675  1.3016 23.4786
  5.3111  2.5316  0.9805  1.1763 21.0351
  5.3185  1.4680  0.9720  1.2714 10.7243
  4.8114  3.0805  0.9719  0.9561 26.7062
  4.8761  0.3793  0.9980  1.6311  2.0291
  4.2089  1.8733  0.9732  1.3899 14.5205
  5.4222  1.2934  0.9894  1.0615  9.1568
  5.6975  2.4356  0.9822  1.5038 20.0630
  5.2637  1.4657  0.9767  1.1062 10.7031
  4.6391  4.1512  0.9826  1.2395 38.2107
  5.7274  2.2728  0.9826  2.2723 18.4317
  4.6974  2.0626  0.9941  1.7272 16.3561
  3.9583  1.8787  0.9682  1.2673 14.5730
  4.4347  1.4145  0.9711  0.5000 10.2393
  5.5435  4.4812  0.9785  0.8360 41.8481
  4.8529  3.9735  0.9926  0.2131 36.2672
  4.8688  3.1619  0.9858  0.2741 27.5620
  5.3177  1.5328  0.9776  1.8663 11.3173
  6.8586  3.0706  0.5009  0.4597 26.6023
  4.5319  2.3734  0.9942  1.1436 19.4379
  5.6147  3.6731  0.9885  1.3791 33.0115
  4.9793  4.1721  0.9980  0.7099 38.4401
  6.0141  4.2010  0.9823  1.0299 38.7574
  5.5806  2.2570  0.9716  1.6372 18.2737
  5.4644  2.5599  0.9973  1.7762 21.3231
  5.1969  2.0122  0.9874  1.1655 15.8638
  5.4789  2.1658  0.9906  1.6420 17.3697
  5.0161  1.8907  0.9685  1.6522 14.6883
  4.5268  1.6996  0.9774  1.8237 12.8700
  5.0422  3.5120  0.9945  1.7881 31.2806
  5.5858  1.5751  0.9794  0.4544 11.7081
  5.9001  4.3897  0.9946  2.9427 40.8363
  4.9654  1.1519  0.9980  0.5619  7.9219
  5.2819  4.2822  0.9840  2.4743 39.6503
  5.5260  1.2110  0.9765  1.0770  8.4335
  5.1409  1.2816  0.9736  1.1777  9.0518
  6.2667  4.1319  0.9980  0.6594 37.9988
  5.0536  3.4541  0.9835  1.8142 30.6617
  4.6802  4.3998  0.9891  2.7134 40.9471
  5.0869  3.1347  0.9867  1.3231 27.2759
  4.6205  4.2364  0.9820  2.8015 39.1462
  5.1881  2.1948  0.9744  0.7794 17.6565
  5.2926  1.2274  0.9782  1.1705  8.5764
  5.7960  3.3428  0.9710  2.1701 29.4760
  5.2832  3.0752  0.9980  2.1508 26.6506
  4.7807  3.3457  0.9853  0.6026 29.5070
  5.7090  3.4320  0.9715  1.1098 30.4266
  5.1131  2.1803  0.9916  0.5571 17.5134
  5.2897  3.2245  0.9913  1.8519 28.2229
  5.1765  2.7971  0.9959  0.9149 23.7553
  4.9608  3.2598  0.9744  1.7939 28.5964
  5.2615  2.1192  0.9751  2.4075 16.9104
  3.9559  2.6863  0.9889  0.3924 22.6146
  5.1293  1.3538  0.9759  0.2701  9.6936
  4.9181  2.4780  0.9677  0.5103 20.4915
  3.9006  2.2306  0.9980  0.2993 18.0115
  5.2842  3.5312  0.9720  1.7548 31.4865
  5.2987  2.6689  0.9961  2.3040 22.4357
  5.0453  2.2116  0.9667  0.7434 17.8231
  4.5978  1.3424  0.9813  1.6296  9.5920
  5.1398  3.3522  0.9980  3.0232 29.5762
  5.4207  3.1623  0.9717  0.8700 27.5666
  5.2434  2.4781  0.9802  2.3721 20.4925
  6.0281  2.4896  0.9730  2.4831 20.6088
  5.2051  4.2979  0.9692  1.8636 39.8229
  4.7899  2.6499  0.9803  0.1551 22.2419
  3.5349  2.6816  0.9729  0.9134 22.5666
  5.8473  1.8106  0.9782  0.1790 13.9214
  5.4342  2.5216  0.9856  0.4603 20.9341
  5.4028  3.6207  0.9980  0.2447 32.4472
  4.6325  1.6467  0.9970  1.0631 12.3737
  4.5523  4.4898  0.9900  0.9634 41.9441
  5.2402  1.4989  0.9761  0.9981 11.0064
  5.8743  1.3962  0.9615  0.4441 10.0738
  4.3446  1.3677  0.9792  2.1998  9.8179
  5.1178  2.6191  0.9944  2.5775 21.9266
  6.8952  2.0624  0.4765  1.4704 16.3537
  5.1941  0.4160  0.9980  2.5694  2.2647
  3.8237  4.4666  0.9851  1.0675 41.6872
  5.1174  3.7966  0.9967  0.8051 34.3455
  5.7051  1.6932  0.9751  0.4397 12.8093
  4.7835  0.9246  0.9967  0.6761  6.0203
  5.8565  2.4386  0.9821  1.4218 20.0938
  5.2460  3.9454  0.9839  1.6609 35.9621
  4.8757  3.1805  0.9698  0.6912 27.7577
  5.0451  2.5314  0.9966  0.8676 21.0329
  5.2242  3.7987  0.9898  2.3822 34.3689
  5.2730  3.7188  0.9680  1.2640 33.5047
  4.7104  3.4983  0.9745  2.4778 31.1342
  4.1473  4.1023  0.9953  0.9476 37.6749
  4.9813  3.4744  0.9861  2.4048 30.8785
  5.3394  1.1390  0.9699  2.1107  7.8113
  5.0428  0.8096  0.9706  0.4658  5.1028
  5.1507  3.2156  0.9918  1.6915 28.1289
  4.7691  1.6757  0.9906  0.7224 12.6454
  5.5802  1.1224  0.9874  1.8872  7.6692
  5.2471  1.9561  0.9924  2.1476 15.3188
  5.8815  2.7706  0.9809  0.5118 23.4820
  5.6357  2.2711  0.9673  2.2559 18.4145
  4.7806  3.2000  0.9883  0.3233 27.9638
  4.7892  3.2050  0.9832  2.0936 28.0162
  4.6539  2.2221  0.9753  1.4996 17.9273
  4.9447  1.9144  0.9956  2.9452 14.9165
  5.0620  3.5594  0.9897  0.7862 31.7889
  5.8338  3.3794  0.9936  0.9972 29.8650
  6.8504  1.0796  0.4902  2.1734  7.3053
  6.0138  3.7006  0.9697  0.7023 33.3082
  5.2589  2.0243  0.9864  1.1702 15.9814
  4.5407  2.3853  0.9980  2.0263 19.5573
  4.8221  1.3439  0.9727  0.5811  9.6055
  4.1203  3.1296  0.9872  1.3729 27.2219
  4.9092  1.5135  0.9691  1.5948 11.1406
  3.9515  0.5359  0.9932  2.7440  3.0717
  5.7099  3.4646  0.9865  0.4792 30.7745
  4.8175  3.3131  0.9980  0.0646 29.1610
  4.7532  3.3957  0.9792  1.6279 30.0388
  5.0011  2.1766  0.9674  0.7220 17.4767
  6.7960  1.4069  0.5997  1.9070 10.1704
  5.2864  2.9354  0.9802  0.3218 25.1891
  5.5820  0.4003  0.9725  2.3582  2.1633
  4.9956  3.9170  0.9848  1.2223 35.6530
  5.2026  4.4652  0.9769  1.6445 41.6712
  5.0499  3.2140  0.9956  1.0591 28.1114
  5.2111  3.3163  0.9979  1.9220 29.1947
  5.2314  1.0686  0.9677  0.5302  7.2129
  5.3623  2.3069  0.9963  2.0049 18.7712
  5.0385  4.1307  0.9845  1.9658 37.9863
  5.9413  2.7711  0.9784  1.1490 23.4867
  5.2100  2.9446  0.9682  0.4771 25.2850
  5.7308  1.6495  0.9925  0.5626 12.4005
  5.8548  2.8472  0.9969  1.6052 24.2732
  4.0156  2.1651  0.9894  1.3404 17.3630
  5.7750  3.2376  0.9929  1.6409 28.3611
  5.5016  1.9891  0.9708  1.3445 15.6387
  4.9294  2.4281  0.9740  1.0143 19.9881
  4.7576  1.1604  0.9725  1.5749  7.9952
  5.4761  2.4384  0.9694  1.2933 20.0918
  5.7283  3.5382  0.9790  2.2058 31.5615
  4.9256  2.5196  0.9894  1.7994 20.9133
  4.9474  3.1863  0.9744  2.8213 27.8192
  4.6441  2.4063  0.9836  2.1463 19.7679
  4.9596  1.8400  0.9881  0.9283 14.2020
  5.0528  3.4502  0.9872  0.2904 30.6208
  4.6789  2.8017  0.9951  1.8748 23.8031
  5.8872  2.8795  0.9747  0.4107 24.6083
  5.0010  3.4808  0.9961  1.3833 30.9470
  4.6685  4.2878  0.9794  0.8591 39.7120
  5.3934  1.1224  0.9744  2.4907  7.6692
  5.2514  1.9545  0.9980  0.0833 15.3040
  5.1582  2.3399  0.9668  0.5520 19.1017
  6.3975  3.1257  0.9881  2.0069 27.1814
  4.9245  3.9416  0.9911  1.1255 35.9204
  4.6878  3.1751  0.9765  1.1619 27.7011
  4.9918  3.3917  0.9855  0.3281 29.9965
  4.3052  4.3848  0.9931  2.6729 40.7820
  3.5668  2.6835  0.9755  0.5234 22.5861
  4.4385  2.7409  0.9979  1.1196 23.1755
  5.2367  3.1585  0.9719  1.2632 27.5260
  5.8088  3.9899  0.9810  0.0802 36.4464
  5.3187  2.6676  0.9870  0.2806 22.4222
  5.7102  3.2730  0.9910  1.4712 28.7358
  5.0912  4.2536  0.9788  0.5160 39.3351
  5.8728  4.1317  0.9839  0.2269 37.9968
  4.4516  1.1731  0.9762  1.6072  8.1046
  4.3713  4.1244  0.9894  1.2238 37.9168
  5.2776  1.1591  0.9949  1.1392  7.9834
  5.1802  2.6953  0.9681  2.6638 22.7073
  5.4558  2.6000  0.9715  0.2868 21.7310
  5.2473  1.7526  0.9875  0.7693 13.3703
  5.2813  3.1182  0.9767  1.2570 27.1024
  6.0702  3.8398  0.9743  1.2367 34.8137
  3.6496  1.5066  0.9669  2.8686 11.0772
  4.5766  2.0152  0.9897  1.0492 15.8934
  4.9036  1.8044  0.9976  0.6860 13.8619
  5.4115  2.4258  0.9744  1.6374 19.9651
  4.1203  0.9805  0.9756  2.0926  6.4774
  4.9009  2.3081  0.9955  2.5608 18.7832
  4.9779  1.0894  0.9785  1.5065  7.3882
  5.2216  1.2347  0.9901  2.3811  8.6396
  4.5372  3.7570  0.9958  2.1767 33.9173
  5.7082  3.7081  0.9700  2.1022 33.3886
  5.8768  3.7028  0.9706  1.3361 33.3321
  4.3670  1.2539  0.9761  2.8524  8.8083
  5.1801  3.5948  0.9763  1.2990 32.1694
  5.3033  1.6541  0.9946  1.5344 12.4434
  5.2559  2.7953  0.9771  2.7200 23.7371
  5.1141  2.8978  0.9894  2.1299 24.7981
  5.3100  3.8017  0.9944  2.0805 34.4011
  5.9016  1.1501  0.9691  1.9687  7.9064
  4.9258  4.2842  0.9714  1.1806 39.6726
  3.6623  3.0080  0.9762  1.1329 25.9469
  3.9637  3.1430  0.9822  0.1421 27.3626
  5.2308  3.2342  0.9917  0.9254 28.3249
  5.6453  4.4018  0.9843  0.9176 40.9695
  3.9945  0.9897  0.9903  1.0504  6.5531
  5.3689  1.6419  0.9964  1.8213 12.3289
  5.3247  2.9541  0.9754  1.0809 25.3839
  5.7263  3.0664  0.9714  2.7210 26.5585
  5.1137  3.4027  0.9843  1.1226 30.1139
  4.6539  1.8364  0.9848  0.9813 14.1676
  5.0729  2.4849  0.9790  0.8320 20.5620
  5.2314  1.2256  0.9681  0.9837  8.5607
  4.1784  1.7680  0.9758  0.1341 13.5160
  4.3824  1.9818  0.9957  1.1377 15.5682
  5.9146  0.6570  0.9928  1.5776  3.9411
  4.2695  2.8437  0.9749  0.4309 24.2368
  4.8571  3.6467  0.9980  1.8092 32.7275
  6.0693  3.6081  0.9875  1.0447 32.3123
  5.5700  2.7974  0.9670  2.4569 23.7587
  5.1825  1.8033  0.9792  1.5206 13.8518
  4.1489  3.8341  0.9755  1.3989 34.7520
  5.5992  3.9149  0.9980  1.4044 35.6293
  4.9182  2.1985  0.9968  0.4391 17.6931
  5.5205  2.5179  0.9814  1.5595 20.8959
  6.1365  2.1290  0.9885  2.0955 17.0071
  5.3077  1.6437  0.9753  2.2494 12.3455
  4.9162  0.8447  0.9776  1.7017  5.3792
  4.6522  3.2356  0.9709  0.9543 28.3398
  5.7160  3.0803  0.9808  2.0781 26.7046
  5.4466  1.5620  0.9798  0.4929 11.5865
  4.9811  1.2555  0.9956  0.4595  8.8223
  5.0405  3.6018  0.9900  1.8972 32.2447
  4.8323  3.6165  0.9978  2.0892 32.4025
  6.1431  1.9456  0.9728  1.0642 15.2171
  4.7078  3.4122  0.9953  1.2787 30.2146
  5.4429  2.8366  0.9803  2.0683 24.1641
  5.2502  1.0414  0.9871  1.0257  6.9837
  5.0352  4.3676  0.9980  0.2607 40.5916
  5.4126  1.5252  0.9713  0.6678 11.2479
  4.7408  3.6402  0.9859  1.8599 32.6576
  4.0122  0.8601  0.9940  0.7228  5.5016
  5.2623  0.9842  0.9793  1.6738  6.5078
  6.4076  3.2471  0.9413  1.1057 28.4611
  6.8324  2.3687  0.4633  1.7095 19.3901
  5.9439  1.7554  0.9763  2.3389 13.3970
  5.5956  2.8912  0.9980  2.5538 24.7298
  4.3183  1.6554  0.9980  1.3176 12.4550
  4.8576  2.0684  0.9848  2.0789 16.4120
  5.4922  3.0839  0.9903  1.3248 26.7417
  5.3632  3.4733  0.9852  0.7309 30.8671
  5.3533  3.6160  0.9727  0.8052 32.3973
  5.3460  2.1302  0.9902  1.4347 17.0192
  6.3663  3.0031  0.9899  0.3749 25.8957
  3.8750  2.6798  0.9891  0.9855 22.5475
  4.2107  2.9134  0.9764  2.8681 24.9608
  5.2135  1.3930  0.9724  2.0207 10.0453
  5.1658  2.4773  0.9829  1.6408 20.4843
  4.6262  4.3582  0.9679  0.6699 40.4882
  4.7172  2.0348  0.9714  2.2356 16.0843
  4.9760  2.5103  0.9696  1.6502 20.8191
  5.0356  2.8719  0.9862  0.7460 24.5297
  5.2430  3.3018  0.9689  0.7529 29.0413
  5.4320  1.2739  0.9676  1.5202  8.9841
  5.8305  1.9770  0.9723  1.3935 15.5215
  5.8441  1.4823  0.9838  1.0062 10.8545
  5.3595  2.9079  0.9964  1.0321 24.9030
  4.2727  0.3711  0.9744  1.4585  1.9780
  5.0128  1.4757  0.9878  1.1876 10.7942
  4.9391  3.9242  0.9771  0.2993 35.7303
  5.3392  3.3855  0.9679  1.7919 29.9303
  5.7491  3.5420  0.9825  1.7213 31.6020
  5.9976  3.2025  0.9770  1.4872 27.9897
  3.6859  1.9804  0.9782  1.3034 15.5544
  6.3262  1.0465  0.9681  1.6343  7.0263
  5.1253  2.6225  0.9759  0.7632 21.9614
  5.0335  3.8331  0.9980  0.7413 34.7409
  5.1016  1.4553  0.9948  2.2068 10.6084
  4.1718  2.7426  0.9919  1.7116 23.1934
  4.7685  2.2137  0.9731  1.4899 17.8444
  5.2480  1.5599  0.9694  1.5327 11.5672
  5.2651  1.1785  0.9824  1.9035  8.1515
  4.8141  3.8261  0.9786  0.7123 34.6653
  5.1807  1.8742  0.9748  0.6664 14.5293
  5.3036  3.8513  0.9886  1.3343 34.9388
  3.6535  2.0242  0.9924  1.8819 15.9803
  5.1137  2.7174  0.9767  0.9663 22.9336
  6.2811  2.6093  0.9956  0.9816 21.8259
  5.4000  2.9925  0.9904  0.5784 25.7846
  5.4111  3.2534  0.9954  2.6931 28.5282
  5.7502  1.6100  0.9687  1.0955 12.0321
  5.1244  0.6886  0.9885  0.7519  4.1762
  6.0234  3.1517  0.9677  1.0578 27.4551
  5.3320  0.9980  0.9872  0.9162  6.6218
  6.7259  1.9077  0.6941  0.8219 14.8521
  5.4394  1.7243  0.9847  0.8255 13.1029
  5.2360  1.4167  0.9742  0.8198 10.2588
  4.4917  4.0693  0.9855  0.5890 37.3133
  5.1385  1.0298  0.9725  0.4455  6.8871
  3.7247  1.7869  0.9872  1.8153 13.6956
  5.1731  3.0956  0.9688  2.1079 26.8644
  5.5620  3.2324  0.9949  0.6141 28.3056
  5.0453  4.2702  0.9980  1.7544 39.5179
  5.7960  2.1702  0.9753  0.4702 17.4138
  5.2258  1.5087  0.9770  1.1484 11.0961
  6.3410  2.4654  0.9927  1.4153 20.3642
  4.8270  0.8302  0.9778  2.5070  5.2646
  4.4374  1.2061  0.9972  1.0021  8.3903
  5.1599  1.5353  0.9735  1.3473 11.3411
  4.9185  1.4807  0.9673  1.8365 10.8403
  6.0152  3.7621  0.9943  1.4485 33.9729
  6.7552  3.5924  0.6060  1.7071 32.1431
  5.0048  1.9563  0.9969  1.1995 15.3215
  5.2235  3.3106  0.9707  1.3419 29.1348
  3.8226  3.6402  0.9763  0.2310 32.6571
  5.8317  2.1012  0.9682  0.2352 16.7338
  5.2304  1.1483  0.9901  1.7929  7.8912
  5.1966  2.5693  0.9953  0.9374 21.4186
  5.0874  3.2559  0.9913  1.8242 28.5542
  6.8111  2.3988  0.6943  0.4076 19.6929
  5.1806  2.0863  0.9886  1.0764 16.5879
  5.2644  1.4286  0.9678  1.5313 10.3665
  4.4845  1.6520  0.9794  1.3188 12.4232
  4.7402  2.1064  0.9885  0.6302 16.7850
  5.1758  1.2953  0.9907  2.4141  9.1733
  4.4006  3.3105  0.9974  1.9491 29.1331
  5.1385  1.6362  0.9746  1.0261 12.2757
  5.3491  3.5708  0.9980  1.7387 31.9118
  5.1741  2.8623  0.9810  0.9689 24.4296
  4.4595  3.9428  0.9732  1.9585 35.9337
  4.8980  3.4620  0.9792  1.2612 30.7460
  5.1823  1.5847  0.9816  0.0564 11.7966
  6.5950  1.9212  0.9031  0.2652 14.9814
  4.8943  1.2480  0.9835  1.3188  8.7567
  5.0829  0.9433  0.9874  1.3090  6.1720
  4.8125  4.2020  0.9770  1.2635 38.7685
  5.3464  1.8967  0.9960  0.3838 14.7463
  5.2671  2.7446  0.9863  2.0502 23.2134
  5.3067  3.1860  0.9837  1.1823 27.8156
  4.6541  1.4106  0.9700  0.8378 10.2043
  5.6558  2.1491  0.9700  1.4846 17.2052
  5.5822  3.5235  0.9957  1.9182 31.4042
  5.4403  2.3313  0.9668  0.5572 19.0159
  4.7091  4.4628  0.9876  0.5473 41.6448
  5.1962  3.7087  0.9938  0.9965 33.3950
  5.3176  3.3012  0.9734  2.7898 29.0351
  5.2180  1.9637  0.9682  0.9721 15.3926
  5.2733  0.4974  0.9893  0.6297  2.8065
  4.7265  1.7213  0.9784  1.2868 13.0740
  4.5424  2.6848  0.9791  0.3603 22.5989
  5.0304  3.0798  0.9942  0.5209 26.6987
  5.5735  1.5632  0.9721  0.2232 11.5978
  5.5959  3.5838  0.9966  1.2987 32.0510
  5.0223  3.3642  0.9849  1.3165 29.7040
  5.1256  2.7417  0.9819  0.0654 23.1840
  3.7739  4.1318  0.9930  0.4890 37.9973
  5.7090  3.1576  0.9693  1.8501 27.5170
  5.1038  3.0161  0.9851  0.4207 26.0315
  4.5120  2.4741  0.9840  1.6529 20.4525
  5.1071  2.1010  0.9770  1.0257 16.7320
  5.1341  2.7662  0.9972  1.1579 23.4364
  4.7059  0.7204  0.9746  2.6015  4.4155
  5.1879  4.3360  0.9860  2.1066 40.2434
  6.3137  0.6687  0.9711  1.6256  4.0282
  5.8694  1.0095  0.9828  0.4190  6.7176
  3.6492  3.1354  0.9783  1.6250 27.2835
  5.0973  3.4581  0.9893  1.5935 30.7042
  5.4685  3.1003  0.9739  1.2638 26.9143
  4.0385  1.8795  0.9924  1.0815 14.5800
  6.5005  2.7194  0.9891  0.4646 22.9540
  4.0023  3.4450  0.9707  2.7514 30.5651
  5.1538  0.2309  0.9885  1.3933  1.1419
  6.2323  2.6889  0.9770  1.3619 22.6413
  5.6188  3.2106  0.9919  0.1974 28.0761
  5.1694  2.5173  0.9942  1.3706 20.8902
  4.8040  4.1674  0.9672  0.9216 38.3882
  6.4076  2.1559  0.9421  1.0598 17.2727
  4.3888  3.2658  0.9961  1.4864 28.6590
  5.6103  1.7286  0.9690  0.8360 13.1430
  4.4701  2.6906  0.9726  2.2089 22.6590
  5.2463  0.6406  0.9812  1.3200  3.8209
  6.2466  2.6751  0.9735  2.7952 22.4991
  6.3792  3.3603  0.9792  2.5028 29.6627
  4.6031  3.6523  0.9695  1.6648 32.7879
  5.4622  2.0878  0.9899  1.8361 16.6028
  5.0996  2.2302  0.9950  1.4526 18.0077
  4.7484  0.7806  0.9955  0.8651  4.8766
  5.2481  2.4787  0.9923  1.9707 20.4990
  5.4989  3.4727  0.9841  1.9539 30.8612
  6.0770  3.0325  0.9935  1.4836 26.2035
  4.1825  2.8760  0.9917  0.4777 24.5724
  3.9347  1.7144  0.9680  1.2913 13.0089
  4.8549  4.2145  0.9684  0.5108 38.9051
  5.2531  1.0052  0.9980  0.5948  6.6822
  5.3607  1.9858  0.9775  1.3988 15.6067
  5.3203  2.3032  0.9866  1.9327 18.7342
  4.6668  0.9307  0.9792  1.2650  6.0694
  5.2886  1.4904  0.9883  1.3981 10.9289
  6.5134  3.1088  0.8042  1.1308 27.0032
  5.5219  2.6456  0.9675  1.8761 22.1974
  5.5526  1.7640  0.9865  0.8757 13.4778
  5.1515  4.3159  0.9980  2.9950 40.0209
  4.9268  1.9270  0.9515  0.5982 15.0375
  5.3329  2.5772  0.9829  0.2924 21.4991
  4.8496  1.4953  0.9980  2.7076 10.9734
  4.9292  1.4898  0.9872  0.5519 10.9237
  4.8663  3.0951  0.9738  0.0234 26.8589
  5.7025  3.8663  0.9775  3.0085 35.1015
  5.2019  1.8686  0.9874  1.8105 14.4756
  5.2848  2.4295  0.9693  1.1982 20.0016
  4.9738  1.9140  0.9764  1.3554 14.9126
  5.4269  1.1675  0.9763  1.9578  8.0559
  5.2937  1.4639  0.9969  1.7301 10.6867
  6.0141  2.8850  0.9810  0.5005 24.6659
  5.1844  2.9894  0.9784  1.3418 25.7526
  4.1622  1.9128  0.9900  2.3371 14.9007
  4.6298  2.7966  0.9911  2.2758 23.7498
  5.5918  1.6200  0.9700  1.6421 12.1247
  5.8691  1.1970  0.9771  1.1606  8.3112
  5.4533  2.2531  0.9742  2.1056 18.2354
  6.7784  2.6892  0.6367  1.4052 22.6447
  4.8807  2.1497  0.9930  0.0789 17.2109
  5.2874  2.7590  0.9844  0.1866 23.3626
  5.3657  2.6046  0.9798  3.0125 21.7784
  6.3630  1.6860  0.9683  0.6176 12.7418
  4.8756  0.6463  0.9956  2.3788  3.8625
  5.0798  2.4776  0.9801  0.3005 20.4876
  4.9597  2.3008  0.9725  0.9694 18.7101
  5.6135  3.1411  0.9745  0.2378 27.3434
  5.1769  3.2366  0.9980  1.4455 28.3501
  5.1526  1.1406  0.9728  0.8415  7.8246
  6.5987  2.3480  0.8002  1.7352 19.1826
  4.2836  3.3560  0.9766  2.1417 29.6164
  5.7710  4.0662  0.9980  0.9744 37.2796
  5.6302  1.5470  0.9857  2.5293 11.4480
  4.7937  0.7770  0.9980  0.2942  4.8492
  5.7816  3.8089  0.9701  0.4991 34.4794
  5.7825  3.0186  0.9845  0.8479 26.0577
  4.8927  1.3167  0.9892  0.2532  9.3630
  4.9522  2.8589  0.9830  1.1180 24.3943
  5.6605  1.4058  0.9845  1.6421 10.1601
  3.7580  4.2832  0.9818  0.7671 39.6610
  5.1400  1.5906  0.9922  1.2829 11.8518
  5.5358  0.8617  0.9694  1.5745  5.5141
  4.9600  4.1115  0.9687  0.6208 37.7752
  5.0927  4.2897  0.9757  1.5638 39.7325
  5.4282  2.3446  0.9866  1.1378 19.1488
  5.5807  3.8313  0.9817  1.8029 34.7222
  5.6318  3.0737  0.9924  2.6931 26.6349
  5.2824  2.1799  0.9816  1.0206 17.5096
  5.1631  1.5496  0.9971  1.2402 11.4727
  4.0152  2.5639  0.9909  1.9548 21.3641
  5.2987  2.2098  0.9904  0.4708 17.8055
  5.2182  2.3527  0.9980  1.0834 19.2294
  5.4822  1.4955  0.9863  0.3992 10.9751
  5.4973  4.4538  0.9888  0.2649 41.5455
  5.6035  2.0804  0.9980  0.2104 16.5300
  3.5532  2.4162  0.9782  1.8375 19.8683
  5.5842  3.9116  0.9927  0.8939 35.5936
  3.6748  1.0322  0.9752  1.8218  6.9070
  5.1165  1.6929  0.9718  0.6372 12.8073
  4.2360  0.7528  0.9837  1.1399  4.6623
  5.0768  1.0684  0.9914  0.6153  7.2111
  5.4599  4.2317  0.9828  0.1859 39.0948
  5.9776  2.2711  0.9966  1.4486 18.4141
  4.6760  0.4750  0.9858  2.3123  2.6551
  6.1764  2.3380  0.9845  0.9511 19.0823
  5.0734  1.3052  0.9918  2.3584  9.2605
  4.7679  1.8015  0.9920  2.2513 13.8347
  4.6118  3.9061  0.9824  1.8098 35.5342
  5.6973  2.2096  0.9917  0.2567 17.8033
  5.1613  2.2987  0.9980  2.7701 18.6895
  6.4749  1.8013  0.9473  2.6151 13.8323
  5.0800  1.1800  0.9892  1.1913  8.1645
  4.6009  3.2957  0.9799  1.2702 28.9761
  4.7062  0.6376  0.9740  1.8558  3.7990
  5.2804  2.2158  0.9726  1.0112 17.8649
  6.0441  3.2107  0.9937  1.2652 28.0768
  4.8792  2.8416  0.9928  1.1549 24.2157
  5.2546  2.8033  0.9672  0.6897 23.8189
  5.2166  2.4720  0.9805  0.4188 20.4312
  5.1659  2.3722  0.9980  0.2015 19.4249
  5.4804  2.1084  0.9674  0.2968 16.8046
  5.1927  4.2894  0.9755  0.9442 39.7295
  5.5362  1.7181  0.9740  2.0435 13.0442
  4.6985  3.9408  0.9930  2.0986 35.9119
  5.4466  3.3270  0.9921  1.6408 29.3080
  5.8921  0.8052  0.9768  1.7888  5.0684
  4.7296  2.9273  0.9947  0.6445 25.1049
  5.2073  4.1092  0.9842  1.6316 37.7508
  5.5402  3.3255  0.9799  1.3414 29.2923
  4.3278  3.3324  0.9863  0.1168 29.3653
  5.2829  1.1708  0.9912  0.6135  8.0848
  5.0309  3.3559  0.9815  0.3900 29.6158
  4.8720  1.3614  0.9882  1.5384  9.7612
  4.7027  2.2262  0.9754  2.1435 17.9675
  5.4912  0.8127  0.9708  1.9370  5.1274
  5.1276  2.8073  0.9873  1.7388 23.8610
  4.5518  3.4702  0.9696  2.4879 30.8339
  4.5765  2.6441  0.9754  2.2885 22.1818
  5.1815  0.7981  0.9766  0.6139  5.0127
  5.5219  4.3833  0.9915  1.7185 40.7652
  4.5363  3.6974  0.9771  0.8666 33.2737
  4.9327  2.0286  0.9835  1.2216 16.0240
  5.2175  2.4845  0.9771  1.0814 20.5578
  4.7852  2.1683  0.9832  0.4816 17.3947
  6.4500  3.1847  0.9677  1.2203 27.8020
  5.4653  4.4805  0.9902  1.6541 41.8406
  4.9023  3.2034  0.9877  0.4085 27.9998
  5.5527  1.9299  0.9969  2.2746 15.0659
  4.9601  3.9511  0.9980  1.0255 36.0236
  4.7087  3.1485  0.9716  1.8389 27.4207
  5.2944  2.6679  0.9871  1.5009 22.4258
  5.3813  1.4603  0.9730  1.3880 10.6539
  5.3668  1.5270  0.9684  1.9887 11.2648
  5.1352  1.5771  0.9833  0.4595 11.7268
  4.9705  0.8163  0.9675  0.8037  5.1552
  5.2600  1.1040  0.9734  1.1605  7.5119
  5.5653  3.8405  0.9754  1.1307 34.8214
  5.8773  0.8913  0.9951  0.8736  5.7514
  4.9265  2.1764  0.9946  1.5763 17.4742
  5.1157  2.6111  0.9881  1.3713 21.8452
  5.1663  2.1234  0.9699  1.1726 16.9526
  5.4271  3.5831  0.9786  1.5277 32.0434
  5.1519  2.8739  0.9743  1.9248 24.5508
  4.7473  2.4474  0.9911  1.7778 20.1822
  4.7327  3.8744  0.9777  1.6778 35.1893
  5.2019  1.8939  0.9875  1.1788 14.7189
  4.6018  2.1320  0.9806  1.2545 17.0365
  4.8848  2.1823  0.9929  1.2149 17.5333
  4.7406  3.0066  0.9942  0.6179 25.9327
  5.5830  3.3577  0.9724  1.5941 29.6346
  5.1427  0.7572  0.9919  1.9968  4.6959
  5.1607  0.7656  0.9680  2.2597  4.7612
  5.2316  3.6847  0.9767  1.4357 33.1369
  4.9540  2.4397  0.9758  0.7388 20.1052
  5.8802  1.9183  0.9798  1.0664 14.9541
  5.0101  3.8841  0.9839  1.8908 35.2949
  4.3254  2.8769  0.9751  1.0275 24.5819
  5.4088  1.7742  0.9965  1.8030 13.5753
  6.0293  1.2879  0.9954  1.8579  9.1078
  5.4513  1.9332  0.9980  1.6185 15.0981
  4.6332  3.2300  0.9940  2.3165 28.2803
  6.0078  1.9754  0.9726  1.4944 15.5057
  5.5462  4.0793  0.9911  2.1071 37.4226
  4.1281  2.8470  0.9943  1.7686 24.2715
  5.2597  1.9042  0.9936  1.2346 14.8180
  5.4983  1.8557  0.9978  0.9742 14.3524
  4.7533  2.9693  0.9720  1.2473 25.5423
  4.8655  4.0026  0.9733  2.2812 36.5852
  5.6985  2.9754  0.9674  0.9362 25.6063
  4.3118  2.7697  0.9711  0.7446 23.4721
  5.0800  3.7194  0.9718  2.3729 33.5112
  4.5419  0.4028  0.9791  0.5449  2.1797
  6.6643  3.4278  0.8285  2.2760 30.3816
  6.4770  2.6790  0.9521  1.0936 22.5393
  3.8495  2.7403  0.9773  1.4535 23.1693
  5.2578  3.0572  0.9757  1.0531 26.4620
  4.0278  4.0306  0.9716  1.8809 36.8908
  5.5859  2.7054  0.9839  0.0973 22.8102
  5.6778  3.4947  0.9679  1.5279 31.0962
  5.7233  2.8433  0.9980  0.6278 24.2326
  4.6093  2.1735  0.9768  2.0024 17.4455
  6.5194  1.7168  0.8668  0.9304 13.0316
  5.0708  4.1332  0.9893  2.1362 38.0129
  5.8020  3.5058  0.9912  0.0558 31.2150
  5.0811  0.9140  0.9829  2.8187  5.9337
  5.2053  3.6748  0.9714  1.9815 33.0298
  4.7496  4.4656  0.9953  1.6495 41.6754
  5.1771  2.5813  0.9677  1.3925 21.5412
  5.0940  3.7626  0.9710  2.2826 33.9777
  4.0530  1.8487  0.9688  1.0405 14.2849
  5.5526  1.5419  0.9926  1.7436 11.4013
  5.2223  4.1017  0.9811  1.6722 37.6686
  4.1123  3.6465  0.9948  0.2044 32.7254
  4.7115  1.1487  0.9923  0.4316  7.8944
  5.1243  4.0989  0.9872  0.1799 37.6375
  6.8194  1.2012  0.5809  1.3503  8.3477
  3.7445  0.5908  0.9805  1.1076  3.4599
  5.2240  1.8506  0.9883  1.8409 14.3032
  5.2721  1.8129  0.9680  0.9200 13.9426
  4.8366  3.1242  0.9854  0.6557 27.1651
  4.3867  3.1959  0.9750  1.5024 27.9207
  5.2742  2.5702  0.9946  2.5461 21.4277
  5.4946  2.9282  0.9980  2.5430 25.1143
  5.2031  3.4023  0.9716  1.0023 30.1089
  4.6438  1.9844  0.9980  1.8530 15.5940
  5.0302  3.1822  0.9935  0.9844 27.7762
  4.8497  3.2826  0.9716  1.5017 28.8372
  5.4578  3.0254  0.9750  1.1733 26.1285
  4.3812  3.6944  0.9867  0.2187 33.2411
  4.4360  3.4943  0.9768  0.2917 31.0920
  5.1133  1.4080  0.9680  1.3892 10.1801
  4.9076  3.1199  0.9938  0.4023 27.1205
  6.1915  3.5297  0.9869  1.2212 31.4702
  4.8073  1.0302  0.9782  0.6859  6.8901
  4.8261  1.9071  0.9804  1.1800 14.8455
  6.1979  2.6170  0.9680  2.3323 21.9051
  5.5561  0.9535  0.9834  1.2094  6.2554
  5.4475  2.1983  0.9865  1.0897 17.6908
  5.2254  3.2969  0.9747  0.7574 28.9887
  5.7870  1.9109  0.9843  0.0948 14.8821
  5.1534  0.5473  0.9774  0.9504  3.1514
  5.4231  3.5073  0.9899  1.1415 31.2303
  4.4490  3.3569  0.9953  2.6856 29.6258
  4.6583  2.8673  0.9936  1.5552 24.4816
  5.1562  2.3869  0.9821  0.4222 19.5733
  6.2806  0.9035  0.9796  1.1912  5.8491
  4.5950  1.8281  0.9980  1.2241 14.0882
  5.5129  3.1616  0.9788  1.9198 27.5586
  4.1618  0.6126  0.9980  1.0764  3.6170
  6.1036  0.4563  0.9932  1.0023  2.5293
  4.5136  3.5173  0.9719  0.7380 31.3375
  5.1438  3.0946  0.9903  1.4727 26.8539
  4.4020  3.8027  0.9867  2.7152 34.4117
  5.2100  1.8163  0.9772  2.0957 13.9753
  5.5354  3.3314  0.9912  0.6965 29.3550
  5.5742  0.5701  0.9949  1.0195  3.3125
  4.0907  3.9524  0.9706  2.7229 36.0379
  4.4361  1.6391  0.9946  2.3012 12.3028
  4.8888  2.8542  0.9770  1.2228 24.3463
  4.6894  2.9381  0.9943  1.9709 25.2181
  6.2484  2.0491  0.9769  1.4203 16.2240
  5.3870  0.7809  0.9747  1.8887  4.8789
  5.4129  3.4740  0.9873  0.3555 30.8742
  3.7592  0.9087  0.9787  1.9077  5.8915
  4.3708  0.8556  0.9697  1.3861  5.4653
  4.8623  3.4849  0.9980  2.0696 30.9907
  4.5681  2.3295  0.9803  2.7969 18.9979
  4.5547  2.7312  0.9770  1.3130 23.0754
  5.9657  1.3582  0.9819  2.1455  9.7329
  4.8478  3.0494  0.9728  1.8378 26.3805
  5.0039  3.3615  0.9713  0.4028 29.6754
  5.2364  3.3079  0.9837  1.6477 29.1054
  5.1306  1.0061  0.9818  0.9025  6.6895
  4.8451  1.3192  0.9754  0.8490  9.3848
  6.1534  4.4569  0.9772  2.5265 41.5788
  3.9697  3.8368  0.9873  0.1552 34.7818
  4.9929  2.7312  0.9851  2.9025 23.0759
  5.4236  1.4614  0.9769  1.7847 10.6646
  4.4872  0.3046  0.9877  1.9037  1.5693
  4.9959  4.0707  0.9897  2.4025 37.3285
  4.7827  1.1133  0.9861  0.7016  7.5911
  5.0609  3.6231  0.9705  1.3506 32.4738
  6.8984  3.1240  0.4607  3.0042 27.1631
  5.2205  1.4620  0.9790  1.6400 10.6698
  4.4213  0.4945  0.9802  0.6809  2.7872
  4.5502  1.4420  0.9857  0.2829 10.4881
  5.1382  2.9196  0.9919  0.7395 25.0255
  5.0893  3.2194  0.9952  0.9721 28.1688
  5.3446  0.8782  0.9767  2.4864  5.6463
  5.6719  2.9721  0.9934  0.6494 25.5723
  4.6516  3.0687  0.9868  0.8703 26.5827
  4.9932  4.1406  0.9778  1.1155 38.0940
  5.3063  3.1060  0.9694  1.4492 26.9742
  6.7315  1.0926  0.8900  2.8278  7.4154
  6.5786  3.5925  0.8615  0.6290 32.1438
  5.8036  3.5205  0.9704  1.5232 31.3716
  5.2025  2.1517  0.9764  1.3681 17.2309
  6.3504  2.2395  0.9949  2.8504 18.0995
  5.2708  3.0091  0.9803  0.2754 25.9579
  4.5713  2.5888  0.9980  0.8342 21.6168
  4.7298  4.2047  0.9791  2.3067 38.7974
  5.1557  3.6293  0.9980  2.3243 32.5400
  4.9161  0.5108  0.9791  0.2644  2.8985
  5.8390  0.7196  0.9874  3.0077  4.4097
  5.1271  2.4369  0.9797  1.4808 20.0770
  4.1881  2.5215  0.9761  2.1484 20.9326
  5.1532  2.6134  0.9800  1.5928 21.8687
  4.4215  4.4222  0.9768  1.3580 41.1949
  4.0483  3.4257  0.9884  0.3956 30.3583
  4.6429  3.3288  0.9677  1.6305 29.3281
  4.2976  3.9510  0.9683  1.7860 36.0228
  3.6289  1.4974  0.9948  1.3620 10.9933
  5.3815  2.5201  0.9904  2.3663 20.9187
  4.4236  2.2616  0.9865  2.5715 18.3201
  4.9019  2.2055  0.9730  0.4070 17.7628
  3.7514  2.5618  0.9832  1.9433 21.3418
  5.3234  4.0431  0.9722  1.1115 37.0273
  3.9360  2.6293  0.9930  0.6471 22.0303
  5.3094  1.1156  0.9726  2.4652  7.6109
  6.2559  4.1972  0.9980  1.4109 38.7157
  5.6148  1.3251  0.9962  0.8828  9.4374
  4.6274  1.3117  0.9751  2.2927  9.3188
  4.9382  3.8804  0.9837  0.4471 35.2543
  4.4198  3.5202  0.9707  1.2788 31.3687
  5.5312  1.7687  0.9728  1.4210 13.5226
  6.0723  4.4285  0.9673  0.0788 41.2644
  5.4856  2.9759  0.9734  0.5113 25.6114
  6.0212  2.3373  0.9923  0.9418 19.0750
  4.9692  2.4237  0.9934  0.9899 19.9438
  5.2130  3.1084  0.9915  0.2450 26.9994
  5.1881  3.4078  0.9720  0.7424 30.1683
  5.2222  2.0714  0.9672  0.6908 16.4420
  4.6195  3.1161  0.9763  1.7072 27.0796
  5.1828  1.8496  0.9793  1.6729 14.2934
  4.1491  3.2746  0.9837  0.9590 28.7528
  6.5658  1.7111  0.8462  0.7471 12.9782
  5.2778  0.6418  0.9980  1.9456  3.8293
  5.5060  0.9739  0.9877  1.7888  6.4233
  5.2429  2.7017  0.9711  1.8444 22.7721
  4.1679  1.5774  0.9872  2.8553 11.7297
  6.1775  2.7488  0.9675  0.2426 23.2572
  5.7946  3.5338  0.9962  1.7772 31.5150
  5.2614  3.8346  0.9925  0.1057 34.7578
  5.4234  3.9312  0.9873  1.3176 35.8065
  4.7316  1.0198  0.9761  1.3103  6.8030
  4.5102  2.5655  0.9758  1.6124 21.3794
  5.3914  2.6580  0.9683  0.5235 22.3244
  4.5624  3.7342  0.9769  2.2630 33.6708
  3.7216  3.3721  0.9720  1.9690 29.7881
  5.8981  1.7549  0.9879  0.4166 13.3916
  5.1422  2.8324  0.9799  2.3647 24.1200
  4.9052  3.4852  0.9861  0.9726 30.9943
  4.9294  2.8421  0.9898  0.6257 24.2208
  5.0372  1.4928  0.9808  0.7159 10.9511
  6.1521  2.9350  0.9969  0.1716 25.1850
  6.3217  2.9340  0.9667  1.6203 25.1747
  5.2825  2.5585  0.9949  0.1681 21.3084
  4.7839  3.3630  0.9938  1.4481 29.6914
  4.3489  3.3864  0.9743  0.8721 29.9399
  5.5247  1.1382  0.9798  2.4905  7.8039
  6.3807  1.2214  0.9938  1.9876  8.5241
  5.3977  4.2196  0.9788  1.3123 38.9611
  4.7726  3.0021  0.9814  1.7433 25.8856
  6.2087  2.4537  0.9818  1.8378 20.2466
  5.4367  1.5900  0.9855  1.4753 11.8462
  5.2615  2.6707  0.9828  1.6421 22.4548
  6.0476  1.7722  0.9746  2.0870 13.5560
  4.8986  4.1234  0.9826  1.3653 37.9055
  5.1027  1.3568  0.9980  1.7642  9.7203
  4.8603  2.2659  0.9906  0.8638 18.3622
  5.2073  4.1407  0.9715  2.2233 38.0950
  3.9061  3.1732  0.9867  1.7967 27.6808
  5.2676  2.0656  0.9705  1.7733 16.3850
  5.1217  2.4456  0.9931  0.5681 20.1643
  5.3320  1.9819  0.9862  0.3869 15.5691
  4.7726  2.5308  0.9855  1.9474 21.0273
  5.7954  3.8896  0.9954  0.8981 35.3547
  4.5694  2.7087  0.9810  2.7326 22.8443
  5.2304  1.3976  0.9724  1.3789 10.0865
  5.0531  2.5892  0.9818  0.8255 21.6217
  4.8160  1.9350  0.9951  1.6411 15.1147
  4.8062  2.4086  0.9828  2.0102 19.7910
  4.9777  3.5070  0.9696  0.2304 31.2274
  4.2023  3.4198  0.9672  0.7471 30.2963
  5.0136  1.8968  0.9853  0.4931 14.7470
  5.3188  1.7135  0.9910  1.3902 13.0005
  5.6462  2.2126  0.9895  1.3535 17.8334
  4.4516  4.1534  0.9731  1.2651 38.2349
  5.7934  1.4995  0.9863  0.9320 11.0120
  5.4534  3.4337  0.9870  1.3570 30.4440
  4.7944  2.6853  0.9830  0.3324 22.6046
