  5.9440  1.8495  0.9783  0.5142 14.2924
  4.1535  1.6788  0.9843  1.5477 12.6744
  6.2379  2.3075  0.9698  1.1620 18.7769
  4.4600  2.1375  0.9682  1.2058 17.0908
  5.2504  3.8566  0.9944  2.1947 34.9957
  5.6082  3.0647  0.9730  1.2381 26.5400
  5.3765  3.4896  0.9865  1.2702 31.0417
  3.9991  1.8316  0.9909  1.7506 14.1213
  5.0596  2.0872  0.9841  0.3353 16.5966
  3.8993  4.0040  0.9736  1.8005 36.6008
  5.1167  2.2639  0.9701  0.7381 18.3424
  4.6936  3.5856  0.9720  0.8274 32.0705
  5.0040  3.0482  0.9900  2.9049 26.3672
  3.5340  3.2999  0.9867  0.5882 29.0211
  5.0488  2.0816  0.9818  1.9599 16.5419
  3.7024  3.3340  0.9804  1.4599 29.3827
  5.2607  3.8649  0.9903  1.2355 35.0867
  5.4953  3.6897  0.9889  2.6728 33.1906
  5.6167  4.1484  0.9975  2.1551 38.1803
  4.7111  3.7801  0.9833  0.3842 34.1669
  4.7576  1.0357  0.9727  2.4766  6.9358
  5.0498  2.0594  0.9851  0.5881 16.3247
  5.9278  2.0705  0.9695  1.5454 16.4332
  3.5499  2.7596  0.9791  2.4172 23.3677
  5.4723  4.2127  0.9917  0.2900 38.8858
  4.6863  3.0288  0.9884  2.0315 26.1642
  4.0522  1.1912  0.9957  0.9139  8.2612
  4.2668  4.2773  0.9975  0.2311 39.5959
  5.0295  3.8622  0.9868  0.9315 35.0572
  5.7962  2.7731  0.9922  2.3681 23.5078
  5.1802  2.6712  0.9758  0.4654 22.4594
  6.0632  2.3287  0.9731  0.8448 18.9890
  5.3288  1.9139  0.9785  0.1229 14.9118
  4.0065  0.8545  0.9823  1.3095  5.4571
  6.1767  2.6680  0.9682  0.6998 22.4269
  4.6694  4.4538  0.9974  2.1247 41.5446
  5.1191  1.2346  0.9851  1.2107  8.6395
  6.6433  2.2719  0.6217  0.9008 18.4226
  4.2549  2.8485  0.9980  0.6261 24.2869
  4.6115  4.4115  0.9846  1.8636 41.0769
  4.9828  1.3811  0.9835  1.8111  9.9378
  5.4773  3.7265  0.9771  0.6223 33.5874
  6.4480  3.3308  0.9455  1.8209 29.3492
  5.2245  2.8885  0.9692  0.9862 24.7016
  5.0890  4.2387  0.9787  1.6104 39.1709
  4.5496  2.5305  0.9674  1.0100 21.0237
  5.7105  3.2609  0.9941  0.8018 28.6079
  4.4123  3.9599  0.9759  0.9008 36.1195
  5.1917  3.0099  0.9777  0.8249 25.9664
  5.4536  3.5764  0.9813  1.6103 31.9715
  4.4650  4.3296  0.9818  1.3817 40.1721
  6.4310  1.5298  0.9289  1.9909 11.2897
  5.7008  3.3292  0.9798  0.7218 29.3318
  4.7492  2.6302  0.9959  1.2628 22.0395
  5.1656  4.4354  0.9832  1.4070 41.3411
  5.1650  3.7391  0.9677  0.4939 33.7239
  4.3910  3.9849  0.9673  1.3859 36.3921
  4.5777  3.7823  0.9888  0.6904 34.1911
  5.6817  2.6735  0.9746  2.0890 22.4832
  3.6460  1.0054  0.9712  1.9555  6.6833
  5.2637  2.4888  0.9980  0.7507 20.6007
  5.8386  1.5708  0.9614  0.6667 11.6687
  5.8657  3.6529  0.9874  0.5258 32.7943
  6.1249  2.7818  0.9951  0.8148 23.5969
  4.8612  1.5868  0.9863  1.7107 11.8165
  5.5457  2.5406  0.9668  2.5579 21.1270
  5.1471  4.0340  0.9705  1.0488 36.9282
  5.5657  4.4823  0.9804  0.9734 41.8608
  6.1391  4.4180  0.9761  0.7292 41.1483
  5.4486  4.4301  0.9962  0.8947 41.2826
  4.4074  3.6453  0.9886  0.1831 32.7126
  5.9736  1.9547  0.9812  0.5767 15.3053
  6.5910  1.6599  0.9803  2.1854 12.4972
  4.7440  2.9882  0.9671  1.5130 25.7402
  5.2399  1.4029  0.9823  2.8337 10.1344
  5.9011  4.4394  0.9904  1.9868 41.3859
  5.2450  2.8303  0.9923  2.2185 24.0987
  5.2145  2.9811  0.9691  1.7077 25.6663
  3.8285  1.3263  0.9838  2.6185  9.4482
  5.5169  3.0046  0.9816  0.7999 25.9111
  6.3079  3.5983  0.9706  1.1624 32.2072
  5.7657  2.8877  0.9841  2.6398 24.6933
  4.9618  3.1512  0.9842  0.1486 27.4490
  6.6747  2.1473  0.6684  1.6997 17.1874
  3.9813  0.6560  0.9814  1.6643  3.9339
  5.5486  2.0513  0.9705  1.6233 16.2449
  4.9289  4.1837  0.9791  2.3860 38.5671
  5.0845  1.6079  0.9980  0.5320 12.0126
  5.9983  2.4458  0.9930  0.6290 20.1666
  5.3446  2.9301  0.9896  1.2803 25.1343
  5.0675  3.8751  0.9901  2.7809 35.1972
  6.4802  2.6435  0.8987  1.4700 22.1763
  6.2903  3.1601  0.9920  1.0412 27.5429
  5.5267  2.6341  0.9877  1.4858 22.0798
  5.3721  3.3671  0.9787  0.6371 29.7352
  4.7421  2.4515  0.9859  1.7389 20.2236
  5.3426  2.7195  0.9928  2.0184 22.9552
  3.8594  1.9052  0.9880  0.4126 14.8274
  4.5604  1.3536  0.9794  1.4509  9.6913
  5.9303  2.1952  0.9693  1.3188 17.6608
  4.8957  1.2310  0.9968  2.0294  8.6077
  5.3833  3.8288  0.9834  2.4697 34.6951
  5.4347  3.1334  0.9890  1.2792 27.2622
  4.0995  1.2022  0.9778  0.4258  8.3570
  5.7538  1.8748  0.9769  0.9939 14.5352
  6.2859  3.6900  0.9706  1.2637 33.1938
  4.1148  3.6641  0.9793  1.6669 32.9145
  5.0425  3.1753  0.9980  2.4050 27.7036
  5.3970  3.8053  0.9980  1.0282 34.4395
  5.0553  3.3442  0.9831  2.1307 29.4907
  5.0440  4.2032  0.9711  0.6008 38.7807
  5.7578  2.3799  0.9769  0.3001 19.5030
  5.4771  4.1542  0.9958  1.7234 38.2436
  5.4477  3.3973  0.9977  1.0595 30.0566
  5.2007  2.8586  0.9840  1.4629 24.3921
  5.7977  3.7554  0.9758  1.1907 33.8996
  4.7978  3.0180  0.9812  2.8760 26.0518
  4.0787  2.9263  0.9980  1.5751 25.0949
  5.5050  3.7152  0.9937  0.4437 33.4658
  3.6681  2.0515  0.9807  1.9102 16.2470
  4.7691  1.5070  0.9980  1.3188 11.0810
  5.1267  3.2436  0.9971  1.0957 28.4241
  5.2254  2.0355  0.9689  0.4448 16.0913
  5.0666  2.8843  0.9848  2.2508 24.6580
  4.9112  4.3685  0.9977  0.9771 40.6022
  5.5132  4.0798  0.9824  2.2453 37.4289
  6.3945  3.7356  0.9571  2.7637 33.6861
  4.9118  2.0954  0.9939  0.6730 16.6774
  4.7438  3.0797  0.9980  0.6932 26.6982
  6.3097  2.8746  0.9835  2.5425 24.5570
  6.2201  3.0751  0.9702  2.7327 26.6495
  4.3976  1.6406  0.9972  0.5342 12.3165
  5.2999  4.1969  0.9980  1.5984 38.7120
  5.5421  4.1614  0.9980  1.8523 38.3228
  4.4166  2.4828  0.9854  1.2040 20.5403
  4.8002  3.3561  0.9667  0.7430 29.6179
  4.5434  4.4616  0.9847  0.1084 41.6318
  5.1883  2.0369  0.9938  1.5490 16.1044
  4.8255  4.0262  0.9757  1.6525 36.8431
  3.8929  3.1055  0.9778  2.5590 26.9684
  3.7412  1.1452  0.9717  2.2536  7.8646
  5.0656  2.9131  0.9840  1.0240 24.9573
  5.3319  4.3972  0.9936  0.5962 40.9193
  5.1569  3.7269  0.9695  1.7305 33.5924
  5.9265  3.1420  0.9843  1.0621 27.3525
  5.0479  1.9803  0.9814  0.2902 15.5535
  5.3771  3.6060  0.9828  1.6119 32.2895
  5.1264  4.4056  0.9980  1.1707 41.0115
  5.7241  1.6909  0.9723  1.0251 12.7884
  6.6023  2.5128  0.8873  1.8372 20.8447
  6.1015  2.7819  0.9860  1.3923 23.5978
  4.8065  1.7042  0.9782  1.8630 12.9130
  4.4932  1.9599  0.9838  0.3584 15.3562
  5.1234  2.8618  0.9834  2.3442 24.4251
  5.9605  2.7270  0.9934  2.4278 23.0325
  5.1257  3.2729  0.9892  0.9465 28.7344
  5.6504  4.4231  0.9980  0.7903 41.2052
  6.7747  2.9797  0.5395  2.6983 25.6515
  4.8170  1.8916  0.9797  2.7209 14.6972
  5.0645  2.5229  0.9868  1.5818 20.9465
  5.2011  3.4465  0.9969  2.0988 30.5808
  4.7451  4.2328  0.9752  2.6089 39.1069
  5.7310  4.1423  0.9720  0.6488 38.1125
  6.0520  1.3632  0.9748  1.3043  9.7780
  5.7615  3.1619  0.9776  0.9609 27.5624
  6.4344  2.9402  0.9438  1.3559 25.2400
  4.4439  4.3228  0.9957  1.2120 40.0976
  5.5541  2.2559  0.9685  2.2675 18.2629
  6.4040  4.3809  0.9950  1.4950 40.7383
  5.4449  1.8498  0.9780  2.2404 14.2956
  5.8788  3.0161  0.9802  0.7950 26.0320
  5.4948  1.6518  0.9844  0.6463 12.4212
  5.4004  3.6998  0.9694  1.6911 33.2994
  4.3271  0.7296  0.9811  0.8317  4.4851
  5.7596  3.8749  0.9698  0.4995 35.1950
  3.7876  4.3541  0.9875  1.1144 40.4427
  5.4135  3.5445  0.9717  1.0899 31.6290
  5.5506  4.0185  0.9679  2.0707 36.7585
  5.3493  2.9637  0.9741  2.0719 25.4844
  5.0905  2.6955  0.9741  2.0370 22.7087
  4.6012  3.6035  0.9816  0.3654 32.2629
  5.2433  3.9072  0.9863  0.8129 35.5454
  5.9698  2.7351  0.9827  2.1178 23.1157
  5.3482  4.2054  0.9781  0.7272 38.8054
  5.2514  1.8463  0.9967  0.8188 14.2622
  5.4265  4.1342  0.9932  1.7324 38.0246
  3.8523  2.8014  0.9980  0.9497 23.7992
  6.1401  3.0211  0.9891  1.6131 26.0834
  5.3027  2.4377  0.9822  1.7052 20.0846
  5.0985  4.0146  0.9776  0.6983 36.7163
  5.1796  4.1942  0.9765  1.4674 38.6819
  6.6685  2.9929  0.6410  0.5694 25.7890
  5.9535  3.5290  0.9980  1.2671 31.4633
  4.3903  0.4484  0.9946  0.2600  2.4772
  4.6309  2.2112  0.9971  2.7575 17.8187
  6.3257  2.3491  0.9740  1.7542 19.1933
  5.2737  2.3859  0.9972  0.1253 19.5626
  5.5221  3.1674  0.9902  2.1905 27.6195
  5.2383  2.1061  0.9930  0.8409 16.7822
  3.8736  2.4745  0.9975  1.8707 20.4560
  5.4627  3.9269  0.9873  1.9111 35.7606
  5.1285  3.1675  0.9931  1.9094 27.6210
  4.5871  3.2443  0.9980  0.7422 28.4318
  3.6140  1.0361  0.9755  2.2298  6.9394
  6.9060  1.2576  0.5718  0.8908  8.8404
  5.2973  4.1514  0.9932  1.3637 38.2123
  4.6418  2.3698  0.9728  2.1006 19.4009
  5.9391  3.1012  0.9847  0.7737 26.9233
  5.0995  3.4612  0.9941  2.0602 30.7374
  5.6195  3.6631  0.9814  1.4689 32.9042
  5.0643  1.8353  0.9721  1.1429 14.1569
  5.4624  3.5561  0.9960  1.1879 31.7534
  5.2980  3.7713  0.9899  1.1566 34.0720
  4.5686  1.1529  0.9948  2.0596  7.9302
  6.1819  2.1967  0.9970  2.1845 17.6759
  5.4844  2.8476  0.9860  1.4295 24.2774
  5.2610  2.2921  0.9861  1.8836 18.6237
  5.2816  1.5837  0.9831  0.5043 11.7872
  6.8552  3.1921  0.5544  1.2279 27.8809
  5.1284  3.8924  0.9882  1.0591 35.3855
  5.4280  1.6343  0.9980  1.7359 12.2585
  5.1635  2.5275  0.9794  1.3540 20.9932
  5.0476  4.3991  0.9728  0.2822 40.9399
  5.2067  2.2575  0.9741  2.0288 18.2789
  5.2492  2.4522  0.9750  2.0057 20.2307
  6.6770  3.6666  0.7409  1.7444 32.9418
  5.7111  2.1755  0.9687  0.7537 17.4658
  5.8463  3.1449  0.9683  0.4807 27.3833
  5.5031  4.2730  0.9748  0.2599 39.5489
  5.9777  3.3695  0.9864  1.6458 29.7596
  4.7417  2.3723  0.9797  1.0166 19.4262
  5.2650  3.4136  0.9760  0.5139 30.2293
  5.2884  4.0529  0.9952  2.0271 37.1345
  4.7523  1.4618  0.9700  2.5042 10.6684
  6.4354  3.0908  0.9299  2.0882 26.8147
  3.6601  4.0403  0.9690  0.2951 36.9964
  4.8982  3.0851  0.9782  0.4679 26.7549
  4.7738  1.7192  0.9755  0.6277 13.0549
  4.9733  0.7225  0.9795  0.1025  4.4317
  3.7347  1.3182  0.9759  1.2700  9.3760
  5.2049  3.6093  0.9712  1.4988 32.3250
  4.8327  3.3955  0.9679  2.4886 30.0374
  5.8556  2.6282  0.9911  1.7588 22.0190
  5.2577  2.3337  0.9920  2.5249 19.0398
  4.4745  3.7827  0.9874  2.5798 34.1956
  5.6830  2.7581  0.9823  1.1546 23.3529
  4.7925  2.4918  0.9866  0.2926 20.6315
  3.7802  3.2720  0.9946  1.5449 28.7255
  5.6055  3.3056  0.9961  0.6279 29.0810
  6.1721  4.1633  0.9686  1.5905 38.3434
  5.0078  1.9461  0.9976  1.6122 15.2224
  3.6496  1.6630  0.9697  1.2808 12.5260
  5.2430  4.4367  0.9720  2.2152 41.3561
  6.4577  4.3979  0.8804  1.3698 40.9271
  6.1934  2.9540  0.9717  2.6771 25.3835
  6.2203  4.1087  0.9854  0.0750 37.7453
  6.8277  3.3112  0.5402  2.0556 29.1405
  4.8385  4.1693  0.9683  0.2362 38.4095
  4.9648  3.3576  0.9881  1.3015 29.6338
  5.1258  3.7861  0.9804  1.6694 34.2316
  5.8805  2.9902  0.9969  2.1739 25.7611
  5.0283  4.0711  0.9832  1.4134 37.3331
  4.0887  0.6032  0.9749  1.2467  3.5491
  5.7875  1.7416  0.9826  0.6356 13.2662
  5.5145  1.9389  0.9856  0.3523 15.1528
  5.4108  3.7990  0.9762  0.3399 34.3723
  5.3707  3.5103  0.9928  0.5257 31.2627
  5.0398  1.0640  0.9672  0.4829  7.1733
  5.9386  2.5526  0.9944  0.4896 21.2490
  4.9593  1.7215  0.9721  1.7866 13.0759
  4.0038  1.3580  0.9787  1.7565  9.7312
  5.2865  3.4146  0.9978  1.8069 30.2403
  5.6090  2.5940  0.9821  0.5591 21.6699
  5.5226  2.4315  0.9733  0.1902 20.0218
  5.2615  1.4375  0.9701  2.4949 10.4470
  4.8708  2.8208  0.9942  2.0921 23.9999
  5.4893  2.2560  0.9743  0.9494 18.2640
  6.3580  3.7874  0.9708  1.6674 34.2467
  5.5246  3.7588  0.9679  1.0679 33.9370
  5.2337  3.5698  0.9933  1.2629 31.9010
  5.8245  1.7816  0.9840  1.4224 13.6451
  5.8783  2.9258  0.9685  0.3363 25.0894
  5.1909  2.4383  0.9709  0.6242 20.0905
  5.2755  3.3523  0.9900  0.6848 29.5771
  6.1078  1.4093  0.9694  0.9316 10.1920
  4.4620  2.4350  0.9893  2.4108 20.0573
  4.3854  4.4872  0.9840  0.7449 41.9151
  4.1765  2.3685  0.9952  0.9401 19.3882
  4.3269  0.8688  0.9714  2.8459  5.5711
  5.4848  3.1116  0.9683  2.0906 27.0323
  4.8822  1.8429  0.9980  1.1642 14.2295
  4.3230  2.3969  0.9773  1.3664 19.6736
  6.5573  2.6881  0.8412  1.5336 22.6331
  5.2000  2.3033  0.9828  1.8489 18.7353
  5.5951  3.7766  0.9686  1.6580 34.1297
  5.0161  3.2030  0.9980  2.1317 27.9958
  4.7560  1.9926  0.9752  0.8706 15.6736
  4.6585  2.7045  0.9957  0.0885 22.8013
  6.9239  3.6916  0.4450  2.1865 33.2110
  4.8945  3.0755  0.9769  0.4816 26.6542
  5.1748  1.6559  0.9980  1.7993 12.4596
  5.9815  1.6539  0.9847  0.4630 12.4411
  6.2601  3.6218  0.9980  2.7675 32.4595
  5.5851  3.6699  0.9914  2.7301 32.9767
  5.5426  3.6513  0.9777  1.7691 32.7770
  4.9922  2.8366  0.9973  0.8032 24.1638
  5.6253  4.2062  0.9713  2.1314 38.8141
  4.2103  3.8098  0.9950  2.5593 34.4886
  4.6623  2.8581  0.9746  1.3109 24.3864
  5.1767  2.1848  0.9787  1.1538 17.5575
  5.9508  2.0087  0.9814  0.7466 15.8293
  6.2310  4.4253  0.9875  2.0219 41.2295
  4.0889  0.4726  0.9893  1.8993  2.6386
  5.5679  3.2275  0.9921  0.9508 28.2538
  5.0942  2.2918  0.9947  0.8772 18.6204
  4.7512  1.8247  0.9931  1.0175 14.0557
  5.7913  3.4886  0.9766  0.4122 31.0311
  5.3644  3.3939  0.9701  1.0813 30.0203
  3.7881  0.3252  0.9873  1.4074  1.6939
  5.0710  3.2806  0.9895  1.7580 28.8165
  5.8138  1.0389  0.9845  1.6533  6.9631
  4.6983  1.4131  0.9782  0.8508 10.2267
  5.4647  3.2963  0.9798  0.9672 28.9822
  6.1782  1.9581  0.9684  1.8959 15.3384
  5.3454  4.1840  0.9675  0.4927 38.5703
  6.2646  4.2065  0.9744  1.2592 38.8179
  6.3797  0.9017  0.9718  2.1655  5.8348
  3.6619  0.5120  0.9756  1.5234  2.9067
  4.8636  4.3778  0.9946  1.0848 40.7044
  5.2156  2.7093  0.9938  1.1359 22.8509
  4.7049  4.4230  0.9728  0.9625 41.2044
  6.0590  1.5142  0.9962  0.5872 11.1465
  5.1168  2.1456  0.9757  1.9260 17.1707
  4.6015  1.9271  0.9895  1.0800 15.0389
  5.4389  3.7568  0.9775  2.5461 33.9156
  5.6587  3.0195  0.9963  1.0491 26.0666
  4.7256  2.8282  0.9949  0.9292 24.0771
  5.5069  1.9373  0.9804  1.7357 15.1369
  5.8716  3.6385  0.9783  0.7421 32.6387
  6.1690  3.9180  0.9689  1.6699 35.6639
  5.6911  1.5459  0.9925  2.0646 11.4380
  5.8424  4.4916  0.9958  0.9925 41.9632
  3.5607  3.6816  0.9965  2.1287 33.1028
  5.2929  3.1566  0.9789  0.7319 27.5067
  5.5648  3.8418  0.9955  0.2739 34.8358
  6.7565  2.9052  0.7854  2.1273 24.8755
  5.7664  2.9176  0.9892  1.7268 25.0047
  5.2067  1.4398  0.9881  0.8417 10.4678
  6.8227  2.1513  0.6006  1.3034 17.2269
  5.7254  2.5492  0.9928  2.5424 21.2145
  5.6266  3.4745  0.9690  0.7164 30.8803
  4.3051  3.7824  0.9893  0.9144 34.1922
  5.6407  2.1942  0.9693  0.2732 17.6510
  5.8075  1.6910  0.9859  1.1767 12.7887
  5.0667  3.0266  0.9782  1.1404 26.1413
  5.3071  2.9991  0.9829  0.4296 25.8544
  5.4770  3.5504  0.9813  0.6397 31.6924
  5.3454  3.0244  0.9688  0.0585 26.1185
  6.1834  4.1352  0.9747  0.8242 38.0356
  6.3017  3.0732  0.9980  2.2272 26.6295
  4.5307  3.4337  0.9980  0.8077 30.4439
  5.4698  2.8961  0.9710  2.8817 24.7812
  6.5002  1.7748  0.9493  1.1209 13.5806
  5.2639  2.0896  0.9699  2.3242 16.6200
  5.2430  2.0400  0.9897  1.8200 16.1350
  4.5140  1.8822  0.9683  2.2972 14.6068
  5.0760  3.4855  0.9931  1.6531 30.9974
  5.0570  1.3472  0.9971  0.9357  9.6341
  5.0610  4.2684  0.9854  0.8912 39.4978
  3.6212  1.2322  0.9938  2.2854  8.6184
  5.9581  3.5184  0.9829  0.6639 31.3500
  4.7581  4.1518  0.9936  0.8662 38.2172
  3.7378  3.4325  0.9714  1.6829 30.4317
  4.1192  1.3146  0.9749  0.1045  9.3443
  5.3131  3.7397  0.9829  1.5533 33.7306
  6.8874  0.9536  0.8561  1.5844  6.2562
  4.1406  1.1537  0.9925  0.9645  7.9375
  5.2992  4.1159  0.9873  1.2905 37.8234
  5.3061  2.8769  0.9856  1.7727 24.5818
  6.1782  3.7066  0.9952  1.9426 33.3726
  5.7450  4.2963  0.9960  1.0058 39.8051
  5.3358  2.4143  0.9920  2.2803 19.8492
  4.8490  3.8703  0.9710  2.0222 35.1450
  5.7359  3.2478  0.9823  0.4453 28.4689
  4.7445  2.6495  0.9821  0.8959 22.2373
  5.9165  3.6733  0.9980  0.2952 33.0139
  4.8244  3.1329  0.9916  1.0734 27.2567
  5.1447  2.6969  0.9980  0.1982 22.7236
  4.7011  3.2288  0.9898  1.8763 28.2684
  5.4030  1.5095  0.9878  0.8207 11.1034
  4.5227  3.9006  0.9911  1.8906 35.4743
  5.0965  1.8507  0.9929  0.9070 14.3046
  5.2400  1.9651  0.9699  2.2274 15.4065
  5.5378  3.2390  0.9844  1.5686 28.3762
  5.2066  1.3672  0.9825  0.7983  9.8134
  5.0765  1.4995  0.9842  0.6747 11.0118
  3.7942  0.6599  0.9815  2.3113  3.9626
  4.7538  3.0825  0.9707  1.7888 26.7268
  5.9341  3.9853  0.9687  1.0134 36.3965
  4.4598  3.2669  0.9686  0.2324 28.6712
  5.1400  3.1603  0.9980  1.0131 27.5451
  5.9216  3.0255  0.9980  0.3603 26.1302
  5.5706  2.4401  0.9808  0.7488 20.1089
  5.3798  4.3362  0.9777  1.3236 40.2455
  5.7083  2.8661  0.9954  1.7800 24.4689
  3.9095  1.2028  0.9774  1.1359  8.3622
  5.3101  2.6183  0.9925  0.4045 21.9183
  5.1066  2.0035  0.9716  0.7813 15.7792
  4.4054  2.7852  0.9741  0.5895 23.6327
  6.0186  2.1914  0.9952  2.2940 17.6226
  5.2576  3.9258  0.9947  0.8828 35.7482
  6.7076  3.5739  0.7834  1.2219 31.9450
  5.2426  2.7279  0.9809  2.2293 23.0418
  6.3101  1.2952  0.9960  0.2899  9.1722
  5.2588  3.4843  0.9745  0.4871 30.9852
  5.0872  2.1944  0.9756  2.1351 17.6525
  6.9248  2.5559  0.4195  0.9012 21.2824
  5.8909  1.8333  0.9774  0.5328 14.1380
  4.2308  2.5567  0.9717  0.8025 21.2905
  3.8757  0.9970  0.9675  1.6667  6.6138
  5.1464  2.5130  0.9736  0.4429 20.8462
  5.0208  2.5135  0.9885  1.1108 20.8511
  6.0365  2.5458  0.9980  1.8955 21.1799
  4.3433  3.2162  0.9793  2.0534 28.1352
  6.8882  2.3710  0.4826  0.9777 19.4131
  6.7438  4.4622  0.7135  1.2557 41.6379
  6.2811  3.6925  0.9901  0.3759 33.2202
  5.1978  1.7361  0.9682  0.5469 13.2142
  5.0149  3.5229  0.9875  0.5842 31.3978
  5.3055  3.5895  0.9811  2.0534 32.1116
  5.7836  3.4118  0.9980  0.8361 30.2109
  4.9165  3.6842  0.9821  1.4656 33.1317
  6.7251  1.0809  0.5810  1.9352  7.3161
  4.6399  1.6216  0.9720  0.6006 12.1396
  5.2998  1.6311  0.9873  1.5068 12.2280
  5.3677  1.9260  0.9979  0.8212 15.0285
  5.2287  1.6868  0.9926  1.1016 12.7492
  5.5692  2.8597  0.9781  2.5372 24.4031
  6.1517  4.0052  0.9907  0.8590 36.6129
  5.5052  3.2019  0.9974  0.9201 27.9844
  4.9355  2.6251  0.9956  0.5577 21.9877
  5.2844  1.3927  0.9724  0.5245 10.0421
  5.7319  3.4159  0.9703  2.6796 30.2546
  3.8528  1.1981  0.9962  1.6817  8.3210
  5.3389  3.9725  0.9688  0.9461 36.2566
  5.2897  4.1426  0.9862  2.1172 38.1158
  5.8718  2.1586  0.9822  2.4162 17.2992
  5.5151  3.0066  0.9707  1.6868 25.9321
  5.4815  3.0484  0.9761  1.6139 26.3700
  5.4619  2.7268  0.9825  1.2499 23.0304
  4.7677  2.1364  0.9813  1.8685 17.0805
  5.6858  3.1660  0.9871  2.6969 27.6052
  6.3871  1.6562  0.9752  1.5490 12.4631
  6.9915  3.2977  0.5152  1.2342 28.9980
  5.7185  3.1985  0.9894  1.7116 27.9481
  5.0278  2.5021  0.9706  1.6044 20.7359
  5.5030  1.9030  0.9784  0.9274 14.8069
  4.0123  3.1194  0.9811  0.8927 27.1152
  5.2574  4.0702  0.9677  1.1623 37.3232
  6.0900  2.4009  0.9919  0.5467 19.7138
  5.5893  3.5902  0.9787  2.3406 32.1200
  5.8124  3.1452  0.9848  0.1185 27.3863
  6.0775  3.3654  0.9978  0.6283 29.7168
  4.4187  2.3531  0.9905  1.6337 19.2336
  5.2347  3.7665  0.9966  1.4963 34.0196
  5.1773  2.4158  0.9738  1.6338 19.8636
  5.6418  3.3768  0.9703  0.2394 29.8375
  5.4901  2.4667  0.9889  2.8952 20.3779
  6.7395  2.2334  0.7933  1.9167 18.0389
  6.2719  1.3197  0.9860  0.3926  9.3893
  4.4653  2.6774  0.9742  0.5648 22.5235
  4.2361  1.8913  0.9894  0.6765 14.6934
  5.3993  2.1992  0.9669  2.0253 17.7005
  4.9900  3.8254  0.9971  1.6976 34.6578
  6.1783  4.2254  0.9972  1.9286 39.0247
  5.0365  4.1147  0.9852  0.5536 37.8102
  5.1075  3.1738  0.9836  0.9046 27.6869
  5.2972  2.1863  0.9749  1.2897 17.5730
  4.2934  3.9103  0.9814  1.9301 35.5791
  4.6585  2.1401  0.9869  0.9123 17.1165
  4.4829  1.5929  0.9700  1.5910 11.8725
  5.0960  2.2496  0.9849  2.5588 18.2008
  5.2190  3.7101  0.9748  0.8568 33.4105
  6.6116  2.9020  0.7522  0.3154 24.8422
  5.6562  3.4152  0.9792  2.5482 30.2471
  6.2564  3.1645  0.9926  1.1142 27.5893
  3.9719  3.7197  0.9763  2.6620 33.5147
  6.4065  3.5075  0.9422  0.2849 31.2325
  5.3486  1.8719  0.9832  1.5584 14.5075
  6.3862  4.4957  0.9377  1.5254 42.0090
  5.4436  2.9538  0.9837  2.6862 25.3812
  5.4171  2.7223  0.9809  2.4056 22.9846
  5.7446  3.9725  0.9674  0.5632 36.2571
  6.4828  2.9105  0.9748  1.4676 24.9305
  4.6732  4.1879  0.9737  0.9541 38.6133
  6.2630  1.2228  0.9915  1.6903  8.5360
  4.6990  2.9810  0.9707  0.5631 25.6645
  4.8460  1.9915  0.9860  1.1526 15.6623
  3.5849  4.1408  0.9774  1.3034 38.0968
  5.4143  1.5599  0.9873  1.0120 11.5672
  4.2661  3.6010  0.9707  1.6546 32.2355
  4.8616  2.8255  0.9884  1.2243 24.0486
  4.7329  3.6469  0.9810  0.9688 32.7291
  4.4767  2.4396  0.9735  1.6564 20.1033
  5.4518  3.5699  0.9790  1.1580 31.9013
  6.3840  3.1222  0.9885  0.9850 27.1442
  6.1244  2.1634  0.9872  1.4109 17.3461
  6.1979  3.8900  0.9768  1.6748 35.3584
  5.1784  3.6116  0.9928  0.6026 32.3498
  4.9236  3.1599  0.9883  2.6823 27.5414
  6.0289  2.0151  0.9943  0.4725 15.8919
  4.4654  3.6870  0.9980  0.9177 33.1614
  4.5294  2.5144  0.9858  2.0809 20.8605
  5.3065  3.4294  0.9702  1.7311 30.3988
  4.0457  1.0456  0.9729  2.7005  7.0189
  5.2150  3.0004  0.9842  0.6543 25.8677
  5.5621  2.6272  0.9779  0.9919 22.0097
  5.4234  2.7662  0.9817  0.4914 23.4364
  5.6833  2.6986  0.9897  0.5763 22.7407
  5.4184  2.0856  0.9824  0.6670 16.5806
  5.7585  3.3596  0.9693  0.6347 29.6552
  5.9100  2.5553  0.9964  0.6967 21.2761
  4.6340  1.5451  0.9738  0.5302 11.4308
  4.9955  3.7340  0.9904  0.2378 33.6692
  5.6127  2.5923  0.9725  1.0829 21.6533
  6.1242  2.9644  0.9821  0.8092 25.4917
  5.4007  2.4966  0.9838  1.7200 20.6797
  6.2496  3.2886  0.9959  0.8712 28.9007
  5.3702  2.0232  0.9789  0.7230 15.9706
  5.2558  0.6438  0.9912  0.0283  3.8441
  4.7006  3.2135  0.9859  0.7457 28.1067
  5.3027  2.6846  0.9710  1.2659 22.5972
  4.9039  3.2380  0.9797  0.6433 28.3652
  5.9542  1.9641  0.9748  1.1876 15.3970
  6.3610  1.5323  0.9937  0.8560 11.3135
  4.7042  2.7048  0.9823  2.2532 22.8039
  3.5830  1.5015  0.9919  0.1761 11.0301
  6.2532  3.1037  0.9865  1.9662 26.9501
  5.0186  3.7693  0.9753  2.5161 34.0499
  5.6643  2.9779  0.9868  1.1416 25.6326
  4.6008  4.4463  0.9864  1.7893 41.4621
  4.1932  3.9180  0.9919  1.0969 35.6635
  3.6449  1.8148  0.9697  0.4093 13.9608
  5.6782  2.3650  0.9980  0.9644 19.3530
  5.1914  2.1840  0.9697  0.7411 17.5500
  3.6953  1.0972  0.9887  0.1792  7.4547
  4.4305  3.6536  0.9732  1.4394 32.8013
  5.1160  3.5076  0.9918  2.4264 31.2338
  5.2451  4.1019  0.9980  2.0146 37.6703
  5.0163  4.4027  0.9961  0.8647 40.9794
  5.5719  2.1034  0.9806  1.1644 16.7551
  6.0945  2.5345  0.9844  2.1015 21.0646
  5.0231  2.4832  0.9837  0.8828 20.5445
  5.0051  3.3035  0.9841  2.9014 29.0590
  3.8295  2.3776  0.9697  1.6176 19.4793
  4.6970  4.1613  0.9699  2.5107 38.3209
  5.2668  2.0139  0.9726  1.5959 15.8802
  4.7167  2.3823  0.9968  0.5031 19.5269
  5.0674  2.8279  0.9808  1.1141 24.0735
  5.9113  3.3510  0.9724  2.0457 29.5633
  6.5957  2.7007  0.8794  0.2949 22.7620
  4.6578  3.2172  0.9893  0.5112 28.1460
  4.9160  2.7827  0.9806  1.4408 23.6065
  5.6228  2.8452  0.9858  0.4520 24.2532
  6.9480  3.2146  0.4252  0.9746 28.1182
  5.7525  2.2728  0.9907  1.4534 18.4313
  6.3124  2.8581  0.9756  0.3301 24.3861
  5.4856  3.6666  0.9726  1.3226 32.9419
  4.5107  2.4990  0.9748  0.6030 20.7048
  4.2097  3.6905  0.9980  2.2333 33.1987
  5.7410  1.9868  0.9934  1.8696 15.6169
  5.2419  3.5537  0.9776  0.2530 31.7276
  5.7614  2.9962  0.9726  1.4044 25.8238
  4.7463  3.4963  0.9906  1.0719 31.1128
  5.2721  4.4817  0.9713  0.9538 41.8538
  5.4008  2.1805  0.9958  1.0578 17.5156
  5.3817  3.6770  0.9883  0.8539 33.0533
  5.2223  2.7005  0.9720  1.2793 22.7598
  5.5394  3.7904  0.9954  0.5593 34.2785
  6.7241  2.0836  0.8139  0.9954 16.5614
  5.5361  3.5673  0.9980  1.7210 31.8733
  5.7830  2.9147  0.9980  1.5574 24.9738
  6.5460  1.4722  0.8611  1.1177 10.7629
  5.1464  3.7614  0.9941  0.4397 33.9646
  5.8165  3.4094  0.9937  1.4592 30.1855
  5.3192  3.8092  0.9903  1.9891 34.4819
  5.4508  2.6817  0.9848  0.5849 22.5672
  4.7137  3.5142  0.9902  0.9910 31.3048
  3.9991  3.4653  0.9704  0.9582 30.7816
  5.1269  3.5061  0.9980  0.5148 31.2177
  6.3231  0.6945  0.9786  0.8884  4.2201
  5.3448  3.2014  0.9738  0.7012 27.9788
  5.5203  2.7406  0.9740  0.8651 23.1726
  5.5578  1.7706  0.9917  2.3494 13.5408
  5.2593  2.5743  0.9762  0.9170 21.4692
  5.6916  2.8912  0.9776  2.7016 24.7303
  5.8453  3.8409  0.9931  1.8661 34.8261
  5.2386  2.1326  0.9676  2.7832 17.0428
  4.6543  4.0397  0.9799  2.0653 36.9903
  4.2081  3.4002  0.9813  1.3016 30.0873
  5.7097  4.0241  0.9851  2.1058 36.8196
  4.7455  4.0118  0.9860  2.6774 36.6849
  5.7873  3.0091  0.9691  1.7496 25.9588
  5.0298  3.9690  0.9802  1.2658 36.2190
  4.3630  0.9608  0.9723  1.5661  6.3158
  4.8853  4.0898  0.9774  2.4017 37.5375
  4.8080  2.1966  0.9755  2.5941 17.6741
  4.6145  1.6822  0.9779  0.9593 12.7059
  5.2570  2.5855  0.9812  0.3111 21.5839
  4.4419  2.5140  0.9855  1.9565 20.8560
  6.5877  3.8253  0.8815  2.4339 34.6565
  6.2994  2.5994  0.9898  2.0255 21.7253
  5.4236  2.5003  0.9716  0.9778 20.7175
  4.7639  4.2629  0.9879  0.3174 39.4373
  5.1417  3.5793  0.9831  2.3044 32.0025
  4.8159  3.1010  0.9675  0.9144 26.9218
  5.3615  1.8181  0.9952  1.0091 13.9925
  6.2402  2.0403  0.9682  0.3863 16.1379
  4.9378  4.3088  0.9802  1.0125 39.9436
  5.3352  4.0102  0.9903  0.5272 36.6682
  5.3262  4.3117  0.9691  1.4545 39.9750
  5.2722  1.9475  0.9855  2.2340 15.2358
  5.1786  4.1428  0.9755  1.0096 38.1179
  6.0644  0.9827  0.9725  2.7275  6.4957
  5.4717  3.8174  0.9695  1.2083 34.5709
  5.1923  1.8489  0.9748  2.1819 14.2869
  5.6476  2.6009  0.9779  2.5184 21.7407
  5.6399  2.6663  0.9824  0.5515 22.4096
  6.0617  4.2815  0.9770  1.6110 39.6423
  5.2562  2.9087  0.9963  0.6377 24.9119
  6.0251  3.3560  0.9791  0.7613 29.6161
  5.1183  3.2384  0.9980  1.4325 28.3697
  5.2270  3.2746  0.9942  1.1822 28.7531
  5.8295  2.2056  0.9871  0.9785 17.7634
  4.8182  3.7351  0.9722  1.8941 33.6802
  5.0011  4.4299  0.9802  1.8678 41.2801
  4.4228  3.4374  0.9676  1.6522 30.4832
  4.7143  1.4881  0.9820  1.2075 10.9074
  5.1470  2.6266  0.9889  2.0546 22.0036
  5.5301  4.1204  0.9806  2.5747 37.8727
  5.6913  3.4583  0.9980  0.8723 30.7068
  5.5304  2.8964  0.9795  1.1887 24.7835
  4.4584  3.2882  0.9772  1.6677 28.8969
  4.2913  3.0916  0.9935  0.5319 26.8225
  5.5056  3.1629  0.9876  1.7688 27.5723
  5.0739  2.7938  0.9781  1.1969 23.7210
  5.3837  3.4929  0.9888  2.5281 31.0772
  4.8014  1.9940  0.9962  1.8362 15.6871
  5.6838  3.7655  0.9897  1.4952 34.0089
  4.2829  3.7271  0.9724  1.2812 33.5944
  5.8207  4.3228  0.9765  1.6547 40.0980
  3.9142  1.9994  0.9749  1.4948 15.7394
  5.7803  2.5457  0.9948  2.1473 21.1787
  5.4707  1.6321  0.9701  0.8159 12.2375
  4.9089  3.6986  0.9706  1.9196 33.2869
  4.2881  2.7745  0.9777  2.1613 23.5214
  4.6396  1.5966  0.9913  1.3473 11.9071
  6.1572  1.8557  0.9890  1.2022 14.3522
  4.8927  4.4203  0.9846  0.5298 41.1737
  6.8803  4.2394  0.5169  1.9464 39.1790
  5.5363  2.2948  0.9898  1.0512 18.6507
  5.7024  4.3386  0.9950  2.6946 40.2714
  5.2579  3.2282  0.9848  2.0134 28.2618
  5.1404  3.7083  0.9716  1.8017 33.3914
  4.7308  4.2727  0.9980  0.3775 39.5459
  4.8793  2.4432  0.9816  1.6632 20.1398
  5.2368  2.3098  0.9907  2.1987 18.8004
  5.8348  2.6397  0.9977  1.4889 22.1373
  4.4693  1.5661  0.9921  0.9232 11.6247
  6.1143  3.6107  0.9925  1.5317 32.3400
  5.3153  3.7598  0.9843  1.3562 33.9480
  4.3465  1.8414  0.9897  0.7082 14.2149
  5.7750  3.4264  0.9730  1.3307 30.3660
  5.5919  2.3274  0.9953  1.5931 18.9763
  5.9288  2.0640  0.9825  1.6876 16.3694
  3.7574  4.3054  0.9906  0.7800 39.9057
  5.1607  3.0674  0.9894  0.5640 26.5692
  4.4532  1.4399  0.9954  3.0506 10.4690
  3.6520  0.1443  0.9873  0.8665  0.6766
  5.5583  1.0762  0.9771  1.6556  7.2762
  4.7984  3.2681  0.9962  2.0105 28.6837
  5.5984  4.1680  0.9899  0.3341 38.3950
  5.9110  3.7006  0.9747  0.6922 33.3082
  4.6238  2.7867  0.9980  0.5304 23.6478
  4.9082  3.9019  0.9812  1.4947 35.4887
  6.0626  2.8067  0.9773  1.5458 23.8545
  5.5247  3.1666  0.9980  0.3599 27.6119
  5.6606  3.7571  0.9827  1.8217 33.9188
  5.6127  3.9636  0.9964  0.6899 36.1602
  5.1092  2.5083  0.9920  0.5089 20.7991
  5.6425  3.6734  0.9980  0.2508 33.0153
  4.8485  3.3943  0.9827  1.1238 30.0241
  4.8246  4.0124  0.9968  0.9023 36.6921
  5.2518  2.3158  0.9680  0.2904 18.8599
  4.2454  2.2950  0.9790  1.7710 18.6528
  5.4552  3.1601  0.9830  2.5195 27.5430
  5.2738  3.0873  0.9748  0.9168 26.7780
  5.9986  2.0797  0.9853  1.4187 16.5227
  4.8995  2.5331  0.9958  0.2994 21.0505
  5.3799  2.3974  0.9751  0.4879 19.6788
  6.2705  0.7581  0.9844  0.8580  4.7036
  5.0922  2.6162  0.9682  1.7234 21.8973
  5.0458  2.7320  0.9914  2.0845 23.0844
  5.3995  3.4044  0.9980  0.4398 30.1322
  6.3366  1.8462  0.9888  0.3811 14.2611
  3.5972  1.0928  0.9701  0.4779  7.4171
  5.2511  1.8209  0.9980  1.6029 14.0198
  5.7151  2.9490  0.9892  1.2583 25.3307
  6.6544  2.2357  0.7913  2.5811 18.0620
  5.1061  2.0966  0.9773  2.6688 16.6890
  5.5342  2.6405  0.9980  2.2074 22.1456
  5.6307  3.8842  0.9730  0.3161 35.2956
  4.5880  2.5735  0.9980  2.8866 21.4608
  6.8198  2.9896  0.4891  1.0892 25.7545
  4.1346  2.6683  0.9899  1.8586 22.4300
  5.7506  2.6621  0.9747  2.0060 22.3664
  4.7755  3.8852  0.9920  1.1948 35.3064
  4.5910  2.3488  0.9766  1.8662 19.1906
  5.7729  2.3022  0.9815  1.1821 18.7240
  5.7866  2.7325  0.9939  1.3153 23.0891
  5.5054  3.5239  0.9775  2.2884 31.4087
  4.9574  3.2457  0.9694  0.9746 28.4466
  5.5165  1.6756  0.9831  0.9214 12.6440
  5.2908  3.6679  0.9818  0.7837 32.9560
  4.6081  1.2675  0.9720  2.1113  8.9275
  5.2901  2.4507  0.9873  1.6710 20.2155
  5.7008  4.1786  0.9980  1.2083 38.5106
  5.0048  4.2825  0.9899  0.7319 39.6531
  5.9100  3.6331  0.9771  1.5283 32.5811
  4.1931  1.9881  0.9729  1.6677 15.6298
  4.9856  4.1796  0.9819  1.1315 38.5216
  5.8539  2.3415  0.9726  1.2583 19.1171
  4.9347  3.2220  0.9980  1.5522 28.1959
  4.9336  2.3556  0.9833  1.8734 19.2585
  4.8757  2.2091  0.9732  2.3908 17.7980
  5.7177  1.8870  0.9980  1.3392 14.6523
  5.8508  3.6726  0.9821  1.6603 33.0066
  4.4672  3.6638  0.9702  1.2530 32.9114
  4.9186  3.5472  0.9820  2.6298 31.6577
  4.7394  1.8874  0.9954  0.1215 14.6566
  5.7426  3.0544  0.9948  0.2648 26.4327
  5.1019  1.7307  0.9734  1.3110 13.1634
  3.9546  0.8157  0.9679  0.8579  5.1509
  5.2457  4.3065  0.9869  1.2808 39.9173
  6.1343  3.4926  0.9689  0.9431 31.0736
  5.3315  2.8090  0.9870  1.9691 23.8783
  3.9272  2.3502  0.9880  0.6694 19.2046
  4.5064  3.8528  0.9748  0.9292 34.9555
  5.2963  2.4098  0.9704  1.4603 19.8037
  4.5459  3.9036  0.9728  2.2362 35.5066
  5.8581  1.2754  0.9674  0.2805  8.9974
  4.8141  1.5932  0.9878  2.1296 11.8758
  3.9618  1.1928  0.9800  1.7718  8.2751
  5.1663  3.6410  0.9741  0.2253 32.6661
  5.4190  1.9928  0.9686  1.1259 15.6747
  5.5079  3.1233  0.9740  2.3436 27.1552
  5.4244  2.2216  0.9767  0.4123 17.9224
  6.0266  2.6527  0.9973  0.5097 22.2698
  5.1475  4.3171  0.9904  1.8319 40.0351
  5.2223  1.5235  0.9793  1.8660 11.2319
  4.7551  4.3038  0.9871  1.0726 39.8879
  5.9300  3.3274  0.9980  1.3399 29.3122
  4.7902  3.8099  0.9949  0.9414 34.4897
  5.2275  3.3900  0.9675  0.3720 29.9788
  5.5806  2.2886  0.9849  0.0348 18.5892
  5.7026  1.9187  0.9863  1.4412 14.9574
  6.5236  3.3717  0.7934  0.7565 29.7839
  5.2577  2.3200  0.9819  0.8531 18.9026
  5.7434  2.5335  0.9814  0.9099 21.0545
  5.4050  4.1280  0.9685  2.8780 37.9556
  5.3295  1.6660  0.9757  2.3005 12.5549
  4.8909  1.8437  0.9937  0.2636 14.2375
  5.2442  2.4467  0.9775  1.0843 20.1756
  5.6712  2.1855  0.9878  2.1644 17.5646
  4.3465  2.7038  0.9871  0.2881 22.7945
  4.4934  4.1585  0.9717  0.9897 38.2907
  5.4171  3.4550  0.9803  1.8266 30.6712
  5.5069  4.0118  0.9700  0.8296 36.6858
  5.7440  1.7523  0.9897  0.6435 13.3670
  5.9989  1.7572  0.9980  0.3906 13.4141
  4.7393  3.8090  0.9977  1.5064 34.4797
  5.0139  3.4328  0.9791  1.0799 30.4345
  5.9287  2.6954  0.9724  1.3238 22.7080
  4.9275  2.5917  0.9838  2.2792 21.6466
  4.7513  4.0774  0.9840  1.4401 37.4020
  4.9769  2.8030  0.9789  0.4387 23.8160
  6.5539  1.2189  0.8805  1.1333  8.5017
  5.6605  2.4537  0.9974  0.8248 20.2459
  5.1205  3.1265  0.9685  1.2711 27.1891
  4.5003  0.5457  0.9945  0.8907  3.1404
  4.9117  4.3440  0.9944  0.2033 40.3315
  5.9145  1.8913  0.9831  1.8170 14.6939
  5.6158  2.3411  0.9670  1.6465 19.1136
  6.6736  2.1996  0.9264  0.4995 17.7041
  6.5686  1.4609  0.9375  1.2257 10.6598
  5.3813  4.3879  0.9748  0.7890 40.8156
  4.6389  4.1755  0.9791  2.3524 38.4773
  5.1438  2.2754  0.9724  0.6223 18.4571
  4.7455  2.8852  0.9829  1.1990 24.6676
  5.4404  1.8005  0.9860  1.1184 13.8246
  4.5540  3.3111  0.9919  0.8109 29.1392
  5.3053  2.1865  0.9693  1.8449 17.5743
  3.7085  1.8561  0.9710  1.6767 14.3555
  4.6992  2.7402  0.9936  0.8551 23.1688
  3.8543  1.0313  0.9718  2.1600  6.8989
  4.7900  4.2986  0.9793  1.6162 39.8313
  3.6894  1.3373  0.9699  1.3275  9.5462
  5.3389  4.1343  0.9714  2.1266 38.0251
  5.4430  2.2699  0.9890  0.4812 18.4021
  4.6524  1.5052  0.9702  0.7650 11.0640
  5.0434  3.2466  0.9709  1.4045 28.4566
  4.2334  2.0078  0.9707  0.9117 15.8212
  4.8710  4.2731  0.9762  1.2324 39.5495
  4.5611  3.4510  0.9750  2.3513 30.6294
  5.6874  3.4465  0.9735  0.6179 30.5803
  4.7484  1.7717  0.9687  1.0162 13.5509
  5.4538  1.8446  0.9928  0.3102 14.2462
  5.2858  3.0981  0.9723  0.8074 26.8908
  4.8022  2.4151  0.9801  0.4506 19.8569
  4.2606  2.2750  0.9683  2.9726 18.4530
  5.0807  3.1926  0.9800  0.7338 27.8854
  4.4282  2.0136  0.9929  1.2972 15.8777
  3.8072  2.9307  0.9921  1.2751 25.1407
  4.9434  2.4574  0.9804  0.4928 20.2838
  5.5728  3.0948  0.9948  2.2603 26.8563
  5.2313  3.5985  0.9956  1.3078 32.2088
  6.5352  1.5357  0.8948  2.0867 11.3443
  5.2521  2.9685  0.9849  1.4225 25.5345
  6.2239  2.8434  0.9674  1.7163 24.2345
  4.8601  1.8457  0.9781  2.1737 14.2560
  4.9101  3.3676  0.9809  2.1127 29.7401
  5.1335  1.3469  0.9748  0.6527  9.6319
  5.5330  3.6330  0.9980  1.6953 32.5793
  4.1168  4.2144  0.9817  1.4973 38.9047
  5.4009  3.1134  0.9838  0.7763 27.0516
  6.9236  3.1681  0.6306  1.3491 27.6276
  5.4787  3.9878  0.9920  1.3530 36.4232
  6.1779  1.9640  0.9750  1.2807 15.3955
  4.8178  3.2654  0.9854  2.4694 28.6556
  5.4269  3.9612  0.9900  1.3859 36.1338
  6.8235  2.3970  0.5147  0.6697 19.6742
  5.8759  2.4150  0.9858  2.1260 19.8559
  4.2957  1.9091  0.9897  1.3641 14.8653
  5.1038  1.9326  0.9675  2.2039 15.0915
  4.8606  4.4006  0.9952  1.9465 40.9562
  5.2587  3.6675  0.9765  0.6642 32.9516
  5.1058  3.3197  0.9730  2.3688 29.2309
  5.6230  4.0942  0.9938  0.7008 37.5863
  4.0492  3.5599  0.9725  2.0526 31.7942
  4.2151  4.2480  0.9724  1.8592 39.2738
  6.2465  2.4205  0.9812  1.5654 19.9109
  3.7192  4.1053  0.9770  1.9056 37.7071
  4.8653  2.8289  0.9787  1.4984 24.0837
  4.2403  1.4559  0.9904  2.3139 10.6141
  5.4032  2.8172  0.9980  2.0249 23.9634
  5.5376  3.4675  0.9680  2.3980 30.8049
  5.2682  2.1289  0.9678  1.5272 17.0061
  5.1646  1.4709  0.9901  2.4105 10.7511
  5.8471  3.3716  0.9863  2.7638 29.7826
  4.7448  3.3153  0.9952  1.9607 29.1847
  6.2229  1.9269  0.9853  0.8079 15.0372
  5.3305  4.3356  0.9980  0.9641 40.2383
  4.1880  2.4714  0.9841  1.5104 20.4254
  4.7719  2.7559  0.9867  0.8425 23.3301
  5.1642  2.5740  0.9687  1.8162 21.4667
  5.2901  3.9326  0.9912  1.0406 35.8218
  5.2056  3.3734  0.9776  1.5006 29.8018
  5.1132  3.5863  0.9765  1.7679 32.0780
  5.2376  3.7038  0.9930  2.1116 33.3432
  4.4106  3.9549  0.9716  0.7845 36.0651
  6.1419  1.5976  0.9900  0.2406 11.9163
  5.4382  2.2305  0.9942  1.1799 18.0110
  5.1542  3.7843  0.9836  1.0822 34.2126
  5.7535  2.1920  0.9754  0.5172 17.6293
  5.1742  4.0181  0.9860  1.2859 36.7537
  5.2333  3.8847  0.9706  2.3041 35.3013
  5.4450  1.6742  0.9892  1.5646 12.6317
  5.3291  3.3555  0.9734  1.5727 29.6116
  5.0104  4.2973  0.9674  1.3932 39.8166
  5.6843  2.4272  0.9775  1.3682 19.9786
  3.8950  4.1115  0.9721  1.4013 37.7752
  4.5197  3.1990  0.9867  1.7982 27.9531
  6.0283  3.4196  0.9861  1.6354 30.2939
