  5.5109  3.4289  0.0000  1.4321 30.3927
  4.4160  2.5531  0.0000  1.1243 21.2537
  6.2811  0.8810  0.0000  1.6906  5.6684
  5.3931  3.1606  0.0000  2.4478 27.5487
  5.8118  2.2003  0.0000  2.1316 17.7110
  4.4694  3.4797  0.0000  0.4845 30.9358
  5.4575  2.9323  0.0000  0.8010 25.1570
  5.3776  3.9434  0.0000  1.9115 35.9393
  4.6875  1.1798  0.0000  0.8766  8.1624
  5.5902  2.1418  0.0000  1.6144 17.1334
  4.6094  3.3740  0.0000  0.7856 29.8080
  3.8164  3.3425  0.0000  2.2034 29.4731
  6.3094  4.2925  0.0000  2.4572 39.7632
  5.8315  0.6628  0.0000  0.9408  3.9842
  5.2887  1.8328  0.0000  1.9739 14.1325
  4.2376  4.0162  0.0000  1.8628 36.7333
  5.2307  2.3315  0.0000  1.9758 19.0174
  5.3474  3.1715  0.0000  2.4693 27.6632
  5.0367  1.9436  0.0000  2.2086 15.1977
  5.5938  3.8267  0.0000  1.9018 34.6717
  5.0549  0.5793  0.0000  0.6268  3.3779
  5.7218  4.0731  0.0000  2.1355 37.3555
  5.1650  1.0496  0.0000  1.8558  7.0524
  5.3725  0.5144  0.0000  2.8554  2.9229
  5.0287  2.3015  0.0000  1.7382 18.7175
  5.2010  2.8145  0.0000  0.3714 23.9347
  4.2097  1.1129  0.0000  2.3340  7.5877
  5.3430  1.5370  0.0000  1.6551 11.3561
  6.3064  3.5518  0.0000  1.6276 31.7072
  5.2613  2.2996  0.0000  2.0293 18.6983
  5.5128  2.2621  0.0000  0.7144 18.3245
  4.5706  3.4786  0.0000  1.5741 30.9233
  5.2753  1.0927  0.0000  2.3930  7.4163
  5.7536  2.6845  0.0000  0.6008 22.5959
  5.4399  3.2475  0.0000  0.5375 28.4658
  4.6487  0.7695  0.0000  2.6193  4.7913
  5.1334  1.3971  0.0000  1.6082 10.0822
  5.3774  0.6725  0.0000  3.0030  4.0562
  4.3258  2.2416  0.0000  1.7621 18.1204
  5.0879  4.2024  0.0000  2.2484 38.7727
  4.4682  3.8815  0.0000  1.9711 35.2665
  5.8953  2.4465  0.0000  1.6613 20.1734
  6.5067  0.9872  0.0000  0.9690  6.5326
  4.7956  1.2339  0.0000  0.6025  8.6326
  4.8523  1.3092  0.0000  1.2553  9.2960
  5.1836  3.0728  0.0000  1.6058 26.6252
  5.4526  2.9406  0.0000  1.5055 25.2440
  5.5437  4.3685  0.0000  0.2267 40.6017
  5.9934  3.2430  0.0000  2.0921 28.4179
  3.5524  4.3886  0.0000  0.8207 40.8233
  4.8419  2.3884  0.0000  2.4019 19.5884
  4.3338  2.3848  0.0000  1.2378 19.5523
  4.9014  2.5602  0.0000  1.9703 21.3258
  5.0298  3.6491  0.0000  0.7537 32.7528
  4.0163  3.5352  0.0000  1.3086 31.5298
  5.1479  3.7850  0.0000  1.3250 34.2201
  5.0181  2.7796  0.0000  1.6129 23.5749
  5.2211  2.0891  0.0000  1.0082 16.6154
  4.9787  4.3057  0.0000  1.4394 39.9091
  3.5679  3.3615  0.0000  2.0543 29.6753
  5.6725  1.1566  0.0000  1.5501  7.9625
  5.2383  0.7778  0.0000  1.6186  4.8551
  5.4743  1.9462  0.0000  2.1855 15.2233
  4.9123  2.9355  0.0000  1.2131 25.1903
  4.2731  2.8357  0.0000  1.9124 24.1548
  4.9078  3.8071  0.0000  1.3066 34.4596
  4.4987  2.9041  0.0000  2.0639 24.8634
  5.5801  2.7317  0.0000  2.1553 23.0810
  4.5457  2.8875  0.0000  1.4495 24.6912
  5.8404  1.0215  0.0000  1.2878  6.8178
  5.7981  2.6883  0.0000  1.9743 22.6352
  6.2695  2.9041  0.0000  0.8505 24.8642
  5.2253  2.9858  0.0000  2.7822 25.7153
  4.7559  2.9340  0.0000  2.0320 25.1754
  5.6046  1.1380  0.0000  2.0671  7.8027
  4.4334  2.8691  0.0000  2.2105 24.5004
  4.2488  1.9383  0.0000  0.2226 15.1466
  4.3339  4.2795  0.0000  0.5965 39.6209
  5.4708  3.6338  0.0000  2.2836 32.5889
  5.2662  3.8109  0.0000  0.9637 34.5003
  5.9672  0.5516  0.0000  2.5285  3.1819
  6.0984  2.2242  0.0000  1.5620 17.9485
  4.4540  2.0010  0.0000  1.4799 15.7547
  4.7219  4.4893  0.0000  0.9418 41.9384
  4.9698  3.3977  0.0000  0.6616 30.0609
  6.2127  2.4437  0.0000  1.6683 20.1448
  5.5841  3.4117  0.0000  0.9455 30.2098
  5.4218  1.6504  0.0000  2.4160 12.4084
  4.7110  3.9014  0.0000  2.9423 35.4830
  5.7546  3.3331  0.0000  0.7378 29.3734
  5.7006  3.1283  0.0000  0.9324 27.2083
  5.0943  1.7632  0.0000  0.8964 13.4704
  5.2597  1.4771  0.0000  2.5976 10.8074
  4.7467  1.8512  0.0000  2.3559 14.3089
  6.1297  3.0723  0.0000  1.2997 26.6201
  4.4411  4.1178  0.0000  1.7006 37.8439
  5.2678  3.6107  0.0000  1.3562 32.3402
  4.3299  3.3663  0.0000  1.5914 29.7264
  5.8957  4.2657  0.0000  0.6276 39.4680
  4.6492  4.4540  0.0000  2.2779 41.5474
  5.2767  1.7830  0.0000  0.6831 13.6580
  5.1235  1.1791  0.0000  1.3843  8.1566
  5.3505  2.1416  0.0000  1.5578 17.1311
  5.9384  3.8557  0.0000  1.8257 34.9869
  5.2460  2.1231  0.0000  0.5793 16.9492
  4.7679  1.6733  0.0000  1.3994 12.6232
  5.1376  2.4885  0.0000  0.9101 20.5985
  5.6339  3.3852  0.0000  0.8620 29.9277
  4.2793  4.2264  0.0000  1.8970 39.0356
  4.2965  4.1975  0.0000  2.4128 38.7188
  3.9806  2.8768  0.0000  1.4580 24.5805
  5.3557  2.5711  0.0000  1.6476 21.4367
  5.2152  0.4238  0.0000  1.0926  2.3152
  5.7225  0.5732  0.0000  0.9101  3.3342
  5.2322  3.0593  0.0000  1.7378 26.4837
  5.5118  3.6380  0.0000  1.9805 32.6336
  4.0340  2.3633  0.0000  0.5992 19.3359
  5.5091  2.0778  0.0000  1.7355 16.5043
  5.7056  2.2694  0.0000  2.3978 18.3970
  5.6042  3.4192  0.0000  1.0518 30.2900
  3.9254  2.2327  0.0000  1.9157 18.0325
  5.5834  2.1965  0.0000  0.3022 17.6731
  5.2298  2.0364  0.0000  1.6595 16.0997
  4.5254  2.2250  0.0000  1.3558 17.9557
  4.8874  2.9275  0.0000  1.1142 25.1072
  5.2868  3.3578  0.0000  0.5691 29.6359
  5.1048  1.1521  0.0000  2.7230  7.9237
  5.2924  1.2409  0.0000  0.8031  8.6941
  5.0510  4.2109  0.0000  2.5431 38.8660
  4.4511  2.9292  0.0000  1.5502 25.1253
  5.5273  4.3863  0.0000  0.7896 40.7981
  6.0391  2.7302  0.0000  0.6495 23.0655
  4.7846  2.7489  0.0000  0.4257 23.2575
  6.0245  2.6675  0.0000  0.8370 22.4212
  5.3167  1.4048  0.0000  0.7860 10.1519
  5.1718  0.9185  0.0000  0.5116  5.9705
  5.2705  1.8497  0.0000  2.9555 14.2949
  4.9677  3.7800  0.0000  2.3950 34.1657
  6.7260  2.1299  0.0000  2.4481 17.0163
  5.3694  3.4732  0.0000  2.3129 30.8656
  4.5767  3.1274  0.0000  2.6270 27.1986
  5.8990  2.0504  0.0000  2.0891 16.2365
  4.2630  3.7809  0.0000  2.5752 34.1754
  5.4928  3.9125  0.0000  1.5661 35.6033
  4.5921  4.1307  0.0000  2.1357 37.9858
  4.5097  4.0911  0.0000  1.4470 37.5524
  6.8105  1.3627  0.0000  1.4242  9.7731
  3.7576  2.3412  0.0000  0.9455 19.1148
  4.7280  2.3541  0.0000  0.6179 19.2441
  5.4293  3.8306  0.0000  2.2465 34.7143
  5.3930  1.8516  0.0000  0.6567 14.3130
  5.0290  4.3498  0.0000  2.0178 40.3953
  4.5944  3.9615  0.0000  1.5640 36.1370
  4.9116  0.5187  0.0000  1.8412  2.9530
  5.0637  3.0334  0.0000  1.8504 26.2130
  5.1292  3.0943  0.0000  1.3214 26.8515
  5.2906  2.1919  0.0000  2.6328 17.6276
  4.9867  1.1709  0.0000  1.4966  8.0859
  4.3740  4.0054  0.0000  1.1741 36.6158
  5.1526  2.1247  0.0000  2.3393 16.9649
  4.8662  1.5235  0.0000  1.4347 11.2321
  6.7785  3.3061  0.0000  2.3678 29.0867
  5.4643  1.4915  0.0000  0.8616 10.9393
  5.5408  3.0010  0.0000  1.9890 25.8734
  6.1017  2.6245  0.0000  1.3637 21.9818
  5.1330  3.6228  0.0000  1.6499 32.4702
  5.7579  2.9976  0.0000  1.7798 25.8379
  5.5096  2.7855  0.0000  1.0830 23.6358
  3.5918  1.0737  0.0000  1.7873  7.2559
  6.3802  3.3466  0.0000  0.5694 29.5169
  5.2361  1.8909  0.0000  1.0633 14.6895
  5.3353  2.3199  0.0000  2.9005 18.9011
  5.1951  1.4203  0.0000  0.1699 10.2917
  5.2420  2.7146  0.0000  0.3225 22.9056
  5.7563  2.7663  0.0000  0.8989 23.4368
  5.5839  1.8363  0.0000  2.9185 14.1663
  3.8816  1.1834  0.0000  2.2767  8.1935
  4.8296  3.0264  0.0000  1.6942 26.1391
  5.1911  1.7860  0.0000  2.3869 13.6870
  5.5612  2.4916  0.0000  1.7113 20.6296
  5.0078  3.7975  0.0000  2.0492 34.3555
  5.1068  3.4371  0.0000  0.9331 30.4810
  5.5618  3.1060  0.0000  2.3865 26.9738
  4.9562  2.4732  0.0000  2.3516 20.4429
  5.0564  1.8263  0.0000  1.8160 14.0704
  5.6320  4.4359  0.0000  2.4807 41.3469
  5.3535  2.7695  0.0000  0.3912 23.4701
  5.1395  3.0168  0.0000  1.4751 26.0393
  4.8342  1.1908  0.0000  2.1402  8.2582
  4.5587  2.6426  0.0000  1.5601 22.1667
  5.3536  3.1591  0.0000  2.1203 27.5326
  5.2955  2.1784  0.0000  2.3748 17.4949
  4.7186  2.8295  0.0000  2.2852 24.0903
  4.3786  3.6363  0.0000  2.3628 32.6155
  4.4282  3.7929  0.0000  1.7165 34.3054
  4.8631  3.4612  0.0000  0.7584 30.7379
  5.9900  2.7169  0.0000  1.0179 22.9291
  5.1778  1.4516  0.0000  2.1779 10.5752
  3.8869  4.2505  0.0000  2.4479 39.3008
  5.0632  4.2545  0.0000  1.5199 39.3449
  5.1220  2.9561  0.0000  2.0315 25.4047
  5.3572  1.8213  0.0000  1.4302 14.0228
  5.0734  1.7567  0.0000  1.5515 13.4090
  5.4451  3.2094  0.0000  0.7863 28.0626
  5.1513  2.8445  0.0000  2.5878 24.2453
  4.6308  3.0009  0.0000  1.8940 25.8730
  4.9345  1.2688  0.0000  2.9781  8.9390
  5.5667  1.0468  0.0000  2.9230  7.0292
  4.6158  2.5437  0.0000  1.5514 21.1580
  5.2792  2.0071  0.0000  1.6453 15.8137
  4.8548  1.7947  0.0000  2.3177 13.7698
  5.0452  1.4250  0.0000  0.8552 10.3339
  4.7244  3.4875  0.0000  1.7398 31.0188
  3.5219  3.4104  0.0000  1.3018 30.1958
  6.9435  2.9336  0.0000  0.5102 25.1707
  4.0490  3.8323  0.0000  0.4557 34.7325
  5.0927  3.2037  0.0000  2.2609 28.0029
  6.1779  1.3862  0.0000  0.0889  9.9843
  5.3323  1.8759  0.0000  2.1572 14.5462
  4.7919  4.1445  0.0000  1.5934 38.1373
  4.7072  2.4383  0.0000  2.6256 20.0906
  5.6021  1.5399  0.0000  2.7013 11.3834
  3.9125  0.8813  0.0000  1.0679  5.6712
  4.3450  1.4619  0.0000  1.5854 10.6690
  4.2256  3.3259  0.0000  1.6695 29.2971
  5.2683  3.0724  0.0000  1.1499 26.6213
  4.5491  2.5995  0.0000  2.2196 21.7259
  5.1414  2.8662  0.0000  0.9196 24.4701
  4.8239  1.7928  0.0000  2.8713 13.7516
  4.3914  3.9460  0.0000  2.6956 35.9685
  5.0755  3.5162  0.0000  1.0112 31.3263
  4.7522  2.3130  0.0000  2.0814 18.8328
  6.1878  2.4704  0.0000  1.0371 20.4147
  4.1180  3.5427  0.0000  1.9409 31.6100
  5.6910  3.0719  0.0000  1.4033 26.6156
  5.2184  1.4366  0.0000  1.5386 10.4389
  5.6275  2.3970  0.0000  1.4056 19.6751
  4.8842  0.8529  0.0000  1.1921  5.4439
  5.0088  3.0182  0.0000  0.7287 26.0536
  4.0500  2.9646  0.0000  1.5954 25.4938
  5.4261  1.0181  0.0000  1.8171  6.7888
  3.6340  3.9748  0.0000  2.5076 36.2815
  5.2643  2.6538  0.0000  1.1079 22.2813
  5.2806  2.9720  0.0000  0.7608 25.5706
  5.0574  1.9566  0.0000  1.9077 15.3243
  5.2720  3.5782  0.0000  2.6165 31.9911
  5.0066  2.9345  0.0000  1.5947 25.1802
  5.3866  3.2572  0.0000  0.9748 28.5682
  5.4194  1.5738  0.0000  0.5575 11.6960
  5.2437  2.8138  0.0000  0.6629 23.9276
  4.6014  4.3259  0.0000  1.6701 40.1321
  4.8870  3.7318  0.0000  1.3994 33.6455
  4.8777  2.9126  0.0000  0.8279 24.9523
  6.9716  2.0260  0.0000  1.6007 15.9979
  5.0660  1.7212  0.0000  1.9241 13.0731
  6.1386  3.7663  0.0000  1.2267 34.0175
  5.4517  1.3883  0.0000  2.8787 10.0025
  5.4102  3.6771  0.0000  1.8408 33.0549
  5.1750  0.9956  0.0000  0.8699  6.6020
  5.5325  1.0931  0.0000  1.7095  7.4201
  4.8331  2.5716  0.0000  1.5243 21.4421
  4.9662  3.8461  0.0000  1.8167 34.8819
  5.0366  2.3264  0.0000  1.3550 18.9662
  5.7072  3.6715  0.0000  1.3019 32.9945
  5.6998  1.9859  0.0000  1.2987 15.6084
  5.5559  3.1531  0.0000  1.7511 27.4697
  5.3982  3.4651  0.0000  2.0850 30.7794
  4.7489  2.7290  0.0000  2.0808 23.0534
  5.2939  2.3167  0.0000  1.2835 18.8695
  4.9139  3.4069  0.0000  1.2551 30.1589
  5.1041  3.8868  0.0000  2.8291 35.3242
  5.3934  0.8461  0.0000  1.8588  5.3901
  4.7703  1.2426  0.0000  0.9221  8.7089
  5.2930  2.1861  0.0000  2.3750 17.5704
  5.3524  3.5798  0.0000  1.2069 32.0075
  5.2526  3.1581  0.0000  2.1483 27.5225
  5.9780  2.9419  0.0000  1.6900 25.2575
  5.3127  4.0307  0.0000  1.1414 36.8923
  5.2852  1.3219  0.0000  1.3608  9.4095
  3.5857  3.2209  0.0000  2.2714 28.1840
  4.7243  1.9454  0.0000  0.6728 15.2156
  5.6648  1.4741  0.0000  1.9063 10.7796
  5.2317  1.9640  0.0000  0.5312 15.3952
  4.8942  3.2329  0.0000  1.8906 28.3118
  4.3042  2.7160  0.0000  1.4923 22.9196
  4.3833  1.4001  0.0000  1.4445 10.1096
  5.0249  3.4408  0.0000  2.7353 30.5197
  6.0243  0.8990  0.0000  1.3852  5.8126
  5.6701  2.0455  0.0000  2.3474 16.1885
  5.0203  2.2655  0.0000  1.3489 18.3584
  5.7166  3.7900  0.0000  2.1385 34.2744
  5.5244  2.7941  0.0000  1.8672 23.7245
  5.4596  1.2101  0.0000  2.4936  8.4250
  5.1917  1.1872  0.0000  0.3345  8.2263
  4.9157  3.8727  0.0000  1.6925 35.1710
  5.5560  3.9964  0.0000  1.9420 36.5171
  5.4966  1.0934  0.0000  1.3071  7.4221
  5.1558  0.7358  0.0000  2.0696  4.5323
  5.4521  3.3645  0.0000  1.0738 29.7065
  4.9785  2.8954  0.0000  2.5266 24.7737
  5.1916  3.0796  0.0000  1.6607 26.6970
  5.4205  3.0887  0.0000  1.5897 26.7925
  5.6883  2.1837  0.0000  1.2582 17.5467
  5.2626  1.6643  0.0000  2.4193 12.5384
  5.2325  3.3589  0.0000  2.3097 29.6469
  4.2087  4.0288  0.0000  1.3890 36.8708
  5.3786  4.4691  0.0000  2.4692 41.7143
  4.7355  0.4263  0.0000  1.1314  2.3317
  4.9879  3.0571  0.0000  0.7473 26.4604
  4.1488  1.7948  0.0000  1.3358 13.7710
  5.9883  3.3269  0.0000  2.2106 29.3071
  4.9832  1.3100  0.0000  1.2100  9.3038
  4.5027  3.5223  0.0000  1.7580 31.3917
  5.1828  1.2132  0.0000  1.0484  8.4524
  5.3144  3.9728  0.0000  2.6003 36.2600
  5.4393  1.3302  0.0000  1.3955  9.4828
  5.1732  1.4667  0.0000  0.9459 10.7128
  5.2953  3.2006  0.0000  0.1240 27.9702
  5.0837  2.9527  0.0000  0.6634 25.3692
  4.7066  3.2005  0.0000  2.5019 27.9688
  6.1505  4.0511  0.0000  1.3272 37.1141
  5.9232  3.1201  0.0000  1.3692 27.1216
  5.1711  2.3301  0.0000  1.9444 19.0036
  5.5889  1.8151  0.0000  1.8137 13.9641
  5.3661  1.5110  0.0000  1.3805 11.1179
  5.0545  3.4336  0.0000  2.6753 30.4435
  5.2040  0.9851  0.0000  1.8220  6.5156
  3.9024  1.7263  0.0000  0.9852 13.1216
  5.4138  1.6380  0.0000  1.5584 12.2928
  5.3482  2.4319  0.0000  0.3065 20.0262
  5.4176  2.7335  0.0000  0.6604 23.0990
  5.6025  0.9222  0.0000  2.4787  6.0005
  5.5661  2.5417  0.0000  1.5917 21.1377
  5.0443  3.6818  0.0000  0.8321 33.1055
  5.1675  2.7340  0.0000  1.7499 23.1047
  4.9532  3.4410  0.0000  2.2454 30.5220
  5.1356  3.2283  0.0000  1.8057 28.2624
  5.4929  1.9970  0.0000  1.3573 15.7157
  3.5951  0.7170  0.0000  1.2770  4.3894
  6.1311  3.1404  0.0000  2.1135 27.3354
  4.3797  2.5064  0.0000  0.8777 20.7790
  4.2685  2.7568  0.0000  1.8748 23.3395
  4.7285  0.9875  0.0000  2.3294  6.5357
  3.8284  2.7224  0.0000  0.5576 22.9848
  4.4356  2.2362  0.0000  2.7551 18.0676
  5.7854  4.2678  0.0000  2.1959 39.4917
  4.8954  3.0508  0.0000  1.0190 26.3945
  5.8071  2.0080  0.0000  1.7194 15.8225
  4.6725  4.2695  0.0000  0.6476 39.5105
  5.8932  0.9979  0.0000  1.9174  6.6212
  5.2919  3.0417  0.0000  1.5439 26.2990
  3.9163  2.6025  0.0000  2.4066 21.7569
  5.4003  1.6857  0.0000  0.6582 12.7395
  4.9369  1.7375  0.0000  1.7867 13.2268
  5.4906  1.6417  0.0000  1.1039 12.3276
  5.5896  4.2830  0.0000  0.5800 39.6591
  5.0830  4.3093  0.0000  0.5990 39.9487
  4.8324  3.1443  0.0000  0.9634 27.3765
  4.2733  3.0012  0.0000  0.2892 25.8759
  4.9460  1.6063  0.0000  1.2386 11.9970
  6.0362  0.2787  0.0000  1.0977  1.4161
  5.2831  1.4752  0.0000  0.9945 10.7905
  3.8668  3.7453  0.0000  1.0903 33.7906
  5.7415  3.2247  0.0000  2.3840 28.2247
  3.8829  1.8740  0.0000  0.2106 14.5277
  5.0548  2.4773  0.0000  1.5184 20.4847
  5.3603  3.6033  0.0000  0.6399 32.2599
  5.0465  2.3451  0.0000  1.8680 19.1540
  5.1201  0.4304  0.0000  0.9208  2.3583
  5.8665  0.6260  0.0000  0.6878  3.7143
  5.4550  1.8465  0.0000  0.8997 14.2638
  4.2716  3.4621  0.0000  1.0178 30.7473
  5.3854  2.0689  0.0000  1.0934 16.4173
  4.1747  3.6758  0.0000  1.1651 33.0409
  5.4883  1.1459  0.0000  1.6989  7.8702
  5.8136  3.3607  0.0000  2.2824 29.6661
  5.1800  2.9019  0.0000  1.7821 24.8415
  4.7728  0.5706  0.0000  2.2607  3.3161
  5.3416  4.4190  0.0000  2.3582 41.1600
  5.5611  2.5335  0.0000  0.6811 21.0547
  5.4413  1.6159  0.0000  0.1395 12.0869
  4.7443  2.6079  0.0000  1.1958 21.8117
  5.2669  3.0790  0.0000  1.7429 26.6906
  4.9944  1.1320  0.0000  1.2043  7.7510
  4.7455  3.2620  0.0000  2.9538 28.6192
  5.2162  3.7305  0.0000  1.2269 33.6311
  5.6661  3.6354  0.0000  2.5648 32.6060
  4.4195  2.7930  0.0000  2.1969 23.7130
  4.8648  1.8402  0.0000  1.8061 14.2040
  4.8581  3.8960  0.0000  1.3007 35.4243
  4.6877  3.3936  0.0000  0.6348 30.0165
  5.2121  1.5760  0.0000  1.3311 11.7162
  4.8378  4.2844  0.0000  2.5959 39.6743
  4.8840  1.8466  0.0000  0.2275 14.2650
  5.2054  3.9328  0.0000  1.2163 35.8246
  4.7372  1.8593  0.0000  1.0775 14.3871
  4.5538  0.4030  0.0000  0.6879  2.1805
  5.4481  3.1350  0.0000  1.3983 27.2790
  4.5177  1.0027  0.0000  2.0370  6.6608
  5.0905  4.3048  0.0000  1.4174 39.8996
  5.2664  3.0664  0.0000  1.8518 26.5587
  4.4793  2.2384  0.0000  2.2610 18.0893
  5.2109  1.8135  0.0000  1.1185 13.9487
  5.7356  1.1531  0.0000  0.3762  7.9320
  6.1963  2.0106  0.0000  1.8911 15.8478
  4.9560  3.8829  0.0000  0.5933 35.2820
  4.7345  1.1812  0.0000  2.8017  8.1743
  4.9160  4.0278  0.0000  1.1829 36.8602
  5.4107  3.6391  0.0000  0.7875 32.6451
  6.7881  3.7006  0.0000  1.9674 33.3080
  5.4534  1.2407  0.0000  0.6713  8.6927
  5.6114  4.4629  0.0000  1.4687 41.6456
  6.5509  3.0346  0.0000  1.2334 26.2250
  4.9539  3.0204  0.0000  2.0846 26.0761
  4.4528  2.8040  0.0000  2.5148 23.8263
  4.9818  2.0024  0.0000  2.7184 15.7681
  6.0442  2.2207  0.0000  1.2152 17.9133
  5.9235  1.3807  0.0000  1.6765  9.9343
  4.7757  3.6877  0.0000  1.7894 33.1689
  5.4013  3.2310  0.0000  1.7401 28.2914
  3.9073  1.7326  0.0000  2.7621 13.1806
  4.7430  1.4463  0.0000  2.6029 10.5272
  5.1770  3.8193  0.0000  1.9902 34.5914
  5.3336  3.5967  0.0000  0.8211 32.1898
  5.0541  3.7290  0.0000  0.6558 33.6148
  5.3050  0.9975  0.0000  2.2020  6.6181
  4.7329  2.0591  0.0000  0.8187 16.3214
  5.9622  2.8006  0.0000  2.1332 23.7910
  3.8434  2.2064  0.0000  1.5483 17.7712
  5.5822  3.4860  0.0000  1.0184 31.0034
  4.1020  3.9562  0.0000  2.7833 36.0795
  5.0861  3.1770  0.0000  2.9885 27.7208
  3.7515  3.8114  0.0000  2.2009 34.5061
  6.7926  2.3346  0.0000  1.7951 19.0483
  5.5418  2.5563  0.0000  2.4161 21.2867
  4.8243  3.3872  0.0000  0.3954 29.9486
  4.9335  4.0351  0.0000  2.8446 36.9396
  4.5893  1.5373  0.0000  2.6523 11.3590
  5.5529  3.7657  0.0000  0.5145 34.0115
  4.7149  2.0477  0.0000  1.3399 16.2096
  5.1212  3.0059  0.0000  2.3610 25.9251
  5.6895  1.2995  0.0000  1.6282  9.2105
  5.3063  2.8921  0.0000  0.6426 24.7388
  6.5242  2.0371  0.0000  2.3955 16.1069
  5.8458  2.7253  0.0000  2.0875 23.0149
  6.5814  2.7576  0.0000  0.8503 23.3478
  5.1361  0.8419  0.0000  1.5924  5.3566
  5.4393  0.5019  0.0000  1.6645  2.8372
  6.0216  1.8597  0.0000  1.0775 14.3903
  5.5601  0.3427  0.0000  1.8533  1.8007
  5.4708  1.4235  0.0000  2.3830 10.3201
  4.3554  2.0703  0.0000  1.1124 16.4310
  5.0469  1.5942  0.0000  1.4429 11.8846
  4.5876  1.6244  0.0000  2.3549 12.1654
  5.1719  3.0445  0.0000  0.8376 26.3284
  5.3815  1.5161  0.0000  0.8425 11.1640
  3.8146  1.4289  0.0000  1.5487 10.3693
  5.4816  3.6323  0.0000  0.4871 32.5721
  4.2829  1.6802  0.0000  1.9078 12.6872
  4.7133  1.7459  0.0000  1.7471 13.3067
  5.3240  1.3042  0.0000  1.6091  9.2522
  5.5779  1.0901  0.0000  2.9540  7.3940
  4.8554  2.3446  0.0000  0.3459 19.1484
  5.2004  2.4195  0.0000  1.9481 19.9013
  5.0784  1.2800  0.0000  0.4234  9.0377
  5.5317  2.4104  0.0000  1.1349 19.8098
  5.5691  4.0377  0.0000  1.8740 36.9687
  5.8788  4.4238  0.0000  1.9714 41.2124
  5.3970  3.6945  0.0000  1.4274 33.2421
  4.9086  1.8074  0.0000  2.4821 13.8904
  4.9208  2.4528  0.0000  1.0305 20.2369
  5.3373  2.0508  0.0000  1.1978 16.2406
  4.4266  1.2994  0.0000  2.2408  9.2092
  4.1821  3.9972  0.0000  0.3819 36.5264
  5.8185  3.6057  0.0000  0.9013 32.2859
  5.4797  1.8460  0.0000  3.0546 14.2594
  4.2947  2.4002  0.0000  0.8458 19.7070
  5.0185  2.8524  0.0000  1.2725 24.3278
  4.8263  3.0239  0.0000  1.0703 26.1134
  4.1676  4.4332  0.0000  2.3674 41.3168
  4.9258  3.1281  0.0000  1.0934 27.2058
  5.4789  4.4307  0.0000  2.4185 41.2896
  5.3989  2.3575  0.0000  1.7936 19.2781
  4.7032  0.6575  0.0000  2.1274  3.9451
  5.3484  2.1919  0.0000  1.7978 17.6277
  4.7153  2.1872  0.0000  1.4130 17.5812
  5.4127  4.1240  0.0000  2.0110 37.9121
  3.7089  1.0833  0.0000  1.8949  7.3365
  4.8268  3.8423  0.0000  0.6117 34.8412
  5.3316  2.1563  0.0000  2.5513 17.2760
  4.3879  4.1100  0.0000  1.6831 37.7587
  5.1051  0.6980  0.0000  1.7104  4.2467
  4.0131  3.0303  0.0000  0.5932 26.1800
  5.3272  1.2508  0.0000  0.4304  8.7814
  5.2932  2.9323  0.0000  2.2421 25.1572
  4.7941  2.2422  0.0000  1.7275 18.1267
  5.2958  1.4336  0.0000  1.2169 10.4115
  4.3194  4.3406  0.0000  2.2524 40.2939
  5.8819  2.6285  0.0000  1.4273 22.0220
  4.5194  2.5918  0.0000  1.2600 21.6477
  5.5796  1.4848  0.0000  1.1354 10.8779
  5.7243  2.2042  0.0000  1.7587 17.7496
  4.7801  3.0568  0.0000  2.9560 26.4577
  4.9646  4.2806  0.0000  1.7328 39.6324
  5.1907  1.1448  0.0000  0.5410  7.8609
  5.3765  1.1333  0.0000  2.5380  7.7620
  5.4916  3.1484  0.0000  2.1313 27.4203
  3.7711  1.9695  0.0000  2.5639 15.4490
  4.6707  3.7387  0.0000  1.4672 33.7196
  4.0130  4.1339  0.0000  2.4462 38.0212
  5.6425  1.9581  0.0000  1.3416 15.3386
  5.2314  0.9300  0.0000  2.9820  6.0640
  4.9876  2.1951  0.0000  1.0507 17.6600
  6.0275  1.1488  0.0000  1.0159  7.8951
  4.6339  4.3436  0.0000  1.8151 40.3270
  5.2432  1.2226  0.0000  2.5487  8.5343
  5.4204  0.9183  0.0000  1.9310  5.9688
  6.3973  1.6619  0.0000  1.4737 12.5156
  5.7993  1.5773  0.0000  2.0678 11.7284
  4.9540  1.1093  0.0000  2.2066  7.5576
  5.5919  3.2816  0.0000  0.4499 28.8271
  5.9321  1.6897  0.0000  1.6810 12.7768
  4.5127  3.6353  0.0000  2.2592 32.6047
  4.8863  2.5297  0.0000  1.4647 21.0162
  4.8220  2.6420  0.0000  1.8577 22.1602
  5.2467  3.8657  0.0000  1.2502 35.0946
  5.2263  3.2467  0.0000  1.6749 28.4568
  5.6915  4.0297  0.0000  0.2231 36.8809
  4.4241  3.0853  0.0000  1.1695 26.7567
  5.0127  4.2169  0.0000  0.8861 38.9318
  5.6894  1.6214  0.0000  0.9262 12.1374
  4.8923  2.7973  0.0000  2.0398 23.7574
  5.6271  2.7659  0.0000  1.5003 23.4332
  5.9641  2.3038  0.0000  1.3173 18.7402
  6.1037  4.1154  0.0000  1.8412 37.8185
  4.8095  3.7462  0.0000  1.5305 33.8011
  5.2318  3.9517  0.0000  0.4927 36.0302
  4.9842  3.2461  0.0000  0.4204 28.4510
  5.4085  2.2036  0.0000  1.4371 17.7437
  4.1058  3.2015  0.0000  1.8557 27.9796
  3.5487  1.4120  0.0000  2.6338 10.2168
  4.9015  2.7556  0.0000  1.6749 23.3273
  4.9529  1.4834  0.0000  0.8278 10.8647
  4.0929  3.2016  0.0000  0.1337 27.9811
  5.4774  2.7176  0.0000  1.6286 22.9356
  5.2417  2.7001  0.0000  1.4089 22.7565
  5.1695  0.6363  0.0000  2.0088  3.7891
  6.7579  3.2931  0.0000  2.0635 28.9485
  5.2879  4.1057  0.0000  1.7328 37.7122
  5.1404  1.4073  0.0000  1.7019 10.1742
  4.2917  1.3356  0.0000  1.5759  9.5314
  5.2737  2.4251  0.0000  1.1021 19.9580
  5.0218  2.1420  0.0000  0.9824 17.1356
  5.0786  2.8639  0.0000  1.3326 24.4461
  3.6084  1.3555  0.0000  0.8103  9.7086
  4.3757  2.5238  0.0000  1.5398 20.9556
  5.3695  3.9738  0.0000  1.1412 36.2705
  4.8365  2.3830  0.0000  0.8563 19.5340
  5.6599  3.6028  0.0000  0.6988 32.2551
  5.1124  3.0949  0.0000  2.3711 26.8571
  4.0275  2.1808  0.0000  2.2014 17.5183
  4.1397  2.9098  0.0000  0.9302 24.9235
  5.5270  1.8335  0.0000  2.4727 14.1395
  5.1387  1.4455  0.0000  1.4924 10.5201
  6.2762  1.6002  0.0000  2.6396 11.9410
  5.1564  2.3050  0.0000  0.5052 18.7525
  5.1281  0.6391  0.0000  0.7409  3.8099
  4.2317  3.1412  0.0000  1.8735 27.3442
  4.7268  1.7050  0.0000  1.2075 12.9209
  4.2482  3.4826  0.0000  2.1960 30.9665
  6.1039  3.4262  0.0000  1.9029 30.3642
  4.8749  2.6490  0.0000  2.3083 22.2319
  4.8517  1.6665  0.0000  2.4659 12.5595
  5.0018  2.3754  0.0000  0.6215 19.4572
  4.2539  3.8817  0.0000  2.4339 35.2683
  5.1803  2.2832  0.0000  1.0022 18.5348
  5.3538  3.2615  0.0000  2.4832 28.6135
  5.3791  3.4859  0.0000  2.0446 31.0020
  4.7766  2.0970  0.0000  0.9209 16.6926
  4.1419  4.4876  0.0000  1.8100 41.9193
  4.7662  3.5534  0.0000  1.1603 31.7245
  4.8372  1.9683  0.0000  1.8063 15.4370
  4.7487  4.3746  0.0000  1.9525 40.6689
  5.2515  1.5360  0.0000  2.0998 11.3472
  4.9459  3.0205  0.0000  1.7965 26.0775
  5.1953  4.1942  0.0000  2.3927 38.6820
  4.6226  3.9800  0.0000  1.7577 36.3387
  6.8916  3.9464  0.0000  0.1547 35.9729
  4.7724  3.1209  0.0000  2.5322 27.1300
  4.2415  2.1977  0.0000  2.2984 17.6857
  5.1139  3.0486  0.0000  2.1322 26.3716
  5.2667  1.4855  0.0000  1.0021 10.8843
  5.0906  1.4260  0.0000  2.3377 10.3434
  5.2455  1.0119  0.0000  1.5787  6.7373
  4.4383  2.4997  0.0000  2.6798 20.7117
  4.4367  3.7564  0.0000  0.3558 33.9107
  5.1500  1.6516  0.0000  2.2440 12.4194
  4.9856  2.1298  0.0000  2.7276 17.0151
  5.9114  1.7617  0.0000  2.4467 13.4564
  5.5062  3.4025  0.0000  1.5818 30.1113
  4.8024  2.1882  0.0000  0.9837 17.5915
  4.3457  2.1901  0.0000  1.1430 17.6106
  4.9244  2.9110  0.0000  1.2049 24.9359
  4.7251  3.4061  0.0000  1.1224 30.1504
  6.0220  3.0524  0.0000  1.6998 26.4115
  5.2497  2.4632  0.0000  1.4030 20.3418
  6.1212  3.4579  0.0000  1.5406 30.7023
  5.6944  0.9535  0.0000  1.0218  6.2556
  5.2881  2.0283  0.0000  1.3506 16.0211
  4.7383  4.2913  0.0000  1.5644 39.7502
  5.1333  2.8241  0.0000  1.9562 24.0344
  5.4817  1.7021  0.0000  0.5981 12.8933
  4.6048  1.1845  0.0000  0.7348  8.2029
  5.5784  1.0326  0.0000  1.4459  6.9101
  4.5448  2.3434  0.0000  0.5997 19.1369
  4.9753  2.6223  0.0000  1.4469 21.9587
  4.7516  3.7992  0.0000  2.2334 34.3738
  5.1421  2.1842  0.0000  2.1612 17.5518
  6.2824  1.9082  0.0000  0.9598 14.8566
  5.5665  2.4557  0.0000  0.8595 20.2666
  4.7652  1.2021  0.0000  1.2375  8.3561
  4.8227  2.2289  0.0000  2.1758 17.9943
  4.6712  2.3503  0.0000  1.7123 19.2061
  5.7585  3.4105  0.0000  0.4696 30.1970
  4.0869  1.1571  0.0000  1.1795  7.9665
  5.5889  3.1966  0.0000  2.7794 27.9274
  4.7352  2.6482  0.0000  1.7557 22.2241
  3.6485  3.9042  0.0000  0.8587 35.5137
  5.1970  2.2886  0.0000  1.2131 18.5889
  4.4325  2.3195  0.0000  1.7407 18.8971
  4.2012  4.1534  0.0000  2.3378 38.2344
  4.1845  2.1233  0.0000  2.6835 16.9507
  5.0257  3.8252  0.0000  2.4403 34.6552
  5.6088  2.2049  0.0000  1.7080 17.7562
  4.9307  1.2833  0.0000  1.2223  9.0671
  5.1089  1.6457  0.0000  1.0125 12.3648
  5.7629  2.1762  0.0000  1.0685 17.4726
  5.1572  1.9915  0.0000  0.9607 15.6620
  5.3607  3.6424  0.0000  0.9566 32.6809
  5.2400  0.6105  0.0000  0.7745  3.6014
  4.9166  2.0187  0.0000  1.5524 15.9268
  6.0885  4.0783  0.0000  1.3566 37.4116
  5.4604  1.4543  0.0000  1.7130 10.5993
  5.0311  3.4102  0.0000  1.5594 30.1937
  6.2862  2.5461  0.0000  2.1340 21.1826
  4.3034  4.2907  0.0000  1.8911 39.7440
  5.8184  3.7717  0.0000  1.9120 34.0766
  4.9303  3.0886  0.0000  2.5665 26.7914
  5.2954  1.2097  0.0000  0.4067  8.4220
  4.9779  1.0882  0.0000  1.2509  7.3785
  5.8902  4.3787  0.0000  0.7085 40.7147
  4.1349  0.9117  0.0000  2.7197  5.9152
  5.1107  4.1169  0.0000  1.6121 37.8342
  5.5399  3.0106  0.0000  0.8884 25.9745
  6.2283  1.9076  0.0000  2.1224 14.8504
  5.7632  2.1870  0.0000  2.5247 17.5796
  4.2982  2.5999  0.0000  1.0544 21.7305
  5.1110  1.7346  0.0000  1.5130 13.2001
  5.2051  2.8755  0.0000  1.7940 24.5668
  5.4290  0.5967  0.0000  1.6446  3.5023
  5.9511  1.1398  0.0000  2.2462  7.8179
  5.1008  0.7687  0.0000  1.0003  4.7847
  5.1325  3.1358  0.0000  2.5374 27.2875
  5.3304  2.0445  0.0000  0.8082 16.1791
  5.1554  3.6341  0.0000  2.0174 32.5918
  5.4671  1.5947  0.0000  0.9870 11.8895
  5.5427  2.5158  0.0000  1.3077 20.8751
  5.1539  3.0056  0.0000  2.1464 25.9222
  4.6268  0.5504  0.0000  2.5866  3.1735
  4.7407  3.1135  0.0000  1.2317 27.0531
  5.4454  2.9188  0.0000  0.5901 25.0170
  4.7897  1.4511  0.0000  1.6029 10.5706
  3.8428  3.3353  0.0000  1.4844 29.3968
  4.9663  0.8212  0.0000  2.4006  5.1940
  5.5406  3.4338  0.0000  1.5112 30.4457
  3.5255  2.2598  0.0000  2.6365 18.3016
  4.0673  1.1219  0.0000  1.5283  7.6649
  4.6965  1.9605  0.0000  0.9861 15.3614
  5.2942  4.3532  0.0000  1.1546 40.4329
  5.9987  3.7708  0.0000  1.2996 34.0663
  6.5377  1.1739  0.0000  1.5154  8.1112
  5.5542  3.6954  0.0000  2.5981 33.2516
  6.6261  3.0021  0.0000  1.4101 25.8857
  4.5757  3.9633  0.0000  0.0403 36.1563
  5.3888  3.3964  0.0000  1.7749 30.0464
  3.9550  2.6621  0.0000  1.4284 22.3668
  5.2706  3.3025  0.0000  1.7864 29.0481
  5.8921  3.6697  0.0000  1.3047 32.9754
  4.8848  1.7805  0.0000  1.5729 13.6346
  5.3829  2.7104  0.0000  0.8941 22.8616
  4.5538  4.4481  0.0000  0.2191 41.4819
  4.7976  2.5781  0.0000  2.1801 21.5083
  4.2730  3.6547  0.0000  0.4543 32.8134
  5.2869  3.1132  0.0000  1.1637 27.0492
  5.2537  3.9545  0.0000  0.9536 36.0607
  5.2368  3.1960  0.0000  1.4435 27.9215
  4.6098  3.4338  0.0000  2.2296 30.4456
  4.2252  0.5682  0.0000  1.4561  3.2991
  5.3194  3.9234  0.0000  0.8234 35.7217
  4.8295  0.9010  0.0000  2.6893  5.8292
  4.3640  0.9081  0.0000  2.3188  5.8867
  4.3589  2.2990  0.0000  2.5077 18.6925
  4.7727  2.4116  0.0000  1.3291 19.8214
  6.0300  3.2017  0.0000  0.8777 27.9823
  6.0326  3.0212  0.0000  1.6736 26.0847
  6.1134  2.2426  0.0000  1.5528 18.1307
  5.1063  2.9849  0.0000  3.0098 25.7055
  6.5381  2.2403  0.0000  1.9475 18.1081
  5.2770  4.1968  0.0000  2.1059 38.7109
  4.7878  2.4264  0.0000  0.9605 19.9709
  5.8582  2.1171  0.0000  1.6179 16.8904
  5.3715  4.0106  0.0000  1.5828 36.6724
  5.3263  1.2912  0.0000  1.7102  9.1369
  5.3042  1.5982  0.0000  1.2372 11.9218
  5.9774  3.2837  0.0000  0.7808 28.8492
  6.1005  2.1588  0.0000  2.1147 17.3007
  5.4887  2.4451  0.0000  1.4205 20.1593
  4.5466  0.6702  0.0000  2.3861  4.0392
  5.1654  3.1746  0.0000  2.1054 27.6955
  4.1662  2.9338  0.0000  1.1531 25.1729
  5.0941  2.2341  0.0000  0.8262 18.0461
  5.2507  2.2258  0.0000  0.2569 17.9641
  5.4556  3.0353  0.0000  1.9619 26.2329
  5.0643  1.0542  0.0000  0.6266  7.0912
  5.1032  3.9616  0.0000  0.6598 36.1378
  5.7819  1.5000  0.0000  2.2397 11.0169
  5.5095  2.0783  0.0000  1.2477 16.5094
  6.0385  1.2006  0.0000  2.6692  8.3426
  5.3189  2.4385  0.0000  1.7811 20.0930
  4.9514  2.6784  0.0000  1.6150 22.5333
  5.3041  4.4661  0.0000  2.2949 41.6807
  5.7324  0.6963  0.0000  0.7850  4.2335
  5.5642  1.6649  0.0000  2.4295 12.5438
  5.7159  3.5222  0.0000  2.2541 31.3905
  4.5905  3.5884  0.0000  0.4949 32.1006
  4.0181  2.8105  0.0000  1.3531 23.8934
  4.7769  2.9387  0.0000  2.3355 25.2240
  4.7541  2.6165  0.0000  2.8512 21.9001
  4.2613  4.4660  0.0000  2.0164 41.6801
  4.3927  1.6667  0.0000  2.1588 12.5607
  4.6500  1.0840  0.0000  2.9595  7.3427
  5.0500  3.0559  0.0000  2.7450 26.4486
  4.8054  3.4457  0.0000  1.8693 30.5721
  4.6666  1.9263  0.0000  0.8226 15.0315
  5.9439  3.8097  0.0000  1.7420 34.4874
  5.7793  1.7841  0.0000  0.3911 13.6688
  4.6296  3.2288  0.0000  1.9833 28.2683
  4.2622  1.8765  0.0000  2.4062 14.5516
  3.7667  1.3646  0.0000  0.6137  9.7906
  5.0542  2.9670  0.0000  2.0553 25.5190
  5.4416  0.6565  0.0000  2.1801  3.9374
  4.1125  1.9143  0.0000  1.4454 14.9153
  5.2927  3.5259  0.0000  2.0648 31.4303
  4.7359  4.2013  0.0000  0.6648 38.7602
  5.5326  2.2242  0.0000  0.5929 17.9481
  6.2775  1.3339  0.0000  0.7029  9.5159
  5.0321  2.2011  0.0000  1.2893 17.7194
  5.4470  2.8668  0.0000  2.0461 24.4769
  5.1589  1.5154  0.0000  2.1763 11.1574
  4.7380  1.5175  0.0000  2.0823 11.1775
  5.3943  2.9215  0.0000  2.6961 25.0446
  5.3580  3.3450  0.0000  1.8150 29.4996
  5.1257  2.8202  0.0000  1.3802 23.9936
  4.7591  2.5978  0.0000  3.0202 21.7087
  5.6565  1.3784  0.0000  2.1200  9.9144
  5.0166  2.1123  0.0000  1.9354 16.8433
  4.6995  2.1600  0.0000  0.7136 17.3131
  5.3309  3.1578  0.0000  1.0577 27.5187
  5.2567  1.8807  0.0000  0.6169 14.5921
  5.9235  4.2487  0.0000  1.3912 39.2811
  4.8181  3.2567  0.0000  1.9323 28.5631
  5.5487  2.0190  0.0000  0.5424 15.9300
  5.8647  3.3489  0.0000  0.8346 29.5414
  4.7312  2.1062  0.0000  1.4593 16.7832
  5.1385  3.2723  0.0000  2.2021 28.7288
  5.4350  2.1176  0.0000  0.7325 16.8948
  5.7509  0.9092  0.0000  2.0844  5.8953
  5.5527  3.4308  0.0000  2.0426 30.4129
  5.2966  2.2060  0.0000  0.6889 17.7671
  5.0041  1.5584  0.0000  1.1924 11.5534
  5.0807  3.6389  0.0000  2.2565 32.6429
  5.6491  1.7577  0.0000  1.8045 13.4186
  5.5996  2.6899  0.0000  2.8912 22.6512
  5.0560  2.1851  0.0000  2.6014 17.5605
  5.1122  2.6763  0.0000  1.5286 22.5117
  5.7463  3.7972  0.0000  1.6771 34.3525
  4.5270  1.3008  0.0000  1.4020  9.2221
  4.9328  3.5907  0.0000  0.6477 32.1249
  6.1197  2.4665  0.0000  1.0212 20.3759
  4.0166  1.3643  0.0000  1.2761  9.7874
  5.2116  2.9652  0.0000  1.1323 25.5004
  5.3408  3.5269  0.0000  1.0513 31.4410
  6.6871  2.9229  0.0000  0.9637 25.0596
  5.0725  3.4379  0.0000  2.1920 30.4885
  5.1946  2.3079  0.0000  2.1868 18.7811
  5.5413  1.5628  0.0000  0.6216 11.5938
  4.2280  3.8330  0.0000  2.3373 34.7398
  6.0635  3.2480  0.0000  0.4115 28.4713
  4.8475  2.6107  0.0000  1.8685 21.8403
  6.2123  3.9233  0.0000  2.2901 35.7208
  5.2140  2.9729  0.0000  2.0404 25.5808
  6.3292  3.3818  0.0000  1.3604 29.8913
  6.3659  3.2375  0.0000  2.7589 28.3599
  5.1655  2.0308  0.0000  0.7121 16.0455
  5.7090  3.7411  0.0000  1.3910 33.7452
  4.6710  2.4578  0.0000  1.4397 20.2874
  5.5340  1.5482  0.0000  0.6898 11.4591
  5.2490  3.1981  0.0000  1.9565 27.9441
  4.8180  1.8289  0.0000  2.7067 14.0962
  5.1962  0.8347  0.0000  2.8558  5.3004
  4.3656  3.6572  0.0000  1.9048 32.8400
  4.0867  1.1589  0.0000  0.8470  7.9825
  5.7277  1.0912  0.0000  1.0604  7.4037
  5.3414  2.1629  0.0000  1.2747 17.3415
  5.2216  2.0952  0.0000  1.8973 16.6754
  4.9503  2.4972  0.0000  1.5345 20.6864
  4.7286  2.5735  0.0000  2.5130 21.4617
  4.9949  4.1991  0.0000  1.7066 38.7360
  5.2594  0.4964  0.0000  2.3136  2.8001
  4.5605  1.2030  0.0000  1.4970  8.3638
  4.5860  2.4388  0.0000  1.8042 20.0954
  5.0917  2.2520  0.0000  1.9595 18.2242
  4.8751  3.1323  0.0000  0.2428 27.2508
  5.0850  1.4996  0.0000  2.3739 11.0131
  4.9703  1.9978  0.0000  1.5504 15.7240
  5.1583  1.7449  0.0000  1.1099 13.2973
  5.2380  2.6733  0.0000  1.7871 22.4810
  5.4937  2.2069  0.0000  1.1684 17.7767
  4.1838  3.0892  0.0000  1.4897 26.7978
  5.4432  3.8658  0.0000  2.0521 35.0960
  4.5994  3.5004  0.0000  2.9420 31.1572
  5.1900  2.7248  0.0000  0.7937 23.0102
  5.2186  1.0129  0.0000  0.5833  6.7455
  5.2133  2.0828  0.0000  1.3337 16.5532
  6.5991  1.9825  0.0000  2.3103 15.5755
  5.0398  2.6015  0.0000  1.6077 21.7470
  4.0732  1.3869  0.0000  1.3765  9.9903
  5.3980  1.3386  0.0000  1.1522  9.5580
  4.8712  2.6585  0.0000  1.3065 22.3297
  5.6236  1.9574  0.0000  0.7588 15.3314
  5.8197  1.6913  0.0000  1.3660 12.7914
  5.5038  3.9040  0.0000  2.8889 35.5115
  4.4576  2.5577  0.0000  2.9834 21.3007
  3.6185  0.6859  0.0000  0.6201  4.1556
  5.0547  0.6218  0.0000  2.0624  3.6837
  5.0981  2.2404  0.0000  2.4972 18.1092
  4.9325  3.5340  0.0000  1.4194 31.5163
  5.7835  3.3393  0.0000  0.9877 29.4395
  5.0645  4.2715  0.0000  0.9814 39.5321
  4.8806  3.4084  0.0000  1.8741 30.1749
  5.5889  1.9343  0.0000  2.3705 15.1086
  5.1714  3.8307  0.0000  2.7166 34.7157
  5.4900  3.3503  0.0000  0.9874 29.5556
  5.5212  2.3570  0.0000  0.6329 19.2727
  3.6991  1.1145  0.0000  2.3778  7.6015
  4.8613  0.2727  0.0000  1.3142  1.3813
  5.8469  0.9016  0.0000  1.4152  5.8336
  6.8000  1.2713  0.0000  2.8240  8.9615
  4.9570  2.5762  0.0000  1.4936 21.4885
  4.4969  0.7449  0.0000  1.0129  4.6023
  4.7894  1.4382  0.0000  0.5626 10.4537
  4.3282  1.2966  0.0000  0.9946  9.1845
  6.7808  2.2706  0.0000  1.0188 18.4090
  5.5752  0.8913  0.0000  1.5956  5.7514
  4.2130  1.8680  0.0000  2.0712 14.4697
  4.6202  2.4847  0.0000  0.5753 20.5594
  4.2772  3.9131  0.0000  1.5988 35.6097
  4.3620  1.4720  0.0000  0.7583 10.7605
  6.1423  1.9647  0.0000  0.1899 15.4027
  5.4535  1.8072  0.0000  1.9152 13.8883
  4.8270  3.5825  0.0000  0.6857 32.0367
  4.3689  3.8870  0.0000  2.2467 35.3258
  5.5432  1.9000  0.0000  1.4260 14.7772
  5.6915  2.5359  0.0000  1.1898 21.0791
  4.6992  3.9667  0.0000  1.1650 36.1937
  4.5539  1.8503  0.0000  1.9061 14.3007
  4.8218  3.9262  0.0000  0.6924 35.7528
  5.2051  3.9966  0.0000  0.6470 36.5197
  6.3278  1.6321  0.0000  1.2474 12.2377
  3.6672  3.1677  0.0000  1.7562 27.6231
  4.0851  3.4178  0.0000  1.4816 30.2743
  5.5298  1.5252  0.0000  2.3522 11.2478
  5.4346  2.5055  0.0000  1.4105 20.7706
  5.3745  2.2880  0.0000  2.1227 18.5826
  4.7055  2.0904  0.0000  1.1830 16.6283
  4.4944  2.8390  0.0000  0.1110 24.1886
  6.6213  2.5435  0.0000  1.1471 21.1560
  4.1064  3.3364  0.0000  2.5570 29.4082
  5.7860  0.6712  0.0000  1.0481  4.0467
  5.7485  0.3746  0.0000  0.7593  1.9996
  4.6756  1.7554  0.0000  0.9579 13.3964
  4.9529  0.8748  0.0000  0.4734  5.6186
  4.5062  4.2487  0.0000  1.7715 39.2811
  5.4298  0.9113  0.0000  1.7288  5.9125
  4.6370  3.9552  0.0000  1.2640 36.0681
  5.6749  2.2673  0.0000  1.5907 18.3766
  5.3775  3.7932  0.0000  0.4232 34.3090
  5.6943  3.8129  0.0000  0.7806 34.5218
  5.2487  2.7693  0.0000  0.7094 23.4682
  5.1922  2.9509  0.0000  1.5685 25.3508
  5.0165  2.2372  0.0000  1.3405 18.0769
  6.6771  2.7004  0.0000  1.0383 22.7587
  5.8216  2.7233  0.0000  1.5567 22.9941
  5.4229  0.9458  0.0000  1.2962  6.1928
  5.4564  3.2100  0.0000  1.8233 28.0693
  5.4391  3.9341  0.0000  0.3347 35.8382
  4.7078  3.1498  0.0000  2.3051 27.4351
  5.1585  2.6228  0.0000  1.3495 21.9641
  3.6469  3.7093  0.0000  2.4799 33.4015
  5.7826  2.8960  0.0000  2.3097 24.7795
  5.0527  2.7876  0.0000  2.1086 23.6571
  5.1322  3.2410  0.0000  0.2231 28.3969
  5.0628  1.9692  0.0000  1.6378 15.4462
  4.8682  1.8878  0.0000  1.3141 14.6606
  5.2664  1.8985  0.0000  0.2300 14.7629
  5.2994  3.3412  0.0000  1.9261 29.4597
  5.1492  2.4103  0.0000  1.1121 19.8087
  4.5360  2.5756  0.0000  1.6015 21.4826
  4.8824  2.5893  0.0000  3.0419 21.6227
  5.5182  2.9305  0.0000  2.2586 25.1389
  6.0388  4.1636  0.0000  0.8748 38.3467
  4.7523  3.0427  0.0000  2.4179 26.3099
  5.8576  3.2096  0.0000  1.2527 28.0652
  4.3598  3.0235  0.0000  1.0803 26.1091
  4.9782  2.2718  0.0000  2.2690 18.4216
  3.9793  2.7082  0.0000  2.0299 22.8397
  5.2514  3.4848  0.0000  1.8092 30.9901
  4.2657  3.2638  0.0000  1.1876 28.6378
  4.8853  0.6866  0.0000  1.8872  4.1613
  5.3132  0.5165  0.0000  2.2692  2.9373
  5.4445  3.0907  0.0000  2.4030 26.8132
  5.0348  0.8812  0.0000  1.4339  5.6703
  5.2994  4.0127  0.0000  1.9121 36.6951
  4.8037  1.9683  0.0000  0.5986 15.4372
  4.9364  1.7502  0.0000  2.0301 13.3471
  5.3168  4.1635  0.0000  0.6315 38.3453
  4.7778  2.6839  0.0000  1.2809 22.5901
  5.0902  2.1861  0.0000  1.3755 17.5706
  5.5297  2.6821  0.0000  0.6956 22.5717
  5.1153  1.8116  0.0000  0.5130 13.9308
  5.4589  2.9660  0.0000  1.1007 25.5088
  4.7969  4.2421  0.0000  2.8137 39.2087
  4.9062  3.9727  0.0000  0.1684 36.2586
  5.0178  1.3301  0.0000  1.3698  9.4825
  5.1895  2.0355  0.0000  1.7502 16.0910
  4.8351  2.2796  0.0000  1.7062 18.4990
  5.5409  2.9666  0.0000  1.2573 25.5145
  5.2908  3.9783  0.0000  2.6744 36.3202
  5.2155  3.3349  0.0000  1.4099 29.3927
  5.2047  3.3958  0.0000  1.7122 30.0402
  5.2280  2.3301  0.0000  0.9123 19.0030
  5.0174  1.1823  0.0000  2.3388  8.1842
  5.4026  2.6313  0.0000  1.2846 22.0515
  5.1887  3.0430  0.0000  0.9570 26.3126
  4.2055  2.4762  0.0000  2.2065 20.4740
  5.6214  3.9764  0.0000  2.5794 36.2995
  5.1007  1.4084  0.0000  0.2569 10.1836
  5.7943  2.5317  0.0000  1.0462 21.0359
  6.0686  2.0727  0.0000  1.5022 16.4541
  4.7751  1.8983  0.0000  1.8853 14.7612
  4.6470  2.1200  0.0000  2.0492 16.9185
  5.5606  3.9977  0.0000  1.7294 36.5318
  5.9025  1.6914  0.0000  1.5365 12.7924
  5.2000  1.4017  0.0000  1.6130 10.1234
  5.0661  2.7371  0.0000  1.5217 23.1367
  3.7056  1.6663  0.0000  1.6447 12.5571
  5.4629  2.0834  0.0000  2.0411 16.5596
  5.2286  3.5102  0.0000  1.7246 31.2621
  4.9785  2.2606  0.0000  2.6423 18.3099
  4.5262  1.4265  0.0000  1.7714 10.3476
  5.4935  4.2689  0.0000  1.8199 39.5041
  5.4205  1.0581  0.0000  2.2323  7.1243
  4.9114  3.1747  0.0000  1.1674 27.6969
  4.7611  1.5360  0.0000  0.6350 11.3467
  5.3643  1.7826  0.0000  2.2103 13.6545
  5.6140  1.6927  0.0000  1.0164 12.8053
  5.3735  1.2819  0.0000  2.7163  9.0551
  5.7943  0.6120  0.0000  1.6768  3.6123
  5.9930  3.1382  0.0000  2.0087 27.3120
  5.2564  1.3657  0.0000  1.0333  9.7996
  3.9809  2.9725  0.0000  1.5777 25.5766
  5.3361  3.5272  0.0000  1.7679 31.4437
  5.2876  2.6075  0.0000  1.0184 21.8085
  4.1956  0.7370  0.0000  2.2806  4.5419
  5.2139  1.1799  0.0000  1.7844  8.1633
  5.2049  4.0826  0.0000  2.5749 37.4591
  5.3264  4.1416  0.0000  1.1849 38.1054
  5.1316  1.0423  0.0000  2.3893  6.9912
  3.8821  4.3691  0.0000  2.1088 40.6087
  4.8718  1.7240  0.0000  2.3755 13.1001
  5.8529  4.3133  0.0000  1.6521 39.9923
  4.7465  0.9282  0.0000  1.0982  6.0491
  5.1296  4.3317  0.0000  2.4501 40.1951
  4.9931  1.2051  0.0000  0.5231  8.3822
  4.0964  4.2393  0.0000  1.8911 39.1782
  5.2329  1.3747  0.0000  1.1745  9.8807
  6.7717  2.0131  0.0000  0.7941 15.8721
  5.3591  1.7287  0.0000  0.8704 13.1446
  6.2947  3.8641  0.0000  2.0328 35.0773
  6.0197  1.4993  0.0000  2.4812 11.0102
  5.1111  1.8772  0.0000  1.8528 14.5584
  5.7932  2.5846  0.0000  0.9369 21.5744
  5.9021  4.2360  0.0000  0.5730 39.1417
  5.0550  3.3078  0.0000  2.1364 29.1049
  5.0045  2.2835  0.0000  1.1798 18.5380
  4.8397  1.9022  0.0000  0.4867 14.7984
  3.6891  3.6055  0.0000  1.9521 32.2841
  5.4111  1.5459  0.0000  2.7237 11.4387
  4.6299  2.4017  0.0000  0.3625 19.7218
  5.8755  2.7254  0.0000  0.9258 23.0160
  6.1103  2.1418  0.0000  2.0445 17.1334
  5.2443  1.5409  0.0000  0.6174 11.3920
  5.6588  3.7746  0.0000  1.1826 34.1074
  5.6972  2.3115  0.0000  1.4847 18.8176
  3.8517  3.3227  0.0000  1.9818 29.2623
  5.4403  2.6246  0.0000  2.0097 21.9827
  4.9816  1.4408  0.0000  2.1897 10.4776
  4.9200  1.3221  0.0000  1.5794  9.4112
  5.1251  1.8822  0.0000  2.5208 14.6066
  3.8739  2.3660  0.0000  0.9604 19.3629
  5.3882  2.1242  0.0000  0.7336 16.9599
  5.4357  1.8897  0.0000  1.5668 14.6784
  5.3429  4.2987  0.0000  2.2456 39.8315
  5.6427  2.4906  0.0000  2.5952 20.6198
  6.0895  3.1873  0.0000  1.2266 27.8300
  5.1015  2.3419  0.0000  2.3643 19.1220
  5.3080  3.8260  0.0000  1.5979 34.6640
  4.4255  4.3185  0.0000  0.7826 40.0500
  4.8430  1.7776  0.0000  1.6157 13.6071
  6.1163  4.2388  0.0000  2.0742 39.1719
  5.6916  0.5345  0.0000  1.4027  3.0621
  6.9298  3.1333  0.0000  0.8591 27.2611
  4.2923  4.0847  0.0000  1.7973 37.4823
  4.5871  2.8004  0.0000  1.5757 23.7890
  3.6651  2.1239  0.0000  1.4053 16.9571
  5.4628  2.3061  0.0000  0.9448 18.7638
  5.1146  3.4241  0.0000  2.1643 30.3418
  5.6610  3.4268  0.0000  1.5031 30.3706
  5.4928  1.3796  0.0000  1.6913  9.9244
  4.6098  2.5937  0.0000  2.9813 21.6673
  5.2859  1.8829  0.0000  2.8088 14.6135
  5.3246  3.8237  0.0000  1.6735 34.6393
  5.1856  1.8526  0.0000  0.3546 14.3220
  5.3724  0.4518  0.0000  2.4730  2.4999
  5.1508  1.3359  0.0000  1.0663  9.5337
  5.2918  0.7558  0.0000  1.4875  4.6858
  4.7806  2.6344  0.0000  2.0191 22.0828
  5.5261  1.7890  0.0000  1.8211 13.7157
  3.8305  2.9069  0.0000  2.0473 24.8927
  5.0866  3.5954  0.0000  0.8204 32.1760
  5.1788  0.9010  0.0000  0.6115  5.8294
  5.6250  3.5605  0.0000  1.1724 31.8013
  5.2805  4.0112  0.0000  1.4665 36.6793
  5.4209  0.8186  0.0000  3.0519  5.1734
  4.1113  4.0981  0.0000  1.0852 37.6287
  5.0969  4.2502  0.0000  0.3073 39.2977
  4.6912  3.7141  0.0000  2.4341 33.4533
  6.1210  4.0901  0.0000  0.2883 37.5409
  5.5290  1.4083  0.0000  1.3382 10.1827
  4.0497  4.1432  0.0000  2.5107 38.1226
  5.6718  1.9532  0.0000  2.1679 15.2911
  5.0566  2.0778  0.0000  1.5244 16.5043
  4.7526  2.1406  0.0000  1.8572 17.1210
  5.5892  1.8783  0.0000  1.4686 14.5689
  5.0761  2.5024  0.0000  2.9443 20.7393
  4.2042  2.2035  0.0000  2.4931 17.7429
  5.7282  2.0874  0.0000  0.4004 16.5988
  5.2141  1.5967  0.0000  2.7273 11.9085
  4.4422  2.3594  0.0000  1.1483 19.2973
  5.1685  2.6639  0.0000  2.2704 22.3843
  4.8413  3.9634  0.0000  1.8205 36.1577
  4.2163  2.3551  0.0000  1.0379 19.2537
  5.0352  2.4097  0.0000  0.5635 19.8024
  5.6705  3.7657  0.0000  2.0467 34.0112
  5.3879  3.0879  0.0000  1.7624 26.7838
  5.4437  4.2076  0.0000  1.5987 38.8297
  6.0293  2.8680  0.0000  0.4312 24.4890
  5.4242  1.8349  0.0000  0.2839 14.1534
  5.2786  2.6272  0.0000  1.6565 22.0090
  3.5076  2.4416  0.0000  1.6041 20.1239
  5.1187  3.2463  0.0000  0.9050 28.4528
  3.8969  1.7157  0.0000  1.7875 13.0219
  6.1941  3.4322  0.0000  2.7143 30.4284
  5.3957  3.7520  0.0000  1.3276 33.8633
  4.6917  2.1342  0.0000  1.8731 17.0583
  5.0010  2.5386  0.0000  1.5179 21.1063
  6.1210  3.9803  0.0000  0.6909 36.3413
  4.6976  1.9830  0.0000  1.9074 15.5799
  4.5836  0.8773  0.0000  1.8056  5.6385
  4.4555  1.4264  0.0000  1.5692 10.3470
  5.0395  4.0100  0.0000  1.9471 36.6657
  4.0694  0.8687  0.0000  1.2110  5.5697
  5.3715  2.9302  0.0000  0.4167 25.1356
  5.1959  2.3774  0.0000  1.5677 19.4779
  4.7433  0.6094  0.0000  1.3064  3.5937
  5.5899  1.5663  0.0000  1.5402 11.6267
  5.1456  0.8989  0.0000  1.8826  5.8126
  4.6706  4.1582  0.0000  1.6569 38.2875
  4.4192  2.5172  0.0000  1.6343 20.8892
  5.2839  1.3629  0.0000  1.6927  9.7751
  4.8396  0.9957  0.0000  1.4772  6.6029
  5.3510  1.6383  0.0000  1.2207 12.2955
  4.2602  3.2029  0.0000  2.0681 27.9942
  5.0493  4.4010  0.0000  1.1040 40.9605
  5.4846  2.2166  0.0000  2.1880 17.8723
  4.7203  2.2702  0.0000  2.2214 18.4053
  4.9683  2.6447  0.0000  1.4326 22.1879
  5.2135  3.0138  0.0000  2.5515 26.0071
  5.2681  2.5029  0.0000  2.5998 20.7441
  5.8472  4.3606  0.0000  2.9230 40.5149
  4.2323  2.6260  0.0000  1.7955 21.9973
  5.4545  1.0085  0.0000  2.1866  6.7092
  4.6814  2.5467  0.0000  1.8227 21.1886
  5.1145  2.4231  0.0000  2.7515 19.9374
  5.0591  1.2109  0.0000  0.8460  8.4321
  6.4035  1.2957  0.0000  1.5934  9.1769
  5.0707  2.0504  0.0000  0.9854 16.2366
  5.1575  1.8608  0.0000  1.7982 14.4013
  4.7730  1.8354  0.0000  1.5131 14.1580
  6.1112  3.6892  0.0000  0.8346 33.1851
  4.8038  1.3301  0.0000  2.9475  9.4825
  5.0040  3.5062  0.0000  2.2417 31.2187
  5.5533  2.5286  0.0000  0.8399 21.0047
  5.3339  2.2631  0.0000  1.4125 18.3345
  5.8255  0.5199  0.0000  1.1059  2.9610
  4.9125  0.5855  0.0000  1.3952  3.4220
  5.2375  2.6227  0.0000  1.3732 21.9631
  4.4830  3.6754  0.0000  0.8156 33.0359
  5.4700  3.7483  0.0000  1.4522 33.8234
  4.7889  2.0423  0.0000  2.5769 16.1571
  5.0419  3.8257  0.0000  0.9900 34.6607
  4.9695  1.9045  0.0000  1.4468 14.8210
  6.4352  3.2148  0.0000  1.0133 28.1200
  5.0095  2.0000  0.0000  1.5034 15.7448
  4.7937  1.8843  0.0000  1.7593 14.6263
  5.3782  2.1380  0.0000  0.3920 17.0961
  5.7516  1.4892  0.0000  0.6062 10.9180
  4.8481  2.2379  0.0000  0.8309 18.0843
  3.7588  2.5793  0.0000  1.9444 21.5203
  5.3073  3.4968  0.0000  1.2227 31.1187
  4.5322  2.5971  0.0000  2.2759 21.7015
  4.6159  3.4612  0.0000  1.0003 30.7373
  5.3996  3.8294  0.0000  1.6199 34.7010
  5.1571  3.6900  0.0000  1.7439 33.1939
  6.7762  3.9303  0.0000  2.6019 35.7969
  5.1678  0.9080  0.0000  1.5700  5.8859
  5.0214  2.8531  0.0000  0.3671 24.3344
  4.8076  2.8215  0.0000  0.4449 24.0076
  5.7987  1.9172  0.0000  2.4608 14.9437
  5.4877  0.6563  0.0000  2.8194  3.9362
  4.3051  3.7821  0.0000  2.5499 34.1883
  4.0488  2.3559  0.0000  1.5542 19.2621
  6.5415  1.1105  0.0000  1.1402  7.5672
  5.1317  1.7704  0.0000  1.5220 13.5384
  4.6654  4.1870  0.0000  2.0206 38.6034
  6.0301  2.9417  0.0000  1.0704 25.2549
  5.0853  2.4258  0.0000  1.0029 19.9645
  4.8854  3.0800  0.0000  1.4075 26.7012
  5.0742  3.0987  0.0000  2.1789 26.8969
  4.7178  3.1681  0.0000  1.4471 27.6271
  5.1131  2.9615  0.0000  1.3895 25.4612
  4.4101  3.2265  0.0000  1.9346 28.2435
  4.9114  3.2873  0.0000  1.4690 28.8877
  5.4712  0.6614  0.0000  1.9574  3.9741
  5.6046  2.4066  0.0000  1.5648 19.7714
  4.9102  4.0782  0.0000  1.9408 37.4111
  4.7948  4.1626  0.0000  0.8948 38.3353
  5.1874  3.7950  0.0000  0.8068 34.3283
  4.2413  3.3182  0.0000  2.7637 29.2154
  5.5239  3.2504  0.0000  0.8102 28.4969
  4.8386  2.3483  0.0000  1.1510 19.1854
  5.2810  2.1539  0.0000  1.0955 17.2530
  4.5447  0.9665  0.0000  0.3581  6.3619
  5.3935  4.3222  0.0000  1.9467 40.0908
  5.0769  2.6119  0.0000  0.8280 21.8532
  5.3846  1.2815  0.0000  2.8760  9.0516
  5.3356  1.3880  0.0000  0.3843 10.0002
  5.1026  2.2922  0.0000  1.5960 18.6250
  4.6686  2.9542  0.0000  0.6469 25.3852
  5.1174  0.9081  0.0000  2.4621  5.8867
  5.1778  2.8049  0.0000  1.6990 23.8357
  5.3764  1.1801  0.0000  1.9522  8.1649
  6.1641  1.9331  0.0000  0.5033 15.0968
  5.9678  2.3776  0.0000  2.7557 19.4798
  5.5846  3.2245  0.0000  2.7023 28.2228
  5.7026  4.2923  0.0000  2.7149 39.7608
  6.3586  2.6289  0.0000  0.2192 22.0263
  5.8543  2.7973  0.0000  1.4395 23.7577
  5.0866  1.8283  0.0000  0.9657 14.0903
  5.2133  2.1531  0.0000  1.1404 17.2448
  5.4643  1.1594  0.0000  1.7834  7.9867
  5.0126  2.6003  0.0000  1.9783 21.7348
  5.6542  2.6420  0.0000  1.8711 22.1605
  5.3875  1.6739  0.0000  1.8692 12.6289
  5.1522  2.3533  0.0000  2.1767 19.2362
  5.6422  3.1032  0.0000  0.7600 26.9445
  5.2043  1.8628  0.0000  2.0563 14.4200
  5.5702  1.4045  0.0000  2.1519 10.1490
  4.3781  3.6642  0.0000  1.5643 32.9152
  4.4023  2.4104  0.0000  1.2878 19.8098
  5.1884  1.9700  0.0000  1.8359 15.4539
  5.5591  2.8515  0.0000  2.7969 24.3180
  4.8371  0.7233  0.0000  1.7461  4.4375
  5.4257  1.5050  0.0000  0.3482 11.0623
  5.0575  3.2983  0.0000  1.8360 29.0036
  4.3307  2.2968  0.0000  2.1439 18.6703
  4.2979  4.1331  0.0000  1.9837 38.0123
  4.7224  3.4968  0.0000  1.8341 31.1186
  4.8684  4.4839  0.0000  1.2732 41.8789
  4.7637  1.0357  0.0000  2.1400  6.9363
  5.6795  1.0961  0.0000  1.6293  7.4451
  3.5689  3.9453  0.0000  0.8917 35.9600
  5.0475  2.6734  0.0000  1.8326 22.4823
  4.8079  4.1019  0.0000  0.4667 37.6706
  5.1368  1.4513  0.0000  2.6080 10.5721
  6.2679  2.7121  0.0000  1.3307 22.8796
  5.2181  2.7606  0.0000  1.4445 23.3781
  5.3441  2.5549  0.0000  1.9962 21.2720
  4.7654  1.4388  0.0000  1.4011 10.4588
  4.3500  2.3985  0.0000  0.8630 19.6897
  6.4901  4.3993  0.0000  2.4682 40.9423
  5.1856  2.7152  0.0000  1.4641 22.9108
  4.5545  1.3708  0.0000  1.3847  9.8454
  6.0349  3.0040  0.0000  2.0883 25.9047
  4.7161  2.0997  0.0000  1.9673 16.7191
  4.2973  1.9429  0.0000  2.6937 15.1917
  5.0900  1.6537  0.0000  1.5565 12.4389
  5.5528  0.4649  0.0000  1.4203  2.5868
  4.9130  0.9206  0.0000  1.1367  5.9872
  4.7214  4.2413  0.0000  1.8096 39.1999
  5.0736  2.2971  0.0000  1.5719 18.6738
  5.2852  2.9136  0.0000  2.2206 24.9630
  5.1988  4.3040  0.0000  1.5674 39.8900
  5.6056  1.5176  0.0000  1.8238 11.1780
  5.2014  2.4812  0.0000  0.6453 20.5242
  5.1054  0.9626  0.0000  1.5822  6.3299
  4.7545  2.3702  0.0000  1.7763 19.4055
  5.1647  1.6105  0.0000  1.4762 12.0362
  4.6447  3.1277  0.0000  2.1486 27.2021
  5.2065  2.5641  0.0000  2.9432 21.3659
  5.6846  1.0265  0.0000  1.9635  6.8596
  6.2295  1.0476  0.0000  0.5363  7.0362
  5.3743  2.3884  0.0000  1.7431 19.5880
  4.8856  1.5214  0.0000  1.3269 11.2128
  5.2100  4.1107  0.0000  1.1715 37.7671
  5.4174  4.2484  0.0000  0.6266 39.2786
  5.1869  3.7079  0.0000  0.6822 33.3874
  5.5182  2.6677  0.0000  2.1207 22.4241
  6.8597  2.0502  0.0000  1.1098 16.2340
  5.4914  0.9075  0.0000  2.6159  5.8819
  5.2526  0.8671  0.0000  0.9749  5.5573
  5.0333  3.6731  0.0000  0.7757 33.0120
  5.9502  2.1147  0.0000  1.5977 16.8664
  3.9971  4.2883  0.0000  0.9508 39.7174
  5.0641  2.6743  0.0000  1.4595 22.4909
  5.1982  3.3221  0.0000  0.2815 29.2562
  5.3772  1.0693  0.0000  2.7515  7.2187
  5.3122  3.9503  0.0000  2.5955 36.0152
  5.3158  3.7334  0.0000  0.3253 33.6620
  5.4279  2.2461  0.0000  0.9016 18.1654
  4.1428  4.1415  0.0000  2.3261 38.1041
  5.4992  2.4381  0.0000  1.0922 20.0888
  5.5634  3.0409  0.0000  1.1107 26.2906
  5.5469  4.4772  0.0000  1.4844 41.8046
  3.5092  1.0023  0.0000  2.4908  6.6581
  4.8485  2.3802  0.0000  0.3752 19.5055
  5.5824  0.7582  0.0000  1.4360  4.7038
  4.7070  1.9231  0.0000  1.6446 15.0000
  5.0370  2.5102  0.0000  2.6743 20.8179
  4.1303  1.6708  0.0000  0.6367 12.5995
  5.6485  3.2768  0.0000  0.8676 28.7764
  4.8913  0.9022  0.0000  2.2313  5.8389
  5.4988  4.1972  0.0000  1.1615 38.7151
  5.0365  2.4828  0.0000  1.1873 20.5401
  5.8628  2.8805  0.0000  0.9905 24.6186
  5.2167  0.7452  0.0000  1.5560  4.6042
  6.1765  2.4960  0.0000  1.7541 20.6741
  4.4440  0.4003  0.0000  1.0732  2.1634
  5.2127  0.5526  0.0000  1.4361  3.1888
  5.4145  3.5393  0.0000  0.7475 31.5734
  4.4385  3.4310  0.0000  2.3623 30.4150
  5.3649  1.0482  0.0000  1.4268  7.0410
  5.3690  1.4857  0.0000  1.7981 10.8862
  5.0744  4.0837  0.0000  0.3223 37.4708
  5.7253  2.8151  0.0000  0.9590 23.9417
  5.1596  1.9369  0.0000  1.3472 15.1335
  4.9616  4.2731  0.0000  1.5438 39.5494
  5.0086  3.0900  0.0000  1.0971 26.8061
  5.4977  1.6314  0.0000  0.6382 12.2314
  4.7728  2.8227  0.0000  2.1387 24.0198
  4.4702  3.1986  0.0000  0.6858 27.9495
  4.7615  2.2211  0.0000  1.8455 17.9173
  6.0465  2.3092  0.0000  2.0744 18.7942
  5.3380  2.2452  0.0000  1.3791 18.1563
  5.1210  3.3795  0.0000  3.0870 29.8668
  4.4670  2.6960  0.0000  2.2119 22.7143
  5.6208  2.9312  0.0000  0.4378 25.1461
  4.3050  2.9681  0.0000  0.8788 25.5298
  5.3606  0.8074  0.0000  0.8320  5.0859
  4.2024  3.1965  0.0000  1.7147 27.9274
  4.7461  3.3489  0.0000  0.8945 29.5406
  5.2888  3.1213  0.0000  2.1988 27.1343
  3.9097  1.9239  0.0000  2.3158 15.0078
  5.2698  1.4936  0.0000  2.7923 10.9584
  4.6894  3.4239  0.0000  1.4126 30.3396
  5.7071  2.9405  0.0000  2.0902 25.2428
  5.1944  1.1170  0.0000  1.9058  7.6226
  5.2901  2.6216  0.0000  1.8897 21.9520
  5.2483  2.8997  0.0000  1.4032 24.8186
  5.4114  1.8944  0.0000  1.4364 14.7233
  5.4373  1.3051  0.0000  0.9557  9.2602
  6.1006  4.1417  0.0000  1.9416 38.1059
  5.3667  4.1724  0.0000  1.0101 38.4432
  5.2651  3.6379  0.0000  1.9668 32.6325
  4.1605  2.5656  0.0000  1.1682 21.3808
  4.9542  3.6340  0.0000  0.4784 32.5909
  5.4272  3.3336  0.0000  2.0034 29.3783
  4.7824  1.9590  0.0000  1.8205 15.3471
  5.7663  3.4396  0.0000  1.7915 30.5070
  4.7862  4.0529  0.0000  2.5755 37.1340
  4.0093  2.4623  0.0000  1.6847 20.3331
  5.1532  1.9709  0.0000  2.2172 15.4630
  5.0137  3.6231  0.0000  1.0308 32.4732
  5.3180  3.3909  0.0000  2.1006 29.9881
  5.3521  1.6235  0.0000  1.7324 12.1578
  5.6038  2.1721  0.0000  2.1388 17.4318
  4.9420  3.9134  0.0000  2.1981 35.6135
  4.8922  3.8965  0.0000  1.2110 35.4292
  5.3280  1.3613  0.0000  1.6283  9.7604
  6.1059  3.0126  0.0000  2.0825 25.9947
  5.0982  4.4321  0.0000  0.8979 41.3046
  5.1253  2.5508  0.0000  2.0016 21.2306
  5.4555  1.9419  0.0000  1.2053 15.1818
  4.4129  2.2503  0.0000  2.8060 18.2070
  4.2060  0.5095  0.0000  1.2660  2.8891
  5.9595  3.6427  0.0000  1.9945 32.6841
  6.9517  2.3783  0.0000  1.6139 19.4862
  5.5307  4.2946  0.0000  0.8706 39.7867
  4.5426  2.8130  0.0000  1.3314 23.9190
  6.0831  3.1081  0.0000  1.7972 26.9960
  4.6626  1.6833  0.0000  1.3516 12.7162
  5.5981  2.3883  0.0000  1.8690 19.5869
  5.4312  1.5660  0.0000  2.6686 11.6238
  5.4568  2.8313  0.0000  1.4640 24.1084
  5.0436  3.4967  0.0000  1.5364 31.1175
  5.1215  2.7539  0.0000  1.3272 23.3097
  4.3984  1.9249  0.0000  0.2506 15.0179
  4.8077  0.4791  0.0000  1.5386  2.6824
  5.7273  1.1441  0.0000  1.0178  7.8548
  5.4115  4.0861  0.0000  0.3982 37.4971
  5.1608  3.5995  0.0000  2.2274 32.2193
  4.6051  1.4580  0.0000  1.5753 10.6337
  3.9135  2.1125  0.0000  2.0575 16.8446
  4.1054  2.0170  0.0000  1.8850 15.9108
  5.5513  2.7752  0.0000  1.6833 23.5292
  3.9887  3.1513  0.0000  2.4780 27.4500
  5.2904  2.0929  0.0000  1.6001 16.6522
  6.1845  3.1440  0.0000  2.9268 27.3731
  6.5826  3.3684  0.0000  2.4662 29.7485
  5.3814  3.7701  0.0000  0.6055 34.0584
  4.3678  2.2597  0.0000  0.6856 18.3009
  4.7647  2.6429  0.0000  2.7427 22.1695
  5.2662  1.3034  0.0000  2.2322  9.2453
  4.1859  2.6291  0.0000  2.9370 22.0291
  5.0742  3.8768  0.0000  0.1464 35.2158
  5.1913  2.9584  0.0000  0.8262 25.4296
  4.7382  1.8112  0.0000  1.5348 13.9269
  5.7632  1.5344  0.0000  0.6454 11.3323
  4.7947  3.6502  0.0000  0.7815 32.7652
  5.0358  2.8121  0.0000  2.4420 23.9099
  4.9695  2.4601  0.0000  1.8310 20.3111
  3.6013  1.2232  0.0000  1.7941  8.5397
  5.3346  1.5434  0.0000  0.9320 11.4153
  6.1800  3.2212  0.0000  0.9433 28.1880
  5.2339  3.9823  0.0000  0.5514 36.3641
  6.1210  3.6737  0.0000  0.7194 33.0186
  4.1276  0.9273  0.0000  1.1806  6.0419
  5.1978  3.9663  0.0000  1.7626 36.1891
  6.2491  2.4642  0.0000  1.0950 20.3522
  5.1969  4.3398  0.0000  0.7581 40.2847
  5.1914  1.5213  0.0000  2.1029 11.2118
  4.7687  3.9334  0.0000  2.1132 35.8308
  5.4229  3.6359  0.0000  2.1432 32.6114
  5.1839  2.8698  0.0000  1.1861 24.5076
  5.2907  1.3665  0.0000  0.4564  9.8070
  5.2766  1.8314  0.0000  2.4045 14.1192
  4.0466  0.4075  0.0000  0.3943  2.2100
  4.3467  2.8435  0.0000  1.0704 24.2346
  5.3913  1.6514  0.0000  2.3465 12.4177
  5.5304  2.3230  0.0000  0.5826 18.9326
  5.3655  1.4121  0.0000  2.0917 10.2176
  5.2039  3.7737  0.0000  0.2284 34.0980
  5.5426  0.6905  0.0000  2.4582  4.1906
  4.7905  2.1818  0.0000  1.8445 17.5283
  5.2200  2.4211  0.0000  1.0228 19.9168
  5.3311  4.4680  0.0000  2.0169 41.7020
  6.4106  3.1637  0.0000  0.7649 27.5815
  5.0574  4.0905  0.0000  1.4578 37.5455
  4.4527  4.4905  0.0000  1.6783 41.9514
  4.8075  3.8992  0.0000  1.1920 35.4590
  3.8217  0.9582  0.0000  0.5479  6.2941
  5.0450  3.1486  0.0000  1.5806 27.4218
  5.3754  3.5742  0.0000  1.7384 31.9473
  5.2736  2.1389  0.0000  1.8199 17.1052
  5.0219  4.1778  0.0000  1.0994 38.5018
  5.4213  1.4889  0.0000  1.2306 10.9148
  4.8663  3.0050  0.0000  1.3757 25.9154
  4.4481  1.7038  0.0000  1.3647 12.9091
  5.5597  3.7002  0.0000  2.1528 33.3035
  4.9182  3.1260  0.0000  1.6837 27.1840
  5.6037  2.1839  0.0000  1.1409 17.5488
  5.1145  1.4997  0.0000  1.7737 11.0137
  5.4893  2.5352  0.0000  1.0660 21.0722
  5.0309  3.1902  0.0000  1.0708 27.8606
  5.3531  2.9690  0.0000  1.1617 25.5401
  5.1457  2.0073  0.0000  2.4159 15.8158
  5.7990  3.8036  0.0000  0.2177 34.4214
  5.3979  2.9882  0.0000  1.0897 25.7402
  5.2266  3.3278  0.0000  1.8308 29.3169
  6.0163  2.3793  0.0000  0.5090 19.4963
  4.4861  1.8050  0.0000  2.2037 13.8678
  4.4898  2.6885  0.0000  1.2538 22.6368
  3.8215  3.1372  0.0000  0.7892 27.3015
  5.8797  2.3247  0.0000  1.2262 18.9492
  5.2898  3.1228  0.0000  2.6589 27.1507
  4.5690  3.0862  0.0000  0.8162 26.7655
  4.8315  2.7924  0.0000  2.0400 23.7071
  5.8103  3.3287  0.0000  1.5855 29.3262
  4.4860  0.8016  0.0000  1.5974  5.0402
  5.4976  4.3414  0.0000  1.9805 40.3022
  4.4749  3.8161  0.0000  0.2781 34.5570
  5.6929  4.4138  0.0000  2.3594 41.1022
  4.8712  1.1666  0.0000  0.8424  8.0486
  4.8708  1.4613  0.0000  2.2975 10.6634
  5.2390  0.6851  0.0000  1.5221  4.1502
  6.7127  2.9777  0.0000  1.2291 25.6306
  5.3406  1.1617  0.0000  0.8369  8.0058
  5.3008  1.5144  0.0000  0.6566 11.1488
  4.7820  1.2124  0.0000  1.4262  8.4452
  4.0389  3.1893  0.0000  2.3707 27.8509
  4.8901  3.4540  0.0000  2.2076 30.6613
  5.2993  2.3762  0.0000  0.9587 19.4651
  5.3744  2.6340  0.0000  2.5639 22.0791
  5.2866  2.7229  0.0000  2.1745 22.9909
  4.6136  1.7456  0.0000  0.8421 13.3039
  5.1364  2.5746  0.0000  0.5306 21.4721
  4.2224  2.1457  0.0000  1.1454 17.1713
  5.9651  1.7065  0.0000  1.2042 12.9349
  5.1346  1.4277  0.0000  1.9521 10.3588
  5.0381  3.4914  0.0000  0.7766 31.0606
  4.8019  0.5921  0.0000  0.5112  3.4694
  5.7730  1.3648  0.0000  0.3722  9.7924
  4.9423  1.8177  0.0000  0.6448 13.9889
  6.2754  2.0425  0.0000  2.7827 16.1594
  5.9252  2.8526  0.0000  0.6128 24.3289
  5.6232  4.2430  0.0000  2.0694 39.2189
  4.4445  2.4286  0.0000  0.6988 19.9933
  5.4919  3.2009  0.0000  1.4220 27.9730
  5.2147  1.3982  0.0000  0.1385 10.0923
  5.5361  3.3518  0.0000  2.9711 29.5718
  5.7921  1.0029  0.0000  0.6997  6.6628
  3.6864  2.2122  0.0000  2.2214 17.8294
  5.2118  1.7151  0.0000  1.2778 13.0161
  4.1414  3.2834  0.0000  1.9113 28.8457
  6.7684  2.6507  0.0000  1.6556 22.2500
  4.0970  1.4041  0.0000  1.0884 10.1456
  5.2675  4.0468  0.0000  2.2267 37.0677
  5.5608  4.2751  0.0000  0.3448 39.5723
  6.0817  3.2148  0.0000  1.8698 28.1205
  5.2493  3.0400  0.0000  1.6225 26.2813
  5.2228  3.1145  0.0000  0.8975 27.0637
  4.5232  3.2249  0.0000  2.0303 28.2268
  5.0048  3.6097  0.0000  2.4958 32.3293
  3.8959  1.0385  0.0000  0.4543  6.9594
  4.6015  2.7474  0.0000  1.2021 23.2423
  5.7574  0.8320  0.0000  1.5165  5.2787
  4.1857  3.8190  0.0000  1.9179 34.5883
  5.3408  0.8692  0.0000  0.5014  5.5736
  4.6456  3.4495  0.0000  1.4101 30.6134
  5.9444  4.1181  0.0000  2.0846 37.8481
  4.4205  4.1092  0.0000  2.9454 37.7498
  4.0122  3.5380  0.0000  1.7083 31.5599
  4.7477  3.2142  0.0000  1.8368 28.1138
  4.9769  4.0790  0.0000  1.2305 37.4201
  5.7204  1.9747  0.0000  1.1056 15.4993
  6.0286  0.8927  0.0000  1.7737  5.7621
  5.2652  2.0098  0.0000  1.4903 15.8406
  5.2502  2.9505  0.0000  1.1838 25.3464
  5.1341  1.7850  0.0000  1.6162 13.6774
  5.2084  2.0254  0.0000  0.4042 15.9921
  5.2219  3.1466  0.0000  0.4750 27.4011
  4.3766  2.9643  0.0000  1.6703 25.4909
  5.5570  2.3686  0.0000  0.2479 19.3897
  5.4871  3.5783  0.0000  0.8942 31.9922
  5.3002  0.7286  0.0000  1.3415  4.4774
  5.1448  1.3735  0.0000  0.7811  9.8696
  4.7960  3.8335  0.0000  0.6219 34.7454
  4.8485  1.0878  0.0000  1.8952  7.3748
  4.0286  1.3029  0.0000  1.3947  9.2402
  5.1334  3.8229  0.0000  1.2608 34.6312
  5.2568  1.6353  0.0000  1.5975 12.2675
  4.5449  1.6100  0.0000  2.4251 12.0321
  5.5550  2.8910  0.0000  2.0248 24.7273
  5.2788  1.6469  0.0000  0.9643 12.3761
  5.6021  2.3095  0.0000  2.3351 18.7973
  4.0368  4.1853  0.0000  2.2070 38.5851
  4.9900  4.0437  0.0000  1.6461 37.0338
  4.6930  3.4441  0.0000  1.5758 30.5551
  4.7859  4.4802  0.0000  1.1420 41.8378
  5.2235  3.6617  0.0000  0.6368 32.8891
  4.6242  2.2843  0.0000  2.0668 18.5463
  5.3838  2.9883  0.0000  1.3932 25.7407
  4.5289  2.5895  0.0000  1.6449 21.6244
  4.4096  2.5922  0.0000  1.1286 21.6524
  6.0672  1.6703  0.0000  2.2979 12.5944
  5.2891  3.7477  0.0000  2.3763 33.8164
  5.0760  1.3281  0.0000  0.3504  9.4639
  5.6088  2.5311  0.0000  2.1057 21.0297
  5.2210  1.1972  0.0000  1.6022  8.3129
  5.0072  0.8904  0.0000  1.9665  5.7441
  5.0205  1.5922  0.0000  2.3211 11.8664
  5.1035  2.9649  0.0000  2.2226 25.4970
  6.1227  1.9405  0.0000  2.5069 15.1678
  5.5034  2.3308  0.0000  0.7367 19.0102
  5.4779  2.3667  0.0000  3.0047 19.3698
  5.4336  1.8840  0.0000  1.5037 14.6233
  5.8831  2.9054  0.0000  1.3754 24.8772
  5.1966  1.7622  0.0000  2.3005 13.4608
  5.3562  1.7332  0.0000  2.2386 13.1870
  4.5371  3.1832  0.0000  1.6294 27.7869
  5.4829  3.9040  0.0000  2.5159 35.5111
  5.0226  0.8195  0.0000  2.9066  5.1801
  5.8599  2.8089  0.0000  1.4507 23.8770
  5.6774  0.5136  0.0000  2.5415  2.9176
  5.2184  3.2081  0.0000  0.8375 28.0490
  4.9819  3.9421  0.0000  0.8847 35.9256
  4.9443  2.8230  0.0000  1.1135 24.0233
  5.7822  1.0267  0.0000  2.9609  6.8606
  6.0900  1.6462  0.0000  1.9218 12.3691
  4.5897  4.0988  0.0000  2.3479 37.6364
  5.5594  0.8526  0.0000  1.3417  5.4416
  4.7506  1.8967  0.0000  1.7758 14.7454
  4.3949  2.7806  0.0000  1.3874 23.5851
  6.0557  4.1493  0.0000  1.7172 38.1892
  5.1845  2.7647  0.0000  1.0350 23.4204
  6.3989  2.4132  0.0000  0.4529 19.8379
  4.8118  3.8377  0.0000  2.0803 34.7909
  4.7511  3.0014  0.0000  0.8443 25.8783
  5.5126  1.8637  0.0000  2.0225 14.4285
  5.2197  1.8916  0.0000  2.2098 14.6966
  5.4259  0.6588  0.0000  0.7592  3.9546
  5.0338  4.3136  0.0000  0.8200 39.9960
  4.0595  3.5291  0.0000  1.5147 31.4647
  4.4265  2.3146  0.0000  1.9054 18.8479
  4.5807  4.0047  0.0000  2.9187 36.6081
  4.2607  4.4049  0.0000  1.4076 41.0042
  5.6581  3.2706  0.0000  1.5020 28.7101
  5.2289  2.1393  0.0000  0.7804 17.1086
  5.4440  2.7746  0.0000  1.6871 23.5234
  5.4387  1.9146  0.0000  2.3719 14.9178
  4.9597  3.0684  0.0000  2.0742 26.5790
