  5.4874  3.9664  0.9792  2.1300 36.1903
  5.3797  1.4396  0.9765  1.3237 10.4664
  4.3905  2.9950  0.9865  0.5021 25.8113
  5.6551  3.6702  0.9919  0.7219 32.9807
  4.7999  1.5220  0.9980  2.2176 11.2180
  5.1281  2.5014  0.9911  2.1216 20.7289
  5.2694  1.8635  0.9684  1.4931 14.4270
  4.6585  4.4321  0.9932  2.3581 41.3048
  6.7968  1.4647  0.7533  1.7009 10.6948
  4.9271  3.4557  0.9778  2.1372 30.6786
  5.1025  2.3075  0.9696  0.4458 18.7777
  5.2734  2.9103  0.9797  0.7278 24.9287
  4.7789  2.3010  0.9980  0.8432 18.7125
  5.4796  3.5908  0.9779  1.7851 32.1260
  6.3447  3.2175  0.9695  0.6327 28.1489
  5.2528  1.3720  0.9780  2.4768  9.8568
  4.7260  3.8579  0.9871  1.5300 35.0105
  5.1071  0.5429  0.9854  1.4561  3.1205
  5.0912  3.8988  0.9792  0.4861 35.4547
  5.2839  1.0019  0.9786  1.7158  6.6547
  5.1114  1.3488  0.9980  2.4600  9.6486
  4.8175  2.2324  0.9762  1.3799 18.0291
  4.2048  1.9213  0.9845  0.2659 14.9825
  3.8333  2.5791  0.9784  1.7883 21.5182
  4.3304  2.4032  0.9777  1.9814 19.7371
  4.7010  3.4905  0.9838  1.3700 31.0505
  5.2323  2.0553  0.9980  1.7934 16.2839
  6.1315  1.1344  0.9967  1.1811  7.7722
  4.4398  4.1016  0.9872  0.8750 37.6674
  4.5109  3.4839  0.9933  1.1162 30.9807
  5.4069  2.0591  0.9773  2.3767 16.3217
  5.3147  1.8741  0.9873  0.7435 14.5288
  4.3132  2.9734  0.9919  0.5873 25.5852
  6.2919  1.8537  0.9854  1.0578 14.3328
  4.7071  3.9710  0.9674  1.9643 36.2401
  5.0680  2.2648  0.9824  0.2042 18.3513
  4.1992  3.8261  0.9714  1.8150 34.6655
  3.9331  3.9249  0.9819  1.5723 35.7387
  5.1853  3.7664  0.9690  0.9692 34.0184
  4.0659  1.7894  0.9817  1.0116 13.7194
  5.2129  3.3633  0.9782  2.3332 29.6943
  5.7050  1.6512  0.9883  0.5917 12.4162
  5.5932  0.5705  0.9846  1.5641  3.3150
  5.1219  2.0493  0.9759  1.4435 16.2254
  5.3978  1.7562  0.9938  1.4606 13.4040
  5.2159  2.4557  0.9672  1.9857 20.2661
  4.8161  2.7892  0.9865  0.3393 23.6736
  4.5914  2.5038  0.9708  1.7070 20.7527
  5.1696  0.4858  0.9881  2.1734  2.7279
  5.5512  3.2297  0.9932  2.4391 28.2772
  4.2935  1.0220  0.9871  1.9383  6.8215
  3.7548  2.8459  0.9684  1.4249 24.2605
  5.0308  3.0490  0.9970  0.7495 26.3759
  5.2366  3.7077  0.9829  0.2593 33.3851
  5.1863  0.4796  0.9855  0.6042  2.6858
  6.1821  3.0831  0.9925  2.7561 26.7337
  4.9766  2.0276  0.9892  1.7163 16.0141
  6.2098  2.3941  0.9746  2.3816 19.6451
  5.1958  3.3274  0.9680  0.2680 29.3126
  4.3053  2.8862  0.9850  1.3136 24.6775
  5.4296  1.6730  0.9734  2.1881 12.6202
  5.6209  3.3398  0.9806  0.2021 29.4439
  4.6018  3.8256  0.9875  1.2646 34.6596
  5.8468  0.6964  0.9772  1.0066  4.2343
  4.9308  4.2823  0.9812  1.7844 39.6509
  4.1815  2.8985  0.9947  1.3923 24.8056
  5.3156  1.2491  0.9923  1.7421  8.7663
  4.0838  2.2294  0.9706  1.3395 17.9997
  5.2177  1.1295  0.9722  0.8068  7.7294
  5.6723  4.0864  0.9753  1.4310 37.5011
  4.8248  1.9734  0.9707  1.1778 15.4870
  5.1002  3.7462  0.9980  0.1357 33.8006
  5.9035  2.7288  0.9843  1.7136 23.0516
  4.9352  2.9286  0.9769  1.0751 25.1187
  5.0339  0.6788  0.9775  0.8671  4.1030
  4.8223  4.4908  0.9945  2.0952 41.9549
  4.4365  3.3858  0.9690  1.0287 29.9333
  4.5688  1.2559  0.9858  1.0024  8.8261
  5.3102  2.5531  0.9710  0.7807 21.2537
  4.7202  1.7216  0.9852  0.7152 13.0768
  5.0476  2.5712  0.9799  0.8574 21.4384
  5.4427  2.4907  0.9863  1.6868 20.6204
  5.9276  2.5332  0.9929  1.6710 21.0511
  6.7163  3.1470  0.7644  1.3510 27.4048
  5.4475  2.4840  0.9735  2.3026 20.5523
  4.7430  2.5016  0.9668  0.1972 20.7308
  5.4446  4.1988  0.9879  0.1430 38.7331
  5.0777  2.2800  0.9885  0.2893 18.5030
  5.2441  1.4035  0.9885  2.2322 10.1400
  4.6359  2.1062  0.9741  1.5711 16.7834
  3.8904  2.6524  0.9727  2.0985 22.2668
  4.6049  2.0083  0.9842  1.0648 15.8262
  4.8022  1.5737  0.9858  1.1562 11.6954
  5.3418  3.4801  0.9968  1.0351 30.9399
  6.2838  4.4842  0.9869  0.4149 41.8817
  4.7508  2.5691  0.9768  0.6170 21.4161
  4.2488  3.3873  0.9882  1.4991 29.9494
  4.0470  4.0980  0.9797  1.0824 37.6280
  5.4369  1.7061  0.9785  0.9267 12.9311
  4.9373  1.1421  0.9804  2.4551  7.8378
  4.6341  1.5774  0.9675  0.6827 11.7295
  5.0323  3.0651  0.9980  1.5714 26.5448
  5.5771  3.4232  0.9678  1.1526 30.3318
  5.9416  2.4051  0.9727  0.9257 19.7565
  5.9742  2.1184  0.9814  2.2805 16.9028
  6.0643  3.8715  0.9918  1.3285 35.1583
  4.9320  0.8578  0.9783  1.2749  5.4833
  4.4201  2.3493  0.9722  0.7021 19.1957
  5.1120  4.4649  0.9815  1.0849 41.6679
  5.0206  3.8130  0.9718  2.0270 34.5231
  4.8281  4.1283  0.9727  2.1207 37.9595
  4.4368  4.3929  0.9933  0.9190 40.8709
  5.1874  1.3388  0.9904  1.0417  9.5594
  3.6856  3.2783  0.9968  1.3845 28.7920
  5.3802  3.7529  0.9726  1.2518 33.8727
  4.4512  4.1372  0.9845  1.6696 38.0566
  4.5622  1.4786  0.9934  1.0146 10.8212
  4.2835  1.8740  0.9799  1.1757 14.5277
  6.0669  0.7459  0.9768  1.1865  4.6097
  4.3761  0.6783  0.9686  2.5684  4.0992
  4.8713  2.7036  0.9668  0.6076 22.7917
  5.4829  2.6632  0.9837  2.3993 22.3778
  4.7410  0.6873  0.9864  2.6279  4.1660
  5.4556  0.8083  0.9858  0.0275  5.0925
  5.4850  4.0495  0.9866  2.5777 37.0974
  4.4863  2.0530  0.9947  0.4467 16.2620
  4.6223  1.0826  0.9793  0.7687  7.3306
  5.2522  2.1692  0.9858  1.4212 17.4037
  5.2339  2.3009  0.9971  2.2616 18.7114
  5.4637  1.1894  0.9922  0.8264  8.2460
  4.3580  3.2137  0.9980  1.7122 28.1084
  6.5624  2.3275  0.8300  0.7839 18.9778
  4.8549  1.4282  0.9791  1.2525 10.3627
  5.1342  4.1949  0.9820  0.5608 38.6904
  4.8044  2.6007  0.9792  0.6470 21.7389
  5.0567  3.0281  0.9980  2.6296 26.1571
  6.5377  1.3683  0.8816  1.0733  9.8230
  5.3369  4.3328  0.9727  0.8557 40.2076
  4.7937  3.2805  0.9835  1.0286 28.8155
  4.6299  3.1166  0.9768  2.3784 27.0851
  4.2427  4.0767  0.9820  2.0945 37.3944
  6.1044  3.1867  0.9980  2.5828 27.8231
  5.4183  1.3011  0.9946  1.0066  9.2242
  5.4480  2.5515  0.9952  0.4399 21.2376
  5.0829  1.2514  0.9890  1.1668  8.7865
  5.2616  4.3020  0.9925  0.9420 39.8683
  5.2979  1.6049  0.9774  1.3907 11.9844
  5.0214  2.1852  0.9699  1.2580 17.5621
  4.0344  3.9048  0.9947  1.7261 35.5197
  5.4787  2.8822  0.9918  1.8273 24.6367
  5.2270  4.3043  0.9854  0.7190 39.8937
  4.0785  3.0058  0.9751  1.8837 25.9242
  4.7328  1.8682  0.9980  1.5296 14.4721
  5.1692  0.8089  0.9746  0.6353  5.0976
  5.2445  0.5160  0.9693  1.1860  2.9344
  4.6922  2.9171  0.9784  2.1857 24.9996
  3.8147  1.9518  0.9740  1.2787 15.2776
  4.8075  1.1231  0.9940  0.7423  7.6751
  5.0643  1.7881  0.9667  0.7202 13.7071
  5.4801  3.4602  0.9683  1.2144 30.7275
  5.2616  2.5395  0.9950  1.6663 21.1157
  4.1776  0.9570  0.9980  1.0492  6.2845
  5.9493  1.6604  0.9705  1.1551 12.5024
  5.6415  2.1767  0.9802  1.0431 17.4781
  4.4041  2.1314  0.9898  1.2732 17.0306
  6.3163  3.8207  0.9848  1.7660 34.6071
  5.1485  2.1048  0.9812  0.8300 16.7692
  6.1491  1.9606  0.9744  0.1397 15.3628
  4.0117  2.1884  0.9781  1.2531 17.5931
  5.4665  1.4667  0.9797  1.7891 10.7124
  5.1869  3.3369  0.9980  1.7449 29.4133
  4.5354  0.8298  0.9687  0.5471  5.2617
  4.9531  2.5056  0.9883  2.9033 20.7717
  4.6726  2.6996  0.9895  1.9243 22.7514
  5.1335  0.7423  0.9738  0.4237  4.5825
  3.5045  1.5052  0.9938  0.2741 11.0640
  6.6357  2.0472  0.6531  1.7466 16.2053
  5.2401  3.0987  0.9966  2.4338 26.8969
  4.7573  1.9744  0.9741  1.9925 15.4967
  4.6664  3.6567  0.9904  0.4785 32.8346
  4.6690  2.5380  0.9797  1.5495 21.1005
  5.2353  3.1015  0.9901  0.0366 26.9271
  5.1277  2.7876  0.9772  1.4255 23.6567
  4.4001  2.1931  0.9775  1.6298 17.6395
  5.2072  1.3079  0.9726  1.2889  9.2846
  5.5022  2.1991  0.9729  1.3768 17.6991
  5.4599  0.7274  0.9776  1.3668  4.4683
  4.9974  3.4054  0.9878  1.3188 30.1422
  4.3291  2.3858  0.9811  1.3316 19.5622
  4.3697  3.6793  0.9821  0.5419 33.0785
  5.3693  3.1185  0.9923  2.1173 27.1057
  4.7885  3.7807  0.9959  1.8564 34.1738
  6.0877  4.1190  0.9681  1.3302 37.8574
  4.8444  2.7084  0.9918  0.6004 22.8412
  4.7272  0.3045  0.9720  1.1446  1.5689
  5.1661  1.7033  0.9903  1.0359 12.9048
  4.7263  2.8466  0.9818  2.0968 24.2669
  4.9321  1.5153  0.9764  1.2579 11.1571
  5.0819  3.1636  0.9882  2.4371 27.5800
  4.5636  2.1106  0.9809  1.5381 16.8263
  4.6346  3.5891  0.9712  1.8947 32.1075
  3.9797  0.6401  0.9778  1.9428  3.8169
  6.8291  3.6492  0.4712  2.2644 32.7544
  4.7968  2.4791  0.9944  2.3579 20.5027
  5.4851  2.7975  0.9835  0.6548 23.7595
  5.3225  2.0455  0.9679  1.5221 16.1888
  5.1699  1.8109  0.9668  0.2589 13.9243
  4.9193  3.3943  0.9869  1.5089 30.0237
  5.2448  0.3749  0.9739  0.4774  2.0016
  5.2141  0.8608  0.9706  1.3939  5.5074
  5.2780  0.8571  0.9899  0.3489  5.4778
  5.1903  1.9396  0.9896  0.8164 15.1596
  5.6895  3.8696  0.9815  1.5693 35.1378
  5.9954  3.3125  0.9815  1.5121 29.1545
  5.4063  2.5851  0.9928  0.8729 21.5799
  5.5472  3.2123  0.9914  1.8397 28.0937
  4.1136  1.6522  0.9822  1.9691 12.4249
  5.4372  4.2413  0.9876  0.7698 39.1995
  3.7283  3.0139  0.9790  2.3721 26.0090
  4.2054  2.8730  0.9825  1.0814 24.5411
  6.1814  3.1133  0.9800  0.5996 27.0509
  4.9796  0.4387  0.9821  1.4128  2.4130
  5.2089  2.2872  0.9748  1.8586 18.5745
  4.6204  0.6249  0.9679  2.8247  3.7058
  5.1596  2.9629  0.9980  1.9762 25.4760
  5.5555  0.3357  0.9791  1.2268  1.7578
  4.4741  1.0295  0.9860  0.6841  6.8840
  4.9568  1.4094  0.9673  0.8813 10.1928
  5.4652  0.7536  0.9945  1.6631  4.6686
  5.3171  1.0992  0.9838  0.8156  7.4711
  4.9879  0.9740  0.9949  1.8017  6.4238
  5.2917  1.8031  0.9871  1.2518 13.8495
  5.5840  2.9804  0.9914  1.1727 25.6583
  4.7551  2.2311  0.9839  0.3542 18.0163
  4.0300  3.4620  0.9743  1.8539 30.7464
  5.5851  2.6605  0.9896  1.0274 22.3505
  4.7689  3.5297  0.9974  0.5175 31.4703
  5.1196  2.8395  0.9790  1.4601 24.1936
  5.5260  2.3417  0.9896  2.1096 19.1200
  5.5125  3.6507  0.9895  1.5596 32.7698
  4.2289  2.8405  0.9799  1.9194 24.2039
  4.5018  0.5010  0.9441  1.1380  2.8315
  5.2773  1.1329  0.9962  0.4428  7.7592
  4.5619  3.9434  0.9891  1.9216 35.9398
  5.1109  1.7503  0.9959  0.7887 13.3485
  5.5921  4.4417  0.9947  1.3390 41.4111
  5.0120  3.3537  0.9891  1.0475 29.5917
  4.7919  4.1841  0.9716  0.4731 38.5712
  4.9541  1.8119  0.9920  0.9940 13.9340
  4.8859  1.1529  0.9953  2.9363  7.9305
  4.7817  2.4542  0.9942  1.0820 20.2513
  5.4083  2.3798  0.9937  2.0378 19.5020
  4.4612  3.4594  0.9730  1.8181 30.7183
  5.5693  4.2909  0.9972  1.7500 39.7457
  5.4669  0.3786  0.9872  0.4265  2.0249
  5.8129  2.9745  0.9980  2.6573 25.5967
  5.2982  3.1264  0.9979  1.9137 27.1882
  5.7443  3.7088  0.9778  0.3680 33.3966
  5.1779  2.6740  0.9899  0.3336 22.4879
  5.7709  3.1051  0.9887  1.4253 26.9641
  4.7070  1.8343  0.9792  0.0970 14.1475
  5.2111  2.6054  0.9702  0.3977 21.7868
  5.0320  2.5710  0.9701  2.1068 21.4359
  6.6033  3.8059  0.7556  0.1095 34.4464
  5.0334  3.5293  0.9778  0.9093 31.4663
  5.2511  0.9088  0.9722  1.6026  5.8917
  6.1787  2.3491  0.9924  0.3103 19.1935
  6.4408  1.6167  0.9693  2.4973 12.0942
  4.8295  3.9035  0.9807  1.4341 35.5058
  4.4630  2.8622  0.9933  1.6616 24.4293
  5.3231  3.6428  0.9805  2.4407 32.6851
  5.0020  1.4616  0.9915  1.1635 10.6661
  4.7185  3.8261  0.9850  1.2255 34.6655
  5.3432  1.2956  0.9898  2.2531  9.1760
  5.1572  1.5379  0.9769  2.4608 11.3650
  5.1719  1.3362  0.9977  0.9547  9.5368
  4.8530  1.6873  0.9967  2.1621 12.7545
  4.7769  2.7940  0.9711  1.1575 23.7226
  4.7434  2.2661  0.9804  0.7236 18.3646
  4.9235  3.4604  0.9811  1.6866 30.7291
  4.1427  1.9065  0.9747  1.1776 14.8397
  4.5244  3.4335  0.9950  2.4797 30.4422
  5.1988  1.4798  0.9679  0.8849 10.8320
  4.6088  2.2986  0.9901  2.1404 18.6887
  4.9001  3.3408  0.9961  2.7246 29.4554
  4.9315  2.3839  0.9967  0.4143 19.5429
  4.9526  1.9194  0.9669  2.2208 14.9644
  5.0888  2.2866  0.9967  2.6790 18.5686
  5.2796  1.8898  0.9744  1.9691 14.6794
  5.9331  1.6144  0.9823  0.8312 12.0726
  4.9280  2.4615  0.9921  2.8357 20.3245
  4.8845  3.5593  0.9948  1.6587 31.7876
  5.6192  3.2858  0.9715  1.5676 28.8715
  5.3502  0.2513  0.9811  0.4629  1.2576
  5.8105  4.0038  0.9683  1.1627 36.5981
  5.5793  1.7932  0.9871  0.7390 13.7556
  6.1688  3.3089  0.9956  2.7098 29.1161
  5.3817  2.8166  0.9856  2.1593 23.9571
  4.9942  3.9983  0.9834  1.5629 36.5384
  4.7194  3.1857  0.9709  0.4496 27.8130
  5.0193  0.5483  0.9980  0.7231  3.1585
  5.2919  1.2215  0.6088  0.8724  8.5248
  5.6940  2.0981  0.9747  1.3621 16.7039
  4.0337  3.8099  0.9980  0.2392 34.4903
  4.2945  4.2231  0.9752  1.4532 39.0003
  5.0999  2.6518  0.9790  0.4177 22.2611
  4.7858  2.8184  0.9814  0.8338 23.9758
  6.6056  3.0500  0.9215  1.3128 26.3860
  3.9600  1.4188  0.9715  2.1994 10.2779
  5.1257  2.2775  0.9796  0.4026 18.4782
  5.1629  4.1079  0.9764  0.8896 37.7356
  4.4098  2.9788  0.9976  1.6705 25.6422
  4.1590  2.4223  0.9918  0.9406 19.9292
  6.5486  1.4095  0.9391  0.5733 10.1937
  4.6370  0.9495  0.9778  0.8260  6.2229
  5.2271  2.1256  0.9975  1.8085 16.9736
  5.5932  3.5522  0.9980  1.6801 31.7121
  5.2496  2.6027  0.9760  1.3834 21.7591
  5.9780  3.1593  0.9929  1.0675 27.5348
  5.5145  2.9983  0.9710  2.7314 25.8456
  5.6751  2.2419  0.9723  0.2787 18.1234
  4.6501  0.9135  0.9750  1.6929  5.9303
  6.8246  0.6982  0.6055  1.7395  4.2477
  5.4850  2.9889  0.9835  1.4231 25.7475
  6.1475  1.7488  0.9945  1.9776 13.3338
  4.4061  2.4969  0.9772  2.1925 20.6833
  4.6175  1.3022  0.9711  2.5640  9.2342
  5.1288  3.4836  0.9904  1.2769 30.9769
  4.1281  4.1170  0.9840  0.5871 37.8353
  4.0842  2.0925  0.9756  2.1768 16.6490
  5.2411  1.4567  0.9797  1.9191 10.6220
  5.8904  2.4058  0.9786  1.0814 19.7635
  5.0656  2.1771  0.9766  1.9953 17.4813
  5.2582  3.0209  0.9867  1.3290 26.0821
  5.0133  2.4296  0.9879  0.9979 20.0034
  5.2750  0.7171  0.9839  2.8040  4.3904
  5.4228  0.8432  0.9868  0.7384  5.3669
  5.4501  3.6748  0.9975  2.6488 33.0297
  5.3181  0.9950  0.9980  0.1846  6.5969
  5.2796  1.0773  0.9963  0.7768  7.2861
  4.9060  2.4483  0.9931  1.5981 20.1919
  4.9204  2.1237  0.9724  0.9323 16.9552
  4.9454  1.6112  0.9766  0.8539 12.0428
  4.6700  3.3212  0.9908  1.9196 29.2468
  5.2937  4.3055  0.9920  0.4243 39.9068
  5.1651  3.0334  0.9823  1.7152 26.2127
  5.6764  2.7434  0.9707  0.7924 23.2015
  5.5264  4.0350  0.9709  2.3785 36.9391
  4.3842  3.7438  0.9932  2.1922 33.7744
  4.9931  4.2620  0.9675  1.6054 39.4276
  4.3384  2.6389  0.9980  1.4072 22.1286
  6.0387  2.2677  0.9916  1.5726 18.3808
  5.2920  1.8102  0.9829  2.2286 13.9172
  4.5552  0.4705  0.9940  1.6964  2.6249
  5.7461  2.2959  0.9856  2.9761 18.6619
  4.4892  4.3202  0.9672  1.0319 40.0683
  3.7085  3.3424  0.9980  1.7982 29.4723
  4.7507  2.2739  0.9980  0.2146 18.4425
  4.3612  1.9024  0.9806  1.4815 14.8006
  5.6494  3.0589  0.9864  2.6015 26.4801
  4.5937  3.1992  0.9739  2.2501 27.9559
  5.0130  1.0863  0.9933  1.8009  7.3616
  4.0672  2.1024  0.9961  0.4996 16.7458
  6.1577  2.9796  0.9863  0.5918 25.6506
  4.8399  2.8204  0.9746  1.1196 23.9958
  4.1345  4.4166  0.9740  1.8122 41.1329
  5.5218  3.0823  0.9870  1.0395 26.7248
  5.0137  1.9691  0.9901  0.3057 15.4451
  5.4945  2.4797  0.9879  0.5383 20.5088
  5.3587  3.2883  0.9702  0.6029 28.8980
  5.4550  3.1150  0.9667  1.8841 27.0689
  5.0508  1.7423  0.9757  1.2404 13.2730
  4.0082  2.6209  0.9848  1.2496 21.9452
  4.7451  2.0410  0.9721  1.2203 16.1450
  4.9744  3.4598  0.9721  1.8853 30.7227
  5.6692  4.2531  0.9835  1.2110 39.3294
  5.2516  4.4951  0.9686  2.4993 42.0024
  5.1310  1.1361  0.9730  0.7943  7.7866
  5.4543  1.1399  0.9980  1.6427  7.8190
  5.0645  3.3419  0.9678  1.3073 29.4667
  5.2224  1.0472  0.9868  0.9462  7.0320
  4.1535  4.2628  0.9786  2.6729 39.4363
  5.1508  2.4747  0.9910  1.7045 20.4581
  6.1655  3.0131  0.9734  1.7017 25.9999
  5.1689  1.3954  0.9798  1.6683 10.0669
  4.8510  1.8628  0.9753  1.8536 14.4205
  6.2659  2.7784  0.9668  2.0823 23.5621
  4.6650  0.2186  0.9734  1.0487  1.0734
  5.8731  2.7859  0.9917  1.7210 23.6391
  5.0307  3.5396  0.9839  0.8319 31.5771
  4.2537  3.8483  0.9884  0.7075 34.9062
  4.7759  3.6178  0.9796  0.9937 32.4158
  5.2523  1.7613  0.9840  1.2036 13.4521
  5.1839  3.6434  0.9966  2.2109 32.6920
  4.8272  3.4489  0.9720  2.7530 30.6060
  4.5031  2.0718  0.9774  2.6058 16.4459
  5.2456  3.6062  0.9928  0.8705 32.2915
  5.0652  3.2354  0.9980  0.5956 28.3375
  3.7842  2.6993  0.9980  1.8189 22.7477
  5.4954  0.7038  0.9829  1.7809  4.2902
  4.9808  3.0778  0.9747  1.5928 26.6774
  4.9996  2.9501  0.9980  1.1798 25.3427
  5.0650  3.9705  0.9817  2.5179 36.2349
  5.1135  1.4739  0.9705  2.2845 10.7786
  4.5548  3.0917  0.9690  0.7532 26.8239
  4.7490  2.5210  0.9980  0.9108 20.9274
  4.4057  3.5860  0.9860  1.9462 32.0742
  5.7645  3.3309  0.9962  0.2513 29.3494
  5.2289  1.1299  0.9755  1.6475  7.7335
  5.0974  4.2594  0.9875  0.7049 39.3992
  4.6373  3.5623  0.9906  0.3295 31.8200
  5.2694  1.4259  0.9969  0.5995 10.3425
  5.2437  2.3245  0.9845  1.8208 18.9477
  5.2168  1.6437  0.9771  0.6267 12.3457
  4.3447  0.3539  0.9936  2.1252  1.8703
  5.1711  1.4076  0.9980  0.4981 10.1769
  5.3622  1.8857  0.9760  1.0446 14.6404
  4.4798  2.6623  0.9863  0.4854 22.3682
  5.2381  0.9775  0.9851  2.0118  6.4529
  6.3827  3.0658  0.9829  1.3317 26.5520
  4.9236  3.6011  0.9925  0.7834 32.2373
  4.7150  1.7006  0.9822  2.9374 12.8794
  5.1472  0.9912  0.9681  1.5558  6.5658
  4.7295  3.0603  0.9951  0.7211 26.4946
  4.3205  0.9009  0.9712  1.9174  5.8282
  6.0255  1.3889  0.9710  0.3336 10.0082
  5.3125  1.9124  0.9854  1.2246 14.8972
  5.4658  2.9918  0.9859  0.6975 25.7773
  4.4340  2.9187  0.9958  1.4192 25.0160
  4.3465  3.4940  0.9943  1.0981 31.0889
  4.8338  3.6609  0.9967  2.1158 32.8801
  4.2181  2.1175  0.9962  2.0854 16.8942
  4.6172  0.9764  0.9702  2.0704  6.4438
  4.3486  3.5628  0.9967  0.8320 31.8255
  6.0003  2.1715  0.9745  1.8720 17.4265
  4.8832  2.5518  0.9840  2.8007 21.2408
  5.7733  2.4619  0.9863  0.7179 20.3285
  4.7307  3.0764  0.9679  2.2940 26.6632
  6.4118  1.9645  0.9382  2.9145 15.4005
  6.2449  2.4384  0.9980  2.2096 20.0914
  5.0910  2.5898  0.9714  2.0041 21.6278
  5.0066  1.9338  0.9963  0.5959 15.1032
  4.7792  2.0455  0.9845  1.5974 16.1885
  4.3562  1.4606  0.9723  1.6027 10.6567
  5.4215  3.0840  0.9766  0.7724 26.7431
  5.4285  3.2671  0.9954  1.2186 28.6728
  6.0914  2.1288  0.9938  2.0847 17.0056
  4.5219  2.5086  0.9798  0.3036 20.8021
  5.3468  2.0885  0.9737  2.0269 16.6095
  5.3797  1.9632  0.9943  1.7403 15.3875
  3.7969  3.7715  0.9819  1.3208 34.0741
  4.0578  2.6354  0.9780  1.6251 22.0929
  4.1567  0.5381  0.9980  0.4197  3.0875
  5.4105  4.2449  0.9867  0.8147 39.2394
  6.5731  3.3835  0.9273  1.1796 29.9090
  5.8677  3.1324  0.9918  0.6074 27.2511
  3.5401  2.4748  0.9682  1.0360 20.4589
  5.2310  2.1186  0.9908  1.6624 16.9053
  5.2915  2.2247  0.9980  2.1968 17.9535
  4.5502  2.9708  0.9786  1.2415 25.5582
  5.5864  2.4444  0.9770  1.9922 20.1520
  6.5360  2.1492  0.8117  1.9886 17.2059
  5.2401  1.2462  0.9943  2.4706  8.7411
  4.9650  2.9544  0.9980  1.3027 25.3875
  5.2161  2.3128  0.9974  0.6429 18.8299
  4.5022  3.7929  0.9859  0.4651 34.3062
  5.4257  0.5002  0.9832  1.0010  2.8259
  5.3876  1.0565  0.9980  1.1722  7.1105
  5.7147  3.0485  0.9980  1.5347 26.3708
  5.5115  3.5288  0.9876  0.5969 31.4612
  4.2742  2.6991  0.9721  1.2509 22.7455
  4.7684  1.3680  0.9855  1.3140  9.8202
  4.7725  2.5100  0.9890  1.9923 20.8158
  5.8142  3.9147  0.9958  1.8541 35.6271
  5.2392  3.2880  0.9747  2.0923 28.8945
  5.1417  4.3707  0.9975  0.8638 40.6259
  5.9303  3.1404  0.9980  0.9360 27.3357
  4.6165  3.5139  0.9913  2.4005 31.3019
  6.3528  4.1335  0.9711  0.7480 38.0167
  5.2174  0.8818  0.9727  1.4356  5.6746
  4.8985  0.7118  0.9738  2.3878  4.3507
  5.0675  3.8400  0.9969  0.9983 34.8166
  5.5705  3.2321  0.9832  1.3799 28.3031
  4.6669  1.5596  0.9799  0.9658 11.5649
  3.5308  3.1983  0.9848  1.8366 27.9457
  5.7161  1.2714  0.9861  1.1826  8.9624
  5.7404  3.1775  0.9785  0.1454 27.7266
  4.8336  3.2485  0.9777  1.1931 28.4764
  5.6176  1.1439  0.9980  1.7615  7.8532
  4.7210  2.3981  0.9821  0.9610 19.6858
  5.4847  1.7701  0.9791  2.3882 13.5358
  4.8556  2.3619  0.9737  1.0702 19.3219
  3.8194  0.7061  0.9879  1.1477  4.3073
  5.2347  1.8045  0.9844  2.2034 13.8629
  3.9896  3.2832  0.9729  2.1496 28.8435
  4.6501  2.5438  0.9703  1.5448 21.1595
  5.8508  2.5317  0.9807  0.8807 21.0360
  5.0377  2.6938  0.9871  0.4737 22.6918
  4.5795  3.1426  0.9750  1.5562 27.3591
  5.2187  1.2859  0.9684  2.1690  9.0897
  5.0708  1.8827  0.9890  2.7099 14.6114
  4.9129  4.2195  0.9733  0.6009 38.9604
  5.2237  2.3740  0.9969  1.2612 19.4438
  5.7845  2.5239  0.9826  2.3324 20.9573
  5.0269  3.7630  0.9900  0.5349 33.9822
  5.1259  1.8819  0.9747  1.3160 14.6036
  6.2530  1.5999  0.9798  0.7800 11.9381
  5.4702  1.3809  0.9742  1.5891  9.9360
  4.4720  2.7116  0.9863  0.5363 22.8741
  5.1001  1.5651  0.9840  0.6698 11.6159
  5.0700  3.2594  0.9958  0.5696 28.5919
  5.7173  2.8804  0.9973  1.5135 24.6176
  4.6050  0.9515  0.9693  0.4258  6.2389
  5.4903  4.2753  0.9976  2.8170 39.5741
  5.0460  2.5975  0.9711  1.7493 21.7061
  5.9717  4.2673  0.9825  0.1841 39.4864
  5.1514  0.8148  0.9860  1.2296  5.1438
  4.7400  4.0479  0.9812  0.3473 37.0793
  5.0361  3.5429  0.9753  1.8697 31.6118
  5.2104  4.2487  0.9921  0.9706 39.2813
  5.2386  1.8577  0.9825  0.2215 14.3716
  6.2311  2.0231  0.9865  1.6199 15.9703
  5.5762  3.5182  0.9871  1.3901 31.3478
  4.7668  3.5975  0.9980  0.7005 32.1985
  3.5496  2.3388  0.9727  1.6947 19.0904
  4.8606  0.4110  0.9797  1.9139  2.2322
  3.8761  2.5240  0.9812  1.8969 20.9575
  4.6298  1.4043  0.9799  0.9938 10.1467
  5.5682  3.7925  0.9875  1.9126 34.3019
  4.9746  0.7482  0.9842  0.6237  4.6274
  5.2931  3.7760  0.9884  1.7042 34.1233
  4.1389  3.2472  0.9702  0.7669 28.4631
  4.9992  2.7360  0.9726  0.5905 23.1253
  5.4327  1.4351  0.9914  2.0875 10.4255
  4.6183  2.6662  0.9980  2.1106 22.4079
  3.6040  2.2651  0.9938  2.3818 18.3550
  5.2715  1.6032  0.9799  1.3733 11.9690
  5.0203  0.7517  0.9846  1.1117  4.6540
  4.4735  2.6600  0.9907  1.6431 22.3450
  6.2162  4.3412  0.9840  2.9628 40.3005
  5.1429  3.2221  0.9758  1.6500 28.1973
  5.7204  3.4298  0.9775  0.4929 30.4022
  4.5362  3.7541  0.9790  1.9451 33.8855
  5.5421  3.7513  0.9840  1.3911 33.8554
  5.0017  2.5024  0.9688  1.7296 20.7384
  4.6542  1.4471  0.9883  1.3873 10.5344
  4.9738  1.2499  0.9904  1.6337  8.7735
  4.9053  2.9356  0.9732  2.2092 25.1914
  5.1765  2.7801  0.9716  0.2636 23.5799
  5.2415  2.0904  0.9754  1.8176 16.6283
  5.4905  3.4017  0.9912  1.1760 30.1031
  5.3296  2.8068  0.9909  1.2413 23.8550
  4.8475  1.2978  0.9958  0.4147  9.1955
  5.6576  2.5699  0.9729  1.8934 21.4250
  4.9785  2.0966  0.9778  1.6777 16.6892
  5.2918  2.7857  0.9807  0.4028 23.6377
  5.5260  4.3600  0.9926  1.8520 40.5083
  5.6652  4.3981  0.9761  1.8902 40.9292
  4.8096  2.2981  0.9927  0.1122 18.6833
  5.0797  2.1512  0.9878  0.2880 17.2256
  5.0857  2.9955  0.9687  1.1368 25.8165
  6.7482  2.3676  0.6003  0.3882 19.3793
  4.8468  1.8698  0.9674  1.6647 14.4872
  4.8875  4.3597  0.9689  1.2573 40.5045
  5.0901  0.8193  0.9875  0.8787  5.1791
  6.0282  2.6676  0.9784  1.2798 22.4229
  4.9385  1.7314  0.9900  1.2181 13.1694
  3.6447  3.6769  0.9837  0.7166 33.0525
  5.3368  2.6025  0.9817  0.9704 21.7573
  5.3747  1.0920  0.9756  0.5680  7.4101
  3.8525  3.9627  0.9978  1.6683 36.1503
  4.5971  0.6301  0.9842  1.9799  3.7436
  5.8185  2.5527  0.9808  2.1131 21.2493
  4.8219  1.0444  0.9811  0.4342  7.0089
  4.7917  1.8624  0.9920  1.6111 14.4161
  5.1752  2.0069  0.9865  1.1345 15.8120
  4.8791  3.1781  0.9779  1.7806 27.7329
  4.8432  1.5490  0.9798  1.7929 11.4666
  5.0736  2.9893  0.9722  1.7318 25.7518
  5.1309  1.2880  0.9933  1.0334  9.1084
  5.2378  3.5393  0.9792  1.3773 31.5734
  5.3871  2.6776  0.9676  1.2498 22.5256
  5.2605  0.8235  0.9755  0.6385  5.2117
  5.6648  1.8967  0.9944  1.4114 14.7455
  4.7049  3.0109  0.9738  0.2982 25.9775
  4.9143  1.2845  0.9941  1.8962  9.0781
  4.7258  1.6719  0.9809  1.6044 12.6099
  4.5865  0.9396  0.9929  1.1842  6.1422
  4.3106  4.2402  0.9709  1.1991 39.1877
  5.4343  1.1276  0.9868  1.8636  7.7135
  5.0249  3.3850  0.9950  2.0771 29.9247
  4.6849  1.7130  0.9855  1.4010 12.9960
  5.2471  0.4175  0.9880  1.6904  2.2743
  4.6328  4.0513  0.9829  2.1364 37.1168
  4.7563  0.9056  0.9840  1.3883  5.8662
  5.1314  3.0213  0.9892  1.2019 26.0862
  5.0080  3.7326  0.9893  1.3371 33.6539
  5.4213  3.1776  0.9980  1.1292 27.7276
  4.5918  1.3334  0.9712  0.4812  9.5119
  5.2055  0.3478  0.9957  0.4832  1.8325
  4.9740  2.8676  0.9749  1.5489 24.4848
  5.1112  1.5752  0.9677  1.7768 11.7089
  4.6398  2.6375  0.9877  0.6986 22.1143
  4.4947  2.5405  0.9787  1.4478 21.1259
  3.8545  4.1581  0.9838  0.0753 38.2863
  5.1621  0.7424  0.9701  2.1661  4.5832
  5.0182  3.2757  0.9714  0.9208 28.7641
  5.3655  4.0171  0.9802  1.6432 36.7432
  5.3845  3.4623  0.9752  0.7666 30.7501
  4.9930  2.5585  0.9683  2.2684 21.3087
  6.5974  3.2931  0.8449  1.3700 28.9489
  5.0928  0.8196  0.9837  1.1438  5.1813
  4.7223  2.2205  0.9839  0.2189 17.9116
  5.3876  1.0594  0.9928  0.5975  7.1351
  4.7553  1.9294  0.9881  1.6758 15.0612
  3.6547  4.0941  0.9789  2.1069 37.5853
  4.2819  2.2294  0.9867  1.1925 17.9999
  4.0938  2.8464  0.9832  1.9789 24.2656
  4.7799  2.0969  0.9770  0.2160 16.6914
  4.7596  2.0921  0.9742  1.7089 16.6445
  5.7654  4.4073  0.9716  0.8971 41.0302
  3.8569  0.9862  0.9742  1.0873  6.5249
  5.3436  4.2677  0.9770  1.1054 39.4905
  5.7944  2.1756  0.9812  0.7194 17.4666
  4.8721  1.9298  0.9969  1.2938 15.0652
  4.8582  2.5184  0.9693  1.2253 20.9013
  6.8561  2.6873  0.7556  0.8105 22.6251
  5.1917  2.1807  0.9946  0.5753 17.5175
  5.5710  3.6891  0.9968  1.2128 33.1841
  4.5344  0.5376  0.9817  2.0125  3.0837
  3.9501  1.0654  0.9913  1.9559  7.1853
  5.2450  0.9408  0.9670  0.7218  6.1521
  4.6267  3.1280  0.9893  1.0933 27.2057
  5.7740  3.1108  0.9966  1.3401 27.0241
  4.6070  3.2352  0.9687  1.5191 28.3353
  5.8131  3.7592  0.9871  2.2823 33.9409
  6.4714  3.8296  0.8970  1.4518 34.7032
  5.3597  0.8756  0.9891  1.9724  5.6249
  4.3865  0.0642  0.9789  2.1255  0.2847
  4.0569  3.6704  0.9936  1.1221 32.9826
  5.2018  3.1378  0.9710  1.4847 27.3088
  5.6615  3.2569  0.9862  1.2314 28.5652
  4.6636  1.0139  0.9800  1.7756  6.7539
  4.3054  1.9947  0.9913  1.3549 15.6933
  6.6294  2.1485  0.9963  0.7898 17.1996
  4.5626  4.4390  0.9783  1.4028 41.3812
  5.8634  4.4661  0.9747  1.3152 41.6807
  5.2858  1.2711  0.9893  0.8163  8.9594
  5.1476  2.0915  0.9839  1.1293 16.6387
  5.0355  1.7162  0.9783  1.2323 13.0262
  4.6865  1.3235  0.9969  1.4922  9.4232
  4.8009  0.6066  0.9688  2.2676  3.5736
  4.2873  1.8460  0.9980  1.8504 14.2592
  4.6163  3.8963  0.9839  0.5477 35.4273
  5.5586  2.9565  0.9675  1.4342 25.4094
  3.6304  1.9582  0.9874  2.3359 15.3396
  5.1279  1.4454  0.9775  2.0970 10.5187
  4.3257  2.1936  0.9671  1.3446 17.6449
  5.2158  1.7223  0.9961  1.2489 13.0840
  5.6679  3.6476  0.9692  3.0072 32.7364
  5.4540  3.6062  0.9705  1.9201 32.2914
  4.7534  0.8505  0.9980  0.5338  5.4253
  5.2120  1.8657  0.9850  0.4246 14.4475
  4.6382  2.0248  0.9831  0.4874 15.9861
  5.0093  1.6210  0.9958  0.1489 12.1339
  4.8605  1.1275  0.9910  0.1518  7.7130
  5.6674  4.3662  0.9954  0.4011 40.5761
  5.0293  3.6296  0.9869  0.6231 32.5427
  3.7231  1.5997  0.9688  0.8096 11.9357
  4.5169  1.3180  0.9856  0.8236  9.3749
  5.7822  2.7665  0.9680  0.4867 23.4395
  3.8083  1.9814  0.9753  0.8633 15.5642
  5.0010  3.4438  0.9719  0.7398 30.5524
  5.2132  3.4737  0.9980  0.9027 30.8713
  4.7539  1.5640  0.9683  1.1392 11.6057
  3.7542  0.6972  0.9729  2.2770  4.2406
  4.7199  1.2427  0.9840  1.7538  8.7097
  4.5630  2.8181  0.9755  2.2339 23.9723
  3.7424  3.3875  0.9794  1.4385 29.9517
  5.6592  2.0769  0.9809  1.0946 16.4956
  4.2416  3.0069  0.9702  2.0783 25.9356
  4.5503  3.8788  0.9705  2.4914 35.2372
  4.2804  4.4171  0.9728  0.8508 41.1385
  4.9979  1.6731  0.9751  2.2495 12.6214
  5.6006  2.5790  0.9822  1.8571 21.5171
  5.0040  2.0423  0.9891  0.2410 16.1577
  5.6744  4.4039  0.9791  1.4622 40.9931
  5.9925  3.2735  0.9964  1.4329 28.7413
  4.9435  1.8989  0.9729  0.1866 14.7669
  4.2480  1.6954  0.9777  1.9467 12.8304
  6.0426  2.4496  0.9938  1.3631 20.2050
  3.9511  4.0763  0.9753  1.8056 37.3904
  5.3406  1.1351  0.9735  1.5746  7.7775
  5.4805  0.5025  0.9803  1.2369  2.8412
  4.6147  1.7198  0.9980  1.9960 13.0601
  5.7718  2.1591  0.9895  0.3607 17.3040
  4.7105  1.8541  0.9893  0.7851 14.3372
  5.0027  1.7332  0.9896  1.5102 13.1868
  4.9061  2.1621  0.9711  1.3070 17.3339
  5.4892  1.7560  0.9724  1.2322 13.4023
  5.1818  3.8807  0.9963  1.9312 35.2580
  5.9761  4.2775  0.9703  0.9843 39.5987
  5.0838  3.4226  0.9961  0.6687 30.3256
  5.6637  2.2774  0.9795  0.8117 18.4768
  5.3209  1.2613  0.9743  1.3759  8.8733
  6.0382  3.8622  0.9721  1.3996 35.0571
  5.0717  3.0610  0.9965  1.5136 26.5012
  4.9216  3.2715  0.9755  0.2631 28.7194
  4.2460  3.1341  0.9980  2.2819 27.2695
  4.8447  1.2164  0.9689  0.2205  8.4802
  5.7040  3.6925  0.9893  2.1916 33.2206
  4.7315  3.3155  0.9793  1.5167 29.1863
  4.6109  0.6991  0.9792  2.2139  4.2546
  5.5152  4.2936  0.9667  1.6021 39.7759
  5.5574  0.6808  0.9877  0.5028  4.1176
  5.3101  1.0365  0.9863  1.9158  6.9423
  5.1363  1.1399  0.9883  2.0612  7.8188
  5.2512  2.9505  0.9931  0.5319 25.3473
  4.9537  1.9837  0.9944  2.4163 15.5868
  3.7753  3.7750  0.9845  0.4027 34.1116
  5.3994  1.7609  0.9935  1.4977 13.4488
  5.0941  3.7264  0.9718  0.6559 33.5864
  6.8892  3.2782  0.7361  0.7898 28.7913
  5.0347  2.2116  0.9891  0.1914 17.8228
  4.7759  3.2507  0.9771  0.2098 28.4992
  5.0231  0.2664  0.9851  1.5813  1.3445
  4.2673  2.4425  0.9852  1.1438 20.1329
  6.2485  3.8861  0.9753  2.0100 35.3161
  5.2741  1.7443  0.9708  0.6307 13.2919
  6.2226  3.3303  0.9971  0.8358 29.3431
  3.6645  3.8725  0.9748  1.4072 35.1688
  5.0128  2.3676  0.9932  2.0986 19.3788
  4.1512  2.8207  0.9689  1.5062 23.9987
  4.6165  0.5798  0.9945  2.3888  3.3811
  6.1206  2.6993  0.9668  0.3201 22.7482
  4.6795  2.3706  0.9695  0.9354 19.4093
  6.0328  3.2179  0.9810  0.3121 28.1533
  5.2781  1.2622  0.9973  2.5965  8.8809
  5.1431  3.4164  0.9709  0.2070 30.2594
  5.8006  4.1375  0.9980  1.0650 38.0601
  5.5434  4.1967  0.9788  1.1042 38.7093
  5.5878  3.8242  0.9946  2.3476 34.6448
  3.8826  1.4187  0.9766  2.5796 10.2766
  5.8710  3.5507  0.9737  1.6246 31.6957
  4.2214  1.8521  0.9970  1.8122 14.3174
  6.1032  4.3476  0.9953  2.3085 40.3711
  4.6763  2.1451  0.9858  0.2442 17.1659
  5.1641  4.0110  0.9812  0.3813 36.6767
  6.0100  2.7066  0.9886  1.5689 22.8226
  6.7433  4.1259  0.9969  1.3937 37.9332
  4.2474  1.2172  0.9943  0.4113  8.4874
  3.7704  3.6839  0.9894  1.6926 33.1278
  5.5841  3.2443  0.9952  1.9096 28.4319
  4.8901  2.7067  0.9855  1.7514 22.8236
  5.6899  3.1595  0.9740  0.3698 27.5370
  5.4230  4.2964  0.9717  2.2339 39.8069
  4.8482  3.7288  0.9900  1.7122 33.6121
  5.3684  3.5756  0.9882  1.3317 31.9630
  5.2430  2.1779  0.9858  1.2365 17.4896
  5.3877  4.1483  0.9872  1.8238 38.1785
  5.4565  2.8244  0.9706  0.8343 24.0378
  4.0768  2.4766  0.9878  1.0417 20.4778
  5.4483  0.6478  0.9746  1.4715  3.8734
  5.3345  0.5388  0.9816  1.0690  3.0922
  5.0997  2.8126  0.9884  2.5092 23.9154
  5.1680  2.3186  0.9853  1.8239 18.8883
  4.4153  1.5147  0.9676  0.3510 11.1510
  5.1561  2.1357  0.9730  2.7708 17.0727
  5.0455  2.8004  0.9781  1.5192 23.7897
  4.6405  2.6464  0.9682  1.0020 22.2052
  5.8396  3.5632  0.9744  0.5284 31.8293
  5.1392  2.0761  0.9901  1.0374 16.4878
  5.1926  1.9277  0.9832  2.0483 15.0450
  4.6729  1.7581  0.9745  2.2887 13.4217
  4.9155  2.7417  0.9733  1.3506 23.1841
  5.8105  3.8539  0.9972  2.4218 34.9669
  5.6753  2.3786  0.9780  1.5056 19.4893
  5.1901  1.9501  0.9864  0.8158 15.2610
  3.9265  1.8394  0.9930  1.4906 14.1959
  5.4364  2.5650  0.9947  0.8454 21.3745
  3.5479  3.2459  0.9819  2.1332 28.4491
  5.4242  3.6921  0.9916  0.3428 33.2169
  4.3462  2.7698  0.9705  2.3278 23.4731
  4.9872  3.3185  0.9802  1.8802 29.2179
  5.1315  1.3845  0.9801  1.3068  9.9684
  5.5714  3.2156  0.9876  2.3465 28.1285
  4.0179  2.4668  0.9917  1.0562 20.3786
  5.4589  1.6044  0.9739  0.8032 11.9800
  5.1064  1.2660  0.9696  1.7380  8.9144
  5.1562  3.0440  0.9765  1.4653 26.3236
  5.9511  3.4751  0.9909  0.9091 30.8864
  5.2940  1.9265  0.9817  1.3200 15.0332
  5.1034  2.3323  0.9775  2.1212 19.0251
  4.7814  2.4133  0.9971  0.5882 19.8388
  6.2664  2.2053  0.9964  1.1656 17.7608
  4.0946  3.6084  0.9764  1.9497 32.3152
  5.3248  0.4405  0.9932  2.4687  2.4250
  5.2380  4.4876  0.9906  2.0562 41.9195
  3.5981  3.7897  0.9922  2.2552 34.2708
  5.1841  2.3322  0.9830  0.8301 19.0242
  5.6706  3.2160  0.9747  1.7277 28.1327
  4.7704  1.9924  0.9980  1.4833 15.6714
  4.9602  2.0050  0.9727  0.7976 15.7934
  4.6439  4.0561  0.9859  1.3293 37.1697
  4.6851  2.4218  0.9870  2.0443 19.9244
  5.0923  2.2030  0.9790  1.6412 17.7375
  5.3447  3.7889  0.9774  0.3581 34.2629
  6.2738  4.3170  0.9832  0.8195 40.0330
  4.9477  1.3383  0.9715  2.1315  9.5549
  4.8054  1.1076  0.9957  0.6868  7.5430
  3.5228  3.9700  0.9713  0.6456 36.2299
  4.7000  2.3093  0.9882  0.3973 18.7957
  4.9408  2.2389  0.9674  0.9133 18.0940
  6.5694  1.1154  0.9343  1.1988  7.6096
  3.8691  2.1762  0.9910  1.6920 17.4729
  5.4537  2.4011  0.9709  2.6204 19.7162
  4.4596  4.1472  0.9674  0.7539 38.1662
  4.8760  2.8014  0.9898  0.8007 23.7996
  5.8490  3.3735  0.9692  1.8513 29.8032
  6.8518  2.1816  0.4045  1.1704 17.5258
  4.3729  2.0217  0.9949  0.5391 15.9562
  5.5199  4.0037  0.9940  1.0314 36.5970
  6.0485  3.0846  0.9717  0.4975 26.7496
  4.6915  2.1225  0.9876  1.0074 16.9437
  4.8187  4.0493  0.9815  0.8566 37.0953
  5.5339  3.6119  0.9725  1.4670 32.3525
  6.0763  3.5449  0.9922  2.0342 31.6337
  5.4241  3.0835  0.9823  0.4523 26.7371
  5.4169  1.9227  0.9820  1.0015 14.9959
  4.4398  2.6990  0.9681  1.0539 22.7451
  4.1828  1.5923  0.9898  0.8832 11.8672
  5.9668  2.8129  0.9861  2.3610 23.9180
  3.9466  2.6743  0.9972  1.4566 22.4914
  5.2667  2.2586  0.9980  1.4801 18.2900
  4.2680  0.9967  0.9713  2.7852  6.6116
  5.0731  2.7368  0.9754  0.2063 23.1335
  6.9855  2.1828  0.4209  0.7682 17.5382
  5.3406  1.2655  0.9980  1.8511  8.9098
  4.3924  2.7898  0.9699  2.1426 23.6797
  5.1108  3.5047  0.9901  2.7522 31.2030
  5.2129  1.0706  0.9688  1.5705  7.2291
  4.7934  0.4343  0.9413  1.3468  2.3844
  4.4103  1.7473  0.9931  1.4420 13.3199
  5.2505  2.7375  0.9704  1.7354 23.1410
  5.0741  2.3009  0.9851  2.0084 18.7116
  4.6714  3.0011  0.9828  2.4909 25.8747
  3.8574  0.8103  0.9946  1.0406  5.1081
  4.7596  0.8654  0.9761  0.4527  5.5438
  5.5031  4.1393  0.9937  0.6560 38.0805
  4.7201  2.6104  0.9867  2.0384 21.8371
  4.5835  2.7770  0.9980  1.8358 23.5477
  3.9696  3.7164  0.9717  0.6832 33.4791
  4.3241  1.6971  0.9715  1.0379 12.8461
  4.8897  2.7213  0.9808  2.5249 22.9742
  4.9588  0.7097  0.9842  1.2167  4.3349
  4.9275  3.9540  0.9667  1.5750 36.0553
  4.4533  2.8643  0.9903  1.5091 24.4505
  3.6698  2.8125  0.9812  2.5718 23.9142
  4.2469  3.2312  0.9676  2.0656 28.2931
  5.3542  3.2293  0.9820  1.9475 28.2728
  5.1113  1.8459  0.9680  1.3978 14.2586
  5.8853  4.3164  0.9748  1.2418 40.0266
  5.1815  1.6402  0.9809  0.3890 12.3134
  4.9582  1.6550  0.9969  2.4297 12.4518
  5.3637  3.6404  0.9898  2.6338 32.6597
  5.4037  3.4730  0.9933  1.7499 30.8638
  5.2549  2.2038  0.9950  1.0376 17.7453
  5.1830  2.0670  0.9957  0.5427 16.3990
  5.0451  3.1492  0.9764  1.8039 27.4280
  4.1223  2.7635  0.9754  2.5579 23.4084
  5.2191  4.1577  0.9769  0.7080 38.2812
  5.4523  2.2725  0.9978  1.6192 18.4278
  4.0017  4.4476  0.9879  1.6894 41.4768
  5.2075  0.8139  0.9716  1.3464  5.1364
  4.9224  3.2124  0.9733  2.4225 28.0950
  5.7616  3.3043  0.9836  0.6672 29.0672
  5.7117  2.0252  0.9819  2.5262 15.9907
  5.0618  1.4273  0.9832  1.9858 10.3545
  4.1026  2.4648  0.9896  0.1798 20.3579
  5.1728  0.8755  0.9851  0.7308  5.6241
  4.1673  2.1481  0.9886  1.0185 17.1955
  6.2531  1.6714  0.9878  0.1712 12.6050
  4.4709  0.7446  0.9980  1.0366  4.5993
  3.8235  4.0269  0.9913  1.6991 36.8503
  4.6230  4.3071  0.9861  0.7008 39.9245
  5.1250  1.5299  0.9807  2.1941 11.2911
  5.8299  3.1892  0.9799  0.4874 27.8500
  5.1773  3.2829  0.9697  1.0094 28.8408
  5.0867  2.1128  0.9980  1.6895 16.8475
  6.4888  3.8313  0.9821  0.5483 34.7216
  5.9867  2.9830  0.9738  0.2210 25.6852
  4.1619  3.6829  0.9701  0.3148 33.1177
  5.1776  2.1175  0.9946  1.0503 16.8944
  5.5611  3.8466  0.9686  0.1166 34.8876
  5.3272  4.3201  0.9734  1.0698 40.0683
  5.5633  3.3878  0.9907  0.3805 29.9546
  4.5355  3.9332  0.9972  0.6653 35.8290
  5.6518  2.2181  0.9723  1.5874 17.8878
  5.0614  2.0868  0.9904  2.3305 16.5927
  4.9080  1.9412  0.9832  1.5861 15.1753
  5.5139  2.8301  0.9757  1.4408 24.0964
  5.1392  3.1467  0.9973  0.6002 27.4016
  6.3673  0.7446  0.9857  0.3827  4.5996
  4.4121  3.2712  0.9886  0.6712 28.7165
  5.0885  0.6633  0.9913  0.5463  3.9877
  4.9701  1.8424  0.9932  1.3715 14.2250
  5.2901  3.5856  0.9980  1.2245 32.0699
  5.7420  4.0046  0.9719  1.1390 36.6064
  5.9180  0.4146  0.9980  0.2533  2.2558
  5.2374  2.0693  0.9699  1.1156 16.4210
  4.5530  3.3603  0.9980  1.6639 29.6621
  4.8385  2.1217  0.9711  1.7481 16.9353
  5.0435  3.9160  0.9805  1.0719 35.6412
  3.8565  2.6030  0.9698  1.0171 21.7619
  5.6613  3.6958  0.9740  2.4332 33.2569
  5.4104  1.7977  0.9671  0.3987 13.7978
  5.2283  1.4260  0.9702  1.9412 10.3434
  5.4144  2.4826  0.9862  1.1850 20.5385
  4.9415  3.0355  0.9742  1.0025 26.2346
  5.2982  1.1397  0.9738  1.2854  7.8176
  5.2738  1.5231  0.9864  0.2719 11.2282
  3.9434  3.5276  0.9670  1.7470 31.4479
  4.6608  2.5055  0.9752  1.2578 20.7702
  6.0866  1.0866  0.9780  1.0540  7.3647
  5.1034  3.1961  0.9703  0.8429 27.9225
  3.7050  1.8985  0.9822  0.5140 14.7631
  6.4586  3.2640  0.9963  0.4170 28.6406
  4.9283  1.7206  0.9852  0.8896 13.0672
  5.0053  3.8240  0.9930  1.8857 34.6422
  4.1194  2.6955  0.9671  0.4250 22.7085
  4.5040  2.9620  0.9854  0.7753 25.4666
  6.2533  2.8602  0.9685  0.5122 24.4079
  4.3196  3.7896  0.9784  1.3650 34.2704
  4.8324  2.9753  0.9980  0.3631 25.6055
  4.7607  3.0982  0.9929  1.9758 26.8915
  6.2121  2.8241  0.9943  1.2384 24.0347
  4.4974  1.3261  0.9980  0.8920  9.4468
  5.6486  4.0160  0.9868  1.5159 36.7309
  5.6288  2.7410  0.9938  0.4183 23.1769
  5.4542  2.4649  0.9919  0.7020 20.3590
  5.2959  4.1536  0.9853  0.3124 38.2368
  4.6119  0.9146  0.9870  0.7890  5.9387
  5.3487  1.2515  0.9669  2.3469  8.7871
  5.2171  3.5458  0.9944  1.8732 31.6435
  4.7913  3.9731  0.9797  0.8251 36.2632
  4.9637  2.2060  0.9795  2.4471 17.7677
  4.7357  1.4145  0.9703  1.4590 10.2391
  4.6741  3.4569  0.9769  0.2692 30.6918
  5.9568  1.8505  0.9715  0.3852 14.3027
  5.9254  2.1497  0.9680  1.3763 17.2114
  5.6108  3.9041  0.9749  2.3713 35.5122
  5.6791  3.7389  0.9679  1.9190 33.7218
  5.0885  3.1499  0.9738  0.6362 27.4357
  5.4037  3.0380  0.9969  1.2895 26.2609
  5.8487  4.2782  0.9694  1.2988 39.6066
  4.2608  3.3043  0.9763  2.3669 29.0680
  5.0921  2.1310  0.9934  0.9143 17.0272
  5.5601  2.7475  0.9931  0.6956 23.2434
  6.9687  2.3168  0.8555  1.4966 18.8702
  5.0895  2.3153  0.9822  1.3385 18.8550
  4.7880  2.6666  0.9881  0.2493 22.4126
  4.7741  2.0737  0.9752  0.0737 16.4638
  4.6700  4.2356  0.9688  0.2439 39.1375
  5.4408  4.0618  0.9942  1.9813 37.2316
  4.8277  2.8445  0.9822  0.8488 24.2454
  4.0001  3.9219  0.9958  1.1771 35.7060
  5.1922  1.9617  0.9824  1.5109 15.3734
  5.2176  1.6719  0.9979  1.6959 12.6096
  4.9163  3.3942  0.9955  0.3810 30.0235
  4.9076  1.6420  0.9806  2.7097 12.3301
  4.8623  2.6981  0.9768  2.7612 22.7352
  5.9221  2.2279  0.9741  0.3255 17.9851
  4.2071  2.8864  0.9955  1.7688 24.6804
  4.7751  1.0849  0.9935  0.5042  7.3501
  4.6746  1.3015  0.9676  2.5694  9.2279
  5.6873  2.2733  0.9965  1.6595 18.4364
  5.2306  3.4311  0.9870  1.4478 30.4164
  4.6031  3.4004  0.9892  1.9807 30.0889
  4.8860  2.7305  0.9954  1.2197 23.0682
  4.5617  1.5120  0.9788  1.0367 11.1269
  4.3665  0.7358  0.9686  1.4324  4.5323
  5.1966  3.3909  0.9788  1.4639 29.9879
  4.4841  2.2613  0.9910  1.3741 18.3168
  4.5467  3.9122  0.9968  1.2264 35.6003
  4.5938  3.0247  0.9688  1.7011 26.1213
  5.1487  1.1402  0.9973  1.3203  7.8212
  5.2500  3.5775  0.9766  2.4965 31.9828
  5.0261  1.5177  0.9674  0.9496 11.1786
  4.5023  3.0704  0.9831  0.5997 26.6000
  5.2830  2.0392  0.9716  1.2625 16.1274
  5.2572  4.4708  0.9848  1.4101 41.7332
  4.5200  2.2233  0.9881  1.0439 17.9387
  3.7051  2.3528  0.9755  0.1498 19.2312
  5.1332  1.2642  0.9898  1.7625  8.8986
  3.9958  1.1132  0.9865  1.6894  7.5904
  5.0382  2.8351  0.9742  1.4502 24.1484
  4.4601  3.7950  0.9673  0.2402 34.3282
  5.7084  4.3834  0.9824  1.7197 40.7662
  5.2720  1.3080  0.9881  0.0195  9.2855
  6.5035  2.1212  0.7624  2.7225 16.9308
  6.8099  2.4448  0.5116  2.1108 20.1565
  5.0871  2.4471  0.9897  0.2444 20.1796
  6.8085  3.0453  0.9976  1.9793 26.3376
  5.0716  3.2311  0.9868  0.8240 28.2924
  5.4058  1.9476  0.9887  0.5170 15.2372
  5.4340  2.7919  0.9865  1.1127 23.7014
  5.5794  3.2881  0.9681  2.0288 28.8959
  5.7717  1.5259  0.9980  1.3444 11.2542
  5.2507  3.9025  0.9855  1.1055 35.4946
  4.7849  1.8471  0.9913  0.5795 14.2697
  4.9141  1.5544  0.9976  2.0514 11.5163
  5.4623  3.7612  0.9899  0.6732 33.9629
  4.7726  2.2227  0.9842  2.0874 17.9336
  5.3892  2.5831  0.9842  1.5274 21.5593
  5.5230  0.5297  0.9714  1.9963  3.0290
  5.9509  2.6187  0.9755  0.7617 21.9224
  4.4753  0.6644  0.9920  2.4162  3.9958
  5.7038  2.7482  0.9884  0.5533 23.2509
  4.6806  3.6311  0.9770  0.6223 32.5593
  6.0923  1.0382  0.9774  0.9893  6.9568
  4.9406  3.4259  0.9859  1.2122 30.3608
  5.6000  1.6237  0.9794  1.2023 12.1594
  4.4260  4.3877  0.9980  0.2465 40.8143
  4.4240  2.9606  0.9838  0.1718 25.4524
  4.9155  2.5539  0.9826  1.2517 21.2614
  6.9917  1.3663  0.9126  0.7217  9.8050
  5.0438  3.2849  0.9737  0.3144 28.8622
  4.4272  3.2172  0.9972  2.0683 28.1450
  5.0225  2.4850  0.9789  0.5114 20.5626
  4.7752  2.5217  0.9921  1.8155 20.9345
  4.2079  4.2653  0.9706  0.7621 39.4638
  5.4125  2.5800  0.9980  1.7913 21.5280
  5.2228  1.0784  0.9843  2.5198  7.2953
  5.2457  2.9438  0.9931  1.1057 25.2771
  4.3332  2.0837  0.9708  1.6151 16.5625
  3.9532  3.6876  0.9969  1.6134 33.1683
  5.0946  4.2605  0.9702  1.5180 39.4116
  5.4710  3.2864  0.9809  2.5587 28.8779
  4.6913  2.1252  0.9851  1.7721 16.9694
  5.4070  3.0616  0.9930  1.8792 26.5081
  5.2951  3.6377  0.9893  1.2418 32.6308
  4.3969  4.3842  0.9814  1.5299 40.7752
  4.7898  2.3213  0.9964  0.9107 18.9156
  5.0705  3.9528  0.9884  0.5254 36.0419
  5.3196  3.5034  0.9699  1.6545 31.1888
  4.3248  3.8270  0.9883  1.0771 34.6754
  5.2268  4.1449  0.9748  1.4442 38.1412
  4.4145  1.9796  0.9951  2.0735 15.5468
  4.0492  2.6841  0.9980  0.6126 22.5915
  4.8719  1.3350  0.9951  0.6245  9.5260
  4.0043  3.4379  0.9804  0.8071 30.4888
  6.4099  1.5792  0.9425  0.3728 11.7461
  6.9652  2.7931  0.4268  2.7813 23.7138
  4.4331  0.6572  0.9746  0.9871  3.9429
  5.1484  2.4651  0.9876  1.5172 20.3612
  5.8798  3.7565  0.9808  1.7379 33.9122
  4.9026  4.0070  0.9801  1.6873 36.6330
  5.4593  1.4091  0.9713  0.1943 10.1903
  4.8201  1.8619  0.9731  1.2560 14.4111
  4.8407  3.4822  0.9760  0.8368 30.9624
  5.2731  1.1168  0.9846  1.8699  7.6211
  4.7063  2.0103  0.9980  2.2662 15.8449
  6.1163  1.0199  0.9917  1.3594  6.8045
  5.9044  2.1451  0.9876  2.0528 17.1659
  5.7270  1.9271  0.9814  1.7244 15.0385
  6.0635  1.6076  0.9869  3.0372 12.0095
  4.4843  2.8684  0.9811  1.8213 24.4933
  5.0627  1.2509  0.9922  0.7960  8.7817
  4.0440  3.0373  0.9917  2.6591 26.2536
  6.2252  1.5866  0.9687  1.9355 11.8144
  4.7655  2.5395  0.9971  1.3536 21.1152
  4.9840  3.4453  0.9938  0.8335 30.5675
  5.6954  2.0975  0.9774  1.8707 16.6979
  4.3190  4.0145  0.9809  1.5492 36.7149
  6.9642  3.0837  0.3738  1.4287 26.7401
  5.0983  4.4918  0.9703  0.5188 41.9664
  5.4293  3.4974  0.9808  1.8118 31.1250
  5.3605  3.3114  0.9909  2.6197 29.1432
  4.3525  2.8551  0.9818  0.7578 24.3556
  5.4299  3.6607  0.9742  1.3272 32.8783
  4.7521  1.7755  0.9785  1.5304 13.5875
  5.1105  1.4272  0.9726  1.2006 10.3537
  6.6206  3.7599  0.6750  2.9672 33.9485
  5.0288  2.6698  0.9928  0.8705 22.4455
  6.8981  3.2446  0.6200  0.8443 28.4346
  5.4669  2.3490  0.9979  0.5881 19.1930
  5.9358  2.9574  0.9805  0.3156 25.4185
  5.0430  0.7482  0.9789  1.9656  4.6274
  4.7848  2.9885  0.9925  0.5713 25.7435
  5.1532  1.7521  0.9980  2.0791 13.3652
  4.5427  2.8893  0.9859  0.5416 24.7098
  4.8265  4.2744  0.9719  0.8667 39.5639
  5.6797  2.5696  0.9689  0.5500 21.4218
  4.8479  1.6736  0.9823  1.5114 12.6261
  5.5101  2.6725  0.9757  2.3570 22.4725
  5.1383  3.0385  0.9888  1.8499 26.2656
  6.2060  3.5104  0.9943  1.2536 31.2634
  4.8338  1.5532  0.9844  0.3859 11.5057
  4.9315  2.0483  0.9795  1.3098 16.2159
  5.6308  2.6073  0.9874  1.3900 21.8058
  5.2929  2.2032  0.9758  1.6704 17.7394
  3.9108  2.7156  0.9700  1.7108 22.9156
  5.0024  1.0307  0.9736  2.4491  6.8945
  3.7147  1.6402  0.9873  1.2004 12.3127
  4.8394  3.4657  0.9786  1.2217 30.7857
  5.0314  3.8469  0.9886  0.8940 34.8913
  4.1237  3.3167  0.9948  1.4886 29.1987
  4.0367  2.8850  0.9777  1.3557 24.6655
  4.7061  2.9644  0.9840  0.6430 25.4917
  4.8841  3.5233  0.9976  2.2271 31.4025
  5.4628  2.0651  0.9683  1.4861 16.3797
  5.2862  1.2946  0.9947  1.9910  9.1672
  4.3417  1.2084  0.9712  0.5633  8.4103
  5.3864  0.5992  0.9980  1.5661  3.5199
  5.4293  3.9952  0.9856  1.0609 36.5041
  4.9165  2.5471  0.9676  2.0109 21.1922
  5.6890  2.5697  0.9675  1.0689 21.4228
  4.1168  2.7721  0.9970  1.7861 23.4973
  5.6094  3.3250  0.9977  1.6265 29.2876
  4.9430  1.4488  0.9864  1.8906 10.5497
  4.1650  3.7119  0.9681  1.7033 33.4298
  5.6858  4.0406  0.9781  0.6512 36.9996
  5.4605  1.2791  0.9934  2.1523  9.0304
  5.2685  2.1560  0.9723  2.6062 17.2737
  5.1821  2.4911  0.9797  0.4841 20.6249
  5.3994  1.4780  0.9919  1.1775 10.8156
  6.2378  3.4589  0.9903  0.6940 30.7130
  5.5325  3.4043  0.9884  0.2420 30.1304
  4.4143  3.0759  0.9772  2.7109 26.6574
  5.2005  1.8519  0.9890  0.5650 14.3158
  5.5809  3.1835  0.9713  1.4338 27.7892
  4.7440  2.5341  0.9847  1.0871 21.0607
  4.2788  1.4909  0.9757  0.9221 10.9331
  5.4725  0.5471  0.9831  1.3208  3.1500
  4.6164  3.0088  0.9839  0.8557 25.9554
  4.8417  2.4602  0.9853  0.2131 20.3113
  5.6409  3.4330  0.9699  2.3081 30.4363
  5.2069  3.0553  0.9980  2.0804 26.4423
  5.8632  4.3214  0.9906  2.0000 40.0821
  5.2953  3.2721  0.9955  2.3330 28.7264
  5.3809  1.4962  0.9717  0.4942 10.9822
  5.1916  1.1618  0.9967  0.4538  8.0073
  5.4406  2.4106  0.9931  0.8065 19.8118
  5.0295  1.5357  0.9718  1.3212 11.3440
  5.2892  3.9566  0.9671  0.7364 36.0839
  4.6373  2.8478  0.9698  0.1246 24.2799
  4.7699  1.4828  0.9740  2.2549 10.8590
  5.3941  3.3989  0.9700  1.6877 30.0730
  4.8948  4.2253  0.9940  1.3654 39.0235
  4.7819  3.8946  0.9970  2.5195 35.4087
  4.9552  1.0695  0.9945  0.2170  7.2203
  4.8138  1.7307  0.9787  2.2926 13.1626
  4.8603  3.2042  0.9741  0.2828 28.0084
  4.9490  2.3318  0.9881  1.5338 19.0201
  4.7622  2.5506  0.9693  0.4839 21.2280
  5.1601  0.4378  0.9845  0.3799  2.4075
  4.2519  2.4411  0.9980  0.6705 20.1194
  4.1814  3.0207  0.9691  0.8390 26.0796
  5.2484  3.5402  0.9980  1.6169 31.5831
  4.0738  1.6542  0.9864  1.2027 12.4443
  4.8769  3.4871  0.9677  1.3141 31.0147
  4.7081  2.6574  0.9971  0.9495 22.3179
  5.1253  1.9617  0.9968  0.6437 15.3737
  5.2256  0.6516  0.9751  2.0594  3.9014
  5.2717  2.0698  0.9800  0.6196 16.4263
  5.1976  0.8512  0.9808  1.0985  5.4310
  5.9624  4.1490  0.9934  0.9716 38.1863
  5.3744  3.8813  0.9949  2.0780 35.2648
  5.5101  3.8334  0.9843  2.1126 34.7442
  3.5562  4.2781  0.9741  1.1453 39.6045
  5.5083  0.3070  0.9972  0.5999  1.5835
  6.0600  1.8856  0.9837  1.7482 14.6388
  4.5060  0.6110  0.9853  0.1865  3.6050
  5.1209  2.0425  0.9676  1.8947 16.1591
  4.6418  3.2637  0.9822  1.1948 28.6371
  3.8582  3.7590  0.9678  0.7866 33.9388
  6.3966  1.9657  0.9706  2.7866 15.4126
  4.4062  3.2328  0.9864  0.9642 28.3098
  4.3483  0.4046  0.9842  1.9619  2.1913
  5.1968  2.6448  0.9673  2.4052 22.1888
  6.0566  2.5248  0.9964  0.1161 20.9664
  4.9776  3.2124  0.9899  2.1352 28.0943
  4.4756  3.4977  0.9672  2.0248 31.1278
  5.0097  2.7525  0.9700  0.3534 23.2955
  6.4374  2.9030  0.9163  0.9633 24.8524
  6.1184  3.8069  0.9980  0.6712 34.4571
  5.0785  3.1738  0.9945  1.0583 27.6875
  5.3603  4.2420  0.9695  0.8740 39.2075
  4.2666  3.4202  0.9678  0.5711 30.3001
  5.1101  3.4248  0.9785  0.9946 30.3497
  5.2062  3.1256  0.9870  0.7688 27.1802
  5.1455  3.3921  0.9872  2.6238 30.0007
  5.2600  2.4071  0.9775  1.5668 19.7760
  4.0516  1.2090  0.9679  1.6493  8.4154
  4.4577  2.2906  0.9905  0.5594 18.6083
  6.2416  1.6253  0.9697  0.1303 12.1740
  5.1351  0.5746  0.9980  0.8385  3.3441
  4.9725  3.6634  0.9925  0.3561 32.9069
  4.4915  3.6377  0.9929  0.8636 32.6304
  4.9640  3.4227  0.9669  1.0386 30.3273
  5.6411  3.6482  0.9910  1.7950 32.7436
  4.5226  3.6968  0.9734  0.7358 33.2673
  4.7937  3.8710  0.9817  1.5046 35.1522
  5.5441  2.2648  0.9724  1.2476 18.3518
  4.8030  0.9304  0.9763  0.6577  6.0674
  4.5795  2.9669  0.9676  1.8341 25.5179
  5.4880  4.2106  0.9830  0.4612 38.8622
  4.9632  3.4565  0.9771  0.8991 30.6878
  5.0570  3.6654  0.9723  0.5999 32.9287
  5.4076  3.3528  0.9890  0.4136 29.5829
  3.9014  1.5922  0.9980  2.4116 11.8666
  6.1943  2.0440  0.9888  1.5604 16.1743
  4.8730  1.4425  0.9980  0.6050 10.4924
  5.0955  2.7875  0.9691  0.9722 23.6559
  4.7033  2.8765  0.9792  2.5291 24.5768
  5.0999  2.8531  0.9669  0.8426 24.3350
  4.7939  4.1942  0.9980  1.6602 38.6819
  4.8650  3.5866  0.9735  1.2984 32.0808
  4.4930  4.2024  0.9923  1.3465 38.7727
  6.2295  2.6806  0.9772  2.1381 22.5562
  3.6463  2.2485  0.9671  0.1563 18.1898
  5.5328  2.6686  0.9743  1.1185 22.4325
  5.7983  2.7916  0.9842  2.0554 23.6985
  3.7225  3.2123  0.9865  2.2642 28.0936
  4.5540  2.5798  0.9945  1.2270 21.5252
  5.5639  1.8802  0.9980  1.1680 14.5874
  4.6577  4.0774  0.9969  1.5475 37.4023
  6.9856  2.9640  0.6889  3.0457 25.4877
  4.4942  2.0877  0.9695  0.4363 16.6017
  5.7705  2.6208  0.9714  1.9928 21.9438
  4.8758  3.4194  0.9856  1.0437 30.2920
  5.3648  2.8574  0.9733  1.6264 24.3792
  5.2720  2.3421  0.9948  1.8619 19.1237
  3.8131  1.4535  0.9821  1.3933 10.5929
  3.8418  0.9514  0.9980  2.2774  6.2384
  5.1777  3.5946  0.9866  0.6485 32.1670
  5.2993  0.8744  0.9781  1.3264  5.6151
  6.2066  3.2555  0.9953  1.6226 28.5508
  4.9883  3.6330  0.9690  1.1996 32.5803
  4.0891  4.2759  0.9899  2.7199 39.5812
  6.4446  4.0642  0.9923  1.3325 37.2583
  5.7151  2.9127  0.9939  1.0068 24.9533
  6.4755  2.7680  0.9167  1.1652 23.4544
  5.4787  2.8856  0.9785  0.7381 24.6713
  5.4771  3.8330  0.9696  0.6131 34.7401
  4.8889  2.7859  0.9922  1.8942 23.6395
  4.8222  4.2834  0.9840  0.6087 39.6630
  4.5925  4.1138  0.9937  0.7667 37.8006
  5.2437  0.6568  0.9980  1.0814  3.9394
  4.7869  0.6159  0.9678  1.1397  3.6403
  5.1886  3.7777  0.9780  1.1464 34.1409
  5.1019  2.1803  0.9924  1.0283 17.5133
  5.4162  3.4219  0.9821  2.3628 30.3181
  6.2763  3.2721  0.9864  1.4995 28.7263
  5.5755  1.2731  0.9757  1.8309  8.9771
  4.9826  2.6801  0.9814  0.9340 22.5510
  5.2420  0.7710  0.9866  2.0713  4.8024
  5.4277  3.2888  0.9887  1.3492 28.9030
  5.2902  1.4727  0.9856  1.0131 10.7672
  5.2358  3.2703  0.9922  1.3298 28.7067
  4.8741  0.6332  0.9980  1.0496  3.7668
  4.1962  3.1758  0.9802  1.9892 27.7090
  5.1225  2.4439  0.9678  2.1593 20.1476
  4.7930  1.1517  0.9980  1.0451  7.9201
  4.1665  4.1067  0.9835  1.5928 37.7230
  4.6778  1.7353  0.9749  1.1167 13.2065
  5.2696  2.3521  0.9922  1.4771 19.2236
  5.4138  3.1920  0.9692  2.8390 27.8794
  4.8202  2.8751  0.9846  0.8293 24.5623
  4.9734  3.9822  0.9980  0.1072 36.3625
  4.7869  1.9316  0.9980  2.0197 15.0820
  3.9822  3.8659  0.9797  0.1963 35.0969
  5.1889  1.1303  0.9858  2.7967  7.7369
  4.4295  4.4989  0.9980  1.5025 42.0445
  5.0393  1.9139  0.9846  0.6476 14.9116
  5.6245  2.6495  0.9729  1.9829 22.2377
  5.3838  2.8545  0.9924  2.1239 24.3495
  4.7075  3.9479  0.9790  0.5178 35.9888
  5.6617  2.5705  0.9922  0.3385 21.4312
  5.1545  1.6195  0.9869  1.0203 12.1199
  5.4765  2.2436  0.9839  0.8937 18.1409
  5.5872  4.4254  0.9866  2.0868 41.2304
  5.7878  3.1705  0.9881  1.6345 27.6524
  5.1886  1.3453  0.9881  0.7038  9.6175
  5.1221  3.6935  0.9980  1.7046 33.2311
  6.2296  3.3729  0.9780  0.5393 29.7960
  5.2564  4.1666  0.9887  0.5713 38.3797
  4.5416  2.4974  0.9780  0.2676 20.6884
  5.2667  4.1974  0.9858  0.9197 38.7175
  5.4179  3.1453  0.9756  1.3933 27.3875
  6.4144  3.4824  0.8531  1.6595 30.9648
  4.7176  0.3235  0.9960  2.4017  1.6835
  5.3558  3.9012  0.9744  1.7566 35.4806
  6.4833  2.3055  0.9175  0.3895 18.7575
  6.0334  3.9052  0.9727  0.9954 35.5238
  4.8001  3.4493  0.9735  2.0172 30.6107
  5.1754  2.0733  0.9971  2.1065 16.4600
  4.9779  1.1023  0.9845  0.5830  7.4982
  5.9223  3.6220  0.9803  1.7214 32.4615
  5.3403  4.2949  0.9693  0.4441 39.7897
  5.2728  4.3900  0.9896  1.3764 40.8388
  5.0357  2.4624  0.9980  2.4086 20.3341
  5.0790  2.0119  0.9911  0.8281 15.8612
  4.9394  2.9994  0.9755  0.4683 25.8567
  4.6360  1.2874  0.9809  1.1626  9.1033
  5.1876  2.4800  0.9906  0.6301 20.5116
  5.1086  2.9028  0.9913  0.9657 24.8504
  4.0681  1.5781  0.9885  2.3913 11.7356
  5.5842  2.9115  0.9953  1.0153 24.9412
  3.7109  3.2590  0.9901  0.3717 28.5872
  5.0827  1.5023  0.9824  1.6690 11.0374
  5.8027  2.6795  0.9804  2.2097 22.5449
  5.2183  1.8795  0.9955  0.8855 14.5809
  4.0636  3.6603  0.9784  0.1506 32.8738
  5.1069  1.8051  0.9851  1.0444 13.8684
  4.9474  0.5998  0.9673  2.4741  3.5246
  5.7199  3.3476  0.9779  2.3287 29.5275
  6.6332  3.2657  0.6954  1.5289 28.6588
  4.8510  1.7542  0.9873  0.7380 13.3848
  6.2015  2.1635  0.9927  1.5991 17.3477
  4.4984  1.3354  0.9773  0.7504  9.5289
  5.4944  4.3722  0.9744  0.3931 40.6429
  4.6082  2.8116  0.9907  0.1459 23.9053
  4.9026  1.9334  0.9875  1.5969 15.0995
  5.5619  4.2841  0.9872  0.6476 39.6713
  4.7725  4.4114  0.9980  2.1773 41.0757
  5.0573  2.9914  0.9684  2.2390 25.7738
  4.2553  2.5893  0.9672  1.7808 21.6224
  3.8621  3.1806  0.9686  1.9657 27.7591
  5.0414  2.0597  0.9980  0.3264 16.3269
  5.6294  2.4213  0.9938  0.9813 19.9193
  5.9729  1.5971  0.9731  1.4557 11.9123
  5.4003  1.8885  0.9976  1.7452 14.6671
  5.2875  4.4716  0.9694  2.4150 41.7416
  4.9575  3.8357  0.9907  1.2634 34.7692
  4.2243  4.4602  0.9705  0.7495 41.6157
  5.1690  3.5382  0.9887  0.6593 31.5619
  5.2794  1.9836  0.9741  0.3435 15.5853
  5.3144  3.9027  0.9800  0.3042 35.4970
  5.1290  3.7173  0.9741  1.7238 33.4887
  4.7519  1.2653  0.9980  1.2314  8.9081
  4.5887  2.6299  0.9766  0.5415 22.0367
  5.0367  4.2636  0.9980  0.9170 39.4452
  5.4015  0.9427  0.9980  2.7244  6.1674
  3.8002  4.4934  0.9940  1.6322 41.9834
  4.7340  0.6777  0.9934  1.8025  4.0945
  4.5670  3.0823  0.9673  1.4546 26.7252
  6.3910  3.4571  0.9915  0.7719 30.6937
  5.2963  1.4691  0.9704  1.1787 10.7341
  5.1492  2.0416  0.9868  1.8814 16.1505
