  6.0465  4.2032  0.9917  0.9624 38.7811
  6.1165  4.4891  0.9965  0.6687 41.9364
  4.5955  3.8687  0.9876  2.0027 35.1274
  5.8238  3.8747  0.9669  0.8863 35.1930
  5.3137  3.6323  0.9973  1.5655 32.5719
  4.4753  3.6176  0.9806  1.0915 32.4146
  5.2864  2.6945  0.9784  0.4869 22.6983
  5.3628  3.0103  0.9785  2.1737 25.9707
  4.4686  4.1191  0.9799  0.7307 37.8584
  5.6909  3.7202  0.9848  0.7698 33.5194
  4.5224  2.1611  0.9973  1.3009 17.3231
  5.6322  1.3465  0.9668  2.2524  9.6279
  5.0486  2.2047  0.9905  2.8942 17.7545
  5.7321  3.9669  0.9764  2.0462 36.1960
  5.2669  4.0274  0.9980  0.2572 36.8557
  5.8413  3.3051  0.9888  2.2227 29.0762
  5.3507  4.3367  0.9739  1.2313 40.2512
  4.4919  3.2793  0.9928  2.4597 28.8020
  5.1219  2.8058  0.9894  0.4301 23.8452
  5.2444  1.8709  0.9741  2.5684 14.4977
  4.9090  1.6181  0.9748  0.5244 12.1067
  4.9058  1.3690  0.9934  0.9175  9.8293
  5.3360  3.8920  0.9965  2.5023 35.3804
  4.9257  3.4443  0.9968  1.9716 30.5578
  4.0794  3.2463  0.9722  0.5986 28.4526
  6.9489  2.9443  0.6955  2.0457 25.2824
  5.2123  0.9300  0.9716  0.2117  6.0642
  3.7112  1.0324  0.9723  1.6091  6.9082
  5.5544  0.9981  0.9713  0.6017  6.6234
  5.1626  1.6783  0.9916  2.3751 12.6697
  4.9231  3.7278  0.9952  1.1235 33.6014
  5.6068  0.5214  0.9956  1.8687  2.9713
  5.2447  3.1600  0.9737  1.2418 27.5415
  4.8341  2.6343  0.9693  1.9963 22.0814
  5.3046  2.1135  0.9886  0.1645 16.8548
  6.4252  2.9940  0.9157  1.7904 25.8011
  6.1546  2.2135  0.9955  0.4840 17.8422
  4.4114  4.0004  0.9912  1.0902 36.5613
  4.7941  3.6694  0.9740  1.5381 32.9713
  5.3933  4.2562  0.9965  1.3773 39.3640
  6.0787  2.7559  0.9824  1.3738 23.3296
  5.7913  2.5458  0.9748  1.9045 21.1791
  5.5523  2.4781  0.9731  2.1875 20.4924
  4.3122  3.3597  0.9699  0.9986 29.6560
  6.3384  0.4357  0.9774  1.6171  2.3934
  4.5388  3.4169  0.9668  1.9321 30.2653
  5.2207  2.7924  0.9925  1.4240 23.7065
  3.8457  1.9256  0.9716  1.9832 15.0245
  4.5196  4.1000  0.9707  1.3470 37.6499
  5.2152  4.2827  0.9925  2.4088 39.6552
  5.6752  3.3742  0.9946  1.7772 29.8104
  3.8526  2.9561  0.9744  1.7607 25.4048
  4.7643  1.5935  0.9689  1.2325 11.8787
  5.0782  1.1092  0.9975  1.2062  7.5563
  5.5047  2.0073  0.9826  2.4052 15.8164
  6.0067  3.1868  0.9980  0.4866 27.8250
  4.9774  3.7250  0.9980  0.3022 33.5717
  5.1547  4.0373  0.9866  1.6654 36.9638
  4.8082  2.1925  0.9980  1.2430 17.6339
  5.3282  1.0034  0.9928  0.6962  6.6667
  5.3919  3.1471  0.9898  0.9932 27.4063
  4.6707  4.2248  0.9696  1.7251 39.0181
  4.6485  2.0753  0.9980  0.9533 16.4798
  4.9122  2.2218  0.9695  2.0612 17.9247
  6.0087  2.3125  0.9872  0.2265 18.8275
  5.2948  1.2418  0.9915  0.5960  8.7022
  5.2341  0.5324  0.9748  1.0441  3.0475
  4.8923  4.1284  0.9851  2.2363 37.9604
  6.8091  2.2885  0.5385  1.7950 18.5875
  5.7037  3.9340  0.9743  1.1136 35.8378
  4.9783  1.6922  0.9926  0.5118 12.8002
  4.3168  3.0717  0.9717  3.0313 26.6134
  4.9994  2.1846  0.9904  3.0205 17.5554
  5.6306  2.8305  0.9834  2.2937 24.1006
  4.9610  3.6755  0.9857  2.3075 33.0375
  5.3136  1.5228  0.9837  1.0743 11.2255
  5.5285  3.1835  0.9932  1.2682 27.7896
  5.4283  1.7868  0.9689  0.9212 13.6944
  5.4909  1.6069  0.9727  1.6591 12.0030
  4.3354  1.2548  0.9740  1.7806  8.8158
  5.4891  2.3898  0.9669  1.5135 19.6024
  4.2718  3.2822  0.9860  0.3015 28.8329
  3.7773  1.2205  0.9851  1.1226  8.5156
  4.7095  4.1528  0.9797  0.9154 38.2280
  5.5368  3.5717  0.9860  0.3666 31.9207
  4.2447  3.9501  0.9877  2.1092 36.0123
  4.3680  2.8081  0.9967  1.5167 23.8684
  5.3770  2.4625  0.9929  0.7777 20.3352
  4.9493  2.1331  0.9884  0.5678 17.0479
  5.3597  3.2976  0.9946  1.7766 28.9965
  5.8089  2.7214  0.9817  2.6253 22.9755
  5.3055  2.3513  0.9928  2.2085 19.2160
  5.4907  1.2992  0.9667  0.6043  9.2075
  5.3818  1.8663  0.9980  1.0395 14.4537
  4.7072  3.7149  0.9781  1.4931 33.4629
  5.4575  3.8799  0.9705  2.4479 35.2496
  4.9921  2.1225  0.9735  1.6553 16.9430
  4.7565  3.8221  0.9739  0.3379 34.6221
  3.6267  4.4983  0.9817  1.8695 42.0383
  5.3422  2.6147  0.9777  2.5930 21.8815
  5.2687  2.7736  0.9714  1.5622 23.5122
  4.4564  3.6032  0.9696  1.3558 32.2590
  4.8724  3.2930  0.9909  1.5225 28.9479
  5.8140  3.2404  0.9693  2.4217 28.3909
  5.2851  0.8295  0.9776  2.0324  5.2592
  5.2198  3.9185  0.9792  2.8849 35.6687
  5.2553  2.9072  0.9969  1.5900 24.8964
  5.2849  4.1820  0.9867  0.7122 38.5485
  5.0947  2.1682  0.9936  0.2188 17.3932
  4.5907  1.0839  0.9980  2.0365  7.3419
  6.0601  2.4576  0.9808  2.3427 20.2860
  5.9804  2.9976  0.9980  0.3029 25.8378
  5.6418  1.2478  0.9668  0.7501  8.7545
  5.2444  1.6549  0.9677  1.4705 12.4510
  5.5709  1.6015  0.9735  0.1890 11.9530
  5.4411  2.1255  0.9750  0.8975 16.9731
  4.9743  2.4445  0.9674  1.3527 20.1534
  5.0514  2.7172  0.9798  0.2085 22.9323
  4.6622  4.4214  0.9734  2.3036 41.1864
  5.3391  2.7864  0.9956  1.1403 23.6450
  4.4001  1.5148  0.9980  1.1444 11.1522
  5.8792  1.1504  0.9773  1.6966  7.9093
  5.8192  2.9486  0.9915  0.8706 25.3271
  6.6234  1.9072  0.7140  1.1632 14.8464
  4.7306  1.9753  0.9910  1.0930 15.5048
  5.3383  1.8850  0.9956  0.3198 14.6337
  4.9887  3.7566  0.9705  2.7072 33.9130
  5.3249  2.9223  0.9702  1.2029 25.0530
  5.2468  2.6472  0.9788  1.4587 22.2137
  5.1453  2.6741  0.9682  1.2092 22.4890
  3.5460  3.0594  0.9812  1.0866 26.4853
  5.2026  2.7565  0.9961  1.5504 23.3366
  3.9761  4.0441  0.9754  1.2006 37.0383
  5.8264  3.4825  0.9946  0.6187 30.9657
  4.4882  3.0584  0.9980  1.0154 26.4743
  5.2321  3.5596  0.9907  0.6460 31.7911
  5.8765  0.9021  0.9787  0.8468  5.8383
  5.7325  2.7728  0.9745  1.7602 23.5043
  5.3182  3.4014  0.9692  2.3060 30.0996
  5.4136  1.7667  0.9843  1.4962 13.5035
  5.1329  2.5908  0.9980  0.7302 21.6379
  5.1671  4.4063  0.9969  0.3872 41.0192
  4.6752  3.5358  0.9844  1.6511 31.5364
  5.4482  1.1165  0.9948  1.6570  7.6191
  5.2975  2.8134  0.9980  1.8811 23.9235
  5.2559  2.0468  0.9980  2.1168 16.2010
  5.2239  2.1420  0.9704  1.9634 17.1356
  3.8629  4.4233  0.9742  2.3069 41.2075
  4.6414  1.8948  0.9907  0.1784 14.7270
  5.0599  2.0609  0.9897  1.8797 16.3393
  5.5959  3.8431  0.9764  1.3387 34.8494
  5.2900  4.3386  0.9946  1.0718 40.2715
  5.4471  0.8529  0.9745  0.9889  5.4445
  5.2721  3.3645  0.9726  2.0208 29.7071
  5.3654  0.7700  0.9754  1.1940  4.7950
  4.5193  1.7154  0.9904  1.1257 13.0183
  5.5286  2.8836  0.9829  0.5257 24.6510
  5.3240  3.4753  0.9711  1.9155 30.8886
