  4.5593  3.6051  0.9932  0.9565 32.2802
  4.9436  3.0819  0.9807  0.4376 26.7210
  4.6838  3.8655  0.9980  1.6065 35.0932
  4.9203  3.2335  0.9678  2.2116 28.3173
  5.0415  1.9318  0.9832  1.7276 15.0840
  5.1045  3.0337  0.9828  1.2538 26.2162
  5.6708  1.6043  0.9907  0.1686 11.9784
  4.3190  4.1864  0.9902  2.5551 38.5965
  4.4726  3.7371  0.9828  1.4624 33.7019
  5.5951  4.6831  0.9907  1.6621 44.0921
  5.5619  3.5266  0.9756  0.6173 31.4372
  5.0415  1.8571  0.9854  1.5897 14.3659
  4.6663  4.1360  0.9906  2.0598 38.0441
  5.4924  5.2932  0.9937  1.6210 50.9461
  5.0581  2.9430  0.9888  1.5487 25.2688
  4.7601  3.2039  0.9693  2.5735 28.0050
  5.2934  6.0933  0.9794  2.0088 60.0836
  5.2721  3.2324  0.9937  1.5054 28.3060
  5.2977  4.9922  0.9947  0.4433 47.5520
  5.5248  3.0659  0.9880  2.4798 26.5532
  3.9605  3.1633  0.9866  0.1365 27.5765
  4.1510  1.0496  0.9749  1.7762  7.0524
  5.6798  2.1854  0.9680  0.8964 17.5635
  4.9128  4.3833  0.9822  1.4266 40.7651
  5.9765  2.7715  0.9980  2.5489 23.4909
  4.9332  0.8681  0.9718  1.4456  5.5651
  5.2104  0.6590  0.9980  1.4222  3.9557
  5.3851  2.4744  0.9742  2.3537 20.4558
  4.9012  4.2364  0.9671  1.2812 39.1457
  4.8951  4.6514  0.9850  0.8005 43.7392
  4.5241  1.9240  0.9974  2.6232 15.0087
  5.7561  0.7120  0.9837  1.0947  4.3518
  4.8640  4.1164  0.9788  0.9320 37.8295
  5.2808  3.6436  0.9852  0.6077 32.6941
  5.7749  4.8338  0.9939  0.6548 45.7756
  5.4204  3.7698  0.9980  2.5718 34.0554
  6.8400  2.6831  0.4578  1.3737 22.5812
  6.0489  3.9660  0.9675  2.0282 36.1858
  4.9523  4.5060  0.9963  1.4732 42.1228
  5.3381  1.5867  0.9980  3.0055 11.8159
  4.4521  2.6731  0.9677  0.5410 22.4791
  5.4177  4.5084  0.9836  1.1892 42.1504
  4.3455  5.8160  0.9878  1.7285 56.8998
  5.2677  2.9288  0.9875  1.8696 25.1213
  4.2745  4.6936  0.9929  1.3781 44.2094
  4.6932  3.2184  0.9755  1.7051 28.1583
  4.9344  3.4010  0.9691  1.3625 30.0959
  5.6878  2.1532  0.9884  1.0294 17.2451
  5.5630  1.1647  0.9889  2.3176  8.0322
  6.1070  3.9655  0.9979  2.5641 36.1802
  5.1109  5.8762  0.9862  0.7646 57.5887
  4.6113  2.6615  0.9980  2.3685 22.3604
  4.8119  4.8968  0.9750  0.8174 46.4807
  4.7343  3.3451  0.9675  0.5982 29.5005
  3.9218  3.1627  0.9744  0.9295 27.5701
  4.3514  0.5166  0.9708  0.6927  2.9383
  5.5655  0.7361  0.9942  1.0297  4.5351
  4.8593  6.3998  0.9721  1.9557 63.6220
  5.5051  0.6933  0.9793  0.3009  4.2110
  3.9466  6.3696  0.9832  1.2507 63.2731
  3.5661  2.7465  0.9803  0.8140 23.2332
  5.3088  1.9449  0.9916  0.6424 15.2104
  5.7454  2.3412  0.9964  0.7624 19.1145
  5.2521  1.5961  0.9980  1.0052 11.9030
  4.7467  4.8078  0.9733  1.5348 45.4843
  5.4864  3.5164  0.9749  1.4453 31.3278
  5.5686  2.6027  0.9733  1.5707 21.7594
  5.7982  1.6974  0.9759  0.2542 12.8492
  5.4121  0.9449  0.9917  2.1389  6.1850
  5.3815  1.7243  0.9922  2.7040 13.1022
  4.6594  4.0830  0.9910  2.4011 37.4637
  4.2852  3.8951  0.9906  0.7501 35.4145
  5.1450  1.2160  0.9919  0.4338  8.4764
  5.6397  3.5933  0.9698  2.1244 32.1527
  5.0136  0.6786  0.9889  1.4582  4.1014
  5.0751  3.2960  0.9730  2.1840 28.9796
  5.0911  1.9995  0.9773  2.4229 15.7405
  3.9172  1.2419  0.9841  0.7256  8.7030
  5.4880  3.4457  0.9971  0.3299 30.5723
  4.6423  3.0814  0.9909  0.9027 26.7153
  5.5793  2.1196  0.9712  0.5623 16.9151
  5.5167  1.0407  0.9941  1.0460  6.9781
  4.2708  4.1859  0.9980  1.5333 38.5908
  4.2682  3.7730  0.9955  1.8245 34.0900
  5.2873  1.9989  0.9877  0.7425 15.7348
  5.3528  1.6341  0.9822  0.9312 12.2567
  4.8236  1.6949  0.9875  1.5477 12.8252
  5.7256  3.0746  0.9874  2.2905 26.6446
  4.9758  4.9255  0.9908  0.5470 46.8023
  3.9821  4.2379  0.9760  0.0456 39.1628
  4.3819  3.2572  0.9924  2.3420 28.5688
  5.0976  1.9938  0.9965  1.1275 15.6852
  3.7167  1.0986  0.9680  1.8343  7.4661
  4.6542  2.0249  0.9714  1.8483 15.9879
  5.2101  2.6886  0.9814  1.1152 22.6384
  5.7123  4.5771  0.9864  1.6993 42.9121
  5.6238  1.9530  0.9941  1.3155 15.2889
  4.1319  3.9085  0.9915  1.1503 35.5604
  6.4214  2.5978  0.8760  0.7987 21.7088
  5.8635  3.0059  0.9885  1.2795 25.9245
  4.2262  4.2008  0.9980  0.5270 38.7547
  4.8522  1.2285  0.9798  2.3413  8.5855
  5.4437  3.5920  0.9942  1.2677 32.1385
  4.9751  3.9240  0.9812  2.7987 35.7291
  5.2494  2.9266  0.9865  0.3219 25.0979
  4.2171  3.5108  0.9980  1.6713 31.2681
  5.4970  3.7191  0.9892  1.0232 33.5073
  4.8339  3.5155  0.9829  0.5219 31.3190
  4.0307  4.9188  0.9806  0.3271 46.7280
  5.4947  0.6986  0.9916  1.0697  4.2508
  5.3110  2.9157  0.9855  1.2424 24.9845
  5.3345  4.2309  0.9788  1.7060 39.0852
  4.6310  0.6685  0.9671  2.0479  4.0264
  5.3062  3.3211  0.9797  1.3679 29.2461
  4.1708  5.6983  0.9852  0.7780 55.5534
  4.4736  1.2799  0.9899  0.8315  9.0373
  5.4837  5.8143  0.9808  2.0102 56.8802
  4.7468  3.7845  0.9871  0.7778 34.2143
  4.5792  1.2545  0.9674  1.6132  8.8136
  5.3074  2.6135  0.9719  1.0904 21.8691
  5.3865  2.2622  0.9768  1.3979 18.3258
  3.9638  4.9066  0.9886  0.5953 46.5903
  4.8102  2.1276  0.9685  2.0540 16.9931
  4.7758  2.1138  0.9678  1.0601 16.8574
  4.5354  6.2836  0.9953  0.5692 62.2786
  4.3686  6.1934  0.9691  1.0810 61.2376
  5.2530  0.2385  0.9803  1.0201  1.1847
  4.9877  2.6192  0.9810  0.1200 21.9275
  5.1099  5.2307  0.9726  2.3911 50.2398
  6.7129  2.7091  0.5966  0.2150 22.8489
  4.1813  2.0558  0.9935  1.2694 16.2894
  4.6069  5.3011  0.9882  1.2273 51.0355
  5.4389  1.1139  0.9980  1.2627  7.5965
  5.8990  1.9711  0.9964  1.6083 15.4643
  4.3200  2.1986  0.9980  0.5613 17.6940
  4.8647  1.9051  0.9980  1.0118 14.8266
  5.4640  1.5802  0.9672  2.7671 11.7555
  5.5684  4.0478  0.9879  0.8525 37.0781
  5.3129  2.5278  0.9890  0.5795 20.9970
  4.5932  4.2306  0.9751  0.9014 39.0828
  5.1527  2.1287  0.9932  1.3722 17.0040
  5.3816  3.1484  0.9907  1.4548 27.4195
  5.4585  1.1166  0.9929  0.8177  7.6200
  5.4391  5.0911  0.9980  0.6111 48.6643
  5.3296  2.0326  0.9914  1.7232 16.0623
  5.7965  3.0036  0.9755  0.8234 25.9008
  6.8292  5.3267  0.4022  1.5102 51.3263
  6.0124  3.0090  0.9793  0.4352 25.9572
  5.4796  2.0141  0.9675  3.0108 15.8827
  5.6114  2.6353  0.9780  2.1611 22.0921
  3.8585  4.6222  0.9804  0.4017 43.4136
  4.4201  3.1708  0.9846  1.9245 27.6561
  5.1929  3.8346  0.9683  0.4279 34.7573
  6.1787  2.3223  0.9977  2.5255 18.9250
  5.3380  1.4983  0.9835  1.0746 11.0007
  4.5294  2.5520  0.9761  2.5185 21.2430
  5.4753  5.0782  0.9752  1.9057 48.5190
  4.8587  1.8560  0.9875  0.2540 14.3552
  5.3837  0.5272  0.9874  0.5023  3.0113
  4.8188  1.5244  0.9942  0.5784 11.2406
  5.3365  4.3309  0.9898  1.8122 40.1863
  4.8550  4.4700  0.9877  0.9846 41.7239
  5.0622  5.3627  0.9704  1.4167 51.7338
  4.7549  5.1526  0.9773  2.0865 49.3575
  4.9729  1.1727  0.9814  1.3002  8.1012
  4.8824  3.9547  0.9971  2.2580 36.0628
  4.7675  1.2704  0.9899  0.3615  8.9533
  4.9194  4.4652  0.9840  1.7175 41.6712
  4.7895  5.6482  0.9739  1.1490 54.9810
  4.9048  2.2025  0.9856  2.1276 17.7327
  5.1849  2.8933  0.9841  0.9652 24.7522
  5.2160  3.5301  0.9740  1.7987 31.4753
  4.4105  0.6156  0.9812  0.7611  3.6384
  5.8259  3.0861  0.9714  0.7765 26.7653
  5.2548  2.3942  0.9722  2.2491 19.6464
  4.7746  1.1597  0.9966  1.7690  7.9892
  5.6785  5.7338  0.9921  1.8501 55.9588
  4.5989  2.3585  0.9854  1.6504 19.2877
  5.3980  3.0124  0.9980  1.3646 25.9933
  4.9052  2.0760  0.9980  1.0014 16.4871
  5.5555  4.8003  0.9930  1.3542 45.4007
  5.2499  1.3200  0.9774  0.6936  9.3925
  5.1150  2.0627  0.9772  0.1405 16.3567
  5.0475  2.1295  0.9753  1.9073 17.0124
  4.5909  1.0102  0.9718  0.3703  6.7231
  5.4980  4.2444  0.9696  1.7384 39.2336
  5.4338  3.2049  0.9821  1.8828 28.0156
  4.3575  1.2863  0.9754  1.7696  9.0932
  6.0057  3.9772  0.9932  1.0260 36.3075
  5.1628  1.3646  0.9760  1.3102  9.7901
  5.5724  4.2366  0.9795  1.4366 39.1480
  4.7954  0.7813  0.9730  1.9327  4.8826
  5.4817  3.1835  0.9946  1.2910 27.7899
  4.7430  2.6259  0.9945  0.7003 21.9962
  5.1695  3.5099  0.9977  0.9795 31.2582
  6.0726  2.3277  0.9713  0.7235 18.9791
  5.2589  2.6379  0.9777  0.5836 22.1189
  5.7518  4.9956  0.9897  1.2107 47.5898
  5.2077  4.8008  0.9736  0.1947 45.4059
  5.3340  1.4157  0.9902  1.4430 10.2498
  4.4371  3.7134  0.9818  1.5682 33.4465
  5.9045  0.9153  0.9825  2.7173  5.9445
  5.2904  1.9431  0.9844  1.9884 15.1934
  5.0637  5.1774  0.9843  1.9938 49.6378
  5.6063  2.5208  0.9822  2.0272 20.9254
  5.1006  1.3064  0.9980  1.8885  9.2718
  4.6032  2.0764  0.9980  1.1322 16.4903
  5.1179  2.7591  0.9762  2.0064 23.3629
  5.7184  3.5480  0.9949  1.9931 31.6664
  5.2980  5.2280  0.9780  0.9840 50.2088
  4.9216  1.1256  0.9980  2.2449  7.6960
  5.2415  1.9151  0.9912  2.0772 14.9226
  4.4872  2.6104  0.9694  0.8034 21.8374
  4.8238  4.3223  0.9898  2.1048 40.0922
  4.9353  5.1187  0.9841  0.2660 48.9752
  5.8655  2.7878  0.9875  1.5377 23.6594
  6.1973  1.9073  0.9975  1.5695 14.8478
  4.8739  3.7627  0.9980  0.1560 33.9790
  5.3012  0.9365  0.9683  1.9097  6.1172
  5.2865  2.6689  0.9904  1.5723 22.4365
  4.6243  5.1997  0.9679  2.5903 49.8890
  5.0631  2.6211  0.9841  0.8422 21.9468
  5.1488  2.9889  0.9971  0.9188 25.7473
  5.9984  2.4462  0.9716  2.3037 20.1699
  5.7316  2.7000  0.9777  1.6068 22.7555
  5.8918  2.8740  0.9701  1.4927 24.5513
  5.1065  2.8932  0.9838  2.2486 24.7503
  5.5492  2.9184  0.9918  0.4344 25.0131
  4.2844  4.3687  0.9953  1.6053 40.6035
  5.1415  4.1456  0.9979  1.4003 38.1489
  5.5507  2.4036  0.9964  2.7386 19.7415
  5.1918  3.5754  0.9685  0.8584 31.9607
  4.8470  2.1210  0.9913  0.8073 16.9283
  4.9808  2.0186  0.9882  0.7667 15.9259
  5.8542  1.8618  0.9980  1.0123 14.4102
  4.6682  2.4432  0.9955  1.3100 20.1402
  5.5332  2.9798  0.9979  1.1514 25.6528
  4.7837  3.4518  0.9816  0.9626 30.6373
  3.9311  5.1522  0.9896  0.8533 49.3529
  3.6822  1.9610  0.9940  2.1702 15.3665
  5.3990  1.0928  0.9971  1.4741  7.4167
  4.9740  2.3603  0.9694  0.5919 19.3061
  5.0880  4.4858  0.9887  1.8154 41.8999
  5.4515  3.0162  0.9676  1.8134 26.0324
  5.1779  5.0614  0.9940  0.7693 48.3297
  5.1886  5.5940  0.9796  1.3227 54.3631
  4.0444  0.7462  0.9781  0.9096  4.6116
  5.0682  2.8422  0.9832  1.0059 24.2216
  4.5874  3.7932  0.9840  2.0151 34.3091
  4.9472  2.3526  0.9837  1.8854 19.2290
  4.6799  2.0725  0.9777  1.4119 16.4530
  6.2734  1.8071  0.9919  2.8719 13.8876
  4.2282  3.9865  0.9980  1.4483 36.4090
  5.4848  4.1932  0.9888  1.1733 38.6715
  5.1631  1.1023  0.9842  0.7636  7.4979
  5.0596  3.0169  0.9729  2.1126 26.0399
  3.6933  1.6886  0.9836  1.7307 12.7661
  6.0359  1.6533  0.9780  2.8479 12.4355
  4.6725  5.0461  0.9815  2.7433 48.1572
  6.4305  3.3352  0.9634  0.7181 29.3960
  5.9445  5.5222  0.9740  2.8641 53.5452
  4.9301  2.5080  0.9799  1.1252 20.7959
  4.9065  2.4839  0.9937  2.2073 20.5515
  5.0273  3.6937  0.9844  2.0054 33.2335
  5.0376  3.0203  0.9966  1.2792 26.0755
  4.9477  1.8888  0.9820  2.7505 14.6697
  4.9455  5.1409  0.9765  1.0934 49.2254
  5.3625  1.7294  0.9978  1.6005 13.1509
  5.3472  3.5640  0.9814  0.3280 31.8382
  4.7371  1.6906  0.9808  1.7758 12.7851
  3.6177  2.8412  0.9911  0.7251 24.2112
  4.2031  4.4964  0.9670  1.3320 42.0168
  6.2461  0.7215  0.9856  0.9770  4.4242
  4.4214  2.8536  0.9714  1.4571 24.3398
  4.4894  3.5986  0.9825  0.9489 32.2104
  4.5992  2.2191  0.9930  1.1609 17.8979
  4.6451  3.7144  0.9898  1.7270 33.4575
  4.9148  2.9570  0.9875  1.1883 25.4141
  4.9947  3.5133  0.9861  2.5755 31.2955
  4.9494  1.9988  0.9743  1.6179 15.7334
  3.7569  4.7305  0.9777  1.8595 44.6203
  5.8961  0.7178  0.9837  1.8008  4.3962
  4.9001  6.0780  0.9956  0.4873 59.9074
  4.6157  3.9377  0.9964  0.4436 35.8782
  5.1047  2.3304  0.9823  1.9753 19.0069
  4.3126  3.4181  0.9837  0.7906 30.2774
  6.9820  3.4220  0.5129  1.9565 30.3195
  4.9614  1.7721  0.9792  1.5681 13.5548
  5.2465  4.5542  0.9789  1.8361 42.6576
  5.5390  0.8172  0.9670  0.7984  5.1619
  4.8865  4.0086  0.9710  0.7548 36.6508
  5.5093  2.5516  0.9842  1.2139 21.2384
  5.0346  3.7135  0.9783  2.4389 33.4469
  5.4764  1.9072  0.9898  0.5611 14.8471
  5.1436  2.6034  0.9749  2.6774 21.7664
  5.8750  0.4015  0.9762  0.7607  2.1710
  5.0263  2.1034  0.9898  1.0538 16.7556
  5.7270  3.2488  0.9943  1.4330 28.4795
  6.0524  4.4566  0.9745  2.2795 41.5756
  5.1600  5.0153  0.9745  1.8845 47.8117
  4.6512  6.1372  0.9818  0.0876 60.5890
  4.9886  4.5820  0.9819  1.5866 42.9673
  5.2891  0.1513  0.9980  1.2558  0.7128
  3.8935  5.7786  0.9668  0.6477 56.4709
  5.5071  1.6638  0.9896  1.9514 12.5341
  4.4848  2.7110  0.9712  1.5286 22.8684
  5.2955  4.4287  0.9756  0.7286 41.2670
  5.4505  3.5526  0.9752  2.3170 31.7161
  4.1079  0.7548  0.9809  0.5622  4.6782
  4.5263  2.2099  0.9668  2.2319 17.8065
  4.4152  4.8302  0.9720  1.7993 45.7347
  5.2575  4.8504  0.9688  2.7137 45.9609
  4.6075  2.0694  0.9790  0.7640 16.4219
  5.5235  1.6214  0.9740  0.3554 12.1375
  3.9994  2.6893  0.9946  0.4674 22.6450
  5.7726  4.6911  0.9915  0.8631 44.1815
  4.3226  2.6783  0.9921  0.2479 22.5319
  5.3701  4.6970  0.9757  2.5658 44.2467
  4.3851  2.7142  0.9979  1.6160 22.9012
  6.2002  2.2494  0.9973  0.7760 18.1983
  5.2649  2.1655  0.9944  0.5802 17.3667
  5.5737  3.8781  0.9980  0.6682 35.2301
  5.3991  4.1009  0.9894  0.7007 37.6596
  6.7662  2.7529  0.5284  0.6744 23.2989
  5.2493  2.3006  0.9725  0.1141 18.7083
  5.2378  2.5492  0.9972  1.1170 21.2137
  4.8091  1.6969  0.9693  0.8133 12.8447
  5.2267  4.5352  0.9873  1.3272 42.4469
  5.1463  2.5036  0.9827  1.7826 20.7511
  4.2088  1.8609  0.9702  1.9024 14.4017
  5.2684  4.2343  0.9916  1.4738 39.1234
  5.0123  4.5646  0.9860  1.9842 42.7738
  5.3645  2.4817  0.9958  1.2094 20.5291
  5.3277  1.0370  0.9979  2.1184  6.9470
  4.9818  3.6916  0.9777  0.5650 33.2115
  5.6540  0.7723  0.9718  0.3464  4.8127
  6.4362  3.1981  0.9294  1.7584 27.9434
  4.3408  4.9513  0.9667  1.3655 47.0917
  5.3432  1.4746  0.9892  1.2063 10.7850
  4.3179  3.5727  0.9719  1.1397 31.9319
  5.6054  3.5137  0.9826  0.1128 31.2995
  5.3558  2.1170  0.9963  1.5416 16.8894
  5.1447  1.8482  0.9702  1.2008 14.2799
  5.5446  3.2296  0.9964  1.6044 28.2769
  5.8350  2.2265  0.9671  1.6436 17.9711
  5.4683  1.4235  0.9760  2.1380 10.3207
  4.6940  1.7286  0.9823  0.7774 13.1434
  5.2918  4.7636  0.9901  2.2422 44.9904
  5.3245  4.0269  0.9980  1.2780 36.8501
  4.0810  1.4037  0.9904  0.4203 10.1421
  4.7401  4.6208  0.9980  1.4002 43.3988
  4.7016  4.5453  0.9681  1.6412 42.5589
  4.4790  6.3590  0.9863  1.4103 63.1498
  4.0114  2.3836  0.9809  2.0852 19.5401
  4.9771  0.6804  0.9980  0.5778  4.1146
  4.8623  3.2011  0.9978  0.8115 27.9759
  5.0012  5.7937  0.9775  1.5948 56.6438
  5.3501  2.8635  0.9698  0.6502 24.4424
  5.1660  3.9295  0.9798  1.7817 35.7886
  4.6021  5.8377  0.9847  2.0274 57.1484
  3.9944  5.5750  0.9968  0.6885 54.1472
  4.5613  3.3741  0.9820  2.5787 29.8087
  5.1424  1.1411  0.9801  1.4171  7.8289
  3.9955  1.4027  0.9980  1.0161 10.1328
  4.3501  4.6114  0.9910  2.4493 43.2939
  5.6809  0.4545  0.9934  0.7318  2.5179
  4.6727  2.5311  0.9728  1.4498 21.0304
  4.3638  1.0879  0.9969  0.5998  7.3754
  5.2307  1.8205  0.9675  1.2133 14.0151
  5.2955  2.3744  0.9884  0.2237 19.4475
  4.8359  5.2405  0.9921  0.1166 50.3502
  5.0995  4.1508  0.9939  1.0093 38.2063
  5.1304  3.4262  0.9978  1.4144 30.3642
  4.9600  4.8082  0.9977  1.7076 45.4893
  6.8861  3.8932  0.4946  2.3790 35.3941
  3.8886  4.2735  0.9839  0.4175 39.5546
  5.4770  2.1014  0.9684  1.9428 16.7361
  4.9655  2.6999  0.9838  0.8537 22.7543
  6.5472  3.9024  0.7733  0.5013 35.4932
  5.4684  1.2171  0.9947  0.4821  8.4861
  4.9228  3.0687  0.9743  1.1071 26.5829
  5.7850  1.7381  0.9969  2.5013 13.2328
  4.0607  4.3250  0.9708  2.0491 40.1216
  5.2360  3.1662  0.9701  1.4350 27.6078
  3.6340  3.7106  0.9798  0.6614 33.4162
  6.9175  1.9851  0.4262  0.3670 15.6003
  4.8091  4.7443  0.9973  2.8597 44.7744
  5.0595  5.7203  0.9743  1.1883 55.8052
  3.9949  2.1961  0.9871  2.1332 17.6696
  5.7992  5.5472  0.9718  1.3143 53.8308
  4.5321  3.5665  0.9934  1.8464 31.8652
  4.7343  3.6709  0.9869  2.1868 32.9882
  5.6937  0.8693  0.9923  1.4571  5.5744
  5.2955  3.2216  0.9684  0.9880 28.1916
  4.8188  4.4827  0.9953  1.8796 41.8647
  5.1059  4.2988  0.9709  0.8601 39.8327
  4.6730  3.0085  0.9727  2.3908 25.9517
  5.0776  1.0057  0.9971  2.2318  6.6862
  5.1744  3.0814  0.9761  0.8630 26.7155
  5.1399  6.0940  0.9900  2.4289 60.0910
  5.0962  2.0529  0.9749  1.4208 16.2609
  4.9822  2.0304  0.9851  2.7031 16.0408
  4.0671  3.5879  0.9862  0.7032 32.0953
  5.3560  3.1087  0.9793  0.9908 27.0022
  3.7013  2.9772  0.9819  1.5028 25.6250
  5.2568  2.4838  0.9780  0.4631 20.5507
  5.1725  1.0510  0.9973  0.5806  7.0639
  5.3208  4.6257  0.9786  2.5005 43.4529
  4.7888  3.6385  0.9980  2.2857 32.6388
  6.2974  2.4143  0.9832  0.5610 19.8483
  3.7787  0.6582  0.9822  1.4162  3.9501
  4.9025  3.1843  0.9737  0.4366 27.7982
  5.8298  2.7862  0.9769  1.4059 23.6431
  4.9899  0.8491  0.9752  1.5253  5.4142
  5.4961  2.9594  0.9886  0.7740 25.4391
  4.9939  2.9495  0.9910  0.7513 25.3364
  6.0917  1.3419  0.9980  2.4027  9.5871
  5.2512  3.6568  0.9974  0.7853 32.8356
  4.7081  4.9501  0.9699  0.4259 47.0791
  4.8638  2.7974  0.9834  1.7886 23.7579
  5.4332  2.0074  0.9691  1.9367 15.8174
  5.4678  2.4015  0.9676  2.0948 19.7202
  4.3421  3.1516  0.9862  2.1343 27.4533
  5.8012  2.1705  0.9687  1.2629 17.4160
  5.0979  2.1927  0.9942  1.0629 17.6360
  5.8440  1.9906  0.9746  2.3823 15.6541
  5.7858  3.0662  0.9743  1.6806 26.5563
  5.7061  1.9121  0.9736  0.6271 14.8937
  4.3566  1.3446  0.9947  1.4963  9.6113
  5.1878  2.7360  0.9960  2.6757 23.1248
  5.9048  3.3123  0.9825  0.3116 29.1525
  5.4381  6.2605  0.9912  0.5915 62.0120
  4.9531  1.3834  0.9703  2.2183  9.9586
  5.1854  3.5219  0.9912  0.4725 31.3868
  5.2830  2.7836  0.9705  0.9459 23.6162
  4.6796  4.8769  0.9738  0.1004 46.2579
  5.5868  3.0532  0.9668  1.3923 26.4197
  5.9231  4.3099  0.9964  2.1646 39.9550
  5.0365  2.1451  0.9803  1.5931 17.1655
  3.6328  2.3350  0.9938  0.8572 19.0521
  5.2468  3.2994  0.9679  0.4216 29.0160
  5.2875  2.4037  0.9773  0.2111 19.7416
  5.2211  0.8803  0.9980  1.4283  5.6624
  5.0115  3.7272  0.9773  0.4731 33.5957
  5.8560  5.0051  0.9709  0.9355 47.6965
  4.6967  1.3148  0.9934  0.8452  9.3459
  4.8113  1.7176  0.9881  0.5944 13.0390
  4.4487  5.5689  0.9857  2.2877 54.0775
  4.7753  5.8537  0.9762  1.6827 57.3312
  5.7725  2.5889  0.9726  0.3296 21.6181
  3.9864  6.3957  0.9805  1.5807 63.5748
  5.5605  1.4042  0.9980  1.1892 10.1466
  5.8568  1.0107  0.9734  0.3521  6.7280
  5.6450  3.8584  0.9691  1.0697 35.0161
  5.2491  2.1635  0.9713  1.7440 17.3469
  5.2847  3.7783  0.9910  2.0717 34.1479
  4.9898  5.0821  0.9845  1.7257 48.5629
  4.9132  2.1101  0.9819  1.2104 16.8215
  5.7849  1.4683  0.9939  2.3923 10.7274
  4.4544  4.1686  0.9884  1.1059 38.4012
  4.4697  4.0460  0.9952  0.5001 37.0592
  4.0308  3.0226  0.9855  1.0493 26.0993
  4.3027  1.2808  0.9866  2.1873  9.0455
  4.9501  5.8896  0.9670  1.4490 57.7433
  5.3575  4.5322  0.9669  0.6056 42.4141
  5.3560  3.8559  0.9769  1.1681 34.9890
  4.8403  3.1712  0.9923  1.3753 27.6603
  5.6441  3.6685  0.9915  1.6463 32.9621
  4.6727  1.3745  0.9910  1.8224  9.8787
  3.5411  2.4405  0.9667  0.8408 20.1132
  4.3851  3.3682  0.9757  2.8301 29.7465
  5.4678  1.6511  0.9972  1.2987 12.4152
  4.1227  1.8726  0.9980  1.1047 14.5145
  5.5084  4.4144  0.9969  1.0585 41.1090
  4.0423  1.8947  0.9711  0.1875 14.7262
  4.2952  4.1482  0.9818  0.7213 38.1779
  4.1517  4.4478  0.9870  0.7780 41.4782
  5.1744  3.4003  0.9798  2.4243 30.0884
  4.8978  3.1573  0.9884  2.0440 27.5134
  5.3195  3.0537  0.9938  0.4878 26.4248
  4.7760  3.3120  0.9830  2.1100 29.1488
  5.7338  3.4988  0.9705  1.0577 31.1394
  4.0780  2.8881  0.9698  2.4809 24.6975
  4.6149  2.7888  0.9680  1.1591 23.6689
  5.1266  3.1927  0.9803  0.5524 27.8871
  5.1294  2.6364  0.9722  1.4385 22.1028
  5.1055  3.6858  0.9756  1.8328 33.1483
  4.3051  1.8865  0.9974  1.3389 14.6476
  5.6362  4.5426  0.9731  1.2083 42.5295
  4.7152  2.3318  0.9684  2.0185 19.0200
  5.1080  3.8761  0.9980  2.6419 35.2081
  5.8004  1.5749  0.9863  1.5762 11.7057
  5.1614  3.1045  0.9945  2.1042 26.9584
  4.3743  4.1485  0.9881  0.7409 38.1804
  3.7177  3.4645  0.9793  1.7851 30.7731
  4.7209  1.0868  0.9712  2.4761  7.3665
  4.9578  3.3909  0.9763  2.0093 29.9878
  5.1461  1.5516  0.9765  0.9230 11.4907
  5.4200  0.8019  0.9687  0.9451  5.0429
  5.3851  1.8013  0.9788  1.2927 13.8323
  5.0821  1.6033  0.9958  1.2065 11.9699
  6.1697  2.6508  0.9708  3.0049 22.2504
  5.7215  4.1457  0.9690  1.1001 38.1504
  4.7599  2.8829  0.9816  1.3321 24.6432
  4.9958  2.8616  0.9863  0.5855 24.4224
  5.1177  2.8942  0.9813  2.0201 24.7607
  5.0129  2.0597  0.9712  1.7000 16.3277
  5.1476  3.1828  0.9668  0.9749 27.7827
  5.3626  1.0424  0.9681  1.0171  6.9925
  6.2817  1.1245  0.9980  1.8183  7.6872
  5.6032  1.7366  0.9915  2.1881 13.2184
  5.6615  4.3491  0.9897  1.4193 40.3875
  5.5188  3.5769  0.9709  1.1548 31.9771
  4.7855  4.5943  0.9815  2.1307 43.1040
  5.2709  1.4079  0.9713  1.5107 10.1798
  5.0617  2.8349  0.9809  0.5088 24.1464
  5.6043  1.0243  0.9966  1.1175  6.8405
  4.8816  2.0150  0.9825  1.0580 15.8911
  5.4796  2.1389  0.9739  0.4690 17.1047
  5.3626  2.1717  0.9736  0.1168 17.4279
  5.3159  2.9353  0.9765  1.7383 25.1882
  4.4459  1.2841  0.9980  0.6593  9.0740
  4.6647  0.8855  0.9778  1.7558  5.7044
  5.6232  2.0520  0.9979  1.4598 16.2520
  5.1999  1.8482  0.9980  1.6371 14.2801
  3.6501  2.8598  0.9735  0.5990 24.4036
  5.2144  1.8621  0.9915  1.9114 14.4131
  5.1313  3.6449  0.9889  1.4409 32.7083
  4.1421  5.7651  0.9751  0.4643 56.3171
  5.4028  4.8337  0.9712  0.4560 45.7739
  5.4445  1.5593  0.9765  1.7069 11.5621
  6.1681  4.6003  0.9689  1.1190 43.1700
  4.5011  0.9244  0.9980  1.2536  6.0181
  4.7098  0.6102  0.9980  1.5641  3.5997
  4.8407  2.2662  0.9899  1.8370 18.3653
  4.2243  2.5262  0.9689  2.5006 20.9798
  5.4197  3.9356  0.9742  1.3711 35.8553
  5.1264  3.8547  0.9822  2.6891 34.9759
  5.2685  2.1360  0.9915  1.6967 17.0763
  4.6907  5.7191  0.9880  2.0418 55.7905
  5.2883  1.5303  0.9860  0.9828 11.2950
  4.9088  3.2796  0.9887  1.3755 28.8056
  3.6918  5.4810  0.9846  0.9056 53.0776
  4.1716  6.0867  0.9837  2.2810 60.0073
  5.7328  1.5072  0.9724  1.6242 11.0826
  4.6657  5.7350  0.9736  1.6469 55.9730
  5.7919  4.7490  0.9954  1.5498 44.8276
  5.3794  2.9650  0.9799  2.3632 25.4980
  4.2964  1.8107  0.9842  0.9844 13.9225
  5.8060  2.6532  0.9789  2.8387 22.2748
  5.2359  2.8084  0.9789  1.8765 23.8722
  6.0915  0.9056  0.9891  1.8754  5.8661
  5.1286  4.9674  0.9762  1.5520 47.2726
  4.3381  5.1153  0.9915  1.5676 48.9375
  5.2826  2.9972  0.9833  0.3189 25.8335
  5.5552  3.3979  0.9980  1.2546 30.0624
  5.4868  2.3199  0.9974  1.4991 18.9013
  5.0304  2.7622  0.9933  0.7267 23.3947
  6.8780  1.9633  0.8988  0.7854 15.3891
  4.7603  2.3751  0.9690  1.2085 19.4542
  5.4765  0.5352  0.9880  0.6421  3.0670
  5.5923  3.0205  0.9869  0.7011 26.0780
  4.3648  3.7864  0.9800  2.4495 34.2355
  5.2792  2.9983  0.9679  2.4471 25.8457
  5.3208  4.0773  0.9773  1.0664 37.4012
  5.2974  3.0759  0.9820  0.8338 26.6578
  5.0561  3.6426  0.9861  2.5413 32.6827
  5.0663  2.4312  0.9865  1.2366 20.0187
  4.4476  3.1699  0.9914  1.3283 27.6461
  5.0221  3.9648  0.9949  2.0398 36.1731
  5.4027  1.9253  0.9920  2.9679 15.0209
  5.5411  2.8142  0.9701  1.1300 23.9319
  5.2035  4.4207  0.9671  0.7925 41.1787
  5.0448  1.6550  0.9968  1.6952 12.4518
  4.7614  1.7717  0.9797  2.4664 13.5512
  5.6671  3.1916  0.9885  2.6645 27.8756
  5.0957  3.9326  0.9821  1.3102 35.8219
  5.3358  3.9069  0.9977  1.6079 35.5422
  5.1162  2.3428  0.9869  1.5848 19.1310
  5.1806  0.9936  0.9878  1.4346  6.5854
  4.8877  3.2685  0.9809  0.2627 28.6875
  5.0250  2.4645  0.9899  1.0913 20.3554
  4.6992  4.4843  0.9732  0.7603 41.8830
  4.9355  5.2688  0.9796  0.9987 50.6702
  5.2934  1.6993  0.9673  1.0562 12.8669
  5.1857  4.5454  0.9813  0.5200 42.5601
  3.6941  2.1395  0.9749  0.9365 17.1109
  5.2008  3.3269  0.9675  1.2796 29.3078
  3.9959  5.7554  0.9680  0.6042 56.2055
  4.2559  6.4985  0.9967  1.6147 64.7662
  5.5766  3.4075  0.9763  1.7095 30.1649
  3.5890  3.5141  0.9730  0.4109 31.3039
  5.4345  1.0064  0.9722  1.5433  6.6916
  5.2528  2.0774  0.9844  1.1261 16.5002
  3.9898  2.6139  0.9766  1.7205 21.8732
  5.4552  1.7350  0.9730  1.2504 13.2040
  5.5901  1.3563  0.9778  1.4807  9.7162
  5.2067  1.1932  0.9969  2.1850  8.2787
  4.6458  3.6241  0.9892  1.6072 32.4842
  4.3531  2.9251  0.9805  1.1429 25.0822
  5.2283  1.3934  0.9908  1.8581 10.0488
