  3.8644  3.4953  0.0000  1.9237 31.1023
  5.0181  1.1379  0.0000  0.3854  7.8019
  5.4343  4.1349  0.0000  1.7585 38.0317
  5.1531  1.2312  0.0000  0.7502  8.6093
  5.6617  2.6133  0.0000  2.2174 21.8667
  4.8718  2.2539  0.0000  0.5660 18.2436
  6.2726  2.6511  0.0000  1.0758 22.2533
  4.9148  2.1444  0.0000  1.6099 17.1590
  5.5614  2.9350  0.0000  1.4346 25.1857
  5.4488  1.9930  0.0000  2.2197 15.6768
  4.6600  2.5497  0.0000  1.7016 21.2192
  4.9470  1.9759  0.0000  1.3246 15.5109
  5.5199  3.6089  0.0000  2.1675 32.3205
  5.7925  1.5064  0.0000  2.1041 11.0752
  5.2511  1.5857  0.0000  0.8912 11.8063
  4.9195  3.4280  0.0000  1.0432 30.3833
  5.8425  3.0869  0.0000  2.3507 26.7733
  5.2825  2.7454  0.0000  0.9380 23.2221
  5.1385  2.6361  0.0000  0.9451 22.0998
  4.7751  3.2699  0.0000  1.8959 28.7026
  5.4967  1.7107  0.0000  1.6752 12.9740
  5.4584  2.3816  0.0000  2.4776 19.5200
  4.8273  3.6263  0.0000  0.2472 32.5080
  5.7123  0.9632  0.0000  1.3648  6.3352
  5.3524  0.6299  0.0000  0.5159  3.7422
  4.5955  3.3240  0.0000  0.3136 29.2763
  4.1356  2.9861  0.0000  2.3663 25.7183
  3.9731  2.7351  0.0000  1.3831 23.1160
  5.0253  2.5922  0.0000  2.4593 21.6521
  5.2306  2.2926  0.0000  0.7380 18.6286
  5.0979  3.4956  0.0000  1.2131 31.1058
  5.5595  2.3691  0.0000  1.9728 19.3943
  5.2547  1.2925  0.0000  1.6790  9.1480
  5.4420  4.4133  0.0000  2.3008 41.0968
  5.6409  2.6209  0.0000  0.5904 21.9445
  5.1435  3.3742  0.0000  1.9299 29.8101
  5.6787  2.9233  0.0000  1.0200 25.0636
  5.3599  1.7716  0.0000  2.6125 13.5502
  5.9049  3.7106  0.0000  0.2963 33.4157
  3.8970  3.3557  0.0000  1.8269 29.6130
  5.8755  0.2745  0.0000  1.2819  1.3913
  4.9768  1.5905  0.0000  2.2115 11.8504
  4.9608  1.1927  0.0000  0.3032  8.2740
  5.7609  2.4799  0.0000  0.6506 20.5115
  4.6672  0.9659  0.0000  0.8732  6.3574
  4.3812  3.5862  0.0000  1.3982 32.0769
  5.2019  1.8985  0.0000  1.2604 14.7633
  4.4152  2.8617  0.0000  1.9011 24.4234
  4.7732  2.1566  0.0000  1.5368 17.2790
  3.6752  4.0628  0.0000  2.6851 37.2430
  4.3682  0.7575  0.0000  2.0064  4.6990
  4.5697  1.8970  0.0000  1.4497 14.7488
  5.2292  1.6632  0.0000  0.4625 12.5282
  4.9720  2.4394  0.0000  2.7371 20.1022
  5.4237  1.1688  0.0000  2.1062  8.0670
  6.5263  2.2002  0.0000  0.8074 17.7098
  5.2354  1.6898  0.0000  2.7217 12.7776
  4.6935  2.5969  0.0000  1.7540 21.6999
  5.2575  2.0536  0.0000  1.4634 16.2675
  5.2892  1.5008  0.0000  2.5566 11.0241
  3.7999  1.3082  0.0000  2.1837  9.2870
  3.7034  3.8039  0.0000  0.8603 34.4250
  5.5986  4.2684  0.0000  0.9125 39.4979
  4.6679  4.4764  0.0000  1.7718 41.7956
  5.4236  3.2607  0.0000  2.0476 28.6058
  5.3390  3.8938  0.0000  2.2548 35.4002
  4.6907  3.3111  0.0000  1.4981 29.1394
  4.9203  1.3265  0.0000  1.1430  9.4504
  5.3758  4.4818  0.0000  2.1940 41.8556
  5.6224  2.9755  0.0000  0.9374 25.6076
  5.0069  2.1783  0.0000  1.8685 17.4931
  5.0794  3.0863  0.0000  1.7658 26.7668
  5.3872  4.3341  0.0000  0.5714 40.2224
  4.3606  2.9861  0.0000  2.4813 25.7182
  5.4923  1.1733  0.0000  1.0891  8.1062
  5.5181  3.9529  0.0000  1.3811 36.0428
  4.7754  1.8343  0.0000  0.7881 14.1470
  5.5266  1.6801  0.0000  1.9317 12.6866
  4.9916  4.0685  0.0000  1.7579 37.3053
  5.2430  3.4689  0.0000  0.4365 30.8200
  5.5856  2.8474  0.0000  1.0540 24.2752
  3.8867  1.9166  0.0000  2.0579 14.9378
  5.3746  1.0996  0.0000  0.9568  7.4746
  5.2117  3.5423  0.0000  1.0988 31.6060
  5.4835  2.8050  0.0000  1.6600 23.8363
  5.7245  1.4558  0.0000  0.1905 10.6131
  5.0393  4.0463  0.0000  0.6213 37.0619
  5.8573  4.4961  0.0000  1.7336 42.0136
  5.8305  1.6775  0.0000  1.1521 12.6620
  4.3607  3.9881  0.0000  1.5753 36.4268
  5.1019  3.0560  0.0000  1.9697 26.4491
  4.9257  4.0815  0.0000  1.5995 37.4475
  4.0558  4.3677  0.0000  1.5288 40.5928
  4.4432  3.3212  0.0000  1.1702 29.2473
  4.9978  1.3878  0.0000  2.1329  9.9986
  5.7626  0.6618  0.0000  2.6638  3.9767
  4.4756  0.6930  0.0000  2.3858  4.2092
  5.2215  2.4339  0.0000  0.9455 20.0462
  4.6421  1.5646  0.0000  1.3998 11.6106
  5.4157  3.3523  0.0000  2.6982 29.5773
  4.8028  2.1155  0.0000  2.0375 16.8744
  5.4256  2.6947  0.0000  2.8481 22.7004
  4.5801  2.3334  0.0000  1.6608 19.0367
  6.2985  4.1124  0.0000  2.0942 37.7851
  4.7243  2.8610  0.0000  1.8441 24.4160
  5.2869  1.9729  0.0000  2.3823 15.4820
  5.2709  3.9587  0.0000  2.3489 36.1062
  5.2403  3.9584  0.0000  1.6936 36.1027
  4.9119  3.7116  0.0000  1.4273 33.4264
  5.0289  3.6514  0.0000  2.1701 32.7775
  4.9981  2.0889  0.0000  1.1942 16.6129
  5.3626  1.5737  0.0000  2.0324 11.6950
  5.6842  2.6317  0.0000  2.1822 22.0549
  5.2553  2.0829  0.0000  2.4336 16.5548
  5.3983  3.3682  0.0000  1.4594 29.7468
  4.9769  2.1640  0.0000  2.0646 17.3520
  4.7067  2.9983  0.0000  0.4243 25.8460
  6.4886  2.7097  0.0000  2.1580 22.8543
  5.7301  3.3862  0.0000  1.0939 29.9378
  4.7290  3.3609  0.0000  0.0508 29.6686
  5.1161  0.3143  0.0000  1.1388  1.6274
  4.8614  2.9123  0.0000  1.4700 24.9487
  6.2528  2.6638  0.0000  1.6491 22.3841
  5.1267  2.3127  0.0000  1.3049 18.8297
  5.3937  3.0811  0.0000  2.2622 26.7120
  5.0981  1.6717  0.0000  2.3966 12.6078
  6.9000  4.3834  0.0000  0.6822 40.7668
  5.2426  2.2159  0.0000  2.0417 17.8656
  5.0294  1.4639  0.0000  1.7697 10.6867
  3.7315  3.7583  0.0000  1.4664 33.9309
  4.5963  2.3500  0.0000  1.9710 19.2022
  5.2883  2.0271  0.0000  0.4778 16.0092
  5.5282  1.9689  0.0000  1.6086 15.4432
  5.2337  2.3004  0.0000  0.6725 18.7069
  5.2614  3.1195  0.0000  2.8798 27.1159
  4.4858  2.7539  0.0000  0.8402 23.3092
  4.5990  3.7923  0.0000  2.5916 34.2988
  4.9574  2.3542  0.0000  2.2012 19.2444
  6.2667  4.1081  0.0000  2.1931 37.7386
  4.5067  2.7907  0.0000  0.9342 23.6886
  5.1745  0.7709  0.0000  2.1042  4.8018
  5.0478  3.5053  0.0000  2.6293 31.2097
  5.2195  3.5430  0.0000  1.6177 31.6127
  6.0582  2.3159  0.0000  1.2326 18.8609
  5.4722  3.5809  0.0000  1.1738 32.0195
  5.4466  3.3954  0.0000  1.5006 30.0362
  5.5403  3.4542  0.0000  1.6030 30.6631
  5.3610  2.7383  0.0000  1.5200 23.1491
  5.1105  1.4664  0.0000  2.1090 10.7097
  4.9002  1.8807  0.0000  2.9309 14.5921
  5.2361  3.4346  0.0000  1.8275 30.4540
  4.7620  3.5843  0.0000  0.9717 32.0562
  5.7683  1.8671  0.0000  2.5498 14.4612
  5.3322  1.2567  0.0000  1.8789  8.8328
  5.4643  3.3419  0.0000  0.9570 29.4666
  5.0730  2.0207  0.0000  1.1736 15.9465
  5.3709  2.8118  0.0000  1.2405 23.9070
  3.9561  2.3760  0.0000  1.0864 19.4635
  5.4773  2.7643  0.0000  2.3219 23.4172
  6.4205  1.3512  0.0000  2.6184  9.6699
  6.1409  1.8450  0.0000  2.5086 14.2494
  5.2981  3.7877  0.0000  1.5063 34.2493
  5.3866  2.4305  0.0000  1.8238 20.0125
  5.3465  4.4619  0.0000  0.2538 41.6350
  4.7078  1.4335  0.0000  1.2678 10.4112
  4.9102  2.8795  0.0000  2.3599 24.6084
  5.5432  3.1506  0.0000  2.5009 27.4425
  6.1261  1.5903  0.0000  1.1743 11.8487
  5.8561  3.0922  0.0000  1.3417 26.8288
  6.0304  2.3876  0.0000  0.8680 19.5800
  4.5632  1.4656  0.0000  1.7227 10.7025
  4.9967  3.0742  0.0000  1.8376 26.6398
  4.7435  1.6998  0.0000  2.7759 12.8716
  5.2766  3.0759  0.0000  1.6516 26.6580
  3.9990  3.2082  0.0000  0.7858 28.0506
  5.0557  0.7801  0.0000  1.0472  4.8732
  4.8638  2.3769  0.0000  2.5650 19.4721
  4.6894  1.9694  0.0000  0.6625 15.4480
  5.8707  0.2597  0.0000  2.2930  1.3054
  5.0512  0.5609  0.0000  1.7668  3.2475
  5.2367  1.4250  0.0000  2.0383 10.3340
  4.9423  1.4617  0.0000  0.6064 10.6666
  4.7554  1.7660  0.0000  1.1017 13.4969
  5.5731  4.2435  0.0000  3.0266 39.2237
  5.1533  2.9648  0.0000  0.4356 25.4959
  5.2016  3.4128  0.0000  0.5188 30.2216
  4.9726  3.6398  0.0000  2.8661 32.6526
  5.8661  2.7329  0.0000  2.9234 23.0929
  5.9919  3.1878  0.0000  2.0096 27.8354
  5.4905  2.5553  0.0000  1.7351 21.2764
  5.3039  3.3407  0.0000  1.6485 29.4535
  4.9461  2.3006  0.0000  2.3557 18.7090
  5.2546  0.4205  0.0000  1.6617  2.2937
  3.9198  1.8567  0.0000  1.0521 14.3617
  5.7563  2.8690  0.0000  1.9646 24.5000
  4.8165  1.4039  0.0000  1.8725 10.1437
  5.1697  3.2530  0.0000  0.5996 28.5239
  6.7011  3.3849  0.0000  2.3438 29.9236
  4.8023  2.1542  0.0000  2.5077 17.2554
  5.3897  1.4002  0.0000  0.8621 10.1097
  4.4197  2.4382  0.0000  0.5470 20.0893
  3.9225  2.0838  0.0000  2.5565 16.5634
  4.4714  3.4761  0.0000  0.7568 30.8967
  5.2873  3.4570  0.0000  2.2561 30.6933
  4.4259  0.6664  0.0000  0.3396  4.0105
  4.5159  2.7910  0.0000  0.4740 23.6919
  4.6785  1.9160  0.0000  1.2701 14.9313
  4.7160  1.8545  0.0000  1.8406 14.3409
  3.9562  3.4553  0.0000  1.3260 30.6750
  4.2329  2.2824  0.0000  0.3559 18.5268
  4.7810  3.3679  0.0000  2.7505 29.7436
  4.4603  3.1670  0.0000  2.9250 27.6155
  4.9066  1.5802  0.0000  2.2430 11.7556
  5.2628  1.4443  0.0000  2.0654 10.5093
  5.4569  0.9916  0.0000  1.7032  6.5690
  5.1709  2.8509  0.0000  0.9150 24.3117
  5.5103  1.8147  0.0000  0.6904 13.9605
  5.3740  2.6727  0.0000  0.3862 22.4746
  3.9112  3.5936  0.0000  2.1868 32.1560
  5.7632  4.0595  0.0000  0.9202 37.2063
  4.5565  4.3492  0.0000  0.9157 40.3888
  4.4064  1.7201  0.0000  1.7803 13.0632
  6.0375  0.5380  0.0000  1.5253  3.0866
  4.2558  3.0789  0.0000  2.3459 26.6891
  6.0077  2.8366  0.0000  2.8752 24.1635
  5.3835  2.5752  0.0000  1.3259 21.4789
  5.7433  2.1438  0.0000  1.6425 17.1531
  4.5276  1.1455  0.0000  0.8506  7.8668
  6.0033  0.9028  0.0000  0.8368  5.8440
  5.5448  0.9028  0.0000  1.9422  5.8435
  4.0036  0.8795  0.0000  2.2115  5.6566
  4.3303  3.5592  0.0000  2.2516 31.7870
  5.7984  0.5980  0.0000  1.4305  3.5115
  5.5507  3.3135  0.0000  2.0113 29.1650
  5.1450  3.5480  0.0000  0.2508 31.6663
  4.8758  2.1810  0.0000  0.8633 17.5198
  4.5763  4.4318  0.0000  1.9766 41.3013
  4.4054  2.7443  0.0000  1.5445 23.2105
  5.7326  1.0909  0.0000  1.2040  7.4014
  5.2882  3.0943  0.0000  1.5718 26.8515
  5.4076  2.7066  0.0000  0.4200 22.8227
  5.7114  2.1349  0.0000  2.3017 17.0657
  3.8767  2.1812  0.0000  0.6498 17.5225
  4.8476  2.5068  0.0000  2.3048 20.7839
  5.2886  4.1529  0.0000  1.1774 38.2288
  5.4749  0.7464  0.0000  0.6762  4.6131
  5.3819  3.6771  0.0000  2.3483 33.0550
  3.9523  1.2686  0.0000  2.9262  8.9371
  5.8654  2.7904  0.0000  2.2711 23.6862
  5.6943  1.4493  0.0000  0.3819 10.5540
  5.1296  2.3762  0.0000  0.6422 19.4651
  4.8431  2.4965  0.0000  1.6815 20.6789
  5.2231  1.9740  0.0000  2.3259 15.4924
  4.9389  3.6774  0.0000  1.3499 33.0584
  5.0340  1.6140  0.0000  0.5613 12.0692
  5.4208  3.2665  0.0000  2.2202 28.6664
  5.2429  4.2202  0.0000  2.2462 38.9680
  5.1312  0.8213  0.0000  1.5623  5.1949
  5.3243  1.7741  0.0000  1.5222 13.5740
  4.9449  1.8752  0.0000  0.7934 14.5393
  5.2934  0.3968  0.0000  2.8291  2.1410
  5.3507  0.4119  0.0000  2.9717  2.2384
  3.5841  1.1088  0.0000  2.0782  7.5535
  5.2639  3.9435  0.0000  0.8265 35.9414
  5.4699  4.4141  0.0000  1.8552 41.1061
  6.1910  1.9526  0.0000  0.6154 15.2853
  5.5109  3.3348  0.0000  1.8857 29.3916
  4.5348  4.0221  0.0000  1.6353 36.7974
  4.2871  1.6663  0.0000  2.3466 12.5573
  4.3974  2.4345  0.0000  2.2847 20.0528
  5.0301  1.9506  0.0000  2.8234 15.2663
  4.2349  1.4614  0.0000  1.9104 10.6647
  6.3100  3.3125  0.0000  1.6198 29.1547
  5.2622  3.0588  0.0000  2.2453 26.4791
  4.4566  3.1687  0.0000  2.3653 27.6337
  4.7744  1.5461  0.0000  2.8493 11.4400
  4.7706  3.0532  0.0000  1.8183 26.4197
  5.0649  3.7915  0.0000  0.9090 34.2909
  5.4308  1.9829  0.0000  0.5844 15.5786
  4.7386  2.1820  0.0000  2.2555 17.5301
  4.9372  3.2974  0.0000  1.1465 28.9948
  6.8833  2.3301  0.0000  2.5126 19.0038
  4.7871  3.2379  0.0000  1.1053 28.3637
  5.3740  3.9438  0.0000  2.5470 35.9443
  5.5028  4.0761  0.0000  2.5626 37.3879
  5.4195  1.9571  0.0000  0.4564 15.3285
  5.0852  1.8836  0.0000  2.7075 14.6197
  5.6410  3.4838  0.0000  1.6887 30.9792
  6.1351  2.4324  0.0000  1.5095 20.0308
  4.8752  0.9452  0.0000  1.7887  6.1878
  4.2563  2.5462  0.0000  1.8619 21.1836
  4.9906  1.9212  0.0000  1.8273 14.9818
  4.4781  2.1870  0.0000  2.0940 17.5799
  4.5003  1.1434  0.0000  1.9382  7.8492
  5.1450  3.3750  0.0000  1.2225 29.8184
  5.2858  2.2095  0.0000  1.5736 17.8021
  5.7507  2.8259  0.0000  1.2552 24.0533
  5.7563  4.2911  0.0000  1.9851 39.7484
  5.1827  0.9939  0.0000  2.1157  6.5882
  5.7571  3.9473  0.0000  2.1080 35.9818
  5.3505  1.5749  0.0000  0.9770 11.7066
  4.6070  3.4665  0.0000  0.4282 30.7944
  6.0611  2.5447  0.0000  2.0444 21.1683
  5.7065  2.2981  0.0000  1.5733 18.6838
  4.8887  1.2902  0.0000  1.6899  9.1279
  4.2038  1.2623  0.0000  1.9712  8.8821
  6.3957  3.6784  0.0000  1.4160 33.0685
  4.0624  2.5051  0.0000  0.9543 20.7667
  5.1552  1.5302  0.0000  2.5991 11.2941
  5.0687  3.0169  0.0000  2.8237 26.0398
  4.8686  0.9542  0.0000  1.8738  6.2616
  5.1921  3.0949  0.0000  1.1195 26.8570
  5.2990  2.9642  0.0000  1.2036 25.4894
  4.9718  1.8754  0.0000  1.0645 14.5415
  5.1350  2.4719  0.0000  1.6657 20.4303
  5.0562  4.0638  0.0000  0.7855 37.2530
  5.6491  3.2493  0.0000  2.4055 28.4848
  5.4136  3.0968  0.0000  1.9749 26.8771
  6.0950  4.0874  0.0000  1.2004 37.5116
  5.0543  3.5102  0.0000  1.1835 31.2614
  5.6307  3.7753  0.0000  0.6323 34.1152
  5.0752  1.6177  0.0000  2.1264 12.1037
  4.9078  3.1198  0.0000  2.1398 27.1189
  4.4885  2.7605  0.0000  0.7090 23.3773
  4.9190  4.2403  0.0000  2.7857 39.1887
  4.9122  1.9207  0.0000  1.5449 14.9773
  5.1129  1.5316  0.0000  2.6316 11.3069
  6.1725  2.9830  0.0000  2.2768 25.6860
  4.2158  1.6930  0.0000  2.3078 12.8075
  5.0864  2.5578  0.0000  0.7571 21.3011
  5.5245  3.1351  0.0000  1.0358 27.2801
  6.0694  1.5615  0.0000  1.1390 11.5819
  6.2160  3.0850  0.0000  0.7697 26.7538
  5.6987  0.6498  0.0000  2.2576  3.8885
  5.0584  2.7260  0.0000  0.9672 23.0226
  5.8184  1.3042  0.0000  2.4386  9.2518
  5.8378  2.3596  0.0000  1.1867 19.2991
  4.0943  2.3202  0.0000  1.9857 18.9042
  4.9891  2.5391  0.0000  1.2008 21.1113
  3.9913  3.7006  0.0000  0.8050 33.3080
  5.5985  3.7242  0.0000  1.9940 33.5627
  4.8637  2.6024  0.0000  1.9487 21.7564
  5.0457  3.8352  0.0000  1.1947 34.7638
  5.4713  1.9749  0.0000  1.5884 15.5016
  4.7809  1.4080  0.0000  2.1369 10.1800
  5.3419  2.5662  0.0000  2.0375 21.3868
  4.4093  3.2433  0.0000  2.7725 28.4210
  5.2640  3.0818  0.0000  0.7365 26.7203
  5.1513  2.7592  0.0000  2.2306 23.3641
  5.5849  3.0835  0.0000  0.4500 26.7372
  5.4597  1.4091  0.0000  1.5188 10.1903
  3.6073  3.8974  0.0000  0.9712 35.4396
  5.4991  4.2567  0.0000  1.5463 39.3699
  5.2591  2.6679  0.0000  1.2924 22.4258
  5.0082  3.5903  0.0000  1.7730 32.1205
  4.5500  1.2083  0.0000  1.1646  8.4096
  4.7281  3.3010  0.0000  2.1372 29.0330
  4.8952  1.3291  0.0000  1.4093  9.4735
  4.5755  3.8239  0.0000  2.0825 34.6411
  5.5893  4.1224  0.0000  2.3155 37.8953
  4.8294  0.4376  0.0000  1.2780  2.4062
  5.5396  1.6444  0.0000  1.1730 12.3522
  6.8617  2.6284  0.0000  1.7528 22.0212
  4.6037  3.7927  0.0000  1.9438 34.3032
  4.3858  4.4887  0.0000  1.0390 41.9310
  4.1107  3.2876  0.0000  0.6328 28.8908
  5.3420  4.4654  0.0000  2.0985 41.6732
  4.7892  1.3541  0.0000  2.1287  9.6966
  4.1397  3.4207  0.0000  2.4975 30.3059
  5.7290  1.8632  0.0000  0.0641 14.4236
  4.8681  4.3448  0.0000  2.5993 40.3399
  5.5601  3.2198  0.0000  0.3658 28.1734
  5.2193  1.0351  0.0000  1.3960  6.9309
  4.7752  0.5779  0.0000  0.1825  3.3678
  5.9192  1.2372  0.0000  2.1447  8.6621
  5.7175  0.9800  0.0000  1.5116  6.4737
  4.8075  4.4205  0.0000  0.1287 41.1761
  5.0538  3.8442  0.0000  3.0413 34.8621
  5.2318  1.5395  0.0000  1.2657 11.3790
  5.6415  3.2902  0.0000  0.0868 28.9183
  5.4485  3.4771  0.0000  0.7259 30.9072
  4.6364  1.9816  0.0000  2.0284 15.5664
  5.3223  3.4999  0.0000  0.9888 31.1514
  4.2719  2.7377  0.0000  0.4148 23.1428
  4.9719  3.0959  0.0000  1.1444 26.8674
  5.2186  3.5188  0.0000  1.3865 31.3542
  4.7962  1.3161  0.0000  0.8077  9.3579
  5.2031  2.0224  0.0000  2.3275 15.9633
  5.7348  4.4635  0.0000  0.1812 41.6525
  5.4428  1.8757  0.0000  1.5136 14.5436
  5.4420  2.0819  0.0000  0.9059 16.5447
  5.1644  3.9290  0.0000  1.0212 35.7829
  5.4742  0.9504  0.0000  2.3796  6.2303
  5.5148  3.9907  0.0000  2.0437 36.4552
  5.0016  2.9003  0.0000  0.8232 24.8243
  5.3522  3.7500  0.0000  2.1371 33.8413
  5.8135  3.8598  0.0000  1.2491 35.0310
  6.0744  1.4041  0.0000  1.2308 10.1456
  4.9353  2.4226  0.0000  1.5475 19.9321
  4.3179  0.9705  0.0000  1.6456  6.3955
  5.0890  3.5646  0.0000  0.4700 31.8451
  5.2511  2.0657  0.0000  1.7200 16.3858
  4.8836  2.2173  0.0000  1.2519 17.8791
  4.9456  1.4317  0.0000  1.2328 10.3943
  5.1454  3.2705  0.0000  1.5271 28.7092
  5.3096  0.7900  0.0000  1.9482  4.9495
  3.8065  2.1296  0.0000  1.4695 17.0129
  5.5837  3.8544  0.0000  0.3186 34.9723
  4.2464  3.1059  0.0000  0.9809 26.9732
  4.9107  0.9854  0.0000  0.9846  6.5181
  4.5889  1.7978  0.0000  0.8344 13.7991
  3.7672  1.9439  0.0000  1.9463 15.2006
  5.4422  3.9386  0.0000  0.7452 35.8875
  5.0194  4.2269  0.0000  1.8169 39.0415
  4.2526  3.9735  0.0000  0.1770 36.2674
  5.3866  1.9803  0.0000  1.3943 15.5535
  5.3785  0.9132  0.0000  0.7393  5.9276
  4.4444  2.9475  0.0000  1.9418 25.3151
  5.2491  1.6654  0.0000  0.6573 12.5493
  5.3706  1.7089  0.0000  1.2878 12.9574
  5.3551  3.8233  0.0000  1.7324 34.6354
  4.6364  1.4878  0.0000  1.8790 10.9052
  5.6437  3.3566  0.0000  0.9411 29.6232
  4.8011  1.3085  0.0000  0.9409  9.2899
  5.5378  0.8540  0.0000  1.6931  5.4527
  4.6240  2.2127  0.0000  1.2212 17.8341
  4.8092  3.2329  0.0000  1.5579 28.3117
  5.3344  1.9367  0.0000  2.4751 15.1311
  4.9145  1.6042  0.0000  1.6849 11.9776
  5.0232  0.1526  0.0000  2.5936  0.7193
  4.2734  3.1731  0.0000  2.3149 27.6805
  5.4706  0.6230  0.0000  0.9559  3.6923
  4.4124  2.4004  0.0000  2.1841 19.7088
  5.5180  3.6089  0.0000  0.6692 32.3208
  6.2879  1.4166  0.0000  2.9430 10.2583
  4.7377  1.6944  0.0000  1.1899 12.8207
  5.2875  3.7243  0.0000  2.6365 33.5635
  5.5232  0.6441  0.0000  0.1745  3.8464
  4.6244  1.1676  0.0000  1.5606  8.0567
  4.0284  3.4206  0.0000  1.3079 30.3046
  5.3228  2.8664  0.0000  1.0829 24.4722
  5.4700  3.7925  0.0000  0.2263 34.3013
  5.2842  0.6097  0.0000  1.1322  3.5957
  5.2625  2.0498  0.0000  1.6545 16.2309
  4.5654  4.4627  0.0000  1.8081 41.6435
  4.1514  3.0247  0.0000  2.0050 26.1212
  4.9684  2.6003  0.0000  1.4097 21.7349
  4.7888  2.0662  0.0000  0.8056 16.3911
  5.5127  2.2456  0.0000  1.4580 18.1610
  5.8599  1.2914  0.0000  1.9239  9.1391
  5.2721  1.3524  0.0000  1.9365  9.6809
  4.6571  4.4303  0.0000  0.6005 41.2854
  4.4683  1.3611  0.0000  1.1770  9.7589
  5.0560  3.4020  0.0000  1.1716 30.1060
  4.7613  1.3670  0.0000  1.2665  9.8119
  5.2067  1.0289  0.0000  2.2362  6.8791
  6.0319  1.5912  0.0000  0.5287 11.8573
  4.8323  1.0897  0.0000  2.0508  7.3906
  5.0196  2.5571  0.0000  1.2040 21.2942
  5.0396  3.4551  0.0000  0.6961 30.6732
  5.2224  3.4376  0.0000  1.5862 30.4860
  4.9643  3.2109  0.0000  2.1361 28.0786
  4.8440  3.9956  0.0000  1.5720 36.5089
  5.3635  2.0973  0.0000  0.4946 16.6954
  4.5417  3.6371  0.0000  2.3296 32.6242
  5.0399  2.9731  0.0000  2.7873 25.5826
  6.0167  3.4611  0.0000  2.7178 30.7365
  4.9593  3.5563  0.0000  1.4423 31.7562
  4.7754  2.8275  0.0000  2.3101 24.0696
  5.2638  2.6696  0.0000  1.7683 22.4428
  5.7323  1.4145  0.0000  0.7645 10.2387
  5.0870  2.8843  0.0000  2.3152 24.6587
  4.9971  3.8652  0.0000  2.3927 35.0899
  5.2005  3.9169  0.0000  2.4413 35.6510
  5.0173  0.9518  0.0000  2.3354  6.2414
  5.3800  2.3150  0.0000  1.8033 18.8519
  5.4868  1.7591  0.0000  1.9318 13.4319
  5.3273  0.6020  0.0000  1.4982  3.5400
  4.1252  3.3648  0.0000  2.3088 29.7105
  5.2013  0.7453  0.0000  0.3886  4.6049
  5.6096  3.0119  0.0000  1.3705 25.9876
  5.1308  3.8803  0.0000  1.3874 35.2532
  4.7844  3.6007  0.0000  1.4902 32.2328
  5.7027  3.1213  0.0000  2.4090 27.1343
  4.8146  3.4997  0.0000  0.7093 31.1494
  5.1211  1.9893  0.0000  1.9597 15.6407
  5.1065  1.6256  0.0000  0.8147 12.1771
  5.5677  2.3180  0.0000  1.6955 18.8827
  4.9755  1.4306  0.0000  1.6080 10.3850
  5.3607  1.5012  0.0000  0.1122 11.0275
  5.1662  1.9158  0.0000  1.1114 14.9297
  5.2704  2.2434  0.0000  1.9512 18.1385
  4.2492  3.3897  0.0000  1.3443 29.9748
  3.9715  3.8763  0.0000  2.2238 35.2096
  5.4296  3.6670  0.0000  2.1201 32.9462
  4.7863  2.5568  0.0000  1.6605 21.2909
  5.2649  1.6718  0.0000  2.4648 12.6086
  4.9116  1.7245  0.0000  2.4749 13.1045
  4.7922  1.1118  0.0000  1.7443  7.5790
  5.7543  3.4085  0.0000  2.7322 30.1759
  5.1126  2.3901  0.0000  1.5880 19.6051
  5.5669  4.0234  0.0000  1.4914 36.8119
  4.9288  3.3722  0.0000  1.9768 29.7892
  4.6611  2.4788  0.0000  0.3828 20.5000
  4.9644  1.8604  0.0000  0.4042 14.3976
  5.2174  1.1354  0.0000  0.8779  7.7799
  4.8392  4.2501  0.0000  0.9586 39.2968
  4.2974  1.0790  0.0000  0.9865  7.3001
  5.2227  4.2730  0.0000  1.6152 39.5490
  5.8672  2.9459  0.0000  2.1312 25.2989
  5.6342  2.8068  0.0000  2.3417 23.8551
  5.3803  1.5445  0.0000  1.6696 11.4258
  4.6693  3.6315  0.0000  2.1227 32.5638
  4.2945  2.2543  0.0000  2.0273 18.2470
  5.2695  2.5188  0.0000  0.7162 20.9055
  5.8906  2.8436  0.0000  1.4955 24.2361
  3.6007  4.0877  0.0000  0.6856 37.5151
  4.9900  0.3733  0.0000  1.0567  1.9914
  5.1431  1.4534  0.0000  1.4024 10.5918
  4.8772  2.1707  0.0000  2.2659 17.4180
  4.9555  2.0089  0.0000  2.5973 15.8313
  5.6441  1.7109  0.0000  3.0824 12.9764
  4.7929  3.7459  0.0000  0.7410 33.7971
  5.0073  1.8696  0.0000  0.6701 14.4855
  5.2629  1.6823  0.0000  2.4312 12.7077
  4.6314  2.3656  0.0000  0.8999 19.3595
  5.7289  1.0757  0.0000  1.0853  7.2720
  4.4674  4.3143  0.0000  2.2106 40.0040
  5.1480  4.4751  0.0000  1.5496 41.7805
  5.4053  2.1250  0.0000  1.1958 16.9683
  5.0437  1.5778  0.0000  2.6599 11.7330
  5.2144  2.7664  0.0000  2.2955 23.4388
  4.9892  2.6154  0.0000  1.9489 21.8892
  6.0590  4.0363  0.0000  1.4901 36.9530
  5.6588  4.0440  0.0000  0.7956 37.0369
  5.2330  2.4175  0.0000  1.0914 19.8813
  3.9530  1.7960  0.0000  2.2348 13.7817
  5.0340  3.3609  0.0000  1.9335 29.6687
  5.0848  1.5017  0.0000  0.9676 11.0319
  5.9073  1.7719  0.0000  2.8212 13.5534
  4.7542  1.5658  0.0000  0.6708 11.6220
  5.1451  2.3628  0.0000  1.9567 19.3310
  5.1804  1.7865  0.0000  2.7682 13.6920
  4.4070  3.3558  0.0000  1.8309 29.6145
  3.9102  2.4501  0.0000  1.8075 20.2097
  5.2088  3.9093  0.0000  1.0800 35.5692
  4.9731  2.4033  0.0000  1.7497 19.7380
  3.9581  4.2214  0.0000  1.8833 38.9807
  4.8045  2.8161  0.0000  1.2662 23.9514
  6.0262  0.5529  0.0000  1.6195  3.1906
  5.2575  2.9928  0.0000  2.6964 25.7881
  5.7589  3.7641  0.0000  1.8970 33.9941
  4.9918  2.8385  0.0000  0.8483 24.1837
  4.8369  3.6083  0.0000  1.5377 32.3139
  5.2410  3.5705  0.0000  0.8517 31.9087
  4.9376  3.2603  0.0000  1.7405 28.6009
  4.1468  1.6236  0.0000  0.8242 12.1585
  5.4617  4.0247  0.0000  1.3238 36.8262
  4.0469  2.0897  0.0000  1.7500 16.6207
  4.6616  4.0131  0.0000  1.9259 36.6994
  5.2006  2.2716  0.0000  1.1543 18.4190
  5.4883  0.9876  0.0000  1.4268  6.5361
  6.2389  2.2393  0.0000  1.5944 18.0980
  4.8728  2.6495  0.0000  1.2216 22.2370
  5.0445  1.8002  0.0000  1.0881 13.8218
  4.1804  2.8748  0.0000  2.4254 24.5597
  4.0539  4.1197  0.0000  1.4587 37.8655
  5.3598  3.3002  0.0000  1.5902 29.0236
  4.7365  3.9762  0.0000  1.8120 36.2969
  5.6845  4.3509  0.0000  1.5303 40.4072
  5.6995  2.9492  0.0000  2.3397 25.3335
  5.0050  4.1944  0.0000  0.3988 38.6846
  5.2656  3.8757  0.0000  1.7936 35.2035
  5.3236  2.8968  0.0000  0.3803 24.7877
  4.8447  4.1840  0.0000  2.0343 38.5704
  4.9481  3.0668  0.0000  1.4308 26.5622
  4.6885  2.9337  0.0000  2.0893 25.1714
  4.9584  1.2536  0.0000  2.5227  8.8054
  5.0697  1.0042  0.0000  0.2608  6.6732
  4.9326  3.8967  0.0000  2.2425 35.4313
  5.2696  1.8984  0.0000  2.3833 14.7622
  6.3102  2.9132  0.0000  1.9976 24.9588
  4.7916  1.6361  0.0000  2.1901 12.2745
  4.9530  3.0091  0.0000  1.2836 25.9582
  5.0985  3.7497  0.0000  1.4186 33.8389
  5.3056  2.4650  0.0000  1.8874 20.3602
  5.2819  2.3581  0.0000  1.0532 19.2837
  4.4904  2.5670  0.0000  2.4312 21.3950
  5.4777  0.3303  0.0000  2.4940  1.7245
  5.0016  1.4484  0.0000  1.5288 10.5461
  5.2183  1.5393  0.0000  2.1558 11.3774
  4.9585  3.6840  0.0000  2.5574 33.1293
  4.3600  2.3467  0.0000  2.2077 19.1694
  5.4028  1.1609  0.0000  0.6721  7.9995
  6.0655  2.2394  0.0000  1.0564 18.0991
  5.0000  1.6358  0.0000  1.6831 12.2719
  4.7737  2.3909  0.0000  1.0354 19.6131
  5.1972  3.9926  0.0000  0.8735 36.4754
  4.6969  2.0707  0.0000  0.9827 16.4350
  4.2347  1.7563  0.0000  2.2636 13.4047
  5.6968  2.5370  0.0000  2.1445 21.0905
  5.7497  2.3204  0.0000  2.3082 18.9063
  5.9858  3.6881  0.0000  1.5009 33.1728
  4.2328  2.0176  0.0000  1.6658 15.9167
  4.6358  0.6660  0.0000  0.4099  4.0078
  4.6588  2.9051  0.0000  2.0399 24.8743
  5.2390  1.3510  0.0000  1.6781  9.6688
  4.8811  1.8686  0.0000  1.1962 14.4763
  4.6637  2.2746  0.0000  0.8665 18.4489
  5.8566  3.7267  0.0000  2.8806 33.5904
  5.8534  1.9440  0.0000  1.4896 15.2020
  6.1991  2.5296  0.0000  0.8487 21.0149
  5.4696  2.5548  0.0000  0.0449 21.2709
  5.0096  2.9813  0.0000  1.2446 25.6684
  4.7743  1.2003  0.0000  2.0523  8.3404
  5.3011  2.0627  0.0000  0.6195 16.3564
  5.0332  3.1901  0.0000  1.8498 27.8588
  5.5202  3.8128  0.0000  1.9439 34.5216
  6.0734  1.5714  0.0000  0.5208 11.6738
  5.4304  2.4621  0.0000  1.3068 20.3314
  4.5337  0.8333  0.0000  0.1510  5.2894
  5.0988  1.8514  0.0000  1.0083 14.3111
  5.8018  3.0387  0.0000  0.7942 26.2680
  5.5659  0.4394  0.0000  1.9502  2.4180
  6.9957  2.7411  0.0000  2.7348 23.1779
  4.6955  3.0194  0.0000  2.2877 26.0661
  4.9695  2.2986  0.0000  2.9262 18.6890
  5.8457  3.6476  0.0000  1.5444 32.7367
  5.0675  3.2869  0.0000  2.0000 28.8833
  4.9011  1.1513  0.0000  1.7444  7.9169
  5.7639  1.7405  0.0000  1.2331 13.2555
  5.5785  1.8658  0.0000  0.6922 14.4487
  5.2794  1.3989  0.0000  2.6322 10.0986
  5.2260  2.2591  0.0000  1.8730 18.2945
  5.2192  1.4091  0.0000  2.7611 10.1899
  6.1704  1.9515  0.0000  1.1626 15.2745
  5.8896  2.2042  0.0000  1.0843 17.7500
  5.3256  3.5476  0.0000  0.3281 31.6626
  5.0929  3.3289  0.0000  0.8509 29.3286
  5.6551  1.0457  0.0000  1.4731  7.0197
  5.4835  1.6740  0.0000  2.0785 12.6298
  4.9435  2.2731  0.0000  2.9604 18.4343
  5.0684  1.6526  0.0000  0.7926 12.4292
  4.2208  4.3101  0.0000  1.9244 39.9571
  3.6770  3.6559  0.0000  2.1834 32.8267
  5.1865  0.9706  0.0000  0.9363  6.3964
  5.0279  3.5174  0.0000  2.0964 31.3391
  5.1932  2.6481  0.0000  1.2126 22.2235
  5.0837  3.2706  0.0000  1.0613 28.7101
  4.6566  3.0579  0.0000  1.7685 26.4696
  6.8743  2.4636  0.0000  2.2233 20.3464
  5.3298  3.0451  0.0000  1.5716 26.3350
  5.0642  3.2456  0.0000  1.7909 28.4452
  4.2340  3.0151  0.0000  1.1207 26.0208
  4.7257  1.0367  0.0000  1.3963  6.9441
  5.3791  2.5806  0.0000  1.7054 21.5336
  5.2070  2.4301  0.0000  2.0885 20.0083
  5.2806  1.7509  0.0000  1.0604 13.3538
  5.3613  1.3749  0.0000  2.5665  9.8824
  4.7945  3.4415  0.0000  0.8644 30.5273
  5.7335  3.6101  0.0000  2.0392 32.3332
  5.2196  3.6283  0.0000  1.8158 32.5289
  5.1299  2.1797  0.0000  1.8618 17.5076
  5.5302  3.6336  0.0000  1.1080 32.5862
  4.4893  0.8219  0.0000  1.1091  5.1995
  5.5940  3.8720  0.0000  2.0829 35.1639
  5.7745  4.1525  0.0000  0.6021 38.2243
  5.0722  3.4088  0.0000  1.6470 30.1791
  5.0297  1.9192  0.0000  2.5777 14.9628
  5.4080  3.0922  0.0000  0.4408 26.8292
  5.6474  0.9856  0.0000  0.5032  6.5198
  5.2537  0.9425  0.0000  0.8062  6.1657
  5.0324  0.8354  0.0000  1.2425  5.3056
  5.3577  0.3134  0.0000  0.6576  1.6220
  5.0309  2.3414  0.0000  1.0414 19.1161
  5.5086  2.6145  0.0000  0.0957 21.8792
  5.2011  0.8858  0.0000  1.5541  5.7066
  4.7086  2.7639  0.0000  2.4983 23.4125
  5.5557  1.8246  0.0000  1.6228 14.0543
  6.0638  2.4661  0.0000  2.3760 20.3712
  5.2447  3.2447  0.0000  1.9063 28.4357
  4.6438  0.2732  0.0000  1.6292  1.3840
  6.6970  2.2549  0.0000  0.8361 18.2531
  4.6566  3.0199  0.0000  0.5774 26.0715
  5.5543  3.6777  0.0000  2.1510 33.0612
  5.1346  0.5377  0.0000  1.2557  3.0844
  5.1522  3.4920  0.0000  2.9564 31.0668
  4.8618  1.8766  0.0000  1.2169 14.5527
  4.3303  3.4621  0.0000  1.3224 30.7477
  5.2576  1.2439  0.0000  1.1230  8.7205
  6.9008  3.0516  0.0000  0.9221 26.4028
  5.0961  3.4367  0.0000  2.2308 30.4763
  5.2470  3.0436  0.0000  2.2421 26.3192
  4.7269  3.7912  0.0000  1.1122 34.2872
  5.1613  0.8410  0.0000  0.7891  5.3500
  5.4179  3.5975  0.0000  2.3276 32.1977
  5.3277  1.5922  0.0000  1.4332 11.8662
  4.5556  1.4071  0.0000  1.5790 10.1722
  4.8033  2.9283  0.0000  2.3097 25.1154
  5.5780  2.1449  0.0000  0.8678 17.1637
  5.0044  2.4807  0.0000  0.3277 20.5190
  5.6077  3.0704  0.0000  2.0668 26.6002
  5.3205  1.9264  0.0000  1.6008 15.0325
  4.9025  1.8028  0.0000  2.0728 13.8465
  3.9347  0.9692  0.0000  0.9536  6.3849
  4.3206  4.3129  0.0000  1.6954 39.9887
  3.8346  2.2119  0.0000  2.1389 17.8259
  5.0787  2.4584  0.0000  0.7042 20.2935
  5.3269  1.9160  0.0000  2.3997 14.9321
  4.2393  3.7493  0.0000  1.6349 33.8335
  5.4249  3.9957  0.0000  1.8603 36.5097
  4.0731  3.4008  0.0000  1.9555 30.0932
  4.8073  0.9299  0.0000  0.2203  6.0634
  4.6259  3.9530  0.0000  2.1500 36.0440
  6.9500  2.8667  0.0000  2.1649 24.4754
  4.5992  1.4624  0.0000  2.3397 10.6735
  4.8590  4.1277  0.0000  1.3975 37.9526
  5.0995  3.8131  0.0000  2.7493 34.5244
  5.4986  0.7451  0.0000  2.0451  4.6035
  5.4160  2.9668  0.0000  0.6889 25.5163
  3.8216  3.4737  0.0000  2.2561 30.8718
  6.4124  3.7561  0.0000  1.7146 33.9080
  4.4888  4.4919  0.0000  1.5702 41.9666
  5.2462  1.7270  0.0000  1.9592 13.1276
  5.1257  3.9839  0.0000  2.4278 36.3811
  5.0185  2.5634  0.0000  1.8620 21.3583
  3.9250  1.9821  0.0000  0.4126 15.5717
  5.1964  3.2258  0.0000  2.3535 28.2363
  5.4914  2.2309  0.0000  1.1129 18.0143
  5.2735  2.0784  0.0000  0.4814 16.5102
  4.7025  3.6871  0.0000  2.5711 33.1628
  5.2646  2.7759  0.0000  1.9918 23.5360
  6.9153  3.3355  0.0000  1.7419 29.3990
  5.2569  2.0716  0.0000  2.1162 16.4434
  4.6854  2.1201  0.0000  2.8959 16.9194
  5.1065  4.3760  0.0000  2.0152 40.6848
  5.1711  3.2916  0.0000  0.8403 28.9325
  5.3452  1.3993  0.0000  1.5288 10.1022
  5.0324  4.3108  0.0000  2.2943 39.9651
  4.4826  2.9552  0.0000  1.7406 25.3961
  5.5277  1.1220  0.0000  0.9628  7.6653
  6.2996  1.8903  0.0000  1.3579 14.6847
  6.2284  1.7114  0.0000  1.5776 12.9809
  4.6883  2.0110  0.0000  1.8125 15.8521
  6.0778  1.3148  0.0000  1.5831  9.3461
  6.1758  2.6093  0.0000  0.1610 21.8266
  5.1884  2.3439  0.0000  1.1154 19.1413
  5.0757  3.7877  0.0000  2.0648 34.2493
  4.1721  2.8270  0.0000  1.8580 24.0642
  5.3112  4.0191  0.0000  1.8477 36.7655
  6.0931  3.2126  0.0000  1.2740 28.0972
  6.0800  0.9767  0.0000  1.3788  6.4459
  3.8889  3.7558  0.0000  1.9398 33.9046
  5.7597  2.8984  0.0000  2.8322 24.8051
  4.7305  2.8050  0.0000  1.5643 23.8368
  4.9945  3.7254  0.0000  1.4883 33.5761
  4.2380  0.8111  0.0000  1.8832  5.1142
  5.7429  3.7897  0.0000  1.6574 34.2710
  4.7020  2.1271  0.0000  1.9669 16.9885
  5.6598  4.0006  0.0000  2.9398 36.5629
  4.5439  4.4719  0.0000  1.6420 41.7452
  5.2787  1.4381  0.0000  1.5434 10.4530
  5.1256  3.7594  0.0000  1.7934 33.9436
  5.4859  4.2095  0.0000  0.7023 38.8500
  5.6547  3.4423  0.0000  2.3977 30.5365
  5.4876  2.3981  0.0000  1.2815 19.6854
  5.4977  2.5659  0.0000  0.6376 21.3842
  5.1833  2.7726  0.0000  2.2835 23.5026
  4.7574  2.6396  0.0000  2.5741 22.1364
  4.5218  2.5538  0.0000  1.8447 21.2605
  4.8512  1.5417  0.0000  0.6469 11.3999
  5.2180  2.0196  0.0000  2.1582 15.9354
  5.4657  3.3653  0.0000  2.2606 29.7153
  4.0063  2.2220  0.0000  0.2317 17.9263
  5.2663  2.1230  0.0000  0.8834 16.9478
  5.3468  3.9591  0.0000  1.5494 36.1106
  5.4177  1.1371  0.0000  1.6759  7.7948
  5.3091  2.1232  0.0000  1.5288 16.9504
  4.3272  3.9679  0.0000  1.6902 36.2068
  5.4562  4.4137  0.0000  2.0111 41.1008
  4.3550  2.5702  0.0000  0.8153 21.4278
  6.6868  1.6345  0.0000  1.8389 12.2595
  5.2294  2.7417  0.0000  0.4192 23.1841
  5.4926  1.9454  0.0000  1.3503 15.2159
  5.4330  2.1302  0.0000  1.1174 17.0194
  5.3516  3.5977  0.0000  1.2446 32.2002
  5.6243  0.8174  0.0000  1.6525  5.1640
  4.5213  4.4057  0.0000  1.4690 41.0132
  4.2144  3.9044  0.0000  0.4689 35.5154
  5.0560  2.4268  0.0000  2.6050 19.9748
  4.7157  1.2260  0.0000  1.7535  8.5638
  4.9019  1.8895  0.0000  1.1453 14.6766
  5.4369  2.6651  0.0000  2.6558 22.3968
  6.1144  3.7426  0.0000  0.6424 33.7616
  5.1933  2.3356  0.0000  1.2314 19.0589
  5.0355  3.4187  0.0000  1.7971 30.2837
  5.8107  0.9296  0.0000  1.8762  6.0606
  4.7187  2.2809  0.0000  1.0692 18.5118
  5.3108  2.7458  0.0000  1.5342 23.2264
  3.9547  0.7730  0.0000  2.6004  4.8177
  5.3052  1.0941  0.0000  1.9140  7.4279
  5.3317  4.3135  0.0000  1.0591 39.9952
  5.3255  1.5020  0.0000  2.0173 11.0354
  5.1493  2.7800  0.0000  1.0097 23.5781
  4.6132  3.4034  0.0000  1.5041 30.1207
  5.2437  1.7680  0.0000  1.2467 13.5164
  4.7401  1.3802  0.0000  1.8212  9.9298
  4.9457  3.3366  0.0000  2.1037 29.4102
  5.2775  3.4971  0.0000  1.7847 31.1212
  5.3677  1.6658  0.0000  2.3628 12.5527
  5.2018  1.1711  0.0000  1.9723  8.0869
  4.1161  3.6638  0.0000  0.0561 32.9119
  5.2631  2.3486  0.0000  1.8896 19.1885
  4.7173  2.7661  0.0000  1.3932 23.4351
  6.5853  1.1363  0.0000  1.6709  7.7884
  6.2027  4.0816  0.0000  1.3331 37.4482
  5.5174  2.5607  0.0000  1.9856 21.3312
  5.2955  2.3838  0.0000  1.5248 19.5417
  5.9366  2.7684  0.0000  0.9507 23.4591
  5.5743  2.6578  0.0000  2.2195 22.3224
  4.9630  3.4949  0.0000  2.7492 31.0980
  5.0966  2.8447  0.0000  1.0620 24.2474
  5.1876  1.5692  0.0000  1.8221 11.6536
  5.0451  4.3803  0.0000  2.3819 40.7325
  5.1239  0.8527  0.0000  0.4196  5.4424
  4.8687  2.8181  0.0000  1.6597 23.9724
  4.2240  1.9975  0.0000  0.1731 15.7209
  4.8541  2.8902  0.0000  1.1484 24.7195
  6.2806  3.8709  0.0000  0.9906 35.1519
  4.9038  4.0072  0.0000  2.3794 36.6352
  4.6533  2.5958  0.0000  1.1822 21.6881
  5.9171  1.9084  0.0000  0.7800 14.8584
  5.5096  1.8199  0.0000  0.2396 14.0098
  4.7321  3.0235  0.0000  0.5066 26.1090
  4.6077  4.2112  0.0000  0.9784 38.8686
  4.8163  3.5177  0.0000  1.1885 31.3416
  5.9265  2.2677  0.0000  2.3267 18.3802
  5.1480  2.3065  0.0000  1.4888 18.7672
  5.2315  3.1190  0.0000  1.4067 27.1102
  5.1897  2.6265  0.0000  1.4985 22.0021
  5.2530  1.2013  0.0000  1.2156  8.3487
  4.9095  4.2806  0.0000  1.5701 39.6324
  5.4861  4.3408  0.0000  0.5723 40.2960
  4.7084  1.5049  0.0000  0.7922 11.0617
  5.1749  1.9670  0.0000  2.0315 15.4250
  5.7450  1.0930  0.0000  2.5252  7.4188
  5.0931  3.0016  0.0000  0.6278 25.8800
  5.3302  0.9046  0.0000  0.6455  5.8583
  4.6901  2.6933  0.0000  2.7350 22.6864
  5.4341  3.2598  0.0000  2.2471 28.5963
  5.2069  1.7154  0.0000  1.6804 13.0183
  5.5271  2.9459  0.0000  1.5436 25.2987
  6.0382  0.7671  0.0000  2.1889  4.7722
  5.2119  1.2982  0.0000  2.8971  9.1990
  4.1443  3.8179  0.0000  1.9062 34.5762
  5.2184  2.5924  0.0000  1.7731 21.6543
  5.2632  2.0010  0.0000  1.0239 15.7544
  5.1433  2.2298  0.0000  2.5864 18.0040
  5.0410  3.0714  0.0000  1.4638 26.6107
  5.3252  3.6515  0.0000  2.7036 32.7794
  5.0166  1.6890  0.0000  1.4032 12.7704
  4.7436  2.1657  0.0000  1.8630 17.3685
  5.9665  1.1321  0.0000  1.8596  7.7521
  5.1748  2.6421  0.0000  1.8470 22.1616
  5.4933  1.6607  0.0000  0.9325 12.5046
  4.4389  3.3261  0.0000  1.4156 29.2989
  5.4074  3.7060  0.0000  2.4369 33.3664
  5.4897  1.7573  0.0000  2.4895 13.4148
  5.7127  1.9434  0.0000  2.1111 15.1966
  4.8369  4.1315  0.0000  1.2291 37.9944
  5.3923  3.1423  0.0000  0.5833 27.3559
  5.0236  1.4287  0.0000  1.1365 10.3676
  5.6821  2.2163  0.0000  0.9373 17.8701
  4.9987  1.4390  0.0000  2.3983 10.4611
  5.5144  4.4544  0.0000  0.7905 41.5515
  5.1492  1.2432  0.0000  1.0994  8.7147
  4.7600  3.2486  0.0000  2.0869 28.4776
  4.0153  4.3550  0.0000  2.0011 40.4523
  5.9732  4.2323  0.0000  2.4557 39.1013
  5.7936  3.1631  0.0000  0.3349 27.5744
  5.6063  2.7703  0.0000  1.8718 23.4786
  6.3482  2.4843  0.0000  2.0165 20.5553
  4.4822  1.9837  0.0000  0.4859 15.5871
  4.4159  4.1440  0.0000  1.7981 38.1320
  5.9157  0.8858  0.0000  0.9561  5.7072
  4.8761  0.3793  0.0000  1.6311  2.0291
  4.2089  1.8733  0.0000  1.0615 14.5205
  5.6975  2.4356  0.0000  1.5038 20.0630
  5.2637  1.4657  0.0000  1.1062 10.7031
  4.5391  4.1512  0.0000  1.2395 38.2107
  5.7274  2.2728  0.0000  2.2723 18.4317
  4.6974  2.0626  0.0000  2.5714 16.3561
  5.1009  2.9925  0.0000  2.7430 25.7849
  6.3322  2.4496  0.0000  1.4204 20.2052
  5.1686  2.2275  0.0000  0.5000 17.9807
  5.4435  4.4812  0.0000  0.8360 41.8481
  4.7529  3.9735  0.0000  0.2131 36.2672
  4.8688  3.1619  0.0000  0.5346 27.5620
  4.4327  1.9776  0.0000  1.8663 15.5271
  6.4586  3.0706  0.0000  1.2005 26.6023
  4.5825  2.2332  0.0000  1.1436 18.0373
  5.5147  3.6731  0.0000  1.3791 33.0115
  4.8793  4.1721  0.0000  0.7099 38.4401
  5.8141  4.2010  0.0000  2.1914 38.7574
  5.2191  2.8843  0.0000  1.7762 24.6585
  5.1969  2.0122  0.0000  1.1655 15.8638
  5.4789  2.1658  0.0000  1.6420 17.3697
  5.0161  1.8907  0.0000  1.6522 14.6883
  4.5268  1.6996  0.0000  1.8237 12.8700
  4.9422  3.5120  0.0000  1.7881 31.2806
  5.6858  1.5751  0.0000  0.4544 11.7081
  5.7001  4.3897  0.0000  2.9427 40.8363
  4.9654  1.1519  0.0000  2.4743  7.9219
  5.5260  1.2110  0.0000  0.4927  8.4335
  4.1368  1.2098  0.0000  0.6594  8.4229
  4.9536  3.4541  0.0000  1.8142 30.6617
  4.5802  4.3998  0.0000  2.7134 40.9471
  5.0869  3.1347  0.0000  1.3231 27.2759
  4.5205  4.2364  0.0000  2.8015 39.1462
  5.1881  2.1948  0.0000  0.7794 17.6565
  5.2926  1.2274  0.0000  1.1705  8.5764
  5.6960  3.3428  0.0000  2.1701 29.4760
  5.2832  3.0752  0.0000  2.1508 26.6506
  4.6807  3.3457  0.0000  0.6026 29.5070
  5.6090  3.4320  0.0000  1.1098 30.4266
  5.1131  2.1803  0.0000  1.8519 17.5134
  5.1765  2.7971  0.0000  0.9149 23.7553
  4.9608  3.2598  0.0000  1.7939 28.5964
  5.2615  2.1192  0.0000  2.4075 16.9104
  3.8559  2.6863  0.0000  0.3924 22.6146
  5.1293  1.3538  0.0000  1.2875  9.6936
  3.8031  4.1323  0.0000  1.0814 38.0031
  4.9968  0.9517  0.0000  0.2993  6.2410
  5.1842  3.5312  0.0000  1.7548 31.4865
  5.2987  2.6689  0.0000  2.3040 22.4357
  5.0453  2.2116  0.0000  0.7434 17.8231
  4.5978  1.3424  0.0000  1.6296  9.5920
  5.1398  3.3522  0.0000  3.0232 29.5762
  5.4207  3.1623  0.0000  0.8700 27.5666
  5.1434  2.4781  0.0000  2.6916 20.4925
  6.1828  2.2447  0.0000  2.3721 18.1518
  5.9281  2.4896  0.0000  2.4831 20.6088
  5.2051  4.2979  0.0000  1.8636 39.8229
  4.7899  2.6499  0.0000  1.4641 22.2419
  5.4188  1.5083  0.0000  0.9134 11.0927
  5.9473  1.8106  0.0000  0.1790 13.9214
  5.4342  2.5216  0.0000  0.4603 20.9341
  5.4028  3.6207  0.0000  0.2447 32.4472
  4.6325  1.6467  0.0000  0.9634 12.3737
  5.2402  1.4989  0.0000  0.9981 11.0064
  5.8743  1.3962  0.0000  0.4441 10.0738
  4.3446  1.3677  0.0000  2.1998  9.8179
  5.1178  2.6191  0.0000  2.5775 21.9266
  6.8952  2.0624  0.0000  1.4704 16.3537
  5.1941  0.4160  0.0000  2.5694  2.2647
  6.5237  4.4566  0.0000  1.0675 41.5765
  5.1174  3.7966  0.0000  0.8051 34.3455
  5.7051  1.6932  0.0000  0.6761 12.8093
  5.8565  2.4386  0.0000  1.4218 20.0938
  5.2460  3.9454  0.0000  1.6609 35.9621
  4.8757  3.1805  0.0000  0.6912 27.7577
  4.9451  2.5314  0.0000  0.8676 21.0329
  5.1242  3.7987  0.0000  2.3822 34.3689
  5.1730  3.7188  0.0000  1.2640 33.5047
  4.6104  3.4983  0.0000  2.4778 31.1342
  3.9473  4.1023  0.0000  2.4048 37.6749
  5.3394  1.1390  0.0000  2.1107  7.8113
  5.1428  0.8096  0.0000  1.6915  5.1028
  4.7691  1.6757  0.0000  1.8872 12.6454
  5.2471  1.9561  0.0000  2.1476 15.3188
  5.7815  2.7706  0.0000  0.5118 23.4820
  5.6357  2.2711  0.0000  1.7614 18.4145
  3.7979  2.7199  0.0000  2.2559 22.9594
  4.6806  3.2000  0.0000  0.3233 27.9638
  4.7892  3.2050  0.0000  2.0936 28.0162
  4.6539  2.2221  0.0000  1.4996 17.9273
  5.0447  1.9144  0.0000  2.9452 14.9165
  4.9620  3.5594  0.0000  2.0247 31.7889
  6.3442  2.1208  0.0000  2.1734 16.9265
  5.8138  3.7006  0.0000  0.7023 33.3082
  5.2589  2.0243  0.0000  2.2915 15.9814
  5.2305  2.3338  0.0000  2.0263 19.0409
  4.8221  1.3439  0.0000  1.8282  9.6055
  4.8425  3.5290  0.0000  1.3729 31.4635
  4.9092  1.5135  0.0000  1.5948 11.1406
  3.9515  0.5359  0.0000  2.7440  3.0717
  5.6099  3.4646  0.0000  1.9762 30.7745
  5.4986  2.1002  0.0000  1.7835 16.7242
  5.3973  1.2661  0.0000  1.6279  8.9152
  5.0011  2.1766  0.0000  0.7220 17.4767
  3.5960  1.4169  0.0000  1.9070 10.2607
  5.1864  2.9354  0.0000  2.3582 25.1891
  4.8956  3.9170  0.0000  2.6676 35.6530
  4.5308  2.8879  0.0000  1.6445 24.6959
  5.0499  3.2140  0.0000  1.0591 28.1114
  5.1111  3.3163  0.0000  1.9220 29.1947
  5.2314  1.0686  0.0000  0.5302  7.2129
  5.3623  2.3069  0.0000  2.0049 18.7712
  5.0385  4.1307  0.0000  1.9658 37.9863
  5.8413  2.7711  0.0000  1.1490 23.4867
  5.2100  2.9446  0.0000  1.6052 25.2850
  4.0156  2.1651  0.0000  1.3404 17.3630
  5.7750  3.2376  0.0000  1.6409 28.3611
  5.5016  1.9891  0.0000  1.3445 15.6387
  4.9294  2.4281  0.0000  1.0143 19.9881
  4.7576  1.1604  0.0000  1.5749  7.9952
  5.4761  2.4384  0.0000  1.2933 20.0918
  5.6283  3.5382  0.0000  2.2058 31.5615
  4.8256  2.5196  0.0000  1.7994 20.9133
  4.8474  3.1863  0.0000  2.8213 27.8192
  4.6441  2.4063  0.0000  2.1463 19.7679
  4.9596  1.8400  0.0000  0.9283 14.2020
  5.0528  3.4502  0.0000  0.2904 30.6208
  4.6789  2.8017  0.0000  1.8748 23.8031
  5.7872  2.8795  0.0000  2.1004 24.6083
  4.3883  1.0771  0.0000  1.3833  7.2846
  4.5685  4.2878  0.0000  0.7587 39.7120
  5.9010  4.1027  0.0000  2.3764 37.6792
  4.9338  1.0990  0.0000  0.0833  7.4698
  5.1582  2.3399  0.0000  0.5520 19.1017
  6.1975  3.1257  0.0000  2.0069 27.1814
  4.8245  3.9416  0.0000  1.1255 35.9204
  4.5878  3.1751  0.0000  1.1619 27.7011
  4.9918  3.3917  0.0000  0.3281 29.9965
  4.1052  4.3848  0.0000  2.6729 40.7820
  6.7668  2.6735  0.0000  0.5234 22.4836
  4.3385  2.7409  0.0000  1.8561 23.1755
  5.2158  4.4585  0.0000  1.2632 41.5969
  5.7088  3.9899  0.0000  0.0802 36.4464
  5.3187  2.6676  0.0000  1.9501 22.4222
  5.6730  2.0678  0.0000  1.4712 16.4063
  5.0912  4.2536  0.0000  0.5160 39.3351
  5.7728  4.1317  0.0000  0.2269 37.9968
  4.5516  1.1731  0.0000  1.6072  8.1046
  4.2713  4.1244  0.0000  1.2238 37.9168
  5.2776  1.1591  0.0000  1.6791  7.9834
  5.2360  0.9958  0.0000  2.6638  6.6040
  5.4558  2.6000  0.0000  0.7693 21.7310
  5.2813  3.1182  0.0000  1.2570 27.1024
  5.8702  3.8398  0.0000  1.2367 34.8137
  3.7496  1.5066  0.0000  2.8686 11.0772
  4.5766  2.0152  0.0000  1.0492 15.8934
  5.0036  1.8044  0.0000  0.6860 13.8619
  5.4115  2.4258  0.0000  1.6374 19.9651
  4.1203  0.9805  0.0000  2.0926  6.4774
  4.9009  2.3081  0.0000  2.5608 18.7832
  4.9779  1.0894  0.0000  1.5065  7.3882
  5.2216  1.2347  0.0000  2.3811  8.6396
  4.4372  3.7570  0.0000  2.1767 33.9173
  5.6082  3.7081  0.0000  2.1022 33.3886
  5.7768  3.7028  0.0000  1.3361 33.3321
  4.4670  1.2539  0.0000  2.8524  8.8083
  5.0801  3.5948  0.0000  1.2990 32.1694
  5.3033  1.6541  0.0000  1.5344 12.4434
  5.2559  2.7953  0.0000  2.7200 23.7371
  5.1141  2.8978  0.0000  2.1299 24.7981
  5.2100  3.8017  0.0000  2.0805 34.4011
  6.0016  1.1501  0.0000  1.9687  7.9064
  4.8258  4.2842  0.0000  1.1806 39.6726
  6.7623  2.9980  0.0000  1.1329 25.8424
  3.6637  3.1430  0.0000  1.9176 27.3626
  4.7752  2.5033  0.0000  0.9176 20.7485
  4.0945  0.9897  0.0000  1.8213  6.5531
  5.3247  2.9541  0.0000  1.0809 25.3839
  5.6263  3.0664  0.0000  2.7210 26.5585
  5.1137  3.4027  0.0000  1.1226 30.1139
  4.6539  1.8364  0.0000  1.8498 14.1676
  3.6445  4.1083  0.0000  0.9813 37.7404
  5.0729  2.4849  0.0000  1.7668 20.5620
  5.0646  3.7231  0.0000  2.5115 33.5513
  4.9067  0.8328  0.0000  1.1377  5.2849
  5.9146  0.6570  0.0000  1.5776  3.9411
  4.1695  2.8437  0.0000  0.4309 24.2368
  4.8571  3.6467  0.0000  1.8092 32.7275
  5.8693  3.6081  0.0000  1.0447 32.3123
  5.5700  2.7974  0.0000  2.4569 23.7587
  5.1825  1.8033  0.0000  1.5206 13.8518
  3.9489  3.8341  0.0000  1.4044 34.7520
  4.9182  2.1985  0.0000  0.4391 17.6931
  5.5205  2.5179  0.0000  1.5595 20.8959
  6.1365  2.1290  0.0000  2.0955 17.0071
  5.3077  1.6437  0.0000  2.2494 12.3455
  5.0162  0.8447  0.0000  1.7017  5.3792
  4.5522  3.2356  0.0000  0.9543 28.3398
  5.6160  3.0803  0.0000  2.6736 26.7046
  5.2830  3.1566  0.0000  0.4929 27.5063
  4.9811  1.2555  0.0000  2.1835  8.8223
  5.3700  1.5957  0.0000  1.8972 11.8993
  4.8323  3.6165  0.0000  2.0892 32.4025
  6.1431  1.9456  0.0000  2.3945 15.2171
  4.9350  0.6794  0.0000  2.1799  4.1072
  6.7420  2.2065  0.0000  1.2787 17.7728
  5.4429  2.8366  0.0000  2.0683 24.1641
  5.2502  1.0414  0.0000  1.0257  6.9837
  4.9352  4.3676  0.0000  0.5279 40.5916
  5.2139  2.8860  0.0000  1.8599 24.6758
  4.1122  0.8601  0.0000  1.3125  5.5016
  5.3491  3.2619  0.0000  1.6738 28.6185
  6.1076  3.2471  0.0000  1.1057 28.4611
  6.7324  2.3687  0.0000  1.7095 19.3901
  6.0439  1.7554  0.0000  2.3389 13.3970
  5.5956  2.8912  0.0000  2.5538 24.7298
  4.3183  1.6554  0.0000  1.3176 12.4550
  4.8576  2.0684  0.0000  2.0789 16.4120
  5.4922  3.0839  0.0000  0.7309 26.7417
  5.2533  3.6160  0.0000  0.8052 32.3973
  5.3460  2.1302  0.0000  1.4347 17.0192
  6.1663  3.0031  0.0000  0.3749 25.8957
  3.6750  2.6798  0.0000  0.9855 22.5475
  4.1107  2.9134  0.0000  2.8681 24.9608
  5.2135  1.3930  0.0000  2.0207 10.0453
  5.1658  2.4773  0.0000  1.6408 20.4843
  4.5262  4.3582  0.0000  0.9162 40.4882
  3.9141  2.7454  0.0000  2.2356 23.2220
  4.9760  2.5103  0.0000  1.6502 20.8191
  4.9356  2.8719  0.0000  0.7460 24.5297
  5.1430  3.3018  0.0000  2.4961 29.0413
  5.4320  1.2739  0.0000  1.5202  8.9841
  5.8305  1.9770  0.0000  1.0062 15.5215
  5.3595  2.9079  0.0000  1.0321 24.9030
  4.2727  0.3711  0.0000  1.4585  1.9780
  5.0128  1.4757  0.0000  1.3040 10.7942
  3.8075  1.1765  0.0000  1.7240  8.1336
  5.1753  2.7357  0.0000  2.3262 23.1221
  5.1672  2.4351  0.0000  1.7213 20.0581
  5.8976  3.2025  0.0000  1.4872 27.9897
  3.6859  1.9804  0.0000  1.3034 15.5544
  6.5262  1.0465  0.0000  1.6343  7.0263
  5.1253  2.6225  0.0000  0.8669 21.9614
  5.0335  3.8331  0.0000  0.7413 34.7409
  5.1016  1.4553  0.0000  2.2068 10.6084
  4.0718  2.7426  0.0000  1.7116 23.1934
  4.7685  2.2137  0.0000  1.4899 17.8444
  5.2480  1.5599  0.0000  1.5327 11.5672
  5.2651  1.1785  0.0000  1.9035  8.1515
  4.7141  3.8261  0.0000  1.3125 34.6653
  5.1977  1.8149  0.0000  2.3450 13.9625
  4.7659  1.3542  0.0000  2.6990  9.6975
  3.7535  2.0242  0.0000  1.8819 15.9803
  5.1137  2.7174  0.0000  0.9663 22.9336
  6.1811  2.6093  0.0000  0.9816 21.8259
  5.4000  2.9925  0.0000  2.5147 25.7846
  5.5445  1.5962  0.0000  2.6931 11.9031
  5.7502  1.6100  0.0000  2.6457 12.0321
  5.4003  2.2403  0.0000  1.8586 18.1075
  5.5030  1.5534  0.0000  0.9162 11.5072
  6.9259  1.9077  0.0000  0.8255 14.8521
  5.2360  1.4167  0.0000  2.1301 10.2588
  5.3605  1.6126  0.0000  0.5890 12.0560
  5.1385  1.0298  0.0000  0.4455  6.8871
  3.8247  1.7869  0.0000  1.8153 13.6956
  5.1731  3.0956  0.0000  2.1079 26.8644
  5.5620  3.2324  0.0000  0.6141 28.3056
  5.0453  4.2702  0.0000  1.7544 39.5179
  5.7960  2.1702  0.0000  0.4702 17.4138
  5.2258  1.5087  0.0000  1.2844 11.0961
  4.7782  2.9501  0.0000  1.4153 25.3426
  4.8270  0.8302  0.0000  2.5070  5.2646
  4.4374  1.2061  0.0000  1.0021  8.3903
  5.1599  1.5353  0.0000  1.3473 11.3411
  4.9185  1.4807  0.0000  1.8365 10.8403
  5.8152  3.7621  0.0000  1.4485 33.9729
  6.2552  3.5924  0.0000  1.7071 32.1431
  5.0048  1.9563  0.0000  1.1995 15.3215
  5.2235  3.3106  0.0000  1.3419 29.1348
  6.8226  3.6302  0.0000  0.2310 32.5495
  5.8317  2.1012  0.0000  1.7929 16.7338
  5.0966  2.5693  0.0000  0.9374 21.4186
  5.0874  3.2559  0.0000  1.8242 28.5542
  6.7111  2.3988  0.0000  0.4076 19.6929
  5.1806  2.0863  0.0000  1.0764 16.5879
  5.2644  1.4286  0.0000  1.5313 10.3665
  4.5845  1.6520  0.0000  1.3188 12.4232
  4.7402  2.1064  0.0000  0.6302 16.7850
  5.1758  1.2953  0.0000  2.4141  9.1733
  4.3006  3.3105  0.0000  2.1806 29.1331
  5.5920  3.9971  0.0000  1.9491 36.5250
  5.1385  1.6362  0.0000  1.0261 12.2757
  5.3491  3.5708  0.0000  1.7387 31.9118
  5.1741  2.8623  0.0000  0.8924 24.4296
  6.0133  3.2889  0.0000  1.2612 28.9046
  5.1823  1.5847  0.0000  0.0564 11.7966
  6.6950  1.9212  0.0000  1.3188 14.9814
  5.0829  0.9433  0.0000  1.3090  6.1720
  4.7125  4.2020  0.0000  1.2635 38.7685
  5.3464  1.8967  0.0000  2.0502 14.7463
  5.3067  3.1860  0.0000  1.1823 27.8156
  4.6541  1.4106  0.0000  0.8378 10.2043
  5.6558  2.1491  0.0000  1.4846 17.2052
  5.4822  3.5235  0.0000  1.9182 31.4042
  5.4403  2.3313  0.0000  0.5572 19.0159
  4.6091  4.4628  0.0000  0.5473 41.6448
  5.1962  3.7087  0.0000  0.9965 33.3950
  5.2176  3.3012  0.0000  2.7898 29.0351
  5.2180  1.9637  0.0000  0.6705 15.3926
  5.2352  1.3345  0.0000  2.6085  9.5215
  5.0554  2.6366  0.0000  1.2868 22.1049
  4.5424  2.6848  0.0000  2.3920 22.5989
  4.9153  1.2757  0.0000  0.5209  9.0001
  5.5735  1.5632  0.0000  0.2232 11.5978
  5.4959  3.5838  0.0000  2.0141 32.0510
  5.6548  2.5113  0.0000  1.3165 20.8290
  5.1256  2.7417  0.0000  2.0744 23.1840
  5.0706  3.3756  0.0000  1.8580 29.8255
  3.9079  3.9475  0.0000  1.8501 35.9844
  5.1038  3.0161  0.0000  1.2859 26.0315
  5.8520  2.4798  0.0000  1.6529 20.5097
  5.1071  2.1010  0.0000  1.5355 16.7320
  6.4915  3.2737  0.0000  2.6015 28.7430
  5.0879  4.3360  0.0000  2.1066 40.2434
  6.5137  0.6687  0.0000  2.6667  4.0282
  4.7004  2.8794  0.0000  0.2971 24.6069
  5.9694  1.0095  0.0000  3.0546  6.7176
  5.3243  0.4513  0.0000  1.7114  2.4963
  5.0973  3.4581  0.0000  1.5935 30.7042
  5.4685  3.1003  0.0000  1.2638 26.9143
  4.1385  1.8795  0.0000  1.0815 14.5800
  6.4005  2.7194  0.0000  2.0694 22.9540
  5.5122  2.8116  0.0000  2.7514 23.9047
  5.1538  0.2309  0.0000  1.3933  1.1419
  6.1323  2.6889  0.0000  1.3619 22.6413
  5.5188  3.2106  0.0000  2.5195 28.0761
  4.9017  3.8234  0.0000  0.9216 34.6364
  6.4076  2.1559  0.0000  1.0598 17.2727
  4.2888  3.2658  0.0000  1.4864 28.6590
  5.6103  1.7286  0.0000  0.8360 13.1430
  4.4701  2.6906  0.0000  2.2089 22.6590
  5.2463  0.6406  0.0000  1.3200  3.8209
  6.1466  2.6751  0.0000  2.7952 22.4991
  6.0792  3.3603  0.0000  2.5028 29.6627
  4.5031  3.6523  0.0000  1.6648 32.7879
  5.4622  2.0878  0.0000  1.8361 16.6028
  5.0996  2.2302  0.0000  1.4526 18.0077
  4.7484  0.7806  0.0000  0.8651  4.8766
  5.2481  2.4787  0.0000  1.9707 20.4990
  5.3989  3.4727  0.0000  1.9539 30.8612
  5.9770  3.0325  0.0000  1.4836 26.2035
  3.9825  2.8760  0.0000  0.4777 24.5724
  4.0347  1.7144  0.0000  1.2913 13.0089
  4.7549  4.2145  0.0000  0.5108 38.9051
  5.2531  1.0052  0.0000  0.5948  6.6822
  5.4607  1.9858  0.0000  2.3491 15.6067
  4.9021  2.6036  0.0000  1.9327 21.7687
  4.6668  0.9307  0.0000  2.6944  6.0694
  4.7974  2.0345  0.0000  1.8197 16.0807
  5.9293  2.2846  0.0000  1.7577 18.5486
  4.5014  3.1889  0.0000  2.1711 27.8462
  5.5526  1.7640  0.0000  0.8757 13.4778
  5.0515  4.3159  0.0000  2.9950 40.0209
  4.9268  1.9270  0.0000  1.3758 15.0375
  5.2487  3.7209  0.0000  2.7076 33.5276
  4.9292  1.4898  0.0000  0.5519 10.9237
  4.8663  3.0951  0.0000  2.3522 26.8589
  5.2325  3.3141  0.0000  3.0085 29.1720
  5.2019  1.8686  0.0000  1.8105 14.4756
  5.2848  2.4295  0.0000  1.1982 20.0016
  4.9738  1.9140  0.0000  1.3554 14.9126
  5.5269  1.1675  0.0000  1.9578  8.0559
  5.2937  1.4639  0.0000  1.7301 10.6867
  6.0141  2.8850  0.0000  1.3418 24.6659
  4.1622  1.9128  0.0000  2.3371 14.9007
  4.6298  2.7966  0.0000  2.2758 23.7498
  5.5918  1.6200  0.0000  1.6421 12.1247
  5.9691  1.1970  0.0000  0.9836  8.3112
  5.6957  1.4273  0.0000  2.1056 10.3545
  6.5784  2.6892  0.0000  1.4052 22.6447
  4.8807  2.1497  0.0000  0.1866 17.2109
  5.2657  2.6046  0.0000  3.0125 21.7784
  6.5630  1.6860  0.0000  0.6176 12.7418
  4.8756  0.6463  0.0000  2.3788  3.8625
  5.0798  2.4776  0.0000  0.9694 20.4876
  5.5135  3.1411  0.0000  2.4706 27.3434
  5.1526  1.1406  0.0000  0.8415  7.8246
  6.4987  2.3480  0.0000  1.7352 19.1826
  4.0836  3.3560  0.0000  2.1417 29.6164
  5.5710  4.0662  0.0000  2.0014 37.2796
  4.7431  2.1017  0.0000  2.5293 16.7391
  4.7937  0.7770  0.0000  2.8068  4.8492
  5.1911  1.7916  0.0000  0.8479 13.7401
  4.8927  1.3167  0.0000  1.6421  9.3630
  6.3580  4.2732  0.0000  1.2829 39.5509
  5.5358  0.8617  0.0000  1.5745  5.5141
  4.8600  4.1115  0.0000  0.6208 37.7752
  5.0927  4.2897  0.0000  1.5638 39.7325
  5.4282  2.3446  0.0000  1.1378 19.1488
  5.4807  3.8313  0.0000  1.8029 34.7222
  5.5318  3.0737  0.0000  2.6931 26.6349
  5.2824  2.1799  0.0000  1.2402 17.5096
  3.9152  2.5639  0.0000  1.9548 21.3641
  5.2987  2.2098  0.0000  1.1868 17.8055
  5.3999  1.9368  0.0000  1.0834 15.1329
  5.4822  1.4955  0.0000  0.3992 10.9751
  5.3973  4.4538  0.0000  0.2649 41.5455
  5.7035  2.0804  0.0000  2.2641 16.5300
  6.9532  2.4062  0.0000  1.8375 19.7677
  5.4842  3.9116  0.0000  0.8939 35.5936
  3.7748  1.0322  0.0000  1.8218  6.9070
  5.1165  1.6929  0.0000  0.6372 12.8073
  4.2360  0.7528  0.0000  1.1399  4.6623
  5.0768  1.0684  0.0000  0.6153  7.2111
  5.3599  4.2317  0.0000  0.1859 39.0948
  5.9776  2.2711  0.0000  1.4486 18.4141
  4.6760  0.4750  0.0000  2.3123  2.6551
  6.1764  2.3380  0.0000  0.9511 19.0823
  5.0734  1.3052  0.0000  2.4893  9.2605
  5.6203  3.8723  0.0000  2.2513 35.1670
  4.5118  3.9061  0.0000  1.8098 35.5342
  5.6973  2.2096  0.0000  2.7701 17.8033
  6.6749  1.8013  0.0000  2.6151 13.8323
  5.0800  1.1800  0.0000  1.9604  8.1645
  5.1398  3.0640  0.0000  2.4006 26.5336
  5.0402  1.2259  0.0000  1.8290  8.5632
  5.3279  2.1461  0.0000  1.2652 17.1753
  4.8792  2.8416  0.0000  1.1549 24.2157
  5.1546  2.8033  0.0000  0.6897 23.8189
  5.2166  2.4720  0.0000  2.6389 20.4312
  5.2086  1.1694  0.0000  2.5486  8.0727
  5.0359  3.4076  0.0000  2.0986 30.1662
  5.3466  3.3270  0.0000  1.6408 29.3080
  5.9921  0.8052  0.0000  1.7888  5.0684
  4.7296  2.9273  0.0000  0.6445 25.1049
  5.2073  4.1092  0.0000  1.6316 37.7508
  5.4402  3.3255  0.0000  1.3414 29.2923
  4.1278  3.3324  0.0000  0.6135 29.3653
  4.9309  3.3559  0.0000  0.3900 29.6158
  4.8720  1.3614  0.0000  1.5384  9.7612
  4.7027  2.2262  0.0000  2.1435 17.9675
  5.4912  0.8127  0.0000  1.9370  5.1274
  5.1276  2.8073  0.0000  1.7388 23.8610
  4.3518  3.4702  0.0000  2.4879 30.8339
  4.5765  2.6441  0.0000  2.2885 22.1818
  5.1815  0.7981  0.0000  2.6316  5.0127
  5.2746  2.1783  0.0000  2.0618 17.4937
  4.9512  3.8670  0.0000  1.7185 35.1096
  4.3363  3.6974  0.0000  0.9091 33.2737
  5.2175  2.4845  0.0000  2.2441 20.5578
  4.7852  2.1683  0.0000  0.4816 17.3947
  6.2500  3.1847  0.0000  1.2203 27.8020
  5.3653  4.4805  0.0000  1.6541 41.8406
  4.9023  3.2034  0.0000  2.2746 27.9998
  4.8601  3.9511  0.0000  1.0255 36.0236
  4.7087  3.1485  0.0000  1.8389 27.4207
  5.1944  2.6679  0.0000  1.5009 22.4258
  5.3813  1.4603  0.0000  1.3880 10.6539
  5.4668  1.5270  0.0000  1.9887 11.2648
  5.1352  1.5771  0.0000  1.9790 11.7268
  5.4873  2.8579  0.0000  0.8037 24.3848
  5.2600  1.1040  0.0000  1.1605  7.5119
  5.5653  3.8405  0.0000  1.1307 34.8214
  5.9773  0.8913  0.0000  0.8736  5.7514
  4.9265  2.1764  0.0000  1.6538 17.4742
  5.6891  1.5177  0.0000  1.5763 11.1787
  5.0157  2.6111  0.0000  1.0829 21.8452
  5.3271  3.5831  0.0000  1.5277 32.0434
  5.0519  2.8739  0.0000  1.9248 24.5508
  4.7473  2.4474  0.0000  1.7778 20.1822
  4.7327  3.8744  0.0000  2.2257 35.1893
  5.6881  3.2218  0.0000  1.6778 28.1944
  5.2019  1.8939  0.0000  1.1788 14.7189
  4.6018  2.1320  0.0000  1.2545 17.0365
  4.8848  2.1823  0.0000  1.2149 17.5333
  4.6406  3.0066  0.0000  0.6179 25.9327
  5.4830  3.3577  0.0000  1.5941 29.6346
  5.1427  0.7572  0.0000  1.9968  4.6959
  5.1607  0.7656  0.0000  2.2597  4.7612
  5.1316  3.6847  0.0000  1.4357 33.1369
  4.9540  2.4397  0.0000  0.7388 20.1052
  5.8802  1.9183  0.0000  1.0664 14.9541
  5.0101  3.8841  0.0000  1.8908 35.2949
  4.2254  2.8769  0.0000  1.0275 24.5819
  5.4088  1.7742  0.0000  1.8030 13.5753
  6.1293  1.2879  0.0000  1.8579  9.1078
  5.4513  1.9332  0.0000  1.6185 15.0981
  4.6332  3.2300  0.0000  2.3165 28.2803
  6.0078  1.9754  0.0000  2.3239 15.5057
  5.2130  2.7179  0.0000  2.1071 22.9387
  4.0281  2.8470  0.0000  1.7686 24.2715
  5.2597  1.9042  0.0000  1.2346 14.8180
  5.4983  1.8557  0.0000  1.2473 14.3524
  4.7655  4.0026  0.0000  2.2812 36.5852
  5.5985  2.9754  0.0000  0.9362 25.6063
  4.2118  2.7697  0.0000  0.7446 23.4721
  5.0800  3.7194  0.0000  2.3729 33.5112
  4.6419  0.4028  0.0000  0.5449  2.1797
  6.2643  3.4278  0.0000  2.2760 30.3816
  6.3770  2.6790  0.0000  1.0936 22.5393
  3.7495  2.7403  0.0000  1.4535 23.1693
  5.2578  3.0572  0.0000  2.0708 26.4620
  5.8828  1.9195  0.0000  2.4471 14.9658
  5.5147  0.9680  0.0000  1.8809  6.3748
  5.5859  2.7054  0.0000  0.0973 22.8102
  5.6778  3.4947  0.0000  1.5279 31.0962
  5.7233  2.8433  0.0000  0.6278 24.2326
  4.6093  2.1735  0.0000  2.0024 17.4455
  6.7194  1.7168  0.0000  0.9304 13.0316
  4.9708  4.1332  0.0000  2.1362 38.0129
  5.7020  3.5058  0.0000  0.0558 31.2150
  5.0811  0.9140  0.0000  2.8187  5.9337
  5.1053  3.6748  0.0000  1.9815 33.0298
  4.6496  4.4656  0.0000  1.6495 41.6754
  5.1771  2.5813  0.0000  1.3925 21.5412
  4.9940  3.7626  0.0000  2.3580 33.9777
  5.5524  3.8388  0.0000  2.2826 34.8027
  4.1530  1.8487  0.0000  1.0405 14.2849
  5.5526  1.5419  0.0000  1.7436 11.4013
  5.2223  4.1017  0.0000  1.6722 37.6686
  3.8123  3.6465  0.0000  0.2834 32.7254
  5.2111  1.3879  0.0000  0.1799  9.9994
  3.5194  1.2112  0.0000  1.3503  8.4346
  3.7445  0.5908  0.0000  1.1076  3.4599
  5.2240  1.8506  0.0000  1.8409 14.3032
  5.2721  1.8129  0.0000  0.9200 13.9426
  4.7366  3.1242  0.0000  0.6557 27.1651
  4.2867  3.1959  0.0000  1.5024 27.9207
  5.2742  2.5702  0.0000  2.5461 21.4277
  5.3946  2.9282  0.0000  2.5430 25.1143
  5.2031  3.4023  0.0000  1.8530 30.1089
  5.0302  3.1822  0.0000  0.9844 27.7762
  4.7497  3.2826  0.0000  1.5017 28.8372
  5.4578  3.0254  0.0000  1.1733 26.1285
  4.1812  3.6944  0.0000  2.1055 33.2411
  3.9304  2.5621  0.0000  0.4439 21.3451
  5.7039  4.1257  0.0000  1.8225 37.9310
  5.9915  3.5297  0.0000  1.2212 31.4702
  4.8073  1.0302  0.0000  2.6172  6.8901
  4.8334  1.7426  0.0000  2.2028 13.2753
  5.1246  3.8386  0.0000  1.2094 34.8008
  5.4475  2.1983  0.0000  1.0897 17.6908
  5.2254  3.2969  0.0000  0.7574 28.9887
  5.7870  1.9109  0.0000  0.0948 14.8821
  5.1534  0.5473  0.0000  2.1167  3.1514
  4.7698  3.7536  0.0000  2.6856 33.8809
  4.5583  2.8673  0.0000  2.8585 24.4816
  5.7969  2.1568  0.0000  1.5552 17.2808
  5.1562  2.3869  0.0000  1.8238 19.5733
  5.7700  2.1804  0.0000  1.0919 17.5140
  3.9318  2.3624  0.0000  1.2241 19.3268
  5.5129  3.1616  0.0000  1.9198 27.5586
  4.1618  0.6126  0.0000  1.0764  3.6170
  6.2036  0.4563  0.0000  2.1198  2.5293
  5.6156  3.7523  0.0000  1.8077 33.8670
  5.3710  2.6447  0.0000  2.3111 22.1881
  5.1600  1.9439  0.0000  2.7152 15.2010
  5.2100  1.8163  0.0000  2.0957 13.9753
  5.5354  3.3314  0.0000  0.6965 29.3550
  5.5742  0.5701  0.0000  1.0195  3.3125
  3.7907  3.9524  0.0000  2.7229 36.0379
  4.5361  1.6391  0.0000  2.3012 12.3028
  4.8888  2.8542  0.0000  1.2228 24.3463
  4.5894  2.9381  0.0000  1.9709 25.2181
  6.2484  2.0491  0.0000  1.4203 16.2240
  5.4870  0.7809  0.0000  1.8887  4.8789
  5.3129  3.4740  0.0000  0.3555 30.8742
  3.7592  0.9087  0.0000  1.9077  5.8915
  4.3708  0.8556  0.0000  1.3861  5.4653
  4.8623  3.4849  0.0000  2.0696 30.9907
  4.5681  2.3295  0.0000  2.7969 18.9979
  4.4547  2.7312  0.0000  1.3130 23.0754
  6.0657  1.3582  0.0000  2.1455  9.7329
  4.7478  3.0494  0.0000  1.8378 26.3805
  4.9039  3.3615  0.0000  0.4028 29.6754
  5.1364  3.3079  0.0000  2.6794 29.1054
  5.1677  3.0615  0.0000  1.6477 26.5066
  5.1306  1.0061  0.0000  0.9025  6.6895
  4.8451  1.3192  0.0000  0.8490  9.3848
  5.9534  4.4569  0.0000  2.5265 41.5788
  3.5697  3.8368  0.0000  2.9025 34.7818
  5.5236  1.4614  0.0000  1.7847 10.6646
  4.4872  0.3046  0.0000  1.9037  1.5693
  4.8959  4.0707  0.0000  2.4025 37.3285
  4.7827  1.1133  0.0000  0.7016  7.5911
  4.9609  3.6231  0.0000  1.3506 32.4738
  6.4984  3.1240  0.0000  3.0042 27.1631
  5.2205  1.4620  0.0000  1.6400 10.6698
  4.4213  0.4945  0.0000  0.6809  2.7872
  4.6502  1.4420  0.0000  0.2829 10.4881
  5.0382  2.9196  0.0000  0.9721 25.0255
  5.3446  0.8782  0.0000  2.4864  5.6463
  5.5719  2.9721  0.0000  0.8703 25.5723
  4.8932  4.1406  0.0000  1.8169 38.0940
  5.3083  3.2015  0.0000  1.4492 27.9795
  3.5315  1.1026  0.0000  2.6468  7.5003
  4.3846  1.8575  0.0000  0.6290 14.3696
  5.7036  3.5205  0.0000  1.5232 31.3716
  5.2025  2.1517  0.0000  1.3681 17.2309
  6.3504  2.2395  0.0000  2.8504 18.0995
  5.2708  3.0091  0.0000  0.2754 25.9579
  4.4713  2.5888  0.0000  0.8342 21.6168
  4.7298  4.2047  0.0000  2.3067 38.7974
  5.0557  3.6293  0.0000  2.3243 32.5400
  4.9161  0.5108  0.0000  3.0077  2.8985
  5.1271  2.4369  0.0000  1.4808 20.0770
  4.1881  2.5215  0.0000  2.1484 20.9326
  5.1532  2.6134  0.0000  1.5928 21.8687
  4.3215  4.4222  0.0000  1.3580 41.1949
  3.8483  3.4257  0.0000  0.3956 30.3583
  4.5429  3.3288  0.0000  1.6305 29.3281
  3.9976  3.9510  0.0000  1.7860 36.0228
  3.7289  1.4974  0.0000  1.3620 10.9933
  5.3815  2.5201  0.0000  2.3663 20.9187
  4.4236  2.2616  0.0000  2.5715 18.3201
  4.9019  2.2055  0.0000  2.2516 17.7628
  5.2564  2.1680  0.0000  1.9433 17.3912
  5.3234  4.0431  0.0000  2.6420 37.0273
  3.6776  0.5535  0.0000  1.4135  3.1954
  5.3094  1.1156  0.0000  2.4652  7.6109
  5.9559  4.1972  0.0000  1.4109 38.7157
  5.6148  1.3251  0.0000  3.1018  9.4374
  4.5623  3.7379  0.0000  2.3884 33.7112
  5.2819  3.4302  0.0000  0.5469 30.4070
  4.6629  2.1353  0.0000  2.2927 17.0692
  4.8382  3.8804  0.0000  0.4471 35.2543
  4.2198  3.5202  0.0000  1.2788 31.3687
  5.5312  1.7687  0.0000  1.4210 13.5226
  5.8723  4.4285  0.0000  1.8473 41.2644
  5.0336  1.5037  0.0000  0.9418 11.0509
  4.9692  2.4237  0.0000  1.8165 19.9438
  4.0745  4.4259  0.0000  2.0625 41.2357
  5.0881  3.4078  0.0000  0.7424 30.1683
  5.2222  2.0714  0.0000  0.6908 16.4420
  4.5195  3.1161  0.0000  1.7072 27.0796
  5.1828  1.8496  0.0000  1.6729 14.2934
  3.8491  3.2746  0.0000  0.9590 28.7528
  6.7658  1.7111  0.0000  1.9456 12.9782
  5.5060  0.9739  0.0000  1.7888  6.4233
  5.2429  2.7017  0.0000  1.8444 22.7721
  4.1679  1.5774  0.0000  2.8553 11.7297
  6.0775  2.7488  0.0000  1.7772 23.2572
  5.1614  3.8346  0.0000  0.1057 34.7578
  5.3234  3.9312  0.0000  1.3176 35.8065
  4.7316  1.0198  0.0000  1.3103  6.8030
  4.4102  2.5655  0.0000  1.6124 21.3794
  5.3914  2.6580  0.0000  1.3174 22.3244
  5.1172  3.7264  0.0000  0.6684 33.5869
  4.8359  3.3022  0.0000  1.5941 29.0455
  4.8398  1.8264  0.0000  2.3647 14.0717
  4.9052  3.4852  0.0000  0.9726 30.9943
  4.9294  2.8421  0.0000  2.4420 24.2208
  5.1372  1.4928  0.0000  0.1716 10.9511
  6.2217  2.9340  0.0000  1.6203 25.1747
  5.2825  2.5585  0.0000  1.4481 21.3084
  4.1489  3.3864  0.0000  2.4905 29.9399
  6.5807  1.2214  0.0000  1.9876  8.5241
  5.3977  4.2196  0.0000  1.3123 38.9611
  4.7726  3.0021  0.0000  1.7433 25.8856
  6.1087  2.4537  0.0000  1.8378 20.2466
  5.4367  1.5900  0.0000  1.4753 11.8462
  5.2615  2.6707  0.0000  1.6421 22.4548
  6.0476  1.7722  0.0000  2.0870 13.5560
  4.7986  4.1234  0.0000  2.0968 37.9055
  5.4636  2.1705  0.0000  1.3653 17.4162
  5.1027  1.3568  0.0000  2.1276  9.7203
  4.1565  2.2213  0.0000  1.7642 17.9194
  4.8603  2.2659  0.0000  2.5104 18.3622
  4.3146  1.0071  0.0000  1.8674  6.6974
  5.6600  2.1257  0.0000  1.7592 16.9749
  5.2657  0.7610  0.0000  2.8174  4.7255
  5.2535  0.6392  0.0000  1.7733  3.8102
  5.1217  2.4456  0.0000  0.8786 20.1643
  5.2585  1.6191  0.0000  1.9474 12.1165
  5.6954  3.8896  0.0000  0.8981 35.3547
  4.4694  2.7087  0.0000  2.7326 22.8443
  5.2304  1.3976  0.0000  1.3789 10.0865
  5.0531  2.5892  0.0000  2.0889 21.6217
  6.1905  3.7126  0.0000  0.8348 33.4379
  4.7852  2.7909  0.0000  1.6411 23.6908
