  4.4746  2.5821  0.9957  3.0666 21.5492
  5.5115  3.0817  0.9792  1.2899 26.7184
  4.7454  2.8063  0.9866  2.8593 23.8499
  3.9956  1.9625  0.9952  0.6716 15.3813
  4.5249  2.2396  0.9872  1.4013 18.1012
  4.4029  2.9612  0.9796  1.0028 25.4578
  4.3239  4.3693  0.9786  2.7268 40.6108
  4.5536  4.3674  0.9707  0.8598 40.5893
  5.1844  1.4525  0.9798  0.2924 10.5833
  5.5073  2.8528  0.9694  2.6934 24.3312
  4.6364  2.4939  0.9879  0.3591 20.6531
  5.3784  1.9100  0.9751  2.2839 14.8736
  5.4555  4.1700  0.9710  0.4771 38.4171
  5.1101  0.9450  0.9947  0.7340  6.1859
  4.6892  1.3728  0.9862  1.7450  9.8636
  5.3768  2.1270  0.9702  1.9163 16.9879
  6.1104  1.5736  0.9958  0.8437 11.6941
  4.9030  3.1554  0.9832  1.7002 27.4936
  4.9996  4.3450  0.9706  1.7682 40.3419
  5.5536  2.7780  0.9804  0.6236 23.5575
  4.4538  2.0771  0.9941  1.7012 16.4977
  5.2445  3.5519  0.9799  0.9679 31.7088
  4.3612  2.2135  0.9888  1.5366 17.8416
  5.1871  2.5961  0.9788  2.2187 21.6918
  5.4361  1.4984  0.9677  0.4870 11.0025
  5.2802  0.2775  0.9760  0.5210  1.4089
  5.4872  2.7174  0.9818  0.5002 22.9335
  4.9765  3.7735  0.9871  1.6409 34.0959
  5.7742  4.0222  0.9765  0.5225 36.7989
  5.3962  1.8231  0.9851  1.9111 14.0407
  5.1380  4.3756  0.9675  2.7996 40.6800
  5.0542  1.0058  0.9700  0.3799  6.6870
  5.6674  3.4848  0.9854  1.2992 30.9899
  5.2808  3.2858  0.9980  1.2051 28.8716
  5.1112  2.5961  0.9932  0.8034 21.6914
  5.5930  4.4750  0.9820  1.5095 41.7794
  5.6404  3.2087  0.9917  2.0036 28.0557
  5.0639  2.8716  0.9882  1.5443 24.5263
  5.3180  2.1899  0.9913  1.6892 17.6084
  5.2969  1.5552  0.9882  1.9698 11.5241
  4.5637  1.2034  0.9798  1.9895  8.3672
  4.1775  3.4390  0.9925  0.6718 30.5008
  5.2972  4.2005  0.9972  1.8706 38.7514
  5.4752  2.5066  0.9782  1.9444 20.7820
  5.6263  2.6329  0.9817  0.8434 22.0671
  5.5677  1.3347  0.9708  0.7997  9.5231
  5.1334  0.9506  0.9944  1.4764  6.2322
  5.9007  3.0725  0.9763  0.4677 26.6220
  4.3049  4.4166  0.9772  1.1530 41.1332
  5.2401  2.3251  0.9732  0.8539 18.9538
  5.1947  0.5589  0.9835  1.6659  3.2330
  5.2996  4.4062  0.9875  1.8113 41.0183
  5.0793  3.3964  0.9966  1.7930 30.0460
  4.4469  4.1501  0.9768  1.4769 38.1980
  4.6493  3.7478  0.9859  1.0219 33.8175
  4.6617  3.8348  0.9674  0.6254 34.7598
  5.5660  3.8742  0.9867  2.5442 35.1869
  5.2750  2.9434  0.9905  1.1314 25.2725
  4.8738  2.8459  0.9886  1.7205 24.2597
  6.1445  1.6214  0.9686  1.5016 12.1378
  5.5108  2.1958  0.9911  2.3340 17.6666
  4.9486  1.8059  0.9874  1.0075 13.8764
  5.3425  4.2809  0.9900  0.5240 39.6357
  6.0175  3.2012  0.9851  2.0505 27.9770
  4.4788  0.7618  0.9861  0.8049  4.7317
  5.1966  2.7022  0.9832  0.9533 22.7777
  4.8374  2.0534  0.9812  1.0297 16.2662
  5.0355  1.8854  0.9857  1.3789 14.6369
  4.7642  3.5963  0.9936  1.1413 32.1856
  4.9391  3.8087  0.9861  0.9975 34.4772
  3.7204  1.2475  0.9855  0.8260  8.7518
  4.0259  3.3838  0.9864  2.4101 29.9120
  5.7966  3.8722  0.9821  0.3901 35.1659
  6.1201  2.6343  0.9834  0.7722 22.0819
  5.4731  4.3344  0.9855  2.1292 40.2251
  5.6671  3.8432  0.9853  0.7804 34.8512
  5.1810  1.2550  0.9935  1.6966  8.8179
  5.0908  1.0311  0.9733  1.6367  6.8974
  5.6409  4.4328  0.9699  1.2468 41.3130
  4.8955  1.8640  0.9678  2.3947 14.4319
  5.7460  3.5781  0.9717  1.5446 31.9894
  5.2697  1.0157  0.9919  0.1586  6.7690
  4.8587  3.3192  0.9795  2.3497 29.2252
  5.5756  2.3766  0.9862  1.7766 19.4695
  5.3486  0.8113  0.9980  1.6201  5.1164
  5.2379  4.4989  0.9869  0.5647 42.0446
  4.3067  1.7165  0.9980  0.1476 13.0294
  5.3407  1.3013  0.9952  1.9892  9.2259
  4.4677  1.3048  0.9687  0.6791  9.2574
  6.0037  1.1704  0.9800  1.5240  8.0813
  5.4947  3.8013  0.9746  0.7444 34.3969
  5.2109  1.9357  0.9974  2.8614 15.1215
  5.0169  3.6822  0.9733  1.9209 33.1098
  5.1078  2.7372  0.9711  0.6570 23.1372
  4.8536  2.4138  0.9725  0.4426 19.8436
  5.5889  3.6115  0.9725  2.7273 32.3487
  5.7134  4.0038  0.9980  1.4859 36.5984
  6.2409  4.2209  0.9810  0.9040 38.9754
  5.0592  2.9778  0.9964  2.5322 25.6312
  4.8545  1.4636  0.9980  1.2316 10.6848
  5.0620  2.5934  0.9876  0.9753 21.6638
  5.2814  2.1595  0.9920  0.5502 17.3074
  4.4396  1.4879  0.9846  0.1724 10.9063
  5.9727  0.4803  0.9708  2.3807  2.6904
  4.9208  2.9213  0.9804  0.4991 25.0430
  5.0736  3.6890  0.9769  0.9598 33.1830
  5.5087  2.2323  0.9886  2.6068 18.0282
  5.7938  2.3915  0.9908  2.4953 19.6190
  5.2216  3.2940  0.9835  2.2323 28.9586
  5.7399  3.4713  0.9980  1.4807 30.8457
  3.7261  1.0500  0.9811  1.1471  7.0559
  4.6310  1.6119  0.9668  1.5148 12.0490
  6.1448  2.8252  0.9961  1.6966 24.0455
  5.2054  1.7449  0.9824  1.3167 13.2976
  5.4631  2.8901  0.9968  0.3861 24.7180
  5.4474  2.1572  0.9922  0.2716 17.2854
  5.0247  4.0636  0.9718  1.1757 37.2512
  3.5632  2.6208  0.9904  0.8526 21.9439
  4.4741  1.1512  0.9944  1.4112  7.9161
  4.9825  1.4249  0.9667  1.4711 10.3335
  5.6483  3.2750  0.9744  0.5256 28.7568
  4.4242  2.7377  0.9817  1.2020 23.1427
  5.6978  1.5770  0.9781  1.1219 11.7255
  5.1597  3.5499  0.9879  2.3892 31.6870
  5.5341  1.5098  0.9896  2.3090 11.1069
  5.3429  2.1388  0.9957  1.1171 17.1039
  5.1099  1.1136  0.9693  0.9787  7.5937
  5.2684  3.9190  0.9682  0.9376 35.6745
  4.3375  2.5349  0.9763  1.1000 21.0689
  5.5816  1.9693  0.9793  0.4430 15.4473
  5.8660  2.5478  0.9939  2.7107 21.2002
  5.3926  1.6354  0.9699  1.9782 12.2679
  5.3887  2.4983  0.9883  0.3691 20.6969
  5.2422  2.0784  0.9810  2.4566 16.5099
  3.7085  2.3492  0.9747  0.9661 19.1951
  4.4055  2.4841  0.9769  0.3114 20.5533
  3.9827  1.3806  0.9897  1.0744  9.9341
  6.9405  2.0797  0.6495  1.7092 16.5231
  4.4809  3.9494  0.9715  0.3201 36.0047
  4.5949  3.4505  0.9893  1.3897 30.6238
  5.2492  2.5095  0.9931  0.6996 20.8104
  6.0292  0.5895  0.9861  0.3656  3.4502
  5.3223  1.2873  0.9866  1.9707  9.1026
  5.2392  2.5599  0.9703  1.0604 21.3232
  5.3477  2.8857  0.9922  0.8254 24.6726
  5.0352  4.2304  0.9916  0.2610 39.0806
  4.8535  3.5569  0.9894  0.7350 31.7622
  5.7563  3.9912  0.9703  1.8266 36.4608
  5.1278  1.9487  0.9681  0.5835 15.2479
  5.5711  3.8502  0.9782  1.0571 34.9269
  4.8762  3.6758  0.9871  2.6732 33.0409
  5.4539  3.1615  0.9892  1.2435 27.5574
  5.3367  1.2131  0.9834  1.6313  8.4519
  4.7283  1.0839  0.9740  1.6818  7.3414
  5.9946  1.5464  0.9718  0.6464 11.4429
  5.5785  4.1584  0.9891  0.8879 38.2894
  3.8581  1.9507  0.9792  1.0996 15.2666
  5.5204  3.0633  0.9900  1.4908 26.5258
  4.9070  3.2271  0.9844  1.4789 28.2496
  5.7387  3.4945  0.9777  0.5651 31.0943
  4.5172  1.8527  0.9669  0.2056 14.3236
  4.5508  3.8853  0.9864  1.0881 35.3082
  4.9882  4.0746  0.9746  2.0463 37.3717
  5.7869  1.2728  0.9916  0.5384  8.9749
  5.3419  2.6093  0.9874  1.2730 21.8265
  4.5049  4.0739  0.9968  0.3890 37.3644
  4.9152  2.5169  0.9929  0.7454 20.8855
  4.3023  2.4781  0.9679  1.2718 20.4924
  5.6675  1.0918  0.9719  1.5024  7.4083
  5.9697  4.3278  0.9933  0.4973 40.1524
  5.4976  1.3671  0.9773  1.7013  9.8123
  5.1614  0.3500  0.9936  0.0720  1.8462
  5.7498  2.7061  0.9892  1.5666 22.8181
  5.1988  3.3588  0.9740  1.2245 29.6466
  5.4275  0.8326  0.9802  1.1867  5.2833
  5.7916  1.2166  0.9741  0.9217  8.4821
  6.3193  4.1863  0.9790  2.5004 38.5960
  5.5177  2.1093  0.9670  0.6158 16.8135
  5.0238  1.7523  0.9796  0.5458 13.3676
  3.9144  1.6491  0.9812  0.7535 12.3964
  4.8064  1.7013  0.9850  1.4454 12.8860
  5.3756  2.9484  0.9980  2.1187 25.3249
  4.4927  1.9895  0.9865  2.7380 15.6432
  4.8626  3.7499  0.9881  2.1336 33.8409
  4.9622  3.7997  0.9960  0.8175 34.3797
  5.3275  0.7762  0.9852  1.6029  4.8426
  5.5597  4.1039  0.9830  0.6128 37.6924
  5.7339  1.4375  0.9872  1.2470 10.4473
  5.2026  3.7981  0.9913  1.0209 34.3615
