  4.5774  3.6536  0.0000  2.0845 32.8018
  5.6563  1.6719  0.0000  1.8340 12.6096
  5.5528  3.4177  0.0000  1.6290 30.2732
  5.2182  3.2475  0.0000  1.1737 28.4655
  5.3592  2.6472  0.0000  1.4528 22.2141
  5.3529  3.9964  0.0000  0.1194 36.5171
  5.5095  2.2391  0.0000  0.2046 18.0957
  4.8426  1.4071  0.0000  1.2351 10.1726
  5.9381  2.9665  0.0000  1.7539 25.5135
  3.5382  3.1730  0.0000  2.3669 27.6788
  4.6822  2.2946  0.0000  1.7554 18.6486
  5.4932  0.3418  0.0000  1.9864  1.7953
  6.4835  1.9743  0.0000  0.6940 15.4956
  5.5688  2.8029  0.0000  0.3844 23.8146
  5.1343  1.3927  0.0000  1.9688 10.0424
  5.4206  2.0314  0.0000  0.2394 16.0505
  5.0418  4.2390  0.0000  0.6184 39.1748
  4.9938  2.0625  0.0000  2.4896 16.3548
  5.1935  3.6879  0.0000  2.4304 33.1710
  5.5700  1.7376  0.0000  2.5147 13.2284
  5.2297  1.3942  0.0000  2.2650 10.0558
  4.9565  3.5792  0.0000  1.4354 32.0013
  5.4872  1.5576  0.0000  0.2039 11.5458
  5.1046  2.6864  0.0000  2.5384 22.6151
  5.6404  1.9765  0.0000  2.0961 15.5164
  5.0950  3.7255  0.0000  2.1320 33.5769
  5.9661  2.5091  0.0000  1.5569 20.8070
  5.1756  2.9365  0.0000  2.0427 25.2009
  5.9833  4.0802  0.0000  1.6943 37.4330
  5.4692  2.6502  0.0000  0.6980 22.2448
  4.7772  1.9440  0.0000  1.6096 15.2021
  5.6941  3.2639  0.0000  1.5518 28.6392
  5.1105  4.2114  0.0000  1.2420 38.8712
  4.6203  0.9183  0.0000  1.3184  5.9688
  5.0158  0.4840  0.0000  1.9576  2.7157
  5.0991  2.5475  0.0000  1.9374 21.1966
  5.0665  3.0769  0.0000  2.0159 26.6679
  5.5791  1.4059  0.0000  1.5147 10.1612
  5.1835  4.2325  0.0000  1.3546 39.1028
  4.9834  3.8237  0.0000  2.1563 34.6395
  4.7887  2.8293  0.0000  2.3351 24.0877
  5.2537  2.5406  0.0000  1.5866 21.1267
  4.1686  2.1372  0.0000  1.6131 17.0878
  5.4206  2.2689  0.0000  0.7321 18.3920
  5.1651  2.7740  0.0000  1.9150 23.5169
  4.9161  4.2224  0.0000  1.8031 38.9926
  5.3440  2.9193  0.0000  0.8734 25.0220
  5.0235  3.0732  0.0000  1.9257 26.6295
  4.9958  0.5000  0.0000  2.4624  2.8241
  4.3823  3.2636  0.0000  2.3631 28.6366
  4.9134  1.6416  0.0000  1.9494 12.3261
  3.5544  2.2740  0.0000  1.1391 18.4430
  5.4460  2.9899  0.0000  2.2951 25.7582
  5.1065  3.2071  0.0000  1.3907 28.0392
  5.6359  1.2881  0.0000  2.6965  9.1095
  5.2504  3.8511  0.0000  2.5458 34.9362
  5.5876  3.7952  0.0000  1.4098 34.3308
  4.0959  2.6935  0.0000  2.0254 22.6887
  4.6689  3.2176  0.0000  0.4355 28.1494
  4.8669  0.9441  0.0000  2.2491  6.1785
  6.5392  2.9889  0.0000  2.1216 25.7471
  4.1865  3.9698  0.0000  1.5587 36.2272
  5.6864  1.7091  0.0000  1.2464 12.9590
  6.1381  2.9828  0.0000  1.7001 25.6832
  5.4032  0.7385  0.0000  1.3124  4.5531
  5.5838  3.5700  0.0000  1.8571 31.9023
  4.6151  2.7822  0.0000  0.7302 23.6011
  5.2574  2.1853  0.0000  1.0982 17.5627
  5.2537  1.1098  0.0000  0.3923  7.5620
  5.7505  2.1876  0.0000  1.2718 17.5853
  5.2004  3.3541  0.0000  1.3358 29.5959
  5.5932  4.0973  0.0000  1.8800 37.6203
  5.4384  3.8219  0.0000  0.3678 34.6202
  4.3063  1.4058  0.0000  1.3974 10.1607
  5.7085  4.0520  0.0000  2.8587 37.1240
  3.8547  1.8941  0.0000  2.3218 14.7204
  5.4685  3.3198  0.0000  1.3948 29.2317
  4.9432  4.1586  0.0000  1.4748 38.2920
  4.7590  4.1724  0.0000  1.2379 38.4429
  5.3105  1.9713  0.0000  0.3030 15.4668
  5.7938  3.7715  0.0000  1.1885 34.0737
  5.3263  2.5614  0.0000  1.3520 21.3378
  5.2848  1.7958  0.0000  2.2338 13.7803
  5.1852  4.0256  0.0000  2.0314 36.8362
  5.1075  2.9334  0.0000  2.0020 25.1682
  5.1032  1.1910  0.0000  1.3483  8.2592
  6.2843  2.9571  0.0000  1.8167 25.4158
  4.9558  1.9599  0.0000  0.7973 15.3560
  5.1174  1.3824  0.0000  2.0752  9.9501
  4.8504  3.5552  0.0000  2.4669 31.7441
  4.6298  0.5293  0.0000  2.2228  3.0262
  5.3434  2.6153  0.0000  2.2443 21.8875
  4.1389  4.2192  0.0000  1.4904 38.9574
  4.6946  2.4683  0.0000  1.2998 20.3939
  6.1295  3.8072  0.0000  2.3238 34.4609
  5.2570  1.8581  0.0000  1.5707 14.3753
  5.0453  2.7889  0.0000  1.0557 23.6709
  5.1009  2.1454  0.0000  1.5639 17.1686
  5.7374  3.4930  0.0000  2.1147 31.0774
  5.1671  3.0636  0.0000  1.1294 26.5285
  5.4219  3.0308  0.0000  2.0118 26.1849
  5.7640  2.2435  0.0000  1.9696 18.1397
  5.2878  2.7652  0.0000  0.4831 23.4264
  5.4520  3.4458  0.0000  1.6170 30.5732
  5.6924  2.8818  0.0000  0.8450 24.6319
  5.4315  2.3903  0.0000  1.0329 19.6070
  5.1054  3.2220  0.0000  1.4266 28.1966
  4.4742  1.9080  0.0000  0.8925 14.8542
  5.4584  1.5464  0.0000  2.2766 11.4425
  5.3853  2.0258  0.0000  2.2975 15.9960
  5.3985  1.3014  0.0000  1.8283  9.2271
  5.2107  1.5283  0.0000  1.1872 11.2759
  5.1832  2.2741  0.0000  1.3671 18.4442
  4.3167  1.2342  0.0000  1.0246  8.6359
  5.8717  2.0594  0.0000  1.4825 16.3245
  4.7634  1.9898  0.0000  2.9501 15.6462
  4.8726  3.6293  0.0000  0.5622 32.5405
  5.1357  2.9935  0.0000  1.5260 25.7956
  5.8994  3.6122  0.0000  1.3610 32.3564
  5.9147  3.0409  0.0000  1.1158 26.2910
  4.9137  3.3075  0.0000  1.3813 29.1017
  4.8270  4.3428  0.0000  1.6811 40.3182
  4.4852  0.4632  0.0000  1.1014  2.5757
  5.2068  0.7047  0.0000  1.2100  4.2966
  4.5472  4.0900  0.0000  0.9344 37.5400
  5.0164  1.2601  0.0000  1.2812  8.8625
  5.0873  1.8470  0.0000  2.4000 14.2688
  5.4779  2.1514  0.0000  2.0246 17.2281
  4.8514  1.4061  0.0000  1.2160 10.1629
  5.8239  2.1564  0.0000  1.6504 17.2769
  5.4003  1.0883  0.0000  1.8852  7.3790
  6.0982  1.3639  0.0000  0.5803  9.7837
  5.6964  4.2302  0.0000  1.7584 39.0776
  4.7078  2.7826  0.0000  0.7075 23.6057
  6.0671  0.9498  0.0000  0.9774  6.2252
  4.1840  3.2900  0.0000  2.1430 28.9160
  5.1405  3.9440  0.0000  1.2589 35.9460
  4.4862  2.9159  0.0000  1.2582 24.9863
  5.0298  1.1025  0.0000  1.7572  7.4997
  5.3328  1.9207  0.0000  0.6129 14.9769
  5.5660  3.7601  0.0000  1.8144 33.9510
  5.6461  2.5163  0.0000  1.6517 20.8795
  5.6011  3.0107  0.0000  1.8586 25.9752
  5.1441  1.2471  0.0000  1.8331  8.7490
  5.4477  1.3537  0.0000  0.7832  9.6930
  5.6126  3.8536  0.0000  2.4013 34.9632
  4.7282  2.5073  0.0000  0.7839 20.7887
  6.2699  2.1725  0.0000  1.7337 17.4366
  4.8922  4.4995  0.0000  1.3131 42.0517
  5.7832  3.4778  0.0000  2.7344 30.9156
  5.1509  3.1596  0.0000  1.5487 27.5378
  3.7778  3.3974  0.0000  0.4196 30.0572
  5.3063  2.1749  0.0000  1.9691 17.4597
  4.8241  2.9273  0.0000  1.5276 25.1048
  6.8020  1.2720  0.0000  1.9693  8.9673
  5.0975  2.6026  0.0000  1.6014 21.7583
  4.8715  3.5566  0.0000  0.6704 31.7586
  5.1925  1.5002  0.0000  2.9609 11.0181
  5.9188  1.9060  0.0000  1.3383 14.8354
  4.9654  2.8546  0.0000  1.8848 24.3505
  4.5196  3.1351  0.0000  2.0832 27.2793
  6.3038  3.7959  0.0000  1.5602 34.3379
  5.4343  4.4960  0.0000  1.6196 42.0128
  4.8467  3.7345  0.0000  2.1441 33.6742
  5.6305  4.2517  0.0000  1.7777 39.3145
  5.1358  1.2327  0.0000  1.6167  8.6223
  5.2285  1.9431  0.0000  0.8918 15.1931
  4.2724  4.4869  0.0000  2.2678 41.9114
  5.6478  1.7688  0.0000  1.0561 13.5234
  5.7191  3.4894  0.0000  1.4090 31.0392
  4.2265  2.3944  0.0000  2.0795 19.6485
  6.0445  0.4594  0.0000  0.6983  2.5500
  5.6348  2.0590  0.0000  1.8898 16.3203
  5.3592  3.2604  0.0000  2.1618 28.6023
  4.2259  3.0719  0.0000  1.0999 26.6158
  5.4515  2.5326  0.0000  2.6565 21.0449
  5.0089  1.7921  0.0000  0.1571 13.7445
  4.6166  2.4568  0.0000  1.5485 20.2780
  3.9778  2.2264  0.0000  0.8539 17.9699
  4.9784  3.4410  0.0000  2.2328 30.5217
  4.6262  2.3481  0.0000  0.3021 19.1839
  5.6774  3.2415  0.0000  2.3782 28.4026
  4.7413  2.3677  0.0000  2.0136 19.3797
  4.8719  3.8420  0.0000  1.6250 34.8378
  3.6570  1.2441  0.0000  1.7447  8.7224
  4.2331  2.1241  0.0000  1.0420 16.9588
  4.5318  1.1296  0.0000  1.0645  7.7305
  5.5519  2.5272  0.0000  1.5138 20.9906
  5.7726  1.6389  0.0000  1.1852 12.3008
  5.5229  3.5094  0.0000  1.9791 31.2531
  4.9795  2.3023  0.0000  2.9324 18.7254
  5.3797  1.1474  0.0000  1.2186  7.8832
  5.1968  1.9893  0.0000  2.0861 15.6416
  5.4135  4.4197  0.0000  1.7351 41.1677
  5.1405  2.9468  0.0000  1.0291 25.3082
  5.1540  2.7410  0.0000  3.0169 23.1766
  4.6173  3.2665  0.0000  1.1987 28.6672
  6.1684  0.9043  0.0000  0.7798  5.8558
  3.9899  1.5786  0.0000  0.4465 11.7400
  4.6599  2.4955  0.0000  1.5633 20.6694
  4.5070  3.7812  0.0000  1.2195 34.1786
  4.4411  3.6269  0.0000  1.4253 32.5143
  5.4580  4.0301  0.0000  1.5925 36.8857
  6.4022  0.9022  0.0000  1.7473  5.8387
  6.9357  2.9521  0.0000  1.9481 25.3638
  3.5109  3.3191  0.0000  1.4887 29.2245
  6.0135  1.2301  0.0000  1.0628  8.5996
  4.6207  2.4162  0.0000  0.6855 19.8675
  5.1833  1.7203  0.0000  1.8948 13.0645
  5.0912  0.7375  0.0000  2.5309  4.5456
  5.1663  2.7476  0.0000  1.4279 23.2448
  5.5964  2.2954  0.0000  1.4864 18.6565
  5.2160  0.9309  0.0000  0.1505  6.0709
  4.7950  1.4973  0.0000  0.9205 10.9918
  4.4830  1.6493  0.0000  1.4213 12.3982
  4.8886  0.8270  0.0000  2.1939  5.2391
  5.4756  1.4789  0.0000  2.1666 10.8241
  5.3124  2.1464  0.0000  1.1819 17.1781
  5.5179  3.3394  0.0000  1.0574 29.4404
  4.8792  2.9668  0.0000  2.2760 25.5171
  4.5339  2.8467  0.0000  2.1283 24.2678
  5.6995  2.3579  0.0000  0.4892 19.2822
  4.3825  0.7590  0.0000  0.3250  4.7099
  5.3133  1.2692  0.0000  2.0837  8.9424
  5.6053  3.1979  0.0000  2.3624 27.9412
  4.4214  2.4646  0.0000  2.3912 20.3562
  5.1544  2.4988  0.0000  1.8058 20.7023
  4.4762  1.6011  0.0000  1.1503 11.9495
  5.4929  2.2146  0.0000  0.9078 17.8524
  3.7377  1.5305  0.0000  2.6383 11.2968
  4.9760  3.0518  0.0000  1.5535 26.4049
  4.0552  3.1594  0.0000  0.3443 27.5360
  4.7852  2.5174  0.0000  2.3546 20.8913
  4.9309  1.1618  0.0000  2.6905  8.0067
  4.9507  3.0484  0.0000  1.3282 26.3693
  5.5224  4.4009  0.0000  2.1809 40.9599
  4.4478  4.0304  0.0000  2.5411 36.8884
  5.6581  1.8037  0.0000  2.0869 13.8558
  5.5878  3.0153  0.0000  1.2288 26.0229
  6.2730  2.7427  0.0000  1.1226 23.1946
  4.4164  1.3966  0.0000  2.3411 10.0777
  4.1863  0.8441  0.0000  2.4770  5.3746
  4.4244  2.7580  0.0000  1.2432 23.3516
  5.2660  1.1239  0.0000  0.7125  7.6817
  5.5120  2.5684  0.0000  1.7968 21.4097
  5.7397  2.1311  0.0000  2.1408 17.0279
  4.4030  2.9695  0.0000  1.7496 25.5447
  4.3828  1.1970  0.0000  1.9772  8.3119
  5.9986  0.3358  0.0000  2.8052  1.7586
  4.3867  2.1508  0.0000  1.9172 17.2224
  5.0983  2.8150  0.0000  1.5825 23.9406
  5.2830  1.1595  0.0000  0.6054  7.9875
  4.7744  1.3251  0.0000  1.8274  9.4376
  4.7965  2.0202  0.0000  2.0769 15.9419
  3.9377  3.3166  0.0000  2.4369 29.1978
  5.2472  0.5838  0.0000  2.8937  3.4096
  5.2574  1.8077  0.0000  1.5963 13.8931
  4.4696  1.1585  0.0000  0.9065  7.9788
  5.3840  3.7729  0.0000  1.9238 34.0890
  5.5791  1.9678  0.0000  0.8418 15.4328
  5.6004  2.6240  0.0000  1.9701 21.9763
  5.1308  3.9242  0.0000  1.0092 35.7305
  6.3525  2.3400  0.0000  0.3806 19.1023
  4.5399  3.6726  0.0000  1.9848 33.0065
  4.4946  0.7439  0.0000  1.8345  4.5941
  3.7990  3.9906  0.0000  1.1817 36.4538
  5.4948  1.8458  0.0000  0.9846 14.2570
  4.6246  1.4359  0.0000  1.3881 10.4325
  5.6347  2.3849  0.0000  1.1626 19.5529
  3.6385  3.7244  0.0000  1.7768 33.5648
  3.8553  4.3799  0.0000  2.1959 40.7282
  5.3975  2.3139  0.0000  2.0670 18.8412
  5.4120  1.4527  0.0000  2.1517 10.5848
  6.8244  3.0175  0.0000  2.9849 26.0466
  4.4642  1.1895  0.0000  1.6538  8.2469
  5.3548  3.3372  0.0000  1.3542 29.4163
  5.3004  0.8013  0.0000  1.3558  5.0378
  5.1696  0.8445  0.0000  2.9049  5.3773
  4.1373  2.1217  0.0000  0.8132 16.9352
  5.5715  3.8328  0.0000  1.2557 34.7385
  4.4278  1.9624  0.0000  1.1705 15.3806
  4.0315  1.7483  0.0000  0.9542 13.3295
  5.0626  1.8690  0.0000  0.8417 14.4793
  5.7048  3.9701  0.0000  1.6524 36.2303
  4.2448  3.5880  0.0000  0.7931 32.0961
  5.8911  3.1609  0.0000  1.3929 27.5516
  5.4830  2.5382  0.0000  2.5537 21.1027
  4.6690  1.7668  0.0000  2.9514 13.5043
  5.1575  1.6410  0.0000  2.8556 12.3204
  5.0646  1.3680  0.0000  1.7911  9.8209
  5.4368  3.4863  0.0000  2.3947 31.0058
  5.7490  2.6424  0.0000  1.5653 22.1647
  3.6291  0.8724  0.0000  2.2529  5.5994
  5.0790  3.7192  0.0000  1.5331 33.5088
  5.1816  4.3820  0.0000  1.8298 40.7512
  4.4154  2.2496  0.0000  1.4252 18.2008
  4.1302  3.3175  0.0000  2.8629 29.2080
  4.1006  3.3592  0.0000  1.0425 29.6503
  5.2390  3.0011  0.0000  0.4313 25.8746
  5.7858  3.8252  0.0000  2.1718 34.6558
  5.1711  2.9065  0.0000  2.3996 24.8888
  5.7075  0.9331  0.0000  0.6042  6.0891
  4.7683  0.8667  0.0000  2.7259  5.5543
  5.5826  2.1470  0.0000  0.7719 17.1842
  5.7334  1.7790  0.0000  1.8824 13.6205
  5.4418  2.5834  0.0000  0.1796 21.5624
  4.3638  4.2225  0.0000  1.5053 38.9933
  5.1192  2.6317  0.0000  0.7224 22.0549
  4.2303  3.2542  0.0000  1.6346 28.5370
  5.6310  0.6143  0.0000  1.3316  3.6289
  5.9857  3.9916  0.0000  1.9500 36.4649
  4.6263  4.4789  0.0000  0.4707 41.8226
  4.7395  1.8713  0.0000  1.8603 14.5019
  5.4189  0.7473  0.0000  1.9118  4.6200
  5.2326  1.5475  0.0000  1.1300 11.4535
  5.0343  2.2599  0.0000  0.4455 18.3031
  5.6887  2.2088  0.0000  1.4970 17.7955
  5.2113  2.1856  0.0000  1.4858 17.5657
  3.9070  1.0876  0.0000  1.2159  7.3728
  6.3683  4.4295  0.0000  1.3718 41.2758
  6.3110  2.2802  0.0000  1.4386 18.5054
  5.2338  2.8610  0.0000  1.9379 24.4168
  5.2825  1.5008  0.0000  1.9828 11.0242
  6.6482  1.0056  0.0000  1.2404  6.6856
  5.4494  0.9561  0.0000  1.5142  6.2770
  5.2951  3.2320  0.0000  1.3990 28.3015
  4.3831  2.5952  0.0000  2.0024 21.6822
  4.9472  3.0399  0.0000  1.6547 26.2808
  4.5316  2.7079  0.0000  0.9648 22.8360
  4.6067  3.6621  0.0000  1.1211 32.8928
  5.1027  2.9215  0.0000  2.2381 25.0452
  4.4552  1.9382  0.0000  2.2846 15.1459
  4.9088  2.3229  0.0000  2.5712 18.9315
  5.5895  3.4219  0.0000  0.9128 30.3188
  5.4768  2.1325  0.0000  0.3382 17.0420
  5.4786  2.0801  0.0000  2.2503 16.5269
  4.4084  3.8130  0.0000  2.1093 34.5235
  5.4216  3.8494  0.0000  1.5690 34.9181
  6.1994  3.0041  0.0000  1.5695 25.9061
  5.4404  3.7813  0.0000  1.9544 34.1801
  5.7632  2.3602  0.0000  1.4370 19.3050
  5.3873  2.5667  0.0000  2.1050 21.3924
  5.2105  1.5908  0.0000  1.3628 11.8537
  4.3230  1.7190  0.0000  2.8306 13.0527
  4.5570  0.6358  0.0000  0.8473  3.7852
  4.7791  3.4006  0.0000  0.6940 30.0909
  5.8861  3.2583  0.0000  0.6048 28.5802
  5.0526  2.5296  0.0000  1.4511 21.0145
  6.5625  3.9644  0.0000  2.2700 36.1688
  5.2952  1.9938  0.0000  1.7881 15.6851
  5.1716  3.1455  0.0000  1.6282 27.3891
  5.2468  1.3248  0.0000  1.7252  9.4346
  4.5680  0.6646  0.0000  2.0881  3.9972
  4.5135  4.1713  0.0000  1.9977 38.4306
  5.0661  3.7058  0.0000  0.3698 33.3637
  4.1809  3.7222  0.0000  1.3493 33.5415
  5.2970  1.3020  0.0000  2.5937  9.2329
  5.2095  1.7595  0.0000  0.8053 13.4354
  5.9551  2.7884  0.0000  1.4363 23.6651
  4.5347  2.3141  0.0000  0.4325 18.8432
  5.3688  1.8268  0.0000  2.2259 14.0755
  6.3715  0.9210  0.0000  1.6518  5.9905
  5.0640  0.6186  0.0000  1.2854  3.6604
  5.3804  0.5013  0.0000  1.4358  2.8336
  5.6816  1.3278  0.0000  2.2797  9.4619
  5.4552  1.6665  0.0000  2.8729 12.5590
  4.4042  1.0941  0.0000  1.5269  7.4280
  5.2823  4.2815  0.0000  1.4415 39.6424
  5.2149  1.5656  0.0000  1.3157 11.6204
  5.1037  2.7721  0.0000  2.7620 23.4967
  5.7680  3.1839  0.0000  0.3292 27.7939
  5.6055  2.1981  0.0000  1.6046 17.6892
  5.5238  1.0288  0.0000  1.5618  6.8788
  5.2086  2.5391  0.0000  0.7806 21.1110
  5.0527  1.9336  0.0000  0.5087 15.1017
  5.0491  2.7885  0.0000  1.9585 23.6662
  5.9443  0.8049  0.0000  2.2465  5.0658
  4.0393  3.0638  0.0000  1.3502 26.5310
  5.1630  0.9075  0.0000  0.8638  5.8816
  5.2897  3.8862  0.0000  0.7982 35.3171
  4.7391  0.9466  0.0000  2.0008  6.1991
  4.4639  2.1453  0.0000  2.2400 17.1679
  4.6562  3.3259  0.0000  1.7061 29.2973
  4.2797  2.4745  0.0000  2.8387 20.4560
  5.1997  3.7451  0.0000  1.8820 33.7882
  4.9704  3.1014  0.0000  0.9957 26.9256
  5.2439  3.0011  0.0000  2.0354 25.8752
  5.1626  3.3814  0.0000  1.0693 29.8867
  4.5341  4.0503  0.0000  0.9176 37.1062
  5.8014  3.1252  0.0000  1.8334 27.1761
  5.0718  3.3261  0.0000  1.2969 29.2985
  5.0978  2.0714  0.0000  0.6445 16.4422
  4.3753  3.8198  0.0000  1.9529 34.5968
  4.9541  1.5573  0.0000  1.4573 11.5437
  5.4642  3.0358  0.0000  2.4977 26.2381
  5.3732  1.2182  0.0000  2.1252  8.4957
  5.3624  0.7150  0.0000  2.4203  4.3748
  5.1931  3.9884  0.0000  2.0664 36.4301
  4.5299  1.8260  0.0000  1.4318 14.0677
  6.0109  4.3809  0.0000  2.4547 40.7385
  5.2750  4.2458  0.0000  1.3851 39.2493
  5.2399  3.9773  0.0000  1.5634 36.3095
  6.8846  3.0898  0.0000  1.5150 26.8037
  4.5472  3.7970  0.0000  1.3437 34.3506
  6.3530  2.8684  0.0000  1.8844 24.4928
  4.3562  0.9461  0.0000  0.5376  6.1947
  5.6203  3.5852  0.0000  0.6227 32.0654
  5.2373  4.2876  0.0000  1.9978 39.7101
  5.0519  1.6122  0.0000  1.4720 12.0522
  5.1511  2.4342  0.0000  1.3374 20.0494
  5.2339  1.4699  0.0000  1.2158 10.7416
  5.7624  2.0134  0.0000  2.4884 15.8752
  4.8428  2.6603  0.0000  1.0369 22.3482
  5.2178  2.5109  0.0000  2.4333 20.8250
  4.5165  1.2752  0.0000  1.0930  8.9954
  3.8774  1.8452  0.0000  1.7083 14.2514
  3.6197  1.8540  0.0000  1.6932 14.3359
  5.4019  3.8809  0.0000  0.6347 35.2596
  6.5134  3.0674  0.0000  2.2704 26.5690
  5.3221  3.5778  0.0000  0.3740 31.9865
  5.6526  1.7175  0.0000  1.4475 13.0383
  5.6955  3.0207  0.0000  1.4641 26.0792
  5.2721  0.9127  0.0000  2.1523  5.9239
  5.1411  4.2536  0.0000  2.1723 39.3352
  3.9950  2.7687  0.0000  2.8455 23.4622
  5.3247  2.5107  0.0000  0.9516 20.8233
  5.4718  1.0957  0.0000  2.4921  7.4414
  5.1648  3.6380  0.0000  1.3325 32.6336
  4.6342  2.3263  0.0000  2.2477 18.9655
  5.3856  2.0594  0.0000  2.1207 16.3240
  5.0011  3.0014  0.0000  2.1134 25.8779
  5.2510  1.5352  0.0000  0.9993 11.3399
  5.5452  2.6769  0.0000  2.4896 22.5180
  5.2227  1.5837  0.0000  1.9372 11.7877
  3.9963  2.7413  0.0000  2.7619 23.1795
  4.5192  2.6219  0.0000  1.3047 21.9555
  5.0054  3.1082  0.0000  1.2079 26.9969
  5.3169  1.5833  0.0000  1.6939 11.7840
  4.7335  3.8579  0.0000  1.2014 35.0104
  5.1992  2.1923  0.0000  0.6240 17.6317
  5.4488  2.6381  0.0000  1.7670 22.1211
  5.4831  3.8442  0.0000  2.5837 34.8617
  5.1339  2.4090  0.0000  1.5689 19.7956
  4.7694  0.5634  0.0000  2.9645  3.2652
  5.7091  3.0081  0.0000  1.4754 25.9476
  5.0745  1.8459  0.0000  1.8406 14.2583
  4.5071  3.6707  0.0000  1.3098 32.9859
  5.4580  1.2348  0.0000  1.0769  8.6408
  5.5671  2.5701  0.0000  1.9187 21.4269
  4.1072  1.2931  0.0000  0.6830  9.1533
  5.3182  3.1637  0.0000  1.7218 27.5813
  4.1139  4.0149  0.0000  0.4932 36.7192
  5.2876  3.1950  0.0000  2.8517 27.9105
  5.0645  2.9488  0.0000  1.1929 25.3292
  5.8786  3.2415  0.0000  2.3687 28.4024
  5.3985  1.5715  0.0000  0.3059 11.6743
  3.7503  1.3698  0.0000  2.3412  9.8366
  5.2469  3.9429  0.0000  1.0489 35.9347
  5.2545  3.9188  0.0000  1.6171 35.6720
  5.8657  3.6125  0.0000  1.2592 32.3590
  5.0749  3.2103  0.0000  2.6546 28.0731
  3.7428  3.9735  0.0000  0.7287 36.2676
  4.0035  2.4147  0.0000  1.1689 19.8527
  5.3302  0.7803  0.0000  2.0326  4.8748
  4.3458  2.4677  0.0000  1.8523 20.3880
  5.7377  3.7375  0.0000  2.4258 33.7060
  5.1505  3.5400  0.0000  2.3599 31.5808
  4.7812  3.2430  0.0000  0.6994 28.4186
  5.2593  2.7993  0.0000  1.3002 23.7778
  5.4375  1.3914  0.0000  2.3184 10.0312
  5.4504  1.0736  0.0000  1.2679  7.2543
  6.0235  1.1220  0.0000  1.8533  7.6656
  4.7738  3.2876  0.0000  1.6307 28.8906
  5.5495  2.8164  0.0000  1.7607 23.9545
  4.5053  2.8908  0.0000  0.9394 24.7257
  4.5823  2.4157  0.0000  1.4543 19.8628
  5.7812  2.1354  0.0000  0.7784 17.0699
  5.5840  2.4132  0.0000  1.6536 19.8380
  4.7628  1.1645  0.0000  1.6881  8.0308
  5.9740  1.3217  0.0000  1.8599  9.4071
  5.2704  2.4542  0.0000  2.9312 20.2510
  5.2320  1.4919  0.0000  1.9723 10.9425
  5.4636  4.0035  0.0000  0.3311 36.5950
  5.0688  3.0211  0.0000  2.4483 26.0842
  5.2213  2.4194  0.0000  1.4644 19.8999
  4.8515  3.4320  0.0000  0.7802 30.4263
  4.4636  2.3689  0.0000  0.1988 19.3925
  5.7918  2.7647  0.0000  1.9874 23.4209
  5.7029  4.0089  0.0000  0.6075 36.6533
  5.1280  2.0063  0.0000  1.8772 15.8061
  5.1296  1.2820  0.0000  2.4489  9.0554
  5.3358  3.0129  0.0000  2.4514 25.9981
  5.4176  4.0717  0.0000  1.6552 37.3394
  5.9390  3.3117  0.0000  2.6497 29.1459
  4.9477  2.1385  0.0000  1.7958 17.1012
  6.9815  1.5313  0.0000  1.1626 11.3043
  4.3754  3.9234  0.0000  0.3976 35.7220
  4.6237  1.3969  0.0000  0.7595 10.0805
  6.0854  1.4817  0.0000  2.6432 10.8496
  5.1127  2.6453  0.0000  2.3807 22.1943
  4.9689  4.2938  0.0000  1.7328 39.7775
  5.1200  1.9780  0.0000  0.7560 15.5319
  6.0794  3.4648  0.0000  1.8383 30.7766
  4.5538  1.4186  0.0000  2.6061 10.2758
  5.2290  3.0865  0.0000  0.4676 26.7692
  5.0521  2.5761  0.0000  1.4449 21.4879
  5.1696  1.7473  0.0000  0.6245 13.3198
  5.3061  4.1275  0.0000  0.7479 37.9508
  5.4859  1.0604  0.0000  1.2377  7.1434
  5.4640  0.8174  0.0000  1.6893  5.1638
  5.6097  4.2500  0.0000  1.4766 39.2952
  4.2377  1.1702  0.0000  0.6993  8.0794
  5.6306  3.8260  0.0000  2.8798 34.6638
  3.7634  2.8984  0.0000  1.2629 24.8046
  5.7616  2.3982  0.0000  0.7957 19.6871
  3.8955  3.0271  0.0000  1.5825 26.1471
  5.1617  4.4410  0.0000  1.0505 41.4033
  4.6328  4.4915  0.0000  1.3849 41.9620
  6.0457  3.0857  0.0000  0.3151 26.7604
  4.8409  1.3092  0.0000  1.8811  9.2964
  4.5707  1.1205  0.0000  0.8919  7.6530
  5.0081  2.2974  0.0000  2.4282 18.6767
  5.0890  1.4054  0.0000  1.1700 10.1569
  5.4396  3.5496  0.0000  1.0960 31.6837
  5.0643  3.1429  0.0000  1.6363 27.3623
  4.9691  1.3143  0.0000  1.4257  9.3419
  6.0555  2.9519  0.0000  0.7890 25.3610
  5.4901  1.3465  0.0000  2.1159  9.6278
  6.6218  2.3609  0.0000  1.3813 19.3123
  5.0647  4.3495  0.0000  1.9457 40.3918
  5.2621  3.2817  0.0000  1.9944 28.8282
  4.9224  0.3713  0.0000  1.6412  1.9791
  5.7703  0.9763  0.0000  2.1121  6.4432
  5.3959  1.4992  0.0000  1.8180 11.0091
  6.1057  2.1884  0.0000  1.6278 17.5930
  5.2073  3.4071  0.0000  0.9078 30.1604
  5.6380  2.2315  0.0000  0.4366 18.0208
  5.9436  3.1076  0.0000  2.1909 26.9909
  4.7734  2.5282  0.0000  1.3116 21.0006
  5.3690  1.9658  0.0000  1.5400 15.4130
  5.1854  1.7873  0.0000  0.5354 13.6994
  4.3086  0.7368  0.0000  1.0820  4.5401
  4.3209  0.7043  0.0000  1.1429  4.2938
  5.2058  2.6680  0.0000  0.4963 22.4272
  4.7825  3.3204  0.0000  2.6549 29.2388
  3.9615  1.1931  0.0000  1.0869  8.2774
  5.3760  3.7605  0.0000  1.9663 33.9554
  4.3390  3.6101  0.0000  0.9255 32.3335
  6.6619  1.7808  0.0000  1.3958 13.6372
  5.2710  2.8412  0.0000  1.2443 24.2109
  5.1376  3.4542  0.0000  0.8107 30.6634
  4.4478  4.3609  0.0000  0.9562 40.5177
  5.1267  4.2813  0.0000  1.1607 39.6401
  4.0002  2.2666  0.0000  1.6798 18.3699
  5.9813  3.0867  0.0000  1.4472 26.7716
  5.2163  2.7146  0.0000  2.4620 22.9046
  5.8020  3.2306  0.0000  2.2197 28.2870
  5.4278  0.8582  0.0000  1.5539  5.4862
  4.7114  0.8224  0.0000  1.6588  5.2031
  5.3067  4.2485  0.0000  2.1901 39.2794
  4.9036  1.5482  0.0000  0.6977 11.4596
  6.3681  2.0547  0.0000  2.5283 16.2788
  4.0680  2.8546  0.0000  1.8844 24.3499
  4.9222  2.8869  0.0000  1.2170 24.6849
  4.7090  2.1839  0.0000  1.0873 17.5490
  5.2412  1.4651  0.0000  0.6039 10.6984
  4.2351  2.1421  0.0000  1.2077 17.1365
  5.7690  2.6449  0.0000  0.4962 22.1906
  4.9852  2.2689  0.0000  1.4403 18.3928
  5.2871  2.9448  0.0000  1.2589 25.2876
  3.7420  2.2771  0.0000  1.4965 18.4741
  5.3884  3.6847  0.0000  1.1294 33.1363
  4.4451  1.4891  0.0000  2.2256 10.9169
  4.1968  1.0785  0.0000  0.6471  7.2964
  5.5181  2.0859  0.0000  2.3043 16.5834
  5.6267  2.5007  0.0000  1.0680 20.7216
  5.1502  3.2122  0.0000  2.0422 28.0923
  5.1644  2.0163  0.0000  1.7518 15.9033
  4.3564  4.1882  0.0000  2.3925 38.6164
  5.2157  3.5632  0.0000  0.6534 31.8296
  5.4312  3.8663  0.0000  1.0363 35.1019
  5.2897  1.0293  0.0000  0.7265  6.8824
  6.1943  4.1161  0.0000  1.2656 37.8260
  5.2355  3.4393  0.0000  1.2610 30.5039
  5.7284  1.2827  0.0000  2.3586  9.0622
  5.8251  0.4119  0.0000  1.3058  2.2383
  4.9867  1.8992  0.0000  1.4288 14.7699
  5.7307  3.3428  0.0000  1.2265 29.4762
  5.6093  2.0143  0.0000  2.9956 15.8842
  4.0833  1.7668  0.0000  1.6833 13.5050
  4.7371  1.8255  0.0000  2.2063 14.0630
  4.2610  2.2973  0.0000  0.4626 18.6758
  5.2540  2.0640  0.0000  1.8668 16.3694
  5.4811  3.0113  0.0000  1.1501 25.9811
  5.4449  2.5571  0.0000  1.1869 21.2945
  3.6104  4.1693  0.0000  1.1222 38.4095
  5.3848  1.4366  0.0000  1.4300 10.4390
  4.9559  0.8623  0.0000  2.0337  5.5187
  4.8242  1.7553  0.0000  2.0606 13.3953
  5.0224  1.0460  0.0000  1.7333  7.0219
  4.8665  1.9402  0.0000  2.2885 15.1657
  5.2804  2.5461  0.0000  1.3751 21.1828
  5.7001  4.3075  0.0000  1.6820 39.9290
  3.7832  1.4970  0.0000  2.5399 10.9889
  4.9334  2.7438  0.0000  2.0579 23.2059
  5.4463  0.7437  0.0000  1.0548  4.5930
  5.2841  2.0619  0.0000  1.7652 16.3484
  4.8036  0.5829  0.0000  0.6963  3.4035
  5.1622  3.4624  0.0000  2.7048 30.7502
  5.1060  2.1180  0.0000  0.7637 16.8993
  3.8903  4.2210  0.0000  0.8156 38.9763
  5.0371  2.5293  0.0000  0.7100 21.0115
  4.6628  2.4821  0.0000  0.9820 20.5332
  4.8182  4.1891  0.0000  0.7978 38.6266
  4.1569  3.2457  0.0000  1.6789 28.4468
  3.6427  1.9162  0.0000  1.5082 14.9339
  4.4463  4.2835  0.0000  1.2204 39.6647
  5.1492  2.9474  0.0000  2.9569 25.3144
  4.8213  2.2532  0.0000  1.9804 18.2366
  5.1114  3.0162  0.0000  1.9143 26.0323
  5.1148  0.6561  0.0000  1.6848  3.9343
  5.0581  3.2421  0.0000  1.2703 28.4091
  4.8028  3.4462  0.0000  1.4935 30.5779
  4.3479  4.0622  0.0000  1.2736 37.2361
  4.9399  4.0601  0.0000  1.9393 37.2125
  5.0802  1.0373  0.0000  1.7198  6.9496
  5.4318  2.0159  0.0000  1.8479 15.8997
  5.1968  3.4584  0.0000  1.5629 30.7075
  5.3131  3.1672  0.0000  2.4993 27.6175
  5.6809  0.9482  0.0000  1.7120  6.2127
  5.5711  3.5391  0.0000  1.8758 31.5718
  5.6796  1.4315  0.0000  2.1862 10.3928
  4.8601  1.6474  0.0000  1.3181 12.3803
  4.7381  2.6003  0.0000  1.0842 21.7347
  5.0767  2.1722  0.0000  1.9815 17.4333
  3.8873  2.4360  0.0000  1.0789 20.0674
  5.3795  3.5261  0.0000  1.0563 31.4321
  5.4865  0.3964  0.0000  0.8028  2.1384
  6.3524  3.3418  0.0000  2.3128 29.4654
  5.3577  2.1186  0.0000  0.8688 16.9049
  5.1113  1.1180  0.0000  1.7663  7.6316
  5.5020  3.3002  0.0000  0.7436 29.0244
  5.4488  1.9702  0.0000  1.4735 15.4557
  6.2295  3.5929  0.0000  1.4286 32.1483
  4.8956  2.8516  0.0000  1.2660 24.3195
  5.6091  3.9156  0.0000  2.2723 35.6374
  4.8795  2.2105  0.0000  1.3495 17.8126
  5.0159  1.4299  0.0000  2.3434 10.3787
  5.5207  1.1301  0.0000  1.0056  7.7352
  6.0556  2.3097  0.0000  1.5022 18.7996
  5.1423  1.6514  0.0000  1.0484 12.4181
  6.5307  3.4801  0.0000  2.5519 30.9403
  5.2409  2.4704  0.0000  2.3549 20.4152
  6.0556  1.7964  0.0000  1.3875 13.7857
  5.4338  3.4795  0.0000  0.5411 30.9336
  5.5982  3.2744  0.0000  1.1246 28.7511
  5.5422  2.1006  0.0000  2.2606 16.7285
  5.4186  3.9521  0.0000  0.4805 36.0350
  5.6772  2.0411  0.0000  1.9358 16.1459
  5.2250  0.2946  0.0000  1.0745  1.5096
  4.9859  0.7109  0.0000  1.1002  4.3438
  4.9852  3.5952  0.0000  2.9061 32.1735
  5.7061  1.7665  0.0000  2.6774 13.5015
  5.4922  1.3333  0.0000  1.6234  9.5104
  5.4173  3.1824  0.0000  1.7036 27.7778
  4.9660  1.8319  0.0000  1.6952 14.1241
  5.5840  1.7052  0.0000  0.7819 12.9226
  5.7950  1.5390  0.0000  0.9764 11.3750
  4.7148  0.4196  0.0000  0.7803  2.2881
  4.9068  4.4372  0.0000  2.3999 41.3609
  5.2917  2.6518  0.0000  1.9634 22.2610
  4.1578  1.9382  0.0000  1.6007 15.1458
  5.0180  3.5089  0.0000  1.2245 31.2475
  5.5221  3.1273  0.0000  3.1112 27.1981
  4.4055  3.3178  0.0000  2.6813 29.2106
  4.9079  3.8135  0.0000  2.6326 34.5289
  4.9843  3.4947  0.0000  2.6488 31.0963
  3.7534  2.7518  0.0000  2.2612 23.2883
  5.7418  2.4574  0.0000  2.0477 20.2832
  5.4579  1.1777  0.0000  2.0728  8.1441
  5.4312  3.5121  0.0000  2.6059 31.2821
  5.2398  1.2444  0.0000  0.8251  8.7251
  4.7023  4.1711  0.0000  1.5765 38.4286
  5.2199  0.8330  0.0000  2.2847  5.2867
  5.2117  3.6453  0.0000  0.8235 32.7119
  5.0801  3.1745  0.0000  0.8527 27.6948
  5.2274  2.4606  0.0000  1.8529 20.3154
  5.9362  4.1974  0.0000  1.4761 38.7170
  5.6201  2.7583  0.0000  1.9303 23.3549
  5.5187  1.8158  0.0000  2.3351 13.9703
  5.5362  1.3097  0.0000  1.0032  9.3003
  4.9309  2.7222  0.0000  1.8959 22.9827
  5.1577  3.7398  0.0000  1.0189 33.7315
  4.2004  2.3900  0.0000  0.7859 19.6047
  5.5991  1.4414  0.0000  2.4388 10.4827
  5.5913  1.8645  0.0000  0.8110 14.4365
  5.4973  1.3954  0.0000  0.4078 10.0666
  3.9646  1.8140  0.0000  1.1638 13.9538
  4.9698  2.8581  0.0000  2.2358 24.3860
  5.1727  1.7447  0.0000  2.2001 13.2953
  4.8569  1.6475  0.0000  2.2998 12.3810
  5.2769  1.0720  0.0000  1.6953  7.2409
  4.8866  4.2751  0.0000  1.1565 39.5716
  5.4477  1.9006  0.0000  1.5427 14.7837
  5.0049  1.2484  0.0000  0.8076  8.7602
  5.1236  1.4066  0.0000  1.9865 10.1681
  5.2741  3.1302  0.0000  0.7280 27.2284
  5.2794  1.9630  0.0000  0.5594 15.3859
  4.5313  2.5701  0.0000  0.7468 21.4270
  4.6026  4.3801  0.0000  2.8063 40.7303
  4.4796  3.8706  0.0000  1.9186 35.1486
  5.4443  1.6696  0.0000  0.3674 12.5884
  5.3281  3.2800  0.0000  1.2995 28.8095
  5.2191  1.8352  0.0000  1.8438 14.1562
  4.2892  1.4967  0.0000  2.0181 10.9868
  4.5438  3.2026  0.0000  1.6886 27.9908
  5.4286  3.4165  0.0000  1.5849 30.2607
  5.5045  4.4371  0.0000  0.6224 41.3605
  5.4044  3.1023  0.0000  1.6795 26.9355
  4.7184  2.8744  0.0000  1.9500 24.5558
  5.2225  1.0176  0.0000  2.0013  6.7846
  5.1811  2.5172  0.0000  2.8713 20.8885
  4.3846  3.4229  0.0000  0.8846 30.3288
  4.1114  2.9600  0.0000  1.2558 25.4461
  4.8858  1.2190  0.0000  1.2317  8.5032
  5.0871  3.3007  0.0000  2.7347 29.0296
  3.7513  1.5748  0.0000  1.6431 11.7053
  4.5923  0.8915  0.0000  2.2738  5.7526
  5.4737  3.8331  0.0000  1.4650 34.7409
  5.4551  2.8373  0.0000  1.1956 24.1708
  4.8331  4.2883  0.0000  1.0644 39.7176
  4.8225  2.9316  0.0000  2.1172 25.1504
  4.9991  0.9280  0.0000  1.4072  6.0474
  5.0949  1.7208  0.0000  1.2516 13.0692
  4.8099  1.9841  0.0000  2.1798 15.5904
  5.9214  2.6553  0.0000  0.7434 22.2962
  4.5399  3.2346  0.0000  1.2199 28.3288
  4.7842  3.8480  0.0000  2.4015 34.9032
  4.8838  1.6095  0.0000  0.8577 12.0269
  5.3493  2.7162  0.0000  2.4955 22.9213
  4.7493  3.3501  0.0000  1.4638 29.5543
  6.0099  2.0527  0.0000  2.2986 16.2591
  5.0231  3.1399  0.0000  0.6371 27.3299
  5.3024  4.1493  0.0000  0.2254 38.1892
  4.8456  1.2744  0.0000  0.8499  8.9886
  4.9032  2.5920  0.0000  1.0290 21.6497
  4.5642  0.7997  0.0000  1.5019  5.0254
  5.2765  1.9200  0.0000  2.8385 14.9698
  4.7784  1.9972  0.0000  2.7590 15.7177
  5.2885  3.7513  0.0000  1.6262 33.8552
  4.6286  2.7450  0.0000  1.2089 23.2181
  4.7155  1.9390  0.0000  0.3939 15.1539
  4.8123  1.9876  0.0000  2.3320 15.6245
  5.1236  0.9069  0.0000  1.9389  5.8765
  3.9233  3.7914  0.0000  0.5031 34.2893
  5.4622  4.0485  0.0000  2.1941 37.0861
  5.9160  3.3610  0.0000  0.9492 29.6700
  4.4770  4.1898  0.0000  1.0883 38.6339
  5.2690  1.7063  0.0000  1.1609 12.9327
  4.7127  3.8396  0.0000  1.1472 34.8117
  4.9817  2.9705  0.0000  0.3359 25.5552
  6.9750  3.3649  0.0000  1.0344 29.7116
  6.3765  1.9687  0.0000  2.0640 15.4411
  6.6448  1.5712  0.0000  1.4946 11.6717
  5.2029  1.4670  0.0000  1.6294 10.7152
  5.6827  1.9776  0.0000  0.7679 15.5275
  5.5067  3.5694  0.0000  1.3699 31.8961
  5.6482  4.0015  0.0000  1.2949 36.5725
  5.1893  1.5402  0.0000  1.0010 11.3860
  6.0470  3.5885  0.0000  1.2898 32.1010
  5.0796  3.2504  0.0000  2.3663 28.4963
  5.3559  3.7674  0.0000  0.9703 34.0297
  5.4893  3.8751  0.0000  0.2306 35.1973
  4.4529  3.8584  0.0000  0.6983 35.0159
  4.8108  3.8885  0.0000  0.1582 35.3424
  4.4719  2.8411  0.0000  0.8537 24.2107
  5.1008  3.5047  0.0000  2.5764 31.2031
  5.0613  1.8592  0.0000  1.6720 14.3855
  4.7305  4.4338  0.0000  2.0319 41.3241
  4.1546  2.7270  0.0000  1.2901 23.0325
  5.4158  3.0554  0.0000  1.9170 26.4425
  5.0567  2.5402  0.0000  1.5513 21.1230
  4.8459  1.3701  0.0000  2.2741  9.8393
  5.4881  2.7401  0.0000  0.5173 23.1671
  5.5416  4.2339  0.0000  1.1669 39.1189
  4.6620  0.6774  0.0000  1.7950  4.0924
  4.5934  3.4460  0.0000  0.7464 30.5759
  5.5503  3.6148  0.0000  0.4172 32.3836
  4.8594  2.2044  0.0000  2.3285 17.7516
  5.2477  2.4599  0.0000  1.4686 20.3093
  5.2323  1.3384  0.0000  1.1202  9.5556
  5.4964  1.5741  0.0000  2.1771 11.6989
  5.3987  2.7426  0.0000  2.8957 23.1933
  4.7770  0.4791  0.0000  1.6277  2.6825
  5.9154  1.8678  0.0000  0.5011 14.4680
  4.6437  4.2149  0.0000  0.9560 38.9098
  5.5174  3.5620  0.0000  1.5942 31.8171
  4.6276  1.7868  0.0000  1.4315 13.6949
  3.8170  3.2729  0.0000  1.6955 28.7350
  5.2768  2.0509  0.0000  0.6969 16.2416
  3.5469  3.9215  0.0000  2.2621 35.7015
  5.8011  3.1112  0.0000  2.2697 27.0287
  5.4814  1.0463  0.0000  1.0143  7.0249
  5.6799  1.8627  0.0000  2.2398 14.4191
  3.7744  3.4574  0.0000  1.4232 30.6977
  4.5324  1.6481  0.0000  0.8278 12.3872
  4.8273  2.6294  0.0000  2.6657 22.0321
  4.8178  4.0448  0.0000  0.5495 37.0455
  4.9847  2.1473  0.0000  1.6318 17.1872
  6.2777  2.7421  0.0000  2.3950 23.1878
  5.0307  3.5038  0.0000  1.5359 31.1938
  4.4529  2.4459  0.0000  1.7845 20.1669
  6.7078  4.1423  0.0000  2.2488 38.1126
  5.1743  1.0278  0.0000  2.6517  6.8697
  5.2789  1.4696  0.0000  1.7504 10.7391
  5.1084  3.3105  0.0000  1.2818 29.1331
  5.0624  4.1107  0.0000  2.4283 37.7661
  4.9760  3.9741  0.0000  1.4437 36.2745
  4.3895  4.2484  0.0000  1.3947 39.2780
  5.1951  3.3439  0.0000  1.8723 29.4883
  5.1905  1.2322  0.0000  1.1029  8.6181
  5.3835  2.6372  0.0000  2.2026 22.1112
  5.3223  1.3599  0.0000  1.8756  9.7485
  5.2066  3.6510  0.0000  0.2048 32.7735
  4.0586  4.1143  0.0000  1.2298 37.8063
  4.5926  3.1197  0.0000  1.8978 27.1183
  5.0582  2.6975  0.0000  0.6932 22.7297
  4.8306  0.7423  0.0000  1.4304  4.5818
  5.1587  3.1176  0.0000  2.0716 27.0955
  5.2982  2.3056  0.0000  0.6506 18.7584
  4.5775  4.0442  0.0000  2.5889 37.0387
  4.2555  3.4436  0.0000  1.4838 30.5501
  5.4599  2.0355  0.0000  1.5394 16.0908
  6.0346  2.4458  0.0000  2.4342 20.1669
  5.1924  1.8130  0.0000  1.6194 13.9438
  5.0577  2.1592  0.0000  1.3710 17.3044
  5.2808  2.7829  0.0000  0.9274 23.6089
  4.9415  3.7284  0.0000  1.2647 33.6077
  5.3373  2.8954  0.0000  1.2837 24.7730
  4.9423  1.1326  0.0000  2.5754  7.7567
  5.6977  3.7328  0.0000  2.6235 33.6553
  5.5807  2.6036  0.0000  1.9314 21.7681
  5.6118  3.8299  0.0000  2.7517 34.7064
  5.4725  2.6707  0.0000  1.4129 22.4542
  4.8866  2.2436  0.0000  2.5224 18.1404
  5.0687  1.4009  0.0000  2.4910 10.1165
  5.6938  2.3937  0.0000  1.7757 19.6412
  3.6078  4.2880  0.0000  1.1483 39.7145
  5.3549  1.1554  0.0000  0.8739  7.9518
  5.2059  1.2802  0.0000  1.4016  9.0399
  4.6003  2.5731  0.0000  2.4441 21.4570
  4.7352  1.0929  0.0000  1.2995  7.4181
  5.5291  2.1153  0.0000  1.7499 16.8726
  6.5040  2.3966  0.0000  0.7403 19.6707
  3.8719  3.2752  0.0000  2.3643 28.7587
  4.5683  1.7269  0.0000  0.6648 13.1275
  5.5023  3.2071  0.0000  2.2383 28.0392
  5.9947  1.1162  0.0000  1.7377  7.6165
  5.1401  2.4859  0.0000  1.9587 20.5718
  5.1048  1.9808  0.0000  0.7381 15.5586
  5.2387  4.4716  0.0000  1.2506 41.7419
  5.8744  3.1415  0.0000  1.7538 27.3473
  4.7769  3.0901  0.0000  2.0447 26.8070
  5.5933  0.6231  0.0000  1.2249  3.6926
  5.3236  2.1960  0.0000  1.4372 17.6684
  6.1305  3.2113  0.0000  1.6590 28.0832
  5.3792  1.4597  0.0000  1.7340 10.6485
  3.9085  3.2209  0.0000  1.6820 28.1844
  5.0825  3.0156  0.0000  0.7973 26.0264
  5.0695  3.3719  0.0000  0.3184 29.7860
  5.2295  2.8681  0.0000  2.4165 24.4901
  6.1121  1.9860  0.0000  1.7788 15.6090
  5.0010  0.8949  0.0000  1.5320  5.7800
  5.9184  3.9613  0.0000  1.7120 36.1342
  4.8544  3.1990  0.0000  2.4923 27.9537
  6.1117  2.1554  0.0000  0.9841 17.2678
  5.2372  1.4310  0.0000  2.5037 10.3881
  5.2626  3.5000  0.0000  2.9217 31.1528
  6.9234  2.2164  0.0000  2.2242 17.8703
  5.3815  1.3117  0.0000  0.3630  9.3189
  5.7151  2.6161  0.0000  2.3865 21.8962
  6.7319  2.5410  0.0000  1.5385 21.1307
  6.2859  1.7007  0.0000  0.8400 12.8802
  5.8891  1.8364  0.0000  0.5269 14.1676
  6.5060  2.5036  0.0000  1.0978 20.7506
  5.2115  2.6250  0.0000  2.8787 21.9865
  5.4118  3.5981  0.0000  1.5255 32.2049
  4.5683  2.6084  0.0000  0.9596 21.8174
  5.2179  3.1914  0.0000  0.9395 27.8734
  4.7900  0.7560  0.0000  0.9042  4.6873
  4.7849  4.0015  0.0000  1.3982 36.5727
  4.8213  2.2175  0.0000  1.5617 17.8815
  4.6928  2.3039  0.0000  1.7747 18.7417
  5.2683  2.7372  0.0000  1.1228 23.1376
  4.6834  2.2785  0.0000  2.0642 18.4882
  5.5210  2.2740  0.0000  1.4575 18.4429
  4.6597  3.1266  0.0000  1.7060 27.1901
  5.5445  2.1890  0.0000  1.3443 17.5991
  5.3779  2.1478  0.0000  1.3753 17.1924
  5.5965  3.4640  0.0000  1.5538 30.7679
  4.8070  1.8364  0.0000  1.6829 14.1672
  5.0225  3.5277  0.0000  2.2595 31.4489
  4.6693  2.0543  0.0000  1.8716 16.2744
  5.2775  1.9807  0.0000  1.8287 15.5574
  6.0583  4.2011  0.0000  1.0620 38.7582
  4.9520  2.3028  0.0000  0.9140 18.7302
  5.1167  0.2908  0.0000  0.9737  1.4875
  4.8776  3.5728  0.0000  1.7028 31.9333
  4.7922  2.5458  0.0000  2.0659 21.1794
  5.5273  1.7924  0.0000  1.1297 13.7475
  5.1769  1.1857  0.0000  1.8957  8.2132
  5.4102  1.3289  0.0000  1.2948  9.4716
  4.4886  2.8408  0.0000  0.4192 24.2067
  6.2005  2.6573  0.0000  2.5041 22.3177
  6.5543  3.3002  0.0000  2.5760 29.0240
  4.6605  2.6198  0.0000  1.3995 21.9332
  5.2716  2.5851  0.0000  1.1665 21.5794
  4.5706  2.7280  0.0000  1.8786 23.0426
  4.4537  0.4620  0.0000  2.0677  2.5673
  3.8393  2.2571  0.0000  1.9917 18.2748
  6.3341  2.3910  0.0000  2.3975 19.6141
  5.3437  2.6013  0.0000  2.0048 21.7451
  5.0666  2.2983  0.0000  1.9124 18.6859
  5.1465  1.6583  0.0000  1.0394 12.4826
  4.9803  3.7946  0.0000  1.8644 34.3243
  5.5919  1.9642  0.0000  0.6564 15.3976
  5.1480  1.1377  0.0000  1.0302  7.8003
  5.3637  2.2593  0.0000  2.3280 18.2969
  5.1064  2.8706  0.0000  0.8554 24.5161
  4.8956  2.7251  0.0000  0.8631 23.0131
  4.7489  4.3652  0.0000  1.7883 40.5655
  5.6962  2.7444  0.0000  0.3208 23.2119
  3.7995  2.2151  0.0000  0.7301 17.8577
  3.7906  2.2903  0.0000  2.2660 18.6058
  4.2256  2.1972  0.0000  2.4006 17.6808
  5.7531  1.6286  0.0000  2.9495 12.2051
  5.3239  1.7813  0.0000  1.3725 13.6423
  6.0810  4.0057  0.0000  2.0393 36.6186
  5.0312  2.4733  0.0000  1.1778 20.4440
  5.5285  4.3051  0.0000  1.3528 39.9022
  4.8802  3.0589  0.0000  1.7369 26.4799
  5.5619  1.1500  0.0000  1.2928  7.9057
  4.9135  2.0791  0.0000  0.9306 16.5169
  5.0043  0.9646  0.0000  1.8245  6.3470
  4.9297  1.5376  0.0000  1.2520 11.3617
  5.3767  1.0544  0.0000  1.0410  7.0933
  3.9000  2.1062  0.0000  1.2065 16.7826
  4.9669  2.4447  0.0000  1.6406 20.1553
  4.7953  1.2326  0.0000  0.3981  8.6219
  4.6350  3.4818  0.0000  2.5615 30.9576
  4.8414  3.1458  0.0000  1.6139 27.3921
  4.9580  2.6600  0.0000  1.4217 22.3451
  4.4076  1.1725  0.0000  2.1287  8.0991
  5.2200  1.6019  0.0000  1.0143 11.9567
  4.6909  3.0780  0.0000  2.6748 26.6797
  5.4441  1.7186  0.0000  1.7568 13.0487
  4.6944  1.5758  0.0000  0.4203 11.7147
  4.7628  1.0483  0.0000  0.2428  7.0415
  5.3912  4.0187  0.0000  2.3215 36.7603
  3.5065  1.8173  0.0000  1.3111 13.9850
  5.9818  3.8512  0.0000  1.5407 34.9374
  4.6191  0.9538  0.0000  2.2451  6.2585
  5.4771  2.9174  0.0000  2.2093 25.0026
  4.1344  4.4105  0.0000  1.1123 41.0659
  3.6077  4.0493  0.0000  2.5292 37.0947
  4.6573  4.3984  0.0000  2.7884 40.9317
  5.1084  2.4029  0.0000  1.2732 19.7338
  5.5943  1.5802  0.0000  1.4791 11.7556
  5.2099  2.4445  0.0000  1.0660 20.1536
  5.4579  0.9519  0.0000  1.8173  6.2427
  6.1759  3.4125  0.0000  1.8747 30.2178
  5.3244  2.0865  0.0000  2.4733 16.5898
  5.1841  2.9173  0.0000  0.7858 25.0013
  5.0062  2.8510  0.0000  2.8876 24.3127
  4.5156  2.9541  0.0000  1.2348 25.3846
  6.2080  3.9165  0.0000  1.0721 35.6466
  6.2663  1.0155  0.0000  2.9978  6.7674
  5.0537  2.9307  0.0000  2.0784 25.1402
  3.9561  1.1699  0.0000  0.5164  8.0770
  3.9297  1.3645  0.0000  1.4083  9.7896
  6.2697  3.7195  0.0000  0.8137 33.5124
  4.2604  2.6675  0.0000  0.8546 22.4220
  5.4398  0.5069  0.0000  1.2629  2.8719
  5.3859  0.4987  0.0000  1.8133  2.8156
  4.2832  3.0742  0.0000  2.8123 26.6396
  5.2610  1.1356  0.0000  2.1291  7.7817
  5.2067  2.9357  0.0000  1.2955 25.1928
  4.8757  2.2188  0.0000  1.4752 17.8943
  4.1920  1.0149  0.0000  0.8650  6.7624
  4.0980  0.6110  0.0000  2.6318  3.6054
  5.0874  2.7567  0.0000  1.7736 23.3383
  6.3312  3.5049  0.0000  1.1738 31.2053
  4.7627  2.9348  0.0000  2.1325 25.1830
  5.2159  2.1819  0.0000  1.5983 17.5288
  4.8956  2.0961  0.0000  2.0136 16.6835
  5.1344  3.2460  0.0000  2.9699 28.4495
  4.7519  3.5140  0.0000  2.2327 31.3026
  5.0793  2.8681  0.0000  1.8742 24.4903
  3.6963  1.6730  0.0000  1.3360 12.6202
  5.1983  2.8050  0.0000  0.7220 23.8363
  4.7178  2.7864  0.0000  1.8222 23.6448
  4.7171  3.5625  0.0000  2.4799 31.8219
  4.5271  1.1028  0.0000  0.6053  7.5023
  5.2214  3.1230  0.0000  1.1385 27.1527
  5.1650  3.4653  0.0000  1.1049 30.7820
  4.8544  1.5033  0.0000  1.5549 11.0465
  4.9215  3.8480  0.0000  2.0591 34.9034
  6.7907  3.4805  0.0000  1.7404 30.9436
  3.7513  3.5275  0.0000  2.2203 31.4475
  5.0435  2.3706  0.0000  1.6252 19.4089
  5.1352  1.8784  0.0000  0.1211 14.5697
  4.2779  1.6933  0.0000  0.8551 12.8109
  5.5198  0.9892  0.0000  1.8933  6.5491
  5.5731  3.5734  0.0000  2.3618 31.9395
  4.1875  1.9040  0.0000  0.6713 14.8159
  5.8298  4.2831  0.0000  1.5186 39.6600
  6.8417  1.5010  0.0000  1.4479 11.0258
  5.3370  2.7498  0.0000  1.9465 23.2671
  4.2309  4.1440  0.0000  0.4485 38.1316
  5.5779  4.2229  0.0000  2.2146 38.9972
  5.3604  3.2485  0.0000  1.8171 28.4768
  5.1843  3.1468  0.0000  1.1062 27.4029
  5.4914  3.6541  0.0000  2.3761 32.8070
  5.2975  2.3866  0.0000  1.0913 19.5704
  6.0208  4.2848  0.0000  1.4020 39.6789
  3.8259  2.4879  0.0000  1.8337 20.5917
  4.3859  4.1143  0.0000  1.2467 37.8066
  4.2265  1.7030  0.0000  2.2170 12.9017
  5.4807  2.4802  0.0000  0.8243 20.5142
  5.2264  3.3875  0.0000  1.7220 29.9518
  4.1975  2.1939  0.0000  1.4637 17.6482
  6.2213  2.1166  0.0000  1.1363 16.8855
  4.5418  1.1136  0.0000  0.3314  7.5942
  6.8346  3.5769  0.0000  1.8746 31.9766
  5.2348  4.0379  0.0000  2.0489 36.9707
  5.4767  1.7134  0.0000  2.0189 12.9998
  4.3698  2.0788  0.0000  1.0726 16.5144
  3.6719  4.3419  0.0000  1.4855 40.3086
  5.7780  1.5192  0.0000  0.7801 11.1931
  4.4538  3.7125  0.0000  1.2728 33.4367
  5.0084  2.1622  0.0000  1.9045 17.3341
  5.1130  4.0068  0.0000  1.7409 36.6312
  5.2541  2.1268  0.0000  1.8011 16.9858
  5.8836  2.4128  0.0000  0.6688 19.8334
  4.7796  3.4117  0.0000  1.5296 30.2097
  4.8203  2.8661  0.0000  2.0342 24.4692
  4.7398  0.9239  0.0000  0.8416  6.0147
  5.4389  1.7022  0.0000  0.5500 12.8940
  5.1957  1.0518  0.0000  1.4230  7.0706
  5.8150  1.0767  0.0000  1.9064  7.2807
  5.5352  0.6859  0.0000  2.5717  4.1560
  4.9786  3.5859  0.0000  1.7514 32.0730
  6.7862  3.2586  0.0000  0.3755 28.5837
  5.3481  2.3840  0.0000  2.5318 19.5442
  5.3106  1.8398  0.0000  1.3069 14.1997
  5.4347  2.0008  0.0000  1.0716 15.7533
  5.3857  2.5952  0.0000  0.8837 21.6822
  4.4253  2.0031  0.0000  2.2564 15.7748
  3.6102  1.5103  0.0000  0.6723 11.1112
  5.2690  2.4505  0.0000  0.9453 20.2137
  5.0031  3.0222  0.0000  2.0815 26.0951
  4.7531  2.1056  0.0000  0.5188 16.7772
  5.0582  1.8948  0.0000  2.0143 14.7271
  4.2941  1.6619  0.0000  0.9910 12.5161
  3.5794  3.1119  0.0000  1.3904 27.0359
  4.5023  2.3514  0.0000  0.2872 19.2165
  4.6494  2.7439  0.0000  1.9732 23.2063
  6.0898  1.8999  0.0000  1.2295 14.7763
  4.0559  2.2760  0.0000  1.5495 18.4630
  4.1857  3.5719  0.0000  2.7355 31.9235
  4.8108  3.9103  0.0000  2.7490 35.5799
  5.9389  2.6936  0.0000  1.3083 22.6891
  5.2319  1.3332  0.0000  2.1706  9.5092
  5.4613  1.7493  0.0000  0.9257 13.3393
  4.5656  4.0306  0.0000  1.8100 36.8908
  5.0903  1.3430  0.0000  2.3901  9.5973
  5.3833  2.0674  0.0000  1.4344 16.4028
  4.6093  3.0777  0.0000  1.4596 26.6768
  5.4675  3.9028  0.0000  1.9882 35.4977
  6.4298  2.8195  0.0000  2.2726 23.9871
  3.9951  2.0137  0.0000  1.8842 15.8780
  6.4875  3.7753  0.0000  2.8601 34.1155
  4.9083  2.2576  0.0000  1.1371 18.2801
  5.3572  0.9292  0.0000  1.4692  6.0577
  4.6785  1.5367  0.0000  1.5690 11.3536
  6.0212  3.5925  0.0000  1.8603 32.1442
  5.4808  3.7163  0.0000  2.4570 33.4770
  3.8945  1.2492  0.0000  2.2054  8.7670
  6.4030  1.9437  0.0000  0.8823 15.1988
  3.9624  1.6035  0.0000  0.9390 11.9713
  5.2560  2.0487  0.0000  2.0194 16.2198
  4.7617  1.2664  0.0000  1.1689  8.9180
  3.7798  1.3464  0.0000  1.0561  9.6272
  4.7101  2.4661  0.0000  1.9696 20.3717
  4.9250  0.5864  0.0000  1.0699  3.4285
  5.5980  2.5630  0.0000  1.3977 21.3541
  4.9101  2.4105  0.0000  2.0126 19.8105
  5.1998  1.5292  0.0000  1.6728 11.2844
  4.9818  2.0299  0.0000  0.6898 16.0366
  4.8159  4.1793  0.0000  2.2607 38.5183
  5.4908  3.6754  0.0000  2.1478 33.0362
  6.0005  3.2780  0.0000  0.6233 28.7884
  4.4988  1.6204  0.0000  1.2095 12.1289
  5.4263  3.6450  0.0000  1.4183 32.7091
  5.1249  0.8000  0.0000  0.9403  5.0276
  5.1802  2.1473  0.0000  1.4221 17.1873
  3.8741  0.6906  0.0000  1.0237  4.1909
  5.2413  3.7726  0.0000  2.3421 34.0856
  5.6726  3.3929  0.0000  0.8843 30.0091
  5.6320  1.4602  0.0000  2.4878 10.6532
  5.4858  2.4520  0.0000  2.8634 20.2292
  5.2403  2.1526  0.0000  1.5189 17.2397
  5.2193  2.4061  0.0000  2.4605 19.7662
  5.1093  1.1184  0.0000  1.8941  7.6346
  5.8033  0.5142  0.0000  0.7912  2.9217
  5.0656  4.4405  0.0000  2.4592 41.3976
  4.2083  0.7555  0.0000  0.9241  4.6832
  5.4499  3.0090  0.0000  1.9214 25.9568
  4.8865  0.7589  0.0000  2.1546  4.7095
  4.5607  1.4426  0.0000  1.9698 10.4933
  4.4008  0.7450  0.0000  0.5276  4.6027
  5.0187  2.8967  0.0000  2.2692 24.7866
  5.1809  2.6352  0.0000  2.4140 22.0909
  4.8218  2.6454  0.0000  2.7934 22.1955
  6.7531  4.4460  0.0000  0.6491 41.4589
  4.9886  2.3594  0.0000  1.4924 19.2971
  5.3862  1.6189  0.0000  1.7438 12.1149
  5.9059  3.8530  0.0000  0.7767 34.9576
  4.9722  4.0548  0.0000  1.2647 37.1546
  6.9018  3.2667  0.0000  0.6457 28.6691
  5.4359  2.4309  0.0000  1.4298 20.0161
  5.5948  3.9395  0.0000  0.4447 35.8975
  5.1323  4.3361  0.0000  1.1977 40.2437
  5.5041  0.9658  0.0000  0.5340  6.3563
  4.9964  1.8607  0.0000  1.9304 14.4005
  5.5957  2.5838  0.0000  1.8155 21.5662
  5.8255  2.5685  0.0000  1.5155 21.4101
  5.2263  3.5551  0.0000  1.3779 31.7425
  5.5833  0.8697  0.0000  2.1610  5.5780
  4.3744  1.0416  0.0000  2.0527  6.9857
  5.5315  2.8205  0.0000  1.1648 23.9975
  4.6439  4.1826  0.0000  1.7802 38.5554
  6.0114  1.7634  0.0000  2.8313 13.4722
  4.6023  1.5694  0.0000  1.3074 11.6550
  6.9776  1.8603  0.0000  1.3520 14.3961
  5.1522  1.2024  0.0000  1.8397  8.3584
  4.5276  2.3604  0.0000  1.3228 19.3074
  5.3508  2.9027  0.0000  0.7460 24.8494
  5.6392  2.0536  0.0000  2.2102 16.2677
  5.8041  3.1464  0.0000  1.1676 27.3984
  5.2912  0.9334  0.0000  1.6368  6.0920
  5.3317  2.3411  0.0000  2.4042 19.1138
  5.1549  3.4809  0.0000  0.1969 30.9482
  4.1630  4.0437  0.0000  1.5632 37.0335
  5.2797  1.2792  0.0000  1.5898  9.0310
  5.5749  2.7411  0.0000  0.9223 23.1778
  4.2852  2.0387  0.0000  1.3657 16.1221
  4.7296  3.8795  0.0000  1.6959 35.2445
  4.8539  2.4321  0.0000  1.0079 20.0280
  6.2841  2.1383  0.0000  2.2998 17.0990
  4.3981  0.8740  0.0000  1.7335  5.6126
  4.1035  4.0783  0.0000  2.4279 37.4125
  4.7480  3.4652  0.0000  1.1009 30.7807
  5.2156  2.8099  0.0000  1.5642 23.8871
  4.4862  1.9985  0.0000  0.8961 15.7302
  4.8597  3.6518  0.0000  1.9858 32.7816
  5.9580  4.1118  0.0000  0.7394 37.7789
  5.1104  3.4683  0.0000  2.1651 30.8135
  5.0475  1.1056  0.0000  2.5204  7.5257
  4.4311  4.3884  0.0000  0.6062 40.8218
  4.9600  3.1649  0.0000  2.2227 27.5940
  5.0395  3.1959  0.0000  1.6116 27.9202
  3.8826  4.2858  0.0000  1.5430 39.6896
  5.0844  1.6393  0.0000  1.9811 12.3046
  4.4882  2.6113  0.0000  2.0296 21.8473
  5.2175  3.5403  0.0000  0.4510 31.5838
  5.4562  1.4242  0.0000  2.1507 10.3265
  5.6307  3.5576  0.0000  1.5654 31.7696
  5.3291  2.9068  0.0000  2.6813 24.8917
  5.5112  2.7087  0.0000  1.2316 22.8448
  5.5690  3.8158  0.0000  1.8262 34.5532
  5.4484  0.7080  0.0000  2.7410  4.3215
  4.9361  2.8652  0.0000  1.1375 24.4601
  5.2913  3.2957  0.0000  2.4940 28.9758
  5.2551  3.2518  0.0000  1.3839 28.5109
  4.0244  3.1679  0.0000  2.1950 27.6256
  5.0899  2.0179  0.0000  2.6770 15.9198
  5.2890  1.1264  0.0000  0.1976  7.7036
  5.6425  2.4547  0.0000  1.2512 20.2558
  4.9069  3.1058  0.0000  1.3986 26.9713
  5.8583  2.7621  0.0000  1.8749 23.3939
  5.5246  2.3982  0.0000  0.8921 19.6870
  4.7369  1.7340  0.0000  1.7775 13.1938
  4.8370  3.0797  0.0000  2.1820 26.6974
  4.8074  2.3354  0.0000  0.3776 19.0568
  6.6740  3.1281  0.0000  1.3417 27.2062
  5.1798  2.5337  0.0000  1.9134 21.0568
  5.0789  4.2307  0.0000  1.4735 39.0829
  5.4712  1.2120  0.0000  2.2958  8.4418
  5.0438  3.6816  0.0000  2.1937 33.1031
  5.4602  0.9865  0.0000  2.2790  6.5267
  5.6869  3.0245  0.0000  2.2449 26.1192
  5.5650  1.8492  0.0000  1.4730 14.2895
  4.1215  2.9851  0.0000  0.2235 25.7076
  5.3968  3.6099  0.0000  1.0630 32.3319
  4.1549  1.5150  0.0000  0.6362 11.1540
  6.4930  2.8238  0.0000  1.8779 24.0307
  5.6726  4.3021  0.0000  1.1378 39.8697
  5.6639  1.7407  0.0000  0.7694 13.2573
  5.3917  0.9370  0.0000  1.6732  6.1210
  4.4033  0.6904  0.0000  2.4531  4.1893
  5.9408  1.8522  0.0000  2.2785 14.3189
  6.2616  2.0509  0.0000  2.4120 16.2411
  5.5957  4.0129  0.0000  1.6659 36.6969
  4.6364  0.9520  0.0000  1.8190  6.2434
  5.1408  1.6205  0.0000  1.8448 12.1291
  5.4187  2.9770  0.0000  1.2257 25.6230
  4.5979  0.7331  0.0000  2.0369  4.5119
  5.4063  2.9642  0.0000  0.4570 25.4895
  4.8023  4.4869  0.0000  2.9430 41.9120
  4.3091  1.1386  0.0000  1.3859  7.8080
  6.1920  3.4374  0.0000  0.8939 30.4837
  5.2539  2.6626  0.0000  0.5118 22.3716
  5.2193  3.4068  0.0000  1.8567 30.1569
  5.0401  3.1602  0.0000  2.1982 27.5441
  4.6901  3.1476  0.0000  1.8178 27.4115
  4.2573  0.6850  0.0000  2.0885  4.1495
  5.2128  1.5871  0.0000  2.6382 11.8195
  5.4876  2.6656  0.0000  2.0008 22.4021
  4.9851  3.0722  0.0000  1.0778 26.6194
  6.8630  4.3681  0.0000  2.8118 40.5968
  4.1051  1.9238  0.0000  0.9069 15.0072
  5.1262  4.0831  0.0000  1.4662 37.4643
  4.6930  4.1963  0.0000  2.7592 38.7059
  5.0483  3.0996  0.0000  1.2670 26.9066
  4.1491  2.9137  0.0000  2.3011 24.9637
  3.6538  1.2721  0.0000  3.0175  8.9686
  3.8132  2.3310  0.0000  2.3075 19.0126
  6.0575  1.8208  0.0000  0.8687 14.0181
  5.2174  1.6853  0.0000  0.8298 12.7357
  5.3502  0.7808  0.0000  1.3377  4.8786
  5.1052  1.4371  0.0000  1.1733 10.4435
  5.2265  3.9470  0.0000  1.0635 35.9792
  5.1288  2.1076  0.0000  0.4932 16.7968
  5.4989  3.7041  0.0000  2.2612 33.3456
  4.3372  3.4865  0.0000  2.3444 31.0085
  5.3036  1.7995  0.0000  1.9237 13.8150
  4.0392  4.2316  0.0000  1.0119 39.0936
  6.5285  4.3137  0.0000  0.3843 39.9968
  5.6885  3.5843  0.0000  1.6501 32.0565
  5.0306  2.8693  0.0000  2.3032 24.5025
  4.7175  2.2837  0.0000  1.0989 18.5401
  4.4825  1.5051  0.0000  1.0194 11.0635
  3.7616  3.8326  0.0000  1.3680 34.7363
  5.6686  3.9934  0.0000  2.3444 36.4846
  5.8915  3.6198  0.0000  1.5541 32.4376
  5.1988  4.2271  0.0000  0.3340 39.0438
  5.3649  4.2194  0.0000  2.4091 38.9596
  5.1397  1.6011  0.0000  1.3398 11.9489
  4.8734  2.9245  0.0000  2.5732 25.0764
  4.7452  2.5323  0.0000  1.6580 21.0426
  5.2509  2.7184  0.0000  1.2084 22.9442
  5.3049  1.3076  0.0000  2.1746  9.2821
  4.2121  4.4878  0.0000  2.5049 41.9211
  5.9566  2.1232  0.0000  1.4770 16.9499
  6.2552  2.5366  0.0000  0.6371 21.0864
  6.4788  1.5353  0.0000  1.7315 11.3407
  5.0983  3.2215  0.0000  2.3672 28.1909
  5.6660  3.5079  0.0000  0.4864 31.2375
  5.0490  2.6424  0.0000  1.1282 22.1644
  3.8918  2.9425  0.0000  1.1301 25.2635
  4.9583  3.7875  0.0000  1.5718 34.2471
  5.2253  2.4060  0.0000  1.3531 19.7651
  6.1442  0.8654  0.0000  2.4528  5.5434
  6.0052  3.2790  0.0000  1.6163 28.7991
  5.1740  1.1442  0.0000  1.7165  7.8556
  5.7833  2.4782  0.0000  1.8618 20.4942
  5.4462  1.1077  0.0000  1.7924  7.5440
  5.4327  2.8758  0.0000  1.3449 24.5705
  4.8869  3.5232  0.0000  1.5068 31.4005
  4.4566  1.8126  0.0000  1.1219 13.9402
  4.7002  3.7125  0.0000  1.4593 33.4371
  4.6678  2.9960  0.0000  1.5208 25.8214
  5.1247  1.4169  0.0000  1.2196 10.2606
  5.5822  4.1686  0.0000  2.6973 38.4015
  5.0852  0.9297  0.0000  1.9189  6.0617
  4.5027  2.8072  0.0000  0.8992 23.8594
  4.1945  0.9000  0.0000  1.6386  5.8212
  4.2838  3.2437  0.0000  2.0926 28.4251
  3.7944  0.8706  0.0000  2.1524  5.5852
  5.8356  3.8221  0.0000  0.3551 34.6216
  5.5575  0.9732  0.0000  1.8726  6.4170
  4.7058  2.5800  0.0000  0.6168 21.5279
  5.3192  4.3312  0.0000  1.3973 40.1903
  5.6602  1.4205  0.0000  1.8360 10.2937
  5.9605  2.2937  0.0000  1.9625 18.6395
  4.8121  4.0025  0.0000  0.9404 36.5839
  5.2173  3.4450  0.0000  1.7697 30.5647
  5.0284  2.7842  0.0000  0.2968 23.6215
  4.8475  1.7891  0.0000  0.9618 13.7164
  5.5534  2.9539  0.0000  1.3286 25.3822
  4.4492  2.4188  0.0000  1.6635 19.8939
  4.4929  3.4920  0.0000  2.0397 31.0668
  5.1948  4.4006  0.0000  2.9034 40.9567
  4.9683  3.6335  0.0000  1.3576 32.5855
  4.6766  3.0732  0.0000  1.2100 26.6295
  4.7112  3.4643  0.0000  1.7651 30.7705
  4.4347  3.8483  0.0000  1.4590 34.9062
  4.8784  2.6225  0.0000  1.3809 21.9617
  5.3626  1.4794  0.0000  1.5529 10.8284
  4.6185  3.0362  0.0000  1.0272 26.2417
  6.4634  2.6136  0.0000  0.3829 21.8702
  3.5865  0.8565  0.0000  2.4856  5.4728
  5.0906  2.9959  0.0000  2.4784 25.8200
  3.8381  3.8551  0.0000  2.6505 34.9801
  5.1573  1.4067  0.0000  2.2639 10.1689
  3.8562  0.6072  0.0000  1.5252  3.5774
  4.6062  3.9064  0.0000  1.6309 35.5372
  4.3011  2.3968  0.0000  2.3384 19.6729
  4.9232  1.3846  0.0000  1.6802  9.9696
  5.5954  4.0070  0.0000  1.3197 36.6328
  5.0337  1.3207  0.0000  1.8744  9.3982
  5.3867  2.4996  0.0000  1.4107 20.7104
  5.0956  2.3996  0.0000  1.5648 19.7005
  5.8064  0.8326  0.0000  1.0781  5.2835
  5.5284  1.7725  0.0000  0.4376 13.5588
  4.9891  1.8002  0.0000  0.4846 13.8223
  5.1065  2.5096  0.0000  2.9407 20.8123
  6.8368  3.6216  0.0000  1.6632 32.4571
  5.2772  2.4959  0.0000  1.2996 20.6731
  4.7220  1.8689  0.0000  1.9520 14.4784
  5.6788  0.7611  0.0000  0.6769  4.7265
  4.8744  0.7625  0.0000  2.0891  4.7370
  4.5098  3.1376  0.0000  0.8313 27.3065
  5.1697  2.2731  0.0000  0.3535 18.4346
  6.6624  1.2251  0.0000  1.4896  8.5559
  6.7494  4.4971  0.0000  2.5815 42.0244
  5.4654  0.9332  0.0000  0.3264  6.0901
  4.5346  4.2011  0.0000  0.9508 38.7583
  3.7922  0.7570  0.0000  2.0769  4.6949
  5.4117  2.2411  0.0000  2.8359 18.1160
  4.3897  2.0491  0.0000  0.8058 16.2235
  5.3314  3.4919  0.0000  1.4238 31.0661
  5.5573  1.6180  0.0000  1.2962 12.1059
  5.2946  4.3631  0.0000  1.8143 40.5420
  3.9762  4.3681  0.0000  1.2432 40.5969
  5.1316  2.9574  0.0000  0.7525 25.4188
  3.8397  0.9954  0.0000  0.1819  6.6006
  5.5047  1.5748  0.0000  1.2726 11.7048
  3.8498  2.1010  0.0000  2.1707 16.7323
  4.5728  1.8281  0.0000  3.0665 14.0886
  5.8508  1.6015  0.0000  0.4299 11.9528
  5.1453  2.3607  0.0000  1.0737 19.3100
  4.3354  1.9433  0.0000  1.5013 15.1953
  5.2634  3.4254  0.0000  1.7945 30.3557
  6.0713  3.2009  0.0000  1.2497 27.9735
  5.1373  1.9731  0.0000  2.4143 15.4837
  5.1053  1.8011  0.0000  2.0666 13.8308
  4.6355  1.7778  0.0000  1.9359 13.6087
  4.8203  0.7396  0.0000  2.0900  4.5613
  3.6483  1.7617  0.0000  2.5964 13.4561
  5.0809  2.6753  0.0000  0.7334 22.5018
  6.1610  2.5355  0.0000  1.6270 21.0743
  6.2240  2.5758  0.0000  1.1599 21.4852
  5.0690  3.3065  0.0000  1.1194 29.0911
  4.6138  4.4649  0.0000  1.4517 41.6684
  5.1689  2.8605  0.0000  1.1599 24.4110
  5.3624  0.6910  0.0000  1.8082  4.1940
  4.6615  4.0817  0.0000  1.7821 37.4487
  6.3384  1.4657  0.0000  2.3403 10.7034
  5.4278  3.8991  0.0000  2.6123 35.4577
  4.1983  3.5982  0.0000  0.8590 32.2054
  5.8907  1.0227  0.0000  2.3334  6.8272
  4.9746  1.8729  0.0000  0.8960 14.5168
  5.0008  3.7268  0.0000  2.5738 33.5909
  5.4610  3.6532  0.0000  2.4427 32.7974
  5.4874  3.9895  0.0000  0.6168 36.4422
  5.4607  3.0376  0.0000  2.8845 26.2566
  5.0659  2.9921  0.0000  2.2816 25.7806
  5.3863  2.4314  0.0000  1.4306 20.0214
  6.1621  3.2107  0.0000  1.9236 28.0763
  5.0903  3.1740  0.0000  1.1579 27.6898
  5.3603  1.9915  0.0000  3.0033 15.6623
  6.4203  2.2347  0.0000  0.8970 18.0519
  5.2060  1.4162  0.0000  1.7192 10.2540
  5.1503  4.0635  0.0000  1.5180 37.2497
  5.2328  3.6767  0.0000  2.3334 33.0504
  5.8035  0.8029  0.0000  1.9705  5.0501
  4.7272  3.0147  0.0000  1.2512 26.0172
  5.1404  3.1633  0.0000  1.3978 27.5770
  4.6709  1.4167  0.0000  1.4703 10.2592
  5.5337  3.9374  0.0000  2.1125 35.8744
  5.0132  3.9116  0.0000  2.2243 35.5939
  5.2062  4.4678  0.0000  2.1388 41.7003
  5.2696  3.6504  0.0000  1.7966 32.7669
  5.4482  3.4396  0.0000  1.6748 30.5068
  3.9508  3.9597  0.0000  1.6147 36.1176
  5.7501  2.8300  0.0000  1.6444 24.0953
  4.4174  1.8020  0.0000  1.4887 13.8394
  5.4438  1.9078  0.0000  1.2896 14.8528
  5.0979  1.2398  0.0000  1.7767  8.6845
  4.9082  4.4949  0.0000  2.0706 42.0008
  4.8659  3.8115  0.0000  1.1089 34.5072
  4.9309  1.3505  0.0000  2.6972  9.6644
  5.2883  1.8104  0.0000  1.0511 13.9188
  4.2546  2.8317  0.0000  0.5115 24.1132
  3.8671  2.7053  0.0000  1.5656 22.8097
  5.3585  2.0485  0.0000  2.7625 16.2182
  5.0174  2.7331  0.0000  0.7366 23.0955
  5.4156  0.7980  0.0000  2.0675  5.0123
  4.8923  0.8784  0.0000  2.0886  5.6479
  5.3316  2.0933  0.0000  0.9548 16.6560
  3.5242  1.1930  0.0000  1.7343  8.2765
  5.2701  0.4813  0.0000  2.6309  2.6974
  4.5595  3.9136  0.0000  1.7128 35.6154
  4.6043  1.9447  0.0000  1.0222 15.2088
  4.7953  4.2781  0.0000  2.3450 39.6049
  5.0880  3.6265  0.0000  0.6867 32.5097
  4.0218  3.6236  0.0000  2.6257 32.4791
  5.0809  3.5417  0.0000  1.0974 31.5991
  4.8910  1.5000  0.0000  0.3709 11.0163
  5.1930  1.5743  0.0000  1.7699 11.7008
  5.2658  1.3328  0.0000  1.4158  9.5063
  5.0917  2.5819  0.0000  1.4147 21.5469
  5.1331  1.7207  0.0000  2.5766 13.0688
  5.0124  0.9751  0.0000  1.0760  6.4331
  5.2201  1.4439  0.0000  1.9835 10.5050
  5.5298  3.7907  0.0000  0.6246 34.2819
  5.3241  1.8170  0.0000  1.9137 13.9820
  3.8387  3.6030  0.0000  0.7939 32.2577
  5.8614  3.5089  0.0000  2.2544 31.2478
  5.6608  1.5594  0.0000  2.1867 11.5630
  5.1021  3.7445  0.0000  0.9809 33.7826
  5.1829  1.2199  0.0000  0.7981  8.5107
  4.8607  3.4351  0.0000  2.2322 30.4587
  6.0497  1.2967  0.0000  0.9497  9.1853
  5.2468  4.3598  0.0000  1.9903 40.5060
  3.8101  3.0932  0.0000  2.6624 26.8390
  5.9609  0.9237  0.0000  2.9161  6.0125
  5.0677  2.4100  0.0000  1.2076 19.8055
  4.9232  4.3292  0.0000  2.0972 40.1684
  5.0883  3.7760  0.0000  1.0460 34.1223
  4.6290  1.8950  0.0000  2.0183 14.7291
  5.2836  2.9097  0.0000  1.3012 24.9222
  5.5124  1.0363  0.0000  2.0253  6.9408
  5.3934  2.1367  0.0000  2.7589 17.0826
  5.7447  4.0314  0.0000  1.1922 36.8996
  5.6504  4.2669  0.0000  1.2339 39.4816
  4.7457  1.4218  0.0000  1.8141 10.3054
  4.7192  2.9338  0.0000  1.4508 25.1727
  5.6893  2.6363  0.0000  3.0199 22.1026
  5.7097  2.9680  0.0000  2.2361 25.5295
  5.3535  0.7370  0.0000  2.6278  4.5416
  3.7130  2.8224  0.0000  1.3621 24.0171
  5.2681  3.5684  0.0000  0.3446 31.8857
  4.7015  1.0309  0.0000  1.4212  6.8956
  5.3048  2.6221  0.0000  1.3412 21.9572
  4.7688  2.3754  0.0000  1.1820 19.4571
  5.0339  2.2558  0.0000  1.4157 18.2622
  5.0115  2.6111  0.0000  2.2739 21.8452
  4.8292  3.7057  0.0000  1.0402 33.3633
  5.0853  4.3698  0.0000  0.6305 40.6156
  5.5467  2.4056  0.0000  2.4574 19.7615
  5.0343  4.3900  0.0000  1.2683 40.8391
  4.1870  4.1709  0.0000  1.1498 38.4271
  5.1137  1.6774  0.0000  0.8847 12.6611
  5.2908  0.7442  0.0000  0.3629  4.5963
  5.2876  0.3864  0.0000  0.4681  2.0746
  4.9680  2.6934  0.0000  0.8118 22.6878
  3.9024  2.0808  0.0000  2.3459 16.5335
  5.6694  0.9632  0.0000  0.4189  6.3350
  3.8277  3.2503  0.0000  1.4178 28.4957
  4.4558  4.0482  0.0000  1.7871 37.0829
  5.0082  4.2344  0.0000  1.9505 39.1245
  5.0318  3.7696  0.0000  1.7985 34.0536
  5.2879  0.1310  0.0000  0.7803  0.6091
  5.0752  1.2867  0.0000  0.9406  9.0975
  3.5819  1.4405  0.0000  2.4158 10.4748
  3.9672  2.9060  0.0000  1.2397 24.8837
  4.1724  1.9680  0.0000  1.9632 15.4346
  4.2867  2.8689  0.0000  2.6017 24.4986
  6.7809  2.1386  0.0000  2.2524 17.1016
  6.1275  2.3664  0.0000  1.1795 19.3671
  3.7737  3.1071  0.0000  2.9026 26.9854
  4.8311  3.8434  0.0000  2.1318 34.8529
  5.4108  1.9979  0.0000  0.3348 15.7250
  5.3065  3.1766  0.0000  1.2778 27.7174
  6.4550  2.5821  0.0000  1.7412 21.5490
  5.2571  4.3579  0.0000  0.4433 40.4846
  5.4795  1.5900  0.0000  1.1897 11.8463
  4.2218  1.9444  0.0000  2.2513 15.2060
  5.9577  1.7653  0.0000  1.2456 13.4902
  5.0121  1.3502  0.0000  1.2660  9.6613
  5.5189  2.7361  0.0000  0.1595 23.1258
  4.7121  0.4106  0.0000  1.0050  2.2296
  5.4667  3.0926  0.0000  2.0067 26.8334
  4.9445  0.5823  0.0000  1.0112  3.3988
  4.9608  1.9725  0.0000  1.3149 15.4785
  5.9221  2.3436  0.0000  1.9892 19.1389
  5.3697  1.9118  0.0000  1.7867 14.8908
  4.9401  3.1016  0.0000  0.6992 26.9274
  4.6923  3.0781  0.0000  2.4186 26.6811
  4.9044  2.0751  0.0000  1.9600 16.4782
  5.2351  3.1085  0.0000  1.1877 27.0002
  6.6001  2.0718  0.0000  2.0437 16.4458
  4.7247  2.4948  0.0000  1.4410 20.6621
  6.0361  2.6882  0.0000  1.7528 22.6343
  4.9937  1.9406  0.0000  0.4282 15.1691
  4.5302  1.8555  0.0000  2.2933 14.3502
  5.7612  0.8194  0.0000  1.3474  5.1797
  4.9286  2.7804  0.0000  2.5513 23.5829
  5.1178  2.4713  0.0000  1.4030 20.4242
  5.1555  2.3703  0.0000  2.6378 19.4066
  4.6999  3.5687  0.0000  2.9245 31.8893
  4.9370  1.9526  0.0000  1.0137 15.2854
  5.2263  2.5852  0.0000  2.0899 21.5804
  5.2859  2.5119  0.0000  2.5730 20.8354
  5.0034  1.0162  0.0000  1.7589  6.7731
  5.5954  2.7263  0.0000  1.3996 23.0257
  6.1984  2.1909  0.0000  1.9227 17.6181
  5.5860  3.1577  0.0000  1.8429 27.5179
  4.9087  2.0106  0.0000  2.7868 15.8480
  5.3419  2.8037  0.0000  2.0234 23.8231
  5.6999  2.4444  0.0000  1.8119 20.1522
  5.5929  3.5929  0.0000  0.1536 32.1488
  5.0941  0.9494  0.0000  1.4854  6.2219
  4.8552  2.7721  0.0000  1.0430 23.4970
  6.1155  3.5740  0.0000  0.2950 31.9455
  5.2942  1.2124  0.0000  2.5882  8.4455
  5.5261  2.0901  0.0000  1.8794 16.6252
  5.6472  4.1883  0.0000  2.0599 38.6180
  4.8228  2.1510  0.0000  2.2533 17.2240
  5.1997  2.0825  0.0000  2.2046 16.5506
  5.0475  2.0788  0.0000  2.5676 16.5141
  4.8176  0.9040  0.0000  1.8579  5.8529
  5.1709  2.3744  0.0000  1.1656 19.4475
  3.7951  1.0035  0.0000  1.7127  6.6681
