  5.5883  3.9146  0.9859  1.0065 35.6267
  5.8041  1.4125  0.9768  1.3059 10.2207
  6.9115  1.9490  0.3955  0.6545 15.2509
  5.7598  2.6942  0.9765  1.4876 22.6954
  4.7379  4.3693  0.9753  0.7813 40.6111
  6.3420  2.8597  0.9825  1.4057 24.4035
  5.8685  4.0682  0.9839  0.8851 37.3021
  6.4479  3.0914  0.9783  1.4549 26.8210
  4.7470  4.4164  0.9963  0.3182 41.1308
  5.6803  2.8834  0.9932  2.0448 24.6486
  6.0699  4.4417  0.9939  2.5456 41.4108
  6.5944  2.2434  0.8179  0.4988 18.1388
  5.9615  2.5089  0.9980  0.2954 20.8052
  6.6119  1.1307  0.6834  1.0779  7.7402
  6.1875  2.8473  0.9977  1.0322 24.2750
  6.7649  1.8067  0.6173  0.6781 13.8841
  5.9512  3.7754  0.9980  1.6731 34.1166
  5.7577  2.2283  0.9813  1.6953 17.9888
  5.8834  1.6918  0.9924  1.4535 12.7970
  5.3240  2.5664  0.9931  2.6167 21.3895
  6.1749  3.3604  0.9736  2.6894 29.6636
  4.2992  3.9573  0.9692  1.6473 36.0908
  5.3662  2.4095  0.9680  2.1447 19.8007
  6.3106  3.7731  0.9755  2.9568 34.0914
  5.8828  0.3920  0.9979  1.3130  2.1103
  6.4903  3.9188  0.9980  1.4435 35.6722
  6.5133  0.9508  0.7778  0.7099  6.2333
  4.7557  2.7497  0.9974  1.9400 23.2664
  5.4503  1.9043  0.9739  1.5324 14.8189
  5.3261  0.6507  0.9802  1.9540  3.8948
  6.1520  3.2385  0.9898  1.7172 28.3705
  6.3294  2.8652  0.9793  2.2960 24.4596
  5.3116  1.4991  0.9794  0.9486 11.0083
  6.8762  3.4264  0.3035  1.8826 30.3660
  5.7631  2.6153  0.9814  2.3077 21.8880
  6.7147  1.7475  0.5923  2.1523 13.3214
  5.0367  3.7811  0.9746  1.8270 34.1776
  6.1106  3.5604  0.9803  0.6129 31.8001
  5.5480  2.2724  0.9692  1.6814 18.4268
  5.1250  0.7542  0.9726  2.4259  4.6732
  5.5165  2.4249  0.9924  0.9683 19.9552
  5.9969  1.0848  0.9791  0.2530  7.3492
  5.6587  2.4712  0.9958  0.6149 20.4232
  5.8970  2.7436  0.9682  0.3506 23.2035
  4.9011  2.5555  0.9842  1.8647 21.2785
  5.4242  3.4919  0.9980  0.6915 31.0657
  6.1849  3.0632  0.9714  0.9814 26.5252
  5.7971  1.2052  0.9871  0.7228  8.3831
  5.2182  4.3110  0.9948  2.8417 39.9678
  5.8869  1.9005  0.9719  1.4401 14.7821
  5.8559  2.5169  0.9858  1.7959 20.8856
  5.8603  1.1230  0.9809  1.1576  7.6741
  5.7598  1.4474  0.9846  0.9634 10.5373
  5.2082  1.4734  0.9875  1.5605 10.7736
  6.2566  3.4721  0.9710  2.0191 30.8545
  6.3108  3.6427  0.9553  1.4045 32.6846
  6.2056  2.3249  0.9717  0.6492 18.9511
  6.5340  2.5608  0.8639  0.6687 21.3319
  5.8148  2.0252  0.9713  2.5718 15.9903
  5.6087  3.7521  0.9858  0.9234 33.8640
  6.8680  1.5833  0.4801  1.0105 11.7841
  5.0588  4.2166  0.9941  2.3632 38.9289
  6.1838  2.6880  0.9762  1.5945 22.6321
  5.8996  2.6352  0.9942  1.5700 22.0908
  6.6178  2.0953  0.7559  1.0320 16.6763
  5.8859  3.3191  0.9703  0.5962 29.2251
  5.9595  3.3948  0.9858  1.2104 30.0293
  6.3958  2.3696  0.9732  2.5893 19.3995
  5.7690  1.7370  0.9842  0.5043 13.2223
  5.6952  3.5350  0.9759  0.3618 31.5277
  5.1657  2.4345  0.9767  2.6340 20.0523
  4.7945  3.9431  0.9895  0.8904 35.9362
  5.4399  1.1580  0.9868  1.7856  7.9747
  5.3757  3.1968  0.9738  0.9138 27.9304
  4.8946  1.7989  0.9704  0.2650 13.8095
  5.0564  3.8476  0.9760  0.6397 34.8982
  6.9891  4.2961  0.4520  2.6274 39.8035
  5.8242  1.4810  0.9768  2.1853 10.8429
  5.0155  2.1112  0.9881  0.8710 16.8325
  6.6198  1.6266  0.8922  1.8248 12.1867
  6.8576  2.0798  0.6431  1.7035 16.5236
  5.6000  0.4976  0.9930  1.4783  2.8081
  5.9787  2.0424  0.9729  1.2167 16.1582
  5.3956  1.0087  0.9960  1.2610  6.7112
  6.7886  2.1832  0.7894  1.0363 17.5415
  5.7427  1.3708  0.9800  2.1391  9.8454
  5.1587  1.7356  0.9764  1.8121 13.2095
  6.5273  2.1809  0.8995  1.4873 17.5193
  5.4329  3.6193  0.9816  1.2057 32.4325
  6.1106  1.1614  0.9852  0.2977  8.0040
  5.6458  2.3189  0.9965  0.4658 18.8912
  5.8035  3.1408  0.9823  2.9977 27.3400
  5.3601  2.7332  0.9762  1.2198 23.0960
  4.6110  2.7141  0.9899  0.5570 22.8997
  5.9698  1.9721  0.9884  1.5385 15.4740
  6.3140  3.8674  0.9683  0.6055 35.1136
  6.6218  1.7819  0.7086  2.0624 13.6483
  5.5860  1.1652  0.9855  0.8756  8.0364
  6.1080  2.2610  0.9842  2.6693 18.3133
  6.0918  1.5770  0.9697  0.3998 11.7256
  5.4576  2.3047  0.9702  1.7730 18.7498
  6.4255  1.1532  0.8896  0.9455  7.9327
  4.9196  2.1782  0.9980  0.1859 17.4925
  6.1331  1.5848  0.9745  2.3870 11.7982
  6.1070  1.6381  0.9943  1.2325 12.2936
  6.2386  2.0889  0.9850  2.6021 16.6134
  5.4218  4.1030  0.9680  1.8068 37.6824
  5.5317  1.3636  0.9852  1.6313  9.7816
  5.5280  1.5676  0.9756  0.8154 11.6389
  6.5815  3.0789  0.9717  2.2172 26.6897
  5.6638  2.7487  0.9980  1.9443 23.2558
  5.9666  4.1350  0.9967  0.9928 38.0332
  6.8672  0.9264  0.6335  1.6912  6.0345
  5.7936  1.3605  0.9886  0.9683  9.7533
  5.2418  1.2201  0.9956  1.9638  8.5126
  5.2596  1.9538  0.9679  0.6697 15.2964
  6.9603  2.7677  0.7760  1.3078 23.4520
  6.0787  1.9224  0.9907  2.5270 14.9935
  5.9710  2.5754  0.9886  2.1247 21.4802
  5.5425  3.6646  0.9972  1.5800 32.9199
  6.2208  2.6881  0.9898  0.9970 22.6334
  5.7220  2.8386  0.9852  0.7321 24.1846
  6.0298  1.3201  0.9717  2.3538  9.3935
  5.7343  2.1810  0.9939  1.1638 17.5204
  6.1211  1.2703  0.9980  1.7326  8.9527
  4.9092  3.3834  0.9970  1.9686 29.9080
  5.7571  2.0446  0.9966  1.9198 16.1797
  6.9802  2.9053  0.7187  0.9073 24.8765
  6.4224  3.3809  0.9067  1.7864 29.8814
  5.3331  2.7766  0.9875  0.0671 23.5436
  6.4842  1.2706  0.8923  0.7476  8.9554
  5.7234  2.7794  0.9931  1.5013 23.5726
  5.9405  2.2188  0.9812  1.1205 17.8945
  5.4514  1.4099  0.9711  1.1583 10.1974
  6.4561  2.9655  0.8707  2.1173 25.5033
  6.0408  2.7472  0.9794  1.6568 23.2410
  5.4097  0.5831  0.9913  1.3583  3.4047
  5.8219  3.5300  0.9910  1.2670 31.4740
