  4.8584  2.2407  0.9946  0.6179 18.1121
  5.0238  4.1410  0.9725  1.0332 38.0987
  5.1670  1.3966  0.9717  0.8853 10.0772
  6.4594  2.2083  0.9980  1.4017 17.7899
  4.0694  1.5878  0.9777  0.8752 11.8261
  5.3017  4.1725  0.9972  0.2692 38.4440
  4.7225  2.3758  0.9744  1.5656 19.4616
  4.2524  2.3632  0.9767  2.1934 19.3347
  5.0520  1.2179  0.9780  2.0392  8.4935
  5.5141  0.5288  0.9746  2.6011  3.0228
  4.4222  3.1412  0.9710  1.9678 27.3445
  6.0264  3.5361  0.9951  0.6053 31.5397
  5.0912  1.5030  0.9670  1.4698 11.0444
  4.3232  1.2263  0.9805  1.9334  8.5662
  4.5206  3.3085  0.9845  1.1680 29.1125
  4.5876  3.7288  0.9811  1.0694 33.6130
  5.4046  1.7241  0.9722  1.7127 13.1003
  5.3280  3.8551  0.9859  1.7673 34.9796
  4.9375  2.8451  0.9971  1.0046 24.2517
  5.7928  3.0510  0.9766  2.2669 26.3968
  4.8648  2.5268  0.9709  0.1371 20.9861
  5.0174  1.5697  0.9822  0.2272 11.6578
  5.0344  2.5304  0.9745  0.9579 21.0231
  4.1832  2.8626  0.9961  1.1162 24.4329
  5.4969  4.4863  0.9978  0.9765 41.9044
  4.5465  1.8330  0.9931  1.5917 14.1348
  5.4592  4.0315  0.9783  2.6466 36.9004
  4.7484  3.8076  0.9770  0.7275 34.4652
  4.2968  2.2713  0.9905  0.5373 18.4165
  5.1926  1.0567  0.9925  1.2497  7.1124
  4.5801  1.5966  0.9827  1.4649 11.9074
  5.9255  3.0580  0.9745  0.5735 26.4707
  4.9539  2.0416  0.9758  0.1996 16.1504
  3.6038  1.0239  0.9745  2.3925  6.8377
  5.4677  4.0833  0.9678  2.3185 37.4671
  6.2161  1.3833  0.9871  1.2001  9.9581
  5.5448  2.7762  0.9861  1.9301 23.5393
  5.1235  2.0491  0.9913  1.8039 16.2239
  3.8982  1.5375  0.9716  2.5527 11.3612
  5.5963  2.9706  0.9828  0.2391 25.5558
  3.7079  2.2131  0.9838  2.9332 17.8379
  5.5042  2.6646  0.9852  1.1112 22.3918
  5.0778  3.6038  0.9724  1.1647 32.2657
  5.2358  1.8445  0.9725  2.0378 14.2452
  4.5054  3.7873  0.9709  1.8328 34.2449
  4.2835  3.5853  0.9975  2.5679 32.0670
  3.5881  3.0517  0.9950  0.8555 26.4041
  5.4494  2.4327  0.9853  1.2271 20.0345
  4.9172  3.0159  0.9972  2.5204 26.0293
  4.8981  0.9190  0.9940  2.7952  5.9749
  5.1049  2.4882  0.9887  0.2823 20.5946
  4.8829  4.3010  0.9699  1.1789 39.8567
  6.8195  3.1360  0.5314  2.3783 27.2897
  5.1830  1.7236  0.9805  1.0297 13.0956
  4.8419  1.0797  0.9975  0.5282  7.3059
  5.2743  3.1472  0.9960  2.1892 27.4067
  4.9798  1.2895  0.9737  0.6651  9.1222
  5.4698  2.2587  0.9780  0.7238 18.2908
  5.2798  2.3971  0.9696  1.4721 19.6756
  5.4340  1.6735  0.9710  1.5666 12.6250
  5.2141  1.6723  0.9738  1.4203 12.6134
  5.2138  1.4675  0.9721  1.1523 10.7194
  3.6938  1.0084  0.9681  1.7062  6.7081
  5.3495  1.8992  0.9945  0.8548 14.7701
  4.8189  1.7099  0.9812  0.2694 12.9664
  4.3640  4.0514  0.9980  0.8340 37.1176
  4.2086  0.7870  0.9911  2.1039  4.9268
  5.0458  3.3437  0.9828  2.2392 29.4859
  4.7566  0.6547  0.9980  0.6262  3.9246
  4.7127  2.8948  0.9882  2.1709 24.7677
  4.7650  3.5210  0.9789  0.7350 31.3774
  4.0668  0.8398  0.9980  0.1439  5.3400
  5.1164  4.1707  0.9786  1.5264 38.4246
  5.5976  2.9402  0.9932  1.0633 25.2399
  5.0656  3.0551  0.9749  0.4471 26.4400
  5.0836  2.2375  0.9723  2.6429 18.0798
  5.1183  1.1978  0.9714  0.7900  8.3187
  5.0867  2.6773  0.9964  1.3152 22.5224
  4.7567  1.3872  0.9857  2.3448  9.9927
  5.3470  4.3521  0.9683  1.1822 40.4208
  5.4294  2.5987  0.9889  0.1773 21.7183
  5.7878  2.1240  0.9783  0.5203 16.9584
  5.6054  1.5240  0.9763  0.1257 11.2367
  5.0791  3.9320  0.9862  0.7795 35.8153
  4.6793  1.7736  0.9960  1.5434 13.5693
  4.8611  1.7743  0.9980  1.2581 13.5760
  5.0309  3.1891  0.9697  0.6096 27.8487
  4.7232  1.8717  0.9831  1.0574 14.5052
  5.9991  2.3114  0.9858  1.1602 18.8163
  5.2224  2.5008  0.9795  0.2325 20.7230
  4.9684  2.6047  0.9900  1.4379 21.7796
  4.1592  3.2285  0.9924  1.0436 28.2651
  5.0102  2.5872  0.9938  0.5013 21.6012
  4.1265  2.7543  0.9685  0.5817 23.3137
  4.8915  0.6033  0.9954  0.8349  3.5493
  5.6835  0.8142  0.9966  1.6852  5.1384
  4.7039  3.2085  0.9909  0.8349 28.0535
  4.9863  2.5000  0.9915  2.2692 20.7145
  5.1757  3.9622  0.9913  2.0002 36.1450
  5.1100  0.8922  0.9728  0.6718  5.7586
  5.6088  2.3909  0.9853  0.2858 19.6134
  4.7990  3.3457  0.9953  1.7176 29.5068
  3.6966  4.3680  0.9704  2.3319 40.5958
  4.6148  3.4713  0.9848  0.5661 30.8452
  4.3842  3.2874  0.9872  1.1835 28.8884
  4.7924  1.3516  0.9754  1.5963  9.6738
  5.2227  2.7605  0.9980  1.4149 23.3779
  5.5184  0.9174  0.9898  0.9347  5.9617
  3.5054  3.4666  0.9799  0.8666 30.7950
  4.7283  2.9800  0.9937  2.6036 25.6549
  4.9083  3.5452  0.9866  0.5433 31.6373
  4.6504  3.1745  0.9789  0.7631 27.6947
  4.7687  1.1549  0.9857  2.6111  7.9477
  4.8052  3.1803  0.9964  2.0204 27.7559
  4.6013  2.8262  0.9954  0.7106 24.0557
  4.5149  2.9904  0.9696  1.4648 25.7633
  4.8497  3.5350  0.9943  0.1760 31.5275
  6.9559  1.3572  0.6673  0.9808  9.7237
  4.8390  2.4317  0.9797  1.1087 20.0244
  4.7589  3.8079  0.9849  1.1613 34.4683
  5.7008  3.4408  0.9887  0.6295 30.5203
  5.1842  2.1004  0.9864  2.9879 16.7262
  3.6842  3.5049  0.9885  2.4980 31.2052
  5.3225  4.3348  0.9861  1.9890 40.2303
  4.6098  4.1944  0.9872  0.9307 38.6847
  4.9434  2.3183  0.9964  0.6618 18.8851
  5.2300  1.5453  0.9865  0.7161 11.4329
  4.6116  2.0672  0.9795  0.6721 16.4003
  5.5010  3.9627  0.9841  1.4577 36.1501
  4.9482  0.2611  0.9909  0.6161  1.3140
  5.5221  3.2594  0.9824  0.4595 28.5920
  5.0031  1.5902  0.9765  1.2185 11.8479
  4.7526  3.9091  0.9702  0.1571 35.5667
  4.2634  3.2540  0.9908  2.1516 28.5345
  4.6367  2.8852  0.9788  0.5661 24.6679
  4.4219  4.3881  0.9736  1.5531 40.8188
  5.1079  3.8516  0.9980  0.5071 34.9418
  4.1861  3.1884  0.9795  2.1273 27.8409
  4.6931  2.0537  0.9970  0.4276 16.2691
  4.6509  3.2986  0.9685  1.2935 29.0066
  5.6054  2.9667  0.9952  1.8712 25.5161
  3.7545  2.4985  0.9763  2.3873 20.6990
  4.7351  0.8552  0.9915  0.5006  5.4624
  4.1693  3.0467  0.9980  1.0458 26.3520
  4.4314  3.2421  0.9859  0.1636 28.4084
  6.4430  3.1716  0.9925  2.6398 27.6644
  4.2681  3.8490  0.9699  1.0884 34.9138
  5.4552  0.5034  0.9701  1.0000  2.8474
  5.4771  3.2463  0.9944  2.3944 28.4526
  4.0280  3.1868  0.9886  1.0155 27.8245
  3.8823  3.6098  0.9936  0.8204 32.3307
  4.7825  4.0665  0.9804  1.6516 37.2832
  4.7507  0.9769  0.9980  0.3555  6.4482
  3.7493  2.7505  0.9793  0.8458 23.2745
  4.6748  2.7145  0.9692  0.2633 22.9041
  5.3957  1.2836  0.9689  0.8523  9.0700
  4.9942  3.2600  0.9757  0.8687 28.5979
  4.8129  3.0533  0.9926  1.3879 26.4209
  5.0282  3.4002  0.9954  1.2192 30.0868
  5.0233  1.8823  0.9869  2.0459 14.6077
  3.9884  1.5647  0.9840  2.0603 11.6118
  5.1965  0.5183  0.9778  0.7906  2.9502
  4.9837  4.0487  0.9887  0.2530 37.0884
  4.9841  3.0406  0.9893  2.0646 26.2884
  5.2411  1.7760  0.9970  0.3639 13.5920
  5.0362  1.2836  0.9834  0.8544  9.0695
  4.6767  1.9949  0.9905  2.4951 15.6951
  4.2409  2.0223  0.9792  1.0970 15.9621
  3.6583  1.9263  0.9840  2.3817 15.0307
  5.4600  1.6555  0.9752  2.6052 12.4560
  6.4252  4.2900  0.9689  1.6635 39.7362
  4.8009  2.1895  0.9802  1.1818 17.6047
  5.4896  2.4650  0.9891  1.9899 20.3604
  4.8910  3.1920  0.9750  0.8918 27.8798
  4.8033  4.0061  0.9960  1.4317 36.6232
  5.6762  3.7491  0.9847  1.6147 33.8314
  4.4736  1.5069  0.9676  0.6001 11.0797
  4.9226  2.7310  0.9759  0.6349 23.0738
  5.3590  3.5047  0.9677  1.7586 31.2028
  5.0110  2.7891  0.9826  2.1037 23.6721
  5.1396  1.3797  0.9850  2.0265  9.9253
  5.0062  2.8529  0.9893  0.3844 24.3322
  5.0300  3.1177  0.9682  2.2474 27.0970
  4.8814  4.4461  0.9785  2.8115 41.4592
  5.2880  1.5954  0.9750  1.2807 11.8964
  6.4053  3.1526  0.9021  1.3288 27.4639
  4.0261  1.4986  0.9980  1.0923 11.0035
  4.9484  2.1841  0.9939  0.9918 17.5508
  5.5454  2.7585  0.9875  0.4102 23.3569
  4.6341  2.8162  0.9845  0.7920 23.9523
  4.6630  1.7999  0.9773  0.8003 13.8189
  5.2230  1.6613  0.9708  2.7427 12.5100
  5.2096  3.1065  0.9822  1.2590 26.9794
  4.7793  1.3024  0.9829  0.9805  9.2356
  5.5727  3.9896  0.9674  1.0497 36.4429
  5.0656  1.5242  0.9881  1.0563 11.2386
  5.5769  2.9744  0.9743  0.9697 25.5955
  5.2780  2.5148  0.9782  0.4990 20.8644
  3.9498  0.5223  0.9972  1.1371  2.9779
  5.2715  4.3720  0.9839  2.6209 40.6402
  5.1108  2.1573  0.9681  1.9091 17.2856
  4.0338  4.1309  0.9747  0.1926 37.9882
  4.1860  3.1429  0.9765  0.7348 27.3618
  6.4564  1.8522  0.9722  1.1876 14.3190
  5.0522  4.1233  0.9735  0.7078 37.9049
  4.7502  1.4411  0.9837  0.9713 10.4800
  5.5619  2.8338  0.9875  1.3493 24.1351
  4.7257  2.3267  0.9782  0.7574 18.9694
  5.1076  4.0117  0.9752  2.3384 36.6841
  4.1204  2.9598  0.9895  1.1098 25.4434
  4.8715  1.8548  0.9935  0.5348 14.3437
  3.5836  2.9429  0.9939  0.8110 25.2677
  5.5659  1.1203  0.9869  0.8577  7.6512
  5.3033  2.7790  0.9675  1.6296 23.5683
  4.7823  3.6634  0.9848  0.2632 32.9074
  5.0600  3.9094  0.9705  2.5282 35.5700
  5.2095  1.7604  0.9670  1.3478 13.4440
  4.3277  3.0858  0.9740  0.9659 26.7617
  6.3766  2.0580  0.9828  1.2080 16.3111
  5.2354  2.4342  0.9783  1.5208 20.0497
  4.2063  0.7574  0.9953  0.1778  4.6976
  4.3182  4.4618  0.9855  1.4278 41.6336
  4.0878  1.0220  0.9854  1.1115  6.8219
  3.5227  2.8136  0.9975  2.1858 23.9254
  4.6003  4.4959  0.9873  0.7678 42.0115
  5.3020  2.4356  0.9908  0.8316 20.0630
  4.8924  2.2711  0.9919  1.0196 18.4147
  6.7636  2.9816  0.9482  0.9089 25.6710
  5.1199  1.1978  0.9867  0.9692  8.3183
  4.4329  3.4485  0.9834  1.1456 30.6018
  4.8904  4.1700  0.9850  1.9386 38.4168
  5.0731  1.5111  0.9679  0.8141 11.1184
  5.3320  2.0292  0.9778  1.6377 16.0290
  3.9594  3.4525  0.9904  2.0012 30.6451
  5.7399  2.8790  0.9781  2.4552 24.6035
  4.4192  2.0146  0.9858  1.2679 15.8871
  5.1804  3.7745  0.9898  2.0955 34.1066
  6.5998  2.4562  0.8981  0.8169 20.2710
  4.5598  3.2432  0.9947  0.5927 28.4206
  5.2444  2.0453  0.9980  1.6740 16.1865
  4.6744  2.0903  0.9840  1.5727 16.6274
  4.7351  1.3992  0.9945  0.4603 10.1007
  3.6577  0.7768  0.9671  1.4753  4.8477
  3.5255  0.9297  0.9963  0.6382  6.0617
  5.3712  2.0780  0.9817  2.1168 16.5065
  4.5443  1.1617  0.9804  0.6542  8.0060
  4.9007  1.6658  0.9819  0.8611 12.5528
  5.8471  1.2342  0.9940  0.9030  8.6355
  4.2537  3.5786  0.9816  1.8465 31.9956
  5.4097  3.0832  0.9797  1.5215 26.7347
  5.4158  1.6516  0.9807  0.0402 12.4197
  5.1078  2.7010  0.9980  2.3681 22.7649
  5.4795  2.8444  0.9670  2.2244 24.2444
  4.5878  2.0671  0.9874  0.3734 16.4000
  4.1106  4.1572  0.9808  0.9719 38.2767
  4.8560  3.3681  0.9673  1.0218 29.7449
  5.0803  3.8247  0.9974  1.4743 34.6505
  4.8488  1.6447  0.9959  1.6364 12.3547
  4.9539  4.2060  0.9742  2.6766 38.8119
  4.5026  4.4023  0.9880  0.2334 40.9751
  5.3474  1.4873  0.9788  0.0768 10.9007
  5.0064  3.1738  0.9918  0.0606 27.6873
  4.3154  1.1127  0.9721  0.9262  7.5866
  4.3326  2.2538  0.9849  0.5542 18.2421
  3.9434  3.3304  0.9912  0.7141 29.3442
  5.5537  4.1681  0.9880  0.8895 38.3963
  5.1801  2.1857  0.9940  1.5524 17.5668
  4.5979  1.8796  0.9854  1.0264 14.5818
  4.9432  3.6565  0.9789  1.1772 32.8329
  5.2020  2.1937  0.9881  1.3536 17.6460
  6.1542  4.2162  0.9862  2.0983 38.9246
  4.6020  2.5881  0.9805  0.0598 21.6098
  5.7936  2.4253  0.9773  1.8022 19.9600
  5.7969  2.8824  0.9801  1.1407 24.6385
  5.4355  1.8351  0.9798  1.2129 14.1546
  3.7407  4.2464  0.9790  2.1516 39.2561
  4.1727  3.4561  0.9740  0.5477 30.6830
  4.9482  1.5676  0.9900  0.6156 11.6389
  6.5518  2.0510  0.9857  0.8065 16.2426
  5.1259  4.2212  0.9736  1.3084 38.9784
  4.3449  4.2299  0.9677  1.8495 39.0750
  5.3647  3.0531  0.9824  0.7805 26.4193
  5.5800  1.7102  0.9980  0.4626 12.9698
  4.6105  1.2870  0.9689  0.7004  9.0996
  5.1054  0.8737  0.9952  1.8709  5.6101
  6.9764  2.6525  0.6987  2.5782 22.2684
  5.6261  3.6119  0.9899  1.6234 32.3530
  5.4807  1.3547  0.9973  3.0492  9.7020
  5.1823  4.1341  0.9756  0.7136 38.0233
  5.0615  3.1333  0.9934  0.3861 27.2608
  4.8995  1.2498  0.9805  1.3048  8.7720
  4.5047  2.3626  0.9745  1.1831 19.3290
  5.8042  1.6547  0.9895  0.8101 12.4485
  5.1340  0.6484  0.9725  1.9917  3.8776
  5.3686  2.8082  0.9758  1.7456 23.8704
  5.7814  4.4224  0.9865  1.3525 41.1975
  4.7745  1.6768  0.9809  2.5470 12.6554
  4.7892  1.4943  0.9778  2.0976 10.9644
  5.9480  3.0727  0.9938  1.0924 26.6239
  5.1715  2.7737  0.9863  2.4295 23.5140
  5.2078  2.7371  0.9731  0.7206 23.1369
  5.1531  0.9607  0.9970  0.5853  6.3148
  3.9233  4.4154  0.9974  2.2655 41.1197
  5.2039  1.0293  0.9921  0.4175  6.8822
  5.1430  2.0844  0.9937  2.1050 16.5688
  5.2320  1.6606  0.9690  1.0071 12.5041
  5.3297  4.2859  0.9705  1.5281 39.6908
  4.8874  1.5563  0.9827  0.8580 11.5341
  5.1639  3.3566  0.9862  0.5518 29.6230
  5.0428  2.6960  0.9681  1.7053 22.7140
  3.9025  1.2036  0.9762  1.4121  8.3690
  5.2857  1.8309  0.9754  1.9541 14.1145
  4.4051  1.5390  0.9696  1.0028 11.3747
  5.2261  3.2154  0.9864  2.8530 28.1260
  4.4907  1.4129  0.9714  1.0364 10.2246
  4.9364  0.9068  0.9713  1.4739  5.8763
  4.3099  1.4486  0.9873  1.9030 10.5476
  5.1614  0.9471  0.9890  1.5855  6.2030
  5.1723  1.9095  0.9944  2.6033 14.8693
  4.9388  4.2663  0.9710  2.7273 39.4755
  4.9728  2.5948  0.9800  2.1056 21.6784
  5.4064  3.4210  0.9840  1.7759 30.3091
  4.9719  1.3222  0.9757  0.7895  9.4117
  5.1625  1.2448  0.9832  1.9674  8.7288
  4.3092  1.5046  0.9826  1.3133 11.0587
  5.6772  3.2722  0.9922  0.6882 28.7272
  5.0293  0.6366  0.9776  1.4245  3.7913
  5.9598  2.1073  0.9902  1.3666 16.7941
  5.1873  3.6076  0.9706  0.9646 32.3064
  5.2537  2.2097  0.9749  1.7466 17.8043
  4.0641  2.1426  0.9895  0.9302 17.1413
  5.1347  3.9303  0.9702  2.4748 35.7968
  4.0650  1.8840  0.9980  0.6637 14.6232
  4.4873  1.8616  0.9681  1.9421 14.4089
  4.9459  2.9921  0.9743  0.6337 25.7812
  5.4844  4.1959  0.9714  0.7866 38.7007
  4.2177  1.9096  0.9857  0.3234 14.8697
  6.4169  2.5654  0.9906  1.0301 21.3793
  4.6034  4.3051  0.9976  0.7922 39.9024
  6.2339  0.6526  0.9728  1.1357  3.9085
  4.9962  4.0363  0.9679  0.7643 36.9529
  4.9423  2.9921  0.9845  1.2663 25.7810
  4.1910  2.3440  0.9923  2.6667 19.1424
  5.2244  2.7601  0.9809  0.7654 23.3732
  5.2894  1.3878  0.9669  0.5477  9.9984
  4.8347  3.4170  0.9933  2.8255 30.2663
  5.4684  4.0613  0.9900  1.8085 37.2256
  4.7751  1.0081  0.9931  1.3107  6.7059
  5.3667  2.4931  0.9918  2.6262 20.6442
  5.4648  0.8052  0.9808  0.1284  5.0681
  4.7420  3.1451  0.9801  1.8377 27.3847
  6.9190  1.0139  0.4576  0.4875  6.7538
  4.5613  3.2673  0.9788  1.3532 28.6751
  5.3291  0.9626  0.9713  0.3214  6.3301
  5.6258  0.5300  0.9689  1.3292  3.0306
  3.9967  4.1184  0.9919  2.1394 37.8509
  5.7051  3.3626  0.9933  1.3220 29.6865
  5.5415  2.3352  0.9948  1.4707 19.0549
  4.4385  1.9036  0.9782  0.8044 14.8118
  4.6484  1.8330  0.9815  2.6144 14.1348
  3.6744  2.3893  0.9789  1.7712 19.5969
  5.1542  3.4968  0.9897  1.6383 31.1179
  4.8581  3.8007  0.9798  1.1849 34.3899
  5.9296  2.8061  0.9840  1.9339 23.8485
  4.5268  4.4756  0.9980  2.2515 41.7859
  5.7638  2.6617  0.9705  0.8330 22.3624
  5.4791  4.4081  0.9848  2.4421 41.0391
  4.1055  1.7520  0.9918  0.3268 13.3640
  4.6438  3.0931  0.9824  0.5851 26.8380
  4.6696  0.6721  0.9817  1.6870  4.0530
  5.2883  4.2894  0.9907  1.5613 39.7298
  4.1799  2.8677  0.9933  2.1722 24.4862
  5.2316  1.7200  0.9827  1.2763 13.0624
  6.2287  3.6061  0.9690  0.6273 32.2908
  6.0665  1.9995  0.9945  1.4851 15.7406
  5.6647  0.3637  0.9835  1.6858  1.9313
  5.4289  2.6209  0.9787  1.6026 21.9452
  5.2094  1.4761  0.9980  1.1391 10.7987
  5.5588  1.2720  0.9974  0.7028  8.9676
  5.6733  3.6469  0.9733  1.3924 32.7290
  5.1696  1.7644  0.9766  3.0373 13.4816
  4.6130  1.6594  0.9918  0.8236 12.4930
  5.1950  0.8985  0.9879  0.9512  5.8088
  4.4020  3.2046  0.9893  1.1252 28.0120
  4.1393  1.5080  0.9730  0.7586 11.0903
  5.1273  2.8295  0.9751  1.6632 24.0904
  5.1917  1.7788  0.9967  2.1667 13.6181
  3.7588  3.7378  0.9809  1.7137 33.7101
  5.0566  3.1648  0.9776  0.7471 27.5927
  6.6712  2.4432  0.6579  0.7003 20.1402
  4.6669  1.8373  0.9919  0.2111 14.1757
  5.5752  2.9987  0.9740  1.6188 25.8492
  3.8820  2.3084  0.9701  2.7496 18.7869
  4.5735  3.7883  0.9957  1.2125 34.2560
  5.4791  2.7928  0.9980  0.6520 23.7112
  5.2137  0.7088  0.9752  1.8981  4.3275
  4.8147  2.9512  0.9678  0.3131 25.3537
  4.9523  1.4851  0.9933  2.4795 10.8802
  5.1666  2.8494  0.9961  1.1162 24.2966
  5.2363  3.8200  0.9705  1.9749 34.5990
  3.9021  3.4626  0.9816  2.1878 30.7523
  5.1232  3.1419  0.9935  2.2355 27.3511
  4.3059  0.6182  0.9698  0.4374  3.6575
  5.4553  2.6735  0.9827  0.5792 22.4837
  5.6041  3.4539  0.9859  0.9922 30.6594
  5.4160  2.8832  0.9768  0.5060 24.6469
  5.0347  3.9316  0.9913  2.1579 35.8109
  4.7894  1.7494  0.9751  1.9423 13.3398
  5.5021  1.7135  0.9946  0.8457 13.0005
  3.9501  2.8836  0.9741  1.9157 24.6506
  4.7553  0.5017  0.9877  1.9622  2.8359
  5.2220  0.6756  0.9740  2.0772  4.0791
  4.4489  1.1472  0.9928  2.8688  7.8816
  6.3033  4.0531  0.9962  0.5633 37.1367
  5.1469  0.8684  0.9705  0.4458  5.5677
  4.5962  2.2392  0.9817  2.5876 18.0972
  4.7942  1.9746  0.9889  1.7887 15.4989
  4.2143  1.2198  0.9742  0.7957  8.5102
  5.3170  4.3642  0.9970  2.1628 40.5541
  5.1571  2.1053  0.9851  1.7202 16.7738
  6.7746  2.6697  0.8981  0.8117 22.4440
  4.9358  1.8969  0.9825  1.0150 14.7473
  5.5554  1.7543  0.9834  1.9936 13.3858
  4.3468  0.8084  0.9682  2.1735  5.0934
  5.1487  1.7937  0.9797  1.4841 13.7602
  5.4978  1.0179  0.9917  1.3250  6.7877
  5.2685  2.0885  0.9879  0.4868 16.6098
  4.4445  1.5643  0.9740  1.8718 11.6078
  4.3803  2.7045  0.9980  0.4030 22.8015
  6.9127  1.7959  0.6561  0.8916 13.7816
  5.6678  4.1860  0.9961  1.8802 38.5928
  4.2489  2.8751  0.9980  0.7066 24.5624
  5.1369  1.9868  0.9838  0.1095 15.6168
  5.0397  3.2384  0.9744  0.0913 28.3699
  4.4362  2.9840  0.9675  1.0344 25.6957
  4.7149  3.7833  0.9815  1.5096 34.2018
  5.3304  2.4117  0.9830  1.1593 19.8224
  3.9739  3.8101  0.9919  1.9574 34.4915
  5.5699  2.3312  0.9812  2.0965 19.0143
  5.5364  1.9181  0.9980  0.0914 14.9519
  5.3332  1.9288  0.9980  1.8724 15.0550
  4.6913  0.6634  0.9980  0.8100  3.9887
  4.8918  3.3920  0.9833  1.1721 30.0001
  5.3227  2.8920  0.9980  1.0535 24.7383
  6.2431  2.8241  0.9850  1.4263 24.0343
  5.5980  3.0356  0.9714  0.8795 26.2360
  4.2591  3.3621  0.9858  1.9484 29.6814
  4.4517  1.3528  0.9958  2.2948  9.6845
  5.4105  4.2497  0.9828  1.1426 39.2921
  4.0513  1.0250  0.9702  1.3581  6.8467
  6.1184  4.3018  0.9862  1.4887 39.8664
  5.0763  3.4312  0.9938  0.4868 30.4179
  4.2534  0.8866  0.9892  1.9338  5.7136
  5.0235  3.4876  0.9925  0.7244 31.0198
  6.5693  2.1571  0.7045  0.9203 17.2843
  5.3489  3.9941  0.9872  2.5594 36.4926
  4.7029  2.8954  0.9764  1.9569 24.7734
  5.2543  1.5091  0.9826  1.9989 11.1002
  5.0208  4.1639  0.9945  0.9252 38.3499
  4.8114  3.2175  0.9847  1.4843 28.1482
  5.3539  4.2387  0.9793  1.7436 39.1713
  5.1897  2.3574  0.9701  2.1246 19.2770
  5.9828  4.2591  0.9752  1.3265 39.3958
  5.2271  3.8287  0.9889  0.1998 34.6931
  5.4104  3.0607  0.9980  2.4358 26.4988
  5.7440  0.7740  0.9822  1.9055  4.8258
  5.6801  1.3337  0.9689  0.9396  9.5138
  5.0900  3.6743  0.9896  1.0904 33.0246
  5.1394  3.0269  0.9752  1.6572 26.1442
  5.3377  1.9454  0.9780  2.1114 15.2160
  5.8523  4.1080  0.9916  0.6815 37.7368
  5.3249  3.8563  0.9727  2.7021 34.9932
  5.2098  1.8581  0.9737  1.5743 14.3754
  5.2005  1.5853  0.9980  2.0648 11.8020
  4.4075  1.4958  0.9746  0.9807 10.9780
  5.7768  3.0172  0.9689  0.9802 26.0430
  5.7349  2.3725  0.9742  1.3909 19.4283
  5.4594  0.8176  0.9811  1.1057  5.1653
  4.6672  1.3617  0.9806  1.1077  9.7638
  5.7458  2.1108  0.9906  1.3218 16.8286
  4.8124  1.8570  0.9770  1.0573 14.3641
  3.6235  1.8803  0.9944  0.6850 14.5877
  5.1507  1.4507  0.9980  1.9930 10.5671
  5.1031  3.8272  0.9980  1.8069 34.6773
  5.6942  4.2914  0.9881  1.0975 39.7512
  3.9798  3.5071  0.9874  1.6505 31.2291
  4.8871  3.1866  0.9932  1.4841 27.8219
  5.5775  2.5199  0.9943  1.7763 20.9169
  4.8575  2.8285  0.9727  2.8245 24.0798
  4.1384  1.6522  0.9803  2.9729 12.4254
  5.1244  2.5629  0.9838  1.9493 21.3531
  5.1009  1.6418  0.9835  0.2969 12.3284
  4.7907  3.2216  0.9740  0.9595 28.1918
  4.6744  2.8370  0.9697  2.0436 24.1682
  4.3402  3.8683  0.9776  0.6942 35.1233
  5.2682  1.8466  0.9904  2.4224 14.2646
  4.3183  2.1433  0.9671  1.4042 17.1483
  5.4094  2.2728  0.9762  1.6734 18.4315
  5.4242  2.0266  0.9938  2.6328 16.0038
  5.5494  3.2821  0.9932  1.3464 28.8321
  5.6496  2.5088  0.9672  0.1966 20.8042
  5.3556  4.0029  0.9888  0.1167 36.5885
  5.7585  2.5302  0.9907  2.1507 21.0209
  4.4474  3.7945  0.9898  0.7921 34.3233
  4.2255  3.7935  0.9937  0.1587 34.3123
  4.9048  1.9796  0.9712  1.0557 15.5470
  4.9321  1.9526  0.9875  0.6953 15.2849
  4.9091  2.3844  0.9814  0.3511 19.5483
  5.0539  3.8455  0.9951  0.9082 34.8754
  5.6656  2.8808  0.9974  1.0021 24.6221
  4.0063  2.7867  0.9899  0.9416 23.6476
  5.4173  2.3396  0.9923  2.5111 19.0984
  5.2340  0.6993  0.9755  0.1519  4.2565
  4.2847  3.0367  0.9944  2.9867 26.2469
  4.6931  0.2111  0.9737  0.5472  1.0320
  4.9884  2.9880  0.9980  0.6460 25.7381
  4.3837  0.6545  0.9717  2.1994  3.9231
  5.1064  1.8928  0.9770  2.1539 14.7079
  4.7728  2.3373  0.9980  0.2454 19.0754
  5.3620  3.7377  0.9977  1.4017 33.7091
  5.3346  2.3339  0.9786  1.6033 19.0411
  5.3081  2.7938  0.9931  1.4403 23.7212
  4.9096  1.3063  0.9741  0.5624  9.2703
  5.9601  2.7507  0.9759  0.6144 23.2761
  4.2031  2.9410  0.9845  0.3732 25.2481
  3.9151  3.4020  0.9729  2.2822 30.1067
  4.2833  1.8234  0.9812  1.0374 14.0430
  5.3657  1.6607  0.9750  2.2994 12.5044
  4.8239  1.2635  0.9916  0.1584  8.8924
  5.0675  2.6832  0.9947  2.2923 22.5824
  3.6420  1.1315  0.9791  0.5858  7.7466
  5.2980  1.3744  0.9725  0.8894  9.8776
  4.0347  3.0375  0.9970  2.5536 26.2556
  5.2623  3.0139  0.9689  1.0100 26.0084
  6.5425  1.9057  0.7057  1.0286 14.8323
  4.3010  3.3566  0.9913  1.6519 29.6229
  6.0119  1.4454  0.9885  1.0367 10.5186
  4.6660  2.5207  0.9684  2.6832 20.9244
  3.8583  3.4226  0.9827  1.8077 30.3255
  5.3562  1.2242  0.9922  0.5824  8.5483
  4.9250  0.5348  0.9835  2.3358  3.0645
  5.6613  3.9118  0.9940  0.9779 35.5957
  5.3355  4.4900  0.9980  1.0974 41.9457
  5.0605  0.7620  0.9830  0.2230  4.7334
  5.5713  2.1832  0.9971  0.2180 17.5419
  5.6482  0.9251  0.9833  2.6570  6.0244
  4.7464  3.8016  0.9847  1.6766 34.4000
  5.1332  1.6749  0.9885  0.1230 12.6380
  5.3706  2.8269  0.9717  1.2792 24.0629
  5.0882  1.8900  0.9820  0.3735 14.6809
  4.7181  0.9947  0.9706  0.3991  6.5948
  5.1488  3.2106  0.9924  1.2102 28.0760
  5.0878  2.5577  0.9699  1.4835 21.3004
  5.2698  2.6768  0.9980  1.9013 22.5167
  5.0497  3.6754  0.9859  0.3361 33.0363
  4.6183  2.0936  0.9721  1.4894 16.6593
  4.4903  1.6539  0.9762  1.5062 12.4414
  3.8076  2.5590  0.9677  0.1563 21.3140
  5.2270  0.7000  0.9970  1.5018  4.2619
  5.1104  2.7759  0.9938  1.8466 23.5367
  5.2915  1.3469  0.9706  0.2800  9.6317
  4.7628  4.4045  0.9852  2.3536 41.0000
  5.4477  2.0894  0.9714  1.4251 16.6177
  4.8854  3.4239  0.9779  0.8322 30.3395
  5.2028  2.5952  0.9980  2.5030 21.6822
  4.9510  2.9228  0.9941  0.1938 25.0588
  4.5638  2.4910  0.9715  1.2158 20.6232
  5.1750  2.2322  0.9980  0.4753 18.0275
  5.4032  2.6149  0.9753  2.0066 21.8833
  4.1625  2.1829  0.9936  2.7232 17.5391
  5.8506  2.1151  0.9751  1.5047 16.8707
  5.0874  2.8384  0.9766  1.6208 24.1821
  4.0688  0.8295  0.9797  0.3755  5.2588
  5.2574  2.5937  0.9806  1.5128 21.6676
  3.8287  0.7291  0.9707  0.3920  4.4816
  5.2219  3.1981  0.9852  1.9359 27.9433
  5.3840  2.0889  0.9724  1.6499 16.6136
  5.2062  4.0397  0.9808  2.0738 36.9896
  6.1403  2.1715  0.9696  1.5915 17.4267
  5.4570  0.9359  0.9855  1.4129  6.1122
  5.4464  2.2606  0.9714  2.3452 18.3094
  5.0087  4.1076  0.9688  1.3023 37.7328
  4.3223  1.1923  0.9936  0.2217  8.2709
  4.9529  1.5834  0.9889  1.3396 11.7850
  4.2929  4.1093  0.9880  0.3046 37.7517
  4.5420  3.0996  0.9888  2.2653 26.9071
  5.1220  3.6969  0.9859  1.0206 33.2680
  5.7635  2.4854  0.9684  0.3586 20.5665
  4.7480  2.7585  0.9956  0.3604 23.3566
  5.0988  3.5140  0.9980  1.5344 31.3021
  3.6159  1.8488  0.9928  1.2358 14.2859
  3.7012  4.3572  0.9786  0.5549 40.4774
  5.5512  3.9772  0.9810  1.8777 36.3080
  5.3818  4.0497  0.9716  2.0128 37.0988
  5.3849  3.8258  0.9709  1.4909 34.6622
  5.3387  0.4122  0.9913  0.3009  2.2398
  5.5909  2.9655  0.9980  1.9291 25.5035
  5.3069  3.8930  0.9946  2.5527 35.3916
  4.7634  3.0239  0.9854  1.1254 26.1132
  5.1820  2.2623  0.9921  1.2641 18.3268
  6.1784  2.4119  0.9969  1.7892 19.8243
  5.1531  3.0912  0.9933  1.3484 26.8184
  5.2914  3.2791  0.9976  0.8215 28.8001
  5.2733  3.3558  0.9965  1.4721 29.6144
  5.3115  1.8615  0.9772  0.4983 14.4079
  5.1983  3.3394  0.9980  1.0915 29.4402
  6.6562  2.5597  0.6149  2.0990 21.3209
  5.2201  1.6225  0.9798  0.3558 12.1478
  4.8462  2.1977  0.9727  1.3927 17.6856
  5.3703  2.0209  0.9729  2.3726 15.9486
  4.3762  2.6706  0.9743  1.4717 22.4538
  3.6681  3.2516  0.9807  0.7898 28.5091
  3.6171  2.0519  0.9789  0.6071 16.2506
  4.9007  4.4085  0.9905  2.3560 41.0436
  3.7871  1.9420  0.9942  2.3243 15.1829
  4.9213  0.8980  0.9951  0.2911  5.8053
  5.0262  1.2284  0.9922  2.0874  8.5848
  5.5876  2.3659  0.9766  2.1797 19.3623
  5.4786  1.2228  0.9743  0.2039  8.5364
  4.8229  2.1711  0.9857  2.1799 17.4225
  4.3592  0.4497  0.9724  1.7652  2.4858
  4.4512  3.7519  0.9713  0.4787 33.8620
  4.7097  4.4285  0.9925  1.8505 41.2649
  5.5217  3.4600  0.9810  2.2513 30.7249
  5.7505  4.1102  0.9667  0.1998 37.7613
  5.2322  2.1013  0.9773  2.3842 16.7348
  4.2527  1.5386  0.9870  2.8823 11.3714
  5.3295  3.7068  0.9971  1.0262 33.3748
  4.9613  2.2346  0.9715  0.8489 18.0509
  6.3404  4.2027  0.9953  2.4813 38.7753
  5.1029  1.9866  0.9761  1.0691 15.6148
  4.6731  0.7318  0.9678  1.0072  4.5018
  4.6829  1.0407  0.9730  0.5359  6.9781
  4.4871  3.9836  0.9774  2.2765 36.3776
  4.8746  2.2634  0.9817  2.5440 18.3380
  5.3676  0.6582  0.9884  2.7523  3.9498
  5.6292  0.6274  0.9961  1.0325  3.7241
  5.2701  1.3759  0.9674  1.6259  9.8917
  4.9154  2.4252  0.9838  0.8120 19.9583
  5.2293  3.1688  0.9711  2.2079 27.6352
  5.2254  1.9223  0.9910  1.4894 14.9923
  4.8038  0.9300  0.9794  2.4214  6.0639
  5.3895  4.1095  0.9881  1.7577 37.7540
  5.1561  2.2360  0.9698  1.2680 18.0649
  3.8400  2.2224  0.9891  1.0161 17.9302
  5.3260  1.5902  0.9891  1.9012 11.8481
  5.1469  3.6079  0.9710  0.4186 32.3094
  5.6715  0.5685  0.9911  1.0635  3.3013
  5.6726  3.5687  0.9939  1.6511 31.8885
  5.0156  3.2329  0.9770  2.6909 28.3110
  4.7160  2.7068  0.9702  1.0405 22.8246
  5.1082  2.7779  0.9817  0.9990 23.5567
  4.9836  0.6083  0.9899  1.0983  3.5857
  5.3486  3.0473  0.9938  1.4556 26.3579
  5.5314  2.9385  0.9777  0.6171 25.2216
  4.7052  3.2841  0.9937  0.3391 28.8534
  4.8907  3.1136  0.9819  0.8276 27.0535
  5.6899  2.7926  0.9881  1.1952 23.7087
  6.5711  1.9964  0.8781  2.0381 15.7101
  4.9788  2.0486  0.9777  1.2152 16.2190
  4.8470  2.5280  0.9966  0.1405 20.9982
  4.6136  1.3147  0.9784  1.5765  9.3452
  4.3360  1.9845  0.9743  0.2432 15.5940
  5.5174  4.3713  0.9676  1.4153 40.6327
  5.1519  2.1748  0.9820  0.9929 17.4591
  4.7508  4.1998  0.9941  1.5917 38.7433
  5.1823  4.2089  0.9901  1.6176 38.8433
  5.7653  4.1393  0.9867  1.1497 38.0803
  4.7331  1.2305  0.9701  1.2597  8.6030
  5.2592  2.1453  0.9905  2.0919 17.1676
  4.7289  1.4800  0.9756  0.4212 10.8336
  5.3031  0.8718  0.9863  2.0047  5.5951
  4.8426  2.0019  0.9835  1.2120 15.7636
  4.9517  4.4430  0.9708  1.5229 41.4251
  4.0572  1.7718  0.9830  1.8826 13.5517
  5.1138  1.1222  0.9722  1.2098  7.6672
  4.7898  4.3517  0.9854  1.3297 40.4166
  5.4981  2.2300  0.9828  1.4220 18.0059
  6.5732  3.3397  0.8235  0.3507 29.4430
  4.6878  3.4290  0.9697  1.5775 30.3936
  5.5449  4.0146  0.9899  1.4821 36.7165
  4.6976  2.1053  0.9832  2.0311 16.7738
  5.3500  2.8168  0.9830  1.5896 23.9583
  4.2550  1.8090  0.9884  1.8887 13.9060
  5.9995  3.7046  0.9846  0.5419 33.3515
  5.6982  2.3821  0.9969  1.5295 19.5251
  3.9476  3.0611  0.9907  2.5336 26.5028
  5.1460  0.7469  0.9684  0.4537  4.6169
  5.7901  2.2517  0.9970  1.6991 18.2216
  5.2400  2.8366  0.9782  0.7070 24.1641
  5.2259  2.3758  0.9723  2.0569 19.4618
  4.1631  1.3002  0.9681  0.7527  9.2165
  4.7488  2.2733  0.9853  1.6937 18.4366
  4.7025  2.4435  0.9937  0.8849 20.1429
  5.2961  2.5844  0.9826  0.6957 21.5726
  5.5345  3.6247  0.9823  0.9841 32.4910
  4.7405  1.7267  0.9794  1.3513 13.1252
  6.1293  3.8674  0.9721  1.1505 35.1133
  5.5313  0.3473  0.9797  1.3391  1.8292
  5.3686  4.2737  0.9795  0.2640 39.5567
  4.4736  3.3342  0.9846  2.8941 29.3847
  4.5027  3.1352  0.9980  0.7910 27.2805
  5.1295  1.1856  0.9740  0.3201  8.2126
  5.0468  2.1186  0.9980  0.5518 16.9050
  5.8606  2.1309  0.9882  0.3381 17.0260
  5.0972  4.3242  0.9724  2.0403 40.1132
  4.9910  4.3565  0.9872  0.6294 40.4697
  3.9809  2.6712  0.9779  2.5048 22.4595
  5.4731  3.0037  0.9968  0.9402 25.9016
  5.5542  2.9157  0.9752  0.2283 24.9850
  5.0803  4.3904  0.9682  1.3275 40.8439
  4.7813  2.7209  0.9881  1.1468 22.9694
  5.6600  2.9242  0.9754  1.6804 25.0734
  4.3571  0.8494  0.9792  0.9869  5.4165
  4.8858  0.8269  0.9792  0.8677  5.2387
  5.6238  4.3095  0.9905  0.4253 39.9512
  5.4073  3.4772  0.9672  1.5920 30.9084
  5.2124  1.6606  0.9915  1.9742 12.5042
  5.3411  2.2724  0.9753  1.7768 18.4271
  5.0228  3.0326  0.9711  2.2375 26.2044
  5.8146  2.9997  0.9680  0.6364 25.8599
  5.5757  1.2420  0.9682  2.6450  8.7040
  5.7652  2.6204  0.9766  2.6746 21.9394
  6.7797  3.3510  0.5539  2.5333 29.5638
  5.4917  4.0266  0.9765  1.0724 36.8473
  4.9028  3.8331  0.9715  2.0139 34.7409
  4.8649  3.2454  0.9948  2.3502 28.4440
  5.2769  4.0273  0.9907  1.4739 36.8551
  5.2336  1.0281  0.9758  2.4413  6.8726
  5.4971  3.2671  0.9807  1.2291 28.6735
  4.8947  2.2909  0.9927  2.6774 18.6120
  4.4714  4.4935  0.9763  1.7713 41.9850
  4.5269  1.5542  0.9890  2.0895 11.5153
  5.5820  3.4494  0.9888  1.1972 30.6119
  5.1650  3.0329  0.9834  0.6276 26.2070
  4.5425  3.2529  0.9880  1.0901 28.5233
  5.1795  2.9712  0.9833  2.1698 25.5626
  5.5363  2.7375  0.9667  1.6031 23.1402
  5.0088  4.0096  0.9957  1.8432 36.6618
  4.7456  0.8609  0.9881  0.2332  5.5081
  5.2855  1.7383  0.9979  2.8721 13.2345
  4.2222  3.7800  0.9758  2.3812 34.1664
  4.8237  1.5105  0.9799  0.2650 11.1133
  6.4902  1.3802  0.9743  2.2822  9.9302
  4.5260  3.3217  0.9969  1.4812 29.2520
  5.9358  3.1934  0.9929  0.5434 27.8939
  5.1801  2.5597  0.9937  2.3850 21.3204
  5.8814  2.0490  0.9825  2.4794 16.2224
  3.9652  4.2418  0.9744  1.9620 39.2059
  5.3554  2.1698  0.9746  1.0533 17.4092
  5.4001  1.1248  0.9709  2.1999  7.6894
  3.7198  2.3825  0.9917  1.3230 19.5289
  4.9639  3.7964  0.9738  1.2521 34.3436
  5.4407  3.5064  0.9785  0.6085 31.2213
  5.4128  2.0628  0.9676  1.4787 16.3574
  5.1747  3.8884  0.9808  1.3569 35.3414
  5.3544  1.5785  0.9712  2.2549 11.7393
  5.0529  2.4751  0.9737  1.9793 20.4630
  5.1727  2.2681  0.9923  2.3204 18.3843
  4.6496  1.1320  0.9980  1.6890  7.7514
  5.0920  2.3692  0.9936  0.9744 19.3948
  5.7192  0.4972  0.9802  1.3611  2.8053
  5.5104  0.7814  0.9790  1.3076  4.8832
  5.7889  0.6962  0.9948  1.8517  4.2328
  6.3529  2.0114  0.8045  2.0669 15.8561
  5.3615  1.4717  0.9776  0.0892 10.7580
  4.5094  0.9871  0.9887  1.6522  6.5319
  3.5147  1.3606  0.9980  1.2451  9.7542
  5.3659  3.2482  0.9753  1.3527 28.4728
  5.1073  2.0174  0.9869  0.4370 15.9145
  5.0439  2.9359  0.9972  0.5460 25.1950
  3.8615  3.0899  0.9974  1.0891 26.8051
  5.2843  3.3905  0.9845  0.7271 29.9833
  5.2435  1.4190  0.9689  0.6399 10.2801
  4.9286  2.1008  0.9723  1.9225 16.7304
  6.6675  2.3540  0.8298  0.6434 19.2428
  5.2559  2.3646  0.9883  1.1962 19.3490
  4.7677  1.9942  0.9822  2.1954 15.6885
  4.8598  0.8703  0.9674  0.6222  5.5827
  5.1963  4.4636  0.9721  2.0232 41.6531
  4.1741  3.9637  0.9849  2.2482 36.1614
  4.5383  1.9349  0.9809  1.9282 15.1144
  4.2029  1.0391  0.9767  1.8364  6.9644
  4.7951  0.6766  0.9690  0.2551  4.0864
  5.3831  2.7736  0.9672  2.5777 23.5124
  4.6545  2.2446  0.9959  1.0851 18.1507
  5.5126  1.4831  0.9861  1.4731 10.8618
  4.1798  3.9005  0.9812  2.1416 35.4733
  4.1695  2.9997  0.9969  2.1941 25.8600
  4.5951  0.4259  0.9685  2.3893  2.3292
  3.7969  4.0236  0.9816  2.0174 36.8142
  3.6686  4.2802  0.9780  1.6819 39.6278
  5.0768  2.8132  0.9688  1.5313 23.9219
  5.4311  3.2294  0.9913  0.4101 28.2747
  5.3768  2.8329  0.9846  0.1464 24.1259
  4.4184  2.5979  0.9864  2.8874 21.7097
  4.6514  0.9931  0.9801  1.1662  6.5815
  4.5747  1.4815  0.9972  1.1785 10.8475
  4.8982  2.3435  0.9749  2.1029 19.1378
  5.2013  2.2713  0.9751  1.7962 18.4158
  4.4184  3.2183  0.9746  0.4993 28.1571
  4.4003  1.1236  0.9900  1.9526  7.6793
  4.9051  2.4943  0.9810  1.6339 20.6569
  5.1607  2.4759  0.9980  2.0178 20.4701
  5.7920  3.5850  0.9919  0.1991 32.0635
  5.2472  1.3030  0.9906  2.2996  9.2417
  4.0364  1.0618  0.9920  1.0215  7.1552
  5.0471  3.5872  0.9719  1.6512 32.0879
  5.0677  2.2779  0.9738  2.3802 18.4823
  5.4566  1.6873  0.9747  1.4991 12.7541
  5.1746  1.6802  0.9774  0.7808 12.6880
  4.5829  2.3765  0.9815  1.7401 19.4686
  5.1105  1.7673  0.9688  2.5377 13.5099
  5.6677  2.6348  0.9945  1.0327 22.0871
  4.7546  2.0838  0.9919  1.2224 16.5634
  5.4625  1.6963  0.9716  2.2129 12.8387
  4.1061  0.8696  0.9796  0.7079  5.5770
  5.0973  1.1444  0.9980  0.8022  7.8574
  5.5699  2.7787  0.9941  2.8640 23.5651
  6.8614  0.7772  0.7822  2.1495  4.8507
  5.4024  1.8838  0.9907  0.2381 14.6218
  5.0901  2.7372  0.9751  1.9143 23.1376
  5.1446  3.5881  0.9858  1.0594 32.0970
  5.1822  2.3268  0.9688  1.1006 18.9699
  5.0969  3.2415  0.9906  0.9742 28.4025
  5.3023  3.9864  0.9962  0.5312 36.4088
  5.8365  2.1753  0.9908  0.9883 17.4635
  5.1365  3.6400  0.9970  1.4817 32.6549
  6.3289  2.5055  0.9747  0.8032 20.7708
  5.7402  1.9258  0.9713  0.3034 15.0259
  5.4101  3.8690  0.9892  0.5234 35.1312
  5.9192  2.8529  0.9893  1.7004 24.3324
  4.9446  4.2348  0.9809  1.2120 39.1282
  5.1099  1.5462  0.9735  2.2078 11.4414
  4.8348  2.6456  0.9961  1.7130 22.1972
  4.7241  2.0835  0.9980  1.2273 16.5601
  5.1044  1.0123  0.9785  2.1998  6.7406
  5.0693  1.9749  0.9831  0.6637 15.5009
  5.0646  1.8358  0.9667  1.1063 14.1616
  4.9859  1.2285  0.9782  0.7950  8.5862
  5.7037  2.3891  0.9822  0.5135 19.5957
  5.0923  2.1585  0.9978  0.8275 17.2979
  4.9771  2.5417  0.9959  1.2892 21.1382
  4.2391  1.8179  0.9689  1.4823 13.9905
  5.1483  1.2142  0.9852  1.6309  8.4613
  5.6103  2.6088  0.9764  1.4832 21.8216
  5.4236  1.0389  0.9934  1.5041  6.9628
  5.9526  3.0007  0.9860  1.9170 25.8703
  5.1244  2.8034  0.9742  0.7551 23.8200
  5.2414  4.2976  0.9869  1.9858 39.8193
  4.9880  3.0661  0.9901  1.4889 26.5550
  4.9168  1.8441  0.9951  0.4056 14.2410
  5.9912  1.1846  0.9980  0.6146  8.2036
  5.0628  2.8025  0.9736  2.2847 23.8114
  4.6657  3.5271  0.9777  0.7746 31.4428
  4.4580  2.0291  0.9950  0.5383 16.0280
  3.6820  2.4535  0.9933  0.9552 20.2439
  4.7366  2.3625  0.9726  1.6015 19.3280
  3.7364  0.8352  0.9747  0.0799  5.3043
  4.8280  2.0366  0.9910  0.7269 16.1014
  4.7930  0.7303  0.9713  1.9027  4.4906
  5.2432  3.2389  0.9853  2.5904 28.3744
  5.7521  2.2904  0.9936  2.0074 18.6072
  4.9657  0.8249  0.9885  1.6989  5.2231
  4.9167  1.7183  0.9720  2.4186 13.0456
  5.0388  1.7183  0.9749  1.9436 13.0458
  5.1787  2.3269  0.9980  0.4582 18.9710
  4.3019  2.2361  0.9857  1.0160 18.0658
  5.3878  3.9840  0.9937  1.8505 36.3823
  4.8137  2.5179  0.9732  1.5855 20.8964
  5.0436  1.9037  0.9893  1.3405 14.8133
  5.4659  3.9826  0.9971  1.0803 36.3665
  4.9212  1.7247  0.9687  2.6983 13.1067
  4.9552  3.4330  0.9813  2.3581 30.4370
  5.2365  2.9603  0.9719  0.9221 25.4485
  4.3748  2.6351  0.9857  1.4338 22.0897
  4.8972  3.1809  0.9794  0.9502 27.7618
  5.3427  2.9733  0.9976  1.4306 25.5846
  4.5973  1.7438  0.9903  1.5111 13.2869
  5.1848  2.3174  0.9729  0.7737 18.8764
  5.2662  2.4929  0.9708  2.4022 20.6426
  3.8568  4.2253  0.9810  0.1267 39.0244
  5.2655  1.6528  0.9900  0.5662 12.4309
  4.5248  4.3538  0.9836  2.2258 40.4397
  4.8409  0.8629  0.9911  1.6220  5.5234
  5.2457  3.9215  0.9960  0.8325 35.7018
  5.4683  4.3836  0.9693  1.5928 40.7685
  6.1973  2.3870  0.9866  1.9311 19.5745
  5.2097  2.4317  0.9860  2.1908 20.0242
  5.1095  4.1332  0.9742  1.3019 38.0137
  5.3583  0.6233  0.9796  0.6719  3.6942
  5.9789  3.1362  0.9850  0.3871 27.2912
  5.0551  3.8299  0.9954  0.5686 34.7066
  4.0039  3.2687  0.9760  2.4211 28.6900
  6.4890  2.8386  0.9715  1.8102 24.1843
  4.4213  3.3757  0.9888  0.5865 29.8258
  5.4590  1.7201  0.9879  2.4427 13.0632
  4.1800  3.6312  0.9733  1.1280 32.5606
  5.2978  2.4276  0.9794  2.5259 19.9826
  4.8279  2.9498  0.9733  1.0166 25.3395
  5.2791  0.5220  0.9712  0.8978  2.9756
  5.1845  3.9645  0.9705  1.7675 36.1701
  3.8589  3.1701  0.9915  2.8656 27.6487
  5.4137  2.6155  0.9771  2.3093 21.8898
  5.0437  3.5642  0.9746  0.4195 31.8402
  4.9131  1.8325  0.9740  0.3877 14.1304
  4.9166  4.1861  0.9860  1.7669 38.5936
  6.0600  2.3534  0.9980  1.2420 19.2372
  5.5808  3.8722  0.9952  0.6604 35.1654
  4.6981  4.3463  0.9795  1.2425 40.3569
  5.7727  2.5964  0.9899  0.4621 21.6950
  3.8488  4.0577  0.9929  1.3286 37.1871
  4.9718  0.9619  0.9980  1.2523  6.3246
  5.2759  2.0322  0.9948  1.5285 16.0591
  4.8507  1.2334  0.9778  0.6695  8.6288
  6.9431  3.0993  0.6426  2.2290 26.9038
  5.2912  3.8647  0.9705  1.2379 35.0845
  4.6183  2.7336  0.9883  1.0981 23.1004
  4.4765  0.9356  0.9941  1.5106  6.1097
  5.0114  2.0047  0.9735  0.7274 15.7910
  5.0001  3.6449  0.9803  1.9197 32.7080
  4.4340  4.1212  0.9872  1.9293 37.8812
  4.1417  2.9291  0.9820  0.9739 25.1238
  6.3632  2.3095  0.9667  1.0400 18.7970
  5.1538  2.5209  0.9745  1.7315 20.9267
  5.9298  1.7288  0.9806  0.9058 13.1451
  5.0328  1.9753  0.9837  1.8692 15.5052
  4.7618  4.0614  0.9895  1.6699 37.2269
  4.9787  1.4565  0.9804  0.4950 10.6198
  5.0772  2.1130  0.9756  2.2348 16.8499
  5.7453  3.7496  0.9732  1.2283 33.8377
  5.2731  3.1831  0.9749  0.4430 27.7860
  4.8869  2.5931  0.9761  1.1510 21.6610
  4.4276  1.5187  0.9873  1.8862 11.1884
  5.5364  1.5345  0.9785  1.1609 11.3337
  4.4983  1.8547  0.9980  1.7819 14.3429
  6.0770  1.4288  0.9965  1.8195 10.3687
  6.1439  2.0638  0.9677  1.7892 16.3675
  4.3346  1.3361  0.9897  0.7313  9.5358
  4.8683  2.2133  0.9757  1.2318 17.8403
  5.1223  3.1551  0.9688  0.2103 27.4904
  4.9527  3.1014  0.9820  1.8610 26.9251
  4.8328  2.8633  0.9904  1.6150 24.4407
  5.0124  4.3681  0.9744  1.6245 40.5972
  5.4937  3.9458  0.9796  0.6145 35.9658
  5.4186  0.8422  0.9698  0.7396  5.3591
  4.7553  2.3674  0.9823  1.6256 19.3776
  5.9357  1.6320  0.9888  1.3963 12.2366
  4.8196  3.9375  0.9768  1.2349 35.8753
  5.1091  3.5271  0.9729  0.7270 31.4431
  3.5117  4.1613  0.9829  2.1161 38.3209
  5.1700  2.9748  0.9681  2.7046 25.5999
  4.8110  2.5440  0.9831  1.1580 21.1614
  5.2884  3.2827  0.9817  2.0726 28.8385
  4.7856  2.9454  0.9977  0.6682 25.2933
  4.2334  2.8315  0.9700  1.0459 24.1110
  5.1474  2.0147  0.9876  1.3496 15.8885
  5.1659  3.8790  0.9806  0.7114 35.2399
  4.7240  1.7037  0.9785  2.0910 12.9086
  5.6823  2.4906  0.9708  1.4056 20.6198
  5.1815  1.4433  0.9825  1.4902 10.4998
  4.2224  3.4948  0.9673  1.1145 31.0972
  3.8265  3.9515  0.9668  1.7202 36.0277
  4.3136  2.3978  0.9673  1.3752 19.6826
  4.9649  1.1115  0.9698  0.7059  7.5758
  3.9448  2.2889  0.9697  0.5625 18.5918
  4.8061  3.1180  0.9719  0.2364 27.1002
  5.0700  4.1049  0.9739  2.3114 37.7036
  5.2658  4.2875  0.9764  1.7078 39.7086
  5.5880  2.9527  0.9767  2.1353 25.3701
  5.4697  2.6937  0.9942  1.0033 22.6907
  4.8798  3.7647  0.9732  0.8697 34.0003
  3.9923  2.9204  0.9667  1.4300 25.0334
  5.0236  3.1014  0.9850  2.5778 26.9251
  5.2914  2.4354  0.9761  0.3015 20.0617
  4.8450  1.4932  0.9931  0.8166 10.9549
  5.9213  2.5100  0.9776  0.7889 20.8159
  6.3091  3.4999  0.9873  0.5418 31.1520
  5.1912  2.3671  0.9684  1.3877 19.3738
  5.6286  0.5567  0.9869  2.1573  3.2176
  6.7200  3.5943  0.9419  1.1690 32.1642
  5.0976  3.3945  0.9806  1.9270 30.0260
  5.5719  3.4152  0.9954  1.4169 30.2464
  6.0132  3.8265  0.9931  2.8131 34.6702
  5.4360  1.9294  0.9866  1.7443 15.0612
  5.0097  3.1022  0.9908  1.3471 26.9341
  4.9445  2.9673  0.9929  0.7513 25.5216
  4.6568  2.8585  0.9943  1.5801 24.3904
  4.8075  3.5665  0.9714  2.7033 31.8648
  4.9239  3.6656  0.9767  2.0118 32.9309
  3.5811  1.3144  0.9935  1.3958  9.3426
  5.9507  2.0269  0.9974  0.6310 16.0067
  5.4870  1.1036  0.9980  1.6750  7.5089
  5.6110  2.3749  0.9967  2.0655 19.4523
  5.4979  2.3499  0.9751  2.3090 19.2019
  5.3554  4.1035  0.9760  1.6594 37.6877
  5.0631  3.6792  0.9876  2.0716 33.0774
  6.1688  2.8641  0.9884  1.4665 24.4481
  5.0752  2.0014  0.9910  1.4814 15.7585
  5.4847  4.0899  0.9908  1.8617 37.5385
  5.2403  3.2407  0.9879  1.6081 28.3940
  3.6292  2.1839  0.9902  0.5041 17.5486
  4.6744  0.5385  0.9711  3.0430  3.0901
  4.4122  1.4005  0.9964  2.6248 10.1126
  6.8821  2.3321  0.4425  1.6676 19.0231
  5.2867  2.6416  0.9717  1.0061 22.1566
  4.4899  3.2219  0.9752  0.5842 28.1956
  3.7446  0.8868  0.9928  1.2653  5.7151
  4.0900  2.4174  0.9670  0.8947 19.8801
  4.6749  3.5572  0.9794  0.6890 31.7653
  5.5448  3.6943  0.9782  1.0730 33.2406
  5.3353  2.0633  0.9704  2.1255 16.3624
  4.5754  2.7025  0.9866  1.6632 22.7809
  4.2379  2.0106  0.9934  0.7941 15.8484
  4.6501  4.3375  0.9948  2.7408 40.2592
  5.1746  3.4948  0.9980  0.6453 31.0970
  6.6810  3.1881  0.6725  1.4080 27.8386
  5.2445  1.8520  0.9964  0.7462 14.3169
  5.1427  1.5515  0.9980  1.7088 11.4903
  5.1369  4.2865  0.9793  1.4745 39.6979
  6.7399  2.5461  0.6041  0.7499 21.1822
  4.2885  4.3278  0.9933  0.2245 40.1526
  5.2516  1.8675  0.9699  1.6856 14.4649
  5.2901  2.8641  0.9846  0.1142 24.4490
  4.2061  3.2773  0.9967  2.1452 28.7817
  5.1561  3.3578  0.9924  1.2928 29.6360
  4.6002  4.3185  0.9959  1.2922 40.0505
  5.2996  1.7224  0.9696  1.0208 13.0850
  4.8557  1.8865  0.9892  2.3562 14.6481
  5.2663  3.2203  0.9735  2.0733 28.1786
  5.3338  3.4387  0.9929  1.2772 30.4978
  5.3709  4.3523  0.9770  0.2988 40.4225
  4.8217  4.0856  0.9886  1.9603 37.4922
  4.9349  2.0481  0.9807  2.5176 16.2141
  5.2094  3.8345  0.9684  2.5625 34.7561
  4.3313  1.0832  0.9844  2.6697  7.3359
  5.2281  3.0387  0.9723  0.9853 26.2684
  5.1105  2.6819  0.9781  1.5904 22.5689
  4.6021  3.6250  0.9676  0.7736 32.4934
  4.0061  1.8711  0.9812  1.7386 14.4995
  6.0597  2.6442  0.9834  1.0171 22.1835
  6.0127  2.9038  0.9942  1.8016 24.8606
  5.1911  0.9332  0.9855  0.8265  6.0903
  5.0410  1.1029  0.9794  1.1074  7.5025
  4.6045  1.8368  0.9702  1.0626 14.1708
  6.0125  3.8803  0.9905  1.7405 35.2535
  5.7519  2.1316  0.9858  2.5179 17.0327
  5.1357  1.8007  0.9794  1.4381 13.8263
  4.2196  3.9545  0.9773  2.1097 36.0610
  3.8266  0.9525  0.9812  1.2638  6.2473
  5.3925  2.6883  0.9718  2.8504 22.6353
  5.5603  3.4788  0.9743  2.1504 30.9256
  4.8156  1.8620  0.9871  0.5230 14.4129
  5.3964  0.7760  0.9806  0.7987  4.8413
  3.8557  1.7585  0.9980  2.4729 13.4259
  5.0251  2.7511  0.9867  0.6136 23.2804
  4.1482  2.4692  0.9729  1.3778 20.4029
  4.0335  2.4697  0.9723  1.3907 20.4084
  4.5753  3.7633  0.9980  1.7949 33.9859
  5.3587  1.5495  0.9782  1.0725 11.4715
  5.6192  2.3397  0.9969  0.9805 19.0998
  4.3515  1.9126  0.9966  2.3982 14.8984
  5.2597  4.0682  0.9710  0.4810 37.3015
  5.0098  3.7867  0.9676  1.1516 34.2389
  5.5091  1.2764  0.9667  0.8083  9.0063
  5.2749  3.2872  0.9956  1.4715 28.8862
  5.1326  3.0636  0.9836  1.4846 26.5290
  3.9884  1.4863  0.9837  2.4591 10.8910
  5.6882  4.1504  0.9857  1.1351 38.2013
  3.5491  1.6090  0.9857  1.1809 12.0224
  4.5247  3.7437  0.9980  0.9432 33.7736
  5.2889  2.2515  0.9980  0.8170 18.2192
  4.6122  1.0435  0.9979  1.9296  7.0010
  4.9825  1.7897  0.9969  2.5843 13.7222
  5.0351  3.2936  0.9891  2.7261 28.9544
  6.1438  1.3370  0.9980  2.4752  9.5437
  4.6148  2.5672  0.9682  0.2951 21.3976
  4.2299  3.9362  0.9837  2.1929 35.8619
  4.6204  3.8007  0.9899  2.3118 34.3900
  4.9503  3.8717  0.9755  0.5007 35.1599
  6.2290  3.2742  0.9840  1.4726 28.7480
  4.8466  2.5420  0.9771  0.6743 21.1412
  5.0158  2.4809  0.9789  0.8570 20.5210
  5.6236  3.3371  0.9833  1.9861 29.4161
  5.6549  2.0950  0.9765  1.8352 16.6733
  5.1107  2.2870  0.9917  1.2026 18.5730
  5.6084  4.2840  0.9904  2.7370 39.6695
  4.4808  1.7764  0.9872  1.4783 13.5953
  4.9927  3.4834  0.9911  0.3238 30.9755
  4.8646  2.9665  0.9674  2.2125 25.5138
  5.1526  2.2514  0.9777  0.1075 18.2183
  5.2207  1.5770  0.9924  1.2087 11.7252
  5.4706  3.3980  0.9934  1.6946 30.0632
  5.2929  2.1455  0.9922  1.8694 17.1694
  4.7257  2.7543  0.9778  0.5131 23.3133
  4.2711  3.1011  0.9771  1.4306 26.9228
  4.6538  2.0640  0.9704  2.0221 16.3693
  4.4995  3.2446  0.9920  0.9235 28.4346
  5.3195  2.5280  0.9970  1.2860 20.9982
  5.1212  1.9223  0.9770  1.0139 14.9926
  5.4272  1.0846  0.9904  0.4463  7.3474
  4.8708  2.4412  0.9954  0.7687 20.1197
  4.5294  3.7178  0.9829  2.6698 33.4941
  5.1186  3.8744  0.9689  1.9655 35.1899
  5.1021  2.4427  0.9762  1.3647 20.1355
  3.6661  1.3312  0.9766  0.0218  9.4916
  5.1035  3.6698  0.9678  1.6649 32.9761
  4.9399  4.3949  0.9855  1.1772 40.8934
  5.1011  2.1053  0.9799  2.4464 16.7744
  4.0088  4.3740  0.9833  1.9063 40.6621
  4.3802  1.4238  0.9673  0.5410 10.3235
  5.5980  0.8721  0.9696  0.3545  5.5972
  5.2792  3.2859  0.9818  1.3435 28.8723
  5.8913  3.9787  0.9667  0.4448 36.3245
  5.2825  0.5104  0.9962  2.0892  2.8953
  5.3347  3.4736  0.9790  1.5257 30.8701
  5.1224  3.1843  0.9893  1.4054 27.7983
  4.9949  3.4640  0.9769  1.3012 30.7680
  3.5200  3.6994  0.9908  2.0415 33.2957
  5.2219  1.3135  0.9907  0.3633  9.3346
  6.1467  1.0038  0.9927  1.1754  6.6699
  5.0742  2.4697  0.9755  0.1610 20.4077
  5.1385  3.8237  0.9931  1.2338 34.6398
  4.6929  2.5922  0.9921  1.1301 21.6523
  3.9735  0.9786  0.9850  2.1846  6.4617
  5.0475  2.6301  0.9924  0.4644 22.0389
  4.7814  4.1517  0.9757  2.2592 38.2162
  5.0946  2.2322  0.9806  0.9823 18.0270
  6.0067  3.2229  0.9792  2.2270 28.2054
  5.3272  2.9827  0.9916  2.9096 25.6831
  5.0932  3.2793  0.9745  0.9344 28.8022
  5.1486  4.1927  0.9966  2.7209 38.6655
  4.0929  1.4187  0.9949  1.6742 10.2771
  5.3642  2.4148  0.9704  1.9247 19.8540
  5.4568  1.2617  0.9714  2.2362  8.8769
  4.8292  2.5437  0.9866  1.4472 21.1580
  6.2476  3.3884  0.9709  0.7532 29.9613
  6.1886  2.7679  0.9673  1.4257 23.4535
  5.0779  3.3553  0.9960  1.2763 29.6090
  5.4211  2.9501  0.9761  0.7835 25.3421
  5.0226  2.6686  0.9957  1.2762 22.4326
  4.5416  3.7520  0.9776  2.7807 33.8634
  5.2211  3.7307  0.9823  0.5227 33.6333
  3.9444  2.9002  0.9751  0.5572 24.8231
  4.5493  2.7754  0.9881  0.3358 23.5316
  5.5333  2.9687  0.9931  1.7871 25.5363
  6.6828  2.7788  0.8913  1.6192 23.5663
  5.4589  2.8376  0.9671  1.8080 24.1738
  4.8100  3.7233  0.9685  0.5785 33.5527
  4.7018  4.3275  0.9980  1.3762 40.1490
  4.2757  2.2786  0.9712  2.1290 18.4890
  5.7737  2.9000  0.9677  2.3212 24.8213
  4.9925  3.9172  0.9702  1.1887 35.6546
  5.7900  1.7964  0.9850  1.5313 13.7858
  4.0394  1.8121  0.9937  1.1921 13.9356
  5.0508  3.6919  0.9907  2.0849 33.2138
  5.4967  3.4885  0.9672  0.9322 31.0295
  6.4045  2.9317  0.9545  2.0489 25.1510
  5.7839  2.1108  0.9748  0.5519 16.8281
  4.6719  3.9187  0.9798  1.2828 35.6714
  4.9630  2.5328  0.9680  1.9630 21.0474
  5.2062  3.2281  0.9743  2.3469 28.2609
  5.3833  1.6394  0.9743  2.5729 12.3058
  5.1465  1.9531  0.9976  2.2283 15.2900
  5.5942  2.2185  0.9889  0.8849 17.8912
  6.4522  3.1873  0.9632  1.1871 27.8301
  5.8027  0.7664  0.9709  2.5428  4.7669
  5.5764  3.3338  0.9938  1.5067 29.3804
  4.3349  4.4492  0.9778  1.2095 41.4942
  5.0621  3.3111  0.9844  1.5029 29.1401
  4.0796  4.2233  0.9781  2.6226 39.0020
  5.3379  3.2645  0.9978  1.7071 28.6459
  5.4036  1.4654  0.9957  1.5232 10.7011
  4.9311  2.1123  0.9909  2.2909 16.8428
  5.0867  1.9601  0.9909  0.8164 15.3581
  5.6364  1.8066  0.9773  1.6088 13.8832
  5.3480  1.5147  0.9829  0.9322 11.1512
  5.4312  1.9338  0.9891  0.7209 15.1033
  5.8134  3.4790  0.9703  0.7785 30.9282
  5.3552  2.5986  0.9971  1.4656 21.7167
  5.0899  2.5588  0.9948  2.2084 21.3117
  5.3827  4.4466  0.9746  0.5220 41.4652
  5.0929  3.3125  0.9802  3.0045 29.1546
  4.8634  2.1059  0.9890  0.7935 16.7799
  5.7681  3.2392  0.9775  1.3782 28.3775
  4.6018  2.7633  0.9895  0.9000 23.4067
  4.9660  2.3998  0.9770  0.6076 19.7029
  5.5172  3.4421  0.9882  1.6971 30.5335
  5.0263  1.5801  0.9683  2.3778 11.7539
  5.3212  1.8443  0.9939  0.0976 14.2425
  6.5019  1.6176  0.8944  1.3935 12.1023
  3.8607  1.2891  0.9973  0.9052  9.1180
  4.0924  4.0558  0.9853  0.4135 37.1656
  4.6337  1.7290  0.9682  0.2802 13.1474
  4.7068  2.9244  0.9909  1.0193 25.0750
  5.0192  3.7140  0.9874  1.7519 33.4528
  5.7341  3.0387  0.9712  0.8255 26.2681
  4.2879  3.0030  0.9974  2.0469 25.8945
  5.2359  1.9746  0.9871  1.3778 15.4988
  5.2078  3.0114  0.9677  1.0733 25.9821
  5.0690  1.3473  0.9972  1.3942  9.6359
  5.5522  2.2254  0.9969  1.5296 17.9599
  5.8048  2.0934  0.9706  0.9341 16.6572
  4.7326  3.2618  0.9929  0.4834 28.6173
  4.8004  2.8068  0.9796  0.9195 23.8558
  3.6664  2.4555  0.9836  0.7977 20.2643
  4.6096  2.9609  0.9907  2.3206 25.4548
  5.4272  2.8013  0.9814  0.6000 23.7986
  4.3041  3.5771  0.9881  0.9891 31.9786
  5.4955  2.0870  0.9675  1.9898 16.5948
  4.3897  1.6669  0.9705  1.9426 12.5631
  4.5290  0.9177  0.9706  1.2935  5.9644
  4.2231  3.3874  0.9682  2.6427 29.9509
  5.5215  2.9454  0.9867  1.1785 25.2933
  4.1911  0.3306  0.9886  2.2842  1.7264
  5.1912  4.1885  0.9701  0.2364 38.6199
  6.1508  3.3974  0.9835  0.1210 30.0574
  6.1971  3.5954  0.9980  1.3581 32.1756
  4.9697  1.4409  0.9980  1.1874 10.4781
  4.6317  1.2727  0.9951  0.6043  8.9735
  3.8918  3.8320  0.9695  2.2629 34.7289
  5.2995  1.6146  0.9686  1.7551 12.0745
  5.2506  1.9542  0.9940  1.5546 15.3006
  4.4249  2.8070  0.9877  0.3736 23.8576
  4.8905  2.9588  0.9858  1.8179 25.4331
  4.9746  1.9038  0.9729  2.4879 14.8145
  4.4692  2.2437  0.9957  2.4628 18.1416
  4.0721  2.6210  0.9795  1.6336 21.9456
  5.1828  1.4797  0.9903  0.4749 10.8307
  5.2996  3.0076  0.9780  1.1019 25.9428
  5.4725  1.5069  0.9677  1.9667 11.0801
  3.9438  3.7817  0.9798  0.9931 34.1850
  4.7076  2.2488  0.9933  0.5099 18.1919
  5.3748  1.3632  0.9926  0.3145  9.7778
  4.9384  3.2200  0.9786  1.0291 28.1751
  6.1691  3.3061  0.9676  2.2271 29.0862
  4.6369  2.9833  0.9827  1.9824 25.6891
  5.9701  2.1337  0.9918  0.9698 17.0538
  4.9499  4.3842  0.9845  1.4832 40.7746
  4.9639  2.5645  0.9780  1.3047 21.3694
  5.0440  1.0959  0.9826  2.4379  7.4431
  4.8952  2.6215  0.9951  0.3741 21.9506
  5.7960  4.4472  0.9912  1.5282 41.4715
  5.0482  3.2768  0.9781  0.4087 28.7757
  4.7563  3.3703  0.9736  0.3778 29.7684
  5.3419  3.4846  0.9817  0.3914 30.9882
  5.5553  1.9588  0.9750  1.7606 15.3456
  4.8598  2.7208  0.9822  0.5895 22.9692
  5.1326  4.0289  0.9963  1.1035 36.8719
  5.0497  2.9578  0.9918  0.6097 25.4228
  4.6104  3.9031  0.9885  1.2159 35.5017
  4.9347  3.0076  0.9965  1.3292 25.9431
  5.4709  4.2742  0.9694  2.0378 39.5618
  4.1478  2.7724  0.9747  1.2013 23.5000
  5.4002  1.4558  0.9738  0.3827 10.6137
  4.7302  3.0580  0.9873  2.8855 26.4698
  5.2398  2.1809  0.9716  0.6202 17.5191
  5.0925  2.9381  0.9829  2.1006 25.2178
  5.1600  0.9142  0.9965  0.8587  5.9359
  5.8285  1.8805  0.9962  2.2618 14.5897
  5.1074  2.2042  0.9980  1.1817 17.7496
  4.1133  1.6781  0.9858  1.3721 12.6681
  3.6866  2.8190  0.9921  3.0839 23.9820
  4.6719  2.0715  0.9980  2.4769 16.4429
  5.3568  2.5512  0.9679  1.3506 21.2345
  5.2994  1.5883  0.9780  0.8001 11.8301
  4.5177  2.5391  0.9778  0.6543 21.1117
  6.2719  2.0373  0.9962  1.4690 16.1082
  5.5844  1.4640  0.9711  2.0080 10.6883
  4.9511  2.3905  0.9751  1.9475 19.6093
  5.7734  3.1426  0.9710  1.1311 27.3588
  6.2587  2.2162  0.9699  0.6170 17.8691
  4.6307  2.4402  0.9741  1.5198 20.1102
  4.0456  3.5685  0.9778  1.3119 31.8871
  5.4231  0.9410  0.9980  0.8895  6.1533
  4.8472  1.7296  0.9720  0.8103 13.1529
  4.9338  1.9891  0.9915  1.4616 15.6389
  4.8625  2.1206  0.9395  1.4837 16.9245
  5.4606  1.5972  0.9968  0.7986 11.9129
  3.9276  4.4570  0.9901  0.6731 41.5806
  4.7598  1.1726  0.9673  1.5011  8.1006
  4.8898  4.2461  0.9945  2.5232 39.2528
  5.5348  3.3187  0.9827  0.3910 29.2205
  5.2465  1.9779  0.9973  0.9653 15.5300
  5.5524  1.9714  0.9738  0.5147 15.4677
  5.2090  0.5206  0.9818  2.4959  2.9658
  5.4655  1.6001  0.9951  0.7404 11.9399
  4.8936  1.8347  0.9929  0.6864 14.1510
  5.4581  1.7968  0.9895  0.2308 13.7892
  4.8910  2.6857  0.9888  1.4584 22.6086
  4.0480  1.2167  0.9858  1.9806  8.4833
  4.5727  2.4890  0.9948  1.3608 20.6030
  5.3745  0.4198  0.9729  0.6810  2.2895
  5.1061  3.2658  0.9788  2.6223 28.6592
  5.0291  3.3106  0.9714  1.3587 29.1344
  4.7590  0.8519  0.9680  1.9274  5.4359
  5.5365  2.9808  0.9768  0.5571 25.6628
  5.0664  3.0770  0.9850  1.1399 26.6694
  4.6725  3.7163  0.9692  1.1959 33.4778
  4.7154  2.3903  0.9667  1.3568 19.6076
  4.6374  2.1104  0.9937  2.9124 16.8239
  5.2538  4.0773  0.9691  2.9815 37.4008
  4.8782  3.4344  0.9846  2.1635 30.4521
  5.0921  0.9981  0.9801  1.3862  6.6228
  4.3321  1.0722  0.9974  0.9895  7.2428
  6.3551  2.1334  0.9819  3.0587 17.0506
  5.2847  1.2135  0.9928  2.4114  8.4547
  5.9520  1.7674  0.9861  2.5968 13.5104
  5.5295  3.0421  0.9754  0.9701 26.3033
  4.6594  4.3604  0.9980  1.7230 40.5124
  6.1420  1.5371  0.9962  0.6656 11.3574
  4.9007  3.8748  0.9942  2.2203 35.1941
  4.3666  2.1931  0.9742  1.2576 17.6401
  5.0422  3.4936  0.9768  0.6133 31.0845
  6.1919  3.7467  0.9855  0.4626 33.8055
  5.2491  1.2666  0.9825  2.6354  8.9195
  5.6839  3.4058  0.9721  0.4619 30.1468
  5.1892  3.5060  0.9810  0.8048 31.2166
  5.6576  3.0724  0.9882  0.4502 26.6213
  5.2290  1.4162  0.9853  2.3390 10.2547
  4.8549  3.8629  0.9878  1.2767 35.0648
  5.4169  1.2818  0.9704  2.3991  9.0542
  6.1578  3.2281  0.9903  2.2371 28.2611
  3.7344  2.2187  0.9925  2.6323 17.8930
  5.2191  0.5676  0.9967  1.5699  3.2949
  6.2072  3.8724  0.9766  2.1541 35.1682
  6.1402  2.3338  0.9919  1.1601 19.0404
  4.6914  1.1146  0.9742  2.0012  7.6026
  5.0995  2.1959  0.9717  1.5545 17.6678
  4.9960  1.8035  0.9697  0.6393 13.8539
  6.9210  3.2837  0.8912  0.7802 28.8492
  5.2937  3.3331  0.9688  0.5751 29.3730
  6.9650  3.1843  0.5351  2.6666 27.7984
  5.2491  4.4920  0.9751  1.8228 41.9681
  4.6147  3.1652  0.9673  2.0011 27.5968
  5.2758  3.0961  0.9801  1.0382 26.8695
  4.4580  3.8942  0.9943  0.8170 35.4041
  6.6640  2.8930  0.7454  1.9164 24.7481
  4.7259  2.9624  0.9737  1.0016 25.4709
  5.6996  0.6100  0.9795  1.1177  3.5978
  4.7002  2.3607  0.9720  0.0946 19.3101
  5.0042  1.4281  0.9912  0.9889 10.3619
  4.8474  4.3521  0.9849  0.3256 40.4204
  3.6377  2.8646  0.9672  1.6000 24.4537
  5.5500  2.5989  0.9719  0.7454 21.7207
  5.2757  3.0582  0.9748  0.7773 26.4726
  4.1283  1.8330  0.9971  2.8437 14.1352
  5.2390  2.6300  0.9746  1.4504 22.0381
  4.4176  2.6205  0.9904  0.6283 21.9411
  5.5203  3.0953  0.9919  2.5120 26.8620
  4.9771  2.7313  0.9877  1.2086 23.0770
  4.1249  1.5840  0.9937  0.4016 11.7907
  5.2328  2.1263  0.9751  2.7063 16.9811
  5.8693  2.7217  0.9901  1.7529 22.9782
  5.5787  2.6201  0.9900  1.4935 21.9363
  4.9519  2.0429  0.9765  0.7734 16.1634
  5.6378  2.7577  0.9829  2.8623 23.3486
  4.9728  2.5258  0.9828  1.6713 20.9759
  4.6802  4.2511  0.9793  1.4825 39.3078
  4.9272  4.1449  0.9957  0.4084 38.1409
  5.5678  1.0541  0.9727  1.2217  7.0901
  5.1332  1.4830  0.9823  1.9398 10.8612
  5.3424  4.2585  0.9751  0.1589 39.3891
  4.4623  2.2204  0.9938  0.9297 17.9104
  5.1746  2.3867  0.9926  0.2235 19.5707
  5.2911  0.5051  0.9736  2.8345  2.8591
  5.2148  1.8779  0.9756  1.5120 14.5655
  4.8031  2.3577  0.9698  1.9143 19.2795
  4.7537  3.0929  0.9711  1.5795 26.8368
  5.5734  3.2630  0.9678  2.0387 28.6298
  4.6170  3.5945  0.9896  0.2424 32.1664
  6.9576  2.2227  0.7000  2.7539 17.9332
  5.1155  2.6884  0.9857  0.8298 22.6363
  4.6322  3.3078  0.9921  1.1444 29.1048
  4.7277  2.9510  0.9841  1.4525 25.3516
  4.5745  3.8660  0.9873  0.5933 35.0980
  4.9367  3.6008  0.9802  2.6539 32.2337
  4.4845  2.0757  0.9682  2.5036 16.4840
  5.3074  3.7435  0.9710  1.5011 33.7718
  4.9012  2.8724  0.9757  0.5386 24.5345
  3.5467  0.9189  0.9726  2.8292  5.9734
  4.9634  3.0455  0.9739  1.0886 26.3394
  4.7275  0.7295  0.9777  0.4360  4.4849
  5.2703  2.4751  0.9847  0.9771 20.4620
  5.2103  3.1130  0.9980  0.0538 27.0475
  5.2729  3.4745  0.9898  0.4730 30.8796
  5.0216  1.8110  0.9718  1.2752 13.9247
  4.9960  3.3730  0.9724  2.3825 29.7976
  5.2362  3.5106  0.9747  1.7558 31.2656
  5.0442  3.3231  0.9980  2.5876 29.2672
  5.3240  2.0415  0.9867  1.5953 16.1495
  4.9616  0.6601  0.9790  1.3627  3.9641
  4.7169  3.3897  0.9841  1.5467 29.9756
  4.9084  1.3131  0.9683  0.7766  9.3309
  6.9129  1.4977  0.9837  0.7088 10.9952
  4.8686  3.8301  0.9821  0.3961 34.7088
  4.9245  4.0961  0.9810  1.7068 37.6066
  5.1128  2.8970  0.9744  2.0643 24.7902
  5.4889  0.7131  0.9874  0.4298  4.3605
  5.5419  3.5641  0.9848  1.1949 31.8394
  4.9103  2.3727  0.9848  1.5006 19.4308
  4.9551  1.7747  0.9980  1.2823 13.5794
  5.2377  3.0013  0.9921  1.0558 25.8765
  5.0654  1.4085  0.9794  2.6045 10.1850
  5.4855  2.0460  0.9717  1.1874 16.1932
  5.7301  0.6013  0.9972  2.2771  3.5353
  6.7744  1.6153  0.5827  1.9224 12.0815
  5.2071  1.2156  0.9689  0.0689  8.4734
  5.5841  3.8094  0.9737  1.7705 34.4839
  5.3322  2.9589  0.9905  1.5403 25.4343
  5.4979  1.9868  0.9980  0.6528 15.6172
  4.9606  1.6303  0.9690  0.7422 12.2205
  6.0480  2.5798  0.9747  2.0902 21.5259
  5.3586  2.5044  0.9958  0.9883 20.7594
  5.0034  1.6826  0.9786  1.3370 12.7100
  4.3766  0.6321  0.9793  1.6718  3.7582
  4.4200  1.9370  0.9884  1.6446 15.1342
  4.4038  2.1727  0.9839  1.2888 17.4383
  5.6330  3.6837  0.9980  0.9029 33.1258
  3.8230  2.4228  0.9716  2.3468 19.9347
  4.7710  1.0377  0.9980  1.3191  6.9529
  5.8096  3.0983  0.9667  1.0033 26.8933
  4.7888  2.0248  0.9948  1.8617 15.9870
  4.2617  2.3019  0.9721  0.7636 18.7214
  5.6769  3.9067  0.9884  1.6097 35.5406
  5.6524  2.1236  0.9817  2.8296 16.9543
  3.7665  3.3919  0.9863  0.7965 29.9984
  5.1354  3.3485  0.9713  2.5484 29.5368
  4.7740  1.8023  0.9828  0.6091 13.8417
  5.5522  2.3740  0.9980  1.3514 19.4431
  5.1614  3.4366  0.9801  0.1414 30.4749
  5.3128  2.0239  0.9774  2.3662 15.9776
  6.0334  3.1162  0.9699  0.5789 27.0810
  5.0923  2.3114  0.9816  0.7681 18.8163
  4.8149  2.6969  0.9874  2.4826 22.7233
  5.1700  4.0561  0.9877  2.3257 37.1693
  5.1901  3.0749  0.9917  2.1357 26.6475
  4.9335  1.0317  0.9728  0.4942  6.9022
  4.9626  3.8349  0.9980  1.6469 34.7606
  4.2873  1.2990  0.9738  1.1463  9.2060
  5.5320  3.0649  0.9752  1.2183 26.5425
  4.2473  3.9017  0.9828  2.2144 35.4866
  4.3163  2.9810  0.9924  1.5923 25.6650
  5.1224  2.3023  0.9923  1.0246 18.7250
  4.9101  1.7435  0.9678  0.5309 13.2838
  5.3295  1.1840  0.9848  2.9435  8.1985
  5.5098  0.9759  0.9980  1.1323  6.4394
  4.4871  3.6411  0.9680  1.0198 32.6665
  4.1109  3.3403  0.9848  2.5371 29.4499
  5.2004  3.1418  0.9949  1.1991 27.3503
  5.3682  1.3614  0.9874  2.2271  9.7612
  5.1416  2.8160  0.9882  0.1110 23.9503
  5.4652  1.7594  0.9727  1.9311 13.4341
