  4.9109  3.4789  0.9893  1.4321 30.9266
  5.1160  2.5831  0.9907  1.1243 21.5591
  4.6811  0.9010  0.9680  1.6906  5.8291
  5.5931  3.2006  0.9719  0.3909 27.9705
  5.2478  4.3527  0.9980  2.4478 40.4273
  5.7118  2.2303  0.9771  0.5974 18.0085
  5.1292  3.5767  0.9898  0.4845 31.9742
  5.1575  2.9723  0.9908  0.8010 25.5738
  3.7776  4.0034  0.9901  1.9115 36.5933
  5.4875  1.1898  0.9863  0.8678  8.2489
  4.1005  2.0132  0.9967  0.5690 15.8738
  5.2280  2.8964  0.9698  1.2548 24.7842
  5.0164  3.3825  0.9818  0.1579 29.8986
  5.3477  1.3870  0.9677  2.5893  9.9914
  4.8059  1.8878  0.9728  2.0606 14.6604
  5.6315  0.6728  0.9864  0.9408  4.0583
  4.1887  1.8628  0.9971  1.9739 14.4197
  5.0376  4.0662  0.9813  1.8628 37.2795
  5.3307  2.3615  0.9922  0.3228 19.3180
  4.6640  1.9279  0.9766  0.8442 15.0461
  4.6250  2.3028  0.9836  2.2086 18.7306
  6.1938  3.8767  0.9706  1.9018 35.2142
  4.5549  0.5893  0.9791  0.6268  3.4493
  4.8218  4.1331  0.9819  2.1355 38.0124
  5.6650  1.0596  0.9952  1.8558  7.1365
  4.9725  0.5244  0.9764  2.8554  2.9919
  5.1287  2.3315  0.9925  1.7382 19.0174
  4.7010  2.8545  0.9788  0.3714 24.3488
  5.2097  1.1229  0.9809  2.3340  7.6730
  5.3430  1.5570  0.9892  1.6551 11.5404
  5.4064  3.6018  0.9855  0.6283 32.2439
  5.1514  2.9552  0.9716  2.0293 25.3956
  5.6128  2.2921  0.9945  0.7144 18.6234
  5.5706  3.5186  0.9936  0.7564 31.3513
  5.9733  3.8450  0.9824  1.1438 34.8705
  3.9753  1.1127  0.9805  0.6008  7.5864
  3.7399  3.2975  0.9967  0.5375 28.9954
  4.7487  0.7795  0.9881  0.4375  4.8686
  4.2304  3.7351  0.9693  0.7927 33.6808
  4.9191  1.2796  0.9681  1.0903  9.0341
  5.0205  1.4956  0.9758  2.2484 10.9765
  4.9682  3.9315  0.9734  1.9711 35.8101
  4.4953  2.4865  0.9804  1.6613 20.5778
  4.9067  1.0072  0.9807  0.9690  6.6982
  5.5956  1.2439  0.9743  0.6025  8.7201
  4.1523  1.3292  0.9716  1.2553  9.4737
  5.1836  3.1128  0.9845  1.6058 27.0452
  5.1526  2.9806  0.9865  1.5055 25.6611
  5.1437  4.4285  0.9768  0.3772 41.2648
  6.0327  1.6807  0.9674  1.4258 12.6925
  5.3711  1.8204  0.9743  0.8207 14.0148
  5.0419  2.4184  0.9927  1.2087 19.8903
  4.5239  2.7815  0.9875  1.2378 23.5943
  5.3014  2.5902  0.9747  1.9703 21.6314
  4.8298  3.6991  0.9757  0.7537 33.2916
  5.5163  3.5752  0.9827  0.7731 31.9588
  5.0638  2.9816  0.9975  1.3086 25.6709
  5.2479  3.8350  0.9729  1.2669 34.7618
  3.7257  2.5549  0.9727  1.6129 21.2721
  4.9211  2.1191  0.9812  1.0082 16.9100
  4.4787  4.3657  0.9691  1.4394 40.5710
  5.0679  3.4015  0.9872  1.0630 30.1011
  5.0725  1.1766  0.9952  1.5501  8.1350
  5.2383  0.7878  0.9920  0.5599  4.9326
  3.6766  0.7497  0.9718  0.2809  4.6389
  4.3250  2.9027  0.9914  1.9463 24.8493
  5.5695  2.6026  0.9897  2.1855 21.7584
  4.4123  2.9755  0.9865  1.2131 25.6073
  5.4731  2.8657  0.9924  1.9124 24.4656
  5.0078  3.8571  0.9881  0.8427 35.0018
  5.6391  2.5253  0.9980  1.2728 20.9707
  4.8626  0.6371  0.9862  2.0639  3.7948
  4.9801  2.7717  0.9704  2.1553 23.4931
  5.8457  2.9175  0.9879  1.4495 25.0030
  4.9404  1.0415  0.9823  1.2878  6.9850
  4.9981  2.7283  0.9727  1.9743 23.0462
  5.4695  2.9441  0.9888  0.8505 25.2805
  5.0253  3.0258  0.9697  0.7528 26.1334
  5.4774  1.4508  0.9774  1.2718 10.5675
  5.1958  4.1915  0.9980  2.0320 38.6525
  5.0046  1.1580  0.9718  2.0671  7.9745
  5.7334  2.8991  0.9799  2.2105 24.8119
  5.2488  1.9583  0.9813  0.6073 15.3401
  4.2716  1.8607  0.9674  0.5965 14.4001
  5.2708  3.6838  0.9968  2.2836 33.1274
  5.4662  3.8609  0.9946  0.9637 35.0425
  5.3672  0.5616  0.9891  1.0792  3.2523
  5.2031  4.2334  0.9980  1.3343 39.1135
  5.1840  1.9550  0.9785  0.8908 15.3082
  4.8090  1.2047  0.9820  0.9418  8.3785
  5.7698  3.4377  0.9903  0.6616 30.4874
  4.6127  2.4837  0.9788  1.6683 20.5491
  4.8841  3.4617  0.9922  0.9455 30.7434
  6.0218  1.6704  0.9735  2.4160 12.5956
  5.1110  3.9514  0.9875  2.9423 36.0271
  4.7546  3.3831  0.9678  0.7378 29.9051
  6.0006  3.1683  0.9939  0.9324 27.6294
  5.4943  1.7832  0.9717  0.8964 13.6603
  5.2597  1.4971  0.9686  2.7392 10.9902
  5.6272  2.1025  0.9822  2.3559 16.7462
  6.0297  3.1123  0.9717  1.2997 27.0401
  5.3411  4.1678  0.9722  1.7006 38.3920
  5.0678  3.6607  0.9919  1.3562 32.8782
  5.1299  3.4063  0.9723  1.5914 30.1523
  5.2957  4.3257  0.9980  0.6276 40.1291
  5.2838  3.8973  0.9667  0.9272 35.4378
  4.7044  1.7610  0.9745  1.3843 13.4493
  5.2505  2.1716  0.9694  1.5578 17.4271
  4.3384  3.9157  0.9676  1.8257 35.6388
  5.0460  2.1531  0.9728  0.5793 17.2447
  5.0679  1.6933  0.9766  1.0886 12.8110
  5.5977  3.3481  0.9966  1.3994 29.5328
  5.4376  2.5185  0.9961  0.9101 20.9026
  4.8339  3.4352  0.9698  0.8620 30.4607
  5.4793  4.2764  0.9947  0.5230 39.5857
  4.5902  2.6660  0.9728  2.1390 22.4067
  5.1633  1.4846  0.9731  0.3404 10.8762
  5.2013  2.9301  0.9717  1.0926 25.1341
  5.2225  0.5832  0.9835  0.9101  3.4054
  5.1322  3.0993  0.9669  1.7378 26.9033
  5.3118  3.6880  0.9852  0.4796 33.1723
  4.7340  2.3933  0.9894  0.5992 19.6373
  5.2091  2.1078  0.9900  1.7355 16.7985
  6.0056  2.2994  0.9958  2.0534 18.6961
  5.0302  2.2234  0.9751  0.8503 17.9405
  5.1752  1.7294  0.9769  1.9157 13.1510
  5.4834  2.2265  0.9876  0.3022 17.9704
  4.8298  2.0664  0.9762  1.6595 16.3929
  4.5254  2.2550  0.9775  1.3558 18.2538
  4.1874  2.9675  0.9809  1.1142 25.5240
  3.7868  3.4078  0.9831  0.6714 30.1682
  5.2042  1.6009  0.9683  2.7230 11.9474
  4.8924  1.2609  0.9980  0.8031  8.8696
  4.2510  4.2709  0.9729  2.5431 39.5259
  5.8511  2.9592  0.9854  1.5502 25.4378
  5.2273  4.4463  0.9724  0.7896 41.4617
  5.1391  2.7702  0.9821  1.2851 23.4775
  5.0770  1.5821  0.9667  0.4257 11.7725
  5.0245  2.7075  0.9668  0.8145 22.8316
  3.8768  0.6479  0.9947  0.8370  3.8741
  5.2167  1.4248  0.9899  0.7860 10.3326
  5.2718  0.9285  0.9808  0.5116  6.0517
  4.1705  1.8797  0.9883  0.9974 14.5826
  4.7694  3.5232  0.9772  2.3129 31.4006
  4.7767  3.1674  0.9905  0.9494 27.6198
  4.9668  2.6605  0.9724  0.2705 22.3499
  5.6083  4.3276  0.9976  0.7773 40.1502
  5.4083  2.8380  0.9974  2.1357 24.1778
  5.3097  4.1411  0.9814  1.4470 38.1001
  5.5105  1.3827  0.9942  1.4242  9.9525
  4.5576  2.3712  0.9756  0.9455 19.4156
  4.9280  2.3841  0.9728  0.6179 19.5453
  6.0293  3.8806  0.9865  2.2465 35.2569
  4.6930  1.8816  0.9707  0.2884 14.6008
  4.7620  0.4870  0.9836  1.1952  2.7361
  5.3129  1.0521  0.9703  0.4727  7.0735
  5.1165  2.8301  0.9705  1.8412 24.0966
  4.8637  3.0734  0.9866  1.8504 26.6321
  5.1292  3.1343  0.9766  1.3214 27.2719
  5.1906  2.2219  0.9954  2.6328 17.9248
  5.8867  1.1809  0.9868  1.4966  8.1723
  5.1740  4.0554  0.9980  1.1741 37.1618
  4.9526  2.1547  0.9789  2.3393 17.2604
  4.9662  1.5435  0.9752  1.4347 11.4161
  4.9785  3.3561  0.9755  2.3678 29.6177
  5.4643  1.5115  0.9712  0.3071 11.1224
  5.4424  0.5006  0.9768  1.0846  2.8282
  5.1563  2.7027  0.9765  1.7377 22.7833
  5.2275  1.1963  0.9778  1.4213  8.3057
  4.4998  2.6619  0.9949  1.3637 22.3643
  4.9330  3.6728  0.9761  1.6499 33.0085
  5.4579  3.0376  0.9790  1.5548 26.2562
  5.6644  3.0444  0.9857  1.0830 26.3275
  5.1918  1.0837  0.9803  1.7873  7.3404
  4.9802  3.3966  0.9723  0.5694 30.0489
  4.2361  1.9209  0.9958  1.0926 14.9785
  4.2564  2.8934  0.9695  1.1541 24.7526
  3.8215  0.9315  0.9980  0.1699  6.0758
  4.5420  2.7546  0.9872  0.3225 23.3172
  5.0563  2.8063  0.9686  1.0326 23.8498
  5.1408  1.4229  0.9906  0.4525 10.3146
  5.4320  2.0324  0.9946  2.9185 16.0608
  5.2816  1.1934  0.9944  2.2767  8.2801
  4.5296  3.0664  0.9927  0.2692 26.5580
  4.4282  1.1454  0.9766  2.5542  7.8660
  5.4911  1.8060  0.9945  2.3869 13.8774
  4.0612  2.5316  0.9894  1.7113 21.0353
  5.2078  3.8475  0.9728  0.5032 34.8974
  5.2304  4.3465  0.9730  2.0657 40.3592
  5.7422  3.7471  0.9849  0.9331 33.8099
  5.5618  3.1460  0.9938  2.3865 27.3944
  5.2562  2.5032  0.9891  1.9639 20.7467
  5.5514  2.5331  0.9913  1.8160 21.0508
  5.3320  4.4959  0.9740  2.4807 42.0114
  4.7535  2.8095  0.9767  0.3912 23.8831
  4.9395  3.0568  0.9728  1.4751 26.4581
  5.6342  1.2008  0.9912  2.1402  8.3449
  5.2587  2.6726  0.9835  1.5601 22.4739
  5.4536  3.1991  0.9748  0.3537 27.9544
  4.6578  0.8714  0.9891  2.1203  5.5919
  5.0955  2.2084  0.9779  1.5841 17.7918
  5.2426  1.4473  0.9707  1.9868 10.5359
  5.5942  3.7251  0.9852  2.3628 33.5722
  4.7282  3.8429  0.9980  1.7165 34.8472
  5.9631  3.5012  0.9697  0.7584 31.1656
  5.0900  2.7569  0.9887  0.7422 23.3408
  4.4864  0.8307  0.9858  0.1590  5.2684
  4.9087  2.1815  0.9926  0.5026 17.5253
  5.3620  3.9279  0.9777  2.4479 35.7711
  4.4632  4.3145  0.9881  1.5199 40.0057
  4.8220  2.9961  0.9920  2.0315 25.8221
  4.5572  1.8513  0.9715  1.4302 14.3096
  5.3734  1.7767  0.9718  1.5515 13.5986
  6.1451  3.2494  0.9901  0.5047 28.4854
  5.3060  1.8951  0.9838  1.4093 14.7304
  5.1574  2.9115  0.9815  2.5878 24.9413
  4.1308  3.0409  0.9698  1.8940 26.2914
  3.8345  1.2888  0.9830  2.9781  9.1154
  4.7667  1.0668  0.9932  0.4133  7.1974
  5.0837  0.9843  0.9719  1.1597  6.5087
  5.2990  3.7483  0.9802  0.1481 33.8234
  4.0943  0.6449  0.9702  2.2161  3.8525
  5.3581  2.9471  0.9883  1.6453 25.3113
  5.2548  1.8147  0.9966  2.3177 13.9603
  4.9452  1.4450  0.9789  0.8552 10.5152
  5.8244  3.5275  0.9813  0.6462 31.4470
  5.0158  1.0955  0.9763  2.0477  7.4404
  4.6200  0.8388  0.9859  1.1004  5.3327
  3.6887  4.2790  0.9805  1.3018 39.6147
  5.5435  2.9736  0.9752  0.5102 25.5876
  4.6490  3.8823  0.9855  0.4557 35.2751
  5.1927  3.2437  0.9918  0.3577 28.4256
  5.1857  3.3143  0.9840  1.9554 29.1739
  5.4875  4.4500  0.9824  0.5374 41.5031
  5.5913  4.1607  0.9910  0.0889 38.3146
  4.6323  1.9059  0.9794  2.1572 14.8347
  5.5919  4.1945  0.9772  0.1934 38.6859
  4.1433  2.8740  0.9691  2.6046 24.5512
  4.7233  4.4317  0.9674  2.7013 41.3004
  4.7125  0.8913  0.9808  1.0679  5.7514
  4.2450  1.4819  0.9844  0.2324 10.8513
  4.8946  2.2850  0.9723  1.9822 18.5533
  5.6515  3.2063  0.9973  1.6695 28.0303
  5.1683  3.1124  0.9757  1.1499 27.0412
  5.1491  2.6295  0.9921  2.2196 22.0323
  4.6414  2.9062  0.9676  0.9196 24.8854
  5.2239  1.8128  0.9846  0.3248 13.9420
  4.9914  3.9960  0.9713  2.6956 36.5135
  4.2755  3.5662  0.9757  1.0112 31.8622
  4.8522  2.3430  0.9751  2.0814 19.1330
  4.7878  2.5104  0.9965  1.0371 20.8198
  5.5180  3.5827  0.9745  1.0078 32.0391
  4.5825  3.3562  0.9798  0.5871 29.6185
  4.3344  1.4925  0.9828  1.4033 10.9482
  5.1184  1.4566  0.9722  1.5386 10.6205
  4.0275  2.4370  0.9715  1.4056 20.0780
  5.0842  0.8629  0.9772  1.1921  5.5235
  4.8088  3.0582  0.9964  0.7287 26.4724
  5.7500  2.9946  0.9715  1.5954 25.8069
  4.3261  1.0381  0.9729  1.8171  6.9558
  4.8340  4.0248  0.9690  2.5076 36.8270
  4.3643  2.6938  0.9726  1.1079 22.6914
  5.0806  3.0120  0.9873  0.7608 25.9884
  3.9574  1.9866  0.9680  1.9077 15.6152
  4.9720  3.6282  0.9843  2.6165 32.5284
  4.7066  2.9745  0.9752  1.5947 25.5971
  6.0866  3.2972  0.9980  0.9748 28.9920
  5.5194  1.5938  0.9953  0.5575 11.8813
  4.7437  2.8538  0.9980  0.8035 24.3417
  5.4458  2.2792  0.9892  0.6629 18.4945
  3.8014  4.3859  0.9797  1.6701 40.7944
  4.8870  3.7818  0.9715  0.1994 34.1861
  4.6682  3.4820  0.9946  0.7564 30.9601
  5.3617  1.8705  0.9862  1.3994 14.4942
  4.1777  2.9526  0.9876  0.8279 25.3687
  5.3716  2.0560  0.9674  1.6007 16.2907
  5.2660  1.7412  0.9893  1.9241 13.2620
  4.0386  3.8263  0.9958  1.2267 34.6672
  5.2517  1.4083  0.9718  2.8787 10.1827
  5.3102  3.7271  0.9708  1.8408 33.5943
  5.4750  1.0056  0.9947  0.8699  6.6849
  4.8325  1.1131  0.9881  1.7095  7.5902
  5.2331  2.6016  0.9707  1.5243 21.7480
  5.1662  3.8961  0.9773  0.3876 35.4249
  5.3459  4.3915  0.9786  1.8167 40.8561
  5.1366  2.3564  0.9694  0.1946 19.2666
  5.1272  2.5871  0.9691  1.3019 21.6000
  5.1998  2.0159  0.9969  1.2987 15.9001
  5.8559  3.1931  0.9825  2.0850 27.8914
  5.5489  2.7590  0.9895  2.0808 23.3623
  5.2939  2.3467  0.9980  1.2835 19.1698
  5.6139  3.4469  0.9967  1.2551 30.5855
  5.5041  3.9368  0.9711  2.8291 35.8679
  5.4934  0.8561  0.9759  1.8588  5.4694
  5.7703  1.2526  0.9814  0.9221  8.7965
  5.0930  2.2161  0.9819  1.2069 17.8675
  5.2526  3.1981  0.9976  2.1483 27.9442
  5.3780  2.9819  0.9902  1.6900 25.6746
  4.2127  4.0907  0.9936  1.1414 37.5482
  4.9852  1.3419  0.9773  1.3608  9.5876
  4.7857  3.2609  0.9781  2.2714 28.6071
  5.5243  1.9654  0.9782  0.6728 15.4092
  5.6648  1.4941  0.9748  1.9063 10.9622
  4.7317  1.9940  0.9925  0.5312 15.6864
  5.1942  3.2729  0.9705  1.4904 28.7351
  5.7562  3.2374  0.9889  1.4923 28.3590
  3.7833  1.4201  0.9920  0.5028 10.2901
  4.5297  2.6966  0.9750  2.7353 22.7201
  4.6243  0.9190  0.9936  1.3852  5.9743
  5.2701  2.0755  0.9946  2.3474 16.4819
  5.0203  2.2955  0.9742  1.3489 18.6575
  6.8166  3.8400  0.9024  2.1385 34.8162
  4.9244  2.8341  0.9901  1.8672 24.1381
  5.0596  1.2301  0.9702  0.7958  8.5994
  5.5884  1.1531  0.9855  2.4936  7.9321
  4.2917  1.2072  0.9738  0.4600  8.3999
  5.7514  0.8206  0.9906  0.3345  5.1891
  5.2157  3.9227  0.9668  0.3622 35.7145
  4.4560  4.0564  0.9841  0.6723 37.1723
  5.1715  3.8172  0.9852  1.0634 34.5689
  5.8343  2.5203  0.9853  1.8146 20.9206
  3.9729  3.2102  0.9976  1.3388 28.0720
  5.3668  2.6406  0.9857  2.0696 22.1466
  4.5521  3.4145  0.9677  0.6946 30.2390
  4.4285  2.2552  0.9928  2.5266 18.2563
  5.0916  3.1196  0.9802  1.6607 27.1171
  5.4205  3.1287  0.9693  0.3707 27.2128
  5.2545  2.7451  0.9738  1.2582 23.2185
  5.4626  1.6843  0.9669  2.4193 12.7259
  3.7325  3.4089  0.9937  2.3097 30.1792
  5.1087  4.0788  0.9980  1.3890 37.4173
  4.9563  2.6129  0.9804  0.3520 21.8631
  5.0045  4.1201  0.9785  1.1314 37.8693
  4.7879  3.0971  0.9856  0.7473 26.8800
  5.0488  1.8148  0.9947  0.8022 13.9615
  4.8454  2.5663  0.9961  2.2106 21.3883
  4.4832  1.3300  0.9811  1.2100  9.4816
  5.7027  3.5623  0.9842  1.7580 31.8204
  4.3828  1.2332  0.9882  1.0484  8.6269
  3.7144  4.0328  0.9871  2.6003 36.9146
  5.1393  1.3502  0.9911  1.3955  9.6612
  5.0732  1.4867  0.9755  0.9459 10.8952
  5.4953  3.2406  0.9705  0.1240 28.3929
  4.6837  2.9927  0.9716  0.6634 25.7866
  5.0066  3.2405  0.9765  2.5019 28.3915
  4.9505  4.1111  0.9805  1.3272 37.7705
  6.6232  3.1601  0.6254  1.3692 27.5426
  5.1711  2.3601  0.9746  1.9444 19.3042
  4.7889  1.8451  0.9822  1.8137 14.2507
  5.3661  1.5310  0.9933  1.3805 11.3015
  3.8545  3.4836  0.9914  2.6753 30.9775
  6.0040  0.9951  0.9781  1.8220  6.5983
  4.9024  1.7463  0.9722  0.9852 13.3106
  6.4138  1.6580  0.9261  1.5584 12.4797
  5.8482  2.4619  0.9879  0.3065 20.3291
  4.7176  2.7735  0.9764  0.6604 23.5111
  4.3025  0.9422  0.9844  0.6657  6.1632
  5.0415  1.9413  0.9962  2.4787 15.1757
  4.5661  2.5817  0.9793  0.2870 21.5448
  4.9443  3.7318  0.9792  1.5434 33.6451
  5.0267  0.8326  0.9740  1.7499  5.2839
  6.0532  3.4810  0.9676  0.2904 30.9493
  5.1704  3.0782  0.9843  1.0938 26.6818
  5.3356  3.2683  0.9841  0.4631 28.6856
  4.7235  3.1328  0.9976  0.5660 27.2559
  5.1937  3.0693  0.9751  1.3573 26.5888
  3.7951  0.7270  0.9980  1.2770  4.4652
  4.0311  3.1904  0.9870  1.1002 27.8622
  5.9403  3.5442  0.9932  1.4185 31.6258
  4.6283  2.0149  0.9895  2.1405 15.8896
  4.4137  3.2206  0.9762  2.3294 28.1817
  5.2284  2.7524  0.9980  0.5576 23.2936
  4.4356  2.2662  0.9839  2.7551 18.3659
  5.1854  4.3278  0.9686  2.1959 40.1528
  4.7954  3.0908  0.9868  1.0190 26.8140
  5.2071  2.0380  0.9743  1.7194 16.1149
  6.0725  4.3195  0.9762  0.6476 40.0614
  4.8932  1.0179  0.9931  1.9174  6.7874
  5.1919  3.0817  0.9706  1.5439 26.7183
  5.0163  2.6325  0.9901  2.4066 22.0634
  3.6003  1.7157  0.9912  0.6582 13.0218
  5.2369  1.7575  0.9980  0.8357 13.4161
  5.5410  3.1020  0.9969  0.5489 26.9314
  5.3913  2.5396  0.9742  1.1039 21.1164
  5.1896  4.3430  0.9701  0.5800 40.3205
  4.6830  4.3693  0.9836  0.5990 40.6107
  4.9324  3.1843  0.9718  0.9634 27.7980
  6.2733  3.0312  0.9676  0.2892 26.1896
  5.0460  1.6263  0.9898  0.7131 12.1831
  5.6167  2.4400  0.9787  1.0977 20.1081
  5.1831  1.4952  0.9876  0.9945 10.9732
  4.2668  3.7953  0.9891  1.0903 34.3315
  4.2415  3.2747  0.9973  0.6723 28.7537
  4.9658  2.3376  0.9727  0.2106 19.0784
  5.2548  2.5073  0.9729  1.5184 20.7885
  5.1603  3.6533  0.9727  0.7458 32.7978
  5.0264  1.7037  0.9822  0.9299 12.9089
  5.0893  1.8736  0.9860  1.8680 14.5236
  3.9201  0.4404  0.9767  0.9208  2.4241
  5.4665  0.6360  0.9937  0.6878  3.7873
  4.7550  1.8765  0.9910  0.8997 14.5513
  5.3716  3.5021  0.9689  1.0178 31.1750
  5.0854  2.0989  0.9747  1.0934 16.7114
  3.8747  3.7258  0.9829  1.1651 33.5804
  4.8883  1.1659  0.9689  1.6989  8.0423
  4.9136  3.4107  0.9807  2.2824 30.1984
  4.7800  2.9419  0.9893  1.7821 25.2577
  3.9728  0.5806  0.9956  2.2607  3.3872
  5.0416  4.4790  0.9755  0.6811 41.8241
  5.6413  1.6359  0.9868  0.1395 12.2732
  5.2443  2.6379  0.9740  0.5708 22.1182
  5.4394  2.3957  0.9890  1.7429 19.6616
  5.5944  1.1420  0.9839  0.1692  7.8367
  4.3555  1.5938  0.9752  2.2700 11.8816
  5.2890  0.9139  0.9705  0.9675  5.9334
  5.0510  2.4682  0.9674  1.5579 20.3923
  6.1126  2.0911  0.9831  2.1969 16.6345
  5.4648  1.8602  0.9945  1.8061 14.3955
  5.2581  3.9460  0.9773  1.3007 35.9682
  5.3877  3.4336  0.9805  0.6348 30.4430
  5.3121  1.5960  0.9815  1.3311 11.9016
  4.2378  4.3444  0.9961  2.0737 40.3358
  4.6033  1.0576  0.9685  0.8840  7.1199
  5.0504  2.8657  0.9917  1.2163 24.4648
  5.2372  1.8793  0.9941  1.0775 14.5790
  5.3538  0.4030  0.9838  0.6879  2.1805
  5.6481  3.1750  0.9908  1.3983 27.7002
  5.1177  1.0127  0.9733  2.0370  6.7438
  4.5905  4.3648  0.9704  0.5655 40.5615
  6.1047  2.6557  0.9888  1.8518 22.3006
  4.4793  2.2684  0.9694  0.7419 18.3877
  3.9965  2.2836  0.9778  0.9672 18.5385
  4.8915  1.6827  0.9812  0.3762 12.7109
  5.2963  2.0406  0.9845  1.8911 16.1403
  5.2560  3.9329  0.9702  0.5933 35.8256
  5.5345  1.1912  0.9769  2.4433  8.2609
  5.2706  4.0936  0.9878  1.1829 37.5798
  5.2107  3.6891  0.9904  0.7875 33.1838
  3.6881  3.7606  0.9794  1.0904 33.9561
  5.0424  3.3411  0.9845  0.2278 29.4582
  4.2528  2.3212  0.9817  1.4687 18.9141
  5.9509  3.0746  0.9980  1.2334 26.6441
  4.7539  3.0604  0.9726  2.0846 26.4949
  5.5528  2.8340  0.9869  2.5148 24.1366
  6.9818  2.0224  0.4633  2.7184 15.9628
  6.1442  2.2507  0.9671  1.0808 18.2113
  6.3892  3.7176  0.9980  1.2152 33.4911
  5.5235  1.4007  0.9760  1.6765 10.1143
  4.6757  3.7377  0.9880  1.7894 33.7086
  6.0013  3.2710  0.9836  1.7401 28.7146
  4.9073  1.7526  0.9979  0.3891 13.3698
  4.5430  1.4663  0.9818  0.7896 10.7090
  5.0251  4.3874  0.9923  1.9902 40.8104
  5.0336  3.6467  0.9865  0.8211 32.7275
  4.9541  3.7790  0.9883  0.6558 34.1553
  4.0050  1.0175  0.9827  0.3584  6.7843
  4.1081  3.6830  0.9776  0.8187 33.1180
  5.1622  2.8406  0.9884  2.1332 24.2047
  3.7434  2.2364  0.9768  1.5483 18.0688
  5.0822  3.5360  0.9894  1.2240 31.5387
  5.8491  0.3032  0.9730  2.4014  1.5612
  5.9051  3.3258  0.9831  2.7833 29.2959
  5.1861  3.2170  0.9790  2.9885 28.1430
  4.4515  3.8614  0.9869  2.2009 35.0484
  4.4926  2.3746  0.9913  0.7635 19.4493
  5.8645  2.8257  0.9820  1.3599 24.0510
  6.4712  3.3777  0.9715  2.0279 29.8473
  5.0162  3.7724  0.9974  0.3954 34.0834
  5.6335  4.0851  0.9875  0.0690 37.4862
  4.0959  3.6291  0.9690  2.6523 32.5373
  5.7529  3.8157  0.9705  0.5145 34.5529
  6.9149  2.0677  0.4986  1.3399 16.4051
  4.9212  3.0459  0.9822  2.3610 26.3436
  5.2895  1.3195  0.9794  1.6282  9.3879
  5.0063  2.9321  0.9831  0.6426 25.1548
  5.3242  2.0671  0.9690  2.3955 16.4000
  5.0458  2.7653  0.9801  2.0875 23.4268
  5.2814  2.7976  0.9907  0.8503 23.7605
  5.2361  0.8519  0.9712  1.5924  5.4359
  5.0393  0.5119  0.9890  1.6645  2.9058
  5.0216  1.8897  0.9766  1.0775 14.6783
  4.7601  0.3527  0.9954  1.8533  1.8626
  5.3708  1.4435  0.9800  2.3830 10.5013
  5.7554  2.0903  0.9672  1.1124 16.6270
  5.1469  1.6142  0.9980  1.4429 12.0704
  4.8876  1.6444  0.9835  2.3549 12.3520
  4.9719  3.0845  0.9833  0.8376 26.7478
  5.3815  1.5361  0.9923  0.8425 11.3478
  6.2146  1.4389  0.9813  1.5487 10.4599
  5.2816  3.6823  0.9893  0.4871 33.1107
  4.9829  1.7002  0.9929  1.9078 12.8751
  5.1133  1.7659  0.9940  1.7471 13.4962
  5.0240  1.3242  0.9980  1.6091  9.4298
  4.8779  1.1101  0.9852  0.8189  7.5639
  6.2433  3.6465  0.9859  2.9540 32.7252
  5.0554  2.3746  0.9769  0.3459 19.4494
  5.5004  2.4495  0.9768  1.9481 20.2039
  4.3784  1.3000  0.9980  0.4234  9.2145
  3.8317  2.4504  0.9722  1.1349 20.2132
  4.6691  4.0977  0.9941  1.8740 37.6248
  5.4788  4.4838  0.9715  1.9714 41.8767
  5.2970  3.7445  0.9850  1.4274 33.7819
  5.3086  1.8274  0.9822  0.5245 14.0812
  5.1208  2.4828  0.9909  1.0305 20.5402
  5.0373  2.0808  0.9764  1.1978 16.5341
  5.6266  1.3094  0.9814  2.2408  9.2978
  5.0821  4.0472  0.9953  0.3819 37.0723
  5.4185  3.6557  0.9893  0.9013 32.8238
  4.7797  1.8760  0.9754  0.0698 14.5470
  4.8955  2.3827  0.9691  1.6103 19.5308
  4.9097  1.8741  0.9713  1.7497 14.5281
  6.4595  2.4392  0.9895  0.3459 20.0994
  4.9706  3.6154  0.9945  1.0703 32.3906
  6.0676  4.4832  0.9971  1.8306 41.8705
  4.9670  4.2427  0.9922  1.0934 39.2153
  5.2789  4.4907  0.9864  2.4185 41.9541
  5.6989  2.3875  0.9766  1.7936 19.5793
  4.5032  0.6675  0.9957  2.1274  4.0191
  5.2484  2.2219  0.9777  1.7978 17.9250
  4.5153  2.2172  0.9774  0.2114 17.8783
  5.0215  2.6591  0.9847  0.8725 22.3352
  4.7127  4.1840  0.9851  2.0110 38.5701
  5.1089  1.0933  0.9843  1.8949  7.4212
  5.0268  3.8923  0.9980  0.6117 35.3841
  5.2316  2.1863  0.9779  0.5344 17.5724
  4.4787  2.2881  0.9746  0.5164 18.5840
  5.2879  4.1600  0.9861  1.6831 38.3067
  5.1051  0.7080  0.9850  1.7104  4.3219
  6.4131  3.0603  0.9167  1.1212 26.4942
  3.9101  1.6498  0.9954  0.7145 12.4024
  4.9272  1.2708  0.9814  0.4304  8.9572
  4.9932  2.9723  0.9878  0.6897 25.5741
  5.1958  1.4536  0.9913  1.2169 10.5931
  5.9194  4.3906  0.9908  2.2524 40.8459
  4.9819  2.6685  0.9675  1.4273 22.4315
  5.1194  2.6218  0.9958  1.2600 21.9539
  5.4796  1.5048  0.9759  1.1354 11.0608
  5.6243  2.2342  0.9735  0.0970 18.0472
  3.7573  3.3656  0.9801  1.4370 29.7187
  5.3735  0.9648  0.9855  1.1913  6.3484
  4.2482  3.0409  0.9969  1.5082 26.2912
  5.3809  1.4072  0.9910  1.3327 10.1733
  5.0481  2.3417  0.9712  2.5380 19.1198
  5.5916  3.1884  0.9727  2.1313 27.8419
  5.2711  1.9895  0.9980  2.5639 15.6431
  4.6707  3.7887  0.9945  1.4672 34.2603
  5.2130  4.1839  0.9687  2.4462 38.5697
  5.0425  1.9881  0.9754  1.3416 15.6295
  5.4314  0.9400  0.9887  1.6136  6.1455
  4.9338  2.2209  0.9758  1.0159 17.9154
  3.8339  4.4036  0.9743  0.8154 40.9896
  4.4861  3.1958  0.9786  2.5487 27.9192
  5.8204  0.9283  0.9967  1.9310  6.0499
  4.6973  1.6919  0.9818  1.4737 12.7970
  3.7993  1.6073  0.9761  2.0678 12.0067
  5.5540  1.1193  0.9893  2.2066  7.6429
  4.3919  3.3316  0.9858  0.4499 29.3576
  4.6321  1.7197  0.9814  1.6810 13.0592
  4.0127  3.6853  0.9810  2.2592 33.1433
  5.2863  2.5597  0.9917  1.4647 21.3211
  5.3220  2.6720  0.9769  0.6196 22.4675
  5.9325  3.1975  0.9822  1.2502 27.9372
  5.5263  3.2867  0.9965  1.6749 28.8804
  4.6915  4.0897  0.9961  0.2231 37.5368
  4.4241  3.1253  0.9847  0.5945 27.1769
  4.8906  2.5237  0.9687  2.5465 20.9552
  4.8475  3.6328  0.9728  0.4255 32.5778
  4.5085  2.0750  0.9974  2.0398 16.4767
  5.0271  2.8059  0.9980  1.5003 23.8461
  3.7641  2.3438  0.9862  0.4504 19.1403
  4.6799  1.9079  0.9936  1.3173 14.8536
  5.0037  4.1754  0.9813  2.2745 38.4763
  5.7812  3.3311  0.9807  1.5305 29.3519
  6.4318  4.0017  0.9356  0.4927 36.5752
  5.2842  3.2861  0.9785  0.4204 28.8746
  5.2085  2.2336  0.9721  1.4371 18.0412
  4.7058  3.2415  0.9957  1.8557 28.4022
  5.8487  1.4220  0.9906  1.5261 10.3071
  4.8893  3.0853  0.9767  0.8278 26.7569
  4.7929  3.2416  0.9720  0.1337 28.4037
  4.7774  2.7576  0.9863  1.6286 23.3473
  4.2417  2.7401  0.9832  1.4089 23.1677
  4.9695  0.6463  0.8759  2.0088  3.8624
  4.8579  3.3431  0.9917  2.0635 29.4792
  4.2879  4.1657  0.9702  1.7328 38.3698
  5.0404  1.4273  0.9908  1.7019 10.3550
  5.6917  1.3456  0.9921  1.5759  9.6206
  5.5737  2.4551  0.9980  1.1021 20.2608
  4.7218  2.1720  0.9753  0.8191 17.4316
  4.5664  3.6731  0.9753  1.2118 33.0119
  4.4562  1.8695  0.9871  1.3326 14.4847
  5.5084  1.3655  0.9883  0.8103  9.7981
  5.0757  2.5538  0.9757  1.5398 21.2604
  3.8695  4.0338  0.9759  1.1412 36.9251
  5.0365  2.4130  0.9816  0.8563 19.8358
  5.3599  3.6528  0.9790  0.6988 32.7929
  5.0124  3.1349  0.9706  1.0396 27.2776
  5.5062  1.1099  0.9828  2.2014  7.5621
  5.6397  2.9398  0.9977  0.9645 25.2357
  5.2244  2.0724  0.9757  0.4710 16.4518
  5.7813  3.0465  0.9980  1.4924 26.3500
  4.4762  1.6302  0.9865  2.6396 12.2202
  5.1564  2.3350  0.9815  0.5052 19.0525
  4.9281  0.6491  0.9720  0.7409  3.8833
  4.5317  3.1812  0.9879  0.6553 27.7656
  4.5080  2.8538  0.9668  0.8168 24.3423
  4.4154  3.6766  0.9680  1.9491 33.0489
  5.6011  3.2546  0.9916  2.4659 28.5405
  5.1018  2.4054  0.9787  0.6215 19.7588
  4.8539  3.9317  0.9891  0.3226 35.8120
  5.1803  2.3132  0.9900  1.0022 18.8343
  6.1538  3.3015  0.9760  1.0408 29.0373
  5.3222  1.4498  0.9837  2.4832 10.5590
  4.7791  3.5359  0.9793  2.0446 31.5373
  4.0766  2.1270  0.9757  0.9209 16.9874
  5.5327  3.1368  0.9887  1.0630 27.2981
  4.9578  3.7223  0.9979  1.1603 33.5428
  5.7372  1.9883  0.9857  1.8063 15.6310
  4.1487  4.4346  0.9936  1.9525 41.3322
  5.2515  1.5560  0.9905  2.0998 11.5315
  4.7459  3.0605  0.9864  1.7965 26.4963
  4.4953  4.2542  0.9828  0.8690 39.3416
  5.9018  3.9877  0.9742  1.0886 36.4225
  5.6628  3.6980  0.9800  0.1547 33.2796
  4.8724  3.1609  0.9675  2.5322 27.5510
  4.0415  2.2277  0.9893  1.7676 17.9831
  5.2032  3.5716  0.9889  1.0021 31.9198
  4.8906  1.4460  0.9946  2.3377 10.5247
  5.8455  1.0219  0.9700  0.5763  6.8206
  4.8411  2.8541  0.9794  2.6798 24.3454
  4.6367  3.8064  0.9900  0.3558 34.4518
  5.2500  1.6716  0.9703  2.2440 12.6066
  4.5856  2.1598  0.9936  2.7276 17.3108
  4.8114  1.7917  0.9964  2.4467 13.7413
  4.8062  3.4525  0.9851  1.5818 30.6446
  4.7024  2.2182  0.9758  0.9837 17.8887
  4.1457  2.2201  0.9973  1.1430 17.9078
  4.4244  2.9510  0.9980  0.8729 25.3522
  4.1699  3.0039  0.9873  1.2049 25.9041
  5.4251  3.4461  0.9685  1.1224 30.5770
  5.8220  3.0924  0.9770  1.4604 26.8310
  5.0723  1.8315  0.9955  1.6998 14.1209
  5.5497  2.4932  0.9857  1.4030 20.6454
  5.1212  3.5079  0.9808  1.5406 31.2369
  4.5944  0.9735  0.9898  1.0218  6.4197
  4.8881  2.0583  0.9899  0.8393 16.3140
  3.9405  2.5886  0.9889  1.8571 21.6153
  3.8383  4.3513  0.9833  1.5644 40.4118
  4.5333  2.8641  0.9678  1.9562 24.4487
  3.6817  1.7321  0.9678  0.5209 13.1762
  4.4751  2.4519  0.9713  0.3059 20.2280
  4.9399  2.6423  0.9670  1.4459 22.1641
  4.8448  2.3734  0.9932  0.5997 19.4378
  5.5753  2.6522  0.9980  1.4469 22.2655
  4.9516  3.8492  0.9719  1.0430 34.9158
  4.9782  2.5447  0.9922  2.1612 21.1683
  5.1824  1.9382  0.9715  0.9598 15.1461
  4.0665  2.4957  0.9885  0.8595 20.6712
  5.5652  1.2121  0.9871  1.2375  8.4431
  4.7227  2.2589  0.9790  1.7123 18.2925
  4.9585  3.4605  0.9828  1.0870 30.7306
  3.5760  3.8216  0.9871  0.4696 34.6170
  5.2869  1.1671  0.9924  1.1795  8.0526
  6.1889  3.2366  0.9788  2.7794 28.3500
  5.3352  2.6782  0.9780  1.7557 22.5315
  4.7485  3.9542  0.9692  0.6964 36.0578
  5.5165  1.9836  0.9980  2.7082 15.5856
  5.5275  2.4137  0.9775  1.7407 19.8423
  5.2012  4.2034  0.9725  2.3378 38.7832
  6.0845  2.1433  0.9907  2.3254 17.1476
  5.0926  2.9078  0.9734  1.0629 24.9020
  5.7031  2.7814  0.9869  1.7080 23.5927
  4.2307  1.3033  0.9980  1.2223  9.2440
  5.2089  1.6657  0.9819  1.0125 12.5519
  5.5629  2.2062  0.9929  1.0685 17.7694
  4.5572  2.0215  0.9680  0.9607 15.9539
  5.1607  3.6924  0.9848  0.9566 33.2196
  4.9400  0.6205  0.9956  0.7745  3.6739
  3.9166  2.0487  0.9677  0.7720 16.2194
  5.0474  2.2470  0.9979  1.5524 18.1748
  4.9885  4.1383  0.9871  1.3566 38.0686
  5.3604  1.4743  0.9910  1.7130 10.7814
  5.9311  3.4502  0.9852  1.5594 30.6205
  4.8862  2.5861  0.9878  2.1340 21.5898
  5.7034  4.3407  0.9695  2.2972 40.2952
  6.0616  1.5661  0.9711  1.7987 11.6246
  4.2249  4.3196  0.9675  0.4067 40.0626
  5.4779  1.0982  0.9842  1.1691  7.4634
  4.8121  2.4684  0.9967  0.7085 20.3943
  4.8349  0.9217  0.9782  2.7197  5.9962
  3.9107  4.1769  0.9670  0.2889 38.4921
  4.7725  2.0049  0.9978  1.6121 15.7928
  5.2399  3.0506  0.9820  0.3830 26.3931
  5.1124  2.0226  0.9761  0.7453 15.9651
  5.2754  1.9968  0.9742  2.5247 15.7136
  5.1982  2.6299  0.9758  1.0544 22.0369
  5.4110  1.7546  0.9858  1.5130 13.3893
  4.8051  2.9155  0.9728  1.7940 24.9823
  5.1290  0.6067  0.9704  1.6446  3.5743
  5.1511  1.1598  0.9775  2.2462  7.9898
  5.1008  0.7787  0.9980  1.0003  4.8620
  5.2325  3.1758  0.9854  2.5374 27.7088
  5.0304  2.0745  0.9730  0.7132 16.4725
  4.9554  3.6841  0.9719  0.9870 33.1304
  4.2427  2.5558  0.9888  1.3077 21.2814
  4.8539  3.0456  0.9859  2.1464 26.3407
  5.9268  0.5504  0.9775  1.8217  3.1735
  5.1291  2.2951  0.9913  1.2317 18.6535
  5.1454  2.9588  0.9699  0.5901 25.4335
  4.6897  1.4711  0.9846  1.6029 10.7526
  5.0428  3.3753  0.9694  1.4844 29.8221
  5.0663  0.8312  0.9893  2.4006  5.2727
  4.9406  3.4838  0.9980  1.5112 30.9798
  4.0255  2.2898  0.9915  1.4301 18.6006
  4.7484  1.5812  0.9969  2.6365 11.7648
  5.2673  1.1319  0.9732  1.5283  7.7504
  5.5965  1.9805  0.9810  0.9861 15.5553
  4.9942  4.4132  0.9780  1.1546 41.0958
  3.9987  3.8308  0.9698  1.2996 34.7161
  5.2377  1.1939  0.9977  0.4694  8.2843
  5.0848  3.0189  0.9930  1.5154 26.0612
  5.4542  3.7454  0.9869  2.5981 33.7914
  5.7261  3.0421  0.9864  1.4101 26.3041
  5.1757  4.0133  0.9682  0.0403 36.7016
  4.4888  3.4464  0.9940  1.7749 30.5796
  5.1550  2.6921  0.9927  1.4284 22.6744
  5.9706  3.3425  0.9682  1.7864 29.4728
  5.6921  3.7197  0.9740  0.9533 33.5147
  4.9970  2.6499  0.9678  0.7375 22.2413
  5.2429  2.5223  0.9949  1.5729 20.9406
  4.7829  2.7504  0.9782  0.4754 23.2731
  4.9852  3.3397  0.9957  0.8941 29.4428
  5.1067  1.0344  0.9980  2.1801  6.9249
  3.8730  3.7047  0.9910  0.4543 33.3524
  5.2869  3.1532  0.9980  1.1637 27.4700
  5.9537  4.0045  0.9970  0.9536 36.6057
  5.4368  3.2360  0.9955  1.4435 28.3441
  5.4098  3.4738  0.9936  2.2296 30.8728
  5.6252  0.5682  0.9781  1.4561  3.2991
  6.1194  3.9734  0.9794  0.8234 36.2662
  5.1295  0.9110  0.9679  2.6893  5.9100
  4.9640  0.9181  0.9920  1.3291  5.9676
  4.4300  3.2517  0.9926  0.8777 28.5107
  5.6326  3.0612  0.9919  2.6880 26.5035
  5.0962  3.0990  0.9706  1.0973 26.9001
  5.1662  1.9302  0.9725  0.1937 15.0690
  3.5985  4.4320  0.9827  1.5528 41.3037
  4.8063  3.0249  0.9719  3.0098 26.1236
  3.8381  2.2803  0.9675  1.9475 18.5062
  4.5770  4.2568  0.9883  2.1059 39.3705
  5.0878  2.4564  0.9826  0.9605 20.2737
  5.3582  2.1471  0.9937  1.6179 17.1857
  4.1715  4.0706  0.9745  1.5828 37.3279
  5.0263  1.3112  0.9675  0.2268  9.3140
  5.1775  2.8091  0.9864  1.7102 23.8791
  5.4042  1.6182  0.9803  1.2372 12.1078
  4.7774  3.3337  0.9753  0.7808 29.3797
  5.6005  2.1888  0.9980  2.1147 17.5971
  6.1887  2.4751  0.9675  1.4205 20.4624
  4.3466  0.6802  0.9820  2.3861  4.1136
  5.2654  3.2146  0.9949  2.1054 28.1176
  5.6662  2.9638  0.9884  1.1531 25.4855
  4.9941  2.2641  0.9791  0.8262 18.3444
  5.1507  2.2558  0.9854  0.2569 18.2622
  5.3556  3.0753  0.9712  1.9619 26.6520
  5.5643  1.0642  0.9927  0.6266  7.1753
  5.7032  4.0116  0.9852  0.6598 36.6830
  6.0819  1.5200  0.9920  2.2397 11.2003
  5.2095  2.1083  0.9772  0.8295 16.8037
  5.4864  1.2762  0.9916  0.4090  9.0046
  5.9382  2.4510  0.9795  1.2558 20.2191
  5.6514  2.7084  0.9706  1.6150 22.8412
  5.3627  4.4652  0.9843  0.9812 41.6709
  5.2056  3.8203  0.9775  0.7850 34.6023
  4.2642  1.6949  0.9681  2.4295 12.8253
  5.2159  3.5722  0.9933  0.4949 31.9266
  5.3181  2.8405  0.9692  1.3531 24.2038
  3.8769  2.9787  0.9781  2.3355 25.6410
  5.3541  2.6465  0.9678  2.8512 22.2069
  4.9927  1.6867  0.9917  2.1588 12.7483
  5.2500  1.0940  0.9921  0.6233  7.4275
  5.5709  2.4156  0.9833  2.7450 19.8623
  5.8054  3.4857  0.9668  0.2418 30.9995
  5.0320  3.2126  0.9889  0.8226 28.0972
  4.1439  3.8697  0.9771  1.7420 35.1382
  4.8793  1.8141  0.9921  0.5436 13.9544
  5.3664  0.8629  0.9842  0.3911  5.5241
  5.0296  3.2688  0.9888  1.9833 28.6915
  5.1622  1.8965  0.9887  2.4062 14.7439
  5.5667  1.3746  0.9872  0.6137  9.8802
  4.7542  3.0070  0.9704  2.0553 25.9366
  5.2416  0.6665  0.9690  2.1801  4.0114
  5.2125  1.9343  0.9718  1.4454 15.1083
  4.8927  3.5759  0.9840  2.0648 31.9665
  6.0359  4.2513  0.9813  0.6648 39.3099
  5.4326  2.2542  0.9718  0.5929 18.2461
  5.4775  1.3539  0.9747  0.7029  9.6945
  4.9321  2.2311  0.9912  1.3269 18.0169
  5.2642  2.1409  0.9796  1.2893 17.1240
  5.0470  2.9068  0.9737  0.5809 24.8923
  4.8221  3.4517  0.9863  2.1763 30.6358
  4.8380  1.5375  0.9959  2.0823 11.3613
  5.0943  2.9615  0.9903  2.6961 25.4612
  4.1580  3.3950  0.9739  1.8150 30.0316
  4.4257  2.8602  0.9947  1.3802 24.4078
  5.2591  2.6278  0.9933  3.0202 22.0151
  5.3565  1.3984  0.9913  0.7048 10.0942
  5.3807  4.2090  0.9823  2.1200 38.8453
  4.7166  2.1423  0.9893  1.9354 17.1385
  4.3995  2.1900  0.9694  0.7136 17.6096
  5.5309  3.1978  0.9960  1.0577 27.9404
  4.3567  1.9107  0.9826  0.6169 14.8808
  5.2235  4.3087  0.9975  1.3912 39.9418
  5.1181  3.2967  0.9950  1.9323 28.9868
  5.1487  2.0490  0.9973  0.5424 16.2227
  4.8647  3.3989  0.9724  0.8346 30.0735
  4.2312  2.1362  0.9738  1.4593 17.0782
  5.6385  3.3123  0.9744  2.2021 29.1528
  5.1350  2.1476  0.9848  0.7325 17.1902
  4.5509  0.9292  0.9980  2.0844  6.0574
  4.9527  3.4808  0.9864  0.6889 30.9470
  5.1041  1.5784  0.9755  0.4894 11.7383
  5.1933  1.4332  0.9980  1.1924 10.4082
  4.7807  3.6889  0.9767  2.2565 33.1815
  4.7491  1.7877  0.9853  1.8045 13.7034
  4.7996  2.7299  0.9980  1.5961 23.0622
  4.5149  4.3846  0.9707  0.2162 40.7801
  3.5463  3.8572  0.9886  1.6771 35.0030
  5.8270  1.3108  0.9777  1.4020  9.3107
  4.5328  3.6407  0.9669  0.6477 32.6625
  4.6197  2.5065  0.9844  1.0212 20.7809
  5.6166  1.3743  0.9775  1.2761  9.8771
  5.0116  3.0052  0.9768  1.1323 25.9180
  4.9408  3.5769  0.9883  1.0513 31.9772
  5.4871  2.9629  0.9717  0.9637 25.4762
  3.7725  3.4879  0.9768  2.1920 31.0227
  5.1946  2.3379  0.9754  2.1868 19.0811
  5.7413  1.5828  0.9829  0.6216 11.7789
  4.7280  3.8830  0.9673  2.3373 35.2825
  4.5635  3.2980  0.9804  0.4115 29.0010
  5.3475  2.6407  0.9886  1.8685 22.1469
  4.7123  3.9833  0.9980  2.2901 36.3743
  5.0140  3.0129  0.9854  2.0404 25.9986
  5.0292  3.4318  0.9891  1.3604 30.4242
  4.6659  3.2875  0.9934  0.8633 28.8893
  5.2370  1.1221  0.9844  0.7121  7.6667
  6.0090  3.7911  0.9710  1.3910 34.2860
  5.0710  2.4878  0.9796  1.4397 20.5909
  5.6340  1.5682  0.9708  0.6898 11.6438
  5.4490  3.2381  0.9779  1.9565 28.3667
  5.3180  1.8489  0.9721  0.8066 14.2874
  5.7990  3.6986  0.9727  1.4911 33.2867
  3.9656  3.7072  0.9980  0.4196 33.3791
  4.5702  1.5184  0.9893  0.8470 11.1854
  5.0277  1.1112  0.9791  1.0604  7.5737
  5.2414  2.1929  0.9964  1.2747 17.6380
  5.0216  2.1252  0.9912  1.8973 16.9702
  5.2503  2.5272  0.9950  0.4062 20.9907
  5.4932  2.9691  0.9794  1.5345 25.5410
  5.2286  2.6035  0.9980  2.5130 21.7676
  3.9949  4.2591  0.9768  1.7066 39.3956
  4.8594  0.5064  0.9980  2.3136  2.8685
  5.4605  1.2130  0.9971  0.2183  8.4508
  5.1531  3.7516  0.9896  1.4970 33.8585
  4.9860  2.4688  0.9837  1.8042 20.3984
  5.0917  2.2820  0.9980  1.9595 18.5230
  4.9751  3.1723  0.9708  0.2428 27.6720
  4.9850  1.5196  0.9773  2.3739 11.1964
  3.6703  2.0278  0.9859  1.3293 16.0161
  4.9418  1.6449  0.9727  1.3114 12.3574
  5.4583  1.7649  0.9853  1.1099 13.4867
  4.2380  2.7133  0.9857  1.7871 22.8916
  5.3937  2.2369  0.9685  1.1684 18.0743
  4.1838  3.1292  0.9928  1.4897 27.2182
  3.5432  3.9258  0.9755  0.1194 35.7481
  5.3273  1.1919  0.9980  2.0521  8.2672
  5.7994  3.5404  0.9980  2.9420 31.5856
  4.0900  2.7648  0.9686  0.7937 23.4221
  5.9186  1.0229  0.9809  0.5833  6.8288
  4.9133  2.1128  0.9970  1.3337 16.8476
  5.2991  2.0125  0.9932  1.3993 15.8671
  5.2166  1.4739  0.9870  1.0248 10.7782
  5.5377  2.8814  0.9911  0.2715 24.6277
  4.4263  1.0775  0.9801  1.3765  7.2873
  5.1980  1.3586  0.9854  0.3570  9.7366
  4.3637  3.3137  0.9692  1.3065 29.1669
  5.0236  1.9874  0.9890  0.2364 15.6223
  4.6631  2.5424  0.9768  0.6529 21.1451
  5.2455  1.3443  0.9781  2.3760  9.6091
  4.6619  2.4827  0.9948  2.4267 20.5391
  5.1793  4.2495  0.9669  0.6201 39.2901
  4.8547  0.6318  0.9762  2.0624  3.7565
  5.0981  2.2704  0.9958  1.2649 18.4077
  5.1880  1.5475  0.9957  2.4972 11.4532
  4.3325  3.5840  0.9866  0.4323 32.0526
  3.5262  1.3313  0.9769  1.4194  9.4931
  4.7835  3.3893  0.9870  0.9877 29.9714
  4.4645  4.3315  0.9798  0.9814 40.1933
  5.5806  3.4484  0.9870  1.8741 30.6016
  5.0889  1.9643  0.9726  2.3705 15.3988
  5.3714  3.8807  0.9681  2.7166 35.2584
  4.5900  3.4003  0.9883  0.9874 30.0877
  6.5212  2.3870  0.9712  0.6329 19.5739
  5.1991  1.1245  0.9688  0.5144  7.6869
  5.0965  3.7789  0.9959  0.2001 34.1541
  4.5658  0.9241  0.9951  0.8232  6.0156
  4.1778  0.8763  0.9967  2.3778  5.6305
  5.2613  0.2727  0.9746  0.2555  1.3813
  5.4076  2.5392  0.9832  1.3486 21.1123
  4.5469  0.9216  0.9796  1.4152  5.9953
  5.4000  1.2913  0.9864  2.8240  9.1380
  5.3570  2.6062  0.9891  0.4074 21.7944
  4.9474  1.6047  0.9959  1.4936 11.9822
  4.5969  0.7549  0.9887  1.0129  4.6789
  4.5894  1.4582  0.9718  0.9880 10.6353
  5.3676  0.8743  0.9911  0.5626  5.6149
  5.5282  1.3066  0.9903  0.1214  9.2731
  4.2896  1.5603  0.9824  0.9946 11.5716
  4.1808  2.3106  0.9686  1.0188 18.8080
  4.0752  0.9113  0.9788  1.5956  5.9126
  5.1130  1.8880  0.9684  2.0712 14.6618
  5.0202  2.5147  0.9915  0.5753 20.8634
  4.9772  3.9631  0.9757  1.5988 36.1540
  4.3620  1.4920  0.9787  0.7583 10.9431
  5.2423  1.9947  0.9860  0.1899 15.6939
  4.5535  1.8372  0.9673  1.9152 14.1746
  4.3270  3.6325  0.9929  0.7194 32.5742
  5.2067  1.7675  0.9896  2.2467 13.5114
  4.9432  1.9300  0.9930  1.4260 15.0665
  4.5915  2.5759  0.9781  1.1898 21.4860
  5.1992  4.0167  0.9681  1.1650 36.7390
  5.2539  1.8703  0.9707  1.9061 14.4924
  5.2218  3.9762  0.9791  0.7991 36.2973
  5.0012  1.7777  0.9684  2.0784 13.6084
  4.6775  3.5589  0.9865  0.6470 31.7839
  4.5278  1.6621  0.9744  1.2474 12.5180
  4.4672  3.2077  0.9872  1.7562 28.0450
  5.2851  3.4578  0.9697  1.4816 30.7012
  5.6298  1.5452  0.9980  2.3522 11.4319
  3.6346  2.5455  0.9879  1.4105 21.1767
  5.4745  2.3180  0.9845  2.1227 18.8822
  3.9055  2.1204  0.9821  1.1830 16.9230
  5.5944  2.8690  0.9962  0.1110 24.4995
  4.9213  2.5835  0.9850  1.1471 21.5632
  5.0064  3.3764  0.9780  2.5570 29.8335
  5.5860  0.6812  0.9684  1.0481  4.1212
  4.9485  0.3846  0.9898  0.7593  2.0629
  5.1756  1.7754  0.9733  0.9579 13.5861
  5.1529  0.8848  0.9834  0.7559  5.6987
  4.7752  3.6493  0.9742  0.4734 32.7551
  5.7062  4.2987  0.9868  1.7715 39.8316
  3.5298  0.9313  0.9808  1.7288  6.0747
  5.1370  4.0052  0.9949  1.2640 36.6132
  5.8749  2.2973  0.9937  1.5907 18.6757
  5.4775  3.8432  0.9859  0.4232 34.8509
  3.6943  3.8729  0.9847  0.1517 35.1727
  3.9549  0.8198  0.9835  0.7806  5.1829
  4.4487  2.8093  0.9768  0.7094 23.8812
  4.8922  2.9909  0.9765  1.5685 25.7681
  5.0165  2.2672  0.9708  0.4277 18.3753
  5.1615  1.6685  0.9858  1.3405 12.5776
  5.1771  2.7404  0.9699  1.0383 23.1700
  5.0216  2.7633  0.9723  1.5567 23.4060
  4.1229  0.9658  0.9896  1.2962  6.3566
  5.9564  3.2500  0.9745  1.8233 28.4921
  4.0391  3.9941  0.9762  0.4229 36.4919
  5.5859  3.1211  0.9673  1.1260 27.1322
  4.8078  3.1898  0.9744  2.3051 27.8567
  6.0585  2.6528  0.9743  1.3495 22.2709
  3.7469  3.7593  0.9818  2.4799 33.9417
  5.2826  2.9360  0.9980  0.2114 25.1955
  3.8334  3.8597  0.9956  0.5611 35.0299
  4.1527  2.8276  0.9867  1.9247 24.0706
  5.2286  1.2002  0.9889  0.2231  8.3397
  3.9628  1.9992  0.9714  1.4180 15.7375
  4.7530  3.6952  0.9752  1.3141 33.2500
  4.1664  1.9285  0.9864  0.2300 15.0521
  3.8994  3.3912  0.9721  1.9261 29.9916
  5.3492  2.4403  0.9956  1.1121 20.1111
  5.1360  2.6056  0.9690  1.6015 21.7885
  5.3824  2.6193  0.9970  1.6799 21.9289
  5.8354  0.9241  0.9855  2.2586  6.0159
  5.1388  4.2236  0.9764  0.8748 39.0056
  4.5523  3.0827  0.9706  0.4335 26.7292
  4.8586  3.2877  0.9681  1.2527 28.8914
  3.6598  3.0635  0.9944  1.0803 26.5280
  5.0782  2.3018  0.9836  0.7045 18.7208
  6.2993  3.0020  0.9805  2.2690 25.8838
  5.1793  2.7382  0.9977  2.7487 23.1482
  4.4717  2.7793  0.9720  1.8092 23.5711
  4.9657  3.3038  0.9731  1.1876 29.0617
  4.7853  0.6966  0.9847  1.8872  4.2362
  4.9132  0.5265  0.9841  1.8096  3.0065
  5.1129  1.0344  0.9958  2.4030  6.9255
  5.2348  0.8912  0.9946  1.4339  5.7506
  3.9994  4.0727  0.9695  1.9121 37.3506
  5.7037  1.9883  0.9708  0.5986 15.6313
  5.2364  1.7702  0.9669  2.0301 13.5366
  4.7168  4.2235  0.9734  0.6315 39.0042
  5.3778  2.7139  0.9828  1.2809 22.8982
  4.8902  2.2161  0.9955  1.3755 17.8677
  4.8297  2.7221  0.9930  0.6956 22.9826
  6.0153  1.8316  0.9877  0.5130 14.1217
  5.1589  3.0060  0.9849  0.8888 25.9264
  3.6781  3.8002  0.9775  1.1007 34.3843
  6.2969  4.2921  0.9908  2.4146 39.7590
  3.9654  1.9632  0.9939  0.1684 15.3875
  4.5178  1.3501  0.9774  1.3698  9.6609
  4.6895  2.0655  0.9818  1.1171 16.3842
  5.2417  1.8768  0.9980  1.7062 14.5547
  5.2409  3.0066  0.9738  1.2573 25.9321
  5.9908  4.0283  0.9766  0.4250 36.8658
  5.3948  1.9685  0.9704  1.9932 15.4394
  5.6494  2.8174  0.9797  1.4099 23.9648
  4.3047  3.4458  0.9945  1.7122 30.5734
  5.2280  2.3601  0.9678  0.9123 19.3036
  3.8174  1.2023  0.9819  2.3388  8.3576
  4.6026  2.6713  0.9687  1.2846 22.4610
  5.0887  3.0830  0.9697  0.9570 26.7319
  4.9055  2.5062  0.9907  2.2065 20.7778
  4.5214  4.0364  0.9914  2.5794 36.9542
  5.0007  1.4284  0.9840  0.2569 10.3644
  4.6943  2.5717  0.9754  1.0462 21.4427
  5.3686  2.1027  0.9945  1.5022 16.7483
  5.3751  1.9183  0.9931  1.8853 14.9539
  3.9470  2.1500  0.9793  2.0492 17.2139
  4.5606  4.0577  0.9959  1.7294 37.1870
  4.6025  1.7214  0.9803  1.5365 13.0749
  5.0000  1.4217  0.9733  1.6130 10.3040
  3.6661  2.7771  0.9943  1.5217 23.5489
  4.7056  1.6863  0.9954  0.8291 12.7447
  5.0473  2.2110  0.9844  1.6447 17.8171
  5.1629  2.1134  0.9683  2.0411 16.8541
  4.7286  3.5602  0.9794  1.7246 31.7980
  4.9785  2.2906  0.9863  2.6423 18.6089
  4.2262  1.4465  0.9868  1.7714 10.5289
  5.0935  4.3289  0.9689  1.8199 40.1652
  4.7205  1.0781  0.9825  2.2323  7.2930
  5.1114  3.2147  0.9859  1.1674 28.1190
  4.8611  1.5560  0.9792  0.9063 11.5311
  5.3139  1.6923  0.9881  0.8124 12.8011
  5.9944  3.8141  0.9980  2.2103 34.5354
  4.4140  1.7227  0.9980  1.0164 13.0878
  5.0735  1.3019  0.9873  2.7163  9.2320
  5.3943  0.6220  0.9718  1.6768  3.6848
  6.9930  3.1782  0.6943  2.0087 27.7333
  5.1564  1.3857  0.9818  1.0333  9.9791
  5.7809  3.0025  0.9819  1.5777 25.8898
  4.9361  3.5772  0.9733  0.6470 31.9799
  4.8626  3.9356  0.9701  1.0184 35.8552
  4.3956  0.7470  0.9714  2.2806  4.6183
  4.7139  1.1999  0.9785  1.7844  8.3366
  4.3049  4.1426  0.9727  2.5749 38.1162
  4.6264  4.2016  0.9715  1.1849 38.7638
  5.7316  1.0523  0.9869  0.4341  7.0751
  5.1205  1.1333  0.9867  2.3893  7.7626
  5.5821  4.4191  0.9806  2.1088 41.1613
  5.2718  1.7440  0.9698  2.3755 13.2891
  5.2529  4.3733  0.9898  1.6521 40.6543
  5.1465  0.9382  0.9955  1.0982  6.1304
  4.7296  4.3917  0.9936  2.4501 40.8575
  3.6931  1.2251  0.9863  0.5231  8.5565
  5.3964  4.2893  0.9699  1.8911 39.7285
  5.0329  1.3947  0.9976  1.1745 10.0604
  5.3717  2.0431  0.9861  0.7941 16.1646
  3.6591  1.7587  0.9909  0.8704 13.4283
  4.5947  3.9241  0.9980  2.0328 35.7294
  6.8197  1.5193  0.4827  2.4812 11.1936
  3.9111  1.9072  0.9885  1.8528 14.8470
  4.7932  2.6246  0.9791  0.9369 21.9827
  5.1021  4.2960  0.9872  0.5730 39.8021
  5.5550  3.3478  0.9863  0.0645 29.5297
  4.4624  2.2568  0.9695  1.1265 18.2719
  5.7092  2.2838  0.9738  0.8108 18.5404
  5.3943  1.7509  0.9781  0.4867 13.3537
  5.6891  3.6455  0.9731  1.9521 32.7144
  5.5111  1.5659  0.9979  2.7237 11.6233
  4.9299  2.4317  0.9880  0.3625 20.0240
  5.0755  2.7654  0.9867  0.9258 23.4279
  5.6103  2.1718  0.9850  2.0445 17.4294
  5.2443  1.5609  0.9670  0.6174 11.5764
  6.1588  3.8246  0.9829  0.6336 34.6489
  4.7925  0.9203  0.9896  1.1826  5.9850
  6.1972  2.3415  0.9711  1.4847 19.1178
  5.0517  3.3627  0.9887  1.9818 29.6873
  4.6403  2.6646  0.9811  2.0097 22.3920
  4.8816  1.4608  0.9916  2.1897 10.6593
  4.5200  1.3421  0.9920  1.5794  9.5893
  3.8251  1.9122  0.9702  0.7136 14.8952
  4.7791  3.2036  0.9952  2.5208 28.0015
  4.6739  2.3960  0.9788  0.9604 19.6643
  5.1882  2.1542  0.9980  0.7336 17.2554
  4.8357  1.9197  0.9770  1.5668 14.9674
  4.9429  4.3587  0.9693  2.2456 40.4933
  4.4427  2.5306  0.9980  0.3968 21.0254
  5.9216  4.3692  0.9888  1.2266 40.6098
  5.2015  2.3719  0.9799  2.3643 19.4229
  5.5080  3.8760  0.9700  1.5979 35.2065
  6.0255  4.3685  0.9686  0.7826 40.6017
  5.2430  1.7976  0.9857  1.1501 13.7972
  5.4205  2.8981  0.9721  2.7490 24.8020
  3.8910  2.9490  0.9895  2.0742 25.3312
  5.2916  0.5445  0.9834  1.4027  3.1319
  4.3298  3.1833  0.9814  0.8591 27.7878
  5.2923  4.1347  0.9721  1.7973 38.0299
  5.5871  2.8304  0.9927  1.5757 24.0992
  5.7651  2.1439  0.9929  1.4053 17.1540
  5.7628  2.3361  0.9740  0.9448 19.0638
  3.8146  3.4741  0.9793  0.9357 30.8757
  4.9269  3.6266  0.9870  2.1374 32.5105
  4.5060  2.7614  0.9976  1.6913 23.3863
  5.2098  2.6237  0.9686  2.8088 21.9736
  5.6246  3.8737  0.9971  1.6735 35.1818
  6.0856  1.8726  0.9880  0.3546 14.5138
  4.7724  0.4618  0.9958  2.4730  2.5665
  4.7508  1.3559  0.9850  1.0663  9.7123
  5.2918  0.7658  0.9884  1.4875  4.7628
  5.3806  2.6644  0.9979  2.0191 22.3899
  4.6261  1.8190  0.9757  1.8211 14.0015
  5.5305  2.9369  0.9941  2.0473 25.2048
  4.6866  3.6454  0.9980  0.8204 32.7138
  5.3788  0.9110  0.9849  0.6115  5.9101
  5.2250  3.6105  0.9669  1.1724 32.3382
  3.6805  4.0712  0.9760  1.4665 37.3348
  5.6209  0.8286  0.9667  2.4807  5.2521
  5.2689  4.2672  0.9881  0.7161 39.4845
  5.4787  4.3735  0.9715  1.1115 40.6565
  5.0431  1.8531  0.9958  0.3073 14.3269
  4.5912  3.7641  0.9758  2.4341 33.9935
  5.0210  4.1501  0.9879  0.2883 38.1981
  5.3290  1.4283  0.9874  1.1895 10.3635
  4.8990  2.9579  0.9881  1.3382 25.4241
  5.2497  4.1932  0.9798  2.5107 38.6712
  5.1718  1.9832  0.9964  2.1679 15.5819
  4.6566  2.1078  0.9958  1.5244 16.7986
  4.3526  2.1706  0.9931  1.8572 17.4170
  4.8892  1.9083  0.9904  1.4686 14.8575
  5.3761  2.5324  0.9713  1.1455 21.0437
  5.8699  2.7820  0.9887  1.0567 23.5996
  5.4778  2.2834  0.9876  0.9631 18.5373
  5.6033  3.8862  0.9980  0.4004 35.3180
  5.3141  1.6167  0.9825  2.7273 12.0944
  4.8422  2.3894  0.9783  1.1483 19.5986
  6.3685  2.6939  0.9800  0.6867 22.6920
  4.5392  1.5485  0.9928  2.2704 11.4625
  5.2413  4.0134  0.9980  1.8205 36.7030
  4.7163  2.3851  0.9757  1.0379 19.5549
  5.2352  2.4397  0.9868  0.5635 20.1048
  5.9705  3.8157  0.9921  2.0467 34.5525
  5.2879  3.1279  0.9813  2.3934 27.2040
  5.3473  3.3219  0.9940  1.5987 29.2542
  5.2293  2.9080  0.9866  0.4312 24.9044
  4.7242  1.8649  0.9889  0.2839 14.4407
  4.1786  2.6672  0.9800  1.6565 22.4184
  4.7076  2.4716  0.9824  1.6041 20.4269
  5.4187  3.2863  0.9888  0.9050 28.8764
  4.8969  1.7357  0.9863  1.7875 13.2107
  5.1941  3.4822  0.9707  2.7143 30.9625
  5.4957  3.8020  0.9763  1.3276 34.4043
  4.2917  2.1642  0.9934  1.8731 17.3540
  5.4010  2.5686  0.9918  1.5179 21.4115
  4.8210  4.0403  0.9777  0.6909 36.9961
  5.5976  2.0030  0.9674  1.9074 15.7743
  4.9836  0.8873  0.9759  1.8056  5.7187
  4.1555  1.4464  0.9716  1.5692 10.5283
  5.7395  4.0600  0.9678  2.8400 37.2118
  4.7694  0.8787  0.9893  1.2110  5.6496
  5.0715  2.9702  0.9888  0.4167 25.5524
  5.2959  2.4074  0.9773  1.1906 19.7795
  5.0951  4.1850  0.9721  1.3064 38.5812
  6.0899  1.5863  0.9980  1.2487 11.8119
  5.2164  2.8005  0.9819  1.8826 23.7904
  5.5706  4.2082  0.9670  0.3852 38.8364
  5.3587  1.6757  0.9970  1.6569 12.6449
  5.0192  2.5472  0.9831  0.3455 21.1939
  5.0580  1.3152  0.9695  0.9162  9.3496
  5.3725  4.3516  0.9823  1.6927 40.4157
  5.2396  1.0057  0.9900  1.4772  6.6858
  5.6510  1.6583  0.9971  1.2207 12.4824
  4.7602  3.2429  0.9677  2.0681 28.4169
  4.7493  4.4610  0.9690  1.1040 41.6243
  5.4846  2.2466  0.9725  0.3700 18.1701
  6.1375  3.6536  0.9734  1.4326 32.8010
  5.0135  3.0538  0.9883  2.5515 26.4258
  5.7681  2.5329  0.9728  2.5998 21.0485
  5.3472  4.4206  0.9802  1.4139 41.1780
  5.6126  3.2479  0.9812  1.7955 28.4704
  4.4545  1.0285  0.9955  2.1866  6.8758
  5.1814  2.5767  0.9678  1.8227 21.4939
  5.4145  2.4531  0.9980  2.7515 20.2401
  4.0591  1.2309  0.9704  0.8460  8.6065
  5.3035  1.3157  0.9976  1.5934  9.3542
  4.6707  2.0804  0.9826  0.9854 16.5302
  6.5575  1.8808  0.8433  1.7982 14.5932
  5.2730  1.8554  0.9707  0.5647 14.3494
  4.8701  4.0748  0.9815  2.2399 37.3739
  5.5367  1.9513  0.9679  2.1148 15.2723
  5.1145  3.3061  0.9842  2.2417 29.0863
  4.3533  2.5686  0.9745  0.8399 21.4114
  5.3339  2.2931  0.9775  1.4125 18.6335
  5.2255  0.5299  0.9980  0.3787  3.0303
  3.6193  2.2902  0.9708  1.7301 18.6044
  4.9143  0.8205  0.9726  1.3952  5.1882
  6.5375  2.6527  0.7732  1.3732 22.2699
  4.2830  3.7254  0.9980  0.8156 33.5753
  5.4700  3.7983  0.9921  1.4522 34.3644
  6.5889  2.0623  0.8186  2.8571 16.3526
  5.2419  3.8757  0.9751  0.9900 35.2033
  5.7695  1.9245  0.9702  1.4468 15.0139
  4.6352  3.2648  0.9706  1.0133 28.6488
  3.9095  2.0300  0.9780  0.5940 16.0369
  5.1773  0.7460  0.9980  1.5034  4.6104
  5.3937  1.9043  0.9918  1.7593 14.8187
  5.1782  2.1680  0.9812  1.4609 17.3920
  5.5691  0.7012  0.9721  0.6062  4.2709
  4.8481  2.2679  0.9722  0.8309 18.3827
  5.0588  2.6093  0.9894  1.9444 21.8263
  4.8073  3.5468  0.9786  1.2227 31.6543
  5.1322  2.6271  0.9951  2.0850 22.0078
  5.1501  1.2992  0.9748  0.5794  9.2077
  5.8939  3.5534  0.9867  1.0003 31.7251
  5.5996  3.8794  0.9980  1.6199 35.2436
  5.0571  3.7400  0.9684  1.7439 33.7337
  4.7762  3.9903  0.9776  2.6019 36.4505
  5.2678  0.9180  0.9850  1.5700  5.9668
  4.2214  2.8931  0.9703  0.1238 24.7495
  4.0774  1.6355  0.9972  0.3671 12.2693
  6.1076  2.8515  0.9677  0.3172 24.3182
  5.1763  2.1433  0.9980  0.4449 17.1484
  5.0987  1.9472  0.9785  2.4608 15.2335
  5.2877  0.6663  0.9953  2.8194  4.0102
  4.6051  3.8321  0.9914  1.1828 34.7300
  5.0764  3.2049  0.9721  1.1402 28.0160
  5.5317  1.7904  0.9954  1.5220 13.7284
  5.6654  4.2370  0.9712  0.2277 39.1528
  4.9929  2.8979  0.9891  2.0206 24.7994
  5.4301  2.9817  0.9915  1.0704 25.6720
  5.2853  2.4558  0.9737  0.4136 20.2673
  5.5488  3.4096  0.9793  0.1030 30.1872
  4.5684  3.0944  0.9832  1.0029 26.8518
  4.8854  3.1200  0.9782  1.4075 27.1213
  4.9742  3.1387  0.9837  1.8611 27.3174
  5.0567  4.2546  0.9781  1.7023 39.3463
  5.0097  1.4544  0.9788  1.9068 10.6009
  5.7346  3.4321  0.9800  1.9346 30.4274
  5.2114  3.3273  0.9794  1.4690 29.3120
  5.2712  0.6714  0.9786  1.9574  4.0482
  3.9046  2.4466  0.9820  1.5648 20.1747
  5.8102  4.1282  0.9877  1.9408 37.9585
  5.7948  4.2126  0.9738  0.4261 38.8843
  5.0793  3.3683  0.9968  0.8948 29.7479
  5.2874  3.8450  0.9945  0.8068 34.8702
  5.0413  3.3582  0.9867  1.4508 29.6404
  5.3969  4.1362  0.9858  2.7637 38.0462
  4.0239  3.3004  0.9786  0.8102 29.0266
  5.0386  2.3783  0.9704  1.1510 19.4864
  5.1810  2.1839  0.9861  1.0955 17.5493
  5.1447  0.9765  0.9808  0.3581  6.4442
  4.9935  4.3822  0.9907  1.9467 40.7531
  5.7769  2.6419  0.9924  0.8280 22.1599
  4.9846  1.3015  0.9703  2.8760  9.2285
  5.1356  1.4080  0.9697  0.3843 10.1804
  5.1026  2.3222  0.9909  1.5960 18.9247
  3.7686  2.9942  0.9898  0.6469 25.8025
  5.3174  0.9181  0.9864  2.4621  5.9676
  4.5778  2.8449  0.9901  1.6990 24.2495
  4.8764  1.2001  0.9844  1.9522  8.3382
  5.1641  1.9631  0.9762  0.5033 15.3870
  4.3678  2.4176  0.9825  2.7557 19.8822
  3.7846  3.2745  0.9925  2.7023 28.7518
  5.2026  4.3523  0.9978  2.7149 40.4224
  5.0586  2.6689  0.9699  0.2192 22.4357
  5.1543  2.8373  0.9710  1.4395 24.1714
  5.5866  1.8483  0.9980  0.9657 14.2816
  5.1133  2.1831  0.9931  1.1404 17.5411
  4.9643  1.1794  0.9892  1.7834  8.1593
  5.5126  2.6303  0.9944  1.9783 22.0412
  4.8542  2.6820  0.9865  1.8711 22.5703
  5.8875  1.6939  0.9718  0.9964 12.8167
  4.8502  1.9759  0.9701  1.1866 15.5115
  4.6906  2.2269  0.9721  1.8186 17.9751
  5.9143  2.1624  0.9697  0.7817 17.3366
  6.0725  2.0063  0.9956  2.0563 15.8061
  5.3702  1.4245  0.9891  0.2487 10.3297
  5.1034  3.6086  0.9915  1.3038 32.3177
  5.1858  0.6437  0.9853  1.5643  3.8432
  4.9023  2.4404  0.9843  1.2878 20.1122
  4.2884  2.0000  0.9843  1.8359 15.7452
  5.0591  2.8915  0.9954  2.7969 24.7330
  4.8371  0.7333  0.9962  1.7461  4.5135
  5.3257  1.5250  0.9888  0.3482 11.2458
  5.5575  3.3383  0.9905  1.8360 29.4282
  4.6307  2.3268  0.9717  2.1439 18.9701
  5.2979  4.1831  0.9980  1.9837 38.5607
  5.9224  3.5368  0.9930  1.8341 31.5470
  5.2637  1.0457  0.9872  2.1400  7.0201
  4.9795  1.1161  0.9851  1.6293  7.6153
  4.8689  3.9953  0.9965  0.3687 36.5049
  5.0841  1.6588  0.9834  0.8917 12.4872
  6.0475  2.7034  0.9784  2.4875 22.7901
  5.5275  1.6531  0.9912  0.4667 12.4342
  5.0368  1.4713  0.9675  2.6080 10.7542
  5.1679  2.7521  0.9895  0.2988 23.2912
  5.3600  2.5308  0.9845  1.3307 21.0271
  4.6181  2.8006  0.9951  1.4445 23.7909
  4.0441  2.5949  0.9880  1.9962 21.6795
  4.5654  1.4588  0.9980  1.4011 10.6405
  4.8500  2.4285  0.9889  0.8630 19.9919
  5.5901  4.4593  0.9787  2.4682 41.6061
  3.9856  2.7552  0.9708  1.4641 23.3224
  3.8545  1.3908  0.9871  1.3847 10.0250
  5.5349  3.0440  0.9713  2.0883 26.3232
  4.2161  2.1297  0.9779  1.9673 17.0139
  5.2973  1.9629  0.9861  1.1471 15.3852
  5.2357  2.8201  0.9843  1.4203 23.9929
  5.1130  0.9306  0.9960  1.1367  6.0684
  6.7214  4.2913  0.8168  1.8096 39.7503
  5.0736  2.3271  0.9758  1.5719 18.9736
  4.9852  2.9536  0.9934  1.5674 25.3795
  5.7056  1.5376  0.9701  1.8238 11.3618
  5.6014  2.5112  0.9740  0.6453 20.8282
  5.3054  0.9726  0.9900  1.5822  6.4121
  4.9545  2.4002  0.9962  1.7763 19.7070
  5.2647  1.6305  0.9832  1.4762 12.2224
  4.7447  3.1677  0.9869  2.1486 27.6233
  6.2065  2.5941  0.9879  1.9425 21.6715
  4.7846  1.0465  0.9730  1.9635  7.0269
  5.0295  1.0676  0.9870  0.9753  7.2044
  3.8909  3.8917  0.9690  2.6358 35.3775
  5.6998  4.2556  0.9855  1.7431 39.3573
  4.8856  1.5414  0.9776  1.3269 11.3967
  4.4100  4.1707  0.9814  1.1715 38.4249
  4.9174  4.3084  0.9800  0.6266 39.9393
  5.0869  3.7579  0.9761  0.9121 33.9276
  5.4803  1.7422  0.9767  1.4539 13.2714
  4.9402  4.0568  0.9764  0.0484 37.1764
  5.0443  2.2905  0.9971  2.6159 18.6080
  5.4526  0.8771  0.9888  0.9749  5.6372
  4.9333  3.7231  0.9980  0.7757 33.5514
  5.4502  2.1447  0.9865  1.5977 17.1617
  5.4971  4.3383  0.9680  0.9508 40.2686
  6.0641  2.7043  0.9944  0.5624 22.7988
  5.3772  2.6569  0.9954  1.4595 22.3129
  5.8982  3.3621  0.9808  0.2815 29.6812
  4.5772  1.0893  0.9956  1.2027  7.3878
  4.4073  0.7659  0.9891  0.5850  4.7631
  3.6167  4.3772  0.9719  1.0632 40.6982
  4.5035  1.2335  0.9760  0.9016  8.6294
  5.2428  4.1915  0.9859  2.5492 38.6527
  5.3634  3.0809  0.9980  1.1107 26.7099
  4.6530  1.4984  0.9830  0.4643 11.0017
  6.0328  2.7307  0.9697  0.7331 23.0703
  5.0942  0.9879  0.9708  1.2102  6.5388
  5.4191  0.5951  0.9929  0.3752  3.4904
  5.5824  0.7682  0.9937  1.4360  4.7808
  5.4070  1.9431  0.9882  1.6446 15.1932
  5.4370  2.5402  0.9919  1.2346 21.1225
  4.7917  2.8085  0.9667  0.6316 23.8731
  4.8456  1.1020  0.9716  0.8676  7.4955
  5.1913  0.9122  0.9943  1.1615  5.9197
  5.3365  2.5128  0.9868  1.1873 20.8441
  5.2628  2.9205  0.9816  0.9905 25.0342
  5.2167  0.7552  0.9768  1.5560  4.6808
  4.7765  2.5360  0.9679  1.7541 21.0799
  5.3440  0.4003  0.9864  1.0732  2.1634
  4.9127  0.5626  0.9882  1.4361  3.2593
  5.0145  3.5893  0.9722  1.1498 32.1098
  5.7877  1.8025  0.9935  0.7475 13.8444
  5.3385  3.4710  0.9843  2.3623 30.8421
  4.1649  1.0682  0.9807  1.4268  7.2093
  5.2690  1.5057  0.9699  1.7981 11.0692
  6.2744  4.1337  0.9839  0.3223 38.0183
  5.1253  2.8551  0.9755  0.9590 24.3558
  3.8596  1.9669  0.9701  1.3472 15.4238
  4.2616  4.3331  0.9850  1.5438 40.2106
  5.0086  3.1300  0.9766  1.0971 27.2264
  6.0977  1.6514  0.9716  0.6382 12.4182
  5.8728  2.8527  0.9920  2.1387 24.3305
  4.8702  3.2386  0.9823  0.4898 28.3721
  5.2311  1.7634  0.9872  0.3480 13.4726
  4.8208  3.1896  0.9674  2.3743 27.8543
  3.9465  2.3492  0.9896  1.0948 19.1945
  5.6065  2.9100  0.9689  1.3791 24.9249
  6.1210  3.4195  0.9790  3.0870 30.2929
  5.2670  2.7260  0.9980  2.2119 23.0225
  5.2208  2.9712  0.9921  0.1205 25.5629
  5.0112  1.4154  0.9683  0.8788 10.2473
  5.4606  0.8174  0.9975  0.8320  5.1642
  4.7024  3.2365  0.9885  1.7147 28.3499
  5.2461  3.3889  0.9976  0.8945 29.9662
  5.2888  3.1613  0.9691  2.1988 27.5553
  5.2097  1.9439  0.9793  2.3158 15.2010
  5.2698  1.5136  0.9906  2.7923 11.1416
  5.4894  3.4639  0.9744  1.4126 30.7666
  5.3071  2.9805  0.9906  0.7851 25.6598
  3.8901  2.6616  0.9915  1.8897 22.3612
  4.8483  2.9397  0.9980  1.4032 25.2347
  4.8114  1.9244  0.9789  1.4364 15.0124
  5.1373  1.3251  0.9747  0.9557  9.4378
  5.1006  4.2017  0.9962  1.9416 38.7643
  4.6667  4.2324  0.9751  1.0101 39.1023
  5.0651  3.6879  0.9959  1.9668 33.1712
  5.0605  2.5956  0.9980  1.1682 21.6865
  4.6542  3.6840  0.9827  0.4784 33.1295
  4.4272  3.3836  0.9674  2.0034 29.9100
  5.5824  1.9790  0.9908  1.8205 15.5410
  5.0663  3.4896  0.9821  1.1709 31.0412
  5.4862  4.1029  0.9826  2.5755 37.6810
  4.8093  2.4923  0.9920  1.1417 20.6366
  5.2857  4.0413  0.9784  1.6847 37.0075
  4.3532  2.0009  0.9687  2.2172 15.7543
  4.7137  3.6731  0.9747  1.0308 33.0115
  4.5180  3.4409  0.9758  2.1006 30.5212
  5.4521  1.6435  0.9767  1.7324 12.3443
  5.4038  2.2021  0.9683  2.1388 17.7286
  5.2420  3.9634  0.9818  2.1981 36.1578
  5.1922  3.9465  0.9947  1.2110 35.9731
  5.1280  1.3813  0.9785  1.6283  9.9398
  5.7059  3.0526  0.9771  2.0825 26.4134
  4.7982  4.4921  0.9780  0.8979 41.9691
  5.6253  2.5808  0.9691  2.0016 21.5360
  4.8555  1.9719  0.9891  1.2053 15.4723
  4.5129  2.2803  0.9973  2.8060 18.5056
  5.4060  0.5095  0.9969  1.2660  2.8891
  5.5595  3.6927  0.9703  1.0854 33.2229
  4.5303  3.3838  0.9839  2.5921 29.9128
  5.1318  2.8982  0.9769  1.4468 24.8030
  3.7634  1.7203  0.9783  0.8706 13.0650
  5.5426  2.8430  0.9682  1.3314 24.2295
  6.4831  3.1481  0.9767  1.7972 27.4167
  5.0626  1.7033  0.9898  1.3516 12.9042
  6.6981  2.4183  0.9015  1.8690 19.8888
  5.5312  1.5860  0.9744  0.5008 11.8089
  4.6780  2.9685  0.9714  1.4640 25.5344
  4.1436  3.5467  0.9961  1.5364 31.6530
  4.1215  2.7939  0.9684  1.3272 23.7223
  5.2984  1.9449  0.9690  0.2506 15.2111
  5.8077  0.4791  0.9799  1.5386  2.6824
  5.1273  1.1641  0.9758  1.0178  8.0268
  4.6115  4.1461  0.9886  0.3982 38.1543
  4.9608  3.6495  0.9974  1.2640 32.7571
