  5.1596  3.8081  0.3459  2.1530 34.4706
  4.1510  0.8126  0.8559  0.4703  5.1260
  5.7577  3.4365  0.5962  0.7132 30.4741
  5.0229  4.0019  0.3876  1.8366 36.5775
  5.9480  3.7603  0.4865  2.9346 33.9526
  5.2722  1.5556  0.2579  2.5624 11.5279
  5.7663  2.4968  0.2605  1.7828 20.6824
  5.3349  0.5209  0.2511  2.1459  2.9679
  6.1440  0.8642  0.0126  0.4500  5.5339
  5.7848  1.0718  0.8900  1.7174  7.2393
  5.0339  1.9132  0.5421  1.6471 14.9044
  5.2321  3.0526  0.1069  0.9556 26.4140
  5.4338  2.1402  0.1754  1.8330 17.1173
  5.6454  1.6447  0.8822  1.1537 12.3556
  4.6734  2.6985  0.3636  1.1129 22.7399
  5.9648  2.5003  0.0522  0.6495 20.7174
  3.5571  1.0556  0.1589  2.4551  7.1033
  3.8425  3.9017  0.0061  0.6192 35.4857
  5.1419  3.8929  0.8668  2.1998 35.3905
  4.7903  2.8788  0.1637  1.1668 24.6016
  5.4249  2.8586  0.7342  1.0501 24.3917
  5.8799  0.6814  0.2912  0.9121  4.1225
  3.6597  3.6721  0.2287  1.3481 33.0003
  6.0134  2.1235  0.3822  1.4375 16.9533
  4.6054  0.4982  0.6660  0.6880  2.8121
  4.8623  4.2984  0.9364  1.5079 39.8280
  5.8251  2.8081  0.8294  0.6464 23.8691
  5.3859  2.0110  0.2057  1.9832 15.8519
  5.5456  2.1526  0.7451  2.6534 17.2393
  5.5149  2.3225  0.8739  1.0427 18.9271
  4.5280  2.3346  0.2536  1.2735 19.0488
  5.0403  3.3530  0.5728  1.4676 29.5850
  5.6322  0.9081  0.8511  1.9688  5.8863
  4.6269  1.0047  0.9761  1.8690  6.6780
  5.0688  3.1588  0.5482  1.0251 27.5298
  4.6488  1.7671  0.6805  0.7622 13.5075
  5.1883  1.7647  0.4594  0.9356 13.4850
  5.1608  2.6507  0.0732  1.0004 22.2495
  4.3438  2.8832  0.7116  0.1854 24.6468
  5.3818  3.1873  0.6283  1.8683 27.8294
  6.0366  2.4910  0.4484  1.0839 20.6238
  4.8452  2.1657  0.8730  2.2603 17.3687
  5.1670  2.0900  0.0650  1.8363 16.6245
  5.4440  1.8988  0.3212  2.1333 14.7660
  5.0789  1.2010  0.2591  1.6110  8.3462
  5.5150  4.3750  0.2027  2.6560 40.6736
  4.9304  0.5750  0.9256  0.1426  3.3474
  5.3114  0.6482  0.5148  2.1242  3.8765
  5.5781  1.3813  0.3688  1.7589  9.9404
  5.5897  2.8234  0.4497  1.3298 24.0274
  5.4494  0.4978  0.9809  1.8399  2.8090
  4.8387  2.5695  0.6625  2.4665 21.4207
  4.6742  4.0873  0.6544  2.1689 37.5100
  5.6802  1.6760  0.1987  1.1644 12.6481
  5.5472  1.9189  0.7981  0.5898 14.9597
  4.3524  3.0805  0.7863  2.1075 26.7061
  4.5026  1.6872  0.8768  0.4304 12.7530
  4.8752  2.9089  0.8369  1.3232 24.9139
  3.8391  1.1484  0.8313  2.7378  7.8921
  4.3034  2.5832  0.1837  0.9624 21.5603
  5.0831  1.8666  0.3353  2.4347 14.4571
  3.6141  2.6617  0.5542  0.8794 22.3626
  4.8407  3.9593  0.9069  0.5422 36.1129
  6.1991  2.7835  0.5116  1.6871 23.6151
  4.9227  3.4966  0.0791  2.2069 31.1161
  3.7114  4.4477  0.4070  0.8442 41.4772
  5.8867  1.1004  0.5747  2.0213  7.4820
  4.5665  3.9236  0.8393  2.1850 35.7240
  4.7019  4.2255  0.2242  0.7362 39.0258
  6.0525  4.1201  0.3580  1.5876 37.8698
  4.0205  2.7654  0.1622  0.1916 23.4281
  4.8256  2.5360  0.1512  1.9847 21.0800
  6.0735  1.3479  0.9861  1.8935  9.6412
  5.9612  3.2314  0.5956  0.0206 28.2959
  4.4758  2.4793  0.3081  1.2466 20.5053
  5.6265  1.4036  0.9319  0.7180 10.1407
  5.5909  2.9965  0.9129  2.3651 25.8269
  4.3109  3.8022  0.7255  2.1937 34.4066
  4.2118  3.4543  0.0350  0.5303 30.6640
  5.3296  4.4194  0.8320  1.2256 41.1639
  3.7496  2.3638  0.5499  1.6060 19.3414
  5.3185  1.4696  0.0805  2.7164 10.7386
  5.6150  3.2337  0.4019  2.2784 28.3203
  5.2831  1.9387  0.8275  2.0315 15.1507
  6.6514  2.2951  0.8059  1.3780 18.6541
  5.3514  1.1578  0.2612  1.8014  7.9730
  5.2299  3.0358  0.0338  1.1757 26.2379
  4.4457  3.7590  0.8046  1.1263 33.9389
  4.9975  4.0565  0.7186  2.5655 37.1738
  5.2047  1.8910  0.5105  2.1445 14.6914
  5.3727  2.4648  0.7044  1.6367 20.3584
  6.0254  2.6983  0.9238  0.3728 22.7373
  5.5058  0.7844  0.3520  2.4145  4.9060
  5.0529  3.3781  0.7323  0.5700 29.8513
  5.9618  2.5161  0.5472  0.9307 20.8777
  5.5326  2.0450  0.5058  1.8716 16.1837
  5.8644  3.3683  0.9482  0.9309 29.7479
  4.9619  2.6693  0.0350  1.3748 22.4406
  4.9349  3.3269  0.2076  2.2643 29.3075
  5.3225  2.5891  0.5684  1.3175 21.6207
  5.4042  0.9359  0.1454  0.5520  6.1117
  4.4234  2.3521  0.8542  0.2621 19.2234
  5.4577  3.8849  0.5034  0.5356 35.3038
  4.6581  4.1865  0.7953  0.8714 38.5981
  4.5386  4.0121  0.3305  2.3944 36.6891
  4.8384  2.5367  0.9343  1.3929 21.0873
  4.4664  1.6031  0.3454  2.8062 11.9677
  5.2089  2.9229  0.7294  0.9755 25.0593
  5.2472  3.6544  0.5038  1.4846 32.8104
  6.7380  2.0042  0.6149  1.9578 15.7861
  5.2068  1.1927  0.9531  1.4092  8.2741
  4.1167  2.8265  0.6480  0.8807 24.0596
  5.2933  0.6834  0.6529  0.5400  4.1374
  4.6008  3.5805  0.8442  1.1537 32.0155
  5.5992  1.7846  0.7098  0.8972 13.6737
  5.0053  3.3825  0.5683  0.8637 29.8980
  5.1520  4.2378  0.5360  0.9652 39.1612
  5.1688  1.9163  0.0562  1.7542 14.9344
  4.6836  2.7719  0.3293  2.0191 23.4948
  4.9067  4.3418  0.1974  0.5193 40.3070
  4.9002  3.3788  0.5852  1.9175 29.8594
  5.1191  3.3120  0.0181  2.4287 29.1488
  5.0089  3.8752  0.9952  0.5945 35.1980
  4.8248  3.6329  0.0249  1.1362 32.5786
  5.2882  3.1539  0.1652  0.4806 27.4779
  5.3030  3.4523  0.7712  0.7615 30.6433
  5.1838  3.8356  0.9941  0.3323 34.7685
  4.7664  3.2390  0.9278  1.1295 28.3760
  6.0368  0.7200  0.6790  0.9124  4.4121
  5.2335  1.6921  0.9630  0.8147 12.7996
  5.7356  1.5397  0.8971  2.2123 11.3816
  5.4184  2.3863  0.0926  1.9771 19.5672
  5.8230  2.1384  0.7233  0.1347 17.0993
  5.2895  2.1692  0.4765  0.4068 17.4040
  4.5038  1.0506  0.9046  0.9562  7.0608
  5.4680  2.7071  0.6458  0.9410 22.8284
  5.6039  1.9328  0.5265  1.5650 15.0934
  4.5388  1.5273  0.5081  1.8984 11.2667
  4.7903  2.1936  0.5812  2.6770 17.6448
  5.1491  4.0446  0.8371  2.7659 37.0438
  4.6532  3.3161  0.9948  2.1061 29.1929
  5.1611  2.8983  0.9623  0.5553 24.8033
  3.7293  1.8232  0.6433  1.2654 14.0411
  5.4232  3.2860  0.2368  0.7545 28.8736
  5.0168  3.6414  0.0347  0.8652 32.6705
  4.6713  1.1048  0.0321  1.2431  7.5194
  5.2460  2.8835  0.5576  0.7046 24.6495
  5.4369  2.8152  0.6424  2.1601 23.9426
  4.7727  3.4022  0.1220  1.0780 30.1080
  5.0091  2.8893  0.6760  2.0211 24.7103
  5.4900  2.7913  0.1253  1.9277 23.6950
  5.9138  3.3463  0.2123  2.9588 29.5136
  5.1011  1.8710  0.7577  1.2802 14.4985
  5.2764  2.5786  0.6419  0.4044 21.5133
  5.8767  0.8561  0.1176  0.7527  5.4694
  4.1923  1.7572  0.8632  0.7396 13.4133
  4.9796  2.6812  0.0597  2.0947 22.5616
  4.8302  3.3531  0.4211  1.4510 29.5859
  4.9789  3.9775  0.5425  1.8614 36.3108
  4.9814  3.5978  0.9252  0.7888 32.2009
  4.7217  2.2990  0.8982  0.4317 18.6923
  5.1352  2.3560  0.4609  1.2700 19.2624
  5.6192  3.1856  0.4566  2.0192 27.8117
  6.0237  2.7294  0.0873  0.2189 23.0569
  5.1551  1.6448  0.3495  0.8026 12.3564
  4.4560  3.9367  0.6244  1.2692 35.8666
  4.4570  3.3918  0.9636  1.2529 29.9978
  4.0586  2.3358  0.6741  2.3466 19.0601
  5.7343  4.3412  0.9258  0.7017 40.3006
  5.2959  2.0716  0.6432  0.8185 16.4440
  5.0230  3.1381  0.0625  0.8450 27.3111
  4.2889  2.8727  0.7383  1.4751 24.5379
  5.4657  2.3251  0.3291  1.2978 18.9535
  5.5625  1.0880  0.8072  0.6600  7.3766
  5.3195  3.8439  0.3962  1.1736 34.8587
  5.3699  3.3478  0.2239  1.2621 29.5293
  5.9013  3.0963  0.8221  2.1957 26.8720
  5.1452  3.5622  0.7170  1.3343 31.8189
  5.1730  3.4964  0.6679  1.2419 31.1138
  6.5917  2.3380  0.1648  2.2914 19.0827
  4.9437  3.3109  0.4464  0.7047 29.1373
  5.1084  2.9081  0.6656  0.8675 24.9054
  6.1745  1.5659  0.4842  2.0982 11.6233
  5.1442  0.7624  0.5941  1.7026  4.7366
  4.9166  0.9417  0.5452  1.2324  6.1589
  4.9410  1.3280  0.3876  1.9382  9.4633
  5.0842  3.4263  0.9943  2.3741 30.3656
  6.2699  4.4595  0.9558  0.7751 41.6082
  4.7558  3.7239  0.8595  1.0476 33.5596
  6.2513  2.6918  0.6770  0.3110 22.6711
  5.5656  1.7157  0.6838  0.4524 13.0215
  5.2503  1.9327  0.8648  0.4685 15.0931
  5.3494  3.6062  0.4590  0.6311 32.2914
  3.8450  3.4320  0.4995  1.5573 30.4264
  4.8080  2.9429  0.5867  0.5941 25.2676
  4.0068  1.4369  0.9128  0.9790 10.4422
  5.0119  3.9019  0.9481  1.0375 35.4880
  5.0296  2.4889  0.1575  0.6349 20.6018
  3.9721  3.3507  0.1548  1.1853 29.5606
  6.0604  2.3786  0.5181  0.4391 19.4900
  5.1706  3.3500  0.7527  0.7966 29.5523
  5.1042  1.7913  0.8764  0.4020 13.7370
  3.6940  2.5642  0.9471  1.8586 21.3662
  4.3705  2.1396  0.4265  2.0396 17.1119
  5.1967  2.1895  0.8388  2.0653 17.6046
  5.5791  1.1665  0.2138  1.1145  8.0478
  3.7712  4.1649  0.9688  0.6435 38.3602
  5.7779  3.2273  0.9941  1.0196 28.2522
  5.2956  3.5520  0.6056  2.2350 31.7099
  5.5419  2.8784  0.1931  2.6454 24.5974
  5.1916  2.9772  0.2962  1.0620 25.6257
  4.7546  3.3943  0.7882  0.2553 30.0244
  5.3270  1.3095  0.1336  2.0750  9.2987
  4.1077  2.4261  0.8353  0.4944 19.9680
  3.7871  3.3576  0.2891  1.9153 29.6334
  5.0932  3.8112  0.4652  0.4363 34.5037
  5.9802  4.1315  0.2093  2.7123 37.9950
  3.9656  1.2901  0.7013  0.8221  9.1276
  5.0246  2.7399  0.6343  0.6075 23.1649
  5.7133  1.9482  0.9844  1.8383 15.2425
  4.7706  0.6578  0.4096  1.7382  3.9474
  4.9399  3.7392  0.3511  0.9576 33.7246
  4.6419  3.9768  0.5540  0.9137 36.3032
  5.3123  2.2580  0.0721  1.4425 18.2839
  3.6864  0.9632  0.3130  0.5191  6.3349
  6.0865  0.6012  0.9584  1.0892  3.5348
  4.3646  2.8650  0.0552  1.3574 24.4578
  5.4155  0.7238  0.5220  1.4997  4.4411
  6.9466  2.8851  0.2440  2.6747 24.6660
  5.5239  2.4653  0.1149  0.5533 20.3636
  5.3250  1.4159  0.1740  2.0099 10.2519
  5.2771  1.7426  0.5719  1.8453 13.2752
  5.3873  1.3763  0.5352  0.6799  9.8952
  4.7009  4.2046  0.3049  1.7037 38.7967
  4.7252  4.1002  0.4994  1.8806 37.6512
  4.1176  2.2582  0.9293  1.0107 18.2854
  4.4574  1.1944  0.5008  0.8228  8.2888
  4.8892  2.3875  0.2130  0.8267 19.5794
  5.2987  0.8245  0.1013  2.0980  5.2201
  5.0023  1.1236  0.8943  1.9212  7.6796
  5.5702  2.7788  0.1058  0.5980 23.5660
  4.9383  1.7271  0.0639  1.2787 13.1294
  6.1834  3.5444  0.9717  1.5939 31.6285
  5.8998  3.9723  0.7948  0.9636 36.2545
  5.1034  3.0752  0.8023  0.8495 26.6508
  4.9839  1.6264  0.1520  0.6599 12.1842
  4.8258  1.3917  0.0383  2.7187 10.0335
  5.9656  2.5478  0.3705  2.0547 21.1997
  4.3594  1.3230  0.1233  0.2582  9.4185
  3.9191  1.4290  0.5752  0.3569 10.3700
  5.1667  4.3788  0.5931  1.3450 40.7157
  5.6679  3.8640  0.2550  0.7891 35.0764
  5.1703  0.9779  0.0794  1.8603  6.4559
  3.6054  3.7867  0.3294  0.7687 34.2391
  5.1342  3.7387  0.8500  1.7423 33.7198
  5.8015  2.1927  0.7831  1.4757 17.6358
  4.5020  3.5287  0.9279  1.8537 31.4594
  5.0058  1.9957  0.8666  0.2835 15.7032
  4.1303  1.3987  0.0940  1.2362 10.0966
  5.1753  2.1842  0.4395  1.3682 17.5523
  5.0774  3.3096  0.1271  1.6436 29.1235
  5.5516  4.0620  0.5555  1.3730 37.2332
  5.1895  1.4043  0.6438  2.1763 10.1473
  5.0406  1.2237  0.5830  0.8742  8.5440
  3.7305  4.0268  0.7084  0.6832 36.8489
  5.0496  3.1599  0.0204  1.1544 27.5412
  5.0670  1.2196  0.4962  2.2831  8.5079
  4.7741  1.4809  0.6239  2.5071 10.8420
  5.4177  2.6707  0.1517  1.6446 22.4548
  4.9695  1.5191  0.1157  1.2034 11.1918
  5.3096  1.2210  0.0921  2.3575  8.5200
  6.0150  0.6690  0.5705  1.7998  4.0302
  4.2175  2.8340  0.4790  1.8462 24.1371
  3.8873  4.2787  0.0620  2.4799 39.6120
  5.1470  1.1310  0.8721  1.8928  7.7427
  4.6571  1.3333  0.4387  1.9115  9.5107
  5.1445  2.6902  0.0864  0.9163 22.6540
  5.4815  2.5022  0.2620  1.5757 20.7367
  4.8302  3.6992  0.6144  1.5509 33.2931
  4.5034  0.3905  0.5716  1.7675  2.1007
  5.1242  3.8022  0.3102  0.5659 34.4069
  5.8573  1.7978  0.2923  1.4536 13.7996
  5.3968  4.3147  0.7792  1.5425 40.0081
  4.7739  2.9266  0.3008  1.2643 25.0980
  5.2463  1.9565  0.5011  1.4292 15.3226
  4.9853  3.7461  0.1248  0.4599 33.7993
  5.4429  3.1027  0.0165  1.5115 26.9397
  6.0761  2.1551  0.5611  2.3717 17.2644
  5.4726  3.0251  0.9350  2.5360 26.1253
  4.2807  2.5336  0.6843  2.5793 21.0559
  4.9158  0.8094  0.0597  1.3249  5.1015
  5.3918  0.8674  0.6530  2.1121  5.5598
  5.4160  1.5860  0.3984  1.8964 11.8086
  5.2099  4.3197  0.4783  1.0555 40.0636
  6.2137  1.7687  0.1121  1.7617 13.5223
  4.7449  1.0464  0.9378  0.8842  7.0257
  3.8074  1.4638  0.8040  0.7944 10.6862
  5.0856  3.7055  0.5616  2.4430 33.3608
  5.4886  4.2156  0.6496  2.3625 38.9178
  5.1055  2.4445  0.3148  1.4036 20.1536
  5.3926  2.0432  0.5894  1.9675 16.1658
  5.6925  1.4569  0.4710  1.6309 10.6239
  4.7903  3.4563  0.6266  0.7437 30.6855
  5.3072  2.0016  0.8329  1.4472 15.7610
  5.2902  3.5042  0.0890  0.5559 31.1981
  5.4545  2.0329  0.2801  1.2125 16.0655
  5.4848  2.5967  0.5300  1.2447 21.6983
  6.5215  2.4656  0.6426  1.8250 20.3668
  4.5294  3.2424  0.3863  1.9583 28.4115
  5.5917  1.0984  0.7259  1.9083  7.4649
  3.6135  1.9855  0.1915  2.6542 15.6041
  4.7628  1.7958  0.7997  0.5482 13.7797
  5.3525  3.4945  0.9412  1.8305 31.0943
  5.2826  1.5929  0.8194  0.6681 11.8731
  5.4849  1.9729  0.0243  1.1124 15.4823
  3.8012  3.9929  0.5750  0.9669 36.4795
  5.6601  2.4782  0.9502  0.6896 20.4934
  5.3779  1.3715  0.3912  0.3376  9.8519
  4.9652  2.8928  0.2008  0.4908 24.7463
  5.3346  3.2960  0.9346  1.4634 28.9799
  5.6829  3.7453  0.7247  1.6251 33.7912
  5.1251  1.9485  0.7768  2.0791 15.2453
  5.7775  4.0312  0.3626  1.6098 36.8976
  4.9031  3.0965  0.4593  0.4877 26.8740
  5.1768  2.9142  0.3159  0.1785 24.9692
  5.3848  1.8594  0.8000  1.3736 14.3879
  5.1869  4.4269  0.4044  1.7535 41.2476
  5.7408  1.9570  0.8645  0.5278 15.3278
  5.3605  3.7898  0.9470  2.1432 34.2722
  4.8360  3.5721  0.0912  0.9363 31.9249
  4.9889  1.8798  0.4519  1.0573 14.5830
  5.2486  1.0439  0.8735  0.5644  7.0050
  4.7498  3.9559  0.1840  0.8948 36.0764
  6.1593  1.1053  0.6046  1.6376  7.5229
  6.3931  2.5411  0.6982  0.9288 21.1317
  4.9698  0.7446  0.9070  0.8843  4.5997
  5.0904  1.3197  0.2472  0.3172  9.3900
  4.9334  2.2536  0.1676  0.7633 18.2401
  3.7037  1.0423  0.6978  0.1520  6.9910
  5.8382  3.5953  0.6413  0.7167 32.1747
  4.5818  0.6351  0.1756  1.1495  3.7803
  5.0251  2.8861  0.7067  2.2419 24.6767
  5.2673  3.9325  0.3107  0.3801 35.8211
  5.0412  3.1275  0.4026  2.6638 27.2004
  4.9603  3.0128  0.9490  0.6550 25.9972
  3.6320  0.3147  0.3557  0.2738  1.6301
  5.1275  1.2295  0.7311  2.4933  8.5949
  5.3276  1.9124  0.1967  1.9810 14.8973
  4.2267  3.2378  0.9046  0.7585 28.3630
  5.2123  1.4992  0.4134  1.3060 11.0095
  5.2059  1.6940  0.8952  0.0574 12.8175
  5.2070  0.7610  0.1303  2.5479  4.7257
  5.0709  2.4528  0.5955  2.7285 20.2367
  4.9994  3.6238  0.4663  2.0958 32.4812
  5.8486  0.4728  0.3503  0.7961  2.6398
  5.1942  4.0123  0.2522  0.5526 36.6908
  4.9085  2.5978  0.5947  0.4253 21.7087
  5.1717  3.8550  0.8112  1.8789 34.9794
  5.1897  1.7087  0.5493  2.3025 12.9557
  5.9704  3.1512  0.3945  2.1909 27.4492
  4.7097  2.3840  0.3516  0.6820 19.5435
  4.1960  1.2042  0.6875  1.9418  8.3742
  5.1460  1.9278  0.8568  1.1956 15.0453
  4.6105  1.8867  0.8931  1.3089 14.6495
  5.8411  1.2512  0.2497  2.3081  8.7844
  4.5288  3.5594  0.4599  2.7490 31.7893
  6.5241  3.4841  0.4422  1.3571 30.9830
  4.2100  2.0610  0.2531  1.9455 16.3400
  5.4973  2.3499  0.8148  2.1644 19.2022
  5.4673  2.0557  0.0806  1.4665 16.2879
  5.0703  2.9029  0.2692  1.7708 24.8516
  5.6523  4.3078  0.4631  1.9566 39.9318
  4.6139  2.9566  0.9864  1.1310 25.4100
  4.0278  2.0268  0.8124  0.6657 16.0062
  5.2052  2.9962  0.5636  1.7873 25.8235
  5.3222  2.6245  0.2415  2.1226 21.9817
  4.2637  4.0264  0.9959  1.1040 36.8443
  6.6789  1.9860  0.6560  2.5146 15.6094
  5.0725  4.1845  0.2637  1.1514 38.5755
  5.1370  2.8588  0.4751  1.1119 24.3933
  5.2288  4.2711  0.7737  1.6004 39.5283
  5.0728  1.7520  0.0241  1.1694 13.3644
  4.9504  0.6522  0.5813  0.8300  3.9055
  5.0749  0.5830  0.3333  2.3001  3.4040
  5.2573  2.4020  0.9502  2.2325 19.7247
  4.9061  2.1486  0.2354  2.3200 17.2003
  4.4807  1.8237  0.9088  2.3327 14.0465
  4.5887  2.2237  0.1698  0.4389 17.9428
  5.1195  2.6853  0.4675  1.4259 22.6045
  5.1869  2.6177  0.8485  2.6464 21.9125
  5.0694  3.8328  0.7812  1.8730 34.7377
  6.8462  1.1948  0.3246  2.0050  8.2923
  5.2114  2.7821  0.6284  2.4344 23.6004
  5.4174  3.2666  0.9530  1.6302 28.6676
  4.1267  3.1044  0.4340  1.8766 26.9576
  5.1426  2.1747  0.4203  0.0708 17.4576
  4.3047  3.2396  0.0902  1.2883 28.3824
  5.3541  2.4700  0.7351  1.7334 20.4111
  4.6167  1.0200  0.1203  1.8964  6.8048
  5.3523  0.9178  0.5399  1.4353  5.9653
  4.3936  2.8775  0.4192  0.8110 24.5873
  6.0000  2.3256  0.8858  0.9958 18.9579
  6.1590  3.0791  0.7022  2.3654 26.6912
  3.7797  2.5256  0.1049  1.4028 20.9740
  5.0892  2.3354  0.5225  1.5298 19.0566
  5.0078  3.3695  0.5261  0.9941 29.7599
  5.0933  1.5722  0.7037  2.2331 11.6808
  4.0585  3.6554  0.3041  0.5023 32.8208
  4.3308  4.3679  0.9891  2.2488 40.5953
  5.3123  4.0929  0.7270  0.3353 37.5717
  5.2590  2.8843  0.7665  1.8924 24.6584
  5.2007  3.6621  0.9967  1.4608 32.8935
  6.0403  2.4570  0.8980  0.9475 20.2794
  5.5555  2.5645  0.6273  0.7648 21.3697
  6.5326  2.8742  0.7478  0.7557 24.5532
  5.6034  4.2856  0.1071  2.2764 39.6880
  5.4403  3.7870  0.9537  1.7341 34.2415
  5.2973  1.6002  0.4882  1.9998 11.9406
  4.1797  2.9048  0.5812  1.0943 24.8709
  5.4612  2.5586  0.2178  0.7470 21.3091
  5.2006  1.4460  0.6427  2.8233 10.5246
  4.9911  2.2664  0.1087  0.0471 18.3675
  5.3983  2.3700  0.6909  0.7523 19.4034
  6.2390  4.0013  0.3503  2.1208 36.5707
  5.0572  2.4804  0.3941  2.1210 20.5157
  5.3850  1.8452  0.0905  2.2303 14.2517
  5.2420  1.5148  0.7189  0.7926 11.1520
  5.3558  3.1725  0.5012  1.0436 27.6738
  5.2579  3.8057  0.7656  2.1120 34.4449
  4.1175  2.0399  0.0941  2.6392 16.1335
  5.2032  2.7989  0.9854  1.6542 23.7733
  5.1399  3.4980  0.8189  1.4038 31.1311
  4.4203  0.7139  0.6301  0.8700  4.3661
  5.4351  2.4444  0.6290  1.2061 20.1526
  5.5982  3.8730  0.5484  1.3572 35.1746
  5.0399  1.4300  0.4092  1.5832 10.3795
  4.2537  3.3272  0.9358  1.8274 29.3106
  5.1480  0.4972  0.0920  0.9211  2.8053
  6.1410  2.9962  0.8870  2.4471 25.8239
  4.5302  4.1327  0.4602  0.2776 38.0081
  5.3456  3.3223  0.7114  2.7597 29.2583
  5.1148  1.7876  0.8833  2.7993 13.7024
  5.1895  3.9092  0.7079  0.8284 35.5682
  4.8437  2.9230  0.1755  2.0504 25.0601
  5.2683  2.4920  0.4836  0.6803 20.6338
  5.1110  3.6744  0.3416  2.3322 33.0261
  6.0925  3.5816  0.1023  1.5311 32.0278
  4.5370  1.5123  0.2642  1.8786 11.1292
  5.7079  3.9267  0.3125  1.5907 35.7583
  4.6414  2.3994  0.2303  2.4451 19.6989
  5.2058  4.3089  0.4834  2.4883 39.9441
  4.3041  4.2350  0.7244  2.7068 39.1305
  4.2661  2.0391  0.0506  0.5999 16.1263
  5.5374  1.7744  0.1977  2.7883 13.5772
  5.2806  1.0714  0.5247  1.0564  7.2360
  3.5851  1.3405  0.7379  2.0987  9.5744
  3.8348  2.7407  0.6940  2.3006 23.1735
  5.2135  3.1174  0.2587  1.0268 27.0938
  4.6179  1.0845  0.0614  1.3408  7.3468
  5.5614  4.0995  0.6706  2.0510 37.6439
  5.2596  2.1425  0.8540  1.9894 17.1405
  5.3919  1.6955  0.9547  0.0891 12.8313
  4.5514  2.4666  0.3868  1.2585 20.3761
  5.7046  2.2326  0.0924  1.1523 18.0316
  5.1320  1.7806  0.1165  1.8039 13.6356
  5.7859  0.9510  0.5298  2.4588  6.2348
  6.0088  2.1405  0.6559  1.2245 17.1203
  5.1072  1.6834  0.3325  1.1797 12.7176
  4.5708  1.2211  0.1618  1.8015  8.5209
  4.3131  3.4420  0.7582  0.5859 30.5326
  6.1057  2.8980  0.6029  1.0506 24.8008
  5.0543  2.2093  0.9098  0.5026 17.8007
  5.4014  1.6178  0.9952  1.7666 12.1046
  6.0453  2.6280  0.9550  1.6352 22.0174
  4.3957  1.5316  0.0372  1.1653 11.3070
  6.2394  1.8072  0.7562  0.7294 13.8888
  5.3303  1.9792  0.6169  1.2943 15.5431
  5.0674  0.9198  0.1079  1.8934  5.9810
  5.2583  3.9898  0.4280  1.4553 36.4458
  5.0585  4.0120  0.6035  0.4096 36.6872
  5.2517  2.8030  0.0933  0.5700 23.8165
  5.4284  1.8463  0.9980  1.1624 14.2620
  5.2110  2.0695  0.8908  1.2211 16.4228
  6.3238  1.6740  0.7764  1.2441 12.6290
  5.0363  2.2862  0.9980  0.6362 18.5651
  5.6151  3.0643  0.5465  2.5547 26.5364
  5.3665  2.2678  0.6742  1.8233 18.3816
  5.0417  2.8414  0.7470  1.3433 24.2132
  5.6855  2.8764  0.2121  0.5005 24.5764
  5.0789  4.1808  0.8219  1.1053 38.5357
  5.7354  3.0044  0.4528  1.0929 25.9092
  4.8076  1.7465  0.5843  0.8575 13.3125
  5.7522  3.8205  0.9743  1.3236 34.6045
  3.7277  2.1010  0.5898  0.8855 16.7316
  4.3628  3.2185  0.0744  1.7351 28.1591
  4.8617  3.2167  0.6923  0.7210 28.1406
  4.8909  3.6064  0.5738  2.7012 32.2943
  4.8033  4.3739  0.7791  2.2908 40.6618
  5.7694  4.4877  0.4023  0.6145 41.9209
  5.3900  1.7900  0.8593  0.8390 13.7254
  4.8165  1.9052  0.2532  2.5881 14.8278
  5.1565  1.3259  0.6690  1.6442  9.4449
  5.3527  1.7542  0.4052  1.7227 13.3855
  4.6416  1.5280  0.6136  0.7868 11.2731
  6.0569  3.3356  0.3698  1.8770 29.3994
  4.0377  2.8450  0.3308  2.1958 24.2504
  5.2822  3.0484  0.7786  1.0545 26.3691
  4.3135  3.7535  0.9556  2.3578 33.8795
  4.6004  2.8692  0.3771  1.2595 24.5012
  6.3573  1.6662  0.1344  1.8364 12.5563
  6.3036  3.7290  0.3662  1.9326 33.6146
  4.4491  1.7432  0.1037  1.4692 13.2812
  4.7574  3.7854  0.7705  1.5379 34.2250
  5.2682  3.2335  0.0786  0.9504 28.3178
  5.7838  3.9707  0.2623  1.1517 36.2366
  5.3497  2.3309  0.6111  1.7740 19.0115
  4.8934  1.5670  0.8085  0.5442 11.6330
  5.0538  2.0442  0.9916  0.6305 16.1759
  4.2871  3.3536  0.5705  2.4051 29.5914
  4.2202  2.9051  0.5691  0.9032 24.8744
  4.6689  3.6150  0.5691  0.7545 32.3863
  5.4713  1.0094  0.9778  1.3465  6.7164
  5.5331  2.4424  0.3435  1.3741 20.1324
  5.4151  0.8688  0.9980  2.6986  5.5707
  5.0848  2.2486  0.0125  1.4368 18.1907
  5.2804  1.2620  0.7938  2.4646  8.8796
  4.9911  2.4815  0.6240  1.5328 20.5271
  3.7036  4.3104  0.3353  0.8830 39.9613
  4.1120  4.0635  0.4179  1.8460 37.2499
  5.1923  0.3372  0.3620  0.5104  1.7669
  4.6415  2.1635  0.3336  2.8492 17.3468
  4.4646  3.4060  0.3521  3.1202 30.1484
  5.9601  2.2132  0.4106  0.6178 17.8387
  3.5267  3.5449  0.1623  0.5811 31.6334
  3.7748  3.6945  0.5540  2.5443 33.2420
  4.9021  1.5728  0.6430  2.4495 11.6863
  5.2542  2.4749  0.5042  2.2890 20.4605
  4.6233  3.6631  0.1487  1.0495 32.9038
  5.3912  2.5710  0.2599  1.5881 21.4359
  5.2878  3.6955  0.4702  2.4696 33.2534
  5.4535  1.7262  0.7990  0.8881 13.1202
  5.8735  1.8730  0.1613  0.6648 14.5183
  5.1036  3.9593  0.7243  0.6916 36.1129
  4.6958  4.3059  0.0345  0.5663 39.9112
  5.4365  1.5689  0.8474  0.1363 11.6509
  5.8807  3.0469  0.5069  1.6664 26.3544
  5.1425  3.8155  0.9177  0.3523 34.5502
  4.7956  0.8807  0.9823  2.6196  5.6661
  4.3797  3.6036  0.7691  1.5830 32.2635
  6.6224  1.6745  0.7551  1.1357 12.6345
  5.7964  1.4591  0.8323  0.7978 10.6431
  4.6488  0.8434  0.2095  1.5312  5.3691
  5.8634  3.6897  0.0502  2.0016 33.1901
  6.0664  3.1624  0.2388  0.9210 27.5677
  6.2207  3.9124  0.3616  1.3974 35.6030
  5.0975  4.2577  0.2429  1.7328 39.3807
  5.9167  1.9131  0.3859  1.8616 14.9034
  5.3908  2.3764  0.6089  1.9589 19.4677
  4.1963  2.8181  0.9347  0.4557 23.9726
  6.4824  2.4125  0.1130  1.5201 19.8307
  6.1986  1.6907  0.6477  2.4768 12.7858
  5.0013  2.9343  0.6245  1.4644 25.1778
  4.9341  2.5917  0.2022  2.5016 21.6471
  5.3296  3.5740  0.0821  2.2220 31.9462
  5.2329  3.4574  0.8069  0.5384 30.6971
  5.0407  2.0336  0.8923  1.2010 16.0720
  4.6709  2.7250  0.4427  2.0345 23.0117
  5.8071  3.5644  0.5414  2.0319 31.8425
  4.7896  4.2812  0.8798  2.6016 39.6393
  4.9736  2.1798  0.6933  2.5825 17.5087
  5.2839  1.4812  0.9497  1.6598 10.8444
  5.1724  2.1395  0.6945  0.5863 17.1106
  5.4354  2.9967  0.4401  1.6668 25.8284
  5.4733  3.7284  0.8741  0.6221 33.6083
  4.7263  3.5860  0.0280  1.6100 32.0747
  5.1474  2.7186  0.2314  1.1556 22.9466
  5.0021  2.7696  0.7658  2.2116 23.4710
  4.9683  1.5969  0.4296  2.4694 11.9104
  4.7427  2.3956  0.0549  1.9276 19.6604
  5.3754  3.5842  0.9036  0.6447 32.0548
  5.1207  0.8797  0.4645  1.4299  5.6580
  5.0186  2.4826  0.2971  1.9404 20.5384
  5.5189  4.3864  0.8043  2.4724 40.7995
  4.5582  4.4738  0.0643  2.1135 41.7669
  5.2038  3.2992  0.9571  0.5313 29.0130
  5.3784  1.2794  0.8147  2.1225  9.0325
  5.2167  3.8825  0.5130  1.1672 35.2774
  4.8739  1.9082  0.0931  0.5602 14.8561
  5.1197  1.7211  0.2802  1.5173 13.0723
  5.4392  1.8634  0.4509  1.4718 14.4262
  4.4003  2.5432  0.8455  0.9816 21.1534
  6.1413  1.4119  0.9530  2.6901 10.2158
  4.0618  1.9087  0.5191  1.7922 14.8609
  5.0829  2.8654  0.1935  1.1004 24.4624
  5.0413  2.0521  0.0307  0.4587 16.2532
  4.4217  0.8243  0.6385  1.7268  5.2178
  4.3347  3.7572  0.9115  2.2433 33.9194
  4.3869  3.8813  0.9486  1.1642 35.2645
  5.6724  2.7691  0.3519  1.7158 23.4660
  4.4117  3.8726  0.1631  1.4678 35.1703
  5.1695  0.6430  0.0229  1.7430  3.8384
  4.9779  2.3700  0.5977  0.8061 19.4033
  4.2879  3.2598  0.3739  2.1910 28.5957
  5.3942  3.1266  0.6869  1.5660 27.1901
  5.2976  1.2104  0.7400  2.4211  8.4281
  4.8973  1.1229  0.3672  0.7660  7.6732
  5.2179  2.7352  0.5805  2.3565 23.1172
  5.4503  1.0094  0.9112  2.2299  6.7165
  4.9582  0.6500  0.3751  1.1983  3.8893
  4.8085  3.5504  0.3235  2.3145 31.6924
  4.1205  1.8602  0.1413  1.0390 14.3955
  5.4464  4.0397  0.1503  2.8589 36.9898
  4.1555  2.2837  0.1557  2.1908 18.5396
  5.6739  3.8615  0.3367  2.1518 35.0495
  5.0964  0.4102  0.7202  1.4597  2.2274
  5.2592  3.2484  0.1154  1.2836 28.4751
  5.5922  2.1158  0.5223  0.0285 16.8777
  5.3702  0.5232  0.4929  0.0981  2.9841
  5.1961  2.0237  0.1121  2.2135 15.9758
  4.8874  3.4335  0.2516  1.1771 30.4419
  3.8605  2.4780  0.7300  0.1980 20.4922
  5.5185  1.7467  0.6206  1.4629 13.3145
  3.7043  2.2422  0.6980  0.8238 18.1265
  5.1735  2.2032  0.8167  0.5896 17.7399
  5.3630  1.9839  0.1149  1.2615 15.5890
  4.2330  3.9228  0.7169  1.9339 35.7160
  4.9385  1.4085  0.5211  0.8212 10.1850
  4.6044  4.3494  0.9665  0.7000 40.3904
  5.0268  2.6530  0.4208  2.0767 22.2728
  5.2770  0.7565  0.4674  0.1106  4.6910
  5.8758  0.3703  0.7997  2.3627  1.9729
  4.6853  4.4545  0.0336  0.7965 41.5523
  5.0669  3.8627  0.4577  0.3159 35.0626
  5.6602  2.4214  0.6129  0.0583 19.9206
  4.0269  1.9319  0.6488  2.1124 15.0846
  5.1758  3.0623  0.3175  1.4380 26.5149
  4.3055  4.1817  0.4722  2.9079 38.5449
  4.7443  2.8308  0.6062  2.5471 24.1035
  4.7381  3.3404  0.5880  1.2281 29.4504
  5.0110  2.1296  0.1062  2.2580 17.0129
  5.4089  1.6724  0.4644  1.2860 12.6145
  6.2242  2.3485  0.6735  0.7763 19.1872
  5.0358  3.0894  0.2729  1.9340 26.7997
  4.9502  3.3944  0.8815  1.7875 30.0255
  5.4795  3.3339  0.2451  0.8344 29.3815
  6.6119  1.4461  0.0137  1.7532 10.5257
  5.3359  3.4976  0.2984  1.3065 31.1270
  5.0192  3.1431  0.6238  0.2345 27.3636
  5.2500  1.1487  0.2067  2.0221  7.8942
  4.6633  1.4626  0.5163  1.7424 10.6755
  4.9822  3.9177  0.6127  0.2169 35.6606
  4.8873  2.5346  0.3396  1.4740 21.0661
  4.7490  2.4143  0.1429  2.4192 19.8485
  5.3327  1.1848  0.2021  2.0840  8.2058
  5.8349  3.8915  0.7080  0.9838 35.3757
  5.5193  1.6711  0.9764  1.2540 12.6021
  5.3918  1.0159  0.2394  2.5508  6.7705
  4.6909  4.3416  0.8778  1.5711 40.3047
  5.2546  1.2941  0.3379  1.6366  9.1627
  4.4978  2.0857  0.8086  1.3141 16.5823
  5.4862  0.8127  0.4492  2.5394  5.1270
  5.0421  3.0661  0.0281  1.1970 26.5548
  5.1127  1.8462  0.3654  0.2808 14.2607
  4.8977  2.0816  0.1030  1.2160 16.5418
  5.7410  2.6161  0.0428  1.6767 21.8958
  6.7863  1.9887  0.2112  0.6920 15.6355
  4.8428  2.7244  0.9347  1.0214 23.0056
  4.8143  3.7182  0.9284  2.6336 33.4980
  5.4682  1.3182  0.4631  0.7647  9.3764
  4.5239  2.1180  0.3370  1.6635 16.8992
  5.4431  3.1166  0.7432  0.7263 27.0849
  5.2596  1.5765  0.0521  0.8235 11.7210
  5.5867  3.3701  0.4681  1.4699 29.7668
  5.5622  3.5744  0.8154  2.0215 31.9505
  5.1120  3.9080  0.2737  1.4476 35.5543
  6.0148  1.6298  0.3206  0.7927 12.2164
  4.3840  2.6260  0.8423  2.4433 21.9973
  5.4083  1.4600  0.1602  2.2388 10.6519
  5.7976  1.0183  0.8665  1.9586  6.7910
  4.9737  4.0349  0.8115  1.3999 36.9377
  4.1116  2.6831  0.0382  2.4761 22.5814
  4.7039  2.0741  0.9299  1.2112 16.4683
  5.6593  1.6785  0.2772  1.9922 12.6719
  4.9579  4.3325  0.6428  1.4637 40.2041
  4.7104  2.6534  0.1894  1.8344 22.2772
  4.8764  4.4766  0.5861  1.0423 41.7970
  4.7307  0.9296  0.0562  1.3728  6.0608
  4.3395  1.7651  0.8036  1.2392 13.4883
  5.3064  2.8938  0.3638  0.4323 24.7573
  4.9276  2.2710  0.1497  2.2187 18.4128
  5.3108  2.0932  0.5312  1.5658 16.6555
  5.3717  2.9907  0.8707  1.0118 25.7662
  5.1915  2.4458  0.9904  1.6257 20.1659
  5.1716  2.5571  0.7529  1.8752 21.2942
  6.7932  2.2300  0.2124  0.9068 18.0057
  5.9654  3.5990  0.8740  1.2989 32.2145
  4.9979  1.7073  0.6882  1.1372 12.9427
  4.7041  0.6499  0.3741  1.3552  3.8890
  3.7387  0.7303  0.5084  1.0325  4.4907
  4.8583  3.4580  0.6368  1.9814 30.7038
  4.1931  1.4225  0.6693  0.7704 10.3117
  5.5243  0.6999  0.2874  0.5284  4.2606
  5.0296  1.4680  0.8329  1.9847 10.7242
  5.4703  2.0460  0.8837  1.3967 16.1939
  4.8083  2.1287  0.7155  0.4076 17.0038
  5.4722  4.1877  0.5890  2.1638 38.6114
  4.4615  2.6398  0.0929  1.0088 22.1377
  5.5150  4.2022  0.8256  1.9967 38.7703
  5.0992  2.0585  0.0831  1.4230 16.3155
  6.0174  2.9258  0.8378  0.4100 25.0898
  4.6784  2.2971  0.8700  0.7394 18.6739
  4.6114  0.8737  0.4281  1.3422  5.6100
  3.6598  2.5931  0.5743  1.8574 21.6613
  4.7174  4.1526  0.7103  0.8037 38.2256
  4.5560  4.3070  0.2371  2.3152 39.9236
  5.2375  2.2134  0.7205  1.2247 17.8411
  5.8168  2.3294  0.1823  2.5063 18.9960
  5.0135  3.7275  0.0264  0.8789 33.5984
  5.5461  1.0645  0.9913  1.2631  7.1781
  5.2678  2.2368  0.5732  1.2392 18.0727
  6.3900  3.8498  0.3086  2.0344 34.9222
  4.9761  3.3224  0.4765  0.3157 29.2597
  5.4277  2.6034  0.1694  2.0759 21.7666
  4.9002  2.3080  0.8663  0.2482 18.7823
  5.6540  3.4167  0.2417  2.2471 30.2631
  5.2455  4.0693  0.7542  0.2914 37.3138
  5.2195  0.7475  0.0213  2.4985  4.6220
  4.8998  1.5914  0.0870  0.9947 11.8594
  5.1353  2.7002  0.9839  2.2442 22.7569
  5.5219  1.8652  0.4558  0.9793 14.4436
  5.6993  4.1795  0.5453  0.2037 38.5206
  5.5139  3.1529  0.0948  0.9887 27.4669
  4.9768  3.9467  0.5251  1.3733 35.9760
  5.3149  3.2156  0.3073  2.0516 28.1284
  6.3724  1.9857  0.4269  1.0363 15.6063
  4.6214  2.7788  0.3269  1.0120 23.5658
  4.7795  2.5402  0.3829  1.3653 21.1229
  5.4423  1.6947  0.5366  0.4622 12.8234
  5.7996  4.3204  0.4788  2.1886 40.0712
  6.5856  1.4009  0.7767  2.0369 10.1167
  4.2862  4.2847  0.4505  1.2574 39.6780
  5.3229  3.0536  0.1174  0.4152 26.4237
  5.2244  1.4162  0.4263  1.6631 10.2542
  3.7729  1.2771  0.2005  1.4252  9.0122
  5.0243  2.1152  0.0837  2.1462 16.8718
  4.5315  1.6263  0.7311  0.7604 12.1840
  5.4639  1.8362  0.2250  0.8520 14.1654
  5.3043  3.0359  0.4672  1.8124 26.2390
  4.7232  2.7877  0.0932  0.5849 23.6579
  5.0068  2.7446  0.2840  1.5096 23.2132
  5.3373  3.7584  0.3346  0.9051 33.9323
  5.1476  0.5950  0.6875  0.7687  3.4896
  5.2489  1.3780  0.3155  1.3634  9.9100
  4.8103  0.3335  0.6961  1.9975  1.7445
  5.2896  1.0427  0.2033  1.0329  6.9945
  5.0907  4.3470  0.7653  1.0721 40.3647
  4.7456  1.5390  0.9122  1.1965 11.3745
  4.7417  3.9101  0.9980  1.0479 35.5774
  4.8182  3.5538  0.8079  0.4321 31.7285
  5.8604  2.5313  0.7056  2.4215 21.0322
  6.0115  2.1410  0.8916  2.6729 17.1250
  4.2836  1.1256  0.8519  0.4057  7.6967
  5.7122  2.0150  0.7597  2.1770 15.8914
  5.3822  2.3130  0.6374  2.2829 18.8326
  3.9940  3.2869  0.6994  1.5351 28.8830
  5.2863  2.3655  0.1983  2.4863 19.3584
  4.9718  2.6071  0.4737  1.6226 21.8044
  5.4189  0.9587  0.0792  2.2646  6.2983
  3.5850  4.2625  0.9850  2.3315 39.4330
  3.9023  2.3713  0.6234  0.5444 19.4168
  5.4276  1.9055  0.8715  1.9791 14.8308
  4.9611  2.0303  0.7039  1.1783 16.0406
  4.2860  2.5000  0.5455  0.8818 20.7146
  4.5551  2.0974  0.2062  1.6260 16.6971
  5.4193  2.6078  0.7815  1.5364 21.8107
  5.4026  2.3666  0.8337  1.5159 19.3696
  5.3293  2.7302  0.9849  0.1897 23.0659
  5.0160  3.3695  0.6524  1.4987 29.7607
  6.1037  2.4697  0.5881  2.3513 20.4080
  5.8037  3.2346  0.5419  1.9549 28.3294
  5.5987  2.2515  0.5581  1.9836 18.2195
  5.0191  1.1361  0.8853  1.9399  7.7859
  3.8044  0.8305  0.0475  1.2462  5.2672
  4.0688  2.4164  0.4958  0.7404 19.8697
  5.4097  2.5343  0.6043  0.6358 21.0629
  5.7903  2.9566  0.6798  2.3771 25.4105
  5.0039  4.1323  0.1634  2.7891 38.0034
  5.8021  3.7625  0.7067  0.8055 33.9766
  5.5656  1.5655  0.2496  1.2742 11.6189
  4.5372  1.7500  0.4663  0.8018 13.3458
  6.0732  0.9844  0.9941  2.0011  6.5096
  4.9696  2.0611  0.6992  0.2736 16.3411
  4.9847  3.0060  0.3082  1.6964 25.9263
  5.0752  4.2098  0.0239  1.3628 38.8537
  5.5218  3.8494  0.5867  2.2526 34.9177
  5.2314  2.0381  0.5267  0.9984 16.1166
  5.3622  3.6521  0.7351  0.8258 32.7848
  5.0462  3.0893  0.0288  2.1404 26.7985
  5.3033  2.6452  0.3502  1.1474 22.1929
  4.7592  4.3349  0.6428  2.1003 40.2308
  5.1709  1.0655  0.3110  2.4401  7.1862
  4.7929  2.5491  0.8503  0.0715 21.2130
  4.7347  3.0775  0.6620  2.3786 26.6750
  6.4619  3.0866  0.9027  2.2504 26.7700
  5.3050  2.4099  0.9542  1.1167 19.8048
  5.4908  2.2119  0.4984  1.8788 17.8263
  5.4018  3.4954  0.6201  1.5416 31.1031
  5.2865  2.7537  0.0985  2.4555 23.3073
  6.1031  3.6175  0.6470  2.3449 32.4130
  4.8135  2.8249  0.7447  0.6356 24.0421
  5.8350  0.9971  0.9833  0.2548  6.6147
  5.3359  3.9018  0.6810  1.0064 35.4876
  4.5972  0.4886  0.8208  1.8528  2.7470
  4.8999  2.7196  0.1878  0.8514 22.9562
  5.2618  1.8360  0.3122  0.7727 14.1632
  5.4500  1.7787  0.3003  1.5307 13.6174
  5.0833  1.0517  0.9858  0.8119  7.0704
  4.4772  1.2969  0.2127  0.8853  9.1871
  5.4240  2.1861  0.9618  2.1537 17.5705
  5.4508  2.0866  0.7885  2.2645 16.5912
  4.8479  1.0065  0.5160  1.7371  6.6925
  4.8175  0.8818  0.3009  1.2386  5.6750
  4.9351  3.0797  0.9980  1.0606 26.6976
  5.8620  2.3459  0.8104  1.7264 19.1617
  3.9751  3.9657  0.1942  1.6854 36.1827
  5.2129  1.9941  0.8532  1.8572 15.6874
  4.2603  3.8914  0.3412  0.8646 35.3745
  6.1082  1.0680  0.3509  1.0367  7.2076
  6.7669  2.9706  0.3236  2.2147 25.5568
  6.1849  3.1721  0.8225  1.1917 27.6695
  4.5017  4.1055  0.4374  1.8384 37.7095
  5.4565  2.5050  0.5286  0.9492 20.7657
  3.9096  3.4949  0.1926  1.1977 31.0977
  4.8782  2.8953  0.4295  2.6767 24.7727
  5.1432  1.7177  0.6068  2.0049 13.0403
  5.2044  3.4752  0.7929  1.1053 30.8876
  5.5902  2.0645  0.7642  1.6787 16.3738
  5.4695  4.2122  0.8403  2.7675 38.8806
  4.6219  3.8646  0.8229  1.0993 35.0830
  5.0523  2.3548  0.3063  0.6325 19.2507
  5.3894  2.7975  0.3445  0.8822 23.7588
  5.8141  2.1971  0.0044  2.0946 17.6796
  5.2178  1.9307  0.3105  2.4246 15.0736
  5.9001  3.2307  0.8692  0.8482 28.2879
  5.1120  4.1935  0.1638  0.5103 38.6750
  4.7590  2.1208  0.5729  2.3071 16.9270
  5.2688  1.6733  0.3211  1.4813 12.6232
  5.4052  2.1503  0.2676  0.6361 17.2167
  5.0959  3.9551  0.2153  1.1763 36.0668
  3.5635  3.4611  0.7267  1.2168 30.7365
  5.2400  3.2215  0.8096  2.7726 28.1906
  5.3994  3.9068  0.3652  2.9593 35.5411
  4.7254  2.2791  0.9386  0.7165 18.4940
  5.2176  1.6070  0.8223  0.7291 12.0041
  4.9196  2.8494  0.3792  0.5132 24.2966
  5.6780  4.3276  0.5218  2.7214 40.1501
  5.8561  3.0365  0.2028  0.7268 26.2449
  5.1469  2.3749  0.5370  1.6566 19.4521
  5.0800  1.0182  0.4371  2.4444  6.7902
  5.5302  2.1085  0.3368  1.9991 16.8057
  5.1239  3.1953  0.4437  1.6796 27.9141
  5.4395  0.6996  0.3088  2.0339  4.2584
  5.4957  1.7892  0.4611  2.7641 13.7178
  4.2051  1.4043  0.2421  1.8551 10.1471
  5.1510  3.0066  0.1405  0.9379 25.9318
  4.9312  1.6769  0.1721  2.7442 12.6566
  5.0455  2.0511  0.3995  0.2384 16.2429
  5.2011  0.7758  0.6934  2.4395  4.8399
  4.8889  1.6077  0.0809  0.8929 12.0103
  4.5072  2.3938  0.4182  0.9175 19.6424
  5.1646  1.5771  0.8856  2.2386 11.7262
  4.2227  1.9837  0.0497  1.8153 15.5866
  4.9439  1.5890  0.7924  2.2032 11.8371
  4.7013  3.9841  0.4580  0.9946 36.3834
  5.6643  1.2036  0.2270  0.5270  8.3689
  5.5645  2.6053  0.7830  0.7400 21.7851
  4.7246  1.3653  0.7781  0.7755  9.7966
  5.0359  4.0199  0.9084  1.1751 36.7736
  6.1333  3.3500  0.1135  0.4988 29.5533
  5.2224  2.3898  0.2349  1.4003 19.6018
  5.1659  1.8072  0.4438  0.5062 13.8892
  5.3971  2.2480  0.8828  2.7164 18.1844
  5.1596  2.3602  0.9942  1.9493 19.3052
  5.3973  3.2285  0.6957  1.1734 28.2648
  6.0081  2.2222  0.8112  2.7414 17.9286
  4.8203  3.9062  0.7391  1.0872 35.5345
  5.1253  2.3720  0.4688  0.9117 19.4233
  4.8504  1.1583  0.1722  1.0787  7.9773
  4.9968  1.1658  0.9922  2.6145  8.0412
  5.0395  1.4804  0.7406  0.7696 10.8374
  4.7057  1.6270  0.7522  0.8189 12.1900
  5.0110  2.2288  0.5858  1.6730 17.9942
  6.0871  3.1626  0.1450  1.1594 27.5693
  5.1501  1.1269  0.6451  2.3961  7.7076
  5.1107  1.9351  0.3422  2.4649 15.1157
  5.6151  2.2806  0.4784  0.5627 18.5093
  5.2511  2.1908  0.5336  2.7018 17.6171
  4.6567  3.0516  0.3365  1.2536 26.4029
  5.4814  2.0357  0.9807  2.1333 16.0926
  5.2272  1.6058  0.6670  0.9049 11.9927
  5.5719  2.4111  0.3061  1.8830 19.8167
  5.4523  2.6879  0.6734  1.3623 22.6305
  4.9970  1.6853  0.1192  0.6918 12.7359
  5.1679  1.3613  0.7510  1.6842  9.7605
  5.1278  2.3257  0.8364  0.2992 18.9591
  6.0878  3.8465  0.7957  1.0482 34.8861
  5.5521  4.3846  0.6944  0.5705 40.7792
  4.3755  3.1052  0.0210  0.8431 26.9650
  4.7634  4.4410  0.2319  0.9210 41.4030
  4.1005  2.2974  0.2604  2.4032 18.6766
  5.7066  4.2521  0.3270  1.8065 39.3192
  5.4605  2.3210  0.2313  2.3120 18.9121
  5.3949  3.7999  0.0200  2.1883 34.3810
  5.4603  0.8224  0.9591  2.6144  5.2033
  3.9451  3.5675  0.8327  0.6550 31.8763
  5.0379  1.9398  0.1393  1.1099 15.1616
  4.8684  1.6967  0.0971  2.8367 12.8430
  4.9764  1.7658  0.3079  0.6326 13.4955
  6.0448  0.8599  0.5807  1.8417  5.4996
  4.4052  1.1068  0.7329  1.2334  7.5357
  3.8909  3.1616  0.2505  0.7964 27.5590
  5.0116  4.2315  0.3417  1.1903 39.0922
  5.3441  4.3584  0.8201  1.7289 40.4900
  5.4945  2.5048  0.1726  0.4083 20.7633
  4.5824  1.8965  0.0884  2.3674 14.7437
  5.7261  1.9724  0.7352  1.7997 15.4768
  5.1792  2.2338  0.9855  0.2674 18.0437
  4.8769  3.9014  0.9185  0.8963 35.4833
  4.6003  3.9908  0.5396  1.4225 36.4562
  5.2177  2.0270  0.4016  1.5650 16.0078
  5.4105  1.9669  0.5875  1.5989 15.4239
  5.8123  0.9876  0.6061  0.5530  6.5360
  5.1240  0.8979  0.6220  0.4406  5.8040
  4.6925  1.5256  0.1808  0.2361 11.2512
  5.3276  1.7914  0.4037  2.1707 13.7386
  4.9406  3.7333  0.7066  2.2167 33.6615
  5.4316  0.8764  0.8289  0.5690  5.6319
  6.2661  3.3600  0.0928  1.3027 29.6595
  4.8322  3.6341  0.7343  1.4598 32.5913
  5.9577  4.4271  0.9086  1.1477 41.2500
  5.7926  0.8836  0.8380  0.8754  5.6892
  4.9024  2.1640  0.8719  0.4714 17.3519
  5.2920  3.6508  0.5898  0.4309 32.7715
  5.5690  3.2220  0.2393  1.2201 28.1963
  5.1486  4.1594  0.7573  1.4887 38.3005
  5.4690  1.4918  0.2882  2.1416 10.9417
  5.0274  1.1967  0.1834  2.2248  8.3091
  4.9470  2.6932  0.7772  1.1280 22.6850
  4.9406  2.1208  0.9139  0.3502 16.9267
  5.0975  3.5805  0.4660  1.8268 32.0156
  4.9784  1.1491  0.3395  0.9592  7.8976
  4.5828  1.2660  0.5911  0.4648  8.9144
  4.0339  3.0674  0.8323  1.7655 26.5692
  5.4380  2.9709  0.3004  1.4639 25.5592
  4.7199  4.4059  0.7241  0.3071 41.0145
  5.2846  3.4038  0.5122  1.4196 30.1254
  4.7931  4.4383  0.6253  2.6797 41.3738
  4.6054  1.4356  0.0379  1.6336 10.4302
  4.0687  3.9734  0.5125  0.9340 36.2664
  4.6725  2.4692  0.8170  1.0477 20.4029
  5.2313  2.8219  0.0172  2.1538 24.0113
  4.5524  1.5745  0.9647  0.3198 11.7026
  5.0178  1.9203  0.8573  1.8194 14.9732
  5.2466  0.7557  0.5526  0.6991  4.6851
  5.5824  1.7564  0.6142  1.7287 13.4060
  5.2940  2.9417  0.4009  2.1206 25.2556
  5.7950  2.1408  0.1300  2.0954 17.1230
  5.0790  3.4933  0.3748  2.0530 31.0812
  5.4463  1.4722  0.0912  0.9825 10.7629
  4.9475  2.4347  0.4924  1.2085 20.0545
  4.3794  2.7995  0.7591  1.8026 23.7805
  4.8084  2.5783  0.7633  0.2302 21.5100
  6.1978  2.7618  0.3141  1.7409 23.3911
  5.2937  1.8168  0.5318  0.7739 13.9802
  6.4937  2.8521  0.1418  1.3363 24.3245
  4.1921  3.0615  0.8286  1.2163 26.5067
  4.8774  0.2941  0.3989  1.9109  1.5066
  5.9068  2.9658  0.5700  0.9547 25.5064
  5.2730  2.2644  0.3090  0.9546 18.3474
  3.7782  0.4486  0.2856  0.8729  2.4786
  5.1303  1.3106  0.5396  2.7942  9.3085
  4.0560  3.6446  0.9063  0.5371 32.7045
  4.6229  2.4444  0.1356  1.1306 20.1519
  4.4703  3.9295  0.4480  1.2015 35.7890
  5.8958  3.9430  0.4541  0.7008 35.9358
  5.3458  1.1715  0.0549  2.3992  8.0911
  5.7571  3.3398  0.7878  1.9506 29.4442
  4.7754  2.8703  0.5091  0.2903 24.5127
  3.8515  2.3111  0.7656  1.1650 18.8129
  5.2549  1.7337  0.9196  1.6700 13.1913
  4.5134  1.6069  0.5367  0.5111 12.0025
  6.1723  4.1230  0.9323  1.7951 37.9012
  5.2847  1.6343  0.6200  1.8272 12.2579
  5.1356  3.3028  0.8581  2.5995 29.0517
  5.1375  2.6222  0.1081  1.1558 21.9578
  5.1282  3.2676  0.8379  2.6453 28.6782
  5.6080  2.9080  0.9826  1.4629 24.9044
  5.4400  1.1062  0.7167  2.2933  7.5306
  6.0855  0.9609  0.2197  1.8088  6.3166
  4.2452  3.7126  0.7313  1.1032 33.4375
  4.7272  4.2782  0.4565  2.2701 39.6060
  4.6139  2.8990  0.7993  1.9373 24.8110
  5.6591  1.0842  0.7136  1.5680  7.3443
  5.1725  1.8794  0.3900  2.4226 14.5791
  4.7178  1.8743  0.6942  1.8383 14.5305
  5.5327  2.4405  0.7590  2.8448 20.1127
  5.0528  0.5628  0.8086  1.7083  3.2608
  5.3025  2.0773  0.3316  1.5423 16.4999
  5.2100  3.7470  0.5502  0.8811 33.8097
  5.8071  3.0110  0.6984  0.6381 25.9786
  6.2726  3.1774  0.1663  2.0052 27.7255
  3.9708  1.3720  0.1266  0.9103  9.8568
  5.3333  2.5782  0.6202  1.5226 21.5092
  5.3050  1.9762  0.8533  0.8489 15.5137
  4.6767  2.6193  0.9671  0.8348 21.9283
  4.9837  2.4086  0.1860  1.0445 19.7918
  5.2617  2.3030  0.8488  1.1660 18.7324
  5.4338  2.8837  0.6999  0.8077 24.6522
  4.3285  1.8359  0.6426  0.7512 14.1625
  6.1081  4.2620  0.5477  1.6229 39.4277
  5.7581  1.1320  0.1261  1.7817  7.7511
  5.7113  2.0696  0.7585  1.4200 16.4241
  5.2798  2.2034  0.8346  0.4701 17.7415
  5.4197  0.5207  0.7378  2.1709  2.9663
  5.3364  4.2593  0.6562  2.5054 39.3980
  4.4198  4.1709  0.6207  2.6961 38.4263
  5.4779  3.5703  0.4730  0.8628 31.9063
  5.9690  2.9267  0.1734  1.6195 25.0991
  4.9417  1.2153  0.1494  1.6084  8.4704
  5.2343  1.4052  0.1572  1.2403 10.1555
  5.1322  2.6484  0.7789  0.1385 22.2261
  5.4699  1.7509  0.0677  0.9910 13.3542
  5.4303  1.9038  0.8615  1.8206 14.8143
  5.0803  4.0226  0.5593  2.4097 36.8033
  5.7873  3.6847  0.3497  1.2948 33.1369
  4.8828  0.4153  0.8441  2.3361  2.2604
  5.3253  1.2969  0.5759  0.6448  9.1876
  5.2767  3.3289  0.0763  1.3336 29.3290
  5.8791  2.7239  0.4228  0.9752 23.0009
  3.7530  2.0764  0.4851  1.0955 16.4905
  5.3243  3.5206  0.6685  0.3960 31.3736
  4.9749  1.1844  0.3031  0.7475  8.2027
  5.7925  2.8333  0.5370  0.3955 24.1299
  4.8462  3.7446  0.8535  0.1591 33.7833
  5.0526  3.1546  0.2604  0.3070 27.4848
  5.0347  3.4083  0.0765  0.8743 30.1731
  3.6382  3.0846  0.5199  1.0162 26.7492
  5.5497  3.0988  0.5032  1.3143 26.8984
  5.3860  0.7094  0.4127  0.4362  4.3326
  4.6700  1.1717  0.6777  1.6538  8.0926
  5.2275  3.4953  0.8697  1.4822 31.1025
  4.8851  4.4014  0.1487  1.2241 40.9651
  5.4980  4.1053  0.5207  0.2964 37.7078
  3.6560  2.7800  0.6302  0.1968 23.5785
  5.2973  3.0774  0.5510  0.6241 26.6739
  5.5961  2.0447  0.2372  0.9038 16.1811
  6.5861  2.4465  0.2508  2.1813 20.1731
  4.8024  2.2769  0.0289  1.1783 18.4719
  4.9251  1.5346  0.1411  3.0544 11.3346
  5.7395  2.3049  0.2726  2.4139 18.7517
  5.2073  0.6833  0.5386  1.3759  4.1362
  5.7130  3.0066  0.5325  0.9567 25.9324
  4.3924  2.6399  0.3931  1.4525 22.1394
  5.1148  1.6144  0.8615  0.4173 12.0723
  5.1694  3.1907  0.1003  2.9069 27.8654
  4.8990  1.8942  0.9221  2.6580 14.7216
  5.3659  1.9315  0.4020  1.5786 15.0817
  5.2323  3.4188  0.4979  0.4676 30.2855
  5.0031  1.9774  0.2594  0.3465 15.5255
  5.0402  3.1225  0.9708  0.2446 27.1475
  4.8630  2.9780  0.5279  0.7639 25.6337
  5.2932  2.0561  0.0231  2.3848 16.2918
  5.3143  2.5399  0.8746  1.7025 21.1197
  5.2107  0.6638  0.9816  1.0785  3.9913
  4.7198  1.9224  0.8716  0.6642 14.9935
  4.5668  1.1431  0.8714  1.1280  7.8465
  5.2585  2.4023  0.5225  1.3621 19.7275
  6.5188  3.5710  0.3663  1.5201 31.9130
  5.5220  2.0792  0.3692  1.4452 16.5180
  4.0646  2.9996  0.2854  2.4483 25.8588
  4.3990  3.9219  0.6531  1.8513 35.7061
  5.1418  0.1655  0.4264  0.6057  0.7868
  3.5186  4.4337  0.1922  0.5535 41.3222
  4.9024  2.3087  0.7728  0.9748 18.7899
  5.2551  2.0327  0.8986  1.2954 16.0634
  4.7019  3.1042  0.5573  2.4771 26.9545
  5.1223  2.6140  0.7443  0.5453 21.8746
  5.9857  1.3773  0.3703  1.6066  9.9040
  5.2592  1.9143  0.4047  2.1108 14.9156
  5.2728  1.7544  0.9235  2.3486 13.3873
  5.5528  2.4784  0.3250  2.4394 20.4957
  3.7345  1.3622  0.2575  0.5274  9.7688
  5.4484  4.3543  0.8470  1.9478 40.4445
  5.5365  2.0208  0.7880  2.3632 15.9477
  5.8061  1.2243  0.5196  0.7035  8.5493
  4.0520  3.6729  0.0352  1.6069 33.0092
  5.1096  2.5597  0.2822  0.6641 21.3212
  6.8117  1.3039  0.5574  0.7242  9.2490
  4.4132  2.7975  0.1021  1.5109 23.7597
  3.6236  3.1040  0.1717  2.0977 26.9528
  6.5866  3.8143  0.5688  1.6471 34.5375
  4.5857  3.8942  0.0282  0.9942 35.4050
  5.1230  1.3966  0.2353  0.5913 10.0776
  5.4274  0.9097  0.2576  0.9742  5.8992
  4.2746  3.8676  0.5412  1.1012 35.1153
  4.6490  4.2114  0.5946  0.8951 38.8718
  4.8782  3.3366  0.4688  0.2408 29.4102
  5.0125  3.6291  0.3943  0.2370 32.5380
  4.2341  4.1462  0.5009  1.2428 38.1555
  4.0122  2.0587  0.9092  0.2017 16.3173
  5.0999  0.9138  0.8861  1.0894  5.9322
  4.9967  0.7942  0.2413  0.2082  4.9822
  4.5728  0.8840  0.6164  2.3376  5.6925
  4.7297  2.2485  0.6133  2.1074 18.1891
  4.8197  2.1580  0.5965  1.2864 17.2934
  5.1235  1.2298  0.8877  1.0709  8.5972
  5.8273  2.3939  0.2539  0.5718 19.6437
  4.2958  4.1756  0.2106  2.4482 38.4785
  4.5196  2.0455  0.5186  1.0901 16.1886
  6.1781  2.0325  0.7849  1.9669 16.0614
  3.6549  4.2136  0.9704  0.5701 38.8958
  5.1392  2.5841  0.4912  1.5760 21.5691
  4.9782  2.1432  0.9190  0.3613 17.1473
  5.0975  2.3857  0.8118  2.6598 19.5613
  4.9726  1.3686  0.1673  2.5254  9.8264
  5.2087  3.5786  0.9083  1.1938 31.9955
  5.3719  2.5805  0.8900  1.8472 21.5328
  4.6294  2.4460  0.6079  2.1931 20.1683
  5.2871  0.5658  0.8366  1.5224  3.2820
  5.2758  3.7645  0.8456  0.7102 33.9986
  4.3413  3.2125  0.3461  0.7657 28.0963
  4.6287  3.4630  0.3590  2.8778 30.7566
  5.3240  1.7124  0.7430  0.5140 12.9907
  5.3348  0.8433  0.2311  1.7503  5.3678
  6.0752  1.9221  0.2881  1.7108 14.9909
  6.4388  2.1634  0.1406  2.4586 17.3462
  5.5275  1.4649  0.5556  1.9471 10.6964
  5.1077  3.5085  0.0803  0.4940 31.2434
  4.7059  1.5952  0.5639  2.1207 11.8941
  4.9187  1.9232  0.8295  2.1063 15.0015
  5.0580  0.6016  0.3032  2.8732  3.5377
  5.3533  2.2745  0.4604  2.3897 18.4482
  3.5427  2.0289  0.9844  0.5276 16.0265
  4.4514  2.7816  0.0576  1.0460 23.5955
  5.0587  3.5637  0.0250  0.5752 31.8357
  5.5485  1.4692  0.8847  0.8398 10.7351
  6.0791  2.8530  0.8539  0.4605 24.3338
  4.8114  2.5126  0.9718  0.9471 20.8427
  5.0840  1.4074  0.5751  1.7076 10.1749
  5.7972  0.8714  0.2560  0.8956  5.5914
  5.4140  1.7263  0.0077  1.9577 13.1216
  5.8354  3.0312  0.8781  2.5512 26.1896
  4.5020  1.3850  0.9873  1.5138  9.9729
  5.3551  2.8176  0.7384  1.7797 23.9673
  5.2035  3.2235  0.5737  1.4953 28.2115
  5.1953  1.6664  0.8791  1.4509 12.5578
  5.6191  1.4438  0.3692  0.2982 10.5046
  5.0311  4.4281  0.6792  1.8463 41.2601
  5.6880  3.8139  0.1112  1.2229 34.5336
  4.8425  3.7138  0.3379  0.4808 33.4510
  5.8965  2.0339  0.7627  2.1262 16.0755
  5.1532  0.4364  0.5362  1.6243  2.3981
  5.6475  1.1895  0.0349  1.9950  8.2468
  5.0177  3.1355  0.2497  1.9612 27.2838
  5.4239  3.1867  0.4643  1.9401 27.8234
  5.0943  2.5549  0.0482  0.0868 21.2722
  5.9342  3.7776  0.6581  2.1710 34.1401
  5.0551  3.7230  0.7279  1.5012 33.5496
  4.1186  1.8908  0.0942  0.4055 14.6891
  4.4474  4.0463  0.1936  0.8660 37.0625
  5.2495  1.8016  0.1870  1.8546 13.8351
  5.8195  3.9513  0.2399  1.7381 36.0260
  5.5813  1.4444  0.6187  2.3291 10.5103
  5.1348  0.6155  0.0187  1.8860  3.6378
  4.2534  3.0814  0.1598  1.0071 26.7159
  5.5713  1.5585  0.2685  1.9391 11.5549
  6.1766  1.6099  0.8941  1.7257 12.0307
  4.7997  2.8385  0.1535  1.3138 24.1832
  4.0856  3.0401  0.1704  1.6652 26.2823
  4.7274  1.5360  0.4858  0.8943 11.3470
  5.5442  1.8216  0.9314  2.0678 14.0261
  3.6329  2.6691  0.1256  1.9627 22.4376
  4.2472  2.6645  0.1211  1.8724 22.3907
  6.1027  3.8916  0.9695  1.7164 35.3761
  5.5277  1.0296  0.0774  1.5529  6.8852
  4.5084  2.7496  0.5168  1.0137 23.2649
  5.6512  2.0696  0.8838  1.3761 16.4238
  5.0674  3.8025  0.7046  0.7470 34.4101
  4.0058  1.1796  0.9473  1.8039  8.1609
  5.8741  3.6736  0.4028  2.8149 33.0165
  4.5830  3.0507  0.3189  2.0171 26.3935
  5.0145  1.5935  0.2242  2.0334 11.8781
  5.0382  2.0934  0.0540  0.7012 16.6569
  5.0751  0.8473  0.5180  0.7282  5.4001
  5.4603  3.3272  0.6574  1.2912 29.3102
  4.8432  1.7405  0.5996  2.0187 13.2552
  5.5774  1.9755  0.5322  1.5827 15.5072
  6.4367  3.2594  0.5719  2.7594 28.5918
  5.0308  0.5430  0.7326  1.3277  3.1217
  6.1680  3.0076  0.3108  1.5298 25.9432
  4.8059  3.4389  0.8511  0.6810 30.4996
  5.5233  1.7546  0.5684  1.9558 13.3887
  5.6128  0.7376  0.6970  0.6443  4.5465
  6.0570  2.3737  0.8227  1.7076 19.4405
  6.2606  2.7258  0.6825  1.7226 23.0205
  4.4380  0.5346  0.4173  0.4929  3.0629
  5.0066  0.6720  0.5533  2.1576  4.0520
  5.3909  3.2624  0.4895  0.9860 28.6236
  5.3586  4.1746  0.6692  2.3170 38.4673
  5.4675  2.5890  0.0757  1.8421 21.6195
  5.4323  2.7016  0.8952  0.9165 22.7717
  4.6616  3.3213  0.1481  1.9324 29.2479
  5.3875  1.7520  0.6276  1.9511 13.3639
  5.8884  2.3817  0.2747  0.8428 19.5213
  5.3132  0.8795  0.1027  1.6772  5.6567
  4.9521  1.5225  0.7195  1.2661 11.2231
  5.1197  2.2327  0.2968  0.6871 18.0328
  4.5675  1.1487  0.1621  0.4343  7.8940
  4.9446  2.6311  0.0487  0.9333 22.0491
  6.0631  1.6101  0.8080  0.6151 12.0324
  5.5402  1.3560  0.6276  1.8718  9.7131
  4.4347  4.1422  0.3274  0.5915 38.1115
  4.1875  2.9212  0.5430  0.6536 25.0416
  5.9785  1.0807  0.6371  1.3597  7.3148
  5.3459  2.9781  0.8018  1.4757 25.6346
  4.9572  2.4985  0.7022  1.1167 20.6999
  5.8709  3.4308  0.2661  2.1136 30.4137
  4.8088  4.1222  0.1372  0.9498 37.8928
  5.0958  1.6749  0.5215  1.8624 12.6379
  5.3793  4.0750  0.1455  1.4639 37.3757
  4.6323  1.9820  0.2730  0.7696 15.5703
  5.2160  2.8307  0.9216  2.0263 24.1025
  5.1721  2.0066  0.8299  1.6963 15.8091
  6.0491  2.0370  0.0520  1.7572 16.1053
  5.6749  1.0888  0.3235  2.0892  7.3833
  5.1931  1.6800  0.3683  1.9009 12.6858
  4.1196  3.2301  0.3250  1.0062 28.2821
  6.1685  3.3528  0.1600  0.4384 29.5828
  3.6117  3.0104  0.6419  1.8315 25.9723
  4.9470  1.2733  0.3114  0.5431  8.9791
  6.1946  1.4921  0.9440  0.4889 10.9444
  4.6850  0.4596  0.3078  1.2042  2.5517
  3.7077  1.2869  0.6837  1.1318  9.0987
  4.3273  4.1022  0.6698  2.4375 37.6732
  5.0368  2.1016  0.4078  2.0775 16.7377
  5.3559  3.9751  0.6175  1.5200 36.2855
  5.1313  3.4511  0.4845  1.8111 30.6302
  4.5017  3.5090  0.8256  2.1302 31.2485
  4.0748  3.1684  0.3172  1.0620 27.6308
  5.5964  0.6826  0.8482  0.6691  4.1311
  4.0609  3.1901  0.3851  1.9879 27.8596
  6.1703  2.4482  0.0218  2.1605 20.1907
  6.1555  1.8678  0.8122  2.4427 14.4682
  4.3970  1.4729  0.2333  1.9770 10.7695
  5.5348  0.6182  0.1683  1.7038  3.6575
  5.0865  3.4435  0.4537  1.9487 30.5493
  5.1271  3.0498  0.1551  2.5076 26.3839
  4.6127  1.6009  0.7171  0.5958 11.9475
  5.4067  3.1923  0.3473  1.9897 27.8821
  5.4952  3.8434  0.7576  2.7019 34.8535
  4.8000  2.3857  0.1912  1.2407 19.5612
  4.7386  3.6470  0.5415  1.6550 32.7305
  5.4847  2.8372  0.8628  0.2369 24.1697
  4.4750  0.5660  0.2043  1.5266  3.2830
  6.3255  0.4812  0.7012  0.4120  2.6967
  4.3016  3.6728  0.6414  0.7411 33.0080
  5.5063  1.0172  0.6637  1.6705  6.7818
  5.2186  1.4101  0.9787  0.2953 10.1997
  3.6778  2.6009  0.6015  0.9780 21.7402
  5.1135  1.5089  0.2600  2.3539 11.0985
  5.3225  2.3839  0.7192  2.4197 19.5431
  4.9940  1.6588  0.6134  2.1848 12.4867
  5.8141  1.9183  0.5260  0.7421 14.9536
  4.8654  1.9191  0.6673  0.2654 14.9620
  3.8463  3.8127  0.3341  1.7122 34.5203
  5.3170  3.1168  0.0315  0.7045 27.0872
  5.2242  4.3771  0.8394  1.9442 40.6962
  5.3289  0.7028  0.5975  2.1233  4.2827
  5.2000  3.5968  0.5964  2.8745 32.1906
  5.0584  2.9187  0.1319  0.7886 25.0158
  6.5903  2.7307  0.2416  2.2351 23.0704
  4.9914  2.5556  0.8495  1.0787 21.2794
  4.7808  3.7816  0.5314  0.5133 34.1833
  3.8791  2.9250  0.3020  1.8396 25.0811
  5.4234  2.1227  0.3871  2.2633 16.9448
  4.7148  3.6285  0.6354  0.7950 32.5317
  4.8448  2.5202  0.8526  1.5535 20.9199
  6.4190  2.5823  0.8802  1.4878 21.5512
  5.1856  3.3981  0.5744  0.3833 30.0651
  4.0628  2.8908  0.3135  1.2792 24.7260
  5.3585  0.8948  0.1491  2.8670  5.7793
  4.5932  1.5416  0.2665  2.2805 11.3985
  5.6837  2.5983  0.0910  0.5113 21.7141
  5.2353  2.7224  0.5064  0.6160 22.9852
  6.5156  3.1327  0.4523  1.7379 27.2545
  5.3957  3.2273  0.7923  1.0522 28.2518
  5.0032  1.2086  0.6919  0.5836  8.4120
  5.7005  4.2892  0.3211  2.1737 39.7266
  5.1418  3.8680  0.7266  1.9434 35.1196
  4.2711  1.9390  0.5346  1.1200 15.1535
  4.4334  1.2576  0.0873  2.0550  8.8405
  5.2547  2.8317  0.8693  1.1538 24.1135
  5.3389  0.9210  0.2771  1.4837  5.9906
  4.9436  2.3947  0.4129  1.0629 19.6512
  5.3848  1.7654  0.4211  1.2350 13.4911
  5.7972  2.4256  0.0875  1.2621 19.9622
  4.9040  1.3863  0.3507  1.1805  9.9848
  5.6293  2.7337  0.7499  1.6150 23.1019
  3.9401  3.9785  0.6187  0.7497 36.3218
  4.7328  2.0199  0.7741  1.4263 15.9385
  5.1616  4.1338  0.6451  2.5225 38.0197
  4.1008  1.3837  0.5034  2.2048  9.9617
  3.6140  1.9727  0.5909  0.8229 15.4802
  5.5290  1.9410  0.2134  2.8385 15.1734
  5.1425  2.3749  0.7954  1.1232 19.4527
  4.7149  4.3671  0.6127  0.8851 40.5863
  4.6566  1.6178  0.3060  1.4254 12.1042
  4.6956  0.9983  0.2641  1.3457  6.6244
  5.2651  1.4318  0.5337  1.9723 10.3958
  5.1427  2.9365  0.3005  1.3408 25.2007
  4.8080  1.9262  0.5082  1.0605 15.0302
  5.2441  1.1338  0.0810  0.0700  7.7669
  4.0594  3.0170  0.4939  1.2763 26.0414
  5.5235  2.8800  0.8281  2.3941 24.6139
  5.8861  3.8672  0.1187  1.2074 35.1112
  5.0222  3.0782  0.9706  1.9944 26.6816
  5.3931  3.4845  0.7674  2.1913 30.9873
  6.6616  3.0900  0.2478  1.2990 26.8060
  5.5807  1.4269  0.2465  1.9787 10.3515
  5.3744  3.0832  0.3354  2.8585 26.7342
  4.8096  1.3590  0.4523  1.6155  9.7402
  5.5367  2.6964  0.7274  0.7637 22.7183
  4.5995  2.9690  0.5074  2.7460 25.5397
  5.3099  3.4891  0.7003  1.8017 31.0357
  4.8641  1.0932  0.7463  2.2823  7.4203
  5.3156  2.3224  0.5425  1.5389 18.9261
  4.0834  3.1545  0.4770  2.0311 27.4845
  4.2429  3.7895  0.8898  1.0833 34.2687
  5.5498  2.7899  0.5413  2.2149 23.6813
  4.0532  3.2235  0.7482  2.2088 28.2123
  4.3320  4.0585  0.7607  0.2131 37.1958
  4.6765  1.1224  0.8376  1.3387  7.6689
  5.2492  2.8005  0.1227  2.0036 23.7906
  5.2295  1.5398  0.8383  0.7314 11.3825
  5.5241  1.8536  0.4166  1.9676 14.3320
  4.6258  1.8594  0.0174  3.0876 14.3879
  5.3236  2.9762  0.5938  1.0252 25.6144
  5.4626  4.0558  0.2002  2.1274 37.1659
  5.1530  4.4030  0.4641  2.5099 40.9830
  5.2396  0.9622  0.9503  1.6944  6.3269
  5.2869  2.6429  0.5618  1.9723 22.1697
  3.9632  2.0195  0.3291  1.6797 15.9350
  4.4829  4.0275  0.7680  1.8894 36.8567
  4.2176  2.4463  0.1117  1.5057 20.1711
  5.1338  1.6414  0.5353  1.6223 12.3241
  5.5688  4.2887  0.0057  1.3113 39.7214
  5.8974  0.4799  0.2309  2.3048  2.6877
  5.2886  0.9210  0.7708  2.7041  5.9912
  5.1944  3.4443  0.8743  0.3934 30.5570
  4.6299  2.8849  0.3125  1.3174 24.6644
  4.6523  3.4797  0.1376  1.2843 30.9352
  6.1115  2.7090  0.3778  1.1891 22.8470
  5.1042  2.7023  0.4983  1.0945 22.7784
  5.2768  1.7300  0.7106  1.4056 13.1565
  5.6797  4.3026  0.1495  1.5327 39.8753
  4.2983  1.8646  0.6168  0.7807 14.4375
  5.2368  2.4354  0.7423  1.4606 20.0615
  5.5168  3.1618  0.0452  2.1338 27.5607
  4.8143  0.8661  0.6756  1.6561  5.5496
  4.9658  3.1855  0.8749  0.6762 27.8111
  6.9637  3.3723  0.9037  1.9680 29.7905
  5.3988  3.5571  0.5270  0.4578 31.7646
  5.0982  3.3454  0.6262  2.3716 29.5036
  4.7172  2.7298  0.3082  1.8415 23.0618
  4.6766  1.7296  0.2484  2.4134 13.1526
  5.2213  4.4554  0.9800  1.8017 41.5628
  5.5270  4.3429  0.1844  2.5403 40.3193
  5.9480  0.9520  0.9639  0.8213  6.2437
  4.6413  2.8457  0.0203  2.9608 24.2576
  5.4865  1.3870  0.9368  0.3806  9.9915
  4.8344  0.3487  0.0198  1.0322  1.8377
  4.0688  2.8204  0.9382  0.9022 23.9962
  4.6418  3.6033  0.7790  1.0118 32.2604
  5.0533  2.9210  0.9158  3.0605 25.0392
  5.2125  1.9490  0.0389  1.6195 15.2502
  5.5111  1.7181  0.3729  2.5161 13.0437
  5.9786  1.6241  0.0695  1.7801 12.1632
  4.9811  3.6440  0.7150  2.3678 32.6978
  5.4037  0.8936  0.0642  2.1807  5.7692
  5.0714  2.9872  0.8857  0.9688 25.7293
  5.5106  3.5402  0.9445  1.6881 31.5830
  6.5736  3.8402  0.1862  2.2229 34.8178
  6.3186  2.1716  0.8498  0.2426 17.4271
  5.2908  3.6164  0.1481  2.5202 32.4013
  4.2647  1.7667  0.6273  2.7184 13.5040
  5.1466  0.6461  0.8669  2.9202  3.8610
  6.2692  3.7128  0.0302  2.2962 33.4396
  5.0470  3.4728  0.4337  2.6717 30.8614
  6.0159  2.7574  0.0032  1.9670 23.3454
  4.8138  3.3600  0.1014  2.4348 29.6586
  5.0872  2.6720  0.8402  1.1498 22.4674
  6.0792  3.8143  0.1186  0.3133 34.5374
  4.1573  2.3073  0.1491  1.9765 18.7757
  6.1654  3.2412  0.6881  0.7719 28.3989
  5.1783  1.3184  0.8745  0.2329  9.3779
  5.4151  2.5854  0.9487  1.2360 21.5824
  5.4425  1.4069  0.4331  0.7323 10.1701
  5.2107  1.5798  0.1611  0.9258 11.7515
  5.0773  1.5518  0.4064  0.9569 11.4930
  5.0061  3.0526  0.2288  2.3634 26.4135
  5.5721  2.5597  0.2910  2.3469 21.3206
  4.9778  2.5771  0.7908  2.4008 21.4977
  4.8890  2.8071  0.8920  0.8814 23.8588
  5.4205  0.9322  0.2256  2.4181  6.0820
  5.0440  4.2141  0.6309  2.2713 38.9004
  5.2161  3.0357  0.4936  1.7017 26.2365
  4.8733  1.4193  0.4598  1.9665 10.2822
  4.6284  0.9920  0.8858  1.8019  6.5726
  5.1693  2.7877  0.9949  0.7917 23.6580
  5.0742  3.1991  0.4859  2.1745 27.9548
  5.2926  2.4093  0.8513  0.9814 19.7985
  3.7882  3.5780  0.0876  1.1493 31.9886
  4.3718  3.3037  0.6333  1.3731 29.0610
  5.2144  2.2586  0.1782  0.5267 18.2899
  5.6297  1.2378  0.1698  2.0784  8.6674
  4.3322  1.2061  0.0352  1.3309  8.3903
  5.1013  1.1702  0.5811  2.5396  8.0795
  4.8058  1.3549  0.6204  1.3972  9.7035
  5.3762  2.7527  0.1780  0.8603 23.2976
  4.9352  2.7420  0.1274  1.2177 23.1869
  5.3765  2.0116  0.1028  1.5343 15.8584
  4.6097  3.6802  0.3319  1.1544 33.0884
  5.4154  2.1622  0.4242  1.3484 17.3347
  4.8216  2.9309  0.7805  0.9051 25.1430
  5.6709  3.1951  0.7957  1.3498 27.9116
  3.7907  1.4148  0.9085  1.0816 10.2417
  5.4986  0.9633  0.0208  0.7490  6.3361
  3.5921  2.3030  0.5280  1.0538 18.7325
  5.3388  2.7830  0.0011  1.1190 23.6099
  5.6684  1.8946  0.2491  2.1885 14.7259
  4.8284  2.3827  0.4534  2.2541 19.5312
  6.0619  4.3150  0.7799  1.3427 40.0111
  4.8857  3.9434  0.7853  2.0677 35.9396
  5.1972  2.8833  0.1227  0.9904 24.6483
  3.6476  2.2801  0.6627  1.9111 18.5036
  5.5787  1.7384  0.1893  0.9537 13.2362
  3.9922  3.5142  0.0600  1.2824 31.3042
  4.8302  1.2544  0.1234  2.1917  8.8128
  5.2408  3.7081  0.3635  1.2722 33.3890
  5.3665  2.5475  0.7093  1.7539 21.1965
  5.8438  4.4721  0.8440  1.9234 41.7477
  3.9561  2.8511  0.6444  0.7690 24.3134
  3.7296  3.7456  0.2948  1.9495 33.7940
  5.2599  1.5318  0.2518  2.4213 11.3084
  5.9734  3.0749  0.7300  0.2598 26.6469
  4.9152  4.1325  0.3969  1.4744 38.0053
  6.0052  0.4752  0.1088  1.3019  2.6559
  5.1905  4.0275  0.8411  0.9489 36.8565
  4.3223  1.6685  0.3929  1.8407 12.5779
  4.7045  1.8283  0.6046  1.4419 14.0896
  5.0099  1.6017  0.0872  1.9966 11.9551
  5.3193  1.0700  0.5611  0.3276  7.2241
  4.3128  3.6334  0.1361  1.8673 32.5846
  5.3442  1.4506  0.4872  1.3955 10.5664
  5.3128  2.4852  0.7532  2.5374 20.5646
  4.2520  3.2397  0.1246  1.1646 28.3827
  5.0193  3.5750  0.6305  1.6926 31.9559
  5.1884  2.5508  0.3721  1.2420 21.2299
  5.1061  2.5896  0.1422  2.4976 21.6257
  5.0847  4.2081  0.8000  2.5009 38.8349
  4.1648  1.4079  0.0112  2.1432 10.1792
  4.4851  0.6929  0.8913  1.5879  4.2081
  4.8067  3.0400  0.9439  2.5363 26.2821
  5.0805  4.1829  0.6452  0.9766 38.5581
  5.7310  3.0955  0.1393  0.6813 26.8638
  5.4211  0.7258  0.2607  1.3594  4.4564
  5.4810  2.5205  0.8061  1.5233 20.9223
  4.1737  4.1439  0.8744  0.8336 38.1307
  6.1490  2.5148  0.6691  0.4699 20.8650
  5.2577  1.5037  0.5879  1.2684 11.0504
  4.8943  2.0720  0.3891  1.2015 16.4472
  4.9843  1.7922  0.4452  1.0375 13.7460
  4.4383  4.1844  0.8313  1.3904 38.5750
  4.9730  2.2093  0.2996  1.1255 17.8000
  4.9086  4.4562  0.1643  1.7733 41.5720
  5.3406  1.6975  0.6282  1.5686 12.8506
  5.7640  3.4835  0.4852  1.3744 30.9763
  5.3796  2.0849  0.9953  1.4714 16.5742
  6.2090  2.4189  0.9631  1.5751 19.8949
  5.5632  3.5033  0.0213  0.5801 31.1885
  4.9372  2.5641  0.2528  2.2169 21.3656
  4.9127  3.5878  0.5755  2.6693 32.0935
  5.5427  3.9170  0.4366  0.2427 35.6528
  4.6929  1.8324  0.5759  1.8939 14.1291
  4.7854  3.5659  0.0856  1.8572 31.8587
  5.1952  3.7767  0.5789  1.0747 34.1302
  5.6834  2.6158  0.4739  1.2935 21.8932
  4.9352  0.5392  0.8273  1.7375  3.0948
  4.8707  3.8046  0.6521  2.2296 34.4327
  5.4720  3.1941  0.8512  2.9241 27.9018
  5.0562  2.2364  0.3440  1.9602 18.0696
  5.1299  3.3960  0.2176  1.9601 30.0427
  3.9290  3.2750  0.4186  1.6469 28.7571
  5.0998  3.1889  0.9496  2.2177 27.8469
  5.0740  2.0208  0.5778  1.4314 15.9473
  5.5633  2.1262  0.8414  0.7534 16.9801
  5.2349  3.2033  0.9034  2.3336 27.9982
  3.8378  3.3960  0.4470  1.1435 30.0419
  5.1826  2.6793  0.1151  1.4360 22.5422
  5.3113  0.7629  0.6939  1.2765  4.7405
  5.4522  3.9351  0.7725  1.3218 35.8498
  5.8834  0.9565  0.0884  1.0115  6.2800
  3.7425  0.7853  0.7153  1.4618  4.9132
  4.8031  3.7672  0.4244  1.0852 34.0271
  5.3736  3.7960  0.7116  2.6435 34.3392
  5.5763  0.4606  0.8696  0.7479  2.5583
  5.6383  4.1148  0.6391  0.7646 37.8114
  5.4714  1.7432  0.4766  2.2899 13.2807
  5.3268  1.9977  0.8252  0.5236 15.7230
  4.9112  2.2760  0.3444  2.5922 18.4626
  6.4438  2.3955  0.3340  0.4478 19.6592
  6.0826  0.9330  0.3613  1.5679  6.0884
  5.5950  2.2237  0.2260  2.7387 17.9435
  5.1235  3.3615  0.5913  1.2202 29.6745
  5.1910  2.6633  0.5231  3.0103 22.3788
  4.8459  2.1950  0.8706  0.4771 17.6588
  4.9606  3.4206  0.2970  0.5874 30.3045
  4.9543  1.8803  0.4058  2.3368 14.5883
  4.7567  2.8565  0.7586  0.5402 24.3697
  4.6479  2.5805  0.9558  1.1400 21.5323
  5.4145  1.3496  0.1872  1.1640  9.6561
  5.2239  0.5801  0.6758  2.2884  3.3836
  6.2615  2.3716  0.8339  2.8803 19.4196
  4.8430  3.4111  0.3783  2.5325 30.2037
  5.3554  0.8014  0.9645  1.4640  5.0386
  4.8141  3.8841  0.3722  1.1534 35.2946
  4.6818  4.2803  0.4321  1.2874 39.6296
  6.5984  1.1820  0.0116  1.8292  8.1815
  4.9297  4.0545  0.7242  1.1051 37.1514
  5.0718  2.6908  0.0732  1.6581 22.6606
  5.0583  2.7980  0.3301  1.2154 23.7647
  4.8647  3.7769  0.8978  1.3601 34.1329
  5.7682  0.9855  0.7434  2.4526  6.5190
  5.2387  0.9839  0.3085  1.0645  6.5053
  5.2991  2.5315  0.7153  2.1167 21.0341
  5.7747  2.1007  0.9952  1.4023 16.7288
  5.8554  1.9994  0.9206  0.8178 15.7393
  5.0918  0.5447  0.8744  2.5311  3.1334
  3.8931  1.8791  0.9722  1.7495 14.5767
  5.1635  1.5982  0.8039  1.2612 11.9219
  5.5795  2.6060  0.8966  0.8418 21.7926
  5.5419  2.2402  0.7680  1.4576 18.1067
  5.1859  2.1604  0.7261  1.6394 17.3166
  5.9147  3.8911  0.8453  0.5867 35.3706
  5.2862  1.7916  0.8640  1.8803 13.7400
  5.1535  1.6847  0.3582  1.7319 12.7298
  4.4428  1.0318  0.3769  1.3711  6.9031
  6.4130  1.2738  0.9920  2.7655  8.9829
  4.6231  0.8755  0.9774  2.3758  5.6245
  5.4344  0.7952  0.7456  2.7368  4.9903
  6.2545  4.4882  0.0475  2.5303 41.9259
  3.6773  1.1726  0.7963  2.6468  8.1000
  4.5484  3.2854  0.9916  0.5099 28.8676
  6.0567  2.7985  0.3162  1.8248 23.7692
  4.9330  3.0784  0.8883  2.9498 26.6838
  5.0534  3.0299  0.0718  1.1256 26.1763
  4.7526  2.4046  0.1843  0.9212 19.7509
  5.4057  0.4888  0.9532  0.4912  2.7479
  5.8197  4.0785  0.8323  2.2081 37.4137
  4.4683  3.3686  0.7035  1.5415 29.7504
  5.2665  2.2613  0.5648  1.7960 18.3170
  4.5869  4.2880  0.3433  2.5724 39.7137
  5.0738  3.4129  0.1347  1.2773 30.2220
  5.5305  2.1509  0.9825  1.1911 17.2226
  4.1940  3.7281  0.7336  2.8192 33.6051
  5.4889  1.6625  0.1438  0.8901 12.5213
  6.6896  2.8961  0.6345  0.8015 24.7811
  4.4795  3.6385  0.9487  0.5862 32.6393
  5.0863  2.7209  0.7107  0.5269 22.9699
  4.8149  1.3597  0.9746  0.9593  9.7460
  5.5874  0.3677  0.7848  1.9175  1.9562
  4.8939  3.3921  0.6813  1.0296 30.0009
  3.8056  3.7576  0.0919  1.1207 33.9238
