  5.8596  3.3681  0.9793  1.3055 29.7456
  6.0510  0.7426  0.9892  0.4703  4.5841
  5.3577  3.0465  0.9962  0.7132 26.3498
  5.4229  3.5419  0.9876  1.8366 31.6015
  5.5480  3.3303  0.9865  2.9346 29.3431
  6.2669  4.0617  0.9980  2.5624 37.2310
  5.5663  2.2068  0.9939  0.7422 17.7757
  5.1603  2.6093  0.9852  0.2235 21.8260
  6.6273  3.1305  0.9480  1.3116 27.2312
  5.4243  0.2614  0.9709  1.7174  1.3157
  6.7339  1.6932  0.7421  1.6471 12.8094
  5.3321  2.7026  0.9735  0.9556 22.7821
  5.1338  1.9002  0.9754  1.8330 14.7793
  5.4130  4.4526  0.9731  0.6154 41.5318
  4.9465  2.3937  0.9790  1.1129 19.6412
  5.4648  2.2103  0.9855  0.3080 17.8100
  5.3656  1.0772  0.9969  0.6495  7.2853
  6.1571  0.9556  0.9923  2.4551  6.2731
  4.6425  3.4517  0.9728  0.6192 30.6359
  5.9419  3.4429  0.9668  2.1998 30.5424
  6.0903  2.5388  0.9970  1.1668 21.1088
  5.4249  2.5286  0.9676  1.0501 21.0048
  6.3799  0.6314  0.9912  0.9121  3.7535
  6.0597  3.2421  0.9953  1.0624 28.4081
  5.3449  3.3343  0.9669  0.9969 29.3859
  6.1467  1.9946  0.9758  0.6880 15.6924
  5.4916  4.3749  0.9815  2.6238 40.6723
  4.6139  2.4150  0.9750  0.6464 19.8559
  6.4859  1.7810  0.9724  1.1286 13.6392
  6.1896  3.0121  0.9909  0.8169 25.9897
  6.3724  0.6935  0.9826  1.9832  4.2131
  4.6456  1.9126  0.9784  2.6534 14.8985
  5.9149  2.0525  0.9739  1.0427 16.2566
  6.4280  2.0546  0.9202  1.2735 16.2778
  6.4403  2.9630  0.8395  1.4676 25.4774
  5.3322  0.8381  0.9844  1.9688  5.3268
  5.7269  0.9147  0.9761  1.8690  5.9401
  5.0688  2.7988  0.9815  1.0251 23.7731
  6.5488  1.5671  0.7472  0.7622 11.6340
  5.0883  1.5747  0.9927  0.9356 11.7046
  5.2608  2.3407  0.9732  1.0004 19.1094
  5.7438  2.5432  0.9783  0.1854 21.1531
  6.8818  2.8173  0.6283  1.8683 23.9636
  5.7366  2.2010  0.9817  1.0839 17.7185
  5.8452  1.9157  0.9730  2.2603 14.9285
  6.0670  1.8500  0.9980  1.8363 14.2980
  5.2868  4.2433  0.9958  0.8065 39.2224
  5.7635  4.1764  0.9921  2.1333 38.4867
  6.5789  1.0810  0.7258  1.6110  7.3171
  6.9150  3.8750  0.5027  2.6560 35.1960
  5.7304  0.5350  0.9923  0.1426  3.0660
  6.6114  0.5982  0.9815  2.1242  3.5130
  6.2781  1.2413  0.9688  0.6091  8.6981
  6.5595  0.6015  0.7109  1.7589  3.5363
  6.0897  2.4934  0.9830  0.6092 20.6481
  5.7231  2.2201  0.9831  1.8399 17.9075
  4.5387  2.2695  0.9958  2.4665 18.3985
  5.4742  3.6173  0.9877  0.8025 32.4104
  6.0287  1.0058  0.9859  1.1644  6.6873
  5.5472  1.7089  0.9980  0.5898 12.9575
  5.8524  2.7205  0.9863  2.1075 22.9656
  6.7026  1.4972  0.5768  0.4304 10.9908
  5.6752  2.5689  0.9702  1.3232 21.4146
  5.7391  1.0384  0.9980  2.7378  6.9589
  6.0034  2.2732  0.9837  0.9624 18.4354
  6.1831  1.6566  0.9687  2.4347 12.4669
  6.1141  2.3417  0.9875  0.8794 19.1199
  6.2407  3.4993  0.9736  0.5422 31.1451
  5.3991  2.4635  0.9782  1.6871 20.3456
  4.7227  3.0966  0.9791  2.6560 26.8750
  5.6211  3.5127  0.9747  2.0213 31.2884
  6.7665  3.4636  0.7727  2.1850 30.7632
  6.6019  3.7355  0.8575  0.7362 33.6844
  5.8525  3.6501  0.9913  1.5876 32.7640
  6.0205  2.4354  0.9955  0.8239 20.0615
  6.0711  1.5206  0.9684  1.3385 11.2057
  5.3536  2.8363  0.9751  1.8935 24.1607
  6.0612  2.8614  0.9956  0.0206 24.4210
  6.7758  2.1793  0.5415  1.2466 17.5037
  5.8265  1.2636  0.9980  0.7180  8.8935
  6.8909  2.6465  0.9796  2.3651 22.2068
  5.3109  3.3622  0.9922  2.1937 29.6827
  5.4118  3.0543  0.9683  0.2029 26.4313
  6.1875  2.3298  0.9820  0.5303 19.0005
  5.8296  3.9194  0.9980  1.2256 35.6782
  5.5496  2.0838  0.9833  1.6060 16.5636
  5.7185  1.3196  0.9805  0.3691  9.3882
  5.3014  4.0661  0.9717  1.1762 37.2787
  6.4693  2.4673  0.9424  2.0315 20.3831
  5.1514  2.0351  0.9725  1.3780 16.0874
  6.4514  1.0478  0.8612  1.8014  7.0378
  5.6299  2.6858  0.9672  1.1757 22.6095
  6.3457  3.3190  0.9713  1.1263 29.2235
  5.2393  4.4531  0.9910  2.5655 41.5372
  5.6047  1.6810  0.9771  2.1445 12.6955
  5.9727  2.1748  0.9710  1.6367 17.4590
  5.2254  2.3883  0.9904  0.3728 19.5869
  5.9058  0.7244  0.9853  2.4145  4.4455
  5.9529  2.9881  0.9980  0.5700 25.7387
  5.2618  2.2261  0.9805  0.9307 17.9668
  6.0326  1.8150  0.9725  1.8716 13.9632
  5.1644  2.9883  0.9815  0.9309 25.7415
  6.6618  2.3493  0.7683  1.3748 19.1962
  5.0349  2.9469  0.9742  2.2643 25.3094
  5.2225  2.2891  0.9684  1.3175 18.5941
  6.2042  0.8559  0.9787  0.5520  5.4678
  5.9234  2.0721  0.9876  0.2621 16.4483
  6.4577  3.4349  0.9701  0.5356 30.4573
  5.4581  3.7065  0.9953  0.8714 33.3721
  6.9386  3.5421  0.6638  2.3944 31.6039
  5.6384  2.2367  0.9676  1.3929 18.0724
  6.9664  1.4231  0.5121  2.8062 10.3169
  5.7089  2.5829  0.9961  0.9755 21.5570
  5.5472  3.2344  0.9705  1.4846 28.3275
  5.4380  1.7842  0.9815  1.9578 13.6700
  5.3068  1.0827  0.9864  1.4092  7.3314
  6.8167  2.4865  0.7813  0.8807 20.5783
  5.8933  0.6334  0.9863  0.5400  3.7681
  6.4008  3.1605  0.9775  1.1537 27.5473
  5.8490  4.0992  0.9927  1.4461 37.6404
  6.6922  2.6857  0.5939  0.8972 22.6079
  5.7053  2.9925  0.9683  0.8637 25.7844
  5.2964  4.3784  0.9970  2.4418 40.7108
  6.5628  3.6131  0.7734  1.9771 32.3654
  6.8688  1.6963  0.6895  1.7542 12.8387
  6.0836  2.4419  0.9960  2.0191 20.1267
  6.5067  3.8418  0.7974  0.5193 34.8355
  5.8002  2.9888  0.9852  1.9175 25.7466
  5.5191  2.9320  0.9848  0.5714 25.1538
  5.2716  3.3077  0.9745  2.3562 29.1039
  6.8857  2.5319  0.6469  2.2027 21.0381
  5.4747  1.7936  0.9748  0.9417 13.7594
  6.4200  1.3066  0.8677  0.7383  9.2735
  6.0080  1.6374  0.9946  0.3323 12.2872
  4.9664  2.8690  0.9944  1.1295 24.4995
  5.9368  0.6700  0.8790  0.9124  4.0371
  5.3335  1.5121  0.9963  0.8147 11.1278
  6.1356  1.3797  0.9971  2.2123  9.9261
  6.0184  2.1063  0.9926  1.9771 16.7842
  5.7230  1.8984  0.9900  0.1347 14.7617
  6.2895  1.9192  0.9765  0.4068 14.9630
  6.3038  0.9506  0.9713  0.9562  6.2318
  6.4680  2.3871  0.9791  0.9410 19.5755
  5.0039  1.7228  0.9932  0.6916 13.0880
  5.9497  0.8950  0.9806  1.5580  5.7806
  5.2388  1.3673  0.9747  0.7521  9.8140
  5.0113  2.8433  0.9968  1.1322 24.2335
  6.5167  3.9793  0.8318  1.4505 36.3314
  5.6143  4.1763  0.9844  2.1061 38.4857
  6.1611  2.5583  0.9957  0.5553 21.3062
  5.4524  4.2983  0.9811  0.7456 39.8276
  6.3300  1.8840  0.9150  1.9568 14.6239
  4.5103  2.8314  0.9772  0.7545 24.1098
  5.4168  3.2214  0.9681  0.8652 28.1901
  4.8713  1.0048  0.9980  1.2431  6.6789
  6.4460  2.5435  0.9576  0.7046 21.1556
  6.1369  2.4852  0.9757  1.2217 20.5651
  6.2597  4.4369  0.9678  1.0780 41.3576
  6.1091  2.5493  0.9760  2.0211 21.2152
  6.5900  2.4613  0.7253  1.9277 20.3227
  5.5138  2.9663  0.9790  0.7887 25.5116
  6.5731  1.0683  0.8907  1.2802  7.2101
