  5.0774  3.5836  0.9980  0.4006 32.0490
  4.7749  1.9766  0.9756  2.4102 15.5182
  5.7278  2.8061  0.9727  2.3469 23.8485
  4.1921  1.3737  0.9793  1.4528  9.8721
  6.1529  3.9264  0.9804  0.1194 35.7544
  5.3095  2.1791  0.9804  0.2046 17.5011
  6.0426  1.3771  0.9921  1.2351  9.9026
  4.3381  2.9065  0.9963  1.8673 24.8888
  4.9622  2.0079  0.9814  1.4436 15.8216
  4.6280  2.9600  0.9977  1.3528 25.4462
  5.2868  1.7022  0.9693  0.8974 12.8944
  4.9132  1.2991  0.9803  2.7484  9.2065
  4.1343  1.3727  0.9970  0.2865  9.8626
  3.7628  1.1178  0.9922  1.9688  7.6299
  5.0206  1.9814  0.9771  0.2394 15.5640
  5.6418  4.1690  0.9764  0.6184 38.4059
  5.8938  2.0025  0.9698  2.4896 15.7695
  5.4935  3.6179  0.9819  2.4304 32.4172
  5.8700  1.6976  0.9945  2.5147 12.8512
  4.9297  1.3742  0.9835  2.2650  9.8760
  5.2565  3.5092  0.9724  1.4354 31.2509
  5.4872  1.5276  0.9681  0.5199 11.2695
  4.8551  1.2506  0.9680  1.4681  8.7797
  5.2726  3.2781  0.9708  0.8722 28.7895
  5.2328  3.3113  0.9977  2.0961 29.1415
  5.4950  3.6555  0.9816  2.1320 32.8219
  4.3661  2.4491  0.9767  1.5569 20.1999
  5.5756  2.8665  0.9766  2.0427 24.4735
  4.7833  4.0202  0.9939  1.6943 36.7773
  6.0692  2.5802  0.9921  0.6980 21.5299
  4.8772  1.8940  0.9747  1.6096 14.7199
  6.0941  3.1939  0.9753  0.8636 27.8992
  5.0724  1.2349  0.9682  2.5468  8.6421
  5.0699  1.3771  0.9929  1.2420  9.9026
  6.1203  0.9083  0.9782  1.3184  5.8879
  6.9158  0.4840  0.6898  0.5531  2.7157
  5.9132  3.2143  0.9980  0.3015 28.1147
  5.6926  1.0859  0.9849  0.7386  7.3585
  5.1791  1.3859  0.9766  1.5147  9.9811
  5.6835  4.1625  0.9793  1.3546 38.3340
  5.3834  3.7537  0.9943  2.3351 33.8817
  5.7537  2.4706  0.9848  1.5866 20.4170
  4.8686  2.0772  0.9961  1.6131 16.4985
  5.1206  2.2089  0.9880  0.7321 17.7959
  5.4651  2.7040  0.9740  1.9150 22.7963
  5.4161  4.1524  0.9980  1.8031 38.2240
  5.8440  2.8493  0.9913  0.8734 24.2952
  5.3235  3.0032  0.9908  1.1449 25.8967
  5.8204  3.8119  0.9711  0.4997 34.5120
  5.6222  3.2035  0.9848  1.1391 28.0013
  5.9460  2.9199  0.9980  0.5722 25.0286
  4.8902  1.3213  0.9809  1.8945  9.4040
  5.8205  3.6246  0.9910  1.3907 32.4895
  6.9359  1.2681  0.3569  2.6965  8.9331
  5.7504  3.7811  0.9701  0.3161 34.1776
  4.7866  2.2320  0.9829  2.5458 18.0254
  6.8876  3.7252  0.6720  1.4098 33.5738
  4.7959  2.6235  0.9768  1.1440 21.9718
  3.5297  3.3160  0.9896  0.4355 29.1921
  5.9669  0.9341  0.9877  2.2491  6.0970
  4.6392  2.9289  0.9715  2.1216 25.1216
  4.9865  3.8998  0.9747  1.5587 35.4653
  6.8864  1.6691  0.4963  1.2464 12.5832
  4.5381  2.9228  0.9833  1.7001 25.0579
  6.3032  0.7385  0.9980  1.3124  4.5531
  5.9838  3.5000  0.9868  1.8571 31.1522
  5.0151  2.7122  0.9786  0.7302 22.8802
  5.2574  2.1253  0.9876  1.0982 16.9709
  5.3537  1.0998  0.9680  0.7063  7.4770
  6.8679  2.6591  0.7096  0.3923 22.3355
  5.7505  2.1276  0.9964  1.0195 16.9933
  5.6014  2.3864  0.9668  1.3358 19.5680
  4.3932  4.0373  0.9678  0.4746 36.9642
  5.6741  3.0860  0.9713  0.3678 26.7637
  5.6063  1.3758  0.9953  1.3974  9.8907
  4.5085  3.9920  0.9768  2.8587 36.4689
  5.0547  1.8441  0.9971  0.8581 14.2407
  4.9691  3.7844  0.9667  1.4748 34.2141
  5.3590  4.1024  0.9708  1.2379 37.6756
  5.3105  1.9213  0.9873  0.3030 14.9832
  4.0938  3.7115  0.9711  1.1885 33.4253
  5.7263  2.4914  0.9931  1.3520 20.6272
  4.9848  1.7558  0.9904  0.4317 13.4005
  5.4075  2.8634  0.9736  2.0020 24.4409
  3.9032  1.1810  0.9980  0.6921  8.1726
  5.4649  2.1143  0.9690  1.8167 16.8625
  5.0558  1.9099  0.9763  0.7973 14.8730
  4.7174  1.3624  0.9906  2.0752  9.7707
  5.1504  3.4852  0.9864  2.4669 30.9944
  5.9298  0.5293  0.9893  2.2228  3.0262
  5.8434  2.5453  0.9764  2.2443 21.1743
  5.0389  4.1492  0.9980  1.4904 38.1890
  5.1946  2.3983  0.9757  1.2998 19.6879
  4.5295  3.7472  0.9707  2.3238 33.8117
  6.7570  1.8081  0.6375  1.5707 13.8975
  5.3453  2.7189  0.9951  1.0557 22.9497
  5.3009  2.0854  0.9926  1.5639 16.5788
  6.5374  3.4230  0.7677  2.1147 30.3298
  5.4671  2.9936  0.9961  1.1294 25.7960
  6.0219  2.9608  0.9929  2.0118 25.4537
  5.3640  2.1835  0.9821  1.9696 17.5448
  5.6878  2.6952  0.9968  0.4831 22.7063
  5.6520  3.3758  0.9773  1.6170 29.8270
  6.3924  2.8118  0.9679  0.8450 23.9068
  6.6315  2.3203  0.7285  1.0329 18.9051
  5.4054  3.1520  0.9828  1.4266 27.4582
  5.1742  1.8580  0.9838  0.4054 14.3738
  4.3208  1.9590  0.9924  0.2189 15.3475
  5.5584  1.5164  0.9811  1.2172 11.1666
  5.7363  3.6794  0.9703  1.1531 33.0795
  5.0853  1.9758  0.9910  2.2975 15.5098
  5.6985  1.2814  0.9980  1.8283  9.0503
  5.3107  1.4983  0.9743  0.3300 11.0007
  5.0838  4.1742  0.9952  1.1872 38.4632
  4.4832  2.2141  0.9980  1.3671 17.8479
  5.3167  1.2142  0.9841  0.7723  8.4614
  5.2677  3.1133  0.9676  1.4825 27.0502
  4.1634  1.9398  0.9932  2.9501 15.1617
  5.1726  3.5593  0.9980  0.5622 31.7885
  5.5357  2.9235  0.9942  1.5260 25.0659
  4.0994  3.5522  0.9827  1.3610 31.7122
  4.3147  2.9809  0.9681  1.1158 25.6638
  5.1137  3.2375  0.9828  1.3813 28.3603
  5.4270  4.2728  0.9798  1.6811 39.5467
  5.9852  0.4632  0.9782  1.1014  2.5757
  6.1068  0.7047  0.9737  1.2100  4.2966
  5.1472  4.0200  0.9855  0.9344 36.7749
  5.5164  1.2401  0.9747  1.2812  8.6870
  6.0873  1.7970  0.9772  2.4000 13.7916
  5.7779  2.0914  0.9717  2.0246 16.6380
  6.0514  1.3761  0.9737  1.2160  9.8930
  6.2239  2.0964  0.9668  1.6504 16.6865
  5.8003  1.0783  0.9918  1.0339  7.2943
  5.0607  3.0718  0.9741  1.7584 26.6154
  5.1078  2.7126  0.9697  0.7075 22.8847
  5.3671  0.9498  0.9807  0.9774  6.2252
  4.5840  3.2200  0.9913  2.1430 28.1752
  5.5405  3.8740  0.9716  1.2589 35.1848
  4.9862  2.8459  0.9808  0.6689 24.2597
  5.0620  3.4029  0.9980  0.9414 30.1154
  4.6291  2.3708  0.9766  1.7572 19.4117
  5.7328  1.8707  0.9898  0.6129 14.4958
  6.8660  3.6901  0.9913  1.8144 33.1951
  3.5461  2.4563  0.9947  1.6517 20.2721
  3.5011  2.9507  0.9910  1.8586 25.3490
  5.7441  1.2271  0.9870  1.8331  8.5740
  5.3477  1.3337  0.9870  0.7832  9.5145
  4.0126  3.7936  0.9905  2.4013 34.3128
  5.2282  2.4373  0.9866  0.7839 20.0807
  6.1699  2.1125  0.9699  1.7337 16.8454
  5.7922  4.4295  0.9721  1.3131 41.2764
  6.2832  3.4078  0.9853  1.5487 30.1685
  4.3778  3.3274  0.9817  0.4196 29.3126
  5.5063  2.1149  0.9687  1.6675 16.8684
  5.9477  3.6812  0.9970  1.5276 33.0984
  4.6020  1.2620  0.9844  0.8277  8.8793
  5.2375  2.7768  0.9905  2.0623 23.5460
  5.1771  2.1704  0.9735  0.6704 17.4153
  5.4925  1.4702  0.9794  2.9609 10.7441
  4.3188  1.8660  0.9909  0.5037 14.4510
  6.2815  0.3624  0.9827  0.7714  1.9230
  5.2230  2.4651  0.9885  1.8848 20.3616
  4.9196  3.0651  0.9890  2.0832 26.5441
  4.6038  3.7359  0.9874  1.5602 33.6889
  4.6343  4.4360  0.9850  1.6196 41.3483
  5.2467  3.6645  0.9855  2.1441 32.9190
  4.5305  4.1917  0.9674  1.7777 38.6550
  6.0358  1.2127  0.9980  1.6167  8.4478
  5.7488  4.4523  0.9822  0.8457 41.5281
  5.1797  2.0381  0.9803  0.8918 16.1162
  5.2724  4.4169  0.9782  2.2678 41.1364
  5.6478  1.7288  0.9805  1.0561 13.1448
  6.2191  3.4194  0.9904  1.4090 30.2916
  5.1265  2.3244  0.9782  2.0795 18.9464
  5.5445  0.4694  0.9785  0.6983  2.6169
  5.1348  2.0090  0.9668  1.8898 15.8325
  5.6592  3.1904  0.9769  2.1618 27.8626
  4.9259  3.0019  0.9795  1.0999 25.8830
  6.2515  2.4626  0.9795  2.6565 20.3356
  4.6089  1.7521  0.9980  0.1571 13.3649
  5.2166  2.3868  0.9809  1.1053 19.5726
  4.6482  2.7134  0.9926  2.0110 22.8929
  5.8288  4.2027  0.9730  2.3694 38.7759
  5.1784  3.3710  0.9980  2.2328 29.7758
  5.4262  2.2781  0.9933  0.3021 18.4843
  5.9774  3.1715  0.9797  1.1929 27.6635
  5.6751  3.8864  0.9776  2.3466 35.3199
  5.2719  3.7720  0.9722  1.6250 34.0795
  5.1570  1.2241  0.9742  1.7447  8.5475
  5.0331  2.0641  0.9714  1.0420 16.3702
  3.5318  1.1196  0.9788  1.0645  7.6450
  6.2519  2.4572  0.9726  0.7583 20.2816
  3.7087  2.6719  0.9909  1.1852 22.4672
  6.0229  3.4394  0.9749  1.9791 30.5048
  5.9795  2.2323  0.9933  1.5286 18.0284
  5.7396  1.0989  0.9901  0.9840  7.4691
  5.6902  2.3352  0.9947  0.2206 19.0546
  6.8499  1.9293  0.4366  1.2186 15.0603
  5.0968  1.9393  0.9737  2.0861 15.1571
  4.4135  4.3597  0.9742  1.7351 40.5047
  5.5405  2.8768  0.9920  1.0291 24.5804
  5.4540  2.6710  0.9801  3.0169 22.4575
  4.9173  3.1965  0.9838  1.1987 27.9272
  5.5684  0.9043  0.9731  0.7798  5.8558
  5.9899  1.5386  0.9922  0.4465 11.3707
  5.1599  2.4255  0.9840  1.5633 19.9620
  5.0070  3.7112  0.9732  0.2225 33.4220
  4.4633  3.4568  0.9939  1.2195 30.6910
  4.9411  3.5569  0.9667  1.4253 31.7624
  6.7580  3.9601  0.6013  1.5925 36.1222
  5.6022  0.9022  0.9809  1.6983  5.8387
  4.9879  1.6815  0.9950  1.9481 12.6997
  4.2109  3.2491  0.9695  1.4887 28.4826
  5.0135  1.2201  0.9842  1.0628  8.5123
  5.2207  2.3462  0.9951  0.6855 19.1642
  5.3833  1.6803  0.9718  1.8948 12.6882
  5.4912  0.7375  0.9912  1.4279  4.5456
  5.0964  2.2354  0.9726  1.4864 18.0591
  4.7160  0.9309  0.9873  0.4603  6.0709
  4.4027  0.8716  0.9980  0.4512  5.5932
  5.2554  2.7529  0.9714  1.4213 23.2995
  4.8886  0.8270  0.9965  2.1939  5.2391
  6.3756  1.4489  0.9904  2.1666 10.5509
  5.6124  2.0864  0.9886  1.1819 16.5883
  5.7179  3.2694  0.9919  1.0574 28.6978
  5.2792  2.8968  0.9710  2.2760 24.7884
  5.0339  2.7767  0.9895  2.1283 23.5441
  4.7995  2.2979  0.9696  0.4892 18.6818
  4.9825  0.7590  0.9935  0.3250  4.7099
  6.0133  1.2492  0.9980  1.8889  8.7666
  4.4011  4.0045  0.9940  2.3624 36.6053
  5.0214  2.3946  0.9949  2.3912 19.6504
  5.5544  2.4288  0.9883  1.0038 19.9947
  5.5875  3.0073  0.9896  1.8058 25.9395
  5.7762  1.5611  0.9687  1.1503 11.5790
  5.3929  2.1546  0.9708  0.9078 17.2590
  4.1238  4.4489  0.9923  0.5298 41.4903
  5.4856  0.9096  0.9932  2.6383  5.8982
  5.2760  2.9818  0.9782  1.5535 25.6728
  4.7552  3.0894  0.9844  1.3903 26.7999
  3.6122  1.2342  0.9951  2.3546  8.6357
  6.7309  1.1418  0.6890  2.6905  7.8347
  5.3507  2.9784  0.9786  1.3282 25.6374
  4.6224  4.3409  0.9866  2.1809 40.2973
  5.1478  3.9604  0.9880  0.5369 36.1248
  5.6393  1.9520  0.9980  2.5411 15.2791
  5.3581  1.7637  0.9906  2.0869 13.4757
  6.4878  2.9453  0.8467  1.2288 25.2923
  4.4730  2.6827  0.9980  1.1226 22.5779
  5.7164  1.3666  0.9774  2.3411  9.8082
  6.7863  0.8341  0.6871  1.5244  5.2956
  5.0576  4.0716  0.9787  1.2432 37.3391
  5.1660  1.1139  0.9977  0.7125  7.5964
  6.2120  2.4984  0.9945  1.7968 20.6987
  6.6397  2.0711  0.8841  2.1408 16.4389
  5.0030  2.8995  0.9730  1.7496 24.8159
  5.6828  1.1770  0.9740  0.8080  8.1386
  5.6905  2.7044  0.9948  1.9772 22.8004
  5.5986  0.3458  0.9888  0.8911  1.8202
  4.8633  3.0398  0.9885  2.8052 26.2791
  4.7867  2.0908  0.9753  1.9172 16.6324
  5.3983  2.7450  0.9965  1.5825 23.2183
  5.0830  1.1495  0.9718  0.6054  7.9015
  4.8744  1.3051  0.9932  1.8274  9.2600
  6.1965  1.9602  0.9827  1.9745 15.3590
  5.4240  3.3604  0.9777  2.4369 29.6638
  4.3472  0.5938  0.9980  0.4421  3.4811
  4.8736  3.0670  0.9868  2.8937 26.5645
  4.8574  1.7677  0.9697  1.5963 13.5128
  6.0696  1.1385  0.9923  0.9065  7.8070
  5.7840  3.7029  0.9977  1.9238 33.3327
  5.6791  1.9178  0.9765  0.8418 14.9493
  6.4004  2.5540  0.9334  1.9701 21.2626
  5.5308  3.8542  0.9724  1.0092 34.9699
  5.1525  2.2800  0.9940  1.2235 18.5028
  5.3971  0.5614  0.9825  0.3806  3.2505
  5.0399  3.6026  0.9779  1.9848 32.2531
  5.1946  0.7439  0.9845  1.8345  4.5941
  4.8990  3.9206  0.9810  1.1817 35.6913
  4.7948  1.8058  0.9852  0.9846 13.8751
  5.4246  1.4059  0.9868  1.3881 10.1612
  4.6347  2.3249  0.9803  0.2988 18.9513
  4.8578  2.1054  0.9948  1.1626 16.7754
  4.7385  3.6544  0.9945  2.1959 32.8100
  4.5975  2.2539  0.9793  0.5938 18.2430
  4.4120  1.4327  0.9953  1.7475 10.4034
  5.0145  3.8270  0.9909  1.6538 34.6755
  5.6548  3.2672  0.9686  1.3542 28.6738
  5.6004  0.8013  0.9729  1.3558  5.0378
  5.1696  0.8445  0.9761  0.9897  5.3773
  3.6694  1.5035  0.9845  0.7370 11.0489
  5.7298  1.8595  0.9840  0.8933 14.3887
  5.9242  2.3627  0.9759  1.1705 19.3304
  3.9315  1.7083  0.9712  0.5324 12.9519
  5.1548  4.3316  0.9813  0.5423 40.1945
  4.8165  2.0225  0.9875  1.1405 15.9640
  4.6186  1.8977  0.9683  1.4412 14.7554
  4.9644  3.3086  0.9966  1.6524 29.1130
  4.8448  3.5180  0.9828  0.7931 31.3454
  6.7911  3.0909  0.5296  0.5922 26.8154
  5.7024  2.5243  0.9943  2.5537 20.9608
  4.1690  1.7268  0.9720  0.5590 13.1258
  4.2982  3.6494  0.9693  1.7911 32.7562
  5.8368  3.4163  0.9872  2.3947 30.2584
  3.6490  2.5824  0.9872  1.5653 21.5520
  5.9291  0.8624  0.9793  2.2529  5.5196
  5.4790  3.6492  0.9728  1.5331 32.7541
  5.8816  4.3120  0.9841  1.8298 39.9788
  5.9154  2.1796  0.9898  1.4252 17.5068
  4.6302  3.2475  0.9680  2.8629 28.4662
  4.5006  3.2892  0.9849  0.1547 28.9071
  4.5653  3.1260  0.9975  1.0425 27.1845
  5.6390  2.9311  0.9865  0.5407 25.1445
  4.8009  1.3674  0.9953  2.3996  9.8154
  5.2075  0.9331  0.9740  0.6042  6.0891
  3.9683  0.8667  0.9775  2.7259  5.5543
  5.9826  2.0870  0.9767  0.7719 16.5944
  5.5334  1.7390  0.9728  1.8824 13.2415
  6.0418  2.5134  0.9895  0.1796 20.8507
  5.1638  4.1525  0.9923  1.5053 38.2247
  5.5192  2.5617  0.9980  0.7224 21.3409
  4.7303  3.1842  0.9710  1.6346 27.7974
  5.0310  0.6243  0.9800  1.3316  3.7015
  4.6857  3.9316  0.9884  1.9500 35.8112
  5.4263  4.4089  0.9876  0.4707 41.0479
  5.4395  1.8213  0.9947  1.8603 14.0234
  6.3189  0.7473  0.9980  1.9118  4.6200
  5.2326  1.5176  0.9693  1.1300 11.1776
  4.1343  2.1999  0.9741  0.2086 17.7075
  5.5804  2.5078  0.9936  0.4455 20.7941
  5.5887  2.1488  0.9899  1.4970 17.2024
  5.3113  2.1256  0.9804  1.4858 16.9738
  4.3070  1.0776  0.9927  1.2159  7.2882
  5.0683  4.3695  0.9699  1.3248 40.6126
  5.0229  2.5036  0.9703  1.4386 20.7511
  5.6338  2.7910  0.9699  1.9379 23.6925
  5.5825  1.4708  0.9842  1.9828 10.7502
  5.1482  1.0056  0.9943  1.2404  6.6856
  5.0494  0.9561  0.9826  1.5142  6.2770
  5.4951  3.1620  0.9722  1.3990 27.5627
  4.9831  2.5252  0.9727  2.8588 20.9699
  4.3590  2.6756  0.9824  0.7273 22.5047
  4.1636  4.2453  0.9782  1.4823 39.2436
  4.1869  4.0131  0.9736  2.2221 36.6993
  6.5740  1.6577  0.7632  0.4054 12.4768
  5.1086  2.2153  0.9676  0.4812 17.8599
  5.0731  3.4304  0.9980  2.2381 30.4093
  4.7552  1.8882  0.9715  1.1596 14.6639
  5.4302  1.9779  0.9796  2.5712 15.5305
  5.8895  3.3519  0.9771  0.9128 29.5734
  6.0768  2.0725  0.9979  0.3382 16.4529
  4.5786  2.0301  0.9769  2.2503 16.0381
  5.0084  3.7430  0.9810  2.3395 33.7660
  4.0685  1.4750  0.9694  1.5695 10.7882
  5.9404  3.7113  0.9970  0.8585 33.4236
  5.2316  3.2196  0.9746  0.4378 28.1712
  4.7632  2.3002  0.9943  1.4370 18.7046
  5.8873  2.4967  0.9728  0.0498 20.6814
  6.5711  2.4160  0.7909  2.1050 19.8657
  4.8105  1.5608  0.9737  1.3628 11.5760
  4.9230  1.6790  0.9935  1.1060 12.6764
  5.8305  0.9133  0.9879  2.8306  5.9288
  5.4570  0.6358  0.9805  0.8473  3.7852
  5.0791  3.3306  0.9750  0.0103 29.3462
  4.8913  3.6961  0.9969  0.6940 33.2592
  6.2861  3.1883  0.9800  0.5183 27.8405
  6.3225  1.5942  0.9842  1.2253 11.8853
  5.2679  1.5646  0.9673  1.3892 11.6111
  5.6082  3.6698  0.9824  1.2418 32.9761
  5.1952  1.9438  0.9889  1.7881 15.2004
  5.4716  3.0755  0.9793  0.2911 26.6536
  3.8547  2.1643  0.9902  1.6282 17.3552
  5.4468  1.3048  0.9820  1.7252  9.2570
  5.4680  0.6646  0.9830  2.0881  3.9972
  5.1135  4.1013  0.9825  1.9977 37.6634
  5.4661  3.6358  0.9724  0.3698 32.6094
  4.8809  3.6522  0.9850  1.3493 32.7866
  5.5970  1.2820  0.9812  0.8846  9.0560
  5.5426  0.9718  0.9980  2.5937  6.4057
  5.2095  1.7195  0.9786  0.8053 13.0572
  4.0551  2.7284  0.9684  1.4363 23.0468
  5.4347  2.2441  0.9732  0.4325 18.1455
  4.8688  1.7868  0.9909  2.2259 13.6944
  5.4715  0.9210  0.9909  1.6518  5.9905
  6.0640  0.6186  0.9844  1.2854  3.6604
  4.9804  0.5113  0.9818  1.4358  2.9021
  5.8816  1.3078  0.9886  2.2797  9.2842
  4.1552  1.6365  0.9701  0.2555 12.2785
  5.7872  2.3922  0.9822  1.5269 19.6262
  6.1823  4.2115  0.9875  1.4415 38.8724
  5.2149  1.5356  0.9980  1.3157 11.3438
  5.4037  2.7021  0.9696  2.7620 22.7762
  6.2680  3.1139  0.9980  0.3292 27.0568
  5.6055  2.1381  0.9959  1.6046 17.0967
  4.3238  1.0288  0.9796  1.5618  6.8788
  5.5086  2.4691  0.9929  0.7806 20.4014
  5.2527  1.8836  0.9834  0.9880 14.6200
  4.5039  1.4749  0.9830  1.9585 10.7877
  6.4443  0.8049  0.9692  2.2465  5.0658
  4.8393  2.9938  0.9980  1.3502 25.7985
  4.8630  0.9075  0.9978  0.2220  5.8816
  4.7493  3.8427  0.9668  1.9326 34.8460
  6.5143  1.8306  0.8130  2.0008 14.1118
  4.9639  2.0853  0.9672  2.2400 16.5781
  4.9562  3.2559  0.9954  1.7061 28.5552
  4.9797  2.4045  0.9793  2.8387 19.7497
  5.4997  3.6751  0.9835  0.7160 33.0327
  5.4544  2.5505  0.9931  1.8820 21.2274
  5.2704  3.0314  0.9714  0.9957 26.1917
  5.7439  2.9311  0.9830  0.5777 25.1452
  5.1419  2.1578  0.9780  0.9176 17.2913
  3.5014  3.0652  0.9903  1.8334 26.5461
  5.2718  3.2561  0.9778  0.3660 28.5564
  5.2161  1.1185  0.9873  0.2117  7.6358
  5.7697  1.5482  0.9869  1.2969 11.4600
  5.9978  2.0114  0.9888  0.6445 15.8565
  5.0753  3.7498  0.9804  1.9529 33.8391
  4.8541  1.5273  0.9832  1.4573 11.2673
  5.9642  2.9658  0.9864  0.8847 25.5066
  5.2234  4.0599  0.9980  2.4203 37.2113
  5.7931  3.9184  0.9885  0.4860 35.6677
  5.6299  1.7760  0.9749  1.4318 13.5917
  4.9109  4.3209  0.9711  1.3851 40.0763
  5.9399  3.9073  0.9727  1.5634 35.5474
  4.6846  3.0298  0.9909  1.5150 26.1749
  5.0472  3.7270  0.9721  0.8392 33.5936
  4.9663  2.8317  0.9857  0.5609 24.1128
  6.5821  1.0143  0.7383  1.8844  6.7573
  5.6562  0.9361  0.9696  0.5376  6.1132
  6.4203  3.5152  0.9143  0.6227 31.3148
  5.9373  4.2176  0.9689  0.6894 38.9399
  5.9564  4.4247  0.9667  1.2547 41.2228
  5.4427  2.4461  0.9980  1.3374 20.1696
  5.9339  1.4399  0.9735  1.2158 10.4688
  5.3624  1.9634  0.9939  1.4497 15.3896
  5.4392  0.7425  0.9925  1.0369  4.5839
  5.7178  2.4409  0.9723  2.4333 20.1168
  5.1165  1.2552  0.9844  1.0930  8.8194
  5.3774  1.7952  0.9827  1.7083 13.7743
  5.2197  1.8040  0.9961  1.6932 13.8583
  6.3019  3.8109  0.9857  0.9756 34.5002
  5.0943  1.9820  0.9719  1.7879 15.5704
  5.4014  3.7641  0.9911  2.1650 33.9940
  4.1725  3.9799  0.9830  0.3740 36.3374
  6.3526  1.6775  0.9858  1.4475 12.6621
  6.9955  2.9507  0.3323  1.4641 25.3484
  4.8721  0.9127  0.9796  2.1523  5.9239
  5.8411  4.1836  0.9971  2.1723 38.5659
  4.7950  2.6987  0.9743  2.8455 22.7419
  5.9247  2.4407  0.9860  0.3183 20.1152
  5.3966  4.4420  0.9890  0.9516 41.4141
  5.7718  1.0857  0.9955  0.1378  7.3566
  6.7897  1.2703  0.6069  2.4921  8.9527
  5.4648  3.5680  0.9889  1.3325 31.8813
  5.4342  2.2563  0.9920  2.2477 18.2671
  4.8856  2.0094  0.9724  2.1207 15.8362
  5.3011  2.9314  0.9980  2.1134 25.1478
  5.4510  1.5052  0.9710  1.0889 11.0645
  4.8967  4.4213  0.9980  0.6843 41.1852
  5.2943  3.2133  0.9890  0.8310 28.1041
  5.1316  2.0747  0.9817  2.4896 16.4737
  5.0227  1.5537  0.9951  1.9372 11.5103
  4.7963  2.6713  0.9750  2.7619 22.4604
  5.0192  2.5519  0.9946  1.3047 21.2419
  5.3054  3.0382  0.9769  0.4146 26.2627
  5.6804  1.3815  0.9950  1.2079  9.9421
  5.2169  1.5533  0.9913  0.2913 11.5066
  5.4375  2.8875  0.9778  1.2014 24.6910
  5.1992  2.1323  0.9837  0.6240 17.0395
  5.9488  2.5681  0.9851  1.7670 21.4068
  6.1831  3.7742  0.9799  2.5837 34.1034
  4.1442  4.4565  0.9838  1.2291 41.5744
  4.8501  3.5514  0.9800  1.5689 31.7037
  5.8694  0.5634  0.9727  0.1518  3.2652
  3.6786  1.0906  0.9891  0.9519  7.3986
  4.5536  1.2104  0.9980  2.9645  8.4283
  3.7091  2.9481  0.9882  1.3015 25.3215
  4.9542  3.3226  0.9903  1.4754 29.2615
  6.1745  1.7959  0.9740  0.4901 13.7812
  4.1397  1.7657  0.9980  1.8406 13.4945
  5.0071  3.6007  0.9837  1.3098 32.2327
  4.4580  1.2248  0.9773  1.0769  8.5534
  6.3671  2.5001  0.9851  0.3710 20.7158
  5.8049  2.0300  0.9973  0.6830 16.0369
  5.6182  3.0937  0.9758  1.7218 26.8450
  5.0139  3.9449  0.9928  0.4932 35.9561
  5.4876  3.1250  0.9773  1.5403 27.1731
  5.3645  2.8788  0.9854  0.2598 24.6013
  5.4457  2.2998  0.9980  2.3687 18.7009
  5.2985  1.5415  0.9943  0.3059 11.3973
  5.8503  1.3398  0.9818  2.3412  9.5684
  5.8469  3.8729  0.9758  1.0489 35.1735
  5.6545  3.8488  0.9701  1.6171 34.9115
  4.0657  3.5525  0.9862  1.2592 31.7147
  5.2749  3.1403  0.9786  1.0972 27.3351
  3.5776  2.7846  0.9972  0.7287 23.6264
  5.0035  2.3447  0.9830  0.4156 19.1495
  5.6820  2.5007  0.9702  1.1689 20.7213
  5.7302  0.7803  0.9918  1.1658  4.8748
  6.8322  3.3141  0.4819  1.8523 29.1711
  3.9377  3.6775  0.9946  2.4258 33.0585
  5.4505  3.4700  0.9684  2.3599 30.8317
  5.0812  3.1730  0.9956  0.6994 27.6794
  5.5593  2.7293  0.9882  1.3002 23.0561
  5.1375  1.3714  0.9783  2.3184  9.8515
  5.9504  1.0636  0.9954  1.2679  7.1699
  5.8235  1.1120  0.9688  1.8533  7.5803
  5.0738  3.2176  0.9875  1.6307 28.1499
  6.1495  2.7464  0.9976  1.7607 23.2321
  5.0053  2.8208  0.9980  0.9394 24.0001
  5.2823  2.3457  0.9676  1.4543 19.1595
  6.5812  2.0754  0.9980  0.3466 16.4807
  5.4178  1.8139  0.9947  1.0152 13.9530
  5.6020  2.8309  0.9876  1.6881 24.1051
  6.0740  1.3017  0.9792  1.8599  9.2296
  5.8704  2.3842  0.9810  2.9312 19.5457
  5.7320  1.4619  0.9784  1.9723 10.6688
  6.8636  3.9335  0.5691  0.3311 35.8322
  5.4688  2.9511  0.9922  1.1808 25.3534
  5.2264  3.9639  0.9738  0.5326 36.1635
  4.7402  2.6199  0.9737  0.6345 21.9342
  6.2239  1.1604  0.9802  0.7802  7.9950
  5.2636  2.2989  0.9891  0.1988 18.6918
  6.8918  2.6947  0.4355  1.9874 22.7008
  4.4029  3.9489  0.9885  0.6075 35.9992
  4.8280  1.9563  0.9808  0.9217 15.3208
  5.6982  2.5260  0.9720  0.3672 20.9781
  6.4142  1.6109  0.9140  2.4489 12.0399
  5.7358  2.9429  0.9904  2.4514 25.2675
  3.8176  4.0117  0.9780  1.6552 36.6838
  6.3390  3.2417  0.9673  2.6497 28.4043
  5.2477  2.0785  0.9899  1.7958 16.5118
  6.3815  1.5013  0.9846  1.1626 11.0290
  5.0754  3.8534  0.9756  0.3976 34.9614
  5.9237  1.3669  0.9692  0.0758  9.8110
  6.2942  2.6124  0.9713  0.5055 21.8582
  4.5854  1.4617  0.9871  2.6432 10.6673
  5.4127  2.5753  0.9934  1.1847 21.4796
  3.9790  1.8647  0.9850  1.7328 14.4385
  5.1200  1.9280  0.9887  0.7560 15.0479
  3.8794  3.4048  0.9899  1.8383 30.1364
  5.6538  1.3886  0.9966  2.6061 10.0053
  5.5290  3.0165  0.9685  0.4676 26.0359
  5.4521  2.5061  0.9789  1.4449 20.7765
  5.2696  1.7073  0.9701  0.6245 12.9423
  6.3061  4.0575  0.9894  0.7479 37.1847
  5.9859  1.0504  0.9804  1.2377  7.0593
  5.7640  0.8174  0.9952  1.6893  5.1638
  4.5097  4.1900  0.9721  0.9987 38.6358
  4.5451  3.4999  0.9704  1.4766 31.1512
  5.7377  1.1502  0.9932  0.6993  7.9071
  3.9306  3.7660  0.9796  0.3878 34.0141
  4.2575  3.6193  0.9896  0.5927 32.4327
  5.0749  3.0900  0.9960  2.8798 26.8063
  4.7634  2.8284  0.9709  1.2629 24.0787
  4.6616  2.3382  0.9684  0.7957 19.0849
  4.8955  2.9571  0.9798  1.5825 25.4160
  6.3617  4.3710  0.9907  1.0505 40.6294
  5.4328  4.4215  0.9776  1.3849 41.1870
  4.3457  3.0257  0.9941  0.3151 26.1316
  5.1409  1.2892  0.9980  0.1146  9.1193
  3.6707  1.1105  0.9815  0.8919  7.5677
  6.1081  2.2274  0.9980  2.4282 17.9800
  6.4890  1.3754  0.9706  1.1700  9.8869
  5.9396  3.4796  0.9925  1.0960 30.9342
  5.3643  3.0729  0.9810  0.4710 26.6268
  5.3671  2.3516  0.9888  0.8911 19.2189
  5.5018  2.8112  0.9897  1.3628 23.9011
  5.4192  2.5654  0.9852  0.7890 21.3789
  5.4901  1.3265  0.9877  2.1159  9.4496
  5.0218  2.3009  0.9839  1.3813 18.7118
  5.7647  4.2795  0.9823  1.9457 39.6201
  5.5621  3.2117  0.9744  1.9944 28.0877
  3.6224  0.3813  0.9748  1.6412  2.0423
  5.1703  0.9763  0.9837  2.1121  6.4432
  5.9959  1.4692  0.9900  1.8180 10.7351
  5.9057  2.1284  0.9855  1.6278 17.0009
  5.5073  3.3371  0.9897  0.9078 29.4156
  5.3380  2.1715  0.9865  0.4366 17.4265
  4.0436  3.0476  0.9708  2.1909 26.3614
  5.1734  2.4582  0.9972  1.3116 20.2916
  5.4690  1.9158  0.9687  0.6747 14.9297
  5.3287  1.4977  0.9811  1.5400 10.9957
  5.0854  1.7473  0.9794  0.5354 13.3200
  5.0086  0.7368  0.9936  1.0820  4.5401
  5.2209  0.7043  0.9687  1.1429  4.2938
  5.5058  2.5980  0.9673  0.4532 21.7114
  3.7645  1.7816  0.9711  1.0869 13.6449
  5.8760  3.6905  0.9764  1.9663 33.1995
  4.8390  3.5401  0.9791  0.9255 31.5821
  5.6619  1.7408  0.9880  1.3958 13.2581
  5.6710  2.7712  0.9803  1.2443 23.4874
  5.3376  3.3842  0.9758  0.8107 29.9170
  5.2478  4.2909  0.9945  0.9562 39.7458
  5.8267  4.2113  0.9782  1.1607 38.8701
  5.5002  2.1966  0.9747  1.6798 17.6749
  4.2813  3.0267  0.9855  0.3344 26.1428
  5.4633  2.4276  0.9806  1.4472 19.9832
  5.5163  2.6446  0.9823  2.4620 22.1867
  6.3020  3.1606  0.9724  2.2197 27.5483
  5.4278  0.8582  0.9674  1.5539  5.4862
  4.7114  0.8224  0.9850  1.6588  5.2031
  6.3067  4.1785  0.9882  2.1901 38.5102
  4.9036  1.5182  0.9781  0.6977 11.1836
  5.2681  2.0047  0.9851  0.2415 15.7912
  5.3743  3.2534  0.9934  2.5283 28.5281
  4.7680  2.7846  0.9804  1.8844 23.6259
  5.2222  2.8169  0.9813  0.4304 23.9595
  4.7853  2.7015  0.9848  1.2170 22.7707
  4.7090  2.1239  0.9980  1.0873 16.9572
  5.9412  1.4351  0.9722  0.6039 10.4259
  4.7351  2.0821  0.9756  1.2077 16.5469
  6.9690  2.5749  0.4802  0.4962 21.4760
  6.6852  2.1989  0.8485  1.4403 17.6976
  5.6871  2.8748  0.9980  1.2589 24.5598
  5.4420  2.2071  0.9837  1.4965 17.7785
  5.8884  3.6147  0.9846  1.1294 32.3826
  5.1451  1.4591  0.9980  2.2256 10.6433
  4.7968  1.0685  0.9980  0.6471  7.2120
  4.7181  2.0359  0.9813  0.5490 16.0944
  5.2723  1.2632  0.9980  2.3043  8.8903
  6.6267  2.4307  0.9895  1.0680 20.0139
  5.4502  3.1422  0.9763  2.0422 27.3542
  4.6644  1.9663  0.9976  1.7518 15.4175
  5.1564  4.1182  0.9752  2.1574 37.8487
  5.3690  2.0704  0.9975  0.6534 16.4323
  6.2312  3.7963  0.9843  1.0363 34.3429
  5.9897  1.0193  0.9939  0.7265  6.7989
  4.7943  4.0561  0.9703  1.2656 37.1694
  5.4355  3.3693  0.9980  1.5032 29.7580
  5.2637  2.2642  0.9963  0.8152 18.3460
  5.2456  2.3712  0.9761  0.8614 19.4151
  4.3155  3.8101  0.9750  0.8667 34.4917
  5.5077  2.4298  0.9678  1.4288 20.0054
  6.0307  3.2728  0.9757  1.2265 28.7335
  5.3093  1.9643  0.9741  0.9998 15.3985
  5.2432  3.4833  0.9953  0.4904 30.9743
  4.5650  3.7125  0.9942  1.6833 33.4365
  5.8371  1.7755  0.9980  2.2063 13.5869
  5.4610  2.2273  0.9771  0.4626 17.9790
  3.7540  2.0140  0.9859  0.3829 15.8814
  4.2473  3.1056  0.9937  1.1501 26.9692
  6.0449  2.4871  0.9745  1.1869 20.5840
  4.9104  4.0993  0.9770  1.1222 37.6423
  4.4848  1.4166  0.9922  1.4300 10.2579
  4.7559  0.8623  0.9767  2.0337  5.5187
  4.8242  1.7153  0.9948  2.0606 13.0174
  5.4224  1.0360  0.9695  1.7333  6.9382
  5.0665  1.8902  0.9746  1.3751 14.6836
  5.1451  4.4730  0.9956  2.5937 41.7580
  5.0327  3.8113  0.9969  1.6820 34.5048
  4.7832  1.4670  0.9773  1.5175 10.7150
  5.1419  2.3166  0.9683  1.0548 18.8679
  3.8841  2.0119  0.9888  1.7652 15.8605
  5.9036  0.5829  0.9976  0.6963  3.4035
  5.3622  3.3924  0.9670  0.3226 30.0035
  5.8508  1.6886  0.9698  0.9847 12.7665
  4.9192  4.1092  0.9980  0.7637 37.7502
  4.9903  4.1510  0.9956  0.5094 38.2079
  5.5954  1.7512  0.9861  0.8156 13.3570
  5.4371  2.4593  0.9881  0.7100 20.3024
  5.1628  2.4121  0.9750  0.9820 19.8265
  5.3182  4.1191  0.9974  0.7978 37.8589
  5.1383  4.4499  0.9885  0.1615 41.5013
  6.8709  2.3153  0.8695  0.8167 18.8558
  5.6486  3.2190  0.9910  1.5082 28.1647
  5.1463  4.2135  0.9696  1.2204 38.8947
  5.5492  2.8774  0.9713  1.1002 24.5865
  5.6189  2.0965  0.9816  1.9804 16.6877
  5.5114  2.9462  0.9672  1.9143 25.3017
  6.0148  0.6561  0.9953  0.3596  3.9343
  5.2698  2.0854  0.9715  0.6731 16.5786
  5.0993  3.0740  0.9705  2.0712 26.6384
  5.4329  3.2109  0.9919  0.8867 28.0791
  5.4804  3.5099  0.9867  1.4935 31.2587
  5.1479  3.9922  0.9684  1.2736 36.4717
  5.4399  3.9901  0.9674  1.9393 36.4482
  5.5802  1.0273  0.9846  1.7198  6.8660
  5.2318  1.9659  0.9764  1.8479 15.4139
  5.3968  3.3884  0.9715  1.5629 29.9610
  5.7131  3.0972  0.9744  2.5904 26.8811
  5.6830  2.6029  0.9971  1.7120 21.7611
  5.9711  3.4691  0.9832  0.3927 30.8226
  4.8209  3.1115  0.9932  0.4704 27.0315
  5.9666  3.9370  0.9691  1.3181 35.8697
  5.1381  2.5303  0.9675  1.0842 21.0221
  5.1767  2.1122  0.9869  1.9815 16.8421
  4.2145  4.4535  0.9791  1.0789 41.5412
  5.6795  3.4561  0.9924  1.0563 30.6834
  5.2865  0.4064  0.9883  0.3817  2.2027
  5.3168  1.8464  0.9841  0.5596 14.2628
  5.6709  2.4079  0.9828  2.3128 19.7845
  6.0577  2.0586  0.9879  0.8688 16.3166
  5.1113  1.1080  0.9880  1.7663  7.5464
  5.8020  3.2302  0.9711  0.7436 28.2832
  5.4488  1.9202  0.9810  1.4735 14.9721
  4.4295  3.5329  0.9691  1.4286 31.5046
  5.2956  2.7816  0.9846  1.2660 23.5956
  4.1091  3.8556  0.9681  2.2723 34.9855
  4.4795  2.1505  0.9832  1.3495 17.2194
  6.1159  1.3999  0.9712  2.3434 10.1076
  5.4207  1.1201  0.9679  0.0909  7.6497
  6.8945  2.7632  0.6347  1.2331 23.4054
  5.8570  1.2628  0.9930  1.5022  8.8864
  6.0423  1.6114  0.9845  0.8089 12.0451
  6.8385  2.1267  0.5769  0.0463 16.9846
  6.8658  2.7387  0.5277  0.6185 23.1535
  6.0599  2.9671  0.9886  2.5519 25.5199
  5.8409  2.4004  0.9962  2.3549 19.7091
  5.5556  1.7564  0.9936  1.3875 13.4059
  5.7338  3.4095  0.9827  0.5411 30.1863
  5.8982  3.2044  0.9717  0.3207 28.0108
  5.6394  2.2131  0.9807  2.2606 17.8381
  3.6186  3.8921  0.9976  0.4805 35.3823
  5.1772  1.9911  0.9980  1.9358 15.6589
  4.9250  0.3046  0.8973  1.0745  1.5692
  5.4859  0.7109  0.9947  1.1002  4.3438
  5.2852  3.5252  0.9789  2.9061 31.4225
  5.6061  1.7265  0.9921  2.6774 13.1231
  5.4922  1.3133  0.9863  1.6234  9.3325
  5.8173  3.1124  0.9915  1.7036 27.0408
  5.9660  1.7819  0.9749  1.6952 13.6477
  6.5840  1.6652  0.8432  0.5750 12.5470
  5.3159  0.8925  0.9716  0.9764  5.7606
  6.3148  0.4196  0.9694  0.7803  2.2881
  5.6068  4.3672  0.9809  1.0818 40.5871
  4.4323  0.9888  0.9967  0.5696  6.5458
  5.5719  2.6718  0.9974  1.9634 22.4660
  4.6578  1.8882  0.9818  1.6007 14.6639
  5.2180  3.4389  0.9771  1.2245 30.4993
  6.0221  3.0573  0.9901  3.1112 26.4632
  4.7055  3.2478  0.9709  2.3190 28.4688
  6.8840  2.1884  0.7694  1.4878 17.5931
  5.4913  4.3984  0.9672  1.2750 40.9325
  5.8818  3.7384  0.9940  2.0477 33.7160
  5.1579  1.1677  0.9684  2.1240  8.0577
  5.7187  1.6683  0.9707  1.3890 12.5759
  4.7080  1.8780  0.9674  0.5750 14.5664
  4.2978  3.9400  0.9939  1.5765 35.9029
  5.3199  0.8330  0.9857  0.8365  5.2867
  5.2663  1.5871  0.9944  2.2847 11.8191
  5.6117  3.5753  0.9834  0.8235 31.9594
  5.3801  3.1045  0.9908  0.8527 26.9581
  5.7274  2.3906  0.9714  1.8529 19.6098
  4.7362  4.1374  0.9908  1.4761 38.0587
  6.4201  2.6883  0.9032  1.9303 22.6350
  5.2187  1.7758  0.9783  2.3351 13.5897
  6.0362  1.2897  0.9890  1.0032  9.1232
  5.2309  2.6522  0.9824  1.0189 22.2645
  5.1004  2.3200  0.9749  0.7859 18.9028
  4.7991  1.4214  0.9754  0.4438 10.3015
  4.8432  1.5918  0.9938  2.4388 11.8625
  4.8913  1.8245  0.9943  0.6668 14.0538
  5.0703  1.0692  0.9907  0.8110  7.2176
  5.1973  1.3754  0.9675  0.1881  9.8868
  5.7187  1.3223  0.9882  1.1638  9.4131
  5.2698  2.7881  0.9822  1.4773 23.6618
  5.6569  1.6075  0.9938  2.2998 12.0082
  5.4769  1.0620  0.9754  1.6953  7.1566
  5.4866  4.2051  0.9740  1.1565 38.8017
  6.2477  1.8506  0.9788  1.5427 14.3036
  5.7049  1.2284  0.9677  0.8076  8.5851
  3.8236  1.3866  0.9815  1.9865  9.9879
  5.5741  3.0602  0.9701  0.7280 26.4934
  5.3794  1.9130  0.9808  0.5594 14.9027
  5.0313  2.5001  0.9944  0.7468 20.7159
  5.3026  4.3101  0.9923  2.8063 39.9578
  5.0796  3.8006  0.9766  1.9186 34.3895
  4.4443  1.6396  0.9940  0.3674 12.3078
  5.6281  3.2100  0.9817  1.2995 28.0690
  4.6191  1.7952  0.9950  1.8438 13.7747
  4.9892  1.4667  0.9853  2.0181 10.7129
  4.9438  3.1326  0.9790  1.6886 27.2531
  5.7286  3.3465  0.9941  1.5849 29.5155
  4.6045  4.3771  0.9791  0.6224 40.6972
  5.8044  3.0323  0.9812  1.6795 26.2015
  5.1184  2.8044  0.9968  1.9500 23.8309
  6.0225  1.0076  0.9911  2.0013  6.7014
  5.5811  2.4472  0.9878  0.9068 20.1800
  4.8678  3.3395  0.9875  0.8846 29.4409
  4.8114  2.8900  0.9930  1.2558 24.7176
  5.7858  1.1990  0.9980  1.2317  8.3292
  5.2871  3.2307  0.9715  2.7347 28.2884
  5.9513  1.5348  0.8980  1.6431 11.3361
  6.2923  0.8815  0.9804  2.2738  5.6723
  6.3737  3.7631  0.9858  1.4650 33.9828
  5.9551  2.7673  0.9720  1.1956 23.4475
  5.3331  4.2183  0.9980  1.0500 38.9474
  5.9425  2.1453  0.9742  2.1172 17.1681
  6.7991  0.9180  0.5841  0.4714  5.9663
  6.3624  3.9612  0.9567  1.4072 36.1331
  5.2949  1.6808  0.9891  1.2516 12.6929
  4.5099  1.9341  0.9746  2.1798 15.1062
  4.1214  2.5953  0.9683  0.7434 21.6830
  4.9399  3.1646  0.9756  0.3538 27.5900
  5.6368  2.3291  0.9966  2.0065 18.9937
  5.2842  3.7780  0.9905  2.4015 34.1447
  6.1838  1.5695  0.9970  0.8577 11.6560
  5.7493  2.6462  0.9877  2.4955 22.2034
  5.0493  3.2801  0.9960  0.4525 28.8113
  5.8723  1.6258  0.9978  1.4638 12.1788
  5.2099  2.0027  0.9838  2.2986 15.7716
  5.3231  3.0699  0.9795  0.6371 26.5946
  6.4024  4.0793  0.9066  0.2254 37.4225
  5.3456  1.2544  0.9877  0.8499  8.8127
  5.2032  2.5220  0.9853  1.0290 20.9376
  4.8642  0.7997  0.9725  1.5019  5.0254
  5.7765  1.8700  0.9836  2.8385 14.4888
  3.8784  1.9472  0.9818  2.8291 15.2328
  4.8633  4.4173  0.9962  1.6262 41.1407
  5.0286  2.6750  0.9791  1.2089 22.4988
  5.0155  1.8890  0.9700  0.3939 14.6719
  4.5123  1.9376  0.9817  0.2890 15.1401
  5.0550  2.8974  0.9738  1.9389 24.7945
  4.8233  3.7214  0.9684  0.9686 33.5324
  5.1740  3.9016  0.9736  2.1941 35.4851
  6.3160  3.2910  0.9859  0.9492 28.9267
  5.1770  4.1198  0.9890  1.0883 37.8662
  5.6690  1.6663  0.9842  1.1609 12.5570
  5.1127  3.7696  0.9770  1.1472 34.0535
  5.2817  2.9005  0.9978  0.3359 24.8264
  4.2750  3.3049  0.9904  1.0344 29.0743
  6.0765  1.9187  0.9667  2.0640 14.9576
  5.7448  1.5412  0.9924  0.0390 11.3948
  5.4939  3.0697  0.9872  1.4946 26.5928
  5.9029  1.4370  0.9742  1.6294 10.4426
  5.6827  1.9276  0.9833  0.8212 15.0436
  5.1039  1.8089  0.9938  2.1587 13.9045
  4.4482  3.9415  0.9864  1.2949 35.9186
  5.2893  1.5102  0.9671  0.7639 11.1103
  6.3510  1.9491  0.9939  0.6615 15.2512
  4.8879  1.8132  0.9760  1.2898 13.9458
  5.2796  3.1804  0.9927  2.3663 27.7568
  5.7559  3.6974  0.9787  0.9703 33.2735
  6.1893  3.8051  0.9907  0.2306 34.4381
  5.0529  3.7884  0.9842  0.4495 34.2572
  5.4794  1.6887  0.9920  0.6983 12.7677
  5.3108  3.8185  0.9864  0.1582 34.5827
  4.9719  2.7711  0.9803  0.8537 23.4873
  5.3008  3.4347  0.9734  2.5764 30.4550
  5.8613  1.8092  0.9824  1.6720 13.9076
  5.4305  4.3638  0.9733  2.0319 40.5504
  4.8546  2.6570  0.9770  1.2901 22.3141
  6.1158  2.9854  0.9972  1.9170 25.7104
  5.4567  2.4702  0.9722  1.5513 20.4134
  6.7459  1.3401  0.5672  2.2741  9.5710
  5.9881  2.6701  0.9960  0.5173 22.4480
  4.4416  4.1739  0.9980  1.1669 38.4598
  3.9557  4.4978  0.9965  1.7950 42.0319
  4.8934  3.3760  0.9889  0.7464 29.8297
  6.0503  3.5448  0.9865  0.4172 31.6321
  4.5594  2.1444  0.9686  2.3285 17.1588
  5.8477  2.3899  0.9924  0.7722 19.6037
  5.5004  2.6113  0.9774  2.6242 21.8465
  5.8887  3.9391  0.9859  1.1202 35.8934
  5.3964  1.5441  0.9980  1.0608 11.4219
  5.0154  1.8278  0.9941  0.4903 14.0851
  5.7620  3.8400  0.9898  0.5011 34.8161
  5.2437  4.1449  0.9881  0.9560 38.1414
  6.0174  3.4920  0.9980  1.5942 31.0672
  6.6276  1.7368  0.7412  1.4315 13.2210
  4.4170  3.2029  0.9727  0.2012 27.9948
  5.8447  2.8830  0.9923  0.6969 24.6445
  4.8469  3.8515  0.9976  2.2621 34.9409
  3.6011  3.0512  0.9745  2.2697 26.3991
  6.4814  1.0363  0.8590  1.0143  6.9411
  4.8799  1.8227  0.9831  1.4232 14.0364
  5.5324  1.6081  0.9980  0.8278 12.0143
  5.2273  2.5594  0.9909  2.6657 21.3182
  5.3178  3.9748  0.9950  0.5495 36.2816
  5.2847  2.0873  0.9751  1.6318 16.5973
  4.4777  2.6821  0.9930  2.3950 22.5713
  5.3307  3.4338  0.9921  0.3984 30.4457
  5.4479  2.6940  0.9843  2.5126 22.6936
  5.5557  1.7328  0.9941  2.6517 13.1833
  6.1789  1.4396  0.9847  1.7504 10.4663
  5.3084  3.2405  0.9919  1.2818 28.3916
  5.5624  4.0407  0.9725  2.4283 37.0004
  5.4760  3.9041  0.9863  1.4437 35.5125
  5.1895  4.1784  0.9969  1.3947 38.5089
  5.3951  3.2739  0.9928  1.8723 28.7455
  6.0905  1.2122  0.9580  1.1029  8.4436
  5.7835  2.5672  0.9878  0.1835 21.3969
  5.1384  3.5613  0.9741  1.8756 31.8096
  5.6066  3.5810  0.9980  0.2048 32.0208
  4.9586  4.0443  0.9959  1.2298 37.0406
  4.9926  3.0497  0.9776  0.5718 26.3836
  5.0492  3.5096  0.9949  0.6932 31.2554
  5.2306  0.7423  0.9866  1.4304  4.5818
  5.4587  3.0476  0.9980  2.0716 26.3610
  4.1982  2.2456  0.9750  0.6506 18.1605
  5.1775  3.9742  0.9872  1.1377 36.2748
  6.8349  4.2322  0.5619  1.4838 39.1000
  5.1599  1.9855  0.9729  1.5394 15.6041
  4.5346  2.3858  0.9749  2.4342 19.5625
  4.6924  1.7730  0.9834  0.2474 13.5633
  5.4726  1.8011  0.9944  1.6194 13.8303
  5.2577  2.0992  0.9918  1.3710 16.7139
  5.5808  2.7129  0.9730  0.5866 22.8880
  4.5352  1.9972  0.9805  1.2647 15.7179
  5.7373  2.8254  0.9765  1.2837 24.0472
  4.7423  1.1226  0.9748  2.5754  7.6712
  3.7977  3.6728  0.9875  0.6378 33.0079
  5.0024  4.3045  0.9936  0.1731 39.8954
  5.1209  3.1874  0.9706  2.7517 27.8310
  6.0725  2.6007  0.9743  1.4129 21.7383
  6.4866  2.1736  0.8683  0.1750 17.4467
  4.4139  4.1091  0.9833  0.2877 37.7496
  5.2855  3.0006  0.9714  2.4910 25.8693
  4.4938  2.3337  0.9847  0.2859 19.0392
  4.9639  3.4384  0.9841  1.7757 30.4948
  4.9078  4.2180  0.9768  1.1483 38.9443
  5.1549  1.1454  0.9849  0.8739  7.8659
  5.7059  1.2602  0.9846  1.4016  8.8637
  5.1003  2.5031  0.9741  2.4441 20.7458
  4.9352  1.0829  0.9935  1.2995  7.3334
  6.8291  2.0553  0.7252  1.7499 16.2844
  4.9040  2.3366  0.9912  0.3411 19.0685
  4.6727  3.3217  0.9966  0.7218 29.2525
  6.3564  0.7950  0.9880  0.7403  4.9888
  4.4719  3.2052  0.9891  2.3643 28.0184
  4.9683  1.6869  0.9980  0.6136 12.7508
  5.4112  1.6788  0.9866  1.8965 12.6748
  5.5511  3.6216  0.9796  2.2383 32.4566
  5.9947  1.1062  0.9914  1.7377  7.5313
  5.4401  2.4159  0.9772  1.9587 19.8649
  5.0048  1.9308  0.9853  0.7381 15.0745
  4.1387  4.4116  0.9817  0.4204 41.0779
  3.8955  1.2540  0.9672  1.7538  8.8090
  5.1769  3.0201  0.9865  2.0447 26.0735
  4.9933  0.6331  0.9961  1.2249  3.7654
  5.3236  2.1360  0.9980  1.4372 17.0760
  3.8305  3.1513  0.9961  1.6590 27.4504
  6.7792  1.4297  0.6479  1.7340 10.3762
  4.5085  3.1509  0.9952  1.6820 27.4461
  5.4825  2.9456  0.9980  0.7973 25.2957
  5.2695  3.3019  0.9861  0.3184 29.0424
  5.6295  2.7981  0.9676  0.8388 23.7655
  5.2612  4.3213  0.9937  0.8812 40.0814
  4.7077  3.1232  0.9879  1.7788 27.1549
  4.4010  0.8949  0.9706  1.5320  5.7800
  4.6184  3.9013  0.9865  1.7120 35.4812
  5.1544  3.1290  0.9815  2.4923 27.2161
  6.5117  2.0954  0.9655  0.9841 16.6775
  6.5372  1.4010  0.8013  2.9217 10.1171
  5.7234  2.1564  0.9674  1.0913 17.2768
  5.5815  1.2917  0.9792  0.3630  9.1417
  6.9151  2.5461  0.4608  2.3865 21.1829
  4.7319  2.4810  0.9962  1.5385 20.5222
  4.4859  1.6707  0.9876  0.8400 12.5985
  5.2891  1.7964  0.9906  0.5269 13.7861
  4.7060  2.4436  0.9877  1.0978 20.1437
  5.6115  2.5550  0.9853  2.1786 21.2727
  5.6899  4.1636  0.9893  1.5255 38.3469
  5.0683  2.5384  0.9692  0.8334 21.1044
  5.8311  2.0260  0.9726  0.4490 15.9983
  5.9515  0.4290  0.9824  0.9395  2.3495
  5.1900  0.7560  0.9865  0.9042  4.6873
  5.2849  3.9315  0.9938  0.6834 35.8100
  4.8442  1.4745  0.9748  1.0668 10.7832
  5.2107  3.8063  0.9896  0.6463 34.4505
  5.5541  3.2549  0.9923  1.5617 28.5443
  5.5928  2.2339  0.9722  1.7747 18.0445
  5.5683  2.6672  0.9745  1.1228 22.4187
  5.7834  2.2085  0.9962  2.0642 17.7925
  5.1210  2.2140  0.9874  1.4575 17.8466
  5.0597  3.0566  0.9932  1.7060 26.4552
  5.6445  2.1290  0.9804  1.3443 17.0071
  5.7779  2.0878  0.9730  1.3753 16.6025
  5.8965  3.3940  0.9728  1.5538 30.0212
  5.9070  1.7864  0.9763  0.8136 13.6905
  5.0707  2.2713  0.9770  1.6829 18.4166
  5.3225  3.4577  0.9743  2.2595 30.7001
  5.6693  1.9943  0.9795  1.8716 15.6895
  5.2775  1.9307  0.9759  1.8287 15.0733
  4.7583  4.1411  0.9761  1.0620 38.0999
  5.9520  2.2328  0.9667  0.9140 18.0331
  4.5167  0.3008  0.9795  0.9737  1.5469
  5.1776  3.5028  0.9980  1.7028 31.1831
  5.2922  2.4758  0.9980  2.0659 20.4695
  5.3273  1.7524  0.9898  1.1297 13.3678
  4.2769  1.1757  0.9955  0.3939  8.1267
  5.1273  2.4151  0.9962  0.2371 19.8567
  5.2006  1.3446  0.9668  2.5041  9.6114
  4.1543  3.2402  0.9946  1.3995 28.3885
  5.7716  2.5151  0.9931  1.1665 20.8676
  4.9706  2.6580  0.9670  1.8786 22.3241
  5.9537  0.4620  0.9816  1.0981  2.5673
  6.5362  3.5975  0.7906  1.9917 32.1983
  4.9341  2.3310  0.9947  2.3975 19.0122
  5.8437  2.5313  0.9952  2.0048 21.0325
  6.3666  2.2283  0.9754  1.9124 17.9890
  6.0465  1.6183  0.9689  1.0394 12.1093
  5.3803  3.7246  0.9957  1.8644 33.5674
  5.6919  1.9142  0.9757  0.6564 14.9144
  5.0480  1.1277  0.9842  1.0302  7.7147
  5.1637  2.1993  0.9709  2.3280 17.7013
  5.5064  2.8006  0.9894  0.1980 23.7914
  5.7356  1.4127  0.9699  1.6036 10.2230
  6.6506  0.8527  0.7680  1.7883  5.4430
  6.4962  2.6744  0.9147  0.3208 22.4927
  5.9995  2.1451  0.9677  0.7301 17.1657
  5.4906  2.2203  0.9740  2.2660 17.9095
  6.6256  2.1272  0.7590  2.4006 16.9898
  5.2531  1.5986  0.9777  2.9495 11.9260
  5.2239  1.7413  0.9911  1.3725 13.2632
  4.7810  3.9457  0.9908  2.0393 35.9646
  5.4312  2.4033  0.9795  1.1778 19.7377
  4.3285  4.2451  0.9832  1.3528 39.2416
  5.2802  2.9889  0.9687  1.0197 25.7476
  6.0031  2.9309  0.9873  1.2928 25.1430
  5.7135  2.0191  0.9931  0.9306 15.9307
  6.0043  0.9546  0.9754  1.8245  6.2650
  4.9297  1.5076  0.9964  1.2520 11.0861
  5.8767  1.0444  0.9980  0.1791  7.0093
  6.0482  1.5213  0.9768  1.0410 11.2122
  5.1000  2.0462  0.9918  1.2065 16.1949
  5.3669  2.3747  0.9794  1.6406 19.4505
  5.4953  1.2126  0.9825  0.3981  8.4474
  4.9350  3.4118  0.9799  2.5615 30.2103
  5.1414  3.0758  0.9683  1.6139 26.6565
  5.2580  2.5900  0.9887  1.4217 21.6297
  5.8076  1.1525  0.9952  0.5836  7.9268
  3.7285  1.6067  0.9965  1.0143 12.0008
  5.0909  3.0080  0.9970  2.6748 25.9466
  5.9441  1.6786  0.9949  1.7568 12.6724
  6.6944  1.5358  0.6195  0.4203 11.3455
  5.2628  1.0383  0.9704  0.8099  6.9577
  5.8736  1.8408  0.9685  2.3215 14.2092
  5.5065  1.7673  0.9866  1.3111 13.5094
  4.5818  3.7912  0.9775  1.5407 34.2871
  5.7191  0.9438  0.9750  2.2451  6.1767
  5.9771  2.8474  0.9923  2.2093 24.2760
  5.1344  4.3405  0.9939  1.1123 40.2928
  4.8077  3.9793  0.9679  2.5292 36.3307
  5.3573  4.3284  0.9959  1.2287 40.1588
  5.5833  1.9652  0.9894  1.2732 15.4077
  5.3943  1.5502  0.9963  1.4791 11.4784
  5.6099  2.3745  0.9718  1.0660 19.4488
  4.9579  0.9519  0.9839  1.8173  6.2427
  3.8759  3.3525  0.9687  1.8747 29.5791
  3.8244  2.0365  0.9980  2.4733 16.1007
  5.4841  2.8473  0.9919  0.7858 24.2746
  5.3062  2.7810  0.9931  2.8876 23.5888
  5.0156  2.8841  0.9885  0.7267 24.6565
  5.9812  4.3244  0.9861  1.2348 40.1154
  4.7080  3.8565  0.9801  1.0721 34.9947
  5.0663  1.0155  0.9821  2.9978  6.7674
  5.3537  2.8607  0.9748  2.0784 24.4130
  5.7561  1.1499  0.9773  0.5164  7.9048
  5.9297  1.3345  0.9721  1.4083  9.5215
  4.5697  3.6595  0.9945  0.8137 32.8653
  4.8604  2.5975  0.9933  0.8546 21.7063
  5.1398  0.5169  0.9911  1.2629  2.9406
  4.9859  0.5087  0.9980  1.8133  2.8840
  4.9832  3.0042  0.9707  2.1291 25.9067
  5.5067  2.8657  0.9725  1.2955 24.4653
  4.4757  2.1588  0.9753  1.4752 17.3007
  5.2920  1.0049  0.9714  0.8650  6.6793
  5.3980  0.6110  0.9857  2.6318  3.6054
  5.3874  2.6867  0.9920  0.2185 22.6185
  5.2495  4.0072  0.9840  2.1186 36.6357
  5.6267  2.7023  0.9918  1.1738 22.7785
  5.1627  2.8648  0.9948  1.0439 24.4556
  5.8775  1.5784  0.9861  1.5983 11.7385
  5.4956  2.0361  0.9980  2.0136 16.0963
  5.3344  3.1760  0.9687  2.9699 27.7102
  5.0519  3.4440  0.9852  0.3744 30.5542
  3.6132  3.1120  0.9980  1.3360 27.0370
  5.4983  2.7350  0.9777  0.7220 23.1144
  5.1178  2.7164  0.9897  0.5637 22.9237
  5.1471  3.0469  0.9724  0.7731 26.3535
  4.7020  4.0208  0.9757  0.6053 36.7840
  5.5214  3.0530  0.9823  1.1385 26.4179
  5.3650  3.3953  0.9734  1.1049 30.0352
  5.2544  1.4733  0.9876  1.5549 10.7724
  5.3215  3.7780  0.9784  2.0591 34.1449
  4.4907  3.4205  0.9825  1.7404 30.3030
  4.5513  3.4575  0.9980  2.2203 30.6987
  5.6435  2.3006  0.9980  1.6252 18.7081
  5.7352  1.8284  0.9790  0.1211 14.0908
  5.0779  1.6533  0.9976  0.8551 12.4358
  4.8198  0.9892  0.9826  1.8933  6.5491
  6.0731  3.5034  0.9769  2.3618 31.1892
  5.0875  1.8540  0.9735  0.6713 14.3357
  4.7298  4.2231  0.9746  1.5186 38.9999
  4.2417  1.4810  0.9852  1.4479 10.8430
  5.7370  2.6798  0.9926  1.9465 22.5476
  5.0309  4.0740  0.9857  0.4485 37.3651
  4.1779  4.1629  0.9941  0.2615 38.3383
  5.5834  3.0770  0.9738  1.8171 26.6700
  5.4843  3.0768  0.9973  1.1062 26.6673
  5.9914  3.5841  0.9976  2.3761 32.0542
  5.8975  2.3166  0.9914  1.0913 18.8687
  4.7208  4.2248  0.9757  1.4020 39.0187
  4.8259  2.4179  0.9968  1.8337 19.8847
  4.2096  4.4962  0.9980  1.2467 42.0148
  4.9265  1.6630  0.9796  2.2170 12.5262
  6.1807  2.4102  0.9884  0.8243 19.8076
  5.4264  3.3175  0.9849  1.7220 29.2076
  6.5975  2.1239  0.8075  1.4637 16.9575
  4.7213  2.0666  0.9749  1.1363 16.3951
  4.1418  1.1036  0.9959  0.7264  7.5091
  6.4012  1.2069  0.9782  2.1615  8.3975
  4.4421  4.1894  0.9911  1.8746 38.6294
  5.7348  3.9679  0.9708  0.5812 36.2069
  5.9784  2.7459  0.9829  2.0489 23.2272
  5.9767  1.6734  0.9700  0.4002 12.6238
  4.5266  3.3030  0.9899  2.7707 29.0539
  6.6752  2.9231  0.9170  0.3822 25.0619
  5.5492  1.0613  0.9898  1.0726  7.1512
  4.9719  4.2719  0.9859  1.4855 39.5371
  6.3780  1.4892  0.9375  0.7801 10.9183
  4.9538  3.6425  0.9949  1.2728 32.6822
  5.2084  2.1022  0.9757  1.9045 16.7435
  5.6130  3.9368  0.9815  1.7409 35.8683
  5.6541  2.0668  0.9696  1.8011 16.3970
  4.6836  2.3528  0.9771  0.6688 19.2306
  5.0796  3.3417  0.9908  0.7615 29.4647
  6.0368  2.6851  0.9734  2.0342 22.6027
  6.0398  0.9139  0.9758  0.8416  5.9336
  6.1389  1.6622  0.9824  0.5500 12.5185
  5.5957  1.0418  0.9942  0.1713  6.9867
  5.0149  2.5608  0.9717  0.8188 21.3320
  3.7999  4.4225  0.9807  1.9064 41.1983
  4.4352  0.6959  0.9781  2.5717  4.2308
  5.2786  3.5159  0.9766  0.4000 31.3223
  5.8525  2.1956  0.9776  2.7151 17.6643
  6.0031  1.2798  0.9965  1.0360  9.0359
  6.6481  2.3140  0.9670  2.5318 18.8427
  4.7106  1.7998  0.9699  1.3069 13.8180
  5.2347  1.9508  0.9980  1.0716 15.2682
  5.9857  2.5252  0.9797  0.8837 20.9699
  6.0253  1.9431  0.9883  2.2564 15.1930
  4.3102  1.4803  0.9923  0.6723 10.8367
  5.8690  2.3805  0.9791  0.9453 19.5086
  5.4031  2.9522  0.9771  2.0815 25.3642
  5.3531  2.0456  0.9914  0.5188 16.1895
  5.5582  1.8448  0.9696  2.0143 14.2473
  5.2941  1.6219  0.9767  0.9910 12.1426
  4.6794  3.0419  0.9936  0.4967 26.3016
  5.2450  2.5238  0.9674  0.2872 20.9556
  5.0494  2.6739  0.9821  1.9732 22.4871
  4.7898  1.8599  0.9672  1.2295 14.3921
  5.5559  2.2060  0.9760  1.5495 17.7675
  3.7909  4.4803  0.9934  2.7355 41.8383
  5.3108  3.8403  0.9966  2.7490 34.8196
  4.1389  2.6336  0.9714  0.1432 22.0744
  5.0696  0.5476  0.9976  0.6217  3.1539
  6.2278  2.4213  0.9773  0.3341 19.9190
  5.5601  2.3418  0.9843  2.1706 19.1209
  5.7613  1.7093  0.9875  0.9257 12.9616
  5.1656  3.9606  0.9862  1.8100 36.1273
  5.0903  1.3230  0.9848  2.3901  9.4191
  4.5833  2.0174  0.9872  1.4344 15.9146
  5.1093  3.0077  0.9725  1.4596 25.9438
  6.1675  3.8328  0.9946  1.9882 34.7377
  4.5298  2.7595  0.9813  2.2726 23.3676
  5.7951  1.9537  0.9856  1.8842 15.2955
  4.6875  3.7153  0.9842  1.1007 33.4670
  5.9649  3.8636  0.9703  1.4692 35.0724
  4.7785  1.5067  0.9753  1.5690 11.0781
  4.3212  3.5325  0.9945  1.8603 31.5005
  6.0808  3.6463  0.9735  2.4570 32.7224
  5.1945  1.2292  0.9869  0.5339  8.5919
  6.4030  1.8937  0.9372  0.8823 14.7165
  4.9047  4.4869  0.9980  0.5104 41.9111
  5.2167  2.0030  0.9853  2.0194 15.7738
  5.3617  1.2464  0.9904  1.1689  8.7423
  6.1798  1.3164  0.9798  1.0561  9.3600
  5.2101  2.3961  0.9980  1.9696 19.6658
  6.0250  0.5864  0.9726  0.7581  3.4285
  5.2934  2.1938  0.9978  0.7079 17.6471
  5.2026  2.1597  0.9718  0.9313 17.3096
  5.7967  3.7065  0.9884  1.3977 33.3719
  5.4101  2.3405  0.9742  2.0126 19.1075
  5.3998  1.4992  0.9748  0.1385 11.0091
  6.5818  1.9699  0.9679  0.6898 15.4532
  5.3159  4.1093  0.9954  0.8770 37.7508
  5.0191  3.6571  0.9969  2.1478 32.8393
  3.5005  3.2180  0.9762  0.6233 28.1536
  5.6988  1.5804  0.9903  1.2095 11.7575
  5.8263  3.5750  0.9860  1.4183 31.9566
  5.3249  0.8000  0.9786  0.9403  5.0276
  5.4802  2.0873  0.9905  1.4221 16.5974
  5.1741  0.6906  0.9897  0.1833  4.1909
  4.7177  2.1073  0.9804  0.8063 16.7939
  5.5945  2.4507  0.9779  2.3421 20.2160
  5.9726  3.3229  0.9889  0.8843 29.2648
  4.6320  1.4402  0.9864  2.4878 10.4715
  6.1858  2.3820  0.9839  2.8634 19.5241
  5.4403  2.0926  0.9724  0.5667 16.6495
  5.4322  2.6797  0.9841  2.0508 22.5470
  5.9193  2.3361  0.9929  0.2680 19.0634
  4.1783  4.3192  0.9841  1.8941 40.0577
  5.3033  0.5242  0.9950  0.7912  2.9907
  5.8656  4.3705  0.9895  2.4592 40.6237
  4.9083  0.7555  0.9849  0.9241  4.6832
  6.1499  2.9390  0.9853  1.9214 25.2265
  5.2865  0.7589  0.9870  2.1546  4.7095
  5.4607  1.4126  0.9682  1.9698 10.2218
  5.0008  0.7450  0.9950  0.4367  4.6027
  5.1573  2.4917  0.9675  1.6437 20.6303
  4.8690  3.4072  0.9705  1.6292 30.1619
  3.9705  1.8021  0.9980  2.4140 13.8398
  5.2218  2.5754  0.9913  2.7934 21.4808
  5.0531  4.3860  0.9843  0.6491 40.7954
  5.5886  2.2894  0.9903  1.2577 18.5969
  4.7662  4.3153  0.9884  0.7139 40.0152
  5.9907  3.0548  0.9739  1.7438 26.4362
  4.4059  3.7930  0.9675  0.7767 34.3073
  5.3722  3.9848  0.9736  1.2647 36.3904
  4.2018  3.2067  0.9713  0.6457 28.0347
  6.2359  2.3609  0.9780  1.0466 19.3121
  5.1586  1.5438  0.9974  1.4298 11.4193
  3.7948  3.8795  0.9796  0.4447 35.2450
  5.7323  4.2661  0.9831  1.1977 39.4723
  5.0041  0.9658  0.9699  0.5340  6.3563
  5.7964  1.8107  0.9770  1.9304 13.9225
  6.2957  2.5138  0.9870  1.8155 20.8545
  4.1255  2.5085  0.9806  1.5155 20.8004
  5.5263  3.4851  0.9936  1.3779 30.9928
  5.5833  0.8697  0.9980  0.8860  5.5780
  5.3852  4.1688  0.9857  2.1610 38.4034
  5.1744  1.0316  0.9961  0.8677  6.9020
  5.6283  3.3451  0.9772  1.1648 29.5002
  5.2439  4.1126  0.9793  1.7802 37.7879
  5.8114  1.7234  0.9808  0.5522 13.0939
  5.2938  2.7042  0.9754  1.3520 22.7978
  6.4522  1.1824  0.9645  1.8397  8.1849
  5.3276  2.2904  0.9691  1.3228 18.6071
  5.8239  4.4520  0.9900  0.8506 41.5248
  4.6680  4.1424  0.9736  0.9380 38.1137
  5.3803  2.2222  0.9793  2.2102 17.9283
  3.5041  3.0864  0.9961  1.1676 26.7677
  4.8662  4.4946  0.9922  1.6368 41.9968
  3.8317  2.2811  0.9836  0.1969 18.5142
  5.0630  3.9737  0.9980  1.5632 36.2696
  5.9797  1.2592  0.9688  1.5898  8.8549
  6.2749  2.6711  0.9791  0.9223 22.4587
  5.6852  1.9787  0.9913  1.3657 15.5381
  5.2296  3.8095  0.9908  1.6959 34.4852
  5.3539  2.3621  0.9702  1.0079 19.3239
  4.2841  2.0883  0.9934  2.2998 16.6076
  6.2981  0.8640  0.9979  1.7335  5.5327
  5.0035  4.0083  0.9941  2.4279 36.6477
  5.0480  3.3952  0.9939  1.1009 30.0340
  5.6156  2.7399  0.9919  1.5642 23.1650
  6.2862  1.9385  0.9874  0.8961 15.1486
  5.1597  3.5818  0.9961  1.9858 32.0289
  4.6580  4.0518  0.9811  0.7394 37.1224
  5.3104  3.3983  0.9690  2.1651 30.0666
  5.1475  1.0956  0.9979  0.6062  7.4407
  5.2600  3.0949  0.9926  2.2227 26.8577
  5.3395  3.1259  0.9687  1.6116 27.1828
  4.9826  4.2158  0.9956  1.5430 38.9195
  6.1844  1.5993  0.9899  0.4234 11.9321
  5.7858  1.7363  0.9822  2.1439 13.2163
  5.1669  0.6824  0.9913  0.4510  4.1297
  4.8562  1.4042  0.9818  2.1507 10.1459
  6.4307  3.4876  0.9568  1.5654 31.0198
  5.8291  2.8368  0.9676  2.6813 24.1655
  6.2112  2.6387  0.9977  1.2316 22.1271
  6.7690  3.7458  0.9980  1.8262 33.7957
  6.5484  0.7080  0.9618  2.7410  4.3215
  5.2361  2.7952  0.9823  1.1375 23.7356
  5.4913  3.2257  0.9732  2.4940 28.2348
  5.5551  3.1818  0.9769  1.3839 27.7714
  4.7244  3.0979  0.9880  2.1950 26.8892
  4.4899  1.9679  0.9713  0.1976 15.4339
  3.9425  2.3947  0.9887  1.2512 19.6510
  5.2069  3.0358  0.9939  1.3986 26.2372
  3.7583  2.7021  0.9904  1.8749 22.7766
  4.2246  2.3382  0.9974  0.8921 19.0848
  4.9369  1.6940  0.9689  1.7775 12.8168
  5.2370  3.0097  0.9821  1.1677 25.9643
  4.7583  2.9087  0.9761  0.3776 24.9118
  4.5740  3.0681  0.9909  1.3417 26.5761
  5.4798  2.4637  0.9808  1.9134 20.3475
  5.5789  4.1607  0.9939  1.4735 38.3142
  4.8712  1.2020  0.9755  0.5572  8.3549
  4.8726  2.6786  0.9960  2.2958 22.5359
  5.3438  3.6116  0.9748  2.0304 32.3495
  5.4913  2.6809  0.9783  0.3595 22.5588
  4.7053  3.6856  0.9956  2.2449 33.1462
  5.0650  1.8092  0.9683  1.4730 13.9074
  4.8215  2.9151  0.9976  0.2235 24.9782
  5.7968  3.5399  0.9763  1.0630 31.5805
  4.6549  1.4850  0.9838  0.6362 10.8793
  4.4930  2.7638  0.9678  1.8779 23.4111
  4.6726  4.2421  0.9862  1.1378 39.2091
  5.8639  1.7007  0.9933  0.7694 12.8800
  4.9917  0.9370  0.9980  1.3194  6.1210
  5.2760  2.8853  0.9744  0.0841 24.6689
  4.5684  0.7878  0.9713  0.7762  4.9328
  4.8766  1.7273  0.9710  1.8566 13.1305
  4.0957  3.9529  0.9862  1.6659 36.0427
  5.7364  0.9420  0.9825  1.8190  6.1617
  3.7408  1.5905  0.9740  1.8448 11.8503
  5.9187  2.9070  0.9676  1.2257 24.8939
  5.1979  0.7331  0.9789  2.0369  4.5119
  5.9063  2.8942  0.9980  0.4570 24.7609
  5.5023  4.4169  0.9845  0.8005 41.1370
  5.8704  0.7637  0.9952  1.3859  4.7461
  3.9920  3.3774  0.9791  0.8939 29.8443
  5.7539  2.5926  0.9677  0.5118 21.6561
  5.5193  3.3368  0.9687  1.8567 29.4121
  5.3401  3.0902  0.9869  2.3904 26.8080
  5.9222  3.0303  0.9858  2.0885 26.1797
  5.1128  1.5571  0.9886  2.0008 11.5420
  5.3851  3.0022  0.9669  1.0198 25.8866
  5.0516  2.0534  0.9781  2.8118 16.2660
  4.7051  1.8738  0.9899  0.9069 14.5259
  5.7262  4.0131  0.9769  1.4662 36.6993
  5.2930  4.1263  0.9925  2.7592 37.9380
  5.3483  3.0296  0.9938  1.2670 26.1728
  4.8491  2.8437  0.9790  2.3011 24.2372
  4.8538  1.2521  0.9812  1.1657  8.7927
  4.8765  1.1961  0.9833  0.8687  8.3039
  5.8174  1.6453  0.9953  0.8298 12.3610
  5.7502  0.7808  0.9672  1.3377  4.8786
  6.2052  1.4071  0.9727  1.1733 10.1721
  5.7265  3.8770  0.9813  1.0635 35.2179
  5.6288  2.0476  0.9847  0.4932 16.2090
  6.0989  3.6341  0.9980  2.2612 32.5913
  4.7372  3.4165  0.9728  0.6254 30.2610
  5.0553  3.0175  0.9715  0.7273 26.0458
  5.0550  2.2572  0.9823  1.9237 18.2763
  5.0392  4.1616  0.9829  1.0119 38.3248
  4.9285  4.2537  0.9837  0.3843 39.3360
  6.2885  3.5143  0.9816  1.6501 31.3059
  5.3306  2.7993  0.9968  1.3023 23.7779
  4.0093  3.7236  0.9725  1.1683 33.5562
  5.2649  2.7635  0.9780  1.1184 23.4084
  5.5344  2.0974  0.9872  0.8297 16.6968
  4.7335  4.1615  0.9785  1.3680 38.3234
  4.2686  3.9334  0.9832  0.3664 35.8309
  5.5155  3.7870  0.9972  1.5541 34.2416
  5.6988  4.1571  0.9956  0.3340 38.2752
  3.5649  4.1594  0.9801  0.5832 38.3008
  5.0274  1.2271  0.9913  1.3398  8.5736
  5.1734  2.8545  0.9774  2.5732 24.3495
  5.2452  2.4623  0.9980  1.1278 20.3334
  5.5756  2.8037  0.9980  1.6580 23.8230
  5.7509  2.6484  0.9775  0.6431 22.2262
  4.9996  2.9868  0.9831  0.6557 25.7254
  4.4625  2.9742  0.9946  1.2084 25.5935
  5.6049  1.2876  0.9846  2.1746  9.1050
  5.2121  4.4178  0.9681  2.5049 41.1461
  4.2566  2.0732  0.9786  1.4770 16.4592
  4.6552  2.4766  0.9715  0.3668 20.4781
  5.2537  0.2956  0.9943  0.5211  1.5159
  5.4559  2.4611  0.9819  0.6371 20.3207
  6.2788  1.5053  0.9927  0.2293 11.0653
  5.1539  2.4455  0.9669  0.4708 20.1635
  5.3536  1.6713  0.9808  2.3672 12.6038
  6.1660  3.4379  0.9742  0.4864 30.4893
  5.3490  2.5724  0.9929  1.1282 21.4498
  4.7918  2.8725  0.9815  1.1301 24.5358
  5.3583  3.7175  0.9680  1.5718 33.4903
  6.1103  4.4912  0.9951  1.2296 41.9591
  4.8192  3.1243  0.9781  2.4528 27.1663
  6.7052  3.2090  0.5547  1.6163 28.0587
  4.8740  1.1342  0.9764  1.7165  7.7698
  3.8833  2.4182  0.9813  1.2072 19.8884
  5.1244  3.0999  0.9980  1.0968 26.9100
  5.6462  1.0977  0.9980  1.7924  7.4590
  6.0327  2.8058  0.9864  1.3449 23.8455
  5.1869  3.4532  0.9822  1.5068 30.6519
  5.7566  1.7626  0.9775  1.1219 13.4648
  5.1002  3.6425  0.9921  1.4593 32.6825
  5.1678  2.9260  0.9807  1.5208 25.0915
  3.7247  1.3969  0.9900  0.1466 10.0802
  4.6388  1.6225  0.9960  0.3092 12.1479
  4.9335  1.7297  0.9713  1.2196 13.1540
  4.2822  4.1086  0.9948  0.8422 37.7439
  5.5133  4.4605  0.9951  1.9189 41.6197
  5.0027  2.7372  0.9843  0.8992 23.1374
  5.8945  0.8900  0.9826  1.6386  5.7407
  4.7838  3.1737  0.9860  2.0926 27.6859
  6.0944  0.8606  0.9945  1.0417  5.5055
  4.9902  0.7546  0.9836  0.3551  4.6763
  5.0575  0.9732  0.9698  1.8726  6.4170
  5.1058  2.5100  0.9965  0.6168 20.8163
  3.5919  4.4658  0.9894  1.5447 41.6774
  4.0192  4.2712  0.9809  1.3973 39.5292
  5.1602  1.4005  0.9758  1.8360 10.1131
  5.2605  2.2337  0.9788  0.1837 18.0422
  5.6848  4.2773  0.9798  1.9625 39.5964
  5.3121  3.9325  0.9851  0.9404 35.8211
  5.5173  3.3750  0.9863  1.7697 29.8186
  5.2284  2.7142  0.9883  0.2968 22.9005
  4.0475  1.7491  0.9776  0.9618 13.3369
  6.2534  2.8839  0.9894  1.3286 24.6540
  5.1492  2.3488  0.9980  1.6635 19.1905
  4.8929  3.4220  0.9727  2.9034 30.3191
  5.3683  3.5635  0.9895  1.3576 31.8333
  5.1766  3.0032  0.9812  1.2100 25.8967
  5.0112  3.3943  0.9788  1.7651 30.0238
  5.0347  3.7783  0.9854  0.9558 34.1477
  5.3312  2.6045  0.9928  0.7993 21.7774
  5.8616  2.1651  0.9865  1.3809 17.3630
  6.1626  1.4494  0.9919  1.5529 10.5553
  5.1185  2.9662  0.9957  0.1150 25.5102
  5.4389  2.1045  0.9878  1.1290 16.7663
  6.9036  1.2804  0.5622  2.0416  9.0419
  6.9622  3.1573  0.5535  2.4856 27.5140
  5.4906  2.9259  0.9768  2.6505 25.0902
  4.1573  1.3867  0.9901  1.5252  9.9888
  5.1062  3.8364  0.9943  1.6309 34.7771
  5.1011  2.3268  0.9755  2.3384 18.9707
  6.9232  1.3546  0.4706  1.6802  9.7006
  4.0954  3.9470  0.9748  0.9844 35.9788
  6.4949  1.1020  0.9629  1.3197  7.4950
  5.1337  1.3007  0.9826  1.8744  9.2207
  5.9867  2.4296  0.9954  1.4107 20.0028
  5.6956  2.3296  0.9715  1.5648 18.9981
  5.9064  0.8326  0.9760  1.0781  5.2835
  5.4284  1.7325  0.9813  0.4376 13.1801
  6.7891  1.7502  0.6262  0.4846 13.3476
  5.5065  2.4396  0.9831  2.9407 20.1042
  4.6368  3.5616  0.9770  1.6632 31.8126
  5.6772  2.4259  0.9808  1.2996 19.9657
  5.5220  1.8189  0.9821  1.9520 14.0000
  6.5788  0.7611  0.9472  0.6769  4.7265
  5.1744  0.7625  0.9672  0.6730  4.7370
  5.2505  2.3797  0.9714  2.0891 19.5009
  4.9098  3.0676  0.9980  0.8313 26.5712
  4.4697  2.2131  0.9720  0.3535 17.8384
  5.1624  1.2151  0.9740  1.4896  8.4687
  5.1494  4.4371  0.9848  0.4448 41.3599
  5.4146  4.2191  0.9679  0.3264 38.9563
  5.1346  4.1311  0.9855  0.6073 37.9903
  4.3521  2.1687  0.9874  1.1855 17.3984
  5.8376  2.0103  0.9974  2.0769 15.8456
  5.2117  2.1811  0.9748  2.8359 17.5213
  5.5897  1.9891  0.9777  0.8058 15.6390
  5.6314  3.4219  0.9923  1.4238 30.3185
  5.2573  1.5880  0.9920  0.4396 11.8272
  5.8856  2.4529  0.9923  1.2962 20.2379
  6.1946  4.2931  0.9878  1.8143 39.7700
  5.0762  4.2981  0.9803  1.2432 39.8247
  5.5316  2.8874  0.9898  0.7525 24.6905
  5.2397  0.9854  0.9980  0.4830  6.5179
  5.2693  3.6273  0.9965  0.1819 32.5189
  5.4047  1.5448  0.9821  0.3143 11.4277
  5.7276  2.3831  0.9833  2.1707 19.5348
  5.6728  1.7781  0.9701  3.0665 13.6124
  5.3508  1.5715  0.9892  0.4299 11.6747
  5.9453  2.2907  0.9711  1.0737 18.6097
  4.5354  1.8933  0.9782  1.5013 14.7131
  5.4634  3.3554  0.9845  1.0248 29.6102
  6.4042  3.0060  0.9571  1.2497 25.9264
  5.0373  1.9231  0.9724  1.5795 15.0000
  4.7053  1.7611  0.9822  2.0666 13.4508
  6.9355  1.7278  0.4707  1.9359 13.1353
  5.3203  0.7396  0.9773  0.3687  4.5613
  5.2856  1.6299  0.9925  2.0900 12.2168
  6.1483  1.7117  0.9778  0.9319 12.9835
  5.3809  2.6053  0.9707  0.9179 21.7857
  5.0721  3.8978  0.9781  0.9108 35.4441
  5.0729  1.8527  0.9959  0.3062 14.3232
  4.5146  1.7694  0.9726  2.3218 13.5297
  4.5610  2.4755  0.9845  1.6270 20.4661
  4.5240  2.5158  0.9718  1.1599 20.8753
  5.2690  3.2365  0.9808  0.8805 28.3497
  4.6805  1.1003  0.9733  1.1194  7.4807
  5.4138  4.3949  0.9878  0.7340 40.8939
  5.2462  4.2746  0.9799  1.1599 39.5666
  6.6624  0.6910  0.8354  1.8082  4.1940
  5.2615  4.0117  0.9682  1.7821 36.6838
  4.9384  1.4457  0.9923  2.3403 10.5215
  6.7278  3.8291  0.5831  0.8800 34.6978
  6.0725  1.5683  0.9692  0.8590 11.6452
  4.7907  1.0227  0.9736  2.3334  6.8272
  5.5746  1.8229  0.9782  0.8960 14.0382
  5.4008  3.6568  0.9933  2.5738 32.8359
  5.9610  3.5832  0.9678  2.4427 32.0446
  3.8874  3.9295  0.9667  0.6168 35.7886
  6.1607  2.9676  0.9729  2.8845 25.5252
  5.3659  2.9221  0.9909  2.2816 25.0509
  6.1863  2.3614  0.9759  1.4306 19.3173
  3.9621  3.1507  0.9980  1.9236 27.4436
  5.2903  3.1040  0.9966  1.1579 26.9531
  5.2603  1.9415  0.9980  1.0893 15.1777
  4.8781  2.6129  0.9711  0.4515 21.8627
  5.3219  3.1880  0.9932  1.7192 27.8368
  5.5503  3.9935  0.9695  0.7177 36.4853
  5.3412  2.6771  0.9776  2.3334 22.5201
  6.3035  0.8029  0.9846  1.9705  5.0501
  5.1272  2.9447  0.9824  1.2512 25.2866
  5.4404  3.0933  0.9724  0.4594 26.8408
  5.2457  2.0401  0.9758  0.8746 16.1356
  5.1464  2.5314  0.9903  0.2720 21.0334
  4.6800  2.6647  0.9762  0.6003 22.3928
  4.7302  3.4376  0.9711  0.5059 30.4856
  5.4517  3.2479  0.9974  2.2243 28.4705
  4.0062  4.4078  0.9706  2.1388 41.0364
  5.5696  3.5804  0.9910  1.7966 32.0143
  5.7482  3.3696  0.9749  0.8677 29.7608
  5.1538  2.4990  0.9737  1.6748 20.7049
  4.9508  3.8897  0.9710  1.6147 35.3559
  6.7501  2.7600  0.5968  1.6444 23.3723
  5.8174  1.7520  0.9677  1.4887 13.3646
  6.2438  1.8578  0.9823  1.2896 14.3724
  5.7979  1.2198  0.9815  1.7767  8.5098
  5.7082  4.4249  0.9685  2.0706 41.2256
  5.2659  3.7415  0.9880  1.1089 33.7498
  4.5309  1.3305  0.9980  1.0511  9.4860
  4.8546  2.7617  0.9805  0.5115 23.3902
  4.7671  2.6353  0.9965  1.5656 22.0922
  4.8585  1.9985  0.9789  0.4089 15.7309
  5.3799  4.3311  0.9873  2.7625 40.1894
  5.3174  2.6631  0.9923  0.7366 22.3768
  5.8156  0.7980  0.9794  2.0675  5.0123
  4.3923  0.8784  0.9913  2.0886  5.6479
  6.4316  2.0333  0.9850  0.9548 16.0690
  5.4242  1.1730  0.9917  1.7343  8.1035
  4.8701  0.4913  0.9953  2.6309  2.7652
  5.1595  3.8436  0.9932  0.8919 34.8550
  6.2115  2.9027  0.9681  1.4762 24.8491
  5.1782  3.1464  0.9898  1.0222 27.3987
  5.3953  4.2081  0.9848  2.3450 38.8350
  5.3880  3.5565  0.9775  0.6867 31.7578
  4.7218  3.5536  0.9697  0.6099 31.7273
  5.0840  3.1100  0.9875  1.0974 27.0156
  5.2910  1.4700  0.9886  0.3709 10.7423
  5.0930  1.5443  0.9750  1.7699 11.4237
  5.2658  1.3128  0.9744  1.4158  9.3285
  5.3917  2.5119  0.9744  1.4147 20.8352
  5.3331  1.6807  0.9809  2.5766 12.6924
  6.0124  0.9651  0.9931  1.0760  6.3508
  6.5201  1.4139  0.8885  1.9835 10.2334
  6.5298  3.7207  0.6558  0.6246 33.5251
  5.0241  1.7770  0.9946  0.6612 13.6013
  4.4138  3.1669  0.9796  0.9568 27.6152
  5.2086  1.8367  0.9871  2.7948 14.1707
  5.5801  1.7572  0.9774  2.1867 13.4134
  5.5021  3.6745  0.9709  0.9809 33.0271
  6.2829  1.1999  0.9980  0.7981  8.3366
  5.0607  3.3651  0.9691  0.1032 29.7129
  6.0859  0.7871  0.9786  2.0972  4.9273
  4.9944  0.6059  0.9840  0.9497  3.5684
  6.6468  4.2898  0.6784  1.9903 39.7340
  4.7101  3.0232  0.9941  2.6624 26.1054
  5.4609  0.9237  0.9746  2.9161  6.0125
  5.5677  2.3400  0.9679  1.2076 19.1026
  5.5232  4.2592  0.9706  2.0972 39.3972
  5.4883  3.7059  0.9673  1.0460 33.3658
  5.2290  1.8450  0.9684  2.0183 14.2494
  5.5836  2.8397  0.9875  1.3012 24.1958
  3.6124  1.0363  0.9704  2.0253  6.9408
  5.7934  2.0767  0.9808  1.1922 16.4933
  4.5504  4.2069  0.9677  1.2339 38.8218
  5.6457  1.3918  0.9673  1.8141 10.0347
  5.1192  2.8638  0.9858  1.4508 24.4454
  6.4893  2.5663  0.8895  1.1459 21.3883
  4.7972  4.1091  0.9775  0.7929 37.7493
  5.2266  3.6103  0.9845  2.6278 32.3358
  4.6130  2.7524  0.9930  0.5321 23.2944
  5.2277  0.7543  0.9782  0.3446  4.6743
  5.2015  1.0209  0.9838  1.4212  6.8121
  5.8048  2.5521  0.9822  1.3412 21.2436
  5.4688  2.3054  0.9853  1.1820 18.7560
  4.2339  2.1958  0.9753  0.6036 17.6668
  5.2193  2.5545  0.9705  0.6185 21.2677
  5.3798  3.2772  0.9707  2.2488 28.7806
  4.7170  3.0139  0.9885  1.0402 26.0085
  5.7853  4.2998  0.9909  0.6305 39.8434
  4.0467  2.3456  0.9861  2.4574 19.1590
  5.7343  4.3200  0.9767  1.2683 40.0664
  5.0870  4.1009  0.9712  1.1498 37.6598
  5.8137  1.6374  0.9866  0.8847 12.2868
  5.7908  0.7442  0.9861  0.3281  4.5963
  4.5992  3.7974  0.9856  0.3629 34.3543
  5.0876  0.3964  0.9801  0.3073  2.1385
  5.2212  1.4195  0.9752  1.0823 10.2841
  5.4491  2.1133  0.9842  0.8118 16.8524
  5.2024  2.0208  0.9685  0.4143 15.9472
  5.1694  0.9632  0.9679  0.4189  6.3350
  4.4277  3.1803  0.9873  1.4178 27.7562
  5.1558  3.9782  0.9877  1.7871 36.3189
  5.6082  4.1644  0.9689  1.9505 38.3557
  5.4318  3.6996  0.9980  1.7985 33.2974
  6.4879  0.1310  0.9730  0.7803  0.6091
  5.3752  1.2667  0.9903  0.3623  8.9211
  3.5538  2.6630  0.9680  2.4158 22.3755
  4.7672  2.8360  0.9789  1.2397 24.1576
  6.7724  1.9080  0.9387  0.1338 14.8547
  5.2900  3.4562  0.9703  2.6017 30.6849
  4.4809  2.0886  0.9669  2.2524 16.6101
  4.9275  2.3064  0.9806  1.1795 18.7664
  4.7737  3.0371  0.9922  2.9026 26.2512
  5.3311  3.7734  0.9700  0.7065 34.0945
  6.5389  3.4528  0.8369  2.4919 30.6484
  4.9763  1.6041  0.9914  0.3348 11.9773
  5.6065  3.1066  0.9953  1.2778 26.9806
  4.6550  2.5221  0.9925  1.7412 20.9388
  3.5571  4.2979  0.9687  0.4433 39.8229
  5.3208  4.4709  0.9844  1.1897 41.7341
  4.5218  1.8944  0.9882  2.2513 14.7237
  5.7577  1.7253  0.9927  1.2456 13.1118
  4.7121  1.3302  0.9805  0.9934  9.4829
  5.6418  1.0460  0.9841  1.2660  7.0227
  6.1189  2.6661  0.9883  0.1595 22.4069
  6.2121  0.4106  0.9693  1.0050  2.2296
  6.0667  3.0226  0.9791  2.0067 26.0998
  6.0445  0.5823  0.9790  1.0112  3.3988
  4.9608  1.9225  0.9729  1.3149 14.9948
  5.0221  2.2836  0.9775  1.9892 18.5392
  5.9697  1.8618  0.9980  1.7867 14.4102
  5.2401  3.0316  0.9917  0.6992 26.1935
  5.0923  3.0081  0.9701  2.4186 25.9481
  5.6044  2.0151  0.9755  1.8164 15.8922
  6.0337  4.4038  0.9714  0.9558 40.9916
  4.6447  1.5565  0.9683  1.3038 11.5361
  4.4213  2.6746  0.9685  1.4720 22.4943
  5.2192  4.2225  0.9862  1.7528 38.9931
  5.1937  1.8906  0.9804  0.4282 14.6871
  5.4302  1.8055  0.9859  2.2933 13.8725
  6.0612  0.8194  0.9980  1.3474  5.1797
  5.2286  2.7104  0.9874  2.5513 22.8621
  5.5178  2.4013  0.9808  1.4030 19.7180
  5.8555  2.3003  0.9898  2.6378 18.7058
  5.0999  3.4987  0.9971  2.9245 31.1392
  5.0370  1.9026  0.9845  1.0137 14.8027
  5.7263  2.5152  0.9869  2.0899 20.8686
  5.6859  2.4419  0.9980  0.9309 20.1272
  4.9497  1.8905  0.9695  0.2154 14.6861
  5.6761  3.1956  0.9669  1.9903 27.9174
  5.8862  3.3452  0.9949  1.3996 29.5013
  5.8984  2.1309  0.9848  1.9227 17.0260
  5.9860  3.0877  0.9693  1.8429 26.7819
  4.0087  1.9606  0.9874  2.7868 15.3625
  5.7419  2.7337  0.9926  1.8119 23.1013
  6.0929  3.5229  0.9739  0.1536 31.3980
  4.4405  4.4710  0.9766  0.6616 41.7350
  4.6307  0.9601  0.9731  1.4854  6.3100
  5.2552  2.7021  0.9674  1.0430 22.7765
  4.3155  3.5140  0.9866  0.2950 31.3023
  6.8942  1.1924  0.5331  2.5882  8.2718
  4.4261  2.0401  0.9844  1.8794 16.1359
  4.3472  4.1283  0.9801  3.0107 37.9598
  5.0967  3.3832  0.9743  0.7867 29.9064
  5.6428  1.6982  0.9820  2.2046 12.8567
  5.7475  2.0188  0.9896  2.5676 15.9280
  6.8176  0.8940  0.6623  1.8579  5.7724
  5.8709  2.3044  0.9846  1.1656 18.7464
  5.2951  0.9935  0.9924  1.7127  6.5853
  5.4672  1.7311  0.9888  1.8080 13.1665
  6.3516  1.2285  0.9819  0.3697  8.5858
  4.0851  2.1988  0.9772  1.3560 17.6963
  5.2456  2.6305  0.9847  1.2230 22.0425
  5.3312  0.6549  0.9827  0.7512  3.9260
  5.3400  1.6992  0.9959  2.0460 12.8659
  5.7235  2.5865  0.9689  1.9100 21.5937
  5.7760  2.8625  0.9844  0.6944 24.4322
  5.6687  2.1568  0.9742  1.1287 17.2809
  4.9802  1.6368  0.9895  1.0581 12.2810
  4.7053  2.0606  0.9951  2.1848 16.3361
  5.4819  2.8437  0.9709  2.7480 24.2373
  5.5113  2.2036  0.9685  1.3327 17.7440
  5.1640  1.5070  0.9715  2.8997 11.0807
  6.6688  0.8182  0.8242  1.2986  5.1704
  5.2971  3.6607  0.9749  0.3689 32.8778
  5.3557  1.0220  0.9774  1.6427  6.8220
  5.2630  1.4036  0.9789  1.5943 10.1404
  6.3805  1.2537  0.9914  2.6188  8.8064
  5.5363  1.9557  0.9688  2.0584 15.3151
  5.1766  3.9695  0.9690  0.9744 36.2236
  5.8497  2.6307  0.9815  1.9301 22.0447
  4.3976  2.0344  0.9719  0.3463 16.0801
  5.0630  1.5351  0.9917  0.6975 11.3384
  4.5407  2.8055  0.9844  1.6037 23.8422
  4.7006  4.2357  0.9980  1.3846 39.1379
  4.6128  3.8772  0.9810  1.4102 35.2199
  5.5855  1.3213  0.9963  1.3003  9.4039
  5.6450  3.0994  0.9878  2.7464 26.9050
  4.9467  1.6829  0.9951  1.7795 12.7125
  4.9419  2.4861  0.9738  1.6893 20.5741
  6.6792  1.8720  0.6237  2.9495 14.5080
  4.1162  3.9003  0.9830  0.2902 35.4708
  5.3344  1.1284  0.9911  1.1831  7.7200
  4.6851  2.2202  0.9980  0.2009 17.9085
  6.1883  1.4746  0.9874  1.6596 10.7850
  6.0719  2.7729  0.9805  1.9072 23.5054
  5.2477  4.2909  0.9968  1.2430 39.7456
  5.8951  2.2714  0.9893  2.9636 18.4172
  3.8767  2.1800  0.9744  0.8615 17.5101
  5.0996  3.7670  0.9816  0.1254 34.0257
  5.3837  2.2597  0.9746  1.4300 18.3009
  5.0348  2.4819  0.9670  2.3609 20.5315
  5.2983  2.8079  0.9906  1.4321 23.8672
  4.4649  2.6205  0.9980  0.5904 21.9406
  4.7778  1.0142  0.9810  0.4548  6.7568
  5.8115  2.8610  0.9905  1.6880 24.4161
  5.0142  2.2521  0.9893  1.2516 18.2255
  4.3604  0.7270  0.9841  0.7338  4.4656
  4.9397  3.0559  0.9920  0.6829 26.4478
  5.0137  2.5014  0.9905  0.8716 20.7289
  5.5008  3.7549  0.9756  0.5402 33.8943
  5.3438  2.2693  0.9968  1.3575 18.3960
  4.9595  1.9291  0.9738  0.5279 15.0583
  4.3243  3.1854  0.9866  1.3110 27.8098
  6.6210  1.1051  0.7778  2.0686  7.5212
  5.2314  3.5992  0.9954  1.0034 32.2161
  4.6331  2.8216  0.9787  1.7213 24.0080
  5.5202  1.7237  0.9814  0.6147 13.0967
  5.1049  2.9425  0.9954  0.4888 25.2630
  5.3663  0.8811  0.9954  0.9315  5.6691
  5.4201  2.2391  0.9744  1.1642 18.0961
  5.3561  3.0617  0.9976  0.8537 26.5092
  5.2545  2.6565  0.9704  0.5318 22.3089
  6.5055  2.4883  0.7408  1.6737 20.5958
  5.7471  1.2492  0.9701  1.6001  8.7668
  5.3443  0.8189  0.9866  2.2665  5.1757
  3.6636  3.9619  0.9695  0.9522 36.1416
  4.6585  1.5915  0.9747  1.3226 11.8604
  5.6799  2.3783  0.9887  0.8387 19.4864
  5.4670  1.7464  0.9728  0.1613 13.3113
  5.1690  4.0851  0.9668  2.3639 37.4860
  6.3619  2.8344  0.9684  1.0077 24.1410
  4.0280  1.9983  0.9759  0.5993 15.7283
  5.5391  1.4605  0.9748  0.0693 10.6557
  5.4723  2.7278  0.9980  1.3941 23.0408
  4.4855  3.8964  0.9811  0.4153 35.4284
  5.0834  3.2275  0.9889  2.1822 28.2544
  5.1519  1.6841  0.9980  1.7879 12.7243
  4.9653  3.1392  0.9930  1.0864 27.3232
  5.7983  1.3689  0.9734  1.9149  9.8291
  4.8172  3.4068  0.9701  0.4604 30.1576
  5.4499  3.4709  0.9879  1.9056 30.8415
  4.8620  2.8428  0.9980  1.2091 24.2274
  5.4270  4.0429  0.9874  1.4938 37.0249
  4.8901  3.5915  0.9796  0.5853 32.1336
  5.4731  3.2913  0.9775  1.9510 28.9295
  4.5112  1.0003  0.9750  1.4518  6.6414
  5.0559  1.0553  0.9927  1.2331  7.1006
  5.8626  3.7720  0.9922  0.2071 34.0791
  4.9954  2.2102  0.9914  0.3698 17.8088
  5.2366  3.3699  0.9843  0.3170 29.7642
  5.4569  3.4193  0.9798  0.1927 30.2909
  6.1680  3.3245  0.9912  1.4640 29.2819
  5.7323  3.2189  0.9876  1.4744 28.1637
  5.6860  0.2471  0.9896  0.6929  1.2335
  5.2801  3.0061  0.9785  1.8053 25.9273
  5.9222  2.3960  0.9674  1.2437 19.6647
  5.4512  2.9706  0.9671  0.9986 25.5563
  4.9638  2.6160  0.9855  0.1711 21.8951
  5.2177  4.2735  0.9702  0.5826 39.5539
  3.8558  1.9058  0.9828  1.0715 14.8334
  4.7904  1.9266  0.9953  1.2579 15.0339
  5.0357  2.6726  0.9890  0.7789 22.4744
  4.4928  2.8048  0.9766  1.8918 23.8352
  4.4850  2.9305  0.9674  1.1429 25.1381
  5.5725  3.6287  0.9697  1.8755 32.5337
  4.8116  2.0388  0.9784  0.7956 16.1231
  5.1460  2.2714  0.9958  0.5019 18.4173
  5.3808  1.3016  0.9980  2.0877  9.2291
  6.0694  2.9368  0.9836  2.0190 25.2038
  4.8894  1.0566  0.9785  0.8789  7.1116
  5.0801  4.3543  0.9948  0.5342 40.4446
  5.8964  1.9601  0.9863  0.9458 15.3581
  6.7286  1.9599  0.5722  0.6745 15.3556
  3.8871  2.1102  0.9742  2.2098 16.8224
  5.7602  1.8924  0.9886  0.3334 14.7039
  4.7982  3.3909  0.9916  1.8790 29.9883
  4.8918  3.0522  0.9882  0.8482 26.4094
  4.9452  0.6939  0.9912  1.6893  4.2158
  5.1635  1.1152  0.9980  1.5198  7.6080
  4.6964  2.9934  0.9980  1.7777 25.7939
  4.8062  3.2384  0.9758  0.0965 28.3690
  5.2834  0.8227  0.9692  1.4924  5.2053
  6.0166  1.1685  0.9932  1.3145  8.0650
  6.0777  3.1925  0.9826  0.4296 27.8850
  5.3195  3.0742  0.9726  1.8064 26.6406
  5.7823  1.0861  0.9727  0.4091  7.3606
  5.7273  1.9020  0.9691  0.7079 14.7970
  4.4014  3.9941  0.9718  0.1868 36.4925
  5.5866  2.6141  0.9744  1.0511 21.8756
  4.9713  0.7139  0.9918  0.4949  4.3663
  5.7337  2.5621  0.9980  2.2995 21.3455
  5.4960  0.9752  0.9878  0.3913  6.4336
  5.2252  3.6085  0.9816  1.2555 32.3161
  6.9407  2.3635  0.4509  1.1365 19.3384
  5.3664  3.9316  0.9752  2.7444 35.8116
  4.5950  2.9765  0.9815  1.5268 25.6183
  5.1056  2.0528  0.9752  1.4139 16.2594
  4.5059  3.6682  0.9721  1.2815 32.9591
  5.3261  3.2529  0.9930  1.3610 28.5226
  5.0063  3.8498  0.9736  1.3233 34.9228
  4.8376  0.5786  0.9679  1.4084  3.3730
  6.0154  0.6896  0.9744  2.2472  4.1835
  5.3754  1.4564  0.9724  0.8627 10.6187
  4.7661  2.0644  0.9953  2.8756 16.3731
  5.3089  3.5932  0.9845  1.9792 32.1524
  5.6017  2.2282  0.9855  1.8536 17.9878
  4.7974  2.9779  0.9886  0.7295 25.6328
  4.4490  2.2309  0.9783  2.8431 18.0141
  4.6215  3.0981  0.9766  0.8984 26.8911
  5.3930  1.5832  0.9980  2.6270 11.7829
  4.8301  1.8255  0.9671  0.6239 14.0629
  5.6390  2.3272  0.9962  2.1321 18.9742
  5.0188  2.9903  0.9953  2.2032 25.7622
  4.9809  2.8139  0.9729  2.8169 23.9284
  5.5041  3.2922  0.9736  1.3259 28.9387
  5.0940  2.4722  0.9970  1.4757 20.4326
  6.1976  2.4039  0.9848  2.2938 19.7439
  6.0072  1.5203  0.9797  2.0216 11.2025
  4.4628  2.0699  0.9878  2.2023 16.4269
  5.2229  1.9492  0.9980  1.1009 15.2520
  5.1873  1.5249  0.9742  1.1552 11.2453
  4.5310  3.0312  0.9944  2.3900 26.1898
  5.5036  3.3771  0.9771  0.4781 29.8414
  5.1052  3.5987  0.9720  1.1660 32.2106
  3.6513  1.8815  0.9874  1.7544 14.5992
  5.1737  2.6079  0.9897  0.9858 21.8125
  4.5722  1.4116  0.9929  0.0605 10.2126
  3.6211  3.7878  0.9961  1.8844 34.2504
  5.8303  2.1188  0.9770  0.3693 16.9066
  6.6792  1.6525  0.7187  0.8438 12.4284
  4.4365  1.7056  0.9891  1.7252 12.9262
  6.8587  0.8776  0.6644  0.9809  5.6414
  5.1443  4.2477  0.9756  1.7652 39.2702
  5.4637  4.2306  0.9955  1.7694 39.0824
  6.2003  1.4047  0.9693  1.0984 10.1505
  4.8891  0.7516  0.9923  3.0112  4.6533
  4.9191  1.1992  0.9728  2.5256  8.3305
  5.8671  1.8978  0.9920  2.0261 14.7559
  5.0454  3.0196  0.9979  2.6961 26.0681
  6.0282  0.8974  0.9970  1.2667  5.8000
  5.2454  3.2130  0.9932  2.0121 28.1014
  4.7679  1.0069  0.9837  1.0559  6.6957
  4.4710  0.8347  0.9818  2.8790  5.2997
  5.4785  2.0537  0.9845  2.7927 16.2686
  4.8884  0.9396  0.9679  1.9136  6.1417
  6.1202  1.2758  0.9776  2.1126  9.0009
  5.2961  3.3251  0.9946  0.7335 29.2884
  5.4155  3.4350  0.9914  1.9967 30.4581
  4.2504  3.6096  0.9888  0.8206 32.3277
  5.2443  4.1892  0.9930  1.4423 38.6272
  6.2790  0.6390  0.9690  0.9568  3.8086
  5.7628  1.8556  0.9767  1.5656 14.3511
  5.3125  2.1721  0.9756  1.4929 17.4318
  5.0653  2.1365  0.9980  0.4105 17.0806
  6.0346  2.8628  0.9891  0.1398 24.4351
  5.3086  2.3450  0.9760  0.5118 19.1522
  4.6271  1.2761  0.9854  0.9176  9.0039
  5.4983  3.6298  0.9718  2.3578 32.5452
  6.5681  1.3620  0.8738  1.4551  9.7667
  5.1485  2.4373  0.9968  0.8021 20.0805
  4.8595  3.7193  0.9849  0.0878 33.5104
  4.8856  0.9721  0.9902  1.8252  6.4083
  4.9464  4.1240  0.9843  1.4890 37.9126
  5.9543  2.9352  0.9896  2.8836 25.1869
  6.8957  2.8677  0.4993  0.8053 24.4858
  6.7373  2.5013  0.9160  1.5270 20.7282
  4.6352  3.4404  0.9819  1.2857 30.5153
  5.6088  3.7649  0.9980  2.2137 34.0026
  5.0423  0.9930  0.9783  1.2885  6.5810
  5.1697  3.0402  0.9980  0.6549 26.2840
  4.2545  1.8663  0.9758  2.3658 14.4533
  5.5858  2.6675  0.9980  1.7876 22.4221
  4.2203  3.5289  0.9930  1.4342 31.4616
  4.8031  1.8698  0.9674  1.3472 14.4873
  6.2482  3.9936  0.9876  2.9650 36.4870
  5.3546  4.1889  0.9831  1.3186 38.6244
  5.3757  1.9365  0.9936  1.8631 15.1297
  6.6638  2.0374  0.6220  1.7162 16.1094
  5.2179  1.7229  0.9742  1.7185 13.0889
  5.7488  2.4737  0.9978  2.0621 20.4481
  5.8725  0.7718  0.9980  1.5022  4.8088
  5.0104  3.5081  0.9810  0.5570 31.2391
  4.6924  2.6989  0.9865  1.6182 22.7438
  4.8751  4.3124  0.9845  0.3260 39.9827
  5.0296  2.4876  0.9738  1.4515 20.5890
  4.9676  1.9259  0.9667  0.4737 15.0275
  4.4422  1.1709  0.9909  0.9685  8.0852
  4.0605  3.1353  0.9725  2.1575 27.2822
  4.8832  0.8218  0.9793  1.0972  5.1981
  4.8586  2.2800  0.9925  2.5017 18.5027
  6.2912  0.6575  0.9737  1.7934  3.9451
  5.5917  2.8466  0.9839  2.8788 24.2675
  4.6375  4.0659  0.9735  0.5327 37.2765
  4.8264  3.0841  0.9783  1.2871 26.7439
  6.1572  3.0254  0.9938  0.7821 26.1292
  6.3763  2.8662  0.9964  1.7467 24.4700
  6.8222  2.9696  0.5428  2.1347 25.5460
  6.6135  2.1969  0.9093  2.9874 17.6772
  5.2871  1.9527  0.9877  1.2640 15.2859
  6.3188  0.8601  0.9965  0.2947  5.5016
  5.0398  1.1746  0.9898  0.7207  8.1179
  5.2164  0.6529  0.9907  1.5134  3.9107
  5.6634  1.9184  0.9804  1.3468 14.9551
  5.1393  2.5746  0.9678  1.1927 21.4724
  5.9676  2.8005  0.9923  0.2096 23.7905
  6.5612  1.5770  0.9894  2.4616 11.7260
  5.7853  2.3368  0.9980  2.3746 19.0703
  4.3009  2.4919  0.9878  2.6293 20.6330
  6.0927  2.9995  0.9918  0.3979 25.8584
  5.1658  1.6835  0.9934  0.9784 12.7182
  4.4084  2.2945  0.9813  0.7714 18.6477
  3.7914  2.6092  0.9718  2.1047 21.8256
  6.0962  1.3277  0.9980  0.7467  9.4608
  5.8708  0.7821  0.9693  0.4175  4.8882
  5.6961  2.9674  0.9675  0.3661 25.5228
  6.5111  0.9928  0.9145  1.1462  6.5793
  5.9690  1.5705  0.9850  0.3706 11.6653
  6.3751  3.4371  0.9704  1.5021 30.4800
  6.1696  1.9718  0.9889  2.0822 15.4710
  5.7667  2.1101  0.9796  0.7362 16.8213
  6.0688  2.3145  0.9749  0.5445 18.8473
  5.1588  2.4979  0.9954  0.5108 20.6932
  4.0292  3.0982  0.9843  2.3964 26.8924
  5.1120  2.9742  0.9980  1.0189 25.5944
  4.9230  1.5314  0.9863  1.0190 11.3050
  4.9090  4.0502  0.9929  1.7387 37.1052
  4.8578  2.3263  0.9853  1.3413 18.9657
  5.8478  2.4935  0.9980  0.1988 20.6491
  5.9851  1.8080  0.9872  0.9916 13.8961
  5.3735  0.7845  0.9793  0.4160  4.9074
  5.2273  3.4008  0.9889  1.2877 30.0931
  5.2747  3.4275  0.9710  0.4018 30.3783
  4.9949  2.1486  0.9847  0.5053 17.1998
  4.5528  2.5835  0.9907  1.5404 21.5633
  5.6713  4.1549  0.9797  0.4152 38.2511
  5.3267  2.1310  0.9817  1.0999 17.0270
  5.6786  3.7322  0.9980  1.2630 33.6494
  5.7099  1.7043  0.9971  0.5838 12.9142
  6.5894  2.5303  0.8749  1.8186 21.0216
  5.1899  1.6812  0.9767  0.8018 12.6971
  5.5222  2.7467  0.9980  0.1660 23.2356
  6.0932  3.1552  0.9790  2.3465 27.4912
  5.1330  3.5128  0.9914  2.7875 31.2899
  5.5887  4.4084  0.9883  0.7949 41.0421
  5.4489  3.8247  0.9949  1.3387 34.6504
  5.2369  2.2559  0.9884  2.2650 18.2633
  4.9414  3.8015  0.9689  0.6237 34.3990
  5.6438  2.3170  0.9668  1.7087 18.8728
  5.2281  3.3748  0.9738  0.7511 29.8161
  5.1382  2.8430  0.9805  0.6184 24.2299
  5.3301  1.3837  0.9956  1.2517  9.9613
  5.4023  4.3204  0.9980  1.7986 40.0710
  4.5370  2.4461  0.9668  1.5928 20.1696
  6.5956  2.5269  0.7456  1.1661 20.9878
  5.9968  3.3448  0.9747  2.0683 29.4976
  5.5530  4.4539  0.9942  2.0342 41.5464
  5.6536  2.7911  0.9980  1.6983 23.6933
  4.9177  1.2189  0.9948  1.1155  8.5021
  4.7609  2.1724  0.9869  1.2602 17.4354
  4.8737  2.9262  0.9844  0.8827 25.0939
  6.2993  2.8569  0.9797  1.3039 24.3742
  6.3217  2.1689  0.9787  0.7413 17.4004
  6.0825  3.0688  0.9728  2.3946 26.5834
  5.2544  3.4725  0.9809  0.7151 30.8583
  5.5852  3.6950  0.9837  0.9513 33.2480
  4.4788  2.1352  0.9879  0.8063 17.0685
  5.1251  1.6051  0.9858  0.3951 11.9861
  5.3414  3.3818  0.9763  0.9892 29.8905
  5.2920  0.8376  0.9853  1.0565  5.3234
  5.6126  3.1830  0.9935  0.9830 27.7848
  4.0423  2.6212  0.9809  1.4074 21.9474
  5.8503  3.1988  0.9828  1.1305 27.9514
  5.3548  3.5160  0.9748  0.4921 31.3236
  5.1893  4.3926  0.9736  1.6698 40.8677
  5.8692  2.1936  0.9701  1.2513 17.6452
  5.3703  2.4690  0.9895  0.8594 20.4008
  5.9518  3.8567  0.9696  0.8652 34.9975
  5.8335  3.9597  0.9687  1.8601 36.1172
  5.0981  3.1085  0.9826  2.1637 27.0007
  5.2522  2.2133  0.9940  1.4790 17.8400
  6.1535  2.2006  0.9747  0.5932 17.7137
  5.6618  3.0453  0.9976  0.3360 26.3376
  4.8811  2.9857  0.9763  0.9436 25.7142
  6.3145  0.5051  0.9950  1.0883  2.8595
  3.7386  2.8628  0.9969  1.1657 24.4354
  5.1317  3.1072  0.9701  1.7415 26.9865
  6.1138  1.2204  0.9807  0.2327  8.5154
  4.9847  3.6935  0.9733  2.2735 33.2314
  4.1860  3.3553  0.9745  2.5440 29.6090
  5.2224  3.2426  0.9943  1.9274 28.4141
  4.9795  3.2037  0.9980  1.2147 28.0025
  5.6062  1.4253  0.9799  0.7805 10.3370
  6.5264  1.2493  0.9393  2.2803  8.7680
  4.2747  3.3062  0.9687  2.1033 29.0871
  4.3748  1.9139  0.9800  2.4832 14.9116
  4.8649  0.6179  0.9775  0.5438  3.6551
  6.4313  1.4706  0.9834  1.4652 10.7478
  4.3112  0.7548  0.9926  1.2801  4.6779
  5.3740  1.3265  0.9674  0.8252  9.4496
  4.5300  3.6732  0.9847  1.4396 33.0123
  5.3650  4.3544  0.9808  1.1226 40.4456
  5.0358  4.0776  0.9842  2.3997 37.4047
  6.0410  2.8084  0.9791  1.2316 23.8724
  4.1935  1.4953  0.9763  1.7407 10.9741
  5.6521  3.7526  0.9815  1.7932 33.8694
  4.8756  2.7532  0.9739  1.2369 23.3023
  4.8734  1.4343  0.9962  1.1415 10.4180
  4.2015  2.7831  0.9940  1.3224 23.6101
  4.7332  1.9115  0.9908  2.0835 14.8880
  4.3424  1.6570  0.9711  0.4288 12.4706
  5.2841  2.5365  0.9819  2.1304 21.0849
  3.9506  3.0371  0.9755  1.1994 26.2513
  6.0224  3.9091  0.9834  1.0658 35.5664
  5.2025  1.5411  0.9937  1.4118 11.3938
  5.2958  1.2804  0.9699  1.5032  9.0418
  4.7982  3.4005  0.9980  1.6808 30.0900
  5.5426  1.4881  0.9958  1.9264 10.9077
  4.9464  1.6826  0.9863  1.5787 12.7100
  5.7857  0.8344  0.9815  0.4971  5.2974
  3.9203  1.7423  0.9783  0.6302 13.2729
  4.4021  2.6064  0.9927  1.5235 21.7971
  6.9365  1.2309  0.3943  1.8145  8.6066
  5.6273  0.7645  0.9796  1.2972  4.7522
  5.1195  2.4600  0.9926  1.6650 20.3093
  5.4666  3.5002  0.9816  0.7583 31.1551
  4.4041  1.9984  0.9979  1.5604 15.7297
  5.4465  1.7985  0.9685  0.6648 13.8056
  5.7626  2.2578  0.9757  1.1672 18.2815
  5.0081  3.5156  0.9980  1.5664 31.3198
  6.3574  2.5884  0.9926  0.4988 21.6135
  5.1941  1.7499  0.9895  2.3667 13.3443
  5.2845  1.8707  0.9778  2.3464 14.4964
  5.6368  1.9002  0.9698  2.7052 14.7795
  5.1330  3.0942  0.9980  1.8051 26.8502
  6.1963  1.4361  0.9882  1.0753 10.4346
  4.7095  2.2456  0.9689  2.8467 18.1610
  5.1965  1.5745  0.9952  2.3025 11.7025
  4.2694  1.4393  0.9673  1.2290 10.4637
  6.3333  1.0691  0.9980  0.2330  7.2169
  5.6911  1.9733  0.9772  0.5647 15.4855
  5.0204  2.1717  0.9672  0.4295 17.4280
  4.8242  2.9255  0.9881  0.4302 25.0864
  5.3457  2.3445  0.9857  0.6555 19.1472
  4.6859  3.7763  0.9797  1.9130 34.1262
  5.8471  2.2629  0.9821  0.6740 18.3324
  6.6698  2.1440  0.8188  1.9324 17.1552
  5.5050  2.6608  0.9835  2.5488 22.3533
  5.3772  3.2525  0.9701  1.3423 28.5192
  6.1342  2.6139  0.9752  1.1002 21.8729
  5.6739  1.1610  0.9790  0.2003  8.0006
  4.5759  4.2948  0.9691  1.8482 39.7889
  5.1921  3.9645  0.9814  1.9177 36.1694
  5.2565  3.2634  0.9739  0.7979 28.6339
  4.0280  1.8474  0.9768  2.0779 14.2730
  4.7589  1.0226  0.9935  0.9998  6.8266
  5.2577  4.0983  0.9977  1.1952 37.6314
  4.5934  0.3906  0.9854  0.9608  2.1011
  5.8887  0.9828  0.9960  1.6614  6.4965
  4.9632  2.8684  0.9965  0.4356 24.4931
  4.3994  4.3083  0.9695  2.3489 39.9374
  5.5321  3.2351  0.9812  2.4855 28.3342
  4.8218  1.4639  0.9897  1.2316 10.6871
  5.9885  3.5826  0.9747  3.0562 32.0381
  3.7142  1.9764  0.9930  0.9415 15.5159
  5.9325  0.7277  0.9674  1.3022  4.4711
  6.2375  0.8726  0.9841  1.1673  5.6014
  4.9839  0.9671  0.9769  1.1428  6.3671
  3.9107  1.5864  0.9778  0.9187 11.8128
  5.1083  3.1689  0.9675  0.9792 27.6361
  5.7049  3.1983  0.9881  2.8542 27.9454
  4.6746  2.0577  0.9973  2.2288 16.3077
  6.0391  3.9161  0.9747  2.3102 35.6427
  5.2801  3.3873  0.9930  1.2289 29.9492
  4.8116  3.3779  0.9856  0.4299 29.8492
  6.5153  4.2829  0.8108  3.0168 39.6577
  4.8201  4.2655  0.9979  0.7144 39.4657
  4.7546  2.2557  0.9784  1.3454 18.2607
  5.8966  1.1087  0.9685  2.2874  7.5525
  4.6212  4.2088  0.9840  0.6699 38.8427
  6.3743  2.6183  0.9980  0.5729 21.9179
  5.3024  2.9521  0.9875  1.9780 25.3638
  5.1141  1.3417  0.9835  1.9035  9.5851
  5.4698  2.5095  0.9885  1.3905 20.8108
  5.1646  3.5420  0.9779  2.1760 31.6022
  5.1098  0.9204  0.9942  1.9514  5.9856
  6.9677  1.6161  0.4179  1.8949 12.0887
  5.2409  2.7881  0.9676  1.2332 23.6622
  5.3149  1.7597  0.9953  0.3504 13.4374
  5.4212  1.7737  0.9865  0.1125 13.5697
  5.2806  1.4212  0.9896  2.0858 10.3000
  5.4196  3.9802  0.9721  1.3398 36.3408
  4.0163  1.1729  0.9780  1.9524  8.1030
  4.7891  4.4485  0.9980  1.8152 41.4865
  6.6954  1.8297  0.7353  1.2402 14.1036
  4.7113  2.9432  0.9980  0.3741 25.2702
  5.0627  2.9581  0.9782  1.9495 25.4258
  5.2813  2.4516  0.9735  1.7070 20.2249
  5.6333  1.7129  0.9758  1.0412 12.9953
  4.0115  2.7902  0.9906  0.6025 23.6841
  3.5193  4.4344  0.9835  0.4340 41.3303
  5.1877  3.5510  0.9891  2.0820 31.6991
  5.0542  2.8449  0.9938  1.3425 24.2499
  5.3264  3.0217  0.9937  1.6958 26.0903
