  5.7801  2.5529  0.9668  2.1211 21.2518
  5.3594  3.6199  0.9918  0.5847 32.4390
  5.1217  2.5770  0.9677  1.0149 21.4972
  5.4755  2.9604  0.9841  1.5152 25.4495
  3.7779  3.4715  0.9785  1.4374 30.8473
  5.9130  3.1391  0.9770  2.3770 27.3220
  5.2808  4.0657  0.9929  1.8698 37.2746
  5.0719  2.1703  0.9867  1.9145 17.4144
  5.4542  3.6495  0.9903  0.8514 32.7579
  5.2170  1.9075  0.9887  0.3600 14.8497
  5.4986  3.4300  0.9891  1.1180 30.4050
  5.9065  3.2508  0.9733  1.9291 28.5007
  5.2258  2.1246  0.9748  2.2183 16.9641
  5.2299  2.5572  0.9980  2.2959 21.2956
  5.2318  1.3413  0.9903  1.8218  9.5822
  4.7226  2.7258  0.9761  0.8320 23.0200
  6.4890  3.1234  0.9639  1.9579 27.1570
  4.6761  1.7675  0.9856  0.6629 13.5116
  5.7519  2.7326  0.9943  1.3336 23.0904
  4.8462  3.3945  0.9980  1.9135 30.0260
  5.2021  2.5907  0.9706  1.6281 21.6369
  5.2267  4.3124  0.9677  1.6004 39.9829
  5.0052  3.1352  0.9683  1.0652 27.2809
  4.7249  2.8098  0.9765  2.4526 23.8867
  5.3337  3.9688  0.9827  2.5401 36.2159
  5.8407  2.7717  0.9689  0.5832 23.4926
  5.5196  1.5417  0.9927  2.6625 11.3995
  6.7544  2.5655  0.7934  1.9416 21.3802
  5.4012  3.3306  0.9922  2.5743 29.3461
  4.1514  0.5765  0.9866  1.2642  3.3577
  4.8809  4.2759  0.9908  1.2978 39.5807
  4.7566  1.7493  0.9910  1.1813 13.3387
  4.8732  1.3033  0.9706  0.8440  9.2436
  5.8682  2.6869  0.9789  1.5959 22.6210
  4.8788  3.8563  0.9977  0.5842 34.9928
  4.5196  2.1267  0.9675  0.7273 16.9843
  5.2469  1.4763  0.9845  2.5938 10.7997
  6.2610  2.7045  0.9980  1.3216 22.8014
  4.5316  2.2850  0.9970  2.0450 18.5529
  4.8589  1.4288  0.9674  1.1189 10.3683
  4.9519  3.2243  0.9948  0.4169 28.2205
  6.2142  2.0281  0.9965  2.4723 16.0182
  5.0970  4.2124  0.9973  1.3170 38.8825
  5.5698  2.0083  0.9935  1.1444 15.8262
  5.9126  2.7250  0.9787  2.4016 23.0117
  3.6542  3.8119  0.9905  1.4051 34.5110
  4.2619  3.9019  0.9825  0.4088 35.4883
  4.2902  1.8709  0.9772  0.4059 14.4974
  5.1675  3.9872  0.9887  1.9819 36.4166
  4.7619  3.1284  0.9844  0.5903 27.2089
  4.9754  4.0890  0.9897  1.3737 37.5288
  5.4687  3.5165  0.9972  1.4910 31.3289
  5.1948  4.4394  0.9802  1.5986 41.3852
  5.4088  4.1206  0.9939  1.6071 37.8753
  4.2426  2.1534  0.9712  0.2717 17.2481
  5.4031  2.1732  0.9683  1.2195 17.4428
  5.6662  3.5504  0.9886  2.1173 31.6924
  5.1938  2.5112  0.9980  0.5504 20.8285
  4.2307  1.7780  0.9824  1.8970 13.6108
  5.8491  1.7025  0.9717  1.0424 12.8972
  3.9645  1.2526  0.9973  2.1754  8.7965
  3.7272  3.0029  0.9739  0.6016 25.8937
  6.0771  2.1851  0.9980  0.6717 17.5609
  5.2362  3.4889  0.9692  0.1654 31.0340
  5.2545  1.8488  0.9755  2.7976 14.2860
  5.2698  2.8342  0.9685  1.9973 24.1389
  5.4422  3.1153  0.9769  1.0895 27.0716
  3.8419  2.4478  0.9806  0.5872 20.1862
  3.7495  1.8490  0.9670  2.3752 14.2881
  5.4680  4.4261  0.9898  0.2419 41.2386
  5.4488  2.8823  0.9846  0.7798 24.6373
  5.4182  3.7573  0.9726  0.3871 33.9202
  6.9594  1.2502  0.4717  1.6380  8.7755
  3.8900  2.2781  0.9774  1.4234 18.4843
  5.1359  4.3179  0.9828  1.4285 40.0437
  5.9557  3.5954  0.9755  0.6272 32.1760
  6.0260  0.8939  0.9906  0.5653  5.7722
  6.0375  1.3750  0.9980  1.1674  9.8834
  5.3945  2.5877  0.9892  1.5367 21.6057
  5.1096  1.9566  0.9893  1.8359 15.3244
  5.9972  2.8967  0.9980  0.8342 24.7868
  5.1411  2.9352  0.9705  1.5752 25.1874
  5.1743  3.9498  0.9684  1.5896 36.0089
  4.6046  2.2601  0.9957  0.1256 18.3046
  6.9365  3.4357  0.8943  1.6975 30.4656
  3.8583  3.6774  0.9850  1.8841 33.0579
  5.8550  2.8235  0.9824  1.9331 24.0279
  4.1471  4.1378  0.9783  0.9254 38.0634
  5.0243  4.3893  0.9980  1.1985 40.8311
  6.0824  2.3096  0.9798  2.1246 18.7980
  5.9828  3.7803  0.9838  1.0344 34.1692
  6.7365  1.8305  0.5655  2.5934 14.1107
  5.3032  2.0591  0.9687  1.3887 16.3217
  5.3227  4.1113  0.9950  2.7696 37.7727
  4.1271  3.6544  0.9975  1.2303 32.8101
  5.1685  4.2959  0.9682  1.8395 39.8012
  3.6755  0.9562  0.9826  0.5513  6.2781
  5.7544  2.1959  0.9839  1.0904 17.6675
  4.5673  0.6875  0.9877  1.5675  4.1675
  5.4414  2.9238  0.9825  0.4476 25.0691
  4.7683  3.4169  0.9673  1.7391 30.2650
  5.9797  3.3713  0.9980  1.6721 29.7791
  4.7735  2.3758  0.9886  0.9661 19.4617
  5.3432  3.3380  0.9980  0.8912 29.4254
  4.5653  2.2810  0.9725  0.9922 18.5129
  4.7013  3.8551  0.9733  2.5562 34.9803
  3.8012  1.4153  0.9980  2.3250 10.2461
  5.1682  2.3997  0.9816  1.4740 19.7020
  5.5114  2.8518  0.9810  0.9319 24.3214
  6.7576  3.6179  0.6411  1.3690 32.4175
  6.2159  4.1506  0.9667  1.2288 38.2039
  3.5320  3.1605  0.9690  0.1727 27.5469
  5.4372  2.5665  0.9745  2.0694 21.3902
  5.4052  4.4933  0.9954  0.6612 41.9827
  4.9043  1.4541  0.9759  1.6352 10.5979
  4.3672  4.1695  0.9875  1.1092 38.4113
  6.1646  1.8759  0.9693  0.7546 14.5463
  5.5588  4.0376  0.9669  0.9744 36.9670
  5.0432  4.1839  0.9692  1.2169 38.5697
  4.7696  3.1596  0.9696  0.2667 27.5382
  5.2760  1.7882  0.9774  2.0716 13.7075
  5.5184  3.9851  0.9798  2.8081 36.3936
  5.2313  1.9815  0.9720  2.7455 15.5654
  5.4807  3.1303  0.9847  0.3617 27.2291
  6.5647  4.0623  0.8478  1.8925 37.2365
  4.6979  4.0163  0.9879  0.5955 36.7341
  5.2804  2.0495  0.9800  0.4826 16.2275
  5.6652  2.3582  0.9785  2.4096 19.2848
  5.9604  2.3250  0.9973  0.3977 18.9523
  5.6992  3.2818  0.9808  1.2310 28.8293
  5.2763  3.1921  0.9900  0.7004 27.8799
  4.7289  3.1087  0.9956  1.8123 27.0021
  5.6645  2.9731  0.9783  1.2709 25.5827
  4.8175  3.7116  0.9905  1.8547 33.4271
  5.0711  2.5425  0.9876  0.7844 21.1457
  5.2027  3.6617  0.9958  1.6904 32.8889
  6.3685  3.2104  0.9705  2.0569 28.0740
  5.2625  4.4120  0.9868  1.3528 41.0823
  3.6354  1.1662  0.9899  0.3156  8.0446
  5.2231  1.7821  0.9742  1.0204 13.6502
  5.4699  4.3632  0.9759  1.6229 40.5428
  5.2961  1.9791  0.9815  1.7580 15.5417
  5.6180  2.3194  0.9780  1.7657 18.8965
  5.2332  2.7460  0.9732  1.1220 23.2282
  5.7453  4.0263  0.9930  0.4860 36.8442
  5.8423  3.4507  0.9964  2.3393 30.6260
  5.3640  2.6204  0.9801  0.5250 21.9397
  3.5850  1.9058  0.9811  0.4809 14.8338
  5.0762  3.4906  0.9799  1.0467 31.0524
  4.3035  1.9568  0.9913  1.0268 15.3257
  4.7505  2.9183  0.9980  2.7615 25.0113
  5.2473  4.0372  0.9969  1.3581 36.9627
  5.2718  4.4731  0.9668  0.4589 41.7588
  3.8046  2.2768  0.9980  1.3657 18.4715
  6.2494  2.8638  0.9781  1.5163 24.4452
  5.5759  2.4806  0.9787  1.3221 20.5182
  4.3015  4.4834  0.9980  1.8978 41.8732
  6.2577  2.5933  0.9683  2.0277 21.6633
  5.1570  2.6453  0.9840  1.5695 22.1947
  5.7236  4.0995  0.9968  1.0234 37.6438
  6.2672  3.3196  0.9718  0.9769 29.2300
  5.1277  1.6865  0.9894  1.2287 12.7469
  4.5364  3.6673  0.9679  2.3297 32.9486
  4.5731  4.1367  0.9904  1.3080 38.0518
  5.4119  2.4647  0.9820  0.9838 20.3573
  4.8963  2.6397  0.9826  0.8350 22.1368
  3.7287  1.6539  0.9739  2.0554 12.4415
  5.2823  2.6909  0.9705  1.2573 22.6620
  5.3102  2.8293  0.9914  1.8814 24.0877
  4.3136  3.5811  0.9787  0.8210 32.0220
  5.3640  1.6217  0.9672  2.0114 12.1405
  6.6247  1.8541  0.8789  1.0803 14.3371
  6.5352  3.8691  0.9056  1.5526 35.1316
  6.1674  2.7440  0.9834  0.9322 23.2072
  5.6016  2.8898  0.9786  2.8192 24.7150
  5.1222  2.2106  0.9726  1.3028 17.8133
  5.7008  2.0710  0.9980  1.3652 16.4377
  5.6638  3.1410  0.9687  0.8546 27.3422
  3.7303  4.1533  0.9965  1.0839 38.2332
  5.8423  3.2152  0.9890  1.1685 28.1246
  5.1735  1.4494  0.9980  2.3688 10.5555
  5.1709  2.3945  0.9923  2.3962 19.6498
  5.4760  4.0069  0.9856  1.9225 36.6324
  5.0817  3.5053  0.9890  1.9735 31.2096
  4.6204  2.6108  0.9980  1.4857 21.8415
  5.5879  3.4563  0.9939  1.0584 30.6853
  4.6677  4.3101  0.9797  1.7966 39.9572
  5.1902  3.0411  0.9727  0.5076 26.2930
  5.0364  3.0964  0.9907  2.6654 26.8728
  4.0782  2.5722  0.9808  1.1072 21.4483
  4.9565  2.9506  0.9787  2.4218 25.3476
  4.8052  3.8448  0.9702  1.7822 34.8680
  5.0011  3.9591  0.9906  0.6613 36.1113
  5.6732  2.1033  0.9790  1.0973 16.7550
  4.8123  4.4365  0.9819  0.8524 41.3530
  5.2890  2.9363  0.9869  0.9593 25.1991
  5.9318  3.0816  0.9939  0.7908 26.7176
  6.5665  3.2812  0.8480  0.5877 28.8230
  5.0693  3.4620  0.9707  0.7599 30.7469
  6.0886  1.9911  0.9854  0.0567 15.6587
  5.5503  3.4309  0.9980  2.3205 30.4140
  5.2840  3.3173  0.9802  2.2073 29.2058
  5.0527  2.5068  0.9740  1.1876 20.7837
  5.6523  1.9515  0.9821  0.5499 15.2750
  5.1561  3.0989  0.9832  1.3932 26.8998
  6.0571  2.0180  0.9772  1.1293 15.9198
  4.0591  2.4242  0.9836  1.5414 19.9484
  4.4990  3.4911  0.9686  1.2105 31.0576
  6.1863  2.5387  0.9686  1.8673 21.1073
  4.2408  2.9597  0.9706  1.8523 25.4426
  4.9455  3.1213  0.9831  1.7771 27.1349
  4.9254  2.9741  0.9763  2.2887 25.5926
  4.6663  3.6715  0.9756  2.4984 32.9939
  5.7334  3.1480  0.9734  2.0519 27.4156
  4.0273  1.2559  0.9980  1.5696  8.8260
  6.4200  2.0396  0.9952  1.4113 16.1306
  5.2366  2.9177  0.9737  0.3833 25.0050
  4.4334  0.5975  0.9752  0.3412  3.5079
  4.2365  1.2808  0.9914  0.3729  9.0449
  5.0677  4.3474  0.9677  0.4665 40.3689
  5.5980  3.6880  0.9688  0.8152 33.1725
  4.8317  3.9717  0.9933  0.8049 36.2484
  4.8422  2.5902  0.9976  0.1850 21.6317
  4.7464  2.0568  0.9937  0.8535 16.2988
  5.4728  3.4806  0.9709  0.7223 30.9454
  4.7888  3.8899  0.9688  0.8769 35.3573
  5.1991  2.7297  0.9970  0.5232 23.0608
  5.9351  3.6426  0.9724  1.4529 32.6834
  5.6857  2.4095  0.9717  1.9344 19.8003
  5.4060  2.1769  0.9716  2.3050 17.4800
  5.6407  2.8889  0.9928  1.4790 24.7061
  4.7271  2.7352  0.9778  1.2349 23.1174
  5.1905  3.2326  0.9753  2.2036 28.3086
  3.7863  3.1632  0.9752  1.0743 27.5762
  5.4368  1.5233  0.9819  0.4273 11.2307
  3.7537  1.0718  0.9973  1.5645  7.2390
  6.0388  2.6947  0.9954  0.4984 22.7008
  4.6585  3.8934  0.9687  0.8351 35.3955
  4.9304  3.2729  0.9980  1.5002 28.7349
  4.6539  2.2234  0.9722  1.4030 17.9396
  6.2430  3.5347  0.9968  2.5715 31.5241
  4.8044  2.2621  0.9975  1.8151 18.3250
  5.5434  1.3918  0.9892  2.8736 10.0344
  5.9321  3.6925  0.9705  1.6111 33.2204
  5.8603  1.9746  0.9953  0.9954 15.4981
  5.1185  2.5659  0.9944  0.3963 21.3844
  4.4735  0.9445  0.9696  1.5912  6.1821
  4.7256  0.4424  0.9777  1.8124  2.4377
  5.0760  3.2854  0.9827  1.2363 28.8668
  3.8749  3.8849  0.9971  2.1929 35.3036
  5.4986  2.7586  0.9780  0.6853 23.3583
  6.0210  2.6971  0.9757  1.2309 22.7251
  5.2462  2.2333  0.9702  2.0023 18.0384
  5.9914  1.5226  0.9756  1.7094 11.2240
  4.3819  4.1959  0.9741  1.1189 38.7010
  5.5593  2.4726  0.9960  2.1602 20.4371
  5.3146  1.9446  0.9842  1.1507 15.2079
  5.4918  3.3443  0.9831  1.1277 29.4919
  3.6076  0.5744  0.9734  2.5476  3.3430
  5.9144  2.2430  0.9913  1.1020 18.1352
  5.5653  3.9734  0.9829  1.8078 36.2662
  5.9950  1.9149  0.9864  0.3796 14.9215
  3.8383  3.5182  0.9738  1.9702 31.3472
  5.7867  3.1434  0.9941  1.7264 27.3677
  3.5803  4.2036  0.9840  2.1149 38.7857
  4.4811  0.6834  0.9962  2.8476  4.1376
  5.9830  1.2912  0.9980  0.5817  9.1366
  5.3052  2.3701  0.9717  0.2110 19.4045
  3.9960  3.6482  0.9708  1.9623 32.7435
  6.0827  3.8742  0.9872  0.9694 35.1875
  6.0905  0.8301  0.9688  0.2809  5.2636
  5.6667  4.2594  0.9980  0.6364 39.3988
  5.6074  4.3102  0.9687  1.3104 39.9585
  6.6588  1.9334  0.8404  1.3933 15.0992
  6.1233  3.5351  0.9814  1.5971 31.5283
  5.3373  1.3613  0.9678  0.6447  9.7603
  5.1492  3.8146  0.9958  0.2725 34.5408
  4.1804  3.0870  0.9670  0.5902 26.7741
  6.9074  1.1024  0.4989  2.3180  7.4982
  5.4015  3.2477  0.9980  1.9551 28.4675
  5.3362  2.8956  0.9676  1.5306 24.7758
  4.8845  2.1233  0.9685  1.8864 16.9513
  4.0066  3.3237  0.9864  0.4148 29.2734
  5.3595  4.2948  0.9798  2.5689 39.7887
  5.5657  2.2115  0.9886  0.9104 17.8222
  5.9452  2.4692  0.9980  1.9438 20.4026
  6.2401  3.1194  0.9934  2.1235 27.1144
  6.6736  4.1482  0.5759  2.3806 38.1773
  5.9998  2.8227  0.9769  0.2455 24.0194
  4.7929  2.8261  0.9973  0.8690 24.0552
  5.0996  2.4465  0.9963  1.5941 20.1735
  5.9061  3.0763  0.9866  0.6877 26.6622
  4.8229  3.0661  0.9948  1.7404 26.5549
  5.6746  3.0921  0.9705  1.9528 26.8280
  5.1934  1.5839  0.9775  1.4839 11.7895
  4.6968  3.8367  0.9800  1.9059 34.7804
  4.8141  2.0451  0.9762  0.2388 16.1844
  5.4189  3.6321  0.9790  0.9993 32.5706
  5.3575  3.6038  0.9927  0.9983 32.2657
  3.9105  1.2848  0.9877  1.6937  9.0803
  5.1224  0.9377  0.9863  0.4531  6.1264
  4.7591  2.9015  0.9765  2.0558 24.8367
  5.0411  4.2383  0.9865  1.1351 39.1672
  4.3714  1.4550  0.9809  1.6183 10.6066
  5.2764  2.7290  0.9905  2.1961 23.0527
  4.2881  4.0114  0.9699  2.0744 36.6815
  5.4626  3.2118  0.9712  0.7724 28.0880
  4.7195  2.5145  0.9819  0.7302 20.8620
  4.7344  1.9818  0.9770  1.7828 15.5687
  4.7320  0.4620  0.9787  0.6889  2.5673
  5.5338  2.1478  0.9684  1.1431 17.1928
  6.7998  2.6444  0.9877  0.9586 22.1850
  4.4427  2.6674  0.9827  1.4567 22.4207
  5.0532  2.4381  0.9907  2.0047 20.0882
  4.2234  3.6550  0.9980  0.8940 32.8170
  5.1684  2.9505  0.9826  2.5059 25.3471
  6.1782  3.7369  0.9732  0.4827 33.6997
  5.3286  2.0069  0.9980  1.4920 15.8119
  5.2478  3.0458  0.9765  1.8495 26.3420
  5.5532  2.3667  0.9669  1.4447 19.3702
  5.2214  2.6824  0.9763  1.7379 22.5746
  5.1720  2.4432  0.9857  2.0132 20.1398
  6.9169  1.8742  0.3145  1.7428 14.5297
  5.8332  3.7919  0.9694  0.4981 34.2944
  5.4254  4.2834  0.9923  0.9450 39.6637
  4.5304  2.4444  0.9729  2.0590 20.1520
  5.9886  2.5208  0.9946  0.3906 20.9252
  5.6647  1.1841  0.9694  1.5858  8.1998
  6.2143  2.1607  0.9980  0.9237 17.3200
  5.8475  3.6680  0.9693  0.5888 32.9565
  6.1230  2.8158  0.9947  0.9084 23.9488
  4.6894  2.6500  0.9913  2.5943 22.2429
  5.2762  2.9198  0.9961  1.1591 25.0277
  5.3114  3.0780  0.9923  2.0428 26.6795
  4.7193  2.2332  0.9946  1.8134 18.0370
  6.0932  4.0531  0.9887  0.7415 37.1364
  6.0879  2.0380  0.9892  1.8435 16.1150
  5.3294  2.4775  0.9809  1.4096 20.4867
  3.7879  3.6708  0.9909  1.0821 32.9872
  5.1909  3.5365  0.9836  1.5069 31.5434
  5.3202  3.1685  0.9966  2.2773 27.6311
  5.7827  3.5519  0.9830  0.5733 31.7083
  5.0378  4.1152  0.9829  2.5061 37.8156
  4.6301  4.4225  0.9898  1.6271 41.1982
  5.6777  4.4311  0.9883  0.7288 41.2939
  5.5713  2.3027  0.9861  1.4153 18.7292
  5.2119  2.1221  0.9947  2.1547 16.9391
  5.6755  2.9911  0.9855  1.8305 25.7700
  5.2504  1.8637  0.9903  1.6592 14.4292
  5.1709  2.1287  0.9829  2.1626 17.0047
  4.9604  2.0042  0.9948  2.5039 15.7862
  3.5910  1.8919  0.9854  2.1574 14.6996
  5.5806  3.7720  0.9733  1.9311 34.0798
  6.0085  2.2349  0.9717  0.5702 18.0540
  5.0630  4.4556  0.9678  0.6858 41.5643
  5.2755  3.6972  0.9919  1.5266 33.2717
  5.4924  2.4641  0.9956  1.4238 20.3517
  4.5136  1.5380  0.9871  0.5725 11.3659
  5.8340  3.5268  0.9971  1.1007 31.4401
  5.2796  3.6078  0.9698  0.6881 32.3086
  4.7287  1.7987  0.9726  1.3323 13.8080
  5.3477  3.4108  0.9711  0.7848 30.2004
  4.7336  2.8357  0.9686  1.2182 24.1545
  6.0118  1.6921  0.9720  0.8975 12.7991
  5.3347  3.2577  0.9718  1.4743 28.5741
  3.7600  2.0198  0.9688  0.3625 15.9381
  3.8751  0.6527  0.9953  2.7398  3.9092
  6.8029  2.7220  0.6276  1.4180 22.9816
  4.9916  3.3475  0.9797  0.5166 29.5257
  5.0328  2.8665  0.9789  1.5027 24.4737
  4.7382  2.5822  0.9953  0.6783 21.5500
  3.8201  3.4123  0.9793  1.4304 30.2159
  5.9389  4.4292  0.9883  0.2474 41.2726
  6.1845  3.6791  0.9672  0.8376 33.0761
  5.5041  4.3117  0.9765  1.9597 39.9748
  5.1530  2.0564  0.9699  0.3834 16.2952
  5.2292  2.5934  0.9871  0.3213 21.6642
  3.9535  3.0958  0.9865  1.6365 26.8664
  4.9553  1.3970  0.9703  0.5361 10.0813
  5.6634  3.2504  0.9927  1.9612 28.4968
  5.6377  1.2049  0.9971  2.2584  8.3806
  4.9480  3.3842  0.9794  0.9598 29.9163
  4.3742  1.2831  0.9834  1.9920  9.0656
  5.7479  3.2166  0.9750  1.4754 28.1391
  5.5481  4.0354  0.9735  1.2757 36.9427
  6.0780  2.5281  0.9821  1.9180 21.0000
  5.0623  3.3374  0.9816  1.2591 29.4191
  5.4296  2.7423  0.9712  1.6515 23.1899
  6.9139  2.0572  0.4196  2.2444 16.3031
  3.6187  2.5590  0.9799  1.9708 21.3137
  5.2246  3.8438  0.9856  1.2480 34.8576
  5.0328  1.7269  0.9978  1.1133 13.1272
  5.0659  4.3352  0.9764  1.4560 40.2338
  4.2081  1.9801  0.9897  0.1729 15.5517
  6.1504  3.3369  0.9790  1.6559 29.4139
  5.4467  3.7388  0.9895  1.5834 33.7207
  5.7546  2.8364  0.9730  2.0954 24.1614
  4.8419  3.0369  0.9717  0.3478 26.2493
  5.9162  2.8386  0.9930  1.6671 24.1842
  5.2909  3.8096  0.9801  1.1285 34.4864
  5.9343  3.3599  0.9942  0.6147 29.6577
  5.1574  2.5863  0.9802  0.8925 21.5914
  5.1537  3.7010  0.9948  1.9767 33.3128
  4.1615  3.4270  0.9826  2.3704 30.3725
  5.2451  1.2468  0.9856  1.5291  8.7464
  4.4857  1.5759  0.9804  1.1915 11.7157
  4.2299  2.5199  0.9980  2.5494 20.9166
  5.0231  3.8403  0.9846  0.7160 34.8197
  6.2945  1.3697  0.9841  0.5643  9.8363
  4.8060  3.2250  0.9747  1.6803 28.2276
  4.1860  0.6300  0.9869  0.8789  3.7434
  5.8471  3.7181  0.9775  2.2126 33.4968
  5.7280  3.5999  0.9899  2.3613 32.2238
  5.0885  2.8421  0.9916  2.1965 24.2209
  6.1970  2.7406  0.9750  0.2032 23.1729
  5.9004  2.8685  0.9843  0.9569 24.4942
  5.1384  3.4545  0.9854  1.7594 30.6664
  4.5890  1.6827  0.9795  0.2673 12.7113
  5.2362  2.7850  0.9680  1.3853 23.6300
  5.6879  2.5436  0.9780  0.7307 21.1571
  5.2473  4.1620  0.9730  0.3427 38.3284
  6.0421  3.8467  0.9668  0.6772 34.8890
  4.0074  2.9343  0.9972  1.5678 25.1780
  5.3347  3.0258  0.9705  1.7605 26.1331
  4.3019  4.2674  0.9710  0.5514 39.4870
  5.1865  1.3015  0.9747  1.9528  9.2283
  5.3434  2.3167  0.9712  1.9626 18.8691
  5.3000  2.4046  0.9980  1.8288 19.7513
  5.3344  3.8468  0.9944  1.3179 34.8899
  3.7260  0.6539  0.9938  0.7386  3.9187
  5.5789  2.3115  0.9980  1.0254 18.8172
  6.0872  2.7408  0.9980  0.6183 23.1749
  5.5507  2.1467  0.9880  1.3925 17.1812
  4.2901  3.2284  0.9715  0.2940 28.2637
  5.5662  2.6399  0.9886  1.3969 22.1396
  4.8489  1.1028  0.9797  1.3745  7.5020
  5.3998  4.4776  0.9679  0.8104 41.8090
  4.5926  3.3214  0.9698  1.5369 29.2484
  4.1340  4.1289  0.9944  2.0614 37.9665
  5.3236  2.5716  0.9678  0.9431 21.4416
  6.1737  1.3751  0.9788  1.7211  9.8844
  5.0377  3.8120  0.9715  0.8852 34.5124
  3.6451  1.2730  0.9709  1.0961  8.9762
  4.5889  3.8291  0.9871  0.4635 34.6976
  5.3604  3.7670  0.9718  0.9292 34.0255
  5.5501  1.7074  0.9869  0.4651 12.9433
  5.2679  3.0162  0.9675  1.5300 26.0328
  4.9908  3.7607  0.9847  1.1988 33.9572
  5.8750  3.5845  0.9944  2.3061 32.0586
  4.8719  3.8873  0.9788  2.5159 35.3294
  5.2525  2.2561  0.9885  1.0283 18.2649
  6.2853  4.0939  0.9763  2.2980 37.5831
  5.2821  2.7545  0.9968  0.7070 23.3160
  4.8074  4.3253  0.9938  1.7769 40.1248
  3.9580  4.3452  0.9729  1.2385 40.3445
  4.2796  2.1856  0.9674  2.6415 17.5656
  4.2150  3.0201  0.9831  0.7763 26.0732
  5.5938  3.5676  0.9959  0.2339 31.8773
  4.6104  2.2559  0.9685  2.8623 18.2634
  4.8065  4.0710  0.9902  0.3289 37.3317
  5.0779  1.8894  0.9785  1.4957 14.6757
  4.7310  2.7997  0.9817  2.2812 23.7820
  6.2999  2.1578  0.9700  0.6077 17.2905
  4.9933  3.1060  0.9800  2.1255 26.9743
  4.5920  3.7053  0.9980  1.4282 33.3583
  6.1662  2.0366  0.9688  2.2836 16.1020
  4.2699  4.1526  0.9698  1.3046 38.2257
  4.8542  3.5876  0.9980  0.6738 32.0921
  5.5142  1.8955  0.9782  0.6080 14.7347
  4.8683  2.4360  0.9698  1.7602 20.0670
  5.2759  1.8357  0.9703  1.3099 14.1608
  4.4031  3.1213  0.9727  2.1911 27.1345
  6.0519  3.0333  0.9782  1.0004 26.2119
  5.2212  4.3104  0.9793  0.8625 39.9605
  5.0158  2.2383  0.9879  1.4447 18.0884
  5.1408  2.0849  0.9938  2.2954 16.5742
  5.3533  4.0177  0.9784  2.4718 36.7501
  6.0045  1.6565  0.9749  0.3206 12.4654
  5.3095  2.8672  0.9980  1.7335 24.4810
  6.0289  4.2506  0.9743  2.5073 39.3021
  5.0896  3.1333  0.9685  0.9390 27.2606
  5.5851  2.2789  0.9745  3.0225 18.4921
  5.0763  2.3055  0.9894  2.9774 18.7571
  5.0525  2.7169  0.9788  0.5319 22.9290
  5.0788  3.3381  0.9771  0.5660 29.4263
  6.0927  2.8823  0.9756  1.2092 24.6375
  5.2449  1.5662  0.9748  0.4754 11.6257
  4.0102  3.5744  0.9830  2.0937 31.9498
  5.2558  1.4196  0.9944  0.6155 10.2854
  5.2960  3.8945  0.9866  2.2905 35.4084
  4.9412  1.5931  0.9834  2.1175 11.8748
  5.2312  1.2027  0.9775  0.5663  8.3614
  4.5857  2.9896  0.9848  1.5000 25.7551
  4.6154  2.1896  0.9824  2.5704 17.6049
  5.2048  1.4843  0.9821  1.6104 10.8730
  4.7740  2.0173  0.9671  2.7776 15.9136
  4.2892  1.8703  0.9836  0.5328 14.4919
  3.5180  4.2968  0.9893  2.7597 39.8104
  4.6473  3.8356  0.9827  1.4664 34.7683
  5.3042  3.9144  0.9980  0.7082 35.6238
  5.0051  3.2090  0.9727  2.6359 28.0588
  5.8746  2.3400  0.9831  1.5313 19.1023
  4.7840  2.7881  0.9769  2.1990 23.6619
  5.7463  4.2218  0.9973  0.9908 38.9859
  5.4087  1.3468  0.9685  1.3501  9.6306
  6.0708  4.0622  0.9980  0.6388 37.2357
  5.0061  4.1496  0.9900  1.7138 38.1931
  4.6027  3.5091  0.9933  1.8799 31.2505
  5.7134  2.9070  0.9775  2.3265 24.8939
  4.4094  2.9343  0.9701  1.7017 25.1783
  5.4743  3.1657  0.9860  0.5449 27.6018
  6.0713  2.3742  0.9735  1.9836 19.4451
  5.0077  3.2648  0.9933  2.0634 28.6491
  5.6462  3.3021  0.9880  0.5196 29.0441
  5.4914  1.8225  0.9930  0.3483 14.0342
  5.5979  2.3380  0.9922  2.0265 19.0825
  5.8719  2.6220  0.9857  0.3757 21.9565
  5.9444  3.4782  0.9796  1.1595 30.9199
  6.5221  0.8410  0.8502  2.3558  5.3495
  6.2030  2.4313  0.9793  0.5107 20.0206
  4.9246  2.9506  0.9913  0.2611 25.3474
  5.0861  3.2600  0.9902  0.5716 28.5980
  5.1594  2.2857  0.9703  2.1478 18.5594
  5.7980  2.0551  0.9879  2.8001 16.2823
  6.2763  2.3852  0.9951  0.5767 19.5564
  4.9990  2.1055  0.9901  1.7244 16.7765
  6.3104  4.2075  0.9856  0.6777 38.8284
  4.2278  3.9601  0.9699  0.2839 36.1214
  4.6766  4.3862  0.9675  1.7396 40.7973
  6.2469  3.2127  0.9786  2.6016 28.0979
  3.8898  2.2691  0.9698  1.4566 18.3945
  4.9647  3.6214  0.9930  0.6172 32.4546
  5.6678  4.1791  0.9736  1.3808 38.5170
  4.4599  3.2227  0.9971  0.8893 28.2032
  6.0613  3.5730  0.9678  1.5865 31.9351
  4.6822  3.3772  0.9730  0.9211 29.8422
  3.6699  2.6456  0.9679  1.7701 22.1971
  5.3137  2.2850  0.9891  0.8816 18.5532
  5.7127  3.7534  0.9840  1.7838 33.8788
  6.7735  2.0081  0.4905  2.0160 15.8243
  5.6758  2.0828  0.9978  2.2896 16.5539
  5.3019  1.9094  0.9935  2.0047 14.8678
  4.3276  2.4329  0.9679  0.8019 20.0365
  5.0653  3.6498  0.9958  0.8499 32.7606
  5.2787  3.4874  0.9711  2.2668 31.0182
  5.2477  2.9585  0.9716  0.4622 25.4304
  5.8003  2.3438  0.9803  2.0234 19.1409
  5.0904  1.6072  0.9842  1.3486 12.0058
  6.9197  2.4890  0.3367  1.3701 20.6033
  5.0604  4.4429  0.9844  2.3893 41.4247
  6.2961  3.8766  0.9672  1.9318 35.2137
  5.5975  4.2663  0.9703  0.2164 39.4749
  4.1386  3.9753  0.9888  0.6912 36.2868
  5.0571  3.4195  0.9980  2.0536 30.2929
  6.7418  2.5982  0.6466  1.2654 21.7130
  3.9153  1.0874  0.9856  1.0467  7.3718
  5.3258  2.6636  0.9705  1.0001 22.3820
  5.1670  4.2021  0.9685  0.3922 38.7694
  5.2831  1.9436  0.9756  1.0826 15.1981
  6.1744  3.0328  0.9676  1.4070 26.2062
  3.7768  0.7444  0.9831  0.1393  4.5979
  5.2539  3.2989  0.9896  2.2006 29.0098
  5.8437  3.1018  0.9933  1.4440 26.9299
  4.7980  3.1682  0.9705  1.3848 27.6282
  4.9988  3.5911  0.9755  1.9214 32.1289
  5.4300  2.3658  0.9863  2.6476 19.3611
  5.0013  4.1946  0.9912  1.4150 38.6864
  5.1809  2.8100  0.9693  2.4795 23.8888
  5.3302  2.4056  0.9876  1.1694 19.7608
  5.4742  2.5836  0.9777  1.8458 21.5640
  4.6664  3.3392  0.9733  1.3052 29.4384
  4.6061  1.7880  0.9817  0.4771 13.7058
  6.0062  3.2788  0.9963  2.0474 28.7969
  4.0282  1.9808  0.9713  0.6695 15.5582
  5.8614  1.9447  0.9912  0.9387 15.2084
  5.2287  3.4345  0.9712  1.1905 30.4526
  3.9585  2.4902  0.9835  1.1913 20.6154
  5.7006  2.0731  0.9712  0.5687 16.4582
  5.5529  3.9408  0.9980  1.0715 35.9115
  5.7968  3.0826  0.9871  2.2366 26.7281
  5.6486  1.8162  0.9792  0.8572 13.9750
  4.8290  3.8162  0.9889  2.9011 34.5576
  5.7687  2.4124  0.9671  2.6820 19.8294
  5.7933  3.5765  0.9802  0.5379 31.9721
  5.0092  2.5793  0.9942  1.1835 21.5206
  3.9548  1.7373  0.9756  2.2213 13.2253
  5.4887  3.4751  0.9876  0.4096 30.8864
  4.7303  1.7497  0.9798  1.1011 13.3427
  4.7295  2.7262  0.9845  0.9927 23.0240
  3.7023  3.3575  0.9969  1.5954 29.6324
  4.7758  2.5147  0.9971  2.0740 20.8632
  5.1394  2.5994  0.9745  2.3787 21.7257
  5.6591  2.1428  0.9679  0.7996 17.1435
  5.2963  2.5019  0.9845  1.9774 20.7343
  4.8877  3.9584  0.9668  2.5513 36.1033
  5.2997  2.4688  0.9739  0.3316 20.3983
  5.4772  3.7381  0.9787  1.0494 33.7130
  5.7974  2.9398  0.9782  2.1373 25.2351
  5.0720  4.2570  0.9980  2.0656 39.3724
  5.2229  2.6190  0.9923  0.4166 21.9256
  4.9257  4.0955  0.9672  1.7000 37.6002
  5.0581  1.5380  0.9791  0.7003 11.3654
  5.1852  3.4798  0.9974  0.7099 30.9362
  4.9804  4.2473  0.9887  0.4768 39.2662
  6.2269  3.4150  0.9956  2.6352 30.2446
  6.5842  1.2851  0.8962  1.2114  9.0827
  5.6735  3.5782  0.9980  2.1715 31.9912
  5.6551  2.4402  0.9961  1.5327 20.1098
  5.9123  2.3201  0.9877  2.0381 18.9034
  5.0105  4.1279  0.9818  2.2194 37.9553
  4.7278  2.9622  0.9880  0.5463 25.4687
  4.7556  2.6599  0.9904  0.1443 22.3434
  5.0482  1.5586  0.9799  1.9903 11.5557
  4.2848  3.5142  0.9864  0.4969 31.3051
  5.6258  3.7619  0.9832  1.7553 33.9705
  5.5272  2.3847  0.9771  0.7364 19.5512
  5.2094  3.9833  0.9686  0.8110 36.3750
  4.1070  0.3312  0.9903  1.7600  1.7299
  5.2988  3.6175  0.9930  1.5694 32.4133
  4.3715  2.5851  0.9884  2.2035 21.5795
  6.4690  2.0376  0.9391  1.6188 16.1113
  4.9781  3.8891  0.9767  0.9516 35.3488
  5.7777  3.2423  0.9959  1.5582 28.4103
  5.4891  2.8857  0.9910  2.2289 24.6731
  5.8926  2.1730  0.9815  0.8556 17.4413
  5.9555  3.0032  0.9848  0.9547 25.8969
  5.5846  4.0098  0.9814  2.1673 36.6638
  4.6540  2.2035  0.9974  0.8221 17.7424
  5.0695  2.0845  0.9949  1.9655 16.5699
  5.6178  2.9594  0.9890  2.0578 25.4391
  5.3364  4.4688  0.9754  1.7466 41.7108
  5.9492  2.7549  0.9792  0.7854 23.3196
  5.2125  3.0401  0.9702  2.3665 26.2822
  5.4727  2.8324  0.9710  1.5878 24.1201
  5.1906  2.7595  0.9782  1.8998 23.3672
  5.0083  1.9304  0.9980  1.5601 15.0711
  5.6371  2.0136  0.9828  1.2022 15.8779
  5.1322  1.6045  0.9883  1.5323 11.9807
  5.5282  2.3280  0.9824  1.8944 18.9825
  5.1823  2.9428  0.9740  1.0219 25.2664
  5.4125  2.2601  0.9713  1.8401 18.3051
  5.7800  3.7111  0.9750  0.8342 33.4214
  5.5325  2.8352  0.9980  1.1543 24.1497
  5.2847  1.5535  0.9971  0.9100 11.5086
  4.7812  3.5723  0.9924  2.1198 31.9274
  4.7616  3.8865  0.9963  0.3814 35.3214
  6.1732  3.3741  0.9761  0.9819 29.8096
  5.5565  3.4972  0.9681  1.5941 31.1223
  5.8870  1.7670  0.9815  2.3915 13.5066
  4.9383  1.8820  0.9798  0.4026 14.6045
  5.0308  2.7413  0.9776  2.4506 23.1800
  5.7217  3.2370  0.9680  1.4966 28.3542
  5.2184  2.0692  0.9788  1.3353 16.4200
  5.4059  2.7294  0.9770  0.9462 23.0574
  5.2959  3.2056  0.9676  1.0169 28.0232
  5.3494  3.6703  0.9710  2.7776 32.9810
  5.5208  3.8412  0.9876  1.3956 34.8293
  5.2460  2.4820  0.9714  1.2609 20.5325
  4.5884  1.8197  0.9851  1.6162 14.0082
  5.4421  4.1194  0.9910  2.8953 37.8619
  4.9962  1.8277  0.9771  0.7186 14.0847
  3.7861  3.2663  0.9796  0.4649 28.6647
  4.8362  4.2608  0.9799  1.2315 39.4141
  5.1576  3.8666  0.9959  2.4258 35.1048
  5.7223  2.2236  0.9876  0.7601 17.9421
  5.2848  2.9010  0.9869  1.4256 24.8312
  6.8839  1.8815  0.9780  1.8333 14.5999
  6.9983  2.9547  0.5108  0.6148 25.3901
  4.2795  1.9808  0.9678  0.6967 15.5581
  5.7982  2.6391  0.9690  1.0819 22.1313
  5.5633  4.3592  0.9942  1.1604 40.4992
  4.7326  1.9206  0.9795  0.7545 14.9765
  5.2898  4.2250  0.9928  0.2803 39.0206
  5.0998  4.2093  0.9774  0.6889 38.8485
  4.9280  2.0261  0.9720  0.7416 15.9994
  6.4033  2.1237  0.9201  0.7350 16.9549
  5.8282  3.7922  0.9939  2.6898 34.2977
  6.7756  2.7120  0.9188  0.6863 22.8783
  4.0466  4.4101  0.9757  1.9272 41.0619
  4.8157  3.7116  0.9879  0.6488 33.4270
  5.2665  2.5844  0.9714  2.7430 21.5723
  5.0942  1.8024  0.9676  1.3649 13.8427
  6.2646  3.8438  0.9750  2.1220 34.8576
  6.9863  1.6087  0.5788  1.0161 12.0199
  4.4070  4.3451  0.9965  0.4296 40.3439
  5.0440  4.3017  0.9737  1.2996 39.8653
  5.1543  3.4533  0.9694  0.8681 30.6538
  5.7613  3.3106  0.9783  0.7824 29.1345
  5.1185  3.5292  0.9678  2.6260 31.4657
  6.7554  4.2819  0.4866  0.4889 39.6463
  5.2800  3.4885  0.9678  1.3036 31.0298
  4.7297  4.4331  0.9951  0.5554 41.3156
  5.4576  3.3511  0.9873  1.2845 29.5642
  5.8464  2.2163  0.9962  0.9367 17.8694
  6.8675  1.4484  0.5432  1.4814 10.5458
  5.8472  4.0872  0.9814  0.6705 37.5089
  4.7919  3.7644  0.9751  0.7567 33.9973
  4.7102  4.3504  0.9787  0.9091 40.4022
  6.2078  3.9144  0.9890  1.4794 35.6243
  3.8977  2.3233  0.9926  1.7209 18.9353
  6.5691  2.9467  0.8218  0.7402 25.3067
  4.7249  4.2414  0.9697  1.7834 39.2008
  4.8098  2.7630  0.9875  1.1240 23.4037
  6.0379  3.0554  0.9913  1.9784 26.4426
  5.8398  3.1531  0.9698  1.3993 27.4694
  5.1525  2.7041  0.9908  1.0706 22.7976
  5.0554  1.9754  0.9771  1.0438 15.5066
  5.0943  4.4409  0.9815  0.3847 41.4018
  5.9805  2.5149  0.9825  0.7810 20.8658
  5.5029  4.4928  0.9699  2.0828 41.9774
  5.0589  2.3226  0.9682  2.4917 18.9279
  5.9286  3.2595  0.9827  0.6239 28.5928
  5.1637  3.4853  0.9708  1.2867 30.9950
  5.4445  3.9382  0.9888  0.2730 35.8834
  5.7189  3.4561  0.9980  1.6476 30.6832
  5.6354  2.9669  0.9932  1.9766 25.5178
  5.5739  2.2191  0.9976  1.5965 17.8978
  5.2733  2.5001  0.9762  2.1770 20.7159
  6.0727  1.7765  0.9934  1.5104 13.5966
  4.1198  1.5419  0.9768  2.0757 11.4016
  4.9887  1.1119  0.9691  1.1093  7.5795
  4.7100  3.7162  0.9855  0.7978 33.4769
  4.3264  3.5655  0.9679  2.3206 31.8545
  4.0724  1.0519  0.9730  0.5467  7.0719
  3.8878  2.6573  0.9790  0.9212 22.3169
  5.3534  1.6016  0.9745  2.5592 11.9536
  5.2960  4.0292  0.9959  0.6044 36.8756
  4.4070  4.1570  0.9775  1.9971 38.2743
  5.2643  3.5994  0.9787  1.1237 32.2182
  4.8989  2.1548  0.9980  1.0906 17.2617
  6.1728  1.2243  0.9933  1.0147  8.5490
  5.1476  3.6863  0.9720  2.8946 33.1539
  5.1360  3.7306  0.9965  0.8366 33.6316
  6.0773  2.3744  0.9928  2.7830 19.4479
  5.3395  4.0680  0.9671  1.1169 37.2993
  4.5648  3.6757  0.9980  2.3093 33.0397
  5.1698  3.8880  0.9778  0.8563 35.3377
  4.3106  3.9734  0.9941  1.0770 36.2668
  6.0702  0.9471  0.9751  2.3015  6.2030
  5.8839  3.2847  0.9763  1.5077 28.8599
  5.9161  2.7232  0.9947  1.9263 22.9940
  5.4370  2.5632  0.9823  2.4891 21.3563
  5.1281  3.6369  0.9870  0.7306 32.6216
  5.2786  1.4979  0.9766  0.4157 10.9976
  5.6368  3.9789  0.9807  0.8128 36.3270
  6.3896  3.2680  0.9669  1.8507 28.6825
  6.0403  1.2982  0.9783  2.2756  9.1986
  5.0896  3.7028  0.9806  1.1077 33.3319
  3.9668  3.1285  0.9715  1.2375 27.2100
  5.5932  2.4006  0.9782  1.4167 19.7112
  4.4361  4.3844  0.9670  0.4022 40.7778
  5.8498  1.7883  0.9873  1.7621 13.7088
  5.3225  4.2051  0.9916  2.0934 38.8017
  5.0040  2.2278  0.9719  0.5257 17.9841
  6.2572  2.5452  0.9908  2.2624 21.1729
  5.2824  1.3769  0.9819  1.5663  9.9004
  6.0863  3.2678  0.9805  2.8231 28.6811
  5.4901  3.2008  0.9970  0.3188 27.9719
  5.9934  3.4464  0.9806  1.1716 30.5795
  5.8112  3.0242  0.9804  0.9265 26.1163
  3.8578  4.1258  0.9690  1.9836 37.9325
  6.8342  3.6783  0.5242  2.3313 33.0673
  5.3132  2.1667  0.9935  2.8755 17.3793
  3.8189  1.1401  0.9737  1.2059  7.8206
  5.4908  1.9547  0.9730  1.3826 15.3056
  5.8596  4.1997  0.9795  1.6070 38.7429
  5.6729  4.1200  0.9767  1.4955 37.8686
  5.0480  4.0919  0.9704  0.4222 37.5610
  4.4834  3.1764  0.9827  2.7700 27.7144
  5.6975  2.6133  0.9772  1.5167 21.8668
  6.1490  4.1114  0.9971  1.0362 37.7744
  5.2397  3.2862  0.9801  2.0111 28.8756
  4.0720  2.5269  0.9772  0.2707 20.9872
  4.4669  1.1094  0.9726  1.6852  7.5581
  5.2082  2.1841  0.9691  1.2132 17.5503
  5.7263  3.1247  0.9836  1.6730 27.1700
  5.9942  2.5887  0.9670  0.7213 21.6162
  5.5736  1.9538  0.9672  0.9607 15.2965
  4.7920  4.0029  0.9838  0.0697 36.5884
  5.6122  1.9063  0.9821  0.5489 14.8383
  5.4709  3.2456  0.9879  1.1294 28.4458
  4.4520  2.6106  0.9739  2.1818 21.8400
  4.7739  2.8484  0.9872  0.7571 24.2859
  5.2879  4.3365  0.9773  2.6278 40.2483
  5.8321  2.1474  0.9774  1.5219 17.1887
  5.5689  1.8802  0.9670  2.5539 14.5867
  6.9916  2.0488  0.4621  0.9625 16.2210
  3.9965  1.4821  0.9951  2.6467 10.8534
  5.2726  2.8042  0.9819  1.9870 23.8282
  4.9679  2.6468  0.9786  1.3393 22.2101
  5.9850  3.9245  0.9894  1.4288 35.7341
  5.2684  1.7453  0.9980  0.5949 13.3014
  6.0858  0.6258  0.9971  0.7104  3.7128
  4.5778  2.6764  0.9763  2.6373 22.5129
  4.9365  4.1280  0.9726  0.3063 37.9558
  4.9921  3.4520  0.9926  0.8585 30.6394
  4.8700  2.2512  0.9828  1.1344 18.2160
  5.0634  2.4223  0.9959  1.3124 19.9296
  4.5207  3.5267  0.9716  0.2858 31.4387
  5.2469  3.3392  0.9681  0.6438 29.4381
  4.4651  2.9160  0.9935  1.3114 24.9874
  5.9011  2.7505  0.9962  2.6666 23.2750
  5.9038  3.7986  0.9916  1.0924 34.3670
  4.9662  4.3131  0.9737  1.1714 39.9902
  5.0835  3.2549  0.9718  0.2939 28.5443
  5.5686  2.1314  0.9877  1.4029 17.0306
  5.9849  4.0549  0.9771  0.2325 37.1556
  5.1817  2.5275  0.9815  1.4113 20.9936
  5.2213  1.1764  0.9706  0.8192  8.1328
  5.2750  1.0445  0.9892  1.2962  7.0098
  6.4788  3.4626  0.8928  2.3793 30.7526
  5.2252  2.0611  0.9980  0.5612 16.3409
  5.5668  3.4955  0.9823  0.5778 31.1041
  5.8493  1.9299  0.9888  1.0494 15.0660
  5.5857  2.5394  0.9819  1.6172 21.1141
  5.2114  4.0115  0.9803  0.9832 36.6825
  5.1588  2.1434  0.9946  1.0700 17.1486
  4.2507  3.6404  0.9854  0.9062 32.6596
  4.2864  1.8708  0.9824  0.8693 14.4970
  6.3506  3.0871  0.9443  2.5309 26.7750
  5.4633  4.0545  0.9799  0.2138 37.1521
  5.1482  4.1397  0.9980  1.8252 38.0839
  6.2297  3.6070  0.9669  0.2581 32.3001
  5.2192  1.9384  0.9858  0.6532 15.1482
  4.5711  2.6545  0.9890  1.2471 22.2882
  4.3939  3.5192  0.9853  0.9921 31.3578
  4.6165  4.4339  0.9866  1.7085 41.3243
  5.3695  2.9733  0.9902  0.5295 25.5843
  4.5992  2.1349  0.9883  1.6188 17.0648
  5.9855  3.9557  0.9877  1.8262 36.0741
  5.7171  2.6283  0.9851  0.3069 22.0202
  6.0818  2.8407  0.9820  1.4448 24.2057
  5.9965  3.3284  0.9677  2.8365 29.3235
  6.1417  3.7918  0.9932  1.6309 34.2938
  6.3881  1.3776  0.9980  1.5467  9.9065
  5.8472  4.1293  0.9791  0.7837 37.9707
  4.7862  2.9783  0.9828  2.2312 25.6368
  4.7828  2.5692  0.9881  1.2884 21.4177
  5.3782  3.0041  0.9971  1.7211 25.9058
  5.4182  3.6109  0.9937  0.8340 32.3423
  3.5594  1.3916  0.9767  0.6708 10.0322
  5.9302  3.0141  0.9820  0.8279 26.0107
  5.2690  3.3620  0.9980  1.1305 29.6799
  6.2716  3.0980  0.9959  2.1749 26.8900
  4.6616  2.5276  0.9980  1.7358 20.9949
  4.9600  2.4403  0.9816  2.7460 20.1110
  5.1996  4.0198  0.9753  1.2065 36.7727
