  4.5794  4.9416  0.9963  1.0395 46.9831
  4.2437  5.2375  0.9953  1.7777 50.3170
  5.4115  4.0260  0.9670  1.3324 36.8405
  5.5114  3.9231  0.9669  0.6485 35.7191
  5.2098  2.2044  0.9766  0.4971 17.7516
  5.1380  2.2329  0.9882  1.0889 18.0344
  3.7628  3.3528  0.9758  1.3714 29.5827
  5.5480  1.5970  0.9808  0.7614 11.9111
  3.9594  3.0146  0.9729  1.7776 26.0164
  3.6513  3.5154  0.9952  1.0177 31.3175
  4.4491  4.1333  0.9940  1.6494 38.0146
  4.7216  0.4737  0.9028  3.0033  2.6460
  6.4689  4.9514  0.9403  0.5272 47.0932
  5.8745  0.7466  0.9691  1.5237  4.6154
  5.1397  3.1552  0.9754  2.6542 27.4918
  5.2790  2.4726  0.9807  0.7409 20.4370
  5.7032  4.6883  0.9829  0.3487 44.1505
  5.4333  3.8482  0.9818  0.7275 34.9052
  4.9940  3.8726  0.9953  0.9010 35.1704
  5.5183  2.2700  0.9837  1.2257 18.4038
  4.7983  3.7381  0.9685  2.1264 33.7133
  5.9784  3.8049  0.9808  1.3522 34.4361
  5.2098  4.3152  0.9748  1.7720 40.0140
  5.6323  3.3775  0.9726  2.3802 29.8455
  5.0394  2.1590  0.9752  1.6534 17.3026
  5.0412  1.8719  0.9888  2.2168 14.5073
  5.8680  3.7614  0.9929  1.2342 33.9645
  5.0420  3.9533  0.9955  0.9570 36.0476
  4.5923  3.0198  0.9803  1.5428 26.0707
  5.1396  3.1964  0.9905  1.4910 27.9255
  3.8917  6.1998  0.9979  2.1840 61.3108
  4.1860  5.5976  0.9859  0.5730 54.4044
  5.5876  4.8144  0.9822  1.5908 45.5587
  5.0504  2.9561  0.9911  1.1460 25.4050
  5.6188  3.0047  0.9896  2.1896 25.9126
  6.5457  2.0711  0.9008  1.4076 16.4384
  4.7877  2.1429  0.9771  1.2548 17.1437
  5.0920  1.5216  0.9879  1.2980 11.2150
  4.4979  1.3060  0.9747  2.0705  9.2679
  5.7612  2.7178  0.9718  0.7488 22.9384
  4.8533  2.2741  0.9759  1.7679 18.4442
  5.5016  4.3131  0.9713  1.6419 39.9902
  5.0935  3.0723  0.9789  1.5156 26.6205
  4.1884  5.8480  0.9852  1.1468 57.2661
  5.2300  2.7744  0.9811  2.3579 23.5208
  4.4589  3.4982  0.9830  2.4313 31.1335
  5.0258  0.5634  0.9675  0.8987  3.2650
  3.8958  5.7551  0.9784  2.8207 56.2031
  5.1790  5.6759  0.9720  1.2934 55.2976
  4.0392  1.4004  0.9751  2.6273 10.1119
  4.4778  1.1435  0.9819  0.2974  7.8500
  5.3356  2.1463  0.9867  2.1769 17.1776
  4.6583  6.1372  0.9833  1.6641 60.5893
  5.2419  4.5465  0.9723  0.1829 42.5725
  5.0492  2.3539  0.9884  1.9342 19.2421
  5.0980  1.5654  0.9713  0.8547 11.6180
  4.9245  1.7774  0.9914  0.8419 13.6053
  4.5880  0.7800  0.9980  1.5694  4.8723
  5.0988  3.0757  0.9871  2.8542 26.6558
  3.7755  0.8449  0.9948  1.4562  5.3804
  5.1053  1.8458  0.9818  0.4931 14.2569
  5.3703  1.0597  0.9854  0.4327  7.1378
  5.0335  2.3622  0.9667  1.3463 19.3248
  5.7343  2.8205  0.9766  0.5863 23.9969
  5.2193  1.6840  0.9677  0.9026 12.7233
  5.7991  4.0333  0.9740  0.4463 36.9203
  4.9375  2.5142  0.9804  2.8977 20.8583
  5.1523  5.6815  0.9951  0.9625 55.3614
  5.1812  1.0455  0.9855  1.1022  7.0182
  5.2107  4.6802  0.9728  0.4561 44.0599
  5.3985  5.5084  0.9766  1.1316 53.3888
  5.9695  4.9641  0.9765  0.5541 47.2357
  6.8479  3.1177  0.4693  1.9090 27.0966
  5.3347  4.3216  0.9731  1.3894 40.0843
  5.0820  2.6237  0.9857  0.3238 21.9736
  5.2912  2.2020  0.9831  0.5335 17.7277
  4.8188  2.8253  0.9691  0.8222 24.0470
  5.3081  3.7353  0.9881  1.0407 33.6832
  4.4004  0.8613  0.9980  1.4507  5.5109
  5.7586  2.2374  0.9863  0.8958 18.0794
  5.5807  3.6382  0.9828  1.6034 32.6356
  5.8305  3.0019  0.9965  0.8834 25.8834
  6.2653  2.5197  0.9766  2.6694 20.9146
  4.7872  3.2596  0.9980  0.6360 28.5942
  5.4790  1.7749  0.9980  1.0847 13.5819
  5.1844  3.4258  0.9908  0.8320 30.3598
  5.2142  2.7724  0.9682  0.4754 23.5006
  4.8675  1.8243  0.9971  0.7080 14.0513
  5.2953  2.8766  0.9961  0.5885 24.5788
  4.8238  2.2042  0.9931  0.5157 17.7498
  4.2406  5.0566  0.9737  0.5608 48.2762
  5.3708  3.3749  0.9926  1.2752 29.8176
  5.2371  2.4155  0.9974  2.1243 19.8607
  4.5155  3.1612  0.9770  0.7010 27.5545
  4.8217  2.0468  0.9749  0.2959 16.2007
  5.1451  2.6906  0.9780  0.1801 22.6588
  3.6113  2.5677  0.9941  1.2985 21.4021
  5.1743  3.5048  0.9692  1.7997 31.2044
  5.1623  3.3666  0.9706  2.2324 29.7298
  4.5063  5.1350  0.9792  1.6965 49.1592
  5.4510  3.3531  0.9787  0.7042 29.5853
  3.5069  2.9001  0.9845  0.3182 24.8221
  5.8041  3.9889  0.9956  1.0984 36.4358
  5.3173  0.5109  0.9929  1.3132  2.8988
  6.1775  4.4315  0.9937  1.3588 41.2982
  5.1602  0.7036  0.9698  1.2795  4.2889
  5.8279  5.0506  0.9688  2.2305 48.2078
  5.3408  5.7828  0.9972  1.2217 56.5189
  4.6918  3.5233  0.9829  1.5775 31.4016
  5.4743  2.3835  0.9837  1.3834 19.5384
  4.9282  2.3070  0.9872  0.5981 18.7723
  4.8994  2.6250  0.9672  1.1010 21.9872
  4.6770  5.0540  0.9758  1.6039 48.2466
  5.1530  2.2567  0.9968  0.0939 18.2710
  5.5169  3.5389  0.9930  1.0650 31.5695
  5.0340  3.5148  0.9914  0.5127 31.3113
  5.4392  3.1217  0.9950  2.0819 27.1385
  4.9850  3.5347  0.9706  0.6726 31.5238
  5.3742  3.7095  0.9887  2.6683 33.4043
  5.9977  1.0846  0.9718  2.2279  7.3475
  5.2245  3.0151  0.9929  0.4575 26.0214
  3.9110  3.2672  0.9694  0.7402 28.6744
  5.0218  1.9987  0.9814  1.2245 15.7322
  5.9920  3.0332  0.9680  2.8278 26.2102
  4.9913  0.9757  0.9980  1.9491  6.4383
  5.2459  1.3751  0.9867  1.2826  9.8841
  5.5673  2.5489  0.9732  1.1290 21.2113
  4.6979  4.5436  0.9861  1.9239 42.5402
  4.7335  1.2621  0.9938  0.6609  8.8804
  4.8671  5.1202  0.9769  1.2229 48.9925
  5.6282  2.6732  0.9703  1.7632 22.4796
  4.9600  5.3362  0.9919  1.4223 51.4334
  5.4385  2.7512  0.9755  2.0602 23.2814
  5.1764  4.8595  0.9873  2.2183 46.0627
  5.3312  4.3138  0.9980  1.0837 39.9983
  5.1834  3.1065  0.9855  0.9861 26.9787
  4.8592  1.9411  0.9914  0.7212 15.1743
  4.8929  2.4029  0.9967  2.3796 19.7336
  4.7945  1.1991  0.9980  0.6376  8.3294
  6.6228  2.5488  0.5578  0.9672 21.2099
  5.0398  1.9002  0.9959  2.6781 14.7794
  5.3080  2.7070  0.9893  2.3435 22.8268
  4.8594  2.5171  0.9941  1.7356 20.8881
  5.1146  2.4634  0.9747  1.2082 20.3443
  5.2211  3.1622  0.9692  1.0822 27.5649
  5.2369  4.7622  0.9916  1.4395 44.9752
  4.0509  5.9330  0.9769  0.5008 58.2408
  5.3232  3.3418  0.9938  1.6554 29.4658
  5.0952  4.4755  0.9832  1.1835 41.7855
  5.0694  4.5374  0.9940  1.2649 42.4711
  5.4083  4.1252  0.9778  0.3198 37.9255
  6.3519  1.6984  0.9929  1.4119 12.8585
  5.2875  2.3113  0.9889  0.7819 18.8155
  4.0028  1.5700  0.9773  2.3417 11.6604
  5.1171  4.5712  0.9731  0.8990 42.8475
  5.5077  3.9192  0.9749  0.6479 35.6765
  5.6370  1.2454  0.9980  2.2206  8.7340
  4.7504  3.6745  0.9720  0.5670 33.0262
  5.2511  1.0588  0.9764  1.4658  7.1299
  5.1417  1.5571  0.9789  1.1230 11.5420
  5.1525  2.4754  0.9773  1.7154 20.4654
  5.5539  0.6434  0.9980  1.2764  3.8412
  4.3553  2.9014  0.9830  2.3557 24.8356
  4.4340  1.7183  0.9870  1.9640 13.0457
  5.3837  3.1707  0.9980  0.9931 27.6544
  5.7640  3.6712  0.9736  1.0619 32.9911
  5.1961  4.8837  0.9743  0.7661 46.3344
  4.4187  5.6321  0.9683  1.5925 54.7978
  5.1482  1.5633  0.9944  1.1371 11.5988
  5.4528  1.7547  0.9772  1.6660 13.3897
  4.8271  1.8687  0.9774  1.8943 14.4767
  5.5792  3.6301  0.9792  0.1651 32.5489
  4.5940  1.8410  0.9910  1.6782 14.2114
  4.4642  3.6085  0.9683  1.1468 32.3163
  4.0827  3.8682  0.9740  2.5974 35.1219
  4.5917  4.6996  0.9934  2.3766 44.2762
  4.9364  5.9911  0.9931  0.7688 58.9076
  5.2156  4.4043  0.9800  0.8681 40.9969
  4.0438  3.1240  0.9809  0.9057 27.1634
  5.1857  4.1087  0.9678  2.4531 37.7448
  4.7419  1.5053  0.9864  2.1651 11.0651
  5.2397  4.3470  0.9785  2.3943 40.3647
  5.2185  1.8275  0.9887  0.9979 14.0827
  5.4036  0.4803  0.9905  1.1360  2.6907
  5.1496  1.2681  0.9713  2.3600  8.9329
  4.7839  4.2226  0.9949  0.9119 38.9943
  5.1158  1.6889  0.9707  1.5627 12.7694
  5.2389  2.2233  0.9865  0.9485 17.9392
  5.2993  2.1684  0.9727  2.3012 17.3956
  5.3803  3.0835  0.9766  2.8718 26.7380
  5.3804  3.2152  0.9805  1.3330 28.1239
  3.5024  1.3276  0.9970  2.1725  9.4597
  5.0949  2.8093  0.9980  0.2887 23.8812
  5.5235  2.2034  0.9852  0.9080 17.7421
  4.7635  2.3050  0.9851  0.8458 18.7529
  4.2355  0.8307  0.9727  0.1647  5.2688
  5.0088  3.8355  0.9933  0.9833 34.7669
  5.6711  4.1756  0.9920  1.0352 38.4783
  5.5798  1.0389  0.9945  1.3000  6.9630
  4.6843  1.4596  0.9883  1.9162 10.6483
  5.1622  2.4394  0.9708  2.0182 20.1023
  4.9026  1.3277  0.9924  0.8855  9.4603
  4.8564  4.8906  0.9764  0.3518 46.4111
  5.3331  1.3754  0.9845  0.4930  9.8867
  5.2550  0.6789  0.9898  0.9410  4.1036
  5.1838  1.1598  0.9757  1.7925  7.9898
  5.3892  2.4339  0.9953  1.4609 20.0461
  4.4515  2.5906  0.9838  0.8281 21.6351
  5.0487  3.6426  0.9936  0.1216 32.6830
  5.3963  3.6762  0.9763  1.0555 33.0448
  5.4870  1.0366  0.9746  2.0449  6.9432
  5.6510  3.2469  0.9714  2.3015 28.4595
  4.9523  2.8939  0.9769  1.0179 24.7582
  5.5250  1.4900  0.9759  0.9217 10.9251
  5.2123  4.5528  0.9801  2.8272 42.6430
  5.2254  3.0528  0.9980  2.1519 26.4161
  5.2181  1.1942  0.9885  0.6066  8.2870
  4.8003  1.9443  0.9898  1.4806 15.2049
  4.5526  0.9548  0.9961  1.7677  6.2666
  3.6155  6.3772  0.9799  0.6129 63.3611
  4.6946  4.7983  0.9691  1.6230 45.3784
  5.1588  4.0693  0.9806  1.0560 37.3133
  5.5620  1.1825  0.9806  1.7104  8.1862
  5.5558  2.5321  0.9867  0.7554 21.0404
  4.5172  5.3050  0.9686  0.4282 51.0803
  5.1479  3.6437  0.9971  2.0735 32.6952
  5.7565  2.9262  0.9904  1.9777 25.0940
  5.3156  4.3498  0.9746  1.8664 40.3958
  3.9880  6.1317  0.9932  1.0957 60.5257
  5.3506  1.5664  0.9892  2.0685 11.6276
  5.4162  3.1758  0.9678  0.5019 27.7088
  3.9479  1.4776  0.9774  0.7337 10.8123
  4.9671  0.8543  0.9876  0.6258  5.4552
  4.4964  3.9434  0.9673  0.8233 35.9399
  4.7141  5.2967  0.9864  2.2006 50.9859
  5.4223  2.5960  0.9958  2.3785 21.6904
  5.5142  5.5746  0.9704  2.3714 54.1424
  5.9605  3.2183  0.9738  1.0292 28.1569
  5.2637  0.9030  0.9697  1.8687  5.8451
  5.0298  4.9078  0.9702  1.4725 46.6037
  5.4477  2.2274  0.9730  1.3410 17.9796
  4.8328  0.6915  0.9814  1.5151  4.1979
  5.3359  1.7995  0.9830  0.5205 13.8153
  4.9476  2.8295  0.9834  1.2870 24.0900
  5.5089  1.6691  0.9948  0.0698 12.5833
  5.8575  2.6435  0.9977  1.1636 22.1756
  4.9613  0.9335  0.9775  1.1032  6.0920
  5.5722  1.6607  0.9842  0.8298 12.5044
  5.1808  4.2520  0.9858  0.6866 39.3176
  4.5959  4.4221  0.9729  2.2016 41.1941
  4.3844  2.2170  0.9980  0.9442 17.8764
  5.0750  1.9586  0.9888  0.5778 15.3435
  5.2926  3.0959  0.9980  1.3164 26.8678
  4.1122  4.1272  0.9735  1.3756 37.9476
  5.1712  0.5677  0.9710  1.7288  3.2950
  6.6508  2.1127  0.9052  1.6849 16.8469
  4.7643  1.9043  0.9947  2.8765 14.8188
  4.7023  3.5146  0.9694  1.7944 31.3094
  4.8576  2.2950  0.9922  1.6601 18.6529
  4.0949  4.1420  0.9783  2.3550 38.1098
  4.9235  6.1213  0.9907  2.4136 60.4060
  4.9907  3.5234  0.9735  0.8869 31.4036
  4.3488  4.4924  0.9980  1.4415 41.9726
  4.9802  1.6815  0.9752  1.3890 12.6996
  4.0542  5.3479  0.9811  1.2756 51.5664
  5.1045  2.9134  0.9950  2.1460 24.9603
  5.4649  4.5400  0.9801  2.5381 42.5010
  5.3968  1.8059  0.9898  2.2423 13.8763
  5.5099  4.8030  0.9697  0.9462 45.4306
  5.7236  1.0496  0.9945  2.3489  7.0527
  5.7657  2.7203  0.9973  2.7639 22.9634
  5.4244  6.0432  0.9904  0.5215 59.5070
  5.7240  2.2988  0.9894  1.5207 18.6902
  5.9723  3.2225  0.9671  0.6251 28.2017
  4.1100  4.7021  0.9910  0.7978 44.3038
  5.3059  5.0499  0.9935  0.7374 48.2002
  4.4304  5.7505  0.9801  0.7763 56.1501
  5.0630  2.3879  0.9703  0.9104 19.5832
  4.9511  3.5830  0.9909  0.9456 32.0428
  4.5292  6.3339  0.9775  3.1135 62.8594
  5.3349  2.8701  0.9702  1.0037 24.5109
  4.9408  4.6279  0.9677  1.3949 43.4771
  5.4197  2.1003  0.9885  1.4403 16.7247
  4.7605  4.5037  0.9864  0.8245 42.0980
  5.9652  3.2612  0.9705  1.7419 28.6110
  6.2155  1.0596  0.9668  1.4511  7.1369
  4.6756  1.7917  0.9963  0.3754 13.7416
  4.2918  5.3402  0.9740  0.8708 51.4793
  6.0528  2.5348  0.9852  1.1705 21.0680
  5.4141  2.7222  0.9907  2.1932 22.9829
  4.5857  1.5360  0.9698  1.6128 11.3469
  3.9835  2.2160  0.9925  1.6268 17.8667
  4.8354  4.6472  0.9811  0.9820 43.6928
  6.8179  1.2885  0.7791  1.6344  9.1133
  6.1585  4.0669  0.9678  1.2657 37.2868
  6.0852  3.5078  0.9683  0.4003 31.2366
  5.8837  2.4768  0.9785  0.4382 20.4792
  5.0250  3.1699  0.9770  2.1851 27.6468
  4.7444  2.7495  0.9819  0.8099 23.2645
  5.0398  1.7932  0.9980  0.7234 13.7558
  5.2662  2.7719  0.9682  1.7107 23.4947
  4.3068  4.2099  0.9977  1.3731 38.8543
  3.6770  0.5729  0.9912  1.2679  3.3321
  5.4091  2.2055  0.9682  1.8112 17.7630
  5.4893  4.5791  0.9844  2.4621 42.9343
  5.0426  1.9955  0.9804  1.4609 15.7015
  6.7090  3.1638  0.7351  2.6677 27.5817
  4.9595  3.1831  0.9696  0.3441 27.7859
  5.3211  2.8556  0.9952  1.3752 24.3602
  4.9675  4.2504  0.9786  0.4271 39.2999
  3.9000  6.0995  0.9760  1.0248 60.1547
  3.8365  3.1062  0.9980  1.1444 26.9755
  5.5154  3.9366  0.9868  1.0200 35.8658
  5.2757  3.7217  0.9815  0.7765 33.5359
  4.6411  2.2312  0.9980  2.6601 18.0172
  5.2074  4.1115  0.9918  1.1862 37.7751
  5.6767  1.4439  0.9834  2.1241 10.5054
  4.9802  0.3859  0.9762  1.2739  2.0713
  5.2776  3.0199  0.9680  1.2218 26.0717
  4.7462  2.2023  0.9938  2.4335 17.7306
  5.1808  1.9207  0.9871  1.6815 14.9771
  5.7964  1.3731  0.9668  1.7402  9.8665
  5.4209  0.4851  0.9980  1.6333  2.7233
  5.2189  1.4551  0.9786  0.7863 10.6067
  5.1562  4.3100  0.9979  0.4336 39.9568
  5.2993  3.3427  0.9798  1.8707 29.4757
  4.6854  4.7724  0.9891  0.4403 45.0886
  4.7330  2.8715  0.9805  1.9104 24.5253
  5.0119  3.0768  0.9720  1.4815 26.6677
  5.7840  0.0948  0.9912  0.8353  0.4300
  5.7858  0.9875  0.9948  0.8539  6.5356
  5.0420  4.2347  0.9942  1.6042 39.1271
  5.2209  0.5389  0.9697  1.9816  3.0926
  3.8587  6.4215  0.9733  0.9628 63.8731
  6.2559  2.3253  0.9770  0.8515 18.9553
  4.4666  2.0426  0.9683  1.1200 16.1602
  4.5226  4.8591  0.9672  1.4697 46.0579
  5.5982  2.1754  0.9894  0.6469 17.4644
  4.5283  0.9502  0.9689  2.2380  6.2285
  5.1682  2.3580  0.9891  1.5880 19.2825
  5.2212  5.3547  0.9873  1.6651 51.6430
  4.0987  0.9928  0.9739  0.3154  6.5788
  5.4836  3.8138  0.9889  0.1346 34.5319
  5.5329  2.0145  0.9942  1.0641 15.8861
  5.5956  4.6424  0.9793  2.1122 43.6390
  4.8725  5.2611  0.9867  0.1175 50.5832
  4.7858  2.8142  0.9934  1.8603 23.9323
  4.7775  5.7066  0.9844  1.7561 55.6488
  4.9680  5.7499  0.9980  1.3483 56.1436
  4.6791  3.8494  0.9965  0.2954 34.9180
  4.8849  3.3474  0.9733  0.6803 29.5249
  3.9625  1.7524  0.9716  2.0568 13.3679
  5.0733  4.2897  0.9793  1.5170 39.7325
  4.3228  1.1363  0.9888  1.7550  7.7877
  5.1307  5.4097  0.9956  1.3212 52.2676
  5.0968  3.5660  0.9931  0.2413 31.8601
  4.9079  3.5205  0.9832  1.6675 31.3720
  5.0666  1.7636  0.9857  1.6542 13.4739
  5.6470  3.1852  0.9913  1.2132 27.8074
  5.0197  4.5182  0.9880  0.2376 42.2587
  4.6388  1.7757  0.9679  1.3084 13.5886
  5.1594  6.1025  0.9925  1.6391 60.1896
  5.1305  4.1957  0.9970  0.7501 38.6990
  4.5546  2.2077  0.9949  1.6281 17.7847
  6.4957  2.9583  0.9686  0.5592 25.4282
  5.0664  3.4546  0.9976  1.0451 30.6675
  4.7199  3.8783  0.9765  1.0499 35.2313
  5.2302  3.0506  0.9831  0.2641 26.3923
  4.9253  0.9663  0.9729  2.1817  6.3608
  6.8320  3.4409  0.5949  1.7737 30.5209
  5.7300  2.4898  0.9705  1.9031 20.6113
  5.9625  2.6465  0.9872  0.9650 22.2067
  5.3826  2.4412  0.9814  1.0973 20.1202
  5.3032  2.1984  0.9923  1.0774 17.6926
  4.5882  2.4959  0.9903  0.5956 20.6730
  5.2842  2.9860  0.9980  0.5413 25.7175
  5.5910  3.6924  0.9731  1.4099 33.2198
  5.6093  2.5101  0.9925  2.1659 20.8170
  5.7568  3.9652  0.9744  0.7617 36.1772
  4.3668  2.6210  0.9956  1.8579 21.9461
  4.4994  4.1641  0.9757  0.5679 38.3521
  4.5171  4.1597  0.9933  1.0395 38.3037
  4.7952  3.5118  0.9894  1.2169 31.2793
  5.2216  2.0526  0.9857  0.9116 16.2583
  5.6720  1.0669  0.9847  0.7341  7.1980
  4.9269  2.6369  0.9976  0.5934 22.1086
  6.3965  2.7765  0.9944  2.5780 23.5424
  5.2924  3.7870  0.9908  2.0201 34.2414
  5.0842  2.6361  0.9799  0.7298 22.1001
  5.5711  5.2110  0.9869  1.4816 50.0167
  3.9387  2.3779  0.9910  1.1460 19.4822
  5.4943  1.9747  0.9917  0.8297 15.4996
  4.4181  1.8848  0.9980  1.2188 14.6311
  5.9617  2.1866  0.9965  0.7603 17.5753
  4.1441  1.0901  0.9902  2.2993  7.3941
  5.1960  0.1793  0.9806  1.9094  0.8596
  3.6135  3.4361  0.9698  1.8227 30.4703
  4.9276  5.5963  0.9980  2.0964 54.3892
  5.3063  2.9718  0.9781  1.6100 25.5689
  4.7545  2.0992  0.9744  0.3781 16.7146
  4.9395  3.3903  0.9673  1.3481 29.9816
  4.7088  2.2584  0.9822  2.0162 18.2883
  4.6580  2.2376  0.9967  1.2500 18.0811
  4.6959  1.7621  0.9839  1.2604 13.4599
  4.5900  2.0869  0.9980  2.1770 16.5939
  5.6953  3.3810  0.9745  0.9904 29.8825
  3.7654  0.7873  0.9738  1.9370  4.9288
  4.8553  2.9041  0.9944  1.6051 24.8636
  5.5683  0.4961  0.9900  2.2875  2.7977
  5.4961  4.8471  0.9933  2.1658 45.9243
  4.6868  5.5000  0.9750  0.7902 53.2933
  5.1481  3.8796  0.9807  0.8342 35.2464
  5.1258  4.9878  0.9919  1.3033 47.5026
  4.5190  2.1169  0.9782  1.3721 16.8878
  4.1243  2.4827  0.9793  1.2010 20.5389
  4.5357  4.9284  0.9812  2.5325 46.8355
  4.4828  3.2725  0.9770  0.9764 28.7308
  6.1413  2.1363  0.9927  1.9572 17.0794
  4.0998  3.4026  0.9803  1.7793 30.1123
  5.0465  1.2244  0.9921  1.2412  8.5498
  5.3706  5.9667  0.9735  1.2090 58.6276
  5.2106  4.3736  0.9924  0.4069 40.6585
  4.7470  3.5478  0.9772  1.8316 31.6643
  5.5998  3.7314  0.9705  0.8796 33.6403
  4.9531  2.1052  0.9670  0.6128 16.7732
  4.9282  4.2047  0.9914  0.9898 38.7974
  5.3603  0.5889  0.8783  2.1712  3.4462
  4.4833  2.3347  0.9696  0.8827 19.0496
  5.4852  3.3241  0.9927  1.1733 29.2774
  5.2799  1.6192  0.9841  1.4780 12.1175
  4.5623  4.4575  0.9911  1.3515 41.5862
  5.9714  3.8931  0.9721  1.0503 35.3926
  4.9604  3.2148  0.9838  1.3085 28.1198
  4.7318  2.3709  0.9671  1.7939 19.4121
  5.9255  4.7407  0.9951  0.9398 44.7349
  5.0493  1.7305  0.9956  1.0656 13.1610
  4.7320  2.9964  0.9954  2.2092 25.8252
  5.1874  2.9981  0.9719  1.2946 25.8435
  5.4109  2.9844  0.9765  0.8090 25.7007
  4.7360  4.3701  0.9956  1.3294 40.6199
  5.1572  0.5955  0.9902  1.6805  3.4938
  4.3660  1.3074  0.9816  1.8231  9.2806
  4.7319  2.6152  0.9972  0.8128 21.8870
  5.7891  1.5854  0.9906  1.0161 11.8031
  5.2629  0.7758  0.9897  0.9449  4.8398
  5.4602  3.6067  0.9817  1.3996 32.2973
  5.1484  1.6631  0.9742  0.6086 12.5273
  6.1129  2.1685  0.9709  1.0682 17.3964
  5.2181  2.4272  0.9702  1.5012 19.9790
  6.0079  1.9295  0.9795  1.2091 15.0616
  6.0058  3.1291  0.9743  2.4986 27.2170
  5.5734  3.5932  0.9856  1.5331 32.1518
  4.7828  2.7600  0.9851  0.7888 23.3721
  5.5352  2.7927  0.9901  1.6815 23.7102
  4.6022  1.1710  0.9946  0.9531  8.0863
  5.8352  3.0626  0.9753  2.1431 26.5186
  5.0242  1.9948  0.9980  1.4831 15.6947
  5.1515  5.2307  0.9809  0.3498 50.2393
  5.4547  4.7767  0.9814  1.0358 45.1370
  5.2724  2.1675  0.9722  2.8008 17.3871
  4.6657  1.9178  0.9880  1.6542 14.9490
  3.8244  2.1220  0.9909  0.2744 16.9381
  4.4209  2.4386  0.9950  2.0133 20.0941
  4.4035  1.1705  0.9734  0.0250  8.0825
  5.2626  1.5954  0.9871  1.6516 11.8961
  6.0161  2.2636  0.9352  0.7687 18.3395
  5.4741  4.1542  0.9846  0.5787 38.2435
  4.6245  2.3749  0.9980  2.3945 19.4529
  5.0432  2.8996  0.9683  0.5043 24.8168
  4.1013  2.2381  0.9799  1.8331 18.0863
  5.4317  3.3764  0.9728  1.5326 29.8341
  4.9327  5.9626  0.9853  0.6612 58.5805
  5.6321  3.1372  0.9715  2.1041 27.3015
  5.3721  2.1266  0.9745  1.3377 16.9840
  5.1480  1.5696  0.9775  2.0525 11.6567
  4.7876  3.0281  0.9896  1.6522 26.1572
  5.2580  0.6305  0.9802  1.9007  3.7465
  3.9355  5.3522  0.9893  0.8350 51.6154
  4.8841  3.1020  0.9768  0.2442 26.9316
  4.4753  0.4463  0.9834  1.9140  2.4633
  4.2440  3.3955  0.9804  2.1500 30.0365
  5.8044  4.7313  0.9980  0.9097 44.6292
  5.0841  3.7360  0.9897  0.7901 33.6904
  4.2474  2.5348  0.9791  1.6233 21.0676
  5.3404  3.2676  0.9968  1.2093 28.6786
  5.1992  3.3921  0.9675  1.5696 30.0007
  5.3446  3.7890  0.9872  2.2685 34.2634
  3.8614  3.1162  0.9866  1.0378 27.0811
  5.1514  3.1787  0.9680  0.3575 27.7386
  4.4746  3.6837  0.9712  2.7348 33.1263
  4.6635  2.7281  0.9780  1.9606 23.0434
  4.8781  2.6832  0.9945  0.5170 22.5822
  5.4061  2.3665  0.9791  0.1257 19.3687
  5.4851  3.0680  0.9868  1.7142 26.5748
  5.2079  3.6573  0.9839  0.4891 32.8417
  4.9155  2.6174  0.9958  2.4159 21.9086
  3.5789  2.6352  0.9980  1.6242 22.0910
  5.6522  4.4109  0.9916  0.1547 41.0699
  5.1222  1.3481  0.9820  1.2896  9.6427
  5.1310  2.5247  0.9766  1.8439 20.9648
  4.6290  3.2948  0.9747  1.2391 28.9669
  4.3089  4.6926  0.9712  1.0961 44.1984
  5.2424  0.6858  0.9868  0.9407  4.1554
  5.5739  4.1907  0.9805  1.0987 38.6442
  4.7343  4.3206  0.9977  1.2748 40.0735
  5.6593  1.0643  0.9767  0.8531  7.1761
  4.9166  2.8942  0.9849  1.8866 24.7610
  5.2285  4.2351  0.9725  0.0939 39.1315
  5.2108  1.3490  0.9710  0.3692  9.6506
  6.0510  1.9213  0.9952  1.8966 14.9832
  4.9099  3.9161  0.9812  0.9303 35.6427
  4.7143  5.3701  0.9836  0.9324 51.8179
  5.2235  3.1518  0.9837  1.6154 27.4556
  4.9535  2.4637  0.9950  0.9808 20.3474
  5.3364  3.6105  0.9928  2.1282 32.3383
  5.4374  1.6268  0.9905  0.4881 12.1880
  6.1604  3.0159  0.9773  2.2986 26.0293
  5.9985  1.0933  0.9713  1.2285  7.4212
  4.0875  1.8821  0.9891  1.4201 14.6057
  5.9131  4.2233  0.9807  1.7629 39.0018
  5.7742  1.3857  0.9751  1.2185  9.9791
  5.2212  0.9869  0.9883  0.5979  6.5307
  4.2349  2.0868  0.9829  2.5998 16.5927
  5.3957  1.4536  0.9833  0.1808 10.5938
  4.9451  2.8502  0.9806  1.2384 24.3041
  6.5052  2.5932  0.7759  1.0174 21.6623
  5.0299  1.9446  0.9980  0.8495 15.2083
  4.3579  3.7780  0.9845  1.1682 34.1446
  4.6454  4.3438  0.9980  2.2858 40.3293
  6.3739  4.3022  0.9860  1.5756 39.8703
  4.5768  1.3284  0.9789  1.2416  9.4665
  5.0823  5.3748  0.9851  1.6921 51.8710
  5.1728  3.6807  0.9686  0.9535 33.0936
  3.6481  1.8571  0.9829  2.3437 14.3655
  4.5707  4.3793  0.9884  0.1565 40.7206
  5.2075  2.6914  0.9912  0.8448 22.6672
  5.3862  3.3287  0.9948  0.5593 29.3270
  4.5288  5.2790  0.9980  2.6290 50.7859
  5.3039  4.5950  0.9760  2.7877 43.1112
  5.2451  1.8148  0.9785  1.2564 13.9615
  4.6375  3.3175  0.9891  1.7065 29.2071
  4.8622  1.1700  0.9702  0.7229  8.0779
  5.1448  3.7989  0.9850  2.8610 34.3709
  5.3414  5.1180  0.9718  1.8619 48.9673
  5.0524  5.5841  0.9904  1.6113 54.2504
  5.6036  0.8174  0.9725  0.8799  5.1636
  5.2432  2.6318  0.9734  0.4086 22.0560
  4.3375  1.2197  0.9797  2.7058  8.5088
  6.1481  2.9700  0.9854  2.8366 25.5505
  5.4469  2.7880  0.9950  0.3472 23.6608
  4.3721  4.6925  0.9769  0.2500 44.1971
  5.8303  2.9266  0.9965  2.3194 25.0979
  4.9687  3.8709  0.9668  1.0768 35.1519
  5.9777  3.7162  0.9864  1.7052 33.4760
  5.0700  4.1711  0.9774  2.1367 38.4286
  4.8589  2.1964  0.9740  1.5940 17.6721
  4.6089  1.4615  0.9835  0.9274 10.6651
  5.2949  1.2529  0.9843  1.2261  8.7997
  5.2535  3.7466  0.9721  0.3465 33.8049
  4.0063  0.7199  0.9694  1.6897  4.4118
  5.1282  1.2415  0.9967  1.1021  8.6995
  4.9321  3.9314  0.9930  1.1079 35.8094
  5.1201  3.9357  0.9927  1.5143 35.8557
  5.1487  2.7177  0.9742  2.1627 22.9366
  5.1328  3.9061  0.9907  1.1467 35.5336
  4.6380  4.3449  0.9923  0.8220 40.3408
  6.9254  1.4268  0.5594  2.1331 10.3499
  4.9430  3.1070  0.9718  1.6918 26.9848
  4.3085  2.0021  0.9843  1.2157 15.7658
  4.1967  2.6756  0.9871  2.1885 22.5051
  5.5689  0.4301  0.9814  1.7628  2.3564
  6.8365  2.7952  0.7087  0.3348 23.7358
  4.4229  1.9026  0.9783  1.3908 14.8026
  4.5038  4.6092  0.9902  1.3576 43.2696
  5.2005  0.7057  0.9891  1.0177  4.3044
  5.8338  2.4615  0.9935  1.5416 20.3246
  6.2038  3.4904  0.9685  0.8904 31.0503
  5.2558  5.4599  0.9698  1.2088 52.8369
  6.3903  3.0485  0.9768  1.1850 26.3708
  5.5617  4.0658  0.9726  1.0874 37.2751
  5.9434  1.1719  0.9699  0.7873  8.0944
  5.9638  3.4279  0.9770  0.9028 30.3818
  5.2872  0.8878  0.9163  0.8243  5.7229
  4.5779  0.9588  0.9705  1.0251  6.2992
  4.7307  3.9752  0.9877  0.4250 36.2862
  6.0405  4.5813  0.9672  1.3211 42.9589
  6.1668  3.6794  0.9901  2.3881 33.0792
  5.2863  1.1380  0.9721  0.4091  7.8024
  4.8528  6.4266  0.9980  1.6894 63.9330
  5.5064  1.6383  0.9668  0.6047 12.2955
  4.1157  2.0656  0.9752  1.4753 16.3848
  4.1488  0.4402  0.9734  2.5167  2.4228
  5.1003  2.0052  0.9980  0.4583 15.7956
  4.1667  2.5327  0.9879  1.1140 21.0463
  4.9410  4.1047  0.9847  1.0256 37.7012
  5.5382  2.6869  0.9918  0.2465 22.6207
  6.3719  2.3352  0.9672  1.9424 19.0545
  5.4712  2.9501  0.9866  1.1578 25.3426
  5.3304  3.3754  0.9826  1.3358 29.8233
  5.8194  4.3195  0.9747  0.6030 40.0611
  5.7635  1.6142  0.9679  1.3076 12.0706
  5.6307  4.2465  0.9686  1.7261 39.2567
  5.4883  3.1989  0.9696  0.7335 27.9523
  4.6798  4.9062  0.9825  1.0463 46.5864
  4.5628  4.1381  0.9801  0.3327 38.0664
  5.3468  4.2218  0.9779  1.6387 38.9851
  4.9595  2.7621  0.9721  1.5404 23.3940
  5.0579  1.7063  0.9945  1.9319 12.9329
  4.8902  1.9659  0.9860  1.4911 15.4145
  6.6050  2.1988  0.7260  2.4777 17.6959
  5.6580  1.4485  0.9879  0.7032 10.5468
  4.0365  4.7270  0.9876  0.9851 44.5821
  5.6421  0.7372  0.9847  1.4024  4.5435
  4.9294  4.7809  0.9695  1.1443 45.1838
  4.7252  4.8730  0.9721  0.4122 46.2142
  6.6989  1.6453  0.7943  0.7088 12.3609
  5.3862  1.8757  0.9783  1.4240 14.5440
  6.6140  3.6916  0.6734  1.2930 33.2114
  5.2633  2.3065  0.9840  1.5021 18.7670
  4.6300  4.3205  0.9758  0.7701 40.0727
  4.1006  5.0074  0.9780  1.2462 47.7224
  4.5815  3.2238  0.9980  0.3975 28.2148
  5.1609  4.4952  0.9914  1.3807 42.0040
  4.5453  3.5407  0.9949  1.1024 31.5880
  5.8221  0.6357  0.9980  2.2604  3.7851
  6.8016  2.6142  0.5597  2.6633 21.8761
  5.2988  3.2030  0.9980  2.8346 27.9958
  6.1260  2.6738  0.9743  1.2032 22.4861
  5.1103  2.9320  0.9796  2.1684 25.1541
