  5.4260  3.5184  0.9766  0.9282 31.3492
  5.0045  3.3012  0.9735  1.0259 29.0349
  4.5718  2.7507  0.9976  2.8073 23.2761
  5.5744  3.7880  0.9980  0.2915 34.2529
  4.8080  3.9739  0.9811  1.2952 36.2715
  4.8706  1.6316  0.9798  1.0590 12.2333
  4.0957  2.1163  0.9799  2.2434 16.8821
  5.4289  2.3472  0.9907  1.6555 19.1749
  5.1555  2.9801  0.9919  0.1140 25.6554
  4.2506  1.2473  0.9978  2.3085  8.7501
  4.7864  1.9068  0.9682  1.4288 14.8430
  4.9712  4.4310  0.9717  0.3430 41.2922
  5.2043  3.2626  0.9943  1.4827 28.6259
  5.3850  1.9494  0.9685  1.5203 15.2547
  6.8333  3.3585  0.5206  1.1054 29.6433
  4.7831  3.5378  0.9778  0.2838 31.5575
  5.4572  3.5127  0.9930  1.7869 31.2888
  4.7081  1.5455  0.9714  1.3394 11.4344
  5.2830  3.3891  0.9678  0.4385 29.9683
  4.4471  1.9954  0.9751  0.6814 15.6999
  4.2471  2.1189  0.9795  1.3175 16.9082
  4.1147  2.0785  0.9704  0.9648 16.5113
  5.4950  2.4905  0.9834  2.1962 20.6184
  4.4378  3.6916  0.9927  0.8359 33.2107
  5.0916  4.0061  0.9856  0.8504 36.6236
  3.8636  0.7826  0.9721  2.3840  4.8923
  4.9227  3.7044  0.9967  1.1924 33.3489
  5.2508  1.2495  0.9980  1.2721  8.7697
  5.4803  1.3264  0.9892  1.5188  9.4495
  4.9546  4.4682  0.9846  2.8869 41.7041
  5.4025  2.0474  0.9726  2.2806 16.2069
  5.1190  2.4401  0.9973  0.7094 20.1087
  5.3048  2.9421  0.9870  0.5397 25.2589
  5.7146  1.8916  0.9866  1.8698 14.6972
  4.7790  3.2048  0.9980  1.6083 28.0144
  4.1022  2.5762  0.9795  2.7415 21.4887
  4.4535  3.3163  0.9814  1.9806 29.1947
  5.2890  4.0272  0.9736  0.4104 36.8530
  6.1629  2.4931  0.9909  1.4833 20.6451
  5.2564  2.1594  0.9925  0.9636 17.3072
  3.6342  0.9540  0.9859  1.0592  6.2595
  5.3653  2.4564  0.9733  1.6066 20.2732
  5.5986  3.5865  0.9885  0.5277 32.0800
  5.0665  0.9015  0.9888  0.4614  5.8334
  4.4418  1.6071  0.9969  1.7629 12.0045
  3.5396  1.4382  0.9753  0.9668 10.4538
  5.3242  3.8203  0.9938  0.6319 34.6021
  5.2583  3.8466  0.9716  1.4788 34.8872
  4.7560  4.1187  0.9781  2.7396 37.8546
  4.8650  1.5430  0.9756  0.6403 11.4118
  3.7752  3.8819  0.9703  0.8343 35.2714
  5.4514  1.7429  0.9768  1.6606 13.2782
  5.2637  2.6216  0.9731  1.0448 21.9523
  5.6189  3.0998  0.9682  0.7243 26.9090
  5.0911  3.7090  0.9938  0.6577 33.3987
  6.3310  2.6833  0.8281  2.3016 22.5839
  5.1730  0.5139  0.9669  3.0423  2.9195
  3.8460  1.6076  0.9821  0.7949 12.0090
  5.6691  3.7551  0.9917  0.3581 33.8966
  4.6251  1.2188  0.9813  2.1357  8.5012
  4.9389  4.3373  0.9963  1.9737 40.2572
  5.3425  3.7321  0.9902  2.2126 33.6479
  4.8548  2.3812  0.9980  2.0473 19.5163
  5.1076  2.6040  0.9954  0.8378 21.7721
  5.0785  0.7213  0.9946  1.8097  4.4226
  4.1360  1.7450  0.9733  0.7274 13.2983
  5.8745  2.4315  0.9917  1.0617 20.0223
  6.0422  1.8414  0.9970  1.3034 14.2153
  5.3257  1.6209  0.9753  1.6465 12.1333
  5.4192  2.3973  0.9778  0.7731 19.6777
  5.4524  3.5676  0.9921  1.9258 31.8773
  5.1197  1.0508  0.9910  0.7480  7.0629
  5.6035  0.6760  0.9840  2.0546  4.0824
  5.3923  4.2199  0.9801  1.3589 38.9647
  4.7648  1.0999  0.9691  0.2233  7.4775
  5.1380  2.2287  0.9905  1.6281 17.9923
  5.3566  4.4506  0.9674  1.6979 41.5097
  5.3351  1.3065  0.9677  1.0036  9.2724
  5.1992  2.0029  0.9886  0.2383 15.7736
  5.0365  3.8075  0.9844  1.3557 34.4640
  3.9681  2.1492  0.9980  0.1659 17.2059
  4.1113  3.8623  0.9920  1.1790 35.0584
  5.0921  3.8504  0.9667  0.2811 34.9294
  4.6383  1.4284  0.9723  0.3901 10.3646
  5.4393  2.1029  0.9980  2.0770 16.7503
  5.7323  1.1699  0.9882  2.8649  8.0772
  4.5797  4.2374  0.9829  2.1922 39.1574
  5.6691  2.6643  0.9858  0.5652 22.3887
  4.3193  2.2893  0.9833  1.0635 18.5953
  5.2699  1.5205  0.9671  0.4045 11.2046
  5.5434  4.0252  0.9980  1.1467 36.8313
  5.4609  3.0536  0.9813  0.5770 26.4241
  5.3581  4.1515  0.9744  0.9082 38.2141
  6.0703  2.1175  0.9980  2.6424 16.8943
  6.2804  1.5319  0.9980  2.3763 11.3095
  4.4407  2.0128  0.9697  1.9010 15.8699
  4.0375  0.8788  0.9790  1.5571  5.6510
  5.1164  3.4822  0.9694  2.7627 30.9627
  5.2877  1.4186  0.9773  1.5260 10.2764
  5.7581  3.4245  0.9850  0.9598 30.3461
  4.7825  1.9190  0.9740  0.9529 14.9609
  5.0799  1.4757  0.9805  0.8777 10.7950
  5.3059  2.9636  0.9878  1.2571 25.4829
  4.5037  1.7774  0.9713  2.0765 13.6049
  5.4989  1.1675  0.9670  0.7939  8.0561
  4.3571  4.0532  0.9678  0.3061 37.1374
  4.2745  2.2068  0.9943  0.7830 17.7759
  5.1549  3.6302  0.9833  1.3658 32.5501
  4.6586  2.6552  0.9730  1.2469 22.2960
  4.6643  3.1548  0.9955  1.6643 27.4867
  6.1959  1.3262  0.9783  0.8538  9.4477
  5.6976  1.6403  0.9961  0.8886 12.3140
  5.4909  2.7558  0.9980  1.6320 23.3293
  4.9932  3.5343  0.9781  1.5679 31.5197
  5.2919  2.3453  0.9874  2.2470 19.1554
  5.5309  2.8540  0.9980  1.1827 24.3440
  4.5656  2.1725  0.9905  0.8052 17.4359
  5.4583  2.7528  0.9726  2.7490 23.2983
  4.0909  4.0799  0.9859  1.2671 37.4298
  5.1501  1.8969  0.9916  0.5532 14.7481
  3.8594  1.8901  0.9709  1.3455 14.6826
  4.6935  2.0762  0.9729  2.6586 16.4891
  4.7690  0.6645  0.9793  1.4759  3.9970
  4.4352  2.8831  0.9968  0.7014 24.6456
  4.7653  3.6100  0.9949  1.6236 32.3320
  4.8215  2.6974  0.9949  1.0249 22.7286
  5.8518  3.2742  0.9795  2.0289 28.7488
  4.8028  3.0769  0.9955  1.2673 26.6682
  4.8603  2.9332  0.9816  1.4233 25.1662
  6.8501  3.9756  0.8309  1.2262 36.2910
  5.0692  0.4853  0.9711  1.3870  2.7246
  4.8766  4.0735  0.9863  1.0760 37.3594
  4.5939  1.3280  0.9720  1.0333  9.4635
  3.5970  1.8743  0.9799  2.1668 14.5308
  4.7469  2.4035  0.9947  0.9548 19.7398
  5.4173  2.5502  0.9822  2.4917 21.2242
  5.7465  3.4818  0.9922  0.6862 30.9583
  4.8923  1.8718  0.9809  1.2269 14.5067
  4.9877  2.0829  0.9862  2.0048 16.5544
  5.5776  2.1127  0.9980  2.2625 16.8467
  5.4785  1.4180  0.9765  0.2034 10.2709
  4.9545  3.5248  0.9814  1.5622 31.4178
  5.0660  3.6057  0.9932  1.6814 32.2865
  5.6980  3.1975  0.9827  1.1432 27.9371
  4.7826  1.4827  0.9904  0.5132 10.8585
  4.5197  1.6469  0.9858  1.7933 12.3762
  4.7642  2.9333  0.9871  1.0561 25.1678
  5.9352  4.0120  0.9778  0.2726 36.6876
  4.9087  2.9529  0.9685  2.0339 25.3717
  4.6985  3.3058  0.9849  0.3500 29.0830
  5.0477  4.2623  0.9971  2.0047 39.4315
  5.4847  2.4362  0.9901  1.5525 20.0695
  6.5118  2.0052  0.7556  0.6130 15.7959
  4.9876  1.8927  0.9945  0.4322 14.7074
  4.5376  2.5149  0.9777  1.4096 20.8654
  4.3807  3.5338  0.9980  1.7357 31.5143
  5.7242  0.9070  0.9946  1.1678  5.8777
  5.2742  2.3853  0.9957  2.6818 19.5565
  5.1540  3.1770  0.9804  1.8829 27.7215
  5.6037  3.3326  0.9843  1.9422 29.3684
  5.4222  2.6821  0.9922  1.8061 22.5710
  4.8967  2.8098  0.9875  1.4846 23.8867
  5.2454  1.4962  0.9833  0.9414 10.9818
  4.9545  2.9773  0.9860  1.0191 25.6267
  5.1260  1.5334  0.9850  0.5582 11.3232
  4.2740  1.4931  0.9751  1.4610 10.9539
  4.7527  3.7974  0.9980  2.8315 34.3546
  4.3988  3.3603  0.9913  0.8429 29.6620
  5.1608  3.0533  0.9888  2.0369 26.4207
  5.0791  1.7465  0.9824  0.9205 13.3120
  4.8845  0.6846  0.9809  1.0329  4.1465
  5.0254  1.7244  0.9734  1.2255 13.1033
  4.2447  1.4963  0.9785  1.8777 10.9832
  5.6637  3.4552  0.9773  2.0116 30.6735
  4.9391  3.0790  0.9886  1.5247 26.6900
  5.9305  2.3504  0.9725  1.5960 19.2066
  4.7641  0.9792  0.9944  0.9897  6.4665
  5.7984  2.0243  0.9745  1.0267 15.9816
  5.4681  0.9973  0.9962  1.9290  6.6166
  3.6711  1.8564  0.9951  1.6018 14.3589
  6.5154  1.6188  0.8093  2.2033 12.1138
  5.5780  3.0347  0.9922  1.2898 26.2260
  3.5755  4.1085  0.9775  2.5607 37.7426
  5.1149  1.1343  0.9712  0.7926  7.7713
  4.6513  3.5785  0.9937  0.8923 31.9944
  3.5303  4.3835  0.9917  1.4169 40.7676
  3.7315  3.8696  0.9671  1.8547 35.1373
  4.9911  1.3639  0.9811  1.1104  9.7836
  5.5945  4.3319  0.9702  1.4452 40.1977
  5.0338  1.3896  0.9929  1.2475 10.0145
  5.1130  1.7549  0.9748  1.9692 13.3915
  4.1720  3.7162  0.9872  0.6574 33.4764
  6.0617  1.6438  0.9980  1.7739 12.3464
  4.8187  2.7759  0.9966  1.5057 23.5366
  5.1674  2.3416  0.9891  1.5133 19.1184
  3.8043  2.3241  0.9828  0.9922 18.9431
  4.7871  3.5966  0.9879  0.8804 32.1888
  5.8721  3.1291  0.9950  1.0724 27.2166
  5.1909  1.1365  0.9716  0.6475  7.7894
  5.5397  0.6665  0.9803  1.8332  4.0113
  5.7766  3.3279  0.9980  1.9115 29.3177
  5.3219  2.5854  0.9870  0.9570 21.5824
  5.2279  3.2881  0.9944  1.9121 28.8960
  4.1679  3.8728  0.9788  2.8273 35.1726
  5.8284  3.8685  0.9709  1.8005 35.1257
  3.9087  1.2331  0.9721  1.7274  8.6262
  5.0282  4.2104  0.9967  0.6153 38.8606
  5.1245  0.8421  0.9929  0.7015  5.3586
  5.3804  1.7983  0.9683  0.5978 13.8037
  5.8373  1.6852  0.9761  1.0517 12.7349
  4.8979  4.3042  0.9882  2.1570 39.8926
  4.3737  2.4060  0.9943  2.9946 19.7656
  4.2227  3.7070  0.9962  2.4857 33.3771
  5.1064  2.9339  0.9669  1.8374 25.1738
  4.9582  2.7850  0.9980  1.3317 23.6303
  5.0610  1.9916  0.9748  2.4331 15.6634
  5.4888  4.2914  0.9701  1.7045 39.7511
  5.2234  2.8074  0.9871  1.0498 23.8612
  3.5036  4.2835  0.9668  0.8945 39.6645
  5.4451  2.3733  0.9867  1.7824 19.4360
  5.0127  0.3118  0.9853  0.0913  1.6129
  5.4205  2.5973  0.9910  0.8096 21.7036
  4.4613  2.4620  0.9826  2.9836 20.3300
  4.9398  3.0771  0.9846  1.4322 26.6701
  4.6452  1.5021  0.9770  2.1895 11.0358
  4.9358  3.8914  0.9830  0.7657 35.3740
  4.7738  2.9676  0.9872  1.0718 25.5252
  5.3856  3.1217  0.9814  0.9322 27.1389
  5.2273  2.0282  0.9911  2.4383 16.0200
  4.0845  3.9675  0.9774  1.4997 36.2018
  5.2854  3.9206  0.9788  2.3347 35.6919
  5.2060  3.1028  0.9736  1.8313 26.9398
  6.2346  2.7552  0.9675  1.1083 23.3224
  5.1005  2.6169  0.9902  0.2171 21.9045
  5.2144  1.4829  0.9671  0.4117 10.8604
  6.2767  3.1089  0.9853  0.9344 27.0048
  6.2403  1.8495  0.9849  0.8203 14.2927
  6.5191  4.4053  0.7805  1.0227 41.0086
  5.0596  1.4800  0.9811  2.5242 10.8334
  5.5106  4.1741  0.9791  0.5275 38.4612
  5.4094  2.4928  0.9972  1.4910 20.6420
  5.5485  4.2191  0.9671  1.4784 38.9559
  5.0358  2.1139  0.9821  1.1584 16.8589
  5.2619  1.4117  0.9934  0.3881 10.2134
  4.9903  2.4701  0.9807  1.1735 20.4116
  4.6033  1.4513  0.9701  1.0672 10.5729
  3.7244  2.7950  0.9725  1.2411 23.7331
  4.9359  3.7975  0.9897  1.6867 34.3556
  5.4419  1.5974  0.9746  1.8458 11.9150
  5.6715  4.2921  0.9674  1.3977 39.7589
  6.7208  3.8833  0.7517  1.4141 35.2860
  4.5999  4.2223  0.9729  0.2189 38.9913
  5.0006  2.9993  0.9907  0.4671 25.8562
  5.1863  2.8409  0.9692  0.6923 24.2085
  5.3051  4.4342  0.9676  2.7007 41.3284
  5.8472  2.7054  0.9776  0.1039 22.8107
  4.7815  1.0661  0.9980  1.3224  7.1914
  4.5548  3.9781  0.9768  2.3235 36.3178
  4.7560  3.0335  0.9692  2.9189 26.2133
  3.6649  1.1773  0.9882  0.6710  8.1411
  5.3101  1.7752  0.9812  1.5140 13.5841
  5.4634  2.8644  0.9675  1.6811 24.4522
  5.3097  3.6536  0.9885  0.8307 32.8012
  4.8770  2.8803  0.9825  0.3147 24.6163
  5.0457  0.9663  0.9749  2.8082  6.3609
  6.7876  4.1952  0.5821  2.2742 38.6936
  5.0488  4.3699  0.9682  1.4124 40.6175
  5.5887  0.9637  0.9778  2.9118  6.3392
  5.6792  1.2558  0.9753  1.9920  8.8253
  5.4244  1.9705  0.9906  1.3731 15.4583
  4.6349  2.4849  0.9957  1.8134 20.5617
  6.3824  3.4457  0.9804  0.2266 30.5720
  5.0976  3.1800  0.9943  0.8903 27.7523
  5.7571  1.8674  0.9921  1.4532 14.4639
  5.4100  2.1571  0.9680  0.3292 17.2840
  5.3044  1.8587  0.9706  0.7271 14.3813
  6.0928  1.6080  0.9822  0.3498 12.0133
  4.1913  2.8397  0.9750  2.0667 24.1958
  3.7303  1.4760  0.9931  0.9375 10.7973
  4.2739  2.0348  0.9711  1.2160 16.0840
  4.9445  1.1086  0.9771  0.7420  7.5514
  5.3666  1.5837  0.9741  2.4436 11.7874
  5.4818  4.4183  0.9746  1.3137 41.1525
  5.2097  2.5483  0.9782  1.0195 21.2044
  5.2129  2.0510  0.9847  1.3163 16.2419
  4.3910  1.7524  0.9794  0.4705 13.3687
  6.0444  1.0538  0.9921  1.8855  7.0882
  6.0040  1.0540  0.9948  0.5728  7.0898
  4.7339  2.0523  0.9946  1.6677 16.2547
  5.3628  2.9358  0.9945  0.7918 25.1936
  6.7745  3.3744  0.6622  2.3042 29.8122
  5.0132  1.5531  0.9838  2.2477 11.5046
  5.3370  0.8757  0.9890  2.6203  5.6258
  4.4362  4.1015  0.9882  1.7468 37.6660
  5.1949  2.6343  0.9846  1.8141 22.0814
  3.6786  2.0197  0.9910  2.7039 15.9370
  5.1107  0.9288  0.9767  1.4752  6.0540
  4.7946  3.8903  0.9866  0.4127 35.3624
  4.3506  1.4070  0.9788  0.9649 10.1714
  5.3839  3.5573  0.9717  0.6612 31.7668
  5.1447  2.4933  0.9933  1.5568 20.6463
  6.3114  0.5919  0.9776  0.2907  3.4674
  4.0229  1.9504  0.9706  0.8154 15.2644
  5.4820  3.4071  0.9707  2.8144 30.1609
  4.7413  0.7686  0.9901  0.5141  4.7841
  5.4823  2.1169  0.9712  1.2092 16.8886
  4.1818  2.2304  0.9808  0.4574 18.0094
  5.2351  3.3744  0.9757  2.5859 29.8126
  5.7584  3.6684  0.9908  2.4283 32.9611
  3.6914  2.3990  0.9687  0.3048 19.6945
  4.5800  1.5909  0.9804  1.9342 11.8545
  5.2429  3.2403  0.9727  1.8675 28.3895
  4.9125  3.7808  0.9745  2.1347 34.1751
  5.2747  3.8292  0.9822  0.9216 34.6991
  4.1061  4.3857  0.9873  1.4811 40.7918
  4.7737  2.7821  0.9943  1.0432 23.6006
  4.8430  3.7323  0.9909  2.4880 33.6503
  4.4888  1.0715  0.9832  2.9891  7.2369
  4.3804  2.6585  0.9836  1.4573 22.3296
  6.1267  3.7788  0.9871  1.4979 34.1531
  5.6224  3.4452  0.9759  1.1394 30.5669
  5.0784  4.1512  0.9777  1.3284 38.2107
  4.3753  1.5770  0.9931  2.7972 11.7260
  4.5667  1.3965  0.9871  1.2877 10.0768
  3.8147  1.2791  0.9877  0.6415  9.0297
  5.2471  1.6016  0.9717  1.9405 11.9537
  5.2588  3.0193  0.9778  0.5204 26.0656
  5.2997  2.5599  0.9938  1.4068 21.3230
  5.5108  2.3757  0.9954  1.1991 19.4607
  3.6927  0.9838  0.9843  0.3153  6.5049
  4.7373  0.7048  0.9860  0.5214  4.2975
  4.9039  3.3488  0.9731  0.7022 29.5401
  5.2460  2.4392  0.9939  1.4735 20.1000
  5.3530  2.7665  0.9774  1.1435 23.4391
  5.7216  2.8629  0.9878  0.9851 24.4366
  4.9966  3.4283  0.9904  0.2300 30.3871
  5.2580  3.7442  0.9914  2.0239 33.7786
  5.2591  2.2341  0.9954  1.0506 18.0467
  6.4629  2.7896  0.9174  0.3851 23.6780
  6.0473  2.6872  0.9743  1.6075 22.6238
  5.7779  0.8135  0.9771  2.1822  5.1332
  3.5115  1.4636  0.9949  1.0197 10.6846
  4.9641  3.8861  0.9783  1.5210 35.3168
  5.8675  3.6232  0.9752  1.6739 32.4740
  5.1954  3.0582  0.9840  0.6681 26.4727
  4.5975  2.9616  0.9904  1.9199 25.4625
  3.6601  0.9762  0.9792  1.6524  6.4423
  5.3952  2.7745  0.9866  1.3663 23.5216
  5.1739  2.7765  0.9694  1.0200 23.5425
  5.5920  0.8766  0.9668  1.8471  5.6332
  5.5982  2.6392  0.9910  1.2833 22.1319
  6.1567  3.2098  0.9954  0.4038 28.0677
  4.2642  4.2089  0.9718  0.5533 38.8442
  5.6446  2.2311  0.9916  2.0673 18.0167
  5.2166  4.4967  0.9911  1.5613 42.0206
  5.8769  3.1287  0.9692  1.8135 27.2124
  5.2143  2.2476  0.9801  1.4715 18.1808
  5.5024  3.6266  0.9756  1.1638 32.5107
  4.7908  3.3279  0.9772  0.9712 29.3179
  5.0343  3.8294  0.9870  0.3988 34.7014
  5.6217  1.1531  0.9932  0.2655  7.9319
  6.9778  2.4331  0.8748  0.1404 20.0387
  4.8844  3.8512  0.9701  1.3612 34.9377
  5.5117  1.4860  0.9716  1.4633 10.8891
  5.0053  2.9087  0.9980  0.3373 24.9121
  5.5945  4.2840  0.9855  1.6758 39.6702
  5.2788  3.1478  0.9765  0.5081 27.4139
  6.3315  2.0677  0.9703  1.7946 16.4058
  5.4918  2.9952  0.9699  0.7840 25.8134
  5.8864  2.6995  0.9902  0.2988 22.7495
  6.9513  2.1161  0.7206  1.6519 16.8804
  4.8527  0.9581  0.9742  2.7825  6.2933
  6.0180  3.3210  0.9980  1.2838 29.2446
  5.2331  4.4391  0.9728  1.4177 41.3821
  4.3263  3.5034  0.9759  0.4164 31.1890
  5.2774  2.0202  0.9693  1.6453 15.9419
  5.0612  0.5807  0.9830  0.7977  3.3875
  5.0110  3.1785  0.9880  1.2767 27.7374
  5.5196  1.9951  0.9770  1.9009 15.6971
  5.0845  3.5331  0.9867  1.0715 31.5074
  6.5510  3.6596  0.7841  2.8789 32.8664
  4.3754  0.9945  0.9897  0.9961  6.5933
  5.4112  3.6085  0.9943  2.0553 32.3166
  5.2380  1.6660  0.9671  1.4537 12.5548
  5.2891  3.2988  0.9756  2.2213 29.0090
  4.3357  1.5319  0.9844  1.3044 11.3099
  4.9855  1.3867  0.9898  0.2719  9.9887
  4.2816  3.2364  0.9804  0.8081 28.3481
  4.9135  0.4482  0.9825  2.0479  2.4755
  4.4678  2.8334  0.9884  1.5917 24.1303
  5.4176  1.6821  0.9772  1.3815 12.7054
  3.9992  1.9616  0.9768  0.8838 15.3722
  5.9832  2.4387  0.9724  1.2497 20.0947
  5.2055  3.7434  0.9942  0.9708 33.7705
  5.3846  1.5692  0.9881  0.6669 11.6533
  5.2414  2.2198  0.9890  2.0926 17.9040
  5.8261  4.4334  0.9946  1.9841 41.3188
  5.9440  2.5928  0.9978  2.1765 21.6584
  4.9544  4.2482  0.9923  0.5424 39.2754
  4.7550  2.2495  0.9859  1.3385 18.1989
  5.1598  1.9937  0.9708  1.5197 15.6840
  5.7490  3.0115  0.9909  0.9957 25.9839
  5.5826  1.3793  0.9780  0.8859  9.9222
  5.4142  4.2521  0.9756  0.8215 39.3193
  6.1644  2.8265  0.9677  1.8431 24.0596
  5.1030  4.2212  0.9958  1.4655 38.9787
  5.3625  1.2034  0.9784  1.0213  8.3667
  5.2414  4.4797  0.9678  0.5731 41.8319
  5.3858  4.0640  0.9669  2.0043 37.2557
  6.0053  3.3726  0.9748  0.4677 29.7931
  6.0491  0.6527  0.9800  2.9447  3.9096
  5.1913  2.4973  0.9834  0.5451 20.6877
  5.1792  2.5306  0.9818  2.8531 21.0252
  6.1079  2.2688  0.9721  0.1818 18.3909
  5.8694  1.8452  0.9945  0.9515 14.2519
  4.9924  1.9468  0.9722  1.3992 15.2294
  5.4313  2.5986  0.9929  1.6574 21.7172
  4.9820  2.2234  0.9917  1.1779 17.9404
  3.9159  2.8362  0.9794  0.8092 24.1591
  4.2372  2.5536  0.9696  0.8931 21.2587
  5.0988  2.5807  0.9903  1.3892 21.5342
  5.8858  1.5873  0.9767  1.1579 11.8207
  4.2747  2.6472  0.9669  0.2292 22.2140
  4.8622  2.5438  0.9895  0.9808 21.1590
  4.7845  3.1004  0.9732  0.1512 26.9152
  5.3083  3.4692  0.9955  1.2497 30.8233
  5.2583  2.7786  0.9922  2.5894 23.5642
  5.2536  1.2328  0.9872  1.6464  8.6230
  5.1763  1.1278  0.9685  1.2029  7.7151
  5.2241  2.6726  0.9759  0.5362 22.4739
  4.4350  4.3873  0.9703  0.2902 40.8090
  4.3489  1.9743  0.9703  2.0109 15.4952
  5.2420  3.2855  0.9706  0.9016 28.8681
  5.0792  4.3730  0.9815  0.6952 40.6513
  5.2976  3.8614  0.9921  2.0507 35.0486
  4.9582  3.0060  0.9857  0.6796 25.9256
  5.6148  1.1604  0.9908  0.9875  7.9947
  4.7779  3.5189  0.9823  2.6471 31.3552
  5.9159  0.4851  0.9980  0.6741  2.7230
  4.7044  2.7218  0.9757  1.3034 22.9791
  6.5541  0.7381  0.9027  0.3060  4.5502
  4.7463  2.7814  0.9920  0.6441 23.5927
  6.4643  0.9395  0.9735  0.4058  6.1412
  5.8421  2.7870  0.9825  1.7445 23.6513
  5.9756  3.1687  0.9796  0.8048 27.6335
  4.3745  3.4509  0.9909  2.4394 30.6275
  5.3592  4.3493  0.9694  1.9591 40.3904
  5.2645  2.9222  0.9825  1.6874 25.0517
  5.3719  4.2680  0.9941  1.4834 39.4935
  5.2825  4.4549  0.9871  0.3032 41.5575
  5.5051  2.3720  0.9933  1.0161 19.4230
  4.7161  3.8809  0.9701  2.0620 35.2603
  5.4879  1.0318  0.9840  1.2829  6.9033
  5.9232  3.5612  0.9874  0.4597 31.8083
  5.7865  2.2529  0.9813  0.1881 18.2327
  5.2287  2.4188  0.9867  1.1007 19.8936
  5.4460  2.5117  0.9980  1.4561 20.8334
  4.5731  4.3107  0.9838  2.1078 39.9644
  4.9389  4.1431  0.9710  0.4822 38.1216
  5.1716  4.0293  0.9928  2.3124 36.8768
  5.5748  4.1359  0.9952  1.7458 38.0427
  5.3269  3.2521  0.9820  0.6822 28.5139
  5.2030  3.5039  0.9917  1.4141 31.1948
  4.9446  0.7200  0.9706  1.3451  4.4123
  5.7419  1.5176  0.9900  1.1640 11.1781
  4.4681  2.9980  0.9896  0.8240 25.8419
  5.1670  1.5752  0.9708  0.9103 11.7094
  4.1399  2.2154  0.9922  1.1764 17.8605
  4.9990  3.4667  0.9700  1.0659 30.7968
  5.1905  1.5981  0.9884  0.6841 11.9212
  4.7754  3.3239  0.9980  0.9768 29.2755
  5.0940  3.3840  0.9980  2.0678 29.9143
  5.3456  1.2015  0.9829  1.2426  8.3507
  5.0802  3.3394  0.9823  1.0117 29.4396
  6.2393  2.1290  0.9698  1.7906 17.0070
  4.6118  3.0732  0.9820  0.2752 26.6300
  5.0044  4.1944  0.9776  2.6320 38.6848
  5.2123  3.8174  0.9799  0.5009 34.5706
  5.1713  3.2942  0.9805  0.9283 28.9609
  4.7697  1.5641  0.9844  2.0213 11.6066
  4.9351  3.8395  0.9905  1.1494 34.8103
  5.2012  1.2416  0.9678  0.4911  8.7007
  5.1925  2.2147  0.9899  1.1648 17.8539
  4.8253  1.3889  0.9693  0.4659 10.0086
  5.4887  2.3046  0.9784  1.2043 18.7483
  5.2948  2.3117  0.9979  1.1272 18.8190
  5.2106  3.4424  0.9696  1.8754 30.5369
  4.4695  2.2492  0.9884  1.7679 18.1963
  4.9374  2.6429  0.9914  2.8349 22.1693
  4.3064  4.2570  0.9764  0.9538 39.3731
  4.6192  2.2287  0.9816  1.0694 17.9929
  4.9470  1.5321  0.9681  2.0620 11.3115
  5.3597  2.4793  0.9678  1.7781 20.5047
  3.9188  2.8427  0.9962  0.6513 24.2267
  4.9113  4.1742  0.9828  0.9451 38.4624
  4.4126  1.0814  0.9682  1.0055  7.3209
  4.4722  1.8564  0.9667  1.1570 14.3593
  5.7188  3.7544  0.9704  1.5726 33.8892
  5.0645  3.2388  0.9678  1.9584 28.3741
  4.4646  3.9448  0.9685  0.5010 35.9551
  5.5961  1.9568  0.9722  0.8859 15.3262
  4.8219  1.7107  0.9670  1.0709 12.9747
  5.3390  2.3495  0.9871  1.1459 19.1974
  5.8357  1.9096  0.9856  2.0207 14.8699
  5.1862  1.8725  0.9980  1.6387 14.5131
  3.8171  1.6572  0.9681  0.6915 12.4722
  4.8486  4.0599  0.9980  0.4873 37.2105
  3.9415  0.8522  0.9832  2.0375  5.4383
  4.4966  3.3383  0.9856  1.9890 29.4289
  4.2369  2.3380  0.9798  0.7465 19.0828
  4.1434  1.4367  0.9867  1.1433 10.4402
  4.9980  1.5338  0.9679  1.1083 11.3266
  4.7899  3.7571  0.9939  1.7921 33.9179
  4.8264  1.8093  0.9767  2.1900 13.9085
  4.9527  3.7298  0.9938  2.0779 33.6235
  5.2946  3.4723  0.9836  2.3713 30.8564
  5.7826  4.0099  0.9843  0.4404 36.6644
  5.4731  4.1509  0.9958  0.6487 38.2067
  5.1872  2.8551  0.9980  0.6128 24.3552
  4.5779  4.1329  0.9917  2.6805 38.0101
  5.1302  1.7427  0.9692  1.3877 13.2767
  5.4874  1.8989  0.9863  1.9762 14.7669
  5.2298  3.5094  0.9828  1.0093 31.2528
  5.8283  3.2651  0.9769  1.1771 28.6525
  4.7848  1.2838  0.9739  1.0786  9.0716
  6.2437  2.5707  0.9940  0.8569 21.4327
  4.2211  3.8979  0.9668  2.2100 35.4450
  5.0539  1.6392  0.9976  2.0492 12.3037
  5.2544  1.0780  0.9692  0.9365  7.2916
  5.2297  2.3374  0.9669  0.2615 19.0761
  5.4914  2.6031  0.9901  2.1994 21.7626
  5.7262  4.3742  0.9907  1.3719 40.6642
  3.9997  2.2042  0.9716  0.9171 17.7500
  6.1355  3.0647  0.9873  1.1265 26.5409
  4.6037  2.0251  0.9670  0.5103 15.9896
  6.2072  4.3330  0.9751  0.7637 40.2095
  5.7840  2.4100  0.9739  1.1080 19.8054
  4.2845  2.4672  0.9782  0.8750 20.3823
  4.9167  1.3418  0.9730  1.6358  9.5866
  4.0664  2.7909  0.9777  0.7925 23.6910
  4.8230  1.1315  0.9724  0.8419  7.7471
  5.2953  4.2202  0.9913  2.4545 38.9675
  3.5318  2.8255  0.9755  1.5744 24.0489
  4.7340  1.8604  0.9761  1.6863 14.3970
  4.6946  3.5359  0.9980  2.5839 31.5374
  5.5610  2.2207  0.9940  1.3893 17.9135
  5.1316  2.3635  0.9750  1.7366 19.3379
  5.3777  4.0083  0.9891  1.9335 36.6471
  4.0604  3.8101  0.9910  1.8476 34.4919
  5.0160  0.4537  0.9849  1.3439  2.5122
  6.1871  3.8664  0.9785  0.5089 35.1021
  4.9486  2.6564  0.9812  0.8953 22.3082
  5.0553  0.5362  0.9939  0.7965  3.0744
  5.3307  2.0364  0.9683  0.4638 16.0995
  5.4189  1.9214  0.8385  0.2003 14.9841
  3.9078  2.5500  0.9747  1.4389 21.2226
  4.5441  1.6535  0.9850  1.5281 12.4379
  5.5746  1.7804  0.9784  1.0104 13.6337
  3.6454  2.5736  0.9671  1.5800 21.4625
  5.2198  0.7183  0.9829  1.3918  4.3992
  3.7556  1.4879  0.9980  0.1957 10.9057
  5.2628  0.5688  0.9899  1.5938  3.3032
  5.0339  4.0657  0.9697  1.4347 37.2741
  5.5981  3.6181  0.9899  1.3954 32.4192
  4.6794  2.2213  0.9913  1.5751 17.9188
  4.7378  2.9908  0.9674  2.0272 25.7673
  5.4821  2.4827  0.9925  1.6042 20.5391
  5.1099  2.2370  0.9799  0.1738 18.0748
  5.0704  1.9051  0.9799  1.2573 14.8262
  4.7850  2.5183  0.9740  1.8813 20.9005
  5.0922  2.5501  0.9902  2.2184 21.2236
  5.6715  1.6704  0.9809  1.7206 12.5952
  5.1948  1.8649  0.9815  2.0046 14.4406
  4.9521  3.3856  0.9852  0.9159 29.9320
  5.2296  2.3045  0.9957  1.7485 18.7474
  5.2893  0.8994  0.9934  1.1272  5.8164
  5.2652  1.2985  0.9667  1.5877  9.2012
  4.6806  3.2628  0.9825  0.0488 28.6276
  4.0293  4.2817  0.9980  1.1116 39.6447
  4.9247  2.8009  0.9955  1.7258 23.7941
  4.7222  3.8235  0.9728  2.1210 34.6368
  4.9977  1.7899  0.9713  1.5627 13.7239
  4.7518  3.3691  0.9730  0.6182 29.7556
  6.1367  3.8265  0.9792  2.0530 34.6702
  5.2663  3.5164  0.9756  0.8729 31.3280
  5.3527  2.0563  0.9794  1.8701 16.2939
  5.2667  0.3868  0.9858  2.5059  2.0770
  6.1821  3.8760  0.9859  1.2718 35.2064
  5.3189  1.8663  0.9979  2.3239 14.4541
  5.1203  2.8548  0.9903  0.6291 24.3526
  5.3521  1.7930  0.9787  0.9840 13.7533
  5.2101  2.2653  0.9854  0.3934 18.3561
  5.3529  3.8576  0.9849  1.3933 35.0067
  4.7453  1.6123  0.9968  0.8946 12.0530
  4.7429  1.8751  0.9899  1.0561 14.5377
  5.4591  4.0701  0.9701  2.0547 37.3221
  5.3310  3.1536  0.9961  0.9243 27.4744
  6.1303  2.1650  0.9697  0.7391 17.3619
  5.8437  4.4655  0.9856  1.9057 41.6745
  5.0920  3.0828  0.9807  2.5693 26.7305
  5.0547  4.1154  0.9921  1.7984 37.8181
  5.1697  1.2717  0.9827  2.5890  8.9644
  5.0763  1.4495  0.9764  1.3147 10.5557
  4.4466  3.7631  0.9700  0.8906 33.9835
  5.3793  4.0402  0.9686  2.0545 36.9954
  5.8016  1.9670  0.9973  1.0910 15.4245
  5.2665  1.9017  0.9905  1.7328 14.7935
  4.3623  1.7290  0.9669  2.2360 13.1467
  5.3266  1.3559  0.9786  0.1476  9.7122
  3.5158  2.9969  0.9748  1.8169 25.8305
  5.4873  3.1364  0.9732  0.7678 27.2935
  5.2786  1.1432  0.9863  0.4947  7.8468
  4.8012  2.0759  0.9980  1.0155 16.4859
  5.6177  2.1572  0.9738  0.3987 17.2852
  6.5723  3.6826  0.8559  2.9139 33.1139
  5.2619  0.7078  0.9711  2.1921  4.3201
  5.0771  0.9411  0.9678  0.6801  6.1545
  4.9224  3.3305  0.9718  2.3229 29.3453
  5.0798  1.0451  0.9968  1.5585  7.0152
  5.2639  1.5897  0.9856  1.9474 11.8435
  5.7473  2.5120  0.9741  0.5954 20.8364
  4.5921  2.3576  0.9980  1.6811 19.2790
  5.4056  1.1326  0.9942  1.5022  7.7566
  5.7579  2.5275  0.9859  1.1877 20.9938
  5.3875  4.2432  0.9814  1.4848 39.2207
  5.1482  1.6292  0.9882  0.2668 12.2107
  4.0047  0.8070  0.9752  2.4744  5.0823
  4.4227  3.7030  0.9697  2.4356 33.3341
  4.8009  2.6348  0.9933  0.4305 22.0868
  4.8378  2.5990  0.9924  1.4845 21.7216
  5.6706  1.4113  0.9730  0.6945 10.2103
  6.6643  3.6636  0.6483  0.3170 32.9095
  5.2654  1.0589  0.9937  0.2447  7.1304
  3.7334  3.1535  0.9869  0.6094 27.4739
  5.3792  1.1150  0.9824  0.7667  7.6058
  4.8043  3.5080  0.9925  0.5240 31.2379
  5.0739  2.0908  0.9747  1.3113 16.6321
  4.7652  2.2639  0.9747  2.2945 18.3423
  5.2945  3.2521  0.9779  2.0074 28.5148
  4.2699  3.3978  0.9751  1.4594 30.0619
  5.0975  2.1923  0.9851  2.1563 17.6315
  6.8287  2.2258  0.5967  0.6623 17.9639
  5.0559  1.9584  0.9804  2.0896 15.3411
  4.9104  1.1735  0.9745  0.8345  8.1080
  5.3407  2.7103  0.9786  1.7189 22.8613
  5.2792  4.2209  0.9893  0.7081 38.9753
  5.3230  3.4402  0.9974  2.4835 30.5133
  5.0934  0.5263  0.9567  1.7495  3.0055
  3.9191  0.5995  0.9846  1.7438  3.5224
  4.6220  2.4882  0.9852  2.1408 20.5946
  4.0646  1.8882  0.9679  1.5042 14.6637
  5.1883  3.1584  0.9939  1.3232 27.5256
  4.6441  1.4162  0.9750  1.6606 10.2546
  5.0994  2.3390  0.9848  0.1962 19.0929
  5.5674  3.3480  0.9679  1.0262 29.5312
  5.2686  1.4255  0.9763  1.8463 10.3383
  5.5611  4.1699  0.9942  1.1666 38.4155
  4.6782  0.8926  0.9687  0.9841  5.7616
  5.6617  0.3714  0.9935  1.4515  1.9798
  5.3094  1.9396  0.9732  1.5339 15.1598
  4.6794  3.5017  0.9808  1.0294 31.1704
  5.7790  2.9995  0.9827  1.5664 25.8582
  5.4346  2.6664  0.9862  1.5831 22.4101
  5.1014  4.2178  0.9687  1.3207 38.9414
  5.2577  0.7705  0.9668  2.8694  4.7987
  5.6136  1.6257  0.9696  2.4936 12.1777
  4.6786  3.1559  0.9921  0.6999 27.4992
  4.4511  3.1086  0.9951  1.2495 27.0017
  5.6107  1.5585  0.9711  0.5023 11.5542
  5.3191  2.3763  0.9773  1.4110 19.4670
  4.9518  1.5139  0.9801  0.8263 11.1441
  5.0851  2.1659  0.9690  0.5165 17.3705
  5.0812  1.2696  0.9891  0.1087  8.9461
  5.0950  1.8346  0.9844  1.5612 14.1500
  4.7512  1.8243  0.9866  1.1512 14.0518
  5.2792  2.3916  0.9745  2.9696 19.6203
  3.9885  1.7311  0.9876  1.2187 13.1667
  4.9020  0.6810  0.9818  0.2268  4.1192
  4.0198  2.7800  0.9953  1.6313 23.5786
  4.2641  0.3653  0.9892  1.6833  1.9413
  6.7970  3.7512  0.6688  2.5264 33.8550
  5.0150  3.9305  0.9743  0.6353 35.7992
  4.8513  0.3118  0.9872  1.3818  1.6125
  5.6385  4.2674  0.9756  0.9407 39.4867
  5.0522  2.0301  0.9882  2.0378 16.0385
  4.4533  2.3458  0.9805  0.8382 19.1602
  4.0773  2.0219  0.9743  2.1926 15.9579
  4.1084  2.9669  0.9957  2.2206 25.5175
  5.0488  4.1321  0.9925  1.6437 38.0008
  5.2966  2.0445  0.9720  2.1544 16.1784
  5.5860  1.6900  0.9790  1.8392 12.7792
  4.2981  2.6968  0.9936  1.8494 22.7220
  4.9256  2.7400  0.9755  1.6530 23.1663
  5.1114  3.2577  0.9975  2.1016 28.5736
  5.4411  3.7289  0.9911  1.4546 33.6133
  5.4596  0.6913  0.9862  1.6582  4.1961
  4.7831  4.2046  0.9715  0.5296 38.7970
  4.7178  1.7019  0.9752  1.7043 12.8913
  5.4564  2.0668  0.9682  2.0035 16.3964
  6.0306  4.0657  0.9899  0.7942 37.2744
  5.7384  3.1891  0.9850  0.7644 27.8483
  5.4968  2.5315  0.9821  2.6796 21.0340
  5.8720  4.0852  0.9703  1.5589 37.4879
  5.1286  3.3631  0.9839  1.7052 29.6924
  5.5164  1.4227  0.9778  1.6446 10.3132
  6.5128  2.1532  0.8315  1.2982 17.2454
  5.1043  3.9927  0.9866  1.7232 36.4770
  5.4591  3.8560  0.9922  1.1640 34.9896
  4.7795  4.2606  0.9771  2.3465 39.4127
  4.7913  1.4494  0.9755  1.5264 10.5548
  6.1855  4.2995  0.9925  1.4766 39.8408
  5.4156  3.7280  0.9769  1.5519 33.6038
  4.9238  2.2351  0.9848  1.4140 18.0562
  4.4731  2.9289  0.9898  0.5546 25.1221
  4.9096  1.3183  0.9787  1.0881  9.3770
  3.9056  2.2220  0.9749  1.7414 17.9262
  5.8252  1.8851  0.9900  1.0669 14.6343
  5.2820  4.4090  0.9718  2.0929 41.0492
  5.2700  3.4474  0.9945  1.2555 30.5905
  3.9194  1.0003  0.9927  1.6629  6.6413
  5.1206  1.4672  0.9907  0.7895 10.7172
  6.8937  1.8238  0.5021  2.2182 14.0467
  5.0601  3.3574  0.9963  0.8047 29.6313
  5.2043  2.7909  0.9682  0.1151 23.6914
  4.9981  1.7799  0.9765  0.3580 13.6291
  4.7591  3.1486  0.9832  2.1293 27.4214
  5.7906  1.2727  0.9944  2.0747  8.9733
  5.7026  1.0637  0.9980  1.0733  7.1713
  5.5066  1.5580  0.9675  1.1545 11.5502
  4.0332  2.9012  0.9736  1.3426 24.8338
  4.7516  4.3311  0.9681  1.2099 40.1888
  4.8674  1.7832  0.9821  0.7835 13.6599
  5.9718  1.0271  0.9978  0.8909  6.8639
  5.5565  2.0894  0.9714  1.6220 16.6182
  5.0095  4.3961  0.9942  0.8019 40.9071
  6.5679  1.6709  0.8542  1.6747 12.6001
  4.4816  1.4203  0.9933  0.6334 10.2914
  5.0303  3.1684  0.9799  2.0523 27.6300
  5.7882  2.9779  0.9940  0.3585 25.6328
  3.7910  2.5004  0.9980  1.7862 20.7188
  5.3271  2.4264  0.9831  1.4958 19.9705
  6.5230  1.9052  0.9000  1.7424 14.8277
  4.9103  1.5707  0.9935  1.3670 11.6669
  5.5220  0.6176  0.9980  0.5976  3.6532
  5.6707  2.3441  0.9980  1.4979 19.1437
  4.7816  2.4601  0.9917  1.0416 20.3111
  5.2602  2.6933  0.9837  1.1733 22.6860
  4.2858  1.5568  0.9772  1.7082 11.5390
  5.3863  3.5180  0.9950  0.3311 31.3453
  5.3125  2.5274  0.9788  0.4668 20.9923
  5.2580  2.6132  0.9907  0.4117 21.8666
  5.2007  1.0724  0.9868  0.5998  7.2442
  5.4570  3.4078  0.9864  1.3706 30.1681
  4.6418  1.4348  0.9852  1.4709 10.4231
  5.6144  4.1589  0.9915  2.1966 38.2946
  5.0574  3.0047  0.9758  1.4190 25.9127
  4.3388  3.0476  0.9926  2.3098 26.3608
  5.5278  1.3975  0.9971  2.2110 10.0856
  6.7248  3.6612  0.5501  2.5728 32.8835
  5.0008  3.9604  0.9822  1.6393 36.1251
  5.4298  1.4459  0.9712  0.4866 10.5236
  5.6222  3.6346  0.9937  0.2888 32.5973
  5.2303  2.2493  0.9980  0.4542 18.1971
  5.3571  4.0264  0.9923  2.2197 36.8447
  5.1048  1.4202  0.9955  2.2588 10.2906
  4.9706  2.6702  0.9794  0.6483 22.4490
  5.2540  2.4235  0.9705  1.8844 19.9416
  4.6987  2.6730  0.9770  1.0246 22.4779
  4.6356  1.7328  0.9722  0.7813 13.1824
  4.6323  1.4880  0.9931  0.1890 10.9073
  5.3999  2.1183  0.9962  1.6878 16.9018
  5.2175  2.7636  0.9980  1.2981 23.4093
  4.9407  2.7724  0.9670  2.6739 23.5001
  5.3670  2.7127  0.9925  0.8546 22.8860
  5.2343  1.6601  0.9705  0.4124 12.4987
  4.9203  3.6411  0.9964  0.5939 32.6669
  5.0619  1.5279  0.9674  1.1123 11.2728
  4.0396  4.3286  0.9980  1.4595 40.1612
  5.6017  1.8694  0.9671  2.4826 14.4838
  5.6233  2.2316  0.9936  1.0520 18.0219
  4.5869  1.8942  0.9849  1.2641 14.7219
  4.9623  1.7055  0.9918  1.8327 12.9254
  5.4374  2.8879  0.9811  0.7978 24.6960
  5.1939  2.9874  0.9911  1.7719 25.7320
  3.8320  3.8293  0.9764  1.3024 34.7004
  5.6715  2.9574  0.9706  0.4090 25.4183
  5.0411  3.8205  0.9928  1.3140 34.6049
  4.2929  1.1478  0.9748  1.0469  7.8864
  4.1699  2.3332  0.9980  0.1273 19.0342
  5.4824  3.4501  0.9980  2.4379 30.6190
  5.0696  3.4457  0.9801  0.9320 30.5721
  5.0405  3.1958  0.9924  2.4194 27.9199
  5.4094  3.1455  0.9687  1.9408 27.3893
  5.8024  3.1716  0.9756  1.6349 27.6648
  5.5576  1.7264  0.9721  1.5486 13.1220
  5.2019  1.5686  0.9938  2.5151 11.6474
  5.1449  2.0857  0.9854  1.5362 16.5818
  5.1964  4.4193  0.9913  0.6248 41.1632
  6.7180  2.1649  0.6521  0.4812 17.3609
  5.2473  1.6753  0.9786  0.8804 12.6421
  4.5595  0.1972  0.9728  0.6067  0.9558
  4.2254  1.5403  0.9745  1.8761 11.3869
  5.0215  1.2061  0.9683  1.6761  8.3905
  6.0259  3.7498  0.9805  0.5138 33.8392
  5.6242  2.1294  0.9803  2.1911 17.0114
  5.1466  1.4579  0.9744  1.0510 10.6326
  5.3589  4.2751  0.9850  0.8301 39.5717
  5.3291  2.4509  0.9860  2.0931 20.2175
  6.0812  2.7622  0.9725  2.0186 23.3945
  4.8791  4.4480  0.9980  2.0938 41.4810
  5.4782  4.0764  0.9892  1.9224 37.3917
  5.3814  2.6713  0.9910  2.1410 22.4602
  5.6927  0.7372  0.9840  0.9497  4.5431
  5.5312  3.7894  0.9815  2.4495 34.2675
  5.3968  3.2706  0.9980  1.4252 28.7101
  5.3218  2.3781  0.9823  1.8952 19.4844
  5.5765  1.8646  0.9832  1.0867 14.4374
  4.8530  2.6264  0.9703  1.8603 22.0014
  5.9856  3.7832  0.9689  0.7906 34.2008
  5.6734  1.5222  0.9962  1.2333 11.2204
  4.4679  1.6886  0.9967  0.4001 12.7663
  5.3826  3.2293  0.9736  2.1649 28.2737
  5.1375  3.5116  0.9752  2.4825 31.2763
  5.2915  2.5541  0.9872  2.7095 21.2634
  5.0221  1.8503  0.9964  0.9021 14.3002
  5.2803  2.8129  0.9813  2.1942 23.9187
  6.0053  1.5116  0.9770  0.3890 11.1227
  5.2769  1.3201  0.9980  2.3970  9.3930
  4.9028  3.3380  0.9745  0.4744 29.4248
  4.5670  2.1693  0.9925  2.5188 17.4050
  4.4282  2.9264  0.9851  1.0691 25.0958
  5.0004  1.0038  0.9667  0.1186  6.6699
  4.6186  2.6734  0.9787  0.3519 22.4823
  5.5433  2.3039  0.9953  0.3247 18.7417
  5.5731  2.0030  0.9800  0.9757 15.7747
  5.2503  0.7681  0.9709  0.9924  4.7799
  5.1976  1.9258  0.9667  1.3788 15.0260
  5.2113  2.6720  0.9932  0.4621 22.4683
  5.7204  3.5240  0.9767  1.4917 31.4096
  5.0607  1.5107  0.9731  1.6923 11.1149
  5.1935  1.1126  0.9679  2.0122  7.5852
  5.0807  1.0848  0.9870  1.6186  7.3495
  4.8685  2.0391  0.9730  0.6093 16.1262
  5.7335  1.6406  0.9784  1.9983 12.3165
  5.8248  4.0695  0.9683  0.1183 37.3156
  4.8664  2.0694  0.9924  1.0470 16.4226
  4.6420  1.5892  0.9694  1.9594 11.8390
  4.9354  3.4036  0.9887  2.3745 30.1233
  5.0449  2.7468  0.9685  1.3551 23.2368
  4.7268  4.4620  0.9935  1.7549 41.6357
  4.5240  1.1753  0.9814  0.6183  8.1234
  4.4903  2.5822  0.9980  1.1659 21.5497
  5.3815  2.8010  0.9978  2.0929 23.7958
  3.5657  4.2037  0.9829  0.9839 38.7867
  3.8039  3.5153  0.9769  1.1338 31.3164
  5.2711  1.2963  0.9956  1.8038  9.1818
  4.7119  1.8914  0.9805  2.3324 14.6947
  5.0454  3.3538  0.9695  1.0958 29.5927
  5.2795  1.9175  0.9847  1.3072 14.9460
  5.0255  1.8283  0.9898  0.5762 14.0900
  4.9860  0.9723  0.9888  2.6939  6.4097
  4.7309  2.6194  0.9761  1.9098 21.9292
  5.8063  4.1653  0.9714  1.5548 38.3655
  4.3748  2.2429  0.9944  1.3916 18.1339
  4.5790  4.3332  0.9954  0.3965 40.2117
  5.0202  4.0063  0.9805  1.3422 36.6256
  4.9315  3.8059  0.9702  0.6421 34.4470
  5.6055  2.9836  0.9972  1.8587 25.6918
  5.9606  1.9858  0.9689  0.2701 15.6074
  5.6601  2.1961  0.9922  1.7747 17.6696
  5.5388  3.9139  0.9813  0.2962 35.6191
  5.0498  2.4378  0.9921  0.8441 20.0861
  4.6796  2.6304  0.9980  0.9905 22.0422
  5.8291  0.8730  0.9803  0.8791  5.6042
  4.7744  0.7761  0.9935  0.8062  4.8417
  5.5234  1.9788  0.9758  1.9936 15.5387
  5.3715  1.5161  0.9881  2.4871 11.1647
  5.5269  2.4258  0.9677  2.2626 19.9650
  4.4998  4.0185  0.9959  0.6639 36.7589
  5.2297  0.5785  0.9724  1.0916  3.3723
  5.2038  1.8124  0.9936  2.2795 13.9383
  4.9928  1.8436  0.9729  2.5394 14.2362
  5.3265  3.8326  0.9887  0.6604 34.7361
  5.0330  3.0499  0.9980  1.6683 26.3854
  5.2287  0.2093  0.9947  1.6480  1.0222
  5.9272  0.6412  0.9868  2.0215  3.8249
  6.0389  1.0304  0.9823  0.1167  6.8919
  5.4573  3.4575  0.9796  0.2063 30.6985
  5.0684  1.1030  0.9980  0.8292  7.5041
  4.6245  2.3131  0.9980  1.5584 18.8332
  6.0727  2.5181  0.9796  2.0674 20.8978
  5.1108  4.1107  0.9767  2.2154 37.7669
  5.5663  1.6568  0.9773  1.8437 12.4679
  4.9802  4.3686  0.9904  2.5701 40.6025
  4.7382  2.1170  0.9864  1.0280 16.8888
  4.6848  2.7562  0.9698  1.2204 23.3329
  5.3330  3.8369  0.9858  0.7779 34.7825
  5.2515  2.2631  0.9850  2.4800 18.3351
  5.0463  1.4990  0.9747  0.5960 11.0075
  5.1218  2.2736  0.9980  1.2720 18.4391
  5.1083  1.3735  0.9848  0.3659  9.8696
  5.3178  1.1714  0.9771  1.1196  8.0901
  6.1603  2.1996  0.9965  0.8245 17.7043
  5.2685  0.8306  0.9739  1.4225  5.2675
  5.2733  1.7237  0.9858  1.8489 13.0965
  5.1343  3.7356  0.9797  1.1586 33.6861
  3.7347  1.9071  0.9980  0.9359 14.8456
  5.6153  3.0609  0.9902  2.0305 26.5004
  5.3472  1.0285  0.9928  0.9801  6.8757
  5.3454  2.6342  0.9980  1.2365 22.0809
  6.5550  2.0879  0.8981  0.7780 16.6039
  5.1352  1.4557  0.9797  2.2490 10.6124
  5.2921  2.8667  0.9737  1.8364 24.4752
  3.6073  4.2996  0.9678  1.1378 39.8422
  5.1841  1.9287  0.9841  1.0321 15.0547
  5.3436  2.3909  0.9782  0.5353 19.6133
  4.8685  0.6098  0.9765  1.6406  3.5964
  5.2220  1.6454  0.9904  0.6476 12.3622
  5.1799  2.3874  0.9852  1.2289 19.5784
  5.1066  1.9884  0.9809  2.9258 15.6326
  3.7283  4.0217  0.9774  1.6742 36.7931
  5.1063  1.8420  0.9852  0.3954 14.2208
  5.2614  3.4248  0.9802  0.8988 30.3498
  5.5251  1.5037  0.9769  1.1407 11.0509
  4.6182  1.4046  0.9907  1.4834 10.1496
  4.9592  1.3954  0.9820  0.1462 10.0666
  5.1574  1.9251  0.9903  2.6344 15.0195
  4.8129  1.4927  0.9955  1.8776 10.9498
  5.9296  0.6541  0.9694  1.3933  3.9197
  4.4036  2.5696  0.9980  1.4925 21.4219
  4.4015  3.7895  0.9927  0.4415 34.2687
  5.3066  2.6836  0.9677  2.1130 22.5864
  4.3135  1.3821  0.9911  2.0747  9.9475
  4.3896  3.5845  0.9911  0.4665 32.0586
  5.7591  3.1303  0.9707  2.3503 27.2295
  5.5923  2.8040  0.9797  2.9874 23.8267
  5.5949  1.4346  0.9810  0.4419 10.4207
  4.8529  1.4677  0.9952  0.7851 10.7217
  5.3064  3.9476  0.9868  2.8609 35.9850
  5.5123  3.6652  0.9979  0.5337 32.9267
  5.1451  1.9210  0.9735  0.9809 14.9801
  4.5331  1.8133  0.9752  1.0821 13.9465
  5.4616  1.7760  0.9930  2.1686 13.5915
  3.5470  3.5104  0.9947  0.3705 31.2640
  5.4371  0.6693  0.9745  1.2137  4.0322
  5.0127  2.9178  0.9679  2.7914 25.0067
  4.6070  2.8879  0.9672  1.6224 24.6954
  6.1748  3.2360  0.9792  0.7637 28.3442
  5.4119  1.6198  0.9864  2.4218 12.1226
  3.8201  3.8411  0.9747  1.0137 34.8278
  4.7789  2.9955  0.9883  0.9390 25.8158
  4.6065  2.2207  0.9798  1.0043 17.9133
  5.0683  1.3380  0.9947  0.0679  9.5527
  5.0779  2.0502  0.9790  1.2858 16.2342
  5.2144  1.7363  0.9896  1.6377 13.2161
  4.2614  1.6064  0.9784  3.0668 11.9983
  6.1820  2.3533  0.9870  0.8327 19.2354
  6.8910  1.4412  0.5567  2.2246 10.4805
  6.8963  2.7819  0.5294  1.7485 23.5980
  4.4509  3.0789  0.9757  2.2050 26.6891
  3.5334  2.5712  0.9856  0.5413 21.4383
  5.2890  2.4156  0.9701  1.4368 19.8621
  4.4908  2.4996  0.9798  1.3279 20.7105
  4.4585  3.0021  0.9781  2.5218 25.8851
  4.6170  2.3922  0.9956  1.0547 19.6263
  4.1056  2.6476  0.9727  1.1095 22.2177
  6.1517  3.3089  0.9725  1.1891 29.1163
  4.8817  2.9939  0.9850  0.8755 25.7996
  5.2239  2.9984  0.9740  0.8617 25.8470
  4.2875  4.0925  0.9791  1.5707 37.5673
  5.0916  1.0912  0.9958  1.1749  7.4035
  6.0838  2.4274  0.9968  1.2376 19.9811
  5.0926  3.4404  0.9767  0.5610 30.5155
  4.9531  1.9264  0.9804  0.2392 15.0323
  5.3470  1.8530  0.9961  1.4546 14.3263
  4.8727  2.0434  0.9890  0.5033 16.1679
  4.5179  2.3227  0.9980  0.8860 18.9298
  4.7407  3.5269  0.9973  1.6124 31.4405
  4.8072  1.6081  0.9866  1.6620 12.0138
  4.0466  2.0626  0.9980  1.8317 16.3561
  5.0443  3.4187  0.9841  2.0521 30.2837
  4.1085  1.9503  0.9683  0.2589 15.2634
  5.0907  1.0676  0.9816  1.6749  7.2041
  4.7925  2.3278  0.9906  1.9590 18.9806
  4.8905  0.7754  0.9713  1.6379  4.8369
  4.5825  0.4907  0.9871  0.4695  2.7608
  3.8474  3.0344  0.9689  0.5775 26.2229
  5.4253  1.3989  0.9824  0.7755 10.0980
  5.1440  2.8206  0.9862  1.2725 23.9978
  4.6465  1.5180  0.9972  0.3565 11.1821
  5.6142  0.8077  0.9845  0.9650  5.0883
  6.3561  1.8493  0.9683  1.8961 14.2905
  4.6234  1.3831  0.9862  1.2687  9.9559
  6.7892  1.8250  0.7993  0.3381 14.0584
  6.5029  4.4342  0.9932  1.2912 41.3284
  5.6712  2.4735  0.9963  2.2371 20.4458
  5.5040  3.2779  0.9840  1.4638 28.7877
  5.5982  3.4600  0.9919  2.0950 30.7247
  5.5253  4.0879  0.9813  1.8534 37.5169
  4.7382  3.5369  0.9967  0.7584 31.5475
  5.2937  1.0788  0.9702  0.2568  7.2986
  4.3709  3.7116  0.9980  1.8827 33.4267
  4.4813  3.0899  0.9980  1.3728 26.8044
  5.0150  4.2318  0.9788  1.4915 39.0953
  5.6512  2.6353  0.9951  0.8315 22.0919
  5.0854  2.2786  0.9927  0.7331 18.4888
  5.0241  1.4107  0.9878  2.0954 10.2047
  5.1528  1.5133  0.9941  1.9819 11.1389
  5.4315  2.7574  0.9696  0.2153 23.3452
  5.3013  2.5289  0.9918  1.1988 21.0077
  4.0228  3.1484  0.9680  0.3615 27.4196
  4.9415  2.1538  0.9937  0.7220 17.2519
  4.5392  1.5557  0.9940  2.4129 11.5290
  5.6164  1.5956  0.9724  2.0392 11.8976
  5.9339  2.7345  0.9687  1.2889 23.1093
  5.7387  0.5066  0.9795  0.1182  2.8698
  4.2080  1.6214  0.9944  0.8594 12.1381
  5.0961  3.8858  0.9804  1.7217 35.3129
  4.7871  3.7498  0.9802  2.6068 33.8391
  5.6625  3.7194  0.9848  0.5635 33.5111
  4.6391  2.7745  0.9846  2.7589 23.5215
  5.2562  0.7364  0.9771  2.2084  4.5367
  5.1630  1.1415  0.9737  2.5242  7.8324
  3.9561  2.1635  0.9919  0.9603 17.3474
  5.2241  2.2410  0.9936  2.0288 18.1150
  4.9233  0.7292  0.9980  0.5668  4.4826
  5.2078  1.5627  0.9726  1.6638 11.5932
  6.1412  1.8577  0.9786  0.8035 14.3717
  4.9324  2.0219  0.9708  1.7230 15.9583
  5.0752  3.6823  0.9727  1.8980 33.1108
  3.6108  1.1035  0.9749  0.6054  7.5077
  5.3997  0.9615  0.9957  1.1355  6.3214
  5.5393  4.0718  0.9763  0.7628 37.3414
  4.4478  2.0181  0.9725  0.7010 15.9215
  5.0659  2.0350  0.9701  1.8881 16.0856
  5.6783  2.4427  0.9875  0.7674 20.1350
  4.8245  2.5413  0.9684  0.5952 21.1341
  4.8229  3.6288  0.9673  0.9297 32.5346
  4.3431  3.6636  0.9827  1.2668 32.9097
  5.7225  3.7426  0.9735  1.1571 33.7618
  5.0503  4.2410  0.9767  0.8073 39.1971
  5.2496  2.3037  0.9952  1.7212 18.7398
  4.4304  4.1771  0.9680  1.5995 38.4946
  6.3366  2.1751  0.9689  0.6986 17.4615
  4.8905  2.8590  0.9945  2.0266 24.3961
  6.0272  2.0066  0.9862  0.7709 15.8089
  4.7056  2.5869  0.9742  1.2284 21.5975
  5.7213  0.9072  0.9829  0.6255  5.8795
  4.4061  2.7922  0.9891  1.4019 23.7049
  5.3733  2.3835  0.9709  1.9273 19.5387
  6.5869  3.0750  0.9777  1.1708 26.6485
  5.1834  3.4642  0.9897  0.3626 30.7694
  4.8052  2.2975  0.9931  1.6508 18.6780
  5.7004  1.4320  0.9743  0.7655 10.3976
  3.6891  2.3134  0.9917  1.1646 18.8361
  5.4229  2.6879  0.9691  1.4066 22.6310
  5.4473  3.9145  0.9734  0.8679 35.6249
  4.8696  1.3426  0.9857  0.5270  9.5936
  6.0299  3.1762  0.9968  2.1180 27.7125
  4.7757  1.8176  0.9784  2.3501 13.9880
  6.5532  2.9153  0.8723  2.1517 24.9808
  4.5384  3.2989  0.9731  2.0259 29.0100
  5.2718  2.2782  0.9912  2.1003 18.4851
  5.3377  3.0982  0.9667  1.5360 26.8921
  5.1444  4.2943  0.9980  0.7556 39.7829
  5.6316  4.2679  0.9781  0.8253 39.4929
  4.6847  1.3123  0.9673  0.3971  9.3234
  5.1994  3.6158  0.9675  0.8096 32.3948
  4.4244  0.5480  0.9832  0.5767  3.1568
  5.2227  1.3600  0.9914  0.9306  9.7491
  5.0541  4.3033  0.9822  1.9543 39.8822
  5.2850  0.9688  0.9917  2.1624  6.3815
  6.8627  1.4066  0.9878  2.0082 10.1679
  4.8888  3.1570  0.9681  1.0790 27.5105
  4.9281  0.6525  0.9817  2.0978  3.9084
  4.7338  1.1303  0.9816  0.1733  7.7365
  4.8995  1.2967  0.9894  0.3945  9.1860
  5.5273  1.9811  0.9788  1.4804 15.5615
  5.2872  0.7118  0.9943  0.4254  4.3502
  5.4845  1.4599  0.9804  1.7086 10.6508
  5.6557  1.1512  0.9802  1.3394  7.9161
  4.7750  1.4279  0.9776  0.9571 10.3601
  4.4226  3.1658  0.9846  2.6528 27.6034
  5.0972  1.7515  0.9851  0.4090 13.3596
  5.8996  0.7606  0.9906  0.5546  4.7222
  5.0979  1.4707  0.9800  0.7092 10.7491
  5.9860  4.1379  0.9798  1.8562 38.0650
  4.6246  2.3997  0.9689  1.7021 19.7016
  5.6244  2.9948  0.9777  1.4362 25.8084
  4.2934  1.8101  0.9824  1.4895 13.9159
  6.5656  1.8907  0.9610  0.2105 14.6877
  4.1001  1.9020  0.9886  0.4205 14.7971
  5.6276  3.4034  0.9980  1.6058 30.1210
  4.6005  0.7117  0.9678  1.5515  4.3500
  5.4011  0.3491  0.9711  1.7633  1.8403
  4.9636  1.1804  0.9980  0.8299  8.1679
  6.0985  2.7935  0.9851  0.3128 23.7179
  4.9887  4.0017  0.9889  0.2499 36.5752
  5.3254  1.5763  0.9851  0.8949 11.7190
  5.0053  2.4018  0.9805  0.9203 19.7228
  5.0798  4.0497  0.9737  2.5098 37.0990
  4.8568  3.3563  0.9932  1.5221 29.6200
  4.7533  1.4482  0.9834  0.9763 10.5444
  4.3033  3.0765  0.9683  1.5470 26.6640
  5.1132  3.3502  0.9894  2.2909 29.5544
  6.1627  3.5622  0.9725  0.8591 31.8186
  4.8035  2.0634  0.9688  1.3824 16.3633
  4.2669  3.5142  0.9845  0.5279 31.3043
  5.2922  4.4895  0.9711  0.2497 41.9409
  5.3677  2.9244  0.9698  0.4442 25.0754
  4.8444  2.6211  0.9959  0.3861 21.9469
  6.1815  3.9116  0.9973  1.7802 35.5936
  5.1717  3.5426  0.9857  0.6953 31.6093
  4.4894  1.2756  0.9882  1.6944  8.9988
  5.0407  1.7884  0.9805  2.0026 13.7096
  5.4812  2.4814  0.9957  0.7923 20.5267
  4.9334  3.7133  0.9694  1.7214 33.4451
  6.2429  1.1175  0.9960  0.3040  7.6270
  5.6328  1.8348  0.9686  2.1591 14.1521
  5.2672  2.7708  0.9836  1.2141 23.4839
  4.7070  1.9953  0.9773  2.9902 15.6994
  5.2629  1.4118  0.9818  0.9430 10.2149
  5.1769  3.8694  0.9856  2.2036 35.1348
  3.7685  3.0411  0.9912  2.0306 26.2935
  4.8893  2.7124  0.9754  0.9100 22.8829
  6.7814  1.1597  0.6134  1.2979  7.9886
  5.0691  2.3096  0.9930  0.7162 18.7980
  4.8769  2.1997  0.9743  2.3884 17.7055
  6.2821  1.0279  0.9854  1.6013  6.8708
  5.2360  0.8653  0.9785  2.3966  5.5432
  5.5598  2.1846  0.9788  0.2772 17.5556
  5.1019  4.0517  0.9980  0.4582 37.1211
  5.5785  3.2864  0.9793  1.0904 28.8772
  5.0407  3.4173  0.9674  0.5269 30.2691
  4.0096  3.1538  0.9979  0.4013 27.4770
  5.9860  3.3927  0.9716  2.2198 30.0068
  4.1597  2.9698  0.9723  0.8523 25.5482
  4.6705  1.9003  0.9776  0.5409 14.7805
  5.5855  2.9934  0.9980  1.5445 25.7941
  4.1245  2.0562  0.9791  0.3732 16.2932
  5.7108  1.5897  0.9671  1.0976 11.8430
  4.9886  3.3887  0.9759  1.8962 29.9646
  5.3725  2.2197  0.9882  1.9957 17.9032
  6.2326  3.6841  0.9859  1.9713 33.1303
  3.8112  1.6304  0.9710  1.2379 12.2220
  4.3394  2.2744  0.9698  2.1714 18.4469
  5.6698  0.9190  0.9705  1.0646  5.9745
  5.4437  0.9978  0.9781  0.5835  6.6203
  5.8328  3.1162  0.9980  1.8549 27.0810
  5.5603  1.3399  0.9698  1.2166  9.5695
  5.5781  1.7295  0.9761  2.3228 13.1515
  4.7064  3.7626  0.9891  0.2958 33.9778
  5.2782  1.7154  0.9980  2.5599 13.0191
  4.8492  2.1878  0.9719  0.2866 17.5870
  4.7216  1.6769  0.9687  1.9015 12.6563
  6.9281  2.3867  0.3321  1.5681 19.5715
  5.6039  0.0389  0.9513  0.7849  0.1692
  5.1080  2.9634  0.9980  2.2783 25.4815
  4.4238  2.5318  0.9836  2.0849 21.0373
  5.4402  3.7967  0.9720  1.2548 34.3473
  6.0568  2.2760  0.9827  1.5000 18.4628
  5.8027  0.4937  0.9894  0.4847  2.7815
  5.2446  4.4722  0.9751  0.2262 41.7489
  4.8031  1.0402  0.9848  1.4177  6.9739
  5.1824  1.5779  0.9805  1.0956 11.7336
  4.5472  1.9505  0.9818  0.9056 15.2647
  5.1455  1.5483  0.9880  0.6600 11.4603
  4.7674  2.8685  0.9980  2.5867 24.4939
  5.5721  3.0454  0.9941  1.0919 26.3385
  4.9828  2.6857  0.9741  0.8285 22.6079
  5.3606  3.6651  0.9929  0.9865 32.9249
  4.8027  3.7834  0.9975  0.4108 34.2033
  4.3922  2.6847  0.9980  1.7110 22.5983
  5.9945  3.4999  0.9980  0.7538 31.1516
  5.9155  3.5906  0.9693  2.5466 32.1240
  3.5348  1.6936  0.9933  2.3443 12.8135
  5.2043  3.6618  0.9955  1.8091 32.8899
  5.7400  3.1061  0.9778  0.6554 26.9745
  5.4724  3.0038  0.9725  0.6420 25.9029
  5.1790  1.7926  0.9795  2.3351 13.7501
  3.6585  1.4096  0.9883  1.2133 10.1944
  5.6146  1.3199  0.9823  1.1582  9.3909
  5.7625  2.0239  0.9885  0.7183 15.9781
  5.5145  2.5821  0.9718  2.3520 21.5492
  5.3056  0.9591  0.9782  1.8105  6.3014
  5.2487  2.0236  0.9903  2.7524 15.9751
  5.2074  4.3191  0.9768  1.0249 40.0564
  5.8947  2.6367  0.9770  1.6891 22.1065
  5.6782  1.0591  0.9761  2.1202  7.1325
  4.7541  3.1724  0.9850  0.4657 27.6723
  5.5872  2.7166  0.9927  0.8415 22.9255
  5.7594  2.3841  0.9734  1.5501 19.5448
  5.4772  0.9474  0.9977  2.3241  6.2054
  5.2597  1.7256  0.9870  2.3389 13.1152
  4.6080  0.9239  0.9846  1.5787  6.0146
  5.6240  1.3996  0.9980  1.4016 10.1048
  5.7765  1.5341  0.9821  3.0371 11.3293
  3.7154  2.5937  0.9885  1.4164 21.6676
  5.2604  3.6764  0.9795  2.6419 33.0471
  5.1500  3.6487  0.9715  1.9034 32.7491
  5.2829  2.7183  0.9822  0.7722 22.9434
  4.7625  2.4172  0.9702  0.6889 19.8778
  5.1739  3.4573  0.9905  1.8842 30.6958
  5.3139  3.7858  0.9705  1.1679 34.2291
  4.9888  2.5744  0.9980  0.3300 21.4710
  6.2915  2.5393  0.9964  2.8078 21.1130
  5.6241  1.5234  0.9859  1.0023 11.2317
  4.1532  1.8226  0.9671  0.8638 14.0359
  5.0410  0.4934  0.9795  1.2403  2.7792
  3.7595  3.0565  0.9835  1.4954 26.4544
  4.6754  3.8444  0.9900  0.3157 34.8635
  4.4054  2.9496  0.9851  0.3569 25.3378
  5.1360  1.1884  0.9759  1.8906  8.2367
  3.9763  3.1051  0.9850  1.6050 26.9645
  4.8865  4.2544  0.9678  1.7967 39.3437
  5.3934  3.1723  0.9949  1.2935 27.6722
  3.8578  0.7089  0.9808  2.3563  4.3285
  4.3448  4.3169  0.9775  1.8101 40.0322
  3.7434  3.7859  0.9963  1.1919 34.2300
  6.6545  2.1812  0.6520  2.2749 17.5217
  5.8910  3.1724  0.9908  0.9421 27.6730
  5.5119  1.1387  0.9853  1.0080  7.8083
  5.4821  4.3081  0.9802  2.5727 39.9355
  4.9544  4.3967  0.9673  0.2261 40.9137
  4.9386  4.1852  0.9765  1.1929 38.5835
  6.1238  2.3619  0.9978  2.1025 19.3219
  4.6774  1.7175  0.9881  0.4154 13.0384
  6.0371  2.0893  0.9923  2.6639 16.6175
  5.1563  2.0417  0.9729  1.2208 16.1518
  5.4273  1.0030  0.9783  1.8029  6.6635
  4.3015  2.5639  0.9668  2.4110 21.3638
  5.0445  2.4443  0.9825  1.9790 20.1516
  4.6311  2.8756  0.9764  3.0097 24.5683
  5.2062  3.4615  0.9691  0.5870 30.7414
  6.9954  3.5544  0.3807  1.5582 31.7354
  5.1293  3.2931  0.9786  1.3013 28.9487
  3.5488  4.2480  0.9724  2.3982 39.2740
  5.6913  3.1116  0.9845  0.2784 27.0329
  4.7534  1.9051  0.9831  2.7799 14.8267
  4.5371  3.2027  0.9737  2.8706 27.9921
  6.5958  2.7058  0.9797  1.1111 22.8151
  5.0672  2.2299  0.9718  1.7683 18.0049
  4.3266  3.3724  0.9677  0.4715 29.7909
  4.5200  1.7951  0.9953  1.2857 13.7735
  5.3266  3.2724  0.9849  2.1355 28.7291
  5.3249  2.1652  0.9855  2.2267 17.3637
  5.3536  4.3693  0.9798  1.1141 40.6103
  4.6774  1.2434  0.9850  1.5003  8.7165
  4.5612  2.6535  0.9840  0.1272 22.2786
  5.0106  1.1683  0.9797  0.6626  8.0635
  5.0115  2.8737  0.9780  1.7287 24.5486
  6.0795  2.5146  0.9750  1.9600 20.8628
  5.0854  2.1439  0.9752  0.7302 17.1539
  4.8916  0.8955  0.9684  0.8415  5.7852
  5.3777  1.0472  0.9980  2.2888  7.0327
  4.6729  1.8472  0.9745  1.9241 14.2704
  5.4120  2.9213  0.9950  1.7135 25.0429
  4.7267  3.2634  0.9955  1.8764 28.6343
  5.1724  1.5454  0.9733  1.2692 11.4335
  5.0536  4.1755  0.9835  0.5125 38.4776
  5.8868  3.4611  0.9817  0.4084 30.7372
  5.1382  1.5729  0.9771  0.8562 11.6873
  5.0889  0.7198  0.9914  1.6124  4.4109
  5.1983  1.4743  0.9916  1.1851 10.7819
  5.8238  3.5625  0.9891  1.6309 31.8218
  5.1233  4.2180  0.9980  0.6970 38.9442
  5.0274  2.4743  0.9698  1.2337 20.4542
  5.2925  3.2424  0.9972  2.5718 28.4120
  4.3656  3.5379  0.9778  0.9977 31.5586
  5.3204  1.9767  0.9811  0.6171 15.5187
  5.6542  3.1112  0.9762  0.8120 27.0285
  5.0883  3.6012  0.9695  1.0478 32.2378
  5.3117  2.7673  0.9905  0.5129 23.4473
  5.1712  4.3636  0.9929  0.8870 40.5474
  4.4862  2.9801  0.9957  1.9826 25.6552
  5.0425  0.8681  0.9884  2.9234  5.5653
  4.9664  2.9700  0.9707  1.2265 25.5496
  4.9959  1.7326  0.9812  1.1136 13.1814
  4.9347  3.4521  0.9919  1.0178 30.6404
  4.4876  4.2581  0.9979  1.6822 39.3847
  5.0023  3.2052  0.9955  2.9550 28.0189
  5.1600  1.7383  0.9707  0.7249 13.2351
  5.2176  1.8817  0.9719  1.9015 14.6011
  5.8082  1.2280  0.9804  0.6529  8.5814
  5.1394  3.9996  0.9730  1.2640 36.5521
  5.9661  1.6331  0.9980  0.9365 12.2468
  5.0483  2.0292  0.9742  1.6832 16.0290
  4.7269  2.6183  0.9886  2.0776 21.9180
  5.4319  4.1776  0.9678  2.2123 38.4997
  3.8557  3.8491  0.9672  2.4348 34.9145
  5.2936  3.8121  0.9971  0.6614 34.5134
  5.2749  3.4871  0.9796  0.5053 31.0143
  6.7550  2.3501  0.6388  1.6656 19.2038
  4.0487  2.2019  0.9925  1.0692 17.7268
  4.6910  2.3552  0.9880  1.2516 19.2552
  5.8844  3.0002  0.9762  0.0836 25.8649
  5.6084  2.0845  0.9897  1.6265 16.5700
  4.6316  1.7080  0.9730  1.7973 12.9494
  5.5895  3.1196  0.9692  2.3635 27.1168
  5.1348  1.0462  0.9830  1.9178  7.0241
  6.0474  2.3032  0.9734  0.5876 18.7348
  4.3180  3.9851  0.9820  0.8847 36.3942
  5.2050  2.2028  0.9926  1.8597 17.7358
  5.6255  4.2530  0.9814  2.0540 39.3290
  4.0230  1.0825  0.9875  2.2865  7.3300
  5.1142  3.7106  0.9962  1.3571 33.4162
  5.2156  1.7326  0.9682  1.2809 13.1808
  5.0725  2.4376  0.9679  1.9946 20.0839
  3.7845  1.9675  0.9693  1.2296 15.4298
  5.2126  1.3585  0.9825  0.5045  9.7353
  5.5779  0.6840  0.9688  2.4455  4.1418
  5.5887  1.3447  0.9744  0.8657  9.6124
  5.4599  2.0776  0.9781  2.1962 16.5025
  4.9710  2.7609  0.9855  1.3253 23.3812
  6.2023  2.2201  0.9817  1.1899 17.9072
  4.8169  4.0239  0.9788  0.9021 36.8178
  6.3298  1.7587  0.9879  2.3787 13.4276
  5.2493  2.8083  0.9954  2.4489 23.8704
  5.0600  0.6689  0.9786  2.2880  4.0294
  5.5854  3.3575  0.9980  1.0709 29.6324
  5.2293  1.6376  0.9668  0.4396 12.2887
  4.4466  2.8634  0.9868  1.4436 24.4414
  6.1277  4.1236  0.9856  2.0582 37.9084
  4.8252  1.3162  0.9926  0.7839  9.3586
  5.7540  4.3281  0.9720  1.0038 40.1565
  5.4691  2.1936  0.9701  2.3961 17.6447
  4.7204  2.4490  0.9880  2.1042 20.1985
  5.7354  2.5240  0.9731  2.8672 20.9577
  5.5070  2.3111  0.9826  0.1925 18.8136
  3.6141  4.4415  0.9846  2.5537 41.4093
  5.8644  2.1307  0.9757  0.8674 17.0243
  5.1542  3.3592  0.9915  2.5062 29.6508
  6.5951  0.4683  0.9503  2.6791  2.6097
  5.2731  1.7063  0.9802  0.5085 12.9332
  5.6655  1.6114  0.9830  2.1967 12.0447
  5.4257  2.2826  0.9918  1.2631 18.5285
  5.8111  0.6197  0.9742  2.1175  3.6684
  5.3747  3.8612  0.9884  1.2309 35.0460
  5.4360  2.8027  0.9772  2.1468 23.8126
  5.3737  1.9009  0.9723  0.2917 14.7859
  5.7258  2.4810  0.9929  1.1736 20.5220
  3.6771  4.2664  0.9678  1.3061 39.4761
  5.3679  3.0395  0.9816  1.4344 26.2760
  5.2377  2.2914  0.9980  0.6533 18.6164
  5.7414  3.0232  0.9933  1.4052 26.1059
  4.3392  3.7427  0.9980  1.2317 33.7630
  5.1970  1.1929  0.9714  0.8334  8.2757
  3.6639  1.2141  0.9783  1.4384  8.4606
  5.2979  0.7025  0.9907  1.2088  4.2805
  5.0897  2.6738  0.9685  0.7893 22.4858
  4.7375  3.5661  0.9718  0.1448 31.8608
  4.6809  1.7786  0.9849  1.0259 13.6163
  6.9445  1.6637  0.6712  2.0597 12.5330
  5.3127  3.5592  0.9760  2.0460 31.7866
  5.4928  2.3339  0.9862  2.4418 19.0418
  6.1389  2.3546  0.9839  2.0686 19.2485
  5.5050  2.2453  0.9891  0.7919 18.1572
  4.2288  2.0231  0.9865  0.4101 15.9696
  4.7343  4.0890  0.9899  1.2949 37.5293
  5.6181  2.6462  0.9771  1.1544 22.2031
  4.7035  0.8070  0.9912  0.5318  5.0822
  4.4890  1.4006  0.9980  1.0884 10.1141
  5.0162  4.2438  0.9927  0.4304 39.2277
  5.1203  3.4615  0.9924  1.2592 30.7405
  4.7048  2.4280  0.9766  1.0758 19.9868
  5.5282  4.4802  0.9821  0.6287 41.8376
  5.5070  1.7800  0.9698  1.6849 13.6296
  6.1379  3.1694  0.9936  0.4058 27.6411
  5.3896  1.8012  0.9980  2.3564 13.8316
  5.0368  2.0971  0.9929  1.2941 16.6934
  5.4102  4.1873  0.9787  1.9062 38.6062
  4.8972  0.7825  0.9942  2.2417  4.8915
  4.5830  3.9734  0.9862  1.8255 36.2662
  5.6012  1.5990  0.9746  1.8027 11.9293
  4.9876  3.6045  0.9902  0.3772 32.2728
  5.4513  1.5609  0.9810  0.3062 11.5766
  4.7197  4.1501  0.9690  0.5659 38.1988
  4.6021  1.5159  0.9736  0.7837 11.1629
  3.6937  2.4761  0.9838  2.1329 20.4723
  5.2802  1.5423  0.9682  2.7383 11.4053
  5.2839  2.3565  0.9736  1.2744 19.2677
  5.0206  3.4264  0.9943  1.2104 30.3667
  5.5949  1.0686  0.9679  1.4423  7.2122
  4.4701  3.2651  0.9837  0.4832 28.6518
  5.0257  3.2388  0.9975  2.3075 28.3737
  5.2877  2.6186  0.9760  2.2356 21.9215
  5.8108  3.5359  0.9877  0.6081 31.5366
  5.2190  3.1302  0.9804  2.5124 27.2283
  4.6513  1.6004  0.9948  0.5251 11.9425
  5.0046  3.0205  0.9750  1.1250 26.0777
  5.4428  4.1949  0.9967  0.3640 38.6904
  5.3705  1.0745  0.9850  0.8362  7.2626
  4.9328  1.9056  0.9695  1.4680 14.8314
  5.5866  3.6492  0.9760  1.4263 32.7538
  4.3683  1.8256  0.9707  1.9243 14.0645
  5.2550  3.7571  0.9862  0.8322 33.9181
  4.8015  1.2632  0.9824  2.0133  8.8898
  4.4648  1.0392  0.9786  1.6863  6.9654
  3.8473  1.6605  0.9691  1.0677 12.5026
  5.2551  2.9623  0.9682  2.2415 25.4696
  4.2628  4.0342  0.9784  2.2390 36.9295
  4.2499  0.9167  0.9768  1.6212  5.9562
  5.0995  3.5896  0.9736  1.4544 32.1136
  4.5136  2.6615  0.9766  1.7019 22.3602
  5.4019  4.2975  0.9980  2.1748 39.8181
  5.2414  1.4378  0.9681  1.0001 10.4503
  4.0907  4.3903  0.9941  1.2021 40.8431
  4.4083  3.0802  0.9940  1.8116 26.7030
  5.7444  2.8366  0.9733  2.5712 24.1636
  5.1822  0.4211  0.9834  0.6138  2.2977
  4.4718  1.3254  0.9851  1.3092  9.4402
  5.6280  3.4168  0.9847  0.6661 30.2636
  5.4776  1.8342  0.9951  1.2989 14.1464
  6.9224  1.8189  0.9923  0.3920 13.9998
  5.2838  3.0999  0.9923  0.2871 26.9098
  5.4848  2.6587  0.9979  1.0265 22.3312
  5.1007  2.4962  0.9894  1.1014 20.6759
  5.6365  0.6649  0.9945  1.2075  3.9994
  5.1084  2.8074  0.9789  1.5402 23.8617
  5.2517  2.4130  0.9797  1.8947 19.8355
  4.2397  0.9150  0.9714  0.6398  5.9423
  5.3531  1.5752  0.9842  2.8616 11.7089
  5.1260  2.1353  0.9724  0.6778 17.0694
  5.6897  1.6639  0.9880  1.7294 12.5349
  5.8811  4.0619  0.9757  1.7726 37.2322
  4.6795  3.4704  0.9824  1.5323 30.8363
  4.9134  3.1450  0.9938  1.1773 27.3845
  3.8969  1.6409  0.9681  2.4796 12.3196
  4.8367  2.3603  0.9974  0.7772 19.3061
  5.0796  1.3989  0.9717  1.2939 10.0986
  4.6677  1.8096  0.9671  0.8258 13.9115
  5.6716  1.7955  0.9737  1.4761 13.7774
  4.7666  4.0808  0.9923  0.9432 37.4393
  6.4689  0.9759  0.9693  2.2093  6.4398
  5.2620  2.9994  0.9731  1.2387 25.8571
  5.4765  3.1307  0.9931  1.1290 27.2333
  6.1851  3.6842  0.9709  2.1560 33.1310
  4.3036  3.1733  0.9797  1.8091 27.6821
  5.2600  1.1251  0.9811  1.9676  7.6925
  5.2870  0.6511  0.9914  0.1065  3.8976
  5.2680  2.6173  0.9842  2.6599 21.9077
  5.4046  3.3474  0.9834  0.2743 29.5253
  5.3927  2.1230  0.9675  1.3545 16.9478
  5.0429  1.7677  0.9752  1.5348 13.5132
  4.5890  1.4194  0.9951  1.2313 10.2836
  4.9163  4.2504  0.9804  1.4368 39.2996
  5.7416  1.5418  0.9915  1.5073 11.4003
  5.4344  2.9863  0.9944  0.9719 25.7201
  6.2736  2.2554  0.9722  1.6464 18.2577
  5.5950  2.0501  0.9793  1.3457 16.2339
  5.9288  2.2648  0.9668  1.2338 18.3511
  5.5340  1.7219  0.9831  0.8333 13.0795
  4.2878  2.0015  0.9853  0.6727 15.7596
  5.1431  2.5931  0.9980  1.8501 21.6613
  5.4765  4.2174  0.9859  1.8029 38.9377
  3.9567  4.4591  0.9850  2.6262 41.6039
  5.2221  0.2528  0.9931  1.0845  1.2663
  5.3695  3.1997  0.9936  2.4100 27.9610
  3.8010  2.1540  0.9934  1.7264 17.2539
  5.5555  1.4633  0.9980  1.0019 10.6819
  4.9574  2.8089  0.9904  0.6631 23.8776
  5.2638  3.9789  0.9761  0.7357 36.3262
  4.4000  3.9722  0.9976  1.4772 36.2539
  5.1053  4.1383  0.9790  1.2148 38.0686
  5.6249  3.0424  0.9980  0.7923 26.3070
  4.9281  4.0134  0.9887  2.1112 36.7025
  4.8912  4.3824  0.9895  1.0270 40.7549
  5.5803  2.0122  0.9887  0.4362 15.8635
  5.3163  2.8625  0.9736  1.0284 24.4316
  5.5512  1.9339  0.9719  1.5315 15.1048
  5.6049  1.0612  0.9953  1.2434  7.1502
  4.5657  1.0800  0.9819  2.0941  7.3087
  6.6327  2.5790  0.8815  1.3898 21.5177
  5.5273  1.0470  0.9816  2.3471  7.0311
  5.4242  3.8989  0.9873  0.7752 35.4562
  5.6446  2.2456  0.9967  2.8473 18.1605
  4.9129  3.1180  0.9895  1.1074 27.0995
  5.0755  3.1471  0.9816  1.0609 27.4060
  5.3987  1.3322  0.9698  1.7069  9.5005
  5.8281  3.9362  0.9947  1.1135 35.8612
  5.2551  1.9485  0.9749  0.3514 15.2452
  5.2547  0.7769  0.9871  2.0308  4.8480
  5.5481  2.9231  0.9887  0.7853 25.0611
  3.8024  3.0207  0.9841  2.6727 26.0802
  5.0532  2.3232  0.9863  1.0162 18.9344
  5.2553  1.7192  0.9729  0.8961 13.0546
  5.6379  1.9439  0.9925  2.0833 15.2013
  5.4717  1.4197  0.9833  0.6686 10.2863
  4.6765  1.4544  0.9873  0.1503 10.6009
  4.2706  1.3917  0.9936  1.1027 10.0333
  5.1330  2.2248  0.9704  0.7619 17.9544
  5.0947  1.5463  0.9886  2.2423 11.4420
  4.5588  2.0545  0.9734  1.6499 16.2762
  3.5051  3.6635  0.9708  0.6462 32.9079
  4.5398  1.2743  0.9811  2.1806  8.9877
  5.1685  4.1969  0.9883  1.1637 38.7122
  4.5442  1.2419  0.9747  0.4341  8.7028
  5.4071  2.4358  0.9869  0.2896 20.0652
  4.7193  0.8568  0.9849  1.1274  5.4749
  5.7386  3.2197  0.9701  0.9330 28.1722
  6.6530  2.0972  0.6647  2.0579 16.6943
  5.2043  1.3265  0.9831  2.1586  9.4500
  4.8605  1.2769  0.9694  2.2248  9.0107
  3.9092  3.0673  0.9865  0.1194 26.5680
  6.1110  4.4894  0.9957  1.6626 41.9390
  4.2188  3.2430  0.9795  0.9855 28.4184
  5.2859  3.8642  0.9931  2.6760 35.0783
  4.9045  0.9795  0.9767  2.5780  6.4694
  4.7315  1.9492  0.9733  1.6516 15.2519
  5.0761  2.7272  0.9725  1.9250 23.0351
  5.3262  3.9482  0.9895  1.9971 35.9920
  6.0806  2.7164  0.9856  0.2294 22.9236
  5.0754  0.6804  0.9915  0.6496  4.1152
  4.4010  3.7295  0.9720  0.6309 33.6206
  4.8341  4.4544  0.9980  1.0316 41.5518
  4.8734  1.9530  0.9841  1.5792 15.2893
  5.4402  2.2102  0.9980  0.3122 17.8087
  4.8511  2.4622  0.9895  1.9188 20.3324
  5.2000  3.0707  0.9827  1.4359 26.6038
  5.4051  3.0866  0.9888  0.9436 26.7700
  5.7851  3.6439  0.9698  0.5716 32.6976
  4.6773  3.6197  0.9896  1.3499 32.4370
  5.1024  4.2386  0.9682  1.7893 39.1698
  5.2880  3.8109  0.9937  1.0475 34.5006
  5.4278  2.2661  0.9916  0.9298 18.3641
  3.9355  2.6726  0.9813  1.4126 22.4735
  5.6048  3.9504  0.9898  1.2250 36.0156
  5.7658  2.7867  0.9710  1.4904 23.6477
  5.2279  1.4274  0.9674  1.6007 10.3556
  4.7653  1.5959  0.9876  0.7840 11.9007
  3.8663  0.4994  0.9865  1.4347  2.8202
  5.9993  1.5732  0.9697  1.3371 11.6907
  6.2076  0.9041  0.9776  1.2562  5.8539
  4.9139  4.1028  0.9960  1.0174 37.6802
  5.0165  2.0838  0.9800  2.1251 16.5631
  6.7102  1.6949  0.9756  0.5113 12.8260
  5.1701  3.4756  0.9856  2.2158 30.8921
  5.2739  0.8224  0.9728  1.9727  5.2034
  5.2842  3.8072  0.9667  1.6350 34.4602
  5.1462  1.3865  0.9865  0.5652  9.9863
  5.0924  3.0810  0.9673  0.6440 26.7111
  5.3438  2.7783  0.9768  0.8621 23.5614
  5.7564  4.1257  0.9958  2.0757 37.9307
  4.2754  3.8042  0.9900  0.0519 34.4276
  5.3951  2.2055  0.9847  0.6599 17.7626
  5.2112  0.8184  0.9851  1.8745  5.1714
  3.9091  0.6458  0.9864  1.1335  3.8592
  4.3644  1.9723  0.9887  1.8296 15.4758
  5.3563  1.3471  0.9835  1.2696  9.6341
  4.2377  3.7956  0.9965  0.5765 34.3350
  5.0566  2.4745  0.9946  1.4340 20.4563
  4.5792  1.6202  0.9697  1.8024 12.1269
  5.2825  1.2570  0.9980  1.8370  8.8358
  5.2042  0.8070  0.9888  0.2196  5.0821
  5.1137  1.5696  0.9781  0.8654 11.6568
  5.6429  2.6533  0.9780  2.5631 22.2765
  5.9112  3.1206  0.9817  0.1549 27.1277
  4.1607  3.1814  0.9758  1.4234 27.7674
  4.8482  2.4425  0.9962  0.5631 20.1335
  4.8982  2.1935  0.9849  0.6530 17.6439
  5.5526  3.3007  0.9867  0.5089 29.0288
  5.2119  1.6438  0.9681  0.7436 12.3467
  4.5361  1.5357  0.9878  1.7846 11.3446
  4.8316  2.1639  0.9795  1.5005 17.3510
  4.4052  0.0855  0.9685  0.8231  0.3853
  5.9398  4.4007  0.9890  0.8415 40.9577
  5.5867  2.7129  0.9901  2.1143 22.8874
  5.9983  2.5347  0.9865  0.2631 21.0663
  4.7174  1.2856  0.9683  1.9149  9.0875
  4.3201  2.3956  0.9852  2.1147 19.6610
  6.7106  0.8400  0.8733  1.0905  5.3418
  4.6495  1.5999  0.9907  1.5744 11.9377
  4.4383  0.8904  0.9880  2.7640  5.7440
  5.1382  3.6788  0.9888  1.8316 33.0731
  4.9997  3.1480  0.9884  0.7814 27.4151
  5.4644  3.2736  0.9795  2.3642 28.7422
  4.6012  4.0746  0.9756  1.2643 37.3713
  5.4483  2.5341  0.9828  0.7992 21.0602
  6.7625  2.5334  0.6343  2.9474 21.0535
  5.0934  1.7530  0.9680  0.9435 13.3735
  5.1796  1.1872  0.9877  1.6695  8.2268
  5.4805  1.2612  0.9709  0.4202  8.8724
  4.9422  3.3283  0.9911  2.3695 29.3217
  4.6546  1.9863  0.9882  1.6299 15.6120
  5.3634  0.7390  0.9819  2.8473  4.5572
  3.7737  2.1244  0.9730  2.1223 16.9622
  5.7260  1.8099  0.9764  1.1981 13.9145
  5.0146  3.3023  0.9970  0.3799 29.0465
  4.1500  3.4519  0.9803  0.9837 30.6382
  4.9362  1.4234  0.9720  0.6329 10.3198
