  5.4109  3.0389  0.9893  1.4321 26.2698
  6.9160  2.2431  0.6241  1.1243 18.1357
  6.0811  0.8110  0.9680  1.6906  5.1137
  5.3931  2.8006  0.9719  0.3909 23.7917
  6.4478  3.8027  0.8988  2.4478 34.4118
  5.6118  1.9503  0.9771  0.5974 15.2629
  5.1292  3.1267  0.9898  0.4845 27.1911
  5.7575  2.5923  0.9908  0.8010 21.6527
  5.2776  3.4934  0.9901  1.9115 31.0816
  5.0875  1.0698  0.9863  0.8678  7.2224
  6.9005  1.7532  0.9634  0.5690 13.3760
  5.1608  4.4955  0.9940  1.6144 42.0065
  5.6094  2.9840  0.9712  0.7856 25.6961
  6.0164  2.9525  0.9818  0.1579 25.3677
  6.9477  1.2270  0.4677  2.5893  8.5728
  5.2059  1.6578  0.9728  2.0606 12.4779
  4.8077  4.1118  0.9908  0.9408 37.7787
  5.4887  1.6328  0.9971  1.9739 12.2436
  6.6376  3.5462  0.6480  1.8628 31.6473
  5.3307  2.0615  0.9922  0.3228 16.3449
  5.8640  1.6879  0.9766  0.8442 12.7595
  6.1250  2.0028  0.9836  2.2086 15.7725
  5.9938  3.3867  0.9706  1.9018 29.9430
  5.7549  0.5393  0.9791  0.6268  3.0959
  6.9218  3.6031  0.3819  2.1355 32.2587
  5.2650  0.9596  0.9952  1.8558  6.3055
  5.3725  0.4844  0.9764  2.8554  2.7181
  5.7287  2.0315  0.9925  1.7382 16.0519
  5.9010  2.4845  0.9788  0.3714 20.5573
  6.5097  1.0029  0.8475  2.3340  6.6624
  5.8430  1.3770  0.9892  1.6551  9.9011
  6.5064  3.1418  0.8189  0.6283 27.3500
  6.2514  2.5752  0.9716  2.0293 21.4784
  5.6128  2.0021  0.9945  0.7144 15.7653
  5.1706  3.0786  0.9936  0.7564 26.6858
  6.6733  3.3550  0.6491  1.1438 29.6061
  5.9753  0.9927  0.9805  0.6008  6.5783
  5.6399  2.8775  0.9967  0.5375 24.5877
  5.4487  0.7095  0.9881  0.4375  4.3334
  5.9304  3.2551  0.9693  0.7927 28.5464
  5.6191  1.1396  0.9681  1.0903  7.8159
  5.1205  1.3256  0.9758  2.2484  9.4421
  5.5682  3.4315  0.9734  1.9711 30.4206
  5.0822  4.4532  0.9920  1.6613 41.5383
  5.6067  0.9072  0.9807  0.9690  5.8789
  5.5956  1.1139  0.9743  0.6025  7.5962
  5.6523  1.1792  0.9716  1.2553  8.1570
  6.8836  2.7128  0.8179  1.6058 22.8864
  5.6526  2.6006  0.9865  1.5055 21.7379
  5.0437  3.8785  0.9768  0.3772 35.2339
  6.2327  1.4807  0.9674  1.4258 10.8405
  5.7711  1.6004  0.9743  0.8207 11.9428
  5.4419  2.1084  0.9927  1.2087 16.8049
  5.4239  2.4215  0.9875  1.2378 19.9215
  4.9014  2.2602  0.9747  1.9703 18.3057
  4.6760  4.2967  0.9763  2.2102 39.8093
  6.4271  4.3824  0.9423  2.1332 40.7553
  5.4482  2.5595  0.9980  0.7731 21.3187
  5.5638  2.6016  0.9975  1.3086 21.7476
  6.2479  3.3450  0.9729  1.2669 29.4996
  6.8257  2.2149  0.4394  1.6129 17.8559
  6.4211  1.8491  0.8812  1.0082 14.2891
  5.4787  3.8157  0.9691  1.4394 34.5528
  5.5679  2.9715  0.9872  1.0630 25.5659
  6.7725  1.0466  0.6618  1.5501  7.0276
  5.8383  0.7178  0.9920  0.5599  4.3957
  5.6766  0.6797  0.9718  0.2809  4.1098
  6.5250  2.5227  0.7914  1.9463 20.9448
  4.6695  2.2726  0.9897  2.1855 18.4297
  5.1123  2.5955  0.9865  1.2131 21.6854
  6.6731  2.4957  0.5924  1.9124 20.6714
  5.6078  3.3671  0.9881  0.8427 29.7348
  4.9391  2.2053  0.9980  1.2728 17.7601
  6.7626  0.5771  0.6862  2.0639  3.3618
  5.9801  2.4117  0.9704  2.1553 19.8226
  5.7457  2.5475  0.9879  1.4495 21.1965
  6.4404  0.9315  0.9156  1.2878  6.0765
  5.3981  2.3783  0.9727  1.9743 19.4869
  6.8695  2.5641  0.9888  0.8505 21.3660
  6.6253  2.6358  0.8031  0.7528 22.0975
  6.8774  1.2808  0.6107  2.7822  9.0446
  4.6559  2.5940  0.9805  2.0320 21.6708
  4.6973  4.4423  0.9801  0.2814 41.4176
  5.8155  3.6824  0.9846  2.0671 33.1119
  6.0334  2.5291  0.9799  2.2105 21.0097
  5.7488  1.7183  0.9813  0.6073 13.0457
  5.4716  1.6307  0.9674  0.5965 12.2246
  6.1708  3.2138  0.9968  2.2836 28.1100
  5.8662  3.3709  0.9946  0.9637 29.7747
  5.1672  0.5216  0.9891  1.0792  2.9729
  5.0031  3.7034  0.9980  1.3343 33.3388
  5.5840  1.7150  0.9785  0.8908 13.0146
  5.7090  1.0747  0.9820  0.9418  7.2640
  5.4698  3.0077  0.9903  0.6616 25.9442
  4.6127  2.1637  0.9788  1.6683 17.3488
  5.6841  3.0217  0.9922  0.9455 26.0904
  6.4218  1.4704  0.9735  2.4160 10.7462
  5.3110  3.4514  0.9875  2.9423 30.6333
  5.7546  2.9531  0.9678  0.7378 25.3741
  6.3006  2.7683  0.9939  0.9324 23.4579
  4.3943  1.5732  0.9717  0.8964 11.6903
  5.4597  1.3271  0.9686  2.7392  9.4554
  5.7272  1.8425  0.9822  2.3559 14.2253
  5.6297  2.7223  0.9717  1.2997 22.9842
  6.6411  3.6378  0.7055  1.7006 32.6309
  6.4678  3.1907  0.9586  1.3562 27.8659
  5.6299  2.9763  0.9723  1.5914 25.6161
  5.1957  3.7857  0.9980  0.6276 34.2274
  6.2492  3.9440  0.9697  2.2779 35.9465
  6.7767  1.5830  0.6411  0.6831 11.7807
  5.6235  1.0691  0.9943  1.3843  7.2168
  5.0505  1.9016  0.9694  1.5578 14.7928
  5.5384  3.4157  0.9676  1.8257 30.2526
  5.5460  1.8831  0.9728  0.5793 14.6150
  5.1679  1.4933  0.9766  1.0886 10.9557
  5.7977  2.9281  0.9966  1.3994 25.1138
  5.1376  2.1985  0.9961  0.9101 17.6937
  6.3339  2.9952  0.9698  0.8620 25.8136
  6.2793  3.7364  0.9947  0.5230 33.6942
  6.2902  2.3160  0.9728  2.1390 18.8627
  5.5633  1.3146  0.9731  0.3404  9.3446
  6.9013  2.5501  0.9384  1.0926 21.2229
  6.5225  0.5332  0.5502  0.9101  3.0531
  5.3322  2.7093  0.9669  1.7378 22.8504
  6.2118  3.2180  0.9852  0.4796 28.1540
  5.5340  2.0833  0.9894  0.5992 16.5582
  5.2091  1.8478  0.9900  1.7355 14.2763
  5.8056  2.0094  0.9958  2.0534 15.8362
  5.3302  1.9434  0.9751  0.8503 15.1967
  5.0934  3.9545  0.9980  1.9157 36.0605
  5.8834  1.9465  0.9876  0.3022 15.2258
  5.8298  1.8064  0.9762  1.6595 13.8811
  5.7254  1.9650  0.9775  1.3558 15.4051
  5.2874  2.5875  0.9809  1.1142 21.6039
  6.7868  2.9678  0.6164  0.5691 25.5273
  6.1048  1.0421  0.9926  2.7230  6.9897
  5.9924  1.1209  0.9980  0.8031  7.6561
  5.2510  3.7309  0.9729  2.5431 33.6354
  4.6511  2.5892  0.9854  1.5502 21.6216
  6.6273  3.8863  0.6724  0.7896 35.3185
  6.1391  2.4102  0.9821  1.2851 19.8075
  6.3770  1.3921  0.9667  0.4257 10.0368
  5.8245  2.3575  0.9334  0.8145 19.2774
  6.0768  0.5879  0.9947  0.8370  3.4390
  5.5117  4.2994  0.9886  0.4453 39.8398
  5.7698  2.4225  0.9678  0.5116 19.9314
  4.9705  1.6497  0.9883  0.9974 12.4022
  5.9694  3.0732  0.9772  2.3129 26.6291
  5.2767  2.7674  0.9905  0.9494 23.4484
  6.5668  2.3105  0.9058  2.0891 18.8073
  5.6630  3.3409  0.9739  2.5752 29.4557
  5.8928  3.4625  0.9756  1.5661 30.7514
  6.2921  3.6507  0.9868  2.1357 32.7703
  5.2097  3.6211  0.9814  1.4470 32.4521
  5.1105  1.2327  0.9942  1.4242  8.6224
  5.4704  4.2899  0.9761  0.3842 39.7351
