  5.6109  3.4289  0.9893  1.4321 30.3927
  4.4160  2.5531  0.9907  1.1243 21.2537
  6.0811  0.8810  0.9680  1.6906  5.6684
  5.4931  3.1606  0.9719  0.3909 27.5487
  6.2478  4.2927  0.9980  2.4478 39.7656
  5.8118  2.2003  0.9771  0.5974 17.7110
  5.7292  3.5267  0.9898  0.4845 31.4380
  5.4575  2.9323  0.9908  0.8010 25.1570
  5.4776  3.9434  0.9901  1.9115 35.9393
  4.5875  1.1798  0.9863  0.8678  8.1624
  5.0005  1.9832  0.9967  0.5690 15.5821
  5.9280  2.8564  0.9698  1.2548 24.3691
  4.1164  3.3425  0.9818  0.1579 29.4731
  5.6477  1.3670  0.9677  2.5893  9.8118
  5.5059  1.8578  0.9728  2.0606 14.3724
  5.8315  0.6628  0.9864  0.9408  3.9842
  5.2887  1.8328  0.9971  1.9739 14.1325
  4.4376  4.0162  0.9813  1.8628 36.7333
  5.2307  2.3315  0.9922  0.3228 19.0174
  5.3640  1.8979  0.9766  0.8442 14.7569
  4.4250  2.2728  0.9836  2.2086 18.4314
  5.6938  3.8267  0.9706  1.9018 34.6717
  5.0549  0.5793  0.9791  0.6268  3.3779
  5.9218  4.0731  0.9819  2.1355 37.3555
  5.1650  1.0496  0.9952  1.8558  7.0524
  5.3725  0.5144  0.9764  2.8554  2.9229
  5.0287  2.3015  0.9925  1.7382 18.7175
  5.2010  2.8145  0.9788  0.3714 23.9347
  4.2097  1.1129  0.9809  2.3340  7.5877
  5.3430  1.5370  0.9892  1.6551 11.3561
  3.5064  3.5618  0.9855  0.6283 31.8144
  5.6514  2.9152  0.9716  2.0293 24.9791
  5.5128  2.2621  0.9945  0.7144 18.3245
  4.6706  3.4786  0.9936  0.7564 30.9233
  5.6733  3.7950  0.9824  1.1438 34.3286
  5.2753  1.0927  0.9805  0.6008  7.4163
  5.5399  3.2475  0.9967  0.5375 28.4658
  4.6487  0.7695  0.9881  0.4375  4.7913
  4.4304  3.6851  0.9693  0.7927 33.1412
  5.2191  1.2596  0.9681  1.0903  8.8580
  5.1205  1.4756  0.9758  2.2484 10.7938
  4.6682  3.8815  0.9734  1.9711 35.2665
  5.8953  2.4465  0.9804  1.6613 20.1734
  6.3067  0.9872  0.9807  0.9690  6.5326
  4.6956  1.2339  0.9743  0.6025  8.6326
  4.8523  1.3092  0.9716  1.2553  9.2960
  5.2836  3.0728  0.9845  1.6058 26.6252
  5.5526  2.9406  0.9865  1.5055 25.2440
  5.6437  4.3685  0.9768  0.3772 40.6017
  5.3327  1.6607  0.9674  1.4258 12.5050
  4.8711  1.8004  0.9743  0.8207 13.8242
  4.8419  2.3884  0.9927  1.2087 19.5884
  5.2239  2.7415  0.9875  1.2378 23.1820
  4.9014  2.5602  0.9747  1.9703 21.3258
  5.0298  3.6491  0.9757  0.7537 32.7528
  4.2163  3.5352  0.9827  0.7731 31.5298
  5.3638  2.9416  0.9975  1.3086 25.2538
  5.1479  3.7850  0.9729  1.2669 34.2201
  5.4257  2.5149  0.9727  1.6129 20.8658
  5.2211  2.0891  0.9812  1.0082 16.6154
  5.0787  4.3057  0.9691  1.4394 39.9091
  3.8679  3.3615  0.9872  1.0630 29.6753
  5.5725  1.1566  0.9952  1.5501  7.9625
  5.2383  0.7778  0.9920  0.5599  4.8551
  6.0766  0.7297  0.9718  0.2809  4.4863
  5.0250  2.8627  0.9914  1.9463 24.4341
  5.0695  2.5726  0.9897  2.1855 21.4526
  4.9123  2.9355  0.9865  1.2131 25.1903
  4.3731  2.8357  0.9924  1.9124 24.1548
  4.9078  3.8071  0.9881  0.8427 34.4596
  5.2391  2.4953  0.9980  1.2728 20.6665
  5.1626  0.6271  0.9862  2.0639  3.7218
  5.6801  2.7317  0.9704  2.1553 23.0810
  4.6457  2.8875  0.9879  1.4495 24.6912
  5.8404  1.0215  0.9490  1.2878  6.8178
  5.8981  2.6883  0.9727  1.9743 22.6352
  6.5695  2.9041  0.7221  0.8505 24.8642
  5.3253  2.9858  0.9697  0.7528 25.7153
  5.5774  1.4308  0.9774  1.2718 10.3861
  4.0958  4.1415  0.9980  2.0320 38.1039
  5.6046  1.1380  0.9718  2.0671  7.8027
  4.5334  2.8691  0.9799  2.2105 24.5004
  4.2488  1.9383  0.9813  0.6073 15.1466
  5.2716  1.8307  0.9674  0.5965 14.1130
  5.5708  3.6338  0.9968  2.2836 32.5889
  5.3662  3.8109  0.9946  0.9637 34.5003
  5.9672  0.5516  0.9891  1.0792  3.1819
  3.9031  4.1834  0.9980  1.3343 38.5642
  6.3840  1.9250  0.9785  0.8908 15.0182
  5.3090  1.1847  0.9820  0.9418  8.2050
  5.0698  3.3977  0.9903  0.6616 30.0609
  6.2127  2.4437  0.9788  1.6683 20.1448
  5.5841  3.4117  0.9922  0.9455 30.2098
  5.4218  1.6504  0.9735  2.4160 12.4084
  4.8110  3.9014  0.9875  2.9423 35.4830
  5.7546  3.3331  0.9678  0.7378 29.3734
  5.8006  3.1283  0.9939  0.9324 27.2083
  5.0943  1.7632  0.9717  0.8964 13.4704
  5.2597  1.4771  0.9686  2.7392 10.8074
  4.1272  2.0825  0.9822  2.3559 16.5501
  6.2297  3.0723  0.9717  1.2997 26.6201
  4.5411  4.1178  0.9722  1.7006 37.8439
  5.3678  3.6107  0.9919  1.3562 32.3402
  4.4299  3.3663  0.9723  1.5914 29.7264
  6.1957  4.2657  0.9980  0.6276 39.4680
  4.7492  4.4540  0.9697  2.2779 41.5474
  5.2767  1.7830  0.9744  0.6831 13.6580
  5.1235  1.1791  0.9943  1.3843  8.1566
  5.3505  2.1416  0.9694  1.5578 17.1311
  6.1384  3.8557  0.9676  1.8257 34.9869
  5.2460  2.1231  0.9728  0.5793 16.9492
  4.7679  1.6733  0.9766  1.0886 12.6232
  5.1977  3.3081  0.9966  1.3994 29.1081
  5.1376  2.4885  0.9961  0.9101 20.5985
  5.7339  3.3852  0.9698  0.8620 29.9277
  4.3793  4.2264  0.9947  0.5230 39.0356
  5.4902  2.6260  0.9728  2.1390 21.9974
  5.1633  1.4646  0.9731  0.3404 10.6939
  5.9013  2.8901  0.9717  1.0926 24.7182
  5.6225  0.5732  0.9835  0.9101  3.3342
  5.2322  3.0593  0.9669  1.7378 26.4837
  5.6118  3.6380  0.9852  0.4796 32.6336
  4.1340  2.3633  0.9894  0.5992 19.3359
  5.5091  2.0778  0.9900  1.7355 16.5043
  5.7056  2.2694  0.9958  2.0534 18.3970
  5.1302  2.1934  0.9751  0.8503 17.6432
  5.2934  4.4545  0.9980  1.9157 41.5526
  5.5834  2.1965  0.9876  0.3022 17.6731
  5.2298  2.0364  0.9762  1.6595 16.0997
  4.5254  2.2250  0.9775  1.3558 17.9557
  4.8874  2.9275  0.9809  1.1142 25.1072
  5.2868  3.3578  0.9831  0.6714 29.6359
  5.2042  1.5809  0.9683  2.7230 11.7619
  5.2924  1.2409  0.9980  0.8031  8.6941
  5.0510  4.2109  0.9729  2.5431 38.8660
  4.4511  2.9292  0.9854  1.5502 25.1253
  5.7273  4.3863  0.9724  0.7896 40.7981
  6.1391  2.7302  0.9821  1.2851 23.0655
  4.9770  1.5621  0.9667  0.4257 11.5875
  6.0245  2.6675  0.9668  0.8145 22.4212
  4.4768  0.6379  0.9947  0.8370  3.8008
  5.3167  1.4048  0.9899  0.7860 10.1519
  5.1718  0.9185  0.9808  0.5116  5.9705
  5.2705  1.8497  0.9883  0.9974 14.2949
  5.3694  3.4732  0.9772  2.3129 30.8656
  4.6767  3.1274  0.9905  0.9494 27.1986
  5.9668  2.6205  0.9724  0.2705 21.9407
  4.4083  4.2776  0.9976  0.7773 39.5992
  4.4083  2.8080  0.9974  2.1357 23.8675
  4.6097  4.0911  0.9814  1.4470 37.5524
  6.5105  1.3627  0.8275  1.4242  9.7731
  3.7576  2.3412  0.9756  0.9455 19.1148
  4.7280  2.3541  0.9728  0.6179 19.2441
  5.5293  3.8306  0.9865  2.2465 34.7143
  5.3930  1.8516  0.9707  0.2884 14.3130
  5.2620  0.4770  0.9836  1.1952  2.6685
  4.9129  1.0421  0.9703  0.4727  6.9896
  5.8165  2.7901  0.9705  1.8412 23.6831
  5.0637  3.0334  0.9866  1.8504 26.2130
  5.1292  3.0943  0.9766  1.3214 26.8515
  5.2906  2.1919  0.9954  2.6328 17.6276
  4.9867  1.1709  0.9868  1.4966  8.0859
  4.5740  4.0054  0.9980  1.1741 36.6158
  5.1526  2.1247  0.9789  2.3393 16.9649
  4.8662  1.5235  0.9752  1.4347 11.2321
  3.7785  3.3161  0.9755  2.3678 29.1928
  5.4643  1.4915  0.9712  0.3071 10.9393
  4.0424  0.5006  0.9768  1.0846  2.8282
  4.1563  2.6727  0.9765  1.7377 22.4754
  6.1275  1.1763  0.9778  1.4213  8.1325
  5.3998  2.6219  0.9949  1.3637 21.9551
  5.2330  3.6228  0.9761  1.6499 32.4702
  5.8579  2.9976  0.9790  1.5548 25.8379
  6.2644  3.0044  0.9857  1.0830 25.9090
  6.6918  1.0637  0.7469  1.7873  7.1715
  6.7802  3.3466  0.7057  0.5694 29.5169
  5.2361  1.8909  0.9958  1.0926 14.6895
  5.0564  2.8534  0.9695  1.1541 24.3375
  5.4215  0.9115  0.9980  0.1699  5.9135
  5.2420  2.7146  0.9872  0.3225 22.9056
  5.7563  2.7663  0.9686  1.0326 23.4368
  5.2408  1.4029  0.9906  0.4525 10.1340
  4.3320  2.0124  0.9946  2.9185 15.8659
  3.7816  1.1834  0.9944  2.2767  8.1935
  4.8296  3.0264  0.9927  0.2692 26.1391
  5.2282  1.1254  0.9766  2.5542  7.6947
  5.0911  1.7860  0.9945  2.3869 13.6870
  5.5612  2.4916  0.9894  1.7113 20.6296
  5.1078  3.7975  0.9728  0.5032 34.3555
  6.2304  4.2865  0.9730  2.0657 39.6977
  5.9422  3.6971  0.9849  0.9331 33.2700
  5.6618  3.1060  0.9938  2.3865 26.9738
  5.0562  2.4732  0.9891  1.9639 20.4429
  5.2514  2.5031  0.9913  1.8160 20.7464
  5.7320  4.4359  0.9740  2.4807 41.3469
  5.3535  2.7695  0.9767  0.3912 23.4701
  5.1395  3.0168  0.9728  1.4751 26.0393
  4.8342  1.1908  0.9912  2.1402  8.2582
  4.6587  2.6426  0.9835  1.5601 22.1667
  5.3536  3.1591  0.9748  0.3537 27.5326
  3.7578  0.8614  0.9891  2.1203  5.5121
  5.2955  2.1784  0.9779  1.5841 17.4949
  5.3426  1.4273  0.9707  1.9868 10.3546
  5.7942  3.6751  0.9852  2.3628 33.0328
  4.5282  3.7929  0.9980  1.7165 34.3054
  4.9631  3.4612  0.9697  0.7584 30.7379
  6.0900  2.7169  0.9887  0.7422 22.9291
  6.8864  0.8107  0.7192  0.1590  5.1112
  5.1087  2.1515  0.9926  0.5026 17.2291
  5.1620  3.8779  0.9777  2.4479 35.2275
  5.1632  4.2545  0.9881  1.5199 39.3449
  5.1220  2.9561  0.9920  2.0315 25.4047
  5.3572  1.8213  0.9715  1.4302 14.0228
  5.0734  1.7567  0.9718  1.5515 13.4090
  5.5451  3.2094  0.9901  0.5047 28.0626
  4.6060  1.8751  0.9838  1.4093 14.5382
  5.6574  2.8715  0.9815  2.5878 24.5259
  4.6308  3.0009  0.9698  1.8940 25.8730
  4.8345  1.2688  0.9830  2.9781  8.9390
  5.4667  1.0468  0.9932  0.4133  7.0292
  4.3837  0.9743  0.9719  1.1597  6.4263
  5.4990  3.6983  0.9802  0.1481 33.2835
  4.5943  0.6349  0.9702  2.2161  3.7792
  6.3581  2.9071  0.9883  1.6453 24.8950
  4.8548  1.7947  0.9966  2.3177 13.7698
  5.0452  1.4250  0.9789  0.8552 10.3339
  4.8244  3.4875  0.9813  0.6462 31.0188
  5.9158  1.0755  0.9763  2.0477  7.2710
  4.0200  0.8288  0.9859  1.1004  5.2538
  4.9887  4.2190  0.9805  1.3018 38.9546
  3.7435  2.9436  0.9752  0.5102 25.2749
  4.2490  3.8323  0.9855  0.4557 34.7325
  5.0927  3.2037  0.9918  0.3577 28.0029
  4.8857  3.2743  0.9840  1.9554 28.7498
  3.5875  4.4000  0.9824  0.5374 40.9500
  4.8913  4.1107  0.9910  0.0889 37.7666
  5.3323  1.8759  0.9794  2.1572 14.5462
  4.7919  4.1445  0.9772  0.1934 38.1373
  5.0433  2.8340  0.9691  2.6046 24.1366
  5.1233  4.3717  0.9674  2.7013 40.6372
  3.9125  0.8813  0.9808  1.0679  5.6712
  4.2450  1.4619  0.9844  0.2324 10.6690
  4.8946  2.2550  0.9723  1.9822 18.2545
  5.4515  3.1663  0.9973  1.6695 27.6083
  5.2683  3.0724  0.9757  1.1499 26.6213
  4.5491  2.5995  0.9921  2.2196 21.7259
  5.1414  2.8662  0.9676  0.9196 24.4701
  4.8239  1.7928  0.9846  0.3248 13.7516
  4.4914  3.9460  0.9713  2.6956 35.9685
  5.0755  3.5162  0.9757  1.0112 31.3263
  4.7522  2.3130  0.9751  2.0814 18.8328
  6.2878  2.4704  0.9965  1.0371 20.4147
  4.3180  3.5427  0.9745  1.0078 31.6100
  5.6825  3.3062  0.9798  0.5871 29.0874
  4.3344  1.4725  0.9828  1.4033 10.7656
  5.2184  1.4366  0.9722  1.5386 10.4389
  5.7275  2.3970  0.9715  1.4056 19.6751
  4.8842  0.8529  0.9772  1.1921  5.4439
  5.0088  3.0182  0.9964  0.7287 26.0536
  4.1500  2.9646  0.9715  1.5954 25.4938
  5.4261  1.0181  0.9729  1.8171  6.7888
  3.9340  3.9748  0.9690  2.5076 36.2815
  5.3643  2.6538  0.9726  1.1079 22.2813
  5.2806  2.9720  0.9873  0.7608 25.5706
  5.0574  1.9566  0.9680  1.9077 15.3243
  5.3720  3.5782  0.9843  2.6165 31.9911
  5.1066  2.9345  0.9752  1.5947 25.1802
  5.3866  3.2572  0.9980  0.9748 28.5682
  5.4194  1.5738  0.9953  0.5575 11.6960
  5.2437  2.8138  0.9980  0.8035 23.9276
  5.4458  2.2492  0.9892  0.6629 18.1959
  4.7014  4.3259  0.9797  1.6701 40.1321
  4.8870  3.7318  0.9715  0.1994 33.6455
  5.3682  3.4320  0.9946  0.7564 30.4261
  4.7617  1.8505  0.9862  1.3994 14.3025
  4.9777  2.9126  0.9876  0.8279 24.9523
  6.8716  2.0260  0.9008  1.6007 15.9979
  5.0660  1.7212  0.9893  1.9241 13.0731
  6.6386  3.7663  0.6625  1.2267 34.0175
  5.4517  1.3883  0.9718  2.8787 10.0025
  5.5102  3.6771  0.9708  1.8408 33.0549
  5.1750  0.9956  0.9947  0.8699  6.6020
  5.5325  1.0931  0.9881  1.7095  7.4201
  4.8331  2.5716  0.9707  1.5243 21.4421
  5.0662  3.8461  0.9773  0.3876 34.8819
  6.2459  4.3315  0.9786  1.8167 40.1937
  5.0366  2.3264  0.9694  0.1946 18.9662
  4.6272  2.5571  0.9691  1.3019 21.2945
  5.6998  1.9859  0.9969  1.2987 15.6084
  5.6559  3.1531  0.9825  2.0850 27.4697
  4.7489  2.7290  0.9895  2.0808 23.0534
  5.2939  2.3167  0.9980  1.2835 18.8695
  4.9139  3.4069  0.9967  1.2551 30.1589
  5.2041  3.8868  0.9711  2.8291 35.3242
  5.3934  0.8461  0.8759  1.8588  5.3901
  4.7703  1.2426  0.9814  0.9221  8.7089
  5.2930  2.1861  0.9819  1.2069 17.5704
  5.2526  3.1581  0.9976  2.1483 27.5225
  6.0780  2.9419  0.9902  1.6900 25.2575
  5.4127  4.0307  0.9936  1.1414 36.8923
  5.2852  1.3219  0.9773  1.3608  9.4095
  3.8857  3.2209  0.9781  2.2714 28.1840
  4.7243  1.9454  0.9782  0.6728 15.2156
  5.6648  1.4741  0.9748  1.9063 10.7796
  5.2317  1.9640  0.9925  0.5312 15.3952
  4.8942  3.2329  0.9705  1.4904 28.3118
  5.4562  3.1974  0.9889  1.4923 27.9364
  4.2833  1.4001  0.9920  0.5028 10.1096
  5.4297  2.6566  0.9750  2.7353 22.3100
  6.0243  0.8990  0.9936  1.3852  5.8126
  5.6701  2.0455  0.9946  2.3474 16.1885
  5.0203  2.2655  0.9742  1.3489 18.3584
  5.8166  3.7900  0.9690  2.1385 34.2744
  5.5244  2.7941  0.9901  1.8672 23.7245
  5.4596  1.2101  0.9702  0.7958  8.4250
  4.8884  1.1431  0.9855  2.4936  7.8462
  5.1917  1.1872  0.9738  0.4600  8.2263
  5.5514  0.8106  0.9906  0.3345  5.1107
  5.0157  3.8727  0.9668  0.3622 35.1710
  5.6560  3.9964  0.9841  0.6723 36.5171
  5.1715  3.7672  0.9852  1.0634 34.0275
  5.2343  2.4903  0.9853  1.8146 20.6164
  6.0729  3.1602  0.9976  1.3388 27.5446
  4.8668  2.6106  0.9857  2.0696 21.8400
  5.4521  3.3645  0.9677  0.6946 29.7065
  4.4285  2.2252  0.9928  2.5266 17.9582
  5.1916  3.0796  0.9802  1.6607 26.6970
  5.5205  3.0887  0.9693  0.3707 26.7925
  4.0545  2.7151  0.9738  1.2582 22.9098
  5.2626  1.6643  0.9669  2.4193 12.5384
  5.2325  3.3589  0.9937  2.3097 29.6469
  4.4087  4.0288  0.9980  1.3890 36.8708
  5.4786  4.4691  0.9758  0.9108 41.7143
  4.9537  1.1378  0.9932  0.3520  7.8007
  3.8045  4.0701  0.9785  1.1314 37.3220
  4.9879  3.0571  0.9856  0.7473 26.4604
  4.1488  1.7948  0.9947  0.8022 13.7710
  6.2454  2.5263  0.9961  2.2106 20.9816
  4.9832  1.3100  0.9811  1.2100  9.3038
  4.6027  3.5223  0.9842  1.7580 31.3917
  5.1828  1.2132  0.9882  1.0484  8.4524
  5.3144  3.9728  0.9871  2.6003 36.2600
  5.4393  1.3302  0.9911  1.3955  9.4828
  5.1732  1.4667  0.9755  0.9459 10.7128
  5.2953  3.2006  0.9705  0.1240 27.9702
  5.0837  2.9527  0.9716  0.6634 25.3692
  4.7066  3.2005  0.9765  2.5019 27.9688
  6.9505  4.0511  0.4805  1.3272 37.1141
  6.0232  3.1201  0.9920  1.3692 27.1216
  5.1711  2.3301  0.9746  1.9444 19.0036
  5.5889  1.8151  0.9822  1.8137 13.9641
  5.3661  1.5110  0.9933  1.3805 11.1179
  5.1545  3.4336  0.9914  2.6753 30.4435
  5.2040  0.9851  0.9781  1.8220  6.5156
  3.8024  1.7263  0.9722  0.9852 13.1216
  5.4138  1.6380  0.9928  1.5584 12.2928
  5.3482  2.4319  0.9879  0.3065 20.0262
  5.4176  2.7335  0.9764  0.6604 23.0990
  5.6025  0.9222  0.9844  0.6657  6.0005
  5.8415  1.9113  0.9962  2.4787 14.8861
  5.5661  2.5417  0.9793  0.2870 21.1377
  5.0443  3.6818  0.9792  1.5434 33.1055
  4.8267  0.8226  0.9740  1.7499  5.2051
  4.9532  3.4410  0.9676  0.2904 30.5220
  5.3704  3.0382  0.9843  1.0938 26.2626
  5.1356  3.2283  0.9841  0.4631 28.2624
  4.7235  3.0928  0.9976  0.5660 26.8355
  5.2937  3.0293  0.9751  1.3573 26.1698
  6.8951  0.7070  0.4329  1.2770  4.3139
  6.3311  3.1404  0.9870  1.1002 27.3354
  4.7403  3.5042  0.9932  1.4185 31.1973
  5.2283  1.9849  0.9895  2.1405 15.5979
  6.8137  3.1706  0.4762  2.3294 27.6541
  4.0284  2.7224  0.9980  0.5576 22.9848
  4.4356  2.2362  0.9839  2.7551 18.0676
  5.9854  4.2678  0.9686  2.1959 39.4917
  4.8954  3.0508  0.9868  1.0190 26.3945
  5.8071  2.0080  0.9743  1.7194 15.8225
  4.7725  4.2695  0.9762  0.6476 39.5105
  5.7932  0.9979  0.9931  1.9174  6.6212
  5.2919  3.0417  0.9706  1.5439 26.2990
  4.0163  2.6025  0.9901  2.4066 21.7569
  5.4003  1.6857  0.9912  0.6582 12.7395
  4.9369  1.7375  0.9980  0.8357 13.2268
  5.7410  3.0620  0.9969  0.5489 26.5117
  5.0913  2.5096  0.9742  1.1039 20.8118
  5.6896  4.2830  0.9701  0.5800 39.6591
  5.1830  4.3093  0.9836  0.5990 39.9487
  4.8324  3.1443  0.9718  0.9634 27.3765
  4.3733  3.0012  0.9676  0.2892 25.8759
  4.9460  1.6063  0.9898  0.7131 11.9970
  5.2167  2.4100  0.9787  1.0977 19.8057
  5.2831  1.4752  0.9876  0.9945 10.7905
  4.1668  3.7453  0.9891  1.0903 33.7906
  5.8415  3.2247  0.9973  0.6723 28.2247
  4.8658  2.3076  0.9727  0.2106 18.7783
  5.0548  2.4773  0.9729  1.5184 20.4847
  5.4603  3.6033  0.9727  0.7458 32.2599
  4.6264  1.6837  0.9822  0.9299 12.7209
  6.2893  1.8436  0.9860  1.8680 14.2361
  5.1201  0.4304  0.9767  0.9208  2.3583
  5.8665  0.6260  0.9937  0.6878  3.7143
  5.4550  1.8465  0.9910  0.8997 14.2638
  4.3716  3.4621  0.9689  1.0178 30.7473
  5.3854  2.0689  0.9747  1.0934 16.4173
  4.3747  3.6758  0.9829  1.1651 33.0409
  5.3883  1.1459  0.9689  1.6989  7.8702
  5.9136  3.3607  0.9807  2.2824 29.6661
  5.1800  2.9019  0.9893  1.7821 24.8415
  4.7728  0.5706  0.9956  2.2607  3.3161
  5.3416  4.4190  0.9755  0.6811 41.1600
  5.3413  1.6159  0.9868  0.1395 12.0869
  4.7443  2.6079  0.9740  0.5708 21.8117
  5.2394  2.3657  0.9890  1.7429 19.3602
  4.9944  1.1320  0.9839  0.1692  7.7510
  6.3555  1.5638  0.9752  2.2700 11.6038
  5.0890  0.9039  0.9705  0.9675  5.8525
  4.6510  2.4382  0.9674  1.5579 20.0893
  4.5126  2.0711  0.9831  2.1969 16.4386
  4.8648  1.8402  0.9945  1.8061 14.2040
  4.9581  3.8960  0.9773  1.3007 35.4243
  4.6877  3.3936  0.9805  0.6348 30.0165
  5.2121  1.5760  0.9815  1.3311 11.7162
  4.9378  4.2844  0.9961  2.0737 39.6743
  5.4033  1.0376  0.9685  0.8840  6.9521
  5.6504  2.8257  0.9917  1.2163 24.0505
  4.7372  1.8593  0.9941  1.0775 14.3871
  4.5538  0.4030  0.9838  0.6879  2.1805
  5.5481  3.1350  0.9908  1.3983 27.2790
  4.5177  1.0027  0.9733  2.0370  6.6608
  5.1905  4.3048  0.9704  0.5655 39.8996
  5.1047  2.6257  0.9888  1.8518 21.9937
  4.4793  2.2384  0.9694  0.7419 18.0893
  6.7965  2.2436  0.5778  0.9672 18.1403
  4.2915  1.6627  0.9812  0.3762 12.5234
  6.0963  2.0106  0.9845  1.8911 15.8478
  5.0560  3.8829  0.9702  0.5933 35.2820
  4.7345  1.1812  0.9769  2.4433  8.1743
  4.5706  4.0436  0.9878  1.1829 37.0330
  5.4107  3.6391  0.9904  0.7875 32.6451
  3.8881  3.7106  0.9794  1.0904 33.4159
  4.4424  3.3011  0.9845  0.2278 29.0335
  5.7114  4.4629  0.9906  1.1315 41.6456
  5.4451  1.2847  0.9771  1.2334  9.0792
  4.9539  3.0204  0.9726  2.0846 26.0761
  4.5528  2.8040  0.9869  2.5148 23.8263
  4.8818  2.0024  0.9966  2.7184 15.7681
  6.0442  2.2207  0.9671  1.0808 17.9133
  4.0892  3.6776  0.9980  1.2152 33.0596
  5.9235  1.3807  0.9427  1.6765  9.9343
  4.8757  3.6877  0.9880  1.7894 33.1689
  5.4013  3.2310  0.9836  1.7401 28.2914
  3.8073  1.7326  0.9979  0.3891 13.1806
  4.6430  1.4463  0.9818  0.7896 10.5272
  5.5251  4.3274  0.9923  1.9902 40.1480
  5.3336  3.5967  0.9865  0.8211 32.1898
  5.0541  3.7290  0.9883  0.6558 33.6148
  5.3050  0.9975  0.9827  0.3584  6.6181
  4.6081  3.6330  0.9776  0.8187 32.5795
  6.0622  2.8006  0.9884  2.1332 23.7910
  3.8434  2.2064  0.9768  1.5483 17.7712
  5.6822  3.4860  0.9894  1.2240 31.0034
  5.2491  0.3032  0.9730  2.4014  1.5612
  5.2051  3.2858  0.9831  2.7833 28.8716
  5.0861  3.1770  0.9790  2.9885 27.7208
  4.0515  3.8114  0.9869  2.2009 34.5061
  6.7926  2.3346  0.6913  1.3599 19.0483
  5.2712  3.3377  0.9715  2.0279 29.4220
  5.1162  3.7224  0.9974  0.3954 33.5430
  5.0335  4.0351  0.9875  0.0690 36.9396
  4.8959  3.5791  0.9690  2.6523 32.0000
  5.6529  3.7657  0.9705  0.5145 34.0115
  4.7149  2.0477  0.9980  1.3399 16.2096
  5.1212  3.0059  0.9822  2.3610 25.9251
  5.6895  1.2995  0.9794  1.6282  9.2105
  5.4063  2.8921  0.9831  0.6426 24.7388
  6.5242  2.0371  0.8024  2.3955 16.1069
  5.8458  2.7253  0.9801  2.0875 23.0149
  6.8814  2.7576  0.5574  0.8503 23.3478
  5.1361  0.8419  0.9712  1.5924  5.3566
  5.4393  0.5019  0.9890  1.6645  2.8372
  6.0216  1.8597  0.9766  1.0775 14.3903
  5.5601  0.3427  0.9954  1.8533  1.8007
  5.4708  1.4235  0.9800  2.3830 10.3201
  4.3554  2.0703  0.9672  1.1124 16.4310
  5.0469  1.5942  0.9980  1.4429 11.8846
  4.5876  1.6244  0.9835  2.3549 12.1654
  5.1719  3.0445  0.9833  0.8376 26.3284
  5.3815  1.5161  0.9923  0.8425 11.1640
  3.6146  1.4289  0.9813  1.5487 10.3693
  5.5816  3.6323  0.9893  0.4871 32.5721
  4.1829  1.6802  0.9929  1.9078 12.6872
  4.6133  1.7459  0.9940  1.7471 13.3067
  5.3240  1.3042  0.9980  1.6091  9.2522
  5.5779  1.0901  0.9852  0.8189  7.3940
  4.4433  3.6065  0.9859  2.9540 32.2950
  4.8554  2.3446  0.9769  0.3459 19.1484
  5.2004  2.4195  0.9768  1.9481 19.9013
  5.0784  1.2800  0.9980  0.4234  9.0377
  5.5317  2.4104  0.9722  1.1349 19.8098
  5.6691  4.0377  0.9941  1.8740 36.9687
  6.1788  4.4238  0.9715  1.9714 41.2124
  5.3970  3.6945  0.9850  1.4274 33.2421
  4.9086  1.8074  0.9822  0.5245 13.8904
  4.9208  2.4528  0.9909  1.0305 20.2369
  5.3373  2.0508  0.9764  1.1978 16.2406
  4.4266  1.2994  0.9814  2.2408  9.2092
  4.3821  3.9972  0.9953  0.3819 36.5264
  5.9185  3.6057  0.9893  0.9013 32.2859
  5.4797  1.8460  0.9754  0.0698 14.2594
  4.6955  2.3527  0.9691  1.6103 19.2297
  5.8097  1.8441  0.9713  1.7497 14.2406
  5.5595  2.4092  0.9895  0.3459 19.7970
  5.3706  3.5654  0.9945  1.0703 31.8535
  4.3676  4.4332  0.9971  1.8306 41.3168
  5.7670  4.1827  0.9922  1.0934 38.5560
  5.5789  4.4307  0.9864  2.4185 41.2896
  5.3989  2.3575  0.9766  1.7936 19.2781
  4.7032  0.6575  0.9957  2.1274  3.9451
  5.3484  2.1919  0.9777  1.7978 17.6277
  4.7153  2.1872  0.9774  0.2114 17.5812
  6.6215  2.6191  0.7847  0.8725 21.9260
  5.5127  4.1240  0.9851  2.0110 37.9121
  3.6089  1.0833  0.9843  1.8949  7.3365
  4.9268  3.8423  0.9980  0.6117 34.8412
  5.3316  2.1563  0.9779  0.5344 17.2760
  4.2787  2.2581  0.9746  0.5164 18.2851
  4.4879  4.1100  0.9861  1.6831 37.7587
  5.1051  0.6980  0.9850  1.7104  4.2467
  4.1131  3.0303  0.9834  1.1212 26.1800
  5.6101  1.6198  0.9954  0.7145 12.1225
  5.3272  1.2508  0.9814  0.4304  8.7814
  5.2932  2.9323  0.9878  0.6897 25.1572
  5.1958  1.4336  0.9913  1.2169 10.4115
  4.4194  4.3406  0.9908  2.2524 40.2939
  5.8819  2.6285  0.9675  1.4273 22.0220
  4.5194  2.5918  0.9958  1.2600 21.6477
  5.5796  1.4848  0.9759  1.1354 10.8779
  5.7243  2.2042  0.9735  0.0970 17.7496
  5.3573  3.3156  0.9801  1.4370 29.1874
  5.1735  0.9548  0.9855  1.1913  6.2664
  4.7482  3.0009  0.9969  1.5082 25.8728
  5.5809  1.3872  0.9910  1.3327  9.9932
  4.9481  2.3117  0.9712  2.5380 18.8196
  5.4916  3.1484  0.9727  2.1313 27.4203
  3.7711  1.9695  0.9980  2.5639 15.4490
  4.7707  3.7387  0.9945  1.4672 33.7196
  4.2130  4.1339  0.9687  2.4462 38.0212
  5.5425  1.9581  0.9754  1.3416 15.3386
  5.2314  0.9300  0.6220  1.6136  6.0640
  5.0338  2.1909  0.9758  1.0159 17.6182
  4.7339  4.3436  0.9743  0.8154 40.3270
  4.1861  3.1558  0.9786  2.5487 27.4975
  5.3204  0.9183  0.9967  1.9310  5.9688
  6.2973  1.6619  0.9818  1.4737 12.5156
  5.6993  1.5773  0.9761  2.0678 11.7284
  4.9540  1.1093  0.9893  2.2066  7.5576
  5.6919  3.2816  0.9858  0.4499 28.8271
  5.8321  1.6897  0.9814  1.6810 12.7768
  4.6127  3.6353  0.9810  2.2592 32.6047
  4.9863  2.5297  0.9917  1.4647 21.0162
  4.8220  2.6420  0.9769  0.6196 22.1602
  5.6325  3.1575  0.9822  1.2502 27.5155
  5.2263  3.2467  0.9965  1.6749 28.4568
  5.7915  4.0297  0.9961  0.2231 36.8809
  4.5241  3.0853  0.9847  0.5945 26.7567
  3.8906  2.4937  0.9687  2.5465 20.6510
  5.1475  3.5828  0.9728  0.4255 32.0404
  5.0085  2.0450  0.9974  2.0398 16.1833
  5.6271  2.7659  0.9980  1.5003 23.4332
  5.9641  2.3038  0.9862  0.4504 18.7402
  5.3799  1.8779  0.9936  1.3173 14.5650
  6.8037  4.1154  0.4813  1.8412 37.8185
  4.9095  3.7462  0.9937  1.5305 33.8011
  5.3318  3.9517  0.9689  0.4927 36.0302
  5.0842  3.2461  0.9785  0.4204 28.4510
  5.4085  2.2036  0.9721  1.4371 17.7437
  4.2058  3.2015  0.9957  1.8557 27.9796
  6.8487  1.4020  0.4906  1.5261 10.1266
  5.0893  3.0453  0.9767  0.8278 26.3375
  4.2929  3.2016  0.9720  0.1337 27.9811
  5.4774  2.7176  0.9863  1.6286 22.9356
  5.2417  2.7001  0.9832  1.4089 22.7565
  5.1695  0.6363  0.9759  2.0088  3.7891
  3.7579  3.3031  0.9917  2.0635 29.0545
  5.2879  4.1057  0.9702  1.7328 37.7122
  5.1404  1.4073  0.9908  1.7019 10.1742
  4.1917  1.3356  0.9921  1.5759  9.5314
  5.2737  2.4251  0.9980  1.1021 19.9580
  5.0218  2.1420  0.9753  0.8191 17.1356
  4.9664  3.6231  0.9753  1.2118 32.4736
  5.3562  1.8395  0.9871  1.3326 14.1973
  6.9084  1.3455  0.4550  0.8103  9.6192
  4.3757  2.5238  0.9757  1.5398 20.9556
  5.3695  3.9738  0.9759  1.1412 36.2705
  4.8365  2.3830  0.9816  0.8563 19.5340
  5.7599  3.6028  0.9790  0.6988 32.2551
  5.1124  3.0949  0.9706  1.0396 26.8571
  5.0062  1.0999  0.9828  2.2014  7.4771
  4.2397  2.9098  0.9977  0.9645 24.9235
  5.8244  2.0424  0.9757  0.4710 16.1584
  6.6813  3.0065  0.6996  1.4924 25.9314
  6.1762  1.6002  0.9865  2.6396 11.9410
  5.1564  2.3050  0.9815  0.5052 18.7525
  5.1281  0.6391  0.9720  0.7409  3.8099
  4.3317  3.1412  0.9879  0.6553 27.3442
  5.1080  2.8138  0.9668  0.8168 23.9282
  4.8154  3.6266  0.9680  1.9491 32.5105
  5.3011  3.2146  0.9916  2.4659 28.1176
  5.0018  2.3754  0.9787  0.6215 19.4572
  4.4539  3.8817  0.9891  0.3226 35.2683
  5.1803  2.2832  0.9900  1.0022 18.5348
  5.3538  3.2615  0.9760  1.0408 28.6135
  5.5222  1.4298  0.9837  2.4832 10.3776
  5.3791  3.4859  0.9793  2.0446 31.0020
  4.7766  2.0970  0.9757  0.9209 16.6926
  4.3419  4.4876  0.9889  1.8100 41.9193
  4.7662  3.5534  0.9755  1.1603 31.7245
  4.8372  1.9683  0.9857  1.8063 15.4370
  4.7487  4.3746  0.9936  1.9525 40.6689
  5.2515  1.5360  0.9905  2.0998 11.3472
  5.0459  3.0205  0.9864  1.7965 26.0775
  5.2953  4.1942  0.9828  0.8690 38.6820
  5.3018  3.9377  0.9742  1.0886 35.8778
  6.3628  3.6480  0.9800  0.1547 32.7408
  4.8724  3.1209  0.9675  2.5322 27.1300
  4.2415  2.1977  0.9893  1.7676 17.6857
  6.1032  3.5216  0.9889  1.0021 31.3837
  4.9906  1.4260  0.9946  2.3377 10.3434
  5.2455  1.0119  0.9700  0.5763  6.7373
  5.3411  2.8141  0.9794  2.6798 23.9314
  4.5367  3.7564  0.9900  0.3558 33.9107
  5.1500  1.6516  0.9703  2.2440 12.4194
  4.9856  2.1298  0.9936  2.7276 17.0151
  5.8114  1.7617  0.9964  2.4467 13.4564
  5.6062  3.4025  0.9851  1.5818 30.1113
  4.8024  2.1882  0.9758  0.9837 17.5915
  4.3457  2.1901  0.9973  1.1430 17.6106
  5.0244  2.9110  0.9980  0.8729 24.9359
  4.8699  2.9639  0.9873  1.2049 25.4865
  4.8251  3.4061  0.9685  1.1224 30.1504
  6.2220  3.0524  0.9770  1.4604 26.4115
  3.9723  1.8115  0.9955  1.6998 13.9300
  5.2497  2.4632  0.9857  1.4030 20.3418
  6.4212  3.4579  0.9808  1.5406 30.7023
  5.6944  0.9535  0.9898  1.0218  6.2556
  5.2881  2.0283  0.9899  0.8393 16.0211
  5.3405  2.5486  0.9889  1.8571 21.2080
  4.8383  4.2913  0.9833  1.5644 39.7502
  5.1333  2.8241  0.9678  1.9562 24.0344
  5.3817  1.7021  0.9678  0.5209 12.8933
  5.9751  2.4119  0.9713  0.3059 19.8246
  6.2399  2.6023  0.9670  1.4459 21.7553
  4.5448  2.3434  0.9932  0.5997 19.1369
  4.9753  2.6223  0.9980  1.4469 21.9587
  4.8516  3.7992  0.9719  1.0430 34.3738
  4.1782  2.5147  0.9922  2.1612 20.8636
  6.1824  1.9082  0.9715  0.9598 14.8566
  5.5665  2.4557  0.9885  0.8595 20.2666
  4.7652  1.2021  0.9871  1.2375  8.3561
  4.8227  2.2289  0.9790  1.7123 17.9943
  5.8585  3.4105  0.9828  1.0870 30.1970
  6.0760  3.7616  0.9871  0.4696 33.9674
  4.0869  1.1571  0.9924  1.1795  7.9665
  5.5889  3.1966  0.9788  2.7794 27.9274
  4.8352  2.6482  0.9780  1.7557 22.2241
  3.9485  3.9042  0.9692  0.6964 35.5137
  4.6165  1.9636  0.9980  2.7082 15.3916
  5.2275  2.3837  0.9775  1.7407 19.5405
  4.3012  4.1534  0.9725  2.3378 38.2344
  4.1845  2.1233  0.9907  2.3254 16.9507
  5.4926  2.8678  0.9734  1.0629 24.4867
  4.8031  2.7514  0.9869  1.7080 23.2833
  4.9307  1.2833  0.9980  1.2223  9.0671
  5.1089  1.6457  0.9819  1.0125 12.3648
  5.7629  2.1762  0.9929  1.0685 17.4726
  5.1572  1.9915  0.9680  0.9607 15.6620
  5.3607  3.6424  0.9848  0.9566 32.6809
  5.2400  0.6105  0.9956  0.7745  3.6014
  4.9166  2.0187  0.9677  0.7720 15.9268
  5.1474  2.2170  0.9979  1.5524 17.8769
  6.6885  4.0783  0.7204  1.3566 37.4116
  5.4604  1.4543  0.9910  1.7130 10.5993
  5.0311  3.4102  0.9852  1.5594 30.1937
  6.3862  2.5461  0.9878  2.1340 21.1826
  4.4034  4.2907  0.9695  2.2972 39.7440
  5.6616  1.5461  0.9711  1.7987 11.4400
  5.0249  4.2596  0.9675  0.4067 39.4017
  4.9779  1.0882  0.9842  1.1691  7.3785
  4.0121  2.4384  0.9967  0.7085 20.0913
  4.0349  0.9117  0.9782  2.7197  5.9152
  5.1107  4.1169  0.9670  0.2889 37.8342
  5.2725  1.9749  0.9978  1.6121 15.5014
  5.5399  3.0106  0.9820  0.3830 25.9745
  5.5124  1.9926  0.9761  0.7453 15.6731
  6.7754  1.9668  0.6742  2.5247 15.4224
  4.2982  2.5999  0.9758  1.0544 21.7305
  5.1110  1.7346  0.9858  1.5130 13.2001
  5.2051  2.8755  0.9728  1.7940 24.5668
  5.3290  0.5967  0.9704  1.6446  3.5023
  5.8511  1.1398  0.9775  2.2462  7.8179
  5.1008  0.7687  0.9980  1.0003  4.7847
  5.2325  3.1358  0.9854  2.5374 27.2875
  5.3304  2.0445  0.9730  0.7132 16.1791
  5.2554  3.6341  0.9719  0.9870 32.5918
  5.5427  2.5158  0.9888  1.3077 20.8751
  5.1539  3.0056  0.9859  2.1464 25.9222
  4.6268  0.5504  0.9775  1.8217  3.1735
  5.1291  2.2651  0.9913  1.2317 18.3544
  5.5454  2.9188  0.9699  0.5901 25.0170
  4.7897  1.4511  0.9846  1.6029 10.5706
  4.0428  3.3353  0.9694  1.4844 29.3968
  4.9663  0.8212  0.9893  2.4006  5.1940
  5.6406  3.4338  0.9980  1.5112 30.4457
  3.5255  2.2598  0.9915  1.4301 18.3016
  4.3484  1.5612  0.9969  2.6365 11.5798
  3.9673  1.1219  0.9732  1.5283  7.6649
  4.6965  1.9605  0.9810  0.9861 15.3614
  5.3942  4.3532  0.9780  1.1546 40.4329
  6.2987  3.7708  0.9698  1.2996 34.0663
  6.3377  1.1739  0.9977  0.4694  8.1112
  5.3848  2.9789  0.9930  1.5154 25.6433
  5.6542  3.6954  0.9869  2.5981 33.2516
  3.5261  3.0121  0.9864  1.4101 25.9902
  4.6757  3.9633  0.9682  0.0403 36.1563
  5.3888  3.3964  0.9940  1.7749 30.0464
  4.0550  2.6621  0.9927  1.4284 22.3668
  5.2706  3.3025  0.9682  1.7864 29.0481
  6.0921  3.6697  0.9740  0.9533 32.9754
  6.1970  2.6099  0.9678  0.7375 21.8324
  4.9429  2.4923  0.9949  1.5729 20.6364
  5.4829  2.7104  0.9782  0.4754 22.8616
  4.0852  3.2997  0.9957  0.8941 29.0182
  4.6538  4.4481  0.9852  0.2191 41.4819
  4.7976  2.5781  0.9936  2.1801 21.5083
  4.4730  3.6547  0.9910  0.4543 32.8134
  5.2869  3.1132  0.9980  1.1637 27.0492
  5.2537  3.9545  0.9970  0.9536 36.0607
  5.2368  3.1960  0.9955  1.4435 27.9215
  4.7098  3.4338  0.9936  2.2296 30.4456
  4.2252  0.5682  0.9781  1.4561  3.2991
  5.3194  3.9234  0.9794  0.8234 35.7217
  4.7295  0.9010  0.9679  2.6893  5.8292
  4.2640  0.9081  0.9920  1.3291  5.8867
  6.2300  3.2017  0.9926  0.8777 27.9823
  6.1326  3.0212  0.9919  2.6880 26.0847
  5.2962  3.0590  0.9706  1.0973 26.4804
  3.7662  1.9102  0.9725  0.1937 14.8761
  4.5985  4.3720  0.9827  1.5528 40.6405
  5.1063  2.9849  0.9719  3.0098 25.7055
  6.5381  2.2403  0.8008  1.9475 18.1081
  5.2770  4.1968  0.9883  2.1059 38.7109
  4.7878  2.4264  0.9826  0.9605 19.9709
  5.7582  2.1171  0.9937  1.6179 16.8904
  5.4715  4.0106  0.9745  1.5828 36.6724
  5.3263  1.2912  0.9675  0.2268  9.1369
  6.0775  2.7691  0.9864  1.7102 23.4661
  5.3042  1.5982  0.9803  1.2372 11.9218
  6.1774  3.2837  0.9753  0.7808 28.8492
  6.1005  2.1588  0.9980  2.1147 17.3007
  5.4887  2.4451  0.9675  1.4205 20.1593
  4.5466  0.6702  0.9820  2.3861  4.0392
  5.2654  3.1746  0.9949  2.1054 27.6955
  4.2662  2.9338  0.9884  1.1531 25.1729
  5.0941  2.2341  0.9791  0.8262 18.0461
  5.2507  2.2258  0.9854  0.2569 17.9641
  5.5556  3.0353  0.9712  1.9619 26.2329
  5.0643  1.0542  0.9927  0.6266  7.0912
  5.2032  3.9616  0.9852  0.6598 36.1378
  5.7819  1.5000  0.9920  2.2397 11.0169
  5.5095  2.0783  0.9772  0.8295 16.5094
  4.2864  1.2662  0.9916  0.4090  8.9165
  5.3382  2.4210  0.9795  1.2558 19.9165
  4.6365  4.4957  0.9789  1.4586 42.0088
  4.8118  4.3951  0.9720  2.6681 40.8961
  5.4937  3.2184  0.9876  0.9812 28.1582
  5.2056  3.7703  0.9775  0.7850 34.0609
  5.5642  1.6649  0.9681  2.4295 12.5438
  5.9159  3.5222  0.9933  0.4949 31.3905
  4.1181  2.8105  0.9692  1.3531 23.8934
  4.7769  2.9387  0.9781  2.3355 25.2240
  4.8541  2.6165  0.9678  2.8512 21.9001
  4.3613  4.4660  0.9714  2.0164 41.6801
  4.3927  1.6667  0.9917  2.1588 12.5607
  4.6500  1.0840  0.9921  0.6233  7.3427
  5.2709  2.3856  0.9833  2.7450 19.5605
  4.9054  3.4457  0.9668  0.2418 30.5721
  4.8320  3.1726  0.9889  0.8226 27.6751
  6.1439  3.8097  0.9771  1.7420 34.4874
  5.7793  1.7841  0.9921  0.5436 13.6688
  5.2664  0.8529  0.9842  0.3911  5.4445
  4.7296  3.2288  0.9888  1.9833 28.2683
  4.1622  1.8765  0.9887  2.4062 14.5516
  3.6667  1.3646  0.9872  0.6137  9.7906
  5.0542  2.9670  0.9704  2.0553 25.5190
  5.4416  0.6565  0.9690  2.1801  3.9374
  4.0125  1.9143  0.9718  1.4454 14.9153
  5.3927  3.5259  0.9840  2.0648 31.4303
  4.8359  4.2013  0.9813  0.6648 38.7602
  5.5326  2.2242  0.9718  0.5929 17.9481
  6.0775  1.3339  0.9747  0.7029  9.5159
  5.0321  2.2011  0.9912  1.3269 17.7194
  5.4642  2.1109  0.9796  1.2893 16.8288
  5.4470  2.8668  0.9737  0.5809 24.4769
  5.6221  3.4017  0.9863  2.1763 30.1025
  4.7380  1.5175  0.9959  2.0823 11.1775
  5.3943  2.9215  0.9903  2.6961 25.0446
  5.3580  3.3450  0.9739  1.8150 29.4996
  5.1257  2.8202  0.9947  1.3802 23.9936
  4.7591  2.5978  0.9933  3.0202 21.7087
  5.5565  1.3784  0.9913  0.7048  9.9144
  4.4807  4.1590  0.9823  2.1200 38.2965
  5.0166  2.1123  0.9893  1.9354 16.8433
  4.6995  2.1600  0.9694  0.7136 17.3131
  5.4309  3.1578  0.9960  1.0577 27.5187
  5.2567  1.8807  0.9826  0.6169 14.5921
  6.2235  4.2487  0.9975  1.3912 39.2811
  4.9181  3.2567  0.9950  1.9323 28.5631
  5.5487  2.0190  0.9973  0.5424 15.9300
  6.0647  3.3489  0.9724  0.8346 29.5414
  4.7312  2.1062  0.9738  1.4593 16.7832
  5.2385  3.2723  0.9744  2.2021 28.7288
  5.3350  2.1176  0.9848  0.7325 16.8948
  5.7509  0.9092  0.9980  2.0844  5.8953
  5.6527  3.4308  0.9864  0.6889 30.4129
  5.0041  1.5584  0.9755  0.4894 11.5534
  5.2933  1.4132  0.9980  1.1924 10.2273
  5.0807  3.6389  0.9767  2.2565 32.6429
  5.6491  1.7577  0.9853  1.8045 13.4186
  5.5996  2.6899  0.9980  1.5961 22.6512
  5.0149  4.3246  0.9707  0.2162 40.1179
  5.8463  3.7972  0.9886  1.6771 34.3525
  4.5270  1.3008  0.9777  1.4020  9.2221
  5.0328  3.5907  0.9669  0.6477 32.1249
  6.1197  2.4665  0.9844  1.0212 20.3759
  3.9166  1.3643  0.9775  1.2761  9.7874
  5.2116  2.9652  0.9768  1.1323 25.5004
  5.3408  3.5269  0.9883  1.0513 31.4410
  3.5871  2.9329  0.9717  0.9637 25.1636
  5.1725  3.4379  0.9768  2.1920 30.4885
  5.1946  2.3079  0.9754  2.1868 18.7811
  5.4413  1.5628  0.9829  0.6216 11.5938
  4.4280  3.8330  0.9673  2.3373 34.7398
  6.1635  3.2480  0.9804  0.4115 28.4713
  4.8475  2.6107  0.9886  1.8685 21.8403
  3.5123  3.9333  0.9980  2.2901 35.8296
  5.2140  2.9729  0.9854  2.0404 25.5808
  6.8292  3.3818  0.6558  1.3604 29.8913
  6.6659  3.2375  0.9934  0.8633 28.3599
  4.1370  1.1121  0.9844  0.7121  7.5814
  5.9090  3.7411  0.9710  1.3910 33.7452
  4.6710  2.4578  0.9796  1.4397 20.2874
  5.4340  1.5482  0.9708  0.6898 11.4591
  5.2490  3.1981  0.9779  1.9565 27.9441
  4.8180  1.8289  0.9721  0.8066 14.0962
  3.5990  3.6586  0.9727  1.4911 32.8555
  4.4656  3.6572  0.9980  0.4196 32.8400
  4.4702  1.4984  0.9893  0.8470 11.0021
  5.7277  1.0912  0.9791  1.0604  7.4037
  5.3414  2.1629  0.9964  1.2747 17.3415
  5.2216  2.0952  0.9912  1.8973 16.6754
  4.9503  2.4972  0.9950  0.4062 20.6864
  6.3932  2.9291  0.9794  1.5345 25.1242
  4.7286  2.5735  0.9980  2.5130 21.4617
  5.0949  4.1991  0.9768  1.7066 38.7360
  5.2594  0.4964  0.9980  2.3136  2.8001
  4.5605  1.2030  0.9971  0.2183  8.3638
  5.2531  3.7016  0.9896  1.4970 33.3185
  4.5860  2.4388  0.9837  1.8042 20.0954
  5.0917  2.2520  0.9980  1.9595 18.2242
  4.8751  3.1323  0.9708  0.2428 27.2508
  4.9850  1.4996  0.9773  2.3739 11.0131
  4.9703  1.9978  0.9859  1.3293 15.7240
  4.6418  1.6249  0.9727  1.3114 12.1708
  5.1583  1.7449  0.9853  1.1099 13.2973
  5.2380  2.6733  0.9857  1.7871 22.4810
  5.4937  2.2069  0.9685  1.1684 17.7767
  4.2838  3.0892  0.9928  1.4897 26.7978
  5.5432  3.8658  0.9755  0.1194 35.0960
  4.3273  1.1819  0.9980  2.0521  8.1806
  4.6994  3.5004  0.9980  2.9420 31.1572
  5.1900  2.7248  0.9686  0.7937 23.0102
  5.2186  1.0129  0.9809  0.5833  6.7455
  5.2133  2.0828  0.9970  1.3337 16.5532
  6.4991  1.9825  0.9265  1.3993 15.5755
  5.3166  1.4539  0.9870  1.0248 10.5961
  4.2377  2.8514  0.9911  0.2715 24.3166
  5.3263  1.0575  0.9801  1.3765  7.1186
  5.3980  1.3386  0.9854  0.3570  9.5580
  5.7637  3.2637  0.9692  1.3065 28.6369
  5.6236  1.9574  0.9890  0.2364 15.3314
  5.9631  2.5024  0.9768  0.6529 20.7391
  5.5455  1.3243  0.9781  2.3760  9.4309
  6.0619  2.4427  0.9948  2.4267 20.1348
  6.4793  4.1895  0.9002  0.6201 38.6307
  5.0547  0.6218  0.9762  2.0624  3.6837
  5.0981  2.2404  0.9958  1.2649 18.1092
  5.1880  1.5275  0.9957  2.4972 11.2691
  5.0325  3.5340  0.9866  0.4323 31.5163
  4.6262  1.3113  0.9769  1.4194  9.3153
  5.8835  3.3393  0.9870  0.9877 29.4395
  5.1645  4.2715  0.9798  0.9814 39.5321
  4.8806  3.4084  0.9870  1.8741 30.1749
  5.5889  1.9343  0.9726  2.3705 15.1086
  5.1714  3.8307  0.9681  2.7166 34.7157
  5.4900  3.3503  0.9883  0.9874 29.5556
  5.6212  2.3570  0.9712  0.6329 19.2727
  3.5991  1.1145  0.9688  0.5144  7.6015
  5.1965  3.7289  0.9959  0.2001 33.6135
  5.8658  0.9041  0.9951  0.8232  5.8538
  5.7778  0.8563  0.9967  2.3778  5.4710
  4.8613  0.2727  0.9746  0.2555  1.3813
  5.1076  2.5092  0.9832  1.3486 20.8078
  5.8469  0.9016  0.9796  1.4152  5.8336
  6.5000  1.2713  0.9864  2.8240  8.9615
  4.9570  2.5762  0.9891  0.4074 21.4885
  4.7474  1.5847  0.9959  1.4936 11.7966
  4.3969  0.7449  0.9887  1.0129  4.6023
  4.6894  1.4382  0.9718  0.9880 10.4537
  5.2676  0.8643  0.9911  0.5626  5.5351
  4.3282  1.2966  0.9903  0.1214  9.1845
  6.5896  1.5303  0.9824  0.9946 11.2952
  6.8808  2.2706  0.4686  1.0188 18.4090
  5.5752  0.8913  0.9788  1.5956  5.7514
  4.1130  1.8680  0.9684  2.0712 14.4697
  4.6202  2.4847  0.9915  0.5753 20.5594
  4.4772  3.9131  0.9757  1.5988 35.6097
  4.2620  1.4720  0.9787  0.7583 10.7605
  6.0423  1.9647  0.9860  0.1899 15.4027
  5.4535  1.8072  0.9673  1.9152 13.8883
  4.9270  3.5825  0.9929  0.7194 32.0367
  4.7067  1.7475  0.9896  2.2467 13.3219
  5.5432  1.9000  0.9930  1.4260 14.7772
  5.6915  2.5359  0.9781  1.1898 21.0791
  4.7992  3.9667  0.9681  1.1650 36.1937
  4.4539  1.8503  0.9707  1.9061 14.3007
  4.9218  3.9262  0.9791  0.7991 35.7528
  4.4012  1.7577  0.9684  2.0784 13.4186
  5.2775  3.5089  0.9865  0.6470 31.2481
  6.2278  1.6321  0.9744  1.2474 12.2377
  3.9672  3.1677  0.9872  1.7562 27.6231
  4.2851  3.4178  0.9697  1.4816 30.2743
  5.5298  1.5252  0.9980  2.3522 11.2478
  5.4346  2.5055  0.9879  1.4105 20.7706
  5.3745  2.2880  0.9845  2.1227 18.5826
  4.7055  2.0904  0.9821  1.1830 16.6283
  4.5944  2.8390  0.9962  0.1110 24.1886
  6.7213  2.5435  0.9850  1.1471 21.1560
  4.3064  3.3364  0.9780  2.5570 29.4082
  5.7860  0.6712  0.9684  1.0481  4.0467
  5.7485  0.3746  0.9898  0.7593  1.9996
  4.6756  1.7554  0.9733  0.9579 13.3964
  4.9529  0.8748  0.9834  0.7559  5.6186
  5.1752  3.5993  0.9742  0.4734 32.2173
  4.6062  4.2487  0.9868  1.7715 39.2811
  5.4298  0.9113  0.9808  1.7288  5.9125
  4.7370  3.9552  0.9949  1.2640 36.0681
  5.6749  2.2673  0.9937  1.5907 18.3766
  5.3775  3.7932  0.9859  0.4232 34.3090
  5.7943  3.8129  0.9847  0.1517 34.5218
  5.8549  0.7998  0.9835  0.7806  5.0263
  5.2487  2.7693  0.9768  0.7094 23.4682
  5.2922  2.9509  0.9765  1.5685 25.3508
  5.0165  2.2372  0.9708  0.4277 18.0769
  5.0615  1.6485  0.9858  1.3405 12.3905
  6.8771  2.7004  0.5699  1.0383 22.7587
  5.8216  2.7233  0.9723  1.5567 22.9941
  5.4229  0.9458  0.9896  1.2962  6.1928
  5.5564  3.2100  0.9745  1.8233 28.0693
  5.5391  3.9341  0.9762  0.4229 35.8382
  5.6859  3.0811  0.9673  1.1260 26.7121
  4.7078  3.1498  0.9744  2.3051 27.4351
  5.1585  2.6228  0.9743  1.3495 21.9641
  4.0469  3.7093  0.9818  2.4799 33.4015
  5.8826  2.8960  0.9980  0.2114 24.7795
  6.0334  3.7997  0.9956  0.5611 34.3793
  5.1527  2.7876  0.9867  1.9247 23.6571
  3.8286  1.1902  0.9889  0.2231  8.2529
  5.0628  1.9692  0.9714  1.4180 15.4462
  5.0530  3.6452  0.9752  1.3141 32.7112
  5.1664  1.8985  0.9864  0.2300 14.7629
  5.2994  3.3412  0.9721  1.9261 29.4597
  5.1492  2.4103  0.9956  1.1121 19.8087
  4.5360  2.5756  0.9690  1.6015 21.4826
  4.8824  2.5893  0.9970  1.6799 21.6227
  5.3354  0.9141  0.9855  2.2586  5.9349
  6.6388  4.1636  0.6430  0.8748 38.3467
  4.8523  3.0427  0.9706  0.4335 26.3099
  4.1586  3.2477  0.9681  1.2527 28.4678
  4.4598  3.0235  0.9944  1.0803 26.1091
  4.9782  2.2718  0.9836  0.7045 18.4216
  4.4993  2.9720  0.9805  2.2690 25.5706
  4.0793  2.7082  0.9977  2.7487 22.8397
  5.2717  2.7393  0.9720  1.8092 23.1589
  4.3657  3.2638  0.9731  1.1876 28.6378
  4.8853  0.6866  0.9847  1.8872  4.1613
  5.3132  0.5165  0.9841  1.8096  2.9373
  4.2129  1.0244  0.9958  2.4030  6.8419
  5.0348  0.8812  0.9946  1.4339  5.6703
  5.3994  4.0127  0.9695  1.9121 36.6951
  4.8037  1.9683  0.9708  0.5986 15.4372
  4.8364  1.7502  0.9669  2.0301 13.3471
  5.4168  4.1635  0.9734  0.6315 38.3453
  4.7778  2.6839  0.9828  1.2809 22.5901
  5.0902  2.1861  0.9955  1.3755 17.5706
  5.5297  2.6821  0.9930  0.6956 22.5717
  5.1153  1.8116  0.9877  0.5130 13.9308
  5.4589  2.9660  0.9849  0.8888 25.5088
  6.3781  3.7402  0.9775  1.1007 33.7352
  4.8969  4.2421  0.9908  2.4146 39.2087
  5.1654  1.9332  0.9939  0.1684 15.0973
  4.9178  1.3301  0.9774  1.3698  9.4825
  5.1895  2.0355  0.9818  1.1171 16.0910
  4.5417  1.8568  0.9980  1.7062 14.3629
  5.6409  2.9666  0.9738  1.2573 25.5145
  5.2908  3.9783  0.9766  0.4250 36.3202
  4.4948  1.9485  0.9704  1.9932 15.2457
  4.7494  2.7874  0.9797  1.4099 23.6549
  5.3047  3.3958  0.9945  1.7122 30.0402
  5.2280  2.3301  0.9678  0.9123 19.0030
  5.0174  1.1823  0.9819  2.3388  8.1842
  5.4026  2.6313  0.9687  1.2846 22.0515
  5.1887  3.0430  0.9697  0.9570 26.3126
  4.3055  2.4762  0.9907  2.2065 20.4740
  5.7214  3.9764  0.9914  2.5794 36.2995
  5.1007  1.4084  0.9840  0.2569 10.1836
  5.7943  2.5317  0.9754  1.0462 21.0359
  6.0686  2.0727  0.9945  1.5022 16.4541
  4.6751  1.8983  0.9931  1.8853 14.7612
  4.6470  2.1200  0.9793  2.0492 16.9185
  5.6606  3.9977  0.9959  1.7294 36.5318
  5.9025  1.6914  0.9803  1.5365 12.7924
  5.2000  1.4017  0.9733  1.6130 10.1234
  5.1661  2.7371  0.9943  1.5217 23.1367
  3.6056  1.6663  0.9954  0.8291 12.5571
  5.1473  2.1810  0.9844  1.6447 17.5201
  5.4629  2.0834  0.9683  2.0411 16.5596
  5.3286  3.5102  0.9794  1.7246 31.2621
  4.9785  2.2606  0.9863  2.6423 18.3099
  4.4262  1.4265  0.9868  1.7714 10.3476
  5.5935  4.2689  0.9689  1.8199 39.5041
  5.4205  1.0581  0.9825  2.2323  7.1243
  5.0114  3.1747  0.9859  1.1674 27.6969
  4.6611  1.5360  0.9792  0.9063 11.3467
  5.1139  1.6723  0.9881  0.8124 12.6134
  5.7944  3.7641  0.9980  2.2103 33.9941
  5.6140  1.6927  0.9980  1.0164 12.8053
  5.3735  1.2819  0.9873  2.7163  9.0551
  5.7943  0.6120  0.9718  1.6768  3.6123
  6.0930  3.1382  0.9943  2.0087 27.3120
  5.2564  1.3657  0.9818  1.0333  9.7996
  4.1809  2.9725  0.9819  1.5777 25.5766
  5.4361  3.5272  0.9733  0.6470 31.4437
  4.4626  3.8856  0.9701  1.0184 35.3114
  4.1956  0.7370  0.9714  2.2806  4.5419
  5.2139  1.1799  0.9785  1.7844  8.1633
  5.3049  4.0826  0.9727  2.5749 37.4591
  5.3264  4.1416  0.9715  1.1849 38.1054
  5.1316  1.0423  0.9869  0.4341  6.9912
  6.3205  1.1133  0.9867  2.3893  7.5917
  4.1821  4.3691  0.9806  2.1088 40.6087
  4.8718  1.7240  0.9698  2.3755 13.1001
  6.0529  4.3133  0.9898  1.6521 39.9923
  4.7465  0.9282  0.9955  1.0982  6.0491
  5.2296  4.3317  0.9936  2.4501 40.1951
  4.9931  1.2051  0.9863  0.5231  8.3822
  4.2964  4.2393  0.9699  1.8911 39.1782
  5.2329  1.3747  0.9976  1.1745  9.8807
  6.6717  2.0131  0.7194  0.7941 15.8721
  5.3591  1.7287  0.9909  0.8704 13.1446
  3.5947  3.8741  0.9980  2.0328 35.1859
  6.0197  1.4993  0.9827  0.2350 11.0102
  3.7981  1.8579  0.9755  0.7888 14.3732
  5.7656  3.7259  0.9980  1.8528 33.5809
  5.7932  2.5846  0.9791  0.9369 21.5744
  6.1021  4.2360  0.9872  0.5730 39.1417
  5.1550  3.3078  0.9863  0.0645 29.1049
  4.4624  2.2268  0.9695  1.1265 17.9738
  5.6092  2.2538  0.9738  0.8108 18.2417
  5.0943  1.7309  0.9781  0.4867 13.1646
  3.9891  3.6055  0.9731  1.9521 32.2841
  5.4111  1.5459  0.9979  2.7237 11.4387
  4.6299  2.4017  0.9880  0.3625 19.7218
  5.8755  2.7254  0.9867  0.9258 23.0160
  6.1103  2.1418  0.9850  2.0445 17.1334
  5.2443  1.5409  0.9670  0.6174 11.3920
  5.8588  3.7746  0.9829  0.6336 34.1074
  6.4925  0.9003  0.9229  1.1826  5.8234
  5.6972  2.3115  0.9711  1.4847 18.8176
  4.1517  3.3227  0.9887  1.9818 29.2623
  5.5403  2.6246  0.9811  2.0097 21.9827
  4.9816  1.4408  0.9916  2.1897 10.4776
  4.9200  1.3221  0.9920  1.5794  9.4112
  5.1251  1.8822  0.9702  0.7136 14.6066
  4.5791  3.1636  0.9952  2.5208 27.5797
  3.8739  2.3660  0.9788  0.9604 19.3629
  5.3882  2.1242  0.9980  0.7336 16.9599
  5.4357  1.8897  0.9770  1.5668 14.6784
  5.4429  4.2987  0.9693  2.2456 39.8315
  5.6427  2.4906  0.9980  0.3968 20.6198
  4.5216  4.3192  0.9888  1.2266 40.0581
  5.1015  2.3419  0.9799  2.3643 19.1220
  5.3080  3.8260  0.9700  1.5979 34.6640
  4.6255  4.3185  0.9686  0.7826 40.0500
  4.8430  1.7776  0.9857  1.1501 13.6071
  4.0205  2.8681  0.9721  2.7490 24.4906
  4.8910  2.9090  0.9895  2.0742 24.9149
  5.6916  0.5345  0.9834  1.4027  3.0621
  3.8298  3.1433  0.9814  0.8591 27.3663
  4.4923  4.0847  0.9721  1.7973 37.4823
  4.6871  2.8004  0.9927  1.5757 23.7890
  3.6651  2.1239  0.9929  1.4053 16.9571
  5.4628  2.3061  0.9740  0.9448 18.7638
  5.1146  3.4241  0.9793  0.9357 30.3418
  5.3269  3.5766  0.9870  2.1374 31.9732
  5.3060  2.7214  0.9976  1.6913 22.9745
  4.6098  2.5937  0.9686  2.8088 21.6673
  5.4246  3.8237  0.9971  1.6735 34.6393
  5.1856  1.8526  0.9880  0.3546 14.3220
  5.3724  0.4518  0.9958  2.4730  2.4999
  5.1508  1.3359  0.9850  1.0663  9.5337
  5.2918  0.7558  0.9884  1.4875  4.6858
  4.7806  2.6344  0.9979  2.0191 22.0828
  5.5261  1.7890  0.9757  1.8211 13.7157
  4.0305  2.9069  0.9941  2.0473 24.8927
  5.0866  3.5954  0.9980  0.8204 32.1760
  5.1788  0.9010  0.9849  0.6115  5.8294
  5.7250  3.5605  0.9669  1.1724 31.8013
  5.2805  4.0112  0.9760  1.4665 36.6793
  5.4209  0.8186  0.9667  2.4807  5.1734
  3.8689  4.2172  0.9881  0.7161 38.9346
  4.0787  4.3235  0.9715  1.1115 40.1047
  6.3431  1.8231  0.9958  0.3073 14.0400
  4.7912  3.7141  0.9758  2.4341 33.4533
  6.8210  4.0901  0.4879  0.2883 37.5409
  5.5290  1.4083  0.9874  1.1895 10.1827
  5.2990  2.9179  0.9881  1.3382 25.0076
  4.2497  4.1432  0.9798  2.5107 38.1226
  5.6718  1.9532  0.9964  2.1679 15.2911
  5.0566  2.0778  0.9958  1.5244 16.5043
  4.7526  2.1406  0.9931  1.8572 17.1210
  5.4892  1.8783  0.9904  1.4686 14.5689
  5.0761  2.5024  0.9713  1.1455 20.7393
  4.9699  2.7520  0.9887  1.0567 23.2902
  5.4778  2.2534  0.9876  0.9631 18.2385
  5.4033  3.8362  0.9980  0.4004 34.7753
  5.2141  1.5967  0.9825  2.7273 11.9085
  4.4422  2.3594  0.9783  1.1483 19.2973
  5.1685  2.6639  0.9800  0.6867 22.3843
  4.3392  1.5285  0.9928  2.2704 11.2783
  4.9413  3.9634  0.9980  1.8205 36.1577
  4.2163  2.3551  0.9757  1.0379 19.2537
  5.0352  2.4097  0.9868  0.5635 19.8024
  5.7705  3.7657  0.9921  2.0467 34.0112
  5.3879  3.0879  0.9813  2.3934 26.7838
  5.0473  3.2819  0.9940  1.5987 28.8300
  6.0293  2.8680  0.9866  0.4312 24.4890
  5.4242  1.8349  0.9889  0.2839 14.1534
  5.3786  2.6272  0.9800  1.6565 22.0090
  3.6076  2.4416  0.9824  1.6041 20.1239
  5.1187  3.2463  0.9888  0.9050 28.4528
  3.7969  1.7157  0.9863  1.7875 13.0219
  6.4941  3.4322  0.9374  2.7143 30.4284
  5.4957  3.7520  0.9763  1.3276 33.8633
  4.6917  2.1342  0.9934  1.8731 17.0583
  5.0010  2.5386  0.9918  1.5179 21.1063
  6.7210  3.9803  0.9110  0.6909 36.3413
  4.6976  1.9830  0.9674  1.9074 15.5799
  4.5836  0.8773  0.9759  1.8056  5.6385
  4.3555  1.4264  0.9716  1.5692 10.3470
  5.1395  4.0100  0.9678  2.8400 36.6657
  3.9694  0.8687  0.9893  1.2110  5.5697
  5.3715  2.9302  0.9888  0.4167 25.1356
  5.1959  2.3774  0.9773  1.1906 19.4779
  6.0951  4.1250  0.9721  1.3064 37.9232
  5.5899  1.5663  0.9980  1.2487 11.6267
  3.8164  2.7705  0.9819  1.8826 23.4807
  4.7706  4.1582  0.9670  0.3852 38.2875
  5.1587  1.6557  0.9970  1.6569 12.4576
  4.5192  2.5172  0.9831  0.3455 20.8892
  5.2580  1.2952  0.9695  0.9162  9.1723
  3.5725  4.3016  0.9823  1.6927 39.8643
  4.8396  0.9957  0.9900  1.4772  6.6029
  5.3510  1.6383  0.9971  1.2207 12.2955
  4.3602  3.2029  0.9677  2.0681 27.9942
  5.0493  4.4010  0.9690  1.1040 40.9605
  5.4846  2.2166  0.9725  0.3700 17.8723
  4.4375  3.6136  0.9734  1.4326 32.3706
  5.2135  3.0138  0.9883  2.5515 26.0071
  5.2681  2.5029  0.9728  2.5998 20.7441
  6.0472  4.3606  0.9802  1.4139 40.5149
  5.3126  3.2079  0.9812  1.7955 28.0476
  5.4545  1.0085  0.9955  2.1866  6.7092
  4.6814  2.5467  0.9678  1.8227 21.1886
  5.2145  2.4231  0.9980  2.7515 19.9374
  5.0591  1.2109  0.9704  0.8460  8.4321
  6.2035  1.2957  0.9976  1.5934  9.1769
  5.0707  2.0504  0.9826  0.9854 16.2366
  5.1575  1.8608  0.9767  1.7982 14.4013
  4.7730  1.8354  0.9707  0.5647 14.1580
  6.1701  4.0148  0.9815  2.2399 36.7183
  4.7367  1.9313  0.9679  2.1148 15.0790
  4.8145  3.2661  0.9842  2.2417 28.6623
  5.5533  2.5286  0.9745  0.8399 21.0047
  5.3339  2.2631  0.9775  1.4125 18.3345
  5.8255  0.5199  0.9980  0.3787  2.9610
  6.2193  2.2502  0.9708  1.7301 18.2060
  4.7143  0.8105  0.9726  1.3952  5.1097
  5.2375  2.6227  0.9732  1.3732 21.9631
  4.5830  3.6754  0.9980  0.8156 33.0359
  5.4700  3.7483  0.9921  1.4522 33.8234
  4.7889  2.0423  0.9853  2.8571 16.1571
  5.0419  3.8257  0.9751  0.9900 34.6607
  4.9695  1.9045  0.9702  1.4468 14.8210
  3.5352  3.2248  0.9706  1.0133 28.2256
  4.9095  2.0000  0.9780  0.5940 15.7448
  5.1773  0.7360  0.9980  1.5034  4.5340
  4.7937  1.8843  0.9918  1.7593 14.6263
  5.3782  2.1380  0.9812  1.4609 17.0961
  5.6691  0.6912  0.9721  0.6062  4.1959
  4.8481  2.2379  0.9722  0.8309 18.0843
  3.8588  2.5793  0.9894  1.9444 21.5203
  5.3073  3.4968  0.9786  1.2227 31.1187
  4.6322  2.5971  0.9951  2.0850 21.7015
  5.4501  1.2792  0.9748  0.5794  9.0309
  4.7939  3.5134  0.9867  1.0003 31.2965
  5.3996  3.8294  0.9980  1.6199 34.7010
  5.1571  3.6900  0.9684  1.7439 33.1939
  3.8762  3.9403  0.9776  2.6019 35.9057
  5.0678  0.9080  0.9850  1.5700  5.8859
  5.0214  2.8531  0.9703  0.1238 24.3344
  5.6774  1.6055  0.9972  0.3671 11.9899
  4.8076  2.8215  0.9677  0.3172 24.0076
  5.3763  2.1133  0.9980  0.4449 16.8532
  5.6987  1.9172  0.9785  2.4608 14.9437
  5.4877  0.6563  0.9953  2.8194  3.9362
  4.4051  3.7821  0.9914  1.1828 34.1883
  4.9764  3.1649  0.9721  1.1402 27.5941
  5.1317  1.7704  0.9954  1.5220 13.5384
  4.7654  4.1870  0.9712  0.2277 38.6034
  5.3929  2.8579  0.9891  2.0206 24.3843
  6.1301  2.9417  0.9915  1.0704 25.2549
  5.0853  2.4258  0.9737  0.4136 19.9645
  5.0488  3.3696  0.9793  0.1030 29.7612
  4.7684  3.0544  0.9832  1.0029 26.4323
  4.9854  3.0800  0.9782  1.4075 26.7012
  5.0742  3.0987  0.9837  1.8611 26.8969
  5.8567  4.1946  0.9781  1.7023 38.6868
  5.1097  1.4344  0.9788  1.9068 10.4193
  5.0346  3.3921  0.9800  1.9346 30.0010
  4.9114  3.2873  0.9794  1.4690 28.8877
  5.4712  0.6614  0.9786  1.9574  3.9741
  5.6046  2.4066  0.9820  1.5648 19.7714
  5.0102  4.0782  0.9877  1.9408 37.4111
  4.8948  4.1626  0.9738  0.4261 38.3353
  4.3793  3.3283  0.9968  0.8948 29.3227
  5.2874  3.7950  0.9945  0.8068 34.3283
  4.3413  3.3182  0.9867  1.4508 29.2154
  4.6969  4.0862  0.9858  2.7637 37.4987
  5.6239  3.2504  0.9786  0.8102 28.4969
  4.8386  2.3483  0.9704  1.1510 19.1854
  5.2810  2.1539  0.9861  1.0955 17.2530
  4.5447  0.9665  0.9808  0.3581  6.3619
  5.4935  4.3222  0.9907  1.9467 40.0908
  5.0769  2.6119  0.9924  0.8280 21.8532
  5.2846  1.2815  0.9703  2.8760  9.0516
  5.2356  1.3880  0.9697  0.3843 10.0002
  5.1026  2.2922  0.9909  1.5960 18.6250
  4.7686  2.9542  0.9898  0.6469 25.3852
  5.1174  0.9081  0.9864  2.4621  5.8867
  5.1778  2.8049  0.9901  1.6990 23.8357
  5.3764  1.1801  0.9844  1.9522  8.1649
  6.1641  1.9331  0.9762  0.5033 15.0968
  5.9678  2.3776  0.9825  2.7557 19.4798
  5.6846  3.2245  0.9925  2.7023 28.2228
  5.9026  4.2923  0.9978  2.7149 39.7608
  6.5586  2.6289  0.8032  0.2192 22.0263
  5.9543  2.7973  0.9710  1.4395 23.7577
  5.0866  1.8283  0.9980  0.9657 14.0903
  5.2133  2.1531  0.9931  1.1404 17.2448
  5.4643  1.1594  0.9892  1.7834  7.9867
  5.0126  2.6003  0.9944  1.9783 21.7348
  5.7542  2.6420  0.9865  1.8711 22.1605
  5.3875  1.6739  0.9718  0.9964 12.6289
  5.3502  1.9459  0.9701  1.1866 15.2209
  4.7906  2.1969  0.9721  1.8186 17.6777
  3.7143  2.1424  0.9697  0.7817 17.1393
  4.8725  1.9863  0.9956  2.0563 15.6117
  5.5702  1.4045  0.9891  0.2487 10.1490
  5.6034  3.5586  0.9915  1.3038 31.7808
  5.2858  0.6337  0.9853  1.5643  3.7700
  4.4023  2.4104  0.9843  1.2878 19.8098
  5.1884  1.9700  0.9843  1.8359 15.4539
  5.5591  2.8515  0.9954  2.7969 24.3180
  4.8371  0.7233  0.9629  1.7461  4.4375
  5.4257  1.5050  0.9888  0.3482 11.0623
  5.1575  3.2983  0.9905  1.8360 29.0036
  4.3307  2.2968  0.9717  2.1439 18.6703
  4.4979  4.1331  0.9980  1.9837 38.0123
  4.8224  3.4968  0.9930  1.8341 31.1186
  4.8684  4.4839  0.9914  1.2732 41.8789
  4.7637  1.0357  0.9872  2.1400  6.9363
  5.6795  1.0961  0.9851  1.6293  7.4451
  3.9689  3.9453  0.9965  0.3687 35.9600
  4.7841  1.6388  0.9834  0.8917 12.3002
  5.1475  2.6734  0.9784  2.4875 22.4823
  5.3275  1.6331  0.9912  0.4667 12.2474
  5.1368  1.4513  0.9675  2.6080 10.5721
  6.3679  2.7121  0.9895  0.2988 22.8796
  5.0600  2.5008  0.9845  1.3307 20.7227
  5.2181  2.7606  0.9951  1.4445 23.3781
  5.3441  2.5549  0.9880  1.9962 21.2720
  4.7654  1.4388  0.9980  1.4011 10.4588
  4.3500  2.3985  0.9889  0.8630 19.6897
  3.7901  4.4093  0.9787  2.4682 41.0529
  5.1856  2.7152  0.9708  1.4641 22.9108
  4.4545  1.3708  0.9871  1.3847  9.8454
  6.1349  3.0040  0.9713  2.0883 25.9047
  4.7161  2.0997  0.9779  1.9673 16.7191
  4.1973  1.9429  0.9861  1.1471 15.1917
  6.4357  2.7801  0.9176  1.4203 23.5796
  4.9130  0.9206  0.9960  1.1367  5.9872
  4.8214  4.2413  0.9834  1.8096 39.1999
  5.0736  2.2971  0.9758  1.5719 18.6738
  5.2852  2.9136  0.9934  1.5674 24.9630
  5.6056  1.5176  0.9701  1.8238 11.1780
  5.2014  2.4812  0.9740  0.6453 20.5242
  5.1054  0.9626  0.9900  1.5822  6.3299
  4.7545  2.3702  0.9962  1.7763 19.4055
  5.1647  1.6105  0.9832  1.4762 12.0362
  4.6447  3.1277  0.9869  2.1486 27.2021
  5.2065  2.5641  0.9879  1.9425 21.3659
  5.6846  1.0265  0.9730  1.9635  6.8596
  6.0295  1.0476  0.9870  0.9753  7.0362
  5.7909  3.8317  0.9690  2.6358 34.7262
  4.7998  4.2056  0.9855  1.7431 38.8076
  4.8856  1.5214  0.9776  1.3269 11.2128
  5.3100  4.1107  0.9814  1.1715 37.7671
  5.5174  4.2484  0.9800  0.6266 39.2786
  5.1869  3.7079  0.9761  0.9121 33.3874
  5.1803  1.7222  0.9767  1.4539 13.0825
  3.8402  4.0068  0.9764  0.0484 36.6303
  5.0443  2.2605  0.9971  2.6159 18.3090
  5.2526  0.8671  0.9888  0.9749  5.5573
  5.1333  3.6731  0.9980  0.7757 33.0120
  5.9502  2.1147  0.9865  1.5977 16.8664
  4.1971  4.2883  0.9680  0.9508 39.7174
  5.0641  2.6743  0.9944  0.5624 22.4909
  4.7772  2.6269  0.9954  1.4595 22.0060
  5.1982  3.3221  0.9808  0.2815 29.2562
  5.3772  1.0693  0.9956  1.2027  7.2187
  4.0073  0.7559  0.9891  0.5850  4.6862
  4.7167  4.3172  0.9719  1.0632 40.0360
  5.1035  1.2135  0.9760  0.9016  8.4549
  4.3428  4.1415  0.9859  2.5492 38.1041
  5.5634  3.0409  0.9980  1.1107 26.2906
  5.5469  4.4772  0.9727  0.4643 41.8046
  5.0328  2.7007  0.9697  0.7331 22.7619
  4.4942  0.9779  0.9708  1.2102  6.4563
  6.0191  0.5851  0.9929  0.3752  3.4188
  5.5824  0.7582  0.9937  1.4360  4.7038
  4.7070  1.9231  0.9882  1.6446 15.0000
  5.0370  2.5102  0.9919  1.2346 20.8179
  5.3917  2.7685  0.9667  0.6316 23.4601
  5.5456  1.0820  0.9716  0.8676  7.3259
  4.8913  0.9022  0.9943  1.1615  5.8389
  5.0365  2.4828  0.9868  1.1873 20.5401
  5.9628  2.8805  0.9816  0.9905 24.6186
  5.2167  0.7452  0.9768  1.5560  4.6042
  6.2765  2.4960  0.9679  1.7541 20.6741
  4.4440  0.4003  0.9864  1.0732  2.1634
  5.2127  0.5526  0.9882  1.4361  3.1888
  5.5145  3.5393  0.9722  1.1498 31.5734
  5.1877  1.7825  0.9935  0.7475 13.6541
  4.6385  3.4310  0.9843  2.3623 30.4150
  5.2649  1.0482  0.9807  1.4268  7.0410
  5.3690  1.4857  0.9699  1.7981 10.8862
  5.1744  4.0837  0.9839  0.3223 37.4708
  5.8253  2.8151  0.9755  0.9590 23.9417
  5.0596  1.9369  0.9701  1.3472 15.1335
  5.0616  4.2731  0.9850  1.5438 39.5494
  5.1086  3.0900  0.9766  1.0971 26.8061
  5.4977  1.6314  0.9716  0.6382 12.2314
  4.7728  2.8227  0.9920  2.1387 24.0198
  4.5702  3.1986  0.9823  0.4898 27.9495
  4.8311  1.7434  0.9872  0.3480 13.2832
  4.7208  3.1496  0.9674  2.3743 27.4327
  6.0465  2.3092  0.9896  1.0948 18.7942
  4.4065  2.8800  0.9689  1.3791 24.6132
  5.1210  3.3795  0.9790  3.0870 29.8668
  4.4670  2.6960  0.9980  2.2119 22.7143
  5.7208  2.9312  0.9921  0.1205 25.1461
  5.1112  1.3954  0.9683  0.8788 10.0669
  5.3606  0.8074  0.9975  0.8320  5.0859
  4.3024  3.1965  0.9885  1.7147 27.9274
  4.7461  3.3489  0.9976  0.8945 29.5406
  5.2888  3.1213  0.9691  2.1988 27.1343
  3.8097  1.9239  0.9793  2.3158 15.0078
  5.2698  1.4936  0.9906  2.7923 10.9584
  4.7894  3.4239  0.9744  1.4126 30.3396
  5.8071  2.9405  0.9906  0.7851 25.2428
  5.2901  2.6216  0.9915  1.8897 21.9520
  5.2483  2.8997  0.9980  1.4032 24.8186
  5.4114  1.8944  0.9789  1.4364 14.7233
  5.4373  1.3051  0.9747  0.9557  9.2602
  3.5006  4.1517  0.9962  1.9416 38.2155
  5.3667  4.1724  0.9751  1.0101 38.4432
  5.3651  3.6379  0.9959  1.9668 32.6325
  4.1605  2.5656  0.9980  1.1682 21.3808
  4.9542  3.6340  0.9827  0.4784 32.5909
  5.5272  3.3336  0.9674  2.0034 29.3783
  4.7824  1.9590  0.9908  1.8205 15.3471
  5.8663  3.4396  0.9821  1.1709 30.5070
  4.8862  4.0529  0.9826  2.5755 37.1340
  4.1093  2.4623  0.9920  1.1417 20.3331
  4.7857  3.9913  0.9784  1.6847 36.4617
  5.1532  1.9709  0.9687  2.2172 15.4630
  5.0137  3.6231  0.9747  1.0308 32.4732
  5.4180  3.3909  0.9758  2.1006 29.9881
  5.2521  1.6235  0.9767  1.7324 12.1578
  5.6038  2.1721  0.9683  2.1388 17.4318
  5.0420  3.9134  0.9818  2.1981 35.6135
  4.9922  3.8965  0.9947  1.2110 35.4292
  5.3280  1.3613  0.9785  1.6283  9.7604
  6.3059  3.0126  0.9771  2.0825 25.9947
  5.1982  4.4321  0.9780  0.8979 41.3046
  5.1253  2.5508  0.9691  2.0016 21.2306
  5.4555  1.9419  0.9891  1.2053 15.1818
  4.4129  2.2503  0.9973  2.8060 18.2070
  4.2060  0.5095  0.9969  1.2660  2.8891
  6.1595  3.6427  0.9703  1.0854 32.6841
  5.5303  3.3338  0.9839  2.5921 29.3811
  5.7318  2.8582  0.9769  1.4468 24.3879
  5.4634  1.6903  0.9783  0.8706 12.7826
  4.5426  2.8130  0.9682  1.3314 23.9190
  6.1831  3.1081  0.9767  1.7972 26.9960
  4.6626  1.6833  0.9898  1.3516 12.7162
  5.5981  2.3883  0.9682  1.8690 19.5869
  5.4312  1.5660  0.9744  0.5008 11.6238
  5.0780  2.9285  0.9714  1.4640 25.1176
  5.0436  3.4967  0.9961  1.5364 31.1175
  5.1215  2.7539  0.9684  1.3272 23.3097
  4.3984  1.9249  0.9690  0.2506 15.0179
  4.8077  0.4791  0.9799  1.5386  2.6824
  5.7273  1.1441  0.9758  1.0178  7.8548
  5.5115  4.0861  0.9886  0.3982 37.4971
  5.2608  3.5995  0.9974  1.2640 32.2193
  5.1180  0.8871  0.9724  0.4757  5.7172
  6.0417  4.1672  0.9832  1.5753 38.3862
  3.9135  2.1125  0.9945  2.0575 16.8446
  4.1054  2.0170  0.9814  1.8850 15.9108
  5.5513  2.7752  0.9930  1.6833 23.5292
  4.1887  3.1513  0.9727  1.6001 27.4500
  6.4845  3.1440  0.9297  1.2143 27.3731
  3.6826  3.3784  0.9887  2.4662 29.8550
  5.4814  3.7701  0.9715  0.6055 34.0584
  4.3678  2.2597  0.9977  0.6856 18.3009
  4.7647  2.6429  0.9774  0.6825 22.1695
  5.6630  1.5471  0.9783  2.8715 11.4494
  5.0986  3.5405  0.9690  0.8262 31.5860
  4.7382  1.8112  0.9816  1.5348 13.9269
  5.6632  1.5344  0.9849  0.6454 11.3323
  4.8947  3.6502  0.9682  0.7815 32.7652
  5.0358  2.8121  0.9793  1.8310 23.9099
  3.5013  1.2232  0.9797  0.8870  8.5397
  5.5136  3.0717  0.9782  0.9320 26.6141
  6.3800  3.2212  0.9614  0.9433 28.1880
  5.3339  3.9823  0.9980  0.5514 36.3641
  6.5210  3.6737  0.6903  0.7194 33.0186
  4.1276  0.9273  0.9704  1.1806  6.0419
  5.2978  3.9663  0.9780  1.7626 36.1891
  6.3491  2.4642  0.9980  1.0950 20.3522
  5.1969  4.3398  0.9744  0.7581 40.2847
  5.1914  1.5213  0.9674  0.8830 11.2118
  5.8526  3.3695  0.9958  2.1029 29.7604
  4.7687  3.9334  0.9771  0.9857 35.8308
  5.4538  1.0012  0.9831  2.1132  6.6485
  5.5229  3.6359  0.9722  2.1432 32.6114
  5.2839  2.8698  0.9854  1.1861 24.5076
  5.2907  1.3665  0.9687  0.2541  9.8070
  5.2754  1.8615  0.9734  0.4268 14.4072
  4.7664  2.6901  0.9718  0.5660 22.6534
  5.2284  1.3963  0.9893  2.4045 10.0746
  4.0466  0.4075  0.9874  0.3943  2.2100
  4.3467  2.8435  0.9967  1.0704 24.2346
  5.3913  1.6514  0.9713  2.3465 12.4177
  5.5304  2.3230  0.9861  0.1145 18.9326
  6.2702  3.1538  0.9955  0.5826 27.4769
  5.2655  1.4121  0.9737  2.0917 10.2176
  5.3039  3.7737  0.9744  1.2579 34.0980
  4.0670  1.1907  0.9690  0.1698  8.2571
  4.7905  2.1818  0.9841  1.8445 17.5283
  5.2200  2.4211  0.9837  1.0228 19.9168
  5.4311  4.4680  0.9874  1.8670 41.7020
  5.0948  2.3494  0.9980  0.7649 19.1967
  5.1574  4.0905  0.9917  1.4578 37.5455
  4.6527  4.4905  0.9699  1.6783 41.9514
  4.9075  3.8992  0.9831  1.1920 35.4590
  3.7217  0.9582  0.9904  0.5479  6.2941
  5.0450  3.1486  0.9973  1.5806 27.4218
  5.4754  3.5742  0.9769  1.7384 31.9473
  5.2736  2.1389  0.9780  1.8199 17.1052
  5.1219  4.1778  0.9733  1.0994 38.5018
  5.4213  1.4889  0.9708  0.6917 10.9148
  5.5339  4.3534  0.9875  1.2306 40.4356
  4.8663  3.0050  0.9881  1.3757 25.9154
  4.4481  1.7038  0.9737  1.3647 12.9091
  5.6597  3.7002  0.9760  1.8304 33.3035
  5.4237  3.1854  0.9774  1.0461 27.8093
  6.5149  2.3985  0.8607  1.1409 19.6896
  5.1145  1.4997  0.9862  1.7737 11.0137
  5.4893  2.5352  0.9980  1.0660 21.0722
  5.0309  3.1902  0.9798  1.0708 27.8606
  5.3531  2.9690  0.9768  1.1617 25.5401
  5.1457  2.0073  0.9818  2.4159 15.8158
  5.8990  3.8036  0.9842  0.1893 34.4214
  5.1947  4.2250  0.9924  0.2177 39.0208
  5.4979  2.9882  0.9719  1.0897 25.7402
  5.2266  3.3278  0.9675  1.8308 29.3169
  6.0163  2.3793  0.9822  0.5090 19.4963
  4.4861  1.8050  0.9707  2.2037 13.8678
  4.5898  2.6885  0.9856  1.2538 22.6368
  4.0215  3.1372  0.9754  0.7892 27.3015
  5.8797  2.3247  0.9755  1.2262 18.9492
  5.3898  3.1228  0.9967  2.6589 27.1507
  4.6690  3.0862  0.9929  0.8162 26.7655
  4.8315  2.7924  0.9980  2.0400 23.7071
  5.9103  3.3287  0.9886  1.5855 29.3262
  4.4860  0.8016  0.9754  1.5974  5.0402
  5.5976  4.3414  0.9862  1.9805 40.3022
  4.5749  3.8161  0.9863  0.2781 34.5570
  5.8929  4.4138  0.9831  2.0773 41.1022
  6.1907  1.9963  0.9969  0.8424 15.7091
  4.8708  1.4613  0.9722  2.2975 10.6634
  5.2390  0.6851  0.9757  1.0297  4.1502
  5.1971  1.3887  0.9776  1.5221 10.0065
  3.6127  2.9877  0.9940  1.2291 25.7350
  5.3406  1.1617  0.9849  0.8369  8.0058
  5.2008  1.5144  0.9844  0.6566 11.1488
  4.7820  1.2124  0.9741  1.4262  8.4452
  4.1389  3.1893  0.9950  2.3707 27.8509
  4.8901  3.4540  0.9932  2.2076 30.6613
  5.2993  2.3762  0.9965  0.9587 19.4651
  5.3744  2.6340  0.9949  2.5639 22.0791
  5.2866  2.7229  0.9980  0.6851 22.9909
  5.2466  3.0327  0.9743  1.3748 26.2050
  4.8394  2.6415  0.9782  0.5306 22.1551
  4.2224  2.1457  0.9677  1.1454 17.1713
  5.8651  1.7065  0.9720  1.2042 12.9349
  5.1346  1.4277  0.9679  0.7766 10.3588
  4.8019  0.5921  0.9839  0.5112  3.4694
  5.7730  1.3648  0.9874  0.3722  9.7924
  4.9423  1.8177  0.9754  0.3154 13.9889
  5.5093  1.6830  0.9918  1.6147 12.7135
  4.4564  1.8948  0.9962  0.6128 14.7273
  5.7232  4.2430  0.9794  2.0694 39.2189
  4.4445  2.4286  0.9906  0.6988 19.9933
  5.4919  3.2009  0.9792  1.4220 27.9730
  5.2147  1.3982  0.9703  0.1385 10.0923
  5.5361  3.3518  0.9733  2.9711 29.5718
  5.7921  1.0029  0.9764  0.5809  6.6628
  5.9959  2.2550  0.9854  0.7962 18.2537
  4.1049  1.7634  0.9955  0.7029 13.4723
  4.4007  3.6621  0.9706  1.6118 32.8933
  4.8909  4.3313  0.9801  1.2778 40.1912
  4.2414  3.2834  0.9848  1.9113 28.8457
  6.9684  2.6507  0.6558  1.6556 22.2500
  4.0970  1.4041  0.9974  0.7593 10.1456
  5.7048  2.2378  0.9892  2.1376 18.0832
  5.0585  2.5971  0.9735  1.6130 21.7018
  5.4125  1.2461  0.9939  1.8698  8.7395
  5.2493  3.0400  0.9947  1.6225 26.2813
  5.3228  3.1145  0.9933  1.0388 27.0637
  5.5565  4.3229  0.9782  1.9071 40.0981
  5.7572  2.7640  0.9918  2.0303 23.4131
  5.1048  3.6097  0.9770  2.4958 32.3293
  3.7959  1.0385  0.9785  0.4543  6.9594
  4.6015  2.7474  0.9977  1.2021 23.2423
  5.7574  0.8320  0.9880  1.5165  5.2787
  4.3857  3.8190  0.9850  0.5014 34.5883
  4.7456  3.4495  0.9692  0.9536 30.6134
  6.1444  4.1181  0.9921  2.0846 37.8481
  4.5205  4.1092  0.9919  2.9454 37.7498
  4.2122  3.5380  0.9802  1.7083 31.5599
  4.8477  3.2142  0.9772  1.2305 28.1138
  5.6204  1.9747  0.9697  1.1056 15.4993
  6.0286  0.8927  0.9847  1.7737  5.7621
  5.2652  2.0098  0.9678  1.4903 15.8406
  5.2502  2.9505  0.9866  1.1838 25.3464
  5.1341  1.7850  0.9980  0.2644 13.6774
  4.3003  2.8629  0.9695  1.4308 24.4362
  4.9157  1.3459  0.9740  0.4750  9.6228
  4.4766  2.9643  0.9980  1.6703 25.4909
  5.5570  2.3686  0.9944  0.2479 19.3897
  5.5871  3.5783  0.9782  0.8942 31.9922
  5.2002  0.7286  0.9690  1.3415  4.4774
  5.0448  1.3735  0.9937  0.7811  9.8696
  4.8960  3.8335  0.9980  0.6219 34.7454
  4.8485  1.0878  0.9838  1.8952  7.3748
  3.9286  1.3029  0.9809  1.3947  9.2402
  5.1334  3.8229  0.9864  1.2608 34.6312
  5.2568  1.6353  0.9919  1.5975 12.2675
  4.4449  1.6100  0.9860  2.4251 12.0321
  5.6550  2.8910  0.9929  2.0248 24.7273
  5.2788  1.6469  0.9882  0.9643 12.3761
  5.6021  2.3095  0.9944  1.6787 18.7973
  4.1832  0.9213  0.9844  2.2070  5.9933
  5.0900  4.0437  0.9726  0.2336 37.0338
  4.9432  1.4380  0.9774  1.6461 10.4518
  4.7930  3.4441  0.9953  1.5758 30.5551
  4.8859  4.4802  0.9869  0.2210 41.8378
  5.2113  0.9987  0.9951  1.1420  6.6280
  5.3235  3.6617  0.9961  0.6368 32.8891
  4.6242  2.2843  0.9917  2.5971 18.5463
  6.2466  2.1144  0.9782  1.3805 16.8639
  5.2388  2.8944  0.9699  0.7068 24.7633
  5.4517  3.5236  0.9752  0.8747 31.4052
  5.9343  0.3949  0.9936  2.2979  2.1289
  5.2891  3.7477  0.9814  2.3763 33.8164
  4.9760  1.3281  0.9785  0.3504  9.4639
  5.7088  2.5311  0.9936  2.1057 21.0297
  5.2210  1.1972  0.9733  0.4328  8.3129
  5.0049  2.8405  0.9691  0.5753 24.2041
  5.2456  1.7443  0.9960  2.3211 13.2919
  5.2035  2.9649  0.9777  0.9963 25.4970
  4.7962  3.1236  0.9911  2.2226 27.1592
  6.1227  1.9405  0.9838  2.5069 15.1678
  5.5034  2.3308  0.9840  0.7367 19.0102
  5.4779  2.3667  0.9943  0.8742 19.3698
  4.7119  2.4200  0.9899  1.5037 19.9064
  5.8831  2.9054  0.9696  0.9707 24.8772
  5.2246  2.5795  0.9794  1.6214 21.5228
  5.1966  1.7622  0.9588  2.3005 13.4608
  5.3562  1.7332  0.9719  1.8762 13.1870
  4.6064  2.1526  0.9980  0.6564 17.2394
  5.4829  3.9040  0.9726  2.5159 35.5111
  5.0226  0.8195  0.9746  2.9066  5.1801
  5.8599  2.8089  0.9753  1.4507 23.8770
  5.6774  0.5136  0.9922  2.5415  2.9176
  5.2184  3.2081  0.9693  0.8375 28.0490
