  4.9260  3.5684  0.9766  0.9282 31.8852
  5.4045  3.3412  0.9735  1.0259 29.4596
  5.3718  2.7807  0.9976  2.8073 23.5854
  5.7744  3.8380  0.9980  0.2915 34.7946
  5.2080  4.0239  0.9811  1.2952 36.8170
  5.1706  1.6516  0.9798  1.0590 12.4201
  5.8957  2.1363  0.9799  2.2434 17.0788
  5.8289  2.3772  0.9907  1.6555 19.4759
  4.8555  3.0201  0.9919  0.1140 26.0733
  5.4506  1.2573  0.9978  2.3085  8.8378
  5.4864  1.9268  0.9682  1.4288 15.0359
  4.5712  4.4910  0.9717  0.3430 41.9566
  5.6043  3.3026  0.9943  1.4827 29.0498
  4.8850  1.9794  0.9685  1.5203 15.5454
  5.0333  3.4085  0.9873  1.1054 30.1756
  6.0831  3.5778  0.9778  0.2838 31.9866
  4.9572  3.5627  0.9930  1.7869 31.8247
  4.8081  1.5655  0.9714  1.3394 11.6190
  4.2830  3.4391  0.9678  0.4385 30.5013
  5.4471  2.0154  0.9751  0.6814 15.8945
  6.0471  2.1389  0.9795  1.3175 17.1050
  5.6147  2.0985  0.9704  0.9648 16.7074
  3.9950  2.5305  0.9834  2.1962 21.0240
  4.1378  3.7416  0.9927  0.8359 33.7504
  5.4916  4.0561  0.9856  0.8504 37.1697
  4.4636  0.7926  0.9721  2.3840  4.9700
  4.8227  3.7544  0.9967  1.1924 33.8890
  4.9508  1.2695  0.9980  1.2721  8.9454
  5.1803  1.3464  0.9892  1.5188  9.6278
  4.7674  0.9187  0.9722  2.8869  5.9723
  5.0025  2.0774  0.9726  2.2806 16.5003
  5.3190  2.4701  0.9973  0.7094 20.4118
  5.0048  2.9821  0.9870  0.5397 25.6760
  5.0146  1.9216  0.9866  1.8698 14.9862
  4.9790  3.2448  0.9980  1.6083 28.4372
  5.0022  2.6062  0.9795  2.7415 21.7946
  5.0535  3.3563  0.9814  1.9806 29.6197
  6.1890  4.0772  0.9736  0.4104 37.3995
  4.7629  2.5331  0.9909  1.4833 21.0508
  5.1564  2.1894  0.9925  0.9636 17.6036
  4.8342  0.9640  0.9859  1.0592  6.3414
  5.9653  2.4864  0.9733  1.6066 20.5766
  5.1986  3.6365  0.9885  0.5277 32.6175
  5.2665  0.9115  0.9888  0.4614  5.9142
  4.8418  1.6271  0.9969  1.7629 12.1907
  6.2396  1.4482  0.9753  0.9668 10.5445
  5.6242  3.8703  0.9938  0.6319 35.1445
  5.5583  3.8966  0.9716  1.4788 35.4302
  5.4560  4.1687  0.9781  2.7396 38.4028
  4.9650  1.5630  0.9756  0.6403 11.5963
  4.6752  3.9319  0.9703  0.8343 35.8150
  4.3514  1.7729  0.9768  1.6606 13.5625
  4.1637  2.6616  0.9731  1.0448 22.3615
  5.6189  3.1398  0.9682  0.7243 27.3295
  4.8911  3.7590  0.9938  0.6577 33.9389
  5.0310  2.7233  0.9947  2.3016 22.9947
  4.5730  0.5239  0.9669  3.0423  2.9885
  4.6460  1.6276  0.9821  0.7949 12.1952
  5.6691  3.8051  0.9917  0.3581 34.4377
  5.5251  1.2288  0.9813  2.1357  8.5884
  4.3389  4.3973  0.9963  1.9737 40.9198
  5.2425  3.7821  0.9902  2.2126 34.1885
  5.0548  2.4112  0.9980  2.0473 19.8180
  5.9076  2.6340  0.9954  0.8378 22.0786
  5.0785  0.7313  0.9946  1.8097  4.4985
  5.0360  1.7650  0.9733  0.7274 13.4877
  4.4745  2.4715  0.9917  1.0617 20.4263
  5.0422  1.8714  0.9970  1.3034 14.5028
  5.7257  1.6409  0.9753  1.6465 12.3198
  5.9192  2.4273  0.9778  0.7731 19.9798
  5.0524  3.6176  0.9921  1.9258 32.4144
  5.8197  1.0608  0.9910  0.7480  7.1470
  5.4035  0.6860  0.9840  2.0546  4.1570
  4.7923  4.2799  0.9801  1.3589 39.6248
  5.3648  1.1099  0.9691  0.2233  7.5626
  5.1380  2.2587  0.9905  1.6281 18.2905
  4.8910  4.0103  0.9740  1.6979 36.6695
  5.0351  1.3265  0.9677  1.0036  9.4501
  4.4992  2.0329  0.9886  0.2383 16.0659
  5.1365  3.8575  0.9844  1.3557 35.0061
  6.0681  2.1692  0.9980  0.1659 17.4032
  4.7113  3.9123  0.9920  1.1790 35.6017
  5.2921  3.9004  0.9667  0.2811 35.4724
  4.4383  1.4484  0.9723  0.3901 10.5459
  5.1393  2.1329  0.9980  2.0770 17.0453
  5.1323  1.1899  0.9882  2.8649  8.2502
  5.6797  4.2874  0.9829  2.1922 39.7077
  4.8691  2.7043  0.9858  0.5652 22.7990
  4.5193  2.3193  0.9833  1.0635 18.8949
  5.2699  1.5405  0.9671  0.4045 11.3886
  4.4434  4.0852  0.9980  1.1467 37.4871
  5.3609  3.0936  0.9813  0.5770 26.8436
  4.5581  4.2115  0.9744  0.9082 38.8727
  5.4703  2.1475  0.9980  2.6424 17.1897
  4.1804  1.5619  0.9980  2.3763 11.5861
  5.5407  2.0328  0.9697  1.9010 16.0648
  4.7375  0.8888  0.9790  1.5571  5.7312
  4.3164  3.5322  0.9694  2.7627 31.4979
  5.1877  1.4386  0.9773  1.5260 10.4575
  4.9581  3.4745  0.9850  0.9598 30.8800
  5.4825  1.9390  0.9740  0.9529 15.1540
  4.9799  1.4957  0.9805  0.8777 10.9777
  5.0059  3.0036  0.9878  1.2571 25.9005
  5.1037  1.7974  0.9713  2.0765 13.7951
  4.9989  1.1875  0.9670  0.7939  8.2290
  5.1571  4.1032  0.9678  0.3061 37.6844
  4.0745  2.2368  0.9943  0.7830 18.0735
  4.8549  3.6802  0.9833  1.3658 33.0886
  5.2586  2.6852  0.9730  1.2469 22.6035
  4.7643  3.1948  0.9955  1.6643 27.9084
  5.4959  1.3462  0.9783  0.8538  9.6260
  4.1976  1.6703  0.9961  0.8886 12.5946
  4.8909  2.7958  0.9980  1.6320 23.7420
  3.9932  3.5843  0.9781  1.5679 32.0561
  5.3919  2.3753  0.9874  2.2470 19.4564
  5.0309  2.8940  0.9980  1.1827 24.7590
  4.3656  2.2025  0.9905  0.8052 17.7327
  4.8583  2.7928  0.9726  2.7490 23.7109
  5.0909  4.1299  0.9859  1.2671 37.9772
  6.7501  1.9169  0.4583  1.9593 14.9408
  5.4378  2.6647  0.9825  1.8190 22.3930
  5.7352  2.9131  0.9968  0.7014 24.9573
  3.9653  3.6600  0.9949  1.6236 32.8700
  5.5215  2.7274  0.9949  1.0249 23.0369
  4.5518  3.3242  0.9795  2.0289 29.2790
  4.7028  3.1169  0.9955  1.2673 27.0883
  4.1603  2.9732  0.9816  1.4233 25.5831
  4.8501  4.0356  0.9976  1.2262 36.9457
  3.9692  0.4953  0.9711  1.3870  2.7925
  5.4766  4.1235  0.9863  1.0760 37.9067
  6.1939  1.3380  0.9720  1.0333  9.5526
  5.1970  1.8943  0.9799  2.1668 14.7230
  5.0469  2.4335  0.9947  0.9548 20.0420
  4.2173  2.5902  0.9822  2.4917 21.6315
  5.0465  3.5318  0.9922  0.6862 31.4935
  5.4923  1.8918  0.9809  1.2269 14.6989
  4.5877  2.1129  0.9862  2.0048 16.8488
  5.2776  2.1427  0.9980  2.2625 17.1419
  5.3785  1.4380  0.9765  0.2034 10.4520
  4.0545  3.5748  0.9814  1.5622 31.9540
  4.7660  3.6557  0.9932  1.6814 32.8245
  6.5980  3.2375  0.7493  1.1432 28.3596
  4.7826  1.5027  0.9904  0.5132 11.0413
  4.9197  1.6669  0.9858  1.7933 12.5633
  6.9642  2.9633  0.3538  1.0561 25.4804
  4.7352  4.0720  0.9778  0.2726 37.3431
  4.4087  2.9929  0.9685  2.0339 25.7890
  5.1985  3.3458  0.9849  0.3500 29.5078
  4.3477  4.3223  0.9971  2.0047 40.0925
  6.2847  2.4662  0.9901  1.5525 20.3724
  5.2118  2.0352  0.9889  0.6130 16.0882
  5.7876  1.9127  0.9945  0.4322 14.9000
  5.0376  2.5449  0.9777  1.4096 21.1701
  5.5807  3.5738  0.9980  1.7357 31.9433
  4.4242  0.9270  0.9946  1.1678  6.0397
  5.4742  2.4153  0.9957  2.6818 19.8584
  5.2540  3.2170  0.9804  1.8829 28.1437
  4.5037  3.3826  0.9843  1.9422 29.9001
  4.7222  2.7221  0.9922  1.8061 22.9818
  6.0967  2.8398  0.9875  1.4846 24.1971
  5.2454  1.5162  0.9833  0.9414 11.1650
  4.4545  3.0173  0.9860  1.0191 26.0446
  5.1260  1.5534  0.9850  0.5582 11.5075
  4.3740  1.5131  0.9751  1.4610 11.1371
  4.8527  3.8474  0.9980  2.8315 34.8966
  5.1988  3.4003  0.9913  0.8429 30.0878
  4.9608  3.0933  0.9888  2.0369 26.8402
  5.3791  1.7665  0.9824  0.9205 13.5015
  4.7845  0.6946  0.9809  1.0329  4.2213
  5.3254  1.7444  0.9734  1.2255 13.2923
  4.4447  1.5163  0.9785  1.8777 11.1665
  4.9637  3.5052  0.9773  2.0116 31.2081
  4.8391  3.1190  0.9886  1.5247 27.1101
  4.1305  2.3904  0.9725  1.5960 19.6081
  5.1641  0.9892  0.9944  0.9897  6.5491
  5.2984  2.0543  0.9745  1.0267 16.2744
  4.3681  1.0173  0.9962  1.9290  6.7827
  5.1711  1.8764  0.9951  1.6018 14.5508
  4.5154  1.6488  0.9759  2.2033 12.3937
  5.3780  3.0747  0.9922  1.2898 26.6452
  5.0755  4.1585  0.9775  2.5607 38.2906
  4.1149  1.1543  0.9712  0.7926  7.9429
  6.1513  3.6185  0.9937  0.8923 32.4242
  5.4303  4.4335  0.9917  1.4169 41.3204
  4.5315  3.9196  0.9671  1.8547 35.6807
  4.5911  1.3839  0.9811  1.1104  9.9631
  5.1945  4.3919  0.9702  1.4452 40.8601
  4.8338  1.4096  0.9929  1.2475 10.1947
  5.4130  1.7749  0.9748  1.9692 13.5811
  4.0720  3.7662  0.9872  0.6574 34.0167
  4.5617  1.6738  0.9980  1.7739 12.6271
  5.8187  2.8059  0.9966  1.5057 23.8464
  5.2674  2.3716  0.9891  1.5133 19.4192
  4.5043  2.3541  0.9828  0.9922 19.2436
  4.0871  3.6466  0.9879  0.8804 32.7266
  6.0721  3.1691  0.9950  1.0724 27.6377
  4.0909  1.1565  0.9716  0.6475  7.9611
  5.3397  0.6765  0.9803  1.8332  4.0856
  4.6766  3.3779  0.9980  1.9115 29.8492
  3.9219  2.6254  0.9870  0.9570 21.9907
  5.8279  3.3281  0.9944  1.9121 29.3204
  4.7679  3.9228  0.9788  2.8273 35.7161
  4.2284  3.9285  0.9709  1.8005 35.7779
  5.3087  1.2431  0.9721  1.7274  8.7138
  4.1282  4.2704  0.9967  0.6153 39.5205
  5.2245  0.8521  0.9929  0.7015  5.4379
  4.4804  1.8283  0.9683  0.5978 14.0898
  4.6373  1.7152  0.9761  1.0517 13.0171
  4.1979  4.3642  0.9882  2.1570 40.5544
  4.8737  2.4360  0.9943  2.9946 20.0679
  3.9227  3.7570  0.9962  2.4857 33.9172
  4.7064  2.9739  0.9669  1.8374 25.5907
  6.4582  2.8150  0.9327  1.3317 23.9402
  4.0610  2.0216  0.9748  2.4331 15.9553
  4.9888  4.3514  0.9701  1.7045 40.4127
  4.5234  2.8474  0.9871  1.0498 24.2752
  5.2036  4.3335  0.9668  0.8945 40.2156
  5.7451  2.4033  0.9867  1.7824 19.7376
  5.5127  0.3118  0.9853  0.0913  1.6129
  4.4205  2.6373  0.9910  0.8096 22.1122
  4.9613  2.4920  0.9826  2.9836 20.6335
  4.8398  3.1171  0.9846  1.4322 27.0902
  4.7452  1.5221  0.9770  2.1895 11.2193
  5.2358  3.9414  0.9830  0.7657 35.9179
  4.0738  3.0076  0.9872  1.0718 25.9428
  5.3856  3.1617  0.9814  0.9322 27.5599
  4.8273  2.0582  0.9911  2.4383 16.3129
  4.8845  4.0175  0.9774  1.4997 36.7472
  5.8854  3.9706  0.9788  2.3347 36.2363
  5.2060  3.1428  0.9736  1.8313 27.3604
  5.1346  2.7952  0.9675  1.1083 23.7351
  6.0005  2.6469  0.9902  0.2171 22.2112
  5.2144  1.5029  0.9671  0.4117 11.0433
  6.5767  3.1489  0.8520  0.9344 27.4255
  5.0403  1.8795  0.9849  0.8203 14.5804
  5.4191  4.4653  0.9805  1.0227 41.6725
  4.9596  1.5000  0.9811  2.5242 11.0162
  4.8106  4.2341  0.9791  0.5275 39.1203
  3.8094  2.5328  0.9972  1.4910 21.0478
  4.9485  4.2791  0.9671  1.4784 39.6159
  4.7358  2.1439  0.9821  1.1584 17.1541
  5.1619  1.4317  0.9934  0.3881 10.3943
  5.2903  2.5001  0.9807  1.1735 20.7153
  4.6033  1.4713  0.9701  1.0672 10.7549
  5.2244  2.8250  0.9725  1.2411 24.0432
  5.0359  3.8475  0.9897  1.6867 34.8975
  5.6419  1.6174  0.9746  1.8458 12.1010
  5.1715  4.3521  0.9674  1.3977 40.4205
  4.6208  3.9433  0.9850  1.4141 35.9386
  5.5999  4.2723  0.9729  0.2189 39.5413
  4.7006  3.0393  0.9907  0.4671 26.2746
  4.6863  2.8809  0.9692  0.6923 24.6232
  5.0051  4.4942  0.9676  2.7007 41.9929
  5.0472  2.7454  0.9776  0.1039 23.2221
  5.2815  1.0761  0.9980  1.3224  7.2758
  5.0548  4.0281  0.9768  2.3235 36.8633
  4.4560  3.0735  0.9692  2.9189 26.6324
  5.2649  1.1873  0.9882  0.6710  8.2276
  4.1101  1.8052  0.9812  1.5140 13.8694
  5.0634  2.9044  0.9675  1.6811 24.8674
  5.1097  3.7036  0.9885  0.8307 33.3402
  3.7770  2.9203  0.9825  0.3147 25.0320
  5.3457  0.9763  0.9749  2.8082  6.4432
  5.1876  4.2552  0.9821  2.2742 39.3532
  4.5488  4.4299  0.9682  1.4124 41.2807
  4.5887  0.9837  0.9778  2.9118  6.5039
  5.2792  1.2758  0.9753  1.9920  9.0012
  5.0244  2.0005  0.9906  1.3731 15.7496
  5.0349  2.5149  0.9957  1.8134 20.8657
  5.1824  3.4957  0.9804  0.2266 31.1064
  5.1976  3.2200  0.9943  0.8903 28.1745
  4.9571  1.8974  0.9921  1.4532 14.7522
  5.2100  2.1871  0.9680  0.3292 17.5803
  4.5044  1.8887  0.9706  0.7271 14.6692
  4.4928  1.6380  0.9822  0.3498 12.2928
  5.3913  2.8697  0.9750  2.0667 24.5067
  3.8303  1.4960  0.9931  0.9375 10.9800
  5.4739  2.0548  0.9711  1.2160 16.2793
  5.5445  1.1186  0.9771  0.7420  7.6366
  5.5666  1.6037  0.9741  2.4436 11.9730
  5.1818  4.4783  0.9746  1.3137 41.8167
  5.8097  2.5783  0.9782  1.0195 21.5097
  4.9129  2.0810  0.9847  1.3163 16.5355
  5.0910  1.7724  0.9794  0.4705 13.5582
  5.0444  1.0738  0.9921  1.8855  7.2567
  5.0040  1.0740  0.9948  0.5728  7.2583
  6.7339  2.0723  0.8946  1.6677 16.4503
  5.0628  2.9758  0.9945  0.7918 25.6105
  5.0745  3.4244  0.9956  0.7594 30.3449
  5.1132  1.5731  0.9838  2.2477 11.6894
  5.5370  0.8857  0.9890  2.6203  5.7059
  5.2362  4.1515  0.9882  1.7468 38.2138
  5.9949  2.6643  0.9846  1.8141 22.3885
  5.3786  2.0397  0.9910  2.7039 16.1321
  5.4107  0.9388  0.9767  1.4752  6.1354
  5.0946  3.9403  0.9866  0.4127 35.9063
  3.9506  1.4270  0.9788  0.9649 10.3521
  4.9839  3.6073  0.9717  0.6612 32.3037
  5.3447  2.5233  0.9933  1.5568 20.9505
  5.5114  0.6019  0.9776  0.2907  3.5392
  5.2229  1.9704  0.9706  0.8154 15.4581
  4.5820  3.4571  0.9707  2.8144 30.6944
  4.8413  0.7786  0.9901  0.5141  4.8614
  5.2823  2.1469  0.9712  1.2092 17.1839
  4.2818  2.2604  0.9808  0.4574 18.3076
  3.5351  3.4244  0.9757  2.5859 30.3453
  5.4584  3.7184  0.9908  2.4283 33.5004
  4.6914  2.4290  0.9687  0.3048 19.9967
  4.8800  1.6109  0.9804  1.9342 12.0402
  5.5429  3.2803  0.9727  1.8675 28.8130
  5.0125  3.8308  0.9745  2.1347 34.7167
  5.3747  3.8792  0.9822  0.9216 35.2417
  5.6061  4.4357  0.9873  1.4811 41.3447
  5.6737  2.8121  0.9943  1.0432 23.9105
  4.8430  3.7823  0.9909  2.4880 34.1910
  5.2888  1.0815  0.9832  2.9891  7.3214
  5.1804  2.6885  0.9836  1.4573 22.6372
  3.8267  3.8388  0.9871  1.4979 34.8032
  4.9224  3.4952  0.9759  1.1394 31.1013
  3.8784  4.2112  0.9777  1.3284 38.8693
  4.7753  1.5970  0.9931  2.7972 11.9114
  4.0667  1.4165  0.9871  1.2877 10.2573
  5.4147  1.2891  0.9877  0.6415  9.1180
  5.3471  1.6216  0.9717  1.9405 12.1397
  5.0588  3.0593  0.9778  0.5204 26.4844
  6.0997  2.5899  0.9938  1.4068 21.6286
  6.2108  2.4057  0.9954  1.1991 19.7623
  4.9927  0.9938  0.9843  0.3153  6.5875
  4.6373  0.7148  0.9860  0.5214  4.3729
  5.4039  3.3888  0.9731  0.7022 29.9657
  5.5460  2.4692  0.9939  1.4735 20.4030
  4.7530  2.8065  0.9774  1.1435 23.8521
  5.1216  2.9029  0.9878  0.9851 24.8519
  5.7966  3.4683  0.9904  0.2300 30.8141
  5.2580  3.7942  0.9914  2.0239 34.3194
  5.1591  2.2641  0.9954  1.0506 18.3450
  5.2629  2.8296  0.9841  0.3851 24.0915
  5.0473  2.7272  0.9743  1.6075 23.0348
  3.9779  0.8335  0.9771  2.1822  5.2905
  3.6115  1.4836  0.9949  1.0197 10.8669
  5.1641  3.9361  0.9783  1.5210 35.8605
  5.3675  3.6732  0.9752  1.6739 33.0123
  5.0954  3.0982  0.9840  0.6681 26.8923
  6.4975  2.9916  0.8904  1.9199 25.7756
  4.9601  0.9862  0.9792  1.6524  6.5248
  4.7952  2.8145  0.9866  1.3663 23.9348
  4.4739  2.8165  0.9694  1.0200 23.9556
  3.6920  0.8966  0.9668  1.8471  5.7937
  4.7982  2.6792  0.9910  1.2833 22.5416
  4.4567  3.2598  0.9954  0.4038 28.5963
  5.3642  4.2589  0.9718  0.5533 39.3940
  5.6446  2.2611  0.9916  2.0673 18.3150
  5.9769  3.1687  0.9692  1.8135 27.6336
  5.2143  2.2776  0.9801  1.4715 18.4794
  5.2024  3.6766  0.9756  1.1638 33.0491
  5.2908  3.3679  0.9772  0.9712 29.7431
  5.1343  3.8794  0.9870  0.3988 35.2440
  5.0217  1.1731  0.9932  0.2655  8.1043
  4.7778  2.4731  0.9748  0.1404 20.4427
  5.0844  3.9012  0.9701  1.3612 35.4807
  5.5117  1.5060  0.9716  1.4633 11.0721
  4.5053  2.9487  0.9980  0.3373 25.3284
  5.0945  4.3440  0.9855  1.6758 40.3316
  5.2788  3.1878  0.9765  0.5081 27.8354
  5.4315  2.0977  0.9703  1.7946 16.6998
  5.1918  3.0352  0.9699  0.7840 26.2317
  4.9864  2.7395  0.9902  0.2988 23.1607
  5.6513  2.1461  0.9873  1.6519 17.1757
  5.2527  0.9681  0.9742  2.7825  6.3754
  4.8180  3.3710  0.9980  1.2838 29.7761
  4.9331  4.4991  0.9728  1.4177 42.0467
  5.4263  3.5434  0.9759  0.4164 31.6174
  4.8774  2.0502  0.9693  1.6453 16.2346
  4.6612  0.5907  0.9830  0.7977  3.4589
  5.1110  3.2185  0.9880  1.2767 28.1596
  5.0196  2.0251  0.9770  1.9009 15.9891
  4.2845  3.5831  0.9867  1.0715 32.0438
  5.7510  3.7096  0.9841  2.8789 33.4054
  5.1754  1.0045  0.9897  0.9961  6.6762
  5.1112  3.6585  0.9943  2.0553 32.8546
  5.4380  1.6860  0.9671  1.4537 12.7424
  5.8891  3.3388  0.9756  2.2213 29.4336
  4.5357  1.5519  0.9844  1.3044 11.4941
  4.7855  1.4067  0.9898  0.2719 10.1688
  4.8816  3.2764  0.9804  0.8081 28.7714
  5.9135  0.4482  0.9825  2.0479  2.4755
  5.5678  2.8634  0.9884  1.5917 24.4412
  3.5176  1.7121  0.9772  1.3815 12.9875
  5.2992  1.9816  0.9768  0.8838 15.5661
  4.5832  2.4787  0.9724  1.2497 20.4989
  5.1055  3.7934  0.9942  0.9708 34.3113
  5.4846  1.5892  0.9881  0.6669 11.8385
  5.1414  2.2498  0.9890  2.0926 18.2020
  5.3261  4.4934  0.9946  1.9841 41.9832
  4.8440  2.6328  0.9978  2.1765 22.0668
  3.9544  4.3082  0.9923  0.5424 39.9361
  4.7550  2.2795  0.9859  1.3385 18.4976
  4.4598  2.0237  0.9708  1.5197 15.9760
  5.4490  3.0515  0.9909  0.9957 26.4025
  5.2826  1.3993  0.9780  0.8859 10.1021
  4.8142  4.3121  0.9756  0.8215 39.9800
  5.2644  2.8665  0.9677  1.8431 24.4740
  4.4030  4.2812  0.9958  1.4655 39.6388
  4.9625  1.2234  0.9784  1.0213  8.5409
  4.7198  1.6191  0.9685  1.2599 12.1165
  6.0712  3.6064  0.9705  2.0250 32.2935
  5.0244  1.9315  0.9708  0.8524 15.0811
  5.0907  3.4794  0.9679  0.5451 30.9320
  5.5792  2.5606  0.9818  2.8531 21.3302
  3.7079  2.3088  0.9721  0.1818 18.7899
  4.9694  1.8752  0.9945  0.9515 14.5394
  5.8924  1.9668  0.9722  1.3992 15.4230
  4.4313  2.6386  0.9929  1.6574 22.1259
  4.9820  2.2534  0.9917  1.1779 18.2384
  5.3159  2.8662  0.9794  0.8092 24.4700
  5.0372  2.5836  0.9696  0.8931 21.5642
  5.5988  2.6107  0.9903  1.3892 21.8403
  4.1858  1.6173  0.9767  1.1579 12.0994
  5.1747  2.6772  0.9669  0.2292 22.5213
  5.2622  2.5738  0.9895  0.9808 21.4643
  4.7845  3.1404  0.9732  0.1512 27.3358
  4.7083  3.5192  0.9955  1.2497 31.3582
  4.7583  2.8186  0.9922  2.5894 23.9774
  4.8536  1.2528  0.9872  1.6464  8.7982
  3.9763  1.1478  0.9685  1.2029  7.8866
  4.4241  2.7126  0.9759  0.5362 22.8844
  6.0350  4.4373  0.9703  0.2902 41.3618
  5.3489  1.9943  0.9703  2.0109 15.6894
  5.6420  3.3255  0.9706  0.9016 29.2925
  4.5792  4.4330  0.9815  0.6952 41.3145
  5.4976  3.9114  0.9921  2.0507 35.5919
  4.7582  3.0460  0.9857  0.6796 26.3441
  5.1148  1.1804  0.9908  0.9875  8.1673
  5.8779  3.5589  0.9823  2.6471 31.7839
  5.2159  0.4951  0.9980  0.6741  2.7909
  5.4044  2.7518  0.9757  1.3034 23.2879
  3.9541  0.7581  0.9694  0.3060  4.7034
  5.6463  2.8114  0.9920  0.6441 23.9026
  4.8643  0.9595  0.9735  0.4058  6.3047
  5.1421  2.8270  0.9825  1.7445 24.0648
  3.7756  3.2187  0.9796  0.8048 28.1611
  5.3745  3.4909  0.9909  2.4394 31.0550
  4.9592  4.4093  0.9694  1.9591 41.0531
  4.8645  2.9622  0.9825  1.6874 25.4683
  4.7719  4.3280  0.9941  1.4834 40.1546
  4.8109  1.1997  0.9708  1.6814  8.3349
  6.9051  2.4020  0.9933  1.0161 19.7245
  5.0161  3.9309  0.9701  2.0620 35.8040
  4.6879  1.0518  0.9840  1.2829  7.0708
  5.3232  3.6112  0.9874  0.4597 32.3453
  5.9865  2.2829  0.9813  0.1881 18.5315
  5.4287  2.4488  0.9867  1.1007 20.1962
  3.7460  2.5517  0.9980  1.4561 21.2396
  5.9731  4.3607  0.9838  2.1078 40.5160
  5.9389  4.1931  0.9710  0.4822 38.6702
  5.7716  4.0793  0.9928  2.3124 37.4233
  4.8748  4.1959  0.9952  1.7458 38.7010
  6.0269  3.2921  0.9820  0.6822 28.9376
  4.6030  3.5539  0.9917  1.4141 31.7305
  4.9446  0.7300  0.9706  1.3451  4.4882
  6.1419  1.5376  0.9900  1.1640 11.3619
  6.2681  3.0280  0.9896  0.8240 26.1556
  5.2670  1.5952  0.9708  0.9103 11.8947
  4.0399  2.2454  0.9922  1.1764 18.1583
  6.2990  3.5067  0.9700  1.0659 31.2246
  5.2905  1.6181  0.9884  0.6841 12.1071
  5.2754  3.3639  0.9980  0.9768 29.7006
  5.7940  3.4240  0.9980  2.0678 30.3406
  4.8456  1.2215  0.9829  1.2426  8.5248
  5.4802  3.3794  0.9823  1.0117 29.8650
  5.5393  2.1590  0.9698  1.7906 17.3027
  4.5118  3.1132  0.9820  0.2752 27.0500
  3.8044  4.2544  0.9776  2.6320 39.3444
  5.3123  3.8674  0.9799  0.5009 35.1130
  5.5713  3.3342  0.9805  0.9283 29.3854
  4.9697  1.5841  0.9844  2.0213 11.7917
  5.0351  3.8895  0.9905  1.1494 35.3532
  4.8012  1.2616  0.9678  0.4911  8.8762
  5.0925  2.2447  0.9899  1.1648 18.1518
  4.5253  1.4089  0.9693  0.4659 10.1888
  5.5887  2.3346  0.9784  1.2043 19.0483
  5.3948  2.3417  0.9979  1.1272 19.1191
  4.4106  3.4924  0.9696  1.8754 31.0711
  4.5695  2.2792  0.9884  1.7679 18.4950
  5.5374  2.6729  0.9914  2.8349 22.4766
  5.4064  4.3070  0.9764  0.9538 39.9237
  4.5192  2.2587  0.9816  1.0694 18.2911
  4.9470  1.5521  0.9681  2.0620 11.4957
  5.9597  2.5093  0.9678  1.7781 20.8086
  5.3188  2.8727  0.9962  0.6513 24.5377
  6.3113  4.2242  0.9828  0.9451 39.0116
  5.2126  1.0914  0.9682  1.0055  7.4056
  5.2722  1.8764  0.9667  1.1570 14.5511
  5.8188  3.8044  0.9704  1.5726 34.4303
  5.2645  3.2788  0.9678  1.9584 28.7975
  5.0646  3.9948  0.9685  0.5010 36.5000
  5.0961  1.9868  0.9722  0.8859 15.6171
  5.2219  1.7307  0.9670  1.0709 13.1634
  5.4390  2.3795  0.9871  1.1459 19.4985
  5.0357  1.9396  0.9856  2.0207 15.1594
  3.7862  1.9025  0.9980  1.6387 14.8014
  4.7171  1.6772  0.9681  0.6915 12.6596
  5.4486  4.1099  0.9980  0.4873 37.7576
  4.7415  0.8622  0.9832  2.0375  5.5178
  5.1966  3.3783  0.9856  1.9890 29.8543
  4.7369  2.3680  0.9798  0.7465 19.3836
  3.8434  1.4567  0.9867  1.1433 10.6218
  5.0980  1.5538  0.9679  1.1083 11.5109
  4.7899  3.8071  0.9939  1.7921 34.4591
  5.3264  1.8293  0.9767  2.1900 14.0993
  4.9527  3.7798  0.9938  2.0779 34.1641
  4.6946  3.5223  0.9836  2.3713 31.3914
  4.6826  4.0699  0.9843  0.4404 37.3198
  4.7731  4.2109  0.9958  0.6487 38.8653
  4.6872  2.8951  0.9980  0.6128 24.7703
  5.3779  4.1829  0.9917  2.6805 38.5585
  5.4302  1.7627  0.9692  1.3877 13.4660
  4.8874  1.9289  0.9863  1.9762 15.0561
  4.6298  3.5594  0.9828  1.0093 31.7886
  4.4283  3.3151  0.9769  1.1771 29.1826
  3.6848  1.3038  0.9739  1.0786  9.2485
  4.9437  2.6107  0.9940  0.8569 21.8406
  4.8211  3.9479  0.9668  2.2100 35.9889
  5.2539  1.6592  0.9976  2.0492 12.4906
  4.0544  1.0980  0.9692  0.9365  7.4611
  5.2297  2.3674  0.9669  0.2615 19.3768
  4.3914  2.6431  0.9901  2.1994 22.1714
  5.2262  4.4342  0.9907  1.3719 41.3275
  3.8997  2.2342  0.9716  0.9171 18.0476
  5.8355  3.1047  0.9873  1.1265 26.9607
  5.7037  2.0451  0.9670  0.5103 16.1847
  5.3072  4.3930  0.9751  0.7637 40.8719
  4.1840  2.4500  0.9739  1.1080 20.2088
  4.9845  2.4972  0.9782  0.8750 20.6859
  4.5167  1.3618  0.9730  1.6358  9.7654
  5.3664  2.8209  0.9777  0.7925 24.0011
  5.5230  1.1415  0.9724  0.8419  7.8327
  4.6953  4.2802  0.9913  2.4545 39.6276
  5.2318  2.8555  0.9755  1.5744 24.3595
  5.3340  1.8804  0.9761  1.6863 14.5889
  5.7946  3.5759  0.9980  2.5839 31.9664
  5.5610  2.2507  0.9940  1.3893 18.2114
  5.2316  2.3935  0.9750  1.7366 19.6393
  4.0777  4.0683  0.9891  1.9335 37.3026
  4.4604  3.8601  0.9910  1.8476 35.0341
  3.6160  0.4637  0.9849  1.3439  2.5789
  4.4871  3.9264  0.9785  0.5089 35.7542
  5.5486  2.6864  0.9812  0.8953 22.6158
  4.4553  0.5462  0.9939  0.7965  3.1442
  5.0307  2.0664  0.9683  0.4638 16.3927
  4.8189  1.9514  0.9718  0.2003 15.2740
  4.9078  2.5800  0.9747  1.4389 21.5280
  4.9441  1.6735  0.9850  1.5281 12.6252
  4.7746  1.8104  0.9784  1.0104 13.9192
  4.9454  2.6036  0.9671  1.5800 21.7684
  5.2198  0.7283  0.9829  1.3918  4.4751
  3.9556  1.5079  0.9980  0.1957 11.0888
  4.9628  0.5788  0.9899  1.5938  3.3742
  5.7339  4.1157  0.9697  1.4347 37.8213
  5.2981  3.6681  0.9899  1.3954 32.9574
  4.5794  2.2513  0.9913  1.5751 18.2168
  4.2378  3.0308  0.9674  2.0272 26.1855
  3.7821  2.5227  0.9925  1.6042 20.9445
  5.1099  2.2670  0.9799  0.1738 18.3731
  6.8704  1.9251  0.5799  1.2573 15.0190
  5.1850  2.5483  0.9740  1.8813 21.2052
  5.4922  2.5801  0.9902  2.2184 21.5290
  4.4715  1.7004  0.9809  1.7206 12.8769
  3.7948  1.8949  0.9815  2.0046 14.7288
  5.5521  3.4256  0.9852  0.9159 30.3583
  5.2296  2.3345  0.9957  1.7485 19.0474
  5.4893  0.9094  0.9934  1.1272  5.8971
  4.8652  1.3185  0.9667  1.5877  9.3786
  5.0806  3.3028  0.9825  0.0488 29.0515
  5.3293  4.3317  0.9980  1.1116 40.1957
  6.3247  2.8309  0.9955  1.7258 24.1044
  4.9222  3.8735  0.9728  2.1210 35.1793
  5.3977  1.8099  0.9713  1.5627 13.9143
  5.2518  3.4091  0.9730  0.6182 30.1816
  4.2367  3.8865  0.9792  2.0530 35.3214
  4.6663  3.5664  0.9756  0.8729 31.8639
  5.0527  2.0863  0.9794  1.8701 16.5876
  4.3667  0.3968  0.9858  2.5059  2.1408
  4.4821  3.9360  0.9859  1.2718 35.8588
  4.6189  1.8963  0.9979  2.3239 14.7423
  4.6203  2.8948  0.9903  0.6291 24.7677
  4.3521  1.8230  0.9787  0.9840 14.0392
  5.2101  2.2953  0.9854  0.3934 18.6552
  5.7529  3.9076  0.9849  1.3933 35.5499
  5.0453  1.6323  0.9968  0.8946 12.2392
  5.3429  1.8951  0.9899  1.0561 14.7300
  4.4591  4.1301  0.9701  2.0547 37.9789
  5.4310  3.1936  0.9961  0.9243 27.8961
  5.7303  2.1950  0.9697  0.7391 17.6585
  4.6067  3.2657  0.9973  0.8847 28.6587
  5.1445  0.6334  0.9867  2.5693  3.7678
  6.8547  4.1654  0.4921  1.7984 38.3662
  4.6697  1.2917  0.9827  2.5890  9.1409
  4.9763  1.4695  0.9764  1.3147 10.7377
  4.5466  3.8131  0.9700  0.8906 34.5247
  4.1793  4.1002  0.9686  2.0545 37.6515
  5.1016  1.9970  0.9973  1.0910 15.7157
  4.5665  1.9317  0.9905  1.7328 15.0828
  5.0623  1.7490  0.9669  2.2360 13.3358
  5.1266  1.3759  0.9786  0.1476  9.8914
  5.6158  3.0269  0.9748  1.8169 26.1441
  5.4873  3.1764  0.9732  0.7678 27.7148
  4.4786  1.1632  0.9863  0.4947  8.0188
  4.2012  2.1059  0.9980  1.0155 16.7802
  5.4177  2.1872  0.9738  0.3987 17.5816
  5.9723  3.7326  0.9892  2.9139 33.6535
  5.2619  0.7178  0.9711  2.1921  4.3956
  5.2771  0.9511  0.9678  0.6801  6.2362
  5.4224  3.3705  0.9718  2.3229 29.7705
  5.5798  1.0551  0.9968  1.5585  7.0991
  5.3639  1.6097  0.9856  1.9474 12.0292
  4.6473  2.5520  0.9741  0.5954 21.2426
  4.8921  2.3876  0.9980  1.6811 19.5802
  4.8056  1.1526  0.9942  1.5022  7.9282
  4.5579  2.5675  0.9859  1.1877 21.4005
  4.7875  4.3032  0.9814  1.4848 39.8813
  5.2482  1.6492  0.9882  0.2668 12.3974
  4.5047  0.8170  0.9752  2.4744  5.1607
  4.2227  3.7530  0.9697  2.4356 33.8741
  5.3009  2.6648  0.9933  0.4305 22.3939
  5.2378  2.6290  0.9924  1.4845 22.0280
  5.4706  1.4313  0.9730  0.6945 10.3912
  5.8643  3.7136  0.9816  0.3170 33.4487
  3.8654  1.0789  0.9937  0.2447  7.2991
  4.3334  3.1935  0.9869  0.6094 27.8956
  4.7792  1.1350  0.9824  0.7667  7.7768
  6.1043  3.5480  0.9925  0.5240 31.6665
  4.6739  2.1208  0.9747  1.3113 16.9267
  4.7652  2.2939  0.9747  2.2945 18.6413
  5.6945  3.2921  0.9779  2.0074 28.9385
  5.1699  3.4378  0.9751  1.4594 30.4884
  4.9975  2.2223  0.9851  2.1563 17.9287
  3.7287  2.2658  0.9967  0.7968 18.3616
  4.9615  3.8021  0.9670  2.0896 34.4054
  5.9104  1.1835  0.9745  0.8345  8.1945
  4.6407  2.7503  0.9786  1.7189 23.2729
  4.5792  4.2809  0.9893  0.7081 39.6354
  4.6230  3.4902  0.9974  2.4835 31.0475
  4.2934  0.5363  0.9900  1.7495  3.0750
  5.6191  0.5995  0.9846  1.7438  3.5224
  5.0220  2.5182  0.9852  2.1408 20.8987
  5.1646  1.9082  0.9679  1.5042 14.8562
  5.2883  3.1984  0.9939  1.3232 27.9474
  4.4441  1.4362  0.9750  1.6606 10.4356
  5.1994  2.3690  0.9848  0.1962 19.3937
  4.6674  3.3980  0.9679  1.0262 30.0633
  5.1686  1.4455  0.9763  1.8463 10.5196
  4.8611  4.2299  0.9942  1.1666 39.0745
  5.0782  0.9026  0.9687  0.9841  5.8422
  4.9617  0.3814  0.9935  1.4515  2.0430
  4.8094  1.9696  0.9732  1.5339 15.4502
  5.7794  3.5417  0.9808  1.0294 31.5988
  5.3790  3.0395  0.9827  1.5664 26.2766
  4.6346  2.7064  0.9862  1.5831 22.8205
  4.2014  4.2778  0.9687  1.3207 39.6014
  5.2577  0.7805  0.9668  2.8694  4.8761
  4.0136  1.6557  0.9696  2.4936 12.4578
  4.8786  3.1959  0.9921  0.6999 27.9209
  4.5511  3.1486  0.9951  1.2495 27.4224
  6.1107  1.5785  0.9711  0.5023 11.7391
  5.5191  2.4063  0.9773  1.4110 19.7686
  4.9518  1.5339  0.9801  0.8263 11.3278
  4.8851  2.1959  0.9690  0.5165 17.6671
  4.4812  1.2896  0.9891  0.1087  9.1225
  5.7950  1.8546  0.9844  1.5612 14.3414
  5.2512  1.8443  0.9866  1.1512 14.2430
  5.3792  2.4216  0.9745  2.9696 19.9223
  4.9885  1.7511  0.9876  1.2187 13.3558
  4.8020  0.6910  0.9818  0.2268  4.1939
  5.2198  2.8100  0.9953  1.6313 23.8884
  5.2641  0.3653  0.9892  1.6833  1.9413
  3.9970  3.8112  0.9688  2.5264 34.5044
  5.4150  3.9805  0.9743  0.6353 36.3438
  5.3513  0.3118  0.9872  1.3818  1.6125
  5.0385  4.3274  0.9756  0.9407 40.1478
  4.5522  2.0601  0.9882  2.0378 16.3315
  4.7533  2.3758  0.9805  0.8382 19.4611
  5.4773  2.0419  0.9743  2.1926 16.1530
  5.7084  2.9969  0.9957  2.2206 25.8306
  3.5488  4.1921  0.9925  1.6437 38.6590
  4.8966  2.0745  0.9720  2.1544 16.4718
  4.4860  1.7200  0.9790  1.8392 13.0616
  5.2981  2.7268  0.9936  1.8494 23.0303
  5.8256  2.7700  0.9422  1.6530 23.4754
  5.5114  3.2977  0.9975  2.1016 28.9974
  5.3411  3.7789  0.9911  1.4546 34.1539
  5.2596  0.7013  0.9862  1.6582  4.2711
  5.7831  4.2546  0.9715  0.5296 39.3467
  5.1178  1.7219  0.9752  1.7043 13.0797
  5.1564  2.0968  0.9682  2.0035 16.6904
  4.8306  4.1257  0.9899  0.7942 37.9311
  6.6384  3.2291  0.7183  0.7644 28.2707
  4.2968  2.5715  0.9821  2.6796 21.4408
  4.8720  4.1452  0.9703  1.5589 38.1451
  6.1286  3.4031  0.9839  1.7052 30.1182
  5.4164  1.4427  0.9778  1.6446 10.4944
  5.8128  2.1832  0.9980  1.2982 17.5416
  5.7043  4.0427  0.9866  1.7232 37.0228
  5.9591  3.9060  0.9922  1.1640 35.5328
  6.0795  4.3106  0.9771  2.3465 39.9634
  4.6913  1.4694  0.9755  1.5264 10.7368
  5.2855  4.3595  0.9925  1.4766 40.5026
  5.3156  3.7780  0.9769  1.5519 34.1443
  4.9238  2.2651  0.9848  1.4140 18.3545
  5.8731  2.9589  0.9898  0.5546 25.4346
  4.3096  1.3383  0.9787  1.0881  9.5551
  4.0056  2.2520  0.9749  1.7414 18.2242
  5.0252  1.9151  0.9900  1.0669 14.9231
  4.9820  4.4690  0.9718  2.0929 41.7132
  4.2700  3.4974  0.9945  1.2555 31.1249
  5.0194  1.0103  0.9927  1.6629  6.7244
  5.1206  1.4872  0.9907  0.7895 10.8996
  5.0937  1.8538  0.9688  2.2182 14.3335
  5.6601  3.3974  0.9963  0.8047 30.0571
  4.6043  2.8309  0.9682  0.1151 24.1050
  5.3981  1.7999  0.9765  0.3580 13.8193
  4.8591  3.1886  0.9832  2.1293 27.8430
  5.2906  1.2927  0.9944  2.0747  9.1498
  4.9026  1.0837  0.9980  1.0733  7.3402
  5.8066  1.5780  0.9675  1.1545 11.7351
  5.5332  2.9312  0.9736  1.3426 25.1459
  3.9516  4.3911  0.9681  1.2099 40.8512
  5.2674  1.8032  0.9821  0.7835 13.8502
  4.9718  1.0471  0.9978  0.8909  7.0313
  5.2565  2.1194  0.9714  1.6220 16.9128
  4.7095  4.4561  0.9942  0.8019 41.5708
  4.7679  1.7009  0.9875  1.6747 12.8819
  4.2816  1.4403  0.9933  0.6334 10.4725
  5.1303  3.2084  0.9799  2.0523 28.0520
  5.2882  3.0179  0.9940  0.3585 26.0506
  4.8910  2.5304  0.9980  1.7862 21.0232
  5.8271  2.4564  0.9831  1.4958 20.2732
  5.1230  1.9352  0.9980  1.7424 15.1171
  5.1103  1.5907  0.9935  1.3670 11.8522
  5.2220  0.6276  0.9980  0.5976  3.7259
  6.8707  2.3741  0.7329  1.4979 19.4446
  5.1816  2.4901  0.9917  1.0416 20.6146
  3.9602  2.7333  0.9837  1.1733 23.0970
  4.6858  1.5768  0.9772  1.7082 11.7238
  4.8863  3.5680  0.9950  0.3311 31.8813
  3.5125  2.5674  0.9788  0.4668 21.3990
  6.8580  2.6432  0.5240  0.4117 22.1733
  4.2007  1.0924  0.9868  0.5998  7.4134
  4.6570  3.4578  0.9864  1.3706 30.7015
  4.5418  1.4548  0.9852  1.4709 10.6046
  4.9144  4.2189  0.9915  2.1966 38.9534
  4.8574  3.0447  0.9758  1.4190 26.3312
  3.8388  3.0876  0.9926  2.3098 26.7803
  5.3278  1.4175  0.9971  2.2110 10.2661
  5.8248  3.7112  0.9835  2.5728 33.4226
  5.3008  4.0104  0.9822  1.6393 36.6703
  5.3298  1.4659  0.9712  0.4866 10.7054
  5.3222  3.6846  0.9937  0.2888 33.1359
  5.2303  2.2793  0.9980  0.4542 18.4957
  4.0571  4.0864  0.9923  2.2197 37.5006
  5.0048  1.4402  0.9955  2.2588 10.4718
  5.6706  2.7002  0.9794  0.6483 22.7568
  5.4540  2.4535  0.9705  1.8844 20.2442
  5.3987  2.7030  0.9770  1.0246 22.7857
  5.1356  1.7528  0.9722  0.7813 13.3716
  4.6323  1.5080  0.9931  0.1890 11.0904
  5.1999  2.1483  0.9962  1.6878 17.1971
  4.5175  2.8036  0.9980  1.2981 23.8221
  5.9407  2.8024  0.9670  2.6739 23.8098
  4.6670  2.7527  0.9925  0.8546 23.2976
  5.4343  1.6801  0.9705  0.4124 12.6862
  4.6203  3.6911  0.9964  0.5939 33.2056
  5.0619  1.5479  0.9674  1.1123 11.4569
  5.4396  4.3786  0.9980  1.4595 40.7130
  4.9017  1.8994  0.9671  2.4826 14.7721
  5.6233  2.2616  0.9936  1.0520 18.3201
  5.2869  1.9142  0.9849  1.2641 14.9145
  5.2623  1.7255  0.9918  1.8327 13.1139
  5.0374  2.9279  0.9811  0.7978 25.1119
  4.8939  3.0274  0.9911  1.7719 26.1501
  4.4320  3.8793  0.9764  1.3024 35.2430
  5.2715  2.9974  0.9706  0.4090 25.8357
  5.1411  3.8705  0.9928  1.3140 35.1474
  5.2929  1.1578  0.9748  1.0469  7.9724
  4.6699  2.3632  0.9980  0.1273 19.3349
  4.8824  3.5001  0.9980  2.4379 31.1534
  6.5696  3.4857  0.7801  0.9320 30.9995
  5.1405  3.2358  0.9924  2.4194 28.3425
  5.5094  3.1855  0.9687  1.9408 27.8108
  3.5024  3.2216  0.9756  1.6349 28.1924
  4.4576  1.7564  0.9721  1.5486 13.4057
  5.2019  1.5886  0.9938  2.5151 11.8326
  4.8449  2.1157  0.9854  1.5362 16.8763
  4.7964  4.4793  0.9913  0.6248 41.8274
  6.0180  2.1949  0.9855  0.7323 17.6575
  4.8529  0.9460  0.9894  0.4812  6.1941
  5.5473  1.6953  0.9786  0.8804 12.8299
  5.0595  0.1972  0.9728  0.6067  0.9558
  4.5254  1.5603  0.9745  1.8761 11.5713
  4.1215  1.2261  0.9683  1.6761  8.5648
  6.2259  3.7998  0.9805  0.5138 34.3802
  5.3242  2.1594  0.9803  2.1911 17.3070
  5.0466  1.4779  0.9744  1.0510 10.8148
  4.8589  4.3351  0.9850  0.8301 40.2329
  6.0291  2.4809  0.9860  2.0931 20.5208
  5.1812  2.8022  0.9725  2.0186 23.8074
  4.7739  0.5067  0.9754  1.9224  2.8700
  4.4814  2.7113  0.9910  2.1410 22.8707
  5.7927  0.7472  0.9840  0.9497  4.6195
  5.7312  3.8394  0.9815  2.4495 34.8093
  5.9968  3.3106  0.9980  1.4252 29.1342
  5.5218  2.4081  0.9823  1.8952 19.7860
  4.8765  1.8946  0.9832  1.0867 14.7255
  5.3530  2.6564  0.9703  1.8603 22.3083
  3.7856  3.8432  0.9689  0.7906 34.8509
  5.9734  1.5422  0.9962  1.2333 11.4044
  5.0679  1.7086  0.9633  0.4001 12.9544
  5.6826  3.2693  0.9736  2.1649 28.6969
  4.5375  3.5616  0.9752  2.4825 31.8121
  6.1915  2.5841  0.9872  2.7095 21.5688
  5.7221  1.8703  0.9964  0.9021 14.4919
  4.6803  2.8529  0.9813  2.1942 24.3328
  3.7053  1.5416  0.9770  0.3890 11.3984
  5.0769  1.3401  0.9980  2.3970  9.5711
  5.3028  3.3780  0.9745  0.4744 29.8502
  4.2670  2.1993  0.9925  2.5188 17.7017
  5.8282  2.9564  0.9851  1.0691 25.4083
  5.4004  1.0138  0.9667  0.1186  6.7530
  5.2186  2.7034  0.9787  0.3519 22.7902
  5.8433  2.3339  0.9953  0.3247 19.0417
  5.1731  2.0330  0.9800  0.9757 16.0670
  5.2503  0.7781  0.9709  0.9924  4.8572
  4.0976  1.9558  0.9667  1.3788 15.3160
  4.1113  2.7120  0.9932  0.4621 22.8788
  5.1204  3.5740  0.9767  1.4917 31.9458
  5.0607  1.5307  0.9731  1.6923 11.2986
  6.0935  1.1226  0.9679  2.0122  7.6705
  5.6807  1.0948  0.9870  1.6186  7.4343
  3.8685  2.0691  0.9730  0.6093 16.4195
  4.4335  1.6706  0.9784  1.9983 12.5971
  4.8248  4.1295  0.9683  0.1183 37.9724
  3.9664  2.0994  0.9924  1.0470 16.7167
  4.9420  1.6092  0.9694  1.9594 12.0247
  5.5354  3.4436  0.9887  2.3745 30.5499
  6.6449  2.7768  0.6018  1.3551 23.5461
  5.7401  3.3694  0.9801  1.7549 29.7588
  5.4240  1.1853  0.9814  0.6183  8.2099
  5.1903  2.6122  0.9980  1.1659 21.8557
  4.7815  2.8410  0.9978  2.0929 24.2096
  5.1657  4.2537  0.9829  0.9839 39.3364
  5.3039  3.5553  0.9769  1.1338 31.7451
  4.9711  1.3163  0.9956  1.8038  9.3591
  5.4119  1.9114  0.9805  2.3324 14.8873
  5.5454  3.3938  0.9695  1.0958 30.0183
  4.5795  1.9475  0.9847  1.3072 15.2358
  5.5255  1.8483  0.9898  0.5762 14.2813
  5.2860  0.9823  0.9888  2.6939  6.4921
  5.2309  2.6494  0.9761  1.9098 22.2360
  5.0063  4.2253  0.9714  1.5548 39.0244
  4.4748  2.2729  0.9944  1.3916 18.4325
  6.1790  4.3832  0.9954  0.3965 40.7637
  5.5202  4.0563  0.9805  1.3422 37.1717
  5.0315  3.8559  0.9702  0.6421 34.9892
  5.2055  3.0236  0.9972  1.8587 26.1098
  5.2606  2.0158  0.9689  0.2701 15.8991
  5.5601  2.2261  0.9922  1.7747 17.9670
  3.9388  3.9739  0.9813  0.2962 36.2724
  5.2498  2.4678  0.9921  0.8441 20.3891
  5.2796  2.6604  0.9980  0.9905 22.3492
  4.4291  0.8930  0.9803  0.8791  5.7645
  4.8744  0.7861  0.9935  0.8062  4.9192
  5.0234  2.0088  0.9758  1.9936 15.8302
  5.3715  1.5361  0.9881  2.4871 11.3485
  3.5269  2.4658  0.9677  2.2626 20.3688
  5.0998  4.0685  0.9959  0.6639 37.3052
  5.0297  0.5885  0.9724  1.0916  3.4437
  4.0038  1.8424  0.9936  2.2795 14.2248
  5.4928  1.8636  0.9729  2.5394 14.4278
  5.5265  3.8826  0.9887  0.6604 35.2788
  4.8330  3.0899  0.9980  1.6683 26.8049
  5.4287  0.2093  0.9947  1.6480  1.0222
  5.6272  0.6512  0.9868  2.0215  3.8984
  5.0389  1.0504  0.9823  0.1167  7.0595
  4.8573  3.5075  0.9796  0.2063 31.2331
  5.6684  1.1130  0.9980  0.8292  7.5892
  4.8245  2.3431  0.9980  1.5584 19.1334
  4.7727  2.5581  0.9796  2.0674 21.3042
  4.0108  4.1707  0.9767  2.2154 38.4247
  4.1663  1.6868  0.9773  1.8437 12.7491
  4.4802  4.4286  0.9904  2.5701 41.2657
  4.3382  2.1470  0.9864  1.0280 17.1841
  5.4848  2.7862  0.9698  1.2204 23.6423
  5.5330  3.8869  0.9858  0.7779 35.3252
  5.2515  2.2931  0.9850  2.4800 18.6341
  5.0463  1.5190  0.9747  0.5960 11.1909
  5.1218  2.3036  0.9980  1.2720 18.7384
  4.9083  1.3935  0.9848  0.3659 10.0493
  4.7178  1.1914  0.9771  1.1196  8.2631
  5.9603  2.2296  0.9965  0.8245 18.0018
  5.2685  0.8406  0.9739  1.4225  5.3465
  5.5733  1.7437  0.9858  1.8489 13.2855
  5.0343  3.7856  0.9797  1.1586 34.2268
  5.1347  1.9271  0.9980  0.9359 15.0385
  5.4153  3.1009  0.9902  2.0305 26.9202
  4.0472  1.0485  0.9928  0.9801  7.0432
  4.4454  2.6742  0.9980  1.2365 22.4905
  5.4550  2.1179  0.9980  0.7780 16.8985
  5.0352  1.4757  0.9797  2.2490 10.7946
  4.8921  2.9067  0.9737  1.8364 24.8905
  5.3073  4.3496  0.9678  1.1378 40.3936
  4.3841  1.9587  0.9841  1.0321 15.3448
  5.6436  2.4209  0.9782  0.5353 19.9153
  4.4685  0.6198  0.9765  1.6406  3.6688
  5.5220  1.6654  0.9904  0.6476 12.5493
  5.3799  2.4174  0.9852  1.2289 19.8803
  4.4066  2.0184  0.9809  2.9258 15.9245
  4.9283  4.0717  0.9774  1.6742 37.3395
  6.7063  1.8620  0.6518  0.3954 14.4123
  4.2614  3.4748  0.9802  0.8988 30.8836
  5.5251  1.5237  0.9769  1.1407 11.2343
  4.2182  1.4246  0.9907  1.4834 10.3303
  4.7592  1.4154  0.9820  0.1462 10.2470
  3.8574  1.9551  0.9903  2.6344 15.3095
  4.8129  1.5127  0.9955  1.8776 11.1330
  5.6296  0.6641  0.9694  1.3933  3.9936
  5.1036  2.5996  0.9980  1.4925 21.7277
  4.6015  3.8395  0.9927  0.4415 34.8105
  4.4066  2.7236  0.9677  2.1130 22.9973
  3.6135  1.4021  0.9911  2.0747 10.1275
  5.8896  3.6245  0.9911  0.4665 32.4885
  6.0591  3.1703  0.9707  2.3503 27.6507
  5.0923  2.8440  0.9797  2.9874 24.2405
  5.4949  1.4546  0.9810  0.4419 10.6022
  4.8529  1.4877  0.9952  0.7851 10.9042
  6.4064  3.9976  0.7868  2.8609 36.5299
  5.2123  3.7152  0.9979  0.5337 33.4659
  4.2451  1.9510  0.9735  0.9809 15.2699
  5.2331  1.8333  0.9752  1.0821 14.1374
  4.5616  1.8060  0.9930  2.1686 13.8769
  5.2470  3.5504  0.9947  0.3705 31.6925
  5.2371  0.6793  0.9745  1.2137  4.1066
  4.5127  2.9578  0.9679  2.7914 25.4232
  5.9070  2.9179  0.9672  1.6224 25.0072
  4.5748  3.2860  0.9792  0.7637 28.8735
  5.8119  1.6398  0.9864  2.4218 12.3090
  4.5201  3.8911  0.9747  1.0137 35.3707
  4.2789  3.0355  0.9883  0.9390 26.2341
  4.6065  2.2507  0.9798  1.0043 18.2113
  4.7683  1.3580  0.9947  0.0679  9.7313
  4.5779  2.0802  0.9790  1.2858 16.5277
  6.5144  1.7563  0.8563  1.6377 13.4053
  4.7614  1.6264  0.9784  3.0668 12.1844
  4.3820  2.3933  0.9870  0.8327 19.6371
  6.5910  1.4612  0.9900  2.2246 10.6622
  5.2963  2.8219  0.9961  1.7485 24.0113
  4.2509  3.1189  0.9757  2.2050 27.1092
  4.9334  2.6012  0.9856  0.5413 21.7441
  5.5890  2.4456  0.9701  1.4368 20.1646
  5.0908  2.5296  0.9798  1.3279 21.0148
  6.8585  3.0321  0.6114  2.5218 26.1988
  4.9170  2.4222  0.9956  1.0547 19.9283
  5.1056  2.6776  0.9727  1.1095 22.5250
  4.7517  3.3589  0.9725  1.1891 29.6474
  4.4817  3.0339  0.9850  0.8755 26.2178
  4.9239  3.0384  0.9740  0.8617 26.2654
  5.1875  4.1425  0.9791  1.5707 38.1150
  5.6916  1.1012  0.9958  1.1749  7.4884
  4.5838  2.4674  0.9968  1.2376 20.3849
  6.4926  3.4804  0.9101  0.5610 30.9428
  6.0531  1.9464  0.9804  0.2392 15.2256
  4.5470  1.8830  0.9961  1.4546 14.6141
  3.9727  2.0734  0.9890  0.5033 16.4613
  4.7179  2.3527  0.9980  0.8860 19.2302
  5.9407  3.5669  0.9973  1.6124 31.8693
  5.0072  1.6281  0.9866  1.6620 12.2000
  5.5466  2.0826  0.9980  1.8317 16.5519
  6.0443  3.4587  0.9841  2.0521 30.7106
  5.2085  1.9703  0.9683  0.2589 15.4571
  5.5907  1.0776  0.9816  1.6749  7.2885
  4.9925  2.3578  0.9906  1.9590 19.2812
  4.9905  0.7854  0.9713  1.6379  4.9144
  5.6825  0.4907  0.9871  0.4695  2.7608
  6.0474  3.0644  0.9689  0.5775 26.5372
  5.2253  1.4189  0.9824  0.7755 10.2785
  4.5440  2.8606  0.9862  1.2725 24.4120
  4.7465  1.5380  0.9972  0.3565 11.3659
  3.6142  0.8277  0.9845  0.9650  5.2453
  5.0561  1.8793  0.9683  1.8961 14.5782
  4.2234  1.4031  0.9862  1.2687 10.1359
  5.0892  1.8550  0.9980  0.3381 14.3454
  5.5029  4.4942  0.9932  1.2912 41.9929
  4.3712  2.5135  0.9963  2.2371 20.8510
  4.1040  3.3279  0.9840  1.4638 29.3181
  4.8982  3.5100  0.9919  2.0950 31.2594
  4.6253  4.1479  0.9813  1.8534 38.1741
  6.0382  3.5769  0.9967  0.7584 31.9766
  4.0937  1.0988  0.9702  0.2568  7.4681
  4.2709  3.7616  0.9980  1.8827 33.9669
  4.3813  3.1299  0.9980  1.3728 27.2248
  4.2150  4.2918  0.9788  1.4915 39.7557
  4.8512  2.6753  0.9951  0.8315 22.5015
  5.0854  2.3086  0.9927  0.7331 18.7882
  4.8241  1.4307  0.9878  2.0954 10.3855
  5.1528  1.5333  0.9941  1.9819 11.3226
  4.8315  2.7974  0.9696  0.2153 23.7579
  6.1013  2.5589  0.9918  1.1988 21.3127
  4.4228  3.1884  0.9680  0.3615 27.8411
  4.7415  2.1838  0.9937  0.7220 17.5482
  4.7392  1.5757  0.9940  2.4129 11.7139
  3.7164  1.6256  0.9724  2.0392 12.1766
  5.0339  2.7745  0.9687  1.2889 23.5215
  5.2387  0.5166  0.9795  0.1182  2.9386
  4.7080  1.6414  0.9944  0.8594 12.3247
  5.3961  3.9358  0.9804  1.7217 35.8566
  4.7871  3.7998  0.9802  2.6068 34.3801
  5.5625  3.7694  0.9848  0.5635 34.0515
  5.5391  2.8045  0.9846  2.7589 23.8313
  5.2562  0.7464  0.9771  2.2084  4.6131
  3.7630  1.1615  0.9737  2.5242  8.0043
  6.3561  2.1835  0.9919  0.9603 17.5450
  5.1241  2.2710  0.9936  2.0288 18.4135
  4.9233  0.7392  0.9980  0.5668  4.5588
  5.3078  1.5827  0.9726  1.6638 11.7783
  5.0412  1.8877  0.9786  0.8035 14.6597
  4.0324  2.0519  0.9708  1.7230 16.2510
  4.8752  3.7323  0.9727  1.8980 33.6504
  5.1108  1.1135  0.9749  0.6054  7.5928
  3.7997  0.9815  0.9957  1.1355  6.4859
  4.6393  4.1318  0.9763  0.7628 37.9983
  5.5478  2.0381  0.9725  0.7010 16.1165
  4.5659  2.0650  0.9701  1.8881 16.3788
  4.1783  2.4827  0.9875  0.7674 20.5393
  5.2245  2.5713  0.9684  0.5952 21.4393
  4.4229  3.6788  0.9673  0.9297 33.0730
  3.7431  3.7136  0.9827  1.2668 33.4489
  5.8225  3.7926  0.9735  1.1571 34.3026
  4.3503  4.3010  0.9767  0.8073 39.8576
  5.2496  2.3337  0.9952  1.7212 19.0398
  5.3304  4.2271  0.9680  1.5995 39.0438
  5.9366  2.2051  0.9689  0.6986 17.7583
  6.8905  2.8890  0.4945  2.0266 24.7073
  5.2272  2.0366  0.9862  0.7709 16.1013
  5.2056  2.6169  0.9742  1.2284 21.9036
  4.4213  0.9272  0.9829  0.6255  6.0415
  5.4061  2.8222  0.9891  1.4019 24.0150
  5.5733  2.4135  0.9709  1.9273 19.8405
  6.3869  3.1150  0.9777  1.1708 27.0685
  4.2834  3.5142  0.9897  0.3626 31.3041
  4.9052  2.3275  0.9931  1.6508 18.9778
  5.5004  1.4520  0.9743  0.7655 10.5791
  4.4891  2.3434  0.9917  1.1646 19.1363
  4.7229  2.7279  0.9691  1.4066 23.0419
  3.5473  3.9745  0.9734  0.8679 36.2782
  4.4696  1.3626  0.9857  0.5270  9.7724
  4.0299  3.2262  0.9968  2.1180 28.2403
  5.2757  1.8376  0.9784  2.3501 14.1790
  5.4532  2.9553  0.9723  2.1517 25.3972
  5.0384  3.3389  0.9731  2.0259 29.4346
  5.2718  2.3082  0.9912  2.1003 18.7845
  5.2377  3.1382  0.9667  1.5360 27.3126
  4.5444  4.3543  0.9980  0.7556 40.4446
  5.0316  4.3279  0.9781  0.8253 40.1540
  3.6847  1.3323  0.9673  0.3971  9.5012
  4.8994  3.6658  0.9675  0.8096 32.9330
  5.7244  0.5480  0.9832  0.5767  3.1568
  5.0227  1.3800  0.9914  0.9306  9.9284
  4.4541  4.3633  0.9822  1.9543 40.5441
  5.6850  0.9788  0.9917  2.1624  6.4638
  5.8627  1.4266  0.9878  2.0082 10.3486
  4.9888  3.1970  0.9681  1.0790 27.9323
  4.7281  0.6625  0.9817  2.0978  3.9823
  5.4338  1.1403  0.9816  0.1733  7.8222
  4.0995  1.3167  0.9894  0.3945  9.3633
  5.1273  2.0111  0.9788  1.4804 15.8531
  5.2872  0.7218  0.9943  0.4254  4.4258
  5.2845  1.4799  0.9804  1.7086 10.8330
  5.0557  1.1712  0.9802  1.3394  8.0883
  4.6750  1.4479  0.9776  0.9571 10.5415
  4.6226  3.2058  0.9846  2.6528 28.0253
  5.3972  1.7715  0.9851  0.4090 13.5491
  3.7996  0.7806  0.9906  0.5546  4.8766
  4.9979  1.4907  0.9800  0.7092 10.9317
  4.9860  4.1979  0.9798  1.8562 38.7234
  4.9246  2.4297  0.9689  1.7021 20.0038
  5.2244  3.0347  0.9777  1.4362 26.2267
  5.1934  1.8301  0.9824  1.4895 14.1068
  5.1656  1.9207  0.9943  0.2105 14.9766
  5.2001  1.9220  0.9886  0.4205 14.9899
  4.8276  3.4534  0.9980  1.6058 30.6544
  4.6005  0.7217  0.9678  1.5515  4.4257
  4.5011  0.3591  0.9711  1.7633  1.9025
  5.7636  1.1904  0.9980  0.8299  8.2545
  5.1985  2.8335  0.9851  0.3128 24.1315
  5.4887  4.0517  0.9889  0.2499 37.1212
  5.4254  1.5963  0.9851  0.8949 11.9044
  5.2053  2.4318  0.9805  0.9203 20.0250
  5.7798  4.0997  0.9737  2.5098 37.6459
  5.3568  3.3963  0.9932  1.5221 30.0457
  4.6533  1.4682  0.9834  0.9763 10.7264
  4.1033  3.1165  0.9683  1.5470 27.0841
  6.0132  3.3902  0.9894  2.2909 29.9800
  5.3627  3.6122  0.9725  0.8591 32.3556
  4.2035  2.0934  0.9688  1.3824 16.6572
  5.4669  3.5542  0.9845  0.5279 31.7329
  5.1058  1.0953  0.9892  1.3945  7.4385
  5.0302  1.4245  0.9815  0.3861 10.3295
  4.5815  3.9716  0.9973  1.7802 36.2468
  4.5717  3.5926  0.9857  0.6953 32.1459
  5.5894  1.2856  0.9882  1.6944  9.0871
  5.4407  1.8084  0.9805  2.0026 13.9000
  6.5812  2.5114  0.7623  0.7923 20.8307
  4.8334  3.7633  0.9694  1.7214 33.9853
  5.1429  1.1375  0.9960  0.3040  7.7980
  4.8328  1.8648  0.9686  2.1591 14.4394
  4.6672  2.8108  0.9836  1.2141 23.8969
  5.8070  2.0153  0.9773  2.9902 15.8940
  5.1629  1.4318  0.9818  0.9430 10.3957
  5.4769  3.9194  0.9856  2.2036 35.6782
  6.0685  3.0711  0.9912  2.0306 26.6078
  5.5893  2.7424  0.9754  0.9100 23.1915
  5.2814  1.1797  0.9800  1.2979  8.1612
  5.1691  2.3396  0.9930  0.7162 19.0981
  4.7769  2.2297  0.9743  2.3884 18.0029
  5.0821  1.0479  0.9854  1.6013  7.0382
  5.4360  0.8753  0.9785  2.3966  5.6230
  5.4598  2.2146  0.9788  0.2772 17.8526
  6.1019  4.1017  0.9980  0.4582 37.6680
  4.2785  3.3364  0.9793  1.0904 29.4078
  6.0407  3.4573  0.9674  0.5269 30.6960
  4.4096  3.1938  0.9979  0.4013 27.8986
  4.9861  3.4427  0.9716  2.2198 30.5399
  5.7597  2.9998  0.9723  0.8523 25.8614
  5.3705  1.9203  0.9776  0.5409 14.9732
  5.2855  3.0334  0.9980  1.5445 26.2123
  5.5245  2.0762  0.9791  0.3732 16.4889
  3.9108  1.6197  0.9671  1.0976 12.1217
  5.5886  3.4287  0.9759  1.8962 30.3909
  5.2725  2.2497  0.9882  1.9957 18.2011
  5.8326  3.7341  0.9859  1.9713 33.6699
  4.7112  1.6504  0.9710  1.2379 12.4088
  4.5394  2.3044  0.9698  2.1714 18.7462
  4.4698  0.9390  0.9705  1.0646  6.1370
  4.4437  1.0178  0.9781  0.5835  6.7864
  5.9328  3.1562  0.9980  1.8549 27.5018
  5.2603  1.3599  0.9698  1.2166  9.7482
  4.5781  1.7595  0.9761  2.3228 13.4353
  4.8064  3.8126  0.9891  0.2958 34.5191
  5.5782  1.7354  0.9980  2.5599 13.2078
  4.7492  2.2178  0.9719  0.2866 17.8841
  5.0216  1.6969  0.9687  1.9015 12.8441
  4.6281  2.4267  0.9980  1.5681 19.9742
  5.5039  0.0389  0.9846  0.7849  0.1692
  4.7080  3.0034  0.9980  2.2783 25.8991
  5.0238  2.5618  0.9836  2.0849 21.3423
  5.5402  3.8467  0.9720  1.2548 34.8893
  3.7568  2.3160  0.9827  1.5000 18.8620
  5.2027  0.5037  0.9894  0.4847  2.8497
  5.7042  1.0407  0.9677  1.4177  6.9782
  5.2824  1.5979  0.9805  1.0956 11.9190
  5.4472  1.9705  0.9818  0.9056 15.4584
  5.2455  1.5683  0.9880  0.6600 11.6449
  6.1674  2.8985  0.9980  2.5867 24.8054
  5.3721  3.0854  0.9941  1.0919 26.7578
  5.6828  2.7157  0.9741  0.8285 22.9160
  5.1606  3.7151  0.9929  0.9865 33.4641
  4.9027  3.8334  0.9975  0.4108 34.7450
  5.2922  2.7147  0.9980  1.7110 22.9063
  5.1945  3.5499  0.9980  0.7538 31.6872
  5.3155  3.6406  0.9693  2.5466 32.6617
  4.8348  1.7136  0.9933  2.3443 13.0018
  5.0043  3.7118  0.9955  1.8091 33.4290
  5.7400  3.1461  0.9778  0.6554 27.3952
  5.2724  3.0438  0.9725  0.6420 26.3214
  5.5790  1.8126  0.9795  2.3351 13.9406
  5.8585  1.4196  0.9883  1.2133 10.2848
  5.2146  1.3399  0.9823  1.1582  9.5690
  5.2625  2.0539  0.9885  0.7183 16.2709
  4.5145  2.6221  0.9718  2.3520 21.9573
  6.8056  0.9691  0.5116  1.8105  6.3835
  4.7487  2.0536  0.9903  2.7524 16.2679
  4.7074  4.3791  0.9768  1.0249 40.7186
  4.9947  2.6767  0.9770  1.6891 22.5161
  4.8782  1.0791  0.9761  2.1202  7.3012
  4.8541  3.2124  0.9850  0.4657 28.0943
  4.8872  2.7566  0.9927  0.8415 23.3372
  4.0594  2.4241  0.9734  1.5501 19.9473
  4.1772  0.9674  0.9977  2.3241  6.3693
  6.0597  1.7456  0.9870  2.3389 13.3042
  5.0080  0.9339  0.9846  1.5787  6.0959
  5.4240  1.4196  0.9980  1.4016 10.2854
  3.6765  1.5641  0.9821  3.0371 11.6059
  5.0154  2.6237  0.9885  1.4164 21.9739
  5.1604  3.7264  0.9795  2.6419 33.5865
  4.9500  3.6987  0.9715  1.9034 33.2880
  4.4829  2.7583  0.9822  0.7722 23.3551
  5.0625  2.4472  0.9702  0.6889 20.1803
  4.2739  3.5073  0.9905  1.8842 31.2304
  5.3139  3.8358  0.9705  1.1679 34.7708
  5.3888  2.6044  0.9980  0.3300 21.7768
  4.8915  2.5793  0.9964  2.8078 21.5200
  5.8241  1.5434  0.9859  1.0023 11.4157
  5.1532  1.8426  0.9671  0.8638 14.2271
  4.1410  0.5034  0.9795  1.2403  2.8474
  6.2595  3.0865  0.9835  1.4954 26.7691
  4.9754  3.8944  0.9900  0.3157 35.4064
  5.9054  2.9796  0.9851  0.3569 25.6506
  4.3360  1.2084  0.9759  1.8906  8.4103
  4.0763  3.1451  0.9850  1.6050 27.3852
  3.5865  4.3144  0.9678  1.7967 40.0045
  5.5934  3.2124  0.9949  1.2935 28.0942
  3.9578  0.7189  0.9808  2.3563  4.4041
  5.6448  4.3669  0.9775  1.8101 40.5839
  4.2434  3.8359  0.9963  1.1919 34.7717
  6.1545  2.2112  0.9853  2.2749 17.8187
  3.7910  3.2224  0.9908  0.9421 28.2008
  4.9119  1.1587  0.9853  1.0080  7.9801
  4.9821  4.3681  0.9802  2.5727 40.5974
  4.5544  4.4567  0.9673  0.2261 41.5775
  6.5386  4.2352  0.8765  1.1929 39.1329
  4.4238  2.4019  0.9978  2.1025 19.7238
  5.1774  1.7375  0.9881  0.4154 13.2272
  5.3371  2.1193  0.9923  2.6639 16.9121
  4.7563  2.0717  0.9729  1.2208 16.4452
  4.5273  1.0230  0.9783  1.8029  6.8299
  5.0015  2.5939  0.9668  2.4110 21.6694
  5.2445  2.4743  0.9825  1.9790 20.4548
  5.8311  2.9056  0.9764  3.0097 24.8799
  4.3062  3.5115  0.9691  0.5870 31.2761
  5.4954  3.6044  0.9807  1.5582 32.2722
  5.5293  3.3331  0.9786  1.3013 29.3732
  5.2488  4.2980  0.9724  2.3982 39.8245
  5.6913  3.1516  0.9845  0.2784 27.4537
  5.4534  1.9251  0.9831  2.7799 15.0196
  4.8371  3.2427  0.9737  2.8706 28.4148
  5.1958  2.7458  0.9797  1.1111 23.2265
  5.0672  2.2599  0.9718  1.7683 18.3031
  5.1266  3.4124  0.9677  0.4715 30.2169
  5.1200  1.8151  0.9953  1.2857 13.9640
  6.2266  3.3124  0.9849  2.1355 29.1532
  5.1249  2.1952  0.9855  2.2267 17.6602
  5.0536  4.4293  0.9798  1.1141 41.2735
  5.5774  1.2534  0.9850  1.5003  8.8042
  5.2612  2.6835  0.9840  0.1272 22.5860
  6.1106  1.1783  0.9797  0.6626  8.1499
  4.3115  2.9137  0.9780  1.7287 24.9641
  4.7795  2.5546  0.9750  1.9600 21.2692
  4.7854  2.1739  0.9752  0.7302 17.4499
  5.1916  0.9055  0.9684  0.8415  5.8658
  4.4777  1.0672  0.9980  2.2888  7.2009
  5.2729  1.8672  0.9745  1.9241 14.4620
  5.0120  2.9613  0.9950  1.7135 25.4595
  5.1267  3.3034  0.9955  1.8764 29.0582
  5.1724  1.5654  0.9733  1.2692 11.6181
  3.7536  4.2355  0.9835  0.5125 39.1367
  5.0868  3.5111  0.9817  0.4084 31.2719
  5.2382  1.5929  0.9771  0.8562 11.8726
  4.9889  0.7298  0.9914  1.6124  4.4868
  5.0983  1.4943  0.9916  1.1851 10.9646
  5.2238  3.6125  0.9891  1.6309 32.3588
  4.3233  4.2780  0.9980  0.6970 39.6043
  5.2274  2.5043  0.9698  1.2337 20.7580
  5.5925  3.2824  0.9972  2.5718 28.8355
  5.5656  3.5779  0.9778  0.9977 31.9877
  4.8204  2.0067  0.9811  0.6171 15.8102
  5.7542  3.1512  0.9762  0.8120 27.4493
  4.7883  3.6512  0.9695  1.0478 32.7756
  4.7117  2.8073  0.9905  0.5129 23.8603
  4.7712  4.4236  0.9929  0.8870 41.2105
  6.3862  3.0101  0.9624  1.9826 25.9686
  5.2425  0.8781  0.9884  2.9234  5.6452
  4.5664  3.0100  0.9707  1.2265 25.9673
  5.2959  1.7526  0.9812  1.1136 13.3705
  5.8347  3.4921  0.9919  1.0178 31.0679
  5.5876  4.3081  0.9979  1.6822 39.9353
  5.1023  3.2452  0.9955  2.9550 28.4416
  5.4600  1.7583  0.9707  0.7249 13.4244
  4.2176  1.9117  0.9719  1.9015 14.8898
  5.2082  1.2480  0.9804  0.6529  8.7565
  5.6394  4.0496  0.9730  1.2640 37.0980
  4.4661  1.6631  0.9980  0.9365 12.5271
  4.4483  2.0592  0.9742  1.6832 16.3220
  5.2269  2.6483  0.9886  2.0776 22.2248
  4.7319  4.2376  0.9678  2.2123 39.1589
  4.5557  3.8991  0.9672  2.4348 35.4575
  5.3936  3.8621  0.9971  0.6614 35.0557
  4.5749  3.5371  0.9796  0.5053 31.5496
  4.5550  2.3901  0.9721  1.6656 19.6054
  3.8487  2.2319  0.9925  1.0692 18.0243
  4.9910  2.3852  0.9880  1.2516 19.5564
  5.4844  3.0402  0.9762  0.0836 26.2833
  5.2084  2.1145  0.9897  1.6265 16.8645
  5.1316  1.7280  0.9730  1.7973 13.1380
  5.5895  3.1596  0.9692  2.3635 27.5378
  5.8348  1.0562  0.9830  1.9178  7.1081
  3.9474  2.3432  0.9734  0.5876 19.1349
  5.0180  4.0351  0.9820  0.8847 36.9399
  5.1050  2.2328  0.9926  1.8597 18.0333
  5.0255  4.3130  0.9814  2.0540 39.9898
  5.1230  1.0925  0.9875  2.2865  7.4148
  5.0142  3.7606  0.9962  1.3571 33.9564
  6.2156  1.7526  0.9682  1.2809 13.3699
  5.2725  2.4676  0.9679  1.9946 20.3869
  5.2845  1.9875  0.9693  1.2296 15.6239
  5.0126  1.3785  0.9825  0.5045  9.9146
  5.4779  0.6940  0.9688  2.4455  4.2166
  5.2887  1.3647  0.9744  0.8657  9.7913
  5.1599  2.1076  0.9781  2.1962 16.7967
  6.0710  2.7909  0.9855  1.3253 23.6907
  6.5023  2.2501  0.8150  1.1899 18.2051
  5.3169  4.0739  0.9788  0.9021 37.3642
  4.9298  1.7887  0.9879  2.3787 13.7123
  4.7493  2.8483  0.9954  2.4489 24.2844
  4.8600  0.6789  0.9786  2.2880  4.1037
  4.6854  3.4075  0.9980  1.0709 30.1646
  5.4293  1.6576  0.9668  0.4396 12.4756
  5.5466  2.8934  0.9868  1.4436 24.7528
  5.0277  4.1836  0.9856  2.0582 38.5664
  4.0252  1.3362  0.9926  0.7839  9.5366
  5.1540  4.3881  0.9720  1.0038 40.8188
  5.3691  2.2236  0.9701  2.3961 17.9420
  5.1204  2.4790  0.9880  2.1042 20.5017
  4.6354  2.5640  0.9731  2.8672 21.3643
  5.8070  2.3411  0.9826  0.1925 19.1138
  5.5141  4.4915  0.9846  2.5537 41.9631
  5.4644  2.1607  0.9757  0.8674 17.3200
  5.8542  3.3992  0.9915  2.5062 30.0766
  5.2951  0.4783  0.9836  2.6791  2.6769
  5.7731  1.7263  0.9802  0.5085 13.1218
  4.0655  1.6414  0.9830  2.1967 12.3243
  5.4257  2.3126  0.9918  1.2631 18.8279
  5.4111  0.6297  0.9742  2.1175  3.7411
  5.6747  3.9112  0.9884  1.2309 35.5892
  4.9360  2.8427  0.9772  2.1468 24.2264
  4.6737  1.9309  0.9723  0.2917 15.0752
  4.4258  2.5210  0.9929  1.1736 20.9274
  5.2771  4.3164  0.9678  1.3061 40.0269
  5.1679  3.0795  0.9816  1.4344 26.6952
  5.3377  2.3214  0.9980  0.6533 18.9161
  5.4414  3.0632  0.9933  1.4052 26.5248
  4.3392  3.7927  0.9980  1.2317 34.3038
  4.1970  1.2129  0.9714  0.8334  8.4495
  5.2639  1.2241  0.9783  1.4384  8.5478
  5.1979  0.7125  0.9907  1.2088  4.3559
  5.7897  2.7038  0.9685  0.7893 22.7936
  3.7375  3.6161  0.9718  0.1448 32.3979
  5.1809  1.7986  0.9849  1.0259 13.8064
  4.7445  1.6937  0.9712  2.0597 12.8144
  4.9127  3.6092  0.9760  2.0460 32.3236
  5.6928  2.3639  0.9862  2.4418 19.3425
  4.3389  2.3946  0.9839  2.0686 19.6502
  5.5050  2.2753  0.9891  0.7919 18.4558
  5.4288  2.0431  0.9865  0.4101 16.1647
  5.4343  4.1390  0.9899  1.2949 38.0769
  4.7181  2.6862  0.9771  1.1544 22.6130
  4.9035  0.8170  0.9912  0.5318  5.1606
  3.9890  1.4206  0.9980  1.0884 10.2946
  4.3162  4.3038  0.9927  0.4304 39.8883
  4.1203  3.5115  0.9924  1.2592 31.2752
  5.0048  2.4580  0.9766  1.0758 20.2896
  4.4542  1.7920  0.9672  0.7131 13.7440
  4.1379  3.2194  0.9936  0.4058 28.1687
  4.4896  1.8312  0.9980  2.3564 14.1177
  4.7368  2.1271  0.9929  1.2941 16.9882
  4.7102  4.2473  0.9787  1.9062 39.2656
  4.9972  0.7925  0.9942  2.2417  4.9691
  5.0830  4.0234  0.9862  1.8255 36.8116
  3.8012  1.6290  0.9746  1.8027 12.2084
  4.5876  3.6545  0.9902  0.3772 32.8107
  5.6513  1.5809  0.9810  0.3062 11.7616
  5.6197  4.2001  0.9690  0.5659 38.7475
  4.7021  1.5359  0.9736  0.7837 11.3467
  4.8937  2.5061  0.9838  2.1329 20.7762
  5.3802  1.5623  0.9682  2.7383 11.5898
  5.4839  2.3865  0.9736  1.2744 19.5689
  6.4206  3.4664  0.8609  1.2104 30.7938
  4.8949  1.0886  0.9679  1.4423  7.3813
  4.9701  3.3051  0.9837  0.4832 29.0757
  5.2257  3.2788  0.9975  2.3075 28.7971
  4.0877  2.6586  0.9760  2.2356 22.3307
  5.1108  3.5859  0.9877  0.6081 32.0730
  5.2190  3.1702  0.9804  2.5124 27.6494
  4.9513  1.6204  0.9948  0.5251 12.1285
  4.8046  3.0605  0.9750  1.1250 26.4965
  4.7428  4.2549  0.9967  0.3640 39.3500
  4.4705  1.0945  0.9850  0.8362  7.4320
  5.8328  1.9256  0.9695  1.4680 15.0243
  5.2866  3.6992  0.9760  1.4263 33.2926
  5.1683  1.8456  0.9707  1.9243 14.2557
  5.2550  3.8071  0.9862  0.8322 34.4592
  3.8015  1.2832  0.9824  2.0133  9.0660
  5.1648  1.0492  0.9786  1.6863  7.0493
