  4.8245  2.4658  0.9860  1.8697 20.3684
  3.9546  1.1976  0.9784  0.8183  8.3165
  5.0061  2.7071  0.9895  0.7326 22.8282
  6.1646  1.9693  0.9799  2.4938 15.4469
  5.0979  3.0325  0.9771  0.2920 26.2027
  6.0883  2.1698  0.9680  1.6612 17.4094
  5.3212  3.1286  0.9716  1.7216 27.2120
  5.5065  2.1780  0.9792  2.2560 17.4906
  5.0678  4.0423  0.9911  2.4197 37.0190
  5.4848  4.2682  0.9823  0.7397 39.4961
  4.2209  0.6752  0.9760  0.8723  4.0763
  5.6305  2.1836  0.9939  0.1194 17.5463
  5.3498  4.1308  0.9755  1.0325 37.9866
  5.4185  4.1783  0.9797  0.9587 38.5075
  5.8137  3.8447  0.9750  2.0636 34.8668
  5.0604  2.7460  0.9719  2.7648 23.2282
  3.5922  1.6114  0.9681  0.4274 12.0451
  5.4960  3.6442  0.9876  0.9454 32.7008
  4.6359  4.0128  0.9926  0.6057 36.6966
  5.8205  1.3061  0.9980  1.6173  9.2687
  5.2401  3.5649  0.9847  0.9517 31.8477
  5.1377  2.4603  0.9764  1.3429 20.3127
  5.3044  2.5636  0.9866  0.5883 21.3601
  4.9898  3.2494  0.9908  0.3883 28.4863
  4.1437  3.8154  0.9896  1.6808 34.5495
  4.3168  2.9949  0.9827  1.9405 25.8105
  4.9629  3.7147  0.9870  1.9221 33.4605
  5.1708  3.1639  0.9788  1.5296 27.5826
  3.8069  3.2181  0.9754  1.8350 28.1553
  4.4418  2.9015  0.9874  2.3609 24.8365
  4.9946  2.4477  0.9838  1.4877 20.1857
  4.8588  3.0115  0.9701  1.9420 25.9839
  5.4638  2.8592  0.9680  0.9088 24.3976
  6.7921  3.2437  0.9070  1.4425 28.4252
  4.6110  3.4893  0.9672  1.7229 31.0383
  4.4954  4.2453  0.9784  2.4467 39.2443
  5.7868  3.2478  0.9910  2.1323 28.4688
  5.4846  3.4079  0.9965  1.0715 30.1687
  5.9708  2.2488  0.9980  1.2032 18.1923
  4.5656  2.3538  0.9980  0.2381 19.2404
  4.6607  1.6498  0.9935  1.9092 12.4026
  4.9126  2.3478  0.9694  0.3046 19.1808
  5.0199  3.9815  0.9944  1.7084 36.3553
  4.5056  4.2905  0.9922  1.5542 39.7419
  6.1943  2.5647  0.9671  1.4789 21.3715
  5.9751  2.1059  0.9759  1.6014 16.7800
  4.8012  3.6647  0.9723  0.9767 32.9216
  5.2613  3.3390  0.9683  1.6959 29.4356
  4.7342  3.5973  0.9691  0.6338 32.1963
  4.0772  4.3726  0.9831  1.1416 40.6470
  5.5236  2.8283  0.9745  0.9728 24.0779
  5.9302  2.9439  0.9848  0.8970 25.2778
  4.0806  4.1231  0.9959  0.9578 37.9022
  4.0547  4.0635  0.9742  1.6369 37.2499
  5.7687  3.1706  0.9856  1.1425 27.6535
  3.5368  0.9890  0.9800  2.1435  6.5474
  5.3129  2.5459  0.9865  1.8870 21.1808
  5.2732  3.0185  0.9819  1.7631 26.0562
  4.7568  3.1027  0.9892  1.4010 26.9388
  6.4808  2.8441  0.9420  2.0357 24.2411
  4.3135  3.3421  0.9679  1.6137 29.4684
  5.9033  3.8715  0.9980  0.5448 35.1580
  4.9881  3.7179  0.9904  1.9139 33.4949
  4.5629  3.9365  0.9785  1.6636 35.8651
  6.1947  1.8079  0.9892  1.5854 13.8951
  3.6350  1.8755  0.9866  0.6355 14.5422
  5.0441  2.3164  0.9674  0.8048 18.8664
  5.8022  3.4362  0.9945  0.6669 30.4709
  5.2082  1.8914  0.9873  1.8722 14.6951
  4.7396  1.0421  0.9980  0.8451  6.9897
  5.7547  2.2855  0.9735  1.8823 18.5582
  5.0927  1.9765  0.9688  0.6951 15.5170
  5.1333  1.7433  0.9710  0.9527 13.2816
  5.3185  3.3065  0.9917  1.6564 29.0907
  3.6185  2.7332  0.9833  0.6798 23.0964
  5.3808  2.3609  0.9875  1.2683 19.3115
  6.0057  2.2530  0.9927  1.4688 18.2341
  4.6417  2.9557  0.9809  0.2550 25.4014
  5.7080  2.0595  0.9956  1.6941 16.3253
  5.2169  3.6650  0.9944  0.2764 32.9241
  5.5616  3.5370  0.9810  1.3466 31.5490
  4.7293  2.7291  0.9865  1.8957 23.0539
  5.3529  3.9987  0.9919  1.3463 36.5420
  5.2186  3.2852  0.9676  1.5360 28.8654
  6.5017  1.6454  0.8424  1.8795 12.3620
  4.9770  3.1725  0.9882  0.7080 27.6742
  5.3826  3.6471  0.9764  2.0723 32.7311
  4.7200  3.4883  0.9729  0.3069 31.0278
  4.5180  3.4765  0.9888  1.3054 30.9016
  3.9471  3.4590  0.9980  1.8310 30.7138
  5.1478  3.1819  0.9783  0.4723 27.7727
  5.3793  2.8391  0.9953  1.6229 24.1895
  6.0848  1.8324  0.9754  1.2251 14.1295
  5.1458  2.6118  0.9672  1.8859 21.8514
  3.5769  1.4633  0.9796  0.4751 10.6821
  6.0191  3.8220  0.9701  2.7661 34.6211
  5.4073  3.8021  0.9770  1.1672 34.4052
  5.8027  2.2770  0.9730  0.7435 18.4728
  6.0125  3.2883  0.9785  1.7280 28.8973
  3.9299  2.7456  0.9820  0.9986 23.2240
  5.6322  3.7653  0.9708  1.0319 34.0070
  4.9652  1.1033  0.9928  1.7576  7.5067
  5.1692  4.2234  0.9958  1.1181 39.0034
  5.8296  3.3521  0.9822  2.7305 29.5746
  5.9641  3.4511  0.9980  2.9435 30.6303
  4.1620  3.9842  0.9687  1.5239 36.3840
  6.4730  1.5103  0.9866  1.4848 11.1115
  5.0665  2.5935  0.9897  0.5159 21.6647
  4.0775  1.5338  0.9697  2.2705 11.3273
  5.2741  2.8523  0.9883  0.8984 24.3265
  5.9557  2.1521  0.9931  1.5482 17.2347
  4.6467  3.9802  0.9980  2.4243 36.3412
  6.0746  4.1357  0.9690  2.7796 38.0406
  4.0786  3.5301  0.9816  2.9126 31.4751
  6.7212  2.6587  0.7413  1.9924 22.3313
  4.6896  2.0819  0.9859  1.4801 16.5448
  5.3425  2.6061  0.9980  1.5536 21.7940
  4.9723  1.7199  0.9844  0.9439 13.0612
  4.1929  3.9601  0.9958  0.5317 36.1214
  5.1016  2.7746  0.9893  2.4893 23.5230
  4.6950  2.5705  0.9980  0.5871 21.4305
  5.6328  2.4431  0.9951  1.7733 20.1387
  5.4782  3.8810  0.9917  1.6650 35.2614
  4.3165  3.5011  0.9849  0.8725 31.1647
  6.1031  2.4157  0.9749  0.5426 19.8625
  4.1115  2.3829  0.9958  2.6638 19.5330
  4.1740  2.3054  0.9850  2.8697 18.7569
  5.9138  2.9419  0.9674  0.5879 25.2569
  5.2824  3.8244  0.9963  1.0539 34.6472
  4.5950  3.5397  0.9963  1.6013 31.5780
  4.2390  0.8065  0.9980  0.8633  5.0787
  4.9216  3.4444  0.9954  2.2968 30.5582
  4.7822  1.9414  0.9776  1.4605 15.1771
  5.4522  4.0397  0.9933  0.5558 36.9903
  4.7252  1.9380  0.9967  1.4101 15.1441
  5.2211  2.2975  0.9917  0.4877 18.6771
  4.4281  3.3529  0.9968  2.1735 29.5836
  6.1691  1.4525  0.9950  0.6230 10.5837
  5.0099  2.7792  0.9729  1.4211 23.5701
  5.1083  2.6633  0.9980  2.8269 22.3782
  6.3202  3.9357  0.9712  1.4059 35.8561
  6.7439  3.5992  0.6152  2.1717 32.2168
  5.8540  3.1082  0.9703  2.2749 26.9974
  4.8348  3.4928  0.9761  1.0792 31.0760
  4.1532  4.2140  0.9693  2.1289 38.9002
  5.0361  3.7311  0.9946  2.2575 33.6377
  4.6424  4.0066  0.9896  1.1719 36.6287
  4.6984  1.4189  0.9862  0.3510 10.2792
  5.5589  1.7739  0.9904  0.4853 13.5718
  5.2702  1.9542  0.9941  2.1476 15.3010
  5.6937  2.9451  0.9822  0.2930 25.2901
  5.6136  3.0254  0.9760  0.9954 26.1290
  5.3130  2.7779  0.9712  1.9035 23.5566
  4.2601  3.2652  0.9840  0.7348 28.6528
  4.3484  1.7284  0.9923  1.0912 13.1412
  5.0913  2.9194  0.9937  1.2048 25.0225
  5.4314  1.8188  0.9901  1.3748 13.9998
  5.8286  3.9554  0.9781  1.2414 36.0710
  4.6397  1.5328  0.9780  2.3374 11.3181
  4.1797  2.5784  0.9829  1.6274 21.5116
  5.5839  4.1194  0.9818  1.4028 37.8620
  5.4043  3.1399  0.9901  0.7735 27.3299
  4.5271  1.6537  0.9701  2.2350 12.4389
  5.8508  2.8923  0.9852  1.1236 24.7412
  4.9525  4.0843  0.9815  2.5995 37.4778
  6.4999  2.0241  0.8868  0.2388 15.9797
  5.5922  3.0673  0.9748  0.8865 26.5676
  6.3226  3.9756  0.9924  0.2023 36.2905
  4.3106  2.4099  0.9969  0.7587 19.8049
  5.7710  3.6366  0.9935  2.2939 32.6184
  6.2720  3.6933  0.9680  2.5842 33.2293
  4.8032  4.3474  0.9831  0.6102 40.3693
  6.6037  3.4768  0.8469  0.7060 30.9041
  4.9953  3.5048  0.9886  1.1864 31.2045
  5.0092  2.6232  0.9712  2.3932 21.9687
  5.1800  2.8626  0.9883  1.1392 24.4329
  4.0086  1.0808  0.9749  1.8749  7.3154
  5.0545  1.7134  0.9796  1.0017 13.0003
  5.3442  3.5005  0.9699  1.9621 31.1582
  5.9094  3.3617  0.9852  0.8533 29.6767
  5.0813  4.4733  0.9812  1.1991 41.7612
  4.4956  4.2675  0.9876  0.9423 39.4888
  4.3943  4.1682  0.9898  2.4151 38.3965
  5.4713  3.8224  0.9761  0.5252 34.6256
  5.3851  2.7056  0.9734  1.5631 22.8123
  5.5498  1.6468  0.9980  0.5351 12.3749
  5.6098  4.2261  0.9745  1.0764 39.0331
  6.7476  1.7619  0.6057  0.5765 13.4579
  5.3931  1.4248  0.9694  0.8358 10.3321
  5.7293  3.4355  0.9894  2.0937 30.4631
  6.1739  2.7761  0.9700  2.5529 23.5388
  5.1814  2.3919  0.9776  0.9205 19.6230
  6.8526  1.8459  0.4293  2.7110 14.2586
  4.4439  3.2050  0.9764  2.6378 28.0171
  5.9176  2.7708  0.9722  2.0373 23.4841
  6.0700  3.0342  0.9726  2.0942 26.2209
  5.0772  3.7653  0.9740  1.8985 34.0076
  5.3094  2.3081  0.9738  1.3964 18.7831
  4.7992  4.3218  0.9791  1.9540 40.0867
  4.7076  3.3797  0.9852  1.4803 29.8685
  4.7214  2.9878  0.9853  0.8062 25.7354
  6.7247  3.4561  0.5733  0.7757 30.6834
  4.8814  1.5821  0.9960  2.9525 11.7729
  4.2018  2.2020  0.9972  1.4131 17.7280
  5.5305  2.3633  0.9972  0.6175 19.3365
  5.0407  4.0996  0.9741  0.5050 37.6447
  5.0189  2.7502  0.9765  1.3448 23.2712
  4.1786  3.0302  0.9775  1.2549 26.1793
  5.5226  2.8155  0.9834  0.4762 23.9457
  4.5951  0.8449  0.9755  1.7657  5.3804
  5.8469  3.8526  0.9675  3.0168 34.9524
  5.7804  4.2610  0.9951  1.5996 39.4170
  5.1328  3.9889  0.9813  1.2199 36.4356
  5.8926  1.8466  0.9842  0.8710 14.2649
  3.5317  2.3990  0.9942  0.3126 19.6945
  5.5488  3.2501  0.9673  2.2824 28.4936
  5.1284  4.3346  0.9731  0.5967 40.2274
  6.8555  1.9969  0.9685  0.1475 15.7152
  4.2578  4.1138  0.9720  0.8511 37.8008
  5.1275  2.3436  0.9928  1.7180 19.1384
  6.0857  2.9675  0.9798  1.3970 25.5242
  5.0531  3.1339  0.9808  1.0518 27.2674
  4.2656  1.4601  0.9765  1.5926 10.6522
  4.5992  2.6339  0.9788  1.9763 22.0779
  6.1340  2.3428  0.9817  1.8936 19.1301
  5.1099  4.3608  0.9891  1.3457 40.5169
  6.0546  3.1050  0.9820  0.3504 26.9632
  5.4135  4.0057  0.9980  2.0563 36.6184
  5.6497  2.2062  0.9861  1.7499 17.7692
  4.9709  4.0715  0.9917  1.9724 37.3381
  5.6602  4.2123  0.9879  0.7435 38.8812
  5.1790  3.2142  0.9905  2.5312 28.1142
  5.5605  3.2444  0.9700  2.0562 28.4325
  5.4342  2.1462  0.9952  1.4400 17.1766
  4.8006  3.0883  0.9820  1.5491 26.7877
  5.2845  1.9353  0.9980  2.7938 15.1178
  6.1673  3.9191  0.9980  0.8847 35.6755
  6.6122  3.2851  0.7038  1.3915 28.8636
  3.5646  2.3022  0.9919  2.2560 18.7241
  6.1123  3.2202  0.9750  0.5908 28.1773
  5.2237  4.1116  0.9980  1.3421 37.7764
  6.2839  3.9467  0.9702  1.5949 35.9758
  4.9520  4.1239  0.9809  2.4223 37.9116
  5.7460  1.7548  0.9863  2.4946 13.3906
  5.2582  4.1647  0.9695  1.0726 38.3581
  5.2804  1.1390  0.9704  1.2613  7.8112
  6.2719  3.7007  0.9959  1.4489 33.3096
  5.0389  4.0472  0.9748  1.1063 37.0721
  4.5849  3.7392  0.9729  1.5884 33.7243
  4.9846  3.1207  0.9850  1.8585 27.1286
  4.8276  2.8756  0.9949  0.3913 24.5677
  4.8383  1.4042  0.9939  1.0710 10.1464
  5.3812  3.9449  0.9941  0.9622 35.9561
  4.8487  3.9087  0.9917  0.2746 35.5620
  5.1926  3.4445  0.9700  1.7148 30.5598
  4.6334  3.5076  0.9794  1.7832 31.2337
  4.6539  1.7098  0.9730  1.2348 12.9658
  6.0993  1.4003  0.9968  1.5059 10.1107
  4.8564  1.1414  0.9980  0.9316  7.8317
  5.5948  1.6700  0.9777  2.5362 12.5920
  4.9333  4.0819  0.9731  2.4043 37.4509
  5.9015  3.1356  0.9849  1.0586 27.2856
  5.3338  3.7644  0.9724  0.9153 33.9977
  4.7581  3.0807  0.9980  2.4019 26.7086
  4.9118  3.6779  0.9692  1.5071 33.0637
  5.3724  2.9140  0.9817  0.9747 24.9667
  6.8458  2.0104  0.5589  2.1532 15.8459
  5.1924  2.4108  0.9969  2.0784 19.8136
  4.8147  3.6764  0.9948  0.5913 33.0474
  4.6691  2.8496  0.9970  1.0904 24.2979
  6.5546  2.6346  0.9142  1.4593 22.0847
  4.6134  4.3142  0.9900  2.4203 40.0027
  5.9102  0.6265  0.9678  1.8192  3.7177
  4.9153  2.9802  0.9742  0.7695 25.6569
  5.6284  2.7521  0.9889  1.9994 23.2912
  4.8678  1.7208  0.9880  0.7912 13.0698
  5.2532  3.8428  0.9961  2.1242 34.8460
  5.1296  4.3984  0.9806  0.3621 40.9322
  5.8332  2.7828  0.9862  0.2189 23.6072
  4.1296  2.5912  0.9799  0.7862 21.6419
  5.6425  3.1985  0.9962  1.5296 27.9484
  3.7544  3.0631  0.9715  0.9765 26.5240
  3.6259  1.6403  0.9831  0.5916 12.3138
  4.0060  3.6471  0.9870  0.9292 32.7318
  5.6125  4.3358  0.9778  1.6425 40.2404
  5.9914  2.4793  0.9980  1.3323 20.5047
  5.1144  2.0462  0.9804  1.0194 16.1954
  6.0812  2.5982  0.9776  1.0092 21.7132
  5.0096  1.7481  0.9760  0.9253 13.3271
  4.7604  2.4929  0.9844  1.8065 20.6428
  5.6074  2.7251  0.9952  1.9891 23.0127
  5.7824  3.5022  0.9925  0.9562 31.1763
  6.0206  1.1278  0.9937  1.8490  7.7156
  5.4300  2.2706  0.9980  1.2366 18.4096
  5.0131  1.8886  0.9712  1.2061 14.6679
  4.4227  0.7407  0.9948  1.7815  4.5701
  6.6918  4.0297  0.7309  2.0293 36.8806
  5.0744  3.4821  0.9803  1.1338 30.9614
  4.7643  3.9591  0.9853  0.4359 36.1112
  6.4730  3.0169  0.9517  0.5971 26.0396
  5.2335  1.3834  0.9942  1.3543  9.9588
  6.2177  2.6896  0.9812  1.8534 22.6480
  5.5725  2.1847  0.9854  0.2288 17.5567
  3.5634  4.1934  0.9689  0.7433 38.6739
  5.2626  3.1833  0.9862  1.1940 27.7874
  4.8438  4.2888  0.9878  0.3475 39.7232
  5.5137  3.1113  0.9980  1.0348 27.0293
  4.8278  2.1749  0.9674  1.1194 17.4601
  6.9588  0.7964  0.6860  2.6233  4.9999
  6.6821  2.8514  0.7271  1.0685 24.3165
  3.8726  0.6762  0.9867  0.4709  4.0835
  5.2147  2.8752  0.9850  0.8433 24.5640
  6.3764  4.4205  0.9830  0.6133 41.1769
  4.7452  2.5956  0.9915  1.4003 21.6863
  4.6424  3.3008  0.9980  1.5108 29.0306
  5.2379  4.0194  0.9789  1.5952 36.7687
  3.9386  2.5782  0.9884  1.8746 21.5093
  5.2959  3.5107  0.9740  2.3913 31.2672
  5.4963  2.1674  0.9677  1.9252 17.3854
  5.2298  2.9810  0.9766  1.9244 25.6646
  5.6197  2.8336  0.9980  1.8089 24.1323
  4.8277  3.9264  0.9788  0.1284 35.7550
  4.8143  2.9290  0.9725  0.5972 25.1227
  5.5856  3.4998  0.9979  2.1149 31.1500
  6.0870  2.1889  0.9711  1.0895 17.5979
  3.6764  2.0823  0.9980  2.8262 16.5489
  5.7689  2.4264  0.9712  1.5244 19.9707
  5.3864  3.1807  0.9980  1.3022 27.7601
  6.2963  2.4096  0.9836  0.8726 19.8010
  5.3674  3.6793  0.9767  1.1610 33.0780
  6.0727  1.0441  0.9726  0.5022  7.0067
  5.5735  2.4372  0.9682  0.8049 20.0792
  5.2325  1.5891  0.9980  2.5403 11.8375
  5.1571  3.1496  0.9808  0.2679 27.4326
  5.6133  1.9197  0.9980  0.8469 14.9669
  5.1916  3.9663  0.9930  2.9056 36.1893
  5.6268  1.9591  0.9753  1.9141 15.3478
  5.4961  3.2626  0.9793  1.5185 28.6256
  4.9783  3.9576  0.9699  2.4616 36.0947
  6.2116  4.0043  0.9699  0.6343 36.6040
  4.8706  2.0618  0.9868  0.3385 16.3479
  5.5444  2.9857  0.9701  1.6265 25.7140
  5.9091  2.1846  0.9878  1.2042 17.5555
  6.0997  2.6396  0.9694  0.4406 22.1363
  4.6396  3.7639  0.9803  1.8495 33.9923
  5.6729  3.1679  0.9913  1.5452 27.6251
  5.1012  3.0013  0.9791  2.1214 25.8768
  4.8182  2.9831  0.9840  2.4371 25.6863
  4.5856  4.1639  0.9941  0.2429 38.3494
  5.1871  4.0943  0.9684  0.4573 37.5873
  5.2989  2.3608  0.9906  1.9303 19.3114
  6.1452  3.5904  0.9685  2.5868 32.1213
  4.5066  0.6158  0.9975  1.5307  3.6401
  5.5246  4.0222  0.9816  1.6057 36.7986
  5.7654  2.3040  0.9878  1.7880 18.7427
  5.8454  2.2125  0.9696  1.1213 17.8316
  5.2586  3.6797  0.9777  0.9791 33.0828
  6.5706  3.0859  0.8151  2.6772 26.7628
  5.3861  3.1518  0.9768  0.7443 27.4552
  4.5487  2.9573  0.9678  1.5836 25.4178
  4.9147  2.8128  0.9980  2.1557 23.9178
  4.1355  0.9986  0.9833  0.5956  6.6269
  5.7196  2.4343  0.9747  0.5189 20.0504
  4.5419  4.4174  0.9765  1.3473 41.1423
  4.5454  1.7058  0.9762  0.3750 12.9282
  5.7506  4.0513  0.9737  1.8077 37.1167
  5.4118  4.3534  0.9815  1.5350 40.4348
  5.3283  4.1727  0.9898  1.3341 38.4466
  3.9904  0.8454  0.9682  0.6584  5.3850
  5.2035  2.2766  0.9962  1.5952 18.4693
  5.3809  2.6190  0.9849  1.0741 21.9257
  5.5933  2.3454  0.9869  0.1734 19.1564
  3.7208  2.5730  0.9733  1.6087 21.4560
  6.5083  2.0308  0.9250  2.3163 16.0452
  4.9287  2.9590  0.9964  1.9956 25.4350
  4.8158  2.0563  0.9875  0.6255 16.2937
  5.1664  1.9881  0.9881  2.1666 15.6290
  5.2604  2.5126  0.9866  1.1282 20.8428
  4.0747  2.8109  0.9973  1.4521 23.8976
  3.6213  2.5328  0.9949  1.3587 21.0472
  5.8923  1.7006  0.9975  1.4284 12.8792
  6.4605  2.0813  0.8603  1.4715 16.5389
  3.7883  1.2674  0.9980  1.3771  8.9271
  5.5123  1.9140  0.9921  0.4405 14.9124
  5.0630  3.0194  0.9685  1.5729 26.0665
  4.9661  3.2922  0.9671  0.9435 28.9395
  4.5316  3.4233  0.9688  2.5055 30.3338
  4.3732  2.5468  0.9676  0.4225 21.1892
  6.1303  2.4142  0.9805  1.1591 19.8474
  5.2848  1.9629  0.9910  0.5784 15.3852
  5.3881  3.4638  0.9755  1.6718 30.7654
  3.5881  1.2909  0.9670  1.7848  9.1344
  5.8123  4.0060  0.9921  2.6281 36.6220
  5.1019  3.4211  0.9701  0.7227 30.3096
  5.2631  3.3994  0.9819  0.9998 30.0782
  6.1793  4.3487  0.9935  2.0352 40.3834
  5.1452  2.8855  0.9753  0.4225 24.6704
  5.0739  3.7204  0.9685  1.5871 33.5220
  4.4150  2.2239  0.9892  0.6305 17.9450
  5.9277  3.4749  0.9930  2.2307 30.8846
  5.1141  3.4567  0.9943  0.3176 30.6902
  4.1447  4.0040  0.9784  0.3338 36.6000
  5.5855  3.7953  0.9748  1.9654 34.3315
  5.0787  3.7471  0.9765  1.8328 33.8099
  3.6602  2.0125  0.9728  2.5182 15.8668
  4.0132  1.6411  0.9672  1.5385 12.3219
  4.8866  4.0016  0.9740  0.3442 36.5741
  5.4157  4.1103  0.9732  1.6647 37.7627
  5.8509  2.4872  0.9924  0.5794 20.5854
  5.2417  2.5291  0.9760  1.3926 21.0094
  5.3248  4.2224  0.9943  0.0271 38.9920
  5.1259  2.8345  0.9920  2.6944 24.1416
  5.6203  2.5703  0.9757  1.4080 21.4286
  3.8077  2.7160  0.9731  1.4579 22.9197
  5.3863  4.3342  0.9941  0.5858 40.2236
  5.3625  3.9642  0.9686  2.2347 36.1660
  6.6942  2.9366  0.6438  1.4531 25.2025
  5.1152  2.5330  0.9713  1.8255 21.0496
  5.1430  3.5742  0.9872  0.7569 31.9483
  4.3752  3.6950  0.9678  2.2476 33.2477
  5.5530  2.4677  0.9672  1.2761 20.3873
  4.4144  3.7659  0.9884  0.8136 34.0135
  5.5690  1.8755  0.9797  1.5394 14.5418
  5.0266  2.3502  0.9942  1.9101 19.2049
  5.5847  3.8498  0.9841  2.2364 34.9220
  5.3639  3.5474  0.9922  1.9875 31.6602
  4.7275  2.3523  0.9957  0.5728 19.2255
  4.6817  2.5817  0.9738  0.7129 21.5451
  4.8691  2.4064  0.9855  1.4945 19.7690
  6.3736  2.9923  0.9843  1.0382 25.7827
  5.5396  4.0787  0.9858  2.0030 37.4165
  4.7032  1.1650  0.9863  1.0161  8.0343
  5.4397  2.6731  0.9824  0.6512 22.4794
  5.1420  2.2065  0.9810  2.7187 17.7727
  6.1583  3.9662  0.9695  0.0518 36.1883
  6.5101  2.7080  0.6982  0.5924 22.8377
  5.3572  2.3020  0.9695  1.5499 18.7223
  5.4601  3.4214  0.9705  1.7412 30.3130
  4.5997  0.4134  0.9961  2.0223  2.2478
  3.9429  4.0662  0.9907  0.1330 37.2800
  5.4205  2.6659  0.9670  1.5883 22.4051
  4.5505  2.0741  0.9754  0.2679 16.4683
  4.7414  4.1448  0.9952  1.6347 38.1400
  4.9948  4.2126  0.9945  1.5608 38.8840
  4.2182  2.5077  0.9687  2.5041 20.7926
  5.0483  3.4083  0.9867  0.8372 30.1731
  5.0712  3.2330  0.9822  0.6133 28.3123
  5.1401  4.2848  0.9967  0.4473 39.6793
  4.1755  3.3104  0.9917  1.7142 29.1326
  4.7627  2.1526  0.9942  0.5821 17.2398
  5.5268  2.3623  0.9897  1.5848 19.3262
  4.4857  2.3212  0.9834  2.1459 18.9148
  5.8702  4.4019  0.9907  1.4806 40.9703
  4.0509  0.9109  0.9709  1.4444  5.9090
  3.7356  3.8363  0.9837  0.9290 34.7761
  3.8496  4.0657  0.9947  0.1586 37.2744
  6.0125  4.4846  0.9902  1.5007 41.8863
  5.7297  3.4066  0.9694  0.7478 30.1548
  5.4049  2.2595  0.9766  1.4215 18.2989
  5.0104  2.7171  0.9854  1.0870 22.9311
  6.6155  1.3890  0.6229  2.1638 10.0094
  6.1013  1.8708  0.9777  1.4469 14.4973
  5.0068  4.3787  0.9812  2.0300 40.7144
  5.6921  2.7219  0.9763  1.5706 22.9803
  6.8045  2.9990  0.7030  0.3886 25.8533
  5.3255  2.4686  0.9670  1.9452 20.3967
  6.8454  1.1704  0.9144  2.7761  8.0816
  5.3257  3.3603  0.9748  2.4684 29.6620
  4.0628  3.0485  0.9893  1.5511 26.3704
  5.2013  1.5096  0.9912  0.2168 11.1049
  5.7239  2.3818  0.9941  0.7073 19.5219
  4.9947  3.2973  0.9924  1.0844 28.9936
  4.0554  4.1655  0.9799  1.1233 38.3668
  6.0551  1.7532  0.9684  1.0410 13.3762
  4.7136  1.3252  0.9756  0.7242  9.4387
  6.7296  2.7864  0.7237  1.0387 23.6449
  5.5349  2.4495  0.9705  0.8888 20.2038
  5.5018  3.3296  0.9887  0.5760 29.3358
  4.3139  2.4773  0.9936  1.0808 20.4843
  5.3385  3.7775  0.9810  0.9049 34.1392
  5.9878  1.4536  0.9729  1.1659 10.5931
  5.1693  2.8936  0.9771  1.5928 24.7552
  5.7754  3.1966  0.9930  1.6489 27.9280
  5.4557  3.1974  0.9792  0.4604 27.9366
  6.6543  2.2162  0.6743  0.4195 17.8683
  5.4605  2.0631  0.9700  1.8403 16.3610
  4.4845  2.5700  0.9830  0.4394 21.4255
  5.2110  3.1090  0.9970  1.5165 27.0049
  5.2465  4.2793  0.9926  0.4304 39.6176
  5.4298  3.8383  0.9951  1.4172 34.7975
  6.0564  2.2033  0.9867  0.6127 17.7412
  5.4479  3.4708  0.9808  0.2993 30.8406
  5.6368  1.5417  0.9915  0.7118 11.3996
  5.1433  3.4563  0.9946  0.5589 30.6851
  4.9726  4.3801  0.9899  0.6751 40.7300
  5.1499  1.6086  0.9960  1.2808 12.0188
  4.3460  4.1624  0.9746  1.5711 38.3331
  5.1742  2.7043  0.9733  1.0971 22.7991
  4.6910  3.0461  0.9959  2.5207 26.3452
  5.8248  1.5008  0.9972  0.8866 11.0241
  5.7966  1.2419  0.9862  0.6919  8.7029
  4.4802  1.4973  0.9758  0.5551 10.9917
  4.0953  3.3507  0.9708  0.6499 29.5606
  4.7964  1.7231  0.9758  0.6446 13.0917
  5.4236  3.8341  0.9791  0.4615 34.7519
  5.2401  2.6485  0.9921  2.6898 22.2274
  3.9966  4.2007  0.9697  1.9165 38.7532
  5.2988  3.2761  0.9979  1.1559 28.7689
  5.7128  1.5377  0.9702  0.8529 11.3625
  5.4192  3.6904  0.9894  0.8396 33.1981
  5.7567  1.6364  0.9830  1.7472 12.2773
  4.3179  3.4173  0.9980  1.5280 30.2693
  5.7877  4.0392  0.9980  0.7186 36.9842
  4.9026  4.4733  0.9888  1.1451 41.7605
  5.0260  3.2148  0.9854  1.6105 28.1201
  5.4831  2.6174  0.9980  2.4431 21.9089
  5.4177  4.3113  0.9913  1.7359 39.9710
  5.7632  3.5761  0.9785  1.6276 31.9678
  5.1431  3.1965  0.9754  0.3234 27.9271
  5.8516  3.7911  0.9896  1.1786 34.2861
  5.5241  2.6239  0.9759  0.8726 21.9758
  3.7924  2.0035  0.9913  1.1510 15.7792
  4.6378  3.6344  0.9705  1.8439 32.5945
  4.7491  3.4659  0.9694  2.1314 30.7876
  5.3281  4.0042  0.9773  1.2538 36.6019
  5.3713  3.2564  0.9890  0.4772 28.5597
  4.4741  1.8113  0.9693  1.5306 13.9281
  5.0715  3.9801  0.9881  2.2674 36.3400
  5.1268  3.4487  0.9775  1.2197 30.6043
  5.1117  3.1646  0.9750  2.5627 27.5908
  5.1735  3.6981  0.9852  1.5630 33.2810
  5.4532  2.2553  0.9757  1.0127 18.2575
  5.7243  2.6905  0.9672  0.9437 22.6576
  6.4755  2.7486  0.9666  1.0961 23.2554
  5.8647  2.8459  0.9672  1.0027 24.2603
  5.9026  3.7700  0.9878  1.5079 34.0583
  4.8241  3.3664  0.9948  0.4725 29.7274
  5.1180  2.7286  0.9849  2.4348 23.0494
  5.4259  1.6182  0.9680  2.1818 12.1076
  4.4554  1.9039  0.9926  1.9874 14.8151
  4.2172  1.0344  0.9723  0.8221  6.9255
  4.8295  1.5098  0.9980  1.2310 11.1066
  4.9405  2.4944  0.9704  1.2711 20.6579
  5.2663  2.3885  0.9980  0.8469 19.5891
  5.2580  2.4791  0.9903  0.6882 20.5029
  5.4681  3.5972  0.9856  1.2879 32.1953
  4.8435  2.3577  0.9690  1.6944 19.2801
  5.2690  3.5809  0.9723  1.0028 32.0198
  4.1514  1.3463  0.9901  1.2341  9.6265
  5.2599  1.4158  0.9980  0.3411 10.2509
  5.5519  3.9084  0.9701  2.6147 35.5591
  4.0908  0.8435  0.9891  1.1753  5.3695
  4.4426  2.8022  0.9823  1.6125 23.8077
  4.3664  4.3882  0.9718  1.6788 40.8199
  6.3688  3.9916  0.9763  0.7875 36.4654
  4.2873  1.4831  0.9840  0.6396 10.8617
  6.7711  2.4735  0.4963  0.5918 20.4462
  4.7209  4.1544  0.9980  1.2695 38.2456
  5.8953  3.4250  0.9684  2.4835 30.3512
  4.7793  2.4459  0.9777  1.4650 20.1672
  6.2225  3.3072  0.9937  1.3586 29.0986
  4.4345  1.2380  0.9873  0.1124  8.6692
  5.1263  3.4922  0.9801  1.9187 31.0691
  5.1732  4.0978  0.9903  1.7866 37.6258
  5.4707  3.2865  0.9705  1.0119 28.8787
  6.0632  3.9557  0.9945  1.9494 36.0738
  5.9883  3.2787  0.9773  2.2887 28.7959
  5.1784  2.0775  0.9828  0.5460 16.5018
  6.6345  3.1569  0.6664  0.5202 27.5090
  4.3643  2.4547  0.9671  0.3762 20.2564
  4.8009  2.0811  0.9786  0.8861 16.5364
  4.5270  2.9477  0.9921  0.2250 25.3175
  4.3306  2.6358  0.9789  1.6201 22.0970
  6.2010  3.5432  0.9883  1.7272 31.6148
  5.5082  3.0367  0.9792  1.1605 26.2468
  4.8003  2.3838  0.9783  0.9425 19.5422
  4.1260  2.4089  0.9854  1.3067 19.7948
  3.8025  1.4353  0.9742  2.7681 10.4277
  5.4179  3.7476  0.9731  1.2260 33.8157
  3.5344  3.4437  0.9805  0.3297 30.5512
  5.2581  3.5617  0.9729  0.5759 31.8141
  5.2550  2.5889  0.9876  1.3213 21.6186
  5.1408  4.1690  0.9709  0.3687 38.4062
  5.3197  3.2325  0.9980  1.6671 28.3077
  5.2360  3.1016  0.9980  0.7294 26.9278
  5.4206  3.2749  0.9826  1.3678 28.7559
  5.7201  2.2254  0.9753  0.8162 17.9600
  5.1819  3.1818  0.9810  1.7357 27.7719
  5.2085  4.0204  0.9810  0.2719 36.7789
  6.8430  3.4604  0.4582  2.5577 30.7298
  4.1920  3.9678  0.9679  2.1428 36.2060
  3.6596  2.8356  0.9786  1.2133 24.1535
  4.8551  3.5045  0.9980  1.3092 31.2009
  4.3925  3.9770  0.9913  0.4049 36.3057
  3.9504  3.4295  0.9938  1.6091 30.3992
  5.0270  4.0197  0.9806  1.4948 36.7719
  5.1538  2.1825  0.9841  1.0754 17.5345
  4.3355  2.1762  0.9980  1.3508 17.4723
  6.2177  4.0572  0.9909  0.5972 37.1817
  4.7607  3.2376  0.9770  0.9738 28.3615
  4.8165  3.8964  0.9800  1.5557 35.4288
  4.8444  4.1045  0.9957  1.3726 37.6992
  5.7286  2.4724  0.9806  1.4645 20.4349
  5.0466  2.6959  0.9844  2.3561 22.7125
  5.9939  3.8700  0.9980  1.3191 35.1413
  5.7478  3.1053  0.9712  2.3566 26.9663
  5.4358  1.3946  0.9676  0.7988 10.0599
  5.2992  4.0837  0.9949  2.6293 37.4712
  6.8101  2.7372  0.5749  1.7872 23.1380
  4.0521  0.3792  0.9787  1.5130  2.0287
  6.2272  1.5074  0.9791  0.3397 11.0849
  5.5503  2.2680  0.9865  1.3483 18.3831
  6.1567  2.6211  0.9980  0.9471 21.9468
  5.6089  1.8739  0.9845  1.5714 14.5262
  5.3169  1.8765  0.9977  1.0091 14.5518
  5.1708  2.3997  0.9798  1.8247 19.7016
  5.7452  2.8757  0.9980  1.9323 24.5688
  5.1903  3.3026  0.9882  1.2253 29.0491
  5.8800  2.6654  0.9909  0.9074 22.4005
  4.2909  3.7457  0.9729  0.1697 33.7946
  5.9239  3.9131  0.9903  0.9289 35.6103
  6.0763  1.5673  0.9837  0.5360 11.6358
  6.1320  4.3552  0.9701  2.8656 40.4550
  6.8646  4.3981  0.6936  1.8794 40.9284
  6.2541  3.2519  0.9893  0.3074 28.5125
  4.9443  3.5936  0.9690  1.5568 32.1564
  5.3492  2.0711  0.9883  0.8385 16.4390
  5.5247  1.8873  0.9759  1.7848 14.6550
  4.0597  4.3022  0.9737  0.9462 39.8702
  5.3327  3.5711  0.9729  0.6256 31.9151
  4.7030  3.0879  0.9764  2.2948 26.7834
  5.7397  2.9016  0.9754  1.1424 24.8383
  5.1762  3.0880  0.9949  0.5534 26.7844
  4.6348  2.0534  0.9784  1.1828 16.2662
  5.1549  2.5015  0.9855  1.6322 20.7299
  5.7262  2.1722  0.9685  2.0932 17.4332
  5.0346  2.8385  0.9711  2.7399 24.1838
  5.9980  3.0151  0.9852  1.0956 26.0215
  4.2963  2.0449  0.9955  1.0174 16.1831
  6.1433  3.5595  0.9800  0.8367 31.7902
  5.6318  3.8474  0.9680  1.0156 34.8965
  6.8057  3.3171  0.7282  1.6629 29.2036
  5.5082  3.9932  0.9767  1.4957 36.4821
  4.9370  3.2152  0.9925  0.7820 28.1240
  4.7549  3.9890  0.9750  1.6868 36.4372
  4.7688  2.7776  0.9980  2.3855 23.5542
  5.0323  1.9016  0.9755  0.3168 14.7928
  3.6371  1.3440  0.9939  0.7406  9.6058
  5.2068  2.1017  0.9980  1.2938 16.7388
  6.7968  3.3880  0.5954  2.1921 29.9571
  5.6708  2.2242  0.9961  2.0039 17.9480
  5.5193  3.6585  0.9712  2.2091 32.8541
  4.7283  1.8578  0.9725  1.7039 14.3723
  5.3300  3.6735  0.9856  2.5165 33.0154
  4.4152  3.3220  0.9732  0.9700 29.2553
  6.0091  0.8998  0.9849  0.5661  5.8194
  5.5108  1.6541  0.9717  0.5771 12.4429
  5.2216  2.5199  0.9978  1.3158 20.9167
  5.3748  2.0748  0.9801  1.1433 16.4747
  3.8016  4.3728  0.9677  2.5473 40.6497
  4.8710  1.9056  0.9780  1.3267 14.8314
  4.0083  3.4553  0.9944  1.7303 30.6743
  4.2211  2.6594  0.9944  1.1737 22.3387
  4.4303  3.7507  0.9680  0.9223 33.8489
  6.1610  3.7276  0.9920  2.0746 33.5992
  4.5681  3.9489  0.9821  2.0615 35.9993
  5.6894  3.4891  0.9772  0.5477 31.0364
  5.8652  1.7322  0.9838  1.9002 13.1773
  3.8007  3.4812  0.9725  1.3517 30.9518
  5.1799  1.9564  0.9699  0.6133 15.3221
  5.6603  3.1594  0.9857  0.5681 27.5354
  5.3294  3.4654  0.9712  0.4639 30.7827
  6.0962  4.2502  0.9814  2.7620 39.2974
  3.5089  3.5356  0.9781  1.8656 31.5337
  5.5183  2.4629  0.9823  1.5301 20.3389
  4.3713  3.8854  0.9817  1.0113 35.3091
  5.0153  3.8841  0.9858  1.8481 35.2950
  5.1047  3.3233  0.9706  1.8146 29.2697
  6.1838  2.8576  0.9725  0.4584 24.3813
  4.1403  2.7983  0.9980  0.6013 23.7677
  5.9430  3.7904  0.9980  1.3130 34.2784
  5.9056  2.0335  0.9906  0.8700 16.0713
  4.3683  4.3246  0.9953  1.4397 40.1172
  3.7846  3.2806  0.9871  0.4278 28.8162
  5.5279  4.4801  0.9719  1.0631 41.8367
  5.1511  4.4314  0.9858  0.9331 41.2967
  5.6473  3.6984  0.9839  1.3643 33.2845
  5.5285  2.3335  0.9903  1.9629 19.0372
  4.7498  1.1732  0.9898  1.2191  8.1058
  4.3663  4.4861  0.9885  0.7742 41.9023
  4.7294  2.8636  0.9858  1.8067 24.4439
  5.9943  4.2721  0.9883  2.1470 39.5385
  5.6357  2.4656  0.9829  0.3587 20.3665
  5.5349  3.9498  0.9920  2.4461 36.0093
  5.8799  2.0007  0.9873  1.2689 15.7515
  4.7280  3.2362  0.9731  0.4639 28.3467
  5.4432  2.1737  0.9939  0.9776 17.4479
  5.2900  2.7197  0.9882  0.6082 22.9578
  4.8370  2.3042  0.9821  1.1733 18.7440
  5.3293  3.9364  0.9708  1.4295 35.8641
  4.3712  3.3493  0.9744  2.0533 29.5452
  4.5398  4.1211  0.9895  1.3569 37.8800
  5.8229  3.7443  0.9695  1.3527 33.7802
  3.7335  1.2917  0.9842  0.7599  9.1415
  5.8396  4.4414  0.9675  0.5932 41.4073
  4.6682  3.6948  0.9708  1.4283 33.2455
  4.4214  2.9682  0.9754  0.1417 25.5313
  5.1796  2.9511  0.9764  1.2631 25.3530
  5.5516  2.4223  0.9885  1.5849 19.9297
  5.1923  2.1614  0.9794  1.1748 17.3261
  4.9988  4.2497  0.9670  1.6316 39.2926
  5.6140  1.8973  0.9821  1.9561 14.7512
  5.7146  3.0141  0.9815  1.3132 26.0110
  5.5931  1.2774  0.9951  2.6480  9.0146
  5.0312  1.9003  0.9724  0.8418 14.7801
  4.7885  0.9097  0.9961  1.6275  5.8995
  5.6124  2.8086  0.9777  0.6132 23.8739
  6.8885  3.0450  0.7858  0.9152 26.3341
  5.5874  2.2148  0.9856  1.8700 17.8547
  4.9791  2.2252  0.9892  1.6666 17.9579
  5.3019  4.1697  0.9951  1.3621 38.4135
  4.9139  2.9664  0.9678  0.7464 25.5129
  5.1628  3.6800  0.9775  1.6565 33.0862
  4.1614  1.8156  0.9879  1.4441 13.9686
  5.6633  4.0036  0.9980  1.0555 36.5962
  3.8097  3.7280  0.9857  0.6775 33.6041
  5.0018  2.5339  0.9874  1.2419 21.0583
  5.1854  2.9881  0.9752  2.8930 25.7388
  4.7677  2.4466  0.9884  2.5263 20.1741
  4.9748  1.9278  0.9863  1.7345 15.0455
  4.6386  2.6373  0.9858  0.6744 22.1129
  6.5148  2.3235  0.8036  0.6318 18.9373
  5.6741  2.8042  0.9693  1.8058 23.8285
  5.0753  2.9648  0.9831  1.3822 25.4955
  4.3189  2.7595  0.9946  1.3610 23.3676
  5.4339  1.9437  0.9810  1.0135 15.1988
  5.0938  4.0505  0.9970  1.2646 37.1085
  5.4104  2.4137  0.9944  0.7515 19.8429
  5.1824  2.7478  0.9836  1.7817 23.2464
  6.1393  1.8455  0.9939  1.2641 14.2543
  6.1882  4.0367  0.9864  1.3136 36.9568
  5.5779  2.4956  0.9791  0.5608 20.6702
  4.6653  2.3772  0.9882  2.1358 19.4754
  4.4415  1.6487  0.9909  2.0798 12.3922
  5.2398  3.2326  0.9682  1.4282 28.3087
  5.5252  3.0052  0.9831  1.1964 25.9175
  3.6095  1.9082  0.9862  0.9712 14.8567
  5.1292  4.4920  0.9767  1.1834 41.9676
  5.2595  4.2925  0.9917  0.9846 39.7638
  5.6659  3.3184  0.9845  1.9294 29.2167
  3.8202  3.0832  0.9681  1.6654 26.7343
  5.1654  2.3253  0.9808  1.2878 18.9557
  4.3079  2.4049  0.9775  0.7617 19.7544
  5.3422  3.9021  0.9680  0.4851 35.4900
  5.2100  2.4623  0.9860  1.1836 20.3326
  6.6689  1.9581  0.7373  1.4673 15.3385
  4.8139  1.4310  0.9884  0.3226 10.3884
  4.4382  4.3555  0.9865  1.7870 40.4579
  5.1590  1.9762  0.9926  0.9028 15.5135
  4.9006  3.2556  0.9966  2.4100 28.5517
  4.3056  3.0460  0.9721  1.4329 26.3450
  6.2143  2.1441  0.9793  0.7460 17.1554
  5.2337  3.4907  0.9878  0.9758 31.0536
  4.8372  2.3136  0.9690  0.6779 18.8383
  5.3322  4.4156  0.9876  1.6299 41.1220
  5.1435  2.0861  0.9778  2.0843 16.5858
  5.3149  3.9350  0.9716  1.6543 35.8479
  5.6467  2.0717  0.9822  1.0506 16.4451
  5.0119  3.4290  0.9853  1.4757 30.3941
  4.4935  2.2344  0.9952  0.5551 18.0492
  5.7358  2.4152  0.9765  1.7168 19.8576
  5.0168  2.3276  0.9978  0.4732 18.9781
  4.8631  4.2382  0.9826  2.7297 39.1659
  4.0883  3.6038  0.9914  1.6024 32.2661
  5.3764  2.5234  0.9689  0.6678 20.9521
  5.7205  2.8944  0.9900  2.1471 24.7633
  5.4148  1.7580  0.9980  1.9560 13.4216
  5.1253  2.9745  0.9933  1.7587 25.5975
  4.6963  4.1783  0.9736  0.6357 38.5081
  4.1913  1.6491  0.9778  1.6206 12.3962
  6.0010  3.4338  0.9843  0.3386 30.4449
  6.2355  2.8773  0.9946  2.3303 24.5861
  6.2090  1.8875  0.9820  2.4869 14.6572
  4.4383  2.7437  0.9946  2.0833 23.2049
  5.5911  2.9287  0.9760  1.3906 25.1202
  5.0712  2.5781  0.9931  1.3178 21.5079
  5.8667  3.6251  0.9749  0.3112 32.4946
  5.5932  1.5667  0.9914  2.1358 11.6303
  4.2965  4.1422  0.9684  1.1100 38.1113
  4.0657  2.8073  0.9979  0.5585 23.8606
  4.2254  3.0072  0.9809  1.9574 25.9389
  4.7006  4.4116  0.9923  1.0980 41.0776
  4.3075  1.9862  0.9850  0.2952 15.6110
  6.0946  1.4768  0.9918  1.1098 10.8045
  5.1188  3.6393  0.9795  0.6959 32.6474
  5.1303  2.4034  0.9969  0.5837 19.7390
  4.1109  0.3073  0.9796  0.4875  1.5855
  5.2913  3.2146  0.9855  1.6592 28.1181
  4.9260  4.0027  0.9742  0.4967 36.5864
  6.1624  2.4312  0.9869  1.8254 20.0194
  5.2544  3.5814  0.9689  2.6687 32.0254
  5.4952  2.4277  0.9898  1.2865 19.9833
  5.2911  4.0400  0.9811  1.5681 36.9931
  4.2177  2.7963  0.9752  1.6371 23.7468
  4.7577  3.1880  0.9848  0.9246 27.8372
  5.5150  4.2256  0.9965  0.3185 39.0270
  5.6616  4.3316  0.9809  1.1775 40.1947
  4.6647  3.2556  0.9670  0.6810 28.5511
  4.6311  1.8830  0.9699  1.2875 14.6145
  5.3890  3.4243  0.9756  0.4838 30.3434
  6.4505  2.8420  0.9478  0.3137 24.2194
  4.4435  2.6193  0.9724  1.6834 21.9286
  5.2689  3.4850  0.9890  1.4091 30.9924
  4.0935  0.6283  0.9686  0.5867  3.7309
  5.8461  4.1040  0.9808  1.5863 37.6934
  4.7298  2.3217  0.9952  1.9998 18.9190
  5.5308  2.5867  0.9980  2.7852 21.5954
  6.0931  1.4180  0.9713  0.4408 10.2711
  4.6146  3.2085  0.9755  0.4973 28.0539
  5.7870  2.8196  0.9693  1.8112 23.9873
  5.3384  1.7341  0.9869  2.1280 13.1946
  6.6636  2.8236  0.9175  0.6937 24.0295
  4.8383  3.8876  0.9874  0.1601 35.3334
  5.1453  1.7752  0.9670  0.4599 13.5841
  5.2323  4.1315  0.9672  0.7894 37.9942
  4.3869  2.9999  0.9732  1.8320 25.8621
  4.8878  4.1513  0.9758  0.1497 38.2115
  4.1752  4.2436  0.9701  0.0651 39.2253
  6.2036  3.1564  0.9821  1.8591 27.5040
