  4.4801  2.1329  0.9668  2.1211 17.0458
  4.5594  3.2799  0.9918  0.5847 28.8089
  6.4217  2.1470  0.9011  1.0149 17.1847
  5.3755  2.5804  0.9841  1.5152 21.5312
  6.4779  3.1115  0.8785  1.4374 27.0312
  4.6130  2.7791  0.9770  2.3770 23.5694
  5.4808  3.7457  0.9929  1.8698 33.7955
  4.7719  1.6903  0.9867  1.9145 12.7824
  4.8542  3.3095  0.9903  0.8514 29.1232
  5.1170  1.4075  0.9887  0.3600 10.1758
  5.0986  3.0800  0.9891  1.1180 26.7012
  6.0065  2.8908  0.9733  1.9291 24.7258
  6.1258  1.6346  0.9748  2.2183 12.2611
  5.3299  2.1272  0.9980  2.2959 16.9896
  5.4318  0.8613  0.9903  1.8218  5.5113
  5.9226  2.3158  0.9761  0.8320 18.8601
  4.7890  2.7634  0.9972  1.9579 23.4076
  6.4761  1.2575  0.9856  0.6629  8.8401
  5.3519  2.3326  0.9943  1.3336 19.0286
  5.8462  3.0345  0.9980  1.9135 26.2238
  5.1822  4.3686  0.9888  2.5304 40.6031
  5.6063  4.4930  0.9674  0.2295 41.9794
  5.7394  1.3152  0.9807  2.3761  9.3494
  5.5032  1.9208  0.9859  1.6004 14.9776
  5.2052  2.7652  0.9683  1.0652 23.4259
  5.7249  2.4098  0.9765  2.4526 19.8038
  3.8337  3.6488  0.9827  2.5401 32.7493
  4.5407  2.3817  0.9689  0.5832 19.5204
  5.4196  1.0417  0.9927  2.6625  6.9861
  5.1544  2.1455  0.9934  1.6286 17.1700
  4.9765  0.9668  0.9960  2.5743  6.3649
  5.0514  0.3865  0.9866  1.2642  2.0751
  3.8809  3.9759  0.9908  1.2978 36.2938
  3.9566  1.2493  0.9910  1.1813  8.7678
  5.1732  0.8333  0.9706  0.8440  5.2887
  4.3682  2.2869  0.9789  1.5959 18.5722
  3.7788  3.5263  0.9977  0.5842 31.4341
  5.0196  1.6367  0.9675  0.7273 12.2802
  4.0469  0.9863  0.9845  2.5938  6.5250
  5.0610  2.3045  0.9980  1.3216 18.7476
  4.6316  1.8150  0.9970  2.0450 13.9632
  4.8589  0.9388  0.9674  1.1189  6.1355
  4.4519  2.8643  0.9948  0.4169 24.4508
  5.1142  1.5381  0.9965  2.4723 11.3660
  5.4970  3.9024  0.9973  1.3170 35.4940
  4.6698  1.5183  0.9935  1.1444 11.1848
  5.2126  2.3250  0.9787  2.4016 18.9521
  5.2542  3.4719  0.9905  1.4051 30.8516
  4.4619  3.5719  0.9825  0.4088 31.9232
  3.8902  1.3709  0.9772  0.4059  9.8463
  3.5675  3.6672  0.9887  1.9819 32.9476
  5.0619  2.7584  0.9844  0.5903 23.3555
  5.2754  3.7690  0.9897  1.3737 34.0468
  5.4687  3.1665  0.9972  1.4910 27.6102
  5.2948  4.1494  0.9802  1.5986 38.1904
  4.7088  3.8106  0.9939  1.6071 34.4976
  5.2426  1.6634  0.9712  0.2717 12.5306
  5.1031  1.6932  0.9683  1.2195 12.8094
  4.1662  3.2104  0.9886  2.1173 28.0735
  6.2938  2.0712  0.9980  0.5504 16.4402
  5.4307  1.2680  0.9824  1.8970  8.9321
  5.1491  1.2025  0.9717  1.0424  8.3593
  5.2645  0.7926  0.9973  2.1754  4.9698
  4.8272  2.6229  0.9739  0.6016 21.9654
  5.7771  1.7051  0.9980  0.6717 12.9218
  5.1362  3.1389  0.9692  0.1654 27.3200
  4.9545  1.3488  0.9755  2.7976  9.6488
  4.9698  2.4442  0.9685  1.9973 20.1503
  5.7422  2.7453  0.9769  1.0895 23.2208
  4.9419  1.9978  0.9806  0.5872 15.7234
  5.4495  1.3390  0.9670  2.3752  9.5615
  5.4680  4.1361  0.9898  0.2419 38.0451
  6.3488  2.4923  0.9846  0.7798 20.6364
  6.0182  3.4173  0.9726  0.3871 30.2689
  4.7594  0.8002  0.9717  1.6380  5.0290
  6.8900  1.7981  0.4441  1.4234 13.8023
  5.2359  4.0179  0.9828  1.4285 36.7522
  4.9557  3.2554  0.9755  0.6272 28.5499
  4.2260  0.5739  0.9906  0.5653  3.3395
  5.0375  0.8950  0.9980  1.1674  5.7808
  4.8945  2.1677  0.9892  1.5367 17.3884
  4.0215  4.2762  0.9894  0.4320 39.5839
  4.6678  3.5787  0.9786  1.8359 31.9957
  4.9972  2.5167  0.9980  0.8342 20.8837
  4.4411  2.5552  0.9705  1.5752 21.2751
  5.5743  3.6198  0.9684  1.5896 32.4373
  3.5046  1.7901  0.9957  0.1256 13.7258
  5.7365  3.0857  0.9943  1.6975 26.7608
  5.8583  3.3274  0.9850  1.8841 29.3127
  5.4550  2.4335  0.9824  1.9331 20.0420
  5.5471  3.8178  0.9783  0.9254 34.5753
  3.9243  4.0993  0.9980  1.1985 37.6414
  4.8824  1.8496  0.9798  2.1246 14.2933
  4.8828  3.4503  0.9838  1.0344 30.6213
  5.3365  1.3305  0.9980  0.5008  9.4854
  5.4157  2.6985  0.9885  0.3389 22.7401
  4.3227  3.8013  0.9950  2.7696 34.3961
  5.6271  3.3044  0.9975  1.2303 29.0686
  4.9685  3.9959  0.9682  1.8395 36.5121
  4.4755  0.6062  0.9826  0.5513  3.5708
  5.8544  1.7159  0.9839  1.0904 13.0233
  5.8673  0.4475  0.9877  1.5675  2.4710
  4.7414  2.5438  0.9825  0.4476 21.1595
  5.9683  3.0569  0.9673  1.7391 26.4587
  5.0797  3.0213  0.9980  1.6721 26.0857
  5.0735  1.9158  0.9886  0.9661 14.9299
  6.4432  2.9780  0.9331  0.8912 25.6337
  4.6653  1.8110  0.9725  0.9922 13.9249
  6.7013  3.5151  0.8733  2.5562 31.3146
  4.6012  0.9253  0.9980  2.3250  6.0256
  3.5682  1.9497  0.9816  1.4740 15.2574
  5.6114  2.4618  0.9810  0.9319 20.3283
  5.2576  3.2779  0.9745  1.3690 28.7877
  5.7159  3.8406  0.9667  1.2288 34.8227
  5.1320  2.7905  0.9690  0.1727 23.6867
  4.0372  2.1465  0.9745  2.0694 17.1797
  4.8052  4.2133  0.9954  0.6612 38.8923
  3.9043  0.9641  0.9759  1.6352  6.3425
  3.6672  3.8595  0.9875  1.1092 35.0278
  5.3646  1.3759  0.9693  0.7546  9.8920
  5.4588  3.7176  0.9669  0.9744 33.4914
  5.0432  3.8739  0.9692  1.2169 35.1845
  5.2696  2.7896  0.9696  0.2667 23.6781
  4.8760  1.2882  0.9774  2.0716  9.1100
  4.7032  4.3945  0.9868  2.1507 40.8892
  3.9394  2.9389  0.9694  0.4522 25.2263
  5.6159  1.5156  0.9971  2.7455 11.1601
  6.1807  2.7603  0.9847  0.3617 23.3752
  4.6647  3.7523  0.9812  1.8925 33.8660
  6.4979  3.6863  0.9212  0.5955 33.1534
  4.7804  1.5595  0.9800  0.4826 11.5637
  5.4652  1.8982  0.9785  2.4096 14.7601
  5.1604  1.8650  0.9973  0.3977 14.4412
  6.1992  2.9218  0.9808  1.2310 25.0483
  4.4763  2.8321  0.9900  0.7004 24.1166
  4.7289  2.7387  0.9956  1.8123 23.1528
  5.7645  2.5931  0.9783  1.2709 21.6613
  5.0970  4.2734  0.9846  1.9414 39.5530
  5.2716  1.5759  0.9779  0.7844 11.7154
  4.7027  3.3217  0.9958  1.6904 29.2523
  5.6685  2.8504  0.9705  2.0569 24.3070
  5.1625  4.1220  0.9868  1.3528 37.8903
  4.8354  0.7362  0.9899  0.3156  4.5352
  4.7231  1.2821  0.9742  1.0204  9.0568
  4.4699  4.0732  0.9759  1.6229 37.3558
  5.4961  1.4791  0.9815  1.7580 10.8253
  4.7180  1.8594  0.9780  1.7657 14.3877
  5.0332  2.3460  0.9732  1.1220 19.1627
  5.4453  3.7063  0.9930  0.4860 33.3702
  5.5423  3.1007  0.9964  2.3393 26.9186
  6.2640  2.2004  0.9801  0.5250 17.7120
  3.7850  1.4058  0.9811  0.4809 10.1609
  4.8762  3.1406  0.9799  1.0467 27.3381
  4.8035  1.4568  0.9913  1.0268 10.6223
  5.5505  2.5283  0.9980  2.7615 21.0014
  5.1473  3.7172  0.9969  1.3581 33.4872
  4.0718  4.1931  0.9668  0.4589 38.6704
  6.6046  1.7968  0.9980  1.3657 13.7901
  4.6494  2.4838  0.9781  1.5163 20.5502
  5.4759  2.0406  0.9787  1.3221 16.1407
  5.3015  4.1934  0.9980  1.8978 38.6739
  6.2577  2.1733  0.9683  2.0277 17.4442
  4.1570  2.2353  0.9840  1.5695 18.0586
  3.8996  4.4333  0.9873  2.2301 41.3179
  5.4885  3.0433  0.9819  0.9769 26.3158
  4.6277  1.1865  0.9894  1.2287  8.2206
  6.0364  3.3173  0.9679  2.3297 29.2049
  5.7731  3.8167  0.9904  1.3080 34.5638
  4.8119  2.0247  0.9820  0.9838 15.9855
  5.4963  2.2197  0.9826  0.8350 17.9032
  5.4287  1.1439  0.9739  2.0554  7.8535
  5.6823  2.2809  0.9705  1.2573 18.5123
  4.9102  2.4393  0.9914  1.8814 20.1003
  5.1136  3.2311  0.9787  0.8210 28.2924
  5.1640  1.1217  0.9338  2.0114  7.6630
  5.4247  1.3541  0.9789  1.0803  9.6965
  5.8352  3.5391  0.9722  1.5526 31.5711
  6.3674  2.3440  0.9834  0.9322 19.1422
  4.4016  2.5098  0.9786  2.8192 20.8136
  5.2222  1.7306  0.9726  1.3028 13.1622
  5.2008  1.5810  0.9980  1.3652 11.7625
  4.5638  2.7810  0.9687  0.8546 23.5892
  5.7303  3.8333  0.9965  1.0839 34.7432
  5.3423  2.8552  0.9890  1.1685 24.3566
  4.6735  0.9594  0.9980  2.3688  6.3042
  3.8709  1.9445  0.9923  2.3962 15.2072
  5.0760  3.6869  0.9856  1.9225 33.1608
  4.9817  3.1553  0.9890  1.9735 27.4928
  4.8204  2.1908  0.9980  1.4857 17.6169
  5.2879  3.1063  0.9939  1.0584 26.9769
  4.7677  4.0101  0.9797  1.7966 36.6666
  3.8902  2.6711  0.9727  0.5076 22.4584
  4.9364  2.7264  0.9907  2.6654 23.0262
  5.1782  2.1422  0.9808  1.1072 17.1374
  4.5565  2.5706  0.9787  2.4218 21.4316
  6.3052  3.5048  0.9702  1.7822 31.2038
  5.5011  3.6291  0.9906  0.6613 32.5383
  6.9732  1.6133  0.4457  1.0973 12.0629
  4.9123  4.1465  0.9819  0.8524 38.1585
  4.7890  2.5563  0.9869  0.9593 21.2864
  5.9318  2.7116  0.9939  0.7908 22.8742
  3.6293  4.4957  0.9870  0.5877 42.0092
  4.6693  3.1120  0.9707  0.7599 27.0375
  4.8886  1.5011  0.9854  0.0567 11.0269
  5.0503  3.0809  0.9980  2.3205 26.7101
  5.7840  2.9573  0.9802  2.2073 25.4180
  5.3527  2.0668  0.9740  1.1876 16.3970
  6.7523  1.4515  0.6488  0.5499 10.5747
  5.0561  2.7289  0.9832  1.3932 23.0526
  4.9571  1.5280  0.9772  1.1293 11.2731
  4.1591  1.9742  0.9836  1.5414 15.4944
  4.3990  3.1411  0.9686  1.2105 27.3432
  6.1863  2.1087  0.9686  1.8673 16.8076
  6.4408  2.5697  0.9372  1.8523 21.4226
  5.1455  2.7513  0.9831  1.7771 23.2829
  4.8254  2.5941  0.9763  2.2887 21.6711
  3.5663  3.3315  0.9756  2.4984 29.3557
  4.6334  2.7880  0.9734  2.0519 23.6612
  5.2273  0.7959  0.9980  1.5696  4.9959
  5.2200  1.5496  0.9952  1.4113 11.4722
  3.8366  2.5377  0.9737  0.3833 21.0969
  5.3334  0.3975  0.9752  0.3412  2.1454
  5.9365  0.8108  0.9914  0.3729  5.1120
  5.4677  4.0474  0.9677  0.4665 37.0743
  5.3980  3.3480  0.9688  0.8152 29.5318
  5.5317  3.6417  0.9933  0.8049 32.6737
  4.3422  2.1702  0.9976  0.1850 17.4136
  4.0464  1.5668  0.9937  0.8535 11.6311
  5.2728  3.1306  0.9709  0.7223 27.2328
  4.4888  3.5599  0.9688  0.8769 31.7939
  4.4991  2.3297  0.9970  0.5232 18.9998
  5.3351  3.3026  0.9724  1.4529 29.0498
  4.6508  4.2820  0.9763  1.9344 39.6475
  5.0060  1.6969  0.9716  2.3050 12.8448
  4.3407  2.5089  0.9928  1.4790 20.8049
  4.7473  4.2837  0.9757  2.9410 39.6669
  4.6807  3.7534  0.9757  1.6464 33.8786
  5.2604  1.8439  0.9828  0.8276 14.2394
  4.6015  3.7447  0.9954  1.0207 33.7842
  5.7320  2.3281  0.9792  0.5388 18.9833
  5.4368  1.0233  0.9819  0.4273  6.8328
  5.1537  0.6718  0.9973  1.5645  4.0505
  5.2533  4.4596  0.9708  1.0450 41.6092
  5.1863  2.8016  0.9702  1.0574 23.8015
  4.0323  2.0350  0.9768  1.5002 16.0861
  5.1539  1.7434  0.9722  1.4030 13.2826
  4.5430  3.1947  0.9968  2.5715 27.9078
  4.2044  1.7921  0.9975  1.8151 13.7453
  4.1434  0.9118  0.9892  2.8736  5.9163
  5.8321  3.3525  0.9705  1.6111 29.5791
  4.4603  1.4846  0.9953  0.9954 10.8756
  5.5185  2.1359  0.9944  0.3963 17.0755
  5.4735  0.5945  0.9696  1.5912  3.4863
  4.2256  0.3124  0.9777  1.8124  1.6163
  5.1760  2.9254  0.9827  1.2363 25.0851
  6.5749  3.5449  0.7971  2.1929 31.6336
  5.2996  4.4813  0.9972  0.6853 41.8494
  4.8210  2.2971  0.9757  1.2309 18.6734
  3.6462  1.7633  0.9702  2.0023 13.4715
  3.8914  1.0326  0.9756  1.7094  6.9102
  4.6819  3.8859  0.9741  1.1189 35.3144
  5.1593  2.0326  0.9960  2.1602 16.0625
  5.3146  1.4446  0.9842  1.1507 10.5117
  4.1918  2.9943  0.9831  1.1277 25.8034
  4.8076  0.3844  0.9734  2.5476  2.0619
  5.0144  1.7730  0.9913  1.1020 13.5639
  4.8653  3.6534  0.9829  1.8078 32.7990
  5.9950  1.4149  0.9864  0.3796 10.2431
  4.4383  3.1682  0.9738  1.9702 27.6282
  4.6867  2.7834  0.9941  1.7264 23.6142
  4.6803  3.8936  0.9840  2.1149 35.3982
  5.6811  0.4434  0.9962  2.8476  2.4444
  4.3830  0.8312  0.9980  0.5817  5.2722
  6.0052  1.9101  0.9717  0.2110 14.8750
  5.5960  3.2982  0.9708  1.9623 29.0029
  5.8827  3.5442  0.9872  0.9694 31.6262
  5.2905  0.5301  0.9688  0.2809  3.0315
  5.0667  3.9594  0.9980  0.6364 36.1138
  5.9074  4.0102  0.9687  1.3104 36.6679
  4.4588  1.4434  0.9738  1.3933 10.5004
  4.4233  3.1951  0.9814  1.5971 27.9119
  5.1373  0.8813  0.9678  0.6447  5.6705
  6.4492  3.4746  0.9958  0.2725 30.8810
  3.6804  2.7170  0.9670  0.5902 22.9294
  3.5074  0.7024  0.9980  2.3180  4.2792
  5.3015  2.8877  0.9980  1.9551 24.6932
  3.6362  2.5156  0.9676  1.5306 20.8729
  5.1845  1.6333  0.9685  1.8864 12.2489
  4.9066  2.9637  0.9864  0.4148 25.4844
  5.2595  3.9948  0.9798  2.5689 36.4997
  6.8657  1.7315  0.9219  0.9104 13.1707
  5.2452  2.0292  0.9980  1.9438 16.0293
  4.5401  2.7594  0.9934  2.1235 23.3658
  5.6736  3.8382  0.9759  2.3806 34.7964
  5.4998  2.4327  0.9769  0.2455 20.0338
  3.6929  2.4361  0.9973  0.8690 20.0687
  5.2996  1.9965  0.9963  1.5941 15.7111
  5.6061  2.7063  0.9866  0.6877 22.8199
  3.6229  2.6961  0.9948  1.7404 22.7148
  6.9653  4.4725  0.3665  1.2528 41.7525
  5.7746  2.7221  0.9705  1.9528 22.9823
  5.0934  1.0839  0.9775  1.4839  7.3417
  5.7968  3.4967  0.9800  1.9059 31.1174
  4.5150  4.4725  0.9779  2.8136 41.7519
  5.0261  4.0816  0.9714  1.5947 37.4477
  5.2169  1.1060  0.9730  0.6746  7.5292
  5.4959  3.5577  0.9914  0.9993 31.7707
  4.0575  3.2638  0.9927  0.9983 28.6382
  5.4105  0.8148  0.9877  1.6937  5.1434
  4.8224  0.5977  0.9863  0.4531  3.5091
  5.3591  2.5115  0.9765  2.0558 20.8310
  5.6411  3.9283  0.9865  1.1351 35.7757
  5.4714  0.9550  0.9809  1.6183  6.2683
  4.7764  2.3290  0.9905  2.1961 18.9919
  5.8881  3.6814  0.9699  2.0744 33.1015
  5.0626  2.8518  0.9712  0.7724 24.3207
  5.4195  2.0745  0.9819  0.7302 16.4725
  5.1344  1.4818  0.9770  1.7828 10.8507
  4.8320  0.3220  0.9787  0.6889  1.6739
  4.7338  1.6678  0.9684  1.1431 12.5717
  5.4998  2.2344  0.9877  0.9586 18.0491
  5.3771  4.3944  0.9774  1.0098 40.8882
  5.0481  3.9377  0.9840  1.4567 35.8774
  4.3142  4.3551  0.9772  0.8002 40.4536
  4.4720  4.2964  0.9698  1.8922 39.8063
  5.4992  2.9228  0.9718  2.5059 25.0588
  4.3782  3.4069  0.9732  0.4827 30.1581
  4.3286  1.5169  0.9980  1.4920 11.1713
  4.2478  2.6758  0.9765  1.8495 22.5064
  5.9532  1.9067  0.9669  1.4447 14.8420
  5.3214  2.2724  0.9763  1.7379 18.4274
  5.5720  1.9932  0.9857  2.0132 15.6787
  6.0169  1.3742  0.9812  1.7428  9.8764
  4.8332  3.4619  0.9694  0.4981 30.7448
  5.2254  3.9834  0.9923  0.9450 36.3760
  5.0304  1.9944  0.9729  2.0590 15.6905
  5.2886  2.0908  0.9946  0.3906 16.6315
  4.4647  0.7541  0.9694  1.5858  4.6726
  5.2143  1.6807  0.9980  0.9237 12.6926
  5.4475  3.3280  0.9693  0.5888 29.3189
  5.4230  2.4258  0.9947  0.9084 19.9650
  6.3894  2.2300  0.8246  2.5943 18.0060
  4.3762  2.5398  0.9961  1.1591 21.1190
  5.0114  2.7080  0.9923  2.0428 22.8368
  5.2193  1.7532  0.9946  1.8134 13.3754
  4.1932  3.7431  0.9887  0.7415 33.7669
  5.1879  1.5480  0.9892  1.8435 11.4574
  4.4107  4.4742  0.9851  0.8383 41.7714
  6.2427  3.9745  0.9817  1.0821 36.2784
  5.2909  3.1865  0.9836  1.5069 27.8213
  4.2202  2.8085  0.9966  2.2773 23.8725
  4.3827  3.2119  0.9830  0.5733 28.0892
  5.9378  3.7952  0.9829  2.5061 34.3303
  4.5301  4.1325  0.9898  1.6271 38.0051
  6.3777  4.1411  0.9883  0.7288 38.0999
  4.1713  1.8427  0.9861  1.4153 14.2274
  5.9119  1.6321  0.9947  2.1547 12.2374
  6.9755  2.6111  0.4521  1.8305 21.8445
  4.9504  1.3637  0.9903  1.6592  9.7825
  5.5709  1.6387  0.9829  2.1626 12.2996
  5.4604  1.5042  0.9948  2.5039 11.0554
  6.8910  1.3819  0.5521  2.1574  9.9454
  4.0806  3.4420  0.9733  1.9311 30.5330
  5.0085  1.7649  0.9383  0.5702 13.4864
  5.3630  4.1656  0.9678  0.6858 38.3679
  4.9755  3.3572  0.9919  1.5266 29.6296
  4.8924  2.0241  0.9956  1.4238 15.9802
  4.9136  1.0380  0.9871  0.5725  6.9556
  3.8340  3.1868  0.9971  1.1007 27.8250
  6.6796  3.2578  0.6698  0.6881 28.5746
  3.9287  1.2987  0.9726  1.3323  9.2034
  4.7477  3.0608  0.9711  0.7848 26.5000
  4.3336  2.4457  0.9686  1.2182 20.1655
  4.1199  4.4687  0.9966  1.6929 41.7100
  5.1118  1.1921  0.9720  0.8975  8.2688
  5.2347  2.8977  0.9718  1.4743 24.7978
  5.1600  1.5198  0.9688  0.3625 11.1985
  6.0751  0.4227  0.9953  2.7398  2.3080
  5.6029  2.3220  0.9943  1.4180 18.9228
  5.4916  2.9875  0.9797  0.5166 25.7322
  5.1328  2.4765  0.9789  1.5027 20.4768
  6.2382  2.1522  0.9953  0.6783 17.2358
  5.4201  3.0523  0.9793  1.4304 26.4104
  6.5389  4.1392  0.8549  0.2474 38.0788
  5.7845  3.3391  0.9672  0.8376 29.4368
  5.8041  4.0117  0.9765  1.9597 36.6840
  4.7530  1.5664  0.9699  0.3834 11.6277
  4.9292  2.1734  0.9871  0.3213 17.4451
  4.0535  2.7258  0.9865  1.6365 23.0198
  5.3553  0.9070  0.9703  0.5361  5.8776
  5.6634  2.8904  0.9927  1.9612 24.7219
  5.1377  0.7649  0.9971  2.2584  4.7559
  5.7480  3.0242  0.9794  0.9598 26.1160
  6.7742  0.8131  0.6501  1.9920  5.1304
  5.2479  2.8566  0.9750  1.4754 24.3709
  5.4481  3.7154  0.9735  1.2757 33.4674
  5.3780  2.0981  0.9821  1.9180 16.7039
  5.4623  2.9774  0.9816  1.2591 25.6275
  5.2296  2.3423  0.9712  1.6515 19.1254
  5.5139  1.5672  0.9863  2.2444 11.6352
  4.6187  2.1290  0.9799  1.9708 17.0072
  4.7246  3.5138  0.9856  1.2480 31.3006
  4.4328  1.2269  0.9978  1.1133  8.5719
  5.3659  4.0352  0.9764  1.4560 36.9405
  5.0081  1.4801  0.9897  0.1729 10.8347
  4.9504  2.9869  0.9790  1.6559 25.7268
  5.7467  3.3988  0.9895  1.5834 30.0723
  5.5546  2.4464  0.9730  2.0954 20.1722
  4.3750  4.4764  0.9912  1.3555 41.7953
  5.0152  3.6911  0.9742  1.1749 33.2057
  6.3442  3.6853  0.9800  1.5093 33.1432
  6.4909  3.4696  0.9467  1.1285 30.8274
  4.9343  3.0099  0.9942  0.6147 25.9664
  4.4574  2.1663  0.9802  0.8925 17.3745
  4.9537  3.3610  0.9948  1.9767 29.6701
  5.6615  3.0670  0.9826  2.3704 26.5644
  4.7451  0.7968  0.9856  1.5291  5.0031
  4.6857  1.0759  0.9804  1.1915  7.2743
  5.1299  2.0799  0.9980  2.5494 16.5252
  3.8231  3.5103  0.9846  0.7160 31.2632
  5.2945  0.8897  0.9841  0.5643  5.7385
  4.1060  2.8650  0.9747  1.6803 24.4577
  5.6860  0.4100  0.9869  0.8789  2.2261
  6.1471  3.3781  0.9775  2.2126 29.8515
  4.8280  3.2599  0.9899  2.3613 28.5970
  4.8885  2.4521  0.9916  2.1965 20.2303
  6.5970  2.3406  0.7417  0.2032 19.1089
  4.2004  2.4885  0.9843  0.9569 20.5980
  4.6384  3.1045  0.9854  1.7594 26.9583
  3.6890  1.1827  0.9795  0.2673  8.1878
  6.2362  2.3850  0.9680  1.3853 19.5538
  5.7879  2.1136  0.9780  0.7307 16.8558
  5.0473  3.8520  0.9730  0.3427 34.9458
  5.4421  3.5167  0.9668  0.6772 31.3316
  5.5074  2.5443  0.9972  1.5678 21.1642
  4.1347  2.6558  0.9705  1.7605 22.3019
  5.5019  3.9574  0.9710  0.5514 36.0921
  5.2865  0.8315  0.9747  1.9528  5.2750
  4.1434  1.8567  0.9712  1.9626 14.3614
  4.7000  1.9546  0.9980  1.8288 15.3048
  4.8344  3.5168  0.9944  1.3179 31.3324
  4.8159  4.3695  0.9946  0.7386 40.6126
  4.5789  1.8515  0.9980  1.0254 14.3117
  6.1872  2.3408  0.9980  0.6183 19.1108
  4.7507  1.6667  0.9880  1.3925 12.5607
  5.7934  4.2172  0.9876  2.6375 38.9349
  5.1088  1.2131  0.9887  1.3969  8.4519
  5.2489  0.6928  0.9797  1.3745  4.2074
  4.1998  4.1976  0.9679  0.8104 38.7202
  5.1926  2.9614  0.9698  1.5369 25.4599
  5.3340  3.8089  0.9944  2.0614 34.4795
  4.5236  2.1516  0.9678  0.9431 17.2295
  5.1737  0.8951  0.9788  1.7211  5.7816
  6.0377  3.4720  0.9715  0.8852 30.8530
  4.0451  0.8130  0.9709  1.0961  5.1294
  5.5889  3.4891  0.9871  0.4635 31.0357
  5.9604  3.4270  0.9718  0.9292 30.3728
  5.0501  1.2074  0.9869  0.4651  8.4019
  6.1679  2.6362  0.9675  1.5300 22.1015
  5.9369  4.3800  0.9940  1.1988 40.7293
  4.8750  3.2445  0.9944  2.3061 28.4342
  4.6719  3.5573  0.9788  2.5159 31.7663
  4.7525  1.7861  0.9885  1.0283 13.6879
  5.0853  3.7839  0.9763  2.2980 34.2087
  5.2821  2.3545  0.9968  0.7070 19.2481
  5.0074  4.0253  0.9938  1.7769 36.8325
  4.8580  4.0452  0.9729  1.2385 37.0501
  3.7796  1.7056  0.9674  2.6415 12.9263
  5.1150  2.6401  0.9831  0.7763 22.1409
  3.9938  3.2276  0.9959  0.2339 28.2556
  5.7104  1.7759  0.9685  2.8623 13.5914
  5.1065  3.7510  0.9902  0.3289 33.8520
  4.9779  1.3894  0.9785  1.4957 10.0129
  5.3310  2.3997  0.9817  2.2812 19.7018
  5.1999  1.6778  0.9700  0.6077 12.6646
  4.9933  2.7360  0.9800  2.1255 23.1255
  4.3920  3.3653  0.9980  1.4282 29.7150
  5.1662  1.5466  0.9688  2.2836 11.4452
  5.9699  3.8326  0.9698  1.3046 34.7358
  5.3542  3.2376  0.9980  0.6738 28.3614
  5.2142  1.3955  0.9782  0.6080 10.0681
  5.0683  1.9860  0.9698  1.7602 15.6086
  4.9759  1.3357  0.9703  1.3099  9.5320
  4.8031  2.7513  0.9727  2.1911 23.2825
  5.1519  2.6633  0.9782  1.0004 22.3790
  5.2212  4.0104  0.9793  0.8625 36.6698
  5.7158  1.7583  0.9879  1.4447 13.4245
  5.0408  1.5949  0.9938  2.2954 11.8916
  5.0533  3.6977  0.9784  2.4718 33.2771
  5.2045  1.1565  0.9749  0.3206  7.9614
  5.4095  2.4772  0.9980  1.7335 20.4839
  5.2289  3.9506  0.9743  2.5073 36.0180
  5.2896  2.7633  0.9685  0.9390 23.4060
  5.2851  1.8089  0.9745  3.0225 13.9050
  5.2763  1.8355  0.9894  2.9774 14.1585
  6.1525  2.3069  0.9788  0.5319 18.7716
  5.4788  2.9781  0.9771  0.5660 25.6346
  4.8927  2.5023  0.9756  1.2092 20.7380
  5.1449  1.0662  0.9748  0.4754  7.1922
  5.0102  3.2244  0.9830  2.0937 28.2214
  5.2558  0.9296  0.9944  0.6155  6.0609
  5.1960  3.5645  0.9866  2.2905 31.8442
  4.9412  1.0931  0.9834  2.1175  7.4197
  5.0312  0.7627  0.9775  0.5663  4.7389
  4.7857  2.6096  0.9848  1.5000 21.8299
  4.2154  1.7096  0.9824  2.5704 12.9637
  3.7048  0.9943  0.9821  1.6104  6.5914
  5.3740  1.5173  0.9671  2.7776 11.1754
  3.8892  1.3703  0.9836  0.5328  9.8411
  5.9180  3.9868  0.9893  2.7597 36.4122
  5.7473  3.4956  0.9827  1.4664 31.1054
  5.4042  3.5844  0.9980  0.7082 32.0569
  4.0051  2.8490  0.9727  2.6359 24.2921
  5.2746  1.8800  0.9831  1.5313 14.5851
  6.2534  4.3307  0.9969  2.1990 40.1843
  4.7463  3.9218  0.9973  0.9908 35.7051
  5.6087  0.8668  0.9685  1.3501  5.5545
  4.4708  3.7522  0.9980  0.6388 33.8652
  4.4061  3.8396  0.9900  1.7138 34.8119
  4.6027  3.1591  0.9933  1.8799 27.5330
  4.8134  2.5270  0.9775  2.3265 20.9883
  5.7094  2.5443  0.9701  1.7017 21.1644
  4.4743  2.8057  0.9860  0.5449 23.8438
  4.7713  1.9242  0.9735  1.9836 15.0104
  4.9077  2.9048  0.9933  2.0634 24.8714
  3.8462  2.9521  0.9880  0.5196 25.3634
  5.0914  1.3225  0.9930  0.3483  9.4141
  5.0979  1.8780  0.9922  2.0265 14.5660
  4.7719  2.2120  0.9857  0.3757 17.8275
  4.5016  4.3037  0.9771  1.7507 39.8870
  5.2387  4.4037  0.9761  2.3558 40.9906
  4.7030  1.9913  0.9793  0.5107 15.6610
  4.4246  2.5706  0.9913  0.2611 21.4313
  4.9861  2.9000  0.9902  0.5716 24.8212
  5.1594  1.8157  0.9703  2.1478 13.9693
  5.1980  1.5651  0.9879  2.8001 11.6155
  5.0763  1.9352  0.9951  0.5767 15.1174
  5.1990  1.6155  0.9901  1.7244 12.0832
  4.7104  3.9075  0.9856  0.6777 35.5491
  5.1278  3.6301  0.9699  0.2839 32.5483
  5.7766  4.0862  0.9675  1.7396 37.4985
  5.6469  2.8527  0.9786  2.6016 24.3305
  5.6898  1.7891  0.9698  1.4566 13.7166
  5.9647  3.2714  0.9930  0.6172 28.7184
  4.2767  4.2456  0.9727  1.3808 39.2471
  6.4599  2.8527  0.8638  0.8893 24.3301
  4.8613  3.2330  0.9678  1.5865 28.3125
  5.4822  3.0172  0.9730  0.9211 26.0432
  5.2699  2.2256  0.9679  1.7701 17.9616
  5.2137  1.8150  0.9891  0.8816 13.9634
  5.2860  4.2600  0.9669  1.9772 39.4056
  5.4521  2.3357  0.9668  2.0160 19.0592
  5.4758  1.5928  0.9978  2.2896 11.8724
  5.1019  1.4094  0.9935  2.0047 10.1928
  4.7276  1.9829  0.9679  0.8019 15.5793
  3.7653  3.3098  0.9958  0.8499 29.1258
  5.0787  3.1374  0.9711  2.2668 27.3044
  5.0477  2.5785  0.9716  0.4622 21.5125
  5.3003  1.8838  0.9803  2.0234 14.6220
  4.9904  1.1072  0.9842  1.3486  7.5396
  4.5197  2.0590  0.9701  1.3701 16.3206
  5.2604  4.1529  0.9844  2.3893 38.2295
  5.9961  3.5466  0.9672  1.9318 31.6521
  5.0975  3.9663  0.9703  0.2164 36.1891
  5.2386  3.6453  0.9888  0.6912 32.7117
  3.8571  3.0695  0.9980  2.0536 26.5910
  3.6418  2.1882  0.9799  1.2654 17.5912
  4.6153  0.6874  0.9856  1.0467  4.1675
  5.1258  2.2536  0.9705  1.0001 18.2404
  5.4670  3.8921  0.9685  0.3922 35.3821
  5.2831  1.4436  0.9756  1.0826 10.5025
  5.1744  2.6628  0.9676  1.4070 22.3735
  3.8768  0.4844  0.9831  0.1393  2.7180
  5.3539  2.9389  0.9896  2.2006 25.2255
  6.4437  2.7318  0.9599  1.4440 23.0820
  5.3980  2.7982  0.9705  1.3848 23.7663
  5.4988  3.2411  0.9755  1.9214 28.3976
  5.6300  1.9058  0.9863  2.6476 14.8333
  5.2013  3.8846  0.9912  1.4150 35.3000
  5.1128  4.4243  0.9974  2.4795 41.2181
  4.8302  1.9556  0.9876  1.1694 15.3139
  4.9742  2.1636  0.9777  1.8458 17.3480
  5.1664  2.9792  0.9733  1.3052 25.6465
  3.5061  1.2880  0.9817  0.4771  9.1085
  4.1062  2.9288  0.9963  2.0474 25.1206
  4.9282  1.4808  0.9713  0.6695 10.8408
  3.6614  1.4547  0.9912  0.9387 10.6030
  4.6287  3.0845  0.9712  1.1905 26.7480
  4.6585  2.0502  0.9835  1.1913 16.2345
  5.2006  1.5831  0.9712  0.5687 11.7819
  3.9529  3.6208  0.9980  1.0715 32.4485
  5.3317  4.3327  0.9803  2.2366 40.2066
  5.0486  1.3162  0.9792  0.8572  9.3589
  5.6290  3.4762  0.9889  2.9011 30.8976
  5.4687  1.9624  0.9671  2.6820 15.3799
  4.7933  3.2365  0.9802  0.5379 28.3490
  6.1092  2.1493  0.9942  1.1835 17.2074
  5.3548  1.2273  0.9756  2.2213  8.5753
  5.2887  3.1251  0.9876  0.4096 27.1747
  5.2472  4.4584  0.9957  0.3069 41.5960
  5.2711  1.1335  0.9730  1.0665  7.7641
  5.9534  3.3668  0.9980  0.9927 29.7316
  5.1023  2.9975  0.9969  1.5954 25.8371
  5.3758  2.0747  0.9971  2.0740 16.4737
  4.8394  2.1794  0.9745  2.3787 17.5046
  4.8591  1.6628  0.9679  0.7996 12.5249
  5.7963  2.0619  0.9845  1.9774 16.3493
  5.3877  3.6284  0.9668  2.5513 32.5304
  4.6997  2.0288  0.9739  0.3316 16.0251
  5.6772  3.3981  0.9787  1.0494 30.0646
  5.1974  2.5598  0.9782  2.1373 21.3216
  5.0037  4.3274  0.9819  2.0656 40.1477
  5.4229  2.1990  0.9923  0.4166 17.6984
  5.4257  3.7755  0.9672  1.7000 34.1174
  5.1581  1.0380  0.9791  0.7003  6.9552
  4.8852  3.1298  0.9974  0.7099 27.2237
  5.6804  3.9373  0.9887  0.4768 35.8736
  5.4269  3.0650  0.9956  2.6352 26.5434
  5.0842  0.8251  0.9962  1.2114  5.2242
  4.5735  3.2382  0.9980  2.1715 28.3678
  4.4551  2.0002  0.9961  1.5327 15.7469
  5.0123  1.8601  0.9877  2.0381 14.3944
  3.6105  3.8179  0.9818  2.2194 34.5768
  4.4278  2.5822  0.9880  0.5463 21.5499
  4.7993  4.2803  0.9907  0.1443 39.6291
  5.1482  1.0586  0.9799  1.9903  7.1284
  4.5848  3.1642  0.9864  0.4969 27.5867
  4.1258  3.4319  0.9832  1.7553 30.4252
  5.4749  4.2367  0.9858  0.7595 39.1490
  5.5313  2.8053  0.9846  0.7364 23.8394
  4.2094  3.6633  0.9686  0.8110 32.9065
  5.6070  0.2312  0.9903  1.7600  1.1434
  6.9988  3.2675  0.6597  2.4478 28.6778
  5.5715  2.1551  0.9884  2.2035 17.2643
  5.2690  1.5476  0.9725  1.6188 11.4539
  4.7781  3.5591  0.9767  0.9516 31.7855
  5.5777  2.8823  0.9959  1.5582 24.6370
  6.8891  2.4957  0.3244  2.2289 20.6714
  5.2926  1.6930  0.9815  0.8556 12.8080
  4.3038  4.3465  0.9775  1.0115 40.3585
  5.7791  2.6459  0.9976  0.9547 22.2009
  5.1846  3.6898  0.9814  2.1673 33.1919
  4.8540  1.7235  0.9974  0.8221 13.0946
  5.0695  1.5945  0.9949  1.9655 11.8876
  5.4178  2.5794  0.9890  2.0578 21.5210
  3.5364  4.1888  0.9754  1.7466 38.6228
  3.5492  2.3649  0.9792  0.7854 19.3519
  4.2125  2.6701  0.9702  2.3665 22.4479
  5.1727  2.4424  0.9710  1.5878 20.1319
  5.1906  2.3595  0.9782  1.8998 19.2979
  5.1083  1.4304  0.9980  1.5601 10.3833
  4.7371  1.5236  0.9828  1.2022 11.2335
  5.0322  1.1045  0.9883  1.5323  7.5166
  4.8282  1.8680  0.9824  1.8944 14.4702
  4.7823  2.5628  0.9740  1.0219 21.3522
  5.0125  1.7901  0.9713  1.8401 13.7262
  5.8800  3.3711  0.9750  0.8342 29.7772
  5.2325  2.4452  0.9980  1.1543 20.1608
  5.2847  1.0535  0.9971  0.9100  7.0855
  5.2812  3.2223  0.9924  2.1198 28.1993
  4.4616  3.5565  0.9963  0.3814 31.7584
  5.1732  3.0241  0.9761  0.9819 26.1158
  5.4565  3.1472  0.9681  1.5941 27.4068
  5.1870  1.2670  0.9815  2.3915  8.9235
  4.7383  1.3820  0.9798  0.4026  9.9463
  4.7308  2.3413  0.9776  2.4506 19.1158
  5.4217  2.8770  0.9680  1.4966 24.5820
  4.9184  1.5792  0.9788  1.3353 11.7457
  4.9059  2.3294  0.9770  0.9462 18.9966
  4.7959  2.8456  0.9676  1.0169 24.2571
  5.0494  3.3303  0.9710  2.7776 29.3431
  5.1208  3.5112  0.9876  1.3956 31.2727
  5.1460  2.0420  0.9714  1.2609 16.1546
  6.5884  1.3097  0.7185  1.6162  9.3010
  4.7421  3.8094  0.9910  2.8953 34.4844
  4.5962  1.3277  0.9771  0.7186  9.4611
  4.2861  2.9063  0.9796  0.4649 24.8867
  6.4362  3.9508  0.8799  1.2315 36.0200
  4.7576  3.5366  0.9959  2.4258 31.5446
  5.3579  4.3133  0.9963  0.6283 39.9922
  5.7628  2.3924  0.9815  1.4256 19.6286
  6.5839  1.3815  0.8113  1.8333  9.9421
  6.6983  2.5747  0.6774  0.6148 21.4731
  5.0795  1.4808  0.9678  0.6967 10.8407
  4.8982  2.2291  0.9690  1.0819 17.9971
  4.6633  4.0692  0.9942  1.1604 37.3126
  4.8326  1.4206  0.9795  0.7545 10.2946
  5.9898  3.9150  0.9928  0.2803 35.6307
  5.2998  3.8993  0.9774  0.6889 35.4603
  6.6280  1.5261  0.6720  0.7416 11.2562
  4.9033  1.6437  0.9867  0.7350 12.3457
  4.9282  3.4622  0.9939  2.6898 30.7480
  5.3756  2.3120  0.9855  0.6863 18.8223
  6.2466  4.1101  0.9757  1.9272 37.7605
  4.7157  3.3716  0.9879  0.6488 29.7827
  4.6665  2.1644  0.9714  2.7430 17.3560
  4.5942  1.3024  0.9676  1.3649  9.2358
  5.5646  3.5138  0.9750  2.1220 31.3005
  5.6863  1.1087  0.9788  1.0161  7.5525
  5.0070  4.0451  0.9965  0.4296 37.0494
  5.0440  4.0017  0.9737  1.2996 36.5756
  4.7543  3.1033  0.9694  0.8681 26.9459
  4.4613  2.9606  0.9783  0.7824 25.4522
  5.2185  3.1792  0.9678  2.6260 27.7448
  5.9554  3.9819  0.9866  0.4889 36.3588
  5.0800  3.1385  0.9678  1.3036 27.3158
  4.8297  4.1431  0.9951  0.5554 38.1215
  4.4576  3.0011  0.9873  1.2845 25.8745
  4.4464  1.7463  0.9962  0.9367 13.3102
  5.2675  0.9584  0.9765  1.4814  6.2954
  4.6472  3.7772  0.9814  0.6705 34.1353
  5.1919  3.4244  0.9751  0.7567 30.3450
  5.2102  4.0504  0.9787  0.9091 37.1072
  4.4078  3.5944  0.9890  1.4794 32.1649
  5.1977  1.8533  0.9926  1.7209 14.3290
  5.8691  2.5667  0.9885  0.7402 21.3916
  5.5249  3.9314  0.9697  1.7834 35.8089
  5.0098  2.3630  0.9875  1.1240 19.3335
  5.3379  2.6854  0.9913  1.9784 22.6049
  4.8398  2.7931  0.9698  1.3993 23.7140
  5.9525  2.2941  0.9908  1.0706 18.6440
  5.2554  1.4754  0.9771  1.0438 10.7923
  5.2943  4.1509  0.9815  0.3847 38.2068
  5.0805  2.0849  0.9825  0.7810 16.5742
  5.0029  4.2128  0.9699  2.0828 38.8871
  6.5589  1.8526  0.8015  2.4917 14.3220
  6.1286  2.8995  0.9827  0.6239 24.8161
  4.9637  3.1353  0.9708  1.2867 27.2816
  6.3445  3.6082  0.9888  0.2730 32.3132
  5.3189  3.1061  0.9980  1.6476 26.9748
  5.5354  2.5869  0.9932  1.9766 21.5979
  6.6739  1.7391  0.9976  1.5965 13.2428
  6.2733  2.0601  0.9762  2.1770 16.3315
  5.1727  1.2765  0.9934  1.5104  9.0070
  4.7198  1.0419  0.9768  2.0757  6.9881
  4.9887  0.7019  0.9691  1.1093  4.2758
  4.6100  3.3762  0.9855  0.7978 29.8319
  5.0264  3.2155  0.9679  2.3206 28.1275
  4.8724  0.6619  0.9730  0.5467  3.9775
  5.5878  2.2373  0.9790  0.9212 18.0778
  5.1534  1.1016  0.9745  2.5592  7.4918
  4.9960  3.7092  0.9959  0.6044 33.4011
  6.3070  3.8370  0.9775  1.9971 34.7838
  6.0643  3.2494  0.9787  1.1237 28.4856
  5.9989  1.6648  0.9980  1.0906 12.5435
  3.8728  0.7843  0.9933  1.0147  4.9054
  4.7476  3.3463  0.9720  2.8946 29.5134
  5.1360  3.3906  0.9965  0.8366 29.9844
  4.7773  1.9244  0.9928  2.7830 15.0131
  5.5395  3.7480  0.9671  1.1169 33.8199
  6.5648  3.3257  0.8664  2.3093 29.2947
  4.9698  3.5580  0.9778  0.8563 31.7745
  5.3106  3.6434  0.9941  1.0770 32.6919
  3.8702  0.6071  0.9751  2.3015  3.5768
  3.8839  2.9347  0.9763  1.5077 25.1824
  5.2161  2.3232  0.9947  1.9263 18.9349
  4.3370  2.1432  0.9823  2.4891 17.1469
  3.8281  3.2969  0.9870  0.7306 28.9889
  5.8786  0.9979  0.9766  0.4157  6.6215
  4.9368  3.6589  0.9807  0.8128 32.8590
  4.1896  2.9180  0.9669  1.8507 25.0081
  4.3403  0.8382  0.9783  2.2756  5.3276
  4.8896  3.3628  0.9806  1.1077 29.6889
  4.7668  2.7585  0.9715  1.2375 23.3565
  5.0932  1.9506  0.9782  1.4167 15.2662
  5.5361  4.0844  0.9670  0.4022 37.4792
  5.1498  1.2883  0.9873  1.7621  9.1113
  5.6225  3.8951  0.9916  2.0934 35.4140
  5.3040  1.7478  0.9719  0.5257 13.3250
  4.4572  2.1252  0.9908  2.2624 16.9694
  4.8824  0.8969  0.9819  1.5663  5.7960
  3.7863  2.9178  0.9805  2.8231 25.0068
  5.0901  2.8408  0.9970  0.3188 24.2069
  5.4934  3.0964  0.9806  1.1716 26.8728
  4.9112  2.6542  0.9804  0.9265 22.2855
  5.3578  3.8058  0.9690  1.9836 34.4459
  5.9342  3.3383  0.9909  2.3313 29.4281
  4.8132  1.6867  0.9935  2.8755 12.7491
  4.0189  0.7201  0.9737  1.2059  4.4132
  5.4908  1.4547  0.9730  1.3826 10.6035
  4.0596  3.8997  0.9795  1.6070 35.4645
  5.0729  3.8100  0.9767  1.4955 34.4910
  3.8659  4.2903  0.9908  0.6012 39.7393
  4.1061  1.4447  0.9945  2.7700 10.5127
  3.9975  2.2033  0.9772  1.5167 17.7404
  5.1490  3.8014  0.9971  1.0362 34.3978
  5.2397  2.9262  0.9801  2.0111 25.0938
  5.4720  2.0869  0.9772  0.2707 16.5934
  5.2669  0.6994  0.9726  1.6852  4.2569
  5.0082  1.7041  0.9691  1.2132 12.9118
  4.0263  2.7647  0.9836  1.6730 23.4204
  5.3942  2.1687  0.9670  0.7213 17.3986
  6.0736  1.4538  0.9672  0.9607 10.5949
  6.1920  3.6729  0.9838  0.0697 33.0095
  5.2122  1.4063  0.9821  0.5489 10.1652
  5.3709  2.8856  0.9879  1.1294 24.6719
  4.7520  2.1906  0.9739  2.1818 17.6154
  4.5739  2.4584  0.9872  0.7571 20.2936
  5.7879  4.0365  0.9773  2.6278 36.9548
  4.9321  1.6674  0.9774  1.5219 12.5678
  5.1689  1.3802  0.9670  2.5539  9.9297
  5.3916  1.5588  0.9954  0.9625 11.5576
  5.0965  0.9821  0.9951  2.6467  6.4911
  4.3726  2.4142  0.9819  1.9870 19.8475
  6.0679  2.2268  0.9786  1.3393 17.9742
  4.4850  3.6045  0.9894  1.4288 32.2734
  4.7684  1.2453  0.9980  0.5949  8.7332
  5.2858  0.4158  0.9971  0.7104  2.2636
  4.5778  2.2664  0.9763  2.6373 18.3675
  6.0365  3.8080  0.9726  0.3063 34.4689
  4.4921  3.1020  0.9926  0.8585 26.9317
  6.6700  1.7712  0.8495  1.1344 13.5462
  4.9634  1.9723  0.9959  1.3124 15.4763
  4.7207  3.1767  0.9716  0.2858 27.7182
  5.7469  2.9792  0.9681  0.6438 25.6462
  5.3651  2.5260  0.9935  1.3114 20.9781
  3.6011  2.3605  0.9962  2.6666 19.3085
  4.9038  3.4686  0.9916  1.0924 30.8165
  5.1981  4.2747  0.9715  0.9636 39.5673
  5.1731  3.4082  0.9949  1.1714 30.1721
  4.8835  2.8949  0.9718  0.2939 24.7685
  4.6686  1.6514  0.9877  1.4029 12.4176
  3.8849  3.7449  0.9771  0.2325 33.7860
  5.2782  4.2576  0.9683  1.4113 39.3795
  4.9213  0.7464  0.9706  0.8192  4.6132
  3.5750  0.6645  0.9892  1.2962  3.9967
  6.0788  3.1126  0.9928  2.3793 27.0431
  4.5865  4.4521  0.9702  0.5072 41.5259
  5.1945  1.3089  0.9727  0.5612  9.2935
  5.5668  3.1455  0.9823  0.5778 27.3890
  5.8493  1.4299  0.9888  1.0494 10.3786
  5.2857  2.1094  0.9819  1.6172 16.8141
  4.8114  3.6915  0.9803  0.9832 33.2104
  3.5588  1.6634  0.9946  1.0700 12.5297
  5.5507  3.2904  0.9854  0.9062 28.9203
  3.8864  1.3708  0.9824  0.8693  9.8459
  5.8163  4.4995  0.9794  1.4082 42.0510
  5.2329  3.7681  0.9721  1.4243 34.0368
  5.0069  1.0572  0.9827  1.8252  7.1162
  5.1297  3.2670  0.9669  0.2581 28.6721
  5.2192  1.4384  0.9858  0.6532 10.4557
  6.0711  2.2345  0.9890  1.2471 18.0499
  4.6939  3.1692  0.9853  0.9921 27.6386
  4.7165  4.1439  0.9866  1.7085 38.1301
  5.3695  2.5933  0.9902  0.5295 21.6629
  4.5524  4.2231  0.9980  1.6188 38.9999
  4.8855  3.6357  0.9877  1.8262 32.6092
  4.6171  2.2183  0.9851  0.3069 17.8892
  6.2818  2.4507  0.9820  1.4448 20.2154
  4.7965  2.9784  0.9677  2.8365 25.6379
  3.9447  4.4349  0.9754  1.6309 41.3361
  5.1881  0.8976  0.9980  1.5467  5.8014
  5.1472  3.8193  0.9791  0.7837 34.5920
  4.7862  2.5983  0.9828  2.2312 21.7143
  5.1828  2.1392  0.9881  1.2884 17.1078
  5.8782  2.6241  0.9971  1.7211 21.9772
  4.5182  3.2709  0.9937  0.8340 28.7137
  5.0594  0.9016  0.9767  0.6708  5.8336
  4.8302  2.6441  0.9820  0.8279 22.1821
  6.5690  3.0020  0.8332  1.1305 25.8838
  3.7716  2.7380  0.9959  2.1749 23.1459
  5.8616  2.0876  0.9980  1.7358 16.6008
  5.2600  1.9903  0.9816  2.7460 15.6509
  4.6996  3.6998  0.9753  1.2065 33.2995
  4.6218  3.4751  0.9822  0.7752 30.8860
  5.1648  1.9721  0.9980  1.3229 15.4740
  5.0027  4.0170  0.9883  0.5286 36.7422
  4.8403  1.5082  0.9695  0.7334 11.0922
  5.2798  3.8708  0.9958  0.9538 35.1505
  5.0109  1.7393  0.9960  1.9179 13.2439
  5.2833  2.4313  0.9797  1.1338 20.0204
  6.1605  3.3606  0.9851  1.0650 29.6656
  4.9814  3.3947  0.9980  1.3382 30.0285
  5.3290  2.6962  0.9968  2.4490 22.7162
  4.9731  2.4270  0.9856  1.6587 19.9766
  5.0630  4.3589  0.9786  0.5089 40.4960
  5.1676  2.6948  0.9964  1.2754 22.7016
  4.7926  4.2059  0.9698  1.3632 38.8108
  6.8810  2.9593  0.8334  0.6012 25.4387
  5.8432  1.6924  0.9799  0.8828 12.8026
  6.0378  3.7623  0.9799  0.3386 33.9741
  4.4542  2.7723  0.9832  2.5857 23.4987
  5.2529  2.0093  0.9980  1.2569 15.8352
  5.1800  3.2657  0.9743  1.3203 28.6586
  5.9217  2.4296  0.9886  1.3327 20.0029
  4.0112  2.5749  0.9825  2.0665 21.4760
  5.2807  3.9153  0.9909  0.5106 35.6337
  5.0175  4.1111  0.9843  0.7408 37.7711
  4.8181  3.2144  0.9966  0.6301 28.1158
  4.7660  3.1181  0.9801  0.7154 27.1011
  5.5388  2.4113  0.9980  1.9898 19.8181
  6.5603  0.7631  0.8978  1.9214  4.7415
  5.2094  2.5569  0.9928  2.0145 21.2920
  3.7683  1.6355  0.9766  1.6196 12.2697
  4.9036  2.1964  0.9817  0.2734 17.6725
  5.6453  3.2163  0.9789  0.6333 28.1357
  6.5641  4.1902  0.7072  0.8793 38.6387
  4.7619  3.8283  0.9980  0.6112 34.6892
  5.6048  2.3246  0.9938  1.1982 18.9486
  4.1581  2.9089  0.9949  1.3098 24.9133
  4.7923  1.2256  0.9733  0.2143  8.5602
  5.2881  2.5867  0.9747  0.6555 21.5954
  5.9400  1.3995  0.9763  2.1577 10.1036
  6.2727  3.5388  0.9863  1.5109 31.5687
  4.9271  1.0783  0.9725  1.0391  7.2947
  4.7798  1.9848  0.9748  2.4813 15.5973
  4.7329  0.5039  0.9753  0.5620  2.8511
  5.3648  3.8257  0.9848  1.7370 34.6607
  4.9901  3.0280  0.9980  0.5995 26.1565
  5.4579  3.3764  0.9948  2.4213 29.8337
  5.1853  2.4286  0.9938  1.0007 19.9933
  4.5012  2.3979  0.9882  0.9395 19.6834
  6.0453  3.0210  0.9898  0.8295 26.0825
  3.6958  2.2796  0.9898  1.6578 18.4994
  5.8730  2.2573  0.9822  2.0324 18.2772
  5.2437  1.9300  0.9778  1.5373 15.0664
  5.1424  1.3364  0.9856  2.4868  9.5384
  4.9930  1.7354  0.9939  1.5548 13.2071
  4.8477  2.8146  0.9765  0.8837 23.9364
  5.0982  1.0633  0.9735  2.5959  7.1674
  4.8095  4.3152  0.9922  1.6538 40.0134
  5.2069  3.3290  0.9951  0.9734 29.3296
  5.2412  3.6317  0.9843  1.2315 32.5655
  5.4279  3.2730  0.9967  0.2784 28.7359
  5.1439  2.7302  0.9706  1.9826 23.0658
  4.7851  1.0245  0.9729  2.3211  6.8427
  4.7893  2.8474  0.9938  1.5132 24.2754
  4.9322  3.0971  0.9892  2.8234 26.8807
  6.6863  2.9746  0.6104  2.0394 25.5979
  4.9724  1.7719  0.9980  0.4822 13.5526
  4.9652  1.0421  0.9899  2.4873  6.9899
  5.1418  0.3872  0.9876  1.2627  2.0794
  4.5388  3.9204  0.9758  0.4547 35.6892
  5.5874  1.4963  0.9868  2.0533 10.9830
  4.0122  3.0453  0.9676  2.0112 26.3370
  5.2945  4.1631  0.9912  1.8293 38.3409
  5.4026  2.5883  0.9784  1.3146 21.6118
  5.2632  3.2349  0.9980  1.0232 28.3328
  5.5342  2.8792  0.9849  1.3842 24.6050
  3.5185  1.5868  0.9834  1.1862 11.8160
  5.6743  2.5343  0.9793  1.6992 21.0627
  5.0060  2.4637  0.9743  1.6475 20.3475
  5.6858  3.9584  0.9728  1.9592 36.1035
  4.7360  3.4757  0.9705  1.2639 30.8922
  6.9393  3.4760  0.5332  0.7129 30.8957
  5.1179  3.1019  0.9724  0.4102 26.9313
  5.8000  1.9169  0.9858  1.1835 14.9401
  4.1038  1.5426  0.9980  1.9615 11.4078
  4.8582  3.6022  0.9937  1.4197 32.2485
  5.3037  2.9336  0.9712  2.0714 25.1706
  4.7437  3.0894  0.9915  0.9924 26.7997
  4.9246  2.3909  0.9788  0.7830 19.6136
  5.3021  2.8770  0.9771  1.3102 24.5830
  5.6235  2.6256  0.9860  1.7455 21.9927
  5.7647  3.3493  0.9965  0.3343 29.5454
  4.9946  2.1589  0.9873  0.7665 17.3019
  5.0521  4.1268  0.9771  0.6287 37.9425
  5.2451  2.4509  0.9679  0.9475 20.2174
  5.6675  3.2968  0.9831  1.2925 28.9879
  4.4182  2.3212  0.9747  0.3024 18.9146
  5.0733  2.2480  0.9969  1.7798 18.1846
  5.4687  2.1816  0.9938  2.3923 17.5265
  4.6517  2.3454  0.9684  0.3983 19.1566
  3.5594  1.7398  0.9729  0.9270 13.2492
  4.3833  3.7420  0.9840  2.0022 33.7548
  5.5913  2.4674  0.9704  2.1027 20.3845
  4.9831  2.8715  0.9696  1.7901 24.5252
  5.6695  3.5741  0.9721  0.8726 31.9469
  4.6464  1.7558  0.9846  2.4437 13.4008
  6.2674  3.3799  0.9943  0.3774 29.8706
  5.1994  2.9952  0.9980  0.2554 25.8127
  5.5362  3.8787  0.9688  1.3585 35.2367
  5.1964  4.3848  0.9806  2.3424 40.7817
  5.9169  3.2015  0.9941  1.1260 27.9799
  5.7221  1.7888  0.9723  2.1808 13.7140
  5.4036  3.1542  0.9905  1.1338 27.4808
  4.8461  1.3054  0.9796  0.9786  9.2630
  5.7417  2.4500  0.9902  2.2635 20.2091
  5.0573  2.2720  0.9980  0.8796 18.4231
  4.7746  2.5398  0.9764  1.0172 21.1184
  4.6143  2.9671  0.9783  1.5372 25.5196
  4.9910  3.1767  0.9781  2.9195 27.7185
  4.8625  0.4258  0.9919  0.2948  2.3283
  5.7381  1.9521  0.9742  2.2328 15.2803
  5.2879  0.3084  0.9777  2.0657  1.5919
  4.9936  3.4578  0.9807  0.3293 30.7015
  5.1228  0.8663  0.9683  1.7546  5.5510
  5.2590  3.4439  0.9709  1.2146 30.5527
  5.7744  1.9088  0.9730  2.3144 14.8627
  5.8044  2.9324  0.9913  1.4078 25.1584
  5.4881  1.1225  0.9918  0.4639  7.6702
  5.6454  3.2526  0.9683  0.7383 28.5201
  6.3562  3.5270  0.9711  0.7396 31.4419
  5.7942  1.6135  0.9863  0.3783 12.0639
  6.3759  2.6531  0.9826  0.8238 22.2740
  4.9983  1.3144  0.9980  1.9350  9.3425
  3.8530  3.5561  0.9938  2.5983 31.7536
  3.5185  1.5232  0.9914  1.1971 11.2293
  5.3980  0.8565  0.9673  1.0050  5.4730
  4.8363  2.3203  0.9863  0.8323 18.9053
  6.3964  1.0814  0.9898  1.6739  7.3208
  5.1921  1.4894  0.9726  0.6225 10.9198
  5.2617  4.0226  0.9821  1.2478 36.8037
  5.0556  2.6064  0.9675  0.4577 21.7967
  4.7845  1.7714  0.9702  1.6943 13.5486
  4.6380  2.8413  0.9893  0.5257 24.2127
  5.1375  1.4338  0.9963  0.2840 10.4133
  4.7474  3.5994  0.9947  1.8869 32.2190
  5.3196  2.2562  0.9961  1.0744 18.2660
  5.3269  4.0300  0.9734  0.6622 36.8840
  4.8392  0.8001  0.9888  2.1344  5.0285
  6.6383  3.0407  0.9263  0.5329 26.2887
  5.3171  4.2393  0.9734  0.7859 39.1775
  4.2459  1.8654  0.9842  0.7018 14.4455
  5.2276  1.4532  0.9741  1.1768 10.5902
  3.8830  1.1480  0.9979  0.9716  7.8884
  5.8684  3.1049  0.9909  0.7325 26.9622
  5.3288  3.7429  0.9867  1.3401 33.7649
  3.7582  4.2230  0.9980  2.2326 38.9984
  3.6903  2.9641  0.9899  1.8673 25.4882
  4.8674  3.7586  0.9874  0.9334 33.9350
  5.2755  1.7777  0.9710  1.0777 13.6078
  5.2245  1.1503  0.9974  2.2405  7.9081
  4.7051  2.1415  0.9954  2.1716 17.1302
  5.9390  1.4725  0.9926  1.6335 10.7652
  4.8233  2.0527  0.9733  1.0191 16.2586
  4.9304  2.1398  0.9789  0.8188 17.1140
  5.4678  2.3761  0.9882  2.1338 19.4648
  5.1696  3.3534  0.9705  0.8731 29.5893
  5.1133  2.2330  0.9726  0.6627 18.0356
  3.8714  3.9494  0.9799  2.4820 36.0047
  4.7517  3.2384  0.9706  0.3854 28.3697
  4.8609  4.1303  0.9773  0.3616 37.9812
  4.6882  3.3888  0.9678  0.4396 29.9659
  4.3395  2.8181  0.9721  0.7621 23.9723
  4.5553  1.4158  0.9677  1.2440 10.2510
  5.4079  3.1752  0.9679  1.9201 27.7025
  3.7200  1.4668  0.9821  1.7735 10.7135
  5.3017  1.4334  0.9850  1.8707 10.4098
  5.1645  2.5263  0.9866  0.3844 20.9814
  6.0084  1.8564  0.9744  2.0783 14.3590
  5.6630  2.8059  0.9897  1.6605 23.8465
  5.6302  3.4660  0.9980  2.0373 30.7886
  5.1749  3.6021  0.9718  1.8384 32.2474
  5.4878  3.1529  0.9805  2.0860 27.4674
  5.7352  4.2764  0.9933  0.2793 39.5860
  4.6236  2.1627  0.9782  2.3379 17.3394
  5.5929  2.9190  0.9683  2.3296 25.0185
  5.1008  1.9576  0.9858  2.4410 15.3334
  3.9931  2.0967  0.9720  0.7655 16.6901
  5.5909  3.4065  0.9680  0.5262 30.1545
  4.8986  2.5376  0.9908  2.0837 21.0961
  5.1744  1.1931  0.9821  0.9543  8.2773
  5.4502  1.4369  0.9969  1.5657 10.4421
  5.2664  1.3139  0.9689  2.6990  9.3382
  5.7902  3.8604  0.9760  1.2964 35.0377
  5.1928  2.2505  0.9948  0.2249 18.2091
  5.0122  0.7413  0.9817  0.8321  4.5742
  4.9252  2.4405  0.9668  1.2187 20.1128
  6.2659  3.5014  0.9894  1.3959 31.1678
  3.8920  1.6860  0.9775  2.2616 12.7416
  5.0715  2.3458  0.9961  2.6832 19.1604
  5.1058  0.9889  0.9816  1.0436  6.5465
  5.5125  3.3658  0.9768  2.4138 29.7205
  6.6702  2.9622  0.7332  2.0757 25.4690
  3.8278  1.7780  0.9721  0.0550 13.6106
  4.0168  2.9738  0.9965  1.2895 25.5900
  5.3366  2.5506  0.9868  2.1228 21.2285
  4.5534  3.1205  0.9795  1.9077 27.1261
  4.8614  2.1817  0.9980  0.6835 17.5273
  5.1936  2.2074  0.9744  1.9213 17.7819
  3.9511  4.3766  0.9831  0.5467 40.6915
  5.1428  3.9762  0.9980  1.2286 36.2966
  5.2045  4.4970  0.9967  1.1803 42.0239
  4.5534  3.7209  0.9876  1.4352 33.5267
  5.1388  2.7091  0.9708  1.0540 22.8491
  4.8754  1.7223  0.9864  2.0214 13.0839
  6.8270  1.4024  0.7458  1.0194 10.1300
  5.1108  0.7944  0.9717  0.2459  4.9838
  4.8195  1.4616  0.9906  1.8327 10.6663
  4.8043  2.6106  0.9698  0.4629 21.8399
  5.2933  2.9799  0.9815  2.0293 25.6538
  4.4024  3.9466  0.9894  0.2801 35.9745
  5.0004  3.5348  0.9896  1.0852 31.5258
  5.5236  3.6167  0.9675  0.1510 32.4048
  4.7609  2.0533  0.9677  0.8899 16.2651
  5.2963  2.4406  0.9868  1.6770 20.1139
  6.1164  1.6691  0.9810  1.0701 12.5836
  5.0961  1.3143  0.9864  0.2927  9.3412
  4.8829  1.7118  0.9871  2.2536 12.9847
  4.1151  3.7928  0.9980  0.4032 34.3051
  5.0992  3.1675  0.9883  1.3831 27.6211
  5.1769  0.5643  0.9738  1.0614  3.2709
  5.2196  2.1184  0.9879  1.9990 16.9025
  5.8701  3.5631  0.9845  1.9021 31.8284
  5.2058  1.6737  0.9971  2.8218 12.6265
  5.2492  4.3180  0.9959  1.5512 40.0440
  5.3204  2.7628  0.9704  2.8715 23.4009
  4.5325  1.2467  0.9912  1.3876  8.7453
  4.6293  2.9155  0.9921  1.8306 24.9820
  4.5368  1.7822  0.9735  1.0324 13.6504
  4.8374  3.3602  0.9876  2.6345 29.6610
  6.9405  2.1884  0.6944  0.4602 17.5933
  4.7236  3.1323  0.9813  0.3980 27.2500
  4.8022  2.9563  0.9805  1.0679 25.4071
  5.1792  2.3907  0.9819  1.1503 19.6112
  5.4151  1.9681  0.9670  0.9138 15.4349
  4.4909  2.4287  0.9860  1.5031 19.9938
  5.1879  1.4643  0.9836  1.1589 10.6906
  5.6191  3.3852  0.9815  0.9255 29.9275
  4.8408  1.9562  0.9750  0.3957 15.3204
  4.8009  2.0063  0.9892  1.8850 15.8066
  4.6878  2.6903  0.9755  0.7729 22.6559
  6.9757  2.2148  0.6906  1.5086 17.8543
  5.2349  2.8694  0.9806  0.4500 24.5040
  4.6422  2.5569  0.9685  0.7433 21.2926
  5.7921  2.3905  0.9788  1.5182 19.6088
  5.1379  1.2882  0.9882  1.7063  9.1105
  5.5516  3.7321  0.9811  1.5936 33.6480
  4.8147  2.4771  0.9744  2.6204 20.4826
  5.5863  2.1927  0.9744  1.3650 17.6355
  4.1426  1.6995  0.9973  0.7192 12.8691
  6.1069  2.0415  0.9849  1.9202 16.1499
  4.8897  4.0714  0.9754  1.1575 37.3366
  4.2030  1.0086  0.9764  0.5207  6.7099
  4.6793  2.1961  0.9980  0.1398 17.6692
  5.1031  1.8740  0.9812  2.3656 14.5279
  5.8740  2.2622  0.9980  1.4507 18.3260
  5.2222  2.0521  0.9838  2.8334 16.2531
  5.7083  4.4108  0.9980  2.0929 41.0695
  5.5404  3.9100  0.9784  0.4717 35.5762
  5.9804  3.9889  0.9939  2.5275 36.4361
  4.4162  3.9210  0.9961  1.2047 35.6965
  4.2331  0.9041  0.9796  1.8638  5.8539
  5.8949  4.0207  0.9800  1.8999 36.7828
  4.2113  2.8919  0.9950  1.4908 24.7371
  5.2615  2.3227  0.9752  2.4939 18.9297
  5.8722  3.2716  0.9908  0.8388 28.7213
  4.7859  1.3052  0.9671  2.1565  9.2608
  4.9403  2.8418  0.9667  1.8119 24.2177
  3.7998  4.4247  0.9914  1.3089 41.2232
  5.4497  3.5522  0.9980  1.6363 31.7113
  4.6682  2.9550  0.9941  0.2252 25.3940
  5.3391  3.6588  0.9753  0.6583 32.8572
  5.2083  2.1363  0.9671  1.7582 17.0791
  5.0730  1.0350  0.9915  0.9312  6.9301
  5.0755  0.5682  0.9933  1.4665  3.2986
  4.9131  4.3183  0.9934  0.9597 40.0478
  5.6811  4.3009  0.9761  0.5244 39.8561
  4.3767  1.4344  0.9822  0.6809 10.4188
  5.2240  3.9702  0.9708  0.7262 36.2320
  4.6343  0.9608  0.9774  2.3596  6.3158
  4.8075  1.1009  0.9971  0.4349  7.4857
  5.1210  2.6904  0.9893  0.8711 22.6566
  5.4609  1.5151  0.9927  3.0902 11.1551
  5.5846  3.6474  0.9783  1.4001 32.7347
  4.7649  1.9390  0.9945  0.9162 15.1535
  4.9958  2.3610  0.9924  0.3978 19.3135
  5.2847  2.6195  0.9818  0.2765 21.9306
  6.0976  3.4638  0.9904  0.9099 30.7658
  5.8375  1.9688  0.9770  0.2846 15.4425
  4.5003  2.2554  0.9850  0.6813 18.2576
  5.8831  2.8765  0.9794  1.0673 24.5774
  4.3163  2.2452  0.9972  0.5560 18.1566
  4.4578  3.7262  0.9980  0.4769 33.5844
  4.9134  1.5276  0.9798  1.5601 11.2699
  4.9869  0.9764  0.9784  2.5714  6.4437
  4.9614  2.1723  0.9694  0.6224 17.4344
  4.6177  2.0172  0.9708  0.8264 15.9128
  5.1145  4.2860  0.9673  0.5835 39.6917
  4.6410  2.5904  0.9873  0.5884 21.6340
  4.9722  1.8217  0.9836  1.1192 14.0274
  5.0598  3.4307  0.9924  0.8836 30.4121
  5.7259  4.4940  0.9793  2.0762 41.9908
  5.2082  1.4399  0.9897  2.9669 10.4692
  3.7688  3.9567  0.9793  1.6386 36.0849
  5.3910  1.9927  0.9710  1.9085 15.6737
  5.1878  2.9669  0.9847  1.2835 25.5177
  5.4913  2.9538  0.9803  0.8246 25.3815
  4.7212  1.6060  0.9825  2.1276 11.9943
  5.3213  4.4626  0.9873  1.5343 41.6423
  5.3874  0.2311  0.9817  0.9940  1.1428
  4.7006  3.3449  0.9980  0.6411 29.4988
  4.3127  3.8128  0.9952  2.0909 34.5216
  6.0624  3.1397  0.9813  0.6089 27.3278
  4.9359  1.4790  0.9874  0.6882 10.8250
  5.2231  1.9425  0.9865  1.4050 15.1875
  5.6882  1.8695  0.9847  0.5652 14.4846
  5.4908  0.8918  0.9879  0.9269  5.7551
  5.7006  3.8619  0.9882  1.9643 35.0535
  5.1108  2.7668  0.9721  1.9645 23.4422
  5.4211  2.5667  0.9896  2.0406 21.3918
  5.2524  2.2538  0.9795  2.3809 18.2425
  6.0439  2.3119  0.9980  1.1719 18.8216
  4.2594  3.6483  0.9980  0.8308 32.7443
  4.7050  1.4838  0.9858  0.5579 10.8683
  3.7217  3.1291  0.9745  0.3213 27.2170
  5.9734  3.0352  0.9795  0.4289 26.2309
  5.3467  3.3100  0.9769  1.3837 29.1282
  4.9552  2.0539  0.9746  2.4103 16.2710
  5.8847  1.4147  0.9924  2.0890 10.2410
  5.2648  1.3860  0.9906  2.1914  9.9820
  4.8230  2.7543  0.9833  1.8489 23.3131
  5.1382  4.0713  0.9919  1.0874 37.3351
  6.0250  0.9833  0.9951  0.7839  6.5009
  3.7078  3.4321  0.9887  1.6609 30.4269
  4.9454  1.3308  0.9700  2.4361  9.4881
  4.8084  0.9886  0.9881  0.9496  6.5443
  4.3695  2.2507  0.9963  0.4013 18.2110
  5.5532  3.0252  0.9978  0.6729 26.1270
  5.1176  1.8816  0.9892  0.7181 14.6005
  4.6378  3.9684  0.9711  1.0487 36.2123
  5.0717  4.0564  0.9889  0.5529 37.1729
  5.3222  2.6657  0.9729  0.6216 22.4036
  5.9501  3.0645  0.9844  2.5726 26.5387
  5.3143  1.0257  0.9790  1.8550  6.8522
  4.8483  2.8344  0.9966  1.2679 24.1411
  4.9566  2.9890  0.9949  1.1951 25.7486
  4.6612  0.6257  0.9976  2.1791  3.7121
  4.5957  3.5981  0.9757  0.2479 32.2048
  4.8992  1.2787  0.9943  1.5960  9.0264
  5.6405  4.2468  0.9783  1.2337 39.2599
  5.1461  3.2653  0.9856  2.9954 28.6540
  4.3433  2.5329  0.9980  2.5521 21.0484
  5.8616  3.6134  0.9755  1.6904 32.3687
  5.4184  3.3344  0.9973  1.8299 29.3871
  4.9251  2.0698  0.9687  0.8460 16.4265
  4.5200  1.8657  0.9726  1.0051 14.4480
  5.1330  3.8482  0.9784  0.6455 34.9054
  5.3761  2.9672  0.9812  0.2229 25.5209
  5.9864  2.5115  0.9771  1.3745 20.8316
  5.5699  3.9994  0.9854  0.5455 36.5505
  5.1027  1.3703  0.9793  1.5347  9.8416
  5.5303  3.5850  0.9713  0.6057 32.0639
  3.6112  1.9758  0.9888  0.8372 15.5101
  4.7315  3.8064  0.9802  1.7750 34.4522
  4.9157  1.8291  0.9693  1.9386 14.0972
  5.3537  3.0248  0.9765  0.1206 26.1222
  5.3403  0.9225  0.9878  1.7918  6.0027
  4.8499  3.6666  0.9829  2.1911 32.9420
  5.5110  3.1852  0.9975  0.8547 27.8071
  5.9906  1.9847  0.9697  2.5609 15.5963
  6.4163  1.8739  0.9476  1.6596 14.5264
  4.9141  1.8992  0.9933  0.7367 14.7694
  5.6996  3.4043  0.9764  1.6746 30.1311
  5.5778  2.9992  0.9971  1.0609 25.8546
  5.0356  4.2016  0.9678  1.8692 38.7639
  5.0138  3.5459  0.9729  1.0987 31.6446
  5.2536  4.4311  0.9877  0.7597 41.2942
  6.1578  2.8434  0.9837  2.3258 24.2341
  6.3760  1.7259  0.9915  1.4070 13.1177
  3.9718  0.5630  0.9813  0.9643  3.2620
  4.7200  1.4317  0.9832  1.9305 10.3943
  6.2731  1.3976  0.9810  1.2414 10.0867
  4.9025  1.3406  0.9967  0.6629  9.5756
  4.8843  4.3119  0.9809  2.0250 39.9773
  5.2583  1.5250  0.9850  2.3235 11.2460
  4.3930  1.5115  0.9971  0.6264 11.1221
  4.2505  0.8734  0.9817  1.4833  5.6078
  4.4164  1.4432  0.9980  0.2443 10.4989
  4.5305  3.0047  0.9720  0.7276 25.9126
  4.9035  3.8869  0.9910  0.2345 35.3253
  4.7300  1.9136  0.9980  0.9533 14.9090
  5.0807  1.9541  0.9840  0.9350 15.3000
  5.3993  4.1373  0.9869  0.9657 38.0585
  4.1154  2.3239  0.9941  1.9228 18.9413
  5.0764  1.6922  0.9970  1.0966 12.8006
  5.8137  3.1645  0.9728  0.5112 27.5899
  4.9140  0.4054  0.9882  1.8348  2.1963
  6.0238  3.2016  0.9792  1.3140 27.9802
  4.9551  3.3290  0.9813  1.8857 29.3299
  5.3637  3.7775  0.9980  0.6505 34.1386
  4.7635  1.7290  0.9676  1.6669 13.1466
  4.8729  1.7649  0.9707  0.8964 13.4868
  5.6645  2.1229  0.9922  0.6467 16.9469
  6.7705  3.2027  0.5221  0.5925 27.9918
  5.6207  1.8288  0.9980  1.6111 14.0950
  4.7820  2.6904  0.9920  1.1678 22.6565
  4.8112  4.4308  0.9808  1.4675 41.2904
  5.0150  2.1444  0.9761  1.3188 17.1584
  5.3841  4.4957  0.9957  1.5633 42.0094
  5.4690  4.0519  0.9706  0.8805 37.1229
  5.0047  2.5961  0.9723  0.7890 21.6917
  4.7081  1.3494  0.9681  0.5139  9.6542
  4.8699  1.5661  0.9922  0.4794 11.6249
  5.8383  1.8545  0.9681  2.1076 14.3410
  5.3955  1.1878  0.9788  1.1217  8.2316
  5.3581  2.6440  0.9688  2.7091 22.1812
  5.8448  2.5400  0.9930  0.5993 21.1202
  6.3539  3.0567  0.9784  0.2359 26.4567
  5.3643  2.5547  0.9668  1.7521 21.2703
  5.0761  2.1374  0.9980  0.7034 17.0894
  5.5549  3.3341  0.9759  1.2374 29.3843
  5.1066  4.2891  0.9894  0.5877 39.7261
  5.0225  1.1343  0.9954  2.2246  7.7709
  5.4924  2.6823  0.9901  1.8387 22.5737
  6.3897  2.1623  0.9864  0.6138 17.3358
  5.0860  1.6303  0.9885  0.5002 12.2211
  4.0166  1.6136  0.9802  0.9714 12.0649
  5.1458  2.9217  0.9677  2.0811 25.0472
  5.2233  1.8697  0.9885  2.0373 14.4863
  4.3413  4.4228  0.9852  0.6299 41.2018
  5.2915  3.0834  0.9679  1.3059 26.7371
  5.4200  3.1209  0.9980  0.7248 27.1308
  5.0654  1.0151  0.9723  2.0223  6.7641
  5.8525  2.8667  0.9928  1.9780 24.4756
  5.5014  3.3843  0.9790  2.6102 29.9173
  4.9658  2.7540  0.9683  3.0691 23.3102
  4.6094  4.4869  0.9819  0.8155 41.9120
  4.8804  3.5869  0.9858  0.9353 32.0844
  5.0870  1.3129  0.9758  1.2425  9.3291
  4.8158  1.9158  0.9747  0.6672 14.9300
  5.2457  4.2753  0.9908  1.9467 39.5745
  5.3079  2.8121  0.9741  0.3308 23.9098
  5.2554  3.1210  0.9834  2.0689 27.1318
  5.9561  3.8726  0.9822  2.3739 35.1697
  5.3129  2.1890  0.9834  0.0791 17.5991
  4.2504  1.3126  0.9960  2.2181  9.3267
  4.9384  0.8407  0.9836  2.1515  5.3472
  5.3741  3.7855  0.9902  0.7368 34.2258
  5.4492  2.9092  0.9734  0.4983 24.9167
  5.6994  3.6104  0.9886  1.3126 32.3367
  4.8390  2.4345  0.9799  0.3138 20.0523
  4.5232  2.0824  0.9792  1.2362 16.5491
  5.1050  1.9045  0.9799  2.1171 14.8207
  4.5617  4.2173  0.9862  1.9154 38.9366
  4.9660  1.3901  0.9961  1.4380 10.0193
  4.9689  3.1167  0.9956  0.5339 27.0861
  5.2471  2.2262  0.9928  0.5513 17.9682
  5.0280  0.1974  0.9943  1.7026  0.9570
  4.3008  1.3113  0.9751  0.7158  9.3150
  5.7276  2.8421  0.9883  0.4726 24.2204
  4.9822  1.9872  0.9890  0.6262 15.6210
  5.1147  1.8979  0.9763  1.2154 14.7572
  5.3896  4.0733  0.9826  0.7915 37.3577
  5.6374  2.1232  0.9775  0.9769 16.9499
  5.7374  3.6170  0.9702  1.6484 32.4079
  4.0627  1.4110  0.9919  1.1987 10.2078
  5.3528  3.5492  0.9843  2.6250 31.6797
  4.7931  1.3437  0.9721  1.8836  9.6033
  5.0455  4.2595  0.9784  0.7555 39.4006
  4.6097  3.3186  0.9725  1.1671 29.2192
  3.8912  3.4307  0.9726  1.4123 30.4118
  5.1353  2.6428  0.9920  1.5940 22.1691
  4.7216  2.3951  0.9712  1.1604 19.6554
  4.8998  2.4209  0.9688  1.8296 19.9152
  5.7435  1.7581  0.9903  0.9255 13.4224
  4.8871  3.5144  0.9776  1.3986 31.3064
  5.6374  3.3945  0.9727  0.4703 30.0266
  6.3686  4.2811  0.9937  1.0052 39.6380
  4.4216  2.3035  0.9884  1.4054 18.7373
  4.9072  0.8139  0.9955  1.5211  5.1364
  4.6031  3.8486  0.9764  0.8660 34.9096
  5.3888  1.1797  0.9672  1.5885  8.1614
  5.3340  1.5661  0.9822  1.5155 11.6248
  5.6330  3.4824  0.9785  1.3215 30.9645
  5.4076  4.3161  0.9762  0.4975 40.0232
  4.5850  4.3274  0.9752  1.9764 40.1480
  4.7581  0.7267  0.9980  1.0038  4.4632
  5.2295  2.3735  0.9720  1.0579 19.4385
  4.7940  2.7690  0.9768  1.8858 23.4648
  5.1387  2.3374  0.9704  2.4977 19.0762
  3.9670  2.6016  0.9872  1.5553 21.7482
  4.7977  2.0543  0.9935  2.4602 16.2748
  3.7512  2.4216  0.9963  1.1808 19.9218
  5.2915  2.4228  0.9738  1.4013 19.9347
  5.1664  3.0861  0.9844  1.1524 26.7649
