  4.9004  3.9390  0.9887  2.2207 35.8917
  4.6978  4.0857  0.9878  1.4509 37.4934
  5.1325  2.3954  0.9709  1.0308 19.6589
  4.6244  3.5447  0.9876  0.3605 31.6310
  5.0293  2.5787  0.9725  0.6437 21.5142
  3.9251  1.3645  0.9819  0.3849  9.7890
  4.9043  3.2631  0.9979  1.0307 28.6307
  5.2166  1.1816  0.9879  0.1644  8.1779
  5.4722  3.4129  0.9864  0.9447 30.2221
  5.1379  3.5209  0.9980  0.4708 31.3761
  5.2175  3.5733  0.9908  2.2174 31.9378
  4.9052  2.8279  0.9980  0.5812 24.0736
  5.3608  3.1707  0.9918  1.9994 27.6547
  4.1727  4.4576  0.9818  1.5206 41.5870
  6.3452  0.7515  0.9834  2.7731  4.6523
  4.2779  3.0226  0.9844  1.4223 26.0992
  5.1649  1.7772  0.9739  2.7587 13.6034
  5.2518  2.7777  0.9885  1.9866 23.5547
  4.2405  4.2204  0.9668  1.7181 38.9700
  5.3158  1.6486  0.9927  0.1868 12.3918
  5.6285  1.5332  0.9736  2.4381 11.3217
  5.0256  3.6351  0.9686  0.2809 32.6023
  4.2451  3.0828  0.9914  0.4564 26.7303
  5.0974  3.7497  0.9802  0.6118 33.8384
  4.4287  3.1834  0.9817  1.2054 27.7882
  5.1714  1.8587  0.9770  1.6891 14.3809
  5.0212  3.3970  0.9673  1.9057 30.0527
  4.6446  3.6065  0.9767  1.4378 32.2944
  4.6639  4.1766  0.9706  0.8271 38.4896
  4.3433  1.8535  0.9934  1.3165 14.3315
  5.0220  3.5814  0.9954  2.0112 32.0257
  5.4863  2.9027  0.9866  0.7004 24.8491
  4.7533  2.0196  0.9968  2.3301 15.9357
  5.2301  3.5458  0.9899  1.7926 31.6435
  4.9445  1.3986  0.9945  1.0132 10.0952
  5.7372  1.0409  0.9885  0.6980  6.9792
  5.1594  3.9970  0.9731  0.7460 36.5239
  5.4077  1.4936  0.9919  0.5740 10.9581
  4.6890  3.0164  0.9745  0.3861 26.0351
  4.7152  1.2702  0.9731  1.6314  8.9518
  5.1403  2.2092  0.9726  0.6666 17.7988
  5.1693  3.6269  0.9980  0.9479 32.5138
  5.6618  1.8018  0.9913  1.6926 13.8369
  5.3808  1.8110  0.9761  1.8329 13.9248
  5.4257  2.7353  0.9700  1.2308 23.1183
  5.9198  2.0950  0.9690  0.3402 16.6734
  4.4527  1.4545  0.9788  2.5745 10.6018
  5.7485  1.0226  0.9890  0.9466  6.8263
  5.5059  2.5762  0.9932  1.9853 21.4886
  5.0193  3.2732  0.9707  0.6604 28.7377
  5.2217  3.6466  0.9687  0.8379 32.7257
  5.0319  2.3045  0.9749  1.7118 18.7473
  4.0433  2.0317  0.9980  1.3144 16.0540
  6.1217  2.7026  0.9976  0.6167 22.7821
  5.1865  1.7900  0.9973  2.1849 13.7247
  5.5713  4.3578  0.9681  1.3745 40.4838
  5.2122  3.7297  0.9750  1.0666 33.6223
  5.2487  1.2155  0.9842  0.9928  8.4727
  5.3869  4.4098  0.9980  2.3169 41.0586
  4.8235  2.5107  0.9766  0.2929 20.8233
  5.2253  2.7360  0.9876  1.8618 23.1256
  3.7477  2.8295  0.9850  0.9335 24.0902
  5.3044  1.1716  0.9811  2.1960  8.0918
  5.5428  2.0984  0.9696  0.5089 16.7063
  6.1511  2.5296  0.9948  1.8502 21.0148
  5.5955  3.8150  0.9915  1.0490 34.5446
  5.3909  2.0594  0.9721  1.3395 16.3242
  3.8677  2.9587  0.9757  0.7015 25.4321
  4.8791  2.4599  0.9837  1.1076 20.3091
  4.9061  1.9017  0.9940  1.2133 14.7937
  5.1673  4.0979  0.9746  1.9782 37.6263
  3.8229  2.5918  0.9972  0.9612 21.6474
  4.9455  4.3552  0.9885  2.8133 40.4548
  4.5798  2.9060  0.9967  2.2012 24.8837
  4.2540  2.8949  0.9839  1.1350 24.7688
  5.7029  3.0834  0.9677  1.9273 26.7365
  4.8165  1.7165  0.9966  1.2773 13.0291
  5.2410  3.5444  0.9667  1.9588 31.6282
  5.4485  0.9279  0.9790  0.4162  6.0471
  5.6307  2.7026  0.9966  2.9797 22.7813
  5.0287  2.5985  0.9762  1.9336 21.7165
  5.1440  1.0337  0.9753  0.5629  6.9193
  6.2982  2.8365  0.9979  1.4150 24.1628
  4.8042  2.0814  0.9775  1.9421 16.5397
  5.0847  2.2582  0.9763  2.6152 18.2856
  5.0183  3.0183  0.9976  0.4082 26.0541
  4.9416  2.5575  0.9941  0.0379 21.2986
  5.2327  1.5775  0.9743  1.5929 11.7301
  5.2847  2.0182  0.9718  1.7398 15.9220
  3.9552  3.6644  0.9810  2.2556 32.9179
  5.2904  0.5420  0.9939  0.8199  3.1147
  5.0159  3.3512  0.9785  2.6461 29.5653
  5.7720  1.2401  0.9964  1.0657  8.6874
  4.7110  2.0724  0.9829  0.2551 16.4518
  4.7128  4.2544  0.9824  0.9405 39.3445
  5.3223  1.5903  0.9783  1.0854 11.8489
  5.2150  1.5183  0.9774  0.3289 11.1845
  4.5780  0.5772  0.9530  1.1772  3.3630
  4.7791  4.4185  0.9774  2.3057 41.1542
  5.1989  1.5032  0.9725  2.0242 11.0456
  4.7978  4.1652  0.9744  1.1238 38.3636
  5.7162  1.5189  0.9779  0.9811 11.1904
  5.0071  3.2640  0.9968  0.2662 28.6408
  3.8151  0.8142  0.9777  2.4393  5.1389
  4.6132  4.0110  0.9891  1.1951 36.6767
  5.2692  1.2547  0.9752  0.4542  8.8152
  5.1290  1.4630  0.9697  1.5375 10.6794
  5.2920  1.9726  0.9919  1.5253 15.4790
  5.4956  0.8669  0.9759  0.4023  5.5553
  5.0691  2.8361  0.9881  1.7561 24.1589
  4.9281  1.2623  0.9890  0.2249  8.8820
  5.0747  2.8059  0.9712  2.6220 23.8459
  5.4423  3.0608  0.9756  0.1472 26.4998
  5.7442  0.7623  0.9927  0.4268  4.7355
  5.8665  1.8651  0.9700  0.5493 14.4426
  5.7940  3.8855  0.9877  1.3464 35.3098
  5.7319  1.9967  0.9692  1.1050 15.7130
  4.8363  0.8711  0.9936  0.5337  5.5894
  5.3806  3.2011  0.9771  2.0007 27.9750
  4.9516  4.1713  0.9808  0.2575 38.4315
  5.3234  3.7239  0.9949  0.8786 33.5599
  5.6840  2.1578  0.9808  1.1241 17.2914
  4.0659  2.7458  0.9793  0.1977 23.2261
  4.6751  1.9339  0.9712  1.3102 15.1044
  5.2824  3.2749  0.9831  0.8748 28.7557
  3.9857  1.9336  0.9876  0.3750 15.1019
  4.2526  3.3145  0.9796  1.2225 29.1758
  5.1018  3.2208  0.9910  0.3023 28.1833
  5.1072  1.9226  0.9715  0.4047 14.9952
  5.1581  2.3823  0.9892  0.0878 19.5270
  4.3042  1.7278  0.9712  0.5580 13.1354
  5.5378  4.2849  0.9772  0.6022 39.6795
  6.0065  3.6358  0.9700  0.8021 32.6094
  5.4087  4.3599  0.9846  1.0135 40.5065
  4.9060  3.8492  0.9844  1.5647 34.9157
  5.2319  3.7384  0.9980  1.8944 33.7163
  5.2105  2.9752  0.9793  0.5456 25.6047
  4.7273  2.3529  0.9834  2.0822 19.2316
  5.0612  3.3244  0.9685  2.4378 29.2803
  4.6858  2.3791  0.9922  1.5789 19.4947
  5.0411  4.2009  0.9673  0.4463 38.7564
  5.6945  4.4650  0.9735  1.5412 41.6688
  5.2092  1.3209  0.9691  1.1951  9.4005
  5.0691  4.0640  0.9896  1.7069 37.2557
  5.3598  2.7992  0.9890  1.4746 23.7769
  5.9390  3.1752  0.9953  0.5552 27.7018
  5.5780  1.0702  0.9782  1.2584  7.2259
  5.5501  3.0913  0.9772  1.6009 26.8194
  5.2428  1.6898  0.9740  2.5396 12.7773
  5.3902  1.6517  0.9891  2.0006 12.4209
  4.9936  4.1898  0.9767  2.3598 38.6340
  5.5060  1.2548  0.9698  1.1259  8.8159
  5.3823  2.0734  0.9814  0.5452 16.4610
  5.4470  4.3649  0.9946  1.3538 40.5619
  5.4962  2.2323  0.9901  1.0537 18.0283
  5.0219  1.3165  0.9757  1.3275  9.3614
  3.6286  1.2875  0.9768  1.3634  9.1045
  5.8161  2.8569  0.9729  2.8463 24.3744
  4.8666  3.4176  0.9921  2.3753 30.2727
  5.7621  2.3836  0.9900  1.8489 19.5396
  4.3482  1.1236  0.9775  1.2616  7.6795
  4.8549  4.4508  0.9870  1.5635 41.5122
  5.3672  4.4750  0.9696  2.7163 41.7794
  4.7068  0.5826  0.9968  1.2061  3.4009
  5.5596  4.2908  0.9686  0.8276 39.7452
  4.9952  3.0772  0.9688  0.5065 26.6718
  5.9965  3.2990  0.9694  0.4436 29.0109
  4.1979  2.6147  0.9900  1.8433 21.8812
  4.7210  3.2419  0.9698  1.8523 28.4063
  5.5392  2.4538  0.9841  2.4214 20.2474
  3.9688  2.4927  0.9897  2.6077 20.6408
  5.0794  3.5299  0.9725  0.9706 31.4727
  6.3193  2.4465  0.9744  1.8471 20.1731
  5.1481  2.1612  0.9686  0.1526 17.3250
  4.3862  3.4731  0.9678  2.5268 30.8651
  5.9111  2.0646  0.9976  2.1445 16.3756
  5.4803  1.5709  0.9691  1.6750 11.6690
  5.9914  1.9642  0.9737  0.3875 15.3980
  5.0444  1.3242  0.9784  1.6103  9.4298
  4.3568  0.6643  0.9801  1.6581  3.9950
  4.5052  2.3606  0.9743  1.2232 19.3086
  4.9688  1.4564  0.9946  1.7956 10.6190
  5.1949  3.2979  0.9848  1.0410 28.9994
  5.3509  2.6959  0.9819  0.1947 22.7127
  5.2762  1.4963  0.9752  1.9366 10.9828
  5.1841  1.9003  0.9912  0.8918 14.7805
  5.4518  1.8288  0.9858  0.5667 14.0950
  4.2962  2.9192  0.9849  0.4386 25.0210
  5.0035  2.6539  0.9787  0.3263 22.2821
  4.1378  0.6971  0.9980  0.7576  4.2401
  5.6269  2.5395  0.9728  2.0773 21.1153
  5.3943  4.2933  0.9822  0.8050 39.7720
  4.8038  3.9400  0.9935  1.1839 35.9027
  5.5659  0.5864  0.9782  1.3030  3.4282
  5.2034  3.6840  0.9960  0.9815 33.1291
  5.2069  2.7211  0.9794  1.2863 22.9715
  4.7417  4.1416  0.9861  1.8506 38.1051
  3.5173  3.3804  0.9888  1.2593 29.8763
  4.4156  4.0380  0.9958  2.0189 36.9720
  4.8341  2.9787  0.9931  0.9341 25.6407
  5.3061  1.1626  0.9901  0.8671  8.0140
  4.8531  4.3238  0.9948  0.1125 40.1088
  4.9304  4.3191  0.9761  0.9954 40.0567
  5.6229  2.7744  0.9824  0.5770 23.5205
  5.2024  1.4979  0.9915  1.1104 10.9976
  4.6000  2.9761  0.9728  1.7350 25.6139
  4.8621  1.3008  0.9757  0.7178  9.2220
  4.7370  1.9429  0.9811  2.3734 15.1910
  4.0416  2.4018  0.9702  1.6729 19.7225
  4.7930  3.4513  0.9980  2.5565 30.6324
  5.5287  2.4318  0.9947  1.0455 20.0248
  4.7818  2.9451  0.9806  1.0755 25.2908
  5.9398  4.3497  0.9796  0.8257 40.3938
  5.0456  3.0768  0.9916  1.7418 26.6672
  5.2995  2.3637  0.9833  0.6375 19.3404
  4.4384  2.0141  0.9950  0.9555 15.8828
  5.5046  3.4275  0.9935  1.5645 30.3786
  3.5485  3.8890  0.9961  0.9698 35.3485
  3.8289  3.7706  0.9856  2.4017 34.0640
  5.7604  2.7387  0.9676  1.7160 23.1532
  5.2302  4.0538  0.9876  0.9568 37.1445
  3.7591  2.1637  0.9809  2.3187 17.3497
  4.7093  3.6884  0.9821  0.5949 33.1768
  4.4677  2.6365  0.9932  1.1298 22.1041
  4.0721  3.0759  0.9802  0.1945 26.6575
  6.0526  2.6369  0.9980  0.9616 22.1082
  4.7355  0.5636  0.9771  1.5839  3.2666
  5.1529  3.1252  0.9758  2.8362 27.1762
  5.5049  2.2417  0.9936  1.1127 18.1214
  4.7918  3.6046  0.9778  2.1990 32.2748
  4.9088  1.4811  0.9692  1.2916 10.8436
  4.8526  2.6778  0.9692  0.3831 22.5273
  4.9770  0.6803  0.9942  1.9913  4.1142
  5.2453  1.0627  0.9875  1.4629  7.1624
  5.0474  3.0220  0.9973  2.1352 26.0932
  4.4353  3.1879  0.9940  1.5492 27.8364
  4.0242  1.8935  0.9898  1.4016 14.7148
  4.8131  2.6208  0.9710  2.4700 21.9435
  4.8588  2.9917  0.9694  0.8124 25.7762
  5.3961  3.8301  0.9788  1.2869 34.7083
  5.2672  1.8007  0.9690  2.3326 13.8264
  4.6439  3.7049  0.9759  1.2329 33.3545
  4.9530  2.2761  0.9797  3.0179 18.4645
  4.9377  3.6691  0.9903  1.4462 32.9686
  5.3890  2.9914  0.9890  1.6274 25.7732
  5.8756  4.0713  0.9685  1.0125 37.3357
  5.5855  4.1973  0.9849  1.0623 38.7162
  4.9412  2.0737  0.9913  1.9092 16.4639
  3.7230  2.2971  0.9838  2.0614 18.6739
  5.0950  4.4876  0.9762  1.0063 41.9190
  4.8062  1.9303  0.9727  0.6863 15.0698
  5.5666  3.4631  0.9925  1.1464 30.7585
  5.0137  2.6752  0.9922  0.8312 22.5006
  5.1721  2.5153  0.9915  0.9568 20.8697
  5.3411  1.2605  0.9780  0.8352  8.8664
  4.9399  3.9528  0.9909  1.5819 36.0416
  4.4798  1.4150  0.9924  2.3188 10.2440
  5.4185  2.5880  0.9748  0.4853 21.6086
  5.4446  4.4519  0.9946  2.0037 41.5241
  4.6770  3.5360  0.9973  2.4076 31.5380
  5.1094  4.3969  0.9799  1.3680 40.9158
  4.8300  2.7421  0.9756  2.3848 23.1880
  4.8404  3.5009  0.9976  1.2026 31.1626
  5.4034  2.5660  0.9959  0.9874 21.3847
  5.1432  4.3329  0.9775  1.5073 40.2086
  5.2586  4.3370  0.9794  1.8868 40.2540
  5.6117  3.3011  0.9918  1.2493 29.0331
  5.2525  1.7484  0.9980  1.6265 13.3301
  6.1356  4.0520  0.9676  1.5085 37.1245
  4.9875  3.4109  0.9719  2.1168 30.2012
  5.6288  3.3505  0.9803  1.8405 29.5586
  4.1342  4.3951  0.9712  0.8982 40.8957
  5.6640  1.1394  0.9946  1.1498  7.8144
  5.4522  1.9628  0.9828  1.0085 15.3845
  4.1176  3.1160  0.9719  1.3306 27.0791
  3.7299  4.3921  0.9820  0.0969 40.8626
  4.8606  1.0142  0.9900  0.5069  6.7569
  5.8505  2.5897  0.9796  1.2062 21.6260
  4.7069  0.7209  0.9712  0.7645  4.4193
  5.0362  2.7463  0.9734  1.2706 23.2315
  4.9488  1.0696  0.9724  0.6399  7.2207
  5.5677  1.9161  0.9956  1.5342 14.9322
  5.2502  2.3166  0.9795  1.8442 18.8679
  4.0789  3.5335  0.9942  2.6196 31.5109
  4.6769  0.7955  0.9694  0.5225  4.9928
  3.7854  4.2793  0.9858  0.9894 39.6178
  5.4562  3.9732  0.9953  1.0385 36.2640
  4.6140  2.4493  0.9718  0.6413 20.2012
  5.3905  2.2964  0.9705  1.7272 18.6668
  5.1607  3.0428  0.9776  0.6843 26.3113
  5.5562  1.1204  0.9884  0.5780  7.6522
  5.9119  3.3158  0.9945  0.8647 29.1891
  4.7690  2.9607  0.9882  0.3831 25.4533
  3.6455  1.0902  0.9722  1.5039  7.3949
  4.9069  3.8216  0.9669  1.4448 34.6163
  5.2329  1.9625  0.9917  2.6609 15.3812
  5.3939  4.2739  0.9885  2.9715 39.5583
  4.4244  3.0329  0.9955  1.9925 26.2075
  3.5319  2.9358  0.9672  0.2966 25.1938
  4.4592  2.3340  0.9917  1.8297 19.0428
  4.0880  1.9295  0.9912  1.2113 15.0623
  4.7650  3.4822  0.9727  2.3869 30.9627
  5.6418  0.4639  0.9820  1.5377  2.5805
  4.8543  3.3137  0.9940  0.4423 29.1676
  5.7132  2.4633  0.9678  1.4701 20.3435
  4.8350  3.7607  0.9953  1.3995 33.9569
  4.0043  3.9609  0.9806  0.4202 36.1301
  3.6189  1.7804  0.9944  1.0709 13.6334
  4.5502  3.7063  0.9728  2.4451 33.3696
  4.9888  1.7285  0.9924  1.2858 13.1423
  5.2250  1.2600  0.9751  1.3988  8.8614
  5.5696  3.8314  0.9894  2.1320 34.7232
  4.5527  3.6812  0.9708  0.4618 33.0989
  5.8609  2.8641  0.9783  2.4790 24.4482
  5.8022  2.9803  0.9964  0.2947 25.6579
  5.1980  3.0123  0.9943  1.5838 25.9917
  5.7795  2.4705  0.9979  1.3853 20.4158
  4.7549  2.7686  0.9817  0.5386 23.4606
  4.9900  3.0622  0.9728  0.7523 26.5140
  5.4893  2.4698  0.9735  1.7132 20.4092
  4.3897  3.0038  0.9943  2.2237 25.9035
  5.2667  3.9303  0.9963  2.0637 35.7971
  5.3829  3.2854  0.9741  1.1867 28.8669
  5.4341  4.2424  0.9874  1.6944 39.2117
  5.2761  2.5398  0.9709  1.3509 21.1184
  5.1671  3.8809  0.9941  0.8382 35.2602
  5.2207  0.3804  0.9905  1.8075  2.0361
  5.3508  3.1661  0.9827  0.4268 27.6065
  5.1031  1.0467  0.9851  1.1406  7.0283
  4.0602  3.0037  0.9980  1.0837 25.9014
  4.9907  3.9056  0.9669  1.0695 35.5285
  5.0597  2.5452  0.9865  1.0077 21.1730
  4.7971  3.6741  0.9966  0.6906 33.0229
  6.2937  1.9560  0.9968  1.8612 15.3179
  5.1152  1.5899  0.9716  2.1271 11.8453
  6.5532  1.3050  0.9790  1.3331  9.2587
  5.1405  3.2130  0.9708  0.8395 28.1014
  4.5666  3.0049  0.9708  1.7364 25.9141
  5.4941  4.1485  0.9672  1.6548 38.1811
  5.0274  1.1070  0.9956  0.9666  7.5380
  4.7116  2.4060  0.9845  1.3264 19.7650
  5.5428  3.7901  0.9980  1.0452 34.2757
  4.8719  2.8124  0.9779  1.3834 23.9135
  5.1887  2.6270  0.9775  1.0104 22.0068
  4.7353  3.5054  0.9835  2.0050 31.2099
  5.3166  2.9823  0.9772  0.3259 25.6783
  5.0907  1.8655  0.9899  0.2481 14.4463
  6.6303  2.7821  0.6833  0.1474 23.6006
  4.2162  2.4643  0.9806  1.6900 20.3537
  5.2130  1.3318  0.9942  0.9398  9.4974
  4.1585  1.8607  0.9980  0.3195 14.3996
  5.8795  3.4028  0.9904  1.9529 30.1148
  5.2349  4.3179  0.9980  0.7239 40.0435
  5.5372  1.7456  0.9870  1.0266 13.3038
  5.7015  0.4695  0.9923  1.1780  2.6176
  5.3515  3.0143  0.9832  1.0869 26.0128
  4.4116  2.8973  0.9707  0.5970 24.7930
  4.4055  2.1924  0.9677  1.4385 17.6331
  5.4561  1.2147  0.9705  0.5073  8.4650
  5.3377  1.1142  0.9751  0.8981  7.5991
  4.2108  2.5363  0.9945  2.0139 21.0829
  6.5770  2.8125  0.9484  1.7955 23.9144
  5.4935  1.5662  0.9868  0.8190 11.6259
  5.1444  1.0048  0.9980  0.3939  6.6782
  4.8853  0.7427  0.9898  1.3557  4.5851
  5.4281  1.5331  0.9848  1.7874 11.3203
  5.2374  0.5988  0.9946  0.6311  3.5174
  5.2650  2.0753  0.9697  1.0389 16.4801
  4.9483  2.9446  0.9805  1.6429 25.2858
  5.3865  1.6242  0.9769  2.5311 12.1640
  4.6865  3.0390  0.9930  1.8072 26.2717
  5.5239  0.2358  0.9663  0.5421  1.1696
  4.4238  2.3834  0.9980  2.1491 19.5374
  4.7204  0.7542  0.9750  2.3850  4.6733
  4.6314  3.1025  0.9963  0.5035 26.9372
  5.2695  1.5896  0.9801  0.3290 11.8423
  6.0541  2.2195  0.9927  1.2179 17.9018
  5.1094  1.3557  0.9964  2.2514  9.7102
  5.0395  3.7168  0.9805  2.0409 33.4833
  5.1495  2.1217  0.9800  1.9582 16.9356
  5.0211  2.4251  0.9862  0.6281 19.9576
  5.7711  1.7822  0.9731  0.6778 13.6509
  5.5542  2.7096  0.9875  1.0565 22.8541
  4.1413  2.7942  0.9684  1.7107 23.7252
  5.0010  1.6084  0.9816  0.8984 12.0167
  5.3380  3.5738  0.9902  1.8497 31.9439
  5.2116  2.6665  0.9977  1.3207 22.4113
  6.1855  1.8733  0.9675  2.4226 14.5209
  5.2079  2.0700  0.9980  0.6429 16.4278
  4.9176  1.6159  0.9866  2.0574 12.0863
  4.7227  3.5041  0.9698  2.6967 31.1962
  4.0277  3.4589  0.9817  1.5838 30.7133
  4.6336  2.5529  0.9687  2.4415 21.2520
  5.0597  3.9927  0.9961  1.6576 36.4772
  5.0386  4.0036  0.9716  2.1956 36.5956
  6.0011  4.2641  0.9910  2.3096 39.4511
  4.4288  1.1220  0.9722  0.1992  7.6653
  5.4488  1.9169  0.9821  1.3304 14.9399
  5.1005  3.7663  0.9863  1.1099 34.0177
  5.2437  3.4312  0.9769  0.6966 30.4176
  5.4797  3.4165  0.9753  1.3318 30.2611
  4.8204  1.4496  0.9980  1.2639 10.5571
  5.4132  3.5614  0.9776  1.6830 31.8103
  4.2700  3.2609  0.9943  1.1447 28.6073
  4.4486  0.8313  0.9980  1.2891  5.2732
  5.4360  4.1467  0.9980  0.8446 38.1607
  4.9924  2.1145  0.9878  0.6911 16.8648
  5.1505  4.1293  0.9956  0.5192 37.9700
  4.9511  2.0066  0.9779  2.2635 15.8088
  5.5984  2.7446  0.9870  0.6940 23.2133
  5.7766  1.9969  0.9749  2.2357 15.7153
  4.8696  4.4956  0.9802  1.0970 42.0082
  5.1526  2.7869  0.9958  2.6988 23.6496
  5.6492  2.7374  0.9841  1.3201 23.1396
  5.2464  3.0191  0.9840  1.5185 26.0633
  5.5624  3.9646  0.9808  0.5075 36.1703
  5.1727  1.4919  0.9903  3.0335 10.9428
  3.9920  1.6713  0.9699  1.4996 12.6040
  4.3849  2.3967  0.9946  1.1547 19.6714
  5.1827  2.1880  0.9708  1.8522 17.5895
  4.2824  1.3494  0.9980  2.6255  9.6539
  4.9213  2.6225  0.9980  1.7736 21.9610
  4.9614  4.0733  0.9873  1.8754 37.3578
  4.1740  3.9048  0.9704  1.6104 35.5199
  5.1355  3.3455  0.9762  2.1961 29.5054
  5.4837  1.6467  0.9853  0.9351 12.3742
  4.8249  1.6712  0.9980  0.7798 12.6032
  5.3506  4.0314  0.9798  1.6376 36.8991
  5.2982  2.7755  0.9841  2.2817 23.5323
  5.1680  2.0155  0.9834  1.9768 15.8958
  4.7826  1.2874  0.9894  3.0655  9.1034
  5.0668  4.1790  0.9752  2.0939 38.5157
  3.7613  1.6306  0.9892  0.9923 12.2238
  3.7127  3.0394  0.9953  0.6911 26.2752
  4.5409  3.8351  0.9726  1.6607 34.7627
  5.9376  4.4633  0.9728  1.7569 41.6507
  4.9012  2.1203  0.9867  1.3254 16.9217
  4.7230  2.6850  0.9901  0.4830 22.6015
  5.3071  1.6131  0.9828  2.4338 12.0606
  6.5385  3.3618  0.9690  0.8413 29.6782
  5.2787  2.7358  0.9954  0.7954 23.1228
  6.0409  3.5562  0.9816  0.6080 31.7549
  5.5642  2.1195  0.9947  1.3096 16.9135
  5.0596  0.6034  0.9579  2.4798  3.5502
  5.6269  1.3810  0.9732  1.7121  9.9372
  5.9115  3.1160  0.9840  1.0456 27.0789
  5.2279  2.2963  0.9776  1.9660 18.6657
  4.6976  1.8910  0.9691  1.4853 14.6911
  5.2933  1.8999  0.9821  1.6441 14.7765
  4.8837  3.9121  0.9873  0.6801 35.5997
  4.9081  3.7108  0.9931  0.9459 33.4186
  4.9882  3.4747  0.9734  0.4140 30.8818
  4.9774  4.1700  0.9815  0.6097 38.4163
  6.3123  2.1149  0.9970  1.6041 16.8687
  4.1787  2.4914  0.9944  1.1959 20.6273
  4.7234  3.2143  0.9932  1.0815 28.1153
  5.3272  4.1909  0.9914  0.1482 38.6466
  5.2172  2.5905  0.9841  0.4248 21.6344
  5.0535  1.8410  0.9686  1.7062 14.2110
  5.4011  2.8153  0.9695  1.2313 23.9431
  5.7681  4.0972  0.9760  1.1767 37.6192
  4.6802  2.1812  0.9960  0.5000 17.5220
  5.0290  2.3289  0.9726  2.5647 18.9918
  5.6533  4.1565  0.9917  2.8531 38.2683
  5.2542  2.9181  0.9816  0.5571 25.0091
  5.0475  1.4929  0.9765  2.5887 10.9518
  4.6707  3.1461  0.9903  2.2076 27.3961
  5.0421  2.0676  0.9806  1.6211 16.4047
  5.5062  2.2748  0.9885  0.1746 18.4513
  5.8285  2.9532  0.9721  1.0903 25.3746
  5.2867  2.1713  0.9683  2.5057 17.4245
  4.6853  3.4628  0.9907  0.6964 30.7544
  5.2764  0.8301  0.9827  1.4438  5.2634
  6.1942  2.4856  0.9913  0.8796 20.5690
  5.2600  3.5633  0.9918  1.2342 31.8308
  5.1772  1.4026  0.9980  0.6549 10.1314
  4.7417  0.6925  0.9704  1.8399  4.2049
  4.6028  2.9570  0.9695  0.7814 25.4141
  4.9128  2.2774  0.9717  1.3009 18.4773
  4.7582  3.8765  0.9737  1.4521 35.2122
  4.9714  3.3954  0.9694  1.8649 30.0361
  5.5761  1.5480  0.9928  1.9333 11.4578
  4.8787  2.2650  0.9955  1.8848 18.3532
  4.7398  1.4948  0.9916  0.1911 10.9693
  5.6445  2.4015  0.9955  1.6657 19.7199
  4.7713  3.7463  0.9814  2.2248 33.8013
  5.3075  1.1204  0.9972  1.1589  7.6520
  5.1610  3.6605  0.9851  1.7913 32.8756
  4.7762  2.9328  0.9957  0.4303 25.1625
  5.3604  2.9870  0.9788  1.1498 25.7274
  4.9975  3.1294  0.9798  1.5157 27.2194
  4.9058  3.4316  0.9939  0.7158 30.4215
  5.0553  3.1063  0.9739  1.1804 26.9766
  3.8531  2.8263  0.9853  2.5245 24.0566
  5.0395  2.0266  0.9921  0.5581 16.0042
  4.6066  2.0933  0.9713  0.9067 16.6561
  5.3999  2.0018  0.9808  1.8835 15.7627
  4.9635  3.0906  0.9850  1.1595 26.8125
  5.0377  1.1582  0.9925  1.2280  7.9763
  4.6686  2.3791  0.9968  2.2237 19.4943
  4.7617  2.1727  0.9712  1.3665 17.4377
  5.3208  3.6137  0.9980  0.1966 32.3717
  4.9339  2.1970  0.9943  1.4175 17.6787
  4.0190  2.4879  0.9862  1.3779 20.5924
  5.2787  2.0216  0.9872  1.6086 15.9549
  3.6478  1.1268  0.9786  2.7028  7.7071
  5.0534  2.2388  0.9886  1.1385 18.0926
  4.9498  3.1325  0.9847  2.4075 27.2526
  5.2734  1.2463  0.9898  2.0881  8.7415
  3.9781  3.3629  0.9749  0.6655 29.6901
  5.3984  3.9496  0.9980  1.7546 36.0071
  5.8221  4.0863  0.9739  2.1294 37.5000
  5.7045  4.2791  0.9681  0.4742 39.6164
  4.1823  1.7026  0.9971  0.6006 12.8980
  4.4709  0.9204  0.9813  0.9920  5.9857
  5.6467  3.5452  0.9882  2.5786 31.6369
  5.5362  3.2672  0.9694  1.8583 28.6740
  5.4189  2.0722  0.9954  1.4642 16.4496
  5.0458  4.0952  0.9854  2.4201 37.5967
  4.6910  1.4290  0.9767  1.8381 10.3706
  4.7741  2.9259  0.9789  1.4417 25.0909
  4.9251  4.4910  0.9958  2.2995 41.9574
  4.0317  1.0043  0.9696  0.7407  6.6745
  5.1969  1.7540  0.9896  0.3593 13.3832
  5.7520  2.4364  0.9762  1.2737 20.0711
  5.1767  2.4951  0.9852  0.8623 20.6653
  4.7462  2.0266  0.9818  0.4784 16.0041
  4.9077  1.1478  0.9961  2.1081  7.8869
  4.7122  1.7547  0.9903  1.3191 13.3902
  3.6809  1.3283  0.9731  1.0572  9.4658
  4.4341  3.6540  0.9741  1.6514 32.8060
  4.2151  1.8074  0.9769  1.7108 13.8904
  4.8661  2.3404  0.9675  0.4495 19.1064
  4.4780  1.3012  0.9847  1.8326  9.2250
  6.1516  3.4386  0.9819  0.7338 30.4967
  5.2912  2.0901  0.9919  0.4246 16.6255
  5.2755  2.0865  0.9850  0.9694 16.5902
  4.8218  1.4645  0.9791  1.8704 10.6930
  4.4761  3.9541  0.9957  0.4466 36.0568
  4.9884  1.5823  0.9893  0.7302 11.7744
  5.3045  3.9981  0.9785  1.7445 36.5357
  5.0837  2.3383  0.9927  2.7571 19.0858
  4.4922  1.1320  0.9766  0.6546  7.7516
  4.4751  4.3634  0.9700  0.9096 40.5452
  3.5066  2.3068  0.9980  1.4491 18.7709
  4.8447  1.1149  0.9778  2.2047  7.6052
  5.4330  4.0885  0.9862  1.1240 37.5240
  5.6096  3.1123  0.9825  0.9045 27.0399
  5.3066  2.6103  0.9863  0.2038 21.8367
  5.4812  3.6532  0.9716  1.1063 32.7975
  5.1022  3.4870  0.9685  0.2412 31.0139
  6.4455  2.6025  0.9961  1.5782 21.7574
  5.5002  1.6118  0.9884  1.8430 12.0489
  5.2921  3.8014  0.9891  2.5559 34.3982
  5.6201  3.6701  0.9913  1.1800 32.9796
  6.2368  3.1265  0.9822  1.2462 27.1896
  4.8632  4.3121  0.9710  1.7773 39.9792
  4.1908  3.8937  0.9739  2.2926 35.3987
  5.4613  3.1018  0.9840  2.3565 26.9303
  5.5351  2.1543  0.9855  2.1045 17.2569
  5.2659  4.0414  0.9901  1.4778 37.0083
  4.5463  1.2178  0.9940  1.1434  8.4924
  4.3661  3.2686  0.9731  2.6114 28.6891
  4.2110  3.3674  0.9935  1.9770 29.7383
  5.3154  2.7613  0.9803  1.3779 23.3863
  5.0732  3.6679  0.9762  2.1685 32.9555
  4.9646  3.2215  0.9957  0.7373 28.1914
  5.3359  2.2400  0.9845  1.3506 18.1048
  5.0099  3.8525  0.9811  1.0713 34.9515
  5.1196  3.1482  0.9899  1.7967 27.4182
  5.1380  2.1728  0.9980  0.3117 17.4387
  4.9677  1.4276  0.9977  0.8906 10.3578
  4.9498  0.8295  0.9797  0.8243  5.2588
  3.9159  2.1991  0.9871  1.9418 17.6991
  4.7774  1.7012  0.9670  0.8961 12.8848
  4.9355  0.7634  0.9823  1.1802  4.7439
  5.1434  4.0764  0.9892  0.7259 37.3909
  4.9438  1.1703  0.9698  0.8663  8.0805
  3.7342  2.8994  0.9918  0.9021 24.8151
  6.4568  3.3152  0.9008  0.3834 29.1829
  4.5098  2.9147  0.9773  1.5729 24.9740
  4.6533  2.0701  0.9745  1.0546 16.4293
  5.3205  2.6327  0.9706  2.4049 22.0653
  4.9898  3.4260  0.9928  1.6031 30.3624
  5.1690  2.1814  0.9958  0.8621 17.5236
  5.1811  2.4143  0.9752  1.4010 19.8492
  4.2938  1.9633  0.9756  0.2005 15.3885
  5.2312  3.4872  0.9840  0.6403 31.0154
  5.4279  1.6661  0.9893  2.4538 12.5552
  5.9647  2.6196  0.9875  0.6964 21.9316
  5.2494  1.2773  0.9723  1.1746  9.0140
  5.8204  0.9068  0.9700  1.2909  5.8757
  5.6104  3.1081  0.9935  1.0338 26.9962
  5.2998  3.5128  0.9925  1.6621 31.2892
  5.4222  0.7307  0.9672  1.7949  4.4940
  4.9708  2.8276  0.9669  1.7167 24.0702
  5.1368  3.9797  0.9980  1.3493 36.3350
  5.1107  1.6385  0.9936  1.9153 12.2974
  4.9808  4.4458  0.9965  2.2196 41.4566
  5.2457  4.0934  0.9950  0.2761 37.5767
  4.9540  0.8047  0.9980  1.3326  5.0647
  5.7582  2.8847  0.9859  2.6215 24.6628
  3.8529  1.7112  0.9929  1.8604 12.9792
  5.2355  3.4077  0.9814  1.8807 30.1669
  5.1797  2.6080  0.9719  1.4553 21.8129
  5.5853  3.2141  0.9716  1.1941 28.1122
  5.1753  2.0290  0.9681  0.4861 16.0273
  6.7512  2.8677  0.6588  1.6302 24.4859
  6.6812  3.1683  0.6285  0.5198 27.6291
  5.1704  2.7458  0.9965  2.1956 23.2263
  4.8979  2.3867  0.9964  1.7897 19.5709
  4.3753  1.3878  0.9824  0.7549  9.9985
  5.6033  2.0236  0.9837  1.4533 15.9749
  5.3506  1.6396  0.9771  1.1787 12.3076
  5.0252  1.6065  0.9960  1.1305 11.9995
  5.2319  2.8178  0.9860  1.1788 23.9688
  5.3487  2.9861  0.9932  1.9369 25.7180
  4.5555  4.3630  0.9700  0.5137 40.5413
  5.0024  2.6664  0.9893  1.1437 22.4101
  5.1958  2.0074  0.9899  0.9802 15.8173
  6.1395  2.9156  0.9980  0.7506 24.9838
  5.0177  2.1299  0.9795  1.3138 17.0156
  4.3319  3.0516  0.9957  1.8106 26.4031
  4.7629  2.5236  0.9957  1.7052 20.9543
  5.1554  0.9121  0.9905  2.8253  5.9184
  5.0342  2.5081  0.9875  1.2154 20.7964
  4.2776  2.0622  0.9890  3.0360 16.3514
  4.5720  3.2471  0.9936  1.0763 28.4611
  4.7114  2.0547  0.9697  0.9985 16.2782
  5.4567  4.0711  0.9871  0.5100 37.3334
  4.7130  3.5746  0.9962  1.8416 31.9520
  5.2418  3.3936  0.9736  1.1491 30.0170
  5.2967  3.3139  0.9974  1.9688 29.1694
  5.0483  2.5579  0.9673  0.3665 21.3029
  5.4884  1.7172  0.9954  0.7248 13.0360
  5.9438  3.7038  0.9980  1.4507 33.3428
  5.1162  3.5678  0.9972  0.3451 31.8790
  5.1650  3.6167  0.9825  1.7292 32.4044
  4.9835  2.8577  0.9757  1.8527 24.3822
  5.1480  3.9888  0.9682  1.4470 36.4348
  5.4048  2.8912  0.9670  0.5758 24.7296
  5.6807  4.1003  0.9814  1.1039 37.6531
  5.1082  2.9618  0.9826  1.0952 25.4642
  5.7735  3.5857  0.9731  1.7847 32.0709
  5.1267  3.0706  0.9944  1.0141 26.6026
  5.5642  3.8830  0.9974  1.2714 35.2831
  3.5224  3.4363  0.9702  0.9178 30.4723
  4.7428  1.7203  0.9755  0.8350 13.0649
  5.5381  1.1334  0.9870  0.3936  7.7629
  5.2257  1.1665  0.9712  1.0530  8.0473
  6.7950  2.9491  0.6479  2.9341 25.3317
  4.0771  1.9901  0.9907  1.2532 15.6489
  3.8037  2.8414  0.9892  1.4851 24.2138
  4.0954  1.9784  0.9958  1.1468 15.5348
  5.0340  0.5420  0.9802  1.6129  3.1144
  5.1089  3.1188  0.9703  0.7781 27.1088
  3.7583  4.0815  0.9817  0.4894 37.4473
  5.0262  2.7359  0.9710  2.7017 23.1238
  5.7591  3.5241  0.9837  2.0778 31.4109
  4.8781  2.6507  0.9751  1.3990 22.2493
  5.0748  4.1020  0.9743  1.0321 37.6712
  5.3083  2.3581  0.9698  0.6290 19.2844
  5.5651  2.3940  0.9890  2.0811 19.6446
  4.9857  1.3141  0.9978  0.4966  9.3399
  4.7401  2.6727  0.9689  1.1586 22.4750
  4.9803  0.9412  0.9779  0.2904  6.1555
  5.2845  2.0572  0.9754  2.2157 16.3033
  4.8844  2.7486  0.9833  0.6646 23.2548
  4.8483  2.1253  0.9971  1.7895 16.9710
  4.5942  1.6712  0.9850  1.0996 12.6030
  3.7319  2.7400  0.9683  0.9948 23.1659
  4.5737  2.3276  0.9942  1.0288 18.9781
  5.1426  3.4148  0.9913  1.0461 30.2426
  5.3772  0.7660  0.9967  1.2495  4.7641
  5.4334  3.2768  0.9980  2.7945 28.7758
  5.2656  1.1944  0.9754  0.9391  8.2886
  5.4538  2.2458  0.9937  0.6944 18.1626
  5.0117  2.5149  0.9750  2.2279 20.8653
  3.6147  3.3044  0.9843  2.0265 29.0690
  5.0134  0.4519  0.9774  2.0401  2.5007
  5.1781  0.9788  0.9715  1.3026  6.4638
  4.5074  2.7801  0.9919  0.7633 23.5799
  5.1150  3.9441  0.9826  1.9293 35.9472
  4.8687  3.2373  0.9885  0.3540 28.3579
  5.0671  2.7578  0.9912  0.9272 23.3494
  5.4877  4.0642  0.9829  0.8248 37.2581
  5.5487  3.3126  0.9789  2.4023 29.1561
  5.3859  3.5556  0.9980  0.8012 31.7484
  4.0667  3.5281  0.9736  1.3595 31.4535
  4.7511  1.8200  0.9939  2.1155 14.0109
  5.0742  2.6400  0.9770  1.2313 22.1405
  4.1058  2.2519  0.9744  0.2699 18.2232
  4.3145  1.2246  0.9980  0.3913  8.5516
  3.5850  2.5699  0.9941  0.6178 21.4245
  4.7828  1.2292  0.9928  0.9564  8.5918
  5.8924  3.7683  0.9884  2.4109 34.0391
  4.2324  1.8460  0.9907  1.8461 14.2593
  5.0214  0.8443  0.9872  1.9871  5.3762
  5.0870  4.3108  0.9977  1.3903 39.9651
  5.5887  2.1797  0.9915  1.4504 17.5073
  5.1110  0.9118  0.9800  0.8040  5.9160
  4.2822  4.0533  0.9873  2.5088 37.1383
  4.8440  3.5794  0.9701  1.6144 32.0039
  4.0739  2.1636  0.9788  1.7599 17.3483
  5.2830  3.6534  0.9752  1.6776 32.7990
  4.0007  4.3435  0.9899  2.6814 40.3263
  4.6885  3.5490  0.9859  1.2549 31.6777
  5.8852  3.9766  0.9804  2.1652 36.3011
  5.0720  2.9123  0.9803  0.7743 24.9491
  5.6965  2.6581  0.9849  2.3283 22.3254
  4.9476  2.5735  0.9963  0.5889 21.4610
  4.8446  1.5223  0.9969  1.1317 11.2213
  5.1947  3.2870  0.9807  1.9963 28.8844
  4.7766  4.3367  0.9920  1.2971 40.2512
  4.8634  0.9809  0.9761  1.0253  6.4805
  6.4161  4.1567  0.8205  0.2905 38.2706
  4.4570  4.4115  0.9694  0.5225 41.0771
  4.8565  4.0834  0.9980  2.2407 37.4677
  4.7771  3.2191  0.9980  1.0696 28.1652
  5.6197  4.1863  0.9980  0.6968 38.5953
  5.6201  4.0925  0.9943  1.5449 37.5672
  4.4927  1.8494  0.9886  1.7746 14.2914
  4.4782  4.3858  0.9676  2.8377 40.7924
  5.4829  0.8262  0.9926  1.3425  5.2334
  6.4463  3.7179  0.9899  2.8867 33.4948
  4.1760  2.8000  0.9781  1.4011 23.7856
  4.7359  2.5110  0.9708  0.4446 20.8259
  4.3662  1.5491  0.9746  0.9054 11.4682
  5.1180  3.8808  0.9757  0.5885 35.2595
  4.6844  1.1996  0.9980  0.2892  8.3345
  5.4307  3.1806  0.9969  0.2077 27.7591
  5.1470  1.9679  0.9735  0.4355 15.4339
  4.8282  1.8774  0.9900  1.5589 14.5605
  4.7475  1.4383  0.9855  0.5034 10.4549
  5.1266  1.2644  0.9980  1.1372  8.9004
  4.1780  1.9599  0.9668  2.5055 15.3558
  5.3217  2.3728  0.9797  1.2803 19.4316
  4.4628  3.4609  0.9827  2.3571 30.7344
  4.8895  1.8819  0.9735  0.7590 14.6033
  3.7090  2.4625  0.9909  2.0045 20.3349
  5.3602  1.4910  0.9880  2.9515 10.9340
  5.2998  2.1325  0.9855  0.5144 17.0419
  5.0568  4.0300  0.9680  0.9486 36.8839
  5.2450  3.3814  0.9714  0.5464 29.8873
  4.8064  1.0475  0.9670  2.2439  7.0347
  4.9194  1.5005  0.9980  1.5593 11.0215
  4.5636  1.9676  0.9909  2.8015 15.4309
  6.0275  3.0701  0.9863  1.6157 26.5976
  4.5593  0.7235  0.9781  0.9824  4.4390
  5.7499  2.3656  0.9702  0.5309 19.3591
  4.9884  1.5967  0.9798  0.7047 11.9082
  4.7204  2.8671  0.9980  1.2469 24.4802
  5.6211  3.8990  0.9980  1.9000 35.4571
  4.0928  1.0047  0.9808  0.6396  6.6781
  4.8182  3.5139  0.9730  1.2567 31.3019
  4.3572  0.3789  0.9895  1.4308  2.0268
  4.0262  2.7619  0.9820  2.7178 23.3921
  5.4989  2.4062  0.9903  2.2545 19.7673
  4.7010  1.7659  0.9916  1.4303 13.4965
  5.5192  3.7315  0.9929  1.8169 33.6419
  5.2265  1.8398  0.9780  1.8427 14.1998
  5.2117  0.7730  0.9952  0.9357  4.8178
  4.6343  3.5600  0.9968  1.6344 31.7954
  6.1530  1.7389  0.9816  2.8940 13.2406
  3.5127  1.9450  0.9939  0.8201 15.2121
  5.0654  2.7031  0.9948  0.4536 22.7870
  4.4899  2.5035  0.9813  2.4186 20.7502
  5.3567  3.7670  0.9747  1.3769 34.0252
  4.8686  4.2940  0.9669  0.2515 39.7797
  5.7286  3.7424  0.9751  1.2029 33.7599
  4.6490  1.9687  0.9866  1.4608 15.4412
  5.2028  2.5433  0.9815  1.5894 21.1541
  5.0282  4.1679  0.9785  1.7829 38.3941
  5.5781  2.2159  0.9728  0.3449 17.8660
  5.2763  2.5488  0.9851  1.5466 21.2102
  4.8423  0.5159  0.9829  0.6247  2.9335
  5.4913  1.4681  0.9801  1.1992 10.7254
  6.8986  1.6044  0.6612  1.6657 11.9794
  5.2449  3.5398  0.9846  0.2460 31.5793
  5.5392  3.8894  0.9909  0.7338 35.3526
  6.4997  3.1595  0.9553  0.3330 27.5372
  5.1560  0.8000  0.9695  0.4985  5.0276
  5.5829  1.4064  0.9798  1.0567 10.1662
  4.6001  2.1687  0.9686  1.6129 17.3990
  4.7679  0.8669  0.9677  2.5922  5.5558
  3.5665  2.8578  0.9952  2.0352 24.3838
  3.9544  2.4284  0.9828  1.2317 19.9906
  5.0907  2.1646  0.9758  2.1709 17.3577
  4.6442  3.7110  0.9866  1.2284 33.4202
  4.8765  2.0912  0.9929  1.2399 16.6361
  6.0866  3.7011  0.9687  1.7072 33.3130
  5.0829  1.3871  0.9894  2.0367  9.9926
  5.3243  3.2150  0.9765  2.9332 28.1224
  4.4925  2.4463  0.9980  2.7288 20.1714
  4.8570  1.6777  0.9888  0.7758 12.6643
  4.6142  1.9343  0.9686  1.1580 15.1087
  4.1242  4.1783  0.9748  1.2752 38.5082
  3.8929  2.7569  0.9974  0.4693 23.3407
  4.7835  3.2494  0.9853  1.2278 28.4862
  4.6911  2.5410  0.9777  1.7274 21.1304
  5.3395  2.9060  0.9838  1.2418 24.8834
  5.6787  0.7737  0.9784  1.1633  4.8232
  5.4107  0.2594  0.9739  1.6558  1.3037
  5.2537  3.6620  0.9749  0.7428 32.8917
  4.4108  3.1921  0.9936  0.3865 27.8808
  5.1375  3.1113  0.9870  0.3891 27.0301
  5.1749  0.3912  0.9692  2.2258  2.1050
  4.5245  4.0917  0.9807  0.5228 37.5581
  5.1711  2.3646  0.9979  0.2497 19.3489
  5.4456  1.3779  0.9806  0.5227  9.9093
  4.8872  2.4175  0.9829  1.5975 19.8814
  4.8883  3.7117  0.9806  0.5445 33.4283
  5.2455  2.0667  0.9859  1.8695 16.3957
  4.9843  2.9353  0.9753  1.4010 25.1884
  5.8641  3.7524  0.9869  1.8353 33.8678
  5.2320  1.1887  0.9947  1.4672  8.2392
  4.7124  1.3674  0.9818  1.0201  9.8151
  5.0042  0.7442  0.9792  2.7369  4.5968
  5.7121  1.9211  0.9843  2.3472 14.9808
  4.5079  1.5922  0.9436  2.7976 11.8661
  6.1890  2.4929  0.9770  2.7691 20.6423
  5.3973  2.9760  0.9699  2.5192 25.6131
  5.2572  2.7543  0.9746  1.7707 23.3135
  4.0287  4.4805  0.9807  1.4342 41.8407
  4.9751  2.1643  0.9868  1.2086 17.3551
  5.8155  3.4396  0.9942  1.0719 30.5071
  4.4041  2.1105  0.9671  1.0417 16.8256
  5.0136  2.2354  0.9894  2.8449 18.0596
  5.9276  0.5796  0.9755  1.3422  3.3800
  5.0016  3.3381  0.9891  1.5921 29.4260
  5.5740  2.4633  0.9901  2.1204 20.3436
  4.7728  2.9468  0.9915  2.0507 25.3086
  4.5944  3.8748  0.9671  0.2547 35.1936
  4.6836  2.3944  0.9908  2.3532 19.6488
  5.8801  2.7561  0.9814  2.3264 23.3320
  5.0963  2.6256  0.9921  1.4616 21.9933
  5.1326  1.7011  0.9980  1.2584 12.8836
  5.3491  1.5010  0.9815  1.4548 11.0258
  5.6426  3.2938  0.9890  1.4475 28.9561
  6.2051  2.7927  0.9824  0.3172 23.7102
  5.3721  1.6458  0.9855  1.3358 12.3656
  5.4455  1.0388  0.9781  0.5136  6.9619
  5.1432  3.8910  0.9960  0.8548 35.3697
  6.0693  3.2683  0.9680  2.3142 28.6856
  4.9487  3.9414  0.9679  1.8969 35.9179
  6.0546  4.1305  0.9908  1.8959 37.9839
  3.7421  2.9700  0.9772  2.9135 25.5499
  5.4858  4.3591  0.9734  2.0362 40.4978
  4.6036  3.0708  0.9840  2.3270 26.6045
  4.8075  2.4631  0.9980  0.3422 20.3411
  5.2138  0.4463  0.9676  0.5665  2.4635
  6.1288  4.4810  0.9894  0.5199 41.8462
  5.8370  1.5868  0.9818  2.1312 11.8162
  4.7712  0.8368  0.9738  0.7057  5.3168
  5.6091  2.2478  0.9859  2.2291 18.1822
  5.8740  2.9194  0.9829  1.2260 25.0226
  5.3028  2.8859  0.9725  0.3242 24.6752
  5.3849  0.6031  0.9785  0.9437  3.5485
  5.1735  3.2598  0.9687  1.1055 28.5957
  5.2611  1.7849  0.9879  1.1248 13.6764
  4.5433  3.0548  0.9735  1.3184 26.4364
  5.2372  3.1549  0.9896  2.3725 27.4881
  5.3285  2.4065  0.9833  1.8621 19.7703
  4.9495  3.7780  0.9980  1.5978 34.1447
  6.1686  3.6852  0.9670  0.5020 33.1419
  4.7686  3.3011  0.9890  1.0628 29.0333
  6.0360  1.1164  0.9754  0.5971  7.6182
  5.1885  1.9963  0.9861  1.0464 15.7088
  5.8130  2.5929  0.9788  1.1965 21.6594
  5.3048  2.3895  0.9872  0.3712 19.5989
  5.5252  4.4995  0.9703  0.6871 42.0513
  4.8796  4.4957  0.9800  0.9149 42.0094
  5.7963  4.3806  0.9751  0.2390 40.7353
  4.9600  0.4217  0.9980  1.8819  2.3020
  4.4208  4.2390  0.9740  0.6698 39.1748
  5.0940  3.7038  0.9980  1.1372 33.3424
  5.1347  2.3057  0.9685  1.0328 18.7591
  5.7399  4.2698  0.9770  1.7725 39.5132
  4.4280  0.8613  0.9980  1.5320  5.5113
  5.2651  1.1342  0.9779  0.2094  7.7704
  5.8239  4.3486  0.9946  0.8479 40.3819
  5.9465  3.9849  0.9764  0.3090 36.3920
  5.2155  2.3622  0.9673  0.9048 19.3247
  4.9311  2.1774  0.9942  1.3076 17.4842
  5.0172  1.4233  0.9886  2.0703 10.3187
  4.6949  3.8811  0.9888  1.9735 35.2623
  4.7022  2.8267  0.9733  1.3549 24.0617
  4.7054  1.3019  0.9920  0.3527  9.2312
  5.4066  3.1675  0.9792  2.6304 27.6215
  4.7322  3.6468  0.9964  2.4183 32.7287
  4.6696  3.9270  0.9785  1.3220 35.7613
  4.8805  3.5926  0.9807  1.1735 32.1457
  5.3693  3.0614  0.9838  1.1953 26.5057
  5.3962  1.8417  0.9731  1.4244 14.2178
  4.9303  0.8203  0.9714  0.6426  5.1864
  3.8915  1.4327  0.9700  1.9105 10.4035
  4.9705  3.0299  0.9708  1.0925 26.1756
  5.3062  3.1689  0.9686  1.0500 27.6363
  3.9591  1.5528  0.9724  1.0320 11.5020
  4.7846  2.9922  0.9839  0.9274 25.7822
  5.3330  3.8884  0.9932  1.9225 35.3417
  5.1751  0.7511  0.9668  1.3927  4.6492
  4.8065  3.8707  0.9717  2.3848 35.1494
  6.0093  1.5096  0.9706  0.5623 11.1047
  4.3648  3.0892  0.9748  1.2203 26.7974
  4.7337  3.1030  0.9808  2.8365 26.9424
  4.6529  4.2440  0.9872  1.8329 39.2296
  5.0256  1.5759  0.9771  0.8099 11.7153
  5.0709  1.6360  0.9980  2.1856 12.2742
  5.1071  1.1295  0.9787  0.6529  7.7299
  4.7559  3.3577  0.9886  1.1787 29.6348
  4.7644  2.5225  0.9843  0.4285 20.9427
  5.7975  3.0158  0.9950  2.1865 26.0284
  4.7633  1.4537  0.9728  0.2154 10.5946
  5.9175  2.2916  0.9962  1.7823 18.6182
  4.0052  3.6883  0.9742  0.9560 33.1754
  4.8654  2.4420  0.9831  0.6003 20.1279
  3.8314  3.3944  0.9746  2.8415 30.0254
  3.8610  4.3417  0.9731  1.3041 40.3061
  5.8308  2.1891  0.9907  0.3362 17.5998
  5.7235  3.9312  0.9928  0.8002 35.8075
  4.7129  4.2909  0.9977  1.8049 39.7455
  5.2910  2.1689  0.9713  1.7436 17.4005
  5.5738  1.7543  0.9928  1.6218 13.3864
  6.5199  2.3288  0.7445  1.9223 18.9906
  4.6024  4.3827  0.9958  0.6061 40.7587
  4.0538  2.5044  0.9909  0.5902 20.7593
  5.1624  3.2308  0.9856  2.0601 28.2887
  4.9037  1.5454  0.9980  0.4542 11.4339
  3.7995  2.7767  0.9808  0.6466 23.5444
  4.0289  3.5306  0.9866  2.8379 31.4803
  4.8922  2.6572  0.9963  0.5677 22.3159
  5.1540  1.8940  0.9752  0.3777 14.7201
  5.2877  1.7545  0.9800  0.0609 13.3878
  5.5310  1.0665  0.9966  0.1752  7.1945
  5.0273  2.7944  0.9672  1.0561 23.7276
  5.3083  3.7652  0.9788  1.6692 34.0061
  5.4203  0.6751  0.9931  0.3699  4.0757
  4.2957  0.9338  0.9712  0.7444  6.0951
  5.0627  3.3024  0.9711  1.3379 29.0472
  5.0091  3.0846  0.9889  0.3638 26.7495
  4.8799  2.3279  0.9812  2.5417 18.9809
  6.2872  3.4543  0.9814  0.0521 30.6646
  4.8080  2.1355  0.9670  1.5719 17.0708
  4.7987  4.2210  0.9822  0.7651 38.9765
  5.3353  1.4502  0.9702  0.3600 10.5622
  5.7522  1.1438  0.9971  1.1056  7.8525
  4.9161  1.9434  0.9739  0.3755 15.1958
  6.0671  0.9857  0.9917  1.5282  6.5207
  6.0290  2.2679  0.9715  1.3289 18.3821
  5.3440  3.3581  0.9846  1.9477 29.6390
  6.5366  2.8102  0.8077  1.9128 23.8906
  5.9152  1.7528  0.9805  2.0848 13.3723
  5.1510  3.6045  0.9853  1.5711 32.2735
  5.0959  4.3326  0.9822  2.7896 40.2052
  5.5013  3.4600  0.9764  0.8883 30.7252
  4.8109  3.2733  0.9980  0.9943 28.7387
  5.0769  3.9143  0.9980  0.5474 35.6235
  5.2643  2.1831  0.9944  2.1438 17.5407
  4.7792  3.0975  0.9825  1.3120 26.8844
  4.8140  1.8370  0.9799  1.5583 14.1733
  5.5688  2.3596  0.9821  0.8530 19.2990
  4.7953  2.1144  0.9763  2.2071 16.8638
  5.1688  3.2315  0.9759  0.6592 28.2966
  4.8419  0.7351  0.9675  1.2641  4.5271
  4.0883  2.8195  0.9912  1.5728 23.9866
  4.5192  3.3414  0.9873  2.8696 29.4610
  5.2237  3.0012  0.9804  2.5511 25.8759
  5.5426  4.4350  0.9878  1.4831 41.3366
  4.4372  4.0479  0.9872  1.4376 37.0795
  4.1953  2.0046  0.9919  0.5827 15.7900
  4.2448  4.2368  0.9751  1.4754 39.1507
  4.0671  4.0693  0.9729  1.8018 37.3139
  5.1817  3.0230  0.9889  1.5685 26.1036
  6.1421  3.0926  0.9942  0.4367 26.8330
  5.0773  3.9894  0.9810  0.6850 36.4410
  4.8367  1.5442  0.9734  1.4245 11.4228
  5.1008  4.4493  0.9711  1.5330 41.4957
  5.2580  3.1034  0.9953  0.8368 26.9470
  4.7102  1.0602  0.9900  2.0480  7.1414
  6.0374  0.8808  0.9979  1.4937  5.6669
  4.5103  2.5671  0.9734  2.2682 21.3962
  4.6286  4.1480  0.9759  0.7686 38.1759
  4.8391  1.4278  0.9973  0.2925 10.3595
  4.8542  2.0552  0.9754  1.8062 16.2828
  5.2045  2.2970  0.9969  0.9963 18.6721
  4.7230  2.9824  0.9947  1.0407 25.6799
  5.1261  1.9501  0.9735  1.0519 15.2611
  5.0986  4.1423  0.9959  1.6787 38.1124
  4.5353  2.3220  0.9743  1.5452 18.9227
  5.0412  2.6336  0.9797  2.0698 22.0746
  5.3526  3.6450  0.9682  1.4970 32.7085
  5.1349  1.9701  0.9905  0.5102 15.4548
  4.6158  1.8700  0.9871  1.8967 14.4895
  4.8354  1.7129  0.9855  2.1199 12.9952
  5.8106  3.0276  0.9918  0.6361 26.1516
  5.8639  3.8297  0.9711  1.1677 34.7040
  4.3722  2.5883  0.9783  0.3669 21.6117
  4.5972  2.1328  0.9784  0.8835 17.0444
  5.1489  1.4528  0.9805  1.7303 10.5861
  5.1139  2.4524  0.9858  0.5811 20.2331
  5.3582  0.9945  0.9777  1.6064  6.5935
  4.5433  1.3237  0.9974  2.4402  9.4255
  6.5268  2.2564  0.8802  1.5611 18.2682
  4.6752  2.0196  0.9930  1.5209 15.9361
  5.1692  1.8182  0.9973  0.9222 13.9940
  4.5559  1.2624  0.9754  1.3635  8.8825
  5.3399  3.3590  0.9863  0.6345 29.6480
  4.9704  4.1591  0.9837  1.7832 38.2966
  4.2456  2.4496  0.9697  0.7377 20.2044
  5.0957  2.5627  0.9764  2.2767 21.3516
  5.3522  3.3005  0.9766  1.9243 29.0274
  3.9943  3.9585  0.9980  1.8081 36.1042
  5.1211  1.8625  0.9738  2.4619 14.4171
  5.5738  0.9793  0.9796  0.0749  6.4676
  4.8550  3.2940  0.9946  0.8022 28.9580
  5.1006  0.9446  0.9763  1.4383  6.1830
  5.1718  1.7199  0.9901  0.6910 13.0615
  4.8493  1.7658  0.9967  0.7346 13.4950
  4.9919  2.1775  0.9980  1.9879 17.4860
  5.3191  1.1631  0.9672  1.4500  8.0185
  5.5487  3.6695  0.9938  2.0201 32.9729
  5.2166  4.3626  0.9930  1.4318 40.5361
  5.0623  2.6424  0.9915  2.4776 22.1644
  4.9283  3.7606  0.9836  0.5181 33.9558
  5.4999  0.8545  0.9835  2.0378  5.4570
  5.2739  2.3198  0.9980  1.5067 18.9000
  5.2087  2.6868  0.9832  1.4929 22.6192
  4.7503  2.1028  0.9777  1.9572 16.7492
  5.1436  1.2810  0.9784  0.9549  9.0469
  5.2951  0.9852  0.9948  0.7252  6.5160
  4.5048  0.3231  0.9733  1.6260  1.6806
  5.2495  3.4909  0.9710  0.7677 31.0550
  5.8655  2.8412  0.9684  1.2276 24.2117
  5.8208  4.1158  0.9783  2.8274 37.8229
  5.2452  2.5458  0.9886  1.7037 21.1792
  4.9678  3.4953  0.9771  1.3000 31.1022
  3.9128  3.8256  0.9775  2.5862 34.6596
  4.8853  2.6500  0.9696  2.3751 22.2421
  4.4052  2.1789  0.9935  2.2080 17.4998
  4.7776  3.9631  0.9818  2.4182 36.1541
  5.5725  1.3138  0.9684  0.5402  9.3371
  5.0875  2.5673  0.9680  1.2963 21.3979
  4.8288  4.1356  0.9980  0.7590 38.0394
  5.5073  3.0580  0.9678  2.3643 26.4704
  4.6831  1.1530  0.9863  1.0678  7.9310
  5.8086  2.9755  0.9795  0.1588 25.6073
  5.2696  2.4896  0.9725  2.7428 20.6090
  4.8892  2.2804  0.9957  0.9889 18.5074
  4.8427  2.9141  0.9831  1.3416 24.9684
  4.9155  1.3147  0.9774  1.0262  9.3451
  5.3206  0.8886  0.9831  0.8085  5.7292
  6.5117  1.4767  0.7354  0.3475 10.8038
  4.0295  0.7195  0.9770  2.4020  4.4087
  5.2486  0.6606  0.9740  1.2358  3.9675
  5.9277  3.9145  0.9888  0.6033 35.6254
  4.4112  2.5443  0.9941  1.5177 21.1647
  4.9995  3.1306  0.9829  2.4279 27.2322
  5.2967  2.3803  0.9728  0.1367 19.5072
  3.8150  1.5296  0.9859  0.9518 11.2879
  6.8693  1.9454  0.9138  1.1569 15.2155
  4.7554  2.8280  0.9937  2.4934 24.0742
  5.4261  4.4868  0.9861  1.2226 41.9108
  5.9807  3.1374  0.9835  0.6286 27.3045
  5.1393  2.5211  0.9838  1.6973 20.9286
  5.0471  4.2431  0.9785  0.0960 39.2198
  3.7315  2.0233  0.9725  1.0369 15.9716
  5.2797  3.0370  0.9890  1.4661 26.2498
  5.0773  2.5184  0.9758  2.3219 20.9015
  5.1701  0.7685  0.9903  1.3091  4.7834
  4.1177  1.3397  0.9977  1.0314  9.5676
  4.8205  2.9101  0.9907  0.7827 24.9262
  4.4714  3.5262  0.9713  3.0345 31.4330
  5.1151  1.8147  0.9978  1.7275 13.9606
  5.0947  3.5767  0.9802  2.2740 31.9751
  4.4635  0.6296  0.9908  1.5953  3.7403
  5.0134  4.2376  0.9811  0.8374 39.1590
  5.3630  4.1725  0.9796  1.3594 38.4445
  5.7960  2.5138  0.9693  1.0234 20.8549
  4.7894  3.1914  0.9865  0.4950 27.8731
  4.4974  3.4688  0.9775  0.8618 30.8192
  5.4277  0.7717  0.9795  1.2043  4.8078
  5.7824  2.1026  0.9799  1.6475 16.7479
  4.4829  3.3023  0.9900  1.6935 29.0458
  4.5166  3.0925  0.9685  1.0279 26.8325
  5.7972  3.0451  0.9913  1.4422 26.3346
  5.2918  1.8390  0.9900  0.1738 14.1924
  4.6213  3.2524  0.9836  2.0603 28.5181
  5.1739  1.9657  0.9835  1.1942 15.4121
  4.3868  4.1164  0.9683  1.3075 37.8296
  4.6746  3.2980  0.9896  0.4382 29.0012
  4.7682  3.9045  0.9932  0.6252 35.5169
  5.4020  3.7689  0.9840  0.6996 34.0465
  5.3370  3.6722  0.9869  0.8883 33.0023
  5.1801  3.7089  0.9892  1.2399 33.3981
  5.5221  2.7761  0.9980  2.0717 23.5382
  5.6727  2.1507  0.9936  1.4930 17.2210
  4.6000  1.5643  0.9704  1.3594 11.6077
  4.0912  0.9322  0.9706  1.5464  6.0815
  4.2051  1.7569  0.9685  2.0749 13.4110
  4.8198  2.2559  0.9961  2.3584 18.2626
  3.7805  1.0650  0.9682  1.6345  7.1825
  4.9112  0.5942  0.9911  1.1867  3.4840
  4.6759  1.5234  0.9973  0.2601 11.2317
  5.5479  2.6292  0.9812  1.7908 22.0301
  5.9620  2.7361  0.9690  0.3311 23.1265
  4.7088  3.1838  0.9717  1.0372 27.7924
  5.7170  2.8268  0.9980  1.3308 24.0618
  4.9717  2.9522  0.9830  1.6001 25.3647
  4.4461  3.8621  0.9901  2.0050 35.0556
  4.8594  0.9821  0.9798  2.0289  6.4910
  5.5243  0.8277  0.9919  0.5720  5.2449
  4.9035  3.1723  0.9957  2.1291 27.6715
  5.2066  2.1450  0.9775  0.8958 17.1652
  5.5562  1.3215  0.9698  1.5613  9.4055
  3.9958  0.8316  0.9856  1.5981  5.2755
  5.2887  1.3201  0.9884  1.3393  9.3927
  4.4591  2.0531  0.9721  1.5445 16.2628
  4.1853  3.6418  0.9920  3.0649 32.6741
  5.4598  3.3488  0.9957  0.8682 29.5404
  3.8539  2.6132  0.9728  2.2728 21.8663
  4.2692  3.5645  0.9868  1.5600 31.8439
  6.2319  2.8569  0.9778  0.7238 24.3742
  5.4251  2.3963  0.9746  2.3699 19.6679
  5.2380  2.5606  0.9913  3.0661 21.3298
  4.5697  2.5935  0.9911  2.7206 21.6656
  5.1760  3.0250  0.9957  1.3689 26.1247
  5.2191  1.0681  0.9830  1.2438  7.2084
  4.9073  3.0898  0.9853  0.1921 26.8033
  5.2917  0.9050  0.9760  0.2645  5.8616
  5.0706  2.2148  0.9904  0.9752 17.8550
  4.9100  2.8334  0.9868  1.5778 24.1301
  5.1230  1.6761  0.9753  2.2182 12.6493
  5.0512  2.7483  0.9980  1.9864 23.2522
  5.1772  4.0816  0.9865  2.0669 37.4483
  4.3927  1.8259  0.9693  1.5407 14.0672
  5.2387  3.3721  0.9919  2.1565 29.7875
  5.3236  2.1573  0.9866  1.4597 17.2860
  5.4464  3.4097  0.9738  0.5410 30.1884
  5.3410  2.0746  0.9688  0.1450 16.4731
  5.3644  4.4201  0.9787  1.3717 41.1718
  3.8904  1.0502  0.9802  0.9177  7.0572
  5.1490  1.2988  0.9980  1.8635  9.2043
  5.2482  2.9588  0.9898  1.0196 25.4332
  5.1560  1.2052  0.9815  1.7204  8.3826
  4.8578  3.5512  0.9829  1.7141 31.7010
  4.8428  3.8407  0.9940  0.5245 34.8241
  5.0095  3.9297  0.9774  0.6580 35.7903
  4.1602  1.9876  0.9801  1.5077 15.6250
  5.3577  1.7874  0.9909  0.8000 13.6999
  4.9615  4.1544  0.9922  1.4604 38.2459
  4.9297  1.9437  0.9901  1.6052 15.1988
  6.9326  1.8399  0.5054  2.0911 14.2010
  4.9331  0.7307  0.9726  0.9290  4.4937
  5.6791  4.0101  0.9689  0.5874 36.6665
  4.8552  3.3762  0.9767  1.6717 29.8312
  5.1280  2.1875  0.9932  1.9383 17.5845
  5.2821  1.8410  0.9860  2.5581 14.2113
  5.9310  3.0575  0.9806  1.1651 26.4655
  5.2216  1.6895  0.9876  0.9523 12.7749
  5.2909  2.0970  0.9817  0.1908 16.6932
  4.9215  3.1913  0.9780  1.8987 27.8725
  4.5060  1.4419  0.9799  0.8566 10.4870
  6.2654  3.0872  0.9799  1.9180 26.7769
  4.9256  2.9708  0.9980  1.7157 25.5586
  4.8436  2.6804  0.9770  0.8941 22.5537
  5.4914  1.3583  0.9721  1.9212  9.7337
  4.8229  3.3939  0.9732  1.0333 30.0204
  4.9588  4.0034  0.9728  0.8654 36.5936
  4.9845  1.7811  0.9678  0.3166 13.6401
  4.7155  3.6570  0.9823  1.6387 32.8379
  4.9014  1.4975  0.9842  1.3936 10.9939
  5.2473  2.6413  0.9829  1.0602 22.1530
  5.2803  0.9430  0.9682  1.1802  6.1697
  5.5885  1.5209  0.9933  0.8927 11.2087
  3.6425  2.0285  0.9912  1.1331 16.0229
  3.9660  3.2806  0.9680  0.8439 28.8158
  4.3978  3.4765  0.9677  2.1675 30.9017
  4.6000  4.1327  0.9905  2.7484 38.0081
  5.2221  2.4690  0.9798  0.7137 20.4008
  5.4322  3.7095  0.9942  0.5955 33.4045
  5.0085  2.3448  0.9889  1.1951 19.1508
  5.0683  2.3306  0.9691  1.9294 19.0084
  6.5916  3.5210  0.9070  0.6997 31.3779
  5.1298  2.6095  0.9953  1.1227 21.8289
  4.9629  0.7402  0.9848  0.3693  4.5661
  5.3075  4.0124  0.9860  2.1232 36.6922
  5.1801  2.1113  0.9670  0.9711 16.8333
  5.1720  1.0404  0.9743  2.8419  6.9751
  3.8157  0.8170  0.9866  1.1546  5.1608
  3.9121  0.5685  0.9905  0.9632  3.3008
  5.0212  3.1167  0.9831  2.1656 27.0865
  6.6620  1.1576  0.9557  1.5861  7.9710
  4.8419  2.5150  0.9864  0.6465 20.8671
  4.6699  1.1813  0.9943  0.9782  8.1755
  5.4313  3.4244  0.9929  1.8528 30.3454
  5.1901  2.1569  0.9955  2.6612 17.2820
  4.2997  2.4052  0.9980  1.3839 19.7573
  5.4108  3.0406  0.9701  1.3027 26.2878
  5.0126  3.3478  0.9810  2.3158 29.5298
  5.2179  0.9229  0.9706  1.6943  6.0063
  5.0489  2.2296  0.9907  1.9457 18.0016
  5.4210  3.4555  0.9977  0.3825 30.6772
  4.9116  3.4906  0.9910  1.1613 31.0526
  6.2858  1.9515  0.9868  1.0975 15.2746
  5.6020  1.6642  0.9736  1.9479 12.5379
  4.1455  2.8765  0.9833  0.6162 24.5768
  4.9963  1.9131  0.9955  1.3484 14.9040
  5.6433  1.4165  0.9940  2.4444 10.2575
  5.1202  4.3301  0.9980  1.4347 40.1781
  5.1576  2.5853  0.9826  2.6820 21.5813
  5.6718  1.8179  0.9850  0.1178 13.9904
  4.7589  3.2711  0.9808  0.8702 28.7154
  3.5775  2.0811  0.9787  1.7641 16.5366
  3.5239  3.5019  0.9721  2.1928 31.1734
  4.8098  1.2942  0.9923  0.9273  9.1637
  4.7705  4.4260  0.9946  2.7651 41.2378
  4.3049  2.3324  0.9977  0.8001 19.0262
  4.1239  2.6966  0.9671  0.0992 22.7201
  4.6453  1.1767  0.9980  1.2017  8.1354
  4.7454  1.1953  0.9684  2.2955  8.2969
  5.0024  3.0560  0.9693  0.4618 26.4492
  5.2248  1.6799  0.9939  0.4446 12.6845
  4.9123  1.0134  0.9702  2.5068  6.7504
  4.9279  1.1174  0.9968  0.3784  7.6267
  4.1947  4.3465  0.9885  1.3138 40.3586
  3.9152  3.9685  0.9760  0.4809 36.2136
  5.2318  3.0278  0.9747  0.7446 26.1543
  4.1778  3.2125  0.9936  3.0639 28.0960
  5.4874  4.1935  0.9812  1.3288 38.6744
  5.1345  4.4842  0.9853  1.2570 41.8818
  5.2007  2.8338  0.9943  0.4773 24.1347
  5.2436  4.2641  0.9854  1.2901 39.4511
  5.2943  3.1556  0.9738  0.2628 27.4960
  5.5818  2.3634  0.9953  1.2319 19.3371
  5.2715  2.3341  0.9813  1.8954 19.0435
  4.7051  3.1698  0.9944  0.5967 27.6457
  3.8350  4.0622  0.9950  1.7093 37.2357
  5.0797  2.7233  0.9725  1.4388 22.9943
  4.8276  1.9458  0.9816  1.9310 15.2198
  4.8370  4.1545  0.9863  0.8783 38.2464
  4.4482  2.8807  0.9775  1.3847 24.6210
  4.8924  2.0897  0.9883  0.5933 16.6215
  5.2421  2.2625  0.9795  1.3411 18.3286
  4.4756  3.5135  0.9814  0.8614 31.2974
  4.9787  2.2954  0.9980  1.5997 18.6568
  4.6020  3.1478  0.9885  1.0116 27.4134
  4.7852  1.5610  0.9779  0.5684 11.5781
  4.8363  0.9758  0.9777  1.2461  6.4385
  4.3449  2.0748  0.9705  1.2720 16.4750
  5.2971  3.6077  0.9718  0.5592 32.3075
  4.3142  3.6861  0.9980  1.0551 33.1515
  3.6907  1.5668  0.9884  2.0700 11.6312
  4.6342  1.3185  0.9806  1.4884  9.3787
  5.1087  1.4538  0.9888  1.1373 10.5950
  6.1309  2.9965  0.9916  1.3851 25.8264
  5.8145  3.6558  0.9713  0.9698 32.8248
  5.2613  2.5111  0.9970  1.8545 20.8270
  5.8375  3.7271  0.9861  0.6982 33.5942
  3.8613  1.4144  0.9980  0.4786 10.2378
  3.9463  1.3352  0.9791  2.3499  9.5272
  5.1717  3.3544  0.9903  2.3204 29.5998
  5.1024  0.3065  0.9893  0.3435  1.5805
  5.3510  3.7885  0.9953  0.2949 34.2581
  5.2111  2.7843  0.9844  1.0081 23.6230
  4.1312  1.4800  0.9757  0.4912 10.8342
  5.7619  1.7942  0.9791  0.6988 13.7645
  5.4231  0.5998  0.9760  0.7129  3.5241
  5.2488  0.4992  0.9915  0.4943  2.8191
  5.0868  3.1892  0.9793  0.1396 27.8498
  4.7890  1.7774  0.9858  1.5724 13.6053
  5.2655  0.5346  0.9825  1.0362  3.0632
  5.0435  2.8588  0.9920  0.9628 24.3940
  5.1727  3.9134  0.9980  0.6491 35.6128
  4.1113  3.9386  0.9872  1.3578 35.8870
  5.2022  3.0743  0.9694  1.6696 26.6407
  5.5286  3.4004  0.9820  0.7778 30.0888
  4.0650  1.2717  0.9755  1.2233  8.9651
  4.9915  4.4728  0.9711  2.3358 41.7549
  5.1412  1.6639  0.9721  1.6526 12.5348
  4.9034  2.6650  0.9690  0.6546 22.3958
  4.8589  1.6292  0.9789  1.5500 12.2106
  5.8610  4.0615  0.9802  1.8415 37.2287
  5.6283  2.3127  0.9704  2.6172 18.8293
  4.9034  1.9957  0.9730  2.3616 15.7030
  6.0469  4.1367  0.9793  0.6550 38.0518
  3.6840  4.4317  0.9970  1.1606 41.2998
  5.5614  3.9924  0.9830  0.9017 36.4739
  5.4546  4.4514  0.9705  2.9355 41.5188
  5.2812  4.0081  0.9923  0.8202 36.6451
  5.5165  1.4404  0.9674  1.6567 10.4737
  5.7592  2.7209  0.9958  0.4440 22.9696
  5.3307  2.8759  0.9910  0.6292 24.5715
  5.0745  1.8694  0.9790  1.0445 14.4838
  5.1833  3.1805  0.9689  1.9596 27.7583
  4.3369  1.5999  0.9668  1.5457 11.9382
  5.3031  2.0471  0.9789  1.4558 16.2040
  5.1840  4.2743  0.9678  0.9901 39.5627
  4.3277  3.7101  0.9980  1.3475 33.4106
  4.7317  2.2414  0.9695  1.7259 18.1191
  4.7563  2.9154  0.9755  2.0353 24.9816
  4.1403  3.0691  0.9747  2.5520 26.5868
  5.4321  2.7371  0.9760  0.3702 23.1369
  5.0961  2.2255  0.9980  0.6332 17.9610
  5.4814  1.4963  0.9820  0.5978 10.9829
  4.6120  3.1453  0.9893  1.5457 27.3873
  4.9694  0.7826  0.9838  1.0271  4.8920
  5.0377  4.4084  0.9980  2.1517 41.0428
  5.1723  1.5187  0.9895  1.0825 11.1885
  5.6777  1.5114  0.9783  0.1707 11.1211
  4.6688  2.1425  0.9676  1.5346 17.1404
  4.8778  2.8468  0.9749  2.4862 24.2689
  5.4610  3.2091  0.9767  1.8306 28.0597
  5.6223  4.1214  0.9806  1.2346 37.8841
  3.8576  2.0921  0.9940  1.7493 16.6443
  5.2544  2.5478  0.9840  1.8636 21.2003
  5.2925  2.5778  0.9980  2.8343 21.5046
  5.1079  0.9580  0.9903  0.7252  6.2927
  5.5474  3.7506  0.9728  0.3764 33.8485
  5.2828  3.7918  0.9963  1.3404 34.2941
  5.3598  0.4648  0.9683  1.4925  2.5864
  5.5854  1.7100  0.9762  0.9002 12.9680
  4.6742  2.0531  0.9716  2.5446 16.2626
  4.7660  1.7579  0.9783  2.1700 13.4207
  6.5344  3.9290  0.9006  1.1959 35.7833
  4.9969  3.2486  0.9980  1.4668 28.4779
  6.0276  1.5757  0.9895  2.0471 11.7137
  4.7389  0.8625  0.9890  1.6939  5.5207
  5.8082  4.3402  0.9693  1.9291 40.2896
  6.2790  3.0531  0.9964  0.2403 26.4186
  4.8794  3.5212  0.9688  1.7912 31.3798
  5.3866  2.5002  0.9824  0.9178 20.7166
  4.8275  2.1906  0.9960  1.6446 17.6155
  5.0427  2.2766  0.9834  0.7926 18.4696
  4.0767  0.2927  0.9825  0.4159  1.4984
  5.5756  2.5247  0.9886  3.0073 20.9647
  4.3679  2.1979  0.9863  1.2159 17.6873
  5.1215  3.0740  0.9688  0.3578 26.6383
  4.9974  3.0041  0.9966  0.4448 25.9066
  4.7872  2.7942  0.9755  3.0059 23.7251
  5.3833  2.2678  0.9772  0.4128 18.3810
  5.0255  2.2877  0.9697  1.8231 18.5802
  5.2622  0.6291  0.9874  2.4378  3.7365
  5.4562  2.6848  0.9761  1.4757 22.5994
  5.5445  3.1865  0.9835  0.7121 27.8212
  5.3517  2.8113  0.9773  1.9169 23.9019
