  5.7460  2.2907  0.9900  1.7831 18.6093
  5.2627  3.4804  0.9951  2.5805 30.9427
  3.9331  3.5517  0.9712  1.5049 31.7063
  5.1367  1.6206  0.9769  1.8449 12.1300
  5.1300  4.3297  0.9860  0.7694 40.1737
  5.4173  1.3938  0.9678  1.3654 10.0522
  5.2926  3.9887  0.9916  1.4114 36.4336
  5.7123  3.4838  0.9754  1.3977 30.9792
  5.2976  2.5080  0.9964  2.5615 20.7957
  4.5337  3.4450  0.9919  1.7975 30.5650
  6.0187  2.5819  0.9868  0.5054 21.5466
  4.7978  3.8169  0.9845  0.5188 34.5654
  5.9021  3.1063  0.9672  1.5757 26.9770
  6.6265  2.6529  0.7219  0.8482 22.2723
  4.9790  2.2571  0.9892  0.8338 18.2750
  5.4227  2.2589  0.9779  1.7146 18.2932
  5.3040  2.8144  0.9895  0.5720 23.9343
  4.2594  2.1836  0.9856  0.9931 17.5461
  4.8927  2.4161  0.9762  0.6586 19.8665
  5.0633  2.1974  0.9742  1.5004 17.6827
  4.9397  3.6082  0.9734  0.3199 32.3129
  4.0039  3.7156  0.9805  2.2003 33.4699
  5.5128  1.9244  0.9731  0.1707 15.0125
  6.7574  1.6864  0.5670  1.5596 12.7461
  4.5401  2.9608  0.9901  1.4780 25.4544
  4.8537  4.4589  0.9980  0.6027 41.6013
  3.8873  0.9973  0.9847  0.7186  6.6164
  5.3986  3.1013  0.9669  0.1978 26.9247
  5.0421  4.4407  0.9756  1.7548 41.3995
  5.7068  2.9135  0.9888  2.1442 24.9614
  5.4623  3.8583  0.9788  0.3667 35.0143
  6.2360  2.9843  0.9980  0.7583 25.6995
  6.4641  2.2041  0.8365  1.8252 17.7488
  5.8744  3.6936  0.9694  0.1835 33.2324
  4.7708  3.6180  0.9691  1.9919 32.4185
  5.6658  2.8499  0.9818  0.8799 24.3012
  6.0033  3.6133  0.9891  0.6189 32.3682
  4.9102  4.4547  0.9765  2.0835 41.5547
  4.0700  3.5736  0.9712  2.2077 31.9409
  5.3446  2.6894  0.9739  0.6908 22.6467
  5.8271  2.5739  0.9779  0.4766 21.4656
  4.7605  2.2143  0.9814  1.5474 17.8495
  5.6806  1.9946  0.9979  1.9161 15.6929
  5.0409  3.3600  0.9882  1.9466 29.6590
  4.9091  2.4903  0.9793  1.7833 20.6164
  5.6389  2.2117  0.9937  1.8834 17.8244
  5.5395  3.0381  0.9762  1.6421 26.2618
  5.7216  3.1237  0.9736  1.1653 27.1601
  5.0488  1.6773  0.9681  0.2504 12.6601
  6.6059  1.5052  0.9705  0.3673 11.0640
  4.5423  4.1803  0.9719  1.2763 38.5295
  4.1937  2.0138  0.9948  2.5621 15.8791
  4.9229  3.0783  0.9716  1.2776 26.6827
  5.2952  2.9706  0.9724  2.2859 25.5563
  5.2724  2.7060  0.9809  0.7403 22.8169
  3.6545  4.2209  0.9958  2.5941 38.9754
  5.5416  2.6550  0.9667  1.0920 22.2937
  4.5659  3.1724  0.9729  0.7520 27.6726
  6.5883  3.1792  0.9692  1.3577 27.7445
  5.0238  2.7683  0.9838  0.9206 23.4576
  5.3939  4.0743  0.9804  2.1412 37.3679
  5.3427  2.2227  0.9807  1.4893 17.9331
  4.8831  4.1260  0.9939  1.7751 37.9347
  6.8904  3.0692  0.5797  1.4706 26.5879
  5.5294  2.3124  0.9817  1.0822 18.8264
  6.0463  2.8163  0.9914  2.2757 23.9535
  5.1799  3.7075  0.9675  1.4520 33.3823
  5.3620  3.7982  0.9843  1.4478 34.3634
  4.7340  1.9328  0.9857  1.8724 15.0934
  4.5142  3.4664  0.9785  0.8551 30.7936
  4.7108  2.1708  0.9795  0.8065 17.4196
  4.8092  3.8703  0.9735  2.0139 35.1447
  5.5220  2.5551  0.9980  1.7930 21.2735
  4.6474  4.1261  0.9961  2.5586 37.9357
  5.9580  4.4552  0.9736  1.5696 41.5602
  4.8613  3.0502  0.9828  2.0066 26.3889
  5.9848  2.0779  0.9705  0.8217 16.5058
  5.1751  2.9147  0.9802  1.3348 24.9742
  4.2586  4.0049  0.9908  1.0008 36.6106
  4.8333  3.3408  0.9939  0.7947 29.4555
  6.0597  2.7374  0.9717  0.5482 23.1396
  5.7532  4.3015  0.9838  1.3728 39.8625
  6.0649  3.4681  0.9691  1.6148 30.8120
  5.1474  3.5823  0.9733  1.5725 32.0344
  6.2933  3.2510  0.9731  0.4684 28.5032
  4.1747  2.7569  0.9784  1.7176 23.3402
  5.1888  3.9084  0.9980  0.6569 35.5593
  4.9202  1.7685  0.9697  2.0648 13.5208
  5.3033  2.5834  0.9852  1.3842 21.5624
  5.0148  3.9781  0.9727  1.6896 36.3175
  5.6607  3.4620  0.9738  1.5277 30.7463
  5.1708  2.3290  0.9730  0.8494 18.9928
  5.0995  3.6760  0.9741  2.2706 33.0425
  4.0613  3.7084  0.9793  2.6627 33.3924
  4.7600  2.0169  0.9822  1.3997 15.9091
  5.7597  2.9517  0.9966  3.0171 25.3594
  6.0571  2.6569  0.9680  2.8238 22.3128
  5.5564  2.7351  0.9953  2.1312 23.1159
  5.0387  4.1980  0.9754  1.2627 38.7245
  5.9200  1.9112  0.9826  0.1402 14.8859
  6.2051  3.5533  0.9941  1.3148 31.7241
  4.7325  2.4539  0.9980  1.1389 20.2478
  5.4994  2.3379  0.9897  1.1189 19.0815
  4.8272  1.8018  0.9731  2.6015 13.8369
  4.9355  3.2490  0.9710  0.8785 28.4814
  3.8202  2.5769  0.9740  1.3689 21.4960
  4.8295  1.1438  0.9980  1.0133  7.8523
  5.9691  2.4219  0.9864  0.8985 19.9256
  3.7150  2.5078  0.9961  1.9405 20.7938
  4.1652  1.8057  0.9806  2.6636 13.8740
  5.2551  3.4009  0.9849  1.7947 30.0947
  4.6985  3.1177  0.9967  2.6208 27.0967
  6.6215  3.2518  0.9238  0.4077 28.5111
  5.7162  2.3295  0.9691  1.4347 18.9979
  5.5269  3.6236  0.9859  0.3518 32.4791
  4.9656  2.1415  0.9741  1.7663 17.1307
  4.2111  2.2624  0.9859  0.8423 18.3273
  4.3159  3.3087  0.9823  1.6997 29.1146
  6.2592  1.4828  0.9780  2.3839 10.8593
  5.7482  2.6264  0.9682  1.1621 22.0011
  5.9701  3.1983  0.9688  1.3337 27.9454
  6.6739  2.6626  0.7314  2.8159 22.3719
  3.5593  1.8120  0.9920  2.4207 13.9348
  5.7721  3.3837  0.9685  0.7961 29.9118
  6.2848  3.0764  0.9930  0.8614 26.6632
  5.2255  2.6740  0.9968  1.3250 22.4883
  5.1416  2.2307  0.9747  1.1580 18.0124
  5.0496  2.3289  0.9674  0.6856 18.9909
  5.2494  4.2412  0.9793  0.8044 39.1990
  6.1043  3.8454  0.9697  1.2330 34.8747
  5.2528  3.9473  0.9814  2.1263 35.9826
  5.9530  3.2031  0.9980  1.6435 27.9962
  4.6034  1.7687  0.9789  2.7272 13.5230
  6.0245  3.2645  0.9753  0.8354 28.6453
  5.1665  3.6437  0.9712  1.3939 32.6945
  5.4272  3.4480  0.9744  1.4688 30.5963
  4.3576  4.2137  0.9752  2.1132 38.8970
  6.1908  2.6289  0.9774  2.7843 22.0270
  5.5454  2.3403  0.9742  0.8738 19.1054
  5.7418  2.7484  0.9758  2.2528 23.2533
  3.9619  2.7039  0.9751  1.0563 22.7952
  5.2779  2.6891  0.9855  1.7673 22.6431
  4.4787  2.3887  0.9933  2.1539 19.5912
  5.2494  2.0577  0.9708  0.8479 16.3076
  5.3067  1.5825  0.9839  1.3939 11.7763
  4.5920  2.9716  0.9732  1.6850 25.5669
  5.8775  4.3832  0.9788  2.5162 40.7641
  4.7301  4.3951  0.9682  1.0166 40.8955
  6.6948  3.3754  0.7552  1.0805 29.8228
  6.4967  2.1020  0.9633  1.9985 16.7417
  5.0131  3.0138  0.9726  0.2187 26.0074
  5.4878  1.1277  0.9783  2.4946  7.7144
  5.4466  3.8567  0.9980  0.3855 34.9976
  6.4161  2.7406  0.9113  1.0295 23.1727
  5.4538  2.0670  0.9969  1.3548 16.3990
  5.2339  3.7774  0.9847  2.1672 34.1376
  5.1920  4.0737  0.9893  1.0712 37.3616
  5.0778  2.4594  0.9889  2.8936 20.3034
  3.6067  3.4318  0.9880  2.7312 30.4235
  5.5502  3.4517  0.9705  0.7606 30.6359
  5.2717  2.1597  0.9682  2.9316 17.3101
  4.4239  3.7783  0.9726  1.1030 34.1477
  5.6691  2.9940  0.9980  0.2110 25.8007
  6.4873  2.1087  0.9791  1.7721 16.8080
  6.7216  2.2841  0.5396  0.2099 18.5436
  4.3506  2.7973  0.9920  0.6990 23.7577
  5.6070  3.7595  0.9883  1.0119 33.9443
  5.3670  3.2114  0.9980  1.4723 28.0839
  4.8840  3.6485  0.9857  1.2084 32.7464
  5.0328  4.4876  0.9876  1.1098 41.9194
  4.4466  2.3889  0.9702  0.9955 19.5934
  5.4150  2.1420  0.9741  1.0993 17.1355
  4.3699  1.5449  0.9726  0.2874 11.4295
  4.9781  2.0508  0.9817  1.4031 16.2405
  5.2658  1.9904  0.9877  1.4771 15.6521
  3.8880  3.2223  0.9767  1.7683 28.1995
  5.5953  2.5199  0.9938  2.1323 20.9167
  5.3835  2.2289  0.9969  1.5607 17.9944
  5.0854  2.8529  0.9842  0.8109 24.3323
  5.3804  2.9204  0.9726  1.2069 25.0338
  4.6107  2.3261  0.9889  1.6922 18.9632
  4.7782  4.3756  0.9686  1.6724 40.6807
  3.9051  3.4587  0.9745  2.3583 30.7106
  5.0420  3.2835  0.9850  1.0510 28.8465
  5.3060  2.3871  0.9853  2.4310 19.5756
  6.5136  4.1594  0.7437  2.4557 38.3002
  5.0633  4.2205  0.9745  1.9029 38.9713
  5.3122  1.8186  0.9925  2.6334 13.9979
  5.9737  3.2028  0.9807  1.1866 27.9938
  5.5150  3.8609  0.9962  1.3805 35.0429
  4.3305  3.3774  0.9980  0.5323 29.8448
  4.5225  4.1529  0.9971  0.6591 38.2286
  5.8633  4.2443  0.9715  0.8739 39.2334
  5.2284  3.6709  0.9786  0.5731 32.9879
  5.2728  4.3107  0.9980  0.7047 39.9640
  5.2921  3.2378  0.9723  2.0877 28.3634
  4.9299  1.4463  0.9901  0.8971 10.5274
  5.6723  3.5542  0.9874  0.9247 31.7336
  4.6798  3.2373  0.9946  2.0815 28.3576
  6.3181  1.8372  0.9697  1.3739 14.1751
  6.6137  2.1237  0.6525  1.2889 16.9552
  6.2778  3.7841  0.9950  2.2575 34.2101
  4.4908  3.2434  0.9895  2.4304 28.4227
  4.2632  1.1905  0.9865  0.4164  8.2554
  5.4162  1.8814  0.9722  0.8931 14.5984
  5.7544  3.1468  0.9896  1.1024 27.4029
  4.6574  3.9969  0.9894  1.9775 36.5225
  6.1211  4.4298  0.9763  0.7423 41.2793
  6.2501  4.1716  0.9863  3.0463 38.4337
  6.3518  2.6583  0.9980  0.0996 22.3271
  5.9818  1.4937  0.9813  0.9156 10.9590
  4.3989  2.7072  0.9868  1.2522 22.8288
  4.9791  2.7255  0.9959  1.1799 23.0176
  4.4218  3.3406  0.9872  1.7957 29.4531
  5.1082  2.8894  0.9980  2.3367 24.7107
  4.7410  2.6047  0.9945  1.5567 21.7797
  4.8507  2.1078  0.9976  1.7003 16.7984
  5.7316  2.8279  0.9691  2.0886 24.0738
  4.4035  1.1750  0.9870  2.1007  8.1209
  4.2125  3.9656  0.9760  1.8462 36.1814
  4.3024  1.8597  0.9841  0.6081 14.3903
  5.9551  3.8442  0.9862  1.2401 34.8613
  5.6129  4.2939  0.9788  1.2161 39.7793
  5.0136  2.2972  0.9760  1.6099 18.6746
  5.7029  2.6575  0.9796  1.3122 22.3191
  5.5142  3.1899  0.9859  1.6522 27.8572
  5.2885  3.8141  0.9716  0.7516 34.5349
  5.1945  2.4737  0.9811  0.7941 20.4479
  4.4614  4.2234  0.9944  0.4872 39.0033
  5.3965  4.4908  0.9975  2.5695 41.9546
  5.4275  2.9775  0.9921  3.0399 25.6287
  5.9706  2.9272  0.9766  0.4803 25.1045
  5.6623  1.7777  0.9946  1.7574 13.6084
  4.9896  4.2278  0.9686  1.7757 39.0514
  5.2507  4.0880  0.9811  1.0388 37.5178
  4.6925  3.6829  0.9778  1.7484 33.1167
  6.1586  3.6263  0.9980  2.0129 32.5081
  4.5131  2.0149  0.9881  1.5098 15.8899
  5.8405  2.8921  0.9741  2.7907 24.7391
  4.9262  4.3018  0.9754  1.5015 39.8663
  5.0531  3.8143  0.9980  1.4167 34.5370
  4.1383  1.9361  0.9905  1.8419 15.1258
  6.4883  3.7433  0.9540  1.0529 33.7693
  5.2117  2.7791  0.9836  0.1684 23.5693
  5.2311  2.5305  0.9853  1.1404 21.0236
  5.5756  4.3091  0.9910  0.4477 39.9466
  6.0411  4.4433  0.9820  1.2835 41.4292
  5.7633  3.1809  0.9711  2.0205 27.7623
  5.2918  1.2795  0.9760  2.1878  9.0332
  5.2470  2.1778  0.9941  0.8471 17.4889
  5.7318  1.4206  0.9921  2.3853 10.2938
  4.8771  3.5419  0.9873  1.0691 31.6015
  5.7886  1.8582  0.9778  2.0044 14.3758
  5.0087  2.4159  0.9669  2.1444 19.8650
  5.8396  1.3990  0.9803  1.3630 10.0992
  5.2503  3.2057  0.9893  1.6696 28.0244
  4.7499  1.9468  0.9945  2.7097 15.2295
  5.6423  3.8298  0.9756  2.3999 34.7056
  4.6700  0.2830  0.9736  1.3343  1.4410
  4.9646  3.7147  0.9673  2.5244 33.4601
  5.0910  2.8305  0.9777  2.6814 24.1001
  5.5642  4.4697  0.9686  1.7147 41.7212
  5.4552  3.2872  0.9713  0.6270 28.8864
  5.0089  2.7668  0.9682  1.3417 23.4420
  5.2797  3.5984  0.9845  1.0112 32.2077
  5.8656  2.2167  0.9905  2.6149 17.8739
  4.9523  4.3841  0.9795  0.6896 40.7739
  6.9678  2.6785  0.6825  1.2744 22.5347
  5.5610  2.9437  0.9890  0.9103 25.2762
  4.4382  1.4599  0.9698  2.4419 10.6506
  5.2988  4.0075  0.9812  0.6084 36.6386
  5.0651  4.1378  0.9760  1.2516 38.0632
  5.3328  2.9310  0.9691  0.5072 25.1436
  5.4185  3.2376  0.9832  0.7415 28.3608
  4.0854  1.9573  0.9699  0.9810 15.3305
  5.5179  2.1013  0.9814  0.6138 16.7348
  5.1672  2.2757  0.9778  2.5868 18.4600
  4.2133  1.4135  0.9799  0.9201 10.2305
  6.1601  3.3522  0.9954  0.6889 29.5764
  5.1953  3.3116  0.9776  1.8278 29.1445
  5.2106  3.3140  0.9928  1.9936 29.1708
  4.4408  3.0753  0.9980  2.2276 26.6513
  5.3520  2.7875  0.9808  2.1252 23.6565
  5.7859  3.2658  0.9708  1.6634 28.6591
  5.7921  2.4160  0.9763  1.1220 19.8663
  3.9742  4.1655  0.9921  0.3107 38.3672
  4.9136  4.3732  0.9792  0.8008 40.6539
  5.3660  2.3041  0.9675  1.4614 18.7435
  5.3680  4.3875  0.9980  1.2345 40.8118
  5.4145  4.3819  0.9859  0.8817 40.7497
  5.0144  1.7939  0.9896  0.8471 13.7621
  5.1657  4.1299  0.9771  2.4222 37.9774
  6.7825  1.8126  0.7177  0.6748 13.9402
  5.0003  4.0637  0.9956  2.3578 37.2518
  5.6983  4.3481  0.9852  0.7708 40.3761
  4.8572  2.5452  0.9698  2.8672 21.1738
  4.8846  3.4610  0.9815  1.2404 30.7352
  4.7783  2.3952  0.9837  1.3959 19.6567
  4.7332  4.2623  0.9779  0.9936 39.4315
  4.7094  2.7146  0.9823  2.2450 22.9051
  5.7732  2.0933  0.9753  1.0320 16.6568
  5.2228  1.8273  0.9752  2.0354 14.0803
  5.1312  2.4489  0.9741  0.5937 20.1980
  6.2327  0.9992  0.9846  0.5163  6.6321
  5.5231  2.0540  0.9976  0.7452 16.2714
  5.4752  2.9845  0.9963  1.8649 25.7016
  5.7112  2.4804  0.9741  0.6887 20.5160
  5.9575  2.7794  0.9963  0.7041 23.5722
  4.9598  4.0471  0.9731  1.1100 37.0711
  5.9978  2.2803  0.9748  0.5710 18.5056
  4.7937  3.3272  0.9980  2.1117 29.3107
  5.6931  4.1926  0.9925  2.8545 38.6645
  5.2574  3.6839  0.9972  0.3453 33.1276
  4.3242  2.4821  0.9695  0.3445 20.5328
  5.8887  4.2487  0.9844  0.4410 39.2816
  4.7518  3.8797  0.9754  0.9432 35.2468
  5.5212  3.9325  0.9814  1.1727 35.8216
  4.0227  1.3921  0.9917  2.8701 10.0368
  4.8541  1.8584  0.9773  0.7632 14.3780
  4.1230  1.2652  0.9686  1.9015  8.9073
  5.3966  3.1781  0.9851  1.6557 27.7330
  5.5528  3.2314  0.9908  0.8130 28.2956
  5.2182  4.2020  0.9859  0.6969 38.7683
  5.2813  3.1938  0.9826  1.1793 27.8987
  5.5601  2.8302  0.9848  0.7136 24.0974
  5.8559  2.6900  0.9723  1.3107 22.6524
  6.1859  3.2975  0.9965  2.2816 28.9954
  5.0387  1.8405  0.9786  0.6441 14.2070
  5.7456  1.5495  0.9932  2.3812 11.4715
  5.4644  1.7409  0.9914  0.1424 13.2593
  6.1324  3.0999  0.9890  1.9442 26.9100
  5.6262  2.9888  0.9695  0.9798 25.7458
  4.3146  2.4406  0.9949  1.1463 20.1138
  5.3003  4.2138  0.9781  2.9014 38.8972
  6.1409  2.9171  0.9766  2.2864 24.9988
  4.8157  2.5793  0.9955  2.0761 21.5199
  5.3745  3.0988  0.9781  0.7477 26.8983
  5.8192  2.6081  0.9893  2.8687 21.8145
  4.3456  2.9207  0.9814  0.8987 25.0366
  6.0593  3.5607  0.9797  1.3539 31.8029
  4.7143  2.8197  0.9785  1.2090 23.9891
  5.5343  4.2037  0.9790  1.3740 38.7863
  5.4788  2.1251  0.9711  0.9969 16.9693
  5.9982  3.0620  0.9691  1.7063 26.5125
  3.5076  1.2138  0.9720  1.2028  8.4572
  5.3707  2.4065  0.9936  2.2248 19.7700
  5.1337  3.8209  0.9700  0.3860 34.6092
  6.0557  2.9655  0.9951  2.2977 25.5035
  5.5356  3.7518  0.9747  0.3738 33.8613
  4.5225  1.7233  0.9930  0.2616 13.0934
  3.5898  1.8906  0.9928  2.8543 14.6871
  5.6533  4.3097  0.9825  0.8949 39.9529
  5.5681  2.8149  0.9957  1.9101 23.9392
  4.6752  2.7334  0.9880  1.1672 23.0986
  5.0219  3.5938  0.9883  0.7256 32.1587
  5.2105  4.2245  0.9667  0.9639 39.0157
  5.3061  2.9658  0.9843  1.6686 25.5064
  5.0596  2.4973  0.9708  1.2055 20.6868
  5.2216  2.7306  0.9974  2.9452 23.0694
  4.4110  2.9039  0.9815  0.6022 24.8613
  5.3067  2.7454  0.9829  1.2613 23.2215
  5.9457  2.5585  0.9765  0.3547 21.3090
  5.6009  3.8445  0.9961  1.1286 34.8646
  5.1748  3.2610  0.9980  0.5301 28.6082
  5.8406  4.4482  0.9851  2.1138 41.4826
  5.3983  3.0278  0.9725  0.1202 26.1535
  5.4742  3.3288  0.9980  1.1681 29.3274
  5.3108  3.8945  0.9860  1.9126 35.4079
  5.7345  3.1288  0.9868  1.1861 27.2131
  6.9544  2.6547  0.5647  2.2151 22.2906
  4.7390  2.1604  0.9743  0.9490 17.3162
  4.2991  2.6404  0.9864  1.0047 22.1443
  4.8780  4.2355  0.9874  1.8588 39.1362
  5.2797  4.2371  0.9903  1.2785 39.1533
  4.0883  2.5292  0.9907  0.8364 21.0110
  5.4808  4.1092  0.9872  0.9446 37.7504
  5.2383  3.4508  0.9668  2.3227 30.6270
  5.0269  3.6140  0.9745  1.3592 32.3749
  4.8490  3.6508  0.9756  1.2385 32.7709
  5.7858  2.8774  0.9881  1.8039 24.5864
  5.4087  4.2331  0.9745  1.9137 39.1101
  5.0320  2.2681  0.9815  0.8819 18.3844
  4.9268  2.0135  0.9783  1.5433 15.8764
  5.2753  3.4901  0.9838  2.7702 31.0469
  4.2056  2.9471  0.9772  1.6496 25.3112
  5.0097  2.7804  0.9679  1.6166 23.5830
  5.0172  3.4213  0.9911  2.1313 30.3118
  6.4309  4.1584  0.9877  2.4940 38.2899
  5.7711  3.5829  0.9980  1.2754 32.0411
  6.5563  1.6789  0.8691  2.0760 12.6755
  4.6443  3.8531  0.9692  1.8824 34.9578
  5.3499  2.8659  0.9906  1.6613 24.4676
  5.3970  3.6691  0.9777  1.5769 32.9682
  5.2820  3.2884  0.9758  0.5229 28.8992
  4.6957  2.7541  0.9726  0.7975 23.3115
  4.9270  1.7360  0.9920  1.1846 13.2128
  4.9616  1.6500  0.9967  1.1960 12.4047
  5.2849  4.3133  0.9674  1.4456 39.9933
  5.0904  4.1180  0.9963  0.5140 37.8468
  5.3167  3.6077  0.9833  0.2357 32.3076
  4.7200  2.5067  0.9701  1.5354 20.7829
  5.4592  3.0387  0.9904  0.7340 26.2681
  5.3694  3.6055  0.9771  0.9051 32.2836
  5.1718  1.2459  0.9760  1.8721  8.7377
  5.4482  3.5361  0.9819  1.4046 31.5392
  4.7971  2.3364  0.9774  1.1833 19.0666
  4.7936  3.8556  0.9813  1.9050 34.9859
  5.6643  1.6026  0.9722  0.9080 11.9628
  6.0004  2.3454  0.9765  2.7145 19.1566
  4.8591  3.0455  0.9862  1.7123 26.3392
  6.0773  2.9978  0.9903  2.1224 25.8407
  5.7473  1.7081  0.9924  0.7050 12.9495
  5.4340  3.2900  0.9692  0.3333 28.9153
  5.5859  3.6171  0.9795  1.3306 32.4083
  5.9601  2.9708  0.9670  0.3861 25.5583
  5.0327  3.6005  0.9909  1.7069 32.2306
  6.4015  3.4222  0.9974  1.3155 30.3218
  5.9762  3.7599  0.9980  1.8250 33.9488
  4.4789  2.7507  0.9715  1.0905 23.2769
  5.1242  2.3823  0.9886  2.1691 19.5266
  5.8899  3.0761  0.9703  0.3698 26.6603
  4.8936  2.4605  0.9764  0.4436 20.3150
  6.8275  2.4183  0.7395  1.3395 19.8889
  4.6108  2.8838  0.9765  1.4193 24.6532
  5.5166  3.2639  0.9714  1.9619 28.6394
  5.9286  3.6284  0.9980  1.7527 32.5299
  5.9472  1.9084  0.9676  2.6300 14.8582
  3.7574  1.0114  0.9870  0.7355  6.7332
  5.3501  2.2406  0.9969  2.4822 18.1104
  5.9765  4.1033  0.9795  0.1755 37.6854
  5.5203  2.8999  0.9797  1.2706 24.8202
  5.4287  2.3579  0.9758  0.3096 19.2816
  5.0413  4.4974  0.9703  2.8613 42.0275
  3.8448  1.5863  0.9749  1.3335 11.8117
  5.5627  3.3421  0.9685  2.6273 29.4692
  5.1719  4.4867  0.9703  0.5336 41.9088
  3.9272  1.0413  0.9827  2.1270  6.9829
  6.1036  3.0450  0.9783  1.1601 26.3344
  4.8712  3.5606  0.9805  1.6731 31.8020
  4.1278  1.6864  0.9933  0.4749 12.7461
  4.8608  2.8179  0.9814  1.8203 23.9700
  5.3248  2.5779  0.9962  1.5540 21.5065
  5.3588  4.1618  0.9928  1.3943 38.3273
  5.2510  1.9810  0.9855  2.7405 15.5608
  5.0570  1.7444  0.9837  0.8299 13.2926
  5.2619  3.5848  0.9980  1.2869 32.0616
  5.1669  1.8060  0.9713  0.9930 13.8775
  4.9059  3.9293  0.9671  1.7766 35.7861
  3.8188  0.5592  0.9922  1.7006  3.2350
  4.6446  4.2052  0.9969  1.1544 38.8035
  4.4828  3.1321  0.9750  1.4162 27.2487
  4.6708  4.4183  0.9948  0.9560 41.1519
  6.1416  2.6482  0.9704  1.1784 22.2243
  6.2774  2.9090  0.9980  2.3720 24.9151
  5.0003  3.8757  0.9958  0.3950 35.2036
  4.4773  1.6191  0.9730  0.6185 12.1162
  5.0118  1.8062  0.9855  2.6769 13.8791
  4.1937  4.0949  0.9803  1.3600 37.5942
  5.2068  3.5770  0.9724  1.4605 31.9783
  3.9782  1.9722  0.9708  1.1810 15.4752
  5.2873  1.9413  0.9859  0.5403 15.1755
  5.0447  3.1839  0.9890  1.6626 27.7942
  4.6433  4.1036  0.9889  0.6204 37.6884
  5.1370  4.4061  0.9672  0.7360 41.0167
  3.5049  4.3588  0.9944  2.1207 40.4945
  5.0025  4.0311  0.9919  1.5171 36.8963
  4.8039  2.1091  0.9864  1.2713 16.8116
  4.9427  3.8106  0.9787  0.6253 34.4979
  5.7003  3.6402  0.9786  1.2299 32.6568
  4.3922  0.8763  0.9692  0.3383  5.6308
  4.5784  4.2518  0.9952  0.6328 39.3150
  4.5133  3.5611  0.9711  2.3158 31.8075
  4.8414  4.1707  0.9843  2.5162 38.4246
  4.3624  2.3881  0.9747  2.3574 19.5852
  4.1716  3.8631  0.9826  0.6887 35.0666
  5.2992  4.3973  0.9779  2.8708 40.9202
  4.3039  4.0212  0.9735  0.5982 36.7877
  4.8295  2.5917  0.9766  2.5811 21.6466
  6.3469  1.7560  0.9959  1.2961 13.4027
  6.2231  3.6147  0.9926  1.0077 32.3830
  4.7785  3.7176  0.9877  2.4048 33.4915
  6.1916  4.0681  0.9750  2.4923 37.3008
  5.3029  3.4945  0.9881  3.0768 31.0941
  4.4809  3.9371  0.9971  2.0110 35.8707
  6.1564  3.7014  0.9971  0.6438 33.3170
  5.6496  3.4111  0.9812  1.7491 30.2027
  5.9347  3.6611  0.9852  2.6268 32.8823
  6.8847  2.8110  0.8559  1.7365 23.8983
  5.3442  3.6682  0.9720  0.9895 32.9584
  5.9459  4.0684  0.9978  1.1309 37.3036
  6.0248  3.8849  0.9719  0.9191 35.3035
  5.4327  2.4427  0.9924  1.3420 20.1351
  5.2261  0.4446  0.9880  0.9258  2.4524
  4.9250  2.3871  0.9889  1.7553 19.5749
  5.4452  1.4673  0.9940  2.3239 10.7180
  4.3376  3.6131  0.9868  0.7947 32.3657
  5.1767  3.1385  0.9749  1.9173 27.3157
  5.6790  4.0254  0.9758  0.5957 36.8335
  5.0275  3.9955  0.9679  1.3295 36.5081
  4.9305  2.9655  0.9957  1.9875 25.5030
  3.8030  3.3382  0.9793  2.2005 29.4276
  5.5945  3.8262  0.9914  1.3985 34.6664
  4.5563  3.2794  0.9855  2.9836 28.8031
  5.4788  3.6844  0.9980  0.6372 33.1331
  3.9900  0.8512  0.9820  2.4509  5.4305
  5.7015  4.1302  0.9855  0.5829 37.9803
  4.3721  3.1400  0.9690  0.6270 27.3318
  5.1026  1.4255  0.9894  1.6684 10.3382
  5.6532  4.0247  0.9946  1.7380 36.8260
  5.2701  2.5346  0.9922  0.7506 21.0655
  4.4032  1.6751  0.9790  1.4371 12.6396
  6.8747  1.7903  0.5248  1.0950 13.7275
  4.5683  2.6865  0.9705  1.9042 22.6166
  6.4564  2.4641  0.8827  1.2363 20.3516
  4.3264  4.0063  0.9857  2.3252 36.6249
  5.2971  3.9050  0.9794  0.8798 35.5220
  6.5156  1.0116  0.8803  0.5567  6.7351
  5.9399  2.4612  0.9695  2.4412 20.3218
  4.9076  2.1281  0.9766  2.4436 16.9988
  5.4820  2.4030  0.9846  1.6680 19.7352
  5.5267  3.5538  0.9980  0.4999 31.7292
  5.6845  3.4490  0.9871  0.8463 30.6077
  5.5666  3.0730  0.9972  2.0642 26.6271
  6.0949  2.5305  0.9974  1.3507 21.0239
  5.4871  3.0564  0.9840  1.5121 26.4531
  4.5460  3.6923  0.9895  1.6476 33.2191
  6.5069  1.7173  0.8132  1.6081 13.0369
  4.4641  1.9935  0.9968  0.5626 15.6821
  5.0974  4.2627  0.9870  1.3291 39.4358
  5.1649  3.7201  0.9944  2.6092 33.5187
  4.7673  4.4645  0.9964  1.5653 41.6639
  4.7908  4.2156  0.9732  1.2140 38.9175
  5.5788  3.7690  0.9811  1.0786 34.0472
  5.9668  2.0579  0.9977  1.7010 16.3101
  4.8940  3.1923  0.9886  1.1361 27.8822
  4.6661  2.9073  0.9715  0.8212 24.8967
  4.2288  3.2888  0.9977  2.5717 28.9036
  5.0364  2.9588  0.9926  2.2863 25.4329
  5.4121  3.7064  0.9973  0.8870 33.3708
  5.0960  4.4643  0.9680  2.2563 41.6608
  3.6774  3.7037  0.9677  0.3062 33.3413
  5.2682  3.0697  0.9855  2.3111 26.5928
  5.8091  3.4849  0.9798  2.3614 30.9910
  5.6951  3.0219  0.9846  1.1855 26.0921
  5.0751  2.8612  0.9795  0.7044 24.4188
  5.3054  2.7764  0.9717  2.0460 23.5418
  6.6262  3.2289  0.6643  0.8501 28.2686
  4.9095  2.9949  0.9731  1.7056 25.8095
  5.2246  3.1441  0.9966  0.4273 27.3741
  5.4540  2.6102  0.9810  2.0936 21.8357
  5.7082  1.6746  0.9883  0.5123 12.6353
  4.7197  2.1950  0.9941  0.8043 17.6587
  4.8130  3.8883  0.9763  2.4125 35.3404
  5.8085  4.1426  0.9760  1.3588 38.1163
  5.2030  3.0137  0.9942  1.3331 26.0068
  4.3423  1.5180  0.9836  2.1558 11.1819
  5.1049  1.1143  0.9771  1.0554  7.6002
  4.8529  3.3915  0.9716  0.7095 29.9941
  5.4128  3.2784  0.9932  2.6655 28.7931
  5.7535  1.4044  0.9806  1.0805 10.1478
  4.7576  3.8041  0.9919  0.6638 34.4266
  5.7048  3.3250  0.9688  1.8296 29.2874
  5.2504  4.2605  0.9954  2.5379 39.4110
  5.9945  2.7363  0.9781  2.2087 23.1287
  5.4558  3.1777  0.9712  1.1559 27.7283
  5.0285  1.5778  0.9869  1.3353 11.7326
  6.1918  4.0930  0.9957  2.0487 37.5727
  5.2798  4.0680  0.9849  1.8224 37.2993
  5.7747  3.1200  0.9688  1.4039 27.1210
  5.0621  2.4920  0.9738  0.9878 20.6338
  5.5576  3.1773  0.9758  0.5129 27.7239
  5.9916  2.7413  0.9965  1.6531 23.1796
  4.9528  3.2453  0.9962  0.8504 28.4424
  5.4956  3.0957  0.9707  0.6867 26.8655
  5.2199  2.2407  0.9778  0.6829 18.1122
  4.5347  3.6004  0.9912  1.2974 32.2292
  4.2361  3.0228  0.9698  2.3685 26.1021
  5.4091  3.4564  0.9902  2.6067 30.6868
  5.0955  3.5800  0.9861  2.3616 32.0097
  3.9570  2.6300  0.9789  2.1310 22.0375
  5.2505  4.4371  0.9860  1.3362 41.3598
  5.0463  1.4655  0.9738  0.7130 10.7017
  5.3791  4.0150  0.9765  2.0068 36.7202
  4.9107  1.9969  0.9980  2.5530 15.7150
  5.1805  3.0657  0.9722  1.5996 26.5514
  5.4484  2.9416  0.9905  1.9925 25.2543
  3.8605  2.6874  0.9967  0.4549 22.6254
  6.9678  2.6088  0.6285  0.7133 21.8217
  5.4247  1.3726  0.9925  1.0662  9.8617
  5.6291  2.5396  0.9965  0.7236 21.1165
  5.6386  4.1336  0.9848  1.4624 38.0178
  3.7603  2.3790  0.9689  1.9227 19.4938
  5.1058  3.3823  0.9770  1.2378 29.8966
  5.4322  3.7982  0.9672  0.2344 34.3634
  6.0831  2.8279  0.9947  0.6974 24.0732
  4.9452  3.3298  0.9725  2.7138 29.3381
  4.2856  2.6191  0.9914  0.7190 21.9264
  5.8338  4.2481  0.9794  0.9711 39.2743
  6.2447  3.0776  0.9950  0.9908 26.6757
  5.4789  1.1130  0.9870  0.8490  7.5891
  5.5559  2.3497  0.9892  2.3020 19.2000
  4.8804  2.8729  0.9805  0.8566 24.5403
  5.1132  4.3206  0.9733  1.6260 40.0729
  5.6735  1.2639  0.9980  1.5282  8.8959
  5.3788  2.5745  0.9980  1.4807 21.4714
  5.2399  1.7489  0.9841  0.1927 13.3348
  4.4211  2.7883  0.9905  1.9284 23.6643
  4.2281  3.3161  0.9723  0.4840 29.1925
  3.5977  1.5353  0.9955  0.3565 11.3404
  5.1426  3.3333  0.9916  0.4096 29.3757
  4.6758  4.4972  0.9835  0.7587 42.0253
  5.6960  4.2288  0.9682  1.9640 39.0625
  4.3966  2.6086  0.9841  2.0187 21.8194
  5.6990  4.1083  0.9970  0.4979 37.7402
  5.2618  2.9261  0.9859  1.5603 25.0932
  4.8562  3.1482  0.9974  0.0855 27.4176
  4.1066  2.4323  0.9926  2.1635 20.0297
  4.4748  2.8840  0.9794  0.8667 24.6547
  4.8819  3.6199  0.9784  1.0363 32.4384
  5.9075  3.6637  0.9839  0.5151 32.9108
  5.1553  3.4572  0.9898  1.7828 30.6947
  5.7891  3.6325  0.9966  2.2018 32.5741
  4.7412  2.6169  0.9932  0.6436 21.9038
  5.4594  3.5736  0.9699  2.0367 31.9409
  5.7779  3.2091  0.9708  1.6688 28.0596
  4.3188  2.0942  0.9980  0.5210 16.6648
  5.0388  3.7244  0.9831  2.8451 33.5647
  4.9407  2.4728  0.9893  2.0537 20.4397
  4.5502  1.3992  0.9878  2.7316 10.1010
  5.3853  3.7267  0.9688  1.1701 33.5899
  4.4081  1.8440  0.9902  1.3675 14.2401
  5.2544  3.3169  0.9902  1.1361 29.2014
  5.0418  3.3153  0.9920  1.5793 29.1846
  5.0300  1.4931  0.9811  1.3136 10.9537
  6.0364  3.4480  0.9877  0.9861 30.5967
  5.6442  2.4195  0.9899  1.9655 19.9014
  5.2631  3.2437  0.9869  2.6249 28.4259
  5.9478  1.8300  0.9745  2.3326 14.1063
  5.4923  2.8802  0.9700  1.9555 24.6162
  5.7947  4.0965  0.9767  1.1516 37.6113
  6.7461  3.1065  0.6412  2.6865 26.9788
  5.7229  3.1104  0.9888  2.7548 27.0198
  5.7673  3.2248  0.9838  1.0384 28.2259
  5.7124  4.0432  0.9717  0.3550 37.0284
  4.5670  3.1968  0.9780  1.9222 27.9302
  5.9456  3.4680  0.9875  2.1283 30.8102
  5.6004  3.5647  0.9740  1.8139 31.8458
  4.9548  3.6067  0.9795  2.2673 32.2971
  5.4606  2.3596  0.9960  1.5638 19.2993
  6.4456  2.8029  0.8234  0.3704 23.8152
  3.9405  2.3481  0.9796  2.3567 19.1840
  5.4898  3.7353  0.9903  2.4891 33.6831
  5.0625  3.6751  0.9726  0.5351 33.0328
  5.1065  2.6420  0.9745  2.0683 22.1602
  4.7568  2.0867  0.9975  0.6532 16.5912
  5.0348  2.4167  0.9841  0.7150 19.8727
  4.0787  3.2582  0.9980  0.5341 28.5793
  6.3519  1.5119  0.9587  1.6739 11.1256
  5.1230  4.1451  0.9980  0.5812 38.1436
  5.7534  3.4289  0.9689  0.4722 30.3927
  5.0500  2.5600  0.9756  0.2244 21.3240
  4.8847  2.1130  0.9769  2.1017 16.8497
  3.9700  3.4322  0.9859  1.6811 30.4281
  5.7321  3.3242  0.9712  0.5145 29.2787
  4.5534  2.5336  0.9764  0.8638 21.0557
  5.2645  3.2046  0.9822  1.2148 28.0127
  5.1445  1.8612  0.9754  0.9893 14.4045
  5.1219  3.6099  0.9772  0.2174 32.3316
  4.8149  3.1276  0.9930  2.4321 27.2006
  5.9226  3.2851  0.9933  0.2652 28.8643
  4.2906  2.1679  0.9806  2.0099 17.3908
  4.1515  2.9206  0.9905  2.6989 25.0356
  6.1640  3.3858  0.9825  2.4594 29.9339
  4.3670  0.8344  0.9980  1.2157  5.2981
  5.2664  2.1100  0.9884  0.9785 16.8199
  4.5557  1.7262  0.9846  1.0201 13.1204
  4.9472  4.3861  0.9869  1.0921 40.7965
  3.5384  2.9619  0.9839  0.3282 25.4656
  5.5603  2.5272  0.9734  0.2699 20.9905
  5.1660  3.0429  0.9849  1.0816 26.3120
  5.3741  3.6805  0.9825  1.2875 33.0912
  5.1374  3.6053  0.9695  1.1832 32.2822
  4.9733  1.8926  0.9744  0.8274 14.7066
  5.0400  3.9264  0.9674  1.4398 35.7544
  6.5643  4.3128  0.8443  1.2596 39.9876
  3.7714  1.7429  0.9727  1.1586 13.2786
  5.2524  3.2864  0.9859  2.8635 28.8773
  4.4331  2.9399  0.9670  0.2353 25.2366
  6.0985  1.5781  0.9880  1.4670 11.7359
  5.5050  1.9682  0.9980  1.4740 15.4361
  4.9009  3.2006  0.9845  0.4991 27.9698
  5.3630  3.4697  0.9980  0.4418 30.8283
  5.0434  3.0610  0.9880  1.7103 26.5018
  3.5541  1.2750  0.9703  2.3665  8.9942
  6.0791  1.1199  0.9974  0.7287  7.6473
  4.4850  4.3737  0.9904  0.8473 40.6596
  4.9242  4.0112  0.9974  1.8838 36.6787
  6.8345  1.7570  0.9980  2.0163 13.4121
  4.7240  3.5087  0.9815  1.0070 31.2456
  5.3139  3.2247  0.9765  0.2089 28.2242
  4.4520  2.5520  0.9870  2.3652 21.2427
  4.6991  1.9657  0.9747  2.8355 15.4116
  5.0841  2.0516  0.9905  0.2885 16.2485
  6.0364  2.9676  0.9956  1.1850 25.5249
  3.7136  2.0877  0.9782  2.4015 16.6013
  4.8575  3.1900  0.9838  0.6175 27.8587
  6.9939  3.8314  0.3187  0.1449 34.7224
  4.4306  3.0765  0.9828  0.1705 26.6637
  5.0606  3.0538  0.9808  2.3968 26.4258
  4.1057  1.4066  0.9968  1.4523 10.1674
  5.0750  3.0557  0.9848  1.5132 26.4457
  4.7881  3.0932  0.9744  1.5361 26.8390
  6.5585  3.1204  0.8106  1.6083 27.1248
  5.0035  3.4883  0.9754  0.7422 31.0270
  4.8360  4.2806  0.9980  0.6476 39.6330
  5.8466  2.8840  0.9804  1.0762 24.6549
  5.9242  2.5321  0.9799  2.6448 21.0405
  6.8502  3.8037  0.9398  2.4108 34.4228
  4.4586  2.3013  0.9829  2.5195 18.7158
  4.2977  4.1589  0.9732  1.8689 38.2950
  5.4017  3.0010  0.9742  2.1845 25.8734
  4.9765  2.5688  0.9848  1.0053 21.4139
  5.7134  4.1354  0.9905  1.2325 38.0372
  4.8521  1.8216  0.9735  1.0780 14.0257
  6.2807  4.0600  0.9893  1.5036 37.2118
  4.6887  1.8321  0.9698  2.0688 14.1262
  6.2462  3.8029  0.9979  1.7394 34.4141
  4.9891  3.3449  0.9790  1.0080 29.4989
  5.1369  2.9782  0.9762  1.2995 25.6355
  5.2261  3.0197  0.9742  1.6502 26.0689
  5.8125  1.5590  0.9873  1.6202 11.5588
  4.0374  0.4636  0.9818  1.1983  2.5783
  5.1221  2.7481  0.9980  1.2616 23.2500
  5.4358  3.2757  0.9793  0.5701 28.7646
  6.8388  1.6531  0.4697  0.0852 12.4340
  4.2410  2.0817  0.9875  0.3834 16.5429
  6.8998  2.7993  0.4872  2.4710 23.7781
  4.1700  3.9341  0.9765  2.0621 35.8387
  5.9427  0.3759  0.9900  0.8592  2.0079
  4.4380  3.2051  0.9924  1.2112 28.0181
  3.6555  1.6710  0.9976  2.6693 12.6010
  6.5809  3.3411  0.7366  0.8877 29.4577
  4.7415  3.4466  0.9734  0.4481 30.5822
  3.6695  0.8361  0.9969  2.5332  5.3111
  4.6954  1.7135  0.9687  1.9556 13.0006
  5.2584  3.4042  0.9726  0.5919 30.1294
  5.4975  3.7933  0.9739  2.8483 34.3097
  5.2890  3.9787  0.9692  1.8613 36.3239
  5.7484  3.3426  0.9885  0.9866 29.4742
  5.7179  3.0585  0.9808  1.4416 26.4753
  5.8491  3.6734  0.9949  1.9529 33.0148
  5.2203  2.3301  0.9689  2.2695 19.0031
  4.8859  0.1797  0.9967  0.2563  0.8616
  5.7422  3.8524  0.9885  0.5244 34.9505
  5.0805  2.8549  0.9970  1.9187 24.3534
  5.3984  4.2530  0.9799  0.3543 39.3291
  3.7787  0.8149  0.9783  2.4013  5.1441
  5.1283  2.8649  0.9928  1.1885 24.4574
  6.4178  3.1726  0.8906  0.2500 27.6744
  5.0024  2.0771  0.9733  1.9541 16.4974
  4.2963  0.7070  0.9975  2.4054  4.3145
  5.0597  4.0678  0.9804  1.3934 37.2966
  5.0716  3.8533  0.9741  1.0965 34.9600
  5.2510  1.7370  0.9758  0.5302 13.2224
  5.5934  2.9876  0.9948  1.7210 25.7341
  5.4619  3.5014  0.9818  2.6350 31.1674
  5.3061  2.3538  0.9980  2.3347 19.2406
  3.5997  3.6054  0.9799  1.3653 32.2830
  6.1364  3.9460  0.9667  2.1473 35.9686
  4.4751  2.1422  0.9909  1.2911 17.1374
  5.6225  3.2917  0.9872  2.6612 28.9334
  4.8950  4.4650  0.9831  0.3047 41.6686
  5.0448  1.6269  0.9800  1.8694 12.1889
  3.9736  3.0012  0.9783  1.5326 25.8758
  6.0750  4.1586  0.9667  0.2766 38.2921
  5.4806  3.5381  0.9803  1.2730 31.5606
  5.5657  3.2145  0.9951  0.6086 28.1168
  4.6326  2.7643  0.9896  1.9075 23.4171
  5.1504  3.3992  0.9773  1.7164 30.0762
  6.0408  0.8009  0.9677  2.6242  5.0347
  4.9580  3.7114  0.9741  0.4140 33.4243
  6.4593  4.1663  0.9454  2.2828 38.3764
  5.2393  4.3283  0.9924  1.4319 40.1581
  4.3941  2.2317  0.9736  0.9260 18.0229
  5.1837  2.8352  0.9849  1.6465 24.1494
  3.9804  2.1214  0.9972  0.4892 16.9329
  5.7203  3.9237  0.9732  2.1454 35.7251
  5.3557  2.3738  0.9679  0.8480 19.4418
  5.4482  3.8083  0.9824  1.8447 34.4726
  5.4349  1.9545  0.9690  2.2359 15.3038
  4.5801  3.6801  0.9752  1.7373 33.0871
  5.2905  3.3196  0.9885  2.4327 29.2296
  6.7122  3.6154  0.9830  1.8662 32.3900
  4.5717  1.9198  0.9725  0.9505 14.9683
  6.3583  1.0952  0.9932  0.4207  7.4375
  4.5202  2.0457  0.9751  1.7401 16.1904
  4.5314  2.1200  0.9725  1.3667 16.9188
  5.9810  3.9423  0.9963  2.2734 35.9274
  5.0269  1.9123  0.9915  0.9015 14.8964
  5.4542  3.6994  0.9869  2.7546 33.2955
  4.9227  2.8440  0.9980  0.6739 24.2403
  4.8288  2.4788  0.9935  1.5908 20.5003
  6.8793  2.4586  0.4926  1.0698 20.2954
  4.8262  2.1778  0.9848  2.8436 17.4882
  4.2667  1.3567  0.9914  1.2943  9.7191
  3.5671  1.3796  0.9762  0.9340  9.9248
  5.7094  3.6599  0.9886  0.8834 32.8696
  6.1348  2.6312  0.9741  0.3212 22.0496
  5.2316  4.0150  0.9914  1.9807 36.7201
  5.4267  2.8436  0.9781  1.5449 24.2364
  4.7705  3.4169  0.9905  0.4575 30.2651
  5.9567  2.5419  0.9705  2.5906 21.1394
  4.6271  1.6065  0.9929  2.1508 11.9991
  4.7918  2.6182  0.9772  2.0785 21.9175
  4.2928  3.1284  0.9806  2.3914 27.2095
  5.5637  2.9003  0.9798  2.0253 24.8239
  3.8848  3.0752  0.9852  1.2295 26.6504
  4.8412  3.7888  0.9768  0.4074 34.2617
  5.8806  3.5613  0.9858  1.9011 31.8096
  5.5259  2.1676  0.9883  0.1129 17.3874
  3.7146  2.8307  0.9923  1.2254 24.1026
  4.8837  4.4181  0.9711  0.2648 41.1501
  5.8105  1.1288  0.9920  0.7694  7.7240
  6.7400  3.2501  0.7584  2.0727 28.4934
  5.7477  2.9277  0.9796  0.3267 25.1089
  6.8776  3.4367  0.5059  2.2029 30.4762
  4.7680  2.4767  0.9909  0.9410 20.4786
  5.4779  4.3970  0.9980  1.5038 40.9167
  3.6295  1.9900  0.9980  2.2322 15.6476
  5.5251  2.6367  0.9733  1.1197 22.1068
  4.2789  2.0547  0.9718  0.8921 16.2788
  5.3448  2.3314  0.9834  1.7200 19.0161
  5.4330  2.7570  0.9943  1.5664 23.3415
  5.0136  3.8819  0.9980  2.4677 35.2709
  4.8276  2.8763  0.9772  1.2627 24.5753
  4.8353  4.2901  0.9772  2.8763 39.7375
  5.0148  2.9867  0.9695  0.6078 25.7239
  5.9685  3.3273  0.9826  1.8256 29.3112
  5.2697  2.3960  0.9680  1.3367 19.6650
  5.0271  3.5977  0.9766  2.3904 32.2007
  5.8389  2.4264  0.9774  1.7067 19.9709
  3.6402  2.3801  0.9809  0.9286 19.5052
  5.0015  3.5695  0.9797  1.2860 31.8969
  3.5863  3.6824  0.9909  0.3967 33.1113
  4.6929  4.1637  0.9980  2.3556 38.3475
  4.9468  3.9255  0.9869  1.8965 35.7449
  4.7740  3.0997  0.9970  3.0144 26.9080
  5.1548  3.2336  0.9746  1.2175 28.3187
  4.8938  3.8264  0.9968  0.3800 34.6691
  4.7074  4.0910  0.9791  2.2971 37.5512
  4.5601  3.5819  0.9959  0.5639 32.0308
  5.4992  3.7780  0.9871  0.9058 34.1446
  5.9807  3.4609  0.9791  1.9127 30.7344
  6.1947  3.3220  0.9705  1.2410 29.2556
  6.0245  3.0816  0.9980  0.8912 26.7176
  3.8609  3.0333  0.9883  0.4325 26.2119
  4.9044  2.8852  0.9903  1.4254 24.6680
  5.3462  4.1329  0.9692  1.8987 38.0098
  6.4711  2.0628  0.9790  2.5649 16.3572
  4.7287  3.3175  0.9928  2.1649 29.2080
  5.6206  3.5903  0.9762  0.8915 32.1203
  5.3480  2.4598  0.9954  2.3216 20.3081
  5.3825  3.4738  0.9939  1.1211 30.8720
  6.3299  0.9321  0.9811  0.3952  6.0809
  5.0955  4.0323  0.9739  0.4818 36.9087
  4.8673  1.5729  0.9727  2.4184 11.6877
  5.5045  2.6152  0.9883  2.5555 21.8864
  5.4237  4.4025  0.9690  1.7857 40.9776
  5.4315  4.1048  0.9953  1.1043 37.7020
  5.5777  2.6116  0.9696  0.8401 21.8499
  4.7971  2.8867  0.9851  0.9200 24.6829
  6.6448  2.1399  0.8906  1.1069 17.1145
  5.5668  2.3712  0.9843  2.4272 19.4158
  5.0424  4.1771  0.9773  1.9731 38.4947
  4.4377  4.4459  0.9880  1.1501 41.4575
  5.1977  2.3451  0.9749  0.7212 19.1537
  3.7358  1.1904  0.9728  2.1063  8.2544
  5.3222  3.9582  0.9816  0.9788 36.1007
  5.5232  3.0623  0.9980  0.7796 26.5154
  4.0314  3.4705  0.9980  1.9619 30.8367
  5.1676  3.9131  0.9870  0.3920 35.6102
  5.5300  2.4818  0.9681  2.0632 20.5305
  5.4168  3.4041  0.9725  1.7004 30.1284
  6.5922  3.5473  0.7701  2.2107 31.6594
  5.9045  2.5674  0.9927  2.5851 21.3989
  4.4736  3.9358  0.9678  0.4361 35.8575
  5.5803  4.4676  0.9894  1.2674 41.6980
  5.4583  2.8103  0.9804  0.5905 23.8919
  5.2887  3.0563  0.9902  0.3369 26.4526
  5.4258  2.5462  0.9685  2.1816 21.1836
  5.0080  2.6801  0.9826  1.2679 22.5508
  5.8639  4.3999  0.9713  0.4186 40.9483
  5.3546  3.1182  0.9913  1.0869 27.1017
  6.0774  1.4684  0.9692  1.3629 10.7279
  5.2646  2.7719  0.9872  0.8884 23.4951
  3.9104  2.4523  0.9869  1.6811 20.2319
  4.9253  4.1034  0.9893  2.0109 37.6869
  4.1954  2.7766  0.9803  0.3000 23.5438
  4.4900  2.7782  0.9775  1.0502 23.5596
  5.2383  1.9228  0.9786  0.5661 14.9977
  3.9577  2.3046  0.9848  2.2138 18.7484
  4.6513  4.2399  0.9720  1.0364 39.1846
  5.9815  2.8086  0.9980  0.3479 23.8740
  5.9642  1.1751  0.9980  0.8872  8.1217
