  6.5874  4.2664  0.7792  2.1300 39.4761
  5.4797  1.9396  0.9765  1.3237 15.1596
  5.5905  3.3450  0.9865  0.5021 29.4998
  4.2551  4.0002  0.9919  0.7219 36.5592
  5.5999  2.0120  0.9980  2.2176 15.8614
  4.6281  2.8914  0.9911  2.1216 24.7321
  6.2694  2.3235  0.9684  1.4931 18.9375
  5.5227  4.2814  0.9980  1.7009 39.6413
  6.0271  3.7857  0.9778  2.1372 34.2273
  6.4025  2.7075  0.9363  0.4458 22.8324
  5.2734  3.2703  0.9797  0.7278 28.7075
  5.5789  2.7010  0.9980  0.8432 22.7653
  5.2796  3.9208  0.9779  1.7851 35.6938
  5.4447  3.5675  0.9695  0.6327 31.8762
  5.7528  1.8720  0.9780  2.4768 14.5087
  5.0260  4.1679  0.9871  1.5300 38.3938
  4.2071  0.8529  0.9854  1.4561  5.4439
  4.7912  4.2088  0.9792  0.4861 38.8428
  4.8839  1.5019  0.9786  1.7158 11.0343
  5.8114  1.8488  0.9980  2.4600 14.2858
  5.4175  2.6424  0.9762  1.3799 22.1644
  5.6048  2.3713  0.9845  0.2659 19.4161
  4.6333  2.9591  0.9784  1.7883 25.4362
  5.3304  2.7932  0.9777  1.9814 23.7150
  5.4010  3.8205  0.9838  1.3700 34.6042
  5.1323  2.4953  0.9980  1.7934 20.6665
  4.0315  1.6444  0.9967  1.1811 12.3528
  5.0398  4.3916  0.9872  0.8750 40.8573
  5.3109  3.8139  0.9933  1.1162 34.5334
  5.2069  2.4991  0.9773  2.3767 20.7058
  6.2147  2.3341  0.9873  0.7435 19.0437
  5.6132  3.3234  0.9919  0.5873 29.2698
  5.0919  2.3237  0.9854  1.0578 18.9392
  5.1071  4.2710  0.9674  1.9643 39.5264
  5.1680  2.6748  0.9824  0.2042 22.4963
  5.0992  4.1361  0.9714  1.8150 38.0450
  5.4331  4.2249  0.9819  1.5723 39.0199
  4.7853  4.0864  0.9690  0.9692 37.5001
  4.9659  2.2594  0.9817  1.0116 18.2980
  5.3129  3.7033  0.9782  2.3332 33.3373
  4.9050  2.1412  0.9883  0.5917 17.1276
  4.0932  0.9105  0.9846  1.5641  5.9056
  5.2219  2.4893  0.9759  1.4435 20.6060
  4.8978  2.2362  0.9938  1.4606 18.0670
  5.4159  2.8457  0.9672  1.9857 24.2576
  6.0161  3.1492  0.9865  0.3393 27.4283
  5.7914  2.8838  0.9708  1.7070 24.6527
  3.6696  0.7558  0.9881  2.1734  4.6856
  5.1512  3.5797  0.9932  2.4391 32.0066
  6.0935  1.5120  0.9871  1.9383 11.1265
  4.9548  3.2059  0.9684  1.4249 28.0266
  5.7308  3.3990  0.9970  0.7495 30.0742
  5.4366  4.0277  0.9829  0.2593 36.8594
  4.0863  0.7396  0.9855  0.6042  4.5615
  4.4821  3.4431  0.9925  2.7561 30.5447
  5.4766  2.4676  0.9892  1.7163 20.3869
  5.1098  2.7941  0.9746  2.3816 23.7238
  5.4958  3.6674  0.9680  0.2680 32.9501
  4.6053  3.2462  0.9850  1.3136 28.4516
  4.2296  2.1630  0.9734  2.1881 17.3425
  6.0209  3.6798  0.9806  0.2021 33.0833
  5.2018  4.1356  0.9875  1.2646 38.0390
  6.4468  1.1064  0.9772  1.0066  7.5324
  3.9815  3.2585  0.9947  1.3923 28.5821
  3.8156  1.7591  0.9923  1.7421 13.4318
  5.2838  2.6394  0.9706  1.3395 22.1341
  6.0177  1.6295  0.9722  0.8068 12.2129
  4.5723  4.3864  0.9753  1.4310 40.8000
  4.9248  2.4234  0.9707  1.1778 19.9407
  5.0002  4.0662  0.9980  0.1357 37.2798
  5.8035  3.0988  0.9843  1.7136 26.8987
  4.8352  3.2886  0.9769  1.0751 28.9010
  3.7339  1.0788  0.9775  0.8671  7.2987
  4.5815  2.0867  0.9669  1.9478 16.5914
  4.7071  3.5533  0.9772  1.0024 31.7233
  5.9102  2.9331  0.9710  0.7807 25.1656
  4.5202  2.2016  0.9852  0.7152 17.7237
  5.2476  2.9512  0.9799  0.8574 25.3545
  5.0427  2.8807  0.9863  1.6868 24.6209
  4.8276  2.9232  0.9929  1.6710 25.0622
  6.1163  3.4970  0.9977  1.3510 31.1202
  5.1475  2.8740  0.9735  2.3026 24.5511
  5.9430  2.8816  0.9668  0.1972 24.6302
  4.6446  4.4888  0.9879  0.1430 41.9329
  4.7777  2.6900  0.9885  0.2893 22.6525
  5.6441  1.9035  0.9885  2.2322 14.8114
  5.0359  2.5362  0.9741  1.5711 21.0823
  5.3904  3.0224  0.9727  2.0985 26.0973
  5.7049  2.4483  0.9842  1.0648 20.1920
  5.1022  2.0637  0.9858  1.1562 16.3668
  6.9418  3.8101  0.5301  0.4149 34.4921
  5.2508  2.9491  0.9768  0.6170 25.3318
  6.8488  3.7173  0.4882  1.4991 33.4882
  5.0470  4.3880  0.9797  1.0824 40.8176
  5.8369  2.1861  0.9785  0.9267 17.5706
  5.1373  1.6421  0.9804  2.4551 12.3310
  4.9341  2.0674  0.9675  0.6827 16.4028
  5.5323  3.4151  0.9980  1.5714 30.2460
  5.2771  3.7632  0.9678  1.1526 33.9839
  4.9416  2.8051  0.9727  0.9257 23.8382
  5.6742  2.5484  0.9814  2.2805 21.2058
  5.6643  4.1815  0.9918  1.3285 38.5432
  5.5320  1.3278  0.9783  1.2749  9.4618
  4.7201  2.7493  0.9722  0.7021 23.2621
  5.8864  2.6535  0.9768  2.2508 22.2778
  6.3153  2.5777  0.9885  2.0270 21.5039
  5.0281  4.4183  0.9727  2.1207 41.1522
  5.0144  2.5694  0.9736  1.0444 21.4198
  5.8874  1.8388  0.9904  1.0417 14.1902
  5.2856  3.6183  0.9968  1.3845 32.4218
  5.0802  4.0729  0.9726  1.2518 37.3527
  4.5512  4.4272  0.9845  1.6696 41.2502
  6.1622  1.9686  0.9934  1.0146 15.4404
  5.0835  2.3340  0.9799  1.1757 19.0425
  4.7669  1.1859  0.9768  1.1865  8.2153
  4.4761  1.0683  0.9686  2.5684  7.2099
  5.1713  3.0736  0.9668  0.6076 26.6334
  4.3829  3.0432  0.9837  2.3993 26.3154
  4.1410  1.0873  0.9864  2.6279  7.3701
  5.6556  1.2683  0.9858  0.0275  8.9348
  5.0850  4.3495  0.9866  2.5777 40.3923
  6.7863  2.4830  0.6280  0.4467 20.5427
  4.5223  1.5826  0.9793  0.7687 11.7773
  5.7522  2.5892  0.9858  1.4212 21.6214
  3.9339  2.7109  0.9971  2.2616 22.8670
  3.9637  1.6994  0.9922  0.8264 12.8684
  5.7580  3.5537  0.9980  1.7122 31.7279
  4.6624  2.7375  0.9967  0.7839 23.1411
  4.7549  1.9282  0.9791  1.2525 15.0491
  6.1342  4.4749  0.9820  0.5608 41.7790
  4.7044  2.9807  0.9792  0.6470 25.6620
  5.9567  3.3781  0.9980  2.6296 29.8517
  3.8377  1.8783  0.9816  1.0733 14.5686
  6.6766  2.9100  0.6349  0.8557 24.9256
  5.4937  3.6205  0.9835  1.0286 32.4456
  5.0299  3.4666  0.9768  2.3784 30.7953
  5.2427  4.3667  0.9820  2.0945 40.5818
  5.5044  3.5367  0.9980  2.5828 31.5452
  3.9183  1.8111  0.9946  1.0066 13.9256
  6.1480  2.9315  0.9952  0.4399 25.1491
  5.5829  1.7514  0.9890  1.1668 13.3589
  5.0587  3.5484  0.9869  0.9420 31.6706
  5.3979  2.0949  0.9774  1.3907 16.6721
  5.1214  2.6052  0.9699  1.2580 21.7850
  5.6344  4.2048  0.9947  1.7261 38.7986
  5.6787  3.2422  0.9918  1.8273 28.4100
  6.2053  2.3385  0.9940  1.8315 19.0872
  4.9601  4.2660  0.9698  0.7079 39.4717
  4.7692  1.2689  0.9746  0.6353  8.9405
  4.2445  0.8060  0.9693  1.1860  5.0749
  4.3922  3.2771  0.9784  2.1857 28.7797
  4.9147  2.4018  0.9740  1.2787 19.7230
  5.0075  1.6231  0.9940  0.7423 12.1537
  5.6643  2.2581  0.9667  0.7202 18.2851
  4.7801  3.8002  0.9683  1.2144 34.3851
  6.1616  2.9195  0.9950  1.6663 25.0243
  4.7776  1.4470  0.9980  1.0492 10.5336
  4.8493  2.1504  0.9705  1.1551 17.2184
  5.8415  2.5967  0.9802  1.0431 21.6982
  5.8041  2.5514  0.9898  1.2732 21.2362
  4.7163  4.1407  0.9848  1.7660 38.0956
  5.4485  2.5348  0.9812  0.8300 21.0676
  6.2491  2.4106  0.9744  0.1397 19.8116
  3.7117  2.6084  0.9781  1.2531 21.8170
  5.2665  1.9667  0.9797  1.7891 15.4216
  5.4869  3.6769  0.9980  1.7449 33.0523
  5.1354  1.2898  0.9687  0.5471  9.1248
  6.6531  2.8856  0.8883  2.9033 24.6721
  5.1726  3.0696  0.9895  1.9243 26.5922
  6.4335  1.1723  0.9738  0.4237  8.0981
  5.2045  1.9952  0.9938  0.2741 15.6981
  5.9357  2.4872  0.9864  1.7466 20.5852
  5.6401  3.4487  0.9966  2.4338 30.6039
  4.7573  2.4244  0.9741  1.9925 19.9507
  5.4664  3.9767  0.9904  0.4785 36.3023
  5.4690  2.9180  0.9797  1.5495 25.0087
  5.5353  3.4515  0.9901  0.0366 30.6347
  4.1277  3.1576  0.9772  1.4255 27.5163
  6.4001  2.6031  0.9441  1.6298 21.7628
  6.3072  1.8079  0.9726  1.2889 13.8953
  5.3022  2.6191  0.9729  1.3768 21.9263
  4.4599  1.1574  0.9776  1.3668  7.9689
  4.7974  3.7454  0.9878  1.3188 33.7917
  5.6291  2.7758  0.9811  1.3316 23.5355
  5.1697  3.9993  0.9821  0.5419 36.5491
  5.6693  3.4685  0.9923  2.1173 30.8162
  5.7885  4.0907  0.9959  1.8564 37.5478
  3.8877  4.4190  0.9681  1.3302 41.1597
  5.2444  3.0784  0.9918  0.6004 26.6840
  4.2272  0.4345  0.9720  1.1446  2.3856
  5.4661  2.1833  0.9903  1.0359 17.5430
  5.2263  3.2066  0.9818  2.0968 28.0331
  6.0321  2.0053  0.9764  1.2579 15.7968
  5.0819  3.5136  0.9882  2.4371 31.2982
  4.5636  2.5406  0.9809  1.5381 21.1267
  4.4346  3.9191  0.9712  1.8947 35.6750
  4.4797  1.0101  0.9778  1.9428  6.7225
  5.2291  3.9792  0.9712  2.2644 36.3301
  4.2968  2.8691  0.9944  2.3579 24.5003
  4.8851  3.1675  0.9835  0.6548 27.6212
  5.4225  2.4855  0.9679  1.5221 20.5680
  5.1699  2.2809  0.9668  0.2589 18.5123
  4.8193  3.7343  0.9869  1.5089 33.6714
  5.8448  0.5549  0.9739  0.4774  3.2049
  4.7141  1.3408  0.9706  1.3939  9.5778
  3.8780  1.3371  0.9899  0.3489  9.5447
  3.8903  2.3996  0.9896  0.8164 19.7009
  5.6895  4.1796  0.9815  1.5693 38.5225
  4.3954  3.6625  0.9815  1.5121 32.8974
  5.5063  2.9651  0.9928  0.8729 25.4994
  5.1472  3.5623  0.9914  1.8397 31.8201
  5.3136  2.1322  0.9822  1.9691 17.0383
  5.4873  2.2625  0.9800  1.6536 18.3282
  5.7369  2.9071  0.9866  2.3721 24.8948
  4.7054  3.2330  0.9825  1.0814 28.3126
  6.7814  3.4633  0.5800  0.5996 30.7606
  6.3796  0.6587  0.9821  1.4128  3.9537
  4.9089  2.6972  0.9748  1.8586 22.7261
  4.4204  0.9849  0.9679  2.8247  6.5136
  4.5596  3.3229  0.9980  1.9762 29.2648
  4.2555  0.4957  0.9791  1.2268  2.7950
  6.3741  1.5195  0.9860  0.6841 11.1952
  5.1568  1.9094  0.9673  0.8813 14.8678
  5.8652  1.1936  0.9945  1.6631  8.2819
  6.0171  1.5992  0.9838  0.8156 11.9310
  6.3879  1.4640  0.9949  1.8017 10.6879
  5.6917  2.2731  0.9871  1.2518 18.4341
  5.0840  3.3404  0.9914  1.1727 29.4505
  5.3551  2.6411  0.9839  0.3542 22.1512
  5.3300  3.7920  0.9743  1.8539 34.2960
  4.6851  3.0405  0.9896  1.0274 26.2874
  5.2689  3.8597  0.9974  0.5175 35.0295
  5.6196  3.1995  0.9790  1.4601 27.9585
  5.6260  2.7417  0.9896  2.1096 23.1844
  4.5125  3.9807  0.9895  1.5596 36.3457
  5.0289  3.2005  0.9799  1.9194 27.9689
  6.0018  0.7710  0.9775  1.1380  4.8029
  5.8773  1.6329  0.9962  0.4428 12.2454
  5.3619  4.2434  0.9891  1.9216 39.2231
  4.5109  2.2303  0.9959  0.7887 18.0088
  5.2120  3.6937  0.9891  1.0475 33.2332
  5.8919  4.4641  0.9716  0.4731 41.6587
  4.9541  2.2820  0.9920  0.9940 18.5224
  5.1859  1.6529  0.9953  2.9363 12.4318
  4.8817  2.8442  0.9942  1.0820 24.2425
  5.1083  2.7798  0.9937  2.0378 23.5768
  5.5612  3.7894  0.9730  1.8181 34.2676
  4.4802  1.0956  0.9800  0.4854  7.4406
  4.0669  0.5686  0.9872  0.4265  3.3016
  5.2129  3.3345  0.9980  2.6573 29.3877
  5.4982  3.4764  0.9979  1.9137 30.9001
  5.9443  4.0288  0.9778  0.3680 36.8710
  5.8779  3.0440  0.9899  0.3336 26.3231
  6.1709  3.4551  0.9887  1.4253 30.6723
  6.4070  2.2943  0.9792  0.0970 18.6458
  5.2111  2.9854  0.9702  0.3977 25.7110
  5.3320  2.9510  0.9701  2.1068 25.3520
  5.0033  4.1259  0.9890  0.1095 37.9330
  5.4334  3.8593  0.9778  0.9093 35.0255
  4.7511  1.3988  0.9722  1.6026 10.0971
  6.0787  2.7491  0.9924  0.3103 23.2599
  5.6408  2.1067  0.9693  2.4973 16.7881
  3.8295  4.2135  0.9807  1.4341 38.8944
  4.9630  3.2222  0.9933  1.6616 28.1987
  4.5231  3.9728  0.9805  2.4407 36.2599
  4.6020  1.9616  0.9915  1.1635 15.3723
  5.2185  4.1361  0.9850  1.2255 38.0450
  3.9432  1.8056  0.9898  2.2531 13.8737
  6.6572  2.0279  0.6436  2.4608 16.0172
  5.5719  1.8362  0.9977  0.9547 14.1660
  5.3530  2.1673  0.9967  2.1621 17.3851
  5.7769  3.1540  0.9711  1.1575 27.4783
  4.7434  2.6761  0.9804  0.7236 22.5099
  5.9235  3.7904  0.9811  1.6866 34.2785
  6.3427  2.3565  0.9747  1.1776 19.2674
  5.8244  3.7635  0.9950  2.4797 33.9878
  4.8988  1.9798  0.9679  0.8849 15.5488
  5.7088  2.6986  0.9901  2.1404 22.7409
  5.2001  3.6808  0.9961  2.7246 33.0950
  6.5315  2.7739  0.8300  0.4143 23.5157
  4.3526  2.3794  0.9669  2.2208 19.4976
  4.4888  2.6966  0.9967  2.6790 22.7200
  5.6796  2.3498  0.9744  1.9691 19.2007
  5.5331  2.1044  0.9823  0.8312 16.7652
  4.9280  2.8515  0.9921  2.8357 24.3175
  5.1845  3.8893  0.9948  1.6587 35.3510
  4.6192  3.6358  0.9715  1.5676 32.6101
  3.9502  0.3613  0.9811  0.4629  1.9164
  5.7105  4.3038  0.9683  1.1627 39.8881
  6.1793  2.2632  0.9871  0.7390 18.3358
  4.7688  3.6589  0.9956  2.7098 32.8584
  3.9817  3.1866  0.9856  2.1593 27.8228
  5.1942  4.2983  0.9834  1.5629 39.8278
  4.0194  3.5357  0.9709  0.4496 31.5351
  4.1193  0.8583  0.9980  0.7231  5.4870
  6.2919  1.7215  0.9755  0.8724 13.0763
  6.5940  2.5281  0.7414  1.3621 21.0001
  5.2337  4.1199  0.9980  0.2392 37.8678
  3.5802  2.5756  0.9976  1.4532 21.4828
  5.9999  3.0218  0.9790  0.4177 26.0914
  5.5858  3.1784  0.9814  0.8338 27.7365
  5.0056  3.4100  0.9882  1.3128 30.1910
  6.9600  1.9088  0.3049  2.1994 14.8623
  4.9257  2.6875  0.9796  0.4026 22.6269
  5.4629  4.3979  0.9764  0.8896 40.9262
  5.6098  3.3288  0.9976  1.6705 29.3278
  5.0590  2.8123  0.9918  0.9406 23.9121
  6.3486  1.9095  0.9724  0.5733 14.8688
  4.8370  1.4395  0.9778  0.8260 10.4653
  5.0271  2.5556  0.9975  1.8085 21.2790
  5.6932  3.8822  0.9980  1.6801 35.2744
  5.2496  2.9827  0.9760  1.3834 25.6827
  5.7780  3.5093  0.9929  1.0675 31.2523
  4.9145  3.3583  0.9710  2.7314 29.6411
  6.1751  2.6519  0.9723  0.2787 22.2615
  6.3501  1.3935  0.9750  1.6929 10.0500
  6.8246  1.1082  0.5055  1.7395  7.5476
  4.9850  3.3489  0.9835  1.4231 29.5413
  5.2475  2.2288  0.9945  1.9776 17.9934
  5.8061  2.8769  0.9772  2.1925 24.5815
  5.1175  1.8022  0.9711  2.5640 13.8411
  6.0288  3.8136  0.9904  1.2769 34.5296
  4.7281  4.4070  0.9840  0.5871 41.0268
  5.0842  2.5225  0.9756  2.1768 20.9432
  5.1411  1.9567  0.9797  1.9191 15.3254
  4.8904  2.8058  0.9786  1.0814 23.8454
  5.3656  2.5971  0.9766  1.9953 21.7016
  3.9582  3.3809  0.9867  1.3290 29.8818
  5.5133  2.8196  0.9879  0.9979 23.9883
  5.1750  1.1371  0.9839  2.8040  7.7947
  3.8228  1.3232  0.9868  0.7384  9.4203
  6.3501  3.9948  0.9975  2.6488 36.4997
  5.1181  1.4950  0.9980  0.1846 10.9705
  5.5796  1.5773  0.9963  0.7768 11.7285
  5.2060  2.8383  0.9931  1.5981 24.1816
  4.7204  2.5537  0.9724  0.9323 21.2599
  4.6454  2.1012  0.9766  0.8539 16.7338
  5.1700  3.6612  0.9908  1.9196 32.8833
  4.7002  1.9453  0.9884  1.0706 15.2149
  5.6923  2.8070  0.9867  1.7152 23.8570
  5.4764  3.1134  0.9707  0.7924 27.0518
  5.2264  4.3350  0.9709  2.3785 40.2325
  6.3842  4.0538  0.9932  2.1922 37.1439
  6.3391  3.3093  0.9865  0.9453 29.1203
  5.6384  3.0089  0.9980  1.4072 25.9560
  5.7387  2.6777  0.9916  1.5726 22.5266
  5.2920  2.2802  0.9829  2.2286 18.5049
  4.4552  0.7205  0.9940  1.6964  4.4166
  5.0461  2.7059  0.9856  2.9761 22.8160
  6.0580  0.5993  0.9631  1.0319  3.5205
  4.5085  3.6824  0.9980  1.7982 33.1121
  4.4507  2.6839  0.9980  0.2146 22.5902
  6.7612  2.3524  0.5806  1.4815 19.2267
  4.4494  3.4189  0.9864  2.6015 30.2868
  6.2937  3.5392  0.9739  2.2501 31.5730
  5.0130  1.5863  0.9933  1.8009 11.8113
  4.7672  2.5324  0.9961  0.4996 21.0434
  5.3577  3.3396  0.9863  0.5918 29.4426
  5.4399  3.1804  0.9746  1.1196 27.7568
  6.3218  3.4323  0.9870  1.0395 30.4290
  5.3137  2.4191  0.9901  0.3057 19.8971
  5.3945  2.8697  0.9879  0.5383 24.5065
  6.5587  3.6283  0.7702  0.6029 32.5294
  5.7550  3.4650  0.9667  1.8841 30.7788
  4.4508  2.2223  0.9757  1.2404 17.9295
  5.7082  2.9909  0.9848  1.2496 25.7685
  4.8451  2.4810  0.9721  1.2203 20.5226
  6.0744  3.7898  0.9721  1.8853 34.2720
  6.1541  3.1668  0.9883  1.2110 27.6131
  5.3807  4.4102  0.9867  2.4993 41.0623
  5.5310  1.6361  0.9730  0.7943 12.2752
  3.6543  1.6499  0.9980  1.6427 12.4039
  5.3645  3.6819  0.9678  1.3073 33.1064
  5.1224  1.5472  0.9868  0.9462 11.4499
  5.8597  3.0721  0.9968  2.6729 26.6175
  5.0508  2.8647  0.9910  1.7045 24.4546
  5.1655  3.3731  0.9734  1.7017 29.7982
  5.4689  1.8954  0.9798  1.6683 14.7333
  5.5510  2.3228  0.9753  1.8536 18.9307
  5.3659  3.1484  0.9668  2.0823 27.4199
  3.8650  0.2986  0.9734  1.0487  1.5336
  5.1731  3.1559  0.9917  1.7210 27.4984
  5.3307  3.8696  0.9839  0.8319 35.1378
  4.8537  4.1583  0.9884  0.7075 38.2884
  6.1759  3.9378  0.9796  0.9937 35.8783
  4.2523  2.2413  0.9840  1.2036 18.1174
  6.5839  3.9634  0.7966  2.2109 36.1580
  6.1272  3.7789  0.9720  2.7530 34.1537
  5.6031  2.5018  0.9774  2.6058 20.7331
  4.9456  3.9362  0.9928  0.8705 35.8614
  3.7652  3.5854  0.9980  0.5956 32.0678
  4.8842  3.0693  0.9980  1.8189 26.5885
  4.2954  1.1238  0.9829  1.7809  7.6812
  5.4808  3.4278  0.9747  1.5928 30.3808
  4.3996  3.3101  0.9980  1.1798 29.1291
  5.3650  4.2705  0.9817  2.5179 39.5212
  4.9135  1.9739  0.9705  2.2845 15.4920
  5.1548  3.4417  0.9690  0.7532 30.5298
  5.6490  2.9010  0.9980  0.9108 24.8315
  3.9057  3.9160  0.9860  1.9462 35.6413
  6.1645  3.6709  0.9962  0.2513 32.9875
  5.9289  1.6299  0.9755  1.6475 12.2173
  5.5969  4.0250  0.9877  0.7049 36.8291
  4.8373  3.8923  0.9906  0.3295 35.3838
  5.4694  1.9259  0.9969  0.5995 15.0276
  5.8437  2.7245  0.9845  1.8208 23.0072
  4.7168  2.1337  0.9771  0.6267 17.0534
  4.3447  0.5139  0.9936  2.1252  2.9198
  5.3711  1.9076  0.9980  0.4981 14.8509
  5.7622  2.3457  0.9760  1.0446 19.1601
  5.3798  3.0323  0.9863  0.4854 26.2008
  4.5381  1.4775  0.9851  2.0118 10.8113
  4.8827  3.4258  0.9829  1.3317 30.3600
  4.5236  3.9311  0.9925  0.7834 35.8064
  4.9150  2.1806  0.9822  2.9374 17.5163
  4.5472  1.4912  0.9681  1.5558 10.9361
  5.3295  3.4103  0.9951  0.7211 30.1949
  5.2205  1.3809  0.9712  1.9174  9.9363
  6.5255  1.8889  0.9710  0.3336 14.6706
  5.1125  2.3724  0.9854  1.2246 19.4276
  4.9658  3.3518  0.9859  0.6975 29.5716
  3.5340  3.2787  0.9958  1.4192 28.7964
  5.2465  3.8240  0.9943  1.0981 34.6431
  5.5338  3.9809  0.9967  2.1158 36.3483
  4.0181  2.5475  0.9962  2.0854 21.1968
  5.4172  1.4664  0.9702  2.0704 10.7100
  4.4486  3.8928  0.9967  0.8320 35.3894
  6.1003  2.5915  0.9745  1.8720 21.6450
  5.3832  2.9318  0.9840  2.8007 25.1523
  5.5733  2.8519  0.9863  0.7179 24.3216
  5.2307  3.4264  0.9679  2.2940 30.3664
  6.3118  2.4145  0.9715  2.9145 19.8508
  4.0449  2.8384  0.9980  2.2096 24.1820
  5.2910  2.9698  0.9714  2.0041 25.5484
  6.2066  2.3838  0.9963  0.5959 19.5416
  4.8792  2.4855  0.9845  1.5974 20.5677
  6.0562  1.9506  0.9723  1.6027 15.2655
  6.0215  3.4340  0.9766  0.7724 30.4476
  4.6285  3.6171  0.9954  1.2186 32.4083
  5.4914  2.5588  0.9938  2.0847 21.3121
  5.7219  2.8886  0.9798  0.3036 24.7033
  3.6468  2.5285  0.9737  2.0269 21.0038
  5.7797  2.4132  0.9943  1.7403 19.8373
  5.4969  4.0815  0.9819  1.3208 37.4470
  5.5578  3.0054  0.9780  1.6251 25.9195
  6.3567  0.8281  0.9980  0.4197  5.2482
  5.1594  2.5626  0.9751  1.5980 21.3503
  5.8731  3.7235  0.9939  1.1796 33.5551
  5.8677  3.4824  0.9918  0.6074 30.9640
  5.9401  2.8548  0.9682  1.0360 24.3517
  5.3310  2.5486  0.9908  1.6624 21.2083
  4.0915  2.6447  0.9980  2.1968 22.1887
  5.7502  3.3208  0.9786  1.2415 29.2424
  5.7864  2.8344  0.9770  1.9922 24.1406
  5.1360  2.5792  0.9784  1.9886 21.5191
  3.5401  1.7562  0.9943  2.4706 13.4046
  4.3650  3.3144  0.9980  1.3027 29.1747
  6.1161  2.7128  0.9974  0.6429 22.8861
  5.5022  4.1029  0.9859  0.4651 37.6817
  3.6257  0.7902  0.9832  1.0010  4.9516
  5.4876  1.5565  0.9980  1.1722 11.5361
  4.7147  3.4085  0.9980  1.5347 30.1756
  6.1115  3.8588  0.9876  0.5969 35.0203
  4.9742  3.0691  0.9721  1.2509 26.5862
  5.0684  1.8680  0.9855  1.3140 14.4696
  5.9725  2.8900  0.9890  1.9923 24.7172
  5.2142  4.2247  0.9958  1.8541 39.0170
  5.9392  3.6280  0.9747  2.0923 32.5258
  5.8303  3.4904  0.9980  0.9360 31.0500
  5.2165  3.8439  0.9913  2.4005 34.8589
  5.9528  4.4235  0.9711  0.7480 41.2100
  6.1174  1.3618  0.9727  1.4356  9.7649
  3.6985  1.1318  0.9738  2.3878  7.7498
  5.2675  4.1500  0.9969  0.9983 38.1978
  5.0705  3.5821  0.9832  1.3799 32.0329
  5.2669  2.0496  0.9799  0.9658 16.2288
  5.6308  3.5383  0.9848  1.8366 31.5626
  4.4161  1.7814  0.9861  1.1826 13.6435
  5.5404  3.5275  0.9785  0.1454 31.4473
  5.8336  3.5885  0.9777  1.1931 32.1014
  3.9176  1.6539  0.9980  1.7615 12.4413
  5.7210  2.7881  0.9821  0.9610 23.6623
  4.4847  2.2501  0.9791  2.3882 18.2051
  4.7556  2.7619  0.9737  1.0702 23.3918
  3.6194  1.1161  0.9879  1.1477  7.6152
  5.4347  2.2745  0.9844  2.2034 18.4481
  5.1896  3.6232  0.9729  2.1496 32.4740
  5.2501  2.9238  0.9703  1.5448 25.0691
  4.7508  2.9217  0.9807  0.8807 25.0468
  5.4377  3.0638  0.9871  0.4737 26.5314
  4.6795  3.4926  0.9750  1.5562 31.0737
  6.9187  1.7859  0.6018  2.1690 13.6856
  5.3708  2.3427  0.9890  2.7099 19.1298
  5.4129  4.4995  0.9733  0.6009 42.0514
  5.0237  2.7740  0.9969  1.2612 23.5171
  4.9845  2.9139  0.9826  2.3324 24.9661
  4.4269  4.0830  0.9900  0.5349 37.4635
  5.4259  2.3419  0.9747  1.3160 19.1217
  6.0530  2.0899  0.9798  0.7800 16.6233
  6.1702  1.8809  0.9742  1.5891 14.5934
  4.7720  3.0816  0.9863  0.5363 26.7176
  5.6001  2.0551  0.9840  0.6698 16.2827
  6.1700  3.5994  0.9958  0.5696 32.2186
  5.8173  3.2404  0.9973  1.5135 28.3905
  5.1050  1.4415  0.9693  0.4258 10.4831
  4.7134  4.3000  0.9883  1.7493 39.8460
  6.0739  3.9406  0.9722  1.2296 35.9092
  6.3400  4.3379  0.9812  0.3473 40.2637
  5.2361  3.8729  0.9753  1.8697 35.1729
  5.5809  3.4300  0.9866  0.9706 30.4048
  4.4386  2.3277  0.9825  0.2215 18.9797
  4.4311  2.4731  0.9865  1.6199 20.4426
  6.3762  3.8482  0.9871  1.3901 34.9054
  4.2668  3.9275  0.9980  0.7005 35.7672
  4.7496  2.7388  0.9727  1.6947 23.1539
  4.1606  0.6210  0.9797  1.9139  3.6775
  5.2761  2.9040  0.9812  1.8969 24.8624
  4.6298  1.9043  0.9799  0.9938 14.8186
  4.7682  4.1125  0.9875  1.9126 37.7869
  5.2746  1.1782  0.9842  0.6237  8.1489
  4.6931  4.0960  0.9884  1.7042 37.6062
  5.4389  3.5872  0.9702  0.7669 32.0880
  4.9992  3.1060  0.9726  0.5905 26.9740
  5.5327  1.9351  0.9914  2.0875 15.1160
  5.4183  3.0362  0.9980  2.1106 26.2414
  6.4040  2.6651  0.9938  2.3818 22.3976
  5.3715  2.0932  0.9799  1.3733 16.6559
  4.0203  1.1917  0.9846  1.1117  8.2655
  5.3735  3.0300  0.9907  1.6431 26.1771
  4.7728  4.0501  0.9738  2.9628 37.1034
  4.6429  3.5721  0.9758  1.6500 31.9254
  5.2204  3.7698  0.9775  0.4929 34.0554
  6.4362  4.0641  0.9456  1.9451 37.2563
  5.2421  4.0713  0.9840  1.3911 37.3352
  3.7017  2.8924  0.9688  1.7296 24.7418
  3.8542  1.9471  0.9883  1.3873 15.2321
  5.4738  1.7499  0.9904  1.6337 13.3450
  4.6053  3.2956  0.9732  2.2092 28.9750
  4.5765  3.1501  0.9716  0.2636 27.4380
  5.9415  2.5204  0.9754  1.8176 20.9219
  5.2905  3.7417  0.9912  1.1760 33.7520
  4.4296  3.1768  0.9909  1.2413 27.7186
  5.2475  1.7978  0.9958  0.4147 13.7994
  6.1576  2.9499  0.9729  1.8934 25.3409
  5.4785  2.5266  0.9778  1.6777 20.9848
  4.6918  3.1557  0.9807  0.4028 27.4970
  5.3362  4.2059  0.9695  1.8902 38.8108
  6.0096  2.6981  0.9927  0.1122 22.7353
  5.8797  2.5712  0.9878  0.2880 21.4376
  6.7857  3.3455  0.8020  1.1368 29.5051
  5.6482  2.7676  0.9670  0.3882 23.4508
  5.4468  2.3298  0.9674  1.6647 19.0003
  5.5971  4.2054  0.9831  1.2573 38.8052
  5.1901  1.2793  0.9875  0.8787  9.0321
  4.9282  3.0476  0.9784  1.2798 26.3614
  4.4385  2.2114  0.9900  1.2181 17.8209
  5.0447  3.9969  0.9837  0.7166 36.5228
  5.2368  2.9825  0.9817  0.9704 25.6809
  6.0747  1.5920  0.9756  0.5680 11.8643
  4.9525  4.2627  0.9978  1.6683 39.4357
  3.8971  1.0001  0.9842  1.9799  6.6392
  4.0185  2.9427  0.9808  2.1131 25.2652
  4.4219  1.5444  0.9811  0.4342 11.4245
  5.4917  2.3224  0.9920  1.6111 18.9261
  4.4752  2.4569  0.9865  1.1345 20.2782
  4.7791  3.5281  0.9779  1.7806 31.4537
  5.3432  2.0390  0.9798  1.7929 16.1247
  3.7736  3.3493  0.9722  1.7318 29.5456
  5.7309  1.7880  0.9933  1.0334 13.7058
  5.5378  3.8693  0.9792  1.3773 35.1340
  6.4871  3.0476  0.8342  1.2498 26.3617
  4.4605  1.2935  0.9755  0.6385  9.1571
  5.7648  2.3567  0.9944  1.4114 19.2696
  5.5049  3.3609  0.9738  0.2982 29.6690
  5.5143  1.7845  0.9941  1.8962 13.6731
  5.4258  2.1519  0.9809  1.6044 17.2330
  4.2865  1.4296  0.9929  1.1842 10.3758
  5.1847  3.3938  0.9720  1.8636 30.0190
  5.0249  3.7250  0.9950  2.0771 33.5710
  4.6849  2.1930  0.9855  1.4010 17.6388
  6.7471  0.6275  0.7213  1.6904  3.7248
  5.7328  4.3413  0.9829  2.1364 40.3015
  5.6563  1.3856  0.9840  1.3883  9.9787
  6.3314  3.3713  0.9559  1.2019 29.7795
  5.0080  4.0526  0.9893  1.3371 37.1314
  5.3213  3.5276  0.9980  1.1292 31.4483
  4.9918  1.8334  0.9712  0.4812 14.1392
  4.5055  0.5078  0.9957  0.4832  2.8780
  5.3740  3.2276  0.9749  1.5489 28.2552
  5.5112  2.0652  0.9677  1.7768 16.3811
  5.8398  3.0075  0.9877  0.6986 25.9414
  5.2947  2.9205  0.9787  1.4478 25.0348
  5.8545  4.4381  0.9838  0.0753 41.3713
  6.7621  1.1724  0.8701  2.1661  8.0989
  5.8182  3.6157  0.9714  0.9208 32.3935
  5.3655  4.3171  0.9802  1.6432 40.0346
  4.4845  3.8023  0.9752  0.7666 34.4080
  5.4930  2.9385  0.9683  2.2684 25.2219
  4.9974  3.6431  0.9782  1.3700 32.6887
  5.2928  1.2796  0.9837  1.1438  9.0346
  5.5223  2.6305  0.9839  0.2189 22.0432
  5.5876  1.5594  0.9928  0.5975 11.5631
  6.1553  2.3794  0.9881  1.6758 19.4980
  4.9547  4.3841  0.9789  2.1069 40.7745
  5.3819  2.6394  0.9867  1.1925 22.1342
  5.0938  3.2064  0.9832  1.9789 28.0318
  5.2799  2.5269  0.9770  0.2160 20.9871
  5.2596  2.5221  0.9742  1.7089 20.9386
  6.3019  2.5306  0.9856  1.9604 21.0247
  5.5719  2.8605  0.9773  1.0873 24.4117
  5.1321  2.7630  0.9980  1.7543 23.4036
  6.5105  2.3324  0.9240  1.2938 19.0264
  5.9582  2.8984  0.9693  1.2253 24.8048
  4.7561  3.0673  0.9889  0.8105 26.5681
  5.2917  2.6007  0.9946  0.5753 21.7389
  6.1710  4.0091  0.9968  1.2128 36.6559
  3.7344  0.8376  0.9817  2.0125  5.3228
  6.5501  1.5554  0.9247  1.9559 11.5258
  6.2450  1.4308  0.9670  0.7218 10.3868
  4.9267  3.4780  0.9893  1.0933 30.9178
  6.0740  3.4608  0.9966  1.3401 30.7333
  5.7070  3.5752  0.9687  1.5191 31.9582
  5.3131  4.0792  0.9871  2.2823 37.4217
  4.7714  4.1496  0.9970  1.4518 38.1927
  5.9597  1.3556  0.9891  1.9724  9.7093
  5.1865  0.0742  0.9789  2.1255  0.3315
  5.1569  3.9904  0.9936  1.1221 36.4520
  5.4018  3.4878  0.9710  1.4847 31.0226
  4.9615  3.6069  0.9862  1.2314 32.2991
  6.5636  1.5039  0.8133  1.7756 11.0521
  5.8054  2.4347  0.9913  1.3549 20.0540
  5.1294  2.5785  0.9963  0.7898 21.5126
  5.6857  4.0116  0.9906  1.4028 36.6830
  5.3814  2.7022  0.9980  1.3152 22.7778
  6.5858  1.7711  0.8560  0.8163 13.5453
  5.7476  2.5215  0.9839  1.1293 20.9326
  5.1355  2.1962  0.9783  1.2323 17.6705
  5.0865  1.8235  0.9969  1.4922 14.0441
  4.1009  0.9566  0.9688  2.2676  6.2812
  5.5873  2.3060  0.9980  1.8504 18.7624
  3.9163  4.2063  0.9839  0.5477 38.8152
  5.2586  3.3165  0.9675  1.4342 29.1970
  4.8304  2.4082  0.9874  2.3359 19.7875
  5.0279  1.9454  0.9775  2.0970 15.2154
  6.3257  2.6036  0.9338  1.3446 21.7684
  5.2158  2.2023  0.9961  1.2489 17.7312
  4.9679  3.9776  0.9692  3.0072 36.3118
  5.1540  3.9362  0.9705  1.9201 35.8612
  5.2534  1.3205  0.9980  0.5338  9.3969
  6.6120  2.3257  0.9184  0.4246 18.9589
  5.2382  2.4648  0.9831  0.4874 20.3578
  4.7093  2.1110  0.9958  0.1489 16.8299
  5.0605  1.6275  0.9910  0.1518 12.1950
  4.6999  2.0162  0.9876  0.4011 15.9023
  4.0293  3.9596  0.9869  0.6231 36.1157
  6.8231  2.0797  0.5688  0.8096 16.5227
  5.0169  1.8180  0.9856  0.8236 13.9922
  5.3822  3.1365  0.9680  0.4867 27.2947
  6.0083  2.4214  0.9753  0.8633 19.9201
  3.9010  3.7838  0.9719  0.7398 34.2076
  6.7132  3.8037  0.9980  0.9027 34.4226
  5.1539  2.0540  0.9683  1.1392 16.2719
  4.5542  1.0972  0.9729  2.2770  7.4546
  5.2199  1.7427  0.9840  1.7538 13.2760
  5.4630  3.1781  0.9755  2.2339 27.7329
  6.1424  3.7175  0.9794  1.4385 33.4905
  4.9592  2.5169  0.9809  1.0946 20.8859
  5.4416  3.3569  0.9702  2.0783 29.6264
  4.5503  4.1888  0.9705  2.4914 38.6229
  6.2340  2.4818  0.9980  0.9895 20.5305
  5.3291  4.1288  0.9907  1.2868 37.9644
  5.2040  2.4823  0.9891  0.2410 20.5358
  6.0092  3.1460  0.9975  1.4329 27.3941
  5.0435  2.3589  0.9729  0.1866 19.2918
  4.8480  2.1754  0.9777  1.9467 17.4649
  6.2426  2.8396  0.9938  1.3631 24.1950
  5.2511  4.3663  0.9753  1.8056 40.5777
  6.7406  1.6351  0.6402  1.5746 12.2653
  3.6805  0.7925  0.9803  1.2369  4.9690
  4.5147  2.1998  0.9980  1.9960 17.7061
  4.5718  2.5891  0.9895  0.3607 21.6205
  5.6105  2.3141  0.9893  0.7851 18.8438
  4.8027  2.2132  0.9896  1.5102 17.8391
  5.4061  2.5821  0.9711  1.3070 21.5494
  4.9892  2.2360  0.9724  1.2322 18.0652
  5.0818  4.1907  0.9963  1.9312 38.6440
  5.0095  2.6363  0.9946  0.6687 22.1023
  5.3637  2.6874  0.9795  0.8117 22.6254
  3.8209  1.7713  0.9743  1.3759 13.5474
  5.9382  4.1722  0.9721  1.3996 38.4409
  5.5717  3.4110  0.9965  1.5136 30.2017
  5.6216  3.6115  0.9755  0.2631 32.3481
  4.4460  3.4841  0.9980  2.2819 30.9827
  5.2447  1.7164  0.9689  0.2205 13.0280
  6.7040  4.0125  0.5560  1.8502 36.6929
  5.1071  4.0460  0.9772  1.7264 37.0593
  5.7109  1.0991  0.9792  2.2139  7.4704
  5.4282  3.3090  0.9678  1.0104 29.1176
  4.1574  1.0908  0.9877  0.5028  7.3999
  5.3101  1.5365  0.9863  1.9158 11.3513
  5.4363  1.6399  0.9883  2.0612 12.3103
  4.9512  3.3105  0.9931  0.5319 29.1338
  4.7537  2.4337  0.9944  2.4163 20.0444
  5.4753  4.0850  0.9845  0.4027 37.4850
  4.6994  2.2409  0.9935  1.4977 18.1140
  5.0941  4.0464  0.9718  0.6559 37.0630
  5.1892  3.6282  0.9694  0.7898 32.5286
  6.9347  2.6216  0.7225  0.1914 21.9517
  5.6759  3.5907  0.9771  0.2098 32.1246
  3.9231  0.3764  0.9851  1.5813  2.0112
  4.7673  2.8325  0.9852  1.1438 24.1211
  5.5485  4.1961  0.9753  2.0100 38.7027
  4.9741  2.2243  0.9708  0.6307 17.9494
  4.1226  3.6803  0.9971  0.8358 33.0889
  6.2645  4.1725  0.9748  1.4072 38.4440
  4.9128  2.7676  0.9932  2.0986 23.4502
  5.2512  3.1807  0.9689  1.5062 27.7597
  3.7165  0.9098  0.9945  2.3888  5.8999
  4.1206  3.0793  0.9668  0.3201 26.6939
  6.3795  2.7606  0.9695  0.9354 23.3785
  5.3328  3.5679  0.9810  0.3121 31.8807
  6.6781  1.7622  0.5973  2.5965 13.4607
  4.8431  3.7564  0.9709  0.2070 33.9105
  5.6006  4.4275  0.9980  1.0650 41.2537
  4.7434  4.4867  0.9788  1.1042 41.9088
  6.6878  4.1342  0.9613  2.3476 38.0241
  6.8826  1.9087  0.4766  2.5796 14.8609
  5.8710  3.8807  0.9737  1.6246 35.2579
  5.3214  2.3121  0.9970  1.8122 18.8231
  4.0608  1.0973  0.9683  0.2442  7.4557
  5.1641  4.3110  0.9812  0.3813 39.9674
  6.3100  3.0766  0.9886  1.5689 26.6650
  6.8433  4.4159  0.9969  1.3937 41.1256
  4.8474  1.7172  0.9943  0.4113 13.0358
  4.9704  4.0039  0.9894  1.6926 36.5990
  5.0841  3.5943  0.9952  1.9096 32.1637
  5.1901  3.0767  0.9855  1.7514 26.6660
  5.5899  3.5095  0.9740  0.3698 31.2546
  5.5416  4.2909  0.9788  2.2339 39.7462
  4.9482  4.0488  0.9900  1.7122 37.0890
  5.2684  3.9056  0.9882  1.3317 35.5287
  5.5430  2.5979  0.9858  1.2365 21.7102
  5.2877  4.4383  0.9872  1.8238 41.3732
  6.8565  3.1844  0.7372  0.8343 27.7996
  6.0768  2.8566  0.9878  1.0417 24.3710
  5.8483  1.0278  0.9746  1.4715  6.8699
  3.8345  0.8488  0.9816  1.0690  5.4116
  5.9997  3.1726  0.9884  2.5092 27.6748
  5.8680  2.7186  0.9853  1.8239 22.9462
  5.4153  2.0047  0.9676  0.3510 15.7904
  4.7561  2.5657  0.9730  2.7708 21.3814
  5.9455  3.1604  0.9781  1.5192 27.5466
  5.6405  3.0164  0.9682  1.0020 26.0343
  5.7396  3.8932  0.9744  0.5284 35.3932
  4.1392  2.5161  0.9901  1.0374 20.8778
  4.4926  2.3877  0.9832  2.0483 19.5816
  5.7729  2.2281  0.9745  2.2887 17.9863
  4.8155  3.1117  0.9733  1.3506 27.0341
  5.9105  4.1639  0.9972  2.4218 38.3497
  5.2753  2.7786  0.9780  1.5056 23.5638
  5.6901  2.4001  0.9864  0.8158 19.7058
  5.7265  2.2994  0.9930  1.4906 18.6963
  5.8364  2.9450  0.9947  0.8454 25.2892
  5.3479  3.5859  0.9819  2.1332 32.0738
  5.8242  4.0121  0.9916  0.3428 36.6891
  5.8462  3.1298  0.9705  2.3278 27.2238
  5.4872  3.6585  0.9802  1.8802 32.8540
  5.3315  1.8845  0.9801  1.3068 14.6280
  5.1714  3.5656  0.9876  2.3465 31.8555
  6.5179  2.8468  0.9917  1.0562 24.2694
  5.4589  2.0944  0.9739  0.8032 16.6675
  5.8064  1.7660  0.9696  1.7380 13.4968
  5.9562  3.3940  0.9765  1.4653 30.0211
  5.0511  3.8151  0.9909  0.9091 34.5462
  4.7940  2.3865  0.9817  1.3200 19.5692
  5.4034  2.7323  0.9775  2.1212 23.0868
  5.4814  2.8033  0.9971  0.5882 23.8194
  5.3664  2.6253  0.9964  1.1656 21.9900
  5.7946  3.9284  0.9764  1.9497 35.7765
  4.1248  0.6805  0.9932  2.4687  4.1156
  5.3981  4.0997  0.9922  2.2552 37.6459
  5.4841  2.7322  0.9830  0.8301 23.0858
  5.2706  3.5660  0.9747  1.7277 31.8598
  6.3704  2.4324  0.9980  1.4833 20.0313
  6.2602  2.4450  0.9727  0.7976 20.1579
  5.7439  4.3461  0.9859  1.3293 40.3550
  5.2851  2.8118  0.9870  2.0443 23.9072
  4.4923  2.6230  0.9790  1.6412 21.9659
  4.6447  4.1089  0.9774  0.3581 37.7475
  5.2069  2.4511  0.9826  2.6003 20.2203
  5.6760  3.3465  0.9980  2.1315 29.5157
  4.8054  1.6076  0.9957  0.6868 12.0096
  4.7228  4.2700  0.9713  0.6456 39.5161
  5.6000  2.7093  0.9882  0.3973 22.8510
  5.5408  2.6489  0.9674  0.9133 22.2312
  3.9694  1.6254  0.9677  1.1988 12.1753
  4.6691  2.5962  0.9910  1.6920 21.6929
  4.5537  2.8011  0.9709  2.6204 23.7969
  4.1596  4.4372  0.9674  0.7539 41.3608
  5.6760  3.1614  0.9898  0.8007 27.5568
  5.7490  3.7135  0.9692  1.8513 33.4478
  5.9518  2.6016  0.9712  1.1704 21.7475
  5.1729  2.4617  0.9949  0.5391 20.3268
  5.5199  4.3037  0.9940  1.0314 39.8869
  4.4485  3.4446  0.9717  0.4975 30.5610
  3.6915  2.5525  0.9876  1.0074 21.2481
  3.8187  4.3493  0.9815  0.8566 40.3902
  5.1339  3.9419  0.9725  1.4670 35.9232
  6.3763  3.8749  0.9589  2.0342 35.1951
  5.9241  3.4335  0.9823  0.4523 30.4416
  4.9169  2.3827  0.9820  1.0015 19.5305
  5.0398  3.0690  0.9681  1.0539 26.5859
  3.9828  2.0823  0.9898  0.8832 16.5484
  4.9668  3.1829  0.9861  2.3610 27.7829
  5.1466  3.0443  0.9972  1.4566 26.3267
  5.5667  2.6686  0.9980  1.4801 22.4331
  5.5680  1.4867  0.9713  2.7852 10.8953
  5.0731  3.1068  0.9754  0.2063 26.9824
  5.9855  2.6028  0.9876  0.1083 21.7603
  4.0406  1.7755  0.9980  1.8511 13.5868
  5.5924  3.1498  0.9699  2.1426 27.4345
  5.6108  3.8347  0.9901  2.7522 34.7587
  5.4129  1.5706  0.9688  1.5705 11.6662
  4.5934  0.6543  0.9747  1.3468  3.9216
  5.8103  2.2173  0.9931  1.4420 17.8796
  5.2505  3.1075  0.9704  1.7354 26.9900
  6.0741  2.7009  0.9851  2.0084 22.7644
  5.6714  3.3511  0.9828  2.4909 29.5644
  3.5574  1.2703  0.9946  1.0406  8.9524
  6.2596  1.3354  0.9761  0.4527  9.5294
  5.4031  4.4293  0.9937  0.6560 41.2743
  6.9201  2.9804  0.7534  2.0384 25.6581
  5.7835  3.1370  0.9980  1.8358 27.2999
  4.3696  4.0364  0.9717  0.6832 36.9544
  4.8241  2.1771  0.9715  1.0379 17.4813
  4.9897  3.0913  0.9808  2.5249 26.8197
  5.1588  1.1197  0.9842  1.2167  7.6464
  5.4275  4.2540  0.9667  1.5750 39.3397
  4.9533  3.2243  0.9903  1.5091 28.2203
  5.2698  3.1725  0.9812  2.5718 27.6736
  5.5469  3.5712  0.9676  2.0656 31.9154
  4.9542  3.5793  0.9820  1.9475 32.0021
  4.4113  2.3159  0.9680  1.3978 18.8617
  4.2711  0.4568  0.9800  1.2418  2.5332
  4.4815  2.1302  0.9809  0.3890 17.0193
  6.0582  2.1350  0.9969  2.4297 17.0666
