  6.3245  2.0158  0.9860  1.8697 15.8988
  5.0546  0.7576  0.9784  0.8183  4.6991
  5.7061  2.2971  0.9895  0.7326 18.6737
  4.5646  1.4793  0.9799  2.4938 10.8274
  5.9979  2.6525  0.9771  0.2920 22.2676
  5.2883  1.6898  0.9680  1.6612 12.7777
  5.6212  2.7586  0.9716  1.7216 23.3584
  5.1065  1.6980  0.9792  2.2560 12.8549
  4.9678  3.7223  0.9911  2.4197 33.5429
  4.9848  3.9682  0.9823  0.7397 36.2101
  4.6209  0.4452  0.9760  0.8723  2.4561
  5.2305  1.7036  0.9939  0.1194 12.9080
  4.8498  3.8208  0.9755  1.0325 34.6077
  5.4185  3.8683  0.9797  0.9587 35.1230
  5.3137  3.5147  0.9750  2.0636 31.3097
  4.8604  2.3460  0.9719  2.7648 19.1626
  5.7922  1.1014  0.9681  0.4274  7.4904
  4.8960  3.3042  0.9876  0.9454 29.0669
  6.4359  3.6828  0.9592  0.6057 33.1164
  5.4205  0.8361  0.9980  1.6173  5.3110
  5.7401  3.2149  0.9847  0.9517 28.1208
  4.2377  2.0203  0.9764  1.3429 15.9426
  3.9044  2.1436  0.9866  0.5883 17.1506
  4.7898  2.8894  0.9908  0.3883 24.7116
  5.3437  3.4754  0.9896  1.6808 30.8896
  4.8168  2.6149  0.9827  1.9405 21.8841
  5.4523  4.3210  0.9959  2.7153 40.0772
  3.9003  1.6662  0.9876  1.9221 12.5561
  6.0708  2.7939  0.9788  1.5296 23.7216
  5.7069  2.8481  0.9754  1.8350 24.2831
  5.2418  2.5115  0.9874  2.3609 20.8308
  5.2946  1.9977  0.9838  1.4877 15.7229
  5.2588  2.6315  0.9701  1.9420 22.0536
  5.5638  2.4692  0.9680  0.9088 20.4025
  3.7921  2.8937  0.9737  1.4425 24.7555
  4.4110  3.1393  0.9672  1.7229 27.3242
  5.3954  3.9353  0.9784  2.4467 35.8519
  5.6868  2.8878  0.9910  2.1323 24.6944
  4.8846  3.0579  0.9965  1.0715 26.4688
  5.0708  1.7788  0.9980  1.2032 13.6185
  4.4656  1.8938  0.9980  0.2381 14.7175
  4.3607  1.1498  0.9935  1.9092  7.9036
  4.6126  1.8878  0.9694  0.3046 14.6603
  6.0199  3.6515  0.9944  1.7084 32.7793
  4.0056  3.9905  0.9922  1.5542 36.4534
  4.9943  2.1447  0.9671  1.4789 17.1616
  4.2751  1.6259  0.9759  1.6014 12.1797
  3.8012  3.3247  0.9723  0.9767 29.2845
  6.0613  2.9790  0.9683  1.6959 25.6437
  5.3342  3.2473  0.9691  0.6338 28.4641
  5.2772  4.0726  0.9831  1.1416 37.3496
  5.1236  2.4383  0.9745  0.9728 20.0909
  5.5302  2.5639  0.9848  0.8970 21.3634
  5.3806  3.8031  0.9959  0.9578 34.4159
  4.5547  3.7435  0.9742  1.6369 33.7710
  4.9687  2.8106  0.9856  1.1425 23.8944
  5.5368  0.6190  0.9800  2.1435  3.6629
  5.2129  2.1159  0.9865  1.8870 16.8787
  6.0732  2.6385  0.9819  1.7631 22.1243
  4.7568  2.7327  0.9892  1.4010 23.0908
  3.9808  2.4641  0.9753  2.0357 20.3510
  5.1135  2.9821  0.9679  1.6137 25.6759
  5.7033  3.5415  0.9980  0.5448 31.5971
  4.8881  3.3779  0.9904  1.9139 29.8496
  4.9629  3.6065  0.9785  1.6636 32.2952
  5.2947  1.3079  0.9892  1.5854  9.2845
  5.9350  1.3655  0.9866  0.6355  9.7984
  5.7441  1.8464  0.9674  0.8048 14.2631
  5.3022  3.0862  0.9945  0.6669 26.7660
  5.1082  1.3914  0.9873  1.8722 10.0311
  5.5396  0.6521  0.9980  0.8451  3.9052
  6.0547  1.8155  0.9735  1.8823 13.9682
  5.2927  1.4765  0.9688  0.6951 10.8021
  4.6333  1.2433  0.9710  0.9527  8.7149
  5.6185  2.9465  0.9917  1.6564 25.3049
  5.7185  2.3232  0.9833  0.6798 18.9344
  5.4808  1.9009  0.9875  1.2683 14.7858
  5.2057  1.7830  0.9927  1.4688 13.6584
  3.8417  2.5757  0.9809  0.2550 21.4841
  5.1080  1.5695  0.9956  1.6941 11.6562
  4.7169  3.3250  0.9944  0.2764 29.2870
  5.9616  3.1870  0.9810  1.3466 27.8267
  6.0293  2.3191  0.9865  1.8957 18.8931
  4.7529  3.6787  0.9919  1.3463 33.0715
  5.3186  2.9252  0.9676  1.5360 25.0837
  5.2017  1.1454  0.9758  1.8795  7.8663
  5.7770  2.8025  0.9882  0.7080 23.8114
  4.7826  3.3071  0.9764  2.0723 29.0968
  4.5200  3.1383  0.9729  0.3069 27.3139
  4.1180  3.1265  0.9888  1.3054 27.1897
  5.9471  3.0990  0.9980  1.8310 26.8999
  3.9478  2.8219  0.9783  0.4723 24.0114
  5.5658  4.2102  0.9969  1.6229 38.8581
  5.2848  1.3324  0.9754  1.2251  9.5028
  5.1458  2.1918  0.9672  1.8859 17.6265
  5.1769  0.9633  0.9796  0.4751  6.3364
  5.2191  3.4920  0.9701  2.7661 31.0672
  4.4073  3.4721  0.9770  1.1672 30.8541
  5.6027  1.8070  0.9730  0.7435 13.8865
  4.3125  2.9383  0.9785  1.7280 25.2192
  6.7299  2.3356  0.6153  0.9986 19.0584
  4.2322  3.4353  0.9708  1.0319 30.4612
  5.2652  0.6933  0.9928  1.7576  4.2116
  5.6692  3.9134  0.9958  1.1181 35.6136
  4.9296  3.0021  0.9822  2.7305 25.8847
  5.5641  3.1011  0.9980  2.9435 26.9228
  5.3620  3.6542  0.9687  1.5239 32.8077
  4.4730  1.0203  0.9866  1.4848  6.8079
  4.6665  2.1735  0.9897  0.5159 17.4455
  4.7775  1.0338  0.9697  2.2705  6.9205
  5.2741  2.4623  0.9883  0.8984 20.3332
  5.1557  1.6721  0.9931  1.5482 12.6116
  5.5467  3.6502  0.9980  2.4243 32.7654
  5.3746  3.8257  0.9690  2.7796 34.6611
  4.7786  3.1801  0.9816  2.9126 27.7540
  5.9212  2.2487  0.9746  1.4801 18.1911
  5.2425  2.1861  0.9980  1.5536 17.5708
  4.3723  1.2199  0.9844  0.9439  8.5108
  5.1929  3.6301  0.9958  0.5317 32.5483
  5.4016  2.3746  0.9893  2.4893 19.4495
  5.3950  2.1405  0.9980  0.5871 17.1202
  4.5328  2.0031  0.9951  1.7733 15.7749
  5.3782  3.5510  0.9917  1.6650 31.6992
  4.4165  3.1511  0.9849  0.8725 27.4485
  5.0124  4.4954  0.9947  0.7876 42.0055
  5.2246  3.1605  0.9832  0.5426 27.5476
  5.0115  1.9229  0.9958  2.6638 14.9984
  4.9740  1.8354  0.9850  2.8697 14.1583
  5.5138  2.5619  0.9674  0.5879 21.3429
  4.1824  3.4944  0.9963  1.0539 31.0930
  4.8950  3.1897  0.9963  1.6013 27.8553
  5.2390  0.5165  0.9980  0.8633  2.9377
  4.1216  3.0944  0.9954  2.2968 26.8519
  4.9822  1.4414  0.9776  1.4605 10.4828
  5.3522  3.7197  0.9933  0.5558 33.5145
  4.9252  1.4380  0.9967  1.4101 10.4518
  5.2211  1.8275  0.9917  0.4877 14.0820
  5.2281  2.9929  0.9968  2.1735 25.7891
  5.0691  0.9625  0.9950  0.6230  6.3297
  5.2099  2.3792  0.9729  1.4211 19.4954
  4.8083  2.2533  0.9980  2.8269 18.2367
  4.7202  3.6157  0.9712  1.4059 32.3938
  5.1439  3.2592  0.9819  2.1717 28.5901
  6.3540  2.7382  0.9703  2.2749 23.1482
  4.7348  3.1428  0.9761  1.0792 27.3613
  4.9532  3.9040  0.9693  2.1289 35.5115
  5.1361  3.3911  0.9946  2.2575 29.9904
  5.9424  3.6766  0.9896  1.1719 33.0494
  4.8149  4.2543  0.9719  0.3510 39.3424
  5.0589  1.2739  0.9904  0.4853  8.9839
  5.3702  1.4542  0.9941  2.1476 10.5991
  5.2937  2.5651  0.9822  0.2930 21.3754
  4.7136  2.6554  0.9760  0.9954 22.2979
  5.9130  2.3779  0.9712  1.9035 19.4823
  4.4601  2.9052  0.9840  0.7348 24.8750
  5.4484  1.2184  0.9923  1.0912  8.4976
  6.0913  2.5294  0.9937  1.2048 21.0124
  5.0314  1.3188  0.9901  1.3748  9.3819
  4.8286  3.6354  0.9781  1.2414 32.6061
  5.0397  1.0328  0.9780  2.3374  6.9122
  5.1797  2.1484  0.9829  1.6274 17.1987
  4.7839  3.8094  0.9818  1.4028 34.4845
  6.4043  2.7699  0.9901  0.7735 23.4740
  3.9271  1.1537  0.9701  2.2350  7.9370
  4.8508  2.5123  0.9852  1.1236 20.8392
  5.2525  3.7643  0.9815  2.5995 33.9963
  5.1999  1.5341  0.9868  0.2388 11.3296
  5.1922  2.6973  0.9748  0.8865 22.7272
  5.2226  3.6556  0.9924  0.2023 32.8229
  5.5106  1.9499  0.9969  0.7587 15.2596
  5.1710  3.2966  0.9935  2.2939 28.9857
  6.2720  3.3533  0.9680  2.5842 29.5878
  5.2032  4.0474  0.9831  0.6102 37.0746
  6.4037  3.1268  0.9803  0.7060 27.1922
  4.9953  3.1548  0.9886  1.1864 27.4878
  5.2092  2.2032  0.9712  2.3932 17.7402
  5.2800  2.4726  0.9883  1.1392 20.4370
  4.6086  0.6808  0.9749  1.8749  4.1178
  4.5545  1.2134  0.9796  1.0017  8.4545
  5.3442  3.1505  0.9699  1.9621 27.4422
  5.0094  3.0117  0.9852  0.8533 25.9851
  5.8813  4.1833  0.9812  1.1991 38.5629
  5.6956  3.9575  0.9876  0.9423 36.0939
  3.5943  3.8582  0.9898  2.4151 35.0132
  5.4795  4.2422  0.9977  0.7628 39.2094
  6.4826  2.5174  0.9977  0.5252 20.8913
  4.1851  2.3056  0.9734  1.5631 18.7581
  5.1498  1.1468  0.9980  0.5351  7.8782
  4.5098  3.9261  0.9745  1.0764 35.7518
  5.2476  1.2619  0.9723  0.5765  8.8783
  5.1931  0.9348  0.9694  0.8358  6.1029
  5.2293  3.0855  0.9894  2.0937 26.7584
  4.8739  2.3861  0.9700  2.5529 19.5654
  3.6814  1.9419  0.9776  0.9205 15.1814
  5.4526  1.3459  0.9960  2.7110  9.6232
  5.7439  2.8350  0.9764  2.6378 24.1476
  4.6176  2.3808  0.9722  2.0373 19.5121
  5.1700  2.6642  0.9726  2.0942 22.3879
  5.3772  3.4253  0.9740  1.8985 30.3551
  6.1094  1.8381  0.9738  1.3964 14.1834
  5.0992  4.0218  0.9791  1.9540 36.7948
  5.4076  3.0197  0.9852  1.4803 26.0690
  4.8214  2.6078  0.9853  0.8062 21.8106
  5.9247  3.1061  0.9733  0.7757 26.9750
  4.9814  1.0821  0.9960  2.9525  7.3266
  4.6018  1.7220  0.9972  1.4131 13.0809
  5.9305  1.9033  0.9972  0.6175 14.8097
  5.5407  3.7796  0.9741  0.5050 34.1614
  3.8475  4.2244  0.9870  1.0956 39.0143
  4.8296  0.6113  0.9899  1.3448  3.6071
  5.2781  4.4518  0.9920  1.2549 41.5227
  5.0226  2.4255  0.9834  0.4762 19.9619
  4.0951  0.5449  0.9755  1.7657  3.1345
  5.4469  3.5226  0.9675  3.0168 31.3941
  5.2804  3.9610  0.9951  1.5996 36.1318
  6.7328  3.6589  0.6813  1.2199 32.8586
  5.2926  1.3466  0.9842  0.8710  9.6291
  5.1317  1.9390  0.9942  0.3126 15.1535
  5.4488  2.8901  0.9673  2.2824 24.7188
  5.4284  4.0346  0.9731  0.5967 36.9341
  5.0555  1.5069  0.9685  0.1475 11.0802
  5.2578  3.7938  0.9720  0.8511 34.3156
  4.7275  1.8836  0.9928  1.7180 14.6197
  6.2857  2.5875  0.9798  1.3970 21.6041
  5.3531  2.7639  0.9808  1.0518 23.4127
  4.3782  4.4317  0.9956  1.5926 41.2999
  5.2992  2.2139  0.9788  1.9763 17.8460
  5.7340  1.8828  0.9817  1.8936 14.6117
  6.1099  4.0608  0.9891  1.3457 37.2208
  3.8546  2.7450  0.9820  0.3504 23.2176
  4.9135  3.6857  0.9980  2.0563 33.1470
  6.2497  1.7262  0.9861  1.7499 13.1201
  5.2709  3.7515  0.9917  1.9724 33.8582
  4.2602  3.9123  0.9879  0.7435 35.6014
  4.5790  2.8542  0.9905  2.5312 24.3464
  5.4605  2.8844  0.9700  2.0562 24.6588
  4.7342  1.6662  0.9952  1.4400 12.5563
  4.6006  2.7183  0.9820  1.5491 22.9428
  5.2845  1.4353  0.9980  2.7938 10.4271
  4.3673  3.5991  0.9980  0.8847 32.2155
  4.6122  2.9351  0.9705  1.3915 25.1861
  4.8646  1.8322  0.9919  2.2560 14.1269
  5.7123  2.8602  0.9750  0.5908 24.4084
  3.8237  3.8016  0.9980  1.3421 34.3998
  4.8839  3.6267  0.9702  1.5949 32.5121
  5.9520  3.8039  0.9809  2.4223 34.4252
  5.0460  1.2548  0.9863  2.4946  8.8159
  5.0582  3.8547  0.9695  1.0726 34.9751
  6.1477  4.2226  0.9682  2.8296 38.9942
  5.0953  2.5021  0.9980  1.2613 20.7354
  6.7719  3.3607  0.6292  1.4489 29.6669
  5.0389  3.7272  0.9748  1.1063 33.5954
  4.7849  3.3991  0.9729  1.5884 30.0758
  5.1846  2.7507  0.9850  1.8585 23.2767
  5.1276  2.4856  0.9949  0.3913 20.5685
  5.2383  0.9142  0.9939  1.0710  5.9360
  5.9812  3.6149  0.9941  0.9622 32.3851
  4.8487  3.5787  0.9917  0.2746 31.9960
  4.6926  3.0945  0.9700  1.7148 26.8535
  4.6334  3.1576  0.9794  1.7832 27.5164
  3.5539  1.2098  0.9730  1.2348  8.4227
  3.8993  0.9203  0.9968  1.5059  5.9849
  4.8564  0.7214  0.9980  0.9316  4.4230
  5.2471  4.4228  0.9868  2.5362 41.2021
  5.3333  3.7619  0.9731  2.4043 33.9698
  4.7015  2.7756  0.9849  1.0586 23.5337
  5.7338  3.4244  0.9724  0.9153 30.3454
  4.4581  2.7107  0.9980  2.4019 22.8653
  4.3118  3.3379  0.9692  1.5071 29.4246
  4.4724  2.5340  0.9817  0.9747 21.0595
  5.1458  1.5204  0.9923  0.5914 11.2034
  5.0364  1.3171  0.9904  2.1532  9.3668
  4.8924  1.9608  0.9969  2.0784 15.3648
  4.2147  3.3364  0.9948  0.5913 29.4085
  4.5691  2.4596  0.9970  1.0904 20.3054
  5.1546  2.2246  0.9809  1.4593 17.9518
  4.6134  4.0142  0.9900  2.4203 36.7116
  5.2102  0.4165  0.9678  1.8192  2.2680
  4.9153  2.6002  0.9742  0.7695 21.7339
  5.8284  2.3521  0.9889  1.9994 19.2239
  4.2678  1.2208  0.9880  0.7912  8.5188
  4.6532  3.5128  0.9961  2.1242 31.2892
  4.5296  4.1084  0.9806  0.3621 37.7415
  5.6507  4.3634  0.9687  1.1281 40.5458
  5.2586  2.0794  0.9980  0.2189 16.5206
  5.4655  4.4057  0.9841  1.7400 41.0124
  6.1296  2.1612  0.9799  0.7862 17.3248
  3.9560  4.2402  0.9689  1.5058 39.1876
  5.3923  3.2734  0.9950  1.5296 28.7395
  5.7544  2.6831  0.9715  0.9765 22.5819
  5.4259  1.1303  0.9831  0.5916  7.7363
  5.5060  3.2971  0.9870  0.9292 28.9914
  4.2125  4.0458  0.9778  1.6425 37.0563
  5.5914  2.0393  0.9980  1.3323 16.1277
  4.6144  1.5562  0.9804  1.0194 11.5334
  5.8812  2.1782  0.9776  1.0092 17.4926
  4.4096  1.2481  0.9760  0.9253  8.7570
  4.9604  2.0529  0.9844  1.8065 16.2609
  5.1074  2.3251  0.9952  1.9891 18.9530
  6.0824  3.1522  0.9925  0.9562 27.4600
  4.5206  0.7178  0.9937  1.8490  4.3961
  5.2300  1.8006  0.9980  1.2366 13.8261
  4.9131  1.3886  0.9712  1.2061 10.0057
  4.8227  0.4807  0.9948  1.7815  2.6935
  6.0918  3.7097  0.9975  2.0293 33.4061
  4.8744  3.1321  0.9803  1.1338 27.2485
  5.0703  4.3999  0.9782  0.4359 40.9492
  5.0730  2.6469  0.9851  0.5971 22.2104
  4.4335  0.9034  0.9942  1.3543  5.8484
  4.7177  2.2896  0.9812  1.8534 18.5984
  5.2725  1.7047  0.9854  0.2288 12.9178
  4.3634  3.8834  0.9689  0.7433 35.2876
  4.4626  2.8233  0.9862  1.1940 24.0258
  4.2438  3.9888  0.9878  0.3475 36.4349
  5.9137  2.7413  0.9980  1.0348 23.1794
  4.3278  1.6949  0.9674  1.1194 12.8259
  4.9588  0.5164  0.9860  2.6233  2.9371
  4.4821  2.4714  0.9938  1.0685 20.4246
  4.2726  0.4462  0.9867  0.4709  2.4626
  5.4147  2.4852  0.9850  0.8433 20.5649
  3.9764  4.1405  0.9830  0.6133 38.0936
  4.0452  2.1756  0.9915  1.4003 17.4665
  4.9424  2.9408  0.9980  1.5108 25.2459
  4.7379  3.6994  0.9789  1.5952 33.2955
  4.4903  4.4511  0.9867  0.9258 41.5156
  5.4653  4.3860  0.9800  0.2209 40.7947
  3.9158  0.7557  0.9962  2.3913  4.6844
  4.9963  1.6874  0.9677  1.9252 12.7549
  5.3298  2.6010  0.9766  1.9244 21.7414
  5.3197  2.4436  0.9980  1.8089 20.1439
  4.9023  4.2284  0.9765  2.1026 39.0581
  5.2363  3.4727  0.9910  0.1284 30.8603
  5.8143  2.5390  0.9725  0.5972 21.1101
  5.5856  3.1498  0.9979  2.1149 27.4341
  5.8870  1.7089  0.9711  1.0895 12.9570
  3.9764  1.5923  0.9980  2.8262 11.8677
  6.1689  1.9764  0.9712  1.5244 15.5159
  4.5864  2.8207  0.9980  1.3022 23.9990
  5.4963  1.9596  0.9836  0.8726 15.3526
  5.0674  3.3393  0.9767  1.1610 29.4386
  4.2727  0.6641  0.9726  0.5022  3.9940
  6.3735  1.9872  0.9682  0.8049 15.6203
  5.1325  1.0891  0.9980  2.5403  7.3856
  5.6571  2.7796  0.9808  0.2679 23.5746
  5.3133  1.4197  0.9980  0.8469 10.2857
  5.8916  3.6363  0.9930  2.9056 32.6154
  4.3617  4.3675  0.9935  0.4340 40.5913
  5.4961  2.9026  0.9793  1.5185 24.8483
  5.4783  3.6276  0.9699  2.4616 32.5220
  5.5116  3.6843  0.9699  0.6343 33.1327
  4.5706  1.5718  0.9868  0.3385 11.6776
  5.7444  2.6057  0.9701  1.6265 21.7897
  5.6091  1.7046  0.9878  1.2042 12.9167
  5.0997  2.2296  0.9694  0.4406 18.0019
  5.1396  3.4239  0.9803  1.8495 30.3401
  4.8729  2.8079  0.9913  1.5452 23.8666
  5.4012  2.6213  0.9791  2.1214 21.9489
  4.3743  4.3888  0.9966  1.3090 40.8260
  5.2520  2.1878  0.9707  0.2429 17.5870
  5.7871  3.7743  0.9684  0.4573 34.1046
  5.2989  1.9008  0.9906  1.9303 14.7856
  5.0452  3.2504  0.9685  2.5868 28.4960
  4.4110  4.3633  0.9821  1.5307 40.5448
  5.3246  3.7022  0.9816  1.6057 33.3250
  4.5654  1.8440  0.9878  1.7880 14.2403
  4.4454  1.7425  0.9696  1.1213 13.2742
  4.8586  3.3397  0.9777  0.9791 29.4434
  6.7706  2.7159  0.8151  2.6772 22.9184
  6.8861  2.7818  0.9102  0.7443 23.5968
  3.6487  2.5773  0.9678  1.5836 21.5002
  6.5147  2.4128  0.8326  2.1557 19.8340
  4.5953  4.4664  0.9694  0.5956 41.6847
  4.0196  1.9943  0.9747  0.5189 15.6898
  4.0419  4.1274  0.9765  1.3473 37.9497
  6.5454  1.1958  0.8762  0.3750  8.3010
  6.7506  3.7313  0.6071  1.8077 33.6394
  4.2118  4.0634  0.9815  1.5350 37.2488
  5.2283  3.8627  0.9898  1.3341 35.0627
  5.4904  0.5354  0.9682  0.6584  3.0688
  5.0035  1.8066  0.9962  1.5952 13.8832
  5.5809  2.1990  0.9849  1.0741 17.6985
  5.2933  1.8854  0.9869  0.1734 14.6369
  5.1208  2.1430  0.9733  1.6087 17.1449
  5.2083  1.5408  0.9917  2.3163 11.3914
  4.5287  2.5790  0.9964  1.9956 21.5169
  4.2158  1.5663  0.9875  0.6255 11.6263
  5.3664  1.4881  0.9881  2.1666 10.9075
  5.6005  4.2823  0.9724  1.1282 39.6513
  5.5747  2.4109  0.9973  1.4521 19.8143
  5.8213  2.0928  0.9949  1.3587 16.6513
  5.1923  1.2006  0.9975  1.4284  8.3427
  3.9605  1.6013  0.9936  1.4715 11.9511
  4.8883  0.8074  0.9980  1.3771  5.0857
  5.2123  1.4140  0.9921  0.4405 10.2345
  5.5630  2.6394  0.9685  1.5729 22.1344
  4.0332  4.2369  0.9761  0.7002 39.1518
  5.2962  3.7705  0.9850  0.9435 34.0629
  5.8316  3.0633  0.9688  2.5055 26.5263
  4.4732  2.1168  0.9676  0.4225 16.8868
  5.9303  1.9642  0.9805  1.1591 15.3973
  5.3848  1.4629  0.9910  0.5784 10.6782
  5.1881  3.1138  0.9755  1.6718 27.0557
  5.0881  0.8209  0.9670  1.7848  5.1915
  5.3123  3.6860  0.9921  2.6281 33.1505
  4.4019  3.0711  0.9701  0.7227 26.6074
  4.4631  3.0494  0.9819  0.9998 26.3799
  4.8793  4.0587  0.9935  2.0352 37.1979
  5.4452  2.4955  0.9753  0.4225 20.6688
  5.0739  3.3804  0.9685  1.5871 29.8764
  5.0150  1.7439  0.9892  0.6305 13.2877
  5.7277  3.1249  0.9930  2.2307 27.1730
  4.6141  3.1067  0.9943  0.3176 26.9817
  5.6447  3.6740  0.9784  0.3338 33.0210
  4.5855  3.4653  0.9748  1.9654 30.7814
  5.2732  4.4321  0.9841  2.2216 41.3051
  4.5084  3.2315  0.9867  0.7881 28.2965
  5.6768  3.4540  0.9980  2.5182 30.6607
  6.3131  1.1311  0.9672  1.5385  7.7438
  3.5866  3.6816  0.9740  0.3442 33.1032
  4.7157  3.8003  0.9732  1.6647 34.3863
  6.4509  2.0472  0.8924  0.5794 16.2055
  4.7417  2.0991  0.9760  1.3926 16.7130
  3.8248  3.9224  0.9943  0.0271 35.7111
  4.8259  2.4445  0.9920  2.6944 20.1530
  4.9203  2.1503  0.9757  1.4080 17.2169
  5.2077  2.3060  0.9731  1.4579 18.7626
  5.9863  4.0342  0.9941  0.5858 36.9304
  4.1625  3.6442  0.9686  2.2347 32.7000
  5.6942  2.5566  0.9772  1.4531 21.2898
  4.8152  2.1030  0.9713  1.8255 16.7518
  5.6430  3.2242  0.9872  0.7569 28.2198
  5.1107  4.3968  0.9869  1.5715 40.9145
  5.5517  2.8672  0.9710  0.8305 24.4803
  4.9017  4.0741  0.9832  1.9797 37.3657
  5.5651  3.2540  0.9951  0.8136 28.5340
  5.2174  4.4388  0.9758  1.7207 41.3791
  5.0180  2.8723  0.9755  1.9101 24.5339
  5.0847  3.5198  0.9841  2.2364 31.3642
  5.7639  3.1974  0.9922  1.9875 27.9362
  4.6275  1.8923  0.9957  0.5728 14.7032
  5.7817  2.1517  0.9738  0.7129 17.2310
  3.6691  1.9564  0.9855  1.4945 15.3218
  5.3094  4.4865  0.9980  1.0382 41.9073
  3.7396  3.7687  0.9858  2.0030 34.0439
  5.1032  0.7350  0.9863  1.0161  4.5261
  5.4397  2.2631  0.9824  0.6512 18.3350
  5.1420  1.7265  0.9810  2.7187 13.1235
  5.0583  3.6462  0.9695  0.0518 32.7220
  5.1101  2.3080  0.9980  0.5924 18.7828
  6.3572  1.8320  0.9695  1.5499 14.1252
  4.9601  3.0714  0.9705  1.7412 26.6107
  4.6997  0.2934  0.9961  2.0223  1.5026
  4.5429  3.7462  0.9907  0.1330 33.8008
  5.2205  2.2559  0.9670  1.5883 18.2628
  4.3505  1.5841  0.9754  0.2679 11.7914
  6.3414  3.8248  0.9285  1.6347 34.6511
  5.3948  3.9026  0.9945  1.5608 35.4955
  4.9182  2.0677  0.9687  2.5041 16.4055
  6.5483  3.0483  0.8867  0.8372 26.3683
  4.7712  2.8730  0.9822  0.6133 24.5408
  5.2415  4.4337  0.9935  0.4473 41.3226
  4.9755  2.9504  0.9917  1.7142 25.3461
  5.6627  1.6626  0.9942  0.5821 12.5226
  5.8268  1.9023  0.9897  1.5848 14.7998
  5.2857  1.8512  0.9834  2.1459 14.3095
  5.5702  4.1119  0.9907  1.4806 37.7793
  5.5509  0.5709  0.9709  1.4444  3.3180
  5.4356  3.4963  0.9837  0.9290 31.1131
  4.5496  3.7457  0.9947  0.1586 33.7953
  5.2125  4.2046  0.9902  1.5007 38.7967
  5.0297  3.0566  0.9694  0.7478 26.4551
  4.9049  1.7895  0.9766  1.4215 13.7204
  6.2104  2.3071  0.9854  1.0870 18.7737
  4.9155  0.9090  0.9896  2.1638  5.8939
  5.3013  1.3708  0.9777  1.4469  9.8461
  6.1068  4.0787  0.9812  2.0300 37.4164
  5.1921  2.3219  0.9763  1.5706 18.9215
  4.8045  2.6290  0.9696  0.3886 22.0281
  4.8255  2.0286  0.9670  1.9452 16.0236
  5.1454  0.7404  0.9811  2.7761  4.5679
  4.1257  3.0103  0.9748  2.4684 25.9707
  5.3628  2.6685  0.9893  1.5511 22.4316
  5.4013  1.0096  0.9912  0.2168  6.7186
  4.7239  1.9318  0.9941  0.7073 15.0843
  4.6908  4.4239  0.9980  1.0844 41.2144
  6.1554  3.8455  0.9799  1.1233 34.8753
  5.1551  1.2532  0.9684  1.0410  8.8025
  4.2136  0.8552  0.9756  0.7242  5.4627
  5.0296  2.3964  0.9904  1.0387 19.6688
  4.3349  2.0095  0.9705  0.8888 15.8376
  3.7018  2.9796  0.9887  0.5760 25.6501
  6.0139  2.0273  0.9936  1.0808 16.0105
  6.3385  3.4375  0.9810  0.9049 30.4849
  4.9878  0.9636  0.9729  1.1659  6.3382
  5.7693  2.5036  0.9771  1.5928 20.7514
  5.1754  2.8366  0.9930  1.6489 24.1638
  4.8557  2.8374  0.9792  0.4604 24.1722
  4.8543  1.7462  0.9743  0.4195 13.3091
  5.1605  1.5731  0.9700  1.8403 11.6899
  5.0845  2.1400  0.9830  0.4394 17.1154
  5.2110  2.7390  0.9970  1.5165 23.1556
  4.8465  3.9793  0.9926  0.4304 36.3304
  5.5032  4.4660  0.9746  2.0376 41.6803
  5.4852  4.4211  0.9788  1.4172 41.1831
  4.2564  1.7333  0.9867  0.6127 13.1879
  5.2479  3.1208  0.9808  0.2993 27.1297
  5.4368  1.0417  0.9915  0.7118  6.9863
  4.7433  3.1063  0.9946  0.5589 26.9767
  3.6726  4.0901  0.9899  0.6751 37.5412
  5.9310  4.4045  0.9695  1.2808 40.9998
  3.6460  3.8524  0.9746  1.5711 34.9504
  6.0742  2.2943  0.9733  1.0971 18.6455
  5.6910  2.6661  0.9959  2.5207 22.4070
  4.1248  1.0108  0.9972  0.8866  6.7285
  4.9966  0.7919  0.9862  0.6919  4.9645
  5.1802  0.9973  0.9758  0.5551  6.6161
  5.1953  2.9907  0.9708  0.6499 25.7665
  3.8964  1.2231  0.9758  0.6446  8.5391
  4.9236  3.5041  0.9791  0.4615 31.1963
  4.5401  2.2385  0.9921  2.6898 18.0903
  4.6966  3.8907  0.9697  1.9165 35.3661
  5.2988  2.9161  0.9979  1.1559 24.9890
  6.0128  1.0377  0.9702  0.8529  6.9525
  5.3192  3.3504  0.9894  0.8396 29.5571
  5.1567  1.1364  0.9830  1.7472  7.7885
  5.6179  3.0573  0.9980  1.5280 26.4629
  5.7877  3.7192  0.9980  0.7186 33.5085
  5.6026  4.1833  0.9888  1.1451 38.5622
  4.4260  2.8548  0.9854  1.6105 24.3522
  5.9831  2.1974  0.9980  2.4431 17.6822
  5.6177  4.0113  0.9913  1.7359 36.6802
  4.6632  3.2361  0.9785  1.6276 28.3447
  4.0431  2.8365  0.9754  0.3234 24.1629
  4.8516  3.4611  0.9896  1.1786 30.7366
  4.4241  2.2139  0.9759  0.8726 17.8462
  5.0924  1.5035  0.9913  1.1510 11.0488
  5.6378  3.2844  0.9705  1.8439 28.8562
  4.1491  3.1159  0.9694  2.1314 27.0775
  4.8281  3.6842  0.9773  1.2538 33.1307
  5.2713  2.8964  0.9890  0.4772 24.7836
  4.4030  4.4270  0.9926  0.4171 41.2485
  4.9174  2.8668  0.9905  2.2674 24.4770
  4.5268  3.0987  0.9775  1.2197 26.8972
  6.0117  2.7946  0.9750  2.5627 23.7297
  4.9735  3.3581  0.9852  1.5630 29.6387
  4.9532  1.7853  0.9757  1.0127 13.6808
  4.6243  2.2905  0.9672  0.9437 18.6077
  3.7755  2.3586  0.9980  1.0961 19.2894
  5.9647  2.4559  0.9672  1.0027 20.2687
  4.7026  3.4400  0.9878  1.5079 30.5118
  5.5241  3.0064  0.9948  0.4725 25.9304
  4.2180  2.3286  0.9849  2.4348 18.9887
  5.5447  4.3886  0.9778  2.4988 40.8243
  5.0626  2.7185  0.9743  0.2430 22.9451
  4.3040  4.3589  0.9907  2.1818 40.4958
  4.5554  1.4039  0.9926  1.9874 10.1435
  4.5172  0.6544  0.9723  0.8221  3.9224
  5.2295  1.0098  0.9980  1.2310  6.7201
  5.0405  2.0544  0.9704  1.2711 16.2755
  3.5663  1.9385  0.9980  0.8469 15.1488
  4.9580  2.0391  0.9903  0.6882 16.1260
  4.2681  3.2572  0.9856  1.2879 28.5689
  4.7435  1.8977  0.9690  1.6944 14.7556
  6.2690  3.2309  0.9723  1.0028 28.2902
  5.1514  0.8663  0.9901  1.2341  5.5509
  5.2599  0.9258  0.9980  0.3411  6.0298
  5.7519  3.5784  0.9701  2.6147 31.9931
  5.4908  0.5335  0.9891  1.1753  3.0552
  5.3426  2.4022  0.9823  1.6125 19.7268
  5.5664  4.0882  0.9718  1.6788 37.5208
  5.4688  3.6716  0.9763  0.7875 32.9958
  5.1873  0.9831  0.9840  0.6396  6.4985
  6.5711  2.0335  0.8296  0.5918 16.0713
  3.8209  3.8444  0.9980  1.2695 34.8639
  5.2953  3.0750  0.9684  2.4835 26.6483
  5.1793  1.9959  0.9777  1.4650 15.7051
  4.7225  2.9572  0.9937  1.3586 25.4169
  4.9345  0.7880  0.9873  0.1124  4.9346
  5.0263  3.1422  0.9801  1.9187 27.3545
  5.8732  3.7778  0.9903  1.7866 34.1427
  5.6707  2.9265  0.9705  1.0119 25.0968
  4.9632  3.6357  0.9945  1.9494 32.6088
  3.7883  2.9287  0.9773  2.2887 25.1196
  4.9784  1.5875  0.9828  0.5460 11.8231
  5.1345  2.7969  0.9980  0.5202 23.7528
  5.1643  2.0047  0.9671  0.3762 15.7910
  4.8009  1.5911  0.9786  0.8861 11.8558
  5.1114  4.3840  0.9794  1.2707 40.7735
  5.1763  4.0832  0.9941  0.2250 37.4655
  5.1306  2.2158  0.9789  1.6201 17.8645
  4.6010  3.2032  0.9883  1.7272 27.9971
  4.7082  2.6667  0.9792  1.1605 22.4132
  5.2003  1.9238  0.9783  0.9425 15.0072
  5.4260  1.9489  0.9854  1.3067 15.2498
  6.3025  0.9353  0.9408  2.7681  6.1074
  5.7179  3.4076  0.9731  1.2260 30.1659
  5.7344  3.0837  0.9805  0.3297 26.7401
  5.6581  3.2117  0.9729  0.5759 28.0878
  4.7550  2.1689  0.9876  1.3213 17.4009
  4.9408  3.8590  0.9709  0.3687 35.0227
  5.0197  2.8725  0.9980  1.6671 24.5363
  5.2360  2.7316  0.9980  0.7294 23.0800
  5.5206  2.9149  0.9826  1.3678 24.9763
  4.5201  1.7554  0.9753  0.8162 13.3966
  6.7819  2.8118  0.5810  1.7357 23.9072
  4.4366  4.4739  0.9935  2.1776 41.7672
  4.0429  0.8133  0.9962  0.2719  5.1314
  6.1430  3.1104  0.9915  2.5577 27.0206
  5.1920  3.6378  0.9679  2.1428 32.6318
  6.0596  2.4356  0.9786  1.2133 20.0636
  4.7551  3.1545  0.9980  1.3092 27.4842
  5.2925  3.6470  0.9913  0.4049 32.7303
  5.5178  4.2664  0.9980  1.6091 39.4766
  4.4270  3.6997  0.9806  1.4948 33.2987
  4.9538  1.7025  0.9841  1.0754 12.8967
  6.1355  1.6862  0.9980  1.3508 12.7435
  4.3177  3.7472  0.9909  0.5972 33.8118
  4.2607  2.8776  0.9770  0.9738 24.5891
  4.7165  3.5664  0.9800  1.5557 31.8644
  5.4444  3.7845  0.9957  1.3726 34.2152
  5.2286  2.0324  0.9806  1.4645 16.0604
  5.4240  4.2225  0.9811  1.0397 38.9930
  6.0533  3.2378  0.9865  2.3561 28.3634
  5.5939  3.5400  0.9980  1.3191 31.5806
  6.1478  2.7353  0.9712  2.3566 23.1178
  4.0358  0.9146  0.9676  0.7988  5.9392
  5.7992  3.7637  0.9949  2.6293 33.9898
  6.2101  2.3372  0.9749  1.7872 19.0749
  5.0521  0.2692  0.9787  1.5130  1.3605
  4.5272  1.0174  0.9791  0.3397  6.7837
  5.1503  1.7980  0.9865  1.3483 13.8008
  4.9567  2.2111  0.9980  0.9471 17.8180
  5.2089  1.3739  0.9845  1.5714  9.8731
  5.1169  1.3765  0.9977  1.0091  9.8970
  5.3107  4.2491  0.9678  1.8247 39.2855
  4.2452  2.4957  0.9980  1.9323 20.6709
  5.2903  2.9426  0.9882  1.2253 25.2642
  5.7800  2.2554  0.9909  0.9074 18.2584
  4.7909  3.4057  0.9729  0.1697 30.1451
  4.1239  3.5931  0.9903  0.9289 32.1511
  5.5763  1.0673  0.9837  0.5360  7.2014
  5.0320  4.0652  0.9701  2.8656 37.2688
  5.6646  4.1081  0.9936  1.8794 37.7378
  3.6541  2.9019  0.9893  0.3074 24.8412
  5.4443  3.2436  0.9690  1.5568 28.4248
  5.1492  1.5811  0.9883  0.8385 11.7637
  5.1247  1.3873  0.9759  1.7848  9.9936
  3.9597  4.0022  0.9737  0.9462 36.5804
  6.1327  3.2211  0.9729  0.6256 28.1871
  4.3030  2.7179  0.9764  2.2948 22.9385
  4.8397  2.5216  0.9754  1.1424 20.9340
  4.9762  2.7180  0.9949  0.5534 22.9395
  4.9014  4.3742  0.9707  0.4979 40.6645
  6.2353  2.3307  0.9954  1.1828 19.0095
  5.4549  2.0615  0.9855  1.6322 16.3450
  5.2262  1.6922  0.9685  2.0932 12.8004
  4.7346  2.4485  0.9711  2.7399 20.1941
  4.8980  2.6451  0.9852  1.0956 22.1927
  5.4963  1.5449  0.9955  1.0174 11.4295
  4.7433  3.2195  0.9800  0.8367 28.1699
  5.2318  3.5174  0.9680  1.0156 31.3390
  4.9057  2.9671  0.9949  1.6629 25.5201
  5.0082  3.6732  0.9767  1.4957 33.0123
  4.1370  2.8552  0.9925  0.7820 24.3561
  5.5549  3.6590  0.9750  1.6868 32.8602
  5.1688  2.3776  0.9980  2.3855 19.4800
  4.9323  1.4016  0.9755  0.3168 10.1226
  4.9371  0.8640  0.9939  0.7406  5.5323
  5.2068  1.6117  0.9980  1.2938 12.0476
  5.2968  3.0380  0.9954  2.0039 26.2608
  5.0193  3.3185  0.9712  2.2091 29.2180
  4.4283  1.3578  0.9725  1.7039  9.7294
  5.0300  3.3335  0.9856  2.5165 29.3770
  5.0152  2.9620  0.9732  0.9700 25.4667
  4.2091  0.5798  0.9849  0.5661  3.3812
  5.0108  1.1541  0.9717  0.5771  7.9407
  4.2216  2.0899  0.9978  1.3158 16.6234
  5.1748  1.5848  0.9801  1.1433 11.7975
  5.2016  4.0728  0.9677  2.5473 37.3523
  4.8710  1.4056  0.9780  1.3267 10.1587
  6.0083  3.0953  0.9944  1.7303 26.8610
  5.7211  2.2394  0.9944  1.1737 18.0989
  4.9303  3.4107  0.9680  0.9223 30.1986
  4.1610  3.3976  0.9920  2.0746 30.0590
  5.0681  3.6189  0.9821  2.0615 32.4277
  5.5894  3.1391  0.9772  0.5477 27.3223
  5.1652  1.2322  0.9838  1.9002  8.6183
  3.6007  3.1312  0.9725  1.3517 27.2391
  5.2799  1.4564  0.9699  0.6133 10.6190
  4.7603  2.7994  0.9857  0.5681 23.7786
  5.0294  3.1154  0.9712  0.4639 27.0728
  4.6639  4.3749  0.9932  2.7620 40.6719
  4.6089  3.1856  0.9781  1.8656 27.8117
  5.0183  2.0229  0.9823  1.5301 15.9678
  3.8713  3.5554  0.9817  1.0113 31.7462
  5.8365  4.4271  0.9960  2.0732 41.2495
  5.2575  2.5804  0.9753  1.8481 21.5319
  5.4047  2.9633  0.9706  1.8146 25.4807
  4.2838  2.4776  0.9725  0.4584 20.4879
  5.1403  2.3983  0.9980  0.6013 19.6879
  4.9430  3.4604  0.9980  1.3130 30.7290
  5.1056  1.5435  0.9906  0.8700 11.4161
  4.6683  4.0246  0.9953  1.4397 36.8250
  4.6846  2.9206  0.9871  0.4278 25.0354
  4.8279  4.2001  0.9719  1.0631 38.7476
  5.2511  4.1414  0.9858  0.9331 38.1027
  5.5473  3.3584  0.9839  1.3643 29.6422
  4.8666  4.3263  0.9936  0.7169 40.1359
  4.4710  2.3521  0.9943  1.9629 19.2234
  4.7498  0.7432  0.9898  1.2191  4.5893
  5.3663  4.1961  0.9885  0.7742 38.7028
  4.9294  2.4736  0.9858  1.8067 20.4477
  5.4943  3.9721  0.9883  2.1470 36.2520
  5.0357  2.0256  0.9829  0.3587 15.9945
  4.0349  3.6298  0.9920  2.4461 32.5452
  4.8799  1.5107  0.9873  1.2689 11.1143
  4.2280  2.8762  0.9731  0.4639 24.5746
  5.1432  1.6937  0.9939  0.9776 12.8143
  4.3900  2.3197  0.9882  0.6082 18.8997
  5.1370  1.8342  0.9821  1.1733 14.1460
  5.9293  3.6064  0.9708  1.4295 32.2942
  5.1712  2.9893  0.9744  2.0533 25.7514
  6.0479  4.4287  0.9956  1.3569 41.2669
  4.0229  3.4143  0.9695  1.3527 30.2375
  5.1335  0.8217  0.9842  0.7599  5.1978
  4.3396  4.1614  0.9675  0.5932 38.3220
  4.2682  3.3548  0.9708  1.4283 29.6038
  4.2214  2.5882  0.9754  0.1417 21.6111
  4.7796  2.5711  0.9764  1.2631 21.4369
  5.4516  1.9723  0.9885  1.5849 15.4764
  4.5923  1.6814  0.9794  1.1748 12.6985
  5.7988  3.9397  0.9670  1.6316 35.8998
  5.2140  1.3973  0.9821  1.9561 10.0836
  4.6146  2.6441  0.9815  1.3132 22.1824
  5.1931  0.8174  0.9951  2.6480  5.1635
  4.9312  1.4003  0.9724  0.8418 10.1107
  5.1885  0.5797  0.9961  1.6275  3.3807
  4.9124  2.4186  0.9777  0.6132 19.8919
  5.4885  2.6750  0.9858  0.9152 22.4986
  3.7874  1.7448  0.9856  1.8700 13.2961
  5.2791  1.7452  0.9892  1.6666 13.3000
  5.0793  4.3503  0.9786  2.8293 40.4008
  4.9575  2.7972  0.9673  1.3621 23.7567
  4.7139  2.5864  0.9678  0.7464 21.5932
  4.7628  3.3400  0.9775  1.6565 29.4467
  5.4614  1.3056  0.9879  1.4441  9.2642
  5.2633  3.6836  0.9980  1.0555 33.1250
  4.3097  3.3880  0.9857  0.6775 29.9573
  4.7018  2.1039  0.9874  1.2419 16.7602
  5.2854  2.6081  0.9752  2.8930 21.8140
  5.1677  1.9966  0.9884  2.5263 15.7117
  4.9748  1.4278  0.9863  1.7345 10.3593
  5.2386  2.2173  0.9858  0.6744 17.8800
  5.1969  4.2809  0.9753  0.7110 39.6355
  5.6108  2.3562  0.9824  0.6318 19.2647
  5.0741  2.4142  0.9693  1.8058 19.8477
  4.8753  2.5848  0.9831  1.3822 21.5761
  4.5189  2.3595  0.9946  1.3610 19.2983
  5.3339  1.4437  0.9810  1.0135 10.5032
  5.0938  3.7305  0.9970  1.2646 33.6313
  5.1104  1.9637  0.9944  0.7515 15.3929
  4.9824  2.3478  0.9836  1.7817 19.1804
  5.2393  1.3455  0.9939  1.2641  9.6193
  6.1882  3.7167  0.9864  1.3136 33.4814
  6.5779  2.0556  0.8124  0.5608 16.2874
  5.0653  1.9172  0.9882  2.1358 14.9430
  4.0415  1.1487  0.9909  2.0798  7.8940
  4.9398  2.8726  0.9682  1.4282 24.5372
  4.0252  2.6352  0.9831  1.1964 22.0909
  3.8095  1.4082  0.9862  0.9712 10.1824
  4.2292  4.2120  0.9767  1.1834 38.8774
  5.0595  3.9925  0.9917  0.9846 36.4751
  4.1659  2.9684  0.9845  1.9294 25.5330
  6.5202  2.7032  0.8347  1.6654 22.7878
  4.0654  1.8653  0.9808  1.2878 14.4445
  5.5079  1.9449  0.9775  0.7617 15.2111
  5.4422  3.5721  0.9680  0.4851 31.9248
  4.6100  2.0223  0.9860  1.1836 15.9617
  4.6689  1.4681  0.9706  1.4673 10.7254
  4.7139  0.9410  0.9884  0.3226  6.1535
  5.1382  4.0555  0.9865  1.7870 37.1624
  5.2590  1.4762  0.9926  0.9028 10.7988
  4.8006  2.8956  0.9966  2.4100 24.7758
  5.4056  2.6660  0.9721  1.4329 22.4068
  5.1143  1.6641  0.9460  0.7460 12.5362
  5.1337  3.1407  0.9878  0.9758 27.3392
  5.3372  1.8436  0.9690  0.6779 14.2362
  5.2322  4.1256  0.9876  1.6299 37.9296
  5.0435  1.5961  0.9778  2.0843 11.9027
  5.6149  3.6050  0.9716  1.6543 32.2783
  5.2467  1.5817  0.9822  1.0506 11.7694
  4.1119  3.0790  0.9853  1.4757 26.6904
  5.1935  1.7544  0.9952  0.5551 13.3870
  5.4358  1.9652  0.9765  1.7168 15.4071
  6.8168  1.8576  0.5311  0.4732 14.3701
  5.4631  3.9282  0.9826  2.7297 35.7743
  5.2883  3.2538  0.9914  1.6024 28.5328
  4.8764  2.0934  0.9689  0.6678 16.6576
  4.7205  2.5144  0.9900  2.1471 20.8607
  4.9148  1.2580  0.9980  1.9560  8.8446
  5.0253  2.5945  0.9933  1.7587 21.6759
  4.4963  3.8683  0.9736  0.6357 35.1236
  6.5913  1.1391  0.7778  1.6206  7.8119
  5.4010  3.0838  0.9843  0.3386 26.7404
  4.7355  2.4974  0.9946  2.3303 20.6877
  5.5090  1.3875  0.9820  2.4869  9.9956
  3.6788  4.3260  0.9738  1.0842 40.1327
  6.5839  2.4419  0.8542  2.0833 20.1272
  4.9911  2.5487  0.9760  1.3906 21.2094
  6.0712  2.1481  0.9931  1.3178 17.1951
  5.1667  3.2851  0.9749  0.3112 28.8637
  5.3932  1.0667  0.9914  2.1358  7.1964
  5.7965  3.8222  0.9684  1.1100 34.6226
  5.2657  2.4073  0.9979  0.5585 19.7783
  4.9254  2.6272  0.9809  1.9574 22.0096
  4.4006  4.1216  0.9923  1.0980 37.8857
  5.0075  1.4862  0.9850  0.2952 10.8905
  4.7946  0.9868  0.9918  1.1098  6.5293
  3.8188  3.2993  0.9795  0.6959 29.0143
  4.5303  1.9534  0.9969  0.5837 15.2930
  6.0109  0.2173  0.9796  0.4875  1.0662
  4.8913  2.8546  0.9855  1.6592 24.3502
  3.7260  3.6827  0.9742  0.4967 33.1154
  4.6624  1.9912  0.9869  1.8254 15.6599
  5.9544  3.2314  0.9689  2.6687 28.2958
  5.3952  1.9777  0.9898  1.2865 15.5281
  5.1911  3.7200  0.9811  1.5681 33.5173
  5.1177  2.3963  0.9752  1.6371 19.6674
  5.6577  2.8180  0.9848  0.9246 23.9712
  4.5150  3.9256  0.9965  0.3185 35.7457
  4.1617  4.0416  0.9809  1.1775 37.0110
  4.5647  2.8956  0.9670  0.6810 24.7752
  4.4311  1.3830  0.9699  1.2875  9.9557
  4.7890  3.0743  0.9756  0.4838 26.6406
  3.9505  2.4620  0.9811  0.3137 20.3298
  4.8435  2.1993  0.9724  1.6834 17.7013
  5.0689  3.1350  0.9890  1.4091 27.2790
  4.8935  0.4183  0.9686  0.5867  2.2798
  4.9461  3.7940  0.9808  1.5863 34.3177
  5.5298  1.8517  0.9952  1.9998 14.3134
  5.0308  2.1667  0.9980  2.7852 17.3784
  5.4931  0.9280  0.9713  0.4408  6.0481
  5.9146  2.8385  0.9755  0.4973 24.1837
  5.1870  2.4296  0.9693  1.8112 20.0025
  4.9384  1.2341  0.9869  2.1280  8.6343
  5.9636  2.4336  0.9842  0.6937 20.0436
  4.5383  3.5576  0.9874  0.1601 31.7702
  4.6453  1.2752  0.9670  0.4599  8.9954
  4.6323  3.8215  0.9672  0.7894 34.6152
  4.8869  2.6199  0.9732  1.8320 21.9345
  4.3878  3.8413  0.9758  0.1497 34.8302
  5.2752  3.9336  0.9701  0.0651 35.8332
  5.0036  2.7964  0.9821  1.8591 23.7478
  6.7652  3.0523  0.6110  1.2627 26.4108
  6.3304  2.1111  0.9852  0.4049 16.8312
  5.5774  4.2114  0.9668  1.7095 38.8708
  4.6405  2.0212  0.9705  1.4526 15.9518
  4.9738  3.6393  0.9913  1.7381 32.6480
  4.8466  1.8033  0.9903  1.6400 13.8517
  3.9173  1.4628  0.9940  2.6815 10.6774
  6.1755  1.4327  0.9724  1.7569 10.4038
  5.3137  0.4294  0.9870  1.5191  2.3518
  5.5044  4.4976  0.9807  1.1427 42.0305
  4.6991  0.6780  0.9730  1.3723  4.0968
  4.7923  2.0053  0.9847  1.7620 15.7966
  3.7282  3.6481  0.9812  0.5279 32.7424
  5.1380  0.5279  0.9806  1.8359  3.0164
  5.6981  2.6790  0.9921  1.8313 22.5395
  5.0892  2.1112  0.9852  0.8742 16.8324
  4.4823  3.7488  0.9679  2.4835 33.8283
  4.8527  4.1626  0.9772  1.1229 38.3355
  4.2864  3.5812  0.9974  0.4703 32.0227
  4.9232  2.2125  0.9772  0.7818 17.8319
  5.6144  2.5207  0.9815  1.6237 20.9247
  5.2888  4.4343  0.9775  0.3449 41.3294
  3.9086  0.8761  0.9912  2.1254  5.6292
  4.3146  1.9168  0.9854  2.2496 14.9399
  3.8308  1.9097  0.9874  1.9675 14.8712
  5.5082  3.4827  0.9934  2.1175 30.9677
  6.0635  2.7292  0.9896  0.7810 23.0551
  4.8328  1.4753  0.9856  2.5549 10.7911
  5.7811  2.8276  0.9871  0.7544 24.0710
  4.6802  3.6082  0.9925  1.4010 32.3130
  4.8149  1.7789  0.9879  1.7411 13.6191
  5.2456  0.9215  0.9713  2.2003  5.9949
  5.2752  0.8333  0.9855  2.0638  5.2891
  5.2785  1.9765  0.9731  0.9114 15.5164
  5.1548  2.5812  0.9723  1.0508 21.5401
  5.3579  2.6457  0.9778  1.0339 22.1986
  5.2576  4.1503  0.9911  0.2344 38.2006
  5.1693  2.9108  0.9949  1.3820 24.9331
  5.1285  0.8310  0.9957  2.1353  5.2711
  5.1573  1.3421  0.9808  2.4654  9.5892
  4.3039  1.9362  0.9980  2.1059 15.1268
  4.7547  2.9206  0.9727  2.0896 25.0357
  5.2033  0.7276  0.9727  0.5536  4.4699
  6.1242  3.9399  0.9921  0.4846 35.9022
  5.0589  1.5829  0.9965  1.3937 11.7798
  5.1881  2.8664  0.9950  0.0556 24.4722
  5.8558  3.4293  0.9715  0.8048 30.3978
  3.8665  4.3972  0.9747  0.8217 40.9193
  3.6010  3.6493  0.9685  2.0766 32.7552
  5.0983  2.3938  0.9823  2.0277 19.6428
  5.0735  3.5578  0.9741  1.0357 31.7720
  5.0149  3.7933  0.9669  0.5514 34.3099
  3.9398  1.5475  0.9693  0.3838 11.4535
  3.8769  3.3091  0.9890  0.1903 29.1184
  6.6126  3.1078  0.7935  0.5856 26.9929
  5.4787  2.3920  0.9949  0.3954 19.6240
  5.5708  3.1991  0.9943  1.5883 27.9542
  4.5198  1.0740  0.9679  1.1643  7.2578
  5.4871  0.5351  0.9802  2.2360  3.0667
  4.6865  0.8756  0.9964  1.8991  5.6249
  4.8313  1.5477  0.9890  2.1246 11.4552
  5.1402  1.3806  0.9979  0.6606  9.9334
  5.3654  1.9443  0.9960  1.5301 15.2052
  3.9999  2.0616  0.9676  2.3027 16.3455
  4.7430  3.1824  0.9944  0.3625 27.7777
  4.4231  3.0581  0.9766  1.4323 26.4712
  4.5964  1.8606  0.9804  2.0421 14.3991
  4.7451  1.4087  0.9934  1.4568 10.1863
  4.4452  3.7813  0.9952  1.7761 34.1803
  6.8448  2.2266  0.5758  1.0947 17.9715
  5.0362  4.1884  0.9928  1.4093 38.6184
  5.8939  1.8940  0.9865  1.4768 14.7200
  4.8022  0.7218  0.9886  2.3909  4.4263
  4.4719  2.1179  0.9967  1.8087 16.8983
  5.5557  1.7849  0.9804  1.1227 13.6763
  5.1628  2.8185  0.9730  1.0646 23.9760
  5.1528  3.0196  0.9684  1.5524 26.0684
  4.3317  1.2735  0.9884  0.9730  8.9803
  5.2649  2.0222  0.9777  0.4740 15.9611
  5.2090  1.5834  0.9824  1.2423 11.7847
  5.2249  2.3674  0.9742  1.8403 19.3769
  4.9281  2.3011  0.9914  1.0757 18.7131
  5.6471  4.3104  0.9954  1.5557 39.9611
  5.6835  4.4235  0.9867  1.4150 41.2094
  5.1014  3.1596  0.9967  1.8009 27.5381
  5.2310  3.7762  0.9722  1.2911 34.1254
  6.3537  2.4812  0.9980  2.0942 20.5242
  5.3985  2.9544  0.9935  0.9576 25.3878
  5.0880  0.6603  0.9843  1.5759  3.9653
  3.9914  2.4498  0.9770  0.9577 20.2072
  5.2617  0.9906  0.9948  2.2388  6.5612
  5.2314  2.3178  0.9766  1.0339 18.8801
  5.1206  1.0942  0.9704  0.3661  7.4287
  5.1927  1.7030  0.9758  1.0280 12.9017
  4.1563  4.0670  0.9896  0.5725 37.2883
  5.1548  2.9261  0.9968  0.6556 25.0925
  4.7407  2.3287  0.9875  0.4623 18.9895
  4.0450  3.0918  0.9759  1.6025 26.8243
  5.3543  1.2142  0.9710  1.1158  8.4613
  3.5340  3.1001  0.9919  0.6336 26.9117
  5.0921  2.4049  0.9767  1.5467 19.7539
  4.8542  0.8287  0.9865  0.9931  5.2526
  6.1911  2.7873  0.9902  0.6249 23.6540
  5.2763  2.8641  0.9782  1.9207 24.4490
  5.2989  3.2476  0.9677  1.2071 28.4665
  5.1290  2.0835  0.9694  2.4517 16.5606
  3.8302  2.9682  0.9938  0.2384 25.5315
  4.0543  1.0946  0.9951  0.4711  7.4324
  5.0493  1.0674  0.9774  1.3982  7.2025
  5.7989  3.0381  0.9848  1.1711 26.2614
  4.9343  2.1513  0.9799  1.7112 17.2267
  4.3382  0.3460  0.9895  1.3982  1.8211
  5.3149  4.2027  0.9831  1.7835 38.7761
  4.2316  3.1512  0.9908  0.3920 27.4494
  5.6053  3.4480  0.9792  1.4797 30.5963
  4.8246  2.7734  0.9881  0.8814 23.5109
  5.0153  2.5108  0.9671  2.5319 20.8237
  4.3560  4.0476  0.9971  1.1296 37.0763
  5.1761  4.3752  0.9786  0.6189 40.6755
  5.5602  2.5546  0.9727  2.0386 21.2686
  6.1951  1.4796  0.9980  1.6865 10.8299
  4.4231  3.0773  0.9678  2.2741 26.6723
  6.0491  3.9057  0.9821  0.8224 35.5294
  4.6864  1.5414  0.9688  2.4084 11.3972
  4.4835  2.3864  0.9745  1.3771 19.5685
  4.6749  4.0736  0.9957  0.5450 37.3609
  5.1802  1.3731  0.9902  1.3713  9.8660
  4.9915  1.5587  0.9724  0.9540 11.5565
  4.4710  2.9717  0.9844  2.3634 25.5682
  5.3080  1.9616  0.9698  0.9852 15.3719
  3.8271  2.6960  0.9812  1.6240 22.7136
  5.1251  1.5348  0.9870  1.8916 11.3366
  5.3538  3.0020  0.9871  1.4169 25.8845
  4.8123  2.5151  0.9803  0.6684 20.8680
  4.8031  1.5164  0.9888  2.0862 11.1673
  5.2251  2.9502  0.9712  0.8510 25.3432
  3.7243  2.7936  0.9869  0.2910 23.7189
  5.6818  4.0387  0.9861  0.1670 36.9791
  5.5796  3.8016  0.9966  2.1524 34.4002
  3.8291  4.3841  0.9813  2.6264 40.7739
  5.3012  0.9603  0.9946  2.1687  6.3112
  5.0740  3.1129  0.9851  1.3666 27.0468
  5.9964  3.9116  0.9974  1.6725 35.5941
  5.2945  1.4235  0.9690  0.2357 10.3209
  5.4604  0.3337  0.9966  0.4479  1.7453
  5.3476  2.1377  0.9809  1.2397 17.0925
  4.8212  1.2615  0.9738  0.8134  8.8751
  4.0286  1.5193  0.9955  2.0669 11.1941
  4.0046  2.2928  0.9777  2.5410 18.6310
  4.9893  2.4579  0.9955  1.4582 20.2881
  5.1371  1.6202  0.9953  2.3649 12.1268
  4.4608  3.7783  0.9785  2.3136 34.1476
  5.1069  3.8094  0.9764  0.4896 34.4842
  4.6237  4.3064  0.9960  1.4647 39.9164
  4.9262  3.2648  0.9908  1.8212 28.6486
  5.1228  1.9385  0.9758  2.2918 15.1491
  4.9798  3.2233  0.9927  1.2749 28.2102
  5.3742  1.8162  0.9876  1.2856 13.9744
  4.2838  3.5430  0.9873  0.7280 31.6127
  4.2294  2.1451  0.9717  1.1026 17.1655
  5.5951  2.3137  0.9903  1.8157 18.8389
  4.6567  3.0515  0.9872  2.8598 26.4022
  4.8868  4.1146  0.9874  1.6228 37.8092
  4.3166  1.5821  0.9765  0.3358 11.7724
  5.2845  3.5685  0.9912  0.7779 31.8871
  5.2823  3.6728  0.9671  0.1841 33.0088
  5.3226  2.4140  0.9962  1.6955 19.8461
  4.1790  3.4991  0.9673  1.7186 31.1425
  4.5392  1.1055  0.9980  0.8226  7.5247
  5.0886  4.3188  0.9682  0.5908 40.0534
  5.3268  0.7311  0.9741  0.5597  4.4964
  5.3666  1.3292  0.9679  2.5151  9.4743
  5.4332  2.1411  0.9952  1.3801 17.1261
  4.6940  2.7587  0.9700  0.6343 23.3593
  4.8760  3.0253  0.9802  1.8104 26.1277
  4.5198  1.9403  0.9900  1.6147 15.1665
  3.7023  3.6660  0.9800  2.9468 32.9348
  4.9074  1.4725  0.9980  1.1224 10.7658
  5.0929  0.9893  0.9924  0.7665  6.5503
  5.6400  4.2601  0.9885  0.0643 39.4065
  6.4865  2.4499  0.9401  0.9053 20.2080
  4.6260  4.0540  0.9852  1.0974 37.1464
  4.6907  1.1497  0.9701  1.1635  7.9030
  4.7041  0.9822  0.9886  2.0475  6.4913
  6.8175  2.0468  0.9685  0.2403 16.2009
  4.3366  1.2127  0.9756  2.8442  8.4478
  5.4310  0.9957  0.9847  0.8495  6.6029
  5.3759  3.0446  0.9807  1.0469 26.3302
  4.2384  0.9249  0.9899  0.1849  6.0227
  6.5925  1.7546  0.8147  1.3451 13.3886
  6.2733  2.1909  0.9727  0.7498 17.6181
  4.8582  3.3442  0.9675  2.0604 29.4915
  4.2238  2.7781  0.9785  1.2780 23.5593
  5.2828  0.7898  0.9936  0.7326  4.9480
  5.6743  2.8174  0.9701  0.3278 23.9650
  5.1703  2.2283  0.9943  1.1504 17.9889
  5.1538  1.3654  0.9699  1.6001  9.7970
  3.9473  3.1386  0.9976  0.4798 27.3163
  4.6480  1.7249  0.9940  0.6881 13.1083
  5.5913  2.2510  0.9795  0.5966 18.2141
  5.6652  3.9465  0.9917  1.2888 35.9735
  5.1809  1.4905  0.9905  1.1680 10.9301
  5.4586  1.0846  0.9971  0.7567  7.3479
  5.2162  0.8221  0.9834  2.2593  5.2007
  5.3891  3.7505  0.9935  2.0053 33.8475
  4.4159  2.9472  0.9972  0.4517 25.3119
  4.7623  1.8205  0.9742  2.5025 14.0153
  5.8856  1.6689  0.9871  2.7874 12.5815
  5.5015  1.6474  0.9956  2.5134 12.3809
  6.0634  1.6498  0.9930  1.4669 12.4024
  5.3908  3.0992  0.9758  1.6079 26.9023
  5.8682  2.7554  0.9980  1.3399 23.3244
  5.5200  3.8200  0.9818  2.0678 34.5996
  4.5388  0.8763  0.9783  1.1263  5.6305
  5.5565  4.2054  0.9721  0.5041 38.8052
  4.6950  2.9184  0.9943  1.6626 25.0128
  5.5193  2.7492  0.9836  1.7145 23.2607
  5.5535  2.5625  0.9858  1.4307 21.3496
  4.0908  4.1376  0.9963  1.1727 38.0616
  5.0689  1.5325  0.9724  0.6331 11.3152
  6.2035  3.1442  0.9840  2.9648 27.3753
  5.3745  2.1091  0.9868  1.2916 16.8111
  6.3332  4.0331  0.9861  1.0615 36.9183
  5.1954  2.5372  0.9980  1.2837 21.0916
  5.3309  1.8444  0.9769  1.3804 14.2438
  5.0678  2.5290  0.9840  0.8133 21.0085
  4.1286  4.0526  0.9907  1.5994 37.1307
  5.4263  0.7022  0.9929  0.3174  4.2780
  6.5543  3.3542  0.8322  1.0821 29.5977
  3.7639  3.5260  0.9827  1.4711 31.4308
  3.7957  2.7502  0.9867  2.6585 23.2710
  4.4979  4.0519  0.9850  0.5601 37.1236
  5.7807  3.6057  0.9815  1.0047 32.2864
  5.0327  1.8354  0.9980  0.5347 14.1582
  6.3766  1.7941  0.9774  1.8864 13.7636
  5.2124  1.1280  0.9833  2.1681  7.7171
  5.4061  3.6017  0.9967  1.3534 32.2427
  4.7727  0.7402  0.9668  0.7707  4.5659
  5.3198  4.3067  0.9775  0.5849 39.9200
  4.3621  1.8725  0.9739  1.6441 14.5128
  4.8281  2.6680  0.9814  1.4422 22.4270
  5.4870  0.7275  0.9872  0.8021  4.4692
  5.4048  3.8170  0.9875  1.1328 34.5668
  5.7712  2.9590  0.9938  1.5011 25.4356
  5.1114  2.4776  0.9862  2.5580 20.4873
  5.7973  3.4380  0.9980  1.7490 30.4899
  4.4835  2.4763  0.9807  2.5253 20.4745
  5.0732  3.1266  0.9790  0.7805 27.1903
  4.5537  1.2033  0.9882  0.3313  8.3664
  5.1059  2.7604  0.9869  1.9451 23.3769
  3.5120  4.2775  0.9748  1.3734 39.5983
  6.9634  2.4210  0.4297  2.1503 19.9161
  5.3597  1.3566  0.9688  0.4242  9.7184
  5.7353  2.7819  0.9686  2.0906 23.5987
  6.2943  3.0109  0.9709  1.0324 25.9769
  5.4451  4.0237  0.9697  2.4213 36.8148
  4.3608  2.0957  0.9829  0.5284 16.6800
  4.9114  1.2830  0.9931  1.9169  9.0645
  4.4727  3.9598  0.9671  0.9473 36.1180
  5.5279  2.8081  0.9939  0.9445 23.8689
  5.1962  3.6450  0.9943  1.2790 32.7089
  4.4179  2.1649  0.9894  0.7955 17.3608
  5.4606  3.9596  0.9845  0.5777 36.1162
  5.2961  0.9215  0.9980  1.3305  5.9946
  5.2595  2.6475  0.9807  1.5603 22.2168
  4.9997  3.7136  0.9768  1.0643 33.4489
  5.2713  2.1896  0.9703  0.5984 17.6049
  6.9559  1.9331  0.7631  1.1042 15.0967
  5.2715  3.1201  0.9894  0.9523 27.1218
  4.9596  4.1592  0.9892  0.9049 38.2981
  5.1641  1.6603  0.9980  1.0124 12.5014
  5.9156  3.4587  0.9980  0.7465 30.7112
  4.5712  2.9450  0.9904  0.5406 25.2892
  5.9628  4.4227  0.9708  0.5394 41.2009
  4.3589  3.0856  0.9872  0.9756 26.7595
  5.2201  1.7931  0.9876  1.0635 13.7547
  4.1824  3.9746  0.9977  0.1967 36.2797
  4.6726  1.7583  0.9719  0.7378 13.4240
  5.3192  4.3195  0.9974  1.1070 40.0610
  4.6192  0.8011  0.9702  1.0511  5.0365
  5.3649  1.9177  0.9863  2.6697 14.9481
  4.5339  2.5136  0.9790  0.6658 20.8524
  4.7259  1.8288  0.9872  1.9872 14.0948
  5.9191  2.7256  0.9722  0.3492 23.0185
  4.8471  3.7614  0.9799  1.1704 33.9646
  4.4679  0.8974  0.9973  1.5078  5.8001
  5.2719  4.3952  0.9926  1.0855 40.8966
  4.5753  2.0871  0.9849  1.5310 16.5953
  6.5614  1.4423  0.7361  0.6439 10.4906
  4.2155  2.2364  0.9700  1.4198 18.0695
  5.4016  2.9308  0.9735  1.5431 25.1420
  4.7061  3.1973  0.9933  1.2833 27.9352
  5.4052  3.7761  0.9769  0.9413 34.1243
  5.2696  1.8788  0.9696  1.7550 14.5737
  4.7017  1.2837  0.9819  0.8183  9.0707
  5.0700  2.7971  0.9912  0.7359 23.7556
  6.4438  4.2274  0.9373  1.7533 39.0466
  5.6315  2.7556  0.9838  0.1074 23.3270
  5.2032  2.8150  0.9763  0.6518 23.9404
  5.0257  3.3180  0.9875  0.1997 29.2132
  4.6794  2.3358  0.9702  0.1133 19.0607
  4.4649  2.3166  0.9716  0.7943 18.8685
  5.2864  1.1702  0.9765  1.8311  8.0798
  4.9734  2.6112  0.9833  1.0735 21.8455
  5.7733  2.9829  0.9777  1.1498 25.6848
  5.7629  4.2840  0.9827  2.2182 39.6694
  6.3046  2.5277  0.9832  0.5809 20.9960
  4.6989  2.2482  0.9921  0.2441 18.1862
  4.9311  4.3186  0.9698  1.9580 40.0507
  5.4983  3.2800  0.9971  1.2332 28.8099
  4.8972  2.0451  0.9717  1.3935 16.1847
  4.0434  3.1668  0.9820  1.6279 27.6141
  5.4860  2.4779  0.9893  0.5118 20.4910
  5.4953  2.0859  0.9929  1.5851 16.5842
  4.2158  4.2392  0.9816  1.1512 39.1765
  5.4826  3.8660  0.9866  0.8058 35.0985
  4.9621  3.3488  0.9836  0.5370 29.5404
  5.7451  3.4094  0.9775  1.2335 30.1853
  5.1380  0.8079  0.9757  1.1320  5.0898
  4.2960  3.0378  0.9812  0.4593 26.2583
  4.3236  2.0075  0.9683  1.7525 15.8176
  5.8370  2.1873  0.9670  1.2317 17.5825
  5.2256  2.2739  0.9861  1.3762 18.4427
  4.6303  2.3634  0.9961  1.8875 19.3376
  4.1449  1.2694  0.9807  2.2385  8.9442
  5.1701  0.9455  0.9816  1.6981  6.1904
  4.3767  2.3179  0.9885  1.5797 18.8809
  4.0535  2.1895  0.9882  0.3077 17.6044
  4.1094  4.3319  0.9980  0.5260 40.1977
  4.9127  1.2881  0.9762  0.9182  9.1091
  4.8711  2.0614  0.9912  1.7965 16.3443
  5.3888  3.9248  0.9675  0.5883 35.7374
  5.2843  2.7233  0.9768  0.4565 22.9947
  4.1133  1.0491  0.9731  1.3845  7.0487
  5.4615  3.0126  0.9766  0.9127 25.9948
  5.0117  4.0170  0.9776  2.2018 36.7421
  5.2049  1.4111  0.9754  1.0800 10.2088
  5.2862  2.9492  0.9730  2.1891 25.3331
  5.0291  4.3128  0.9806  0.7567 39.9876
  4.8326  2.8316  0.9980  2.8328 24.1120
  5.2896  1.4171  0.9689  0.5006 10.2623
  4.5129  1.9719  0.9796  1.8056 15.4721
  5.1109  3.3448  0.9689  2.2774 29.4979
  6.5519  2.6747  0.8715  2.7065 22.4954
  4.7802  3.2873  0.9693  1.5376 28.8873
  5.2540  4.2098  0.9970  1.6800 38.8534
  5.7281  4.0643  0.9742  0.5017 37.2588
  4.1421  1.5091  0.9899  2.4939 11.1002
  5.2687  1.1518  0.9752  1.4455  7.9215
  5.0936  2.7490  0.9945  2.1966 23.2589
  5.7459  2.3648  0.9847  1.1161 19.3513
  5.0653  2.7802  0.9980  0.3912 23.5810
  5.3016  0.7241  0.9674  0.6256  4.4433
  5.4317  2.7516  0.9973  1.6912 23.2862
  4.1380  2.7258  0.9779  1.1114 23.0205
  6.4152  2.4546  0.9921  0.8449 20.2552
  3.6380  1.9713  0.9980  1.6262 15.4663
  5.5948  4.3353  0.9684  1.7556 40.2354
  4.0592  2.9968  0.9690  0.6903 25.8296
  5.7473  1.1582  0.9721  0.3052  7.9757
  3.8461  3.7726  0.9874  0.1874 34.0862
  4.9952  0.7156  0.9723  0.9984  4.3792
  5.1840  0.4665  0.9714  0.7998  2.5979
  5.2117  2.3291  0.9923  1.1657 18.9930
  5.0623  2.9554  0.9838  2.1219 25.3981
  5.4533  2.6020  0.9960  2.8090 21.7516
  4.9706  2.8423  0.9741  1.0778 24.2230
  6.2393  3.2549  0.9778  1.2703 28.5442
  5.1430  3.9389  0.9729  2.8545 35.8910
  4.6965  2.9930  0.9917  1.8880 25.7907
  5.4484  3.3058  0.9679  1.7081 29.0836
  6.2740  2.4284  0.9823  1.2162 19.9910
  5.2667  0.6798  0.9713  1.9953  4.1107
  5.4506  3.9595  0.9722  1.9389 36.1154
  5.1395  1.9548  0.9752  1.1929 15.3068
  5.0660  1.1792  0.9957  1.1430  8.1572
  5.0128  0.5338  0.9859  2.5058  3.0573
  4.4000  4.1805  0.9919  1.0024 38.5319
  4.3994  3.2270  0.9801  1.8320 28.2492
  5.9219  3.5005  0.9806  1.8735 31.1582
  5.6862  3.6456  0.9729  2.9423 32.7156
  5.3052  1.3389  0.9746  1.7498  9.5602
  5.3982  3.6394  0.9683  1.9764 32.6487
  3.6044  1.2055  0.9915  1.8369  8.3850
  4.1533  1.1788  0.9837  1.3609  8.1540
  6.7613  2.7471  0.8043  2.8204 23.2395
  5.6782  4.3268  0.9870  1.0641 40.1412
  5.9043  2.9483  0.9963  0.7473 25.3239
  5.2548  2.0134  0.9698  1.3024 15.8759
  5.5857  0.4761  0.9831  1.9441  2.6625
  4.7005  2.9777  0.9857  1.0809 25.6309
  4.8744  1.5506  0.9790  2.2268 11.4821
  5.8231  1.9555  0.9697  1.7305 15.3138
  5.3340  1.0441  0.9908  2.4711  7.0060
  5.4570  1.3356  0.9915  1.1685  9.5311
  4.5036  3.8161  0.9819  1.5511 34.5574
  4.8375  2.5370  0.9837  2.0189 21.0897
  5.3999  1.9982  0.9941  0.9173 15.7280
  4.4787  3.0181  0.9721  0.7781 26.0524
  4.1074  0.9663  0.9892  1.9446  6.3603
  5.5541  3.3879  0.9755  1.4575 29.9563
  4.7807  1.2619  0.9813  0.3177  8.8786
  4.7058  4.4441  0.9908  1.7624 41.4377
  6.1625  3.1300  0.9907  2.9402 27.2257
  4.6973  1.0662  0.9908  1.0792  7.1922
  6.4438  1.6144  0.9222  1.6304 12.0726
  4.9718  0.0509  0.9669  0.6049  0.2235
  4.8422  1.1958  0.9913  2.0988  8.3011
  4.0480  2.2940  0.9803  1.0786 18.6424
  5.2564  2.8294  0.9832  1.7629 24.0891
  4.1008  4.3723  0.9898  0.3093 40.6440
  5.0900  4.0322  0.9878  1.3839 36.9076
  4.6947  3.0301  0.9858  0.9863 26.1777
  4.9945  0.8225  0.9980  0.6299  5.2043
  4.9149  3.4394  0.9754  0.4323 30.5052
  5.4135  1.8057  0.9864  0.5939 13.8745
  4.1331  1.2899  0.9979  0.7094  9.1250
  5.2937  1.9016  0.9972  2.3015 14.7925
  5.1552  0.7476  0.9705  0.8890  4.6227
  4.7788  3.0352  0.9761  0.9407 26.2310
  4.8989  0.7260  0.9797  2.8057  4.4583
  4.8015  2.2581  0.9919  2.4550 18.2848
  5.1051  1.2141  0.9697  0.5220  8.4598
  5.6655  2.8258  0.9835  1.1531 24.0517
  5.2295  3.7343  0.9782  0.8898 33.6717
  5.1680  2.2189  0.9970  2.3771 17.8950
  5.1252  2.5477  0.9965  0.9669 21.1992
  4.2299  3.9434  0.9942  1.5039 35.9393
  4.2218  1.2764  0.9751  2.4702  9.0059
  4.0904  3.9864  0.9838  0.8594 36.4087
  5.3300  3.8521  0.9947  2.4377 34.9475
  5.1222  4.1684  0.9774  1.0175 38.3990
  6.2000  3.4340  0.9789  1.8131 30.4476
  4.1857  1.3917  0.9872  0.9764 10.0335
  5.1818  4.2309  0.9728  1.6492 39.0851
  5.2043  1.7334  0.9908  1.3239 13.1888
  3.8246  4.2735  0.9691  1.7756 39.5544
  5.1103  3.4367  0.9889  2.1003 30.4759
  5.0389  2.7614  0.9697  0.5387 23.3869
  4.8446  2.9581  0.9902  1.2881 25.4259
  4.2584  2.8015  0.9892  0.3046 23.8005
  4.5388  1.9199  0.9980  1.2715 14.9696
  4.3007  3.0655  0.9720  1.6353 26.5487
  5.2000  4.3709  0.9708  1.2856 40.6278
  4.9182  2.7220  0.9735  0.8503 22.9812
  4.6155  2.8910  0.9913  0.5776 24.7274
  5.9889  2.6142  0.9763  1.9117 21.8768
  4.4170  3.9006  0.9897  0.5791 35.4740
  4.4132  0.6199  0.9676  1.3538  3.6698
  4.9418  1.4469  0.9732  2.2557 10.5322
  4.7918  3.2213  0.9844  1.5616 28.1885
  5.2694  3.0352  0.9738  0.2759 26.2316
  5.1116  3.3460  0.9687  0.6094 29.5103
  4.0707  2.9746  0.9881  1.9280 25.5976
  5.0595  1.0547  0.9792  0.3264  7.0951
  4.8891  1.8599  0.9925  1.6128 14.3924
  5.7352  1.8641  0.9814  0.5516 14.4326
  4.6542  2.1471  0.9838  1.5507 17.1859
  5.0890  2.9510  0.9854  2.5476 25.3523
  4.0856  2.0735  0.9922  0.7433 16.4619
  5.1763  3.8874  0.9778  1.3311 35.3308
  4.7379  2.2914  0.9839  1.5492 18.6172
  5.7104  2.5255  0.9967  0.3633 20.9731
  5.0729  4.0430  0.9745  1.9547 37.0265
  5.1278  1.4283  0.9716  0.7831 10.3643
  5.1936  2.3339  0.9740  1.0412 19.0409
  5.4927  3.1560  0.9808  1.0558 27.4998
  5.1699  3.9529  0.9726  1.7488 36.0430
  4.8089  2.4300  0.9792  1.2924 20.0073
  4.6248  4.0396  0.9809  0.0574 36.9894
  5.1602  1.4305  0.9824  1.2544 10.3839
  5.4410  4.2561  0.9667  1.2011 39.3625
  4.5677  1.4288  0.9786  1.0623 10.3688
  5.0830  3.0714  0.9809  0.8409 26.6108
  4.7227  4.1062  0.9696  0.1607 37.7173
