  5.4216  3.3737  0.9823  2.2484 29.8048
  4.7824  2.0498  0.9805  1.1858 16.2305
  5.3863  1.4672  0.9969  0.6056 10.7173
  5.2795  2.6080  0.9719  2.4823 21.8130
  4.8724  2.1782  0.9713  1.4960 17.4922
  5.4894  3.1437  0.9980  2.4102 27.3707
  4.8888  4.4254  0.9817  2.3168 41.2306
  6.0295  2.5338  0.9946  2.0856 21.0578
  5.2037  4.1255  0.9703  0.9415 37.9290
  5.6676  3.5959  0.9846  0.0905 32.1813
  5.0770  3.1481  0.9955  1.7425 27.4163
  4.5490  3.1336  0.9823  0.3280 27.2645
  5.4707  1.1714  0.9749  2.9505  8.0898
  5.3452  3.1887  0.9955  1.3087 27.8447
  5.1751  3.1680  0.9852  2.3195 27.6265
  5.2155  2.5784  0.9831  1.8787 21.5114
  5.6991  4.0229  0.9840  0.7508 36.8066
  3.8582  3.3499  0.9701  2.8926 29.5520
  5.8457  3.7634  0.9830  1.9499 33.9863
  5.7634  2.8391  0.9821  2.1076 24.1899
  6.5752  3.0077  0.8223  1.0791 25.9441
  5.8066  1.5041  0.9796  1.9982 11.0543
  6.0977  2.1380  0.9720  2.6897 17.0954
  5.7323  3.1818  0.9741  0.3090 27.7718
  4.6361  2.7057  0.9742  2.0392 22.8136
  5.3408  4.3165  0.9901  0.2037 40.0279
  4.3041  3.2656  0.9894  0.7491 28.6578
  6.6903  1.3768  0.9963  1.3325  9.8996
  3.7722  0.8731  0.9780  0.7630  5.6048
  5.9583  2.3470  0.9933  0.4284 19.1723
  6.5436  2.1612  0.8189  1.8193 17.3241
  6.1648  1.6409  0.9938  1.3117 12.3199
  4.9670  3.3480  0.9980  1.7252 29.5312
  4.6662  3.7952  0.9868  2.3534 34.3306
  5.1515  3.3126  0.9862  0.7981 29.1550
  6.0809  2.4156  0.9707  2.7265 19.8614
  4.7986  2.7971  0.9766  1.2007 23.7550
  4.6535  3.1894  0.9769  0.8267 27.8516
  6.5991  2.7377  0.8241  1.0416 23.1423
  6.0599  0.8445  0.9792  1.3364  5.3776
  5.1031  4.0216  0.9687  0.6839 36.7921
  5.0514  3.0659  0.9766  1.7237 26.5532
  5.2573  4.0056  0.9856  1.5376 36.6177
  5.4199  1.5045  0.9960  1.4427 11.0580
  5.1597  3.4162  0.9797  1.1831 30.2572
  5.0337  4.1316  0.9692  0.1728 37.9956
  4.1755  4.2405  0.9960  1.2870 39.1914
  5.7430  3.7418  0.9691  1.6398 33.7525
  5.2270  3.6992  0.9881  2.9472 33.2935
  6.0943  3.1501  0.9811  2.3223 27.4374
  5.2580  1.6867  0.9740  0.5505 12.7488
  5.2870  3.3974  0.9976  2.5828 30.0575
  5.1690  3.8209  0.9796  1.2808 34.6087
  5.7111  3.9470  0.9808  1.1124 35.9785
  3.8978  3.6936  0.9671  0.4898 33.2323
  4.6566  3.8232  0.9874  1.9854 34.6334
  5.1935  4.1051  0.9888  2.0749 37.7056
  5.7252  1.9882  0.9682  1.3264 15.6308
  5.2328  2.6739  0.9943  1.3452 22.4869
  4.6733  1.6570  0.9684  2.1185 12.4700
  5.1767  4.1949  0.9720  1.7310 38.6899
  6.1123  1.0352  0.9700  3.0118  6.9318
  5.0620  4.3540  0.9972  0.9629 40.4412
  3.9053  2.1875  0.9787  2.0844 17.5849
  5.3002  3.4797  0.9683  1.0835 30.9353
  4.8677  4.3123  0.9782  1.6147 39.9814
  5.2712  3.5608  0.9861  2.6340 31.8046
  3.8639  3.0481  0.9673  0.8943 26.3669
  5.1074  3.6592  0.9962  0.4943 32.8614
  5.0699  2.4619  0.9902  1.0370 20.3286
  4.2785  1.4192  0.9769  0.8726 10.2818
  4.1797  1.6270  0.9712  1.8832 12.1898
  5.6246  1.9037  0.9700  2.4430 14.8129
  6.4275  3.3890  0.9104  0.5894 29.9682
  4.6414  2.3392  0.9684  0.9992 19.0948
  5.2706  2.1661  0.9776  1.2781 17.3727
  4.6276  4.0100  0.9890  2.7506 36.6654
  6.0830  1.5334  0.9881  1.4759 11.3234
  3.6220  1.3893  0.9694  1.2853 10.0121
  6.1548  3.2135  0.9921  2.1709 28.1062
  4.1102  0.6456  0.9668  1.1657  3.8572
  5.5415  3.2454  0.9953  1.1128 28.4436
  5.0659  2.8729  0.9923  0.5383 24.5394
  4.4485  2.3169  0.9893  1.6042 18.8709
  5.0229  4.0215  0.9732  0.7756 36.7907
  5.7402  4.0773  0.9906  1.0014 37.4016
  5.5564  3.2545  0.9978  1.1921 28.5397
  4.9854  2.5246  0.9749  0.4882 20.9639
  5.3796  3.9008  0.9871  0.6444 35.4763
  5.3368  2.9261  0.9760  1.6322 25.0930
  5.6574  1.8652  0.9929  1.5945 14.4434
  4.1773  0.8662  0.9838  0.7400  5.5502
  5.7805  3.1779  0.9718  1.0132 27.7309
  4.2626  2.3855  0.9759  0.3690 19.5588
  5.3181  4.1383  0.9903  1.4334 38.0694
  6.0459  0.7760  0.9810  0.4860  4.8410
  5.7465  2.7163  0.9743  1.3921 22.9230
  5.5419  2.1718  0.9774  0.5434 17.4292
  5.2271  3.6297  0.9859  1.7635 32.5445
  6.2973  3.8971  0.9827  1.6312 35.4356
  5.9574  2.5186  0.9855  1.2443 20.9029
  5.1257  2.1379  0.9856  2.1346 17.0947
  6.2867  2.5191  0.9980  1.1649 20.9087
  5.7739  2.2296  0.9869  0.9566 18.0013
  4.4157  3.6806  0.9838  2.0165 33.0923
  5.1498  2.4032  0.9774  0.9603 19.7367
  5.1363  2.1199  0.9830  1.6970 16.9174
  5.2880  3.4531  0.9974  1.4414 30.6508
  5.5033  2.9374  0.9904  0.7783 25.2104
  4.6591  3.8511  0.9689  1.3363 34.9363
  5.5291  2.5860  0.9765  1.0092 21.5891
  5.5304  4.4804  0.9708  0.3886 41.8399
  5.7093  2.7739  0.9886  0.8295 23.5161
  3.6019  1.5387  0.9980  0.8739 11.3723
  4.5302  4.3078  0.9940  0.4131 39.9324
  6.9745  2.1286  0.4015  1.1911 17.0031
  4.6158  3.0590  0.9762  1.6124 26.4808
  5.0137  1.9843  0.9904  0.8416 15.5922
  4.9035  3.1872  0.9746  0.5551 27.8284
  5.0374  3.5455  0.9980  1.9375 31.6396
  6.9460  3.0363  0.4223  2.2246 26.2426
  6.2040  3.6799  0.9681  0.8442 33.0847
  5.7740  3.4240  0.9686  0.8954 30.3407
  5.0425  3.6559  0.9678  1.6207 32.8262
  5.2051  2.4101  0.9670  1.9970 19.8066
  5.2067  4.0326  0.9799  2.5737 36.9128
  5.2038  4.1306  0.9815  1.3418 37.9847
  5.3013  3.5000  0.9913  1.9967 31.1524
  4.6931  1.4109  0.9891  1.2846 10.2068
  4.4981  4.4778  0.9854  0.6874 41.8102
  5.4276  1.7411  0.9952  2.7712 13.2610
  5.1511  2.1571  0.9922  0.8519 17.2843
  5.8829  4.0530  0.9925  0.6353 37.1354
  5.1378  4.3526  0.9805  2.6513 40.4265
  5.5794  3.1080  0.9790  1.8853 26.9950
  6.6847  1.3892  0.8506  1.0974 10.0112
  4.6010  3.2010  0.9851  0.9791 27.9747
  5.0263  2.8466  0.9846  1.6089 24.2670
  4.0712  1.4572  0.9954  0.7955 10.6264
  5.4310  2.2259  0.9699  1.4825 17.9653
  5.1326  2.2447  0.9972  0.5292 18.1519
  5.5096  1.6831  0.9880  0.9644 12.7148
  5.8122  3.5792  0.9971  0.6757 32.0020
  4.9176  2.5486  0.9959  1.3161 21.2083
  4.9375  3.1754  0.9703  0.3607 27.7038
  6.1864  2.6234  0.9794  0.6880 21.9700
  5.8236  3.6810  0.9969  2.9591 33.0962
  5.5644  4.3447  0.9891  0.8423 40.3388
  6.9281  2.1075  0.3890  2.3934 16.7957
  3.6624  1.9839  0.9950  1.0264 15.5883
  4.7002  1.5893  0.9886  0.9389 11.8393
  5.1391  1.7853  0.9830  1.0437 13.6806
  5.1361  3.2870  0.9689  0.8691 28.8836
  5.0835  3.5068  0.9759  0.3775 31.2249
  5.2717  2.9965  0.9800  1.4688 25.8270
  6.0988  3.1525  0.9955  0.7471 27.4626
  4.6271  2.8961  0.9717  1.8945 24.7806
  5.1649  2.7770  0.9799  1.1214 23.5475
  4.9656  3.5321  0.9980  2.2906 31.4963
  4.7282  2.8323  0.9757  2.5354 24.1193
  5.2506  4.3734  0.9921  1.0457 40.6558
  4.9193  3.6122  0.9668  1.0831 32.3563
  5.6430  1.9679  0.9887  1.2201 15.4336
  6.0048  1.4273  0.9823  0.7791 10.3548
  4.8395  1.8803  0.9851  0.2097 14.5881
  4.0983  2.2708  0.9907  1.3523 18.4114
  5.8048  3.1957  0.9781  1.1278 27.9183
  5.5177  3.4335  0.9841  1.8228 30.4419
  5.0598  3.9771  0.9757  2.0343 36.3072
  6.0794  4.1910  0.9804  0.7563 38.6473
  4.9357  3.7715  0.9802  1.2427 34.0746
  4.8526  3.9808  0.9738  1.2008 36.3470
  4.5432  1.3657  0.9826  1.1214  9.7996
  5.0712  2.5353  0.9776  2.0200 21.0722
  5.5695  3.4010  0.9749  0.6269 30.0951
  5.3835  3.4688  0.9685  2.6441 30.8188
  5.5746  1.7314  0.9813  2.4169 13.1700
  5.1269  2.3195  0.9873  1.0494 18.8971
  5.6211  3.8009  0.9706  1.9691 34.3925
  4.2140  2.6637  0.9980  0.3629 22.3832
  4.7377  4.0631  0.9770  1.1798 37.2455
  4.9563  3.3002  0.9696  0.6747 29.0236
  5.2078  2.6829  0.9818  1.2473 22.5797
  5.2069  3.6739  0.9854  1.5400 33.0200
  5.1844  2.0707  0.9724  1.9503 16.4354
  4.8600  2.3286  0.9909  0.7542 18.9880
  4.9805  1.9313  0.9809  2.0321 15.0796
  5.3096  3.3752  0.9708  2.1401 29.8213
  5.5463  3.8217  0.9786  1.4967 34.6177
  4.8863  3.0743  0.9729  1.0714 26.6413
  4.9338  3.2962  0.9709  1.9586 28.9818
  4.3164  2.2583  0.9874  1.1031 18.2866
  5.5042  2.3120  0.9913  1.2424 18.8228
  4.6611  2.8987  0.9980  1.0126 24.8077
  5.4999  2.5394  0.9857  1.0669 21.1148
  5.3317  1.8802  0.9721  0.6833 14.5876
  6.5577  4.0276  0.7972  1.7864 36.8576
  4.8914  4.0672  0.9826  2.7536 37.2911
  5.4838  2.0331  0.9680  2.3846 16.0674
  5.3694  2.7073  0.9688  2.4191 22.8302
  5.8538  4.0691  0.9936  2.8245 37.3116
  4.8801  2.9131  0.9913  1.7967 24.9575
  4.2994  2.7896  0.9911  0.9992 23.6779
  5.7766  4.1780  0.9723  0.3422 38.5040
  4.8792  2.9092  0.9706  1.1621 24.9171
  5.0099  3.9538  0.9706  2.4765 36.0535
  5.1098  3.7510  0.9860  0.3544 33.8521
  5.1878  2.2700  0.9927  1.0636 18.4034
  4.3296  2.6472  0.9967  0.8726 22.2134
  5.0330  4.1620  0.9711  1.3520 38.3287
  6.2675  1.8107  0.9975  0.7158 13.9218
  6.0918  4.2324  0.9888  1.1032 39.1025
  5.1657  3.8142  0.9784  0.4929 34.5362
  4.8798  3.2540  0.9798  1.2352 28.5350
  3.6347  1.9783  0.9967  1.6176 15.5345
  6.9134  2.9896  0.4322  1.0807 25.7545
  3.6752  1.1830  0.9977  2.4643  8.1899
  4.9412  2.0303  0.9813  1.0479 16.0405
  5.7339  3.4888  0.9684  2.2046 31.0324
  3.5888  2.8978  0.9969  2.1382 24.7987
  3.6987  1.8003  0.9869  2.4666 13.8230
  5.2488  2.4126  0.9696  1.5215 19.8315
  4.1752  1.5921  0.9708  1.9166 11.8652
  5.8896  2.7067  0.9841  1.0561 22.8237
  4.6989  2.9685  0.9967  2.7746 25.5347
  4.0024  3.1149  0.9901  1.7621 27.0671
  5.6763  3.9410  0.9751  1.5786 35.9133
  5.7164  2.6980  0.9831  2.5362 22.7347
  6.1996  4.1791  0.9883  1.8556 38.5167
  4.9511  2.1654  0.9942  0.2195 17.3661
  5.2860  2.7033  0.9923  1.2458 22.7885
  5.1056  3.0440  0.9704  1.3302 26.3231
  5.9539  1.8492  0.9971  0.9214 14.2895
  5.5946  3.8288  0.9910  0.4091 34.6948
  6.0822  2.6671  0.9726  0.1190 22.4178
  6.4552  2.6775  0.8916  1.3797 22.5246
  4.7118  3.4768  0.9718  1.4067 30.9044
  6.0117  3.1037  0.9718  0.2595 26.9503
  6.3774  2.4097  0.9878  0.7859 19.8022
  6.1299  1.9836  0.9859  1.7940 15.5858
  5.2283  2.8588  0.9678  1.1616 24.3934
  5.5464  3.7492  0.9904  0.6613 33.8334
  4.3812  2.8521  0.9862  1.3769 24.3245
  5.4246  1.8324  0.9767  1.4191 14.1290
  4.0957  2.7776  0.9960  2.8902 23.5534
  6.1852  2.7847  0.9899  0.8875 23.6276
  5.2035  1.5749  0.9967  1.5188 11.7065
  5.5796  3.2871  0.9945  0.7136 28.8855
  5.4621  3.0615  0.9980  1.1820 26.5071
  5.1542  3.1438  0.9954  1.6481 27.3715
  5.4854  3.5570  0.9914  2.2548 31.7635
  3.8167  1.3755  0.9826  1.7351  9.8881
  4.4391  2.4279  0.9709  0.4678 19.9857
  4.5488  1.0788  0.9754  1.5458  7.2989
  5.4934  4.3187  0.9676  1.9985 40.0518
  4.7095  4.2601  0.9850  0.5259 39.4072
  5.1552  2.9601  0.9851  1.4690 25.4466
  5.5094  3.4422  0.9825  1.1579 30.5354
  4.5046  0.7220  0.9773  1.1582  4.4277
  5.7930  1.7487  0.9848  2.1555 13.3330
  5.5411  2.7408  0.9804  1.1422 23.1748
  4.9642  2.4480  0.9676  2.1750 20.1882
  5.8641  3.4335  0.9782  1.7102 30.4422
  5.5813  3.6785  0.9750  1.8367 33.0697
  5.1139  3.8169  0.9698  0.3890 34.5656
  5.0544  3.2204  0.9753  2.2698 28.1793
  5.6724  4.1430  0.9671  1.0015 38.1202
  4.4824  1.7430  0.9917  1.3341 13.2792
  6.5340  1.7624  0.8077  2.3844 13.4626
  5.0571  4.1897  0.9839  2.0376 38.6327
  5.0315  2.7175  0.9755  1.0053 22.9344
  5.2269  2.3039  0.9969  0.2812 18.7412
  6.5540  3.3674  0.8119  0.5204 29.7379
  4.5274  4.1062  0.9911  0.2649 37.7178
  5.9249  1.4466  0.9739  0.4952 10.5300
  5.1556  3.5545  0.9933  0.7113 31.7362
  5.0950  2.5264  0.9898  2.5516 20.9827
  5.2628  3.8012  0.9858  2.4556 34.3961
  3.8694  1.2831  0.9872  1.1264  9.0654
  4.8641  4.0815  0.9812  0.5981 37.4466
  5.1415  2.1082  0.9838  0.8584 16.8031
  4.9688  2.2288  0.9730  1.1604 17.9934
  6.0790  2.0129  0.9958  1.4794 15.8705
  5.7991  1.1680  0.9967  0.3455  8.0607
  4.0283  1.7307  0.9855  1.7033 13.1631
  5.8190  3.1516  0.9825  1.2282 27.4538
  4.2997  4.2719  0.9898  2.3196 39.5367
  5.3957  4.2259  0.9697  1.0960 39.0311
  5.1255  2.6756  0.9875  0.5950 22.5052
  4.7924  2.6852  0.9701  2.4822 22.6036
  6.1422  1.8865  0.9980  2.2432 14.6476
  5.4125  2.7614  0.9915  0.6012 23.3864
  5.4641  2.9807  0.9767  1.0159 25.6622
  4.5343  1.4252  0.9925  2.0468 10.3354
  5.3026  4.0457  0.9839  1.8474 37.0555
  6.1902  3.4220  0.9918  0.8960 30.3190
  6.4913  0.8573  0.9733  1.8407  5.4788
  6.4286  1.5242  0.9167  1.4167 11.2390
  4.9316  2.8062  0.9952  0.5990 23.8489
  5.1367  3.5699  0.9869  2.7715 31.9016
  4.6632  3.2261  0.9738  0.5803 28.2391
  3.5486  1.5270  0.9790  2.0947 11.2643
  5.1848  3.2248  0.9754  0.8981 28.2258
  5.5233  3.5922  0.9890  1.0116 32.1412
  4.8994  1.9697  0.9868  1.2003 15.4511
  5.2582  2.6556  0.9785  1.4822 22.3003
  3.8475  2.1894  0.9808  0.2822 17.6035
  5.1038  3.4609  0.9673  2.1833 30.7348
  4.7230  3.7555  0.9795  0.4849 33.9009
  4.7286  1.9790  0.9882  0.7539 15.5410
  5.6798  3.4858  0.9836  1.3569 31.0012
  4.7859  0.8025  0.9710  1.6388  5.0475
  4.7349  3.7247  0.9731  2.2874 33.5685
  5.1674  3.0041  0.9729  2.8239 25.9062
  3.5115  0.7502  0.9839  0.5230  4.6428
  6.3629  3.7146  0.9846  1.6885 33.4594
  5.5154  4.1207  0.9967  1.3166 37.8762
  5.3955  3.1834  0.9730  0.3473 27.7891
  4.5949  2.8642  0.9849  1.8331 24.4498
  5.9109  2.1116  0.9845  0.1040 16.8363
  4.6526  0.5913  0.9715  2.5171  3.4635
  5.3523  1.4541  0.9863  1.0755 10.5981
  6.0492  1.7639  0.9945  1.9183 13.4772
  5.6355  4.0608  0.9921  2.0503 37.2201
  4.7093  2.2356  0.9846  1.1813 18.0612
  5.4573  3.4606  0.9707  2.9131 30.7311
  4.7851  1.1563  0.9677  1.0718  7.9594
  6.1595  2.4517  0.9906  2.7894 20.2260
  5.0101  3.8126  0.9980  1.2598 34.5193
  5.5187  4.3043  0.9980  1.9402 39.8941
  4.9425  3.6846  0.9974  0.4965 33.1358
  5.5468  3.5476  0.9827  0.8312 31.6627
  5.9947  4.3904  0.9699  0.8097 40.8436
  4.7927  4.0174  0.9980  0.7468 36.7465
  5.2345  4.3510  0.9921  1.0286 40.4089
  4.7576  2.7659  0.9951  0.9546 23.4332
  4.4145  2.6962  0.9926  1.0516 22.7165
  4.7724  4.1523  0.9692  2.0810 38.2227
  5.8699  2.8771  0.9953  0.9889 24.5839
  5.5660  2.3586  0.9688  0.0351 19.2890
  5.6636  1.5426  0.9696  1.4043 11.4081
  5.1894  4.0941  0.9856  1.0505 37.5854
  6.2957  3.5614  0.9681  0.3196 31.8106
  5.5540  1.2427  0.9709  1.8814  8.7105
  6.0492  2.3536  0.9835  0.1585 19.2385
  6.6402  3.1622  0.6461  0.6057 27.5648
  5.4760  2.6750  0.9927  0.9843 22.4986
  5.2594  2.2577  0.9971  0.3695 18.2810
  5.5395  1.8430  0.9980  1.2556 14.2302
  5.9459  2.7711  0.9825  2.7932 23.4873
  5.4781  3.2522  0.9845  1.0505 28.5150
  4.6513  4.1151  0.9980  1.7752 37.8154
  5.5713  3.0899  0.9781  0.9195 26.8052
  4.7247  3.0924  0.9794  1.8261 26.8306
  5.5118  1.9508  0.9980  1.0759 15.2682
  4.2992  1.1267  0.9803  1.8823  7.7062
  4.4421  4.0791  0.9722  0.2230 37.4212
  5.6071  3.3857  0.9742  0.7204 29.9322
  4.9218  3.6977  0.9976  0.3501 33.2772
  4.9509  2.7993  0.9911  2.1761 23.7777
  5.4946  3.5286  0.9851  0.5029 31.4586
  5.3233  4.4879  0.9680  1.5258 41.9224
  4.2946  3.7444  0.9874  1.3082 33.7813
  5.6548  3.4491  0.9896  2.1429 30.6086
  5.9353  3.5804  0.9762  2.2080 32.0144
  4.7303  3.3226  0.9690  1.1965 29.2613
  3.8260  2.5546  0.9903  2.1159 21.2692
  5.2325  4.4528  0.9783  1.4398 41.5338
  5.3919  3.5313  0.9886  1.4876 31.4882
  4.4462  1.5518  0.9832  0.8443 11.4931
  5.9907  3.5365  0.9905  1.7633 31.5432
  4.7884  4.3071  0.9719  0.5197 39.9245
  5.3592  3.7301  0.9841  1.0614 33.6268
  4.8609  4.4796  0.9749  1.2959 41.8309
  5.7229  2.1833  0.9793  0.8354 17.5431
  5.7284  4.0330  0.9727  2.6219 36.9172
  5.6303  2.8717  0.9831  0.7878 24.5271
  5.5695  3.7867  0.9811  0.4839 34.2389
  5.7618  2.5211  0.9927  1.7308 20.9281
  4.4616  2.5869  0.9882  1.4417 21.5981
  5.9594  2.2438  0.9845  0.3460 18.1425
  4.4436  2.8240  0.9872  1.8855 24.0331
  5.7461  2.3092  0.9937  2.6907 18.7947
  5.7158  2.9464  0.9937  1.8748 25.3036
  4.8162  3.3369  0.9795  1.0895 29.4138
  5.9164  1.7788  0.9771  1.5763 13.6184
  3.7904  1.5492  0.9738  0.5097 11.4688
  4.9752  3.9290  0.9784  1.4483 35.7829
  4.6464  2.5514  0.9746  3.0412 21.2360
  5.1342  3.0419  0.9668  0.4788 26.3019
  3.7001  2.6856  0.9677  2.0887 22.6070
  5.3134  3.8368  0.9865  0.9069 34.7819
  5.2318  4.1268  0.9759  2.5718 37.9428
  6.1651  2.0827  0.9839  2.3126 16.5528
  5.0595  3.8366  0.9980  0.9983 34.7794
  3.8798  2.7022  0.9852  2.9090 22.7778
  4.8405  2.2101  0.9749  2.4328 17.8082
  5.2561  3.8222  0.9688  0.2310 34.6228
  4.8670  2.2825  0.9857  1.6895 18.5275
  4.9347  3.0066  0.9946  1.0723 25.9327
  5.1865  2.3988  0.9775  2.0940 19.6930
  5.0397  4.1565  0.9673  1.7511 38.2682
  6.5868  4.4570  0.7672  1.4622 41.5809
  5.3616  2.7470  0.9727  0.3508 23.2388
  5.4013  3.1126  0.9980  2.2041 27.0431
  5.6271  3.5838  0.9966  1.4728 32.0509
  5.2317  2.2548  0.9872  1.6872 18.2521
  5.8504  2.9749  0.9756  1.5307 25.6008
  4.4710  3.2973  0.9976  1.1841 28.9930
  4.0717  1.1275  0.9694  0.8811  7.7127
  6.8983  3.0424  0.7564  1.1762 26.3073
  5.4700  4.2414  0.9980  1.0660 39.2016
  5.7658  2.7259  0.9921  2.3666 23.0210
  5.0928  2.3572  0.9773  0.7910 19.2744
  6.3957  2.4966  0.9825  0.1536 20.6805
  4.8335  2.4542  0.9974  1.8635 20.2515
  5.1609  3.5751  0.9720  1.4627 31.9577
  4.8250  2.1563  0.9966  0.4701 17.2767
  4.0907  1.3621  0.9736  0.7102  9.7682
  5.6753  1.7376  0.9866  1.7544 13.2282
  4.7223  4.2619  0.9973  1.9012 39.4266
  5.4651  1.6838  0.9731  0.7181 12.7218
  4.8248  3.5195  0.9745  1.3635 31.3612
  3.5685  1.0103  0.9980  1.4290  6.7243
  5.8734  3.2871  0.9980  0.6569 28.8846
  5.2550  4.2281  0.9935  1.9088 39.0551
  4.9577  1.4488  0.9866  1.7003 10.5497
  5.2547  1.4652  0.9775  2.7812 10.6987
  5.2264  3.9580  0.9967  2.6907 36.0987
  5.4780  3.5515  0.9736  0.3700 31.7039
  5.2590  2.7506  0.9721  0.4229 23.2756
  4.2211  4.4260  0.9885  0.3320 41.2371
  5.1271  1.8970  0.9340  2.1398 14.7485
  4.1751  2.1806  0.9895  0.5318 17.5162
  4.4296  4.3659  0.9947  0.2309 40.5729
  4.7292  3.5250  0.9936  0.5683 31.4206
  4.0517  0.7951  0.9723  1.0237  4.9898
  3.9592  1.4081  0.9980  2.2765 10.1813
  5.0697  2.3428  0.9795  0.9281 19.1308
  3.8928  2.5396  0.9980  0.7777 21.1160
  4.7399  1.9346  0.9774  1.4414 15.1115
  6.6601  3.0428  0.7583  1.3066 26.3111
  4.9589  2.5186  0.9670  1.4260 20.9029
  6.1848  3.0045  0.9925  1.8469 25.9105
  5.4642  2.5415  0.9764  2.2730 21.1356
  5.5327  3.2253  0.9789  1.5716 28.2311
  5.6598  3.1649  0.9980  2.2631 27.5936
  4.2424  4.2287  0.9980  0.4685 39.0615
  5.4007  3.9437  0.9744  0.2236 35.9431
  4.9261  2.4903  0.9675  1.0784 20.6161
  4.7743  4.3133  0.9848  1.5607 39.9923
  3.8467  3.7572  0.9838  1.9442 33.9197
  5.1483  3.0752  0.9846  0.9156 26.6508
  5.4767  2.4382  0.9872  1.8064 20.0901
  4.9882  2.6555  0.9980  2.0684 22.2983
  6.1683  3.8143  0.9723  1.2639 34.5374
  5.0647  1.6700  0.9813  2.1459 12.5923
  4.7000  4.4536  0.9870  0.4734 41.5432
  5.9881  3.4679  0.9962  1.2182 30.8096
  5.4663  2.4316  0.9778  1.3967 20.0232
  6.5584  3.4801  0.9940  0.1719 30.9397
  5.4671  4.0102  0.9935  2.4025 36.6685
  5.2935  3.3367  0.9951  0.2884 29.4111
  5.1412  2.1768  0.9940  0.9690 17.4791
  5.6825  2.8672  0.9667  2.3166 24.4803
  5.2312  2.3615  0.9745  2.4489 19.3176
  6.7490  2.0581  0.8361  1.9735 16.3121
  5.3704  2.8655  0.9957  1.5181 24.4631
  4.3792  1.1923  0.9789  2.1393  8.2712
  6.1494  3.0519  0.9847  1.6289 26.4061
  5.0556  2.3643  0.9907  0.3771 19.3457
  5.7708  4.1535  0.9980  0.7675 38.2356
  5.5885  3.2924  0.9704  1.2237 28.9418
  5.2513  1.9559  0.9721  1.1963 15.3175
  4.2821  1.8472  0.9945  2.2792 14.2706
  5.4063  3.9463  0.9717  1.3340 35.9708
  5.8649  2.7421  0.9706  1.1840 23.1876
  5.2776  3.4212  0.9728  1.6141 30.3109
  4.8293  3.6660  0.9783  1.1242 32.9351
  5.8972  3.3370  0.9749  2.5139 29.4142
  4.2084  1.1983  0.9709  0.7000  8.3229
  4.7168  3.8832  0.9948  2.4673 35.2853
  6.3582  2.7791  0.9920  0.3724 23.5692
  6.3499  4.1600  0.9861  1.5826 38.3066
  5.1171  2.2973  0.9669  0.7760 18.6757
  5.9462  4.1272  0.9813  0.1036 37.9471
  5.4999  3.5087  0.9798  0.5059 31.2461
  4.9038  2.7396  0.9826  1.6759 23.1627
  4.7974  2.7015  0.9786  0.6177 22.7706
  4.4692  3.1965  0.9833  1.8939 27.9264
  5.1443  2.7461  0.9902  2.2343 23.2296
  5.7235  3.5898  0.9713  1.8821 32.1158
  4.4525  2.8757  0.9773  1.8332 24.5694
  5.1873  3.4555  0.9830  0.7601 30.6766
  4.2413  1.4903  0.9730  1.1096 10.9279
  4.4312  3.8062  0.9770  2.4860 34.4493
  3.9101  3.7762  0.9913  0.5807 34.1246
  4.9383  2.5906  0.9737  1.7329 21.6357
  4.9210  3.8323  0.9702  1.3859 34.7327
  3.7846  1.5098  0.9838  1.0013 11.1065
  5.4048  3.2673  0.9727  1.6235 28.6754
  4.4573  3.7324  0.9739  1.7072 33.6519
  5.7622  3.8155  0.9813  1.0341 34.5506
  4.8489  3.5814  0.9820  1.5418 32.0251
  4.9321  4.1461  0.9733  1.8943 38.1544
  5.1185  2.6191  0.9786  1.4774 21.9260
  4.6046  3.9463  0.9723  0.7872 35.9713
  5.4639  3.3270  0.9908  1.8654 29.3087
  6.1391  2.6383  0.9706  0.7532 22.1229
  4.9019  2.0932  0.9772  2.0675 16.6553
  5.2679  3.3457  0.9776  1.0198 29.5066
  5.2838  4.4994  0.9698  1.8572 42.0507
  4.8247  3.1662  0.9980  2.9055 27.6071
  5.2021  2.0740  0.9706  0.2266 16.4672
  5.5563  4.0530  0.9902  2.0000 37.1351
  6.1150  3.2230  0.9980  2.0594 28.2068
  5.0167  3.3002  0.9975  0.7921 29.0245
  6.2416  3.9087  0.9704  1.4317 35.5623
  5.4926  2.0197  0.9823  2.3054 15.9365
  5.3090  4.1426  0.9677  0.7246 38.1166
  4.6737  2.4550  0.9940  1.9631 20.2589
  5.4867  3.0995  0.9764  2.7936 26.9051
  5.1828  2.6982  0.9727  2.9570 22.7363
  4.2141  2.9465  0.9737  2.4544 25.3053
  5.3314  2.4086  0.9690  0.3750 19.7917
  5.2935  2.8292  0.9970  0.8241 24.0869
  5.4300  3.5219  0.9980  0.1780 31.3872
  5.8811  1.6483  0.9866  2.0840 12.3885
  5.2101  2.1351  0.9811  2.3020 17.0669
  5.2832  3.0465  0.9980  0.3826 26.3501
  4.9002  4.3850  0.9711  1.5720 40.7842
  5.0373  2.7366  0.9917  0.6200 23.1314
  4.8117  2.7759  0.9691  1.6780 23.5367
  5.5012  2.5500  0.9731  2.4783 21.2221
  6.3696  3.6085  0.9815  1.1694 32.3164
  5.2671  3.8827  0.9898  0.5504 35.2793
  4.7654  4.0319  0.9788  1.2183 36.9043
  6.1468  1.5287  0.9746  1.3466 11.2802
  6.1964  4.2831  0.9890  1.5907 39.6595
  6.9029  2.7097  0.6713  1.4586 22.8548
  4.5320  3.7714  0.9972  2.1477 34.0733
  5.0389  4.0631  0.9888  2.1219 37.2455
  5.9564  3.8309  0.9896  2.1103 34.7170
  5.5530  3.2665  0.9980  0.5935 28.6667
  4.3451  2.8309  0.9830  1.3520 24.1047
  5.1379  1.7656  0.9868  2.0946 13.4933
  4.8350  2.2753  0.9702  0.7604 18.4566
  4.1513  3.7310  0.9939  1.8533 33.6361
  5.3834  3.7465  0.9728  1.6336 33.8041
  4.9142  3.9002  0.9972  0.9428 35.4694
  5.8160  3.7174  0.9866  1.8565 33.4894
  6.1019  2.7553  0.9685  1.1857 23.3240
  4.8664  1.4565  0.9892  1.3937 10.6200
  5.5000  2.2889  0.9815  0.8410 18.5921
  6.2958  2.1029  0.9702  1.8639 16.7506
  5.8106  4.1255  0.9709  0.3369 37.9288
  6.7505  2.0127  0.8259  1.0042 15.8687
  5.4852  2.6678  0.9787  1.2686 22.4246
  4.6013  1.6190  0.9912  2.0109 12.1154
  5.3736  3.9632  0.9919  0.9317 36.1560
  3.8303  0.6929  0.9716  0.5404  4.2085
  6.0381  2.7450  0.9732  1.0681 23.2176
  5.7858  3.4658  0.9780  2.0984 30.7866
  4.8314  1.7494  0.9740  2.4312 13.3401
  5.0151  2.4608  0.9943  0.5476 20.3179
  5.7394  2.0904  0.9764  0.4563 16.6275
  6.9301  1.5808  0.4992  1.6569 11.7608
  4.5658  3.4678  0.9832  1.4998 30.8083
  4.2471  1.0298  0.9873  2.5734  6.8864
  4.9838  3.6565  0.9695  2.2501 32.8324
  5.3679  1.9206  0.9812  1.0683 14.9760
  4.4922  3.6339  0.9980  1.9226 32.5896
  4.4175  1.0115  0.9980  0.8239  6.7338
  5.7905  4.0815  0.9718  0.7982 37.4468
  5.5281  1.4997  0.9762  1.0602 11.0139
  5.2659  3.5994  0.9786  1.1787 32.2188
  6.1353  1.0802  0.9688  2.3297  7.3105
  3.5046  2.6874  0.9711  0.6905 22.6261
  5.2721  2.3467  0.9901  0.3821 19.1694
  5.9944  2.8378  0.9806  1.8183 24.1757
  5.6030  2.0313  0.9868  1.9239 16.0502
  5.4547  4.3371  0.9811  2.3784 40.2554
  6.3227  4.2744  0.9737  1.9241 39.5644
  5.2041  2.0560  0.9717  0.8600 16.2912
  6.6493  1.9233  0.6068  2.1899 15.0026
  5.3082  4.2091  0.9847  1.2425 38.8458
  5.4700  3.5702  0.9980  1.1451 31.9048
  5.4071  2.2832  0.9798  1.8630 18.5346
  5.9015  1.8932  0.9928  1.2067 14.7125
  5.3768  3.5996  0.9814  1.2278 32.2210
  5.8356  2.6550  0.9858  0.3653 22.2935
  4.9144  2.9456  0.9946  1.9387 25.2956
  5.6875  1.7129  0.9720  1.4731 12.9946
  5.3339  2.3693  0.9711  1.2847 19.3965
  5.6918  2.8010  0.9945  0.9791 23.7950
  4.8678  3.0445  0.9914  1.1709 26.3283
  5.7919  2.9854  0.9825  1.6256 25.7113
  5.4631  2.5876  0.9677  1.0608 21.6054
  6.1556  3.0224  0.9759  1.6852 26.0976
  5.2474  2.4262  0.9676  1.2083 19.9688
  4.8803  4.3967  0.9935  2.0718 40.9134
  5.0789  4.4721  0.9816  1.3625 41.7475
  5.0880  2.5522  0.9827  0.7927 21.2441
  5.2221  3.5559  0.9849  1.1950 31.7515
  5.2807  3.5371  0.9948  0.6128 31.5500
  5.2077  3.8811  0.9766  2.2280 35.2624
  5.7850  4.4360  0.9679  2.0783 41.3479
  4.1553  3.2212  0.9947  2.1513 28.1879
  5.5992  3.1100  0.9812  0.7845 27.0158
  4.8035  4.3327  0.9980  0.7147 40.2072
  5.4314  3.1675  0.9902  1.4384 27.6212
  5.2966  2.8893  0.9712  2.9774 24.7100
  4.1160  2.3715  0.9787  2.4778 19.4183
  5.1928  2.1335  0.9874  2.1524 17.0513
  5.1123  1.3226  0.9934  1.0891  9.4154
  5.4239  4.1136  0.9702  0.9008 37.7980
  4.8543  2.5346  0.9702  1.1892 21.0660
  4.4016  2.8246  0.9756  0.5616 24.0396
  5.3764  4.2325  0.9846  1.9155 39.1029
  4.3341  2.2158  0.9721  1.9807 17.8645
  4.2675  3.5213  0.9688  1.4648 31.3810
  4.8823  3.8513  0.9980  1.4727 34.9393
  5.1451  1.6931  0.9770  2.9404 12.8086
  5.7902  4.4082  0.9755  1.4897 41.0403
  5.4190  3.9869  0.9680  0.3140 36.4139
  5.2506  2.2115  0.9920  1.8955 17.8221
  5.3846  3.7068  0.9748  2.2559 33.3750
  4.7237  4.0179  0.9848  0.7955 36.7520
  4.7902  3.3577  0.9754  1.9443 29.6347
  5.2732  4.1140  0.9757  0.7718 37.8023
  5.2648  4.4386  0.9870  1.3883 41.3769
  4.6274  3.9186  0.9867  1.1094 35.6694
  6.0297  3.3709  0.9729  2.5239 29.7749
  5.2034  2.9271  0.9904  0.2853 25.1028
  5.7591  3.2601  0.9781  2.5724 28.5995
  5.2980  2.4348  0.9748  2.2245 20.0551
  5.2081  4.4174  0.9730  2.9212 41.1416
  5.4464  3.9557  0.9804  1.3142 36.0742
  5.6997  1.4124  0.9810  1.3210 10.2203
  5.0451  2.2387  0.9967  0.2963 18.0921
  5.7355  2.6798  0.9778  2.4965 22.5482
  5.1072  3.5983  0.9843  1.6708 32.2062
  6.0963  1.3553  0.9937  0.3622  9.7069
  5.6944  2.7130  0.9973  2.4761 22.8886
  3.8529  0.6614  0.9735  0.9083  3.9736
  4.8891  2.1677  0.9668  2.8083 17.3890
  5.0480  3.8328  0.9915  0.1941 34.7385
  4.6578  3.0461  0.9980  0.8240 26.3454
  5.9697  3.6886  0.9976  2.4804 33.1786
  5.1245  3.6427  0.9814  1.4743 32.6837
  5.1765  2.4602  0.9930  2.0182 20.3120
  4.6118  2.4529  0.9980  0.8970 20.2378
  5.6171  2.5503  0.9943  1.6457 21.2257
  4.9342  3.1026  0.9739  1.4730 26.9387
  4.1158  0.6558  0.9980  1.9912  3.9321
  4.1129  3.2101  0.9747  1.8164 28.0702
  3.6065  4.4767  0.9909  2.9442 41.7988
  5.2788  4.4319  0.9757  2.2450 41.3024
  5.5469  4.2467  0.9980  1.1456 39.2594
  5.3880  4.0739  0.9909  0.7935 37.3634
  6.0546  2.5955  0.9836  1.4539 21.6859
  5.0605  1.5602  0.9774  1.5389 11.5706
  5.2819  3.9764  0.9791  0.6029 36.2993
  5.0466  2.6489  0.9840  1.0557 22.2312
  3.6841  3.6599  0.9824  1.7704 32.8692
  4.7154  2.3937  0.9809  0.8774 19.6419
  5.5906  2.2239  0.9780  1.6556 17.9454
  4.3472  2.8756  0.9942  0.4149 24.5679
  4.9262  3.1584  0.9711  1.5192 27.5256
  3.9418  1.9405  0.9830  0.8269 15.1680
  4.7892  1.5237  0.9869  0.6716 11.2344
  4.7280  3.6924  0.9828  1.6818 33.2193
  5.3490  3.7144  0.9897  1.0792 33.4566
  4.9282  4.3803  0.9833  2.4425 40.7316
  5.3834  4.1114  0.9676  2.2974 37.7742
  4.1515  3.8097  0.9722  1.0991 34.4873
  4.2786  3.9995  0.9844  1.1595 36.5512
  5.2955  4.1153  0.9909  2.1885 37.8170
  6.6792  1.1816  0.8660  1.0452  8.1778
  4.9920  1.6823  0.9780  1.9258 12.7077
  4.2413  4.2011  0.9938  0.1208 38.7585
  5.4103  3.7527  0.9957  1.2582 33.8709
  4.7582  3.4564  0.9838  1.7881 30.6862
  5.8676  2.0674  0.9747  1.2937 16.4026
  4.5597  4.3800  0.9887  0.4600 40.7291
  6.3022  2.7608  0.9760  0.8937 23.3802
  3.7521  3.8979  0.9980  3.0034 35.4452
  5.7158  2.9468  0.9721  2.3456 25.3082
  5.4579  1.4311  0.9790  0.9462 10.3888
  4.5597  1.4210  0.9740  1.5639 10.2975
  5.8119  2.6731  0.9844  0.5852 22.4791
  5.6382  3.3034  0.9970  0.8426 29.0574
  4.5167  1.8430  0.9859  0.7891 14.2310
  4.0867  1.8841  0.9689  1.2643 14.6248
  5.0593  2.5877  0.9685  0.5557 21.6056
  5.5364  3.2190  0.9924  1.0527 28.1649
  5.1509  2.4766  0.9867  0.8822 20.4777
  5.2925  1.8600  0.9722  0.6077 14.3929
  5.2922  2.3001  0.9980  0.7026 18.7038
  5.2649  4.4782  0.9800  1.4972 41.8152
  6.5018  3.2889  0.8176  1.9563 28.9039
  5.6444  3.2060  0.9970  0.6578 28.0268
  4.8464  4.4891  0.9980  1.7160 41.9362
  4.8279  4.4364  0.9947  0.8760 41.3520
  5.9345  4.3498  0.9721  1.3370 40.3957
  5.5605  2.9612  0.9889  0.3316 25.4584
  5.3340  3.1216  0.9830  0.4814 27.1383
  5.6449  2.7527  0.9685  1.7626 23.2976
  5.1266  3.0736  0.9833  0.4640 26.6333
  5.4024  1.8739  0.9806  2.6948 14.5263
  5.9267  3.8012  0.9766  1.1679 34.3952
  6.0537  3.6012  0.9929  0.5494 32.2380
  4.8337  3.6503  0.9764  0.5819 32.7665
  4.6396  2.3321  0.9951  1.1709 19.0235
  5.2000  3.0486  0.9702  0.3346 26.3717
  5.2209  3.6424  0.9819  0.6407 32.6814
  5.2388  1.5656  0.9980  0.8358 11.6204
  5.3020  2.3883  0.9857  1.2490 19.5870
  4.9961  2.3725  0.9952  1.0032 19.4283
  5.7258  4.1011  0.9914  1.0225 37.6610
  4.2809  2.9200  0.9674  0.9556 25.0294
  5.0001  2.2965  0.9919  1.4654 18.6671
  6.1346  4.0893  0.9869  1.3401 37.5324
  4.5255  4.4551  0.9845  0.3261 41.5591
  4.8717  2.4195  0.9738  1.5950 19.9012
  5.3244  2.2903  0.9759  0.2955 18.6057
  6.0356  1.7627  0.9850  1.6301 13.4658
  5.6982  1.5673  0.9973  1.6902 11.6355
  3.7621  2.2568  0.9765  1.1654 18.2716
  5.4732  3.9264  0.9673  2.0146 35.7548
  3.9562  4.0456  0.9809  1.4278 37.0548
  6.1290  2.3252  0.9973  2.8064 18.9546
  6.9666  2.4762  0.9818  0.3827 20.4739
  5.0827  3.4870  0.9980  0.6498 31.0135
  5.6959  4.1962  0.9974  1.4639 38.7044
  5.3181  2.1098  0.9900  1.7658 16.8183
  6.5491  4.2967  0.7833  0.8348 39.8094
  5.4596  3.9783  0.9933  1.8110 36.3201
  6.3782  1.1191  0.9854  0.4774  7.6412
  4.8705  3.5995  0.9757  0.6408 32.2198
  4.7851  3.8584  0.9905  0.3794 35.0158
  4.4159  2.3988  0.9858  0.4574 19.6930
  4.3187  1.3994  0.9717  1.7284 10.1031
  5.7296  1.8357  0.9862  0.0664 14.1603
  5.3886  3.4410  0.9726  1.2767 30.5223
  5.1584  2.4225  0.9754  1.1456 19.9311
  5.4303  3.6750  0.9743  1.9800 33.0319
  5.6710  2.3647  0.9889  0.7519 19.3501
  4.7192  3.5574  0.9958  1.6852 31.7678
  5.4644  3.1593  0.9873  1.2380 27.5350
  5.7137  2.9249  0.9840  1.5135 25.0799
  5.8383  4.0854  0.9677  2.3512 37.4895
  5.0149  3.4881  0.9849  1.9991 31.0249
  6.1005  2.3227  0.9891  0.2235 18.9294
  5.0625  4.4383  0.9875  0.4191 41.3732
  6.5764  3.6679  0.8102  0.5794 32.9557
  5.0162  3.3310  0.9853  1.1997 29.3511
  5.2938  2.6457  0.9884  1.1003 22.1988
  5.2775  2.9971  0.9679  0.8428 25.8331
  6.1105  2.7295  0.9684  1.6268 23.0578
  5.1392  2.8775  0.9779  0.3589 24.5879
  5.4573  2.2797  0.9980  0.2500 18.4995
  6.0530  2.6231  0.9908  0.4492 21.9669
  6.0313  4.0842  0.9952  2.3471 37.4763
  5.0026  3.8014  0.9933  2.4124 34.3972
  5.1530  2.6160  0.9848  1.9857 21.8951
  5.5383  3.0926  0.9980  1.7435 26.8333
  5.8511  2.6819  0.9957  1.5458 22.5697
  5.4803  3.9182  0.9968  0.5503 35.6653
  5.3395  2.9214  0.9919  1.9596 25.0440
  5.4084  2.3028  0.9719  0.8218 18.7307
  4.3479  1.6850  0.9910  0.6851 12.7324
  5.8905  2.1454  0.9836  1.4814 17.1692
  5.2945  1.9477  0.9980  1.3876 15.2379
  4.9177  3.8670  0.9743  0.5476 35.1089
  5.6896  1.8559  0.9791  0.6905 14.3542
  5.3731  3.4709  0.9973  0.7997 30.8414
  5.2024  4.1163  0.9745  1.0255 37.8281
  5.1771  4.4142  0.9915  2.2632 41.1068
  5.6763  4.2461  0.9964  1.0667 39.2529
  5.2855  4.0480  0.9980  1.3343 37.0803
  5.3639  2.9087  0.9907  3.0292 24.9117
  3.5947  1.2028  0.9685  1.6291  8.3618
  5.2124  4.0746  0.9869  1.8483 37.3716
  4.7297  3.0115  0.9969  0.2716 25.9839
  4.7436  1.8145  0.9850  0.8402 13.9585
  4.2088  1.9080  0.9872  2.9387 14.8549
  6.0690  2.7565  0.9742  0.7504 23.3360
  5.7804  3.4951  0.9941  2.5613 31.1000
  5.2780  1.8993  0.9795  0.7141 14.7708
  4.8706  4.3300  0.9866  0.6496 40.1771
  4.3285  3.9715  0.9872  1.3678 36.2456
  6.0007  2.0336  0.9958  2.7933 16.0727
  5.5207  2.1171  0.9716  2.2817 16.8897
  4.7426  3.5372  0.9671  1.0959 31.5514
  5.2125  4.3532  0.9811  0.9317 40.4329
  5.7083  1.0725  0.9775  1.4390  7.2455
  5.0644  2.4957  0.9749  0.4875 20.6711
  5.1953  3.1392  0.9819  0.6224 27.3231
  3.9284  1.9139  0.9811  1.3360 14.9115
  5.6543  2.4120  0.9802  0.9065 19.8256
  5.0351  3.4522  0.9794  1.9161 30.6412
  5.4302  4.0103  0.9808  0.5150 36.6685
  6.9817  2.5198  0.4577  1.3316 20.9152
  5.4461  2.8217  0.9719  2.3017 24.0095
  6.4380  2.3579  0.9814  0.7542 19.2816
  5.1831  3.0170  0.9678  1.2820 26.0408
  4.4358  2.0648  0.9693  0.6754 16.3772
  5.4481  1.7866  0.9938  0.9624 13.6922
  4.7542  3.5401  0.9692  1.6738 31.5824
  4.7981  1.6279  0.9855  2.2148 12.1980
  3.7913  2.4575  0.9697  1.8750 20.2842
  4.5140  4.1625  0.9863  0.4795 38.3348
  5.0614  3.4653  0.9807  1.6555 30.7812
  6.6160  2.2281  0.6613  0.3041 17.9869
  6.8757  1.7797  0.5729  0.6582 13.6272
  6.0397  2.5369  0.9844  2.5218 21.0891
  5.7206  3.4321  0.9908  1.4630 30.4274
  4.9641  3.6313  0.9964  1.8079 32.5616
  5.2653  3.2155  0.9792  0.9039 28.1273
  4.9988  2.2252  0.9932  1.3748 17.9578
  5.6193  1.8092  0.9724  1.9464 13.9080
  4.1528  2.0193  0.9935  2.6281 15.9330
  5.0301  3.2737  0.9794  0.1724 28.7435
