  5.5004  3.4390  0.9887  2.2207 30.5005
  5.7978  3.5657  0.9878  1.4509 31.8571
  5.9325  2.0854  0.9709  1.0308 16.5793
  5.3244  3.0947  0.9876  0.3605 26.8549
  4.8293  2.2487  0.9725  0.6437 18.1913
  6.3251  1.2045  0.9819  0.3849  8.3764
  5.1043  2.8531  0.9979  1.0307 24.3344
  6.7166  1.0516  0.9212  0.1644  7.0692
  5.7722  2.9829  0.9864  0.9447 25.6844
  4.8700  4.0838  0.9679  0.4708 37.4720
  5.2175  3.1233  0.9908  2.2174 27.1553
  6.8052  2.4579  0.5653  0.5812 20.2886
  5.7608  2.7707  0.9918  1.9994 23.4827
  5.4727  3.8976  0.9818  1.5206 35.4416
  5.0452  0.6915  0.9834  2.7731  4.1976
  5.9779  2.6326  0.9844  1.4223 22.0641
  6.8649  1.5572  0.5405  2.3702 11.5426
  6.8400  3.8183  0.9980  2.7587 34.5811
  6.4518  2.4177  0.9551  1.9866 19.8828
  6.1405  3.6804  0.9668  1.7181 33.0901
  5.1158  1.4586  0.9927  0.1868 10.6391
  6.5285  1.3532  0.9069  2.4381  9.6885
  5.3256  3.1751  0.9686  0.2809 27.7011
  6.6451  2.6828  0.9581  0.4564 22.5785
  6.3974  3.2697  0.9802  0.6118 28.7008
  6.4287  2.7734  0.9817  1.2054 23.5101
  6.3714  1.6287  0.9770  1.6891 12.2059
  5.8212  2.9670  0.9673  1.9057 25.5185
  5.7446  3.1465  0.9767  1.4378 27.3994
  5.6639  3.6466  0.9706  0.8271 32.7266
  5.7433  1.6235  0.9934  1.3165 12.1578
  6.6220  3.1214  0.7621  2.0112 27.1362
  5.7863  2.5327  0.9866  0.7004 21.0461
  5.3533  1.7696  0.9968  2.3301 13.5310
  5.9301  3.0958  0.9899  1.7926 26.8670
  6.0445  1.2386  0.9945  1.0132  8.6737
  5.5372  0.9409  0.9885  0.6980  6.1523
  6.2594  3.4870  0.9731  0.7460 31.0136
  5.7077  1.3236  0.9919  0.5740  9.4242
  5.1488  4.3395  0.9873  0.6128 40.2819
  6.3890  2.6264  0.9745  0.3861 22.0014
  5.4152  1.1302  0.9731  1.6314  7.7360
  6.0403  1.9292  0.9726  0.6666 15.0586
  5.6693  3.1669  0.9980  0.9479 27.6143
  6.4618  1.5818  0.9913  1.6926 11.7697
  6.0808  1.5910  0.9761  1.8329 11.8552
  5.7257  2.3853  0.9700  1.2308 19.5573
  6.0198  1.8350  0.9690  0.3402 14.1544
  5.8527  1.2845  0.9788  2.5745  9.0779
  6.0485  0.9226  0.9890  0.9466  6.0034
  5.7059  2.2462  0.9932  1.9853 18.1663
  4.7193  2.8632  0.9707  0.6604 24.4392
  5.3217  3.1866  0.9687  0.8379 27.8220
  6.6319  2.0045  0.5749  1.7118 15.7887
  6.2433  1.7717  0.9980  1.3144 13.5513
  6.6217  2.3526  0.9309  0.6167 19.2291
  6.4865  1.5700  0.9640  2.1849 11.6606
  6.8713  3.8078  0.8348  1.3745 34.4673
  5.3122  3.2597  0.9750  1.0666 28.5950
  5.9487  1.0855  0.9842  0.9928  7.3556
  5.5869  3.8598  0.9980  2.3169 35.0314
  6.3235  2.1807  0.9433  0.2929 17.5174
  5.4253  2.3860  0.9876  1.8618 19.5644
  6.1477  2.4595  0.9850  0.9335 20.3048
  5.3044  1.0516  0.9811  2.1960  7.0695
  5.9428  1.8384  0.9696  0.5089 14.1864
  5.6696  4.3666  0.9728  1.3075 40.5810
  5.2955  3.3350  0.9915  1.0490 29.3929
  6.9909  1.7994  0.4388  1.3395 13.8142
  5.4677  2.5787  0.9757  0.7015 21.5142
  5.8791  2.1399  0.9837  1.1076 17.1148
  6.6061  1.6617  0.6940  1.2133 12.5139
  5.9673  3.5779  0.9746  1.9782 31.9874
  5.8229  2.2518  0.9972  0.9612 18.2218
  5.9455  3.8052  0.9885  2.8133 34.4388
  6.6798  2.5260  0.5967  2.2012 20.9784
  6.7540  2.5149  0.5839  1.1350 20.8662
  6.0029  2.6934  0.9677  1.9273 22.6873
  6.1165  1.5065  0.9966  1.2773 11.0763
  5.9410  3.0944  0.9667  1.9588 26.8521
  6.3485  0.8379  0.9790  0.4162  5.3256
  6.4307  2.3526  0.9966  2.9797 19.2283
  5.0409  4.2215  0.9980  1.3624 38.9820
  6.1287  3.9862  0.9704  1.1632 36.4056
  5.4404  3.1418  0.9734  1.4150 27.3503
  5.4042  1.8214  0.9775  1.9421 14.0241
  6.2847  1.9682  0.9763  2.6152 15.4361
  6.8183  2.6283  0.5976  0.4082 22.0200
  5.4416  2.2275  0.9941  0.0379 17.9809
  5.1327  1.3975  0.9743  1.5929 10.0857
  5.8847  1.7682  0.9718  1.7398 13.5177
  5.7552  3.1944  0.9810  2.2556 27.9048
  5.5904  0.5020  0.9939  0.8199  2.8382
  6.9159  2.9212  0.4451  2.6461 25.0415
  5.5720  1.1101  0.9964  1.0657  7.5644
  5.5110  1.8124  0.9829  0.2551 13.9385
  5.9128  3.7144  0.9824  0.9405 33.4575
  6.5223  1.4003  0.8783  1.0854 10.1110
  6.7150  1.3383  0.6107  0.3289  9.5552
  5.9780  0.5272  0.9863  1.1772  3.0118
  6.5791  3.8585  0.8440  2.3057 35.0167
  4.7989  1.3332  0.9725  2.0242  9.5093
  5.8978  3.6352  0.9744  1.1238 32.6030
  5.3162  1.3489  0.9779  0.9811  9.6501
  5.2071  2.8540  0.9968  0.2662 24.3443
  5.9151  0.7342  0.9777  2.4393  4.5204
  5.4132  3.5010  0.9891  1.1951 31.1634
  6.6692  1.1147  0.8419  0.4542  7.6033
  6.1290  1.2930  0.9697  1.5375  9.1532
  5.0920  1.7326  0.9919  1.5253 13.1809
  6.0956  0.7869  0.9759  0.4023  4.9254
  6.6691  2.4661  0.8547  1.7561 20.3718
  6.0281  1.1223  0.9890  0.2249  7.6682
  5.4747  2.4459  0.9712  2.6220 20.1672
  5.9400  4.0446  0.9943  1.7545 37.0440
  6.3269  0.9905  0.9714  0.4268  6.5598
  6.7665  1.6351  0.6700  0.5493 12.2659
  5.5940  3.3955  0.9877  1.3464 30.0367
  4.5319  1.7567  0.9692  1.1050 13.4089
  6.9363  0.7811  0.5936  0.5337  4.8810
  5.0806  2.8011  0.9771  2.0007 23.7961
  5.9516  3.6413  0.9808  0.2575 32.6696
  5.3234  3.2539  0.9949  0.8786 28.5337
  6.1840  1.8878  0.9808  1.1241 14.6606
  5.5130  4.4854  0.9772  1.8216 41.8950
