  6.0663  1.2684  0.9846  2.6490  8.9354
  5.0403  4.0978  0.9852  2.5474 37.6249
  5.8215  1.2072  0.9800  0.4935  8.3999
  5.4175  1.9466  0.9980  2.0789 15.2269
  4.9932  2.4105  0.9808  1.5820 19.8104
  4.7194  3.1947  0.9933  0.8415 27.9082
  5.2055  2.4882  0.9705  1.8408 20.5947
  5.4415  1.6730  0.9711  1.4246 12.6196
  6.1745  2.9141  0.9756  1.5301 24.9679
  6.1839  1.7697  0.9846  1.3395 13.5317
  5.0942  2.1929  0.9916  2.5099 17.6375
  5.4314  2.5805  0.9700  2.1428 21.5327
  5.2002  3.3797  0.9915  1.8646 29.8689
  6.7655  1.2594  0.5527  2.1195  8.8568
  5.4569  2.5650  0.9717  1.4611 21.3749
  5.4656  2.8361  0.9818  1.3163 24.1580
  4.9483  1.7136  0.9980  1.9262 13.0018
  5.6336  3.3154  0.9913  0.5050 29.1851
  5.3235  2.0641  0.9730  0.7645 16.3707
  6.5430  1.2571  0.9191  0.7425  8.8367
  4.8819  1.6074  0.9907  1.6373 12.0074
  5.1089  3.0400  0.9692  0.3597 26.2815
  4.3067  1.5280  0.9889  2.0121 11.2733
  5.6783  1.8880  0.9879  1.4000 14.6618
  5.2465  2.2034  0.9817  2.2462 17.7422
  4.2271  2.8051  0.9709  2.3578 23.8379
  5.7032  3.3139  0.9921  0.0430 29.1693
  5.0950  1.4408  0.9784  0.3657 10.4773
  5.6175  3.2872  0.9745  0.7004 28.8866
  6.2278  2.4312  0.9682  1.2770 20.0192
  5.3745  3.1171  0.9905  1.0639 27.0908
  5.8358  3.9786  0.9722  1.8475 36.3232
  4.8937  2.0861  0.9915  0.9333 16.5862
  4.3260  4.4688  0.9852  0.6556 41.7106
  6.0626  3.3611  0.9980  2.4306 29.6706
  4.6204  1.9209  0.9930  0.9503 14.9794
  5.2620  1.6011  0.9690  0.4503 11.9490
  4.8165  1.0356  0.9967  0.6721  6.9355
  4.6014  3.5936  0.9767  1.8006 32.1562
  5.1099  3.6890  0.9776  0.6993 33.1834
  4.5904  1.4345  0.9880  1.8734 10.4198
  5.1009  2.9611  0.9891  2.0323 25.4576
  5.6550  3.1345  0.9849  0.8813 27.2733
  5.2838  1.0664  0.9724  2.4848  7.1938
  4.9287  4.4044  0.9712  0.8299 40.9979
  5.5260  1.1673  0.9775  0.4089  8.0542
  5.4587  2.3397  0.9866  1.8976 19.0998
  5.8642  2.6672  0.9752  0.7336 22.4187
  4.0432  1.8833  0.9737  0.4323 14.6168
  5.6173  3.2014  0.9948  0.8192 27.9786
  4.9269  2.4964  0.9853  0.6025 20.6784
  3.9431  2.9893  0.9824  0.6812 25.7511
  5.5873  2.4513  0.9720  1.1939 20.2223
  5.3960  3.5610  0.9789  1.3481 31.8065
  5.4506  4.0371  0.9780  1.5222 36.9618
  5.0375  0.8759  0.9965  1.2467  5.6278
  6.1346  2.3511  0.9867  0.3131 19.2134
  5.5636  3.1271  0.9817  1.9474 27.1956
  5.6795  2.3414  0.9788  1.2179 19.1160
  5.9459  1.4312  0.9967  0.3105 10.3899
  5.2489  2.6052  0.9796  1.1906 21.7844
  5.5725  3.4099  0.9806  1.4501 30.1902
  5.8408  2.5592  0.9893  0.3027 21.3155
  5.3296  3.1975  0.9861  1.5931 27.9373
  5.1024  3.1035  0.9796  0.1453 26.9481
  5.7958  1.2856  0.9851  2.0705  9.0878
  5.4007  2.4118  0.9952  0.8004 19.8238
  3.5598  2.2625  0.9874  0.6125 18.3283
  5.7058  2.4754  0.9723  1.0967 20.4659
  5.6312  4.0905  0.9760  1.0899 37.5450
  4.8819  1.6491  0.9801  1.2790 12.3964
  5.2783  1.7501  0.9922  1.6105 13.3469
  4.2705  2.1864  0.9878  1.5182 17.5733
  5.4150  2.7535  0.9704  0.8754 23.3058
  5.4275  0.2105  0.9750  1.7171  1.0286
  5.5747  2.2958  0.9922  1.5221 18.6606
  5.1826  3.6550  0.9763  1.4743 32.8171
  6.4342  1.4192  0.9241  0.3613 10.2820
  5.5580  2.1446  0.9843  1.3415 17.1608
  5.4392  3.9283  0.9772  0.4198 35.7758
  5.2615  1.4516  0.9872  0.5792 10.5752
  5.7211  2.0958  0.9941  1.0282 16.6811
  4.7139  1.8606  0.9974  2.2338 14.3991
  5.4492  2.3466  0.9866  0.4381 19.1691
  4.9282  1.7503  0.9842  1.8386 13.3485
  5.1812  1.6059  0.9677  2.5470 11.9938
  5.3871  3.7916  0.9739  1.3689 34.2917
  4.3718  0.9499  0.9767  1.6041  6.2259
  5.5367  3.4083  0.9865  1.4458 30.1733
  5.1926  3.3979  0.9797  1.3125 30.0620
  4.7920  2.7395  0.9740  1.1008 23.1613
  4.1652  4.0533  0.9669  0.8733 37.1388
  5.9837  2.3902  0.9751  0.8995 19.6062
  6.1647  1.0085  0.9980  1.6772  6.7095
  6.1029  2.4917  0.9870  1.6350 20.6306
  5.4407  3.2845  0.9766  1.6219 28.8579
  4.9662  2.9062  0.9980  1.8243 24.8861
  4.8375  2.7203  0.9706  1.9659 22.9642
  4.9660  1.9657  0.9762  0.3352 15.4121
  5.0081  3.7743  0.9877  2.1659 34.1048
  5.4069  2.5657  0.9690  0.5787 21.3821
  5.3205  2.0045  0.9931  0.0359 15.7893
  6.4101  3.0418  0.8388  1.2406 26.3007
  5.4837  3.2293  0.9813  0.9778 28.2736
  5.5058  1.2694  0.9809  0.4531  8.9445
  6.2282  3.0024  0.9962  1.2645 25.8881
  4.2166  1.3355  0.9683  2.1364  9.5302
  5.9349  2.1199  0.9957  2.7626 16.9176
  4.2072  3.0903  0.9851  1.2805 26.8086
  4.7984  1.7134  0.9785  1.5289 12.9994
  5.5336  1.9513  0.9980  1.3430 15.2724
  4.8062  2.7850  0.9713  2.0494 23.6306
  6.5549  3.5459  0.7844  1.7227 31.6444
  5.6934  2.3356  0.9953  1.0784 19.0581
  5.8158  2.2406  0.9949  2.1783 18.1111
  5.7754  1.0108  0.9794  0.2591  6.7284
  6.1904  2.1000  0.9695  1.6949 16.7226
  6.6484  0.9043  0.6973  0.1775  5.8559
  5.0612  4.0612  0.9927  1.6021 37.2249
  5.5638  2.8456  0.9775  1.7242 24.2572
  5.2356  3.0227  0.9883  1.4243 26.1005
  6.9383  3.9281  0.9970  1.3597 35.7730
  5.0576  3.6932  0.9808  1.3036 33.2279
  5.2603  2.4030  0.9784  1.2521 19.7347
  4.4307  2.4496  0.9977  1.0511 20.2043
  4.0643  0.5742  0.9808  2.3412  3.3416
  5.9710  3.4352  0.9963  1.0176 30.4606
  5.2881  1.2967  0.9944  1.3715  9.1859
  3.7712  3.6075  0.9729  0.1500 32.3055
  4.6431  3.4699  0.9871  2.3164 30.8304
  6.1200  1.7957  0.9847  1.4414 13.7788
  4.7245  3.5073  0.9741  0.4959 31.2311
  4.8352  4.3872  0.9829  0.8875 40.8082
  6.0372  2.8791  0.9679  1.2787 24.6042
  5.2600  1.5741  0.9672  1.1539 11.6983
  4.3456  3.5255  0.9906  0.5920 31.4252
  4.7347  1.4925  0.9980  1.3555 10.9478
  5.9911  2.1924  0.9767  1.2267 17.6327
  5.3531  3.4917  0.9779  0.7289 31.0636
  5.2813  1.6822  0.9894  1.0647 12.7064
  5.0347  1.8839  0.9692  1.2681 14.6227
  6.1695  1.5059  0.9668  1.7094 11.0711
  4.8126  3.9364  0.9823  0.4388 35.8638
  5.0096  3.3087  0.9730  1.9140 29.1146
  5.3441  3.3286  0.9792  0.8867 29.3254
  3.7054  2.1128  0.9918  0.3198 16.8480
  5.3582  3.5897  0.9980  0.1078 32.1141
  5.9171  1.6137  0.9677  2.4648 12.0663
  4.5035  3.0127  0.9866  0.5225 25.9957
  4.2144  3.8336  0.9816  0.5640 34.7470
  5.1760  2.0759  0.9807  1.5255 16.4856
  4.7887  1.4190  0.9861  1.5815 10.2801
  6.8656  2.9700  0.4175  1.0570 25.5497
  5.0169  1.6764  0.9938  0.5649 12.6517
  5.8719  3.1845  0.9795  0.4257 27.8008
  4.4754  2.3758  0.9795  0.5894 19.4616
  5.9604  2.2130  0.9980  2.7548 17.8372
  5.4640  1.3063  0.9771  1.9558  9.2705
  5.3596  2.5155  0.9980  0.6878 20.8720
  5.3059  4.1094  0.9862  0.9979 37.7528
  5.9741  2.6849  0.9765  1.1305 22.5999
  4.0740  3.2254  0.9980  1.2186 28.2318
  5.5453  2.5622  0.9761  1.4014 21.3461
  4.8456  3.3428  0.9708  1.3036 29.4759
  5.3653  3.7439  0.9815  0.4783 33.7754
  5.7091  2.3292  0.9873  1.8067 18.9943
  5.2874  2.9998  0.9775  1.3515 25.8607
  5.3059  4.1968  0.9764  2.7541 38.7104
  5.9833  1.3039  0.9693  2.4597  9.2491
  5.2350  4.0710  0.9933  1.1635 37.3320
  5.9287  1.8649  0.9765  0.4420 14.4408
  3.6984  1.3612  0.9710  1.1046  9.7598
  4.3298  1.5562  0.9866  0.5066 11.5330
  4.4694  1.0116  0.9957  2.3334  6.7348
  6.0765  2.9829  0.9714  0.7834 25.6850
  4.9239  3.1043  0.9851  2.8436 26.9558
  4.7119  3.6802  0.9787  0.8745 33.0883
  5.4840  2.4431  0.9977  1.3829 20.1393
  4.4463  1.8616  0.9962  0.8813 14.4082
  5.2632  1.4779  0.9713  1.0955 10.8149
  4.1718  2.3709  0.9897  2.7456 19.4120
  4.7027  2.7526  0.9745  3.0241 23.2962
  5.0133  1.6406  0.9825  0.7667 12.3171
  5.5769  1.8933  0.9675  2.3077 14.7127
  5.7375  2.2738  0.9977  1.3592 18.4415
  5.4453  1.3317  0.9949  0.4083  9.4961
  5.5855  3.0933  0.9820  1.1553 26.8405
  5.4556  2.4417  0.9917  1.2446 20.1249
  4.8013  0.5376  0.9839  0.5931  3.0840
  3.5331  3.6094  0.9895  0.4983 32.3263
  5.0338  4.1299  0.9881  1.5327 37.9767
  6.0449  3.2042  0.9841  0.9427 28.0083
  5.5950  1.7029  0.9909  2.0012 12.9009
  5.8201  4.1608  0.9700  1.3443 38.3156
  5.6587  3.5206  0.9817  0.7418 31.3733
  5.1102  2.9423  0.9856  1.9722 25.2617
  5.2262  1.9534  0.9681  2.0098 15.2927
  4.3151  1.3900  0.9980  1.7761 10.0186
  5.5596  4.2865  0.9847  1.9381 39.6971
  5.4380  3.5734  0.9847  0.5913 31.9390
  4.9071  2.2658  0.9717  0.6595 18.3613
  6.0240  1.8179  0.9730  1.3076 13.9903
  4.1622  2.5819  0.9706  1.3362 21.5468
  5.9949  1.9481  0.9849  1.2746 15.2413
  5.2422  2.6564  0.9871  1.3678 22.3083
  5.2800  4.1326  0.9841  0.1929 38.0068
  4.4699  3.7511  0.9958  0.7458 33.8536
  5.6015  1.6419  0.9726  1.2878 12.3291
  6.4473  2.1871  0.9721  0.1673 17.5805
  4.9639  4.3202  0.9753  1.5639 40.0692
  4.3170  4.1813  0.9980  1.1486 38.5411
  5.2799  1.9328  0.9960  1.7736 15.0938
  4.5468  2.5718  0.9980  0.7931 21.4443
  5.0522  2.4849  0.9706  2.5641 20.5617
  5.2616  1.4598  0.9834  0.6933 10.6497
  5.3480  2.4471  0.9741  1.0761 20.1795
  3.9135  3.6575  0.9971  1.1121 32.8439
  4.3906  4.4991  0.9668  2.9222 42.0463
  4.3711  3.3433  0.9775  1.5604 29.4810
  5.3228  0.8709  0.9677  1.8063  5.5872
  4.3778  2.3919  0.9951  0.4166 19.6238
  3.7625  1.2651  0.9756  1.7613  8.9063
  5.2728  3.9885  0.9692  0.6128 36.4317
  5.0066  2.6767  0.9729  1.8570 22.5160
  5.4055  3.2649  0.9927  2.1142 28.6504
  5.3019  1.7000  0.9909  0.5491 12.8736
  5.7587  1.7429  0.9865  2.3065 13.2781
  4.4821  0.2831  0.9956  0.7736  1.4421
  6.4628  2.8823  0.9094  2.1324 24.6370
  5.5241  1.9157  0.9905  0.8247 14.9287
  4.8974  2.2776  0.9980  2.2299 18.4793
  4.7842  1.1345  0.9808  1.1184  7.7725
  5.2160  1.9765  0.9973  0.8736 15.5166
  5.6512  2.8576  0.9745  2.9933 24.3808
  4.4732  1.2969  0.9777  1.3946  9.1877
  4.9000  3.2115  0.9908  1.0198 28.0851
  5.1053  3.3180  0.9798  2.7184 29.2124
  5.1593  1.1055  0.9798  1.7284  7.5253
  5.3480  2.7879  0.9798  2.2091 23.6600
  5.0968  2.5090  0.9978  2.6547 20.8058
  6.3554  0.8947  0.9935  1.5737  5.7781
  5.2377  1.2778  0.9876  1.2936  9.0187
  5.5648  2.5537  0.9913  0.4262 21.2598
  5.6511  2.5940  0.9680  1.9456 21.6706
  4.2009  4.2842  0.9953  0.9303 39.6724
  5.5562  3.9997  0.9777  0.9380 36.5533
  5.4331  2.4732  0.9940  0.6470 20.4429
  5.4342  2.3613  0.9731  2.1183 19.3155
  5.0788  2.4360  0.9726  2.1306 20.0671
  6.2492  3.1854  0.9729  0.9984 27.8102
  4.7450  3.3799  0.9723  1.3684 29.8712
  6.0783  3.9365  0.9971  1.6619 35.8645
  5.1346  1.7453  0.9934  0.5984 13.3014
  5.4485  1.6080  0.9980  0.9886 12.0130
  4.4866  4.4585  0.9737  0.7538 41.5967
  6.5128  3.2920  0.8286  1.6481 28.9374
  5.8227  3.7202  0.9764  2.5176 33.5196
  3.9620  3.8951  0.9750  1.0436 35.4149
  4.0771  1.8130  0.9877  1.7124 13.9437
  5.7408  0.8569  0.9857  2.4271  5.4757
  5.9799  3.1250  0.9972  1.0020 27.1737
  5.5411  0.9746  0.9850  0.7900  6.4285
  5.2021  2.6453  0.9809  1.5610 22.1947
  4.2574  0.5801  0.9765  1.8572  3.3834
  5.3091  3.2321  0.9945  0.8654 28.3025
  5.3272  4.4174  0.9737  0.4674 41.1419
  5.1217  2.6648  0.9742  2.3343 22.3937
  5.4258  1.4435  0.9771  2.2236 10.5016
  6.5708  3.7727  0.7205  2.3754 34.0871
  5.9751  1.5484  0.9763  1.4132 11.4614
  5.5923  2.0562  0.9980  0.7726 16.2928
  5.3238  3.4598  0.9704  1.5997 30.7225
  5.4877  3.1469  0.9808  2.1965 27.4038
  5.4476  1.3638  0.9900  1.0769  9.7826
  5.4230  3.1707  0.9674  0.4985 27.6543
  6.2724  1.7178  0.9724  0.4620 13.0415
  4.1155  1.8643  0.9889  1.4978 14.4342
  5.1710  3.9735  0.9980  1.6082 36.2680
  5.8567  2.1697  0.9908  0.6217 17.4083
  5.7546  3.1295  0.9732  0.3374 27.2204
  5.3183  4.1998  0.9932  0.1094 38.7443
  5.7385  2.1821  0.9757  0.1703 17.5310
  5.2534  2.6335  0.9737  0.1435 22.0738
  5.0772  1.0591  0.9779  1.1685  7.1327
  5.4501  3.5965  0.9949  1.0746 32.1871
  3.9075  2.8363  0.9725  2.3383 24.1606
  4.7469  1.4342  0.9699  0.2472 10.4170
  5.9599  0.8474  0.9701  1.1800  5.4009
  5.1592  3.5645  0.9954  0.4794 31.8439
  4.9921  2.3091  0.9736  0.4126 18.7936
  5.8264  2.2577  0.9980  1.7875 18.2808
  5.4213  2.5310  0.9943  0.6358 21.0293
  4.9092  4.3535  0.9925  2.1857 40.4363
  5.1003  2.6244  0.9752  1.9145 21.9808
  5.3277  1.7507  0.9980  2.4910 13.3523
  4.6137  2.5977  0.9715  2.1953 21.7080
  6.0722  2.6609  0.9879  2.4078 22.3545
  5.1870  0.8631  0.9717  1.8981  5.5254
  5.5162  2.0074  0.9715  0.4468 15.8172
  3.8646  2.9068  0.9770  2.5381 24.8924
  5.0373  4.3839  0.9929  1.2762 40.7713
  5.9668  1.3095  0.9779  0.5891  9.2992
  5.7755  3.7825  0.9774  1.8559 34.1932
  6.6765  0.5528  0.7475  2.4863  3.1902
  5.1438  3.0405  0.9980  1.7794 26.2872
  5.7443  3.0616  0.9860  1.7193 26.5079
  5.8491  4.2349  0.9967  2.6841 39.1301
  4.4417  3.1025  0.9737  1.2330 26.9373
  4.9678  2.2370  0.9781  1.3070 18.0747
  4.9727  2.9029  0.9980  1.2725 24.8512
  5.6476  2.2188  0.9946  1.9411 17.8944
  5.2623  1.3450  0.9969  0.5243  9.6150
  6.3963  1.3935  0.9902  1.4467 10.0500
  6.6405  1.8983  0.6159  2.2560 14.7614
  5.4097  2.2704  0.9834  1.3427 18.4073
  5.4055  1.5066  0.9799  0.5296 11.0767
  5.6208  3.1115  0.9812  0.6745 27.0322
  6.5501  0.2611  0.8725  1.0417  1.3137
  5.4950  1.9621  0.9931  1.3713 15.3772
  5.4840  2.5395  0.9829  1.9218 21.1155
  5.2238  3.4754  0.9725  0.8992 30.8893
  4.5339  0.4887  0.9715  0.9324  2.7476
  6.2091  2.7798  0.9764  1.5651 23.5771
  5.7905  0.9205  0.9980  1.0593  5.9865
  5.3345  3.0998  0.9918  0.9067 26.9083
  4.0312  1.3752  0.9687  1.0551  9.8850
  5.5360  2.7032  0.9793  2.8379 22.7885
  4.7122  4.3228  0.9948  1.9471 40.0978
  5.4918  1.9045  0.9682  2.5960 14.8206
  6.0744  2.5590  0.9720  1.9719 21.3141
  4.4141  3.7499  0.9960  1.7998 33.8407
  6.1939  2.4618  0.9980  2.5065 20.3276
  6.2626  0.4810  0.9629  0.5479  2.6951
  5.4681  2.0831  0.9705  2.1721 16.5567
  3.7214  1.2855  0.9835  2.3641  9.0864
  3.5353  4.0109  0.9674  1.1402 36.6758
  4.9587  4.0047  0.9836  0.8344 36.6075
  5.7558  3.3263  0.9794  1.3243 29.3012
  6.2844  2.7344  0.9917  0.6976 23.1090
  5.3691  2.3729  0.9976  0.7911 19.4325
  3.5411  3.0333  0.9953  0.3887 26.2112
  6.0798  0.7669  0.9873  0.8551  4.7710
  5.3453  3.7194  0.9868  1.1312 33.5112
  5.4292  3.1820  0.9979  1.0318 27.7743
  4.8038  2.6384  0.9852  1.7591 22.1242
  4.3879  3.3277  0.9702  1.9988 29.3154
  5.0022  1.3815  0.9933  0.1484  9.9416
  5.0359  3.0084  0.9767  0.9913 25.9513
  5.4309  2.7655  0.9960  0.5212 23.4289
  5.9582  3.8065  0.9858  1.0853 34.4529
  6.0429  1.5232  0.9905  2.7643 11.2291
  4.3041  0.8443  0.9907  2.2906  5.3761
  6.2468  3.1430  0.9829  0.7237 27.3628
  5.7929  2.4866  0.9948  2.4925 20.5792
  6.6900  0.9424  0.7757  1.4671  6.1647
  6.1883  1.8263  0.9871  0.2135 14.0711
  6.3273  1.6084  0.9750  1.0031 12.0170
  5.2679  2.0935  0.9908  0.5264 16.6583
  5.9060  2.8804  0.9850  1.6924 24.6177
  4.6454  3.7338  0.9680  2.2336 33.6663
  5.0664  1.4614  0.9818  1.0643 10.6647
  6.8277  1.7497  0.7968  1.6365 13.3428
  6.4752  3.5385  0.9707  2.0303 31.5648
  6.8803  0.3353  0.9684  0.6447  1.7555
  4.8304  2.5204  0.9700  1.1088 20.9216
  6.0360  1.4340  0.9897  2.4157 10.4158
  5.8824  3.2028  0.9832  1.9920 27.9934
  6.6090  2.5965  0.7181  0.8287 21.6956
  3.9591  2.0038  0.9707  1.0876 15.7823
  5.6258  1.4283  0.9689  1.3576 10.3640
  5.1966  2.7181  0.9788  1.0552 22.9413
  5.1078  1.2986  0.9841  0.9580  9.2026
  6.6964  2.0268  0.6471  2.7944 16.0058
  6.0615  4.4570  0.9970  1.2762 41.5805
  6.3494  2.1806  0.9911  1.9404 17.5162
  4.1209  2.9055  0.9722  2.5069 24.8783
  5.2670  1.2092  0.9877  1.3841  8.4179
  5.4203  1.3049  0.9933  2.4009  9.2584
  5.1631  2.2811  0.9686  1.3842 18.5143
  5.2090  2.8502  0.9757  0.1876 24.3042
  5.2538  3.7561  0.9703  0.3027 33.9072
  4.4067  1.0905  0.9813  1.0199  7.3979
  5.9909  1.7674  0.9726  1.3763 13.5100
  5.5435  2.0971  0.9922  0.7995 16.6937
  4.4257  3.2314  0.9891  1.8167 28.2960
  4.3142  3.2692  0.9876  1.1531 28.6957
  5.0556  2.7964  0.9931  1.4648 23.7482
  6.1384  1.6066  0.9914  1.2276 12.0005
  5.5138  1.9959  0.9747  2.3711 15.7050
  5.9748  1.4034  0.9682  0.0443 10.1392
  5.4981  3.2086  0.9810  1.9383 28.0551
  5.2933  1.0056  0.9870  1.7380  6.6852
  6.9095  1.2479  0.9967  0.9292  8.7553
  5.3239  2.8218  0.9705  2.3974 24.0101
  5.1856  2.1536  0.9734  1.2314 17.2496
  4.9289  2.3019  0.9868  0.9596 18.7212
  5.4888  2.9975  0.9787  2.3519 25.8369
  5.4167  2.1778  0.9904  0.1888 17.4885
  6.6450  1.5498  0.7341  2.6524 11.4740
  5.4081  4.4640  0.9762  1.7153 41.6582
  4.7662  1.8040  0.9860  1.6600 13.8587
  5.8162  1.8666  0.9803  1.9719 14.4568
  5.4017  2.4760  0.9815  0.6947 20.4714
  5.2353  2.9553  0.9980  2.2867 25.3966
  5.2472  3.6495  0.9919  2.1776 32.7570
  5.5376  2.2330  0.9697  0.3727 18.0357
  6.1153  1.7289  0.9748  1.6500 13.1463
  5.2857  2.8851  0.9732  2.3720 24.6667
  6.7565  1.6623  0.6623  0.7179 12.5196
  5.1774  1.2207  0.9716  0.3610  8.5178
  5.4417  2.1197  0.9898  1.4133 16.9155
  4.5870  4.1700  0.9673  1.2428 38.4172
  4.7018  3.8432  0.9843  1.2665 34.8505
  5.5651  3.3488  0.9684  1.9950 29.5404
  5.4939  4.1483  0.9848  0.7849 38.1789
  4.3482  2.0541  0.9734  0.6418 16.2722
  5.7552  2.0136  0.9916  1.2451 15.8778
  5.0384  2.9761  0.9899  1.6248 25.6140
  5.9526  3.6850  0.9936  2.3699 33.1401
  5.2252  2.0850  0.9723  0.8824 16.5753
  5.4504  3.7286  0.9885  0.7138 33.6101
  5.0786  2.7987  0.9871  2.1754 23.7716
  5.4439  1.4850  0.9800  2.2622 10.8795
  5.1417  4.3049  0.9980  1.4940 39.9003
  5.6018  2.5588  0.9926  0.2192 21.3120
  5.1738  3.6660  0.9825  1.7949 32.9352
  5.0317  4.1165  0.9731  2.2538 37.8300
  6.0277  2.6757  0.9673  1.2400 22.5059
  4.5953  3.2219  0.9756  0.5731 28.1948
  5.4073  2.0594  0.9980  1.4050 16.3240
  6.4103  1.3768  0.9422  0.7905  9.8998
  5.5146  3.8058  0.9671  1.8505 34.4449
  3.6859  1.5345  0.9841  0.2970 11.3334
  5.8541  3.3358  0.9735  2.6025 29.4018
  4.9917  2.2898  0.9839  1.1501 18.6012
  5.5628  4.0171  0.9865  0.9013 36.7431
  6.0938  1.3812  0.9802  0.6936  9.9390
  5.0875  3.0737  0.9958  1.5447 26.6352
  5.2806  1.5848  0.9698  1.2093 11.7976
  5.4471  2.6120  0.9750  2.9995 21.8535
  3.7000  2.6736  0.9853  1.1110 22.4838
  4.2036  2.8641  0.9688  0.7081 24.4490
  4.5241  1.5583  0.9956  1.8363 11.5526
  4.4994  4.2352  0.9930  1.9083 39.1325
  4.9473  4.2891  0.9776  2.9658 39.7264
  4.8620  1.9711  0.9840  2.3177 15.4642
  5.5375  2.3785  0.9947  0.6956 19.4883
  5.2457  1.1524  0.9888  0.8545  7.9266
  5.2584  2.4609  0.9700  1.4948 20.3188
  5.8803  1.3042  0.9848  0.5177  9.2519
  5.9621  3.2136  0.9918  0.2994 28.1076
  6.6224  1.6920  0.9069  2.1072 12.7987
  5.1625  4.1337  0.9956  2.2093 38.0191
  5.6834  1.1916  0.9910  1.0193  8.2648
  4.2966  4.3345  0.9672  1.1664 40.2262
  4.5287  1.6515  0.9853  1.4790 12.4192
  4.4082  2.5422  0.9771  1.6812 21.1433
  5.4125  1.8876  0.9727  1.2197 14.6581
  5.4634  0.5996  0.9899  0.9773  3.5230
  5.1329  2.4810  0.9683  1.1215 20.5225
  4.8163  2.3194  0.9754  1.0800 18.8961
  5.9975  2.5318  0.9702  0.4619 21.0371
  4.9442  3.8074  0.9913  1.0803 34.4630
  5.5961  1.1279  0.9907  1.3510  7.7162
  6.3367  3.4388  0.9894  2.0590 30.4989
  6.0911  2.1100  0.9688  1.8695 16.8207
  6.7387  1.9382  0.7112  0.9360 15.1457
  5.7123  2.1796  0.9980  2.6450 17.5067
  4.6140  3.5610  0.9867  2.5267 31.8065
  4.2618  0.6982  0.9835  1.0686  4.2483
  5.0063  3.6863  0.9697  1.8435 33.1534
  5.7137  2.3969  0.9807  1.1266 19.6734
  4.7047  2.3154  0.9900  1.5357 18.8569
  5.6899  2.3762  0.9713  2.9701 19.4657
  5.9217  1.3312  0.9852  0.2622  9.4915
  5.4663  4.3505  0.9980  0.6301 40.4035
  6.0755  0.4990  0.9744  2.1522  2.8172
  5.2296  2.1401  0.9946  0.7613 17.1166
  5.6181  3.3058  0.9725  0.7766 29.0830
  6.1474  3.2028  0.9942  1.3575 27.9931
  5.2460  2.2561  0.9940  1.6519 18.2648
  4.5325  4.1869  0.9840  2.4412 38.6021
  6.1934  3.2117  0.9980  2.3553 28.0871
  5.6411  3.2420  0.9825  0.9367 28.4081
  6.5275  1.7981  0.8236  1.9615 13.8018
  5.5916  2.3475  0.9855  1.5277 19.1777
  6.8565  1.1504  0.4497  0.7649  7.9086
  5.3741  1.4340  0.9668  1.5594 10.4157
  5.7061  4.2657  0.9899  1.0236 39.4686
  4.4263  2.7717  0.9699  1.3475 23.4927
  5.0802  3.9939  0.9822  1.2970 36.4897
  5.3991  4.4864  0.9818  2.0355 41.9061
  6.3263  2.7039  0.9939  1.2063 22.7956
  5.2499  1.1509  0.9939  1.6128  7.9137
  4.7055  3.4738  0.9791  0.7361 30.8727
  5.4411  0.2302  0.9800  0.3366  1.1383
  4.7436  4.0517  0.9957  2.2242 37.1214
  4.4600  0.8237  0.9894  1.0139  5.2132
  5.6858  2.4155  0.9844  0.5641 19.8611
  4.2625  3.3885  0.9931  1.7060 29.9621
  5.0192  3.0377  0.9801  1.8326 26.2573
  5.7008  0.9003  0.9720  1.0303  5.8239
  6.2605  1.6826  0.9872  1.3285 12.7101
  4.8047  1.5697  0.9941  0.3276 11.6576
  5.1267  1.9337  0.9753  1.9801 15.1022
  4.8907  2.8724  0.9960  1.7123 24.5345
  5.9577  2.2826  0.9780  0.7617 18.5289
  4.5502  1.8563  0.9744  1.9066 14.3581
  4.2232  1.8969  0.9902  1.8859 14.7474
  5.4925  1.3685  0.9948  1.5626  9.8254
  5.3328  2.4525  0.9819  0.6378 20.2339
  5.6543  3.2257  0.9918  1.0733 28.2351
  4.7825  0.8684  0.9977  1.2581  5.5673
  5.9572  2.7675  0.9761  1.6315 23.4492
  5.7101  2.9642  0.9980  2.3195 25.4900
  5.3039  1.9529  0.9857  0.7412 15.2879
  5.6678  1.2183  0.9933  0.7569  8.4966
  5.4321  2.0309  0.9910  2.3321 16.0462
  4.3623  3.0895  0.9915  1.4360 26.8009
  3.5614  2.3755  0.9837  1.1265 19.4587
  5.4574  0.8776  0.9938  0.7424  5.6409
  5.9405  1.1974  0.9794  2.0283  8.3146
  5.3798  2.6164  0.9738  0.8417 21.8988
  4.7312  2.8331  0.9771  2.1095 24.1277
  5.7424  2.4680  0.9980  0.8807 20.3911
  6.5784  1.4329  0.8452  1.1240 10.4053
  6.2209  3.9930  0.9732  1.2165 36.4799
  5.6197  2.0871  0.9980  0.8671 16.5959
  6.0231  2.1297  0.9706  0.6522 17.0141
  6.0082  2.3144  0.9839  1.8125 18.8466
  4.5541  1.6973  0.9692  1.3355 12.8487
  5.1097  1.6699  0.9805  0.9569 12.5912
  6.5907  1.5543  0.8822  0.6105 11.5155
  4.7365  2.8000  0.9976  1.8403 23.7850
  5.0477  1.1040  0.9864  1.5313  7.5119
  6.3557  1.7712  0.9973  1.1206 13.5468
  5.5312  3.8367  0.9701  1.8418 34.7799
  5.0504  2.4500  0.9890  2.4802 20.2087
  4.4854  3.1143  0.9701  2.4877 27.0612
  6.5536  3.7035  0.7639  0.8266 33.3391
  4.1874  3.2158  0.9916  1.4804 28.1302
  5.5966  2.4820  0.9938  2.1927 20.5325
  5.6879  0.9799  0.9688  1.2590  6.4729
  5.8022  4.4153  0.9671  2.2470 41.1195
  6.0204  1.3328  0.9780  1.2939  9.5064
  5.5378  3.4408  0.9979  0.7192 30.5197
  5.7759  1.9448  0.9819  1.9885 15.2099
  5.5470  2.8678  0.9874  0.3132 24.4873
  5.6586  2.9988  0.9980  1.2565 25.8505
  4.4688  3.2048  0.9965  2.0410 28.0144
  4.9829  4.4359  0.9681  1.3852 41.3464
  5.0560  4.0764  0.9699  0.9246 37.3915
  5.3656  2.8840  0.9729  0.6934 24.6547
  5.8446  1.5333  0.9890  1.2874 11.3222
  3.9164  1.9475  0.9869  0.8411 15.2357
  5.1742  3.4239  0.9980  1.5451 30.3393
  4.8248  2.2500  0.9903  1.2294 18.2047
  5.4506  4.0543  0.9748  1.5429 37.1499
  4.8831  3.5310  0.9959  2.6901 31.4845
  5.2986  3.9413  0.9726  2.7697 35.9165
  5.3721  1.6287  0.9972  2.4790 12.2058
  4.9269  3.0503  0.9882  1.5092 26.3897
  5.6641  4.1634  0.9685  0.8892 38.3438
  6.1403  3.6473  0.9829  2.5064 32.7334
  5.2304  3.2411  0.9873  1.1460 28.3978
  6.3897  3.6123  0.9765  1.1426 32.3567
  6.3216  1.1500  0.9785  0.6620  7.9057
  4.8829  3.8153  0.9733  1.4331 34.5482
  5.7448  3.9516  0.9961  1.0663 36.0288
  4.7083  3.5875  0.9677  0.1906 32.0907
  5.6259  1.7173  0.9879  1.2996 13.0369
  5.1902  2.5426  0.9919  2.4448 21.1474
  4.4585  2.8881  0.9810  1.6771 24.6979
  4.6103  3.4339  0.9787  0.5674 30.4467
  4.5230  3.3644  0.9877  1.0574 29.7056
  6.2297  3.2098  0.9775  1.6717 28.0678
  4.9189  3.1046  0.9935  1.5331 26.9588
  5.2891  2.0237  0.9671  1.2957 15.9759
  4.7384  1.4434  0.9675  1.2720 10.5006
  4.2039  2.2879  0.9730  0.3886 18.5817
  6.0113  3.5451  0.9779  1.8640 31.6356
  6.2888  1.8660  0.9969  2.4928 14.4506
  4.9197  1.6981  0.9842  2.8072 12.8556
  4.7993  1.7699  0.9898  0.4538 13.5345
  4.3972  2.5177  0.9980  0.9701 20.8936
  5.4213  1.8484  0.9980  0.9118 14.2823
  5.8796  1.5804  0.9871  2.3277 11.7573
  5.3333  1.2376  0.9827  1.7350  8.6652
  4.1426  3.1213  0.9758  0.4925 27.1349
  5.9535  1.4731  0.9845  1.2322 10.7712
  5.3149  4.0826  0.9690  0.9851 37.4591
  4.9437  2.5914  0.9760  0.9568 21.6441
  4.4733  3.5737  0.9837  0.8952 31.9422
  3.8651  1.4969  0.9732  1.9798 10.9885
  5.2284  0.6767  0.9722  0.3813  4.0875
  6.4301  0.6580  0.9364  2.4435  3.9486
  5.8350  2.1629  0.9673  1.8883 17.3411
  5.4687  0.9071  0.9747  0.4590  5.8786
  5.1715  3.3337  0.9717  2.1400 29.3794
  4.5242  1.1824  0.9868  0.8695  8.1851
  4.1822  3.9878  0.9732  0.4014 36.4240
  6.8512  3.7215  0.4716  2.7805 33.5338
  6.0355  2.9568  0.9961  2.0579 25.4129
  5.3952  1.4818  0.9803  1.0665 10.8506
  4.9063  4.2344  0.9819  2.0566 39.1239
  4.5222  3.5771  0.9831  1.7619 31.9789
  5.0989  0.6442  0.9980  1.4250  3.8467
  5.5441  2.3019  0.9730  1.7987 18.7219
  5.3740  2.9085  0.9737  2.0461 24.9099
  5.7314  2.1113  0.9967  2.4196 16.8336
  4.9556  3.0165  0.9953  1.9589 26.0361
  3.6041  1.0328  0.9686  1.6871  6.9118
  6.3263  1.9817  0.9814  1.5528 15.5672
  6.2783  1.0674  0.9933  0.4652  7.2027
  4.3356  3.0632  0.9934  1.6903 26.5248
  5.0392  4.1083  0.9705  1.5163 37.7409
  5.0808  0.9389  0.9945  2.4034  6.1364
  5.0722  2.1922  0.9817  0.5459 17.6307
  4.9661  0.9805  0.9723  1.9886  6.4774
  4.8669  3.5304  0.9921  1.9945 31.4782
  4.6445  3.7272  0.9728  1.5461 33.5949
  6.4439  3.3980  0.9201  0.4746 30.0636
  4.3527  1.3814  0.9728  1.1887  9.9408
  4.9510  2.6407  0.9771  0.5923 22.1473
  4.6128  2.7338  0.9834  1.6013 23.1029
  5.4654  3.2315  0.9925  2.6031 28.2962
  5.5043  3.0488  0.9980  0.9642 26.3733
  4.4112  3.3573  0.9706  1.5048 29.6301
  6.3832  0.9897  0.9784  1.9370  6.5532
  4.0566  2.9870  0.9856  1.5072 25.7274
  4.7656  2.3419  0.9684  2.0473 19.1218
  5.1759  1.7394  0.9787  0.4574 13.2448
  6.0177  0.4765  0.9980  1.5951  2.6651
  5.4474  3.2718  0.9828  1.3693 28.7231
  5.5068  1.2769  0.9866  1.2122  9.0107
  5.2370  2.5959  0.9980  0.8266 21.6895
  5.6940  2.9202  0.9768  0.4925 25.0309
  4.5924  2.2463  0.9676  0.5405 18.1679
  5.6406  3.7589  0.9964  2.2805 33.9381
  5.0768  3.7525  0.9933  1.4476 33.8686
  5.4263  2.7862  0.9973  2.1286 23.6423
  5.3513  3.1503  0.9723  0.4912 27.4400
  5.0497  1.1179  0.9795  0.0982  7.6306
  5.0106  0.6485  0.9879  2.0220  3.8786
  4.3102  2.5786  0.9918  1.1569 21.5137
  3.7870  2.8578  0.9808  0.9435 24.3836
  5.2509  1.1154  0.9971  1.7470  7.6096
  5.2941  1.4368  0.9825  1.4445 10.4413
  6.0455  0.8233  0.9773  1.8682  5.2102
  5.9616  1.8314  0.9975  2.4789 14.1200
  6.1608  1.2982  0.9771  1.0249  9.1984
  5.3358  2.0664  0.9972  0.4832 16.3927
  4.7701  1.7224  0.9839  0.7226 13.0844
  6.1516  3.4304  0.9870  1.3545 30.4088
  5.8617  1.6678  0.9971  2.0033 12.5713
  5.0310  2.2614  0.9977  0.9700 18.3178
  5.4160  4.0739  0.9715  1.0879 37.3642
  5.6327  2.1741  0.9911  0.7915 17.4521
  5.6358  1.4571  0.9819  2.2853 10.6251
  5.1672  0.6979  0.9682  1.1306  4.2461
  4.9378  2.6621  0.9907  1.8506 22.3660
  4.8767  2.5229  0.9916  0.7070 20.9464
  4.4488  2.8567  0.9932  0.9494 24.3714
  5.3609  1.8964  0.9813  1.3545 14.7425
  5.0666  3.7670  0.9886  0.8950 34.0253
  5.3003  0.7750  0.9951  2.3924  4.8333
  4.1575  0.7730  0.9713  0.6105  4.8184
  5.4031  2.1108  0.9980  0.5997 16.8278
  4.9647  3.0294  0.9799  1.9182 26.1708
  5.1440  0.5329  0.9774  1.7498  3.0514
  6.4709  1.6566  0.9039  1.7874 12.4669
  5.3590  2.0328  0.9964  1.6248 16.0647
  5.5991  1.0413  0.9854  1.1002  6.9827
  5.5860  1.9725  0.9732  0.4439 15.4778
  5.6178  2.9651  0.9872  2.4828 25.4988
  5.5754  3.1260  0.9775  1.8795 27.1843
  5.2225  1.7322  0.9703  0.3525 13.1774
  5.4040  3.0416  0.9738  0.6488 26.2984
  4.8520  1.4173  0.9820  0.5586 10.2642
  3.5858  1.6179  0.9692  1.4999 12.1050
  4.7617  1.0368  0.9926  2.1784  6.9454
  3.8168  3.2961  0.9803  2.7683 28.9803
  5.3829  1.3852  0.9682  1.0253  9.9752
  4.9905  3.1629  0.9707  0.8403 27.5726
  5.3347  2.8637  0.9752  1.5363 24.4447
  5.6796  2.1608  0.9933  1.9414 17.3206
  4.1813  1.5104  0.9940  2.0629 11.1118
  5.0945  1.3890  0.9756  1.9462 10.0096
  5.1859  3.7614  0.9717  1.0160 33.9646
  5.2853  2.3440  0.9744  1.3208 19.1429
  5.6590  1.4982  0.9980  1.3207 11.0004
  6.2965  1.9214  0.9719  1.3851 14.9838
  5.6939  0.8206  0.9863  2.0836  5.1892
  4.4401  1.1629  0.9807  1.6264  8.0168
  6.2028  0.6172  0.9724  1.9036  3.6504
  5.4537  2.9610  0.9795  0.2652 25.4567
  5.4726  0.9971  0.9782  0.7477  6.6146
  6.0655  1.0517  0.9833  1.7089  7.0703
  6.3347  0.7636  0.9949  0.5944  4.7457
  4.3102  2.9306  0.9936  1.9560 25.1394
  3.5377  3.3014  0.9977  2.5330 29.0364
  4.0563  4.2807  0.9805  0.4016 39.6340
  5.6314  1.8332  0.9691  0.6680 14.1373
  4.5807  4.2359  0.9728  1.0638 39.1409
  4.2895  3.9869  0.9867  0.6695 36.4136
  4.1964  0.3301  0.9874  1.4149  1.7235
  5.2000  1.8656  0.9891  0.8193 14.4473
  6.3538  2.6031  0.9767  1.0359 21.7634
  4.3494  3.9913  0.9803  1.2395 36.4621
  5.3682  3.9256  0.9691  1.1541 35.7455
  5.3607  2.7292  0.9939  1.1441 23.0556
  5.9360  3.5700  0.9687  1.7616 31.9023
  5.1507  2.2384  0.9747  2.3998 18.0887
  5.0860  4.0557  0.9677  1.9849 37.1649
  5.5867  1.5274  0.9755  2.5963 11.2677
  5.5016  3.4127  0.9927  0.5749 30.2200
  5.5194  3.7747  0.9895  1.1912 34.1084
  5.5133  1.7881  0.9883  2.1401 13.7068
  4.6128  3.7426  0.9924  1.9444 33.7621
  4.5692  4.3626  0.9742  0.5363 40.5371
  4.8974  3.4074  0.9898  0.6051 30.1642
  4.8528  4.4477  0.9980  2.1203 41.4773
  6.3655  2.5708  0.9784  0.9814 21.4340
  5.7078  2.4405  0.9980  1.6390 20.1127
  6.2974  2.4367  0.9953  2.3929 20.0747
  4.6430  3.6706  0.9723  2.2348 32.9849
  4.8964  3.9981  0.9866  0.7226 36.5355
  3.7020  2.7471  0.9675  1.3323 23.2392
  4.6816  2.6399  0.9919  1.4916 22.1389
  5.4331  4.2100  0.9980  1.0980 38.8559
  5.4215  3.4715  0.9784  2.4325 30.8478
  4.8537  1.8356  0.9793  1.5120 14.1598
  4.9705  3.1797  0.9980  0.8279 27.7495
  5.7330  1.1816  0.9829  0.8286  8.1784
  5.4508  2.5063  0.9927  1.8577 20.7783
  4.3814  1.7728  0.9763  0.1339 13.5616
  6.1445  2.8682  0.9835  0.3497 24.4913
  6.7098  1.9903  0.6521  1.7869 15.6505
  6.6444  1.2146  0.6926  2.6617  8.4643
  6.0992  1.1888  0.9980  0.8161  8.2404
  4.7360  1.5209  0.9780  2.0680 11.2079
  5.1511  4.4220  0.9815  0.6785 41.1933
  4.9984  1.1659  0.9825  1.6367  8.0422
  4.8586  3.1134  0.9682  0.5232 27.0514
  5.1077  1.9221  0.9880  0.7030 14.9903
  5.3832  1.6925  0.9826  0.6163 12.8032
  5.4685  2.3541  0.9857  0.6777 19.2443
  6.2571  3.4527  0.9930  0.4731 30.6472
  3.5515  4.1311  0.9699  0.4730 37.9898
  5.3923  2.8376  0.9809  0.5593 24.1739
  5.2797  3.5509  0.9980  2.5209 31.6979
  5.5759  2.0962  0.9792  1.1468 16.6850
  5.2417  3.0978  0.9778  0.7314 26.8883
  4.9545  4.1266  0.9694  0.8905 37.9413
  4.8385  4.0410  0.9862  1.1073 37.0046
  6.4945  2.7757  0.8862  1.5524 23.5343
  5.0360  1.9331  0.9897  1.6684 15.0968
  5.2972  2.4773  0.9965  1.8118 20.4843
  5.0134  1.4108  0.9795  0.5354 10.2060
  5.5207  3.2487  0.9888  0.8160 28.4781
  5.4591  2.2474  0.9725  0.1095 18.1788
  5.6132  3.1195  0.9870  0.6980 27.1163
  3.7477  2.1747  0.9950  2.1416 17.4582
  5.8068  2.9901  0.9672  0.8129 25.7597
  5.8033  3.0348  0.9700  1.9425 26.2272
  5.2239  1.2682  0.9770  1.3823  8.9341
  6.1761  1.6867  0.9848  0.4927 12.7486
  5.9352  3.6960  0.9831  1.0876 33.2581
  5.2834  1.3046  0.9749  2.4393  9.2557
  5.2549  2.7874  0.9823  1.2201 23.6551
  6.0179  2.1129  0.9980  1.9365 16.8488
  5.1286  3.1082  0.9909  1.9735 26.9972
  5.1128  2.4164  0.9951  2.3531 19.8702
  5.1632  4.4223  0.9967  1.6115 41.1969
  5.0004  1.8632  0.9670  1.3801 14.4242
  5.1638  2.6750  0.9720  0.6862 22.4984
  3.7543  1.0469  0.9798  1.7885  7.0302
  5.7407  2.4943  0.9678  1.3732 20.6573
  5.2991  2.3408  0.9829  1.2516 19.1110
  5.0679  1.2809  0.9943  0.6187  9.0460
  6.5517  0.7548  0.7892  0.1075  4.6779
  3.8554  2.9439  0.9676  0.6119 25.2780
  4.9629  2.0663  0.9957  0.5041 16.3921
  4.5854  3.2593  0.9731  0.6122 28.5905
  5.0902  1.9106  0.9713  0.9946 14.8793
  4.9923  1.1153  0.9680  0.7514  7.6084
  4.7645  2.6641  0.9773  0.5283 22.3866
  6.3081  3.0219  0.9726  0.9809 26.0919
  5.7521  2.4520  0.9668  1.8254 20.2293
  3.8075  1.8177  0.9980  1.0765 13.9889
  5.6918  1.6807  0.9980  0.3917 12.6922
  5.8877  3.2402  0.9764  0.9230 28.3890
  6.2897  2.6547  0.9670  1.1450 22.2910
  5.8751  1.8353  0.9898  0.1344 14.1565
  5.0356  2.8791  0.9692  2.0992 24.6043
  5.6539  2.2309  0.9948  0.7531 18.0146
  4.8031  2.5691  0.9730  1.9000 21.4165
  5.4972  2.3855  0.9925  1.9802 19.5595
  4.2378  2.4778  0.9724  1.3129 20.4898
  6.7943  1.7991  0.5810  1.9996 13.8116
  4.7777  3.0723  0.9784  1.7372 26.6206
  5.2692  2.3656  0.9745  1.9728 19.3595
  5.1520  4.0838  0.9798  0.7153 37.4717
  4.9229  3.0137  0.9729  0.6212 26.0066
  6.3367  3.4364  0.9915  1.0580 30.4726
  5.5364  1.8328  0.9851  0.3450 14.1332
  5.2443  3.4019  0.9676  0.8231 30.1053
  5.2406  1.7950  0.9804  1.4925 13.7729
  5.4516  3.2508  0.9848  0.5808 28.5003
  4.1240  0.8672  0.9825  0.9747  5.5582
  5.7207  3.6493  0.9949  1.8737 32.7548
  6.6586  1.5869  0.7868  0.5556 11.8172
  4.7892  3.1026  0.9763  0.7322 26.9382
  3.5298  1.3911  0.9742  2.2543 10.0279
  6.0326  0.7666  0.9962  0.4989  4.7690
  5.4313  4.2903  0.9945  1.8133 39.7394
  5.4802  3.8407  0.9925  0.9889 34.8239
  6.1247  1.8529  0.9671  1.3518 14.3250
  5.3386  2.1323  0.9933  0.9711 17.0400
  4.2530  2.7942  0.9980  2.2174 23.7253
  4.8181  4.0917  0.9818  1.2034 37.5581
  5.3237  4.2666  0.9933  2.0357 39.4783
  4.2560  2.4737  0.9892  1.8511 20.4488
  5.8071  1.0626  0.9778  1.6497  7.1616
  5.8440  2.5090  0.9905  1.5986 20.8063
  5.2526  0.7297  0.9740  1.1883  4.4864
  4.6516  3.3103  0.9980  2.0637 29.1309
  6.0985  1.7275  0.9711  1.3150 13.1325
  4.7035  2.2107  0.9969  0.6733 17.8139
  5.4132  3.0079  0.9757  0.7632 25.9460
  6.0868  1.1643  0.9843  1.3245  8.0283
  5.1699  2.8008  0.9755  0.8187 23.7932
  4.4820  2.3927  0.9817  1.0394 19.6312
  5.9813  0.9024  0.9980  1.8720  5.8406
  6.0437  3.0302  0.9870  1.4570 26.1789
  5.8231  2.7387  0.9690  0.4042 23.1528
  6.6516  2.6461  0.6639  1.8842 22.2022
  6.5928  0.6437  0.8949  0.8052  3.8434
  5.3219  3.0571  0.9887  0.9806 26.4612
  5.0383  4.1499  0.9678  1.1700 38.1960
  5.2262  2.8700  0.9828  1.3771 24.5094
  5.9258  1.7294  0.9707  1.1828 13.1509
  5.9579  1.3456  0.9976  1.9472  9.6201
  5.3046  2.1039  0.9903  1.4005 16.7603
  5.0662  2.0393  0.9914  0.7113 16.1284
  4.8802  2.3911  0.9807  1.3815 19.6156
  5.2718  1.6874  0.9980  2.5285 12.7551
  4.7002  2.2049  0.9726  1.9096 17.7570
  5.0249  3.4844  0.9765  1.5897 30.9853
  5.8136  2.2674  0.9951  0.5973 18.3776
  5.2488  3.1121  0.9697  1.7458 27.0385
  5.6149  2.0224  0.9790  1.2302 15.9631
  5.1912  2.4394  0.9744  1.3296 20.1022
  5.1821  3.6009  0.9870  1.6540 32.2351
  5.4483  1.4235  0.9705  1.8430 10.3209
  6.1339  3.5800  0.9911  1.0996 32.0100
  5.7307  1.5153  0.9924  0.4119 11.1566
  4.9641  3.0135  0.9955  1.8123 26.0041
  4.7950  3.6760  0.9926  0.9333 33.0424
  5.8454  3.3029  0.9980  2.3297 29.0531
  6.1350  4.0633  0.9737  1.7865 37.2478
  5.4840  2.7654  0.9695  1.5569 23.4279
  5.6991  2.1039  0.9761  1.7746 16.7602
  3.9363  1.7274  0.9900  1.5703 13.1317
  5.3941  2.6384  0.9974  0.9179 22.1233
  5.9899  3.7660  0.9784  1.5556 34.0151
  5.2787  1.7327  0.9901  0.8007 13.1821
  5.5648  3.2474  0.9849  1.6336 28.4647
  5.4041  2.4233  0.9765  2.3518 19.9395
  5.1255  1.3468  0.9865  0.8996  9.6310
  5.5860  1.0255  0.9928  0.6171  6.8509
  4.7713  3.0344  0.9972  1.3527 26.2232
  4.6980  2.5861  0.9739  0.7500 21.5898
  4.9199  3.2932  0.9763  1.5748 28.9497
  4.9163  1.7543  0.9788  0.8558 13.3864
  5.5130  2.6888  0.9894  2.1006 22.6403
  5.4908  2.6317  0.9898  1.2488 22.0550
  4.8654  2.3473  0.9673  0.6881 19.1759
  4.9386  2.4497  0.9682  0.8369 20.2055
  6.2459  2.1303  0.9766  1.8372 17.0198
  4.9238  0.7944  0.9677  1.2440  4.9843
  4.3021  3.8418  0.9941  2.1105 34.8361
  5.2650  1.4327  0.9802  0.5483 10.4036
  4.1276  2.9255  0.9776  0.8349 25.0863
  6.0593  1.7298  0.9850  2.9531 13.1550
  4.9442  4.4283  0.9931  0.3725 41.2633
  5.3749  1.8000  0.9774  1.1293 13.8198
  5.0057  4.0662  0.9835  1.3703 37.2799
  5.8461  0.6310  0.9402  1.6913  3.7503
  4.7108  2.3470  0.9725  0.6750 19.1730
  4.2830  3.8361  0.9734  1.1844 34.7735
  4.3694  3.3034  0.9712  1.1157 29.0575
  5.6816  1.6521  0.9980  1.6254 12.4245
  4.7073  1.2674  0.9808  2.0820  8.9271
  3.9316  3.6203  0.9936  1.1072 32.4429
  4.2740  4.0853  0.9860  1.2085 37.4881
  5.2272  0.8539  0.9926  0.8749  5.4524
  6.1842  2.5272  0.9717  1.3740 20.9908
  5.8226  2.3859  0.9726  0.6878 19.5630
  4.8159  3.8400  0.9748  2.2480 34.8161
  5.2335  1.4253  0.9747  0.6941 10.3370
  5.7246  2.4477  0.9951  0.7062 20.1852
  5.4582  3.8628  0.9973  1.3402 35.0641
  5.7386  2.3434  0.9980  0.9918 19.1361
  5.3945  0.9917  0.9980  1.4783  6.5702
  5.1417  2.9056  0.9692  2.1931 24.8791
  4.1380  3.0931  0.9826  1.8703 26.8380
  5.4610  2.3223  0.9964  0.9838 18.9250
  3.8236  3.2428  0.9770  1.0656 28.4163
  5.8553  2.6447  0.9729  0.2277 22.1880
  5.4544  0.9522  0.9922  0.2791  6.2450
  4.6628  1.5857  0.9980  0.2512 11.8057
  5.8407  3.9265  0.9937  1.8499 35.7559
  5.7641  1.5177  0.9971  1.5587 11.1790
  6.9577  2.1792  0.6985  2.6388 17.5021
  6.0241  1.8274  0.9864  1.1504 14.0818
  3.5326  3.3346  0.9865  0.8027 29.3892
  3.5365  1.7900  0.9798  1.1551 13.7253
  5.5586  2.6248  0.9980  1.8594 21.9848
  6.0750  1.2481  0.9843  0.9583  8.7573
  3.5781  1.4920  0.9690  0.1216 10.9439
  5.8263  2.6166  0.9906  0.6638 21.9008
  5.2414  2.6764  0.9765  0.9025 22.5125
  5.8806  2.3187  0.9708  2.2326 18.8898
  3.7548  2.4059  0.9686  0.9797 19.7637
  5.9930  3.3607  0.9796  2.1199 29.6663
  6.1151  2.2156  0.9914  0.9241 17.8625
  5.9601  1.3394  0.9760  0.6327  9.5651
  5.2047  3.3696  0.9784  0.7699 29.7614
  4.7526  2.3230  0.9849  0.5385 18.9322
  4.4142  2.0757  0.9913  2.2848 16.4838
  5.8191  2.1546  0.9854  1.3939 17.2593
  5.7003  1.5537  0.9687  0.5611 11.5104
  4.4753  0.9316  0.9953  1.2059  6.0772
  5.2164  2.9557  0.9739  1.5308 25.4010
  5.0297  2.8776  0.9809  1.6326 24.5883
  5.6459  2.5214  0.9879  0.4215 20.9315
  5.6602  1.1149  0.9966  1.4912  7.6055
  4.5198  2.4279  0.9742  1.1393 19.9860
  5.6664  0.9262  0.9705  1.9613  6.0333
  4.7622  3.1690  0.9756  0.2201 27.6373
  5.5768  2.5710  0.9849  0.7957 21.4360
  4.7703  1.6671  0.9870  0.6464 12.5644
  5.4055  4.3137  0.9902  2.0859 39.9973
  5.4440  2.8547  0.9980  1.1554 24.3512
  5.9063  1.9817  0.9980  0.7381 15.5670
  6.3009  1.2522  0.9928  0.9364  8.7932
  5.2543  3.1132  0.9754  1.1256 27.0497
  4.9607  4.3936  0.9753  2.5561 40.8794
  5.5979  3.8020  0.9922  1.0196 34.4045
  5.6130  2.0684  0.9980  0.3976 16.4123
  3.5206  2.0653  0.9764  0.8310 16.3820
  4.7607  1.0967  0.9728  0.9304  7.4499
  5.1987  2.6551  0.9793  1.6463 22.2943
  5.4436  3.8213  0.9679  1.0877 34.6129
  5.4137  1.9069  0.9762  2.2572 14.8443
  4.6484  2.0466  0.9712  2.0369 16.1992
  4.8579  3.1377  0.9906  1.6453 27.3075
  5.0668  2.6707  0.9816  2.2981 22.4549
  5.7516  1.0411  0.9899  0.4172  6.9810
  5.4289  1.3746  0.9668  1.5604  9.8796
  4.2276  1.2700  0.9911  2.5324  8.9498
  4.8793  4.0990  0.9980  2.1742 37.6388
  5.1685  2.7868  0.9980  2.8827 23.6483
  5.4729  1.7733  0.9799  1.0599 13.5665
  4.8344  3.8277  0.9980  1.1805 34.6823
  5.5690  1.9800  0.9872  2.1279 15.5506
  5.1869  3.9349  0.9690  2.3743 35.8473
  5.3458  3.4178  0.9888  2.7379 30.2747
  4.8532  1.8863  0.9825  2.0819 14.6461
  5.1820  1.6083  0.9856  0.2887 12.0162
  4.4357  4.0422  0.9730  2.8501 37.0173
  5.0853  2.6008  0.9918  0.2670 21.7401
  5.8115  2.5765  0.9947  2.1592 21.4920
  5.1454  2.6802  0.9820  1.5126 22.5517
  5.3186  4.3407  0.9915  1.0386 40.2945
  3.9391  3.6204  0.9874  2.3572 32.4440
  5.5888  2.7570  0.9980  1.0338 23.3417
  5.6479  1.4572  0.9760  0.9322 10.6258
  5.2771  2.5331  0.9968  1.5061 21.0509
  5.9090  1.9075  0.9872  1.4827 14.8495
  4.0104  3.5316  0.9728  1.2850 31.4912
  5.6567  1.4572  0.9889  0.3220 10.6259
  5.1525  2.6212  0.9775  2.5619 21.9478
  5.3644  0.2249  0.9797  1.2668  1.1082
  3.8981  4.4706  0.9912  2.2214 41.7306
  5.1091  0.8448  0.9690  0.3522  5.3798
  4.0186  1.5661  0.9932  0.9073 11.6247
  5.6092  2.1341  0.9883  1.6360 17.0575
  6.4319  3.2715  0.9062  2.3116 28.7197
  5.2707  2.0528  0.9917  2.5514 16.2595
  5.8945  0.7093  0.9881  1.3707  4.3313
  5.1810  3.9983  0.9911  1.9825 36.5385
  4.1965  2.3027  0.9843  1.5912 18.7295
  5.3606  1.0517  0.9895  2.6927  7.0705
  5.3070  0.9589  0.9980  1.5501  6.3002
  5.0881  1.1917  0.9980  1.3023  8.2656
  4.4834  2.9566  0.9755  0.2202 25.4105
  5.9719  2.8692  0.9695  1.6351 24.5012
  6.3487  2.3082  0.9735  1.3623 18.7847
  6.0451  2.1674  0.9856  1.2474 17.3856
  4.9214  1.8232  0.9867  0.0937 14.0410
  5.2959  0.6476  0.9919  1.2046  3.8719
  4.0953  0.9501  0.9980  1.4107  6.2282
  4.1731  3.3966  0.9717  1.9011 30.0482
  6.1468  1.9193  0.9848  1.5453 14.9632
  4.6494  3.8336  0.9790  1.3796 34.7465
  5.8241  1.4523  0.9949  1.7181 10.5814
  6.2230  3.0069  0.9747  1.4242 25.9349
  5.6695  2.4936  0.9912  2.4028 20.6500
  6.1281  3.7232  0.9751  0.8547 33.5516
  5.1694  1.0480  0.9964  0.5433  7.0389
  5.2327  0.7124  0.9831  2.6262  4.3549
  6.5394  1.6306  0.9836  1.1340 12.2235
  6.1028  4.0600  0.9980  0.7752 37.2121
  5.5557  0.9965  0.9706  0.7573  6.6094
  5.7150  2.6408  0.9794  0.6019 22.1480
  5.5548  1.9593  0.9834  1.6882 15.3500
  5.5419  2.8062  0.9686  2.1920 23.8492
  5.7160  2.8843  0.9937  1.3398 24.6586
  5.3819  0.7789  0.9673  1.5251  4.8640
  6.0227  2.2763  0.9754  1.1642 18.4663
  3.8305  4.0678  0.9680  0.7386 37.2977
  5.0415  2.9546  0.9674  1.3379 25.3898
  5.3494  3.8386  0.9828  0.7658 34.8010
  5.6837  3.2450  0.9903  2.0655 28.4396
  6.2060  2.7367  0.9859  2.0685 23.1325
  4.5767  2.0260  0.9978  0.8245 15.9986
  5.7388  0.4150  0.9667  0.9724  2.2581
  4.6372  1.9234  0.9695  1.0223 15.0027
  4.8603  3.4710  0.9971  0.2099 30.8422
  3.6479  0.9802  0.9749  2.0298  6.4752
  4.5356  2.5195  0.9860  1.3689 20.9120
  4.8317  1.3459  0.9725  1.1611  9.6230
  5.9191  3.3678  0.9980  0.9841 29.7426
  6.1777  3.2961  0.9731  1.6434 28.9803
  6.0130  0.9967  0.9980  2.2764  6.6117
  4.6285  2.9862  0.9905  0.8684 25.7195
  5.4641  1.6513  0.9821  2.1640 12.4169
  5.1949  3.6280  0.9776  1.0715 32.5261
  6.7101  2.8201  0.8845  1.0010 23.9929
  5.4652  3.1602  0.9980  1.8326 27.5445
  4.4426  1.0676  0.9706  1.2722  7.2043
  4.9569  0.5819  0.9802  0.5052  3.3964
  6.0347  1.5917  0.9905  0.2460 11.8618
  5.2190  3.8402  0.9980  2.7666 34.8187
  5.4095  3.1828  0.9733  2.5976 27.7820
  5.6238  2.0731  0.9709  1.2912 16.4581
  5.8644  1.2958  0.9713  1.7879  9.1775
  4.6026  3.9252  0.9713  2.8601 35.7416
  5.0154  3.2567  0.9907  1.4313 28.5635
  3.7870  4.0050  0.9951  0.8307 36.6108
  5.2921  2.3494  0.9754  0.6957 19.1965
  5.5052  2.7948  0.9829  1.5321 23.7315
  5.5576  3.7114  0.9970  2.5994 33.4243
  4.3775  3.6601  0.9980  1.9201 32.8714
  4.4440  1.3053  0.9743  0.6046  9.2621
  4.6245  2.7361  0.9836  1.6013 23.1258
  5.1233  2.8059  0.9739  0.8600 23.8465
  5.2312  2.3091  0.9850  2.5116 18.7929
  3.9058  2.6886  0.9781  0.4213 22.6385
  6.7543  2.4484  0.6020  1.6636 20.1925
  4.3155  3.8726  0.9910  1.9557 35.1703
  5.1820  3.8327  0.9827  0.8624 34.7369
  4.9450  2.5785  0.9709  2.9437 21.5126
  5.4555  2.0287  0.9902  1.5444 16.0242
  5.0105  3.9931  0.9671  2.0684 36.4811
  5.9657  4.2866  0.9856  1.4058 39.6984
  5.8152  1.3129  0.9811  0.4466  9.3287
  6.0705  2.6306  0.9798  1.2144 22.0436
  5.2972  3.3634  0.9821  0.7450 29.6949
  6.2368  1.8729  0.9786  0.2496 14.5171
  4.8703  2.2593  0.9976  2.7664 18.2964
  4.8379  2.3833  0.9864  1.6310 19.5367
  5.3566  2.9801  0.9792  2.0379 25.6554
  4.8367  1.5313  0.9974  1.4736 11.3036
  5.2219  3.1228  0.9681  1.9236 27.1503
  4.8960  2.2493  0.9696  0.7728 18.1974
  4.9536  2.1801  0.9918  1.1556 17.5116
  5.5825  2.2771  0.9902  0.6142 18.4741
  5.3671  3.7101  0.9772  0.5049 33.4108
  5.6734  2.3319  0.9711  1.9683 19.0210
  5.4085  2.6381  0.9752  0.6133 22.1207
  5.1712  3.0322  0.9798  0.5880 26.1999
  4.9161  4.0437  0.9895  1.7191 37.0340
  5.7853  3.8198  0.9905  0.5937 34.5976
  4.3141  3.5712  0.9680  0.5356 31.9157
  6.2301  3.4089  0.9889  0.7030 30.1793
  5.6573  1.1200  0.9780  0.1277  7.6490
  5.5828  1.8896  0.9838  1.1086 14.6772
  4.2304  3.2012  0.9962  1.9964 27.9767
  6.1381  2.6182  0.9723  1.4269 21.9170
  6.6953  2.5036  0.5860  2.4065 20.7506
  4.8677  1.5613  0.9896  1.0185 11.5804
  5.2718  2.8843  0.9800  0.7226 24.6579
  5.5502  2.8839  0.9708  2.6039 24.6536
  6.4498  3.4294  0.9120  2.0083 30.3984
  6.6545  1.7834  0.7300  2.1582 13.6620
  5.4560  1.9065  0.9668  2.5651 14.8402
  5.5896  2.7419  0.9742  0.5457 23.1858
  5.4605  3.1571  0.9708  1.6557 27.5115
  5.7836  1.3574  0.9668  0.8678  9.7259
  5.7895  0.7116  0.9723  1.4601  4.3493
  4.2794  0.8943  0.9945  1.2802  5.7755
  5.5407  2.9571  0.9948  1.8129 25.4160
  4.8313  3.9052  0.9707  1.7937 35.5238
  4.4267  3.2364  0.9681  2.6668 28.3487
  5.7787  1.5549  0.9833  1.4024 11.5212
  5.9610  4.3774  0.9933  2.3685 40.7002
  6.1421  3.9206  0.9807  0.4178 35.6913
  5.7203  1.1615  0.9754  1.0246  8.0047
  5.3572  3.3382  0.9760  0.7283 29.4272
  6.0446  2.0411  0.9755  0.6267 16.1459
  5.9399  2.1088  0.9980  0.8395 16.8085
  5.5475  3.2697  0.9900  0.4134 28.7010
  4.4433  1.9346  0.9960  0.8682 15.1116
  5.7115  2.7614  0.9792  1.9109 23.3863
  4.4899  3.8664  0.9923  0.2299 35.1021
  6.4748  2.3359  0.8680  2.3324 19.0610
  5.7163  2.0808  0.9846  1.2490 16.5337
  4.4371  1.3447  0.9797  0.2348  9.6120
  4.7274  2.2277  0.9868  1.7332 17.9829
  5.1110  4.4919  0.9812  1.9129 41.9668
  5.2754  3.0177  0.9905  0.5216 26.0488
  5.3293  2.0055  0.9795  1.3555 15.7991
  5.9394  3.7324  0.9753  1.7633 33.6518
  5.4755  1.2414  0.9768  1.9629  8.6987
  4.7015  1.9996  0.9728  0.9379 15.7412
  4.5453  3.0028  0.9940  1.5029 25.8924
  5.1419  2.4947  0.9799  0.1339 20.6612
  3.7041  2.8854  0.9827  1.8725 24.6691
  5.5756  2.0375  0.9863  0.3655 16.1106
  5.5927  3.1385  0.9751  1.7480 27.3161
  5.2619  1.7443  0.9810  0.9001 13.2912
  4.6194  4.2982  0.9871  2.7047 39.8265
  6.0303  1.4084  0.9879  1.2558 10.1842
  6.2492  2.1711  0.9959  1.7647 17.4222
  5.0072  4.0331  0.9980  0.5702 36.9181
  5.2287  2.4410  0.9800  2.0254 20.1181
  5.4217  2.0883  0.9802  1.6463 16.6072
  4.6432  4.4278  0.9715  2.0066 41.2572
  5.2818  3.4039  0.9775  1.2461 30.1267
  5.5620  2.4123  0.9765  1.8053 19.8282
  4.8384  2.4606  0.9750  1.0697 20.3154
  5.5270  3.6043  0.9838  0.1387 32.2711
  5.2706  0.7409  0.9878  0.4939  4.5716
  5.6254  3.8136  0.9863  2.0436 34.5294
  5.6007  0.9479  0.9827  0.6046  6.2099
  5.7463  0.8868  0.9809  1.8671  5.7148
  4.3439  2.5905  0.9903  1.1270 21.6344
  6.2488  3.1179  0.9856  1.5551 27.0985
  5.0499  4.2559  0.9799  2.0904 39.3608
  5.0321  2.9329  0.9695  2.4028 25.1637
  6.5423  1.2355  0.7357  0.4963  8.6466
  5.2132  2.1357  0.9725  1.4768 17.0730
  6.1324  0.5834  0.9721  1.5477  3.4069
  4.9974  1.8512  0.9864  1.9373 14.3089
  5.2070  3.5997  0.9759  1.3155 32.2217
  5.5084  3.5530  0.9743  0.5607 31.7203
  4.8067  1.9582  0.9699  1.0265 15.3393
  5.6893  4.0618  0.9939  2.4167 37.2312
  4.5717  4.3974  0.9877  0.3594 40.9214
  4.9954  1.6162  0.9667  1.2664 12.0891
  6.0662  2.7451  0.9774  1.2128 23.2188
  6.2895  3.0348  0.9744  2.6331 26.2273
  5.2537  2.6102  0.9897  1.4911 21.8358
  5.0277  3.9465  0.9980  0.2836 35.9735
  5.1526  2.0421  0.9758  1.7959 16.1552
  3.7212  2.9248  0.9801  0.8475 25.0796
  6.7069  2.8034  0.5895  1.2500 23.8207
  5.8152  2.3377  0.9929  2.8306 19.0797
  5.5016  3.7879  0.9859  1.4023 34.2514
  5.6276  2.4885  0.9949  1.7357 20.5979
  4.9703  2.0835  0.9684  1.9485 16.5606
  5.8650  0.9348  0.9787  1.0463  6.1027
  5.2705  1.9673  0.9925  3.0785 15.4280
  5.6892  2.8754  0.9797  1.4882 24.5658
  5.5504  4.2264  0.9674  0.2144 39.0363
  5.1855  2.9498  0.9980  1.0706 25.3391
  5.0625  3.3765  0.9695  1.7103 29.8347
  5.1837  3.8665  0.9751  1.6556 35.1035
  6.0455  3.0814  0.9967  2.0351 26.7152
  5.3467  3.5696  0.9797  1.5699 31.8986
  5.3143  1.5904  0.9863  0.7549 11.8493
  5.4993  2.3586  0.9765  2.0878 19.2892
  5.3984  1.7534  0.9874  2.1653 13.3777
  4.6142  3.8929  0.9979  0.3951 35.3903
  4.5058  3.6830  0.9672  1.3104 33.1178
  5.2880  3.1863  0.9759  1.0452 27.8193
  4.4828  2.5190  0.9695  2.5078 20.9071
  4.6443  1.5761  0.9862  1.9323 11.7170
  4.2210  1.8899  0.9722  2.6313 14.6799
  4.8034  2.8261  0.9783  2.8076 24.0552
  5.0249  1.7941  0.9899  0.9650 13.7644
  5.2817  3.7752  0.9939  2.5497 34.1145
  4.6943  3.2014  0.9892  2.3011 27.9790
  5.0605  4.2651  0.9670  0.7319 39.4620
  3.9560  2.5460  0.9980  1.0314 21.1817
  5.4974  1.2555  0.9681  2.3911  8.8220
  5.6183  1.8133  0.9850  1.1707 13.9467
  6.0229  2.9775  0.9784  2.4354 25.6286
  6.0383  2.2919  0.9980  1.0229 18.6221
  5.4611  0.7101  0.9961  2.0417  4.3374
  5.7147  2.6567  0.9888  1.4274 22.3112
  4.2119  2.7584  0.9765  2.5520 23.3558
  4.9906  3.4189  0.9910  1.3663 30.2858
  5.8082  2.0328  0.9722  1.2867 16.0650
  5.2192  1.1212  0.9818  1.3614  7.6589
  4.6741  2.3602  0.9856  0.5205 19.3052
  4.6430  4.1032  0.9693  2.5633 37.6843
  6.5493  3.9498  0.6771  2.4280 36.0095
  5.6468  2.9755  0.9752  2.3774 25.6074
  3.5918  1.3375  0.9763  1.2813  9.5482
  5.9518  4.4003  0.9887  1.6554 40.9526
  4.7952  2.2443  0.9814  1.8336 18.1478
  6.1600  2.6222  0.9668  0.6463 21.9583
  4.9752  1.0591  0.9847  1.0733  7.1324
  6.6525  1.7226  0.7291  2.9049 13.0870
  5.8661  1.2297  0.9926  2.4443  8.5965
  5.1660  3.1462  0.9873  2.6360 27.3970
  5.3118  3.2244  0.9672  0.2608 28.2213
  5.3541  3.7812  0.9862  2.3842 34.1786
  5.4760  4.1164  0.9904  0.6779 37.8291
  5.5613  1.9307  0.9753  0.7759 15.0738
  5.7200  3.2849  0.9806  1.1054 28.8621
  5.0122  4.1045  0.9976  0.7386 37.6983
  5.7117  3.8658  0.9772  0.3917 35.0962
  5.2468  3.4830  0.9927  1.3196 30.9703
  5.3437  2.4421  0.9790  0.7920 20.1286
  4.8093  4.2497  0.9702  1.4052 39.2925
  5.6234  1.9518  0.9969  1.7140 15.2776
  4.9756  3.4143  0.9964  1.5798 30.2372
  6.0829  2.2595  0.9757  1.3053 18.2987
  4.4527  3.9177  0.9934  0.3908 35.6599
  5.5037  1.8140  0.9856  2.0446 13.9532
  5.2690  4.1564  0.9810  0.6644 38.2677
  6.0347  1.7151  0.9750  1.1387 13.0161
  4.0611  1.5771  0.9763  0.5740 11.7265
  5.0811  3.4132  0.9900  2.6226 30.2258
  5.3836  2.7548  0.9919  1.3379 23.3183
  5.5219  2.3264  0.9935  1.4086 18.9664
  5.5125  3.5628  0.9954  0.6463 31.8252
  5.1460  3.4337  0.9676  0.7730 30.4437
  3.9688  2.5375  0.9780  1.4983 21.0946
  5.3280  1.7100  0.9939  0.9876 12.9681
  5.2976  2.2729  0.9694  1.4616 18.4325
  6.0755  1.7945  0.9800  0.9005 13.7681
  5.3116  3.5570  0.9758  0.6032 31.7638
  5.1663  4.3554  0.9889  0.8258 40.4569
  5.3550  3.0919  0.9832  1.3763 26.8256
  5.9337  0.6422  0.9882  2.2662  3.8322
  5.5229  2.3732  0.9980  0.4235 19.4352
  5.2838  1.1244  0.9919  2.5686  7.6866
  5.7806  1.0237  0.9828  1.5458  6.8359
  3.5200  1.5676  0.9785  1.3492 11.6388
  4.9076  4.2460  0.9794  2.6902 39.2514
  5.2581  4.3534  0.9735  0.0725 40.4346
  5.6834  1.5418  0.9898  0.6556 11.4009
  5.8088  3.5064  0.9672  0.6927 31.2213
  5.4154  3.7459  0.9743  2.3585 33.7969
  5.4825  3.3169  0.9770  0.9482 29.2012
  5.2675  3.6042  0.9785  2.5100 32.2698
  5.1023  4.3932  0.9917  1.2389 40.8742
  5.2321  3.6709  0.9738  1.0157 32.9878
  4.8715  4.1492  0.9839  0.9426 38.1885
  6.0319  1.9773  0.9777  1.8151 15.5248
  4.5472  1.8710  0.9730  0.5690 14.4992
  5.6503  1.8615  0.9831  1.7868 14.4073
  5.9492  1.2732  0.9853  2.5264  8.9779
  5.4009  2.1664  0.9904  1.7507 17.3762
  4.9719  3.7215  0.9700  2.1066 33.5332
  6.4329  3.6756  0.9947  1.1291 33.0389
  3.8289  1.6677  0.9979  2.1085 12.5700
  6.6814  1.9725  0.6297  2.2060 15.4782
  5.2588  1.2745  0.9962  1.4339  8.9891
  5.5939  3.7848  0.9829  1.4157 34.2183
  5.4315  2.0481  0.9816  1.2936 16.2136
  4.9552  0.3686  0.9762  1.2756  1.9620
  5.3058  2.1095  0.9762  0.4312 16.8155
  5.1087  3.1990  0.9908  0.3382 27.9536
  4.9308  1.0967  0.9943  0.7979  7.4504
  5.4348  4.0308  0.9932  1.0699 36.8930
  5.3256  2.3726  0.9851  1.4911 19.4297
  5.2390  2.2283  0.9800  2.0327 17.9888
  3.7824  3.9317  0.9921  1.9707 35.8123
  5.2054  1.9349  0.9911  1.9263 15.1137
  4.7939  2.5816  0.9709  2.4506 21.5438
  4.0083  4.3082  0.9737  1.4857 39.9368
  5.6442  1.7034  0.9956  1.6820 12.9056
  5.6486  2.2893  0.9856  0.3466 18.5959
  4.8352  1.5104  0.9977  0.1918 11.1121
  5.4642  2.5627  0.9687  0.9505 21.3517
  5.1879  2.1937  0.9861  1.7170 17.6460
  5.3759  1.6728  0.9758  2.3140 12.6177
  5.1409  3.5619  0.9825  0.8258 31.8156
  5.2737  2.7806  0.9869  1.7241 23.5852
  6.2684  2.1385  0.9682  1.3765 17.1011
  5.6194  2.2835  0.9858  0.5872 18.5383
  5.4679  2.8815  0.9720  0.7024 24.6292
  5.5919  3.9849  0.9704  1.9907 36.3919
  5.2115  1.6207  0.9973  0.6409 12.1311
  5.5698  1.3278  0.9980  1.8747  9.4614
  5.6063  1.2512  0.9938  0.9811  8.7846
  6.0972  2.6731  0.9820  1.5253 22.4791
  5.4854  3.3246  0.9732  1.1851 29.2826
  4.4278  2.8500  0.9775  1.5353 24.3022
  5.2184  2.6576  0.9909  1.2839 22.3206
  5.1304  2.1087  0.9786  1.7976 16.8076
  4.2089  2.2935  0.9816  2.4031 18.6373
  4.9878  3.9538  0.9979  1.7345 36.0532
  5.8916  0.7763  0.9980  2.2621  4.8436
  4.2409  4.0055  0.9713  2.0202 36.6169
  4.9862  4.1551  0.9859  0.3039 38.2527
  4.3633  4.3325  0.9760  0.6447 40.2048
  5.6654  1.0836  0.9722  1.7130  7.3395
  6.0791  3.1300  0.9763  1.9652 27.2259
  5.0269  1.1057  0.9938  0.7029  7.5265
  5.1393  3.3970  0.9715  1.1523 30.0528
  6.1244  3.4717  0.9857  1.8703 30.8496
  5.6742  1.9586  0.9894  3.0683 15.3431
  5.0067  1.6291  0.9862  0.6722 12.2096
  5.8364  1.5214  0.9850  0.8436 11.2126
  5.1117  2.5487  0.9739  2.3563 21.2092
  6.7718  2.2438  0.6569  0.9345 18.1424
  4.9069  1.4256  0.9686  0.2878 10.3391
  5.1910  3.6401  0.9857  0.7840 32.6561
  6.1877  4.2930  0.9909  1.2723 39.7686
  5.2675  3.8422  0.9854  2.3514 34.8403
  5.5289  2.8836  0.9758  2.4973 24.6510
  5.0434  4.1310  0.9685  2.0644 37.9889
  5.8114  1.7784  0.9884  1.2466 13.6143
  5.9788  1.7068  0.9980  1.6967 12.9375
  4.6268  1.7595  0.9977  1.8703 13.4358
  5.7022  2.9528  0.9700  1.1291 25.3704
  5.5959  1.5184  0.9728  0.5119 11.1850
  5.2737  0.9453  0.9804  2.4962  6.1890
  5.6694  3.0369  0.9771  1.2791 26.2496
  5.4585  2.5302  0.9959  0.5210 21.0209
  4.4442  1.3295  0.9794  0.7760  9.4770
  4.7411  4.4284  0.9947  1.6633 41.2643
  5.0084  1.4095  0.9759  1.7368 10.1942
  5.8429  1.4077  0.9667  2.1295 10.1775
  5.5435  2.1681  0.9706  0.3081 17.3923
  4.9604  1.5650  0.9757  1.9663 11.6148
  5.7403  3.2397  0.9980  0.9152 28.3837
  5.2606  1.8210  0.9703  0.5160 14.0206
  5.3673  1.5951  0.9704  2.2092 11.8938
  4.8304  1.5672  0.9668  1.0350 11.6346
  4.9994  1.7469  0.9870  2.7357 13.3166
  5.3847  0.7907  0.9898  0.1595  4.9556
  5.8066  1.0525  0.9669  2.3438  7.0767
  4.5961  3.0476  0.9758  0.7451 26.3613
  6.2184  1.6965  0.9980  0.5923 12.8407
  5.9780  1.8425  0.9980  0.5954 14.2262
  4.8690  1.7467  0.9883  2.4531 13.3145
  5.1982  2.5209  0.9685  1.3375 20.9268
  6.0436  1.5609  0.9791  1.6605 11.5765
  3.6127  2.7228  0.9980  0.9082 22.9890
  5.5118  3.2235  0.9852  0.1870 28.2125
  5.2974  4.2076  0.9685  1.2705 38.8299
  5.3899  1.2450  0.9825  0.3247  8.7302
  3.5205  2.1106  0.9801  2.5342 16.8262
  6.1348  2.1330  0.9833  0.9287 17.0469
  5.4368  3.0400  0.9764  1.0204 26.2822
  4.0109  0.1842  0.9766  2.7292  0.8860
  5.4456  2.1537  0.9679  0.9132 17.2504
  4.2417  3.9274  0.9730  0.4887 35.7659
  6.0361  1.7159  0.9961  1.0175 13.0229
  6.1306  1.7030  0.9763  1.7969 12.9019
  4.8748  2.7260  0.9932  2.0655 23.0223
  5.5765  0.7111  0.9980  2.6217  4.3449
  4.6037  1.8007  0.9955  1.5447 13.8270
  4.1414  0.9192  0.9756  0.8697  5.9762
  4.8046  3.7576  0.9840  1.2952 33.9240
  6.5344  3.1693  0.7391  0.9633 27.6399
  3.8046  3.1935  0.9919  2.0123 27.8957
  5.3373  2.2062  0.9815  0.2783 17.7699
  4.9369  3.7174  0.9723  1.5473 33.4895
  5.4520  1.7717  0.9880  0.6800 13.5507
  5.0022  1.1536  0.9695  1.1170  7.9366
  5.8957  3.6355  0.9774  0.4405 32.6065
  5.3551  2.6920  0.9745  2.7927 22.6725
  6.1829  3.0770  0.9738  1.2683 26.6693
  5.2469  4.4200  0.9722  2.1575 41.1704
  4.8190  3.2758  0.9823  1.0494 28.7653
  5.2268  1.7474  0.9762  0.8761 13.3206
  4.4634  4.1020  0.9777  0.7629 37.6719
  5.2386  0.7044  0.9690  0.8223  4.2944
  5.5794  2.6931  0.9848  0.8207 22.6837
  6.1414  2.2566  0.9672  0.8590 18.2700
  4.9569  3.1167  0.9966  1.7888 27.0868
  5.2772  3.5026  0.9824  2.2243 31.1809
  5.0717  1.2644  0.9980  2.3449  8.9006
  5.4015  1.2668  0.9775  2.1623  8.9219
  6.0116  4.2742  0.9684  0.6268 39.5616
  4.8289  1.1371  0.9960  1.9152  7.7948
  5.3031  1.5073  0.9783  2.4208 11.0833
  5.8764  3.7468  0.9811  1.1466 33.8069
  5.1409  4.3095  0.9925  1.6694 39.9506
  5.5633  1.6532  0.9958  0.5045 12.4345
  6.2458  0.6910  0.9764  1.4081  4.1943
  6.2801  4.1974  0.9980  1.8779 38.7179
  4.5547  1.7858  0.9906  0.2532 13.6853
  5.6347  2.1800  0.9735  1.9663 17.5099
  5.9312  2.1674  0.9783  2.0076 17.3860
  5.1908  2.8088  0.9950  1.0019 23.8763
  5.0075  2.0559  0.9681  1.8160 16.2898
  5.4647  2.0602  0.9980  1.3790 16.3318
  5.2644  1.5485  0.9753  2.1420 11.4619
  6.2773  2.3025  0.9723  0.2837 18.7278
  4.2263  0.9382  0.9929  2.2519  6.1309
  5.4144  2.5591  0.9936  1.1578 21.3149
  3.6120  2.4352  0.9772  0.9380 20.0593
  5.8098  3.7480  0.9687  1.6655 33.8201
  4.3300  4.2444  0.9771  2.7149 39.2343
  5.2263  2.8095  0.9975  0.2535 23.8838
  4.9529  1.7282  0.9906  1.0610 13.1390
  5.8399  4.4757  0.9875  0.6140 41.7879
  6.9668  1.5447  0.5417  0.8351 11.4273
  3.6112  2.9487  0.9878  1.7119 25.3281
  6.3316  2.7664  0.9839  1.1938 23.4384
  3.8007  0.5872  0.9715  1.4291  3.4342
  4.5838  2.0084  0.9878  1.1875 15.8267
  6.0962  1.5998  0.9851  1.2567 11.9373
  5.9590  4.0571  0.9853  0.4094 37.1806
  4.3620  3.1069  0.9972  1.4498 26.9836
  4.8658  3.4337  0.9710  0.4155 30.4444
  5.8311  1.9028  0.9840  0.5070 14.8042
  5.7153  2.8069  0.9740  1.7229 23.8568
  5.1762  0.6133  0.9911  1.3508  3.6220
  5.4675  1.5084  0.9901  0.2179 11.0933
  5.3568  2.3456  0.9774  1.2427 19.1588
  5.7388  2.3781  0.9750  1.2712 19.4843
  6.1198  2.1418  0.9860  0.2521 17.1332
  5.1110  3.7421  0.9959  1.9409 33.7561
  6.3508  2.6765  0.9126  0.8384 22.5137
  4.7868  3.9702  0.9721  0.7939 36.2313
  5.8764  1.1124  0.9712  1.3592  7.5840
  6.1447  4.3316  0.9980  0.3418 40.1947
  5.2456  2.6628  0.9893  1.8729 22.3734
  4.9575  4.4003  0.9800  0.8136 40.9527
  4.5773  2.2261  0.9705  2.2758 17.9672
  5.5242  3.9419  0.9713  1.1637 35.9238
  4.7394  3.0773  0.9747  2.1623 26.6725
  5.4724  1.8450  0.9928  1.1634 14.2494
  5.0240  2.9885  0.9670  2.2508 25.7430
  6.3720  3.8399  0.9946  0.8916 34.8150
  5.0965  1.7173  0.9934  1.6224 13.0366
  5.4571  1.3356  0.9917  1.2568  9.5312
  5.1032  3.6611  0.9856  0.9676 32.8827
  5.5401  0.7611  0.9673  1.6983  4.7266
  4.4770  3.7041  0.9875  1.6933 33.3462
  4.7662  3.3034  0.9850  1.2964 29.0576
  5.3769  1.9440  0.9939  0.6724 15.2023
  4.6181  4.0630  0.9718  1.9325 37.2444
  5.5068  2.3670  0.9688  1.1821 19.3735
  5.4685  3.7101  0.9679  1.0528 33.4105
  4.2312  2.7420  0.9883  1.5528 23.1874
  5.0420  2.6397  0.9947  0.9935 22.1374
  4.5839  4.3050  0.9672  0.4831 39.9018
  5.2136  2.9165  0.9835  1.0202 24.9930
  5.9801  3.5270  0.9703  0.9744 31.4420
  5.2012  3.8463  0.9980  0.2399 34.8845
  5.4720  4.0712  0.9783  1.3389 37.3346
  6.7780  2.5642  0.7368  1.3078 21.3667
  4.5730  4.4963  0.9939  0.8985 42.0155
  5.6215  3.4783  0.9822  1.2156 30.9207
  4.7784  3.6551  0.9877  1.0926 32.8180
  4.6263  3.1509  0.9886  2.1773 27.4464
  4.7899  3.4198  0.9773  0.1430 30.2954
  4.4766  1.4238  0.9889  0.5432 10.3233
  6.3702  1.0544  0.9833  2.4816  7.0926
  5.3916  0.6814  0.9884  0.5125  4.1225
  5.2365  3.1326  0.9864  1.9915 27.2541
  3.5193  1.4599  0.9980  0.8325 10.6509
  6.2934  2.7880  0.9696  2.6984 23.6608
  6.4170  1.6930  0.9071  0.2408 12.8076
  4.4880  1.7709  0.9971  1.8772 13.5435
  4.6942  2.7274  0.9898  1.3582 23.0364
  5.3809  2.9029  0.9926  2.6767 24.8509
  5.2679  3.0802  0.9979  0.9189 26.7026
  5.3394  2.5660  0.9935  0.9435 21.3849
  5.2786  2.5517  0.9931  1.4391 21.2396
  4.8116  1.4950  0.9959  1.7145 10.9713
  5.6953  1.5910  0.9794  0.8696 11.8549
  5.4426  2.9451  0.9791  2.5553 25.2903
  5.1550  1.0909  0.9943  0.0439  7.4011
  4.4679  2.3995  0.9729  2.1037 19.6994
  5.2351  2.8102  0.9891  1.2166 23.8905
  5.3440  0.4919  0.9885  0.8042  2.7690
  5.7312  3.9435  0.9785  1.3585 35.9408
  5.5573  3.5065  0.9927  1.8717 31.2221
  5.5107  0.8984  0.9872  1.4825  5.8084
  5.6415  0.7838  0.9930  1.0141  4.9019
  6.8734  0.8026  0.5445  0.5950  5.0483
  5.4161  0.7352  0.9861  2.5695  4.5280
  3.8449  2.9601  0.9798  1.0944 25.4466
  3.9816  1.3933  0.9808  1.7582 10.0476
  5.1255  2.2765  0.9868  2.1346 18.4684
  5.9782  1.1826  0.9915  0.6266  8.1865
  5.5503  3.7460  0.9924  1.7442 33.7984
  6.2149  4.1270  0.9845  2.2729 37.9454
  5.3299  2.8643  0.9906  0.3548 24.4510
  5.2962  2.5936  0.9838  1.9859 21.6666
  5.8049  3.6840  0.9750  1.7599 33.1292
  5.7396  3.3944  0.9835  1.4115 30.0257
  4.9735  2.7965  0.9909  0.9024 23.7493
  5.5735  0.7761  0.9976  1.1099  4.8422
  5.5621  1.9625  0.9896  1.5049 15.3813
  5.1143  4.0898  0.9735  2.6228 37.5384
  5.1486  1.7867  0.9709  2.2602 13.6939
  5.2797  2.6959  0.9765  0.3328 22.7132
  5.9386  3.5501  0.9891  0.5745 31.6892
  4.9620  2.5243  0.9980  1.9138 20.9612
  5.4522  3.3197  0.9980  0.6026 29.2305
  4.8822  2.6428  0.9819  1.4312 22.1689
  4.6202  2.7934  0.9927  0.8571 23.7165
  6.0584  2.6585  0.9758  2.7201 22.3298
  6.0935  2.0296  0.9897  0.4485 16.0330
  5.1359  2.7241  0.9819  1.3175 23.0027
  6.2807  1.6684  0.9813  1.4635 12.5771
  5.8710  0.9897  0.9704  0.1875  6.5535
  4.8320  0.5028  0.9980  1.4159  2.8437
  4.7128  1.5483  0.9957  1.3042 11.4608
  5.5487  1.7507  0.9762  1.7635 13.3523
  4.8164  3.1529  0.9809  1.0560 27.4675
  5.6055  2.6013  0.9773  0.8682 21.7447
  5.0079  2.2163  0.9980  1.4356 17.8697
  5.2926  3.3895  0.9750  0.9756 29.9732
  5.5265  2.8953  0.9825  1.0892 24.7730
  5.2293  3.7156  0.9826  2.2738 33.4699
  5.2361  3.9997  0.9768  1.1299 36.5538
  5.0775  1.7589  0.9929  1.2344 13.4295
  4.5024  1.8667  0.9701  1.3400 14.4573
  5.0054  0.8970  0.9961  0.4708  5.7972
  5.7729  3.0443  0.9980  1.0484 26.3271
  5.0335  4.0349  0.9675  1.6660 36.9376
  5.5595  4.1246  0.9910  0.8810 37.9193
  5.7129  3.3458  0.9769  1.3979 29.5086
  5.6283  3.3764  0.9680  0.4751 29.8339
  5.5958  2.1111  0.9881  0.4295 16.8308
  5.1652  4.4067  0.9806  2.0694 41.0243
  5.4341  3.4548  0.9965  2.1617 30.6698
  4.7988  3.0734  0.9669  2.6113 26.6313
  5.1715  3.7146  0.9861  0.2483 33.4588
  3.5518  2.4563  0.9864  2.1749 20.2721
  5.1985  3.4620  0.9944  1.2091 30.7465
  3.8035  4.2198  0.9910  2.2910 38.9633
  5.3214  1.0847  0.9719  0.2231  7.3488
  5.2059  1.9528  0.9933  1.7105 15.2873
  4.6878  2.9679  0.9693  1.1898 25.5280
  6.1427  4.1577  0.9852  0.7518 38.2822
  4.3858  2.5722  0.9802  1.0572 21.4483
  6.7276  1.8323  0.7460  0.5787 14.1286
  5.6036  2.8323  0.9677  2.4816 24.1187
  4.8802  0.8838  0.9757  1.5195  5.6907
  3.7204  2.3326  0.9681  1.7224 19.0285
  5.3882  1.9894  0.9691  2.2429 15.6420
  5.4181  2.6405  0.9980  2.4357 22.1453
  5.0843  2.6647  0.9857  0.5797 22.3928
  6.1869  3.8665  0.9747  1.8572 35.1035
  6.2338  1.3640  0.9770  1.0291  9.7852
  5.4522  1.9941  0.9868  2.7307 15.6881
  5.2247  4.3669  0.9845  0.6918 40.5838
  5.5277  1.6106  0.9761  2.2930 12.0377
  5.2734  1.7326  0.9730  2.1878 13.1807
  5.5344  1.8858  0.9794  0.5215 14.6407
  3.9961  2.3458  0.9925  0.4980 19.1605
  5.0857  1.2847  0.9851  1.2934  9.0790
  5.5921  2.7461  0.9799  1.3885 23.2290
  6.6685  3.9131  0.7153  1.6711 35.6099
  6.2131  3.4953  0.9887  1.6229 31.1020
  5.1575  3.3133  0.9759  1.3908 29.1631
  5.6895  1.0160  0.9896  0.4218  6.7715
  5.5152  3.1433  0.9942  0.6750 27.3662
  3.7735  4.0614  0.9901  1.8595 37.2274
  5.7185  3.4978  0.9752  0.6970 31.1295
  3.8365  0.7543  0.9770  2.5010  4.6737
  5.4520  2.2786  0.9941  1.7524 18.4892
  5.3803  1.0150  0.9924  1.0931  6.7633
  6.6250  2.2870  0.9316  1.1308 18.5724
  5.3916  3.1721  0.9947  1.6920 27.6700
  5.8693  2.6577  0.9817  1.1552 22.3214
  5.6112  0.2949  0.9734  2.9645  1.5114
  5.2659  1.8963  0.9950  1.2276 14.7419
  4.5698  3.5387  0.9832  1.0571 31.5671
  5.2521  2.5178  0.9794  1.0240 20.8952
  4.9059  1.3840  0.9859  1.7040  9.9645
  5.7932  2.8789  0.9715  1.7965 24.6024
  5.2760  1.1725  0.9980  0.7462  8.0994
  5.4376  4.0604  0.9699  0.9505 37.2164
  5.2055  1.1781  0.9807  2.5892  8.1479
  5.4827  2.4757  0.9818  1.5492 20.4682
  4.8164  1.5778  0.9980  0.1241 11.7326
  5.4922  3.0667  0.9794  1.6404 26.5610
  4.1573  2.2249  0.9751  1.5907 17.9553
  4.2626  2.5145  0.9864  0.8568 20.8612
  4.9167  3.2198  0.9852  1.5465 28.1728
  5.4970  0.4589  0.9732  2.1712  2.5472
  4.0276  2.9243  0.9750  2.0257 25.0738
  5.1481  1.5027  0.9894  2.1469 11.0411
  5.6515  1.6106  0.9841  0.4405 12.0375
  4.7302  1.4476  0.9838  0.8143 10.5384
  5.4679  2.0280  0.9881  1.7258 16.0180
  5.1967  1.0926  0.9796  0.4803  7.4154
  5.1469  3.0599  0.9960  1.5390 26.4899
  5.5452  3.9767  0.9942  0.7457 36.3026
  5.0839  2.3790  0.9743  1.5446 19.4935
  6.0585  0.4393  0.9671  1.0586  2.4171
  5.2409  1.1753  0.9854  0.7733  8.1232
  5.2709  1.5108  0.9735  0.4900 11.1160
  5.6720  0.7303  0.9806  0.6850  4.4910
  4.8557  2.0323  0.9693  0.7932 16.0597
  5.4812  3.7114  0.9689  1.9353 33.4251
  6.6155  1.5729  0.7769  1.3682 11.6875
  4.9250  1.7803  0.9782  2.0658 13.6330
  4.9825  2.9699  0.9820  1.9596 25.5492
  5.3669  0.7358  0.9835  2.7101  4.5324
  6.8002  2.8047  0.7219  2.3932 23.8334
  5.6669  0.9698  0.9804  0.8584  6.3894
  5.1165  1.6010  0.9700  1.3873 11.9486
  4.3495  2.9551  0.9719  0.6249 25.3948
  5.2235  3.1995  0.9801  0.9870 27.9581
  5.7889  2.0813  0.9675  1.2156 16.5387
  5.2941  3.1746  0.9675  2.7022 27.6962
  5.3111  1.6561  0.9980  2.4845 12.4621
  5.8314  1.3910  0.9949  2.8792 10.0275
  5.2971  3.2179  0.9956  1.2215 28.1529
  5.6563  2.4101  0.9829  0.9261 19.8065
  5.5874  3.2996  0.9841  1.4012 29.0180
  5.7974  2.0692  0.9676  1.0624 16.4203
  5.4487  3.8463  0.9731  1.3223 34.8846
  6.7003  0.9166  0.6220  0.4630  5.9550
  5.9576  4.1840  0.9679  0.5383 38.5701
  6.0767  0.9928  0.9846  2.6246  6.5791
  6.3374  0.3017  0.9923  2.0569  1.5521
  5.2612  2.1897  0.9775  1.9638 17.6058
  5.2272  4.0914  0.9952  2.3634 37.5550
  5.1662  3.2163  0.9761  0.6932 28.1363
  5.4797  3.0975  0.9786  0.9113 26.8842
  5.3118  1.6366  0.9876  1.8351 12.2800
  6.0022  3.0592  0.9946  1.4488 26.4832
  5.5691  2.4594  0.9756  0.9293 20.3035
  5.8234  3.8922  0.9969  2.1542 35.3828
  6.0071  0.9891  0.9889  0.3684  6.5488
  4.4227  1.2945  0.9979  0.3065  9.1662
  3.9759  4.2650  0.9980  1.3570 39.4610
  6.2045  1.1800  0.9980  0.9032  8.1645
  4.0261  2.1254  0.9721  0.3020 16.9717
  4.9843  1.5202  0.9894  1.0967 11.2021
  4.7684  2.8400  0.9955  0.5382 24.1990
  6.0809  3.5130  0.9816  0.7488 31.2921
  4.8072  2.2239  0.9979  0.9879 17.9452
  5.2954  2.5573  0.9885  1.0806 21.2961
  4.3777  1.5103  0.9807  1.8063 11.1112
  4.9326  1.2639  0.9751  1.9018  8.8963
  6.3743  3.3029  0.9463  2.7790 29.0527
  4.5455  2.2438  0.9893  1.7557 18.1423
  5.1734  2.2901  0.9815  0.8997 18.6041
  3.9085  2.5425  0.9766  0.8479 21.1459
  4.7125  1.7466  0.9855  0.8476 13.3135
  4.5621  3.3699  0.9839  2.7844 29.7647
  5.2981  2.6782  0.9834  0.5290 22.5315
  5.3851  2.2482  0.9820  0.7242 18.1864
  5.4389  1.8899  0.9870  0.9820 14.6803
  6.1843  3.8475  0.9885  2.1578 34.8971
  5.1177  2.3349  0.9769  0.9948 19.0518
  5.0859  2.2864  0.9980  1.9751 18.5668
  5.0957  0.9376  0.9734  2.5726  6.1260
  5.5168  0.6481  0.9927  1.8270  3.8754
  5.0639  3.1281  0.9737  0.8786 27.2061
  5.7469  1.2226  0.9919  1.7600  8.5340
  5.8629  0.3369  0.9729  2.2676  1.7649
  5.3107  2.6406  0.9802  1.7943 22.1462
  5.3832  2.1774  0.9795  0.6895 17.4842
  5.1808  2.5720  0.9838  0.5362 21.4458
  5.2963  3.1183  0.9954  0.9098 27.1035
  5.2667  1.1356  0.9839  0.7612  7.7823
  5.5482  3.3926  0.9776  1.4681 30.0061
  4.8800  1.5593  0.9980  1.3761 11.5623
  5.4748  3.1592  0.9763  0.9688 27.5337
  3.5544  3.8467  0.9821  0.4612 34.8890
  5.5315  2.5465  0.9730  0.9235 21.1868
  5.9490  3.0018  0.9818  1.1524 25.8817
  5.3758  2.0216  0.9980  1.3246 15.9553
  5.6248  2.0079  0.9758  1.8941 15.8220
  6.0089  3.8561  0.9954  1.4310 34.9912
  4.6914  3.0598  0.9980  2.6591 26.4889
  6.2357  1.4124  0.9691  1.4609 10.2198
  5.0168  4.1025  0.9921  0.4713 37.6768
  4.7551  4.2751  0.9780  1.1766 39.5716
  4.2637  2.8957  0.9980  1.5450 24.7764
  5.8373  2.5211  0.9791  2.0672 20.9284
  5.2719  0.7525  0.9885  0.7117  4.6603
  5.0388  2.1885  0.9935  1.6280 17.5947
  5.0397  1.5165  0.9948  0.5980 11.1683
  4.5589  1.8924  0.9914  2.4242 14.7046
  5.7313  3.2977  0.9763  0.5594 28.9975
  5.5632  2.5056  0.9918  2.1238 20.7710
  5.8242  3.8152  0.9899  1.1072 34.5477
  3.8080  4.0047  0.9980  1.2603 36.6074
  4.0870  4.0072  0.9818  0.4954 36.6354
  6.0331  2.8563  0.9777  1.3021 24.3674
  5.4395  2.5534  0.9965  1.3585 21.2565
  5.4982  0.8124  0.9826  2.0505  5.1250
  5.2369  1.1031  0.9838  0.8073  7.5048
  5.5398  3.3470  0.9852  2.8976 29.5208
  4.7415  3.4784  0.9918  0.9841 30.9220
  4.6726  2.6720  0.9853  0.4378 22.4675
  5.2599  2.6266  0.9706  2.4220 22.0028
  3.8964  1.3552  0.9931  1.6122  9.7062
  6.6939  1.8503  0.6748  1.4522 14.3005
  5.4791  0.6609  0.9980  1.8000  3.9700
  5.6623  1.9505  0.9690  1.7383 15.2653
  5.5709  3.1571  0.9837  1.7933 27.5111
  5.4484  1.0325  0.9829  2.1169  6.9096
  6.1322  3.7169  0.9799  0.4414 33.4836
  6.8230  3.7007  0.7420  1.1084 33.3094
  5.1324  2.8286  0.9833  0.4408 24.0805
  5.5662  1.1836  0.9927  0.8644  8.1956
  4.4393  3.9155  0.9763  1.8733 35.6360
  6.1456  4.2222  0.9980  0.9250 38.9901
  5.5772  3.2059  0.9722  1.3072 28.0261
  5.4387  0.9382  0.9980  1.1666  6.1310
  4.0837  3.6656  0.9861  1.5196 32.9310
  5.6915  3.2008  0.9908  1.0859 27.9728
  5.2450  4.0983  0.9688  0.4121 37.6313
  5.4845  3.2854  0.9682  0.5326 28.8669
  5.2737  1.9852  0.9938  0.5295 15.6013
  5.1770  1.6545  0.9872  1.3231 12.4465
  5.3186  3.1304  0.9673  2.7977 27.2305
  5.2111  2.4801  0.9973  2.2470 20.5133
  5.8584  2.7767  0.9912  0.4171 23.5449
  5.6723  3.5022  0.9695  1.8386 31.1763
  5.2428  0.5472  0.9945  0.6798  3.1512
  6.3519  4.1645  0.9673  1.2751 38.3561
  4.4035  2.5732  0.9980  1.8817 21.4582
  5.0216  4.2722  0.9873  1.6299 39.5399
  5.3735  2.8186  0.9787  0.7161 23.9775
  4.0204  1.5850  0.9722  1.1892 11.7998
  5.0248  1.6962  0.9711  1.5894 12.8377
  6.0912  2.3404  0.9980  0.7282 19.1062
  4.9738  1.4747  0.9912  1.5120 10.7852
  5.1677  3.2938  0.9692  1.1794 28.9556
  5.1909  2.6974  0.9788  0.8686 22.7281
  5.1418  1.7614  0.9815  0.8704 13.4533
  5.5141  3.1815  0.9980  0.5628 27.7689
  5.7057  1.8747  0.9701  2.0796 14.5339
  5.1522  3.8556  0.9799  1.9604 34.9850
  4.1878  4.1245  0.9674  2.2329 37.9178
  5.5814  3.0739  0.9672  0.5901 26.6366
  5.3734  1.8123  0.9766  0.9606 13.9374
  3.7255  4.3968  0.9926  0.4605 40.9145
  5.4846  1.2991  0.9679  2.3949  9.2069
  6.0753  3.3085  0.9956  0.9589 29.1116
  5.6221  2.8622  0.9979  1.3105 24.4287
  4.2337  3.6088  0.9854  0.3913 32.3194
  5.0732  3.6176  0.9847  1.6555 32.4144
  5.2758  4.2035  0.9685  1.3740 38.7841
  6.0207  1.3331  0.9846  0.4157  9.5091
  5.8240  2.6565  0.9902  1.6635 22.3090
  5.8797  1.4749  0.9728  2.8260 10.7871
  4.8021  2.3952  0.9801  2.3743 19.6561
  5.2300  2.1767  0.9887  2.1828 17.4773
  5.2309  2.8561  0.9975  1.0277 24.3655
  4.9632  3.8342  0.9708  2.2433 34.7535
  4.8500  1.6612  0.9930  0.9710 12.5099
  5.0421  2.2768  0.9768  0.5178 18.4707
  6.4469  1.1995  0.9628  2.6643  8.3332
  5.4431  3.2350  0.9871  0.6028 28.3332
  5.2770  1.4471  0.9687  2.2516 10.5347
  5.9010  0.3736  0.9826  1.8403  1.9932
  5.7773  4.0234  0.9830  0.5604 36.8125
  4.9692  3.1225  0.9764  2.9098 27.1476
  5.8071  2.4999  0.9965  0.9897 20.7131
  5.7278  4.4273  0.9801  2.0337 41.2520
  5.0645  2.4191  0.9742  0.9558 19.8967
  4.1760  2.0134  0.9701  1.8316 15.8755
  5.0317  4.1000  0.9935  1.5554 37.6500
  5.7567  0.8954  0.9707  0.7773  5.7839
  5.5635  0.6869  0.9968  1.5166  4.1635
  5.7422  3.3181  0.9805  1.2958 29.2141
  6.0940  2.4127  0.9907  0.6342 19.8326
  5.3235  1.7660  0.9938  0.2548 13.4975
  5.6602  2.1546  0.9841  1.0279 17.2591
  6.3162  1.7645  0.9771  2.2471 13.4833
  5.0001  1.2351  0.9779  1.6487  8.6436
  5.8573  0.9906  0.9692  1.7493  6.5611
  4.4607  2.8343  0.9741  1.5714 24.1395
  5.8333  2.5418  0.9792  1.8010 21.1389
  5.5455  4.1794  0.9747  2.4964 38.5194
  5.4809  3.4104  0.9795  0.9504 30.1955
  4.6187  2.5226  0.9970  0.2808 20.9439
  5.4442  4.0686  0.9728  1.2413 37.3057
  5.0409  2.5494  0.9897  1.9309 21.2160
  5.2379  1.2291  0.9780  1.2203  8.5906
  4.3714  3.1528  0.9934  0.2884 27.4659
  5.8063  1.8285  0.9668  0.9543 14.0915
  4.2654  2.8966  0.9918  0.6660 24.7861
  5.6354  2.4248  0.9674  1.6180 19.9540
  5.7305  2.1505  0.9722  1.5755 17.2191
  5.5327  2.0838  0.9967  0.5327 16.5635
  5.8552  4.0398  0.9973  2.0174 36.9912
  6.1754  3.0874  0.9849  0.9501 26.7788
  6.2442  2.4185  0.9834  0.9957 19.8910
  5.5577  2.1730  0.9745  0.9455 17.4412
  4.8373  1.0044  0.9748  0.8369  6.6755
  5.8991  2.9172  0.9669  1.6446 25.0001
  5.2762  0.1749  0.9808  2.3671  0.8365
  4.2363  2.3356  0.9790  1.0406 19.0588
  5.5867  3.7228  0.9905  2.1075 33.5477
  4.8293  1.0822  0.9893  2.6083  7.3274
  4.9652  1.7645  0.9834  1.4236 13.4826
  5.0293  2.5494  0.9980  1.1061 21.2163
  4.7009  0.8761  0.9825  1.3275  5.6292
  4.9713  3.9219  0.9761  0.6756 35.7062
  6.2492  3.3751  0.9741  0.8677 29.8194
  6.9739  2.9764  0.3914  2.3265 25.6173
  5.7994  3.8035  0.9826  2.0093 34.4210
  5.4180  1.3454  0.9767  1.4385  9.6184
  5.1870  3.5377  0.9898  2.4132 31.5564
  5.4737  2.4564  0.9882  1.3148 20.2735
  5.3442  1.2610  0.9734  2.2676  8.8707
  5.9051  3.6643  0.9963  2.4751 32.9171
  5.0354  2.9217  0.9704  2.0317 25.0473
  5.1631  1.4839  0.9980  0.7340 10.8697
  5.0981  1.2771  0.9685  2.2353  9.0120
  5.0845  1.5163  0.9923  0.7107 11.1658
  5.3340  1.7432  0.9808  2.0096 13.2808
  5.1105  3.8935  0.9936  2.1900 35.3966
  6.1958  1.5709  0.9895  1.2107 11.6692
  5.7962  2.8401  0.9866  1.1647 24.1999
  6.2474  2.2008  0.9943  0.9967 17.7159
  5.4303  3.8524  0.9932  0.2051 34.9506
  4.7210  4.1641  0.9980  1.6927 38.3518
  5.0627  3.3409  0.9683  0.7176 29.4562
  5.4699  2.1691  0.9868  0.9169 17.4030
  5.4498  0.6951  0.9719  2.3067  4.2251
  4.9733  3.5122  0.9763  0.8879 31.2833
  4.1122  3.0243  0.9765  1.8633 26.1173
  4.9854  2.7245  0.9753  1.3094 23.0069
  3.7336  1.7362  0.9864  1.5484 13.2147
  5.1662  3.4672  0.9902  1.5147 30.8015
  5.9327  2.3758  0.9855  0.2779 19.4619
  5.5456  2.3783  0.9980  2.3679 19.4864
  6.7194  0.8223  0.7187  0.7047  5.2027
  4.7148  1.5654  0.9918  1.2474 11.6186
  5.4540  1.7424  0.9960  0.1692 13.2735
  5.2422  1.8346  0.9758  0.7727 14.1497
  5.4021  1.6591  0.9704  0.6363 12.4897
  5.7889  3.2219  0.9940  2.4228 28.1947
  5.2022  2.1029  0.9940  2.3859 16.7511
  3.8980  2.1271  0.9673  0.6875 16.9888
  5.0328  1.0106  0.9788  1.8558  6.7263
  4.4565  2.0166  0.9736  1.8291 15.9063
  5.6928  2.4669  0.9900  2.2109 20.3791
  5.1120  2.2295  0.9948  2.8685 18.0003
  3.7238  3.8560  0.9891  0.9828 34.9900
  5.3161  3.3530  0.9669  2.2331 29.5846
  6.4992  1.5004  0.9806  2.6560 11.0201
  5.9897  3.9298  0.9728  0.8855 35.7914
  5.2486  1.3738  0.9931  1.5869  9.8724
  5.2950  3.0554  0.9901  2.7105 26.4425
  5.9549  1.8745  0.9901  1.8622 14.5324
  5.6374  2.2847  0.9681  0.7906 18.5496
  4.9236  3.3293  0.9872  1.2521 29.3332
  4.8115  2.0450  0.9917  0.7900 16.1840
  5.4890  3.6567  0.9846  1.4897 32.8349
  5.0560  3.5336  0.9679  1.1541 31.5125
  4.7826  2.5355  0.9838  2.0470 21.0743
  6.2474  2.5924  0.9967  1.4661 21.6536
  5.0880  1.8524  0.9819  2.0173 14.3203
  6.5887  2.4244  0.7912  1.0968 19.9503
  6.5554  1.8383  0.7198  1.8752 14.1860
  4.7424  0.6031  0.9862  0.2289  3.5478
  4.5822  0.5985  0.9839  1.3685  3.5150
  6.0424  2.0101  0.9939  1.7952 15.8430
  4.3127  2.9024  0.9815  2.1064 24.8458
  5.4938  1.1970  0.9754  1.3914  8.3118
  5.1832  2.3864  0.9924  1.9163 19.5681
  5.6740  4.4310  0.9844  0.9401 41.2926
  5.5190  2.9164  0.9965  1.1525 24.9919
  5.1911  2.4247  0.9784  1.0966 19.9535
  4.9997  1.4446  0.9757  1.8054 10.5118
  5.1264  2.6919  0.9677  2.7257 22.6722
  4.6586  3.7546  0.9980  1.9069 33.8913
  4.4051  2.3169  0.9830  1.0064 18.8715
  5.7493  2.0583  0.9830  0.3151 16.3135
  5.4156  3.8177  0.9840  2.2134 34.5745
  5.4549  1.6929  0.9738  2.5522 12.8069
  4.3452  3.8311  0.9717  1.6494 34.7201
  5.4894  4.0918  0.9890  1.5532 37.5592
  4.4275  1.8984  0.9853  1.5854 14.7618
  6.4907  3.1840  0.9313  2.6199 27.7955
  5.9187  1.3330  0.9770  0.2052  9.5080
  5.3741  2.6532  0.9927  0.9746 22.2750
  5.4059  1.2307  0.9925  0.3803  8.6053
  6.0255  1.6534  0.9719  2.4044 12.4365
  4.5431  2.3977  0.9748  1.5604 19.6821
  5.1622  2.3232  0.9810  2.5176 18.9340
  3.9108  2.9451  0.9941  2.0880 25.2900
  4.3460  3.3736  0.9772  2.4419 29.8035
  5.9595  3.5584  0.9896  1.2132 31.7788
  6.2496  3.9710  0.9716  0.6595 36.2407
  3.7427  4.1324  0.9848  2.7425 38.0048
  5.6325  3.1880  0.9682  2.2081 27.8369
  5.0268  2.0713  0.9690  1.2062 16.4405
  5.6881  1.9950  0.9897  1.4500 15.6967
  5.3689  2.2323  0.9742  2.1953 18.0287
  4.9726  4.2297  0.9711  1.1860 39.0722
  4.9706  4.4371  0.9707  1.6040 41.3605
  5.3189  1.8957  0.9768  0.6179 14.7365
  5.8375  3.7918  0.9936  1.9740 34.2942
  4.6115  1.4209  0.9811  1.1118 10.2968
  4.3919  3.7979  0.9938  2.4882 34.3593
  6.5964  3.8830  0.8682  1.9006 35.2826
  4.4378  4.1061  0.9690  0.5066 37.7165
  5.5892  3.1570  0.9731  1.3808 27.5103
  5.9259  0.8763  0.9980  2.5522  5.6308
  4.9404  4.1068  0.9810  0.9817 37.7238
  6.0577  2.7257  0.9851  2.7025 23.0194
  5.5049  1.0365  0.9718  2.2260  6.9425
  6.1882  3.5324  0.9980  1.3241 31.4995
  5.1065  2.3161  0.9787  1.3808 18.8633
  5.6557  1.1098  0.9959  0.8806  7.5613
  5.7185  2.7063  0.9717  1.0355 22.8200
  4.5178  1.4452  0.9849  1.6958 10.5174
  5.3057  1.9182  0.9670  1.2511 14.9527
  5.6081  3.0549  0.9816  2.5539 26.4377
  6.1190  2.3636  0.9719  1.8820 19.3387
  5.4432  2.4474  0.9961  1.1793 20.1823
  5.5616  3.8176  0.9980  1.4851 34.5733
  5.4030  2.8947  0.9850  2.1199 24.7666
  4.9961  2.9895  0.9867  1.6491 25.7537
  5.4692  1.5018  0.9890  2.3312 11.0331
  5.5764  1.6207  0.9936  2.1598 12.1313
  6.0034  3.7926  0.9693  1.5357 34.3029
  5.2810  2.5044  0.9787  0.4028 20.7591
  5.2504  2.9713  0.9762  2.1851 25.5639
  5.2292  2.6014  0.9730  2.1771 21.7453
  5.4076  3.4979  0.9944  0.6917 31.1301
  5.4463  4.1594  0.9823  0.3464 38.3000
  6.5402  2.5130  0.9066  1.9903 20.8460
  5.5635  2.7453  0.9931  1.0141 23.2209
  5.1236  3.3277  0.9791  1.7198 29.3154
  4.5864  3.8490  0.9830  1.1973 34.9141
  5.9898  0.7458  0.9755  1.0407  4.6085
  5.5544  1.6590  0.9752  1.7142 12.4887
  5.2136  3.6014  0.9928  2.2672 32.2397
  5.8065  3.4684  0.9725  0.6527 30.8145
  5.8419  2.5724  0.9728  0.8493 21.4496
  5.2663  3.1645  0.9886  2.0965 27.5894
  5.7008  4.3197  0.9915  0.9673 40.0634
  6.7003  2.1985  0.6215  0.2129 17.6936
  6.6887  3.1708  0.7030  1.2924 27.6557
  5.1315  1.9003  0.9826  1.8366 14.7804
  5.5760  1.8330  0.9764  2.8163 14.1353
  4.7263  2.6674  0.9744  0.7882 22.4205
  5.2552  2.6127  0.9861  2.5198 21.8610
  4.6211  1.5643  0.9902  0.7171 11.6081
  4.7420  2.4789  0.9740  0.5786 20.5013
  6.0789  2.7694  0.9963  2.3507 23.4696
  5.4369  2.6894  0.9895  1.9924 22.6461
  6.1123  3.0035  0.9904  2.1827 25.8999
  5.0000  4.2325  0.9710  0.9198 39.1033
  6.1079  1.7041  0.9810  0.2605 12.9122
  5.2116  3.5843  0.9979  1.4930 32.0565
  5.0132  0.7134  0.9925  1.6371  4.3624
  4.8082  4.4633  0.9841  1.6880 41.6500
  5.8116  1.5870  0.9808  0.4530 11.8178
  4.3479  2.7825  0.9892  0.6035 23.6040
  4.7911  2.1524  0.9839  1.5795 17.2381
  4.1158  3.9654  0.9766  1.7243 36.1789
  6.5773  0.7943  0.9354  2.2680  4.9833
  5.9612  2.4908  0.9678  1.5173 20.6211
  5.2589  0.9479  0.9902  0.2057  6.2095
  4.9050  1.5978  0.9842  2.2990 11.9185
  5.9824  2.3200  0.9954  0.5113 18.9026
  5.9021  3.5561  0.9976  0.9088 31.7533
  3.9190  3.2048  0.9704  1.3585 28.0142
  5.3546  1.2515  0.9708  1.8209  8.7870
  6.3420  2.4707  0.9835  0.4142 20.4178
  4.7824  3.1682  0.9839  1.9432 27.6287
  4.5704  3.3806  0.9924  1.9409 29.8785
  5.7491  3.6556  0.9670  0.5548 32.8234
  6.2086  3.0046  0.9744  1.1808 25.9109
  5.8010  2.9641  0.9919  2.4374 25.4887
  3.9522  2.3869  0.9783  1.5525 19.5726
  5.9684  3.0045  0.9769  0.2032 25.9104
  6.5227  0.6699  0.8563  0.3617  4.0364
  4.4180  1.2249  0.9913  0.7766  8.5542
  4.9345  1.2681  0.9980  1.4327  8.9330
  5.1979  0.6049  0.9893  0.7650  3.5611
  4.3063  1.9791  0.9928  0.8554 15.5416
  3.6666  2.4261  0.9794  1.4905 19.9679
  5.2221  2.3656  0.9817  0.5707 19.3586
  5.7242  2.4287  0.9914  1.9746 19.9942
  4.4176  4.0356  0.9743  0.3912 36.9457
  6.7559  1.6024  0.6835  1.7251 11.9609
  5.3996  3.2429  0.9882  0.5250 28.4175
  5.3500  2.7197  0.9723  0.4407 22.9570
  4.2315  3.1104  0.9713  0.9475 27.0200
  5.8506  1.9521  0.9980  2.4685 15.2804
  4.7027  3.0325  0.9751  1.7172 26.2026
  4.0639  3.0970  0.9878  0.4097 26.8796
  5.2741  3.2925  0.9708  0.8748 28.9426
  4.5545  2.2075  0.9980  1.5353 17.7825
  5.2484  3.0468  0.9756  1.7300 26.3529
  6.1105  2.2648  0.9980  1.9445 18.3518
  5.5895  2.6674  0.9693  0.3111 22.4204
  4.7355  2.4426  0.9683  1.8452 20.1339
  5.1413  0.3639  0.9718  2.2463  1.9324
  5.5478  1.7530  0.9969  0.8938 13.3737
  3.7108  1.2421  0.9752  0.2481  8.7052
  6.1191  2.5857  0.9667  0.3328 21.5860
  4.3170  2.4400  0.9881  1.3505 20.1073
  5.6224  0.5949  0.9725  1.3777  3.4891
  5.2181  1.7287  0.9834  2.0462 13.1445
  3.7425  1.3761  0.9910  1.6053  9.8935
  5.4061  3.3765  0.9731  1.4747 29.8347
  5.8058  2.9507  0.9965  0.9909 25.3489
  6.3397  1.8318  0.9764  0.9366 14.1237
  5.6037  1.9849  0.9892  2.9251 15.5985
  5.6390  2.2208  0.9785  1.4463 17.9139
  4.4520  3.2263  0.9770  1.3344 28.2419
  5.1567  3.4592  0.9849  1.0823 30.7169
  5.4810  2.4068  0.9717  1.0597 19.7733
  4.5378  3.5024  0.9848  2.0428 31.1779
  4.9600  2.8333  0.9925  2.1373 24.1296
  5.3033  4.2436  0.9760  0.7643 39.2252
  4.2318  2.2685  0.9853  0.8353 18.3888
  4.9445  2.4759  0.9980  1.3944 20.4707
  5.5610  3.6352  0.9925  0.3863 32.6030
  5.1431  3.0084  0.9863  1.8751 25.9514
  5.5666  4.1942  0.9807  1.5208 38.6826
  6.4451  0.2804  0.9733  1.6718  1.4262
  5.6793  2.1822  0.9933  1.8782 17.5323
  3.5235  3.6989  0.9846  1.5429 33.2896
  5.7044  3.0553  0.9874  1.6645 26.4415
  5.2071  3.6863  0.9731  0.1379 33.1542
  5.9247  1.7814  0.9980  0.9316 13.6429
  4.4482  1.4728  0.9752  0.7756 10.7683
  5.5222  1.1101  0.9687  1.4702  7.5639
  5.3809  1.5696  0.9858  0.5533 11.6569
  5.6513  1.6347  0.9841  1.4463 12.2616
  5.8940  1.8843  0.9914  0.3258 14.6270
  5.9066  2.3973  0.9838  0.9445 19.6777
  5.9624  4.2472  0.9900  0.7061 39.2649
  4.9859  1.7636  0.9741  1.5653 13.4742
  5.8486  0.8463  0.9947  2.1887  5.3922
  5.4138  0.8286  0.9682  1.1835  5.2521
  4.7210  3.6865  0.9907  0.2472 33.1561
  5.8878  3.2981  0.9927  1.0556 29.0020
  4.9975  2.1544  0.9833  2.1623 17.2576
