  5.7999  1.5882  0.9719  1.1352 11.8293
  6.0921  1.5829  0.9925  1.1507 11.7801
  5.2492  1.9260  0.9758  1.8081 15.0283
  4.3838  1.1561  0.9769  2.3863  7.9581
  5.8128  2.3501  0.9962  0.7697 19.2035
  4.3337  3.4341  0.9741  1.5503 30.4489
  4.7300  1.2822  0.9761  1.6801  9.0577
  5.6083  2.9476  0.9737  1.2782 25.3166
  5.1275  0.3624  0.9881  0.9995  1.9232
  5.1809  1.8761  0.9721  0.4098 14.5477
  5.4405  2.3475  0.9789  1.7865 19.1778
  5.5829  2.4823  0.9756  0.4830 20.5358
  5.4671  4.1507  0.9979  1.0718 38.2049
  5.4511  1.7313  0.9864  2.2410 13.1684
  5.1345  3.4128  0.9931  1.8990 30.2215
  5.0750  3.3804  0.9747  1.2366 29.8762
  4.6774  1.8315  0.9738  0.6545 14.1204
  5.1002  1.1950  0.9700  1.0663  8.2941
  5.1867  2.4712  0.9947  0.8520 20.4233
  5.2693  0.9729  0.9841  1.7985  6.4150
  3.7914  4.0639  0.9747  2.0749 37.2546
  5.0889  2.1814  0.9696  2.3164 17.5237
  5.0603  1.8717  0.9824  1.1709 14.5059
  5.5439  1.2024  0.9910  0.4668  8.3588
  4.5148  2.7292  0.9803  0.6300 23.0554
  4.9789  2.1110  0.9930  0.1012 16.8306
  4.3860  2.5394  0.9746  0.7708 21.1143
  6.0367  3.5692  0.9835  1.4797 31.8946
  4.2488  2.7511  0.9849  1.0537 23.2806
  4.3889  3.9439  0.9793  1.8355 35.9454
  6.0327  1.7466  0.9957  0.7031 13.3134
  4.8731  4.4177  0.9675  0.2303 41.1452
  5.4515  1.1928  0.9671  2.2563  8.2752
  5.2963  1.6704  0.9684  1.6541 12.5953
  4.9324  4.4266  0.9787  2.1673 41.2439
  4.9662  0.9879  0.9813  1.0430  6.5387
  5.2784  1.5766  0.9980  1.6161 11.7217
  4.6839  2.5344  0.9721  0.7276 21.0639
  4.4708  4.3668  0.9700  2.0825 40.5825
  5.0303  2.8604  0.9825  1.4561 24.4104
  4.2320  3.5245  0.9952  1.8113 31.4148
  5.2140  3.4850  0.9677  1.0201 30.9927
  5.2919  2.1012  0.9711  1.9212 16.7340
  5.2404  2.2841  0.9908  0.5709 18.5440
  4.3834  2.7161  0.9957  0.7501 22.9205
  4.8797  3.4921  0.9946  0.3660 31.0676
  5.2966  2.4373  0.9792  1.5522 20.0803
  5.0106  1.8582  0.9927  0.0955 14.3760
  5.2282  2.2469  0.9782  0.9547 18.1736
  4.9648  2.8471  0.9840  0.6530 24.2727
  5.0391  1.7952  0.9884  1.6732 13.7749
  5.3613  0.6465  0.9904  2.3442  3.8640
  5.6203  4.3234  0.9707  3.0082 40.1046
  5.2637  2.0948  0.9789  0.5913 16.6712
  5.1852  1.8127  0.9670  1.8095 13.9414
  4.7695  1.2454  0.9965  0.9100  8.7338
  5.2625  0.3905  0.9719  0.1861  2.1006
  4.6562  2.6117  0.9786  1.4720 21.8504
  3.7815  1.4541  0.9733  1.2284 10.5981
  5.2977  3.3809  0.9719  2.3460 29.8813
  3.6852  4.0982  0.9823  1.3216 37.6302
  3.5128  0.8399  0.9964  0.2695  5.3414
  5.3350  1.4136  0.9694  1.1593 10.2306
  4.1092  3.1532  0.9691  1.3571 27.4709
  5.1510  4.0551  0.9691  1.1162 37.1582
  5.8921  2.8090  0.9751  0.3411 23.8778
  5.0692  1.6073  0.9762  1.4537 12.0069
  6.3218  3.2655  0.9801  0.3384 28.6564
  5.1589  2.2402  0.9677  1.2690 18.1066
  5.1077  1.7655  0.9900  2.1836 13.4925
  5.0260  3.9270  0.9858  0.9821 35.7611
  4.7064  2.4336  0.9758  1.5683 20.0432
  6.1100  1.7311  0.9872  2.3677 13.1669
  4.0166  2.9808  0.9968  1.8297 25.6626
  4.8869  3.8034  0.9675  0.5185 34.4192
  5.1000  1.1045  0.9960  0.9749  7.5169
  4.7388  2.6202  0.9871  1.8193 21.9374
  4.9038  2.9264  0.9963  1.6979 25.0954
  5.0812  1.6867  0.9821  2.2917 12.7488
  5.2868  3.2966  0.9750  0.8869 28.9859
  5.2372  2.6587  0.9927  1.8476 22.3317
  4.6932  1.8121  0.9862  1.5726 13.9358
  5.2830  2.7180  0.9891  2.6243 22.9397
  5.9669  4.2339  0.9699  0.1618 39.1181
  4.9523  1.0396  0.9813  0.8094  6.9689
  4.5433  3.7572  0.9763  1.8196 33.9196
  5.9260  2.6775  0.9915  1.5894 22.5241
  5.5355  1.8493  0.9920  0.7978 14.2910
  5.6430  3.5779  0.9719  2.0095 31.9875
  5.2296  2.1811  0.9973  1.4733 17.5213
  5.0293  0.4520  0.9980  0.9377  2.5012
  4.8931  1.2335  0.9883  0.2552  8.6294
  5.3289  1.7052  0.9676  0.2533 12.9228
  5.1961  2.4540  0.9726  1.2334 20.2493
  6.3758  2.8936  0.9406  1.9987 24.7551
  4.9257  1.3900  0.9980  1.5908 10.0179
  5.1540  2.3591  0.9750  0.6565 19.2941
  5.5797  1.2809  0.9919  2.5865  9.0455
  3.5037  1.3875  0.9980  3.0658  9.9958
  5.8615  0.4435  0.9980  1.4003  2.4449
  5.0354  1.6670  0.9935  1.5152 12.5643
  6.5081  2.0589  0.8606  1.6201 16.3199
  5.3319  0.3672  0.9883  1.6354  1.9532
  5.6156  2.0174  0.9673  1.6884 15.9148
  4.5170  2.4372  0.9801  1.4521 20.0794
  5.1269  2.4237  0.9946  1.8053 19.9430
  4.0663  4.0119  0.9809  0.6589 36.6866
  5.2868  2.6823  0.9710  1.5782 22.5736
  4.4848  0.5590  0.9791  1.6655  3.2340
  5.5421  4.1394  0.9857  0.8292 38.0816
  6.1407  1.5618  0.9875  1.7762 11.5851
  5.3305  3.9693  0.9966  1.4554 36.2224
  5.3213  3.3846  0.9863  2.0702 29.9205
  5.1648  1.2979  0.9827  0.3316  9.1963
  5.3199  0.6072  0.9963  2.0993  3.5779
  5.2585  2.0306  0.9908  1.7765 16.0434
  5.5412  1.5066  0.9854  0.8710 11.0774
  5.0621  2.1533  0.9725  0.3507 17.2464
  5.2844  4.2073  0.9942  0.5970 38.8267
  5.4612  3.6622  0.9723  0.8518 32.8946
  5.6923  1.1807  0.9951  2.1324  8.1706
  6.9831  3.1021  0.5298  1.1321 26.9326
  4.4357  1.0597  0.9980  0.6306  7.1373
  5.2601  3.4361  0.9705  0.3597 30.4703
  5.7253  2.9526  0.9770  1.9199 25.3682
  5.8274  2.5059  0.9960  0.8132 20.7740
  4.0935  2.3821  0.9701  1.7810 19.5247
  5.1703  1.1972  0.9727  1.2010  8.3132
  5.4761  3.9417  0.9932  0.7333 35.9215
  4.7635  3.1825  0.9965  1.4479 27.7787
  4.8043  3.3074  0.9699  0.8095 29.1005
  5.6562  2.6526  0.9946  0.5998 22.2690
  4.4594  0.9827  0.9760  2.0407  6.4953
  5.5193  3.5140  0.9894  0.1274 31.3025
  5.4130  1.9170  0.9980  1.0443 14.9413
  6.0824  1.9364  0.9807  1.0648 15.1286
  5.0033  1.2558  0.9922  0.1857  8.8249
  5.0153  2.2002  0.9669  0.1342 17.7104
  4.6039  1.7153  0.9980  0.6010 13.0181
  5.6567  2.6235  0.9736  2.6336 21.9719
  5.2914  2.2267  0.9757  1.2311 17.9724
  5.2702  1.3925  0.9756  1.7607 10.0408
  5.0617  3.3427  0.9756  1.7640 29.4752
  5.3901  4.3392  0.9672  2.2636 40.2787
  4.0795  3.6746  0.9765  0.1109 33.0280
  4.8964  4.0341  0.9763  0.6841 36.9291
  5.6062  3.0235  0.9715  0.2068 26.1088
  4.6605  1.5126  0.9783  0.2504 11.1321
  4.5037  3.7699  0.9884  0.7556 34.0573
  5.2149  2.7387  0.9784  2.3462 23.1533
  4.3084  3.8715  0.9896  2.2483 35.1579
  5.1639  2.7722  0.9745  1.4276 23.4984
  6.8811  2.0433  0.7740  2.9534 16.1673
  3.8221  1.5031  0.9686  1.7977 11.0450
  4.4650  3.6889  0.9980  2.4571 33.1823
  5.2871  2.0618  0.9735  1.5081 16.3483
  5.8032  2.8837  0.9922  0.8898 24.6523
  5.2330  2.1058  0.9818  1.3233 16.7792
  5.5658  3.0278  0.9972  2.4356 26.1535
  5.7071  2.8806  0.9897  2.0814 24.6195
  4.7214  0.1493  0.9738  1.3267  0.7024
  4.5284  0.8803  0.9808  0.3497  5.6631
  5.2458  1.4472  0.9906  0.8152 10.5353
  4.9762  2.0150  0.9819  1.5262 15.8910
  4.7729  2.1813  0.9784  1.5182 17.5227
  5.4526  4.0407  0.9836  0.8297 37.0006
  5.3215  0.6278  0.8734  2.0355  3.7271
  4.9724  3.8762  0.9980  1.7422 35.2088
  4.5856  4.0554  0.9889  1.6824 37.1619
  6.1240  1.9024  0.9980  2.1292 14.8002
  5.5232  3.0372  0.9850  2.0087 26.2522
  4.4147  2.4918  0.9959  0.2735 20.6312
  5.4612  2.3408  0.9870  0.2824 19.1102
  5.4354  1.1112  0.9944  1.4770  7.5736
  5.2883  0.2696  0.9725  0.2567  1.3632
  5.2893  1.4984  0.9795  1.6353 11.0019
  5.4707  1.4192  0.9897  1.9703 10.2819
  4.5114  1.6693  0.9681  0.9157 12.5858
  5.4950  1.2902  0.9840  0.8862  9.1282
  5.4598  2.1833  0.9829  3.0626 17.5429
  5.2816  3.5984  0.9833  1.1976 32.2081
  5.5663  1.3835  0.9818  2.9222  9.9597
  5.8085  1.0495  0.9945  0.6709  7.0520
  4.9847  3.5857  0.9980  0.4769 32.0716
  4.7132  3.5206  0.9943  1.4979 31.3734
  5.5433  3.2115  0.9710  1.3561 28.0849
  5.6891  1.5840  0.9926  2.1504 11.7902
  5.1518  3.0143  0.9953  1.2080 26.0129
  6.5336  1.9366  0.7660  0.2670 15.1309
  4.6027  3.1384  0.9892  2.0119 27.3144
  5.2989  3.3135  0.9728  1.6933 29.1648
  3.6542  1.3944  0.9671  1.4291 10.0576
  5.0665  3.0509  0.9957  1.5868 26.3956
  4.8146  2.8339  0.9903  1.8503 24.1354
  5.3589  2.4885  0.9683  0.2084 20.5984
  4.3221  1.9383  0.9763  1.9452 15.1473
  3.7074  2.7490  0.9839  1.6375 23.2591
  4.5770  3.7186  0.9898  1.3810 33.5025
  3.5318  4.4472  0.9851  2.4250 41.4720
  5.5811  3.9439  0.9905  2.5525 35.9452
  6.1843  2.5392  0.9899  2.3615 21.1121
  5.4146  1.3215  0.9834  1.1979  9.4053
  5.2551  4.4297  0.9980  1.4895 41.2779
