  5.2883  4.4146  0.9859  1.0065 41.1115
  4.8041  1.5825  0.9768  1.3059 11.7762
  5.1115  2.2090  0.9955  0.6545 17.7978
  5.4598  3.0442  0.9765  1.4876 26.3255
  5.1333  3.9887  0.9822  0.7813 36.4336
  6.2420  3.2297  0.9825  1.4057 28.2780
  5.6886  2.0564  0.9932  0.8851 16.2948
  4.8479  3.5014  0.9783  1.4549 31.1681
  4.6635  4.3680  0.9744  0.3182 40.5960
  5.8803  3.2534  0.9932  2.0448 28.5279
  4.8128  4.2143  0.9980  1.0710 38.9032
  5.2331  1.4851  0.9872  0.2954 10.8803
  4.8119  1.2607  0.9834  0.7118  8.8681
  4.8367  3.9934  0.9747  1.0322 36.4850
  4.1649  2.0467  0.9839  0.6781 16.2004
  4.9512  4.2654  0.9980  1.6731 39.4655
  4.7577  2.5283  0.9813  1.6953 21.0017
  5.6834  1.9018  0.9924  1.4535 14.7953
  4.4240  2.9064  0.9931  2.6167 24.8883
  5.4749  3.8004  0.9736  2.6894 34.3871
  5.1992  4.4573  0.9692  1.6473 41.5833
  4.8662  2.7295  0.9680  2.1447 23.0586
  5.2106  4.2631  0.9755  2.9568 39.4398
  6.0828  0.4120  0.9979  1.3130  2.2389
  4.2903  4.4288  0.9980  1.4435 41.2684
  4.8133  1.0508  0.9778  0.7099  7.0624
  5.6557  3.0997  0.9974  1.9400 26.9079
  5.9503  2.1443  0.9739  1.5324 17.1578
  5.2261  0.7007  0.9802  1.9540  4.2668
  3.5520  3.6685  0.9898  1.7172 32.9620
  4.3294  3.2452  0.9793  2.2960 28.4410
  4.9116  1.6791  0.9794  0.9486 12.6771
  5.5762  3.8764  0.9702  1.8826 35.2109
  6.0631  2.9553  0.9814  2.3077 25.3972
  4.5147  1.9775  0.9923  0.0626 15.5262
  5.5647  3.3177  0.9929  0.3344 29.2099
  5.9423  3.1178  0.9702  0.6129 27.0978
  5.4480  2.5724  0.9692  1.6814 21.4497
  5.4250  0.8142  0.9726  2.4259  5.1388
  5.3165  2.7449  0.9924  0.9683 23.2165
  6.0969  1.1948  0.9791  0.2530  8.2923
  4.8587  2.8012  0.9958  0.6149 23.7977
  4.9970  3.1036  0.9682  0.3506 26.9487
  5.7011  2.8855  0.9842  1.8647 24.6711
  5.7242  3.9419  0.9980  0.6915 35.9232
  5.3849  3.4632  0.9714  0.9814 30.7596
  5.5971  1.3352  0.9871  0.7228  9.5278
  5.2816  3.8790  0.9693  0.1486 35.2399
  4.9872  2.3946  0.9672  1.7959 19.6503
  5.2603  1.2430  0.9809  1.1576  8.7125
  5.4598  1.6174  0.9846  0.9634 12.1008
  6.0082  1.6434  0.9875  1.5605 12.3430
  4.4566  3.9321  0.9710  2.0191 35.8170
  4.4108  4.1227  0.9886  1.4045 37.8985
  5.6056  2.6349  0.9717  0.6492 22.0877
  5.7340  2.9008  0.9972  0.6687 24.8295
  4.8148  2.2952  0.9713  2.5718 18.6544
  6.0087  4.2321  0.9858  0.9234 39.0985
  5.3680  1.7833  0.9801  1.0105 13.6615
  5.3160  3.8856  0.9946  1.5945 35.3113
  4.5996  2.9852  0.9942  1.5700 25.7085
  5.9178  2.3753  0.9892  1.0320 19.4568
  5.8859  3.7491  0.9703  0.5962 33.8324
  6.0595  3.8348  0.9858  1.2104 34.7595
  5.0958  2.6896  0.9732  2.5893 22.6486
  5.0690  1.9570  0.9842  0.5043 15.3276
  5.1952  3.9950  0.9759  0.3618 36.5024
  5.2657  2.7545  0.9767  2.6340 23.3156
  5.0945  4.4431  0.9895  0.8904 41.4262
  5.5399  1.2780  0.9868  1.7856  9.0207
  5.9757  3.6068  0.9738  0.9138 32.2984
  5.7946  2.0189  0.9704  0.2650 15.9289
  5.1564  4.3376  0.9760  0.6397 40.2603
  5.1770  1.6040  0.9980  0.4681 11.9764
  5.8062  4.3720  0.9747  0.3101 40.6404
  5.4136  3.6039  0.9718  0.8710 32.2666
  4.7198  1.8366  0.9922  1.8248 14.1697
  5.3576  2.3598  0.9764  1.7035 19.3005
  5.7000  0.5276  0.9596  1.4783  3.0144
  5.3787  2.3124  0.9729  1.2167 18.8263
  4.9956  1.1087  0.9960  1.2610  7.5526
  4.8886  2.4832  0.9894  1.0363 20.5440
  5.2427  1.5308  0.9800  2.1391 11.2990
  4.0587  1.9556  0.9764  1.8121 15.3145
  4.7273  2.4809  0.9980  1.4873 20.5213
  4.7329  4.0893  0.9816  1.2057 37.5324
  5.0106  1.2914  0.9852  0.2977  9.1390
  4.9458  2.6289  0.9965  0.4658 22.0264
  5.2035  3.5508  0.9823  2.9977 31.6970
  6.0601  3.0832  0.9762  1.2198 26.7341
  5.1110  3.0641  0.9899  0.5570 26.5339
  5.0698  2.2321  0.9884  1.5385 18.0263
  5.1140  4.3674  0.9683  0.6055 40.5898
  5.4218  2.0119  0.9752  2.0624 15.8612
  3.9860  1.2952  0.9855  0.8756  9.1723
  6.5080  2.5610  0.7508  2.6693 21.3336
  3.8918  1.7770  0.9697  0.3998 13.6014
  4.2576  2.6147  0.9702  1.7730 21.8818
  5.1255  1.2832  0.9896  0.9455  9.0658
  4.4196  2.4682  0.9980  0.1859 20.3927
  4.8331  1.7848  0.9745  2.3870 13.6759
  4.3070  1.8481  0.9943  1.2325 14.2794
  5.2386  2.3689  0.9850  2.6021 19.3924
  5.1713  3.1774  0.9914  1.8068 27.7255
  4.9317  1.5236  0.9852  1.6313 11.2335
  5.2280  1.7576  0.9756  0.8154 13.4177
  4.2815  3.4889  0.9717  2.2172 31.0342
  4.7638  3.1087  0.9980  1.9443 27.0021
  5.5914  3.9637  0.9872  0.9928 36.1605
  6.4672  1.0164  0.9668  1.6912  6.7748
  5.0936  1.5205  0.9886  0.9683 11.2045
  5.6418  1.3501  0.9956  1.9638  9.6606
  5.3596  2.2038  0.9679  0.6697 17.7453
  4.4603  3.1377  0.9760  1.3078 27.3075
  5.2787  2.1724  0.9907  2.5270 17.4352
  5.2710  2.9154  0.9886  2.1247 24.9809
  5.8425  4.1346  0.9972  1.5800 38.0284
  6.0208  3.0381  0.9898  0.9970 26.2622
  4.9220  3.2086  0.9852  0.7321 28.0549
  6.4298  1.4701  0.9384  2.3538 10.7440
  5.3343  2.4710  0.9939  1.1638 20.4213
  4.7211  1.4203  0.9980  1.7326 10.2917
  4.7092  3.8234  0.9970  1.9686 34.6361
  5.1571  2.3146  0.9966  1.9198 18.8483
  5.7802  3.2853  0.9854  0.9073 28.8662
  4.3224  3.8309  0.9734  1.7864 34.7173
  4.9331  3.1366  0.9875  0.0671 27.2957
  5.0842  1.4206  0.9923  0.7476 10.2946
  5.2234  3.1394  0.9931  1.5013 27.3253
  4.7405  2.5188  0.9812  1.1205 20.9053
  5.7514  1.5699  0.9711  1.1583 11.6598
  5.1561  3.3555  0.9707  2.1173 29.6114
  5.1408  3.1072  0.9794  1.6568 26.9870
  5.5097  0.6231  0.9913  1.3583  3.6928
  5.2219  3.9900  0.9910  1.2670 36.4477
  5.7608  3.4942  0.9694  0.8146 31.0911
  5.0431  2.4188  0.9778  0.7526 19.8941
  5.2546  2.8067  0.9769  0.8010 23.8539
  4.7539  2.9650  0.9795  1.6588 25.4979
  5.5120  4.0465  0.9935  2.2911 37.0642
  5.1794  1.4478  0.9754  2.8551 10.5408
  5.3094  3.1306  0.9945  1.2263 27.2323
  5.1992  3.7257  0.9696  0.8255 33.5795
  4.7317  1.6152  0.9856  1.4649 12.0799
  5.5293  4.3565  0.9959  0.3348 40.4688
  4.0601  4.1931  0.9825  1.3760 38.6701
  4.8459  3.7358  0.9856  0.5511 33.6882
  4.3663  2.4321  0.9909  2.7624 20.0279
  5.1931  1.1592  0.9740  1.0326  7.9847
  5.5135  2.2065  0.9722  1.1152 17.7728
  4.1578  3.8203  0.9671  2.1097 34.6021
  5.8945  3.9441  0.9980  2.6285 35.9473
  5.2529  3.5048  0.9861  0.9245 31.2044
  5.6856  4.4353  0.9876  0.9697 41.3399
  5.0706  4.3712  0.9935  2.5191 40.6320
  4.3898  3.8029  0.9668  2.1311 34.4143
  4.1397  2.8341  0.9751  1.4687 24.1382
  3.6847  3.4508  0.9743  1.8126 30.6262
  5.6375  2.5348  0.9845  1.4747 21.0674
  4.6456  1.3595  0.9727  1.4380  9.7444
  3.5090  3.0961  0.9759  2.8230 26.8694
  5.5472  3.0925  0.9911  1.8786 26.8324
  5.7458  0.3606  0.9695  2.3870  1.9120
  4.7854  2.0073  0.9753  1.1099 15.8159
  5.6079  1.0824  0.9805  1.3659  7.3287
  4.2461  2.7560  0.9866  0.9863 23.3307
  4.6726  3.1064  0.9850  1.4896 26.9777
  5.8168  0.9304  0.9869  0.9029  6.0675
  4.9000  1.5790  0.9775  1.0041 11.7443
  4.3372  2.0017  0.9876  2.3028 15.7616
  5.7766  2.9048  0.9808  2.2700 24.8715
  5.5443  2.3417  0.9861  2.0533 19.1193
  4.7920  0.9208  0.9980  0.9138  5.9890
  5.1287  1.7207  0.9708  0.7048 13.0688
  5.2752  1.0939  0.9841  2.0244  7.4263
  5.6029  1.4235  0.9798  2.1004 10.3205
  5.0136  2.8938  0.9819  0.6929 24.7570
  5.9399  3.0782  0.9809  1.0436 26.6825
  5.4309  1.5334  0.9779  2.9198 11.3237
  5.4776  0.9374  0.9906  1.7770  6.1243
  4.6687  1.7701  0.9776  1.3914 13.5364
  5.7716  1.8152  0.9695  0.1882 13.9651
  5.0880  2.2113  0.9865  0.5758 17.8197
  6.2779  1.6521  0.9668  2.5879 12.4244
  5.4751  3.4018  0.9800  1.2428 30.1042
  5.0343  1.3256  0.9710  0.7419  9.4423
  5.4385  2.5242  0.9921  2.3898 20.9605
  4.2040  1.3882  0.9862  1.2415 10.0019
  5.2386  2.8382  0.9950  0.9614 24.1802
  6.6309  2.4893  0.7803  1.0803 20.6060
  4.8895  2.6681  0.9823  1.6960 22.4281
  4.2696  3.1828  0.9921  2.7058 27.7823
  5.6778  2.5761  0.9811  2.7330 21.4880
  5.0546  2.6025  0.9962  1.6851 21.7569
  4.1195  3.4449  0.9814  1.4000 30.5641
  4.8179  4.1099  0.9737  0.9171 37.7577
  5.1055  2.0352  0.9725  1.1943 16.0882
  5.3339  3.0883  0.9969  1.4203 26.7885
  5.2579  3.1776  0.9980  0.4144 27.7274
  4.8875  3.4193  0.9772  2.5686 30.2904
  4.0782  4.2790  0.9763  0.7154 39.6149
  4.9937  3.9081  0.9812  1.3762 35.5558
  5.7792  2.1732  0.9913  0.5706 17.4432
  5.0843  3.9034  0.9931  1.5826 35.5043
  5.0525  2.7465  0.9781  0.8942 23.2334
  5.3512  2.8067  0.9882  2.9018 23.8543
  5.4785  3.6924  0.9941  1.7106 33.2199
  5.4357  3.5545  0.9713  1.8627 31.7362
  5.7351  1.5451  0.9980  2.7950 11.4311
  5.1680  2.4702  0.9739  0.6660 20.4131
  5.9833  2.9327  0.9980  0.0892 25.1616
  4.2478  3.8168  0.9839  1.0626 34.5643
  5.1395  3.3802  0.9839  0.7324 29.8735
  5.0013  1.4480  0.9780  0.4900 10.5425
  5.3613  2.9278  0.9748  2.0868 25.1101
  3.9708  1.5606  0.9878  1.2670 11.5738
  5.1840  1.3974  0.9741  1.0680 10.0849
  4.8499  1.3014  0.9936  0.5356  9.2269
  4.9727  4.3108  0.9802  1.3741 39.9648
  4.1977  2.7774  0.9827  2.2995 23.5515
  4.8839  3.2412  0.9761  0.5478 28.3988
  5.3659  2.2637  0.9960  1.9409 18.3407
  5.9187  4.2154  0.9867  2.7092 38.9150
  5.8349  0.6496  0.9679  1.3849  3.8865
  4.8375  2.8123  0.9977  1.6942 23.9125
  5.7168  3.5324  0.9980  1.3245 31.4993
  5.1065  1.2666  0.9863  1.4620  8.9196
  4.7145  2.7808  0.9887  2.4663 23.5868
  4.7702  1.8801  0.9936  0.3480 14.5863
  5.5783  1.2469  0.9851  2.5633  8.7470
  4.7445  2.0880  0.9933  0.5650 16.6042
  5.0759  2.5686  0.9726  0.0519 21.4117
  5.1863  0.6495  0.9962  1.5768  3.8860
  5.4034  2.6682  0.9955  3.0648 22.4289
  5.8847  2.7820  0.9776  1.0654 23.5989
  5.2868  1.7895  0.9925  1.9103 13.7199
  5.5013  1.3113  0.9819  2.1899  9.3153
  4.5070  4.1918  0.9698  1.7053 38.6557
  5.5814  2.8650  0.9852  1.1673 24.4579
  4.9920  4.0265  0.9778  1.1244 36.8454
  4.9775  2.3350  0.9778  0.4598 19.0526
  5.0618  3.6511  0.9788  0.5006 32.7746
  5.2759  2.8986  0.9949  2.2956 24.8066
  5.1043  2.0438  0.9712  1.4456 16.1723
  5.0781  3.1478  0.9721  0.2614 27.4138
  5.0258  2.6925  0.9836  0.1527 22.6778
  5.1922  2.2842  0.9865  1.6205 18.5452
  3.5914  3.6573  0.9749  1.9565 32.8413
  5.0037  1.4566  0.9856  1.0178 10.6208
  6.0997  0.8116  0.9905  0.8857  5.1183
  5.5095  0.7359  0.9822  1.9418  4.5335
  4.3888  3.6617  0.9793  2.2424 32.8889
  5.2189  2.2096  0.9679  2.3438 17.8035
  5.5133  1.9200  0.9721  1.5904 14.9707
  5.6728  4.3345  0.9957  1.1335 40.2267
  5.0121  2.1039  0.9723  1.9134 16.7600
  5.2503  1.7871  0.9793  1.3343 13.6970
  5.4466  3.3160  0.9893  1.2201 29.1920
  5.6000  2.3152  0.9865  1.2142 18.8539
  4.7030  2.2624  0.9975  1.5333 18.3274
  4.9225  2.3637  0.9914  2.7526 19.3397
  4.3504  1.8587  0.9977  1.7141 14.3809
  4.5143  3.8175  0.9891  2.4176 34.5726
  4.9343  3.8084  0.9873  0.3180 34.4731
  3.9905  1.5751  0.9759  2.0749 11.7081
  5.4324  1.7058  0.9756  0.3506 12.9281
  5.3479  2.0847  0.9704  1.7194 16.5722
  5.6467  0.4260  0.9949  2.4052  2.3297
  4.9526  1.3097  0.9741  1.1688  9.3006
  4.5150  3.8594  0.9885  0.3709 35.0265
  5.2425  1.5295  0.9809  0.8989 11.2872
  5.6051  1.8727  0.9762  0.3242 14.5154
  6.1689  2.3763  0.9695  2.6186 19.4666
  4.8989  4.0857  0.9788  0.0674 37.4929
  4.2276  2.8542  0.9957  0.7177 24.3465
  5.7960  1.6950  0.9746  2.2858 12.8268
  5.1393  3.1438  0.9739  0.7851 27.3715
  4.3644  0.8892  0.9980  0.9690  5.7343
  4.7768  2.1003  0.9942  1.3131 16.7256
  4.1511  2.9328  0.9876  0.5527 25.1629
  4.8525  1.3840  0.9851  1.5561  9.9643
  3.7669  3.2089  0.9775  0.5191 28.0577
  3.8710  2.9760  0.9913  2.1819 25.6126
  4.9383  1.9602  0.9845  1.2217 15.3587
  4.1050  2.2972  0.9926  0.3300 18.6746
  4.7723  4.1815  0.9825  2.7514 38.5430
  5.2750  4.2930  0.9685  0.8056 39.7687
  4.9214  3.0373  0.9898  0.5825 26.2534
  4.1187  4.2216  0.9874  1.7106 38.9838
  5.9189  3.5416  0.9701  0.2492 31.5979
  5.2364  4.4763  0.9869  0.5173 41.7939
  4.4382  2.5520  0.9915  0.7285 21.2421
  5.0281  2.7137  0.9980  0.3416 22.8962
  4.1168  3.0500  0.9833  0.9122 26.3862
  5.1849  1.6327  0.9896  0.1816 12.2434
  5.2404  2.3609  0.9980  1.3502 19.3121
  5.2631  3.6429  0.9788  0.6079 32.6867
  5.1863  3.0447  0.9902  2.9921 26.3311
  4.8851  2.4614  0.9858  1.7947 20.3244
  5.4531  3.4978  0.9765  1.2425 31.1294
  6.1735  3.4716  0.9745  0.9598 30.8490
  3.7464  3.1763  0.9855  1.9222 27.7138
  4.6885  0.8898  0.9860  0.7729  5.7391
  5.6435  4.1548  0.9779  0.3842 38.2498
  5.2107  1.5124  0.9799  0.9596 11.1303
  4.9557  3.3625  0.9740  1.7312 29.6861
  4.4573  1.8464  0.9724  0.8152 14.2627
  4.8473  3.9762  0.9734  2.5076 36.2973
  4.3793  3.4324  0.9955  1.5693 30.4303
  5.4588  3.4022  0.9667  0.9099 30.1082
  5.3933  3.4223  0.9817  0.5426 30.3230
  6.0405  2.3134  0.9692  2.0896 18.8360
  6.1299  2.9243  0.9738  1.7403 25.0736
  5.5792  2.2391  0.9950  1.3729 18.0958
  4.5972  3.1716  0.9864  2.2103 27.6644
  4.3443  1.1951  0.9695  1.4767  8.2953
  4.8904  3.2313  0.9716  2.0485 28.2944
  5.4526  1.4248  0.9977  2.2111 10.3324
  5.2104  4.1646  0.9910  2.4352 38.3572
  4.6745  3.4736  0.9959  1.9758 30.8700
  5.2520  3.0001  0.9977  0.6587 25.8639
  5.6426  2.5974  0.9751  0.9174 21.7048
  4.2689  3.2151  0.9685  0.3800 28.1232
  5.1237  1.4952  0.9765  2.5691 10.9732
  4.7378  3.1809  0.9822  2.3475 27.7620
  5.6277  2.0465  0.9866  1.2953 16.1980
  5.8867  2.9445  0.9819  0.9436 25.2839
  5.2389  1.0707  0.9813  1.1049  7.2301
  5.1345  3.9394  0.9880  0.6125 35.8961
  5.6836  0.9027  0.9886  1.6979  5.8429
  4.7239  1.9668  0.9966  2.1106 15.4224
  5.2712  3.9102  0.9799  1.0674 35.5781
  5.6711  1.7626  0.9767  2.3537 13.4649
  6.5303  3.0844  0.9905  1.7498 26.7472
  5.3520  3.9614  0.9719  0.8641 36.1354
  4.8065  4.3193  0.9826  0.6438 40.0592
  5.2273  2.4119  0.9960  1.2734 19.8241
  4.3980  2.6333  0.9785  1.5010 22.0714
  5.4809  0.9450  0.9783  0.1957  6.1865
  5.2680  2.2819  0.9854  1.1140 18.5218
  5.7490  1.7304  0.9957  2.0847 13.1599
  5.4719  2.0953  0.9936  1.1396 16.6761
  5.4066  1.9659  0.9919  1.5228 15.4138
  4.8337  2.3413  0.9847  1.8373 19.1159
  5.1395  2.8635  0.9766  2.6525 24.4424
  6.0968  2.1112  0.9771  0.6218 16.8325
  5.2867  1.2623  0.9931  2.6562  8.8819
  6.4930  3.9656  0.9591  0.8195 36.1821
  4.2634  4.0077  0.9860  0.5085 36.6402
  5.7143  4.1362  0.9789  1.9240 38.0463
  5.5739  3.0970  0.9805  1.9428 26.8790
  4.0050  4.3483  0.9980  2.4452 40.3789
  4.8463  2.0379  0.9727  0.3569 16.1146
  3.7232  1.6994  0.9788  2.4353 12.8684
  5.0855  2.8819  0.9980  0.3050 24.6331
  3.6744  0.1311  0.9762  0.8050  0.6093
  5.0926  3.9361  0.9818  1.5169 35.8598
  4.8564  4.0894  0.9693  0.8867 37.5335
  3.9204  1.9880  0.9895  2.2715 15.6285
  5.3055  0.8398  0.9713  2.7665  5.3406
  5.6868  2.2840  0.9770  0.4420 18.5424
  5.1322  1.1586  0.9980  1.0105  7.9798
  5.4298  2.6155  0.9847  1.4400 21.8899
  4.9793  1.6244  0.9973  0.0408 12.1657
  5.4333  2.9057  0.9784  2.4994 24.8806
  5.0145  3.4827  0.9951  0.9752 30.9673
  5.4373  2.2936  0.9767  2.2039 18.6384
  4.5829  3.1973  0.9757  1.3666 27.9358
  5.6040  1.1616  0.9712  1.0877  8.0055
  5.2711  1.7413  0.9819  0.7237 13.2631
  6.1934  3.4176  0.9978  2.6117 30.2720
  5.1210  4.1954  0.9734  2.0783 38.6953
  3.6961  1.4389  0.9899  2.2697 10.4603
  6.1058  3.5360  0.9875  2.2481 31.5379
  5.0298  2.7039  0.9687  1.5604 22.7952
  4.3337  4.2535  0.9802  0.6112 39.3340
  5.3290  4.3736  0.9748  1.5093 40.6576
  6.0322  2.6800  0.9742  0.8785 22.5502
  4.4057  3.3800  0.9887  1.6980 29.8717
  5.2321  1.9314  0.9919  0.4986 15.0806
  5.1048  1.8981  0.9694  0.5185 14.7590
  3.8347  3.4418  0.9770  1.6039 30.5305
  5.0646  1.7684  0.9815  1.4222 13.5197
  5.0399  2.2130  0.9880  1.4721 17.8369
  6.0925  2.4326  0.9846  2.6381 20.0335
  4.8929  3.8693  0.9753  0.6676 35.1337
  6.9868  3.2756  0.9397  2.3437 28.7635
  5.0082  3.4107  0.9681  0.7725 30.1988
  5.2933  1.0861  0.9936  2.4448  7.3604
  4.3902  4.4639  0.9724  1.0080 41.6567
  5.2548  4.1375  0.9709  1.3770 38.0605
  3.8081  4.0441  0.9978  2.6934 37.0378
  5.0264  3.1025  0.9814  0.9125 26.9369
  6.1915  3.0005  0.9725  1.8452 25.8685
  5.0354  2.5424  0.9739  2.5611 21.1453
  5.7778  2.8536  0.9862  0.6125 24.3400
  4.2391  1.0693  0.9960  1.7815  7.2182
  4.8850  4.2522  0.9954  0.7205 39.3198
  4.8602  2.4625  0.9827  1.8897 20.3350
  6.0990  1.0969  0.9691  1.0562  7.4518
  5.2298  0.6211  0.9957  2.1479  3.6787
  5.6202  1.5123  0.9804  2.3254 11.1294
  5.5283  1.5191  0.9689  1.4964 11.1914
  5.1980  4.0791  0.9824  2.1656 37.4209
  4.2447  4.4051  0.9872  1.0715 41.0061
  5.0251  3.9058  0.9782  2.8469 35.5310
  4.4433  2.6122  0.9952  0.4431 21.8565
  4.0096  1.3783  0.9771  2.3320  9.9128
  5.2721  1.3130  0.9668  2.0657  9.3301
  4.4402  0.8774  0.9737  1.9340  5.6395
  5.1157  1.9758  0.9899  1.0377 15.5098
  5.3652  4.0450  0.9977  1.1816 37.0475
  4.9966  2.1888  0.9707  1.1272 17.5971
  5.7245  2.3546  0.9868  0.9045 19.2486
  5.3678  3.8329  0.9710  1.5852 34.7392
  4.4362  1.3928  0.9736  1.6001 10.0433
  4.9534  0.8008  0.9775  0.7538  5.0340
  5.1844  1.4801  0.9712  2.7324 10.8350
  4.8457  2.3872  0.9945  2.0325 19.5760
  6.5104  2.9605  0.8561  1.1810 25.4510
  3.5806  3.6826  0.9820  0.1333 33.1135
  5.2114  2.7170  0.9741  1.0005 22.9296
  5.0137  3.6905  0.9782  1.1002 33.1992
  5.1821  2.9695  0.9764  1.0015 25.5450
  4.6937  3.3972  0.9818  0.7283 30.0548
  5.2062  2.1470  0.9817  1.5378 17.1841
  3.5555  3.1211  0.9889  0.8916 27.1330
  5.1922  4.4206  0.9718  0.6604 41.1779
  4.6500  2.3784  0.9899  0.8980 19.4874
  3.9517  3.5123  0.9670  1.1033 31.2843
  4.5675  3.7002  0.9900  0.6347 33.3041
  5.6686  3.6134  0.9808  1.4170 32.3685
  4.0565  1.8353  0.9769  0.8080 14.1570
  5.4236  2.9890  0.9980  1.1355 25.7481
  3.8632  2.4521  0.9921  0.6798 20.2303
  5.0484  0.8423  0.9702  1.6429  5.3605
  5.2670  1.4895  0.9786  1.7548 10.9210
  6.8524  1.8946  0.4974  1.2319 14.7253
  5.1031  2.1865  0.9770  2.8528 17.5745
  4.5953  2.4728  0.9705  1.3060 20.4390
  6.8474  2.1149  0.7558  2.0220 16.8684
  5.4402  1.8198  0.9779  0.6690 14.0090
  5.2402  4.4265  0.9909  2.2644 41.2428
  4.0014  0.4143  0.9915  0.7694  2.2540
  5.0939  3.6085  0.9980  2.0276 32.3168
  6.1416  2.5954  0.9758  2.7384 21.6842
  5.3777  0.4094  0.9847  1.1325  2.2219
  5.3279  2.4948  0.9909  0.4473 20.6622
  3.7476  2.7835  0.9840  1.4669 23.6145
  3.6433  1.7806  0.9748  2.4948 13.6357
  4.4775  0.4455  0.9980  1.8459  2.4578
  6.4974  3.5955  0.8926  2.0696 32.1763
  5.8072  0.5297  0.9801  1.6292  3.0286
  5.5229  1.0254  0.9941  2.2522  6.8502
  4.7735  0.8284  0.9931  1.4699  5.2507
  5.2683  1.5731  0.9979  0.4809 11.6898
  5.3890  4.0192  0.9980  2.6518 36.7660
  5.5891  3.5723  0.9822  2.0817 31.9274
  5.2286  3.2393  0.9769  1.7792 28.3795
  5.2501  2.1941  0.9972  2.9116 17.6495
  4.1164  3.9012  0.9928  0.6793 35.4809
  4.9297  2.0210  0.9900  0.5513 15.9491
  6.1320  2.8626  0.9941  0.8862 24.4332
  4.6955  3.6150  0.9806  0.9147 32.3864
  5.4875  3.1623  0.9952  0.7064 27.5662
  3.6917  3.7723  0.9970  0.1901 34.0824
  5.2994  3.1336  0.9795  0.2678 27.2637
  5.0967  3.1358  0.9794  1.0407 27.2873
  5.1434  2.7692  0.9825  1.6296 23.4677
  5.5323  1.3423  0.9942  2.2990  9.5905
  4.7721  2.6588  0.9903  0.8412 22.3323
  5.2754  1.9810  0.9964  1.7447 15.5604
  5.4315  1.9154  0.9965  1.0608 14.9263
  5.5279  3.0390  0.9810  2.5633 26.2713
  4.6279  2.1848  0.9963  1.4488 17.5578
  5.6752  3.9379  0.9960  1.2806 35.8802
  4.9077  0.1028  0.9977  1.1744  0.4689
  4.5636  1.3078  0.9720  0.9353  9.2838
  4.7691  2.2595  0.9952  0.7878 18.2988
  4.4437  1.3883  0.9693  1.7838 10.0027
  5.2944  2.1483  0.9813  2.0071 17.1974
  6.1404  1.6619  0.9706  1.7106 12.5165
  4.3171  1.1491  0.9709  1.3237  7.8983
  5.1866  3.1550  0.9776  0.4045 27.4890
  5.0528  0.6535  0.9902  0.6048  3.9154
  4.5148  2.5040  0.9949  0.9338 20.7552
  4.9925  2.8340  0.9816  1.0273 24.1366
  5.4700  1.2906  0.9902  2.6824  9.1313
  5.1042  4.1413  0.9869  1.0762 38.1021
  4.1581  3.9572  0.9732  0.8631 36.0901
  5.2216  1.8827  0.9941  0.7740 14.6110
  4.7143  1.7185  0.9845  1.8375 13.0475
  5.1927  2.6578  0.9954  1.8468 22.3225
  5.3659  0.9003  0.9975  1.1771  5.8233
  5.2619  1.8838  0.9973  1.2793 14.6215
  5.7568  3.5356  0.9731  0.9845 31.5340
  4.9956  2.1593  0.9932  2.6298 17.3057
  4.9675  2.5848  0.9826  0.9928 21.5769
  6.0613  3.3279  0.9964  0.7779 29.3178
  5.2473  3.2573  0.9980  0.9310 28.5698
  4.9441  1.8754  0.9904  0.8379 14.5413
  4.8797  4.1825  0.9880  0.7175 38.5542
  5.2357  2.0855  0.9758  0.6424 16.5796
  5.1632  1.5385  0.9806  0.9982 11.3700
  4.9145  2.8290  0.9789  1.6493 24.0852
  5.3965  4.4715  0.9734  1.6610 41.7415
  5.3420  1.8921  0.9684  0.7372 14.7012
  5.4378  1.1789  0.9902  2.1913  8.1551
  5.8765  2.9960  0.9928  0.7438 25.8218
  4.8228  1.8902  0.9759  1.7310 14.6833
  5.1517  1.0709  0.9968  0.6991  7.2316
  5.4050  3.8981  0.9752  1.4164 35.4475
  4.9410  2.7953  0.9980  1.3840 23.7363
  4.8657  4.0515  0.9685  1.1109 37.1193
  5.0825  2.1896  0.9704  1.0435 17.6050
  5.1520  0.8270  0.9693  1.1442  5.2390
  4.9100  2.3268  0.9880  1.0576 18.9706
  4.1264  2.1474  0.9884  0.9255 17.1884
  5.9635  4.0040  0.9882  2.4519 36.6001
  4.9482  2.8822  0.9841  2.7809 24.6369
  4.3129  3.9266  0.9801  1.0116 35.7568
  5.7004  3.0629  0.9772  0.6203 26.5214
  5.2330  1.5431  0.9826  1.4618 11.4125
  5.1419  0.9500  0.9979  2.0712  6.2268
  3.6767  2.4874  0.9766  1.8183 20.5871
  3.6889  3.3215  0.9948  0.8908 29.2496
  6.2321  3.2209  0.9795  1.6212 28.1844
  5.3648  4.3384  0.9969  0.9898 40.2691
  4.3324  1.1733  0.9980  2.0673  8.1067
  5.1377  4.1851  0.9958  1.7161 38.5825
  5.1190  2.1974  0.9980  2.2793 17.6820
  5.1849  1.2679  0.9709  1.5812  8.9314
  4.4805  1.9770  0.9741  1.4748 15.5218
  4.7798  1.3778  0.9738  1.0455  9.9089
  5.0896  4.2304  0.9734  1.7776 39.0806
  4.9002  3.2598  0.9769  0.5587 28.5963
  4.4851  1.5636  0.9682  0.4944 11.6017
  3.5339  3.5692  0.9693  0.2127 31.8940
  5.6474  1.2562  0.9837  1.6490  8.8280
  5.1253  2.2448  0.9680  2.4715 18.1527
  5.2124  1.6291  0.9826  1.6275 12.2098
  5.5081  2.3378  0.9979  0.5329 19.0807
  6.0608  3.8568  0.9926  1.2319 34.9990
  5.2559  3.4043  0.9940  2.4256 30.1306
  5.0590  2.2759  0.9738  2.2261 18.4617
  4.6633  2.4696  0.9807  1.1849 20.4071
  5.8230  1.6500  0.9796  1.4826 12.4045
  3.8152  4.1151  0.9826  0.7379 37.8144
  4.5911  2.0196  0.9813  1.1323 15.9355
  5.1477  2.1668  0.9805  0.8587 17.3803
  5.2245  1.3143  0.9709  2.2501  9.3420
  4.4437  4.0960  0.9804  1.2446 37.6060
  3.7024  1.7112  0.9980  0.2881 12.9790
  5.4975  1.0357  0.9729  1.9299  6.9363
  5.2136  0.8737  0.9892  0.7973  5.6103
  6.2617  3.8547  0.9782  0.4449 34.9755
  5.5730  1.0824  0.9852  0.6513  7.3293
  4.3980  3.8702  0.9742  2.1842 35.1436
  5.4737  3.2266  0.9808  1.9607 28.2444
  4.8731  2.7750  0.9867  0.1746 23.5268
  5.3473  2.5210  0.9846  0.6622 20.9274
  4.8204  3.1495  0.9739  1.4274 27.4311
  4.8096  4.3930  0.9980  1.1015 40.8723
  5.9431  2.6637  0.9700  0.1620 22.3828
  5.2795  1.8563  0.9676  2.1634 14.3578
  4.1845  4.3612  0.9676  0.1366 40.5211
  5.1872  1.1150  0.9678  0.4935  7.6057
  5.4633  1.9542  0.9789  0.7276 15.3007
  5.4103  2.4732  0.9980  1.7123 20.4431
  5.6075  2.1624  0.9930  2.3067 17.3368
  4.7177  3.2512  0.9771  1.1977 28.5047
  5.2994  1.1253  0.9884  2.8641  7.6943
  5.4921  0.5542  0.9871  1.3415  3.2000
  4.5301  3.1128  0.9669  2.1824 27.0454
  5.2758  2.2974  0.9791  2.0211 18.6766
  6.0829  1.9229  0.9843  0.5965 14.9981
  5.1344  1.4777  0.9912  1.6655 10.8132
  5.3825  0.9643  0.9742  1.3142  6.3446
  4.9681  2.6668  0.9688  2.3331 22.4142
  5.5909  0.8587  0.9796  0.3499  5.4906
  5.2489  2.2120  0.9838  2.0654 17.8274
  5.0637  2.1302  0.9729  0.9981 17.0189
  5.2670  2.6005  0.9859  1.5097 21.7365
  4.7612  2.8246  0.9754  0.4581 24.0399
  4.8770  4.3001  0.9814  0.7104 39.8472
  5.0167  1.1510  0.9811  1.6611  7.9143
  4.8924  4.0834  0.9949  0.9047 37.4680
  4.7011  4.2446  0.9748  2.5842 39.2365
  5.4499  3.1547  0.9980  1.7187 27.4864
  4.9715  2.3864  0.9861  0.7771 19.5684
  5.8094  1.7727  0.9757  0.5698 13.5609
  6.8124  2.8021  0.7061  1.4031 23.8072
  4.7851  1.6233  0.9956  2.4106 12.1558
  4.8568  2.7813  0.9733  0.8034 23.5925
  5.2221  4.3774  0.9941  0.7270 40.7002
  5.4787  1.9514  0.9954  1.0178 15.2740
  5.3147  0.8228  0.9800  1.0625  5.2063
  5.4125  2.1981  0.9805  1.1329 17.6889
  4.6853  2.8496  0.9908  0.6651 24.2985
  4.0980  4.3905  0.9730  0.7061 40.8452
  5.8123  2.2928  0.9939  0.5993 18.6307
  3.7964  2.8100  0.9784  1.4337 23.8885
  5.2864  2.0899  0.9929  2.0629 16.6228
  5.4787  3.0583  0.9681  1.7801 26.4736
  4.7198  2.6482  0.9762  1.5925 22.2245
  5.8883  4.4795  0.9946  1.3191 41.8293
  5.2770  2.2531  0.9679  2.2103 18.2348
  5.1601  1.1173  0.9792  0.2395  7.6254
  5.1027  2.6804  0.9716  1.0548 22.5539
  4.7740  1.2596  0.9885  1.3704  8.8585
  5.2613  2.8450  0.9866  1.4627 24.2507
  5.4496  2.8052  0.9725  0.7071 23.8390
  5.3646  2.5432  0.9739  1.1829 21.1533
  5.5988  4.4720  0.9721  1.9898 41.7461
  4.7500  1.4544  0.9757  2.3896 10.6010
  4.3725  1.3062  0.9799  1.7121  9.2700
  5.1328  2.4896  0.9768  1.6375 20.6093
  5.0245  3.1709  0.9681  0.1678 27.6573
  4.4962  0.9113  0.9775  2.4021  5.9126
  4.2767  3.1574  0.9890  1.4346 27.5145
  5.4041  0.9596  0.9685  1.2277  6.3059
  5.2993  4.1477  0.9973  0.6653 38.1717
  5.1298  0.9712  0.9745  2.1410  6.4007
  4.9473  1.7873  0.9886  1.0441 13.6989
  5.5842  2.4296  0.9672  0.5830 20.0026
  5.5903  3.3108  0.9892  2.8104 29.1362
  4.3051  3.7145  0.9675  2.3558 33.4582
  5.4677  1.1672  0.9815  2.1605  8.0533
  5.2783  3.4001  0.9815  0.3272 30.0864
  4.8979  2.7826  0.9970  0.8372 23.6050
  4.8979  1.5986  0.9847  1.4694 11.9262
  4.9491  3.3561  0.9818  1.6123 29.6176
  4.2304  2.1145  0.9806  0.8598 16.8643
  4.6462  1.8625  0.9799  0.5874 14.4172
  6.5486  2.4344  0.7550  1.2308 20.0518
  5.3773  2.8926  0.9744  1.6787 24.7448
  4.3363  3.5801  0.9861  2.6405 32.0114
  5.2493  0.7468  0.9945  1.3604  4.6165
  5.6599  2.3087  0.9772  2.5846 18.7894
  4.6392  2.4521  0.9912  1.3295 20.2304
  6.2019  3.1155  0.9692  1.3358 27.0738
  5.2864  3.9595  0.9980  0.6177 36.1147
  5.6727  3.7311  0.9775  2.0905 33.6370
  5.6933  3.1343  0.9904  0.4157 27.2709
  4.2943  2.4440  0.9900  1.0507 20.1480
  5.3242  3.0494  0.9852  0.4522 26.3800
  5.1602  1.3209  0.9719  1.0866  9.4006
  6.2384  1.5738  0.9861  1.8755 11.6956
  5.7336  3.7516  0.9830  0.5176 33.8592
  5.6800  4.2555  0.9980  1.9107 39.3558
  5.3313  2.6541  0.9906  1.1064 22.2844
  4.9870  4.3568  0.9863  0.6232 40.4723
  4.8737  0.3714  0.9777  2.5135  1.9799
  5.5853  1.9490  0.9697  2.1422 15.2504
  4.8651  2.9490  0.9933  0.8337 25.3316
  4.6360  0.5568  0.9941  0.8500  3.2185
  5.3398  1.5738  0.9709  0.9311 11.6958
  5.5949  2.2429  0.9881  0.5727 18.1337
  5.9724  3.1722  0.9749  1.5293 27.6711
  5.5012  4.2298  0.9806  1.3628 39.0735
  5.3749  4.3858  0.9731  2.2448 40.7933
  3.7285  3.8373  0.9712  0.2174 34.7870
  4.4601  2.6455  0.9871  1.6386 22.1963
  4.7056  3.0972  0.9713  1.0576 26.8812
  4.4191  0.8346  0.9668  2.2841  5.2991
  4.7677  2.8002  0.9968  0.7784 23.7874
  4.1993  1.2339  0.9744  0.7583  8.6333
  6.1454  1.8379  0.9720  2.7650 14.1816
  3.6396  4.4509  0.9936  0.8322 41.5128
  5.0890  0.4825  0.9827  1.7607  2.7055
  5.0870  0.6499  0.9938  0.4100  3.8886
  4.3080  2.7223  0.9821  0.3569 22.9841
  3.7506  2.1403  0.9783  1.0396 17.1183
  5.3183  2.4511  0.9892  1.6582 20.2196
  4.4688  1.1586  0.9780  1.7846  7.9799
  4.0927  3.2106  0.9866  2.1657 28.0758
  4.8678  2.5362  0.9848  2.2370 21.0823
  5.2088  0.9788  0.9935  2.0996  6.4632
  4.4051  3.6212  0.9932  1.9565 32.4528
  5.7413  3.2444  0.9941  0.8436 28.4325
  5.1517  3.3907  0.9817  1.8499 29.9860
  4.9931  3.5848  0.9881  2.0260 32.0621
  3.8013  2.6840  0.9866  2.1293 22.5912
  4.6401  3.8439  0.9839  2.2113 34.8583
  4.4996  2.9322  0.9788  2.0737 25.1559
  4.5884  1.8675  0.9806  1.9872 14.4650
  5.2272  3.8326  0.9929  0.7276 34.7356
  4.9231  3.0245  0.9971  1.4081 26.1198
  5.1504  1.7309  0.9948  1.3551 13.1652
  4.9228  3.0274  0.9751  2.1500 26.1502
  4.6291  3.7621  0.9833  0.7415 33.9724
  4.8791  2.0420  0.9695  1.2511 16.1540
  5.0388  4.3164  0.9861  1.8064 40.0269
  5.4403  2.6693  0.9837  2.1204 22.4398
  3.7789  0.8616  0.9667  2.7802  5.5135
  4.0793  1.2758  0.9965  0.7248  9.0008
  4.0085  1.4800  0.9954  2.2130 10.8339
  4.7999  1.3711  0.9980  1.2170  9.8489
  4.9094  3.0845  0.9865  1.0394 26.7483
  5.0190  4.3630  0.9821  1.6442 40.5409
  5.7780  2.5384  0.9901  0.5488 21.1044
  5.1658  2.5304  0.9916  1.7665 21.0234
  5.6146  0.6492  0.9975  1.1846  3.8835
  5.2771  3.8496  0.9811  0.9350 34.9207
  5.1595  3.2435  0.9950  2.2346 28.4236
  5.0047  2.3311  0.9756  1.6016 19.0129
  5.2826  3.0444  0.9880  1.4317 26.3276
  4.7321  3.9636  0.9874  1.5231 36.1600
  4.4658  2.6716  0.9691  1.7999 22.4635
  4.7162  2.7321  0.9758  2.3059 23.0849
  4.7329  2.2202  0.9728  1.4909 17.9080
  5.2279  0.8281  0.9758  2.5900  5.2483
  4.4553  1.8294  0.9898  1.8284 14.1001
  5.7470  0.8021  0.9870  2.2025  5.0438
  5.8909  3.3628  0.9747  0.5364 29.6889
  5.1887  2.3849  0.9913  1.8658 19.5525
  6.1246  3.0450  0.9859  2.7190 26.3338
  6.0383  2.2300  0.9865  0.7474 18.0052
  6.1969  3.6278  0.9859  1.1102 32.5236
  5.4959  1.7933  0.9819  1.6119 13.7560
  5.4599  3.5459  0.9833  0.8637 31.6438
  5.5994  3.1673  0.9940  1.4181 27.6188
  5.4505  2.0447  0.9875  2.1028 16.1804
  5.2672  2.9158  0.9961  2.4158 24.9858
  5.3479  1.9836  0.9697  2.5949 15.5854
  3.9734  2.9295  0.9923  0.8932 25.1286
  5.3678  1.2219  0.9855  1.3960  8.5278
  5.8967  3.1664  0.9773  1.7137 27.6093
  6.5410  2.6076  0.9098  2.4959 21.8091
  5.3748  1.7929  0.9869  1.6125 13.7521
  5.5117  1.2449  0.9727  2.0789  8.7293
  4.5460  4.0982  0.9843  1.7637 37.6296
  5.6633  0.4106  0.9944  1.4279  2.2296
  4.7403  2.1714  0.9671  1.1760 17.4255
  5.1964  0.5021  0.9845  1.2845  2.8388
  4.9289  1.6244  0.9963  1.0591 12.1654
  5.0685  4.1356  0.9845  2.8739 38.0392
  4.8004  2.4671  0.9980  1.9614 20.3816
  4.8139  4.2318  0.9858  1.6181 39.0952
  4.7139  1.7337  0.9692  1.3577 13.1917
  5.3098  0.9981  0.9759  1.5327  6.6227
  6.0921  1.3950  0.9738  1.9681 10.0631
  6.1744  3.2894  0.9881  1.1939 28.9094
  4.3393  1.9685  0.9948  2.6029 15.4390
  4.4849  0.3343  0.9979  1.7768  1.7494
  4.2612  3.2556  0.9883  1.3389 28.5512
  4.4418  2.1986  0.9684  1.3588 17.6946
  6.1578  3.9520  0.9951  0.2675 36.0329
  5.3098  4.1376  0.9935  1.3928 38.0617
  4.7674  1.2905  0.9888  2.9163  9.1309
  5.1685  3.1277  0.9826  1.4803 27.2017
  5.2275  2.4963  0.9750  1.1312 20.6772
  5.2428  3.7023  0.9973  0.5390 33.3266
  4.3441  3.7016  0.9852  2.6203 33.3194
  3.8626  3.7908  0.9915  0.5719 34.2833
  5.1207  1.4499  0.8491  0.8794 10.5600
  5.3173  1.3482  0.9841  1.5721  9.6438
  6.5537  2.7909  0.8049  1.3348 23.6911
  5.2726  0.9309  0.9841  0.8835  6.0709
  5.4781  3.2591  0.9960  0.9949 28.5884
  4.5851  2.2238  0.9980  2.0583 17.9444
  4.4898  1.4165  0.9853  2.6635 10.2569
  5.4795  2.6737  0.9681  0.8843 22.4852
  5.8784  3.3017  0.9857  1.2625 29.0403
  5.0595  1.3790  0.9886  2.4450  9.9193
  4.7891  1.2902  0.9778  0.8543  9.1283
  5.1599  2.0551  0.9980  0.8636 16.2820
  5.9960  3.3446  0.9974  2.4989 29.4957
  6.4091  2.9989  0.9830  0.8883 25.8514
  5.2468  1.6270  0.9980  1.6017 12.1901
  5.7359  3.2698  0.9818  1.2581 28.7018
  4.3201  2.0278  0.9742  2.3215 16.0158
  5.0079  4.2622  0.9683  1.7356 39.4297
  5.0973  4.3713  0.9770  0.0930 40.6328
  5.1969  0.1961  0.9953  0.8325  0.9498
  6.0505  3.9321  0.9911  1.4921 35.8173
  4.5385  4.4592  0.9940  1.4344 41.6051
  4.7447  1.7644  0.9753  0.4617 13.4823
  4.8459  3.6406  0.9858  1.7080 32.6617
  5.1240  2.8068  0.9893  0.9814 23.8554
  4.2214  3.5083  0.9723  2.4084 31.2411
  5.2996  0.8082  0.9917  1.1046  5.0918
  3.8025  2.1563  0.9840  0.9392 17.2764
  5.9800  3.7435  0.9718  1.6102 33.7717
  5.6709  2.7504  0.9671  1.1653 23.2734
  3.8963  0.6780  0.9855  1.1196  4.0968
  5.4688  2.8709  0.9751  0.6099 24.5194
  5.0783  1.7978  0.9905  2.0794 13.7992
  4.4254  1.5214  0.9700  2.2084 11.2127
  4.9297  3.8520  0.9711  0.6493 34.9464
  4.7888  2.8589  0.9804  0.9907 24.3945
  5.2007  2.1186  0.9702  0.9157 16.9047
  5.3503  2.9414  0.9821  0.2135 25.2516
  5.7749  1.1897  0.9894  1.8338  8.2484
  5.5970  1.2418  0.9692  0.8809  8.7020
  4.8298  3.3601  0.9721  1.5334 29.6601
  5.0798  1.3106  0.9835  0.6078  9.3088
  4.8436  1.3111  0.9765  1.2692  9.3132
  5.4785  2.1799  0.9842  0.3803 17.5096
  5.1534  0.8786  0.9694  0.7576  5.6495
  4.0294  1.4623  0.9912  0.2535 10.6729
  5.2120  2.6238  0.9877  1.3504 21.9742
  5.5778  4.1801  0.9765  1.0056 38.5273
  4.4712  4.0398  0.9685  1.7546 36.9907
  4.8769  4.3542  0.9980  2.0072 40.4442
  5.2066  1.6305  0.9862  1.2389 12.2225
  4.4368  3.6294  0.9687  1.4316 32.5409
  5.2554  2.3392  0.9694  1.6847 19.0948
  5.6096  0.8873  0.9672  3.0754  5.7192
  4.7554  3.0619  0.9798  0.5982 26.5109
  5.4193  3.5574  0.9813  1.9032 31.7672
  5.2406  4.0154  0.9717  0.7552 36.7242
  5.1253  0.6148  0.9905  0.2005  3.6324
  3.5104  2.9320  0.9917  0.8227 25.1539
  5.0611  2.0354  0.9942  0.5021 16.0897
  5.4725  0.8926  0.9980  1.2921  5.7619
  4.9966  4.1096  0.9872  0.7160 37.7547
  5.3390  1.4048  0.9723  1.3551 10.1515
  4.8116  2.9711  0.9707  1.9814 25.5619
  5.2139  3.0813  0.9695  0.9234 26.7141
  3.8712  3.4552  0.9822  1.0440 30.6737
  4.4885  2.4930  0.9830  0.8303 20.6437
  5.7051  2.4739  0.9943  0.6075 20.4507
  5.3985  1.1793  0.9880  1.4879  8.1584
  5.3492  1.2944  0.9848  0.6370  9.1648
  5.3531  2.4810  0.9847  0.2219 20.5220
  6.6768  1.2738  0.8999  0.6368  8.9837
  5.7508  3.7385  0.9689  2.6396 33.7171
  5.3013  3.5868  0.9872  0.3466 32.0826
  5.4014  1.1748  0.9942  0.6379  8.1189
  4.7169  2.4916  0.9925  0.4112 20.6294
  5.6216  0.8079  0.9980  0.6812  5.0897
  5.2241  3.0193  0.9803  2.0062 26.0648
  4.8068  3.1921  0.9790  1.0465 27.8807
  6.1590  2.4880  0.9827  1.8549 20.5930
  5.1382  2.8333  0.9818  1.7191 24.1294
  4.0424  3.6506  0.9676  1.2968 32.7688
  5.0763  2.8283  0.9751  1.6343 24.0782
  5.2129  4.3708  0.9980  0.8061 40.6276
  5.1159  0.6505  0.9725  2.4639  3.8933
  5.3102  4.1962  0.9964  0.2419 38.7038
  5.7765  1.3344  0.9690  1.5883  9.5202
  4.4018  1.5144  0.9760  0.0719 11.1483
  5.3590  2.9453  0.9851  1.6463 25.2922
  5.5492  2.2943  0.9702  2.0851 18.6454
  5.2973  3.7914  0.9800  2.5946 34.2898
  5.0452  1.6118  0.9706  1.3168 12.0485
  4.6425  2.3262  0.9691  2.4941 18.9639
  5.3876  2.5413  0.9667  0.5970 21.1341
  4.4478  3.4922  0.9784  2.0141 31.0693
  4.8317  2.6527  0.9980  2.6058 22.2704
  4.9822  3.7755  0.9951  0.0825 34.1169
  5.2565  2.1586  0.9922  2.2447 17.2993
  5.1787  1.6637  0.9980  1.1644 12.5325
  4.3226  3.1075  0.9920  2.3263 26.9893
  5.4965  2.4105  0.9886  0.6554 19.8106
  4.8000  1.4031  0.9822  3.0363 10.1361
  5.2697  2.4717  0.9936  0.9028 20.4285
  5.2143  3.8161  0.9912  0.8725 34.5572
  5.0805  3.3864  0.9735  2.1345 29.9397
  5.3375  2.0574  0.9839  2.9590 16.3045
  5.4967  3.7276  0.9911  2.3047 33.5993
  5.2774  1.0575  0.9685  0.8772  7.1188
  5.5270  4.1899  0.9825  1.5882 38.6354
  4.5159  0.7093  0.9853  1.8820  4.3317
  4.6430  2.2826  0.9972  1.2775 18.5285
  4.8101  1.2041  0.9797  0.6041  8.3729
  5.4940  3.4605  0.9847  2.2023 30.7305
  5.4678  1.4931  0.9967  2.3152 10.9531
  6.5790  1.2821  0.8811  2.1210  9.0561
  5.2239  2.5780  0.9901  0.5415 21.5076
  5.1486  1.0846  0.9768  2.2536  7.3477
  4.7418  1.9239  0.9891  1.5498 15.0082
  4.7924  1.6841  0.9845  0.5526 12.7245
  6.6263  1.6696  0.6786  1.1311 12.5886
  4.0154  1.7682  0.9746  2.0125 13.5176
  6.4601  3.4954  0.9207  1.2349 31.1034
  5.3897  4.3815  0.9804  0.8091 40.7457
  4.8926  1.4151  0.9779  1.4349 10.2446
  3.7228  1.1943  0.9854  2.8252  8.2885
  4.0964  3.5901  0.9794  2.4927 32.1187
  5.6704  1.4111  0.9928  0.9714 10.2087
  6.0339  3.0550  0.9861  2.0168 26.4383
  5.4467  1.5972  0.9693  1.8750 11.9128
  4.9664  3.3094  0.9714  1.0263 29.1217
  4.4994  0.9873  0.9796  1.3851  6.5335
  5.2714  2.2227  0.9908  2.4160 17.9336
  5.0668  3.3832  0.9882  1.7485 29.9062
  4.6142  4.4499  0.9672  2.6125 41.5016
  3.6300  3.5533  0.9932  1.6667 31.7236
  3.9159  2.0641  0.9980  0.7935 16.3704
  5.3335  4.2488  0.9980  1.7157 39.2822
  4.9143  2.9894  0.9968  0.7233 25.7527
  4.7469  1.5048  0.9742  2.3859 11.0605
  5.2855  2.5783  0.9865  1.0813 21.5098
  5.6990  0.3343  0.9908  1.5835  1.7489
  5.4572  1.5784  0.9825  0.5083 11.7381
  5.2039  1.6684  0.9980  1.4980 12.5772
  3.8965  3.0596  0.9799  1.4150 26.4871
  4.7146  2.6986  0.9845  0.5450 22.7410
  4.0749  1.0779  0.9827  2.0976  7.2908
  4.1598  1.3156  0.9797  0.5284  9.3529
  4.1670  2.4961  0.9757  1.5218 20.6753
  4.5052  3.4085  0.9782  0.9744 30.1756
  5.0968  3.3607  0.9913  1.3524 29.6665
  4.8335  0.8927  0.9891  1.4177  5.7626
  5.3051  2.2326  0.9678  1.4226 18.0312
  6.5193  3.3320  0.9746  1.7412 29.3618
  6.6461  2.0424  0.9980  1.2683 16.1587
  5.0059  3.0310  0.9980  1.2560 26.1871
  5.1527  2.3467  0.9980  2.0599 19.1699
  6.1693  1.8994  0.9695  0.9057 14.7717
  5.4928  4.3305  0.9946  2.0599 40.1822
  5.6865  3.7544  0.9944  2.6224 33.8887
  4.9391  4.0606  0.9744  0.3218 37.2181
  5.1867  0.9862  0.9749  1.1413  6.5245
  5.2154  2.1818  0.9743  1.7655 17.5281
  5.8779  2.5675  0.9980  0.5833 21.4004
  5.8592  1.9741  0.9690  1.5016 15.4934
  5.4240  0.8798  0.9668  2.2060  5.6587
  4.8883  1.2026  0.9962  1.0802  8.3604
  5.7458  1.9433  0.9837  1.1418 15.1953
  5.0095  3.9522  0.9927  2.4050 36.0353
  5.0938  3.0414  0.9859  0.3050 26.2968
  5.4369  4.4374  0.9973  1.4176 41.3636
  5.7303  2.2808  0.9865  0.9643 18.5110
  5.5577  3.4509  0.9757  1.1935 30.6276
  5.1706  2.6128  0.9960  2.1239 21.8624
  6.1315  3.2539  0.9679  1.7908 28.5340
  5.1128  1.6880  0.9971  2.1059 12.7609
  5.3080  2.6232  0.9745  0.9462 21.9687
  5.5668  3.0937  0.9902  1.7239 26.8451
  5.3836  2.9049  0.9980  0.3383 24.8719
  5.2461  4.3389  0.9737  1.0136 40.2746
  5.5167  0.9015  0.9842  0.3451  5.8329
  5.3516  1.5589  0.9778  0.5852 11.5581
  4.7501  1.7065  0.9886  2.5615 12.9346
  5.2895  3.7341  0.9719  0.4302 33.6701
  5.6549  2.5955  0.9956  0.9053 21.6858
  4.7977  1.4023  0.9836  0.7393 10.1288
  4.7224  3.1340  0.9799  2.4114 27.2681
  5.5737  1.6741  0.9851  1.9559 12.6300
  5.8687  3.5832  0.9852  0.9631 32.0445
  5.3246  3.0604  0.9804  0.6909 26.4949
  5.5172  3.1476  0.9773  0.9969 27.4112
  3.9730  2.0736  0.9738  0.2222 16.4633
  5.3134  1.0930  0.9708  3.0891  7.4190
  4.5561  1.0101  0.9836  0.7042  6.7224
  4.8670  1.9776  0.9766  1.7710 15.5278
  5.4789  3.5241  0.9767  2.3627 31.4104
  6.3616  1.2595  0.9980  2.3113  8.8578
  5.2043  0.7818  0.9969  0.9719  4.8861
  5.2087  1.4788  0.9796  1.7934 10.8228
  4.8682  1.7562  0.9844  0.5015 13.4045
  5.4777  3.1730  0.9707  0.7577 27.6792
  5.4221  1.8691  0.9953  0.3872 14.4810
  6.7993  3.7067  0.7261  1.5856 33.3740
  5.0384  0.6096  0.9771  1.9982  3.5951
  4.9869  2.8768  0.9761  2.5782 24.5804
  5.5982  3.3157  0.9746  1.1783 29.1880
  5.3034  1.6342  0.9851  1.6976 12.2569
  5.0510  3.9963  0.9980  1.1131 36.5164
  5.5026  1.6925  0.9681  1.6805 12.8033
  5.5841  1.8196  0.9811  0.1816 14.0070
  3.7739  0.7334  0.9844  1.1009  4.5142
  5.2230  1.2604  0.9829  0.8003  8.8657
  4.8847  3.0011  0.9700  0.4130 25.8752
  5.2014  3.2967  0.9799  0.4564 28.9870
  4.7699  1.5107  0.9697  1.1742 11.1145
  5.2647  2.3481  0.9952  0.6008 19.1840
  4.8410  1.8425  0.9855  0.6409 14.2254
  6.2787  1.8259  0.9704  1.4403 14.0668
  6.7959  1.1242  0.6818  1.1996  7.6842
  5.2249  2.8257  0.9734  1.1390 24.0504
  4.9750  2.9139  0.9958  0.8713 24.9662
  6.5995  2.8029  0.8144  0.1527 23.8152
  5.1147  1.4067  0.9932  0.9796 10.1690
  5.2624  2.0444  0.9961  2.1854 16.1777
  5.1644  1.0879  0.9834  0.6288  7.3759
  5.5883  1.9532  0.9685  0.8733 15.2915
  4.2748  4.3017  0.9885  0.8783 39.8647
  5.2759  1.7653  0.9880  0.5655 13.4902
  5.1464  1.7371  0.9953  0.9050 13.2238
  4.6590  3.9255  0.9751  1.1214 35.7453
  4.8276  1.7776  0.9684  2.2553 13.6074
  6.5482  1.6817  0.9912  0.9435 12.7019
  4.7861  3.1639  0.9937  1.0206 27.5833
  4.6210  0.6310  0.9738  1.1609  3.7504
  5.0156  1.9519  0.9713  1.6998 15.2784
  6.8940  2.4142  0.4757  2.2998 19.8478
  5.3108  1.7998  0.9888  1.3591 13.8179
  4.3864  1.5256  0.9916  1.2089 11.2511
  5.9608  4.2174  0.9884  2.2661 38.9373
  4.5776  4.3567  0.9704  1.4171 40.4715
  5.0746  4.3944  0.9684  0.1844 40.8884
  5.2355  1.8419  0.9820  2.1024 14.2202
  5.6216  0.9589  0.9861  0.4180  6.3001
  5.2951  1.6176  0.9683  0.8859 12.1025
  4.2022  1.1777  0.9729  2.3288  8.1447
  3.9633  0.8251  0.9706  0.3664  5.2246
  5.6541  3.1817  0.9839  0.4381 27.7704
  3.5417  3.3507  0.9831  1.0359 29.5598
  5.2313  1.0915  0.9853  1.6865  7.4060
  4.6595  3.4734  0.9755  2.3521 30.8681
  5.8977  1.1754  0.9856  0.7798  8.1243
  5.1000  3.2685  0.9820  2.7875 28.6882
  5.5285  3.0004  0.9818  1.7242 25.8678
  4.9800  2.2997  0.9964  1.4537 18.6994
  5.0869  3.3451  0.9745  2.1167 29.5009
  4.9607  3.6391  0.9899  1.9988 32.6451
  3.8088  3.4472  0.9777  0.8835 30.5884
  5.2074  2.2522  0.9904  0.8747 18.2266
  4.9171  1.0162  0.9837  0.8876  6.7731
  4.3324  2.4350  0.9901  1.1163 20.0573
  6.8525  3.4791  0.4421  1.7314 30.9293
  4.9724  3.3373  0.9693  2.9277 29.4180
  5.7731  1.8734  0.9795  1.6891 14.5223
  5.6253  2.9083  0.9674  0.7381 24.9076
  4.4453  2.0909  0.9786  2.2121 16.6331
  4.2475  1.6547  0.9825  1.3487 12.4490
  6.4465  3.3089  0.9792  1.4508 29.1161
  5.0602  0.8801  0.9823  2.3751  5.6608
  5.4572  3.6765  0.9811  1.0219 33.0487
  5.2818  2.4134  0.9963  2.7544 19.8395
  6.8853  2.0728  0.4734  2.1245 16.4557
  3.9735  4.2232  0.9914  0.7724 39.0008
  4.4485  1.5911  0.9691  1.7579 11.8562
  5.6937  1.9892  0.9731  0.6033 15.6406
  4.9838  2.7325  0.9694  0.8314 23.0892
  5.3177  0.7829  0.9927  1.2562  4.8946
  4.8339  2.7693  0.9980  2.7963 23.4682
  5.1408  2.1408  0.9980  1.1779 17.1236
  4.0289  1.4238  0.9887  2.2723 10.3230
  5.5810  3.7933  0.9908  1.5648 34.3105
  3.9227  0.4636  0.9823  2.7599  2.5783
  5.0809  3.9708  0.9803  0.8065 36.2380
  5.7559  2.3649  0.9869  2.0892 19.3519
  4.7652  3.2322  0.9764  0.5955 28.3037
  5.0386  3.2305  0.9980  1.7868 28.2864
  6.2342  2.2976  0.9926  1.0688 18.6785
  5.4567  2.3358  0.9851  0.4192 19.0609
  3.6721  1.1606  0.9869  0.7739  7.9963
  5.5558  1.2810  0.9943  1.3786  9.0472
  4.3432  4.4579  0.9893  2.7214 41.5898
  5.5740  3.3640  0.9772  2.4087 29.7014
  5.0975  0.6052  0.9901  0.3976  3.5633
  6.1215  0.8482  0.9805  1.3794  5.4068
  5.1495  2.3961  0.9775  0.8626 19.6657
  5.6352  1.0485  0.9888  1.4913  7.0437
  5.2689  2.4735  0.9905  1.7778 20.4459
  6.1246  3.9261  0.9743  0.6173 35.7518
  5.2111  4.4676  0.9866  1.2588 41.6974
  4.7096  2.6763  0.9817  1.6237 22.5120
  6.0108  1.4048  0.9806  1.2768 10.1512
  5.1121  2.6679  0.9810  0.6134 22.4261
  5.1065  2.2422  0.9869  0.9964 18.1263
  5.7398  1.4277  0.9840  2.0967 10.3583
  3.9648  2.1922  0.9955  1.4618 17.6306
  4.4534  3.1297  0.9733  1.4241 27.2234
  5.2460  2.5492  0.9978  2.3011 21.2141
  4.9551  4.2718  0.9752  2.9280 39.5357
  4.8754  3.0651  0.9668  1.9555 26.5444
  5.0897  3.2037  0.9980  2.3575 28.0028
  4.3806  1.3037  0.9949  1.9105  9.2478
  5.6297  0.8354  0.9726  2.6613  5.3056
  4.9046  2.5311  0.9736  0.2815 21.0297
  4.6767  3.7252  0.9891  1.9818 33.5736
  4.5109  2.1446  0.9670  1.4146 17.1609
  5.0602  3.5208  0.9857  0.4915 31.3753
  5.3460  2.3373  0.9899  2.1801 19.0751
  5.5006  0.6500  0.9747  1.8342  3.8896
  5.9841  2.8005  0.9669  1.0227 23.7904
  4.9393  1.5680  0.9851  1.2414 11.6426
  5.7637  3.0731  0.9980  0.6781 26.6281
  5.3448  2.5083  0.9767  1.0738 20.7988
  6.1650  1.3123  0.9817  1.3734  9.3238
  5.8712  4.2152  0.9905  0.0738 38.9125
  5.2744  2.9684  0.9718  1.1087 25.5333
  4.6095  0.9183  0.9823  0.4067  5.9691
  5.4086  0.9999  0.9925  1.0292  6.6379
  5.1030  1.4278  0.9755  0.1996 10.3592
  5.0129  4.2029  0.9745  1.6726 38.7779
  5.2498  3.1176  0.9792  2.4022 27.0960
  6.7561  2.2808  0.6410  0.3549 18.5111
  4.9054  0.6106  0.9722  1.8083  3.6025
  5.3599  3.9581  0.9739  1.7101 36.0996
  5.1307  3.1135  0.9903  2.1766 27.0531
  5.0828  2.7448  0.9810  0.4704 23.2153
  5.5501  2.3270  0.9852  1.9821 18.9720
  5.2660  3.6168  0.9828  1.7883 32.4052
  5.3267  2.0753  0.9723  0.5562 16.4798
  6.3696  4.1218  0.9884  0.2960 37.8883
  5.3828  4.1154  0.9949  1.5911 37.8180
  6.0520  2.2892  0.9785  1.8111 18.5949
  4.7020  2.6486  0.9859  1.0140 22.2281
  4.8365  1.6553  0.9700  1.2749 12.4547
  5.6482  1.6981  0.9675  1.1611 12.8560
  4.0896  1.4724  0.9745  2.1050 10.7643
  5.2324  1.5757  0.9795  1.8463 11.7132
  4.3882  3.8835  0.9674  1.1653 35.2889
  4.5591  1.4551  0.9683  0.7511 10.6067
  6.1539  3.6012  0.9914  0.5241 32.2380
  5.5408  3.2371  0.9901  2.1285 28.3556
  5.3165  3.4707  0.9845  0.2475 30.8398
  4.7453  3.3922  0.9980  1.0160 30.0019
  5.3433  3.7636  0.9871  1.8684 33.9888
  5.2774  2.6731  0.9794  0.8550 22.4796
  5.6627  3.5959  0.9750  0.9038 32.1812
  4.5148  2.4182  0.9862  0.3892 19.8875
  4.7676  2.1329  0.9856  1.1864 17.0456
  4.5547  1.9392  0.9959  0.2665 15.1557
  5.1231  3.3362  0.9786  2.1220 29.4059
  5.9363  3.6379  0.9729  1.5608 32.6326
  4.2076  1.0080  0.9814  1.1067  6.7051
  5.8124  2.2579  0.9865  1.6645 18.2834
  5.3928  2.9541  0.9873  0.4159 25.3848
  5.7200  3.2715  0.9919  1.9114 28.7195
  4.8285  3.5059  0.9980  0.8777 31.2160
  5.9341  1.2779  0.9943  1.2509  9.0190
  4.4862  3.6433  0.9829  0.5797 32.6910
  5.8445  2.5421  0.9788  0.9483 21.1422
  5.4532  3.6334  0.9803  1.3830 32.5840
  5.8645  2.0462  0.9896  0.8560 16.1952
  4.5860  2.4291  0.9716  1.2723 19.9979
  5.1419  3.8733  0.9798  0.4650 35.1779
  5.9107  2.1827  0.9711  1.5789 17.5366
  6.0985  2.7799  0.9791  0.8903 23.5779
  6.7360  2.1342  0.6538  2.1180 17.0585
  6.1190  4.0112  0.9690  1.3697 36.6787
  5.4211  2.0583  0.9897  0.8799 16.3139
  4.6923  2.1923  0.9885  0.6773 17.6319
  5.7494  1.5567  0.9679  0.8949 11.5375
  3.5960  2.1689  0.9853  0.2226 17.4004
  4.9019  1.4785  0.9980  0.8481 10.8201
  4.6003  1.0386  0.9667  0.3629  6.9607
  4.7446  2.9311  0.9752  0.6626 25.1449
  4.0385  3.6739  0.9811  0.1794 33.0199
  5.4520  3.6065  0.9956  0.5130 32.2946
  5.2788  2.1202  0.9673  2.1109 16.9207
  5.5813  3.7905  0.9865  1.3701 34.2795
  4.3065  2.6255  0.9713  2.7261 21.9915
  4.7554  3.2853  0.9849  0.6562 28.8666
  5.1854  4.0257  0.9959  1.6340 36.8370
  4.9048  1.1928  0.9676  0.6882  8.2750
  4.7392  2.5496  0.9872  0.1067 21.2178
  4.6907  0.1920  0.9809  1.1017  0.9277
  5.3419  1.9545  0.9811  2.2825 15.3032
  4.8694  2.2560  0.9722  1.2720 18.2640
  4.9143  3.2732  0.9931  1.6570 28.7376
  4.9316  2.4319  0.9689  0.7028 20.0263
  6.1856  2.3602  0.9849  2.1498 19.3051
  4.8909  2.8675  0.9856  0.3720 24.4841
  4.2948  3.5634  0.9980  1.1517 31.8321
  5.6166  3.6566  0.9715  1.9142 32.8340
  4.3885  0.7185  0.9980  1.4913  4.4013
  4.8997  3.1579  0.9759  0.7751 27.5200
  5.7428  2.2791  0.9980  0.1313 18.4938
  5.1103  4.2143  0.9885  1.4351 38.9030
  5.4898  1.8339  0.9687  1.9213 14.1433
  5.2865  1.4490  0.9807  1.1141 10.5512
  4.8257  1.0892  0.9870  1.5092  7.3868
  5.1810  1.1941  0.9832  0.7420  8.2860
  6.6389  1.9752  0.8199  0.5458 15.5042
  6.0695  0.3664  0.9727  1.7385  1.9479
  5.1212  2.4936  0.9721  0.3272 20.6500
  4.4579  2.7919  0.9776  1.5893 23.7017
  4.9316  2.8792  0.9921  1.1951 24.6048
  5.0428  3.1786  0.9849  1.2236 27.7386
  5.5924  2.0016  0.9963  0.7590 15.7611
  4.5890  2.9824  0.9798  1.9463 25.6800
  5.1285  3.3043  0.9680  0.4667 29.0676
  3.6665  2.6261  0.9771  1.2777 21.9976
  5.3306  1.9614  0.9980  1.3247 15.3700
  5.3231  3.2271  0.9688  1.8539 28.2504
  5.1276  2.2492  0.9919  1.0963 18.1966
  5.6284  0.4282  0.9869  1.1437  2.3445
  4.7115  2.7687  0.9970  2.2279 23.4623
  5.5365  2.0204  0.9812  0.8018 15.9439
  4.7571  4.0552  0.9803  2.0748 37.1590
  5.6152  2.2701  0.9879  0.6456 18.4048
  6.0329  0.9304  0.9942  3.1350  6.0671
  4.7775  1.8890  0.9976  2.1672 14.6722
  4.4248  2.3424  0.9794  0.8731 19.1269
  5.2082  4.3318  0.9758  0.8468 40.1970
  5.4727  1.2892  0.9825  2.5490  9.1194
  5.7154  1.7287  0.9840  1.6285 13.1443
  5.3675  4.1838  0.9783  0.8335 38.5679
  4.5735  2.5027  0.9852  2.5262 20.7421
  5.1374  4.0458  0.9884  1.1899 37.0568
  5.4055  2.7417  0.9952  1.6742 23.1841
  4.9787  4.0229  0.9691  2.6099 36.8066
  5.0682  1.1914  0.9696  0.6716  8.2629
  4.2332  1.5964  0.9739  0.1683 11.9055
  5.0822  3.5541  0.9713  2.1773 31.7326
  5.6016  4.2435  0.9758  2.0864 39.2245
  6.3672  2.5434  0.9887  2.1384 21.1554
  4.4640  1.0057  0.9967  1.0360  6.6863
  4.1287  3.8314  0.9860  1.2189 34.7233
  5.1783  3.9293  0.9806  0.9960 35.7860
  4.7063  2.1420  0.9868  0.2509 17.1352
  4.9143  1.8835  0.9682  0.7841 14.6185
  5.2884  3.6244  0.9814  1.0778 32.4870
  4.4064  3.2228  0.9871  0.5267 28.2042
  4.5496  2.5394  0.9925  0.9167 21.1144
  4.9739  2.8010  0.9734  0.9977 23.7959
  5.4542  1.6500  0.9962  0.9581 12.4047
  4.7250  1.4387  0.9977  2.0965 10.4583
  5.4509  4.0775  0.9688  0.9819 37.4028
  5.1865  0.8875  0.9903  0.8911  5.7209
  5.6555  3.5925  0.9760  1.2465 32.1442
  5.1380  1.9451  0.9944  1.8917 15.2128
  3.8754  1.1260  0.9916  2.3002  7.7000
  5.2008  3.0620  0.9730  1.6343 26.5127
  5.6264  1.6505  0.9786  2.4463 12.4095
  5.2188  1.6717  0.9740  0.6935 12.6074
  6.0963  4.0377  0.9881  2.2772 36.9680
  5.2473  1.6843  0.9670  0.6160 12.7257
  5.2193  1.7204  0.9923  2.3036 13.0655
  4.7766  2.3225  0.9702  1.5893 18.9277
  5.9519  3.0877  0.9946  1.4590 26.7813
  5.2671  1.4328  0.9968  0.8801 10.4045
  5.0765  3.7887  0.9923  0.9955 34.2600
  4.5648  2.9140  0.9891  1.1424 24.9668
  5.6750  1.2613  0.9711  0.5724  8.8734
  4.7885  3.7243  0.9867  0.8332 33.5645
  4.5287  4.4875  0.9897  1.3661 41.9181
  5.0657  2.3216  0.9699  0.9629 18.9179
  4.6001  3.8226  0.9709  0.8215 34.6275
  5.5943  0.6632  0.9832  1.1599  3.9871
  5.1024  1.2329  0.9789  2.2025  8.6241
  6.2885  3.3531  0.9963  1.4168 29.5860
  6.0315  0.9750  0.9928  1.9998  6.4326
  4.8461  2.9434  0.9963  1.1735 25.2730
  3.6790  2.1475  0.9910  0.7385 17.1895
  4.8536  2.7931  0.9980  2.0754 23.7141
  3.5006  0.6876  0.9781  1.4624  4.1684
  5.5527  2.4645  0.9805  0.5456 20.3553
  5.8197  2.8657  0.9803  1.2315 24.4651
  4.2917  1.4609  0.9956  2.4829 10.6593
  4.8636  1.9381  0.9973  1.9531 15.1446
  5.1428  1.6880  0.9682  0.5653 12.7606
  5.4345  0.7879  0.9717  0.6810  4.9334
  5.0484  3.7421  0.9672  2.3522 33.7567
  5.3695  0.9419  0.9791  1.5288  6.1610
  5.3453  2.3450  0.9668  0.3507 19.1526
  5.8870  4.3829  0.9764  1.4749 40.7605
  4.3078  4.2298  0.9969  1.6850 39.0730
  5.0970  4.1010  0.9872  1.5554 37.6610
  5.1610  2.5610  0.9740  1.0962 21.3342
  5.4361  4.3984  0.9711  0.4716 40.9325
  5.6397  2.3603  0.9779  1.0304 19.3056
  5.1439  1.6568  0.9897  1.9283 12.4687
  5.4671  1.8126  0.9941  1.0529 13.9401
  5.5570  2.0421  0.9779  1.4348 16.1557
  5.3932  2.6459  0.9754  1.1834 22.2009
  3.5034  3.9744  0.9739  2.5697 36.2779
  4.8032  2.7931  0.9685  1.4888 23.7139
  4.8022  3.9976  0.9926  0.4275 36.5304
  3.9572  1.1031  0.9935  0.9421  7.5048
  5.4367  2.3791  0.9717  0.4364 19.4947
  5.2597  3.5014  0.9694  1.2587 31.1677
  5.5783  2.6684  0.9855  2.5492 22.4306
  5.4448  2.3998  0.9769  0.8607 19.7033
  5.5678  3.5113  0.9808  1.0254 31.2735
  4.0919  3.0266  0.9814  0.9989 26.1413
  3.9621  1.5051  0.9980  2.0363 11.0635
  4.5765  3.1949  0.9946  1.3774 27.9099
  5.4602  3.7095  0.9670  1.2148 33.4040
  5.9099  2.4591  0.9979  0.7698 20.3007
  5.9979  3.2405  0.9727  1.5276 28.3920
  5.9758  4.4720  0.9831  1.0257 41.7461
  5.0171  2.6705  0.9745  2.0231 22.4521
  4.6174  2.8803  0.9936  2.2900 24.6164
  4.9204  1.5416  0.9756  0.2712 11.3986
  4.3343  2.2938  0.9961  1.5240 18.6403
  5.8936  2.1463  0.9689  1.1129 17.1773
  5.3384  3.0944  0.9792  0.3607 26.8519
  4.2187  1.4634  0.9877  1.2020 10.6824
  4.3721  3.4728  0.9685  1.1407 30.8616
  4.1367  3.5166  0.9724  2.5856 31.3299
  6.2690  3.9722  0.9686  2.1350 36.2536
  5.2628  2.6885  0.9822  1.5391 22.6368
  4.7055  1.1450  0.9838  0.7990  7.8631
  5.5742  3.8987  0.9710  0.2954 35.4539
  5.3627  2.7045  0.9980  1.3572 22.8011
  4.7673  2.9883  0.9718  2.2066 25.7409
  4.7245  3.1576  0.9747  2.1213 27.5171
  6.0884  4.3943  0.9831  2.4800 40.8868
  4.7949  1.1116  0.9762  0.4084  7.5766
  5.4445  3.3169  0.9969  1.8777 29.2012
  4.8678  4.4839  0.9670  1.6361 41.8786
  5.3288  4.0252  0.9931  0.6093 36.8312
  5.5412  2.8924  0.9921  0.9450 24.7427
  4.8145  3.9346  0.9678  1.0347 35.8440
  5.0874  1.7548  0.9761  0.7450 13.3913
  5.1701  1.3498  0.9803  2.7479  9.6575
  6.0306  2.7619  0.9839  1.0886 23.3916
  4.9238  3.8349  0.9980  0.9287 34.7604
  5.1414  3.7259  0.9790  1.6465 33.5813
  5.2080  2.4020  0.9923  1.0173 19.7249
  5.1956  1.9522  0.9670  1.8403 15.2813
  3.7921  2.6565  0.9872  0.9438 22.3093
  4.5942  2.5247  0.9816  0.4731 20.9653
  5.4359  2.3234  0.9921  1.4546 18.9361
  5.8949  2.1756  0.9852  1.1892 17.4670
  4.6804  1.4519  0.9858  0.6905 10.5784
  5.5939  1.6780  0.9771  0.9657 12.6667
  6.1765  1.9115  0.9776  1.9661 14.8885
  3.7034  2.2986  0.9840  1.6564 18.6889
  4.4231  4.2003  0.9925  1.3632 38.7491
  5.5268  1.5216  0.9927  0.8613 11.2145
  5.8706  2.2118  0.9898  0.3335 17.8255
  6.0015  0.8356  0.9705  2.3256  5.3069
  5.3312  2.8195  0.9722  0.3035 23.9864
  5.0178  2.3166  0.9807  0.1764 18.8682
  5.6660  3.9965  0.9938  2.4555 36.5187
  4.3487  3.1191  0.9744  2.1616 27.1118
  4.6267  2.4579  0.9949  1.1272 20.2890
  4.5505  1.6919  0.9750  1.1521 12.7974
  6.7105  1.7118  0.5877  0.6780 12.9844
  5.1661  2.6616  0.9684  1.3738 22.3608
  4.3467  3.3796  0.9770  2.6084 29.8678
  5.4331  4.1926  0.9831  0.3722 38.6652
  4.7528  1.8521  0.9980  0.1060 14.3177
  5.2127  3.5560  0.9819  0.2680 31.7530
  5.5097  1.6048  0.9835  1.6542 11.9838
  5.0559  1.9631  0.9754  0.9417 15.3865
  5.1337  1.4410  0.9718  1.5225 10.4788
  4.2386  4.4337  0.9936  0.7223 41.3220
  5.4432  2.4548  0.9886  1.3127 20.2569
  5.5507  3.0263  0.9807  0.7391 26.1386
  5.1237  1.5731  0.9912  0.5267 11.6893
  6.2822  2.0819  0.9955  0.3074 16.5449
  4.5009  3.6808  0.9980  1.7658 33.0949
  4.7653  2.1947  0.9718  1.5518 17.6556
  3.8836  1.5652  0.9713  0.5864 11.6162
  5.5510  2.0358  0.9907  0.7733 16.0936
  5.3640  2.3105  0.9966  0.9304 18.8073
  5.0498  2.9890  0.9784  1.5356 25.7483
  4.7222  2.1811  0.9719  1.2997 17.5213
  4.9795  2.5351  0.9791  2.0182 21.0711
  5.9701  3.4143  0.9718  1.9080 30.2374
  5.8969  2.4228  0.9827  0.1165 19.9347
  4.2796  3.5524  0.9931  0.2600 31.7135
  5.1496  3.2598  0.9871  0.8215 28.5957
  3.6623  1.8193  0.9710  1.3833 14.0036
  5.1791  4.1180  0.9902  1.2968 37.8462
  5.4611  1.5389  0.9925  1.6793 11.3739
  5.4963  3.5811  0.9926  1.3121 32.0217
  4.6167  1.8739  0.9714  0.8215 14.5268
  6.0244  3.0462  0.9672  2.1540 26.3463
  5.9329  0.3317  0.9862  1.3626  1.7330
  5.4928  1.0598  0.9865  2.0312  7.1384
  5.0524  3.1792  0.9964  2.0643 27.7440
  5.2090  1.7707  0.9839  1.2512 13.5420
  5.3322  0.8539  0.8768  0.5247  5.4520
  5.0912  3.6038  0.9812  0.4050 32.2653
  6.9450  1.3947  0.3718  1.9101 10.0609
  5.1545  3.1484  0.9802  1.7350 27.4198
  4.9818  3.0460  0.9727  0.4382 26.3442
  4.9552  3.3365  0.9980  1.5431 29.4098
  6.4465  3.3327  0.8744  3.1384 29.3690
  5.0267  1.8369  0.9805  3.1050 14.1722
  4.3718  1.1475  0.9802  1.2347  7.8840
  5.1900  3.0171  0.9800  1.1702 26.0415
  3.9516  3.2168  0.9847  0.1525 28.1407
  5.7793  2.7163  0.9977  1.5720 22.9225
  4.8322  3.1326  0.9847  1.5421 27.2533
  5.2523  3.1047  0.9720  2.6447 26.9602
  4.3819  1.5358  0.9904  1.0449 11.3450
  5.8599  1.4118  0.9735  2.5213 10.2147
  4.2670  2.0117  0.9908  1.2598 15.8592
  4.4192  2.7612  0.9741  0.6000 23.3852
  6.4469  2.6710  0.9460  1.7611 22.4579
  5.2087  1.7563  0.9672  2.2088 13.4050
  6.5092  2.5229  0.8363  2.2793 20.9466
  4.6302  1.3938  0.9933  2.3464 10.0528
  4.8336  3.4881  0.9679  1.0146 31.0252
  5.1911  3.1878  0.9786  1.0572 27.8353
  5.3509  0.3924  0.9980  0.7788  2.1125
  5.2481  1.4288  0.9958  0.8361 10.3682
  4.7590  2.8914  0.9691  2.6747 24.7317
  5.4048  1.1943  0.9808  2.4779  8.2877
  5.2573  3.6671  0.9723  2.1577 32.9473
  5.7939  2.8926  0.9847  1.6908 24.7449
  5.2369  2.0650  0.9695  1.2934 16.3796
  4.9798  1.2171  0.9950  0.7951  8.4865
  5.1351  0.6794  0.9882  1.1693  4.1073
  5.6859  3.4048  0.9683  3.0630 30.1365
  5.3881  3.0201  0.9784  2.2755 26.0734
  5.6929  3.8132  0.9715  1.0266 34.5258
  3.9018  4.2270  0.9880  1.1771 39.0429
  4.7309  2.8170  0.9722  0.1945 23.9611
  5.3746  1.8195  0.9971  1.3265 14.0063
  5.1028  4.2099  0.9980  0.7949 38.8552
  5.1708  3.4581  0.9734  1.4672 30.7044
  5.3848  2.8126  0.9834  1.0058 23.9151
  4.3821  2.6961  0.9980  0.4322 22.7154
  5.3650  3.5854  0.9822  1.2141 32.0683
  5.1753  3.5311  0.9860  0.4253 31.4856
  6.4705  1.4438  0.8856  0.7033 10.5040
  6.1539  1.7047  0.9938  1.3080 12.9180
  5.0987  2.8463  0.9822  0.8447 24.2645
  5.5748  2.3373  0.9952  1.0489 19.0759
  5.3497  1.5352  0.9692  0.3347 11.3400
  4.4821  2.2478  0.9882  0.2662 18.1824
  4.9714  1.3933  0.9744  1.6311 10.0482
  3.9975  2.3462  0.9873  2.0628 19.1644
  5.2607  2.0731  0.9779  1.0107 16.4584
  4.7090  2.1745  0.9783  1.4817 17.4559
  5.0093  2.7387  0.9699  0.9127 23.1531
  6.0416  3.4080  0.9879  0.9951 30.1702
  5.4853  2.0943  0.9932  1.3335 16.6660
  3.7237  0.9151  0.9980  1.1979  5.9434
  4.7357  2.4704  0.9959  1.2062 20.4145
  5.1210  4.0313  0.9748  0.0744 36.8979
  4.6643  3.7002  0.9760  0.9264 33.3036
  5.5967  4.2343  0.9913  0.6929 39.1230
  5.8371  2.0946  0.9757  1.2220 16.6693
  4.9574  1.3111  0.9840  0.6149  9.3130
  4.9028  2.2488  0.9951  0.4658 18.1926
  5.1675  3.0836  0.9669  0.6958 26.7390
  6.0367  3.6913  0.9980  0.6962 33.2076
  3.7198  1.2964  0.9677  1.2622  9.1827
  4.9916  3.6812  0.9842  2.2146 33.0991
  4.8110  1.1194  0.9763  1.8061  7.6432
  5.4658  1.6020  0.9907  1.0851 11.9576
  4.4581  3.7787  0.9880  1.9076 34.1517
  5.2413  1.1280  0.9941  0.6762  7.7168
  5.2174  4.1588  0.9813  1.5484 38.2940
  5.1057  2.0683  0.9720  0.4793 16.4111
  5.7880  3.3746  0.9791  0.2137 29.8148
  4.6120  1.0928  0.9709  1.4649  7.4170
  5.5362  3.1660  0.9744  0.5326 27.6047
  5.2289  3.6623  0.9965  2.5687 32.8949
  5.5278  2.2110  0.9791  1.8879 17.8174
  5.2232  2.5024  0.9706  1.4138 20.7388
  5.1085  2.6937  0.9931  0.9851 22.6902
  3.8276  3.4656  0.9980  1.3561 30.7845
  3.7654  3.5771  0.9848  0.8605 31.9791
  5.6129  1.1721  0.9757  1.6915  8.0961
  5.2558  1.4181  0.9885  1.3030 10.2719
  4.3430  2.8136  0.9737  0.9802 23.9253
  5.3882  2.1554  0.9699  1.2742 17.2670
  5.6611  2.9565  0.9752  0.6224 25.4096
  5.1616  2.5916  0.9718  1.4845 21.6455
  4.9291  3.5905  0.9788  0.8797 32.1226
  4.7014  1.3937  0.9954  2.4030 10.0512
  4.9590  4.4932  0.9778  0.9446 41.9814
  5.0863  2.9525  0.9884  2.1599 25.3680
  5.4056  0.9936  0.9724  1.4796  6.5855
  5.5136  3.7720  0.9704  0.7679 34.0793
  4.7448  1.4115  0.9718  1.2844 10.2123
  5.7185  0.8790  0.9680  2.4313  5.6520
  4.5646  3.3267  0.9772  1.8218 29.3049
  6.1059  2.4104  0.9759  0.1800 19.8095
  5.1324  4.4694  0.9911  1.2531 41.7176
  5.1111  1.2012  0.9762  2.2448  8.3480
  5.8285  0.6872  0.9729  1.9284  4.1658
  5.4756  3.1956  0.9906  0.6692 27.9177
  4.6560  4.4791  0.9881  2.4165 41.8250
  5.7350  4.3635  0.9945  1.2008 40.5465
  5.4239  1.0540  0.9707  1.2384  7.0894
  3.8082  4.0658  0.9829  0.6739 37.2753
  5.5278  3.3939  0.9927  1.2910 30.0194
  5.4158  1.9588  0.9913  1.8364 15.3453
  4.6758  2.2869  0.9845  0.9490 18.5716
  4.6762  1.7155  0.9765  1.0156 13.0193
  5.3537  1.1614  0.9684  1.2187  8.0039
  4.9844  3.3974  0.9692  0.2155 30.0570
  6.4539  2.9821  0.8984  2.2480 25.6768
  5.4140  2.0662  0.9812  0.5380 16.3911
  4.3723  2.2735  0.9794  0.8437 18.4387
  5.1809  3.1059  0.9938  1.7664 26.9730
  4.2516  2.1620  0.9961  0.7071 17.3328
  5.3294  4.4099  0.9805  2.2120 41.0592
  4.8475  2.9124  0.9725  1.6988 24.9497
  5.4198  0.4609  0.9822  1.4461  2.5604
  4.9900  2.6206  0.9797  0.4227 21.9414
  5.1002  3.7459  0.9791  1.8007 33.7970
  5.2992  4.3512  0.9850  0.8886 40.4104
  4.9234  2.4264  0.9882  1.3842 19.9708
  5.0123  0.7271  0.9715  0.6304  4.4659
  6.1278  3.6351  0.9668  1.6383 32.6028
  5.1644  2.8695  0.9980  2.4871 24.5047
  5.2043  2.5970  0.9780  1.7799 21.7008
  5.2173  3.8491  0.9953  0.3567 34.9153
  5.1950  1.8588  0.9725  1.1862 14.3817
  5.1130  4.2735  0.9867  1.0245 39.5541
  5.1834  3.3543  0.9789  2.3981 29.5984
  4.6176  2.2939  0.9718  0.7633 18.6413
  5.4351  2.7351  0.9736  1.7681 23.1157
  6.7768  3.0242  0.6527  1.3340 26.1159
  6.2349  3.3640  0.9800  1.5809 29.7022
  4.8317  2.0411  0.9794  0.6519 16.1453
  4.2344  1.8266  0.9857  0.5309 14.0733
  5.9838  4.1377  0.9675  1.8995 38.0623
  4.7062  2.9880  0.9908  0.7795 25.7375
  5.7333  2.4468  0.9873  1.8653 20.1766
  4.1122  2.1694  0.9782  2.7773 17.4057
  4.7511  2.2555  0.9859  1.1282 18.2591
  5.3851  3.1943  0.9907  1.1675 27.9038
  5.3361  2.4486  0.9871  1.6702 20.1948
  4.8803  0.7782  0.9921  1.2050  4.8586
  5.0542  2.1020  0.9701  1.5804 16.7422
  4.5855  2.0125  0.9980  2.2225 15.8672
  4.8783  1.8947  0.9895  1.4084 14.7263
  4.6609  3.1608  0.9735  2.0413 27.5502
  5.1410  1.3875  0.9980  0.7117  9.9959
  3.8051  2.2720  0.9744  0.5259 18.4235
  5.1542  2.1768  0.9884  0.0988 17.4788
  5.2229  4.0823  0.9902  1.0827 37.4556
  4.9229  3.4631  0.9902  1.8030 30.7585
  4.9063  4.3293  0.9980  0.6443 40.1690
  5.8552  0.8229  0.9816  2.2319  5.2071
  5.5861  2.9244  0.9691  0.2340 25.0746
  5.8179  2.7580  0.9943  1.4473 23.3513
  3.6563  3.0091  0.9686  1.5460 25.9589
  4.8138  1.5585  0.9924  0.5902 11.5546
  5.5867  4.2442  0.9826  0.6309 39.2317
  5.0273  2.2136  0.9747  1.8386 17.8429
  5.5062  4.4823  0.9694  1.8108 41.8604
  5.3188  3.8309  0.9893  1.0770 34.7171
  5.1768  1.4016  0.9766  1.5754 10.1227
  5.1057  2.1939  0.9790  0.6926 17.6473
  4.9518  3.7107  0.9873  1.2570 33.4174
  6.2316  2.1753  0.9831  0.9124 17.4642
  4.9741  1.1480  0.9729  2.2135  7.8886
  5.1330  2.5175  0.9980  1.6845 20.8924
  5.4421  3.0702  0.9679  2.6933 26.5978
  5.4134  2.9133  0.9871  0.9355 24.9595
  5.5918  3.8100  0.9680  0.5307 34.4910
  6.0704  4.4196  0.9893  1.5783 41.1663
  4.8517  3.5185  0.9754  0.6721 31.3505
  5.1172  2.8123  0.9900  0.5338 23.9121
  5.1988  1.7230  0.9980  1.1051 13.0902
  5.3084  1.3871  0.9670  0.0808  9.9922
  5.0596  4.1680  0.9690  1.3180 38.3948
  6.8382  2.1873  0.4745  1.2992 17.5827
  5.1635  2.6291  0.9727  1.2341 22.0291
  4.9365  2.5331  0.9822  1.0983 21.0500
  4.6876  2.2399  0.9722  0.7340 18.1035
  5.4088  2.0653  0.9980  2.7746 16.3825
  4.3537  2.7969  0.9934  0.0675 23.7528
  5.1621  3.6544  0.9840  1.7292 32.8099
