  4.5956  4.1282  0.9836  1.8674 37.9589
  6.4517  2.6864  0.9122  1.4337 22.6156
  4.7504  3.0100  0.9779  1.6768 25.9676
  3.8669  1.8656  0.9801  2.5652 14.4467
  5.2580  3.0277  0.9795  0.4472 26.1534
  4.7223  1.0841  0.9730  1.9240  7.3436
  4.7628  2.2968  0.9821  1.2027 18.6704
  5.2095  3.4606  0.9890  0.6691 30.7312
  3.7463  3.2057  0.9723  2.0710 28.0241
  5.1589  3.3666  0.9844  1.1533 29.7290
  5.4592  1.7563  0.9874  1.1663 13.4052
  5.6028  2.4588  0.9980  0.7388 20.2975
  5.3503  3.3194  0.9968  1.5677 29.2275
  5.5135  2.2897  0.9683  0.8527 18.5999
  4.9541  3.0979  0.9950  0.7507 26.8884
  4.1076  3.8907  0.9785  0.4438 35.3664
  5.7548  3.5155  0.9844  2.3100 31.3187
  5.0423  2.6779  0.9926  1.8520 22.5279
  4.5813  1.8378  0.9958  1.1485 14.1809
  5.2748  3.0525  0.9828  2.2420 26.4128
  5.1930  4.4618  0.9809  2.7860 41.6335
  5.2588  4.2947  0.9865  0.6568 39.7876
  4.3873  0.9021  0.9935  1.1804  5.8380
  5.2033  1.9149  0.9678  0.4407 14.9210
  4.2100  3.3557  0.9837  1.4296 29.6129
  4.9066  4.3033  0.9958  1.5618 39.8829
  5.2290  2.5678  0.9760  0.8666 21.4037
  5.2838  4.4521  0.9751  2.4644 41.5265
  4.7442  4.2285  0.9973  1.6485 39.0594
  6.8671  2.6798  0.4575  0.7369 22.5482
  4.8193  2.3675  0.9980  2.0858 19.3786
  4.3715  3.4231  0.9668  2.1164 30.3309
  5.3385  3.7507  0.9937  1.0922 33.8490
  5.5697  3.7308  0.9894  1.0873 33.6338
  4.8404  4.2769  0.9904  0.6260 39.5915
  6.8214  3.1943  0.4233  2.8743 27.9038
  5.5726  1.9076  0.9961  1.7667 14.8511
  5.9840  2.4134  0.9817  1.0467 19.8392
  5.4609  2.0888  0.9980  2.0601 16.6119
  5.0883  2.6255  0.9668  0.5086 21.9916
  5.5469  3.9687  0.9856  1.9671 36.2158
  4.7168  4.1098  0.9925  1.1074 37.7566
  5.1391  1.5553  0.9918  2.8738 11.5252
  6.0809  0.1544  0.9692  1.1749  0.7286
  4.9675  3.9637  0.9931  1.5222 36.1610
  5.5012  4.2206  0.9822  1.8752 38.9727
  5.3931  3.6895  0.9818  1.0448 33.1881
  4.4170  2.4899  0.9882  2.1544 20.6121
  5.3195  3.3004  0.9726  2.9500 29.0261
  4.0133  4.2667  0.9977  1.9476 39.4800
  5.7154  2.7077  0.9860  0.8410 22.8345
  5.0227  3.6454  0.9940  1.5151 32.7136
  5.1466  2.8819  0.9717  0.6602 24.6329
  4.4579  1.4223  0.9941  2.1715 10.3095
  5.3831  2.2205  0.9909  1.8137 17.9113
  4.4479  3.4731  0.9740  2.6512 30.8646
  5.5763  3.8592  0.9872  0.9320 35.0245
  5.4287  2.8213  0.9705  0.9284 24.0051
  5.2413  2.1639  0.9921  0.3410 17.3513
  5.1538  4.1060  0.9889  2.4680 37.7156
  5.7480  4.1967  0.9771  1.0923 38.7100
  6.1872  3.5822  0.9917  0.4671 32.0336
  5.1879  2.5294  0.9838  1.1604 21.0130
  3.9800  1.9824  0.9928  1.4063 15.5742
  5.9977  2.7083  0.9881  0.3708 22.8404
  4.2327  4.4358  0.9953  0.9735 41.3454
  6.1656  3.0104  0.9966  0.4154 25.9724
  4.6719  2.2092  0.9937  0.9747 17.7995
  4.0511  2.2491  0.9771  2.0372 18.1951
  5.2223  2.4891  0.9980  0.1212 20.6039
  5.1893  2.6361  0.9841  1.7579 22.1005
  5.8781  4.0371  0.9722  1.0548 36.9616
  5.4775  1.9129  0.9943  2.0292 14.9023
  5.2604  3.6446  0.9864  0.4554 32.7048
  5.7737  3.6257  0.9827  1.4000 32.5010
  4.2614  3.2977  0.9752  0.4109 28.9973
  4.9124  2.4300  0.9960  0.6180 20.0069
  5.2565  3.6342  0.9730  2.2197 32.5932
  4.8758  2.6524  0.9980  1.8618 22.2670
  5.4514  2.8708  0.9880  1.5930 24.5181
  5.3737  2.6647  0.9673  2.3474 22.3929
  5.4178  3.8588  0.9980  1.1216 35.0198
  5.2406  3.7247  0.9803  1.0121 33.5688
  6.4195  2.5529  0.9252  1.5007 21.2518
  5.7040  2.0651  0.9688  2.2680 16.3802
  5.5595  1.8068  0.9801  1.1718 13.8853
  5.1081  3.0999  0.9839  2.8259 26.9097
  4.7163  4.2690  0.9905  0.5798 39.5044
  6.2088  1.7823  0.9879  1.9056 13.6515
  4.8590  2.0423  0.9821  0.3464 16.1576
  4.3795  1.7626  0.9717  2.1324 13.4648
  6.5961  2.6740  0.8235  0.2409 22.4880
  6.6023  1.1200  0.8324  1.3756  7.6490
  5.4482  3.2980  0.9917  1.7922 29.0002
  5.4978  4.2499  0.9911  2.2619 39.2943
  4.8345  1.4009  0.9844  0.9968 10.1168
  5.4959  3.3236  0.9742  1.8428 29.2719
  5.2078  2.7027  0.9905  1.7690 22.7833
  3.7231  1.0408  0.9960  1.3574  6.9784
  6.5015  2.8872  0.8117  1.0555 24.6880
  6.2679  2.1324  0.9817  2.0022 17.0407
  5.1263  3.6980  0.9980  1.5648 33.2798
  4.6335  3.3280  0.9752  2.3319 29.3185
  5.4380  3.1462  0.9805  2.1088 27.3971
  4.7997  1.7614  0.9932  2.7085 13.4537
  5.5536  3.6005  0.9848  1.8889 32.2300
  4.7974  3.9734  0.9929  1.4331 36.2664
  5.8737  3.9953  0.9887  1.0879 36.5054
  4.3412  1.7182  0.9980  0.5577 13.0455
  4.7182  3.5249  0.9949  2.0825 31.4188
  5.6082  2.7336  0.9792  1.1459 23.1009
  5.3433  2.1454  0.9871  0.9524 17.1691
  4.2086  1.7420  0.9908  0.9093 13.2701
  5.3198  4.2524  0.9743  0.3753 39.3219
  5.6103  2.7770  0.9980  2.5227 23.5477
  5.8373  2.4536  0.9767  2.2364 20.2452
  5.0860  2.0140  0.9720  1.3357 15.8814
  6.4387  3.7573  0.9841  0.8284 33.9204
  3.6361  1.3234  0.9722  0.8950  9.4225
  4.9386  4.3212  0.9932  1.7793 40.0798
  5.2678  2.6590  0.9850  2.8484 22.3350
  4.2015  3.6096  0.9820  1.9316 32.3285
  5.8671  2.4252  0.9943  1.8531 19.9588
  5.6282  2.3765  0.9787  0.6785 19.4685
  5.2782  2.2603  0.9927  1.0380 18.3064
  5.0549  3.1517  0.9714  2.1597 27.4544
  4.8478  1.0652  0.9862  0.5009  7.1839
  5.9864  4.0952  0.9814  0.9638 37.5972
  5.3518  3.5643  0.9722  1.0182 31.8420
  5.5550  2.3482  0.9810  0.6763 19.1851
  4.4878  2.1889  0.9941  2.8082 17.5980
  4.3865  3.2538  0.9681  1.4436 28.5329
  5.3056  2.8441  0.9954  2.0402 24.2409
  4.5739  2.5681  0.9730  0.2375 21.4063
  4.3165  3.8001  0.9937  1.6507 34.3833
  6.2143  1.5321  0.9823  1.4084 11.3108
  5.4254  3.3154  0.9705  1.0818 29.1849
  5.4933  3.5039  0.9866  0.2200 31.1944
  4.1208  3.1120  0.9700  2.7342 27.0369
  4.8706  3.1955  0.9934  0.8644 27.9158
  5.2842  2.9583  0.9860  2.4590 25.4285
  5.9549  2.3640  0.9980  0.3363 19.3436
  5.0461  2.4979  0.9776  2.5739 20.6934
  5.7045  3.1549  0.9823  0.6068 27.4884
  5.2008  1.8724  0.9811  1.6869 14.5126
  5.5651  3.8425  0.9804  1.9815 34.8433
  6.3041  3.7247  0.9737  0.4700 33.5681
  5.2121  3.1519  0.9799  2.0295 27.4565
  5.2282  1.9511  0.9855  2.0539 15.2709
  5.9643  2.3175  0.9847  1.4706 18.8778
  6.2257  0.6148  0.9843  0.9040  3.6328
  5.3692  3.8033  0.9910  2.4458 34.4188
  5.2332  3.1574  0.9832  0.9493 27.5145
  4.9771  1.2075  0.9756  1.2259  8.4029
  6.0615  2.4275  0.9801  2.1124 19.9819
  5.1102  2.8987  0.9803  1.4723 24.8080
  3.7038  2.2838  0.9882  1.1008 18.5410
  4.4967  0.7974  0.9897  1.9037  5.0074
  5.7641  0.8177  0.9737  0.9417  5.1666
  4.0755  3.8358  0.9860  1.9127 34.7709
  4.8427  3.0827  0.9729  2.4030 26.7296
  6.0463  3.3514  0.9879  0.9849 29.5676
  5.7673  3.5866  0.9811  2.1926 32.0811
  5.3602  4.2080  0.9819  2.0848 38.8335
  3.9339  2.4671  0.9873  0.6119 20.3811
  5.4966  3.2198  0.9793  1.0318 28.1731
  5.4633  3.8885  0.9791  0.8489 35.3431
  5.2433  1.5357  0.9722  1.0803 11.3441
  4.5237  3.2644  0.9693  2.3685 28.6452
  4.2329  1.6868  0.9980  1.2978 12.7498
  4.7804  2.1725  0.9667  0.5770 17.4358
  6.1066  3.6073  0.9806  0.8860 32.3029
  5.2157  1.7481  0.9948  2.3392 13.3275
  5.5597  2.4285  0.9853  2.4591 19.9913
  5.0931  3.1850  0.9810  1.9351 27.8056
  4.4732  3.4982  0.9688  1.9434 31.1338
  4.3389  1.8367  0.9902  1.5642 14.1699
  3.5986  0.4248  0.9757  1.7034  2.3221
  5.7853  2.4710  0.9780  1.5943 20.4214
  5.6330  2.3166  0.9705  2.1737 18.8687
  4.9225  2.7548  0.9980  1.4741 23.3183
  4.8222  4.0439  0.9680  1.9573 37.0362
  5.8767  2.3206  0.9896  2.0674 18.9080
  5.2395  4.4493  0.9787  0.9876 41.4946
  5.7132  2.6481  0.9941  1.2905 22.2234
  5.0493  2.6628  0.9707  0.4169 22.3731
  5.9459  2.3199  0.9938  0.6303 18.9010
  5.0227  0.9431  0.9963  3.1141  6.1710
  4.4243  2.9105  0.9973  1.5337 24.9304
  6.2372  3.8746  0.9959  1.7100 35.1913
  3.8208  1.3804  0.9680  1.2197  9.9317
  5.3970  4.1837  0.9674  0.5179 38.5675
  5.0904  3.9835  0.9877  1.0863 36.3769
  5.0374  4.0924  0.9914  0.3027 37.5658
  5.6549  3.5520  0.9941  1.8215 31.7102
  5.0649  3.5955  0.9827  0.7763 32.1766
  5.6660  2.9314  0.9962  1.7281 25.1482
  4.9522  3.3587  0.9890  2.6783 29.6454
  5.6811  2.5127  0.9901  0.8348 20.8431
  6.0117  3.9199  0.9951  0.9163 35.6846
  4.8625  3.3395  0.9700  1.6164 29.4408
  5.1716  2.8212  0.9737  0.4893 24.0047
  5.1841  2.8393  0.9838  2.0591 24.1917
  4.7319  2.4689  0.9963  1.7831 20.3998
  5.4192  3.6611  0.9892  1.0977 32.8828
  5.4735  1.5499  0.9824  0.6580 11.4752
  4.8883  2.1725  0.9945  0.9597 17.4361
  5.4020  3.8051  0.9850  1.3496 34.4380
  5.5557  2.2448  0.9943  1.1108 18.1528
  6.9447  3.2293  0.6538  1.0326 28.2733
  5.3680  3.4635  0.9760  0.7866 30.7621
  4.7707  2.2817  0.9755  0.8840 18.5202
  6.2344  3.1616  0.9957  0.8557 27.5584
  6.4349  3.8567  0.9446  2.5086 34.9970
  4.6075  0.4331  0.9818  2.3517  2.3761
  5.2616  4.0324  0.9879  0.4010 36.9105
  5.0832  2.8933  0.9839  1.9924 24.7516
  5.3846  3.8467  0.9852  0.3383 34.8885
  5.9252  2.3461  0.9744  0.8548 19.1639
  5.0972  3.4859  0.9768  1.9320 31.0016
  5.4924  3.3957  0.9750  1.8490 30.0389
  5.3333  2.8952  0.9961  1.0804 24.7711
  5.4956  3.9774  0.9794  0.6105 36.3101
  3.6217  0.9945  0.9720  1.8045  6.5936
  5.1383  2.4213  0.9916  1.1062 19.9191
  5.8564  2.6185  0.9674  2.0079 21.9203
  5.2458  2.7938  0.9776  2.1700 23.7216
  5.3010  2.2455  0.9804  1.5301 18.1595
  5.2734  3.3247  0.9980  0.7510 29.2835
  5.0655  2.0899  0.9708  1.2961 16.6234
  4.8393  2.7761  0.9974  2.2445 23.5380
  5.8413  3.3244  0.9752  0.4337 29.2804
  6.0505  0.9126  0.9924  0.8353  5.9230
  6.3110  2.8064  0.9786  1.1012 23.8513
  5.8128  3.5587  0.9980  1.4709 31.7820
  4.7150  2.9990  0.9957  1.0067 25.8531
  5.0991  4.2626  0.9859  0.2933 39.4345
  4.9149  2.3909  0.9831  0.3225 19.6134
  5.8443  3.1391  0.9674  1.9346 27.3224
  4.9836  3.0849  0.9870  2.5575 26.7519
  5.4601  2.5903  0.9745  1.3190 21.6326
  4.6773  2.0443  0.9906  1.2825 16.1770
  4.1841  0.8069  0.9763  0.7503  5.0819
  5.1707  2.5898  0.9765  1.1915 21.6270
  5.0929  2.0014  0.9783  2.4477 15.7582
  5.2374  3.0570  0.9789  0.8259 26.4603
  3.9045  0.8718  0.9951  1.3563  5.5949
  5.1278  2.1720  0.9699  1.4810 17.4310
  4.2655  4.3753  0.9935  0.5645 40.6772
  4.9139  4.1383  0.9843  1.2258 38.0687
  5.2851  4.2269  0.9887  2.2009 39.0420
  4.6190  3.2866  0.9825  1.9118 28.8797
  5.7811  3.7290  0.9977  1.4245 33.6151
  4.1087  2.3860  0.9849  2.0763 19.5636
  5.8731  4.2750  0.9729  0.7846 39.5703
  5.5213  3.0279  0.9917  1.3179 26.1549
  5.1497  2.8259  0.9847  0.3842 24.0526
  4.1977  0.6752  0.9958  0.5133  4.0762
  5.7498  3.6978  0.9975  1.2875 33.2777
  6.0373  2.7834  0.9901  1.9039 23.6141
  5.6829  2.2721  0.9807  0.8547 18.4241
  5.1758  1.8502  0.9865  2.2153 14.2997
  4.8893  2.1936  0.9980  0.6513 17.6449
  4.6012  2.9745  0.9747  1.5898 25.5966
  5.9213  3.1326  0.9787  1.7787 27.2536
  4.8249  2.5138  0.9956  0.5152 20.8543
  4.3283  0.8735  0.9881  0.7898  5.6086
  4.8923  2.9655  0.9751  0.9458 25.5031
  5.5488  4.0795  0.9833  1.8660 37.4251
  5.4893  4.4244  0.9917  1.6151 41.2196
  5.6258  4.4277  0.9970  1.0847 41.2564
  4.4767  3.4139  0.9980  0.2561 30.2326
  5.6268  3.6945  0.9980  1.3220 33.2421
  3.9760  2.3148  0.9928  1.0679 18.8503
  5.2586  1.5810  0.9833  0.8194 11.7622
  5.5700  2.2252  0.9684  1.7954 17.9579
  5.7467  2.2622  0.9846  0.4539 18.3261
  6.9525  2.5657  0.3868  1.4464 21.3819
  5.0156  2.3287  0.9730  2.8021 18.9894
  5.4940  2.4595  0.9672  1.7139 20.3045
  5.1550  3.1045  0.9805  2.4478 26.9579
  5.8220  2.9591  0.9671  1.7479 25.4362
  5.6982  2.4547  0.9942  2.5111 20.2559
  4.9759  4.2440  0.9980  1.7937 39.2301
  5.2550  2.8172  0.9814  0.8996 23.9632
  4.2516  4.1682  0.9672  1.8305 38.3965
  5.0864  2.3957  0.9839  1.4320 19.6612
  4.9853  1.3109  0.9896  1.8758  9.3113
  5.9884  3.3828  0.9853  1.1021 29.9017
  5.2355  3.5340  0.9760  1.9038 31.5170
  4.8609  4.0683  0.9821  0.9260 37.3025
  5.4857  2.5904  0.9695  1.2250 21.6339
  5.4397  3.3569  0.9847  0.5688 29.6262
  5.9590  3.8100  0.9727  0.6214 34.4914
  6.3268  3.6400  0.9825  2.5050 32.6546
  5.1701  2.8981  0.9785  0.5559 24.8018
  5.9510  2.4273  0.9851  2.6682 19.9796
  4.0259  0.5053  0.9890  2.1762  2.8605
  6.1685  2.6191  0.9822  2.0141 21.9261
  5.0131  3.5965  0.9846  0.4164 32.1869
  4.7202  2.7954  0.9814  1.0143 23.7372
  4.7859  2.7212  0.9837  1.9514 22.9724
  4.9791  1.5579  0.9687  2.1743 11.5493
  5.5723  2.7705  0.9904  0.6877 23.4808
  4.5526  2.8157  0.9876  2.8573 23.9474
  5.7698  3.8496  0.9784  1.8087 34.9198
  5.4457  3.0182  0.9669  2.6039 26.0531
  6.1590  3.1144  0.9784  1.8041 27.0620
  4.2317  2.2707  0.9791  1.7532 18.4099
  5.2895  3.3635  0.9860  0.3770 29.6961
  5.4821  2.1728  0.9973  0.9201 17.4395
  5.3264  3.7591  0.9947  1.2339 33.9397
  4.7789  3.8755  0.9758  2.3461 35.2015
  6.5314  3.8280  0.8054  0.3436 34.6862
  6.0893  4.1630  0.9836  1.1210 38.3399
  4.7671  2.1504  0.9896  0.7956 17.2181
  4.9552  3.2552  0.9980  1.3839 28.5468
  5.7072  3.3484  0.9881  1.9521 29.5359
  5.8019  2.6566  0.9866  0.7127 22.3095
  5.0132  2.6647  0.9914  1.5700 22.3926
  4.8411  2.1028  0.9945  1.7157 16.7501
  5.7102  2.5410  0.9891  0.2990 21.1304
  5.2712  3.3068  0.9980  1.7780 29.0942
  5.2145  2.0390  0.9715  2.9163 16.1255
  5.3430  4.1598  0.9913  2.2081 38.3046
  5.4688  3.7938  0.9739  1.9943 34.3155
  5.6871  2.3503  0.9972  1.5331 19.2056
  4.5326  1.4848  0.9745  2.0972 10.8774
  4.8823  1.2173  0.9946  2.9780  8.4883
  5.6493  2.9101  0.9711  1.1658 24.9261
  4.4448  3.8421  0.9746  1.7004 34.8394
  3.8170  3.3603  0.9742  1.9474 29.6626
  5.1176  2.0246  0.9844  0.7367 15.9850
  4.7047  3.0361  0.9822  0.4796 26.2412
  5.4465  3.3945  0.9980  2.6899 30.0260
  5.9710  3.4516  0.9915  1.6231 30.6358
  6.4755  2.4829  0.9701  1.7963 20.5416
  5.7177  3.4385  0.9789  1.2631 30.4958
  5.1829  2.5255  0.9721  0.6912 20.9728
  3.8112  0.7855  0.9786  0.7564  4.9148
  4.6325  1.1997  0.9801  0.2531  8.3345
  4.1658  1.3912  0.9801  1.4347 10.0292
  5.2208  2.2570  0.9941  0.5628 18.2738
  5.4313  2.1105  0.9768  1.1485 16.8257
  4.0270  3.9890  0.9899  1.9943 36.4368
  5.5175  3.6224  0.9898  0.5791 32.4658
  4.7779  3.7111  0.9796  0.1175 33.4211
  5.4918  3.6954  0.9751  1.7508 33.2525
  5.2019  2.7441  0.9873  2.2355 23.2090
  5.2547  2.9726  0.9755  1.8488 25.5772
  6.0451  2.3505  0.9827  2.6758 19.2078
  4.5502  3.2703  0.9757  1.3871 28.7074
  5.5477  3.1897  0.9767  2.7350 27.8556
  5.2352  3.2463  0.9715  0.8733 28.4534
  5.3496  4.0728  0.9953  0.9601 37.3516
  6.4168  3.2769  0.9323  0.7371 28.7773
  4.8018  3.9219  0.9980  1.2748 35.7059
  4.0170  3.6726  0.9980  1.2182 33.0065
  5.9908  4.1357  0.9797  1.4815 38.0400
  3.6249  3.6089  0.9864  0.6633 32.3211
  6.2142  2.2653  0.9959  2.1038 18.3566
  5.3445  3.8347  0.9961  0.9471 34.7584
  6.0487  1.8167  0.9868  1.3792 13.9796
  4.6413  4.2086  0.9864  0.7727 38.8401
  4.6626  2.7565  0.9696  1.2669 23.3364
  6.0856  4.3398  0.9806  2.2012 40.2851
  4.5302  2.0237  0.9805  1.1962 15.9753
  5.2450  1.5484  0.9959  1.8711 11.4616
  5.8748  3.4346  0.9937  1.7564 30.4536
  5.8723  2.6889  0.9980  2.1366 22.6415
  5.6431  1.6891  0.9899  1.3153 12.7708
  4.9404  1.7969  0.9914  2.5006 13.7910
  5.6114  2.0072  0.9858  1.2694 15.8153
  4.6782  3.0649  0.9753  2.1357 26.5421
  5.0964  2.3927  0.9917  0.5519 19.6315
  5.0443  3.5724  0.9859  1.6790 31.9284
  5.0322  3.9628  0.9738  0.3141 36.1513
  3.9058  1.3997  0.9761  2.0584 10.1060
  5.1881  3.7785  0.9688  2.5729 34.1504
  4.1782  1.1890  0.9769  2.3596  8.2421
  3.8485  3.2888  0.9786  0.8847 28.9031
  5.1023  2.3764  0.9713  1.1962 19.4674
  3.5706  0.6112  0.9789  1.2326  3.6068
  4.6091  1.7830  0.9953  0.4079 13.6587
  5.7959  3.7439  0.9695  0.8720 33.7753
  5.4772  1.3006  0.9732  0.5044  9.2200
  3.8051  0.8855  0.9780  1.8214  5.7043
  5.1490  2.5152  0.9815  1.7168 20.8687
  5.0462  4.3190  0.9693  0.5260 40.0553
  5.6580  2.3896  0.9932  0.8686 19.5997
  6.1484  2.2686  0.9803  1.5449 18.3897
  5.1555  3.2737  0.9669  1.4822 28.7432
  5.6850  3.1113  0.9763  2.8228 27.0301
  3.7113  1.0913  0.9783  1.3216  7.4047
  4.8115  4.1778  0.9949  1.9414 38.5022
  4.9289  3.0209  0.9799  1.2507 26.0820
  3.6564  4.2504  0.9718  1.0181 39.3002
  6.8535  2.2108  0.5582  1.3595 17.8148
  5.2173  3.6395  0.9980  1.2369 32.6495
  4.9539  3.9954  0.9781  2.3053 36.5061
  5.5243  3.3861  0.9804  2.0383 29.9364
  6.2695  1.7784  0.9877  0.4751 13.6150
  5.0534  3.8263  0.9731  0.2394 34.6674
  5.9329  2.6260  0.9852  1.2006 21.9970
  6.0834  3.4937  0.9874  0.6655 31.0849
  5.7705  3.5261  0.9757  2.0668 31.4322
  4.8778  2.7739  0.9737  0.6291 23.5157
  4.6863  1.6703  0.9913  2.2533 12.5945
  6.0848  0.0190  0.9980  1.9181  0.0813
  4.3579  2.2113  0.9742  0.7569 17.8202
  5.1887  1.7743  0.9835  2.3375 13.5754
  5.1205  3.3318  0.9933  0.6267 29.3596
  5.7365  4.1416  0.9956  0.6685 38.1049
  4.0904  2.6174  0.9934  1.7649 21.9095
  4.6833  2.5094  0.9882  1.3349 20.8095
  4.8531  3.9471  0.9702  0.7191 35.9796
  4.9081  3.1745  0.9668  1.5788 27.6944
  5.4232  2.1085  0.9789  0.7419 16.8059
  4.8865  3.5817  0.9850  1.9058 32.0280
  4.9278  3.9388  0.9937  1.5086 35.8901
  5.6921  2.2972  0.9725  0.8024 18.6748
  5.4339  4.2585  0.9919  2.0666 39.3891
  4.4745  2.7046  0.9759  0.5118 22.8026
  5.6436  4.0075  0.9844  0.7789 36.6387
  5.9946  2.8170  0.9699  0.1076 23.9612
  5.1576  1.7034  0.9766  1.7632 12.9056
  5.5992  2.7835  0.9868  1.9031 23.6146
  5.0586  2.0963  0.9833  1.8902 16.6859
  4.7118  3.4264  0.9677  1.0205 30.3661
  5.8527  2.4524  0.9777  0.8825 20.2330
  5.4584  4.2955  0.9950  1.8627 39.7963
  4.8429  2.9130  0.9850  0.4252 24.9565
  5.4247  2.7435  0.9760  0.7630 23.2020
  4.6634  2.3445  0.9884  1.4439 19.1473
  5.3888  3.7976  0.9904  0.9214 34.3564
  5.7548  2.5278  0.9980  1.3441 20.9968
  5.0537  2.7835  0.9840  1.3932 23.6146
  5.3895  3.4552  0.9837  1.5009 30.6742
  6.9619  1.8474  0.6653  1.7944 14.2729
  5.4788  3.5307  0.9833  1.1289 31.4811
  5.3285  3.8682  0.9819  1.6052 35.1216
  5.4557  2.6842  0.9900  2.4563 22.5933
  4.9664  2.6080  0.9719  0.7301 21.8129
  5.4451  3.5173  0.9870  0.7713 31.3378
  6.1350  3.3056  0.9808  1.1304 29.0810
  6.6041  3.7120  0.8147  1.5644 33.4315
  5.0431  3.7761  0.9925  0.4563 34.1237
  5.6203  3.7379  0.9709  2.6757 33.7107
  3.6436  1.1384  0.9705  1.0565  7.8059
  4.8289  2.6538  0.9977  0.7694 22.2815
  6.2022  2.3516  0.9728  1.1666 19.2184
  4.9644  3.3572  0.9734  1.5752 29.6294
  4.2775  1.4992  0.9862  0.7524 11.0097
  4.8132  2.3773  0.9730  2.7672 19.4766
  5.2181  2.8494  0.9760  2.5534 24.2967
  4.8090  4.4893  0.9669  1.3895 41.9377
  5.6103  3.5822  0.9855  0.9237 32.0336
  6.0504  3.7428  0.9973  1.9938 33.7636
  5.3252  1.4318  0.9805  0.9752 10.3958
  4.4690  4.0507  0.9759  0.4527 37.1102
  4.7629  4.2549  0.9778  2.3714 39.3499
  5.3887  3.2726  0.9789  0.4709 28.7313
  5.2465  3.3377  0.9980  2.1610 29.4219
  5.8088  3.6866  0.9831  2.1888 33.1573
  5.8146  3.2756  0.9980  1.8109 28.7631
  5.4285  2.2903  0.9946  1.3410 18.6058
  5.2331  3.3234  0.9786  0.9665 29.2706
  5.8149  3.8927  0.9779  1.9105 35.3881
  4.4108  2.9375  0.9810  2.8499 25.2113
  5.2021  3.7168  0.9700  1.0450 33.4833
  4.4741  2.8327  0.9901  0.3013 24.1229
  5.4920  2.8051  0.9773  2.0107 23.8375
  5.1858  1.2807  0.9778  2.4006  9.0445
  5.8921  2.2237  0.9852  2.3601 17.9434
  5.2745  2.5869  0.9776  1.1030 21.5981
  3.8628  2.7007  0.9922  2.0530 22.7625
  5.8116  1.1357  0.9921  0.9210  7.7831
  4.1935  0.8643  0.9958  1.5504  5.5351
  5.6868  2.8794  0.9980  1.0516 24.6072
  4.9565  2.8788  0.9938  1.5127 24.6015
  5.7248  3.6446  0.9836  0.7791 32.7047
  5.2345  2.1622  0.9952  2.1711 17.3340
  6.1654  3.9830  0.9692  1.3394 36.3718
  5.1835  2.8572  0.9669  2.3021 24.3773
  5.3694  3.7883  0.9809  1.6596 34.2563
  4.9240  1.4657  0.9677  0.3489 10.7039
  6.0875  1.7533  0.9815  0.7000 13.3766
  4.4230  4.1374  0.9784  1.3375 38.0595
  6.0354  3.1839  0.9703  0.4688 27.7939
  4.9290  2.5694  0.9884  1.5021 21.4193
  5.5403  4.2188  0.9980  1.1060 38.9529
  4.3504  1.7329  0.9969  1.3027 13.1837
  3.9157  0.7531  0.9980  0.5744  4.6650
  4.3499  2.9746  0.9719  2.1101 25.5985
  4.8364  2.6025  0.9717  0.7084 21.7574
  5.4590  1.9036  0.9969  2.0754 14.8122
  5.1247  2.4530  0.9819  0.5577 20.2390
  6.0463  2.6906  0.9697  0.8566 22.6587
  4.8525  1.8035  0.9765  0.2203 13.8530
  4.8089  2.1851  0.9682  0.2062 17.5602
  4.4734  3.4137  0.9774  0.4791 30.2306
  5.6774  2.5276  0.9960  1.1160 20.9941
  4.7017  2.9272  0.9748  0.7298 25.1044
  5.0125  2.1929  0.9847  1.3468 17.6380
  6.9704  3.0638  0.7236  1.2980 26.5312
  5.1732  3.5179  0.9891  0.8151 31.3445
  4.7900  3.0990  0.9964  1.7619 26.9005
  5.0334  3.9896  0.9730  1.6751 36.4427
  5.8566  3.0070  0.9915  0.7377 25.9364
  5.5152  2.2429  0.9931  1.6688 18.1342
  4.5512  2.1673  0.9759  2.1678 17.3847
  5.5190  2.9763  0.9676  0.1186 25.6158
  4.0396  1.2105  0.9821  2.2596  8.4285
  5.2873  3.4211  0.9875  1.2415 30.3094
  4.8434  2.2360  0.9869  1.4968 18.0648
  5.4269  3.3762  0.9948  0.8414 29.8318
  5.4576  3.2445  0.9754  0.8270 28.4343
  5.3929  2.6944  0.9969  2.5492 22.6978
  6.5331  1.7306  0.7773  2.0346 13.1623
  5.1754  3.1184  0.9823  1.2728 27.1047
  5.3961  4.2837  0.9978  1.2972 39.6665
  5.7756  4.1676  0.9942  2.6940 38.3902
  5.4556  4.1132  0.9828  0.2472 37.7937
  4.4604  3.3185  0.9918  0.6560 29.2186
  4.8203  4.2461  0.9904  2.3890 39.2529
  6.5953  3.1154  0.7538  1.7078 27.0730
  5.3175  3.2235  0.9673  2.2720 28.2118
  4.1451  1.8622  0.9841  1.5264 14.4143
  6.0491  1.7863  0.9733  0.5029 13.6900
  5.2976  2.7424  0.9723  2.5332 23.1906
  6.5517  2.9744  0.9214  0.8653 25.5963
  5.0599  2.2196  0.9767  1.3873 17.9021
  5.4961  4.2168  0.9731  2.3605 38.9306
  5.0206  2.2940  0.9919  1.0052 18.6431
  4.8622  2.6657  0.9688  0.8393 22.4035
  6.1531  2.4384  0.9755  1.4562 20.0918
  5.2205  3.5145  0.9902  1.3841 31.3077
  5.4925  2.1286  0.9761  1.6700 17.0033
  5.6044  3.8154  0.9927  0.7388 34.5492
  5.4067  3.0658  0.9811  0.6506 26.5517
  5.7486  3.8182  0.9953  1.7537 34.5795
  6.1424  2.6324  0.9841  1.3149 22.0627
  5.4600  3.2762  0.9894  1.6051 28.7698
  6.1349  3.9354  0.9887  2.7008 35.8530
  4.3579  1.9839  0.9980  1.7811 15.5888
  4.4553  1.4977  0.9915  1.1570 10.9957
  5.1782  2.9552  0.9770  0.4788 25.3961
  4.7836  3.6058  0.9980  0.6355 32.2878
  4.7359  1.7593  0.9727  0.3676 13.4337
  5.1036  4.1862  0.9783  0.7935 38.5944
  5.8205  4.1716  0.9690  0.1933 38.4341
  6.0277  3.7977  0.9692  0.7892 34.3581
  5.7554  3.1985  0.9792  1.9892 27.9478
  5.6724  4.0671  0.9797  2.6199 37.2894
  5.6379  3.3138  0.9832  1.6989 29.1686
  4.0369  1.6709  0.9852  1.2682 12.6003
  5.3763  4.0085  0.9866  1.9021 36.6490
  4.8458  3.1229  0.9904  2.7386 27.1520
  5.6840  2.3549  0.9769  1.2241 19.2517
  6.1640  2.4098  0.9759  1.7481 19.8036
  6.7883  2.5565  0.7211  0.5147 21.2878
  5.6311  2.6351  0.9671  0.7581 22.0905
  5.5992  2.3438  0.9829  1.3194 19.1411
  4.7257  2.5517  0.9897  1.8272 21.2391
  5.6881  2.6190  0.9955  0.8068 21.9257
  5.5291  2.5741  0.9850  2.6927 21.4678
  6.9859  2.1549  0.4424  1.4977 17.2625
  5.3338  2.2174  0.9711  3.0693 17.8806
  5.4189  1.1275  0.9743  1.8979  7.7128
  5.4314  2.3585  0.9904  1.7959 19.2878
  6.3855  2.3409  0.9777  0.9401 19.1116
  5.7206  4.0180  0.9839  0.5563 36.7529
  5.4868  3.1858  0.9934  1.2805 27.8142
  5.2366  2.6280  0.9772  0.4902 22.0179
  5.8879  2.9266  0.9870  2.2496 25.0981
  5.0034  3.3643  0.9826  2.3723 29.7044
  6.2273  1.3144  0.9910  0.9512  9.3427
  6.1771  4.0153  0.9707  0.4353 36.7232
  4.6236  2.0528  0.9799  2.3547 16.2597
  5.8272  3.9121  0.9904  1.0067 35.5996
  5.7364  2.7220  0.9867  2.1717 22.9817
  4.8261  1.7418  0.9966  1.1013 13.2679
  5.2528  3.9890  0.9980  1.9603 36.4363
  6.0862  3.0954  0.9945  0.1947 26.8628
  6.2241  4.1901  0.9757  0.8620 38.6370
  5.2490  3.1084  0.9862  0.8461 26.9990
  5.4881  4.0224  0.9866  1.3387 36.8011
  5.1141  3.3988  0.9730  1.0004 30.0717
  5.5535  2.7132  0.9897  1.6933 22.8906
  5.2410  4.3681  0.9714  1.8385 40.5969
  5.2141  1.7868  0.9780  2.3555 13.6948
  6.0728  1.7989  0.9847  1.9934 13.8094
  5.9987  2.2337  0.9714  2.4967 18.0422
  4.4794  4.3542  0.9821  2.0862 40.4444
  5.7778  3.4088  0.9960  2.3526 30.1789
  5.3149  3.1536  0.9855  2.6081 27.4745
  5.7456  3.9828  0.9726  0.1779 36.3694
  5.0426  2.2556  0.9764  1.9798 18.2602
  4.5677  1.3520  0.9880  1.2867  9.6775
  5.1576  3.6798  0.9976  0.8160 33.0841
  5.1587  2.5994  0.9750  1.8521 21.7252
  5.4529  2.4524  0.8525  1.9260 20.2327
  6.7521  2.1522  0.6377  1.5590 17.2353
  5.5457  3.8931  0.9937  1.1782 35.3921
  5.6327  3.3885  0.9670  1.7903 29.9627
  5.2567  1.9136  0.9968  1.9883 14.9083
  4.9630  3.0227  0.9742  1.3430 26.1009
  6.0977  4.1971  0.9726  2.4844 38.7137
  5.4254  4.2996  0.9750  1.7281 39.8414
  6.2470  2.7974  0.9735  1.1031 23.7578
  4.3998  3.8268  0.9845  0.4692 34.6729
  5.3143  2.0386  0.9950  1.6975 16.1214
  4.7650  4.1708  0.9872  1.0871 38.4252
  5.7422  3.6001  0.9842  0.5026 32.2255
  5.5670  4.0580  0.9737  0.3123 37.1899
  6.6448  3.8611  0.6893  1.0534 35.0450
  5.2491  3.3553  0.9681  0.8316 29.6093
  5.1121  2.2787  0.9885  1.2629 18.4903
  4.7201  2.3923  0.9926  1.4281 19.6276
  5.3409  3.1145  0.9721  1.0252 27.0636
  5.5949  2.0509  0.9827  0.6384 16.2412
  6.0352  3.2992  0.9792  1.2185 29.0139
  6.0660  1.0619  0.9698  1.5748  7.1563
  4.8647  3.3316  0.9685  1.7307 29.3574
  3.7204  1.5426  0.9952  1.4623 11.4079
  4.4714  2.0099  0.9723  2.0218 15.8415
  5.5513  3.1333  0.9934  1.0081 27.2614
  5.1385  2.0957  0.9944  2.0371 16.6796
  5.6020  1.7822  0.9980  2.4179 13.6510
  5.8617  2.4218  0.9684  1.6243 19.9241
  4.6175  4.2733  0.9800  1.0418 39.5519
  4.2059  1.1045  0.9980  0.4423  7.5165
  4.4181  2.3383  0.9693  0.3477 19.0850
  4.2873  4.1295  0.9835  0.4013 37.9725
  6.6402  3.1227  0.6517  0.5674 27.1493
  5.5414  3.3324  0.9888  1.2834 29.3654
  4.4301  2.7565  0.9870  0.2803 23.3359
  5.5511  3.1792  0.9749  2.4421 27.7442
  5.9238  2.0329  0.9879  1.6183 16.0654
  4.9990  3.7304  0.9687  0.7685 33.6297
  4.3817  2.3458  0.9898  0.9116 19.1608
  5.3536  2.8272  0.9826  1.9648 24.0659
  6.0876  3.4415  0.9940  1.6401 30.5273
  4.7646  4.2868  0.9908  0.1774 39.7005
  4.9897  4.2796  0.9960  2.1410 39.6211
  5.1815  3.9627  0.9793  1.6269 36.1501
  5.1719  2.5086  0.9862  1.1093 20.8013
  3.5407  4.0302  0.9951  0.7890 36.8859
  6.0933  3.9878  0.9804  1.8197 36.4234
  5.6392  2.1616  0.9886  2.1600 17.3284
  4.5144  3.0558  0.9737  1.4709 26.4473
  5.3205  3.1221  0.9687  2.9061 27.1433
  6.3639  3.7913  0.9826  2.2239 34.2888
  6.0875  2.4707  0.9918  1.2035 20.4177
  6.0030  3.7970  0.9738  1.6092 34.3502
  4.5087  4.4640  0.9777  0.9013 41.6580
  5.6178  2.6442  0.9908  0.6882 22.1830
  4.9809  2.8657  0.9714  0.7352 24.4656
  4.6030  3.2062  0.9674  2.1519 28.0293
  4.2535  1.1755  0.9873  2.7889  8.1250
  5.2439  2.2182  0.9813  0.3238 17.8880
  5.6234  2.7001  0.9840  0.6279 22.7563
  5.6367  4.0407  0.9913  0.5645 37.0011
  5.3223  2.5703  0.9788  0.8228 21.4283
  5.3948  4.4258  0.9980  1.2441 41.2347
  5.3489  2.3176  0.9811  0.5861 18.8789
  5.1779  2.3428  0.9767  1.4524 19.1307
  4.9421  1.6340  0.9735  2.0430 12.2553
  5.0211  3.4513  0.9764  1.3300 30.6316
  5.3711  3.6664  0.9923  2.5662 32.9394
  5.0782  3.8750  0.9798  0.5038 35.1960
  5.3119  3.5954  0.9690  1.3782 32.1758
  5.2304  2.7385  0.9867  1.0816 23.1514
  5.2040  2.6981  0.9879  2.5347 22.7353
  6.0984  2.1933  0.9740  1.6436 17.6419
  6.1393  1.9165  0.9948  0.2771 14.9367
  5.1019  3.2436  0.9689  0.9205 28.4244
  3.5329  2.9987  0.9865  2.3247 25.8493
  5.1862  2.4707  0.9731  2.4244 20.4178
  5.3870  1.8736  0.9762  1.9607 14.5240
  4.6067  2.4810  0.9914  0.6744 20.5222
  5.2410  2.7484  0.9954  1.9775 23.2527
  5.4461  1.4756  0.9964  3.0070 10.7938
  5.4856  3.5680  0.9845  2.2608 31.8813
  5.0002  2.1852  0.9669  2.1157 17.5620
  5.9107  3.3328  0.9788  0.6031 29.3699
  5.3828  4.0596  0.9917  1.5127 37.2079
  4.8389  3.4407  0.9687  0.6895 30.5189
  5.5692  4.2786  0.9870  0.8366 39.6104
  5.9736  3.5431  0.9832  2.0718 31.6142
  5.0113  3.3973  0.9907  1.5776 30.0558
  5.2740  3.5498  0.9719  0.1718 31.6859
  6.1375  1.9314  0.9764  2.2427 15.0802
  4.5778  2.8622  0.9684  0.8088 24.4288
  5.1398  3.7965  0.9829  2.1090 34.3452
  5.1290  2.2527  0.9921  0.7053 18.2308
  5.5382  3.0757  0.9863  0.2291 26.6554
  5.2821  2.4777  0.9883  1.1890 20.4891
  5.5362  2.8200  0.9932  0.9974 23.9915
  5.7029  3.0036  0.9939  2.3298 25.9005
  4.7342  3.8745  0.9980  0.7925 35.1905
  5.4103  2.2868  0.9867  2.5513 18.5711
  4.5558  1.4961  0.9867  0.1575 10.9813
  3.9202  3.9288  0.9922  1.6035 35.7814
  5.1939  2.6292  0.9964  1.3492 22.0292
  5.2288  3.7873  0.9689  2.2155 34.2449
  4.0183  0.3422  0.9936  2.3490  1.7976
  4.4290  2.5325  0.9741  1.6890 21.0440
  4.5566  1.8603  0.9692  1.1605 14.3959
  3.6716  4.0819  0.9861  0.8976 37.4513
  3.9258  1.5804  0.9762  2.0277 11.7567
  3.9998  2.4566  0.9853  0.7112 20.2752
  6.5246  3.1388  0.7602  0.8941 27.3187
  5.4245  4.1764  0.9746  0.2548 38.4872
  6.1417  1.1526  0.9980  1.6037  7.9282
  4.7534  3.8877  0.9691  0.6071 35.3339
  5.8795  3.4257  0.9681  0.7346 30.3586
  5.5033  1.6761  0.9869  0.7231 12.6490
  4.9190  2.5478  0.9693  0.6441 21.1997
  5.7991  2.8858  0.9939  0.2980 24.6733
  5.7447  3.7383  0.9683  1.9584 33.7155
  3.8629  3.1089  0.9885  1.0967 27.0048
  5.9137  2.7403  0.9797  2.9329 23.1695
  5.9157  1.6338  0.9909  2.4026 12.2538
  5.1417  1.9398  0.9701  0.2858 15.1615
  5.1689  4.4681  0.9752  1.2428 41.7038
  5.1184  3.0031  0.9958  0.4708 25.8956
  6.1757  2.9764  0.9794  0.4447 25.6165
  4.9491  2.4010  0.9920  0.8068 19.7146
  5.1284  2.9492  0.9864  2.1264 25.3334
  5.2374  2.4923  0.9918  1.4640 20.6367
  5.3890  4.1415  0.9905  1.4517 38.1044
  4.4959  3.8225  0.9896  1.8456 34.6263
  5.1932  2.2742  0.9849  2.0345 18.4457
  4.1286  0.8653  0.9894  1.5365  5.5427
  5.2970  1.5258  0.9823  0.3275 11.2531
  4.8219  3.4735  0.9819  1.2953 30.8693
  6.5132  3.1924  0.7846  1.9559 27.8839
  4.3152  0.6948  0.9699  1.6176  4.2226
  6.3725  2.0300  0.9899  2.1216 16.0369
  5.0282  2.6443  0.9803  0.6482 22.1840
  4.3513  0.9205  0.9967  1.2981  5.9864
  5.7152  3.3812  0.9677  1.0347 29.8848
  4.6188  3.0001  0.9902  2.2471 25.8647
  5.4630  3.1140  0.9864  1.2459 27.0583
  4.9214  2.4915  0.9980  0.6948 20.6283
  4.6840  1.9995  0.9844  0.4338 15.7404
  4.3689  2.6788  0.9881  0.8584 22.5376
  3.7433  0.5752  0.9928  1.0892  3.3489
  4.4089  4.3680  0.9707  2.1880 40.5960
  5.0230  2.0514  0.9708  1.4664 16.2462
  5.6438  2.0196  0.9740  1.1413 15.9354
  5.7824  2.4804  0.9872  2.2853 20.5161
  4.7756  2.2983  0.9911  1.4943 18.6853
  5.0376  2.1951  0.9675  1.7327 17.6597
  4.1293  0.6216  0.9681  0.4556  3.6817
  4.5434  4.0012  0.9877  2.0782 36.5697
  5.2507  2.6514  0.9824  1.2448 22.2568
  5.2726  2.4405  0.9720  2.2923 20.1127
  4.5721  3.9811  0.9836  1.0786 36.3509
  5.7424  1.9699  0.9862  2.3797 15.4524
  4.8356  3.3207  0.9679  2.7110 29.2410
  6.4598  3.8499  0.8806  0.4699 34.9237
  5.4242  2.6123  0.9896  0.8805 21.8574
  5.4642  3.3161  0.9818  1.2157 29.1923
  5.2159  4.2252  0.9696  0.3177 39.0227
  6.1038  2.6199  0.9810  0.9089 21.9342
  5.0492  4.4491  0.9794  1.2867 41.4924
  5.3993  2.7201  0.9781  0.6961 22.9614
  4.9276  1.6744  0.9727  1.0385 12.6334
  5.6923  2.8119  0.9870  2.4618 23.9082
  3.7181  2.1313  0.9880  2.1398 17.0298
  5.1720  2.3078  0.9768  1.3896 18.7801
  5.2138  4.0877  0.9726  2.7641 37.5152
  5.0386  1.5560  0.9939  2.0420 11.5314
  5.2508  1.9620  0.9935  1.2797 15.3766
  5.3353  4.2039  0.9757  1.5563 38.7886
  5.5740  2.8947  0.9858  2.1668 24.7662
  4.5830  1.7141  0.9980  2.9177 13.0063
  4.6926  2.8871  0.9797  1.7429 24.6869
  5.3139  3.3737  0.9980  2.4903 29.8052
  5.1857  1.8988  0.9819  0.8938 14.7661
  4.7462  2.2183  0.9733  1.8594 17.8900
  4.6266  3.8825  0.9708  0.4328 35.2780
  5.4253  2.9570  0.9718  1.3702 25.4150
  5.1492  2.1627  0.9672  1.9659 17.3391
  5.4217  2.7461  0.9924  1.9950 23.2287
  5.3450  2.2428  0.9925  1.7952 18.1332
  5.5534  2.1586  0.9711  2.4244 17.2991
  5.7824  3.1301  0.9713  1.1423 27.2278
  5.2511  4.0769  0.9883  0.8117 37.3962
  4.7047  3.0616  0.9858  0.5416 26.5081
  4.6352  2.7416  0.9836  0.3319 23.1830
  5.1615  0.6735  0.9700  0.4992  4.0638
  5.5112  2.8528  0.9916  2.6351 24.3311
  4.8981  1.8506  0.9732  0.8929 14.3035
  5.3406  2.8010  0.9967  0.4165 23.7957
  5.9814  3.1441  0.9914  2.3792 27.3749
  4.3217  2.7919  0.9726  1.1196 23.7015
  6.3168  2.3919  0.9763  1.2231 19.6234
  5.2090  3.1674  0.9939  0.8793 27.6200
  6.9365  1.9862  0.9786  1.8089 15.6109
  5.2398  2.8729  0.9980  2.6743 24.5401
  5.4643  2.7819  0.9788  2.8021 23.5985
  5.3629  3.8545  0.9788  0.2350 34.9734
  4.5520  3.6268  0.9785  0.1983 32.5127
  5.0359  3.2619  0.9857  3.0272 28.6184
  5.9966  2.2083  0.9820  0.8701 17.7906
  5.5301  2.1296  0.9881  0.2001 17.0132
  5.1693  3.8913  0.9779  1.9526 35.3731
  6.8200  1.4618  0.6622  0.4720 10.6680
  5.5668  3.0713  0.9882  1.8796 26.6092
  3.9584  2.7329  0.9744  0.7437 23.0933
  4.6406  3.4193  0.9752  2.6285 30.2907
  6.8254  1.8084  0.9690  2.0624 13.8999
  5.2606  4.4955  0.9830  1.0090 42.0074
  6.6545  3.0190  0.6139  0.9241 26.0618
  5.9877  3.6372  0.9891  0.6313 32.6250
  4.7650  3.6998  0.9909  0.8645 33.2999
