  4.5644  3.4253  0.9875  1.9237 30.3546
  4.8181  1.1279  0.9947  0.3854  7.7163
  6.9343  4.0649  0.4633  1.7585 37.2654
  6.1531  1.2112  0.9812  0.7502  8.4348
  6.5617  2.5433  0.8766  2.2174 21.1535
  6.2718  2.1839  0.9825  0.5660 17.5493
  4.5726  2.5911  0.9735  1.0758 21.6403
  5.2148  2.0844  0.9980  1.6099 16.5692
  6.1614  2.8650  0.9770  1.4346 24.4584
  5.3488  1.9430  0.9979  2.2197 15.1921
  5.1600  2.4797  0.9724  1.7016 20.5091
  4.8470  1.9259  0.9731  0.8282 15.0271
  5.4790  1.7210  0.9942  1.3246 13.0711
  6.1199  3.5389  0.9698  2.1675 31.5692
  6.7925  1.4764  0.6675  2.1041 10.8009
  4.9511  1.5557  0.9813  0.8912 11.5288
  5.2195  3.3580  0.9704  1.0432 29.6378
  4.0425  3.0269  0.9796  0.6747 26.1445
  4.6887  3.6396  0.9767  2.3507 32.6503
  5.5825  2.6754  0.9762  0.9380 22.5028
  5.4385  2.5661  0.9907  0.9451 21.3855
  5.0751  3.1999  0.9899  1.8959 27.9625
  5.9967  1.6707  0.9676  0.3323 12.5981
  5.1065  2.8639  0.9861  2.1961 24.4462
  5.6963  3.2591  0.9878  0.2472 28.5889
  5.1123  0.9632  0.9913  1.3648  6.3352
  4.2524  0.6399  0.9797  0.5159  3.8153
  4.8955  3.2540  0.9683  0.3136 28.5343
  4.8356  2.9161  0.9771  2.3663 24.9889
  4.7731  2.6651  0.9955  1.3831 22.3972
  5.3253  2.5222  0.9853  1.1365 20.9399
  4.4913  1.8659  0.9894  0.7380 14.4502
  5.2979  3.4256  0.9855  1.2131 30.3580
  4.6595  2.3091  0.9890  0.7730 18.7934
  5.6607  1.6953  0.9768  1.0359 12.8298
  4.0757  3.2980  0.9794  2.3008 29.0011
  6.6409  2.5509  0.9835  0.5904 21.2309
  5.3435  3.3042  0.9951  1.9299 29.0664
  6.4787  2.8533  0.9759  1.0200 24.3367
  5.2599  1.7316  0.9877  2.6125 13.1715
  4.3049  3.6506  0.9742  0.2963 32.7689
  4.3970  3.2857  0.9891  1.8269 28.8699
  5.3755  0.2845  0.9711  1.2819  1.4499
  3.9768  1.5605  0.9806  1.0669 11.5727
  5.6209  3.5786  0.9863  0.8416 31.9955
  5.1040  1.1641  0.9870  0.9450  8.0270
  5.2982  1.5021  0.9753  0.8732 11.0357
  4.8812  3.5162  0.9810  1.3982 31.3263
  5.8019  1.8485  0.9980  1.2604 14.2833
  4.9152  2.7917  0.9920  1.9011 23.6991
  5.0732  2.0966  0.9946  0.9791 16.6886
  6.0511  1.5549  0.9707  0.8935 11.5212
  6.3143  4.4303  0.9894  2.3719 41.2852
  5.1327  3.2826  0.9899  2.2042 28.8369
  5.2491  2.5920  0.9764  1.0039 21.6499
  5.6218  1.4040  0.9907  1.3190 10.1442
  5.1237  1.1588  0.9790  0.4284  7.9808
  5.8263  2.1402  0.9709  0.1461 17.1172
  4.2179  1.8520  0.9785  2.7217 14.3171
  5.1935  2.5269  0.9774  1.9672 20.9875
  4.0575  2.0036  0.9685  1.4634 15.7800
  5.5892  1.4708  0.9971  2.5566 10.7500
  4.3999  1.2882  0.9980  2.1837  9.1100
  4.7034  3.7339  0.9784  0.8603 33.6677
  4.3986  4.2084  0.9748  0.9125 38.8380
  5.4679  4.4064  0.9728  1.7718 41.0209
  5.7236  3.1907  0.9958  1.4268 27.8660
  4.9564  2.2165  0.9764  0.6202 17.8718
  5.5735  1.8472  0.9695  1.4981 14.2705
  5.0203  1.3065  0.9823  1.1430  9.2727
  4.3758  4.4218  0.9888  2.1940 41.1913
  6.8224  2.9055  0.5394  0.9374 24.8786
  5.1069  2.1183  0.9726  1.8685 16.9016
  5.3794  3.0163  0.9758  1.7658 26.0334
  4.0872  4.2741  0.9980  0.5714 39.5612
  4.9606  2.9161  0.9776  1.0891 24.9888
  4.0181  3.8929  0.9770  1.3811 35.3901
  5.7754  1.7843  0.9980  0.7881 13.6704
  4.0266  1.6501  0.9822  1.9317 12.4056
  5.3916  3.9985  0.9685  1.7579 36.5408
  5.4430  3.3989  0.9834  0.6028 30.0731
  5.7628  3.2158  0.9871  0.4365 28.1302
  6.0856  2.7774  0.9705  1.0540 23.5515
  4.7867  1.8666  0.9722  2.0579 14.4569
  5.5746  1.0896  0.9920  0.9568  7.3897
  5.5117  3.4723  0.9822  1.0988 30.8568
  5.9835  2.7350  0.9943  1.6600 23.1144
  4.8245  1.4358  0.9714  0.1905 10.4315
  5.5393  3.9763  0.9705  0.6213 36.2979
  4.9573  4.4361  0.9977  0.5273 41.3490
  3.6581  3.4255  0.9675  0.6379 30.3569
  4.8209  3.7907  0.9797  1.1013 34.2824
  4.7890  2.7575  0.9930  1.1521 23.3470
  5.0607  3.9181  0.9919  1.5753 35.6644
  5.4019  2.9860  0.9980  1.9697 25.7169
  5.4257  4.0115  0.9916  1.5995 36.6826
  5.1558  4.2977  0.9974  1.5288 39.8207
  4.7432  3.2512  0.9744  1.1702 28.5054
  6.7978  1.3578  0.6911  2.1329  9.7295
  4.9626  0.6718  0.9787  2.3858  4.0508
  5.7215  2.3639  0.9673  0.6287 19.3420
  3.8421  1.5346  0.9961  1.3998 11.3340
  5.7157  3.2823  0.9813  2.6982 28.8343
  5.3028  2.0555  0.9755  2.0375 16.2863
  6.0256  2.6247  0.9876  1.1717 21.9834
  5.8523  2.4372  0.9866  1.0783 20.0792
  3.6632  1.0796  0.9881  1.6608  7.3056
  4.7985  4.0524  0.9907  2.0942 37.1287
  5.1243  2.7910  0.9668  1.8441 23.6917
  5.2869  1.9229  0.9788  0.6897 14.9983
  5.7709  3.8887  0.9775  0.4410 35.3447
  4.6222  1.2929  0.9836  1.6936  9.1520
  5.2119  3.6416  0.9980  1.4273 32.6719
  5.3289  3.5814  0.9790  2.1701 32.0249
  5.6981  2.0289  0.9749  1.1942 16.0262
  5.2626  1.5437  0.9910  2.0324 11.4180
  6.7842  2.5617  0.5639  2.1822 21.3408
  6.1553  2.0229  0.9685  2.4336 15.9684
  5.5983  3.2982  0.9809  1.4594 29.0033
  5.1769  2.1040  0.9885  2.0646 16.7612
  5.2067  2.9283  0.9822  0.5740 25.1161
  4.7137  1.3590  0.9677  0.1432  9.7401
  5.7079  3.4988  0.9746  2.0320 31.1402
  4.1874  3.2033  0.9965  1.0939 27.9990
  4.9290  3.2909  0.9787  0.0508 28.9253
  4.6161  0.3243  0.9744  1.1388  1.6880
  5.1614  2.8423  0.9797  1.4700 24.2222
  4.4528  2.6038  0.9721  1.0241 21.7706
  4.2533  4.4025  0.9809  1.6491 40.9772
  6.2267  2.2427  0.9793  0.5885 18.1321
  5.3003  2.4257  0.9979  2.2622 19.9640
  5.6981  1.6317  0.9853  2.3966 12.2337
  5.1000  4.3234  0.9668  0.6822 40.1045
  5.1426  2.1559  0.9968  0.4293 17.2722
  5.5653  3.8965  0.9777  0.4836 35.4296
  5.3003  2.3156  0.9809  1.4664 18.8587
  5.3963  2.2800  0.9784  1.0994 18.5025
  5.9131  1.4227  0.9761  1.6086 10.3137
  4.2337  2.2404  0.9722  0.6725 18.1093
  5.5614  3.0495  0.9681  2.8798 26.3812
  4.9858  2.6839  0.9777  0.8402 22.5896
  5.0990  3.7223  0.9887  2.5916 33.5419
  5.5574  2.2842  0.9719  0.3028 18.5445
  4.7667  4.0481  0.9980  2.1931 37.0822
  4.9067  2.7207  0.9711  0.9342 22.9673
  5.4745  0.7709  0.9774  2.1042  4.8018
  5.2478  3.4353  0.9672  2.6293 30.4616
  5.5195  3.4730  0.9787  1.6177 30.8635
  5.1582  2.2559  0.9938  1.2326 18.2625
  5.8722  3.5109  0.9958  1.1738 31.2690
  5.6466  3.3254  0.9731  1.5006 29.2918
  5.9403  3.3842  0.9790  1.1754 29.9167
  5.9576  1.8504  0.9761  1.6030 14.3015
  5.7610  2.6683  0.9742  1.5200 22.4301
  5.7105  1.4364  0.9921  2.1090 10.4371
  5.5002  1.8307  0.9722  2.9309 14.1130
  5.4361  3.3646  0.9935  1.8275 29.7082
  5.0620  3.5143  0.9715  0.9717 31.3056
  4.9683  1.8271  0.9854  0.3503 14.0784
  5.7757  3.4160  0.9759  1.0919 30.2552
  5.7643  3.2719  0.9756  0.4207 28.7239
  5.3021  2.0229  0.9910  1.1736 15.9680
  5.7709  2.7418  0.9905  0.4760 23.1848
  6.9758  0.9346  0.5988  1.2405  6.1016
  5.1561  2.3060  0.9845  1.0864 18.7624
  6.0773  2.6943  0.9730  2.3219 22.6970
  5.7205  1.3312  0.9979  0.7686  9.4915
  5.5875  2.7280  0.9751  0.3968 23.0427
  4.5151  2.6640  0.9955  1.8238 22.3858
  4.2465  4.4019  0.9676  0.2662 40.9712
  5.4673  4.3660  0.9880  0.2538 40.5737
  5.6078  1.4035  0.9919  1.2678 10.1400
  5.2102  2.8095  0.9740  1.8575 23.8833
  5.2843  0.9276  0.9980  0.9531  6.0441
  5.5804  2.2480  0.9670  0.5794 18.1840
  4.9918  0.7169  0.9945  1.1743  4.3886
  3.9561  3.0322  0.9797  1.3417 26.1999
  4.8304  2.3276  0.9920  0.8680 18.9783
  5.2632  1.4356  0.9776  1.7227 10.4299
  5.2967  3.0042  0.9845  1.8376 25.9069
  5.2435  1.6598  0.9855  0.0427 12.4963
  5.6475  3.0853  0.9832  0.7858 26.7561
  5.2557  0.7801  0.9784  1.0472  4.8732
  5.4638  2.3069  0.9711  0.8814 18.7709
  5.0034  4.1827  0.9965  0.6625 38.5564
  5.3707  0.2697  0.9848  2.2930  1.3633
  6.3512  0.5609  0.9804  1.7668  3.2475
  4.1367  1.4050  0.9980  2.0383 10.1533
  5.4423  1.4317  0.9962  0.6064 10.3942
  4.4554  1.7260  0.9784  0.7855 13.1185
  5.4643  3.4835  0.9705  1.0877 30.9762
  4.2819  2.0754  0.9844  0.4356 16.4811
  5.4016  3.3428  0.9708  0.5188 29.4765
  5.2726  3.5698  0.9891  2.8661 31.9003
  3.9661  2.6729  0.9947  2.9234 22.4766
  6.9919  3.1178  0.5041  2.0096 27.0982
  6.1905  2.4853  0.9727  1.7351 20.5660
  5.6039  3.2707  0.9913  1.6485 28.7109
  5.8461  2.2306  0.9709  1.3619 18.0120
  5.3086  3.8001  0.9849  0.1432 34.3834
  5.3423  1.6149  0.9855  1.6617 12.0776
  5.3198  1.8067  0.9818  1.0521 13.8839
  6.7563  2.7991  0.9287  1.9646 23.7753
  6.0165  1.3739  0.9907  1.2752  9.8738
  5.8810  3.3226  0.9980  1.8725 29.2615
  5.3697  3.1830  0.9836  0.5996 27.7843
  4.2011  3.3249  0.9698  2.3438 29.2857
  5.1023  2.0942  0.9756  0.2430 16.6651
  6.3823  1.7080  0.9691  0.8621 12.9488
  5.1197  2.3682  0.9809  0.5470 19.3849
  5.2225  2.0238  0.9866  2.5565 15.9769
  4.8714  3.4061  0.9858  0.7568 30.1496
  5.5873  3.3870  0.9980  0.3396 29.9468
  4.9159  2.7210  0.9846  0.4740 22.9706
  5.1785  1.8660  0.9783  1.2701 14.4504
  5.5160  1.8045  0.9667  1.8406 13.8633
  4.5562  3.3853  0.9737  1.3260 29.9285
  5.5329  2.2124  0.9798  0.3559 17.8309
  4.9810  3.2979  0.9892  2.7505 29.0001
  4.9603  3.0970  0.9788  2.9250 26.8791
  4.3066  1.5502  0.9733  1.3645 11.4784
  5.6751  1.1257  0.9848  0.6766  7.6971
  5.3180  3.3607  0.9856  1.7032 29.6661
  5.4709  2.7809  0.9716  0.9150 23.5878
  5.2103  1.7747  0.9712  0.6904 13.5799
  5.8740  2.6027  0.9960  0.3862 21.7586
  4.7112  3.5236  0.9940  2.1868 31.4051
  4.4632  3.9995  0.9764  0.9202 36.5511
  5.2565  4.2792  0.9980  0.9157 39.6171
  4.8064  1.6801  0.9751  1.7803 12.6869
  5.4375  0.5480  0.9808  1.5253  3.1565
  4.9558  3.0089  0.9926  2.3459 25.9561
  4.1077  2.7766  0.9922  2.8752 23.5434
  5.7835  2.5052  0.9830  1.3259 20.7675
  6.4433  2.0838  0.8798  1.6425 16.5634
  6.3276  1.1255  0.9745  0.8506  7.6955
  5.5033  0.9028  0.9838  0.8368  5.8440
  5.3448  0.9028  0.9760  1.9422  5.8435
  6.0036  0.8695  0.9697  2.1473  5.5766
  6.0068  3.6302  0.9980  1.4305 32.5495
  5.9507  3.2435  0.9827  2.0113 28.4233
  5.4450  3.4780  0.9721  0.2508 30.9168
  4.7758  2.1210  0.9950  0.8633 16.9281
  5.3763  4.3618  0.9686  1.9766 40.5277
  4.9054  2.6743  0.9967  1.5445 22.4912
  6.0326  1.0809  0.9907  0.9601  7.3167
  5.2533  2.3150  0.9856  0.4468 18.8525
  5.4681  2.3838  0.9699  1.5718 19.5422
  5.9076  2.6366  0.9674  0.4200 22.1052
  6.5114  2.0749  0.9847  0.4630 16.4765
  5.7097  3.7195  0.9973  0.3896 33.5121
  5.3288  4.2995  0.9906  0.6498 39.8411
  5.2476  2.4368  0.9695  0.9330 20.0759
  6.2093  0.6603  0.9963  2.3048  3.9656
  5.8886  4.0829  0.9919  1.1774 37.4620
  6.1749  0.7464  0.9758  0.6762  4.6131
  5.8819  3.6071  0.9871  2.3483 32.3015
  5.0523  1.2486  0.9697  2.9262  8.7613
  3.5654  2.7304  0.9773  2.2711 23.0678
  4.9943  1.4293  0.9834  0.3819 10.3726
  5.7296  2.3062  0.9931  0.6422 18.7640
  5.2431  2.4265  0.9850  1.6815 19.9714
  5.2231  1.9240  0.9703  0.1610 15.0086
  5.1468  0.9043  0.9819  0.5900  5.8557
  6.4275  2.3789  0.9795  0.5613 19.4931
  5.7208  3.1965  0.9928  2.2202 27.9264
  5.9429  4.1502  0.9674  2.2462 38.1996
  5.2312  0.8213  0.9748  1.5623  5.1949
  5.2243  1.7341  0.9833  1.5222 13.1952
  5.5449  1.8252  0.9980  0.7934 14.0606
  5.0934  0.4068  0.9786  2.8291  2.2053
  5.1507  0.4219  0.9755  2.9717  2.3034
  6.5841  1.0888  0.8321  2.0782  7.3836
  5.6639  3.8735  0.9769  0.8265 35.1802
  4.5699  4.3541  0.9879  1.8552 40.4433
  6.0910  1.9026  0.9974  0.6154 14.8026
  5.7109  3.2648  0.9730  1.8857 28.6492
  5.1348  3.9521  0.9892  1.6353 36.0341
  5.2871  1.6263  0.9959  0.9954 12.1836
  4.6778  3.7875  0.9711  1.4279 34.2469
  4.3355  3.6997  0.9679  0.8520 33.2982
  6.2025  0.9702  0.9779  2.8234  6.3924
  5.1349  1.4314  0.9898  1.9104 10.3923
  3.9100  3.2525  0.9901  1.6198 28.5189
  5.7622  2.9888  0.9717  2.2453 25.7468
  4.8566  3.0987  0.9821  2.3653 26.8972
  4.6744  1.5161  0.9793  2.8493 11.1641
  5.1706  2.9832  0.9880  1.8183 25.6876
  5.4649  3.7215  0.9771  0.9090 33.5340
  5.4308  1.9329  0.9778  0.5844 15.0944
  4.7386  2.1220  0.9909  2.2555 16.9384
  5.1372  3.2274  0.9733  1.1465 28.2537
  5.1833  2.2701  0.9729  2.5126 18.4047
  5.0871  3.1679  0.9800  1.1053 27.6247
  5.9740  3.8738  0.9922  2.5470 35.1831
  4.0028  4.0161  0.9737  2.5626 36.7323
  5.5195  1.9071  0.9883  0.4564 14.8456
  5.5852  1.8336  0.9810  2.7075 14.1405
  6.1410  3.4138  0.9829  1.6887 30.2318
  4.7351  2.3724  0.9883  1.5095 19.4270
  5.9752  0.9352  0.9956  1.7887  6.1062
  4.9563  2.4762  0.9733  1.8619 20.4736
  5.2906  1.8712  0.9939  0.9445 14.5007
  5.6657  2.9858  0.9669  2.2138 25.7151
  5.3807  2.3767  0.9749  0.2831 19.4702
  5.3571  2.1662  0.9679  2.9077 17.3736
  6.1761  1.3964  0.9817  1.5613 10.0762
  3.6109  2.3389  0.9943  1.5736 19.0914
  6.6507  2.7559  0.6040  1.2552 23.3305
  4.6563  4.2311  0.9844  2.7127 39.0881
  5.5440  2.8307  0.9942  2.1080 24.1021
  5.2505  1.5449  0.9720  0.9770 11.4295
  4.9070  3.3965  0.9958  0.4282 30.0476
  4.4611  2.4847  0.9707  2.0444 20.5596
  5.1065  2.2381  0.9949  1.5733 18.0863
  5.1887  1.2702  0.9980  1.6899  8.9514
  5.1038  1.2423  0.9672  1.9712  8.7065
  4.5957  3.6184  0.9980  1.4160 32.4225
  4.8624  2.4351  0.9980  0.9543 20.0588
  5.2552  1.5002  0.9672  2.5991 11.0188
  5.3687  2.9469  0.9794  0.3487 25.3091
  4.4649  2.4513  0.9818  1.8738 20.2218
  5.4921  3.0249  0.9820  1.1195 26.1233
  5.7990  2.8942  0.9684  1.2036 24.7609
  5.5718  1.8254  0.9754  1.0645 14.0628
  5.5350  2.4019  0.9792  1.6657 19.7241
  5.5562  3.9938  0.9934  0.7855 36.4886
  6.0491  3.1793  0.9759  2.4055 27.7454
  5.9136  3.0268  0.9676  1.9749 26.1434
  4.7950  4.0274  0.9888  1.2004 36.8557
  5.2543  3.4402  0.9779  1.1835 30.5132
  4.0307  3.7153  0.9677  0.6323 33.4667
  6.5752  1.5777  0.8911  2.1264 11.7324
  5.2078  3.0498  0.9980  1.1929 26.3843
  4.2655  3.3763  0.9888  2.1398 29.8320
  4.9885  2.6905  0.9948  0.7090 22.6573
  5.4190  4.1703  0.9822  2.7857 38.4197
  5.2122  1.8707  0.9778  1.5449 14.4962
  5.2129  1.5016  0.9861  2.2768 11.0316
  5.0158  1.6530  0.9711  0.7571 12.4324
  6.0245  3.0651  0.9980  1.0358 26.5448
  5.7694  1.5315  0.9781  1.1390 11.3054
  4.4160  3.0250  0.9855  0.7697 26.1251
  4.9987  0.6598  0.9812  2.2576  3.9623
  5.3584  2.6560  0.9980  0.9672 22.3042
  6.4184  1.2842  0.9850  1.1899  9.0748
  6.0253  2.2837  0.9980  1.9857 18.5397
  5.3891  2.4691  0.9814  1.2008 20.4017
  4.8913  3.6306  0.9776  0.8050 32.5538
  6.6985  3.6542  0.9320  1.9940 32.8078
  5.2637  2.5324  0.9904  1.9487 21.0438
  5.4457  3.7652  0.9684  1.1947 34.0057
  5.4713  1.9249  0.9919  1.5884 15.0178
  5.8809  1.3780  0.9923  2.1369  9.9100
  5.8419  2.4962  0.9727  2.0375 20.6759
  4.8093  3.1733  0.9678  2.7725 27.6818
  5.7640  3.0118  0.9733  0.7365 25.9871
  5.4513  2.6892  0.9801  0.4500 22.6442
  5.0597  1.3891  0.9913  1.5188 10.0101
  4.8073  3.8274  0.9764  0.9712 34.6797
  4.0991  4.1967  0.9931  0.4481 38.7103
  5.3622  4.2949  0.9802  1.1024 39.7902
  5.5591  2.5979  0.9787  1.2924 21.7100
  5.3082  3.5203  0.9944  1.7730 31.3697
  5.6500  1.1883  0.9882  1.1646  8.2360
  5.0281  3.2310  0.9980  2.1372 28.2918
  4.8952  1.3091  0.9737  0.1038  9.2957
  5.5259  2.5474  0.9918  2.3155 21.1957
  6.4294  0.4376  0.9945  1.2780  2.4062
  4.9396  1.6144  0.9705  1.1730 12.0725
  4.7617  2.5684  0.9669  0.4730 21.4091
  5.1037  3.7227  0.9707  1.0390 33.5463
  4.6107  3.2176  0.9783  0.6328 28.1501
  4.3420  4.4054  0.9980  0.5020 41.0093
  6.0481  1.3811  0.9751  2.0985  9.9378
  4.0892  1.3341  0.9900  0.5267  9.5181
  5.9651  2.8791  0.9950  2.1287 24.6044
  4.6397  3.3507  0.9676  0.7838 29.5606
  5.4446  2.0602  0.9667  2.5993 16.3322
  5.9601  3.1498  0.9827  0.5158 27.4351
  5.4769  3.9472  0.9883  0.3658 35.9808
  5.8193  1.0251  0.9796  1.3960  6.8473
  5.7752  0.5779  0.9727  0.1825  3.3678
  5.4804  4.4553  0.9725  0.3397 41.5614
  4.1167  3.6768  0.9725  0.2031 33.0518
  5.7775  0.3361  0.9947  1.5116  1.7600
  5.5075  4.3505  0.9799  0.1287 40.4027
  5.4538  3.7742  0.9934  0.5338 34.1037
  6.7023  2.3763  0.9138  0.0868 19.4661
  5.7485  3.4071  0.9943  0.7259 30.1600
  3.6364  1.9316  0.9857  2.0284 15.0823
  5.5223  3.4299  0.9692  0.9888 30.4035
  4.8719  2.6677  0.9901  0.9576 22.4238
  5.8116  1.3391  0.9849  1.8415  9.5622
  5.5600  3.6252  0.9928  1.1444 32.4962
  5.4186  3.4488  0.9694  1.3865 30.6057
  4.8962  1.2961  0.9967  0.8077  9.1806
  4.8031  1.9724  0.9917  0.7925 15.4773
  6.6204  3.7585  0.7783  0.1812 33.9335
  4.0428  1.8357  0.9980  0.1661 14.1604
  4.6940  3.1820  0.9848  1.5136 27.7734
  4.4420  2.0319  0.9704  0.9059 16.0558
  4.9019  4.4455  0.9725  1.0212 41.4532
  4.9742  0.9504  0.9929  2.3796  6.2303
  4.2148  3.9307  0.9879  1.6519 35.8015
  5.2201  0.7126  0.9743  2.3466  4.3566
  5.3744  1.3841  0.9980  0.2507  9.9656
  6.5228  0.5473  0.9584  1.2308  3.1519
  5.4353  2.3526  0.9980  1.5475 19.2284
  5.4179  0.9605  0.9743  1.6456  6.3134
  5.3890  3.4946  0.9962  0.4007 31.0951
  5.2464  0.8915  0.9696  0.9444  5.7526
  5.3781  2.9948  0.9843  1.7200 25.8086
  4.3836  2.1573  0.9853  1.2519 17.2856
  5.8456  1.4017  0.9743  1.2328 10.1232
  5.3454  3.2005  0.9951  1.5271 27.9690
  5.6096  0.7900  0.9951  1.9482  4.9495
  4.9065  2.0696  0.9887  1.4695 16.4240
  3.5837  3.7944  0.9804  0.3186 34.3219
  4.8464  3.0359  0.9785  0.9809 26.2391
  5.7107  0.9754  0.9762  0.9846  6.4356
  6.1889  1.7478  0.9831  0.8344 13.3246
  4.0672  1.8939  0.9911  1.9463 14.7184
  6.5422  3.8686  0.8756  0.7452 35.1265
  5.5194  4.1569  0.9876  0.9214 38.2729
  3.7796  0.8848  0.9965  1.8169  5.6989
  5.0526  3.9035  0.9765  0.1770 35.5054
  5.2866  1.9303  0.9834  1.3943 15.0694
  4.8414  4.4859  0.9780  1.0052 41.9002
  6.5460  1.4624  0.9082  1.6828 10.6730
  5.6395  3.7809  0.9959  0.3604 34.1757
  5.3755  2.1056  0.9883  1.9418 16.7774
  6.1491  1.6254  0.9974  0.6573 12.1755
  6.0706  1.6689  0.9687  1.2878 12.5816
  5.8551  3.7533  0.9868  0.4960 33.8777
  5.3554  3.9778  0.9815  1.8790 36.3149
  5.9437  3.2866  0.9669  0.9411 28.8801
  5.1011  1.2885  0.9756  0.9409  9.1129
  5.6378  0.8540  0.9838  1.6931  5.4527
  3.5240  2.1527  0.9743  0.6834 17.2408
  5.9010  2.3261  0.9697  0.4255 18.9633
  4.9103  2.7227  0.9781  2.0921 22.9880
  5.3676  0.5817  0.9917  2.4751  3.3951
  6.8145  1.5642  0.5215  1.6849 11.6069
  5.9232  0.1526  0.9917  2.5936  0.7193
  4.7734  3.1031  0.9779  2.3149 26.9439
  4.7706  0.6330  0.9967  0.9559  3.7651
  5.1124  2.3304  0.9980  2.1858 19.0063
  4.7110  1.6888  0.9980  2.1666 12.7680
  5.2879  1.3966  0.9822  2.9430 10.0778
  5.2377  1.6544  0.9671  1.1899 12.4455
  5.6875  3.6543  0.9884  2.6365 32.8086
  4.7232  0.6541  0.9627  0.1745  3.9200
  6.0244  1.1476  0.9798  1.5606  7.8845
  4.5284  3.3506  0.9754  1.3079 29.5593
  5.7228  2.7964  0.9760  0.6948 23.7477
  5.3545  2.9213  0.9828  1.0829 25.0425
  6.2700  3.7225  0.9746  0.2263 33.5444
  4.0842  0.6197  0.9900  1.1322  3.6681
  4.4625  1.9998  0.9804  1.0804 15.7435
  5.9317  2.8387  0.9980  0.8270 24.1852
  5.3654  4.3927  0.9803  1.8081 40.8691
  4.9514  2.9547  0.9820  2.0050 25.3902
  5.3684  2.5303  0.9874  1.4097 21.0223
  5.5888  2.0062  0.9919  0.8056 15.8056
  5.2127  2.1856  0.9790  0.7685 17.5661
  5.5880  2.7046  0.9703  1.9239 22.8028
  5.2721  1.3324  0.9682  1.9365  9.5024
  5.4571  4.3603  0.9896  0.6005 40.5118
  6.2683  1.3311  0.9975  1.1770  9.4910
  5.2560  3.3320  0.9890  1.1716 29.3614
  3.5613  1.3470  0.9871  1.2665  9.6330
  6.0067  1.0189  0.9713  0.5793  6.7957
  5.9185  1.2833  0.9877  0.5287  9.0668
  5.0323  1.0797  0.9806  2.0508  7.3059
  5.3196  2.4871  0.9716  1.2040 20.5837
  5.2396  3.3851  0.9963  0.6961 29.9267
  5.4224  3.3676  0.9980  1.5862 29.7401
  5.1643  3.1409  0.9785  1.5720 27.3406
  6.8635  2.0373  0.5402  1.3869 16.1082
  5.5748  4.0883  0.9802  0.4946 37.5209
  5.0417  3.5671  0.9980  2.3296 31.8720
  5.4399  2.9031  0.9892  2.0902 24.8537
  4.8012  1.2284  0.9894  1.4423  8.5852
  5.1754  2.7575  0.9792  2.3101 23.3467
  5.6638  2.5996  0.9834  1.7683 21.7270
  5.2323  1.3945  0.9867  0.7645 10.0583
  5.4870  2.8143  0.9673  2.3152 23.9334
  5.3971  3.7952  0.9976  2.3809 34.3310
  5.5821  3.4978  0.9766  0.1863 31.1288
  4.9462  1.5305  0.9801  2.3354 11.2966
  4.6800  2.2550  0.9688  1.8033 18.2536
  5.5868  1.7191  0.9823  0.0647 13.0537
  5.2127  3.1802  0.9758  1.4982 27.7548
  4.6252  3.2948  0.9930  0.4624 28.9671
  4.9771  1.1473  0.9743  0.1017  7.8828
  5.2450  2.8483  0.9957  0.3886 24.2852
  3.6096  2.9519  0.9904  1.3705 25.3613
  5.5308  3.8103  0.9786  1.3874 34.4938
  5.1844  3.5307  0.9973  1.4902 31.4817
  6.4027  3.0513  0.9949  0.8078 26.3996
  5.4922  2.1631  0.9835  2.1070 17.3433
  4.7876  3.1723  0.9745  0.8773 27.6712
  4.7729  4.4762  0.9714  0.5976 41.7934
  4.0197  2.9726  0.9681  1.6955 25.5771
  5.8755  1.4006  0.9970  1.6080 10.1139
  5.7607  1.4712  0.9743  0.1122 10.7534
  5.5662  1.8658  0.9906  1.1114 14.4489
  4.9704  2.1834  0.9980  1.9512 17.5437
  4.6492  3.3197  0.9940  0.2186 29.2305
  5.4960  4.4491  0.9764  0.3826 41.4925
  4.5324  2.4775  0.9905  2.2238 20.4867
  5.9296  3.5970  0.9919  2.1201 32.1930
  5.1863  2.4868  0.9875  1.6605 20.5805
  6.0649  1.6318  0.9729  2.4648 12.2346
  5.2116  1.6845  0.9957  2.4749 12.7279
  4.6922  1.1018  0.9745  0.7401  7.4939
  6.0807  3.3756  0.9694  1.2200 29.8246
  4.8797  0.4515  0.9933  1.5880  2.4980
  4.0669  3.9634  0.9850  1.4914 36.1575
  5.1288  3.3022  0.9875  1.9768 29.0456
  5.1611  2.4088  0.9980  0.3828 19.7935
  5.6644  1.8104  0.9771  0.4042 13.9196
  5.1174  1.1254  0.9671  0.8779  7.6943
  5.3392  4.1801  0.9945  0.9586 38.5275
  4.7974  1.0690  0.9771  0.9865  7.2157
  6.0227  4.2030  0.9968  1.8557 38.7792
  3.6537  3.9468  0.9708  1.5721 35.9766
  5.2076  3.4565  0.9917  2.3417 30.6877
  5.4803  1.5145  0.9980  1.6696 11.1499
  5.0693  3.5615  0.9980  0.4150 31.8117
  4.9367  3.3142  0.9898  2.7730 29.1727
  3.6295  1.7451  0.9969  1.1293 13.2992
  4.8007  4.0177  0.9972  0.6856 36.7500
  3.9900  0.3833  0.9819  1.0567  2.0547
  5.8431  1.4234  0.9980  1.4024 10.3197
  4.9772  2.1107  0.9853  2.2659 16.8268
  4.4555  1.9589  0.9732  2.5973 15.3459
  6.3441  1.6709  0.9820  3.0824 12.6005
  5.1929  3.6759  0.9907  0.7410 33.0416
  5.7073  1.8196  0.9696  0.6701 14.0071
  5.7629  1.6423  0.9857  1.1925 12.3331
  5.9466  2.9729  0.9745  1.0853 25.5800
  5.1674  4.2443  0.9709  2.2106 39.2332
  3.6480  4.4151  0.9824  1.5496 41.1164
  6.2053  2.0650  0.9731  1.1958 16.3796
  4.7437  1.5478  0.9836  1.5361 11.4559
  4.2042  3.3134  0.9828  2.2955 29.1642
  5.2892  2.5454  0.9838  0.7400 21.1759
  5.2313  0.5915  0.9897  1.9489  3.4650
  4.7590  3.9763  0.9859  1.4901 36.2983
  4.3588  3.9840  0.9906  0.7956 36.3821
  5.7330  2.3475  0.9770  0.9026 19.1779
  6.2271  2.1723  0.9843  1.8715 17.4342
  5.6766  0.9177  0.9864  2.2348  5.9637
  5.2340  3.2909  0.9980  1.9335 28.9254
  5.2848  1.4717  0.9899  0.9676 10.7578
  5.6073  1.7319  0.9776  2.8212 13.1747
  4.0542  1.5358  0.9941  0.6708 11.3453
  5.8451  2.2928  0.9961  1.9567 18.6306
  4.9804  1.7465  0.9788  2.7682 13.3127
  4.7070  3.2858  0.9869  1.8309 28.8714
  4.9102  2.3801  0.9886  1.8075 19.5046
  5.7088  3.8393  0.9756  1.0800 34.8090
  5.4731  2.3333  0.9860  1.7497 19.0354
  4.9581  4.1514  0.9776  0.3484 38.2122
  4.7953  2.4860  0.9793  1.5759 20.5727
  3.5839  3.1605  0.9745  0.5281 27.5476
  5.4507  4.0379  0.9822  1.2662 36.9705
  5.3262  0.5629  0.9826  1.6195  3.2611
  5.6575  2.9228  0.9726  1.2902 25.0584
  6.1161  3.1351  0.9973  0.8483 27.2796
  5.1369  3.5383  0.9726  1.5377 31.5626
  5.5410  3.5005  0.9670  0.8517 31.1585
  5.1376  3.1903  0.9951  1.7405 27.8611
  5.5468  1.5836  0.9751  0.3412 11.7869
  4.5692  0.9914  0.9911  0.8242  6.5676
  3.9617  3.9647  0.9885  1.3238 36.1718
  5.2469  2.0297  0.9746  1.7500 16.0339
  5.2545  4.4711  0.9734  0.9689 41.7369
  5.5316  3.1799  0.9976  1.1196 27.7522
  3.6689  1.4559  0.9948  0.7974 10.6142
  4.6100  2.2506  0.9961  2.3888 18.2107
  5.1709  4.3066  0.9899  1.4268 39.9187
  5.5389  2.1793  0.9778  0.9918 17.5034
  5.6922  4.4651  0.9739  1.2216 41.6698
  4.2445  1.7602  0.9694  1.0881 13.4418
  4.7804  2.8048  0.9805  2.4254 23.8348
  4.9539  4.0497  0.9850  1.4587 37.0996
  5.5598  3.2302  0.9724  1.5902 28.2824
  5.2365  3.9062  0.9751  1.8120 35.5349
  4.6845  4.2909  0.9868  1.5303 39.7456
  6.4995  2.8792  0.9606  2.3397 24.6055
  5.5050  4.1244  0.9678  0.3579 37.9168
  5.4804  2.5813  0.9699  1.7936 21.5405
  5.7236  2.8268  0.9963  0.3803 24.0619
  5.3447  4.1140  0.9943  2.0343 37.8028
  5.2481  2.9968  0.9980  1.4308 25.8296
  5.0885  2.8637  0.9715  0.2388 24.4441
  4.5996  1.6358  0.9914  2.0893 12.2724
  5.4584  1.2336  0.9698  0.7969  8.6301
  4.6028  4.1007  0.9899  1.3062 37.6568
  4.2112  1.0975  0.9775  1.2886  7.4573
  4.5102  2.8532  0.9711  0.2111 24.3359
  5.3251  3.5455  0.9843  1.2836 31.6402
  5.3985  3.6797  0.9815  1.4186 33.0833
  5.9056  2.3950  0.9778  1.8874 19.6544
  6.6819  2.2881  0.8973  1.0532 18.5835
  5.0904  2.4970  0.9742  0.9804 20.6841
  4.0453  1.0664  0.9938  2.4940  7.1939
  5.7016  1.4184  0.9760  1.5288 10.2743
  5.4183  1.5093  0.9925  2.1558 11.1018
  5.3585  3.6140  0.9854  2.5574 32.3756
  5.3600  2.2767  0.9896  0.2978 18.4699
  6.1174  1.1352  0.9841  0.6721  7.7787
  5.5655  2.1794  0.9980  1.0564 17.5045
  6.2000  1.5958  0.9754  1.6831 11.8997
  5.3737  2.3209  0.9826  1.0354 18.9112
  5.6972  3.9226  0.9906  0.3767 35.7129
  5.2887  3.2633  0.9833  0.8735 28.6330
  5.4969  2.0107  0.9714  0.9827 15.8493
  3.7347  1.7163  0.9832  2.2636 13.0267
  6.7968  2.4670  0.9383  2.1445 20.3811
  5.0497  2.2604  0.9882  2.5300 18.3077
  5.4991  1.5502  0.9965  1.5009 11.4780
  5.8328  1.9576  0.9929  1.6658 15.3340
  5.4358  0.6660  0.9876  0.4099  4.0078
  5.0588  2.8351  0.9923  0.4010 24.1482
  3.6423  3.3313  0.9797  0.3234 29.3542
  5.8440  3.4753  0.9804  1.1962 30.8889
  5.7637  2.2046  0.9738  0.5253 17.7534
  5.4556  2.4332  0.9965  0.8665 20.0389
  4.2566  3.6667  0.9966  2.8806 32.9431
  6.1534  1.8940  0.9863  1.4896 14.7197
  4.5991  2.4696  0.9760  0.8487 20.4069
  6.1696  2.4848  0.9979  1.2864 20.5605
  5.4096  2.9113  0.9913  1.2446 24.9391
  5.7743  1.1803  0.9721  0.9448  8.1671
  4.4930  1.8984  0.9967  0.6195 14.7619
  5.2332  3.1201  0.9793  1.8498 27.1216
  6.7202  3.7428  0.7780  0.2990 33.7641
  4.1180  3.2018  0.9911  0.5208 27.9828
  6.0304  2.3921  0.9767  1.3068 19.6257
  4.4337  0.8333  0.9719  0.1510  5.2894
  5.9988  1.8014  0.9978  1.0083 13.8337
  4.2018  2.9787  0.9962  1.0645 25.6408
  5.2888  2.0074  0.9891  0.7942 15.8170
  5.2659  0.4494  0.9807  1.9502  2.4841
  4.6957  2.6811  0.9828  2.7348 22.5613
  5.1955  2.9494  0.9713  2.2877 25.3354
  5.9695  2.2286  0.9746  2.9262 17.9921
  3.9457  3.5876  0.9760  1.5444 32.0915
  5.2675  3.2169  0.9679  2.0000 28.1426
  4.1011  1.1413  0.9787  1.7444  7.8311
  5.9639  1.7005  0.9833  1.2331 12.8782
  4.7785  1.8258  0.9738  0.6922 14.0660
  4.6794  1.3789  0.9749  0.2771  9.9187
  5.0641  2.1784  0.9695  1.1031 17.4942
  4.4758  2.9701  0.9955  1.8730 25.5514
  4.5192  1.3891  0.9809  1.1626 10.0097
  5.6896  2.1442  0.9980  1.0843 17.1572
  5.7256  3.4776  0.9669  0.3281 30.9131
  5.2929  3.2589  0.9718  0.8509 28.5864
  3.7551  1.0457  0.9980  1.4731  7.0197
  4.2835  1.6440  0.9953  2.0785 12.3491
  6.2435  2.2031  0.9811  2.9604 17.7389
  5.8684  1.6126  0.9851  0.7926 12.0561
  5.1208  4.2401  0.9913  1.9244 39.1863
  4.6770  3.5859  0.9704  2.1834 32.0739
  6.1865  0.9606  0.9957  0.9363  6.3142
  5.3279  3.4474  0.9793  2.5600 30.5906
  5.1659  2.0970  0.9965  1.2126 16.6922
  5.2837  3.2006  0.9969  1.0613 27.9699
  5.1566  2.9879  0.9831  1.7685 25.7373
  4.7743  2.4036  0.9898  2.2233 19.7413
  5.8298  2.9751  0.9970  1.5716 25.6032
  5.2642  3.1756  0.9803  0.2953 27.7059
  5.1542  3.4157  0.9737  1.7401 30.2522
  5.1645  2.7645  0.9879  1.1207 23.4192
  5.2257  1.0267  0.9760  1.3963  6.8606
  5.9791  2.5106  0.9687  1.7054 20.8220
  5.8070  2.3601  0.9918  2.0885 19.3042
  5.3806  1.7109  0.9908  1.0604 12.9761
  5.1613  1.3549  0.9787  2.5665  9.7032
  5.0945  3.3715  0.9761  0.8644 29.7813
  3.5335  3.5501  0.9978  2.0392 31.6890
  5.6196  3.5583  0.9672  1.8158 31.7769
  5.2299  2.1197  0.9813  1.8618 16.9160
  6.1302  3.5636  0.9831  1.1080 31.8340
  4.3893  0.8219  0.9871  1.1091  5.1995
  3.6940  3.8120  0.9712  2.0829 34.5130
  4.5745  4.0925  0.9955  0.6021 37.5669
  5.2722  3.3388  0.9858  1.6470 29.4342
  5.3297  1.8692  0.9964  2.5777 14.4818
  5.8080  3.0222  0.9909  0.4077 26.0956
  5.4182  1.3706  0.9825  0.5032  9.8444
  4.7537  0.9425  0.9935  0.8062  6.1657
  5.0324  0.8354  0.9868  1.2425  5.3056
  5.0577  0.3234  0.9863  0.6576  1.6824
  5.8309  2.2714  0.9813  1.0414 18.4169
  6.3086  2.5445  0.9759  0.6944 21.1660
  5.1795  4.3703  0.9678  0.1560 40.6217
  5.1975  3.0362  0.9877  1.5541 26.2415
  5.1086  2.6939  0.9747  2.4983 22.6924
  5.1557  1.7846  0.9708  1.6228 13.6733
  4.5638  2.4061  0.9980  2.3760 19.7660
  5.4447  3.1747  0.9836  1.9063 27.6965
  5.9438  0.2732  0.9814  1.6292  1.3840
  5.4970  2.1949  0.9894  0.8361 17.6577
  5.1566  2.9499  0.9980  0.5774 25.3407
  6.1543  3.6077  0.9860  2.4111 32.3077
  5.9435  2.3667  0.9841  0.6221 19.3703
  5.4715  1.8953  0.9962  1.2169 14.7318
  4.7303  3.3921  0.9692  1.3224 30.0011
  6.0576  1.2239  0.9829  1.1230  8.5456
  4.7008  2.9916  0.9750  0.9221 25.7752
  5.2961  3.3667  0.9753  2.3057 29.7305
  5.2488  1.2787  0.9837  1.1122  9.0262
  5.1613  0.8410  0.9886  0.9013  5.3500
  5.2299  1.0825  0.9777  2.1789  7.3300
  5.7990  3.7895  0.9804  2.3276 34.2692
  5.1277  1.5622  0.9957  1.4332 11.5885
  5.7556  1.3771  0.9841  1.5790  9.9022
  5.2033  2.8583  0.9667  0.6990 24.3883
  4.3094  3.7332  0.9927  0.8678 33.6603
  5.4044  2.4107  0.9715  0.3277 19.8123
  6.6077  3.0004  0.6357  1.2123 25.8675
  5.9647  2.8666  0.9737  0.8299 24.4743
  4.5442  3.3124  0.9783  1.6008 29.1531
  6.8025  1.7528  0.6986  2.0728 13.3717
  5.4347  0.9592  0.9717  0.9536  6.3028
  5.1206  4.2429  0.9765  1.6954 39.2179
  5.9346  2.1419  0.9691  2.1389 17.1341
  5.4787  2.3884  0.9973  0.7042 19.5880
  5.8269  1.8660  0.9798  2.9072 14.4513
  5.0696  3.8252  0.9766  2.4285 34.6557
  5.0188  3.0027  0.9948  0.9288 25.8915
  4.8418  3.0965  0.9910  0.2138 26.8741
  5.3274  3.2105  0.9691  0.2203 28.0752
  5.2259  3.8830  0.9895  2.1500 35.2826
  4.6500  2.8067  0.9778  2.1649 23.8542
  5.2992  1.4324  0.9962  2.3397 10.4011
  5.3590  4.0577  0.9736  1.3975 37.1865
  5.4995  3.7431  0.9770  2.7493 33.7669
  6.2986  0.7451  0.9890  2.0451  4.6035
  6.0160  2.8968  0.9775  0.6889 24.7876
  4.5216  3.4037  0.9964  2.2561 30.1247
  4.6124  3.6961  0.9842  1.1019 33.2600
  5.7525  1.2141  0.9980  1.7146  8.4598
  5.3888  4.4219  0.9927  1.5702 41.1915
  5.5462  1.6870  0.9951  1.2254 12.7510
  5.6818  0.9877  0.9753  1.3654  6.5372
  5.5734  2.1414  0.9959  1.8620 17.1289
  6.0250  1.9221  0.9952  0.4126 14.9910
  5.4964  3.1558  0.9681  2.3535 27.4978
  5.2914  2.1709  0.9839  0.5841 17.4201
  5.1227  2.2096  0.9980  0.4814 17.8033
  5.1025  3.6171  0.9760  0.6352 32.4090
  5.3133  4.1949  0.9882  1.9918 38.6902
  4.2153  3.2755  0.9752  0.7545 28.7625
  4.7871  4.1882  0.9808  1.7419 38.6166
  6.5569  2.0116  0.9322  2.1162 15.8576
  5.1854  2.0601  0.9927  2.8959 16.3310
  5.8065  4.3060  0.9679  0.8403 39.9125
  5.0452  1.3793  0.9980  1.5288  9.9223
  5.6324  4.2408  0.9668  0.4178 39.1944
  5.4079  3.7098  0.9809  0.4801 33.4070
  5.0826  2.8852  0.9805  1.7406 24.6679
  5.6277  1.1120  0.9912  0.5059  7.5800
  4.9548  4.2231  0.9803  1.3579 38.9995
  4.1284  1.6814  0.9758  1.5776 12.6987
  6.1883  1.9510  0.9707  0.4602 15.2697
  5.1580  3.1358  0.9678  1.5102 27.2869
  4.9061  2.7545  0.9919  0.1610 23.3154
  6.1884  2.2739  0.9891  1.1154 18.4420
  5.4757  3.7177  0.9807  2.0648 33.4926
  4.8721  2.7570  0.9980  0.9232 23.3413
  5.6886  0.2259  0.9789  2.4393  1.1141
  4.8811  1.6119  0.9915  0.2484 12.0491
  5.5250  1.4729  0.9824  1.8477 10.7688
  3.7931  3.1526  0.9686  1.2740 27.4644
  5.2800  0.9767  0.9709  1.3788  6.4459
  4.7889  3.6858  0.9971  1.9398 33.1488
  6.9597  2.8284  0.4033  1.0271 24.0792
  5.2613  4.0982  0.9850  1.5670 37.6298
  5.6199  2.7334  0.9918  1.5643 23.0989
  5.2945  3.6554  0.9980  1.4883 32.8212
  4.3380  0.8111  0.9917  1.8832  5.1142
  4.2430  3.7297  0.9869  1.6574 33.6222
  5.2020  2.0671  0.9940  2.9398 16.3997
  5.3439  4.4019  0.9719  1.6420 40.9706
  6.8787  1.4081  0.5148  1.5434 10.1817
  5.5256  3.6894  0.9781  1.7934 33.1876
  3.8859  4.1495  0.9695  0.7023 38.1915
  6.1547  3.3723  0.9939  1.0386 29.7905
  5.4070  3.8739  0.9959  1.2815 35.1840
  6.1977  2.4959  0.9752  0.6376 20.6733
  5.4833  2.7026  0.9814  2.2835 22.7821
  5.1574  2.5696  0.9765  0.9080 21.4220
  4.7111  4.2043  0.9739  1.1851 38.7934
  5.0486  3.6359  0.9800  0.5424 32.6107
  5.1293  1.6529  0.9727  2.1582 12.4316
  5.6657  3.2953  0.9726  1.0731 28.9719
  5.2059  1.6307  0.9681  0.8834 12.2249
  6.1468  3.8891  0.9777  1.5494 35.3490
  5.3177  1.1271  0.9740  1.6759  7.7092
  5.8091  2.0632  0.9871  1.5288 16.3618
  5.0272  3.8979  0.9833  1.6902 35.4449
  4.4562  4.3537  0.9756  2.0111 40.4379
  4.9550  2.5002  0.9917  0.8153 20.7167
  5.2868  1.6045  0.9924  1.8389 11.9802
  5.6294  2.6717  0.9831  0.1107 22.4649
  5.2129  1.3498  0.9904  1.7075  9.6576
  5.8471  2.4732  0.9777  1.1174 20.4432
  5.7516  3.5277  0.9980  1.2446 31.4491
  6.0243  0.8174  0.9980  1.6525  5.1640
  5.2213  4.3357  0.9744  1.4690 40.2402
  4.9144  3.8344  0.9804  0.4689 34.7553
  5.4560  2.3568  0.9942  2.6050 19.2710
  5.5157  1.2060  0.9862  1.0146  8.3895
  5.6654  1.7756  0.9818  0.7955 13.5880
  4.7844  2.7574  0.9909  0.7320 23.3460
  5.4884  2.2836  0.9744  0.6021 18.5393
  6.0369  2.5951  0.9885  2.6558 21.6812
  4.5144  3.6826  0.9686  0.6424 33.1140
  6.0933  2.2656  0.9904  1.2314 18.3600
  5.2355  3.3487  0.9731  1.7971 29.5384
  5.4107  0.9296  0.9675  1.1249  6.0606
  4.0828  1.1299  0.9677  1.0692  7.7335
  5.7108  2.6758  0.9872  0.3843 22.5071
  5.1414  1.1805  0.9905  1.5342  8.1689
  4.6547  0.7730  0.9974  0.9402  4.8177
  5.1776  1.8376  0.9914  0.5069 14.1786
  4.9701  3.3850  0.9972  2.6004 29.9247
  5.5052  1.0841  0.9950  0.3884  7.3432
  3.9317  4.2535  0.9753  1.0591 39.3345
  5.6255  1.4720  0.9971  0.9576 10.7613
  5.4493  2.7100  0.9851  1.0097 22.8573
  4.9132  3.3334  0.9669  0.4151 29.3760
  6.0569  2.2143  0.9980  1.5041 17.8502
  5.2437  1.7280  0.9668  1.2467 13.1379
  6.1401  1.3502  0.9980  1.8212  9.6610
  5.1457  3.2666  0.9667  2.1037 28.6677
  5.4775  3.4271  0.9928  1.7847 30.3734
  6.7677  1.6258  0.7526  0.3077 12.1790
  5.6224  3.8110  0.9673  0.6281 34.5013
  4.7868  1.0663  0.9782  2.2211  7.1929
  5.0360  2.3102  0.9671  1.8896 18.8042
  5.1173  2.6961  0.9927  1.3932 22.7149
  5.8853  1.1263  0.9843  1.6709  7.7028
  4.7027  4.0216  0.9692  1.3331 36.7925
  6.4174  2.4907  0.9617  1.9856 20.6206
  5.5718  4.4486  0.9820  1.5248 41.4870
  4.0366  2.7084  0.9876  0.9507 22.8416
  6.1743  2.5878  0.9711  2.2195 21.6071
  5.2630  3.4249  0.9910  2.7492 30.3502
  5.3966  2.7747  0.9827  1.0620 23.5238
  5.1876  1.5392  0.9958  0.4096 11.3767
  5.7712  4.1111  0.9977  1.8221 37.7706
  5.7451  4.3103  0.9777  2.3819 39.9601
  5.0239  0.8527  0.9704  0.4196  5.4424
  5.1687  2.7481  0.9973  1.6597 23.2500
  6.0240  1.9375  0.9973  0.1731 15.1394
  5.1541  2.8202  0.9916  0.4035 23.9939
  5.2243  2.2475  0.9935  0.9906 18.1795
  5.3038  3.9372  0.9808  2.3794 35.8723
  5.1533  2.5258  0.9871  1.1822 20.9758
  4.4171  1.8684  0.9765  0.7800 14.4738
  5.2096  1.7799  0.9680  0.8387 13.6290
  4.9053  1.0556  0.9774  1.1010  7.1027
  5.5572  3.9808  0.9793  0.5066 36.3467
  5.2077  4.1412  0.9856  0.9784 38.1004
  5.1163  3.4477  0.9825  0.4131 30.5931
  4.3874  1.3938  0.9691  1.1140 10.0523
  6.2103  3.8996  0.9976  2.3267 35.4630
  3.6480  2.2465  0.9872  1.4888 18.1693
  5.5315  3.0490  0.9746  1.4067 26.3755
  5.4897  2.5565  0.9791  1.4985 21.2883
  4.0530  1.1913  0.9745  1.2156  8.2619
  5.4095  4.2106  0.9836  1.5701 38.8624
  4.2861  4.2808  0.9947  0.5723 39.6347
  5.1084  1.4749  0.9835  0.7922 10.7874
  5.1749  1.9170  0.9824  2.0315 14.9416
  6.0450  1.0830  0.9902  2.5252  7.3341
  5.3931  2.9316  0.9980  0.4251 25.1500
  5.2784  1.0548  0.9917  0.6278  7.0964
  5.1302  0.9046  0.9713  0.6455  5.8583
  5.0901  2.6233  0.9810  2.7350 21.9695
  5.7341  3.1898  0.9891  2.2471 27.8565
  5.5069  1.6754  0.9803  1.6804 12.6422
  6.3271  2.8759  0.9678  1.5436 24.5709
  4.2382  0.7771  0.9768  0.6203  4.8494
  6.2692  2.7985  0.9917  2.1889 23.7697
  5.6119  1.2782  0.9849  2.8971  9.0223
  4.9443  3.7479  0.9734  1.9062 33.8186
  5.6184  2.5224  0.9969  1.7731 20.9421
  5.1632  1.9510  0.9869  1.0239 15.2693
  4.9433  2.1698  0.9698  2.5864 17.4098
  5.4410  3.0014  0.9749  0.4584 25.8779
  4.4140  2.6171  0.9751  2.7036 21.9056
  5.5166  1.6490  0.9977  1.4032 12.3956
  4.9436  2.1057  0.9775  1.8630 16.7777
  5.7665  1.1221  0.9677  1.8596  7.6666
  5.5748  2.5721  0.9978  1.8470 21.4471
  4.1933  1.6307  0.9771  0.9325 12.2243
  4.7389  3.2561  0.9809  1.4156 28.5568
  6.0074  3.6360  0.9706  0.4504 32.6120
  5.7662  3.8678  0.9670  0.5254 35.1174
  6.5173  4.0327  0.7709  2.1111 36.9136
  5.3369  4.0615  0.9849  1.2291 37.2282
  5.6923  3.0723  0.9901  0.5962 26.6205
  4.6213  1.5715  0.9745  1.0686 11.6743
  5.2639  2.7536  0.9702  1.9922 23.3066
  5.6479  3.3330  0.9735  2.3983 29.3720
  4.7144  4.3944  0.9863  0.7905 40.8878
  5.9492  1.2232  0.9906  1.0994  8.5398
  5.0600  3.1786  0.9859  2.0869 27.7382
  5.0153  4.2850  0.9710  2.0011 39.6805
  4.7732  4.1723  0.9958  0.9646 38.4422
  6.2559  2.6170  0.9871  0.3349 21.9055
  6.4063  2.7003  0.9341  1.3016 22.7582
  5.7111  2.4616  0.9805  1.1763 20.3259
  6.6185  1.4380  0.6720  1.2714 10.4516
  5.1114  3.0105  0.9719  0.9561 25.9730
  6.7761  0.3793  0.8990  1.6311  2.0291
  5.2089  1.8233  0.9732  1.3899 14.0419
  6.0222  1.2734  0.9894  1.0615  8.9802
  4.1975  2.3756  0.9822  1.5038 19.4591
  6.0637  1.4357  0.9767  1.1062 10.4305
  5.1391  4.0812  0.9826  1.2395 37.4440
  5.2274  2.2128  0.9826  2.2723 17.8354
  5.5974  2.0026  0.9941  1.7272 15.7708
  5.2583  1.8287  0.9682  1.2673 14.0941
  5.5347  1.3845  0.9711  0.5000  9.9689
  4.6435  4.4212  0.9785  0.8360 41.1838
  5.2529  3.9035  0.9926  0.2131 35.5052
  5.1688  3.0919  0.9858  0.2741 26.8258
  5.5177  1.5028  0.9776  1.8663 11.0419
  4.6586  3.0106  0.9676  0.4597 25.9741
  5.2319  2.3034  0.9942  1.1436 18.7369
  6.3147  3.6031  0.9885  1.3791 32.2582
  5.3793  4.1021  0.9980  0.7099 37.6728
  4.6141  4.1410  0.9823  1.0299 38.0990
  5.2806  2.1970  0.9716  1.6372 17.6782
  6.0644  2.4899  0.9973  1.7762 20.6125
  4.7969  1.9622  0.9874  1.1655 15.3782
  5.7789  2.1058  0.9906  1.6420 16.7788
  5.5161  1.8407  0.9685  1.6522 14.2088
  5.1268  1.6596  0.9774  1.8237 12.4946
  5.2422  3.4420  0.9945  1.7881 30.5323
  5.4858  1.5451  0.9794  0.4544 11.4311
  4.7001  4.3297  0.9946  2.9427 40.1739
  4.1654  1.1419  0.9980  0.5619  7.8360
  5.8819  4.2122  0.9840  2.4743 38.8803
  4.9260  1.2010  0.9765  1.0770  8.3466
  5.5409  1.2616  0.9736  1.1777  8.8756
  4.7667  4.0719  0.9980  0.6594 37.3419
  5.2536  3.3841  0.9835  1.8142 29.9153
  5.2802  4.3298  0.9891  2.7134 40.1742
  5.3869  3.0647  0.9867  1.3231 26.5407
  5.2205  4.1664  0.9820  2.8015 38.3774
  5.1881  2.1348  0.9744  0.7794 17.0641
  6.8926  1.2074  0.6449  1.1705  8.4021
  6.0960  3.2728  0.9710  2.1701 28.7334
  5.5832  3.0052  0.9980  2.1508 25.9177
  4.9807  3.2757  0.9853  0.6026 28.7642
  6.0090  3.3620  0.9715  1.1098 29.6809
  5.2131  2.1203  0.9916  0.5571 16.9218
  5.5897  3.1545  0.9913  1.8519 27.4844
  5.4765  2.7271  0.9959  0.9149 23.0337
  5.1608  3.1898  0.9744  1.7939 27.8567
  5.9615  2.0592  0.9751  2.4075 16.3220
  4.7559  2.6163  0.9889  0.3924 21.8980
  4.9293  1.3338  0.9759  0.2701  9.5151
  5.3181  2.4080  0.9677  0.5103 19.7850
  5.7005  2.1606  0.9980  0.2993 17.3186
  5.4842  3.4612  0.9720  1.7548 30.7376
  5.6987  2.5989  0.9961  2.3040 21.7199
  4.8453  2.1516  0.9667  0.7434 17.2299
  3.8978  1.3224  0.9813  1.6296  9.4138
  5.2398  3.2822  0.9980  3.0232 28.8332
  5.7207  3.0923  0.9717  0.8700 26.8304
  5.6434  2.4081  0.9802  2.3721 19.7860
  4.4281  2.4296  0.9730  2.4831 20.0025
  6.0051  4.2279  0.9692  1.8636 39.0525
  5.1899  2.5799  0.9803  0.1551 21.5270
  4.6349  2.6116  0.9729  0.9134 21.8502
  5.3473  1.7706  0.9782  0.1790 13.5410
  6.0342  2.4516  0.9856  0.4603 20.2254
  5.8028  3.5507  0.9980  0.2447 31.6955
  5.5325  1.6067  0.9970  1.0631 12.0009
  5.3523  4.4198  0.9900  0.9634 41.1691
  5.7402  1.4689  0.9761  0.9981 10.7325
  5.3743  1.3762  0.9948  0.4441  9.8940
  6.1446  1.3377  0.9792  2.1998  9.5497
  5.5178  2.5491  0.9944  2.5775 21.2132
  5.2952  2.0124  0.9765  1.4704 15.8658
  4.5941  0.4260  0.9647  2.5694  2.3298
  5.0237  4.3967  0.9851  1.0675 40.9128
  5.4174  3.7266  0.9967  0.8051 33.5885
  4.3051  1.6632  0.9751  0.4397 12.5278
  6.1835  0.9146  0.9967  0.6761  5.9393
  4.4565  2.3786  0.9821  1.4218 19.4898
  5.7460  3.8754  0.9839  1.6609 35.2008
  5.1757  3.1105  0.9698  0.6912 27.0208
  5.3451  2.4614  0.9966  0.8676 20.3237
  5.5242  3.7287  0.9898  2.3822 33.6119
  5.5730  3.6488  0.9680  1.2640 32.7500
  4.9104  3.4283  0.9745  2.4778 30.3863
  4.9473  4.0323  0.9953  0.9476 36.9095
  5.1813  3.4044  0.9861  2.4048 30.1314
  5.3394  1.1290  0.9699  2.1107  7.7257
  5.2428  0.8096  0.9706  0.4658  5.1028
  5.3507  3.1456  0.9918  1.6915 27.3907
  5.3691  1.6357  0.9906  0.7224 12.2712
  5.5802  1.1124  0.9874  1.8872  7.5839
  5.3471  1.9061  0.9924  2.1476 14.8360
  6.8815  2.7006  0.4142  0.5118 22.7616
  5.2357  2.2111  0.9673  2.2559 17.8183
  5.0806  3.1300  0.9883  0.3233 27.2262
  5.0892  3.1350  0.9832  2.0936 27.2784
  6.4539  2.1521  0.8753  1.4996 17.2349
  5.3447  1.8644  0.9956  2.9452 14.4358
  5.2620  3.4894  0.9897  0.7862 31.0391
  6.0338  3.3094  0.9936  0.9972 29.1211
  4.0504  1.0796  0.9902  0.8595  7.3053
  4.2822  1.9037  0.9980  2.1734 14.8127
  4.2138  3.6406  0.9697  0.7023 32.6617
  4.8589  1.9743  0.9864  1.1702 15.4952
  5.2407  2.3153  0.9980  2.0263 18.8557
  4.6221  1.3239  0.9727  0.5811  9.4272
  4.7203  3.0596  0.9872  1.3729 26.4869
  5.2092  1.4835  0.9691  1.5948 10.8660
  5.5515  0.5359  0.9932  2.7440  3.0717
  6.0099  3.3946  0.9865  0.4792 30.0277
  5.0175  3.2431  0.9980  0.0646 28.4194
  4.9532  3.3257  0.9792  1.6279 29.2944
  5.1011  2.1166  0.9674  0.7220 16.8853
  5.3960  1.3869  0.9980  1.9070  9.9903
  5.5864  2.8654  0.9802  0.3218 24.4617
  5.2820  0.4103  0.9725  2.3582  2.2278
  5.3956  3.8470  0.9848  1.2223 34.8926
  3.7026  4.4052  0.9769  1.6445 41.0073
  5.2499  3.1440  0.9956  1.0591 27.3733
  5.3111  3.2463  0.9979  1.9220 28.4530
  5.6314  1.0586  0.9677  0.5302  7.1286
  4.7623  2.2469  0.9963  2.0049 18.1733
  5.4385  4.0607  0.9845  1.9658 37.2201
  3.8413  2.7111  0.9784  1.1490 22.8690
  5.6100  2.8746  0.9682  0.4771 24.5572
  5.1308  1.6195  0.9925  0.5626 12.1206
  6.7548  2.7772  0.6636  1.6052 23.5495
  4.3156  2.1051  0.9894  1.3404 16.7722
  6.1750  3.1676  0.9929  1.6409 27.6221
  5.4016  1.9391  0.9708  1.3445 15.1543
  5.4294  2.3581  0.9740  1.0143 19.2842
  6.2576  1.1404  0.9725  1.5749  7.8233
  6.2761  2.3684  0.9694  1.2933 19.3874
  6.2283  3.4682  0.9790  2.2058 30.8124
  5.2256  2.4496  0.9894  1.7994 20.2047
  5.1474  3.1163  0.9744  2.8213 27.0821
  5.2441  2.3363  0.9836  2.1463 19.0651
  5.9596  1.7900  0.9881  0.9283 13.7251
  5.2528  3.3802  0.9872  0.2904 29.8745
  5.0789  2.7317  0.9951  1.8748 23.0813
  6.9872  2.8095  0.3414  2.1004 23.8832
  4.8883  1.0671  0.9787  1.3833  7.2002
  5.2685  4.2178  0.9794  0.8591 38.9418
  5.3934  1.1124  0.9744  2.4907  7.5839
  5.4514  1.9045  0.9980  0.0833 14.8212
  6.0582  2.2699  0.9668  0.5520 18.4025
  4.3975  3.0657  0.9881  2.0069 26.5514
  5.3245  3.8716  0.9911  1.1255 35.1593
  4.9878  3.1051  0.9765  1.1619 26.9644
  5.1918  3.3217  0.9855  0.3281 29.2521
  5.1052  4.3148  0.9931  2.6729 40.0095
  4.6668  2.6135  0.9755  0.5234 21.8697
  4.9385  2.6709  0.9979  1.1196 22.4564
  5.5367  3.0885  0.9719  1.2632 26.7899
  4.4088  3.9299  0.9810  0.0802 35.7928
  5.7187  2.5976  0.9870  0.2806 21.7065
  5.9102  3.2030  0.9910  1.4712 27.9956
  5.5912  4.1836  0.9788  0.5160 38.5658
  4.4728  4.0717  0.9839  0.2269 37.3400
  5.8516  1.1531  0.9762  1.6072  7.9322
  5.0713  4.0544  0.9894  1.2238 37.1508
  5.1776  1.1491  0.9949  1.1392  7.8974
  5.4802  2.6253  0.9681  2.6638 21.9903
  6.0558  2.5300  0.9715  0.2868 21.0184
  5.3473  1.7126  0.9875  0.7693 12.9925
  5.6813  3.0482  0.9767  1.2570 26.3678
  4.3702  3.7798  0.9743  1.2367 34.1637
  4.6496  1.4766  0.9669  2.8686 10.8029
  6.0766  1.9552  0.9897  1.0492 15.3108
  4.0036  1.7644  0.9976  0.6860 13.4817
  6.2115  2.3558  0.9744  1.6374 19.2613
  5.3203  0.9705  0.9756  2.0926  6.3950
  5.9009  2.2381  0.9955  2.5608 18.0858
  5.1779  1.0794  0.9785  1.5065  7.3036
  6.1216  1.2147  0.9901  2.3811  8.4651
  5.0372  3.6870  0.9958  2.1767 33.1614
  6.6082  3.6381  0.9700  2.1022 32.6342
  3.8768  3.6428  0.9706  1.3361 32.6854
  5.2670  1.2339  0.9761  2.8524  8.6330
  5.3801  3.5248  0.9763  1.2990 31.4185
  4.0033  1.6241  0.9946  1.5344 12.1633
  5.5559  2.7253  0.9771  2.7200 23.0156
  5.4141  2.8278  0.9894  2.1299 24.0722
  5.7100  3.7317  0.9944  2.0805 33.6439
  5.5016  1.1401  0.9691  1.9687  7.8206
  5.4258  4.2142  0.9714  1.1806 38.9025
  4.7623  2.9380  0.9762  1.1329 25.2166
  4.6637  3.0730  0.9822  0.1421 26.6271
  5.4308  3.1642  0.9917  0.9254 27.5860
  4.6453  4.3418  0.9843  0.9176 40.3068
  5.3945  0.9797  0.9903  1.0504  6.4705
  4.6689  1.6119  0.9964  1.8213 12.0493
  5.7247  2.8841  0.9754  1.0809 24.6557
  3.5263  3.0064  0.9714  2.7210 25.9304
  5.3137  3.3327  0.9843  1.1226 29.3692
  5.6539  1.7864  0.9848  0.9813 13.6909
  5.4729  2.4149  0.9790  0.8320 19.8552
  6.9314  1.2056  0.4348  0.9837  8.3864
  6.4784  1.7180  0.9758  0.1341 13.0431
  6.3824  1.9218  0.9957  1.1377 14.9875
  5.1146  0.6670  0.9928  1.5776  4.0151
  4.8695  2.7737  0.9749  0.4309 23.5132
  5.1571  3.5767  0.9980  1.8092 31.9749
  4.0693  3.5481  0.9875  1.0447 31.6681
  6.0700  2.7274  0.9670  2.4569 23.0371
  4.6825  1.7633  0.9792  1.5206 13.4717
  4.8489  3.7641  0.9755  1.3989 33.9939
  6.5992  3.8449  0.9322  1.4044 34.8689
  4.8182  2.1385  0.9968  0.4391 17.1005
  6.4205  2.4479  0.8814  1.5595 20.1874
  4.5365  2.0790  0.9885  2.0955 16.5161
  4.6077  1.6137  0.9753  2.2494 12.0659
  4.9162  0.8447  0.9776  1.7017  5.3792
  4.8522  3.1656  0.9709  0.9543 27.6009
  6.7160  3.0103  0.6141  2.0781 25.9714
  5.3466  1.5320  0.9798  0.4929 11.3100
  5.5811  1.2355  0.9956  0.4595  8.6470
  5.3405  3.5318  0.9900  1.8972 31.4935
  5.1323  3.5465  0.9978  2.0892 31.6509
  6.2431  1.8956  0.9728  1.0642 14.7348
  4.9078  3.3422  0.9953  1.2787 29.4695
  5.9429  2.7666  0.9803  2.0683 23.4409
  5.7502  1.0314  0.9871  1.0257  6.9000
  5.5352  4.2976  0.9980  0.2607 39.8195
  5.7126  1.4952  0.9713  0.6678 10.9729
  5.0408  3.5702  0.9859  1.8599 31.9053
  6.2122  0.8501  0.9940  0.7228  5.4221
  3.6623  0.9842  0.9793  1.6738  6.5078
  3.8076  3.1871  0.9746  1.1057 27.8273
  5.0324  2.3087  0.9966  1.7095 18.7892
  5.9439  1.7154  0.9763  2.3389 13.0191
  6.1956  2.8212  0.9980  2.5538 24.0042
  5.3183  1.6154  0.9980  1.3176 12.0818
  5.7576  2.0084  0.9848  2.0789 15.8264
  5.9922  3.0139  0.9903  1.3248 26.0084
  5.5632  3.4033  0.9852  0.7309 30.1200
  5.6533  3.5460  0.9727  0.8052 31.6457
  5.8460  2.0702  0.9902  1.4347 16.4302
  4.5663  2.9431  0.9899  0.3749 25.2697
  4.7750  2.6098  0.9891  0.9855 21.8312
  4.8107  2.8434  0.9764  2.8681 24.2343
  4.7135  1.3730  0.9724  2.0207  9.8656
  5.5658  2.4073  0.9829  1.6408 19.7778
  5.2262  4.2882  0.9679  0.6699 39.7163
  5.8172  1.9748  0.9714  2.2356 15.5006
  5.3760  2.4403  0.9696  1.6502 20.1109
  5.2356  2.8019  0.9862  0.7460 23.8050
  5.3430  3.2318  0.9689  0.7529 28.3000
  6.2320  1.2539  0.9676  1.5202  8.8082
  5.7305  1.9270  0.9723  1.3935 15.0377
  4.4441  1.4623  0.9838  1.0062 10.6721
  5.7595  2.8379  0.9964  1.0321 24.1768
  5.9727  0.3711  0.9744  1.4585  1.9780
  5.5128  1.4457  0.9878  1.1876 10.5212
  5.3391  3.8542  0.9771  0.2993 34.9697
  5.4392  3.3155  0.9679  1.7919 29.1862
  6.1491  3.4720  0.9825  1.7213 30.8527
  6.3976  3.1325  0.9770  1.4872 27.2520
  5.9859  1.9204  0.9782  1.3034 14.9739
  4.7262  1.0465  0.9681  1.6343  7.0263
  5.5253  2.5525  0.9759  0.7632 21.2478
  5.4335  3.7631  0.9980  0.7413 33.9829
  5.9016  1.4253  0.9948  2.2068 10.3363
  4.7718  2.6726  0.9919  1.7116 22.4743
  3.9685  2.1537  0.9731  1.4899 17.2510
  5.3480  1.5299  0.9694  1.5327 11.2908
  4.7651  1.1685  0.9824  1.9035  8.0652
  5.2141  3.7561  0.9786  0.7123 33.9074
  5.9807  1.8242  0.9748  0.6664 14.0506
  5.7036  3.7813  0.9886  1.3343 34.1802
  5.6535  1.9642  0.9924  1.8819 15.3972
  5.4137  2.6474  0.9767  0.9663 22.2156
  4.4811  2.5493  0.9956  0.9816 21.2146
  5.9000  2.9225  0.9904  0.5784 25.0549
  5.6111  3.1834  0.9954  2.6931 27.7886
  5.2502  1.5800  0.9687  1.0955 11.7537
  5.9244  0.6886  0.9885  0.7519  4.1762
  3.6234  3.0917  0.9677  1.0578 26.8242
  4.1320  0.9980  0.9872  0.9162  6.6218
  4.7259  1.8677  0.9941  0.8219 14.4676
  5.8394  1.6843  0.9847  0.8255 12.7264
  4.5360  1.3967  0.9742  0.8198 10.0784
  5.0917  3.9993  0.9855  0.5890 36.5487
  5.7385  1.0198  0.9725  0.4455  6.8036
  5.9247  1.7369  0.9872  1.8153 13.2217
  5.4731  3.0256  0.9688  2.1079 26.1307
  5.8620  3.1624  0.9949  0.6141 27.5668
  5.5453  4.2002  0.9980  1.7544 38.7482
  5.8960  2.1102  0.9753  0.4702 16.8227
  5.6258  1.4787  0.9770  1.1484 10.8217
  4.7410  2.4054  0.9927  1.4153 19.7590
  4.7270  0.8302  0.9778  2.5070  5.2646
  5.5374  1.1861  0.9972  1.0021  8.2167
  5.2599  1.5053  0.9735  1.3473 11.0656
  5.3185  1.4507  0.9673  1.8365 10.5671
  4.3152  3.7021  0.9943  1.4485 33.3248
  4.4552  3.5324  0.9727  1.7071 31.4994
  5.2048  1.9063  0.9969  1.1995 14.8387
  5.4235  3.2406  0.9707  1.3419 28.3933
  4.6226  3.5702  0.9763  0.2310 31.9048
  4.6317  2.0512  0.9682  0.2352 16.2441
  5.0304  1.1383  0.9901  1.7929  7.8054
  5.4966  2.4993  0.9953  0.9374 20.7075
  5.2874  3.1859  0.9913  1.8242 27.8146
  4.9111  2.3388  0.9943  0.4076 19.0907
  6.0806  2.0263  0.9886  1.0764 16.0014
  4.2644  1.4086  0.9678  1.5313 10.1857
  5.4845  1.6120  0.9794  1.3188 12.0501
  5.3402  2.0464  0.9885  0.6302 16.1973
  5.4758  1.2753  0.9907  2.4141  8.9967
  4.7006  3.2405  0.9974  1.9491 28.3916
  6.7385  1.5962  0.7413  1.0261 11.9034
  5.6491  3.5008  0.9980  1.7387 31.1617
  5.4741  2.7923  0.9810  0.9689 23.7053
  5.0595  3.8728  0.9732  1.9585 35.1726
  5.0980  3.3920  0.9792  1.2612 29.9994
  4.7823  1.5547  0.9816  0.0564 11.5192
  4.1950  1.8812  0.9698  0.2652 14.5964
  5.4943  1.2280  0.9835  1.3188  8.5816
  6.6829  0.9333  0.8207  1.3090  6.0905
  5.2125  4.1321  0.9770  1.2635 38.0005
  6.0464  1.8467  0.9960  0.3838 14.2664
  5.5671  2.6746  0.9863  2.0502 22.4941
  5.6067  3.1160  0.9837  1.1823 27.0785
  5.7541  1.3806  0.9700  0.8378  9.9341
  6.1558  2.0891  0.9700  1.4846 16.6152
  5.8822  3.4535  0.9957  1.9182 30.6555
  4.6403  2.2713  0.9668  0.5572 18.4168
  5.3091  4.3928  0.9876  0.5473 40.8705
  5.4962  3.6387  0.9938  0.9965 32.6406
  5.5176  3.2312  0.9734  2.7898 28.2939
  5.3180  1.9137  0.9682  0.9721 14.9094
  4.6733  0.5074  0.9893  0.6297  2.8749
  5.1265  1.6813  0.9784  1.2868 12.6976
  5.0424  2.6148  0.9791  0.3603 21.8823
  5.3304  3.0098  0.9942  0.5209 25.9656
  5.5735  1.5332  0.9721  0.2232 11.3212
  5.9959  3.5138  0.9966  1.2987 31.3004
  5.2223  3.2942  0.9849  1.3165 28.9606
  5.4256  2.6717  0.9819  0.0654 22.4648
  4.8739  4.0618  0.9930  0.4890 37.2311
  6.2090  3.0876  0.9693  1.8501 26.7809
  5.4038  2.9461  0.9851  0.4207 25.3009
  5.0120  2.4041  0.9840  1.6529 19.7462
  5.6071  2.0410  0.9770  1.0257 16.1446
  5.4341  2.6962  0.9972  1.1579 22.7162
  5.2059  0.7204  0.9746  2.6015  4.4155
  5.7879  4.2660  0.9860  2.1066 39.4720
  5.1137  0.6787  0.9711  1.6256  4.1025
  5.0694  1.0095  0.9828  0.4190  6.7176
  4.5492  3.0654  0.9783  1.6250 26.5483
  5.2973  3.3881  0.9893  1.5935 29.9576
  5.9685  3.0303  0.9739  1.2638 26.1804
  5.2385  1.8295  0.9924  1.0815 14.1010
  4.5005  2.6594  0.9891  0.4646 22.3383
  4.4023  3.3750  0.9707  2.7514 29.8190
  3.8538  0.2409  0.9885  1.3933  1.1983
  4.4323  2.6289  0.9770  1.3619 22.0268
  5.9188  3.1406  0.9919  0.1974 27.3381
  5.5694  2.4473  0.9942  1.3706 20.1817
  5.3040  4.0974  0.9672  0.9216 37.6210
  6.9076  2.0959  0.4421  1.0598 16.6823
  4.6888  3.1958  0.9961  1.4864 27.9190
  6.2103  1.6886  0.9690  0.8360 12.7663
  4.9701  2.6206  0.9726  2.2089 21.9422
  6.7463  0.6406  0.8478  1.3200  3.8209
  4.4466  2.6151  0.9735  2.7952 21.8851
  3.5792  3.3003  0.9792  2.5028 29.0255
  5.0031  3.5823  0.9695  1.6648 32.0352
  4.4622  2.0378  0.9899  1.8361 16.1137
  4.4996  2.1702  0.9950  1.4526 17.4136
  5.0484  0.7806  0.9955  0.8651  4.8766
  5.7481  2.4087  0.9923  1.9707 19.7925
  5.6989  3.4027  0.9841  1.9539 30.1141
  4.3770  2.9725  0.9935  1.4836 25.5765
  4.7825  2.8060  0.9917  0.4777 23.8474
  4.7347  1.6744  0.9680  1.2913 12.6329
  5.3549  4.1445  0.9684  0.5108 38.1368
  6.1531  0.9952  0.9980  0.5948  6.5993
  5.3607  1.9358  0.9775  1.3988 15.1224
  4.6203  2.2432  0.9866  1.9327 18.1365
  5.8668  0.9207  0.9792  1.2650  5.9882
  5.6886  1.4604  0.9883  1.3981 10.6553
  4.4134  3.0488  0.9708  1.1308 26.3737
  6.1219  2.5756  0.9675  1.8761 21.4827
  5.5526  1.7240  0.9865  0.8757 13.0995
  5.6515  4.2459  0.9980  2.9950 39.2501
  5.2268  1.8770  0.9848  0.5982 14.5561
  5.7329  2.5072  0.9829  0.2924 20.7876
  5.2496  1.4653  0.9980  2.7076 10.6995
  5.3292  1.4598  0.9872  0.5519 10.6501
  5.1663  3.0251  0.9738  0.0234 26.1252
  3.9025  3.8063  0.9775  3.0085 34.4508
  6.3019  1.8186  0.9874  1.8105 13.9972
  5.7848  2.3595  0.9693  1.1982 19.2977
  5.3738  1.8640  0.9764  1.3554 14.4318
  5.2269  1.1575  0.9763  1.9578  7.9697
  5.9937  1.4339  0.9969  1.7301 10.4142
  4.2141  2.8250  0.9810  0.5005 24.0440
  5.4844  2.9194  0.9784  1.3418 25.0230
  4.8622  1.8628  0.9900  2.3371 14.4200
  5.0298  2.7266  0.9911  2.2758 23.0283
  5.2918  1.5900  0.9700  1.6421 11.8459
  5.2691  1.1870  0.9771  1.1606  8.2245
  5.2533  2.1931  0.9742  2.1056 17.6401
  4.5784  2.6292  0.9700  1.4052 22.0301
  5.2807  2.0897  0.9930  0.0789 16.6209
  5.5874  2.6890  0.9844  0.1866 22.6427
  5.7657  2.5346  0.9798  3.0125 21.0656
  4.8630  1.6560  0.9683  0.6176 12.4606
  5.6756  0.6463  0.9956  2.3788  3.8625
  5.4798  2.4076  0.9801  0.3005 19.7811
  5.8597  2.2308  0.9725  0.9694 18.0132
  6.0135  3.0711  0.9745  0.2378 26.6080
  5.3769  3.1666  0.9980  1.4455 27.6112
  4.9526  1.1306  0.9728  0.8415  7.7389
  5.1987  2.2880  0.9668  1.7352 18.5827
  4.5836  3.2860  0.9766  2.1417 28.8733
  4.2710  4.0062  0.9980  0.9744 36.6242
  5.7302  1.5170  0.9857  2.5293 11.1721
  5.1937  0.7770  0.9980  0.2942  4.8492
  3.6816  3.7489  0.9701  0.4991 33.8301
  3.7825  2.9586  0.9845  0.8479 25.4312
  5.0927  1.2967  0.9892  0.2532  9.1856
  5.2522  2.7889  0.9830  1.1180 23.6701
  5.2605  1.3858  0.9845  1.6421  9.9800
  4.8580  4.2132  0.9818  0.7671 38.8909
  4.8400  1.5606  0.9922  1.2829 11.5741
  5.5358  0.8617  0.9694  1.5745  5.5141
  5.3600  4.0415  0.9687  0.6208 37.0095
  5.5927  4.2197  0.9757  1.5638 38.9623
  4.4282  2.2846  0.9866  1.1378 18.5491
  6.1807  3.7613  0.9817  1.8029 33.9642
  6.3318  3.0037  0.9924  2.6931 25.9020
  5.4824  2.1199  0.9816  1.0206 16.9180
  5.1631  1.5196  0.9971  1.2402 11.1966
  4.8152  2.4939  0.9909  1.9548 20.6533
  5.1987  2.1498  0.9904  0.4708 17.2123
  6.0182  2.2827  0.9980  1.0834 18.5296
  6.0822  1.4655  0.9863  0.3992 10.7013
  4.4973  4.3938  0.9888  0.2649 40.8818
  4.8035  2.0304  0.9980  0.2104 16.0412
  4.9532  2.3462  0.9782  1.8375 19.1651
  6.3842  3.8416  0.9927  0.8939 34.8334
  5.0748  1.0222  0.9752  1.8218  6.8235
  5.5165  1.6529  0.9718  0.6372 12.4323
  4.9360  0.7528  0.9837  1.1399  4.6623
  5.3768  1.0584  0.9914  0.6153  7.1268
  6.6599  4.1617  0.8494  0.1859 38.3260
  5.3776  2.2111  0.9966  1.4486 17.8179
  6.0760  0.4750  0.9858  2.3123  2.6551
  5.1764  2.2780  0.9845  0.9511 18.4829
  5.2734  1.2852  0.9918  2.3584  9.0836
  6.2679  1.7515  0.9920  2.2513 13.3599
  5.1118  3.8361  0.9824  1.8098 34.7741
  5.5973  2.1496  0.9917  0.2567 17.2102
  3.9613  2.2387  0.9980  2.7701 18.0919
  5.5749  1.7613  0.9806  2.6151 13.4523
  3.5800  1.1700  0.9892  1.1913  8.0781
  4.8009  3.2257  0.9799  1.2702 28.2350
  5.6062  0.6376  0.9740  1.8558  3.7990
  5.1804  2.1558  0.9726  1.0112 17.2715
  6.6441  3.1407  0.9604  1.2652 27.3388
  5.2792  2.7716  0.9928  1.1549 23.4923
  5.5546  2.7333  0.9672  0.6897 23.0971
  5.7166  2.4020  0.9805  0.4188 19.7250
  5.8659  2.3022  0.9980  0.2015 18.7240
  6.8804  2.0484  0.6674  0.2968 16.2168
  5.6927  4.2194  0.9755  0.9442 38.9593
  6.2362  1.6781  0.9740  2.0435 12.6680
  5.1985  3.8708  0.9930  2.0986 35.1508
  5.6466  3.2570  0.9921  1.6408 28.5659
  6.4921  0.8052  0.8768  1.7888  5.0684
  5.1296  2.8573  0.9947  0.6445 24.3778
  5.8073  4.0392  0.9842  1.6316 36.9851
  5.6402  3.2555  0.9799  1.3414 28.5502
  4.5278  3.2624  0.9863  0.1168 28.6230
  4.9829  1.1608  0.9912  0.6135  7.9986
  5.1309  3.2859  0.9815  0.3900 28.8727
  3.9720  1.3414  0.9882  1.5384  9.5824
  6.6027  2.1562  0.7087  2.1435 17.2748
  5.6912  0.8127  0.9708  1.9370  5.1274
  5.4276  2.7373  0.9873  1.7388 23.1390
  4.7518  3.4002  0.9696  2.4879 30.0870
  5.0765  2.5741  0.9754  2.2885 21.4672
  5.3815  0.7981  0.9766  0.6139  5.0127
  4.3219  4.3233  0.9915  1.7185 40.1030
  4.9363  3.6274  0.9771  0.8666 32.5196
  6.9327  1.9686  0.6502  1.2216 15.4407
  5.6175  2.4145  0.9771  1.0814 19.8510
  4.8852  2.1083  0.9832  0.4816 16.8037
  4.1500  3.1247  0.9677  1.2203 27.1701
  4.5653  4.4205  0.9902  1.6541 41.1764
  5.1023  3.1334  0.9877  0.4085 27.2620
  6.1527  1.8799  0.9969  2.2746 14.5843
  5.3601  3.8811  0.9980  1.0255 35.2622
  5.0087  3.0785  0.9716  1.8389 26.6850
  5.5944  2.5979  0.9871  1.5009 21.7100
  6.5813  1.4303  0.7397  1.3880 10.3816
  5.6668  1.4970  0.9684  1.9887 10.9896
  4.9352  1.5471  0.9833  0.4595 11.4496
  5.0705  0.8163  0.9675  0.8037  5.1552
  5.2600  1.0940  0.9734  1.1605  7.4270
  6.5653  3.7705  0.7754  1.1307 34.0631
  5.6773  0.8913  0.9951  0.8736  5.7514
  5.1265  2.1164  0.9946  1.5763 16.8828
  5.4157  2.5411  0.9881  1.3713 21.1321
  5.2406  4.4758  0.9935  1.0829 41.7890
  5.7271  3.5131  0.9786  1.5277 31.2929
  5.3519  2.8039  0.9743  1.9248 23.8259
  5.2473  2.3774  0.9911  1.7778 19.4773
  5.2327  3.8044  0.9777  1.6778 34.4300
  5.7019  1.8439  0.9875  1.1788 14.2392
  5.1018  2.0720  0.9806  1.2545 16.4474
  4.8848  2.1223  0.9929  1.2149 16.9416
  5.1406  2.9366  0.9942  0.6179 25.2024
  5.7830  3.2877  0.9724  1.5941 28.8915
  5.5427  0.7572  0.9919  1.9968  4.6959
  5.4607  0.7656  0.9680  2.2597  4.7612
  5.5316  3.6147  0.9767  1.4357 32.3832
  5.0839  4.4957  0.9891  1.2533 42.0093
  5.3776  3.8981  0.9797  0.7388 35.4470
  3.9802  1.8783  0.9798  1.0664 14.5691
  5.4101  3.8141  0.9839  1.8908 34.5353
  4.8254  2.8069  0.9751  1.0275 23.8569
  5.4088  1.7342  0.9965  1.8030 13.1965
  4.3293  1.2779  0.9954  1.8579  9.0195
  5.7513  1.8832  0.9980  1.6185 14.6164
  4.9332  3.1600  0.9940  2.3165 27.5416
  5.7078  1.9254  0.9726  1.4944 15.0219
  4.0462  4.0193  0.9911  2.1071 36.7670
  4.7281  2.7770  0.9943  1.7686 23.5478
  5.7597  1.8542  0.9936  1.2346 14.3378
  4.6983  1.8157  0.9978  0.9742 13.9701
  5.1533  2.8993  0.9720  1.2473 24.8136
  5.2655  3.9326  0.9733  2.2812 35.8224
  6.3985  2.9054  0.9674  0.9362 24.8773
  4.8118  2.6997  0.9711  0.7446 22.7518
  5.3800  3.6494  0.9718  2.3729 32.7565
  6.1419  0.4028  0.9791  0.5449  2.1797
  4.0643  3.3678  0.9951  2.2760 29.7424
  4.5770  2.6190  0.9854  1.0936 21.9252
  4.6495  2.6703  0.9773  1.4535 22.4502
  5.6578  2.9872  0.9757  1.0531 25.7297
  4.9278  3.9606  0.9716  1.8809 36.1273
  6.1859  2.6354  0.9839  0.0973 22.0927
  6.0778  3.4247  0.9679  1.5279 30.3485
  6.5233  2.7733  0.7657  0.6278 23.5090
  4.7093  2.1135  0.9768  2.0024 16.8543
  4.3194  1.6868  0.9668  0.2510 12.7493
  5.2212  1.9980  0.9903  2.1362 15.7254
  6.2020  3.4358  0.9912  0.0558 30.4669
  4.1811  0.9140  0.9829  2.8187  5.9337
  5.5053  3.6048  0.9714  1.9815 32.2764
  5.4496  4.3956  0.9953  1.6495 40.9010
  5.5771  2.5113  0.9677  1.3925 20.8296
  5.3940  3.6926  0.9710  2.2826 33.2216
  5.4530  1.7987  0.9688  1.0405 13.8076
  5.6526  1.5119  0.9926  1.7436 11.1256
  5.7223  4.0317  0.9811  1.6722 36.9032
  4.7123  3.5765  0.9948  0.2044 31.9729
  6.9115  1.1287  0.6257  0.4316  7.7229
  5.5243  4.0289  0.9872  0.1799 36.8721
  5.3194  1.1912  0.9809  1.3503  8.2609
  5.3445  0.5908  0.9805  1.1076  3.4599
  6.4240  1.8006  0.9217  1.8409 13.8258
  4.8721  1.7729  0.9680  0.9200 13.5621
  5.1366  3.0542  0.9854  0.6557 26.4303
  4.7867  3.1259  0.9750  1.5024 27.1832
  5.7742  2.5002  0.9946  2.5461 20.7166
  5.8946  2.8582  0.9980  2.5430 24.3872
  5.4031  3.3323  0.9716  1.0023 29.3642
  3.5438  1.9344  0.9980  1.8530 15.1097
  5.2302  3.1122  0.9935  0.9844 27.0392
  5.0497  3.2126  0.9716  1.5017 28.0966
  6.0578  2.9554  0.9750  1.1733 25.3975
  4.8812  3.6244  0.9867  0.2187 32.4871
  4.7360  3.4243  0.9768  0.2917 30.3443
  3.6133  1.3880  0.9680  1.3892  9.9999
  5.2076  3.0499  0.9938  0.4023 26.3858
  3.9915  3.4697  0.9869  1.2212 30.8282
  5.3073  1.0202  0.9782  0.6859  6.8067
  5.3261  1.8571  0.9804  1.1800 14.3651
  4.4979  2.5570  0.9680  2.3323 21.2935
  5.3670  4.4700  0.9975  1.0908 41.7239
  6.4223  0.7238  0.9482  1.0537  4.4416
  6.4594  4.2335  0.9728  1.9634 39.1138
  5.5241  3.4959  0.9842  0.7574 31.1092
  3.5870  1.8709  0.9843  0.0948 14.4974
  3.7534  0.5573  0.9774  0.9504  3.2217
  5.7231  3.4373  0.9899  1.1415 30.4822
  4.6490  3.2869  0.9953  2.6856 28.8827
  4.9583  2.7973  0.9936  1.5552 23.7571
  5.7562  2.3169  0.9821  0.4222 18.8716
  5.6806  0.9035  0.9796  1.1912  5.8491
  5.7950  1.7781  0.9980  1.2241 13.6120
  5.9129  3.0916  0.9788  1.9198 26.8224
  5.4618  0.6126  0.9980  1.0764  3.6170
  5.6036  0.4663  0.9932  1.0023  2.5961
  4.8136  3.4473  0.9719  0.7380 30.5890
  5.4438  3.0246  0.9903  1.4727 26.1202
  4.9020  3.7327  0.9867  2.7152 33.6545
  4.7100  1.7763  0.9772  2.0957 13.5946
  5.8354  3.2614  0.9912  0.6965 28.6127
  5.0742  0.5801  0.9949  1.0195  3.3835
  4.8907  3.8824  0.9706  2.7229 35.2765
  5.5361  1.5991  0.9946  2.3012 11.9304
  5.1888  2.7842  0.9770  1.2228 23.6223
  5.0894  2.8681  0.9943  1.9709 24.4906
  5.3484  1.9991  0.9769  1.4203 15.7367
  5.7870  0.7809  0.9747  1.8887  4.8789
  5.6129  3.4040  0.9873  0.3555 30.1271
  5.7592  0.8987  0.9787  1.9077  5.8108
  6.8708  0.8456  0.5031  1.3861  5.3859
  5.1623  3.4149  0.9980  2.0696 30.2432
  5.4681  2.2595  0.9803  2.7969 18.2993
  4.9547  2.6612  0.9770  1.3130 22.3567
  5.2173  4.4540  0.9696  2.1455 41.5471
  5.2478  2.9794  0.9728  1.8378 25.6485
  5.1039  3.2915  0.9713  0.4028 28.9321
  5.3364  3.2379  0.9837  1.6477 28.3640
  6.0306  0.9961  0.9818  0.9025  6.6065
  5.0451  1.2992  0.9754  0.8490  9.2073
  4.9534  4.3969  0.9772  2.5265 40.9151
  4.7697  3.7668  0.9873  0.1552 34.0236
  5.2929  2.6612  0.9851  2.9025 22.3572
  4.2236  1.4414  0.9769  1.7847 10.4828
  5.9872  0.3046  0.9877  1.9037  1.5693
  5.3959  4.0007  0.9897  2.4025 36.5639
  4.6827  1.1033  0.9861  0.7016  7.5060
  5.2609  3.5531  0.9705  1.3506 31.7220
  4.4984  3.0640  0.9941  3.0042 26.5331
  6.0205  1.4320  0.9790  1.6400 10.3974
  5.9213  0.4945  0.9802  0.6809  2.7872
  5.4502  1.4120  0.9857  0.2829 10.2165
  5.4382  2.8496  0.9919  0.7395 24.2988
  5.2893  3.1494  0.9952  0.9721 27.4305
  5.2446  0.8782  0.9767  2.4864  5.6463
  6.3719  2.9021  0.9934  0.6494 24.8434
  5.0516  2.9987  0.9868  0.8703 25.8500
  5.3932  4.0706  0.9778  1.1155 37.3276
  5.6063  3.0360  0.9694  1.4492 26.2401
  6.5315  1.0826  0.8567  2.8278  7.3307
  4.4786  3.5325  0.9949  0.6290 31.5001
  6.4036  3.4505  0.9704  1.5232 30.6230
  5.4025  2.0917  0.9764  1.3681 16.6408
  5.5504  2.1795  0.9949  2.8504 17.5049
  5.6708  2.9391  0.9803  0.2754 25.2276
  5.0713  2.5188  0.9980  0.8342 20.9048
  5.2298  4.1347  0.9791  2.3067 38.0293
  5.3557  3.5593  0.9980  2.3243 31.7880
  6.3161  0.5108  0.9457  0.2644  2.8985
  4.7390  0.7296  0.9874  3.0077  4.4855
  5.5271  2.3669  0.9797  1.4808 19.3726
  4.9881  2.4515  0.9761  2.1484 20.2239
  5.4532  2.5434  0.9800  1.5928 21.1555
  5.2215  4.3522  0.9768  1.3580 40.4215
  4.4483  3.3557  0.9884  0.3956 29.6129
  4.8429  3.2588  0.9677  1.6305 28.5859
  4.9976  3.8810  0.9683  1.7860 35.2615
  4.7289  1.4674  0.9948  1.3620 10.7194
  5.8815  2.4501  0.9904  2.3663 20.2101
  5.7236  2.1916  0.9865  2.5715 17.6254
  4.7019  2.1455  0.9730  0.4070 17.1699
  4.7514  2.4918  0.9832  1.9433 20.6312
  6.0234  3.9731  0.9722  1.1115 36.2634
  4.7360  2.5593  0.9930  0.6471 21.3164
  5.4094  1.1056  0.9726  2.4652  7.5257
  4.7559  4.1372  0.9980  1.4109 38.0574
  5.8148  1.3051  0.9962  0.8828  9.2598
  4.8274  1.2917  0.9751  2.2927  9.1417
  5.2382  3.8104  0.9837  0.4471 34.4949
  4.7198  3.4502  0.9707  1.2788 30.6202
  5.5312  1.7287  0.9728  1.4210 13.1440
  4.8723  4.3685  0.9673  0.0788 40.6012
  6.0856  2.9059  0.9734  0.5113 24.8824
  5.0212  2.2773  0.9923  0.9418 18.4757
  5.3692  2.3537  0.9934  0.9899 19.2401
  5.5130  3.0384  0.9915  0.2450 26.2652
  5.2881  3.3378  0.9720  0.7424 29.4234
  3.9222  2.0214  0.9672  0.6908 15.9536
  4.9195  3.0461  0.9763  1.7072 26.3451
  6.6828  1.7996  0.7793  1.6729 13.8161
  4.4491  3.2046  0.9837  0.9590 28.0126
  4.3658  1.6811  0.9795  0.7471 12.6961
  6.6778  0.6418  0.7663  1.9456  3.8293
  5.0060  0.9739  0.9877  1.7888  6.4233
  5.6429  2.6317  0.9711  1.8444 22.0548
  6.0679  1.5374  0.9872  2.8553 11.3605
  4.2775  2.6888  0.9675  0.2426 22.6404
  6.3946  3.4638  0.9628  1.7772 30.7660
  5.2385  4.4311  0.9980  0.1057 41.2934
  6.1234  3.8612  0.9873  1.3176 35.0457
  5.4316  1.0098  0.9761  1.3103  6.7197
  5.0102  2.4955  0.9758  1.6124 20.6686
  5.8914  2.5880  0.9683  0.5235 21.6091
  4.9624  3.6642  0.9769  2.2630 32.9156
  4.1216  3.3021  0.9720  1.9690 29.0445
  5.8981  1.7149  0.9879  0.4166 13.0136
  5.4422  2.7624  0.9799  2.3647 23.3969
  5.1052  3.4152  0.9861  0.9726 30.2469
  5.2294  2.7721  0.9898  0.6257 23.4973
  5.5381  4.4378  0.9753  0.5047 41.3675
  6.0425  1.9423  0.9800  0.1716 15.1854
  4.4217  2.8740  0.9667  1.6203 24.5511
  5.6825  2.4885  0.9949  0.1681 20.5979
  4.9839  3.2930  0.9938  1.4481 28.9480
  4.5489  3.3164  0.9743  0.8721 29.1957
  5.5247  1.1282  0.9798  2.4905  7.7183
  5.1807  1.2114  0.9938  1.9876  8.4369
  6.1977  4.1496  0.9788  1.3123 38.1926
  5.1726  2.9321  0.9814  1.7433 25.1556
  4.6087  2.3937  0.9818  1.8378 19.6418
  5.5538  4.4639  0.9927  0.5781 41.6573
  6.0565  0.2665  0.9890  1.4753  1.3448
  5.5615  2.6007  0.9828  1.6421 21.7389
  5.7476  1.7322  0.9746  2.0870 13.1773
  5.3986  4.0534  0.9826  1.3653 37.1395
  4.9027  1.3368  0.9980  1.7642  9.5417
  6.1603  2.1959  0.9906  0.8638 17.6672
  5.8073  4.0707  0.9715  2.2233 37.3285
  4.5061  3.1032  0.9867  1.7967 26.9442
  4.3676  2.0156  0.9705  1.7733 15.8969
  5.6217  2.3756  0.9931  0.5681 19.4594
  5.2320  1.9319  0.9862  0.3869 15.0849
  5.1726  2.4608  0.9855  1.9474 20.3181
  4.0954  3.8296  0.9954  0.8981 34.7034
  4.9694  2.6387  0.9810  2.7326 22.1267
  4.7304  1.3776  0.9724  1.3789  9.9067
  5.4531  2.5192  0.9818  0.8255 20.9097
  5.0160  1.8850  0.9951  1.6411 14.6329
  5.3062  2.3386  0.9828  2.0102 19.0882
  5.2777  3.4370  0.9696  0.2304 30.4793
  4.5023  3.3498  0.9672  0.7471 29.5510
  5.5136  1.8468  0.9853  0.4931 14.2672
  5.8188  1.6735  0.9910  1.3902 12.6245
  5.5462  2.1526  0.9895  1.3535 17.2402
  5.0516  4.0834  0.9731  1.2651 37.4681
  3.9934  1.4795  0.9863  0.9320 10.8292
  5.6534  3.3637  0.9870  1.3570 29.6982
  5.1944  2.6153  0.9830  0.3324 21.8880
  5.6371  1.5029  0.9720  2.6300 11.0436
  4.4644  3.8970  0.9759  0.1741 35.4348
  4.5306  3.4712  0.9743  1.4742 30.8446
  4.9743  0.4547  0.9690  0.2849  2.5190
  4.5300  2.5493  0.9916  1.7961 21.2146
  4.8661  1.9138  0.9750  0.8027 14.9102
  6.2946  0.6643  0.9833  1.8986  3.9955
  5.2480  1.4018  0.9668  0.5846 10.1246
  4.9666  2.8614  0.9883  1.0160 24.4205
  5.9060  3.1232  0.9778  0.7994 27.1543
  5.4619  1.8022  0.9696  1.1432 13.8414
  5.5026  3.5393  0.9975  1.7880 31.5736
  5.4086  2.7499  0.9730  1.4618 23.2678
  4.4586  2.8766  0.9868  0.1522 24.5784
  4.7968  2.1033  0.9896  2.5153 16.7542
  5.4207  1.5003  0.9971  0.7207 11.0190
  3.6246  2.8853  0.9980  0.4011 24.6688
  5.7523  1.2249  0.9934  1.7073  8.5544
  4.9877  3.0215  0.9761  1.5555 26.0876
  5.6305  2.6615  0.9940  2.3945 22.3601
  4.0383  2.0004  0.9845  2.2691 15.7489
  4.0399  1.7439  0.9869  1.7766 13.2877
  5.2831  4.2374  0.9828  0.3485 39.1573
  5.4310  1.1923  0.9709  1.2635  8.2710
  5.6420  3.3029  0.9811  2.3424 29.0522
  5.9919  2.3877  0.9978  1.1272 19.5814
  5.1609  1.7947  0.9763  2.2231 13.7697
  5.3082  1.9283  0.9835  1.4878 15.0503
  3.5504  4.3056  0.9954  0.3613 39.9077
  5.5187  2.8300  0.9975  1.3195 24.0955
  6.3873  1.6599  0.9856  1.9343 12.4975
  5.4393  1.2557  0.9939  0.8114  8.8242
  5.5296  0.8391  0.9736  2.0001  5.3348
  5.5751  1.4888  0.9777  2.4102 10.9142
  4.1644  1.0983  0.9748  0.7064  7.4643
  6.8634  3.1747  0.9696  1.5131 27.6971
  5.3170  2.3300  0.9850  2.4322 19.0028
  6.4478  0.3330  0.9929  1.2625  1.7410
  4.9194  1.5775  0.9829  1.7279 11.7304
  5.7531  3.1042  0.9711  2.5937 26.9547
  5.2502  0.5848  0.9934  1.4064  3.4171
  4.2251  4.0483  0.9791  1.3304 37.0842
  5.4060  4.1459  0.9874  1.5158 38.1525
  3.9453  3.7936  0.9843  1.3634 34.3134
  6.7338  1.8302  0.9166  2.5055 14.1079
  6.1978  2.8358  0.9775  2.0347 24.1559
  5.8850  4.0586  0.9765  0.7758 37.1965
  5.2189  3.5453  0.9712  1.9084 31.6377
  5.1536  2.3957  0.9692  0.3524 19.6614
  4.4757  2.9128  0.9882  1.4984 24.9541
  4.1027  2.7819  0.9757  0.8461 23.5981
  4.7418  4.0239  0.9851  1.5779 36.8174
  5.2239  3.0655  0.9814  0.9608 26.5489
  4.9189  4.4989  0.9831  0.8275 42.0448
  5.6784  1.5769  0.9953  1.2705 11.7242
  5.2736  3.1883  0.9948  1.2466 27.8400
  4.9975  1.3640  0.9865  0.7566  9.7852
  3.8061  1.4832  0.9926  1.5264 10.8631
  5.3394  2.0515  0.9819  2.4780 16.2473
  4.0506  2.3599  0.9674  1.6334 19.3022
  4.3056  3.0092  0.9857  1.8985 25.9597
  6.0497  1.1260  0.9821  1.6532  7.6996
  5.8621  3.4063  0.9977  1.5330 30.1522
  4.1682  3.8594  0.9775  0.7301 35.0262
  5.0807  1.8583  0.9690  1.5942 14.3769
  5.4886  2.4630  0.9885  1.3549 20.3400
  5.3773  1.7914  0.9798  0.7323 13.7378
  4.9174  2.4693  0.9828  1.5158 20.4041
  4.9996  2.7743  0.9803  1.1504 23.5196
  5.0585  3.6975  0.9944  0.5028 33.2745
  5.8596  1.8016  0.9836  1.8310 13.8357
  3.8204  3.3862  0.9930  1.4187 29.9374
  4.9727  0.7198  0.9804  1.7736  4.4109
  6.0262  2.0697  0.9702  1.3501 16.4249
  5.7244  2.7237  0.9835  1.5285 22.9988
  4.4012  2.2225  0.9721  1.2759 17.9312
  3.9565  1.0953  0.9838  0.5112  7.4381
  3.5871  3.4629  0.9725  1.4542 30.7555
  4.7117  1.4405  0.9949  1.1360 10.4745
  4.2411  3.7789  0.9786  0.9795 34.1536
  5.2748  2.9159  0.9911  0.4688 24.9869
  5.1451  3.7864  0.9734  1.9624 34.2353
  5.8440  1.2140  0.9736  1.7732  8.4593
  5.0225  2.6382  0.9667  1.4770 22.1216
  4.1981  2.0049  0.9791  2.2539 15.7923
  5.0250  3.6959  0.9882  0.8525 33.2577
  5.1892  3.2350  0.9921  0.3125 28.3339
  5.8547  2.7677  0.9847  2.1421 23.4517
  5.4366  3.6497  0.9923  1.1166 32.7594
  5.8462  2.2998  0.9668  2.1444 18.7008
  5.2875  1.6502  0.9745  1.4854 12.4064
  5.9789  3.3022  0.9757  0.8838 29.0456
  6.1096  1.4583  0.9730  1.3341 10.6364
  5.7587  2.3137  0.9926  1.5221 18.8394
  6.4434  1.8983  0.9792  0.6624 14.7614
  5.2158  1.0172  0.9755  1.2656  6.7818
  5.7864  2.6488  0.9687  1.0380 22.2299
  6.0842  2.9870  0.9874  2.1916 25.7272
  4.7462  1.9748  0.9701  0.7000 15.5004
  5.1046  1.9850  0.9714  1.3837 15.5992
  5.8238  1.6640  0.9691  1.5044 12.5353
  5.3652  2.1648  0.9843  1.0772 17.3601
  4.4582  2.7156  0.9902  1.3176 22.9150
  4.5684  3.6057  0.9948  2.9506 32.2862
  5.1091  2.8760  0.9709  1.6311 24.5722
  5.0502  1.5320  0.9755  0.5565 11.3103
  5.4434  2.1290  0.9707  0.6686 17.0071
  5.3940  2.0225  0.9958  0.2221 15.9643
  5.9132  1.9862  0.9735  1.2918 15.6113
  5.4624  0.3944  0.9937  0.9794  2.1257
  5.8839  3.2215  0.9896  0.9316 28.1905
  5.5874  1.2087  0.9864  2.3329  8.4132
  5.2165  1.1192  0.9834  2.2643  7.6415
  5.7997  3.3960  0.9880  2.1339 30.0426
  4.4307  0.7746  0.9886  2.1664  4.8302
  5.8183  1.2871  0.9949  0.8455  9.1008
  5.2111  2.4322  0.9799  1.7088 20.0293
  5.3698  2.6045  0.9925  1.4648 21.7769
  5.0252  2.1658  0.9892  2.0716 17.3702
  4.9008  3.1236  0.9738  2.1247 27.1587
  5.6136  3.6961  0.9872  2.4804 33.2592
  4.4636  2.5978  0.9928  0.4874 21.7093
  5.1272  2.2679  0.9799  1.5867 18.3829
  5.1114  1.4767  0.9784  1.4366 10.8040
  5.2493  1.1006  0.9888  1.3553  7.4837
  4.6175  4.3003  0.9838  0.9445 39.8496
  6.3235  2.3625  0.9734  0.8697 19.3282
  4.7322  1.1895  0.9733  0.8438  8.2467
  5.2227  2.0009  0.9823  2.3863 15.7534
  5.1719  2.4895  0.9685  1.3245 20.6085
  5.2583  2.2824  0.9865  0.7973 18.5266
  5.3342  3.3101  0.9846  1.6215 29.1290
  5.4656  0.4633  0.9882  0.8540  2.5764
  4.9334  2.7605  0.9782  0.5238 23.3776
  5.1704  4.0422  0.9714  0.7631 37.0176
  4.6654  4.4922  0.9830  0.4996 41.9703
  4.7524  2.9548  0.9753  1.2039 25.3921
  4.8460  0.6419  0.9909  1.1803  3.8303
  5.2619  1.7699  0.9712  1.5794 13.5336
  5.0751  2.2892  0.9749  2.1761 18.5946
  5.5057  2.8687  0.9765  0.4034 24.4964
  5.7044  1.4466  0.9677  0.9635 10.5298
  6.0416  1.5320  0.9970  1.6951 11.3101
  4.8270  2.2862  0.9942  1.4114 18.5650
  4.9093  3.9397  0.9823  1.1574 35.8995
  5.9482  4.1030  0.9791  1.1928 37.6827
  4.4464  3.5594  0.9919  0.2992 31.7896
  5.1187  2.4891  0.9781  1.1119 20.6046
  4.9929  2.6051  0.9917  0.5459 21.7832
  6.2874  1.8528  0.9934  1.2043 14.3247
  4.7985  0.7618  0.9817  0.9693  4.7320
  5.6611  2.4759  0.9746  0.6438 20.4707
  5.7242  1.5939  0.9922  0.4553 11.8826
  4.0527  3.5968  0.9715  2.3783 32.1901
  6.6310  1.9972  0.7119  0.7294 15.7183
  5.3772  1.8312  0.9805  0.7327 14.1179
  4.8141  2.6371  0.9802  0.7460 22.1108
  5.0099  3.2923  0.9728  1.3627 28.9404
  4.9503  3.2389  0.9831  1.7198 28.3748
  4.6876  2.9200  0.9757  0.5771 25.0296
  5.3280  2.8119  0.9720  2.6740 23.9078
  4.6269  1.0400  0.9747  0.7166  6.9723
  4.8341  2.7819  0.9951  0.5524 23.5981
  5.3544  2.3954  0.9731  0.1395 19.6587
  5.5395  2.3433  0.9926  2.2836 19.1353
  5.0312  4.3060  0.9894  1.7951 39.9125
  5.1470  4.3247  0.9816  2.5000 40.1188
  5.0574  3.6735  0.9963  1.4152 33.0156
  4.2010  3.8813  0.9847  1.3277 35.2649
  5.1641  4.0606  0.9675  1.4752 37.2184
  5.6016  1.8402  0.9765  1.9507 14.2041
  5.2734  0.9377  0.9840  0.3720  6.1269
  5.1303  3.4591  0.9764  1.2014 30.7155
  4.6687  2.6207  0.9695  0.6856 21.9433
  5.2017  3.9369  0.9786  0.6603 35.8686
  5.2702  3.1576  0.9758  1.3598 27.5166
  6.0060  0.4788  0.9911  1.3442  2.6802
  6.9676  0.7732  0.3432  1.8981  4.8197
  5.4340  0.9493  0.9833  2.5048  6.2210
  6.2976  1.2645  0.9673  1.6189  8.9016
  4.6333  1.0455  0.9828  1.1297  7.0182
  6.1245  1.9685  0.9681  2.1938 15.4396
  5.1857  3.0003  0.9790  1.5806 25.8665
  4.8235  1.7453  0.9743  1.2250 13.3008
  5.4675  3.2202  0.9752  0.8344 28.1776
  5.4274  2.2808  0.9800  1.2265 18.5112
  6.4961  2.2638  0.9139  1.6112 18.3417
  4.7938  0.6507  0.9906  2.2987  3.8947
  4.7799  3.4887  0.9941  0.7583 31.0318
  4.6775  3.2518  0.9757  0.3861 28.5117
  5.5045  1.6111  0.9790  1.6038 12.0417
  4.2308  4.0580  0.9980  1.4270 37.1897
  6.2214  1.3053  0.9840  1.7125  9.2619
  5.4424  2.1853  0.9681  0.7114 17.5625
  4.9498  2.5417  0.9925  0.9376 21.1382
  5.5509  1.6626  0.9980  0.1187 12.5228
  6.6660  2.2920  0.5928  0.5828 18.6228
  4.8627  2.3204  0.9755  0.9775 18.9063
  5.9195  2.1515  0.9754  1.7567 17.2289
  5.1779  4.3749  0.9756  1.8890 40.6726
  6.4938  2.4440  0.9801  1.7930 20.1478
  5.5332  2.2868  0.9868  2.1090 18.5703
  5.8381  2.6824  0.9889  1.3757 22.5749
  5.3986  4.0193  0.9736  0.6864 36.7672
  5.9621  3.4789  0.9715  0.6001 30.9269
  5.0206  2.6033  0.9980  2.1774 21.7653
  4.0245  1.4362  0.9741  2.8343 10.4353
  5.1784  2.8887  0.9865  0.2783 24.7040
  6.2267  3.0365  0.9680  1.4263 26.2449
  5.4325  2.5413  0.9966  1.3520 21.1339
  4.5226  2.9049  0.9813  1.8602 24.8723
  3.5741  3.5671  0.9847  2.8049 31.8721
  5.2015  2.8541  0.9832  2.5633 24.3453
  5.8937  3.8524  0.9916  1.0841 34.9503
  6.1106  2.2666  0.9845  1.0569 18.3697
  5.0256  2.9953  0.9723  0.9180 25.8139
  5.4680  1.3106  0.9819  1.3526  9.3091
  5.6453  3.1206  0.9928  2.1841 27.1278
  6.4571  2.9773  0.9806  0.4766 25.6267
  5.1261  2.2489  0.9795  1.7690 18.1934
  4.6865  0.5474  0.9883  0.8469  3.1520
  5.9545  3.6095  0.9699  0.6855 32.3274
  5.3735  1.5710  0.9832  0.5496 11.6700
  4.8217  2.1085  0.9895  1.8042 16.8058
  5.7187  2.8165  0.9708  0.9805 23.9552
  4.7323  1.6806  0.9980  2.5330 12.6916
  5.4094  3.8684  0.9980  0.5555 35.1249
  6.0908  3.0663  0.9674  0.7356 26.5577
  5.8360  2.2802  0.9691  2.2240 18.5050
  5.2646  1.2231  0.9687  1.9672  8.5386
  4.8447  2.5169  0.9841  1.8213 20.8862
  6.0106  1.4357  0.9773  1.1365 10.4312
  4.3836  3.4513  0.9941  0.7359 30.6318
  5.8016  1.0056  0.9940  0.7779  6.6856
  5.8916  3.3822  0.9741  0.5212 29.8955
  6.0692  0.1663  0.9891  1.8975  0.7908
  5.1336  1.8979  0.9732  1.3483 14.7572
  5.6538  1.6525  0.9883  1.2489 12.4282
  4.8425  1.2908  0.9980  1.3897  9.1337
  5.7849  1.8535  0.9782  0.2452 14.3311
  5.7696  1.4116  0.9803  1.3574 10.2127
  5.0210  0.8163  0.9733  1.7947  5.1552
  5.9354  2.7308  0.9786  0.8691 23.0712
  5.1716  3.1955  0.9821  0.5458 27.9165
  5.7155  3.2474  0.9865  2.9222 28.4646
  5.2091  3.0716  0.9861  2.0238 26.6127
  5.6029  2.4397  0.9974  1.2239 20.1046
  5.5421  3.6536  0.9874  1.5631 32.8015
  6.7702  0.8908  0.4863  0.5503  5.7468
  4.2144  1.2624  0.9954  0.2307  8.8827
  4.3585  1.9134  0.9745  0.5732 14.9065
  6.1660  2.1714  0.9699  1.9630 17.4250
  5.4196  1.7529  0.9909  0.6652 13.3732
  4.3766  3.7632  0.9918  1.6258 33.9844
  4.4468  1.4079  0.9922  0.6548 10.1795
  4.7315  1.5617  0.9849  1.4082 11.5843
  5.1568  2.0716  0.9772  2.3970 16.4442
  3.9022  2.1079  0.9969  1.1341 16.7997
  4.0158  2.8948  0.9694  0.3037 24.7669
  4.1439  2.8202  0.9862  1.3717 23.9937
  5.3060  3.5834  0.9733  1.2985 32.0462
  4.2350  2.6730  0.9680  0.5314 22.4781
  5.3667  2.6920  0.9951  0.6519 22.6728
  4.7165  0.9599  0.9950  2.2129  6.3077
  5.7339  1.8952  0.9848  1.9254 14.7310
  3.9149  2.4777  0.9914  0.1982 20.4890
  5.6028  3.4916  0.9778  1.6175 31.0624
  4.6383  3.9016  0.9936  2.3488 35.4856
  5.4749  3.6541  0.9818  0.5955 32.8066
  5.1253  3.6975  0.9732  2.0470 33.2744
  5.8070  2.0262  0.9937  1.9428 16.0000
  5.6025  2.8815  0.9919  2.7312 24.6296
  5.6471  2.9729  0.9863  2.1276 25.5802
  5.5511  2.0705  0.9721  2.2258 16.4330
  5.5859  0.7214  0.9891  1.9942  4.4232
  5.2454  2.8531  0.9831  2.9739 24.3350
  4.0815  2.4406  0.9899  1.1856 20.1137
  5.8092  2.9296  0.9926  0.7576 25.1290
  4.0378  0.4368  0.9894  0.7479  2.4006
  5.7720  2.3553  0.9969  1.5402 19.2555
  4.9079  3.5800  0.9746  1.4991 32.0101
  5.2264  3.4517  0.9888  2.7870 30.6365
  5.2685  1.7107  0.9668  1.3296 12.9741
  4.4444  2.6686  0.9699  0.5007 22.4325
  5.2562  3.6872  0.9853  1.0244 33.1635
  5.5647  2.4112  0.9902  1.9409 19.8178
  4.5355  2.8195  0.9848  0.9437 23.9866
  5.2740  3.9621  0.9845  2.1320 36.1438
  5.2295  2.0379  0.9980  1.8614 16.1143
  4.6063  3.5160  0.9854  0.3355 31.3235
  5.1973  3.2998  0.9980  1.8856 29.0198
  4.6123  1.3929  0.9823  0.5877 10.0442
  5.4947  0.9594  0.9711  1.7496  6.3040
  5.7314  3.9047  0.9980  1.8284 35.5185
  5.1993  3.7691  0.9676  0.8102 34.0478
  5.2927  2.2126  0.9823  0.4335 17.8326
  5.5139  3.4712  0.9733  1.6520 30.8445
  5.0278  3.2613  0.9899  1.1930 28.6113
  5.4103  1.9985  0.9810  0.3141 15.7305
  6.2089  3.2776  0.9733  1.1092 28.7849
  6.2731  2.8935  0.9685  0.3898 24.7535
  5.1926  0.6610  0.9970  0.9340  3.9710
  5.1693  2.4040  0.9869  2.0934 19.7450
  6.0689  1.8556  0.9784  1.1388 14.3513
  5.8668  1.0969  0.9795  0.1746  7.4518
  5.0355  2.4650  0.9801  2.0659 20.3606
  4.9517  1.3618  0.9694  2.3987  9.7651
  5.2369  3.8843  0.9980  1.7666 35.2971
  5.3300  1.8678  0.9672  0.8178 14.4685
  4.8679  2.3745  0.9966  1.3142 19.4484
  5.0744  1.6079  0.9980  2.0790 12.0118
  5.2600  2.1572  0.9814  1.3377 17.2847
  4.6623  3.8882  0.9866  1.7280 35.3398
  4.4489  3.5956  0.9830  1.3847 32.1777
  6.5636  1.7059  0.8852  0.1831 12.9295
  6.0954  0.9054  0.9730  1.4722  5.8643
  5.8439  2.7342  0.9824  1.7174 23.1067
  5.6551  1.5367  0.9925  0.8110 11.3536
  5.2753  4.2043  0.9735  1.6766 38.7935
  3.6597  2.6950  0.9858  0.4610 22.7041
  4.9792  2.6947  0.9740  0.9115 22.7005
  4.4900  1.8256  0.9773  1.1491 14.0642
  4.2746  4.4880  0.9944  0.5263 41.9238
  5.7153  4.0242  0.9829  1.5605 36.8210
  5.3250  1.9346  0.9936  1.9318 15.1113
  4.8284  1.7512  0.9797  0.0654 13.3572
  5.2463  1.1049  0.9692  0.6671  7.5204
  6.0621  1.6074  0.9723  0.5833 12.0079
  6.0874  0.9348  0.9737  2.4145  6.1027
  6.3794  1.1808  0.9707  1.2695  8.1710
  6.2299  2.0185  0.9928  1.9927 15.9254
  4.7897  3.6175  0.9980  2.1457 32.4130
  4.2735  4.0711  0.9697  2.4728 37.3331
  5.3662  3.7859  0.9890  0.3580 34.2304
  4.8319  2.0179  0.9880  1.1680 15.9194
  5.4164  1.4471  0.9738  0.4221 10.5346
  4.4186  2.6341  0.9761  1.2005 22.0794
  5.3637  3.0372  0.9980  2.5296 26.2522
  5.5109  2.3573  0.9980  2.8974 19.2756
  5.5311  2.1335  0.9743  0.8767 17.0519
  5.8740  1.6246  0.9709  2.3325 12.1674
  5.9179  2.1715  0.9667  1.1659 17.4262
  5.3626  1.2688  0.9970  2.3807  8.9396
  3.8998  2.6970  0.9914  2.2859 22.7240
  5.5141  1.2833  0.9979  0.4911  9.0672
  5.9081  0.3935  0.9915  0.8083  2.1199
  5.7160  3.0854  0.9910  0.1730 26.7577
  5.1132  4.0686  0.9717  0.4196 37.3063
  5.8351  2.7632  0.9672  0.2813 23.4058
  5.4744  1.6960  0.9716  1.6098 12.8356
  5.7857  3.3039  0.9948  1.7634 29.0633
  5.5022  3.8655  0.9681  0.4982 35.0925
  4.3528  3.1462  0.9980  0.2967 27.3969
  6.0577  2.8363  0.9689  1.8156 24.1602
  5.4316  2.0705  0.9863  1.5703 16.4330
  5.0275  1.3280  0.9892  1.5808  9.4633
  5.3260  0.9259  0.9813  1.7271  6.0302
  5.0703  0.7356  0.9960  2.6955  4.5310
  5.4764  2.3086  0.9753  1.3089 18.7882
  5.5366  2.3925  0.9827  2.3950 19.6296
  4.8728  1.0475  0.9980  0.8856  7.0345
  5.4204  4.2694  0.9779  0.4063 39.5095
  5.9088  2.0701  0.9844  0.4520 16.4288
  5.0863  2.9767  0.9888  0.3976 25.6201
  5.4834  2.2338  0.9953  2.8948 18.0434
  5.2489  1.2355  0.9927  0.6902  8.6473
  5.4585  3.0897  0.9810  0.7855 26.8024
  5.2138  2.2572  0.9891  0.9271 18.2757
  5.3418  1.2453  0.9684  1.6773  8.7332
  5.2747  1.4591  0.9693  1.5098 10.6436
  3.5299  4.0187  0.9980  1.6026 36.7610
  6.3748  0.7606  0.9969  0.3671  4.7221
  6.2031  4.0353  0.9904  0.7089 36.9415
  3.5755  2.1996  0.9754  1.7341 17.7044
  5.6164  1.9434  0.9813  1.2180 15.1960
  5.7661  2.3779  0.9911  0.8398 19.4823
  5.9385  0.9207  0.9820  0.1802  5.9882
  5.7487  2.0599  0.9951  1.3788 16.3294
  4.4285  4.3572  0.9924  0.8029 40.4772
  5.2957  2.0141  0.9875  0.6880 15.8819
  6.4006  1.3902  0.8901  1.1960 10.0202
  5.7098  3.5965  0.9750  2.0168 32.1869
  3.5556  1.6382  0.9955  1.7655 12.2945
  5.5123  1.2621  0.9785  1.0298  8.8805
  3.8338  3.7903  0.9805  1.6473 34.2773
  5.3941  1.9240  0.9793  1.7680 15.0091
  3.8270  0.6985  0.9668  1.3238  4.2502
  5.0291  0.8897  0.9972  0.9724  5.7380
  5.7636  1.3114  0.9897  1.3801  9.3163
  6.2746  2.6397  0.9784  0.6780 22.1374
  5.6247  3.4454  0.9848  2.4167 30.5686
  6.3208  1.4015  0.9747  1.3721 10.1215
  5.8933  2.2310  0.9844  1.3300 18.0154
  4.2132  1.8789  0.9943  2.3029 14.5750
  5.7254  1.4900  0.9839  1.8173 10.9256
  4.1157  1.8620  0.9908  1.1217 14.4125
  5.4615  1.5715  0.9980  0.5113 11.6747
  4.6746  2.7366  0.9973  1.0840 23.1317
  6.4678  3.0551  0.9929  0.6983 26.4395
  5.0995  0.8245  0.9849  0.8544  5.2198
  5.1373  3.5746  0.9956  1.4101 31.9526
  4.3358  2.9209  0.9948  1.6833 25.0383
  4.7833  3.4966  0.9853  1.5392 31.1162
  5.0436  1.9667  0.9959  1.3057 15.4217
  4.7424  2.3118  0.9699  0.8876 18.8202
  5.5015  3.1939  0.9763  2.6278 27.8995
  3.9762  1.1606  0.9874  1.6607  7.9968
  5.7336  1.3673  0.9980  2.4652  9.8143
  5.4662  2.2133  0.9802  1.5277 17.8404
  5.4261  3.2445  0.9841  2.0596 28.4341
  5.3902  4.0053  0.9977  2.5167 36.6145
  5.1379  3.9975  0.9968  2.4071 36.5293
  6.8840  2.6135  0.5257  2.2804 21.8690
  5.5229  1.3208  0.9913  0.8868  9.3994
  5.9876  1.6706  0.9750  0.8974 12.5972
  4.6289  3.6819  0.9903  0.9953 33.1060
  5.2989  1.5905  0.9931  2.1107 11.8509
  5.2204  1.9497  0.9827  1.0871 15.2573
  3.5799  3.4522  0.9929  1.5337 30.6418
  4.7269  2.4089  0.9772  2.6200 19.7948
  5.8955  2.5249  0.9802  2.6216 20.9676
  4.2179  2.4740  0.9825  1.4979 20.4515
  5.1638  2.1286  0.9948  1.5191 17.0037
  5.6094  2.0454  0.9728  2.7852 16.1875
  5.1441  2.8983  0.9886  0.3374 24.8037
  5.2088  3.3430  0.9862  0.2893 29.4786
  5.3579  0.7965  0.9778  1.8685  5.0001
  5.1074  3.3973  0.9812  1.5057 30.0557
  4.9228  1.3635  0.9754  2.3414  9.7805
  5.1862  4.2270  0.9934  1.3183 39.0426
  4.4449  2.9438  0.9894  0.5024 25.2767
  5.3385  2.9534  0.9961  1.6811 25.3769
  4.3357  4.1888  0.9694  1.7838 38.6233
  5.4466  3.0735  0.9736  0.7851 26.6323
  5.3923  3.4018  0.9773  0.4018 30.1040
  6.0019  2.2170  0.9854  0.3069 17.8765
  5.8525  3.0953  0.9726  1.4488 26.8613
  5.5068  2.6639  0.9736  0.8804 22.3852
  4.6252  2.7396  0.9698  1.6772 23.1622
  6.5343  1.8935  0.9899  0.6054 14.7152
  4.3472  1.0426  0.9710  0.2368  6.9935
  6.4573  2.2202  0.9072  1.6669 17.9083
  4.2803  2.1594  0.9961  1.6042 17.3065
  5.5404  0.8362  0.9871  2.4415  5.3118
  5.1836  3.9666  0.9780  2.5038 36.1922
  4.6474  4.3752  0.9963  1.1760 40.6758
  4.4991  3.6333  0.9734  0.6497 32.5834
  4.8707  2.3809  0.9971  3.0231 19.5130
  5.8959  2.7903  0.9765  0.9206 23.6847
