  5.1566  0.9459  0.4189  2.9132  6.1937
  6.5275  2.6802  0.6839  2.1521 22.5518
  5.1993  2.0150  0.3989  0.8621 15.8910
  4.4608  3.5397  0.4668  0.7871 31.5780
  5.1156  3.3783  0.2558  2.8791 29.8533
  5.4381  4.0693  0.7943  1.5357 37.3138
  4.6628  2.2560  0.7400  2.1834 18.2642
  5.0092  1.5605  0.6810  0.9239 11.5728
  5.1376  3.6284  0.9347  2.2101 32.5308
  5.2921  3.0087  0.0060  1.4023 25.9544
  5.8474  3.1822  0.9855  0.5541 27.7756
  4.7211  3.2574  0.2859  0.5327 28.5702
  4.9239  0.5433  0.7916  0.4220  3.1234
  5.3944  1.4313  0.4959  1.6118 10.3910
  5.4621  2.5525  0.1478  1.1960 21.2479
  6.0794  2.6934  0.5788  2.0585 22.6877
  4.9839  1.5222  0.8248  1.7701 11.2200
  5.4555  0.6973  0.3677  1.1597  4.2414
  6.0356  2.1149  0.5578  1.2263 16.8689
  5.1824  2.4577  0.6035  0.6842 20.2869
  5.0000  2.9163  0.2301  0.8688 24.9904
  5.6001  1.3177  0.0251  1.2873  9.3721
  5.5403  1.2172  0.9617  2.1524  8.4876
  5.2774  1.6523  0.5742  1.3279 12.4261
  4.9221  2.7335  0.8200  1.6706 23.0994
  3.8008  2.4818  0.4381  0.7812 20.5301
  5.0797  2.6376  0.5320  2.4936 22.1155
  4.9325  3.2632  0.5703  2.3902 28.6323
  5.0579  1.5625  0.5098  2.1644 11.5916
  6.4239  3.8817  0.3142  1.3837 35.2686
  5.5952  1.7691  0.8556  1.1898 13.5268
  5.6415  1.5963  0.3972  1.6090 11.9042
  5.4090  3.9002  0.8818  2.5781 35.4702
  4.9363  2.0710  0.1013  2.5774 16.4384
  5.1330  0.8014  0.6329  0.6874  5.0386
  3.9657  4.3122  0.9474  1.0866 39.9809
  4.0964  2.9661  0.4249  2.5216 25.5091
  4.2071  3.1706  0.8281  1.9567 27.6540
  5.3996  2.3079  0.2424  1.7996 18.7814
  4.9158  1.0048  0.8326  3.0000  6.6786
  5.3629  3.0872  0.8819  1.4111 26.7764
  4.4107  1.9123  0.3938  1.6357 14.8956
  4.9961  4.3984  0.2148  2.4273 40.9319
  3.5169  3.6697  0.7734  1.2306 32.9753
  5.3940  3.6324  0.3974  1.9443 32.5731
  5.3168  4.0265  0.6449  2.1343 36.8461
  4.9234  2.7734  0.9852  0.3219 23.5106
  5.7306  2.6679  0.6579  2.9264 22.4259
  5.0185  2.3423  0.9742  1.1631 19.1250
  4.9489  0.5363  0.3896  1.8687  3.0747
  5.2803  2.2349  0.5636  0.8956 18.0547
  5.0012  3.7279  0.6789  0.2816 33.6030
  5.4351  3.0372  0.7411  1.6523 26.2524
  4.9318  2.4798  0.4595  2.0290 20.5103
  5.6200  1.1187  0.1073  0.4044  7.6374
  5.1605  2.4314  0.5430  0.3731 20.0214
  5.5785  3.9002  0.5370  1.9794 35.4699
  5.2808  3.7534  0.4386  1.4194 33.8785
  5.3895  2.0690  0.1523  1.1883 16.4179
  5.5022  1.2231  0.3201  1.6231  8.5388
  5.1887  2.7468  0.3015  2.3564 23.2361
  5.2896  3.7092  0.6304  1.2627 33.4012
  5.5708  0.9960  0.6264  2.9628  6.6053
  4.7503  3.3874  0.1153  1.1334 29.9502
  5.6038  3.6882  0.9524  0.7462 33.1748
  5.3572  2.7075  0.2749  1.3470 22.8322
  3.8776  3.2680  0.1625  1.9406 28.6832
  4.8435  3.1854  0.0207  0.9043 27.8093
  4.3212  3.1770  0.1959  2.3583 27.7215
  5.5279  3.1551  0.0805  2.2662 27.4905
  4.5328  2.1577  0.3425  1.2906 17.2903
  6.1760  2.7533  0.2399  1.3495 23.3035
  5.3353  1.2893  0.0211  1.8648  9.1205
  5.0095  3.9260  0.1554  1.3076 35.7502
  4.4850  2.7178  0.2522  2.6081 22.9383
  5.2092  1.2357  0.4425  0.9767  8.6489
  5.5216  1.5675  0.9510  0.9346 11.6375
  5.3653  2.8162  0.8100  1.8920 23.9522
  4.3760  3.8065  0.4906  0.7431 34.4528
  5.1094  4.1407  0.9373  1.8987 38.0958
  5.6562  3.8187  0.8830  1.2070 34.5851
  3.8119  4.3541  0.6442  1.7549 40.4432
  4.9474  2.9501  0.5871  3.1270 25.3425
  4.5120  1.4227  0.0137  1.7256 10.3135
  5.2809  1.3203  0.1903  0.8003  9.3945
  5.4182  0.9717  0.1859  2.3745  6.4048
  5.1761  0.8335  0.8427  2.4298  5.2903
  5.8423  2.4502  0.4630  1.2171 20.2108
  5.7828  1.1770  0.6655  2.4546  8.1381
  5.3239  1.6849  0.3788  1.0486 12.7320
  4.8835  1.3884  0.5744  1.7030 10.0036
  4.3416  3.5103  0.3182  1.2095 31.2628
  5.0242  3.0512  0.5666  0.3809 26.3987
  5.4057  3.5411  0.9348  2.0380 31.5931
  5.5071  2.8545  0.7725  1.4781 24.3494
  4.6653  1.5766  0.9737  0.6208 11.7216
  5.0483  3.9769  0.0025  1.3727 36.3043
  5.2615  1.6255  0.0255  1.5369 12.1759
  4.4762  4.4901  0.1475  1.7502 41.9468
  4.5857  4.1655  0.6063  0.7530 38.3670
  5.8284  2.4353  0.7616  0.0576 20.0607
  5.5162  4.1411  0.0222  0.3979 38.0994
  5.4016  1.1411  0.2240  1.5640  7.8293
  5.2582  1.0215  0.8005  2.1889  6.8177
  4.1702  3.6390  0.7396  0.1351 32.6447
  5.3159  2.1315  0.4245  0.9920 17.0317
  5.3558  1.7841  0.0191  2.5556 13.6687
  4.9892  2.0799  0.9756  2.7098 16.5248
  5.2444  1.8812  0.1563  1.5318 14.5964
  5.4705  2.8143  0.6090  1.9370 23.9334
  4.7565  4.1873  0.0933  0.9130 38.6063
  4.2048  3.7224  0.5342  1.3933 33.5438
  4.4629  1.5670  0.5439  1.4001 11.6329
  5.7556  2.7443  0.8477  0.8780 23.2105
  5.5493  0.9617  0.6397  1.5545  6.3226
  5.1568  1.2754  0.8790  2.2588  8.9975
  5.7485  1.7078  0.1984  2.4516 12.9472
  4.7061  1.0719  0.1119  1.8352  7.2400
  4.3933  2.0920  0.8024  1.3617 16.6440
  5.5955  1.9943  0.0096  1.3876 15.6898
  5.2511  3.1831  0.3960  1.2015 27.7857
  5.0155  3.2035  0.0043  2.9281 28.0010
  3.7190  3.3153  0.2674  1.1992 29.1840
  5.3268  2.1342  0.1481  1.9500 17.0584
  5.4527  2.1839  0.6090  0.5369 17.5486
  5.5723  2.3705  0.2294  1.3191 19.4084
  3.8133  3.7956  0.9549  0.1073 34.3351
  5.1780  2.4772  0.4457  1.7652 20.4840
  5.2777  3.9149  0.0200  0.6457 35.6297
  5.2784  3.2562  0.6532  0.0571 28.5583
  4.9196  3.8959  0.0522  2.0296 35.4236
  3.8182  2.6714  0.0194  0.8325 22.4621
  4.5951  2.1903  0.1815  3.0750 17.6123
  5.2530  3.8253  0.6654  0.5816 34.6565
  4.6506  3.0965  0.6096  1.0319 26.8738
  5.1674  1.1698  0.6264  1.6736  8.0761
  5.6267  2.7229  0.4822  0.9589 22.9905
  4.3305  2.8412  0.8573  2.3548 24.2116
  5.7527  3.1441  0.6360  0.9294 27.3751
  6.2539  3.7869  0.2440  1.4946 34.2402
  4.6294  1.4355  0.9026  2.3853 10.4290
  5.4339  3.5361  0.7690  2.5085 31.5390
  5.4999  2.1377  0.8379  2.3287 17.0930
  3.6196  2.1361  0.4593  2.8213 17.0772
  5.7121  0.5229  0.1693  2.9016  2.9817
  4.8949  1.8018  0.3266  2.8315 13.8368
  5.0912  0.9870  0.3983  1.8599  6.5310
  5.3480  1.6736  0.1871  0.8547 12.6254
  5.5468  2.4757  0.2770  1.5243 20.4684
  3.9905  4.2370  0.9857  1.8669 39.1526
  5.9346  2.4475  0.5403  1.1286 20.1840
  5.3778  2.3450  0.1073  0.6703 19.1521
  4.2589  3.5065  0.1606  1.1859 31.2223
  5.4060  0.6718  0.1716  0.9520  4.0506
  4.9999  2.2927  0.8841  1.0442 18.6299
  4.2712  3.7174  0.4274  1.4679 33.4895
  4.4982  3.0609  0.2406  1.4429 26.5010
  5.7108  1.7280  0.3688  1.4551 13.1373
  5.9743  2.9430  0.0161  1.3505 25.2681
  5.3561  2.4663  0.5500  1.0436 20.3733
  5.3505  3.5258  0.1577  1.1321 31.4286
  5.1693  2.4450  0.8775  1.1094 20.1586
  5.1151  1.6783  0.7822  0.3502 12.6695
  3.8278  3.8365  0.1552  1.3488 34.7782
  6.4278  2.0530  0.2839  1.9457 16.2616
  6.0747  1.7108  0.8132  1.1638 12.9751
  4.7898  2.7897  0.0352  2.5012 23.6784
  5.2622  1.0750  0.6383  1.2653  7.2666
  6.9274  2.8096  0.9085  0.7800 23.8845
  5.4275  4.4569  0.8422  1.2889 41.5791
  6.1422  2.1186  0.8710  2.6121 16.9054
  5.7593  3.1514  0.1489  1.7300 27.4511
  4.5206  2.7610  0.1030  1.0606 23.3822
  4.9569  2.7238  0.9075  1.9259 22.9999
  4.1932  3.1334  0.7058  1.2688 27.2621
  5.8100  2.8048  0.9313  2.1482 23.8352
  4.7363  3.8012  0.6768  0.9970 34.3956
  4.5404  2.5934  0.1683  2.0499 21.6641
  6.7275  1.9239  0.2010  1.1338 15.0077
  5.7809  4.0112  0.8752  1.3158 36.6787
  5.3042  1.7498  0.7534  0.8147 13.3436
  4.8133  3.0489  0.6837  1.0058 26.3750
  5.0730  1.8066  0.4636  2.4491 13.8831
  4.3813  1.2063  0.6179  1.3105  8.3921
  5.2441  1.2459  0.1957  0.8500  8.7380
  5.2812  2.8300  0.7789  1.0223 24.0951
  4.8672  4.4996  0.7661  1.6079 42.0525
  6.0872  3.2183  0.9100  2.8182 28.1575
  4.5879  2.5121  0.9919  1.1354 20.8377
  4.2806  2.7998  0.9291  2.4325 23.7834
  5.1389  3.4738  0.2879  1.6197 30.8729
  5.1329  3.1091  0.5086  2.9707 27.0067
  5.1880  1.2636  0.6156  3.0281  8.8931
  5.1885  2.5237  0.6572  2.7998 20.9549
  4.0344  1.2816  0.3295  1.0300  9.0524
  4.4654  2.8733  0.8124  0.4905 24.5442
  4.8856  4.2593  0.7807  0.9257 39.3982
  4.9555  1.2892  0.0220  1.9290  9.1196
  5.2410  4.0961  0.5678  1.8638 37.6073
  4.5325  1.7643  0.8695  1.1956 13.4814
  5.2293  2.4481  0.3911  1.3987 20.1896
  5.4938  1.6976  0.7821  1.6619 12.8514
  6.0124  3.0350  0.3895  2.5876 26.2295
  5.0988  2.4312  0.8172  2.4487 20.0195
  6.0248  2.9612  0.6131  0.5727 25.4579
  5.1980  2.2886  0.3045  0.9102 18.5886
  3.7378  3.8592  0.8804  0.5021 35.0246
  5.1479  3.2397  0.9310  2.3326 28.3830
  5.1463  1.9646  0.8264  0.7411 15.4018
  4.5990  3.4990  0.3973  2.0907 31.1415
  4.9105  4.0100  0.4150  2.0159 36.6658
  5.0990  4.4027  0.7602  1.2216 40.9799
  5.0056  1.6394  0.2520  1.3960 12.3056
  4.6624  1.3714  0.6628  1.1999  9.8510
  3.9985  1.5073  0.9142  1.6642 11.0836
  4.6380  3.0924  0.8391  0.9694 26.8313
  4.6592  3.8930  0.4051  2.6319 35.3913
  5.0688  4.1650  0.6597  1.0597 38.3620
  4.9800  3.5277  0.1569  1.7171 31.4493
  5.0720  2.9819  0.5761  1.6728 25.6738
  5.5061  2.8983  0.5654  0.5054 24.8033
  6.1315  2.5217  0.2652  1.7077 20.9344
  6.4817  2.4412  0.9425  2.2478 20.1196
  5.3724  3.7069  0.1489  1.4232 33.3763
  5.2359  2.0003  0.2934  0.8272 15.7476
  5.2273  1.6906  0.3304  1.3515 12.7857
  5.1016  2.4877  0.1804  1.0058 20.5897
  5.6593  4.4356  0.8146  0.4141 41.3437
  5.4016  2.7930  0.6294  0.7735 23.7129
  4.8238  2.4308  0.2457  0.8917 20.0151
  4.1055  3.2155  0.1937  1.7111 28.1279
  6.8496  3.2815  0.3027  0.6329 28.8255
  4.9667  0.4475  0.4929  1.3198  2.4711
  4.0391  2.2148  0.8436  1.0719 17.8546
  5.3893  3.7626  0.7807  0.1516 33.9776
  5.0036  0.2828  0.7992  1.9789  1.4401
  3.7226  3.2788  0.0543  0.7103 28.7970
  4.8645  4.4200  0.9558  1.6432 41.1712
  5.0794  4.0474  0.0931  1.7800 37.0743
  5.2786  3.2140  0.2252  0.1870 28.1113
  4.9907  1.2880  0.3455  1.5680  9.1089
  5.3923  4.1006  0.9165  2.1397 37.6558
  5.0502  2.1113  0.4280  1.2206 16.8333
  5.1778  2.6736  0.4879  1.2896 22.4841
  4.9206  3.0394  0.7025  0.2591 26.2756
  5.0641  3.7715  0.9115  0.7479 34.0745
  4.5857  1.4845  0.4272  1.5368 10.8746
  5.2820  3.1595  0.6253  1.1948 27.5372
  5.1058  4.2517  0.5727  0.6304 39.3145
  5.5959  2.3711  0.6244  1.1818 19.4142
  5.2240  1.3506  0.0103  0.3702  9.6653
  5.0562  3.3999  0.3264  0.7111 30.0842
  5.9474  4.2737  0.0297  1.5603 39.5566
  5.1854  1.4696  0.7181  2.5078 10.7393
  3.7888  3.7361  0.5579  1.0875 33.6919
  5.0407  3.4219  0.2630  0.6556 30.3178
  4.1267  2.8907  0.3490  2.0645 24.7243
  5.1166  2.6880  0.0498  0.3541 22.6319
  5.2132  1.6932  0.3362  2.6161 12.8094
  5.1846  1.9149  0.3008  0.8252 14.9206
  5.1086  3.3772  0.9860  1.2544 29.8424
  5.2654  0.3996  0.1774  2.5414  2.1587
  5.6798  0.6582  0.1568  2.7184  3.9503
  4.9902  2.1179  0.2772  1.9667 16.8984
  3.5131  3.5313  0.4761  1.7963 31.4878
  3.9578  3.7570  0.8643  0.5976 33.9174
  4.9097  0.7806  0.4303  0.2522  4.8769
  5.2385  1.6552  0.6493  0.7724 12.4536
  4.9499  4.3918  0.4315  1.5099 40.8591
  4.8550  3.5200  0.2279  1.5617 31.3671
  4.9502  3.3009  0.4132  0.4550 29.0317
  6.0277  3.6314  0.9542  2.2092 32.5623
  6.6034  1.3245  0.4347  1.4890  9.4323
  5.3308  1.1359  0.0629  0.2506  7.7849
  4.8987  2.4167  0.6901  0.7706 19.8729
  5.3327  2.0405  0.1894  1.5154 16.1394
  5.3350  2.3285  0.3451  1.9979 18.9872
  5.2668  0.7362  0.7206  0.7270  4.5354
  5.8601  4.1228  0.2684  0.7739 37.8992
  5.6044  0.2685  0.9432  0.9312  1.3568
  5.0346  3.6992  0.6921  1.3510 33.2930
  6.2200  3.6050  0.7007  0.9673 32.2788
  5.3459  0.8868  0.7720  1.0938  5.7152
  4.3647  4.4387  0.3329  2.3579 41.3780
  3.8859  2.2053  0.8799  1.3873 17.7604
  5.1246  2.9069  0.4233  2.2616 24.8925
  4.1364  3.4516  0.3051  2.2521 30.6348
  4.7835  3.8333  0.3658  2.2375 34.7440
  4.5324  4.0813  0.6922  1.8302 37.4444
  5.7402  3.7494  0.3327  1.9078 33.8355
  4.4835  0.8867  0.7505  0.1909  5.7138
  5.9331  2.6002  0.3333  2.2838 21.7336
  5.8176  1.9357  0.3505  1.3489 15.1223
  5.0957  1.9165  0.4768  1.6062 14.9367
  5.4612  2.0238  0.7382  0.6543 15.9772
  5.2159  2.3831  0.6787  0.3804 19.5346
  5.5830  2.9703  0.5443  2.1309 25.5529
  6.0557  4.0326  0.7623  2.0028 36.9121
  5.4903  3.1948  0.4787  1.7874 27.9086
  4.7999  2.1285  0.8350  2.1184 17.0027
  5.3176  3.1821  0.0159  1.4761 27.7751
  5.2797  1.3686  0.7964  2.4086  9.8259
  6.5651  2.7795  0.3565  1.8748 23.5739
  4.2846  1.6423  0.9519  2.1605 12.3325
  6.5384  1.8170  0.8015  1.6393 13.9825
  5.4538  1.3888  0.9166  0.7607 10.0072
  4.0847  3.3573  0.7606  1.1698 29.6299
  5.0612  0.8460  0.0112  1.6808  5.3894
  5.5199  2.9002  0.5178  1.6766 24.8232
  5.5339  3.5972  0.4059  1.6816 32.1944
  4.2965  1.5623  0.9372  0.6054 11.5901
  4.0008  0.8275  0.4231  0.5843  5.2433
  5.6843  3.8671  0.0719  1.5154 35.1106
  3.6938  3.0955  0.7775  1.9540 26.8631
  4.3769  1.4553  0.7914  2.5359 10.6088
  5.2725  3.6409  0.0689  1.8797 32.6646
  5.3350  3.1829  0.8401  0.2197 27.7834
  4.8988  2.6815  0.3405  2.8595 22.5655
  5.2335  2.6094  0.4870  2.0834 21.8271
  4.4969  2.3988  0.4337  0.4761 19.6926
  3.9151  2.0788  0.6977  1.0158 16.5143
  5.6063  2.3444  0.0818  1.2063 19.1467
  4.7955  2.9969  0.4209  1.3817 25.8306
  4.8036  2.2257  0.6985  0.9122 17.9629
  5.4260  3.5304  0.2631  2.0712 31.4777
  5.5768  1.4448  0.1315  1.9406 10.5131
  5.6503  3.4196  0.1149  0.0743 30.2935
  4.2694  4.1155  0.6274  0.6690 37.8188
  4.6497  3.4952  0.0722  1.8984 31.1016
  5.1038  1.2577  0.1679  2.4606  8.8413
  5.3008  3.0458  0.9260  1.2731 26.3427
  5.3033  1.2220  0.5713  1.2335  8.5292
  5.2703  1.7095  0.7579  1.8477 12.9630
  4.4696  1.6019  0.2833  1.4713 11.9569
  5.2781  4.2601  0.6998  1.2979 39.4064
  4.1496  2.4322  0.8020  1.1434 20.0287
  5.1418  4.0574  0.4425  2.7485 37.1836
  5.3264  4.1756  0.8504  2.6757 38.4783
  4.4306  2.9762  0.3148  1.3284 25.6149
  4.6412  0.7045  0.5148  2.4105  4.2954
  3.9505  1.5052  0.3095  1.9896 11.0641
  4.3393  1.2448  0.9070  0.8994  8.7287
  6.4901  4.3448  0.9920  1.4102 40.3399
  5.4903  1.2658  0.1029  1.0989  8.9128
  4.4511  1.2942  0.5101  1.5723  9.1632
  5.5617  3.6471  0.6604  1.1741 32.7317
  6.7159  1.6718  0.3458  1.0297 12.6087
  4.6292  3.2263  0.1428  2.7525 28.2411
  4.0219  1.5421  0.8575  1.4884 11.4029
  4.6053  2.1478  0.9175  2.2056 17.1924
  5.2093  1.5664  0.8667  2.0200 11.6275
  5.1922  4.4845  0.5149  1.1184 41.8851
  3.7843  2.7049  0.9611  0.6695 22.8055
  5.1875  1.4328  0.0672  1.8657 10.4049
  4.0153  4.0227  0.1344  1.4885 36.8047
  4.1157  4.3904  0.1169  2.2048 40.8432
  4.8425  2.6223  0.2497  1.1294 21.9592
  4.7196  2.7986  0.8477  1.8528 23.7710
  6.3464  0.1310  0.8725  2.4567  0.6088
  6.1850  2.8474  0.7976  1.6449 24.2752
  5.4799  0.6243  0.4289  0.5904  3.7013
  3.8804  3.7338  0.0044  2.6620 33.6663
  5.2407  0.9104  0.0578  2.4013  5.9048
  6.7906  2.1231  0.9487  0.9448 16.9488
  5.3329  1.0164  0.7135  1.7773  6.7748
  5.5053  4.1254  0.5073  2.6264 37.9274
  4.5283  2.5996  0.0525  1.8205 21.7273
  4.2619  1.4410  0.4615  1.3423 10.4791
  5.0997  3.3628  0.6744  1.7823 29.6886
  6.3866  2.5710  0.2966  2.9049 21.4356
  4.6815  0.8690  0.2418  0.4144  5.5720
  5.2076  3.2904  0.1652  2.0670 28.9204
  5.3357  3.1086  0.2936  1.4478 27.0014
  5.5193  2.3564  0.5555  1.5134 19.2671
  4.7166  2.6309  0.8448  0.7754 22.0467
  5.6950  3.1733  0.6995  0.2635 27.6821
  4.3480  1.6902  0.2755  1.1831 12.7818
  5.7085  1.7733  0.9861  0.2003 13.5665
  5.4294  4.2935  0.5724  1.2274 39.7740
  4.7525  3.1955  0.1488  1.3980 27.9164
  6.4588  2.2876  0.5014  2.1096 18.5788
  5.2024  2.4667  0.9842  1.3939 20.3778
  5.2926  2.3318  0.1559  1.9579 19.0202
  5.1257  2.0980  0.8588  0.7267 16.7022
  4.7553  2.0664  0.7834  1.6083 16.3927
  5.4204  3.4774  0.1853  2.2241 30.9112
  4.3475  2.7179  0.9534  2.0075 22.9389
  5.0776  1.3258  0.0203  1.9822  9.4438
  5.1754  1.9050  0.6789  0.4455 14.8253
  6.9791  2.9023  0.0223  1.1110 24.8456
  4.3900  4.2079  0.1569  2.8030 38.8328
  5.0380  3.5748  0.5507  1.4507 31.9546
  5.4682  2.3695  0.8696  1.6128 19.3982
  5.0454  0.8450  0.4556  2.8476  5.3818
  5.5843  2.2261  0.0967  0.9079 17.9671
  5.2441  2.1004  0.9435  0.6267 16.7256
  5.1840  1.2169  0.9822  0.5103  8.4848
  6.1578  3.9322  0.4824  1.3423 35.8184
  5.9677  4.0912  0.0012  2.5688 37.5532
  4.5605  2.4023  0.5811  1.2849 19.7280
  5.3362  2.8787  0.0291  0.1927 24.6004
  6.0442  2.6700  0.0413  1.9491 22.4470
  5.5242  2.9094  0.3730  0.9118 24.9186
  5.5010  3.1270  0.0549  1.7969 27.1948
  4.7302  2.9872  0.4775  1.0411 25.7298
  4.1310  3.5654  0.0693  1.3101 31.8532
  5.2723  1.6636  0.7679  1.9821 12.5322
  5.3675  3.8164  0.9113  1.9094 34.5603
  5.2533  1.3064  0.2049  0.9973  9.2715
  5.4088  2.0045  0.5181  2.5802 15.7892
  5.2807  0.8561  0.4023  2.2993  5.4695
  3.6925  0.6344  0.6362  1.8732  3.7752
  5.0118  0.9430  0.7478  0.6246  6.1695
  4.8742  2.1262  0.5405  0.2117 16.9792
  5.1168  1.6814  0.3437  0.8734 12.6988
  5.7330  2.2884  0.3103  0.5757 18.5871
  5.4076  3.3064  0.0458  0.8691 29.0901
  4.4940  3.4271  0.2411  2.2798 30.3738
  5.6344  3.8907  0.4014  0.1648 35.3670
  4.1810  1.0699  0.4159  0.9545  7.2238
  5.6414  1.7607  0.5049  2.6079 13.4470
  5.0181  1.4334  0.2475  2.0699 10.4102
  5.3964  3.0915  0.4751  1.3387 26.8221
  5.1975  3.0713  0.9621  2.0780 26.6102
  5.2502  2.8944  0.0141  1.8246 24.7631
  5.1417  2.1356  0.8400  0.5190 17.0725
  4.5344  1.1608  0.4110  1.5093  7.9983
  5.5820  3.1858  0.6120  1.8402 27.8140
  5.1773  1.3792  0.6785  0.5724  9.9210
  5.3423  4.1895  0.8257  0.3142 38.6303
  4.2260  2.2846  0.5807  0.7077 18.5491
  5.4068  3.4042  0.9424  2.2571 30.1296
  5.0046  4.3539  0.1380  2.8420 40.4410
  5.3112  3.9285  0.2719  1.3378 35.7772
  5.3606  2.8414  0.9678  1.5618 24.2133
  6.7488  2.5934  0.4876  0.6409 21.6644
  4.9528  3.1036  0.5564  1.7898 26.9485
  4.7369  2.9905  0.7531  2.4186 25.7640
  5.0485  1.8434  0.6467  1.0178 14.2347
  5.0582  1.4200  0.6361  0.4551 10.2892
  6.7902  1.6450  0.0279  0.6740 12.3581
  5.4455  1.9187  0.9074  1.5729 14.9577
  5.4674  1.9568  0.7769  1.2754 15.3261
  5.3767  2.6326  0.6768  2.3055 22.0643
  5.6317  1.8640  0.6073  0.9651 14.4314
  5.0417  1.6983  0.2687  0.8836 12.8577
  5.2702  3.2756  0.1907  1.0013 28.7636
  3.9734  3.7420  0.3201  1.7430 33.7557
  4.5252  1.3935  0.7439  0.5369 10.0497
  5.2540  3.1210  0.8260  0.3896 27.1321
  4.7264  1.0221  0.3680  2.0691  6.8221
  6.1750  3.0199  0.2158  0.3217 26.0711
  6.0112  3.0992  0.1175  0.8017 26.9025
  5.1492  3.6156  0.5909  1.1253 32.3927
  5.3164  3.4638  0.3405  1.0950 30.7651
  5.6425  2.2874  0.6567  2.8075 18.5766
  5.0403  0.3455  0.5803  1.0760  1.8183
  5.9170  1.4379  0.9345  1.6330 10.4505
  5.4891  4.1088  0.4012  2.0965 37.7454
  6.5075  2.2666  0.5169  2.3376 18.3694
  5.3113  1.5340  0.5648  0.4014 11.3291
  5.2580  2.3864  0.1381  1.5993 19.5684
  4.5392  2.0133  0.4958  2.3605 15.8743
  4.9411  3.9762  0.5057  1.1828 36.2969
  5.2508  2.5348  0.3115  1.3050 21.0677
  5.0793  3.4217  0.9040  0.9637 30.3163
  6.4549  3.3584  0.3666  1.0812 29.6416
  5.4654  2.6246  0.7844  0.5410 21.9831
  5.3092  2.3059  0.2686  1.3931 18.7615
  5.2586  1.7542  0.2234  1.2255 13.3848
  5.4266  0.7022  0.6033  2.1241  4.2778
  5.3932  3.8965  0.5444  1.8839 35.4293
  5.5381  3.4544  0.4429  1.1044 30.6649
  5.3021  1.1568  0.8986  1.5333  7.9640
  5.4320  2.7123  0.2202  1.7718 22.8809
  5.2301  3.9478  0.0490  1.1888 35.9877
  3.9155  1.8652  0.3597  2.0997 14.4434
  5.8942  3.3265  0.8771  1.1137 29.3035
  5.0537  4.4122  0.5000  0.1950 41.0848
  5.3452  3.7439  0.2445  1.0775 33.7761
  5.5294  3.1350  0.8608  1.2392 27.2786
  4.4982  1.2870  0.4037  1.4932  9.1000
  5.3232  2.8875  0.5762  1.0067 24.6913
  5.8636  3.1011  0.4205  0.8855 26.9224
  4.6676  1.9368  0.6134  2.0003 15.1327
  4.7385  2.1221  0.5866  1.0641 16.9391
  5.1423  1.0983  0.7875  0.5261  7.4639
  4.5494  2.2422  0.9235  0.7323 18.1264
  5.2789  2.4129  0.8600  1.8045 19.8342
  4.9251  3.0696  0.4117  2.3919 26.5917
  5.8992  2.1498  0.5877  2.3120 17.2122
  5.0428  1.8580  0.6969  2.8551 14.3742
  4.7483  1.7728  0.0889  1.9848 13.5613
  5.3561  0.7193  0.9307  0.8722  4.4074
  5.4142  1.6443  0.8259  2.6377 12.3514
  5.9369  3.4341  0.1375  1.6165 30.4482
  5.3392  3.4179  0.9033  1.8664 30.2756
  4.5711  1.5794  0.6529  1.9449 11.7480
  5.7763  2.6023  0.8809  2.6597 21.7548
  5.0007  1.3158  0.9782  1.2559  9.3545
  5.1408  4.4206  0.6855  1.2983 41.1773
  6.0666  2.7928  0.9460  1.7235 23.7105
  5.5626  3.9061  0.9174  2.3777 35.5338
  4.6692  1.3868  0.6134  1.6321  9.9896
  4.9602  1.3737  0.8295  1.8642  9.8720
  5.4342  4.0645  0.9717  1.7622 37.2612
  6.4677  3.0130  0.0759  1.2401 25.9993
  5.4213  4.3460  0.9240  1.1250 40.3539
  5.5092  3.6992  0.1057  1.8894 33.2929
  5.2985  1.8295  0.8548  1.1789 14.1012
  5.2074  1.3162  0.5118  2.0759  9.3580
  4.2494  4.4207  0.2403  1.9370 41.1790
  5.1189  1.9748  0.5203  0.8974 15.5000
  5.1144  1.0035  0.0849  1.4051  6.6679
  5.3297  3.8230  0.2584  1.6047 34.6318
  4.5867  3.8296  0.2851  1.2648 34.7028
  5.4016  1.4745  0.0413  1.9062 10.7833
  4.0834  4.4205  0.8911  1.3114 41.1769
  5.1894  1.3078  0.3857  1.8994  9.2842
  4.8332  1.3413  0.8828  0.7343  9.5819
  4.3035  4.4098  0.4571  1.2038 41.0576
  5.4520  1.3654  0.6211  1.3119  9.7977
  5.8151  0.8486  0.6529  1.3453  5.4104
  5.0820  4.0017  0.9084  0.2212 36.5752
  5.1533  3.7508  0.4201  1.8295 33.8498
  4.9594  4.2953  0.8287  0.5335 39.7947
  5.8034  2.1495  0.5089  1.3687 17.2096
  5.0061  3.2824  0.7596  0.5610 28.8349
  4.8090  2.1365  0.9162  1.2698 17.0815
  5.3894  3.2969  0.1424  2.1743 28.9891
  5.0224  0.8388  0.9660  1.1207  5.3328
  4.7519  3.7713  0.3033  1.5569 34.0718
  4.9855  1.2668  0.0433  1.3964  8.9213
  5.6737  2.1273  0.4075  0.7908 16.9907
  4.9091  2.3962  0.4957  2.0245 19.6669
  4.8683  3.2975  0.1037  2.1141 28.9957
  5.5090  1.0349  0.0522  0.7772  6.9296
  5.8994  3.2469  0.8206  1.9614 28.4599
  5.5020  4.0178  0.0577  1.3599 36.7514
  5.1779  3.0740  0.5975  1.9860 26.6381
  4.9256  2.4694  0.4360  1.2689 20.4052
  4.2484  3.8281  0.2847  1.1735 34.6876
  5.2943  3.9706  0.8890  1.6447 36.2365
  5.5480  1.0019  0.0466  1.9743  6.6545
  5.2270  2.3607  0.4750  2.6747 19.3096
  4.7305  3.5830  0.4400  1.6705 32.0418
  4.8524  2.0531  0.7616  1.6102 16.2630
  5.6508  0.6019  0.1134  2.7000  3.5394
  4.1330  4.2126  0.0230  2.6532 38.8839
  3.7700  2.4088  0.0517  1.5358 19.7932
  4.2117  2.7486  0.4366  0.3419 23.2544
  5.0808  1.4777  0.4789  0.7568 10.8125
  5.4910  1.7810  0.3246  1.9140 13.6395
  4.4404  3.7890  0.4406  0.7355 34.2632
  5.4292  1.6333  0.1071  0.6072 12.2490
  5.5235  1.6765  0.2866  1.6349 12.6529
  4.2881  4.4266  0.9075  2.4339 41.2437
  5.5515  3.0741  0.1511  2.3435 26.6385
  4.3012  2.3273  0.9762  0.6611 18.9757
  5.5727  1.2508  0.1947  0.5706  8.7807
  5.1931  2.2066  0.7718  2.4507 17.7733
  5.4097  2.1553  0.7970  2.0267 17.2667
  4.4276  2.9740  0.7218  1.9729 25.5914
  5.4264  4.4286  0.2210  2.1321 41.2661
  6.0999  2.0469  0.7843  2.4888 16.2024
  4.8082  2.0446  0.2781  0.5840 16.1794
  5.3818  3.5516  0.1361  2.6757 31.7058
  5.2329  2.2091  0.3860  2.0505 17.7979
  4.5563  2.2177  0.1616  1.8209 17.8837
  3.8844  1.3560  0.6312  2.2230  9.7131
  4.8917  3.0217  0.3511  1.0250 26.0899
  4.9984  2.9040  0.1475  0.8642 24.8632
  5.6780  1.5505  0.0773  2.3891 11.4808
  4.8547  2.8489  0.1913  1.2072 24.2906
  4.9657  2.3041  0.9856  1.0341 18.7439
  6.5588  4.3090  0.0431  1.1299 39.9457
  5.8993  3.5083  0.7631  0.9992 31.2414
  4.7986  1.1219  0.2700  0.4392  7.6649
  5.2795  3.9232  0.8325  2.2022 35.7197
  5.1863  4.0875  0.5122  1.3466 37.5127
  5.3191  2.0260  0.0411  1.8005 15.9987
  5.0925  1.2298  0.0831  2.2290  8.5969
  3.6157  0.6540  0.5555  1.5878  3.9193
  5.2983  3.1361  0.3868  2.4340 27.2908
  4.2813  4.1843  0.3206  2.6819 38.5740
  4.9995  1.3398  0.4704  1.8222  9.5688
  4.8252  2.2778  0.0163  2.1063 18.4812
  5.3690  3.7657  0.6138  1.9057 34.0111
  3.8924  2.8673  0.4487  1.8857 24.4816
  5.4442  2.5165  0.7191  1.0667 20.8824
  5.0422  2.7046  0.3881  1.0202 22.8021
  4.8615  1.4031  0.1799  1.2924 10.1366
  4.8937  2.8866  0.5727  2.2527 24.6822
  5.2020  2.5350  0.1205  0.2784 21.0700
  5.9402  2.6421  0.9535  1.2191 22.1618
  5.3574  1.7933  0.0003  2.2521 13.7566
  5.1929  2.4749  0.1072  2.6096 20.4601
  5.2415  1.5068  0.6082  1.1938 11.0792
  4.4207  1.5337  0.9288  2.4160 11.3257
  4.7308  3.3652  0.2051  1.3605 29.7147
  4.0624  0.3476  0.1712  1.9211  1.8310
  5.8580  1.9753  0.5634  1.1260 15.5054
  5.3550  2.1163  0.6453  0.4761 16.8823
  5.2343  2.8429  0.0189  1.2027 24.2289
  5.8100  3.4116  0.1316  2.1267 30.2088
  6.3847  2.0450  0.8610  1.0783 16.1838
  5.4060  2.3402  0.9417  1.4239 19.1047
  5.4836  4.3760  0.0160  2.0945 40.6850
  4.9543  1.3173  0.7748  0.3593  9.3685
  4.5771  4.2957  0.2542  0.3632 39.7984
  4.0118  2.2573  0.8077  0.6627 18.2767
  5.3179  1.3174  0.6421  0.8682  9.3689
  3.7467  1.1944  0.4725  1.4323  8.2893
  5.5983  3.9544  0.5512  2.6583 36.0598
  4.7354  4.1671  0.0029  1.8505 38.3853
  5.3349  1.7601  0.9242  1.0733 13.4412
  5.0897  1.7597  0.1455  1.0978 13.4374
  5.5700  3.3651  0.0657  2.3215 29.7137
  5.0886  2.5839  0.5628  0.8801 21.5672
  5.3043  3.0568  0.3257  0.3829 26.4578
  4.9717  4.4269  0.9232  2.3227 41.2469
  3.6957  4.0276  0.5907  2.0120 36.8581
  5.7756  4.3714  0.5519  2.2940 40.6337
  3.5961  3.7168  0.3116  2.5406 33.4830
  5.2151  3.3855  0.5563  1.8343 29.9302
  5.4070  4.3972  0.4619  1.7881 40.9191
  5.8458  3.8602  0.8875  0.9086 35.0356
  5.2380  3.1525  0.8543  0.4529 27.4626
  4.4539  1.2315  0.5886  1.1272  8.6119
  4.7697  2.3144  0.2958  1.4695 18.8463
  6.3381  3.5004  0.3690  1.7701 31.1568
  5.4541  2.8402  0.7777  0.3050 24.2010
  5.7128  0.7196  0.4534  0.4870  4.4091
  4.6185  4.0048  0.3992  1.4500 36.6091
  4.5363  4.1269  0.1655  2.4269 37.9437
  5.5330  2.0154  0.8124  2.0599 15.8947
  4.8739  2.8333  0.1750  1.1355 24.1291
  5.2565  3.1781  0.1675  1.6132 27.7325
  4.2601  2.5671  0.7123  1.2644 21.3965
  5.1165  2.2054  0.3564  1.0080 17.7613
  4.7211  3.1068  0.4432  2.0590 26.9821
  5.4644  1.9931  0.4459  0.3963 15.6784
  4.2173  4.4084  0.5236  2.8982 41.0430
  5.3919  3.8018  0.1672  2.1378 34.4018
  4.4313  1.2915  0.8964  2.3915  9.1396
  5.1505  3.2911  0.2334  2.9832 28.9276
  6.1166  1.3370  0.2172  0.9513  9.5435
  5.5773  0.8568  0.4512  0.7579  5.4754
  4.2232  2.7241  0.8847  1.5628 23.0030
  5.8232  2.2854  0.3668  1.7431 18.5566
  5.0759  1.2833  0.8933  0.8370  9.0671
  5.1126  1.7916  0.3977  1.0052 13.7404
  4.5653  2.1372  0.1755  2.1678 17.0881
  5.9792  2.3862  0.1762  2.8738 19.5664
  3.9867  2.0946  0.5231  2.0158 16.6687
  5.1662  3.4556  0.8176  1.1409 30.6780
  3.7154  2.8964  0.7935  1.6375 24.7842
  5.7277  2.6892  0.9835  1.7924 22.6445
  5.0391  2.7997  0.4166  1.6218 23.7816
  5.2441  1.8069  0.0501  1.0262 13.8858
  4.9714  1.9187  0.1495  1.2087 14.9576
  4.9281  0.8536  0.1487  0.5952  5.4499
  4.9303  1.2639  0.7119  1.2468  8.8960
  6.1533  3.9673  0.2597  1.6199 36.2004
  5.1822  2.7158  0.6152  1.4537 22.9179
  6.2388  2.5040  0.4572  0.9406 20.7551
  5.3948  0.9630  0.5792  2.4229  6.3338
  5.1112  2.1571  0.8220  1.0387 17.2837
  5.4950  1.7722  0.3664  1.2264 13.5554
  6.2637  3.5694  0.8305  0.9297 31.8961
  5.5657  0.9467  0.5857  0.2862  6.2001
  5.9129  2.8396  0.6772  0.4770 24.1951
  4.8621  1.9648  0.3093  2.1517 15.4034
  5.5703  0.6876  0.9076  2.1268  4.1687
  5.3931  4.1115  0.4172  2.4274 37.7756
  5.2352  1.1813  0.9948  0.6320  8.1753
  5.5701  2.6077  0.5325  0.5404 21.8105
  5.9874  1.8675  0.5743  1.7539 14.4651
  4.9012  3.7131  0.7688  1.7849 33.4425
  5.0809  3.8806  0.4829  1.6324 35.2566
  6.5543  3.6451  0.1190  1.3940 32.7098
  6.6589  3.2595  0.3027  1.9787 28.5932
  4.5329  3.8074  0.8900  2.7190 34.4627
  4.9475  3.5666  0.9896  0.8400 31.8665
  6.2414  2.5902  0.3005  0.3025 21.6310
  5.0866  1.0870  0.8517  1.9568  7.3682
  4.8431  3.4299  0.2951  1.7343 30.4037
  5.4233  3.2683  0.2012  1.3871 28.6855
  4.9540  1.7294  0.2746  1.0589 13.1511
  4.6846  3.9760  0.3512  0.9430 36.2945
  6.0865  2.9018  0.0098  0.7088 24.8395
  5.0152  2.1163  0.7420  0.3963 16.8819
  3.7605  2.6927  0.9592  1.9638 22.6801
  4.0261  3.8478  0.7413  2.3141 34.9012
  3.8519  0.8715  0.6992  1.1086  5.5927
  5.5682  0.7716  0.2937  1.7429  4.8069
  5.7001  2.1221  0.0165  1.8412 16.9388
  5.0041  2.0578  0.9736  0.5198 16.3091
  5.1284  1.1524  0.4325  1.2106  7.9262
  4.7882  3.3594  0.9460  0.3257 29.6528
  5.1167  1.8047  0.0203  2.9618 13.8650
  3.7246  2.5638  0.8446  0.8905 21.3623
  5.1993  2.2456  0.0311  2.6983 18.1608
  5.1288  2.3103  0.0837  1.7756 18.8052
  4.9793  4.0419  0.1809  1.7104 37.0136
  6.6665  2.7140  0.9327  0.9972 22.8985
  4.7245  2.9881  0.7729  2.5260 25.7387
  5.8038  1.9909  0.2918  2.8676 15.6563
  5.4385  3.3615  0.9520  0.7007 29.6750
  5.3461  2.9166  0.1403  0.4136 24.9937
  5.3952  3.3374  0.9564  3.0327 29.4190
  6.2743  1.7787  0.2477  1.1090 13.6177
  4.7439  3.6023  0.2208  1.9833 32.2501
  3.7438  2.0172  0.4772  2.4821 15.9121
  5.7699  1.9714  0.5351  1.6794 15.4675
  5.2700  0.8133  0.4250  0.7535  5.1314
  4.7354  4.0417  0.1115  1.5222 37.0116
  5.4212  3.3293  0.2403  0.4700 29.3328
  4.7078  0.9424  0.5746  0.5431  6.1648
  5.1448  1.3192  0.9112  1.0667  9.3853
  4.6478  2.8849  0.9453  1.4237 24.6646
  5.2613  3.3884  0.2941  1.6588 29.9611
  5.2550  3.7503  0.9233  2.5905 33.8449
  4.4170  1.0886  0.3927  1.6570  7.3817
  4.6072  2.5153  0.6156  1.6722 20.8698
  4.4115  3.0106  0.7260  2.0360 25.9741
  6.0990  3.1294  0.8852  1.3408 27.2203
  4.3951  1.0543  0.5219  1.4764  7.0921
  5.3627  1.4189  0.7015  1.4194 10.2784
  4.5975  1.9850  0.3248  2.1301 15.5991
  5.1870  3.1150  0.3454  0.1424 27.0680
  4.8989  3.1992  0.4274  2.1587 27.9551
  4.9438  4.3967  0.1964  0.4997 40.9138
  5.0077  2.2326  0.2282  0.6108 18.0319
  4.9520  0.2287  0.3511  2.3938  1.1298
  5.4808  1.0335  0.9940  1.6704  6.9178
  5.6242  2.9161  0.2711  2.0072 24.9889
  5.0183  2.2540  0.1260  2.0723 18.2438
  5.3984  4.2738  0.7804  1.4126 39.5571
  4.3013  4.0862  0.4428  2.0482 37.4983
  5.5069  0.7292  0.3683  1.3225  4.4820
  5.5701  1.3042  0.0522  0.9673  9.2520
  5.3908  1.7475  0.9847  0.1358 13.3219
  5.5332  3.2447  0.9033  0.7893 28.4366
  5.2482  2.3162  0.8740  1.2469 18.8642
  5.3139  0.6738  0.3472  2.4551  4.0660
  4.4129  1.8419  0.6137  1.5952 14.2196
  5.5699  3.0003  0.5475  1.1847 25.8668
  5.4509  3.2214  0.7475  1.5728 28.1896
  4.5361  2.2921  0.3651  1.6888 18.6236
  5.6380  1.8947  0.4770  1.3737 14.7269
  5.6334  2.5534  0.1167  2.6556 21.2565
  6.7432  2.2867  0.2261  1.9031 18.5702
  5.5052  4.2866  0.7631  1.3345 39.6983
  4.8429  1.3082  0.5229  0.3823  9.2875
  5.0369  3.9737  0.7330  0.4852 36.2700
  4.8911  2.7321  0.8149  1.1776 23.0851
  5.7299  3.3195  0.5211  0.9198 29.2292
  5.2457  4.1753  0.0214  1.6215 38.4746
  5.1008  2.8445  0.5711  1.4863 24.2460
  6.5175  0.8067  0.3030  2.0294  5.0797
  5.2179  1.6311  0.9707  0.8430 12.2279
  4.9208  4.3158  0.7992  2.5850 40.0204
  3.5502  1.8032  0.3685  1.1087 13.8502
  4.9658  1.5958  0.0881  1.0474 11.9000
  5.4653  2.2363  0.7021  1.3286 18.0683
  6.1928  2.8090  0.3391  1.2042 23.8781
  5.4391  2.5352  0.2445  1.3230 21.0722
  4.4389  3.0394  0.4612  1.7277 26.2758
  4.3058  2.0926  0.2467  1.9604 16.6497
  5.7716  3.8053  0.1814  2.4339 34.4395
  4.4790  2.9637  0.6961  0.9351 25.4844
  5.6977  1.0037  0.3123  2.2052  6.6696
  5.2457  2.9929  0.6801  1.1401 25.7889
  4.7467  1.7027  0.8760  1.1523 12.8988
  4.9429  2.6639  0.2282  0.6852 22.3852
  5.6342  3.3121  0.0133  1.0050 29.1500
  4.5908  0.1824  0.1788  2.5452  0.8762
  4.4130  1.3663  0.4440  1.8907  9.8054
  6.0021  0.6627  0.7651  1.3749  3.9836
  5.5912  1.7771  0.5249  2.1013 13.6028
  4.9792  1.2947  0.7285  0.5840  9.1675
  5.3974  1.9160  0.0474  0.7218 14.9317
  3.6694  0.8453  0.7623  0.6142  5.3840
  5.0461  2.0975  0.0569  2.2297 16.6976
  4.3153  4.3548  0.3633  0.3532 40.4507
  5.6532  1.3140  0.4463  2.0258  9.3389
  4.4100  0.9210  0.1039  1.7189  5.9906
  5.7933  2.9982  0.3196  1.7395 25.8441
  5.1859  1.6811  0.1228  1.1601 12.6960
  5.3888  2.6587  0.7077  1.1546 22.3312
  5.3675  2.6234  0.4433  1.1267 21.9707
  4.0639  1.8943  0.9743  1.7235 14.7223
  6.2297  1.6822  0.2789  2.5518 12.7061
  5.0991  1.7808  0.5367  1.1183 13.6373
  6.1439  4.1531  0.6413  2.4644 38.2312
  5.1885  1.8533  0.7745  1.9314 14.3294
  5.5228  2.8111  0.2275  1.6209 23.8994
  6.1813  3.8672  0.5049  2.3164 35.1108
  5.4525  2.6576  0.1062  1.2591 22.3205
  6.0384  2.2720  0.0638  2.5612 18.4231
  4.9630  4.3391  0.0509  1.8851 40.2768
  5.1872  3.8781  0.6943  1.5450 35.2302
  6.0499  0.5842  0.2945  2.0388  3.4126
  5.0310  3.1901  0.8708  1.0134 27.8596
  4.9678  2.7690  0.1288  0.8998 23.4649
  5.1704  2.6629  0.9221  2.7640 22.3745
  5.5196  2.9936  0.1806  0.9750 25.7960
  4.2087  4.3334  0.7660  1.3404 40.2146
  5.3838  3.7137  0.1558  2.5583 33.4499
  5.3429  0.8489  0.9980  2.5800  5.4126
  5.3662  1.1011  0.8499  0.8604  7.4878
  4.9391  2.1258  0.1695  1.8450 16.9758
  4.9120  1.3406  0.4892  1.2006  9.5755
  4.9680  2.3668  0.3438  1.4372 19.3711
  5.2944  3.1092  0.5456  1.7449 27.0074
  4.9438  3.3501  0.1189  1.1610 29.5536
  5.7583  2.8392  0.4551  1.9626 24.1909
  5.6548  1.9171  0.1889  0.8409 14.9420
  5.0332  2.8301  0.8717  1.1982 24.0964
  6.4432  2.0661  0.1736  1.0469 16.3896
  5.2436  1.5630  0.4621  2.1978 11.5962
  5.8759  0.9021  0.0985  1.0893  5.8382
  5.4279  3.1631  0.1910  2.5993 27.5750
  6.2360  2.6726  0.8334  0.8238 22.4744
  5.6471  0.9344  0.4674  1.6384  6.1000
  5.1573  1.4771  0.0748  2.3019 10.8070
  3.8026  1.2718  0.4759  1.0362  8.9658
  4.8093  3.2347  0.8392  1.2611 28.3304
  4.4821  2.6697  0.4517  1.0213 22.4438
  5.4567  1.6670  0.1304  1.2575 12.5637
  3.8433  1.2914  0.5115  1.8362  9.1389
  5.0072  3.2705  0.7415  2.5334 28.7092
  4.4644  2.2378  0.1599  2.0827 18.0834
  5.1091  3.1382  0.6707  1.8256 27.3123
  5.4969  3.4429  0.5782  0.7895 30.5419
  5.1453  2.8621  0.8261  0.8466 24.4277
  5.9453  3.2589  0.0939  0.9372 28.5861
  4.7809  3.3434  0.4843  1.7244 29.4822
  5.5267  1.1847  0.4205  0.7926  8.2051
  4.8861  1.6561  0.5861  1.0513 12.4615
  5.2481  0.7328  0.2784  1.2636  4.5099
  6.8784  3.5958  0.9550  2.5273 32.1802
  5.2743  1.6786  0.2229  1.0750 12.6727
  5.0227  3.7730  0.9052  2.4984 34.0907
  4.7992  3.1808  0.3883  1.4353 27.7614
  5.7668  3.9779  0.5495  0.7867 36.3160
  5.2104  2.7516  0.1361  1.3186 23.2854
  5.1908  1.7572  0.7206  2.1873 13.4137
  5.2954  1.8519  0.7867  1.6400 14.3161
  5.4931  2.3642  0.9440  1.0723 19.3452
  4.7494  1.8731  0.4631  2.0618 14.5186
  5.7051  1.7343  0.2626  1.6336 13.1973
  3.7647  2.6423  0.9068  1.0171 22.1641
  6.8350  2.9191  0.9675  0.5330 25.0195
  4.6734  2.1630  0.2412  1.6485 17.3426
  4.9307  3.7132  0.1849  2.0997 33.4440
  5.5317  1.2205  0.5183  0.8229  8.5163
  4.8137  0.7810  0.5262  1.2490  4.8802
  6.1185  1.8267  0.2695  1.2906 14.0750
  5.2590  2.5618  0.6076  2.1443 21.3421
  5.5100  2.1330  0.6299  1.5437 17.0465
  4.3196  3.6794  0.2141  1.3668 33.0790
  4.9488  4.1998  0.8688  2.1489 38.7440
  5.8652  3.5062  0.3569  1.5512 31.2190
  5.0534  2.3417  0.8263  0.9683 19.1195
  4.7310  2.9051  0.9201  1.1497 24.8746
  3.8016  2.5182  0.0527  1.3731 20.8990
  5.0906  3.2448  0.2894  1.0556 28.4370
  5.3125  3.3420  0.8526  2.3523 29.4680
  4.9049  4.1612  0.2603  0.3280 38.3203
  5.8389  3.4069  0.1058  0.5822 30.1588
  5.4310  1.5135  0.2183  2.2862 11.1406
  4.0091  1.6205  0.7953  1.7696 12.1290
  4.6895  4.0771  0.1896  2.1213 37.3986
  5.3772  2.6774  0.0121  0.2381 22.5227
  5.6244  3.9653  0.9032  2.5924 36.1784
  5.2528  2.1774  0.1843  1.7471 17.4848
  5.7066  3.4411  0.1519  0.7543 30.5233
  5.1658  4.0539  0.5140  1.6108 37.1456
  6.1263  1.3506  0.1139  0.8251  9.6645
  6.0155  2.6671  0.7740  1.5376 22.4178
  4.8873  2.3014  0.1105  1.6962 18.7161
  4.7382  2.7140  0.4483  1.4584 22.8994
  3.9411  1.3286  0.2514  2.8431  9.4683
  6.8971  2.8820  0.3119  2.4571 24.6344
  4.8311  2.7486  0.3819  1.0948 23.2553
  5.1068  2.8636  0.7137  1.1761 24.4439
  5.0235  2.1886  0.9248  2.7814 17.5957
  5.1628  2.4401  0.2391  0.3231 20.1092
  4.8337  3.4445  0.7832  2.8535 30.5590
  5.9274  2.5600  0.9212  2.0371 21.3243
  5.2668  2.6211  0.6370  0.7356 21.9474
  5.2898  4.3273  0.8769  1.4354 40.1471
  5.7498  3.9412  0.0700  1.3945 35.9162
  4.5723  1.2841  0.4350  1.6057  9.0743
  4.3832  0.6357  0.9408  0.8335  3.7845
  3.6715  3.2058  0.9243  1.9567 28.0248
  4.8301  3.9980  0.0562  2.5019 36.5343
  5.7641  3.6557  0.5093  1.3016 32.8243
  5.0458  3.1753  0.6402  2.2525 27.7032
  5.1039  3.4984  0.0418  1.1023 31.1353
  6.4157  4.4584  0.1833  2.7703 41.5957
  4.2075  3.7117  0.2488  0.9561 33.4280
  5.3789  2.9537  0.1535  1.8421 25.3806
  5.1235  4.4139  0.9716  2.7858 41.1033
  5.6334  2.7051  0.6891  0.9209 22.8078
  5.5215  1.8600  0.5531  0.4654 14.3932
  5.1654  3.7385  0.7938  2.6807 33.7175
  5.2562  1.1866  0.2254  0.8804  8.2214
  4.8981  3.6817  0.7521  2.4979 33.1041
  4.5556  4.2762  0.8431  1.5680 39.5841
  4.1074  0.8670  0.9516  1.7733  5.5566
  5.2859  1.8623  0.8205  1.2781 14.4154
  5.2971  2.4699  0.3521  0.8900 20.4103
  4.3634  2.2443  0.8816  0.4914 18.1474
  5.1126  1.3728  0.3957  0.3599  9.8637
  3.5230  2.1809  0.2308  1.5937 17.5187
  4.2675  2.8448  0.4868  2.7862 24.2487
  4.6921  4.4813  0.3874  1.0320 41.8501
  4.8548  1.5756  0.5690  0.2607 11.7127
  3.7666  2.7534  0.0438  2.8734 23.3041
  4.1006  0.6687  0.9449  0.2274  4.0280
  5.9909  3.1285  0.0412  1.5742 27.2109
  5.6013  3.5895  0.0253  1.6423 32.1119
  5.5786  1.0426  0.5329  1.2239  6.9937
  5.5038  1.5450  0.9935  0.5734 11.4300
  6.1443  4.2949  0.2738  2.4277 39.7902
  5.0005  3.2693  0.1266  0.3260 28.6969
  5.3853  3.2265  0.2015  0.9719 28.2441
  5.0707  4.1358  0.5507  1.2532 38.0413
  4.2353  3.5857  0.6875  2.9632 32.0711
  5.3232  2.2023  0.0099  1.7762 17.7305
  3.8686  1.4984  0.7467  0.6074 11.0016
  5.4049  3.3902  0.7067  1.0117 29.9807
  4.7612  3.8597  0.6336  1.6175 35.0302
  6.1195  1.7080  0.3417  2.4263 12.9485
  5.5828  2.8545  0.1215  1.5432 24.3495
  5.4199  3.5039  0.5983  0.2288 31.1940
  4.3271  1.4234  0.6457  1.1219 10.3197
  5.0730  3.1461  0.3272  1.8511 27.3952
  4.6380  2.9966  0.9426  0.3816 25.8274
  5.5298  3.1684  0.3573  0.4075 27.6301
  5.2800  2.7802  0.3974  0.3449 23.5807
  5.1704  4.1610  0.8813  0.1630 38.3176
  4.9389  3.2407  0.7284  1.1090 28.3937
  5.2670  3.7819  0.9688  1.8062 34.1868
  6.6691  1.7016  0.8678  0.8130 12.8888
  4.6071  2.9733  0.4719  0.4953 25.5850
  5.3402  0.6471  0.0632  0.5574  3.8684
  5.2076  3.3566  0.3943  1.3633 29.6232
  5.2074  2.2195  0.6809  0.3802 17.9013
  3.9540  1.3892  0.4884  0.5472 10.0110
  5.3259  1.4032  0.0502  1.6160 10.1369
  3.9861  2.7117  0.0483  0.7894 22.8756
  5.1159  2.4953  0.7265  1.0815 20.6669
  5.5278  3.4348  0.5107  1.6985 30.4556
  6.3144  3.5304  0.3316  2.0040 31.4777
  5.6617  1.7675  0.9114  1.5743 13.5117
  5.2134  3.2053  0.2460  1.5418 28.0193
  5.2295  1.4464  0.9177  1.1902 10.5283
  4.7773  3.6563  0.2824  2.5710 32.8310
  6.8654  3.5796  0.4504  2.1993 32.0055
  4.3409  3.6453  0.0587  1.8634 32.7122
  4.6148  3.4508  0.0397  1.2084 30.6271
  5.3507  2.0026  0.7357  0.3448 15.7708
  4.4759  2.6728  0.9651  1.2132 22.4763
  5.5665  3.2651  0.1509  2.1263 28.6517
  5.0152  2.9089  0.3035  0.9108 24.9133
  5.5688  0.6227  0.5118  0.9488  3.6900
  4.0126  3.6680  0.4291  1.2066 32.9563
  4.7875  3.0040  0.6165  0.9217 25.9046
  4.7722  3.9676  0.8506  2.1273 36.2036
  6.0574  2.8267  0.4817  1.8709 24.0614
  4.5410  2.4707  0.7754  0.5053 20.4182
  5.3093  2.6561  0.5827  0.7946 22.3052
  4.9942  1.9508  0.9593  1.4015 15.2680
  5.8227  3.7084  0.9942  2.3171 33.3923
  5.2039  4.2575  0.8727  2.8916 39.3778
  5.2611  1.4830  0.7070  1.0432 10.8616
  5.8843  2.7900  0.3792  1.4243 23.6817
  5.2550  1.0790  0.8178  2.0658  7.2998
  5.5181  0.7777  0.5526  0.6376  4.8546
  5.3648  1.6057  0.1162  1.1806 11.9914
  5.1935  3.5224  0.6935  0.2935 31.3928
  4.7405  1.0880  0.2604  2.1682  7.3767
  4.5319  3.6664  0.2290  1.8573 32.9393
  4.6084  2.7645  0.0485  2.2252 23.4188
  5.3286  2.9150  0.6456  1.2990 24.9768
  5.0090  1.4213  0.3724  2.2051 10.3009
  5.2085  3.5716  0.9494  1.3267 31.9196
  4.0761  4.1526  0.9944  0.8423 38.2256
  4.9459  3.4561  0.8702  2.9220 30.6836
  4.9465  1.9356  0.9909  1.7056 15.1207
  6.1502  3.0340  0.2433  1.5168 26.2187
  4.7593  1.7417  0.3510  1.5553 13.2673
  5.1664  3.2261  0.4805  1.1158 28.2392
  5.4814  4.0437  0.4514  1.3905 37.0334
  5.2149  2.1625  0.1929  1.6385 17.3372
  5.3512  3.9248  0.2412  0.5172 35.7371
  5.6189  2.8503  0.8940  1.6825 24.3054
  5.0293  3.8741  0.8003  1.1543 35.1858
  5.8843  2.9774  0.0879  1.1926 25.6277
  5.3930  3.2854  0.2841  2.6732 28.8675
  5.0925  2.4875  0.9825  1.6515 20.5882
  5.5732  3.5895  0.7736  0.6404 32.1125
  5.0548  4.1741  0.3336  0.5112 38.4613
  5.2970  0.7951  0.9192  1.2358  4.9894
  4.4627  1.9479  0.8489  2.2573 15.2400
  5.5977  1.0212  0.0434  1.3542  6.8146
  4.8871  2.2260  0.0348  2.4177 17.9661
  5.2394  2.5742  0.8165  0.5899 21.4682
  4.2812  3.8971  0.5732  0.7467 35.4359
  4.8380  2.3016  0.0079  2.5613 18.7181
  4.9033  2.5665  0.0439  2.0242 21.3902
  5.1231  3.4563  0.5428  1.1212 30.6856
  5.0184  2.0892  0.0375  1.9495 16.6165
  5.6652  0.9510  0.9213  1.1738  6.2353
  5.3550  1.5356  0.7599  0.3376 11.3438
  5.0990  2.1923  0.2252  0.9340 17.6319
  5.1609  1.1214  0.6585  1.7810  7.6607
  5.2841  2.4636  0.4907  1.2620 20.3465
  5.2705  1.9988  0.1587  2.0094 15.7334
  5.2743  2.5253  0.1133  2.6971 20.9715
  4.8994  0.8540  0.8712  1.2098  5.4529
  5.3232  1.9952  0.5603  0.9690 15.6987
  4.7047  1.6381  0.1220  1.9433 12.2938
  4.6938  3.1025  0.8915  2.0805 26.9368
  4.2531  3.3433  0.3099  1.2892 29.4820
  4.9015  4.4095  0.6288  1.2342 41.0545
  4.6843  2.2779  0.5836  1.2315 18.4823
  5.2786  0.6799  0.6507  1.7080  4.1109
  4.8768  2.4135  0.7375  1.3752 19.8408
  5.1200  1.9898  0.1967  1.1625 15.6464
  5.0566  1.0610  0.2973  0.4846  7.1481
  5.3094  3.2347  0.7473  1.3633 28.3306
  5.3453  0.9058  0.0469  0.5585  5.8679
  5.8456  0.3997  0.6763  0.3471  2.1593
  4.9458  2.8884  0.1818  2.4487 24.7004
  4.4778  1.6760  0.8033  1.0264 12.6478
  5.0690  2.4432  0.0546  0.9690 20.1406
  4.3815  2.9761  0.6614  1.9895 25.6136
  4.5061  2.8748  0.2935  0.4795 24.5599
  5.2940  2.9421  0.1575  0.8201 25.2594
  6.3890  3.2071  0.0669  2.1069 28.0386
  5.7014  1.7406  0.4888  0.6904 13.2564
  5.4710  3.6201  0.7098  1.8617 32.4405
  5.4829  4.4024  0.3467  0.8070 40.9765
  5.4615  0.7844  0.0478  1.3740  4.9061
  4.8368  3.5603  0.3642  0.8662 31.7992
  5.2888  1.8745  0.9294  1.4880 14.5325
  4.8892  1.5523  0.6327  2.6460 11.4972
  3.5963  0.7190  0.4650  1.7146  4.4045
  5.5726  1.4484  0.9928  2.8239 10.5461
  5.5237  2.0419  0.5125  1.3708 16.1538
  5.1049  2.6367  0.7056  0.2849 22.1061
  5.4519  2.0944  0.1805  0.8861 16.6667
  5.2798  1.0485  0.9798  1.1667  7.0434
  4.9357  2.3227  0.4625  0.3777 18.9291
  4.8560  2.4730  0.7409  1.2847 20.4413
  5.9949  4.1602  0.9225  2.8744 38.3086
  4.6222  3.8144  0.5299  1.6356 34.5389
  4.9872  1.6983  0.7131  1.7421 12.8576
  5.7613  1.1515  0.7084  2.9814  7.9185
  5.0638  2.2306  0.2974  1.4713 18.0113
  5.4693  2.7806  0.3593  0.5766 23.5851
  5.2806  1.3216  0.2882  1.0563  9.4068
  6.2972  2.6987  0.2708  0.4012 22.7418
  5.2305  1.7737  0.3185  2.5876 13.5701
  5.1877  2.5450  0.0941  1.4714 21.1717
  6.6446  2.2624  0.6006  0.5366 18.3280
  5.2676  1.5300  0.0462  0.3290 11.2921
  5.1879  1.5082  0.4316  1.0656 11.0918
  6.8374  3.3270  0.2220  2.2194 29.3079
  5.5256  2.3644  0.6189  2.7066 19.3466
  5.4110  3.9735  0.6915  1.2192 36.2681
  5.1734  2.4252  0.6631  1.0895 19.9588
  5.4891  0.9576  0.1023  1.1067  6.2891
  6.4260  1.0539  0.3322  0.8958  7.0886
  4.8999  1.4595  0.4374  2.5099 10.6474
  5.4058  3.5643  0.8909  1.0607 31.8412
  4.7716  3.9099  0.8209  2.1154 35.5748
  4.6043  2.0533  0.3593  0.5280 16.2649
  5.5857  1.9569  0.5865  1.8690 15.3267
  4.3781  0.6885  0.8373  0.9666  4.1756
  5.0084  1.1664  0.9566  0.4020  8.0470
  4.6634  2.6707  0.5156  2.2024 22.4544
  5.0541  2.5096  0.6836  0.9856 20.8122
  6.1044  2.2816  0.7245  1.0047 18.5194
  4.8919  1.1867  0.5037  2.0298  8.2218
  4.9951  2.2247  0.3605  0.5357 17.9533
  4.5685  4.0754  0.6486  0.9476 37.3804
  5.2847  2.3288  0.1549  2.2069 18.9909
  5.1619  2.2687  0.0638  1.2535 18.3908
  4.0289  3.1752  0.3638  1.2232 27.7027
  5.1318  1.1346  0.5100  0.2745  7.7732
  4.9079  3.4783  0.4942  2.0933 30.9202
  4.8786  0.4170  0.1216  0.5260  2.2709
  6.3028  4.4434  0.7083  2.3312 41.4293
  5.4464  1.4816  0.3734  1.8322 10.8489
  4.8854  1.4924  0.0614  1.6050 10.9472
  6.2365  2.1286  0.2026  2.1461 17.0033
  5.1972  1.6200  0.0387  2.6486 12.1252
  5.2656  2.9522  0.3398  1.8225 25.3642
  6.4420  3.9716  0.8599  1.0583 36.2469
  4.5246  1.8718  0.5229  1.3300 14.5069
  5.7863  2.5230  0.6729  1.3584 20.9475
  4.6127  1.4816  0.2916  1.2581 10.8485
  4.7937  3.6498  0.3742  1.4811 32.7610
  4.8511  2.3156  0.4417  2.4260 18.8579
  5.9239  3.0859  0.0251  2.0684 26.7627
  5.0927  3.3619  0.9543  2.1392 29.6791
  5.3341  3.9437  0.9853  1.7995 35.9425
  6.1459  4.4730  0.0275  1.9225 41.7571
  5.6950  1.4236  0.2142  1.0383 10.3216
  5.1959  4.2594  0.4423  0.9485 39.3988
  5.2534  1.4410  0.6672  0.3261 10.4787
  4.6418  0.8001  0.5551  1.3387  5.0284
  5.4216  3.0242  0.2809  1.3267 26.1168
  5.4033  2.7663  0.4456  2.0932 23.4378
  5.3352  4.3691  0.5953  1.2797 40.6083
  4.0380  2.7674  0.1130  0.5037 23.4488
  4.6542  4.4435  0.7674  1.5360 41.4304
  5.3103  2.2339  0.3687  0.8505 18.0444
  6.5929  2.2907  0.8011  0.4887 18.6102
  4.8860  2.4672  0.9075  2.0085 20.3826
  5.4702  2.5279  0.1837  1.1551 20.9979
  4.4844  3.9957  0.0484  0.5066 36.5096
  4.3827  3.7201  0.2589  0.0593 33.5190
  4.8908  2.9653  0.4881  2.5506 25.5012
  4.5947  1.4868  0.5187  0.5581 10.8961
  5.8681  2.3778  0.6958  0.4727 19.4814
  4.9874  3.0772  0.4956  0.8703 26.6717
  5.7686  3.5235  0.5624  1.0447 31.4038
  5.2232  1.7686  0.6385  0.8481 13.5220
  5.4220  1.1067  0.2459  1.8913  7.5352
  6.0622  2.2637  0.5016  2.1351 18.3408
  4.6581  1.6692  0.4190  1.0825 12.5842
  6.4700  2.8791  0.4738  1.7372 24.6041
  6.8966  1.9762  0.5483  1.5566 15.5140
  5.5264  1.4982  0.2831  2.4694 11.0006
  4.3623  1.7663  0.8047  2.0842 13.4999
  5.2010  1.6483  0.8656  2.1238 12.3884
  5.2986  3.9932  0.5341  1.5417 36.4820
  5.3039  1.1540  0.1877  1.7339  7.9398
  4.8810  0.9707  0.2546  1.9842  6.3971
  5.5661  3.4203  0.3657  0.2272 30.3009
  5.0903  1.7038  0.2817  0.3864 12.9097
  4.6690  4.4056  0.6818  1.6699 41.0121
  5.1291  1.7025  0.7376  1.1214 12.8972
  5.3396  0.8969  0.4634  1.8552  5.7963
  5.0216  1.1537  0.6426  0.7965  7.9376
  5.1240  2.3374  0.0541  1.3334 19.0762
  4.8315  0.4019  0.1324  1.4198  2.1734
  5.0886  3.1475  0.7607  0.6172 27.4103
  5.2210  2.9072  0.4883  2.7852 24.8958
  4.9050  2.6717  0.5150  2.0861 22.4645
  4.7456  3.7476  0.8556  1.1209 33.8160
  4.7748  2.6400  0.8320  0.9188 22.1406
  5.0644  3.8315  0.1547  1.5987 34.7241
  4.8518  1.8706  0.5015  0.9023 14.4946
  5.4616  1.7095  0.0355  2.0739 12.9629
  4.9216  4.0785  0.2989  1.9964 37.4147
  5.4724  1.5499  0.7245  1.7048 11.4747
  4.9906  2.8025  0.2852  1.6424 23.8115
  6.4968  2.1827  0.1626  1.4467 17.5370
  5.7756  3.2783  0.8894  0.3408 28.7917
  5.3827  3.4068  0.8363  1.7465 30.1571
  4.7439  3.9396  0.4670  1.9725 35.8989
  4.4369  3.5109  0.0596  1.0737 31.2696
  6.0377  3.0195  0.2076  1.7066 26.0673
  5.2558  1.6940  0.6343  0.3793 12.8169
  4.2070  3.0843  0.3291  1.2938 26.7463
  5.9712  1.7060  0.7838  1.5132 12.9299
  5.1312  4.3305  0.0632  2.5867 40.1821
  5.1509  1.5794  0.7462  1.7362 11.7480
  5.2764  2.4316  0.2404  1.3174 20.0226
  5.2087  2.7320  0.0598  0.6766 23.0843
  4.2239  2.1773  0.4976  1.7210 17.4840
  3.6649  0.9503  0.9634  1.1238  6.2298
  5.9597  1.4597  0.8278  1.3306 10.6492
  5.0970  1.9340  0.6656  1.2743 15.1053
  3.7640  1.6679  0.1786  1.8343 12.5726
  4.7583  1.7634  0.2766  2.2375 13.4725
  5.2629  3.5218  0.5353  2.4729 31.3865
  3.9026  0.7602  0.5335  0.3615  4.7191
  4.7356  4.2729  0.5905  1.9264 39.5472
  4.9636  2.9657  0.3460  1.0725 25.5055
  4.7730  2.7801  0.4630  1.3536 23.5801
  4.2704  3.1440  0.3492  1.9124 27.3738
  3.9168  0.7689  0.0453  2.5857  4.7861
  5.1093  3.7089  0.2275  1.8053 33.3977
  5.7861  2.4139  0.4029  0.7217 19.8443
  5.5566  2.7112  0.7866  1.8235 22.8703
  5.6535  1.0689  0.2031  0.5752  7.2148
  4.8350  4.2079  0.5288  1.7863 38.8325
  5.1017  1.5081  0.1233  1.2739 11.0905
  6.7187  3.2464  0.2467  1.0114 28.4544
  4.7563  3.8561  0.3747  2.7153 34.9912
  4.0735  1.1910  0.1666  2.5130  8.2599
  6.2937  3.1925  0.2334  1.5500 27.8845
  5.3326  3.9298  0.3351  0.3120 35.7912
  5.0004  1.9207  0.5847  0.8472 14.9775
  5.3759  2.0601  0.7353  1.9452 16.3311
  4.9507  0.8782  0.4746  1.5040  5.6461
  5.6181  3.6366  0.2532  0.1488 32.6188
  4.3045  4.4444  0.6839  2.9433 41.4406
  4.5234  1.9882  0.5169  2.7700 15.6309
  4.9077  1.8692  0.6605  2.5375 14.4812
  5.3434  3.1636  0.4521  0.8543 27.5802
  5.7631  4.4581  0.4462  1.4653 41.5928
  5.4701  3.3358  0.0833  1.9683 29.4021
  5.9334  3.6980  0.8258  0.9466 33.2798
  5.2915  2.2540  0.9054  0.4513 18.2446
  5.2535  4.1440  0.7952  0.8744 38.1319
  5.1972  0.8572  0.1071  0.6766  5.4783
  4.2352  4.4921  0.4699  2.0821 41.9697
  4.4045  3.0641  0.2733  0.6136 26.5343
  5.6317  3.2376  0.8300  0.3408 28.3610
  4.0414  2.2888  0.9909  2.9145 18.5906
  6.5736  2.6916  0.7040  0.7412 22.6687
  5.1196  2.9535  0.7763  2.7783 25.3785
  5.5547  1.6567  0.3689  0.9965 12.4671
  6.7301  4.3661  0.1630  1.7653 40.5753
  6.2649  3.3094  0.0974  1.5382 29.1221
  5.7765  1.3710  0.9285  1.6348  9.8477
  3.7726  2.7782  0.6994  1.5105 23.5598
  5.1329  1.8068  0.7660  0.6914 13.8850
  6.7703  0.5716  0.1277  0.8932  3.3227
  5.6329  2.8124  0.9437  0.4255 23.9138
  5.4842  2.4912  0.9022  1.3123 20.6252
  4.8519  3.5690  0.7206  0.4519 31.8917
  4.7285  4.4309  0.2399  2.0726 41.2916
  4.7746  2.6939  0.0654  2.9155 22.6920
  5.3697  2.2031  0.6935  1.5795 17.7388
  4.9067  3.1420  0.7147  1.1908 27.3521
  5.4798  1.4727  0.3605  2.3611 10.7668
  5.5659  2.2883  0.6949  1.4616 18.5859
  4.3977  2.6275  0.6482  0.8176 22.0127
  5.1011  2.0797  0.8141  1.4600 16.5234
  5.6757  0.5069  0.1466  2.3781  2.8715
  5.4860  1.9897  0.5485  0.5552 15.6451
  5.6906  0.9660  0.8311  1.2936  6.3580
  4.6859  4.2718  0.4462  1.3056 39.5360
  4.6371  2.7039  0.4253  1.1341 22.7956
  5.7867  3.0941  0.8958  0.8147 26.8494
  6.1129  3.2043  0.8106  1.3798 28.0096
  5.4691  2.1223  0.5557  1.5610 16.9414
  6.0959  3.7356  0.7949  1.5438 33.6861
  5.5526  1.9064  0.7751  1.6677 14.8396
  5.3878  2.6190  0.9593  1.5804 21.9259
  5.2299  0.8832  0.6762  2.5695  5.6862
  5.4602  2.7943  0.1109  1.8410 23.7259
  5.0761  3.8473  0.9061  0.9504 34.8950
  4.7538  3.1856  0.9822  1.8531 27.8114
  5.3160  3.2426  0.6924  1.6032 28.4134
  6.9816  3.0383  0.4811  1.3199 26.2640
  5.4416  2.7776  0.6589  1.5052 23.5539
  6.0689  3.0962  0.9714  2.2299 26.8714
  4.4403  3.8952  0.2283  2.0091 35.4150
  5.6629  2.1199  0.0569  1.7045 16.9178
  3.8402  0.8111  0.0497  0.7556  5.1143
  4.7398  2.4412  0.4522  1.2672 20.1197
  5.5877  1.2802  0.2290  2.2541  9.0400
  4.7966  3.5666  0.1085  1.4365 31.8667
  5.2680  2.8665  0.4700  2.4435 24.4732
  5.0546  2.5838  0.7532  1.5860 21.5666
  5.4030  2.9404  0.6088  0.5483 25.2413
  5.1425  1.5662  0.6440  1.2297 11.6257
  5.2108  2.5381  0.0991  0.6317 21.1013
  3.5004  1.2716  0.5018  0.5499  8.9639
  4.8432  1.5619  0.7251  0.8196 11.5864
  5.1998  2.5917  0.7738  0.9871 21.6471
  5.1577  4.1772  0.3163  1.7439 38.4955
  5.1404  2.4316  0.6100  2.8246 20.0232
  5.2116  2.0422  0.5675  1.7455 16.1560
  5.4041  2.3782  0.1265  0.6057 19.4856
  5.7512  1.9930  0.8724  3.0163 15.6770
  4.9469  1.3394  0.7731  1.3108  9.5649
  4.9624  2.6353  0.4451  1.4134 22.0923
  5.9738  3.5180  0.5764  2.7357 31.3454
  4.7656  4.1055  0.5487  0.6826 37.7094
  4.6496  4.0957  0.9292  2.1224 37.6028
  4.8556  3.0649  0.7862  2.6056 26.5424
  5.0252  3.2958  0.9374  1.0922 28.9776
  5.0339  2.0942  0.1846  1.4355 16.6657
  6.0482  3.1343  0.7180  0.2382 27.2718
  5.5272  3.1028  0.9164  1.1457 26.9404
  5.3061  2.0582  0.3204  1.7184 16.3122
  4.6843  3.9347  0.3451  1.6406 35.8449
  5.8310  2.7370  0.4185  2.0290 23.1355
  5.4968  2.9039  0.5488  1.2182 24.8618
  5.3386  3.4376  0.3569  1.0111 30.4862
  5.4581  3.7697  0.9428  1.6867 34.0547
  3.9288  3.3879  0.6669  0.1840 29.9560
  5.1814  1.9330  0.2460  0.8622 15.0961
  5.2787  0.5775  0.0442  2.4213  3.3647
  6.0900  3.4111  0.0452  1.0737 30.2032
  6.0845  2.2478  0.0997  0.5246 18.1824
  5.6699  4.2817  0.5008  2.8125 39.6450
  5.2280  0.9738  0.4835  1.3316  6.4221
  4.9268  3.6025  0.2734  0.4186 32.2521
  4.3053  1.7626  0.0115  0.9416 13.4648
  5.7280  3.8740  0.6717  1.0020 35.1847
  5.5085  2.6212  0.0370  2.9253 21.9479
  5.1766  3.8067  0.6514  1.8245 34.4550
  5.2375  3.3509  0.5198  0.8798 29.5624
  5.3588  1.2712  0.6054  0.2925  8.9602
  4.7165  2.9828  0.2116  0.6183 25.6837
  4.7319  1.3515  0.8579  1.7060  9.6733
  5.4875  0.9770  0.2526  2.3617  6.4489
  4.8172  1.6853  0.2157  2.3329 12.7357
  4.7547  3.0705  0.5907  0.5973 26.6014
  6.7997  2.0410  0.0252  1.9996 16.1448
  5.6483  2.9153  0.4375  0.8008 24.9807
  4.5992  0.9477  0.1568  2.2565  6.2080
  4.9073  2.4396  0.5434  2.0224 20.1040
  4.0866  2.8256  0.5942  1.3790 24.0494
  3.9673  1.8476  0.1138  0.7296 14.2750
  5.2132  2.7726  0.8061  1.6307 23.5022
  6.3929  0.8423  0.4434  2.1850  5.3605
  5.3536  2.2153  0.7951  0.4007 17.8602
  5.4473  3.7725  0.8148  2.4868 34.0851
  4.3284  0.9704  0.9386  0.5600  6.3946
  5.4064  2.2171  0.7735  2.2842 17.8780
  4.6960  1.8964  0.2219  1.7612 14.7428
  4.6839  2.4508  0.5921  0.3966 20.2170
  5.2966  2.5318  0.9369  1.0108 21.0374
  5.8081  0.6675  0.3893  0.8904  4.0190
  4.3126  2.3286  0.5109  1.1360 18.9883
  5.6584  2.1650  0.2203  0.7303 17.3619
  3.7935  3.8300  0.5523  1.6347 34.7079
  4.5379  2.7924  0.9649  2.1669 23.7068
  5.5970  1.6714  0.7833  1.1206 12.6054
  5.0966  3.3871  0.0993  1.1529 29.9471
  6.1018  2.4639  0.7794  1.3343 20.3490
  4.8055  2.4248  0.5738  1.2670 19.9547
  5.2014  2.8462  0.2495  2.3139 24.2630
  5.1339  3.5857  0.2657  0.7066 32.0717
  5.7576  2.3923  0.2746  0.1224 19.6279
  3.9834  3.6310  0.0200  0.8825 32.5579
  5.4150  2.3348  0.2323  1.2769 19.0507
  5.5374  3.2247  0.1757  2.1925 28.2242
  5.0630  3.6112  0.1001  3.0514 32.3457
  5.1126  2.2799  0.7959  2.2388 18.5020
  4.7844  1.8011  0.1150  2.5896 13.8308
  4.5567  1.2507  0.2784  0.5244  8.7802
  4.9262  1.9089  0.5457  2.1011 14.8629
  5.9321  2.8571  0.8539  1.5099 24.3764
  4.7897  3.9718  0.4028  0.9599 36.2496
  4.8769  2.7699  0.6743  1.0428 23.4748
  5.4245  1.4163  0.2373  2.4707 10.2553
  3.8635  1.9600  0.3050  1.9265 15.3573
  4.7025  2.2381  0.3410  2.5041 18.0865
  5.0314  1.5754  0.0018  0.5111 11.7105
  4.1465  3.7514  0.6107  0.6766 33.8563
  4.8840  1.3312  0.9249  0.5199  9.4919
  3.9536  2.4456  0.7026  1.6489 20.1648
  5.4642  2.0715  0.8626  1.6713 16.4423
  5.4840  0.8032  0.5020  1.5749  5.0527
  6.1727  3.1954  0.3298  1.8164 27.9152
  4.7291  3.3414  0.4507  2.2790 29.4612
  5.1887  3.4147  0.9869  1.4782 30.2421
  6.3724  4.2977  0.8039  0.7436 39.8206
  3.7067  0.8561  0.5523  1.3876  5.4698
  3.7287  3.9201  0.5225  1.0834 35.6860
  4.8581  3.0495  0.9340  1.2956 26.3811
  6.1230  3.6384  0.1692  1.1362 32.6376
  5.7968  3.4753  0.1060  1.9085 30.8882
  5.2514  2.2579  0.9980  1.8926 18.2827
  5.1579  1.5527  0.1251  0.1559 11.5014
  6.1219  3.7540  0.9700  2.5127 33.8846
  5.6766  3.0553  0.6840  1.3317 26.4418
  5.9368  3.9277  0.5387  1.7194 35.7690
  5.4661  0.9823  0.3170  2.7537  6.4920
  6.1376  2.0176  0.9582  1.8345 15.9166
  5.2379  1.5979  0.6634  0.1436 11.9190
  4.2002  1.1369  0.2217  1.5511  7.7930
  5.2778  2.9954  0.8621  0.8170 25.8156
  5.3741  1.0522  0.4789  1.5967  7.0744
  3.7996  3.0677  0.7071  1.8892 26.5724
  4.8434  1.9096  0.4327  1.6583 14.8702
  4.8124  1.2592  0.7388  1.3008  8.8549
  6.1313  3.3123  0.5545  1.9107 29.1525
  4.7773  1.1419  0.9646  1.5918  7.8362
  4.5859  4.2600  0.3649  1.7602 39.4055
  4.9254  1.0846  0.2021  2.9095  7.3480
  4.8738  0.9406  0.2212  1.2114  6.1502
  4.4857  4.2343  0.3239  0.2192 39.1226
  5.3139  0.8565  0.9029  1.4033  5.4731
  5.3585  2.6442  0.1096  1.2775 22.1831
  3.7134  0.7801  0.5348  0.2985  4.8727
  5.7018  3.3088  0.4906  0.4043 29.1154
  4.3096  2.0450  0.8707  0.9801 16.1834
  6.1891  3.0458  0.3091  0.5068 26.3427
  4.9539  3.5190  0.8521  0.9787 31.3555
  3.8066  4.2155  0.8092  1.4727 38.9168
  5.2311  2.7570  0.5130  2.1685 23.3410
  5.4502  0.9053  0.1817  2.3419  5.8637
  5.2686  3.0045  0.0177  1.4424 25.9103
  4.4225  2.9224  0.9642  1.7944 25.0547
  4.9732  1.9928  0.0053  0.4421 15.6748
  5.1434  2.4202  0.9397  1.1862 19.9081
  4.8429  3.8223  0.9152  1.0910 34.6247
  4.7595  3.5196  0.8797  0.9267 31.3628
  5.1962  1.6902  0.3008  1.4841 12.7819
  5.3618  2.0695  0.8397  0.9476 16.4237
  5.6603  1.8967  0.3683  1.9751 14.7456
  5.3552  3.6359  0.2076  2.1340 32.6114
  5.0331  2.3805  0.1014  2.1007 19.5085
  5.5287  1.9890  0.1432  0.2222 15.6382
  5.2512  0.1373  0.3197  2.1052  0.6409
  3.8636  4.2066  0.7065  1.3716 38.8187
  4.2923  2.9223  0.8778  2.3572 25.0530
  5.3767  4.1193  0.7397  2.5148 37.8606
  5.1541  2.7604  0.3736  1.3516 23.3765
  4.8920  2.1208  0.7814  1.2794 16.9266
  3.7165  1.7709  0.0009  2.1671 13.5436
  5.0770  4.1926  0.4318  0.8811 38.6646
  5.3624  1.6328  0.3146  1.9768 12.2439
  5.3312  2.6190  0.6968  2.2507 21.9255
  5.1645  0.7928  0.8588  2.4450  4.9713
  4.9401  3.1475  0.6642  2.6813 27.4100
  4.9325  1.8517  0.4960  0.4026 14.3141
  4.6703  3.4776  0.1605  2.0293 30.9136
  5.3908  0.6552  0.0747  1.0106  3.9277
  5.0535  3.9006  0.9600  2.9532 35.4737
  5.2583  3.7167  0.3146  1.7879 33.4820
  6.7167  1.1512  0.6554  1.4937  7.9159
  3.9010  1.3124  0.5026  1.7509  9.3248
  6.1470  1.5587  0.6453  1.3803 11.5566
  5.0056  3.1231  0.6999  2.5346 27.1535
  4.7680  2.8284  0.9838  1.5091 24.0786
  4.6885  2.6279  0.6927  0.7515 22.0169
  5.5814  1.6268  0.8934  0.2756 12.1881
  4.2135  2.1968  0.9104  0.5513 17.6760
  5.3046  4.1412  0.9509  0.6713 38.1007
  5.4942  1.2325  0.1214  2.1390  8.6207
  4.9983  0.6787  0.4277  2.5500  4.1022
  5.1970  2.7342  0.6670  0.9336 23.1062
  3.8583  1.7051  0.5324  0.3031 12.9219
  4.5470  4.2436  0.0074  1.8988 39.2258
  5.3443  2.1926  0.8516  1.3230 17.6346
  5.3887  1.7928  0.1589  0.6169 13.7516
  6.2790  2.7099  0.2364  0.9442 22.8565
  5.5988  2.1402  0.2158  1.3532 17.1173
  5.7213  2.2858  0.9605  2.1969 18.5611
  4.8004  3.1617  0.5230  1.6824 27.5599
  5.0975  3.3075  0.7257  1.5541 29.1010
  6.0827  2.7732  0.1325  1.4158 23.5081
  5.5977  3.1118  0.1000  1.8005 27.0347
  5.4800  4.1127  0.7768  2.6755 37.7883
  5.5559  1.4035  0.2754  0.5114 10.1394
  5.3336  2.6581  0.4663  2.1996 22.3253
  5.4868  1.0009  0.7120  0.6874  6.6463
  5.3548  4.3783  0.0558  0.9059 40.7102
  5.2767  0.5558  0.1830  2.7300  3.2114
  4.2770  2.7769  0.2137  1.8037 23.5471
  5.0752  0.8645  0.8169  0.2490  5.5369
  4.7348  2.1386  0.1695  1.0258 17.1022
  4.8893  3.6228  0.5923  0.3293 32.4700
  5.1179  3.7489  0.9016  0.7945 33.8294
  6.0066  2.3497  0.0892  0.5127 19.1996
  4.0898  2.9410  0.4043  1.3625 25.2478
  4.5396  3.0712  0.0979  2.7061 26.6089
  5.8278  2.2587  0.8719  0.2090 18.2908
  5.2907  0.3712  0.2046  1.1849  1.9785
  5.4220  3.3248  0.8588  0.7004 29.2851
  4.6819  0.9752  0.9720  1.1691  6.4336
  3.7523  0.9935  0.8194  1.1077  6.5848
  5.3002  2.5517  0.7602  2.1274 21.2393
  4.7913  4.3684  0.1611  0.8974 40.6012
  5.1452  4.4694  0.7712  0.9987 41.7173
  5.1736  3.4021  0.0862  0.4064 30.1071
  5.4472  1.2047  0.4107  1.0191  8.3788
  5.1642  1.5404  0.9712  0.7323 11.3874
  5.6382  2.6169  0.0300  2.1773 21.9040
  6.2907  4.0994  0.8259  0.4495 37.6428
  5.3305  2.7264  0.2126  2.3840 23.0264
  4.4451  3.1996  0.1308  1.8233 27.9595
  4.8618  1.6883  0.0564  0.4688 12.7639
  5.4252  2.9588  0.0010  0.7646 25.4334
  4.6307  2.0137  0.6824  2.0238 15.8782
  4.4173  1.7991  0.0242  1.5345 13.8118
  5.2394  4.0048  0.8103  1.2179 36.6085
  4.6224  2.4987  0.2271  2.0129 20.7011
  5.3960  2.9764  0.1707  1.5162 25.6166
  3.8921  1.8571  0.8543  0.4740 14.3652
  5.5850  3.4448  0.7712  1.2919 30.5626
  5.3869  1.5279  0.9416  0.9204 11.2723
  4.7011  1.9469  0.8070  0.2970 15.2304
  4.7684  0.9360  0.7252  1.1998  6.1124
  5.0743  3.5028  0.0220  1.5917 31.1824
  4.2635  3.9651  0.7295  2.7138 36.1761
  5.6495  4.0163  0.8837  0.8358 36.7345
  5.5580  3.0467  0.2013  0.9093 26.3523
  4.6386  1.9753  0.7575  2.7384 15.5048
  4.2853  1.5681  0.3542  1.2543 11.6435
  5.3165  1.3416  0.8213  2.7027  9.5845
  3.8248  3.2131  0.0489  2.5657 28.1025
  5.6328  3.2608  0.9292  1.7014 28.6062
  5.0751  2.0556  0.7229  2.5001 16.2868
  3.9129  4.4834  0.4342  0.6645 41.8726
  4.8431  1.9104  0.0707  1.7786 14.8781
