  5.3644  3.5353  0.9875  1.9237 31.5306
  6.0181  1.1479  0.9947  0.3854  7.8877
  4.7343  4.1949  0.9966  1.7585 38.6900
  4.6531  1.2512  0.9812  0.7502  8.7844
  4.7617  2.6533  0.9766  2.2174 22.2757
  4.8718  2.2839  0.9825  0.5660 18.5423
  5.0726  2.6911  0.9735  1.0758 22.6633
  4.6148  2.1744  0.9980  1.6099 17.4550
  5.1614  2.9750  0.9770  1.4346 25.6027
  5.0488  2.0230  0.9979  2.2197 15.9688
  5.1600  2.5797  0.9724  1.7016 21.5246
  6.8470  1.9959  0.9731  0.8282 15.7051
  4.3790  1.7910  0.9942  1.3246 13.7341
  5.2199  3.6589  0.9698  2.1675 32.8585
  6.1925  1.5264  0.9675  2.1041 11.2587
  5.2511  1.6057  0.9813  0.8912 11.9919
  6.0195  3.4680  0.9704  1.0432 30.8104
  5.8425  3.1269  0.9796  0.6747 27.1936
  3.5887  3.7596  0.9767  2.3507 33.9449
  4.4825  2.7854  0.9762  0.9380 23.6345
  5.8385  2.6661  0.9907  0.9451 22.4069
  5.1751  3.3099  0.9899  1.8959 29.1267
  4.1967  1.7407  0.9676  0.3323 13.2571
  3.6065  2.9739  0.9861  2.1961 25.5904
  4.3963  3.3791  0.9878  0.2472 29.8627
  4.6123  0.9832  0.9913  1.3648  6.4998
  5.1524  0.6399  0.9797  0.5159  3.8153
  5.1955  3.3640  0.9683  0.3136 29.7014
  5.9356  3.0161  0.9771  2.3663 26.0318
  5.2731  2.7651  0.9955  1.3831 23.4250
  5.5253  2.6222  0.9853  1.1365 21.9583
  5.1913  1.9359  0.9894  0.7380 15.1241
  4.1979  3.5456  0.9855  1.2131 31.6412
  6.7595  2.3991  0.5556  0.7730 19.6957
  3.8607  1.7653  0.9768  1.0359 13.4908
  5.0757  3.4080  0.9794  2.3008 30.1706
  4.8409  2.6609  0.9835  0.5904 22.3537
  3.5435  3.4242  0.9951  1.9299 30.3428
  5.2787  2.9633  0.9759  1.0200 25.4803
  3.9599  1.8016  0.9877  2.6125 13.8354
  6.0049  3.7606  0.9742  0.2963 33.9559
  5.0970  3.3957  0.9891  1.8269 30.0387
  4.7755  0.2845  0.9711  1.2819  1.4499
  5.1768  1.6105  0.9806  1.0669 12.0361
  5.1209  3.6986  0.9863  0.8416 33.2870
  4.9040  1.1941  0.9870  0.9450  8.2865
  5.1982  1.5521  0.9753  0.8732 11.4952
  6.0812  3.6262  0.9810  1.3982 32.5069
  4.3019  1.9285  0.9980  1.2604 15.0525
  5.6152  2.8917  0.9920  1.9011 24.7347
  4.4732  2.1866  0.9946  0.9791 17.5753
  4.8511  1.6149  0.9707  0.8935 12.0773
  4.8214  3.9564  0.9776  2.2042 36.0812
  5.5491  2.6920  0.9764  1.0039 22.6730
  4.6218  1.4540  0.9907  1.3190 10.5969
  4.8237  1.1888  0.9790  0.4284  8.2400
  6.4263  2.2302  0.9042  0.1461 18.0073
  4.9179  1.9220  0.9785  2.7217 14.9900
  5.2935  2.6269  0.9774  1.9672 22.0063
  4.8575  2.0836  0.9685  1.4634 16.5612
  5.1892  1.5208  0.9971  2.5566 11.2075
  5.4999  1.3182  0.9980  2.1837  9.3758
  4.4034  3.8539  0.9784  0.8603 34.9671
  5.0986  4.3284  0.9748  0.9125 40.1590
  6.1298  3.0862  0.9745  1.4268 26.7658
  5.4564  2.3065  0.9764  0.6202 18.7676
  6.0735  1.9172  0.9695  1.4981 14.9430
  4.4203  1.3465  0.9823  1.1430  9.6287
  5.2834  2.5370  0.9741  1.7133 21.0899
  4.2181  3.0430  0.9790  2.7568 26.3129
  5.4791  2.7933  0.9690  2.5952 23.7158
  4.8201  3.2157  0.9931  1.9718 28.1299
  5.5984  1.5945  0.9843  1.7658 11.8877
  5.0872  4.3941  0.9980  0.5714 40.8849
  6.1606  3.0161  0.9776  1.0891 26.0317
  4.4181  4.0129  0.9770  1.3811 36.6970
  5.2754  1.8543  0.9980  0.7881 14.3383
  4.1266  1.7101  0.9822  1.9317 12.9687
  5.6916  4.1185  0.9685  1.7579 37.8526
  4.5430  3.5189  0.9834  0.6028 31.3549
  4.2628  3.3358  0.9871  0.4365 29.4014
  5.0856  2.8874  0.9705  1.0540 24.6901
  5.2867  1.9366  0.9722  2.0579 15.1309
  4.6746  1.1196  0.9920  0.9568  7.6449
  4.9117  3.5923  0.9822  1.0988 32.1426
  4.9835  2.8450  0.9943  1.6600 24.2502
  5.6245  1.4758  0.9714  0.1905 10.7952
  6.0393  4.0963  0.9705  0.6213 37.6087
  5.3401  1.5467  0.9860  1.7336 11.4457
  4.5305  1.7075  0.9736  1.1013 12.9440
  5.3890  2.8575  0.9930  1.1521 24.3806
  5.0607  4.0381  0.9919  1.5753 36.9725
  5.0019  3.0960  0.9980  1.9697 26.8687
  5.8257  4.1315  0.9916  1.5995 37.9949
  5.7558  4.4177  0.9974  1.5288 41.1453
  5.1432  3.3612  0.9744  1.1702 29.6724
  4.6978  1.4078  0.9911  2.1329 10.1788
  5.5626  0.6718  0.9787  2.3858  4.0508
  5.4215  2.4639  0.9673  0.6287 20.3491
  4.8421  1.5846  0.9961  1.3998 11.7957
  4.5157  3.4023  0.9813  2.6982 30.1094
  4.4028  2.1455  0.9755  2.0375 17.1697
  4.7256  2.7347  0.9876  1.1717 23.1115
  6.1523  2.5372  0.9866  1.0783 21.0917
  5.0632  1.0996  0.9881  1.6608  7.4751
  5.0985  4.1724  0.9907  2.0942 38.4429
  6.1243  2.8910  0.9668  1.8441 24.7273
  4.7869  2.0029  0.9788  0.6897 15.7734
  6.0709  4.0087  0.9775  0.4410 36.6514
  5.6222  1.3229  0.9836  1.6936  9.4181
  4.9119  3.7616  0.9980  1.4273 33.9666
  4.8289  3.7014  0.9790  2.1701 33.3165
  4.4981  2.1189  0.9749  1.1942 16.9075
  5.4626  1.5937  0.9910  2.0324 11.8803
  4.8842  2.6717  0.9973  2.1822 22.4644
  4.9553  2.1129  0.9685  2.4336 16.8493
  4.2983  3.4182  0.9809  1.4594 30.2794
  4.7769  2.1940  0.9885  2.0646 17.6485
  4.3067  3.0383  0.9822  0.5740 26.2643
  4.9137  1.3990  0.9677  0.1432 10.0993
  5.0079  3.6188  0.9746  2.0320 32.4274
  4.8874  3.3133  0.9965  1.0939 29.1633
  5.3290  3.4009  0.9787  0.0508 30.0944
  5.8161  0.3143  0.9744  1.1388  1.6274
  4.0614  2.9523  0.9797  1.4700 25.3651
  5.0528  2.7038  0.9721  1.0241 22.7945
  4.1834  3.7652  0.9799  1.1523 34.0065
  5.3378  1.9829  0.9870  0.5885 15.5790
  5.2003  2.5257  0.9979  2.2622 20.9756
  5.2981  1.6917  0.9853  2.3966 12.7955
  5.6000  4.4434  0.9668  0.6822 41.4302
  5.1426  2.2459  0.9968  0.4293 18.1635
  5.6653  4.0165  0.9777  0.4836 36.7367
  4.9003  2.4156  0.9809  1.4664 19.8622
  4.8963  2.3800  0.9784  1.0994 19.5033
  5.1131  1.4727  0.9761  1.6086 10.7677
  5.2337  2.3304  0.9722  0.6725 19.0068
  5.2614  3.1595  0.9681  2.8798 27.5368
  5.4858  2.7839  0.9777  0.8402 23.6186
  4.7990  3.8423  0.9887  2.5916 34.8406
  5.0574  2.3842  0.9719  0.3028 19.5456
  5.0667  4.1681  0.9980  2.1931 38.3962
  5.5067  2.8207  0.9711  0.9342 23.9986
  5.1745  0.7809  0.9774  2.1042  4.8792
  4.1478  3.5553  0.9672  2.6293 31.7454
  4.8195  3.5930  0.9787  1.6177 32.1493
  4.1582  2.3559  0.9938  1.2326 19.2614
  5.1722  3.6309  0.9958  1.1738 32.5569
  4.6466  3.4454  0.9731  1.5006 30.5694
  4.9403  3.5042  0.9790  1.1754 31.1977
  4.6576  1.9304  0.9761  1.6030 15.0708
  4.6610  2.7783  0.9742  1.5200 23.5613
  5.0105  1.4864  0.9921  2.1090 10.8922
  5.6002  1.9007  0.9722  2.9309 14.7844
  4.3361  3.4846  0.9935  1.8275 30.9881
  3.9620  3.6343  0.9715  0.9717 32.5936
  4.9683  1.8971  0.9854  0.3503 14.7495
  4.9757  3.5360  0.9759  1.0919 31.5379
  4.4643  3.3919  0.9756  0.4207 29.9985
  6.0021  2.1029  0.9910  1.1736 16.7506
  4.9709  2.8518  0.9905  0.4760 24.3210
  5.3758  0.9546  0.9980  1.2405  6.2649
  4.7561  2.4060  0.9845  1.0864 19.7652
  4.9773  2.8043  0.9730  2.3219 23.8300
  5.4205  1.3712  0.9979  0.7686  9.8490
  4.6875  2.8380  0.9751  0.3968 24.1780
  5.1151  2.7640  0.9955  1.8238 23.4136
  5.2192  1.1294  0.9893  0.2538  7.7287
  4.6078  1.4535  0.9919  1.2678 10.5927
  4.0102  2.9195  0.9740  1.8575 25.0240
  4.2843  0.9476  0.9980  0.9531  6.2070
  4.7804  2.3480  0.9670  0.5794 19.1823
  3.5918  0.7269  0.9945  1.1743  4.4645
  5.9561  3.1322  0.9797  1.3417 27.2492
  4.4304  2.4276  0.9920  0.8680 19.9827
  4.4632  1.4856  0.9776  1.7227 10.8849
  4.8967  3.1142  0.9845  1.8376 27.0598
  5.0435  1.7198  0.9855  0.0427 13.0600
  5.4475  3.1953  0.9832  0.7858 27.9138
  5.1557  0.7901  0.9784  1.0472  4.9508
  5.0638  2.4069  0.9711  0.8814 19.7738
  5.4034  4.3027  0.9965  0.6625 39.8763
  4.6707  0.2697  0.9848  2.2930  1.3633
  4.5512  0.5709  0.9804  1.7668  3.3183
  5.1367  1.4450  0.9980  2.0383 10.5152
  4.8423  1.4817  0.9962  0.6064 10.8489
  5.1554  1.7860  0.9784  0.7855 13.6868
  4.7643  3.6035  0.9705  1.0877 32.2626
  5.4819  2.1554  0.9844  0.4356 17.2675
  4.2016  3.4628  0.9708  0.5188 30.7552
  4.7726  3.6898  0.9891  2.8661 33.1913
  5.0661  2.7729  0.9947  2.9234 23.5050
  4.1919  3.2378  0.9707  2.0096 28.3635
  4.3905  2.5953  0.9727  1.7351 21.6838
  4.3039  3.3907  0.9913  1.6485 29.9854
  5.0461  2.3306  0.9709  1.3619 19.0089
  5.2086  3.9201  0.9849  0.1432 35.6859
  4.8423  1.6749  0.9855  1.6617 12.6381
  5.1198  1.8767  0.9818  1.0521 14.5535
  5.1563  2.9090  0.9954  1.9646 24.9154
  4.6165  1.4239  0.9907  1.2752 10.3244
  4.7810  3.4426  0.9980  1.8725 30.5390
  5.4697  3.2930  0.9836  0.5996 28.9475
  5.0011  3.4349  0.9698  2.3438 30.4566
  4.6023  2.1842  0.9756  0.2430 17.5517
  4.9823  1.7780  0.9691  0.8621 13.6108
  4.9197  2.4682  0.9809  0.5470 20.3923
  5.6225  2.1038  0.9866  2.5565 16.7596
  5.5714  3.5161  0.9858  0.7568 31.3247
  4.6873  3.5070  0.9980  0.3396 31.2279
  5.5159  2.8210  0.9846  0.4740 24.0019
  5.3785  1.9360  0.9783  1.2701 15.1243
  5.3160  1.8745  0.9667  1.8406 14.5327
  5.2562  3.4953  0.9737  1.3260 31.1025
  4.5329  2.3124  0.9798  0.3559 18.8263
  5.3810  3.4079  0.9892  2.7505 30.1696
  4.7603  3.2070  0.9788  2.9250 28.0374
  5.0066  1.6002  0.9733  1.3645 11.9411
  5.0751  1.1557  0.9848  0.6766  7.9544
  3.9180  3.4807  0.9856  1.7032 30.9458
  4.6709  2.8909  0.9716  0.9150 24.7266
  4.7103  1.8447  0.9712  0.6904 14.2471
  4.6740  2.7127  0.9960  0.3862 22.8852
  5.7112  3.6336  0.9940  2.1868 32.5861
  4.8632  4.1195  0.9764  0.9202 37.8629
  3.5565  4.4092  0.9980  0.9157 41.0516
  5.0064  1.7401  0.9751  1.7803 13.2520
  5.3375  0.5480  0.9808  1.5253  3.1565
  4.2558  3.1189  0.9926  2.3459 27.1092
  5.2077  2.8766  0.9922  2.8752 24.5781
  3.8835  2.6152  0.9830  1.3259 21.8869
  5.4433  2.1738  0.9798  1.6425 17.4492
  5.3276  1.1555  0.9745  0.8506  7.9527
  4.6033  0.9228  0.9838  0.8368  6.0058
  4.0448  0.9228  0.9760  1.9422  6.0053
  4.7036  0.8895  0.9697  2.1473  5.7368
  5.4068  3.7502  0.9980  1.4305 33.8436
  4.5507  3.3635  0.9827  2.0113 29.6962
  4.6450  3.5980  0.9721  0.2508 32.2029
  4.6758  2.2110  0.9950  0.8633 17.8168
  4.0763  4.4918  0.9686  1.9766 41.9658
  5.3054  2.7743  0.9967  1.5445 23.5197
  5.0326  1.1109  0.9907  0.9601  7.5714
  4.9533  2.4150  0.9856  0.4468 19.8559
  5.2681  2.4838  0.9699  1.5718 20.5508
  4.7076  2.7466  0.9674  0.4200 23.2341
  5.3114  2.1649  0.9847  0.4630 17.3615
  5.4097  3.8395  0.9973  0.3896 34.8107
  4.0288  4.4295  0.9906  0.6498 41.2765
  5.2476  2.5368  0.9695  0.9330 21.0884
  5.1093  0.6703  0.9963  2.3048  4.0397
  4.4886  4.2129  0.9919  1.1774 38.8874
  5.4749  0.7564  0.9758  0.6762  4.6898
  5.2819  3.7271  0.9871  2.3483 33.5944
  5.3523  1.2786  0.9697  2.9262  9.0252
  5.1654  2.8304  0.9773  2.2711 24.0998
  5.5943  1.4693  0.9834  0.3819 10.7360
  5.2296  2.4062  0.9931  0.6422 19.7667
  5.1431  2.5265  0.9850  1.6815 20.9831
  4.7231  2.0040  0.9703  0.1610 15.7838
  5.7468  0.9143  0.9819  0.5900  5.9365
  3.6275  2.4889  0.9795  0.5613 20.6026
  3.8208  3.3165  0.9928  2.2202 29.1965
  4.6429  4.2802  0.9674  2.2462 39.6281
  5.2312  0.8313  0.9748  1.5623  5.2736
  3.9243  1.8041  0.9833  1.5222 13.8593
  5.5449  1.8952  0.9980  0.7934 14.7315
  4.4934  0.4068  0.9786  2.8291  2.2053
  4.7507  0.4219  0.9755  2.9717  2.3034
  5.1841  1.1188  0.9980  2.0782  7.6388
  5.8639  3.9935  0.9769  0.8265 36.4863
  5.1699  4.4741  0.9879  1.8552 41.7702
  5.1910  1.9826  0.9974  0.6154 15.5761
  4.5109  3.3848  0.9730  1.8857 29.9233
  5.2348  4.0721  0.9892  1.6353 37.3437
  4.8871  1.6863  0.9959  0.9954 12.7449
  4.4778  3.9075  0.9711  1.4279 35.5489
  3.5355  3.8197  0.9679  0.8520 34.5958
  5.5025  0.9902  0.9779  2.8234  6.5573
  4.1349  1.4814  0.9898  1.9104 10.8470
  4.9100  3.3625  0.9901  1.6198 29.6859
  5.1622  3.0988  0.9717  2.2453 26.8988
  4.7566  3.2087  0.9821  2.3653 28.0557
  4.8744  1.5661  0.9793  2.8493 11.6246
  4.6706  3.0932  0.9880  1.8183 26.8392
  5.2649  3.8415  0.9771  0.9090 34.8327
  5.0308  2.0129  0.9778  0.5844 15.8703
  4.6386  2.2120  0.9909  2.2555 17.8271
  5.2372  3.3374  0.9733  1.1465 29.4193
  4.4833  2.3701  0.9729  2.5126 19.4047
  5.0871  3.2779  0.9800  1.1053 28.7871
  3.5740  4.0038  0.9922  2.5470 36.5983
  4.6028  4.1361  0.9737  2.5626 38.0448
  4.9195  1.9871  0.9883  0.4564 15.6194
  5.8852  1.9036  0.9810  2.7075 14.8121
  5.0410  3.5338  0.9829  1.6887 31.5144
  4.6351  2.4724  0.9883  1.5095 20.4348
  5.1752  0.9552  0.9956  1.7887  6.2695
  5.0563  2.5762  0.9733  1.8619 21.4889
  5.9906  1.9412  0.9939  0.9445 15.1750
  5.1657  3.0958  0.9669  2.2138 26.8669
  5.2807  2.4767  0.9749  0.2831 20.4783
  5.4571  2.2562  0.9679  2.9077 18.2657
  4.9761  1.4464  0.9817  1.5613 10.5283
  6.0109  2.4289  0.9943  1.5736 19.9958
  5.1507  2.8659  0.9707  1.2552 24.4677
  5.1563  4.3511  0.9844  2.7127 40.4100
  4.8440  2.9407  0.9942  2.1080 25.2442
  5.4505  1.5949  0.9720  0.9770 11.8919
  5.6070  3.5065  0.9958  0.4282 31.2222
  4.8611  2.5847  0.9707  2.0444 21.5754
  6.5065  2.3281  0.8615  1.5733 18.9837
  3.9887  1.3102  0.9980  1.6899  9.3050
  5.4038  1.2723  0.9672  1.9712  8.9701
  6.0957  3.7284  0.9980  1.4160 33.6080
  4.9624  2.5351  0.9980  0.9543 21.0711
  5.1552  1.5502  0.9672  2.5991 11.4782
  4.8687  3.0569  0.9794  0.3487 26.4585
  4.7649  2.5513  0.9818  1.8738 21.2352
  5.0921  3.1349  0.9820  1.1195 27.2775
  5.0990  3.0042  0.9684  1.2036 25.9070
  5.5718  1.8954  0.9754  1.0645 14.7337
  5.4350  2.5019  0.9792  1.6657 20.7341
  6.2562  4.1138  0.9934  0.7855 37.8001
  4.2491  3.2993  0.9759  2.4055 29.0144
  5.4136  3.1368  0.9676  1.9749 27.2976
  4.9950  4.1474  0.9888  1.2004 38.1688
  4.3543  3.5602  0.9779  1.1835 31.7972
  6.1307  3.8253  0.9677  0.6323 34.6567
  5.1752  1.6377  0.9911  2.1264 12.2902
  5.0078  3.1598  0.9980  1.1929 27.5399
  5.1655  3.4863  0.9888  2.1398 31.0056
  5.3885  2.7905  0.9948  0.7090 23.6868
  4.0190  4.3003  0.9822  2.7857 39.8492
  5.7122  1.9407  0.9778  1.5449 15.1704
  5.1129  1.5516  0.9861  2.2768 11.4911
  4.9158  1.7130  0.9711  0.7571 12.9957
  5.7245  3.1751  0.9980  1.0358 27.7013
  4.1694  1.5915  0.9781  1.1390 11.8596
  6.4160  3.1250  0.8855  0.7697 27.1741
  5.4987  0.6598  0.9812  2.2576  3.9623
  6.6584  2.7560  0.5997  0.9672 23.3315
  5.3184  1.3242  0.9850  1.1899  9.4293
  5.2253  2.3837  0.9980  1.9857 19.5407
  5.3891  2.5691  0.9814  1.2008 21.4164
  3.9913  3.7506  0.9776  0.8050 33.8479
  5.6985  3.7742  0.9980  1.9940 34.1032
  5.3637  2.6324  0.9904  1.9487 22.0629
  5.2457  3.8852  0.9684  1.1947 35.3066
  4.9713  2.0049  0.9919  1.5884 15.7930
  4.4809  1.4280  0.9923  2.1369 10.3608
  4.0419  2.6062  0.9727  2.0375 21.7946
  4.9093  3.2833  0.9678  2.7725 28.8445
  5.2640  3.1218  0.9733  0.7365 27.1405
  4.3513  2.7992  0.9801  0.4500 23.7768
  5.2597  1.4291  0.9913  1.5188 10.3711
  4.7073  3.9474  0.9764  0.9712 35.9836
  4.9991  4.3167  0.9931  0.4481 40.0308
  4.2622  4.4249  0.9802  1.1024 41.2254
  3.8591  2.7079  0.9787  1.2924 22.8362
  4.6082  3.6403  0.9944  1.7730 32.6581
  5.4500  1.2183  0.9882  1.1646  8.4967
  5.2281  3.3410  0.9980  2.1372 29.4576
  4.1952  1.3491  0.9737  0.1038  9.6518
  6.5259  2.6474  0.9252  2.3155 22.2158
  5.6294  0.4376  0.9945  1.2780  2.4062
  3.9396  1.6744  0.9705  1.1730 12.6330
  5.0617  2.6684  0.9669  0.4730 22.4306
  4.8037  3.8427  0.9707  1.0390 34.8451
  4.9107  3.3276  0.9783  0.6328 29.3152
  4.1289  1.5114  0.9827  0.3320 11.1214
  4.7848  2.3083  0.9876  2.0985 18.7857
  4.2892  1.3741  0.9900  0.5267  9.8757
  5.1651  2.9891  0.9950  2.1287 25.7496
  5.2397  3.4607  0.9676  0.7838 30.7328
  4.8446  2.1502  0.9667  2.5993 17.2161
  6.7601  3.2598  0.8160  0.3658 28.5964
  6.1193  1.0451  0.9796  1.3960  7.0146
  3.6752  0.5879  0.9727  0.1825  3.4391
  5.2192  1.2572  0.9722  2.1447  8.8375
  4.7175  1.0000  0.9925  1.5116  6.6390
  4.5075  4.4805  0.9799  0.1287 41.8403
  5.2538  3.8942  0.9934  0.5338 35.4050
  3.9023  2.4863  0.9805  0.0868 20.5754
  4.8485  3.5271  0.9943  0.7259 31.4423
  5.5364  2.0016  0.9857  2.0284 15.7607
  4.7223  3.5499  0.9692  0.9888 31.6870
  5.2719  2.7677  0.9901  0.9576 23.4518
  5.5116  1.3791  0.9849  1.8415  9.9202
  5.1600  3.7452  0.9928  1.1444 33.7900
  4.7186  3.5688  0.9694  1.3865 31.8902
  3.6962  1.3361  0.9967  0.8077  9.5358
  4.8031  2.0524  0.9917  0.7925 16.2561
  6.1204  3.8785  0.9783  0.1812 35.2340
  4.7428  1.9057  0.9980  0.1661 14.8321
  4.9940  3.2920  0.9848  1.5136 28.9366
  5.1420  2.1119  0.9704  0.9059 16.8391
  5.5644  3.9790  0.9754  1.0212 36.3275
  4.0742  0.9704  0.9929  2.3796  6.3943
  4.5148  4.0507  0.9879  1.6519 37.1102
  4.4201  0.7226  0.9743  2.3466  4.4323
  5.5744  1.4241  0.9980  0.2507 10.3263
  4.4228  0.5573  0.9917  1.2308  3.2222
  5.1353  2.4526  0.9980  1.5475 20.2347
  5.0179  0.9805  0.9743  1.6456  6.4779
  4.6890  3.6146  0.9962  0.4007 32.3821
  5.9464  0.9015  0.9696  0.9444  5.8331
  4.9781  3.1048  0.9843  1.7200 26.9610
  4.7836  2.2473  0.9853  1.2519 18.1770
  4.8456  1.4517  0.9743  1.2328 10.5758
  5.5454  3.3105  0.9951  1.5271 29.1332
  5.3096  0.8000  0.9951  1.9482  5.0274
  5.8065  2.1496  0.9887  1.4695 17.2099
  3.7837  3.9144  0.9804  0.3186 35.6242
  4.3464  3.1459  0.9785  0.9809 27.3939
  5.2107  0.9954  0.9762  0.9846  6.6008
  5.1889  1.8178  0.9831  0.8344 13.9897
  5.2672  1.9639  0.9911  1.9463 15.3942
  4.0422  3.9986  0.9756  0.7452 36.5414
  4.2194  4.2869  0.9876  0.9214 39.7018
  5.0796  0.8948  0.9965  1.8169  5.7792
  5.0526  4.0235  0.9765  0.1770 36.8129
  4.8866  2.0103  0.9834  1.3943 15.8450
  5.6785  0.9232  0.9777  0.5076  6.0087
  5.2246  1.8354  0.9815  0.3604 14.1574
  5.0755  2.1956  0.9883  1.9418 17.6648
  5.4491  1.6854  0.9974  0.6573 12.7368
  3.5706  1.7389  0.9687  1.2878 13.2404
  5.5551  3.8733  0.9868  0.4960 35.1779
  5.4554  4.0978  0.9815  1.8790 37.6257
  4.7437  3.4066  0.9669  0.9411 30.1555
  4.0011  1.3285  0.9756  0.9409  9.4676
  3.6378  0.8740  0.9838  1.6931  5.6121
  4.6240  2.2427  0.9743  0.6834 18.1319
  5.4010  2.4261  0.9697  0.4255 19.9676
  5.4103  2.8227  0.9781  2.0921 24.0195
  5.4676  0.5817  0.9917  2.4751  3.3951
  5.1145  1.6242  0.9881  1.6849 12.1637
  5.2232  0.1526  0.9917  2.5936  0.7193
  4.7734  3.2131  0.9779  2.3149 28.1026
  5.2706  0.6330  0.9967  0.9559  3.7651
  4.9124  2.4304  0.9980  2.1858 20.0109
  4.9110  1.7488  0.9980  2.1666 13.3338
  5.6879  1.4366  0.9822  2.9430 10.4393
  5.1377  1.7144  0.9671  1.1899 13.0089
  5.2875  3.7743  0.9884  2.6365 34.1039
  5.2232  0.6541  0.9960  0.1745  3.9200
  5.3244  1.1776  0.9798  1.5606  8.1430
  5.2284  3.4606  0.9754  1.3079 30.7315
  4.9228  2.9064  0.9760  0.6948 24.8876
  4.6545  3.0313  0.9828  1.0829 26.1903
  5.8700  3.8425  0.9746  0.2263 34.8432
  5.0842  0.6197  0.9900  1.1322  3.6681
  4.8625  2.0798  0.9804  1.0804 16.5244
  5.0317  2.9487  0.9980  0.8270 25.3278
  5.1219  3.1356  0.9838  1.4653 27.2847
  5.4684  2.6303  0.9874  1.4097 22.0413
  6.9888  2.0862  0.6586  0.8056 16.5870
  5.5127  2.2756  0.9790  0.7685 18.4596
  4.6880  2.8146  0.9703  1.9239 23.9365
  5.1721  1.3724  0.9682  1.9365  9.8600
  4.3571  4.4903  0.9896  0.6005 41.9498
  3.6683  1.3811  0.9975  1.1770  9.9383
  6.2560  3.4420  0.9890  1.1716 30.5326
  4.3613  1.3870  0.9871  1.2665  9.9915
  3.6067  1.0489  0.9713  0.5793  7.0466
  5.1185  1.3233  0.9877  0.5287  9.4213
  5.3323  1.0997  0.9806  2.0508  7.4754
  5.4196  2.5871  0.9716  1.2040 21.5997
  3.7396  3.5051  0.9963  0.6961 31.2077
  4.4224  3.4876  0.9980  1.5862 31.0202
  5.1643  3.2509  0.9785  1.5720 28.5015
  5.1635  2.1273  0.9736  1.3869 16.9902
  4.1748  4.2183  0.9802  0.4946 38.9466
  4.0417  3.6871  0.9980  2.3296 33.1628
  4.7399  3.0131  0.9892  2.0902 26.0004
  5.1012  1.2584  0.9894  1.4423  8.8481
  5.9754  2.8575  0.9792  2.3101 24.3803
  4.2638  2.7096  0.9834  1.7683 22.8533
  5.4323  1.4345  0.9867  0.7645 10.4196
  4.6870  2.9243  0.9673  2.3152 25.0744
  5.1971  3.9152  0.9976  2.3809 35.6333
  4.8821  3.6178  0.9766  0.1863 32.4160
  5.1462  1.5805  0.9801  2.3354 11.7580
  5.5800  2.3450  0.9688  1.8033 19.1522
  4.2868  1.7891  0.9823  0.0647 13.7166
  5.2127  3.2902  0.9758  1.4982 28.9179
  5.1252  3.4048  0.9930  0.4624 30.1364
  4.2771  1.1773  0.9743  0.1017  8.1413
  4.0450  2.9583  0.9957  0.3886 25.4284
  5.4096  3.0519  0.9904  1.3705 26.4062
  5.4308  3.9303  0.9786  1.3874 35.7969
  4.2844  3.6507  0.9973  1.4902 32.7706
  5.9027  3.1613  0.9949  0.8078 27.5553
  5.7922  2.2531  0.9835  2.1070 18.2352
  4.9876  3.2823  0.9745  0.8773 28.8338
  5.2065  1.6456  0.9732  0.8147 12.3637
  5.9677  2.3480  0.9864  1.6955 19.1830
  4.8755  1.4506  0.9970  1.6080 10.5664
  5.3607  1.5212  0.9743  0.1122 11.2109
  4.1662  1.9458  0.9906  1.1114 15.2194
  5.2704  2.2734  0.9980  1.9512 18.4370
  5.1492  3.4297  0.9940  0.2186 30.4011
  5.4618  3.1692  0.9747  0.3826 27.6395
  4.8324  2.5775  0.9905  2.2238 21.5020
  5.2296  3.7170  0.9919  2.1201 33.4854
  5.2863  2.5868  0.9875  1.6605 21.5964
  5.4649  1.6918  0.9729  2.4648 12.7963
  5.2116  1.7445  0.9957  2.4749 13.2934
  5.4922  1.1218  0.9745  0.7401  7.6643
  4.9807  3.4956  0.9694  1.2200 31.1050
  4.5797  0.4515  0.9933  1.5880  2.4980
  4.5669  4.0834  0.9850  1.4914 37.4677
  5.5288  3.4122  0.9875  1.9768 30.2152
  5.0611  2.5088  0.9980  0.3828 20.8039
  5.5644  1.8804  0.9771  0.4042 14.5895
  4.2174  1.1554  0.9671  0.8779  7.9516
  3.7392  4.3101  0.9945  0.9586 39.9575
  5.1974  1.0890  0.9771  0.9865  7.3848
  4.7227  4.3330  0.9968  1.8557 40.2102
  4.3537  4.0668  0.9708  1.5721 37.2861
  4.1076  3.5765  0.9917  2.3417 31.9727
  5.3803  1.5645  0.9980  1.6696 11.6103
  4.2693  3.6815  0.9980  0.4150 33.1023
  5.3367  3.4242  0.9898  2.7730 30.3430
  5.2295  1.8051  0.9969  1.1293 13.8688
  5.0007  4.1377  0.9972  0.6856 38.0627
  5.6900  0.3733  0.9819  1.0567  1.9914
  5.0431  1.4734  0.9980  1.4024 10.7738
  4.6772  2.2007  0.9853  2.2659 17.7147
  3.9555  2.0389  0.9732  2.5973 16.1237
  4.5441  1.7409  0.9820  3.0824 13.2595
  4.8929  3.7959  0.9907  0.7410 34.3380
  5.6073  1.8896  0.9696  0.6701 14.6777
  5.4629  1.7023  0.9857  1.1925 12.8956
  5.2466  3.0829  0.9745  1.0853 26.7310
  5.9674  4.3643  0.9709  2.2106 40.5557
  4.7722  1.7649  0.9764  0.9954 13.4869
  4.2192  2.8611  0.9980  1.1958 24.4174
  5.1437  1.5978  0.9836  1.5361 11.9185
  5.0042  3.4234  0.9828  2.2955 30.3345
  5.4892  2.6454  0.9838  0.7400 22.1959
  5.3313  0.5915  0.9897  1.9489  3.4650
  4.9590  4.0963  0.9859  1.4901 37.6091
  4.7588  4.1040  0.9906  0.7956 37.6932
  5.4330  2.4475  0.9770  0.9026 20.1838
  4.7271  2.2723  0.9843  1.8715 18.4263
  4.8766  0.9377  0.9864  2.2348  6.1263
  5.8340  3.4009  0.9980  1.9335 30.0945
  4.9848  1.5217  0.9899  0.9676 11.2153
  4.8073  1.8019  0.9776  2.8212 13.8386
  4.8542  1.5858  0.9941  0.6708 11.8071
  5.2451  2.3928  0.9961  1.9567 19.6323
  5.7804  1.8065  0.9788  2.7682 13.8824
  5.1070  3.3958  0.9869  1.8309 30.0402
  4.8102  2.4801  0.9886  1.8075 20.5129
  5.6088  3.9593  0.9756  1.0800 36.1134
  5.1731  2.4333  0.9860  1.7497 20.0403
  5.3581  4.2714  0.9776  0.3484 39.5307
  4.9953  2.5860  0.9793  1.5759 21.5886
  4.5839  3.2705  0.9745  0.5281 28.7095
  5.9507  4.1579  0.9822  1.2662 38.2841
  5.4262  0.5629  0.9826  1.6195  3.2611
  5.0575  3.0328  0.9726  1.2902 26.2063
  4.0161  3.2551  0.9973  0.8483 28.5459
  4.4369  3.6583  0.9726  1.5377 32.8519
  4.8410  3.6205  0.9670  0.8517 32.4458
  5.2376  3.3003  0.9951  1.7405 29.0247
  4.7468  1.6436  0.9751  0.3412 12.3451
  4.3692  1.0114  0.9911  0.8242  6.7334
  4.5617  4.0847  0.9885  1.3238 37.4820
  5.6469  2.1097  0.9746  1.7500 16.8170
  5.2616  4.0631  0.9702  1.9259 37.2456
  5.2006  2.3016  0.9896  0.7974 18.7182
  5.5100  2.3406  0.9961  2.3888 19.1090
  5.7709  4.4266  0.9899  1.4268 41.2438
  6.6389  2.2693  0.9111  0.9918 18.3964
  5.4728  2.6795  0.9823  1.2216 22.5444
  5.4445  1.8202  0.9694  1.0881 14.0124
  5.5804  2.9048  0.9805  2.4254 24.8713
  5.1539  4.1697  0.9850  1.4587 38.4137
  3.8598  3.3502  0.9724  1.5902 29.5545
  5.2365  4.0262  0.9751  1.8120 36.8424
  5.2845  4.4109  0.9868  1.5303 41.0700
  5.2995  2.9892  0.9940  2.3397 25.7507
  4.1050  4.2544  0.9678  0.3579 39.3442
  5.9804  2.6813  0.9699  1.7936 22.5629
  4.9236  2.9368  0.9963  0.3803 25.2038
  6.2447  4.2340  0.9943  2.0343 39.1197
  4.8481  3.1068  0.9980  1.4308 26.9821
  6.6885  2.9637  0.8048  2.0893 25.4840
  3.9584  1.2736  0.9698  0.7969  8.9813
  5.0028  4.2207  0.9899  1.3062 38.9731
  5.2112  1.1175  0.9775  1.2886  7.6276
  5.4102  2.9532  0.9711  0.2111 25.3752
  4.7251  3.6655  0.9843  1.2836 32.9299
  5.0985  3.7997  0.9815  1.4186 34.3799
  5.9056  2.4950  0.9778  1.8874 20.6638
  5.4819  2.3881  0.9973  1.0532 19.5849
  5.1904  2.5970  0.9742  0.9804 21.7007
  5.0453  1.0864  0.9938  2.4940  7.3629
  4.8016  1.4684  0.9760  1.5288 10.7281
  5.3183  1.5593  0.9925  2.1558 11.5618
  4.8585  3.7340  0.9854  2.5574 33.6689
  4.7600  2.3767  0.9896  0.2978 19.4704
  5.3174  1.1652  0.9841  0.6721  8.0365
  6.2655  2.2694  0.9980  1.0564 18.3975
  5.2000  1.6558  0.9754  1.6831 12.4588
  5.0737  2.4209  0.9826  1.0354 19.9150
  5.8972  4.0426  0.9906  0.3767 37.0212
  5.5887  3.3733  0.9833  0.8735 29.8006
  6.3969  2.0907  0.9714  0.9827 16.6310
  5.0347  1.7763  0.9832  2.2636 13.5944
  4.5968  2.5770  0.9716  2.1445 21.4975
  6.8497  2.3504  0.8882  2.3082 19.2067
  5.8858  3.7381  0.9678  1.5009 33.7125
  5.4328  2.0376  0.9929  1.6658 16.1117
  4.4358  0.6760  0.9876  0.4099  4.0821
  6.1588  2.9351  0.9923  0.4010 25.1864
  5.0423  3.4413  0.9797  0.3234 30.5254
  5.0440  3.5953  0.9804  1.1962 32.1749
  4.7637  2.3046  0.9738  0.5253 18.7482
  5.4556  2.5332  0.9965  0.8665 21.0511
  5.9566  3.7767  0.9966  2.8806 34.1309
  5.1534  1.9740  0.9863  1.4896 15.4925
  4.8991  2.5696  0.9760  0.8487 21.4216
  4.4696  2.5948  0.9979  1.2864 21.6783
  4.7096  3.0213  0.9913  1.2446 26.0863
  5.5743  1.2103  0.9721  0.9448  8.4274
  5.2930  1.9684  0.9967  0.6195 15.4380
  5.1332  3.2301  0.9793  1.8498 28.2812
  6.1202  3.8628  0.9780  0.2990 35.0639
  4.7180  3.3118  0.9911  0.5208 29.1470
  6.3304  2.4921  0.9767  1.3068 20.6349
  4.8337  0.8433  0.9719  0.1510  5.3684
  5.7988  1.8714  0.9978  1.0083 14.5028
  5.5018  3.0787  0.9962  1.0645 26.6872
  5.4888  2.0874  0.9891  0.7942 16.5985
  4.9659  0.4494  0.9807  1.9502  2.4841
  5.2957  2.7811  0.9828  2.7348 23.5902
  4.3955  3.0594  0.9713  2.2877 26.4849
  5.0695  2.3286  0.9746  2.9262 18.9888
  5.5457  3.6976  0.9760  1.5444 33.2756
  5.4675  3.3269  0.9679  2.0000 29.3077
  5.6011  1.1613  0.9787  1.7444  8.0030
  4.7639  1.7705  0.9833  1.2331 13.5396
  4.8785  1.8958  0.9738  0.6922 14.7369
  5.0794  1.4189  0.9749  0.2771 10.2791
  5.2641  2.2684  0.9695  1.1031 18.3872
  5.7758  3.0701  0.9955  1.8730 26.5974
  5.1192  1.4291  0.9809  1.1626 10.3707
  5.7896  2.2342  0.9980  1.0843 18.0476
  5.0256  3.5976  0.9669  0.3281 32.1992
  5.4929  3.3689  0.9718  0.8509 29.7538
  4.8551  1.0657  0.9980  1.4731  7.1878
  3.8835  1.7040  0.9953  2.0785 12.9117
  5.0435  2.3031  0.9811  2.9604 18.7335
  5.2684  1.6726  0.9851  0.7926 12.6165
  5.6208  4.3601  0.9913  1.9244 40.5086
  6.0770  3.6959  0.9704  2.1834 33.2578
  5.3865  0.9806  0.9957  0.9363  6.4787
  4.4279  3.5674  0.9793  2.5600 31.8751
  4.6659  2.1870  0.9965  1.2126 17.5790
  5.3837  3.3106  0.9969  1.0613 29.1341
  4.5566  3.0979  0.9831  1.7685 26.8892
  4.7743  2.5036  0.9898  2.2233 20.7513
  5.2298  3.0851  0.9970  1.5716 26.7543
  5.3642  3.2856  0.9803  0.2953 28.8687
  6.5542  3.5257  0.8737  1.7401 31.4278
  6.1645  2.8645  0.9879  1.1207 24.4532
  5.2257  1.0467  0.9760  1.3963  7.0279
  4.2791  2.6206  0.9687  1.7054 21.9417
  5.5070  2.4601  0.9918  2.0885 20.3111
  6.0806  1.7709  0.9908  1.0604 13.5434
  5.1613  1.3949  0.9787  2.5665 10.0622
  5.5945  3.4815  0.9761  0.8644 30.9547
  5.3335  3.6601  0.9978  2.0392 32.8712
  5.0196  3.6783  0.9672  1.8158 33.0673
  5.0299  2.2097  0.9813  1.8618 17.8045
  5.2302  3.6836  0.9831  1.1080 33.1247
  4.8893  0.8319  0.9871  1.1091  5.2782
  3.9940  3.9320  0.9712  2.0829 35.8161
  5.0745  4.2125  0.9955  0.6021 38.8829
  6.1722  3.4488  0.9858  1.6470 30.6058
  6.0297  1.9392  0.9964  2.5777 15.1559
  5.3080  3.1322  0.9909  0.4077 27.2495
  5.6182  1.4106  0.9825  0.5032 10.2043
  5.6537  0.9525  0.9935  0.8062  6.2474
  5.1324  0.8454  0.9868  1.2425  5.3847
  4.1577  0.3234  0.9863  0.6576  1.6824
  5.2309  2.3714  0.9813  1.0414 19.4170
  4.7086  2.6545  0.9759  0.6944 22.2883
  5.8795  4.4903  0.9678  0.1560 41.9493
  4.8975  3.1462  0.9877  1.5541 27.3963
  5.6086  2.7939  0.9747  2.4983 23.7221
  4.7557  1.8546  0.9708  1.6228 14.3412
  4.6638  2.5061  0.9980  2.3760 20.7762
  5.6447  3.2847  0.9836  1.9063 28.8592
  5.1438  0.2732  0.9814  1.6292  1.3840
  3.9970  2.2949  0.9894  0.8361 18.6516
  4.2566  3.0599  0.9980  0.5774 26.4903
  5.3543  3.7277  0.9860  2.4111 33.6007
  5.6435  2.4667  0.9841  0.6221 20.3776
  4.5715  1.9753  0.9962  1.2169 15.5047
  5.4303  3.5021  0.9692  1.3224 31.1754
  4.7576  1.2639  0.9829  1.1230  8.8961
  6.5008  3.0916  0.7417  0.9221 26.8223
  6.2961  3.4767  0.9753  2.3057 30.9035
  4.3488  1.3187  0.9837  1.1122  9.3803
  5.2613  0.8510  0.9886  0.9013  5.4292
  3.5299  1.1125  0.9777  2.1789  7.5847
  5.5990  3.9095  0.9804  2.3276 35.5712
  5.5277  1.6122  0.9957  1.4332 12.0520
  4.1556  1.4271  0.9841  1.5790 10.3530
  4.1033  2.9683  0.9667  0.6990 25.5321
  3.9094  3.8532  0.9927  0.8678 34.9596
  5.2044  2.5107  0.9715  0.3277 20.8229
  5.5077  3.1104  0.9690  1.2123 27.0202
  5.1647  2.9766  0.9737  0.8299 25.6187
  5.1442  3.4224  0.9783  1.6008 30.3234
  5.3025  1.8228  0.9980  2.0728 14.0372
  4.9347  0.9792  0.9717  0.9536  6.4672
  5.7206  4.3629  0.9765  1.6954 40.5403
  3.8346  2.2419  0.9691  2.1389 18.1237
  5.2787  2.4884  0.9973  0.7042 20.5969
  4.7269  1.9460  0.9798  2.9072 15.2218
  4.9696  3.9452  0.9766  2.4285 35.9594
  4.5188  3.1127  0.9948  0.9288 27.0443
  4.7418  3.2065  0.9910  0.2138 28.0324
  5.6274  3.3205  0.9691  0.2203 29.2399
  5.1259  4.0030  0.9895  2.1500 36.5891
  5.4500  2.9067  0.9778  2.1649 24.8908
  4.4992  1.4824  0.9962  2.3397 10.8558
  5.7590  4.1777  0.9736  1.3975 38.5009
  5.2995  3.8631  0.9770  2.7493 35.0667
  5.4986  0.7551  0.9890  2.0451  4.6801
  5.1160  3.0068  0.9775  0.6889 25.9339
  5.2216  3.5137  0.9964  2.2561 31.2997
  4.1124  3.8161  0.9842  1.1019 34.5574
  4.1525  1.2541  0.9980  1.7146  8.8096
  5.2600  3.1150  0.9772  0.6730 27.0685
  5.1853  3.6561  0.9923  1.2254 32.8283
  5.2818  1.0077  0.9753  1.3654  6.7029
  5.5734  2.2314  0.9959  1.8620 18.0190
  5.2250  2.0021  0.9952  0.4126 15.7660
  5.4964  3.2658  0.9681  2.3535 28.6595
  5.4914  2.2609  0.9839  0.5841 18.3125
  5.6227  2.2996  0.9980  0.4814 18.6986
  4.6025  3.7371  0.9760  0.6352 33.7025
  3.8133  4.3249  0.9882  1.9918 40.1208
  5.0153  3.3855  0.9752  0.7545 29.9307
  5.2871  4.3082  0.9808  1.7419 39.9367
  4.9569  2.1016  0.9980  2.1162 16.7375
  4.0854  2.1501  0.9927  2.8959 17.2148
  4.7065  4.4360  0.9679  0.8403 41.3482
  5.1452  1.4193  0.9980  1.5288 10.2827
  4.5324  4.3708  0.9668  0.4178 40.6271
  5.1079  3.8298  0.9809  0.4801 34.7051
  6.1826  2.9852  0.9805  1.7406 25.7091
  4.9277  1.1420  0.9912  0.5059  7.8365
  5.4548  4.3431  0.9803  1.3579 40.3210
  4.7284  1.7414  0.9758  1.5776 13.2640
  5.6883  2.0310  0.9707  0.4602 16.0469
  5.1580  3.2458  0.9678  1.5102 28.4475
  5.5061  2.8545  0.9919  0.1610 24.3488
  5.2884  2.3739  0.9891  1.1154 19.4422
  5.1757  3.8377  0.9807  2.0648 34.7911
  5.4721  2.8570  0.9980  0.9232 24.3749
  4.9886  0.2259  0.9789  2.4393  1.1141
  3.6811  1.6719  0.9915  0.2484 12.6094
  5.2250  1.5229  0.9824  1.8477 11.2264
  4.4931  3.2626  0.9686  1.2740 28.6259
  4.8800  0.9967  0.9709  1.3788  6.6111
  4.3889  3.8058  0.9971  1.9398 34.4457
  5.2597  2.9384  0.9700  1.0271 25.2211
  5.7613  4.2182  0.9850  1.5670 38.9461
  4.7199  2.8434  0.9918  1.5643 24.2345
  4.9945  3.7754  0.9980  1.4883 34.1166
  4.6380  0.8211  0.9917  1.8832  5.1927
  3.6430  3.8497  0.9869  1.6574 34.9213
  4.2020  2.1571  0.9940  2.9398 17.2841
  4.5649  2.2596  0.9805  1.6420 18.2995
  5.1787  1.4581  0.9814  1.5434 10.6347
  5.1256  3.8094  0.9781  1.7934 34.4848
  4.8859  4.2695  0.9695  0.7023 39.5099
  5.0547  3.4923  0.9939  1.0386 31.0708
  5.4070  3.9939  0.9959  1.2815 36.4900
  4.4977  2.6059  0.9752  0.6376 21.7919
  4.2833  2.8126  0.9814  2.2835 23.9156
  5.2574  2.6696  0.9765  0.9080 22.4436
  5.2111  4.3243  0.9739  1.1851 40.1142
  4.4486  3.7559  0.9800  0.5424 33.9051
  4.9293  1.7129  0.9727  2.1582 12.9948
  4.4657  3.4153  0.9726  1.0731 30.2478
  4.9059  1.6907  0.9681  0.8834 12.7865
  3.9468  4.0191  0.9777  1.5494 36.7649
  4.8177  1.1571  0.9740  1.6759  7.9665
  5.1091  2.1532  0.9871  1.5288 17.2458
  5.0272  4.0179  0.9833  1.6902 36.7521
  5.1562  4.4737  0.9756  2.0111 41.7648
  5.1550  2.6002  0.9917  0.8153 21.7336
  4.6868  1.6645  0.9924  1.8389 12.5399
  4.6294  2.7817  0.9831  0.1107 23.5964
  5.1129  1.3898  0.9904  1.7075 10.0162
  3.5471  2.5832  0.9777  1.1174 21.5601
  5.0516  3.6477  0.9980  1.2446 32.7379
  3.6243  0.8374  0.9980  1.6525  5.3215
  3.8213  4.4657  0.9744  1.4690 41.6771
  4.9144  3.9544  0.9804  0.4689 36.0595
  5.2560  2.4568  0.9942  2.6050 20.2776
  5.5157  1.2360  0.9862  1.0146  8.6512
  5.1654  1.8456  0.9818  0.7955 14.2552
  5.3844  2.8574  0.9909  0.7320 24.3796
  4.9884  2.3836  0.9744  0.6021 19.5404
  4.7369  2.7051  0.9885  2.6558 22.8072
  3.8144  3.8026  0.9686  0.6424 34.4108
  5.2933  2.3656  0.9904  1.2314 19.3596
  6.1355  3.4587  0.9731  1.7971 30.7106
  4.6107  0.9496  0.9675  1.1249  6.2237
  5.4828  1.1499  0.9677  1.0692  7.9050
  4.7108  2.7858  0.9872  0.3843 23.6388
  5.0414  1.2105  0.9905  1.5342  8.4292
  4.4547  0.7830  0.9974  0.9402  4.8952
  5.1776  1.9076  0.9914  0.5069 14.8504
  5.5701  3.4950  0.9972  2.6004 31.0987
  4.6052  1.1141  0.9950  0.3884  7.5981
  5.0317  4.3735  0.9753  1.0591 40.6573
  5.2255  1.5220  0.9971  0.9576 11.2188
  4.2493  2.8200  0.9851  1.0097 23.9914
  5.3132  3.4434  0.9669  0.4151 30.5473
  5.0569  2.3143  0.9980  1.5041 18.8458
  6.0437  1.7880  0.9668  1.2467 13.7064
  4.2401  1.4002  0.9980  1.8212 10.1097
  5.4457  3.3766  0.9667  2.1037 29.8355
  4.6775  3.5471  0.9928  1.7847 31.6567
  5.6677  1.6858  0.9859  0.3077 12.7403
  5.6224  3.9310  0.9673  0.6281 35.8044
  5.1868  1.0863  0.9782  2.2211  7.3619
  4.6360  2.4102  0.9671  1.8896 19.8072
  5.6173  2.7961  0.9927  1.3932 23.7447
  5.1853  1.1563  0.9843  1.6709  7.9601
  5.0027  4.1416  0.9692  1.3331 38.1053
  4.5174  2.6007  0.9950  1.9856 21.7388
  5.3955  2.4138  0.9946  1.5248 19.8435
  5.1366  2.8084  0.9876  0.9507 23.8721
  4.7743  2.6978  0.9711  2.2195 22.7326
  3.8630  3.5449  0.9910  2.7492 31.6334
  4.3966  2.8847  0.9827  1.0620 24.6622
  5.2876  1.5892  0.9958  0.4096 11.8388
  4.4712  4.2411  0.9977  1.8221 39.1973
  4.7451  4.4403  0.9777  2.3819 41.3959
  5.2239  0.8627  0.9704  0.4196  5.5220
  6.1687  2.8481  0.9973  1.6597 24.2830
  5.3240  2.0175  0.9973  0.1731 15.9156
  3.9541  2.9302  0.9916  0.4035 25.1353
  4.3243  2.3475  0.9935  0.9906 19.1777
  5.4038  4.0572  0.9808  2.3794 37.1813
  5.2533  2.6258  0.9871  1.1822 21.9944
  5.1171  1.9384  0.9765  0.7800 15.1478
  4.7096  1.8499  0.9680  0.8387 14.2966
  5.1053  1.0756  0.9774  1.1010  7.2713
  5.8572  4.1008  0.9793  0.5066 37.6577
  5.7077  4.2612  0.9856  0.9784 39.4184
  3.8163  3.5677  0.9825  0.4131 31.8776
  5.1874  1.4338  0.9691  1.1140 10.4136
  4.0103  4.0296  0.9976  2.3267 36.8795
  5.2480  2.3365  0.9872  1.4888 19.0672
  5.2315  3.1590  0.9746  1.4067 27.5311
  5.9897  2.6565  0.9791  1.4985 22.3090
  4.6530  1.2213  0.9745  1.2156  8.5228
  4.3095  4.3406  0.9836  1.5701 40.2938
  5.0861  4.4008  0.9947  0.5723 40.9586
  4.8084  1.5249  0.9835  0.7922 11.2452
  4.3749  1.9970  0.9824  2.0315 15.7162
  5.0450  1.1130  0.9902  2.5252  7.5889
  4.7931  3.0416  0.9980  0.4251 26.2985
  5.3784  1.0748  0.9917  0.6278  7.2650
  5.5302  0.9146  0.9713  0.6455  5.9391
  5.3901  2.7233  0.9810  2.7350 22.9947
  3.5341  3.3098  0.9891  2.2471 29.1262
  5.4069  1.7354  0.9803  1.6804 13.2070
  5.2271  2.9859  0.9678  1.5436 25.7159
  4.0382  0.7871  0.9768  0.6203  4.9270
  5.1692  2.9085  0.9917  2.1889 24.9097
  4.9119  1.3182  0.9849  2.8971  9.3764
  4.6443  3.8679  0.9734  1.9062 35.1186
  6.9184  2.6224  0.4302  1.7731 21.9605
  4.8632  2.0310  0.9869  1.0239 16.0465
  5.1433  2.2598  0.9698  2.5864 18.3022
  5.0410  3.1114  0.9749  0.4584 27.0306
  5.0140  2.7171  0.9751  2.7036 22.9304
  5.2166  1.7090  0.9977  1.4032 12.9586
  4.5436  2.1957  0.9775  1.8630 17.6651
  5.1665  1.1521  0.9677  1.8596  7.9237
  6.9748  2.6721  0.3978  1.8470 22.4688
  6.1933  1.6807  0.9771  0.9325 12.6920
  5.1389  3.3661  0.9809  1.4156 29.7241
  5.4074  3.7560  0.9706  0.4504 33.9064
  5.8662  3.9878  0.9670  0.5254 36.4231
  4.6173  4.1627  0.9709  2.1111 38.3366
  5.8369  4.1815  0.9849  1.2291 38.5428
  5.4923  3.1823  0.9901  0.5962 27.7774
  5.2213  1.6215  0.9745  1.0686 12.1383
  6.7639  2.8536  0.6369  1.9922 24.3399
  4.6479  3.4530  0.9735  2.3983 30.6500
  4.9603  1.9811  0.9858  0.7905 15.5616
  4.6492  1.2632  0.9906  1.0994  8.8902
  5.1600  3.2886  0.9859  2.0869 28.9012
  5.7153  4.4050  0.9710  2.0011 41.0046
  5.1732  4.2923  0.9958  0.9646 39.7616
  4.8559  2.7270  0.9871  0.3349 23.0331
  5.0063  2.8103  0.9675  1.3016 23.8916
  6.4111  2.5616  0.9138  1.1763 21.3401
  5.2185  1.4880  0.9720  1.2714 10.9068
  4.7114  3.1205  0.9719  0.9561 27.1263
  5.5761  0.3793  0.9980  1.6311  2.0291
  5.2089  1.8933  0.9732  1.3899 14.7127
  5.1222  1.3134  0.9894  1.0615  9.3340
  4.1975  2.4756  0.9822  1.5038 20.4671
  5.1637  1.4857  0.9767  1.1062 10.8855
  5.4391  4.2012  0.9826  1.2395 38.7595
  5.9274  2.3028  0.9826  2.2723 18.7309
  6.3974  2.0826  0.9941  1.7272 16.5519
  5.1583  1.8987  0.9682  1.2673 14.7653
  4.0347  1.4345  0.9711  0.5000 10.4202
  5.3769  2.0139  0.9872  0.8360 15.8807
  5.2529  4.0235  0.9926  0.2131 36.8126
  4.9688  3.2019  0.9858  0.2741 27.9839
  5.4177  1.5528  0.9776  1.8663 11.5016
  6.5586  3.1106  0.8009  0.4597 27.0222
  4.8319  2.4034  0.9942  1.1436 19.7395
  5.4147  3.7231  0.9885  1.3791 33.5509
  6.0793  4.2221  0.9980  0.7099 38.9892
  5.1141  4.2610  0.9823  1.0299 39.4171
  5.5806  2.2870  0.9716  1.6372 18.5725
  4.2644  2.5999  0.9973  1.7762 21.7306
  4.5969  2.0422  0.9874  1.1655 16.1563
  5.3789  2.1958  0.9906  1.6420 17.6663
  6.1161  1.9107  0.9685  1.6522 14.8808
  5.0268  1.7196  0.9774  1.8237 13.0583
  4.2422  3.5620  0.9945  1.7881 31.8165
  6.6858  1.5951  0.7794  0.4544 11.8935
  5.3001  4.4497  0.9946  2.9427 41.4999
  5.6654  1.1619  0.9980  0.5619  8.0080
  4.7819  4.3422  0.9840  2.4743 40.3117
  5.1260  1.2310  0.9765  1.0770  8.6080
  4.7409  1.3016  0.9736  1.1777  9.2286
  5.0667  4.1919  0.9980  0.6594 38.6570
  6.3536  3.4941  0.9502  1.8142 31.0892
  3.9802  4.4598  0.9891  2.7134 41.6109
  5.0869  3.1747  0.9867  1.3231 27.6972
  5.7205  4.2864  0.9820  2.8015 39.6965
  5.0881  2.2248  0.9744  0.7794 17.9538
  4.7926  1.2474  0.9782  1.1705  8.7514
  4.7960  3.3928  0.9710  2.1701 30.0080
  5.1832  3.1152  0.9980  2.1508 27.0707
  5.2807  3.3857  0.9853  0.6026 29.9325
  4.9090  3.4820  0.9715  1.1098 30.9606
  5.0131  2.2103  0.9916  0.5571 17.8104
  5.5897  3.2645  0.9913  1.8519 28.6460
  4.4765  2.8371  0.9959  0.9149 24.1690
  5.2608  3.2998  0.9744  1.7939 29.0203
  5.1615  2.1492  0.9751  2.4075 17.2058
  5.1559  2.7163  0.9889  0.3924 22.9227
  4.8293  1.3738  0.9759  0.2701  9.8728
  5.2181  2.5080  0.9677  0.5103 20.7953
  4.0006  2.2606  0.9980  0.2993 18.3097
  4.7842  3.5812  0.9720  1.7548 32.0228
  4.3987  2.7089  0.9961  2.3040 22.8462
  5.0453  2.2416  0.9667  0.7434 18.1209
  3.5978  1.3624  0.9813  1.6296  9.7708
  5.8398  3.3922  0.9980  3.0232 30.0018
  5.6207  3.2023  0.9717  0.8700 27.9885
  5.4434  2.5081  0.9802  2.3721 20.7963
  4.6281  2.5296  0.9730  2.4831 21.0144
  4.8051  4.3579  0.9692  1.8636 40.4847
  5.3899  2.6799  0.9803  0.1551 22.5493
  5.1349  2.7116  0.9729  0.9134 22.8746
  4.9473  1.8406  0.9782  0.1790 14.2079
  3.9342  2.5616  0.9856  0.4603 21.3407
  5.1028  3.6707  0.9980  0.2447 32.9855
  4.9325  1.6667  0.9970  1.0631 12.5608
  5.3342  2.1116  0.9801  0.9981 16.8362
  5.4743  1.4162  0.9948  0.4441 10.2543
  6.2446  1.3777  0.9792  2.1998  9.9076
  6.1178  2.6491  0.9944  2.5775 22.2334
  5.4952  2.0924  0.9765  1.4704 16.6476
  3.7941  0.4260  0.9980  2.5694  2.3298
  4.0791  3.5658  0.9980  1.0675 31.8579
  5.2174  3.8466  0.9967  0.8051 34.8874
  4.5051  1.7232  0.9751  0.4397 13.0918
  5.1835  0.9346  0.9967  0.6761  6.1016
  4.4565  2.4786  0.9821  1.4218 20.4980
  5.8460  3.9954  0.9839  1.6609 36.5070
  5.0757  3.2205  0.9698  0.6912 28.1799
  5.3451  2.5614  0.9966  0.8676 21.3379
  5.3242  3.8487  0.9898  2.3822 34.9109
  5.1730  3.7688  0.9680  1.2640 34.0451
  5.7104  3.5383  0.9745  2.4778 31.5625
  5.1473  4.1523  0.9953  0.9476 38.2228
  6.5813  3.5144  0.9195  2.4048 31.3064
  4.7394  1.1590  0.9699  2.1107  7.9832
  5.1428  0.8196  0.9706  0.4658  5.1812
  5.2507  3.2556  0.9918  1.6915 28.5519
  5.0691  1.6957  0.9906  0.7224 12.8333
  4.9802  1.1424  0.9874  1.8872  7.8404
  4.6471  1.9861  0.9924  2.1476 15.6097
  5.1815  2.8106  0.9809  0.5118 23.8950
  5.8357  2.3011  0.9673  2.2559 18.7137
  4.9806  3.2400  0.9883  0.3233 28.3864
  4.9892  3.2450  0.9832  2.0936 28.4389
  4.6539  2.2521  0.9753  1.4996 18.2253
  5.9447  1.9344  0.9956  2.9452 15.1096
  4.3620  3.6094  0.9897  0.7862 32.3258
  4.8338  3.4294  0.9936  0.9972 30.3978
  5.1504  1.0996  0.9902  0.8595  7.4748
  5.3822  1.9737  0.9980  2.1734 15.4892
  5.8138  3.7506  0.9697  0.7023 33.8482
  4.8589  2.0543  0.9864  1.1702 16.2742
  4.9407  2.4153  0.9980  2.0263 19.8592
  4.3221  1.3639  0.9727  0.5811  9.7843
  4.3203  3.1696  0.9872  1.3729 27.6431
  4.9092  1.5335  0.9691  1.5948 11.3243
  5.4515  0.5359  0.9932  2.7440  3.0717
  5.0099  3.5146  0.9865  0.4792 31.3093
  5.2175  3.3531  0.9980  0.0646 29.5859
  5.3532  3.4357  0.9792  1.6279 30.4653
  4.9011  2.2066  0.9674  0.7220 17.7736
  5.7960  1.4269  0.9980  1.9070 10.3512
  4.8864  2.9754  0.9802  0.3218 25.6060
  4.9820  0.4103  0.9725  2.3582  2.2278
  5.2956  3.9670  0.9848  1.2223 36.1974
  5.4398  4.1652  0.9783  2.8009 38.3644
  5.3584  3.6861  0.9833  1.0591 33.1512
  5.8111  3.3563  0.9979  1.9220 29.6197
  3.9314  1.0886  0.9677  0.5302  7.3819
  5.4623  2.3369  0.9963  2.0049 19.0712
  3.5385  4.1907  0.9845  1.9658 38.6444
  5.1413  2.8111  0.9784  1.1490 23.8998
  4.9100  2.9846  0.9682  0.4771 25.7021
  4.4308  1.6795  0.9925  0.5626 12.6815
  5.1548  2.8872  0.9969  1.6052 24.6881
  6.5156  2.1851  0.8894  1.3404 17.5607
  4.2750  3.2876  0.9929  1.6409 28.8904
  5.0016  2.0191  0.9708  1.3445 15.9306
  5.1294  2.4581  0.9740  1.0143 20.2909
  5.4576  1.1704  0.9725  1.5749  8.0815
  6.1761  2.4684  0.9694  1.2933 20.3948
  5.1283  3.5882  0.9790  2.2058 32.0980
  5.2256  2.5496  0.9894  1.7994 21.2180
  5.0474  3.2263  0.9744  2.8213 28.2415
  5.0441  2.4363  0.9836  2.1463 20.0702
  5.5596  1.8600  0.9881  0.9283 14.3935
  3.6528  3.5002  0.9872  0.2904 31.1553
  5.6789  2.8317  0.9951  1.8748 24.1133
  5.2872  2.9195  0.9747  0.4107 25.0239
  3.8010  3.5308  0.9961  1.3833 31.4822
  5.9685  4.3378  0.9794  0.8591 40.2632
  4.6934  1.1424  0.9744  2.4907  7.8404
  4.7514  1.9845  0.9980  0.0833 15.5949
  5.2582  2.3699  0.9668  0.5520 19.4025
  3.8975  3.1757  0.9881  2.0069 27.7079
  5.2245  3.9916  0.9911  1.1255 36.4652
  4.8878  3.2151  0.9765  1.1619 28.1232
  5.6918  3.4317  0.9855  0.3281 30.4228
  5.8052  4.4348  0.9931  2.6729 41.3349
  5.1668  2.7135  0.9755  0.5234 22.8942
  5.3385  2.7709  0.9979  1.1196 23.4846
  5.3367  3.1985  0.9719  1.2632 27.9477
  4.6088  4.0499  0.9810  0.0802 37.1015
  4.4187  2.7076  0.9870  0.2806 22.8327
  4.4102  3.3230  0.9910  1.4712 29.2661
  4.3912  4.3136  0.9788  0.5160 39.9959
  4.9728  4.1917  0.9839  0.2269 38.6550
  5.3516  1.1831  0.9762  1.6072  8.1910
  5.2713  4.1744  0.9894  1.2238 38.4651
  4.6776  1.1791  0.9949  1.1392  8.1560
  3.8802  2.7353  0.9681  2.6638 23.1184
  4.4558  2.6400  0.9715  0.2868 22.1396
  6.1473  1.7726  0.9875  0.7693 13.5599
  5.2813  3.1582  0.9767  1.2570 27.5233
  4.2702  3.8998  0.9743  1.2367 35.4652
  4.0496  1.5266  0.9669  2.8686 11.2607
  5.6766  2.0352  0.9897  1.0492 16.0883
  5.4036  1.8244  0.9976  0.6860 14.0526
  6.0115  2.4558  0.9744  1.6374 20.2678
  5.0203  0.9905  0.9756  2.0926  6.5600
  5.0009  2.3381  0.9955  2.5608 19.0833
  5.4779  1.0994  0.9785  1.5065  7.4731
  4.7216  1.2547  0.9901  2.3811  8.8149
  4.6372  3.8070  0.9958  2.1767 34.4584
  5.5082  3.7581  0.9700  2.1022 33.9287
  5.6768  3.7528  0.9706  1.3361 33.8721
  5.4670  1.2639  0.9761  2.8524  8.8962
  4.7801  3.6448  0.9763  1.2990 32.7071
  5.6033  1.6741  0.9946  1.5344 12.6307
  4.6559  2.8353  0.9771  2.7200 24.1507
  4.6141  2.9378  0.9894  2.1299 25.2141
  5.4100  3.8517  0.9944  2.0805 34.9432
  5.1016  1.1701  0.9691  1.9687  8.0786
  4.0258  4.3442  0.9714  1.1806 40.3340
  5.7623  3.0380  0.9762  1.1329 26.2607
  4.3637  3.1830  0.9822  0.1421 27.7841
  5.4308  3.2742  0.9917  0.9254 28.7482
  5.2453  4.4618  0.9843  0.9176 41.6333
  5.0945  0.9997  0.9903  1.0504  6.6359
  5.8689  1.6619  0.9964  1.8213 12.5159
  5.0247  2.9941  0.9754  1.0809 25.8012
  5.5263  3.1064  0.9714  2.7210 26.9783
  3.8137  3.4527  0.9843  1.1226 30.6473
  5.2539  1.8564  0.9848  0.9813 14.3590
  5.2729  2.5149  0.9790  0.8320 20.8660
  4.7314  1.2456  0.9681  0.9837  8.7356
  5.0784  1.7880  0.9758  0.1341 13.7059
  5.3824  2.0018  0.9957  1.1377 15.7625
  5.6146  0.6670  0.9928  1.5776  4.0151
  5.4695  2.8737  0.9749  0.4309 24.5478
  4.5571  3.6967  0.9980  1.8092 33.2663
  5.4693  3.6581  0.9875  1.0447 32.8502
  5.0700  2.8374  0.9670  2.4569 24.1724
  5.7825  1.8233  0.9792  1.5206 14.0425
  4.6489  3.8841  0.9755  1.3989 35.2947
  3.9992  3.9749  0.9980  1.4044 36.2826
  4.8182  2.2285  0.9968  0.4391 17.9905
  4.3205  2.5579  0.9814  1.5595 21.3023
  5.5365  2.1590  0.9885  2.0955 17.3027
  5.7077  1.6637  0.9753  2.2494 12.5326
  5.1162  0.8547  0.9776  1.7017  5.4585
  4.9522  3.2756  0.9709  0.9543 28.7631
  5.6160  3.1203  0.9808  2.0781 27.1247
  5.5466  1.5820  0.9798  0.4929 11.7715
  4.0811  1.2755  0.9956  0.4595  8.9982
  4.7405  3.6518  0.9900  1.8972 32.7825
  4.4323  3.6665  0.9978  2.0892 32.9407
  5.1431  1.9756  0.9728  1.0642 15.5077
  5.4078  3.4522  0.9953  1.2787 30.6413
  5.0429  2.8766  0.9803  2.0683 24.5788
  3.5502  1.0614  0.9871  1.0257  7.1517
  4.5352  4.4276  0.9980  0.2607 41.2547
  5.4126  1.5452  0.9713  0.6678 11.4320
  4.3408  3.6902  0.9859  1.8599 33.1963
  4.7122  0.8701  0.9940  0.7228  5.5813
  5.8623  0.9942  0.9793  1.6738  6.5905
  4.6076  3.2971  0.9746  1.1057 28.9907
  4.5324  2.4087  0.9966  1.7095 19.7922
  4.8439  1.7854  0.9763  2.3389 13.6817
  5.1956  2.9312  0.9980  2.5538 25.1457
  4.8183  1.6754  0.9980  1.3176 12.6423
  4.0576  2.0984  0.9848  2.0789 16.7061
  5.3922  3.1239  0.9903  1.3248 27.1619
  4.7632  3.5233  0.9852  0.7309 31.4021
  5.0533  3.6660  0.9727  0.8052 32.9355
  5.1460  2.1602  0.9902  1.4347 17.3149
  5.6663  3.0431  0.9899  0.3749 26.3141
  5.1750  2.7098  0.9891  0.9855 22.8555
  5.6107  2.9434  0.9764  2.8681 25.2730
  5.1135  1.4130  0.9724  2.0207 10.2256
  5.4658  2.5073  0.9829  1.6408 20.7881
  3.7262  4.4182  0.9679  0.6699 41.1512
  6.0172  2.0548  0.9714  2.2356 16.2796
  5.2760  2.5403  0.9696  1.6502 21.1236
  4.2356  2.9119  0.9862  0.7460 24.9452
  5.8430  3.3418  0.9689  0.7529 29.4659
  5.1320  1.2939  0.9676  1.5202  9.1607
  5.1305  2.0070  0.9723  1.3935 15.8130
  6.0441  1.5023  0.9838  1.0062 11.0373
  5.0595  2.9479  0.9964  1.0321 25.3193
  5.2727  0.3711  0.9744  1.4585  1.9780
  5.0128  1.4957  0.9878  1.1876 10.9769
  5.2391  3.9742  0.9771  0.2993 36.2748
  4.2392  3.4355  0.9679  1.7919 30.4633
  5.1491  3.5920  0.9825  1.7213 32.1385
  4.1976  3.2525  0.9770  1.4872 28.5182
  5.2859  2.0004  0.9782  1.3034 15.7487
  5.0262  1.0665  0.9681  1.6343  7.1945
  6.1253  2.6525  0.9759  0.7632 22.2682
  5.2335  3.8831  0.9980  0.7413 35.2836
  5.1016  1.4753  0.9948  2.2068 10.7905
  5.2718  2.7726  0.9919  1.7116 23.5026
  4.6685  2.2437  0.9731  1.4899 18.1422
  5.3480  1.5799  0.9694  1.5327 11.7522
  4.4651  1.1985  0.9824  1.9035  8.3248
  5.0141  3.8761  0.9786  0.7123 35.2078
  3.8807  1.9042  0.9748  0.6664 14.8178
  5.6036  3.9013  0.9886  1.3343 35.4818
  5.3535  2.0442  0.9924  1.8819 16.1755
  4.1137  2.7574  0.9767  0.9663 23.3453
  4.9811  2.6493  0.9956  0.9816 22.2348
  5.1000  3.0325  0.9904  0.5784 26.2028
  6.1111  3.2934  0.9954  2.6931 28.9519
  4.2502  1.6400  0.9687  1.0955 12.3117
  5.1244  0.6986  0.9885  0.7519  4.2511
  3.8234  3.2017  0.9677  1.0578 27.9823
  3.9320  1.0180  0.9872  0.9162  6.7879
  5.1259  1.9377  0.9941  0.8219 15.1416
  4.1394  1.7543  0.9847  0.8255 13.3865
  5.1360  1.4367  0.9742  0.8198 10.4398
  5.1917  4.1193  0.9855  0.5890 37.8605
  5.6385  1.0398  0.9725  0.4455  6.9707
  5.0247  1.8069  0.9872  1.8153 13.8860
  5.1731  3.1356  0.9688  2.1079 27.2849
  3.5620  3.2824  0.9949  0.6141 28.8348
  4.4453  4.3302  0.9980  1.7544 40.1791
  5.5960  2.2002  0.9753  0.4702 17.7105
  5.2258  1.5287  0.9770  1.1484 11.2797
  4.7410  2.5054  0.9927  1.4153 20.7692
  5.0270  0.8402  0.9778  2.5070  5.3436
  5.4374  1.2161  0.9972  1.0021  8.4773
  5.1599  1.5553  0.9735  1.3473 11.5254
  4.9185  1.5007  0.9673  1.8365 11.0232
  3.5152  3.8221  0.9943  1.4485 34.6225
  5.5552  3.6424  0.9727  1.7071 32.6807
  4.0048  1.9863  0.9969  1.1995 15.6124
  5.9235  3.3506  0.9707  1.3419 29.5597
  5.8226  3.6802  0.9763  0.2310 33.0880
  5.3317  2.1312  0.9682  0.2352 17.0288
  4.3304  1.1683  0.9901  1.7929  8.0634
  5.5966  2.5993  0.9953  0.9374 21.7244
  5.3874  3.2959  0.9913  1.8242 28.9780
  4.6111  2.4388  0.9943  0.4076 20.0959
  4.8806  2.1163  0.9886  1.0764 16.8825
  5.1644  1.4486  0.9678  1.5313 10.5479
  4.9845  1.6720  0.9794  1.3188 12.6104
  4.1402  2.1364  0.9885  0.6302 17.0801
  4.7758  1.3153  0.9907  2.4141  9.3506
  5.0006  3.3505  0.9974  1.9491 29.5579
  5.2385  1.6562  0.9746  1.0261 12.4626
  5.0491  3.6208  0.9980  1.7387 32.4490
  4.5741  2.9023  0.9810  0.9689 24.8449
  5.0595  3.9928  0.9732  1.9585 36.4786
  5.7980  3.5020  0.9792  1.2612 31.1737
  5.1823  1.6047  0.9816  0.0564 11.9822
  5.1950  1.9512  0.9698  0.2652 15.2713
  6.2943  1.2580  0.9835  1.3188  8.8445
  5.2829  0.9533  0.9874  1.3090  6.2537
  5.8125  4.2520  0.9770  1.2635 39.3182
  4.6464  1.9267  0.9960  0.3838 15.0354
  4.3671  2.7846  0.9863  2.0502 23.6258
  5.5067  3.2260  0.9837  1.1823 28.2379
  4.4541  1.4306  0.9700  0.8378 10.3851
  5.3558  2.1791  0.9700  1.4846 17.5013
  5.0822  3.5735  0.9957  1.9182 31.9403
  5.7403  2.3613  0.9668  0.5572 19.3165
  4.9872  2.1199  0.9918  0.5473 16.9179
  5.0962  3.7587  0.9938  0.9965 33.9352
  6.5176  3.3412  0.7401  2.7898 29.4598
  4.7180  1.9937  0.9682  0.9721 15.6837
  4.6733  0.5074  0.9893  0.6297  2.8749
  5.1265  1.7413  0.9784  1.2868 13.2629
  5.2424  2.7148  0.9791  0.3603 22.9069
  4.9304  3.1198  0.9942  0.5209 27.1189
  5.8735  1.5832  0.9721  0.2232 11.7828
  5.1959  3.6338  0.9966  1.2987 32.5884
  5.7223  3.4042  0.9849  1.3165 30.1299
  4.2256  2.7817  0.9819  0.0654 23.5963
  5.1739  4.1818  0.9930  0.4890 38.5457
  6.1090  3.1976  0.9693  1.8501 27.9387
  4.9038  3.0561  0.9851  0.4207 26.4502
  5.0120  2.5041  0.9840  1.6529 20.7563
  4.8071  2.1310  0.9770  1.0257 17.0269
  4.1341  2.8062  0.9972  1.1579 23.8493
  4.7059  0.7304  0.9746  2.6015  4.4914
  4.6879  4.3960  0.9860  2.1066 40.9059
  5.9137  0.6787  0.9711  1.6256  4.1025
  4.9694  1.0295  0.9828  0.4190  6.8842
  4.1492  3.1754  0.9783  1.6250 27.7048
  6.8973  3.4981  0.5227  1.5935 31.1318
  5.4685  3.1403  0.9739  1.2638 27.3349
  5.1385  1.8995  0.9924  1.0815 14.7723
  5.1005  2.7594  0.9891  0.4646 23.3658
  5.2023  3.4850  0.9707  2.7514 30.9925
  5.4538  0.2309  0.9885  1.3933  1.1419
  5.0323  2.7289  0.9770  1.3619 23.0523
  3.5188  3.2606  0.9919  0.1974 28.6048
  5.4694  2.5473  0.9942  1.3706 21.1949
  5.7040  4.2174  0.9672  0.9216 38.9372
  5.8076  2.1859  0.9755  1.0598 17.5690
  4.9888  3.3058  0.9961  1.4864 29.0830
  4.6103  1.7586  0.9690  0.8360 13.4268
  5.2701  2.7206  0.9726  2.2089 22.9672
  5.1463  0.6506  0.9812  1.3200  3.8943
  5.0466  2.7151  0.9735  2.7952 22.9098
  4.9792  3.4103  0.9792  2.5028 30.1951
  4.2031  3.7023  0.9695  1.6648 33.3269
  5.1622  2.1178  0.9899  1.8361 16.8974
  4.9996  2.2602  0.9950  1.4526 18.3059
  4.8484  0.7906  0.9955  0.8651  4.9542
  5.7481  2.5087  0.9923  1.9707 20.8029
  4.8989  3.5227  0.9841  1.9539 31.3961
  5.6770  3.0725  0.9935  1.4836 26.6226
  5.4825  2.9060  0.9917  0.4777 24.8839
  4.9347  1.7344  0.9680  1.2913 13.1976
  6.0549  4.2645  0.9684  0.5108 39.4550
  5.7531  1.0152  0.9980  0.5948  6.7654
  4.9607  2.0158  0.9775  1.3988 15.8985
  5.4203  2.3332  0.9866  1.9327 19.0342
  5.0668  0.9407  0.9792  1.2650  6.1509
  5.1886  1.5104  0.9883  1.3981 11.1120
  3.6134  3.1588  0.9708  1.1308 27.5293
  4.7219  2.6856  0.9675  1.8761 22.6072
  4.6526  1.7940  0.9865  0.8757 13.7627
  4.5515  4.3759  0.9980  2.9950 40.6830
  5.7268  1.9470  0.9848  0.5982 15.2308
  3.7329  2.6172  0.9829  0.2924 21.9071
  4.8496  1.5153  0.9980  2.7076 11.1566
  4.9292  1.5098  0.9872  0.5519 11.1068
  4.8663  3.1351  0.9738  0.0234 27.2794
  3.9025  3.9263  0.9775  3.0085 35.7536
  4.1019  1.8986  0.9874  1.8105 14.7639
  5.4848  2.4595  0.9693  1.1982 20.3045
  5.8738  1.9340  0.9764  1.3554 15.1056
  4.9269  1.1875  0.9763  1.9578  8.2288
  5.1937  1.4839  0.9969  1.7301 10.8691
  5.2141  2.9250  0.9810  0.5005 25.0816
  4.8844  3.0294  0.9784  1.3418 26.1707
  5.2622  1.9328  0.9900  2.3371 15.0936
  5.6298  2.8266  0.9911  2.2758 24.0600
  3.7918  1.6500  0.9700  1.6421 12.4046
  5.2691  1.2170  0.9771  1.1606  8.4851
  5.5533  2.2831  0.9742  2.1056 18.5342
  5.1784  2.7292  0.9700  1.4052 23.0557
  4.6807  2.1797  0.9930  0.0789 17.5071
  4.4874  2.7990  0.9844  0.1866 23.7753
  4.0657  2.6446  0.9798  3.0125 22.1872
  4.7630  1.7160  0.9683  0.6176 13.0241
  4.6756  0.6563  0.9956  2.3788  3.9362
  5.3798  2.5076  0.9801  0.3005 20.7915
  5.0597  2.3308  0.9725  0.9694 19.0100
  5.8135  3.1811  0.9745  0.2378 27.7648
  5.3769  3.2766  0.9980  1.4455 28.7735
  3.9526  1.1606  0.9728  0.8415  7.9965
  4.4987  2.3880  0.9668  1.7352 19.5841
  5.0836  3.3960  0.9766  2.1417 30.0421
  4.7710  4.1262  0.9980  0.9744 37.9363
  6.3302  1.5670  0.9857  2.5293 11.6326
  4.8937  0.7870  0.9980  0.2942  4.9268
  6.2816  3.8589  0.9701  0.4991 35.0216
  5.4825  3.0586  0.9845  0.8479 26.4765
  4.1927  1.3367  0.9892  0.2532  9.5409
  4.0522  2.8989  0.9830  1.1180 24.8095
  5.4605  1.4258  0.9845  1.6421 10.3408
  5.3580  4.3332  0.9818  0.7671 40.2121
  5.2400  1.6106  0.9922  1.2829 12.0375
  3.6358  0.8817  0.9694  1.5745  5.6739
  5.6600  4.1615  0.9687  0.6208 38.3233
  4.4927  4.3497  0.9757  1.5638 40.3941
  5.7282  2.3746  0.9866  1.1378 19.4497
  5.9807  3.8813  0.9817  1.8029 35.2649
  5.5318  3.1137  0.9924  2.6931 27.0549
  5.1824  2.2099  0.9816  1.0206 17.8066
  5.1631  1.5696  0.9971  1.2402 11.6574
  5.0152  2.5939  0.9909  1.9548 21.6697
  5.1987  2.2398  0.9904  0.4708 18.1032
  5.3182  2.3827  0.9980  1.0834 19.5305
  5.4822  1.5155  0.9863  0.3992 11.1584
  4.9748  1.2304  0.9812  0.2649  8.6027
  5.2035  2.1104  0.9980  0.2104 16.8244
  4.7532  2.4462  0.9782  1.8375 20.1709
  3.8842  3.9716  0.9927  0.8939 36.2469
  5.0748  1.0422  0.9752  1.8218  6.9907
  5.3165  1.7129  0.9718  0.6372 12.9955
  4.4360  0.7628  0.9837  1.1399  4.7392
  5.5768  1.0784  0.9914  0.6153  7.2955
  4.8599  4.2917  0.9828  0.1859 39.7551
  6.9776  2.3011  0.6966  1.4486 18.7133
  5.6760  0.4750  0.9858  2.3123  2.6551
  4.3764  2.3780  0.9845  0.9511 19.4834
  4.5734  1.3252  0.9918  2.3584  9.4382
  5.2679  1.8215  0.9920  2.2513 14.0254
  5.0118  3.9561  0.9824  1.8098 36.0783
  5.5973  2.2396  0.9917  0.2567 18.1010
  5.2613  2.3287  0.9980  2.7701 18.9893
  5.0749  1.8313  0.9806  2.6151 14.1184
  3.9800  1.2000  0.9892  1.1913  8.3378
  5.1009  3.3357  0.9799  1.2702 29.4006
  4.4062  0.6476  0.9740  1.8558  3.8723
  5.1804  2.2458  0.9726  1.0112 18.1628
  4.3441  3.2607  0.9937  1.2652 28.6055
  6.9792  2.8716  0.3595  1.1549 24.5267
  4.6546  2.8433  0.9672  0.6897 24.2327
  5.7166  2.5020  0.9805  0.4188 20.7350
  5.2659  2.4022  0.9980  0.2015 19.7265
  5.2804  2.1384  0.9674  0.2968 17.0997
  4.5927  4.3494  0.9755  0.9442 40.3910
  4.4362  1.7481  0.9740  2.0435 13.3276
  5.0985  3.9908  0.9930  2.0986 36.4567
  4.1466  3.3770  0.9921  1.6408 29.8396
  4.1921  0.8252  0.9768  1.7888  5.2253
  3.7296  2.9673  0.9947  0.6445 25.5216
  4.2073  4.1692  0.9842  1.6316 38.4085
  4.3402  3.3755  0.9799  1.3414 29.8238
  5.0278  3.3724  0.9863  0.1168 29.7906
  4.7829  1.1908  0.9579  0.6135  8.2578
  5.5309  3.3959  0.9815  0.3900 30.0415
  4.4720  1.3814  0.9882  1.5384  9.9405
  4.6027  2.2562  0.9754  2.1435 18.2656
  5.5912  0.8227  0.9708  1.9370  5.2059
  4.4276  2.8473  0.9873  1.7388 24.2749
  5.4518  3.5102  0.9696  2.4879 31.2617
  5.2765  2.6741  0.9754  2.2885 22.4891
  5.2815  0.8081  0.9766  0.6139  5.0909
  5.1219  4.4433  0.9915  1.7185 41.4287
  4.2363  3.7474  0.9771  0.8666 33.8136
  4.1327  2.0586  0.9835  1.2216 16.3170
  5.6175  2.5145  0.9771  1.0814 20.8618
  4.4852  2.1983  0.9832  0.4816 17.6914
  4.4500  3.2347  0.9677  1.2203 28.3300
  5.0265  2.9460  0.9674  0.4085 25.3002
  5.0527  1.9599  0.9969  2.2746 15.3560
  5.3601  4.0011  0.9980  1.0255 36.5686
  4.8087  3.1885  0.9716  1.8389 27.8423
  3.7944  2.7079  0.9871  1.5009 22.8362
  5.2813  1.4803  0.9730  1.3880 10.8362
  5.4668  1.5470  0.9684  1.9887 11.4489
  5.2352  1.5971  0.9833  0.4595 11.9122
  5.0705  0.8263  0.9675  0.8037  5.2338
  4.0600  1.1240  0.9734  1.1605  7.6824
  6.3653  3.8905  0.9754  1.1307 35.3642
  4.5773  0.9113  0.9951  0.8736  5.9126
  4.8265  2.2064  0.9946  1.5763 17.7711
  5.7157  2.6411  0.9881  1.3713 22.1518
  4.9663  2.1534  0.9699  1.1726 17.2481
  5.0271  3.6331  0.9786  1.5277 32.5809
  4.5519  2.9139  0.9743  1.9248 24.9663
  5.0473  2.4774  0.9911  1.7778 20.4854
  5.0327  3.9244  0.9777  1.6778 35.7328
  4.3019  1.9239  0.9875  1.1788 15.0080
  4.1018  2.1620  0.9806  1.2545 17.3322
  4.7848  2.2123  0.9929  1.2149 17.8303
  4.1406  3.0466  0.9942  0.6179 26.3512
  4.5830  3.4077  0.9724  1.5941 30.1669
  5.1427  0.7672  0.9919  1.9968  4.7729
  5.1607  0.7756  0.9680  2.2597  4.8385
  5.0316  3.7347  0.9767  1.4357 33.6765
  5.2540  2.4697  0.9758  0.7388 20.4082
  5.1802  1.9483  0.9798  1.0664 15.2439
  5.3101  3.9341  0.9839  1.8908 35.8386
  5.5254  2.9069  0.9751  1.0275 24.8935
  4.5088  1.8042  0.9965  1.8030 13.8606
  5.3293  1.3079  0.9954  1.8579  9.2848
  4.8513  1.9632  0.9980  1.6185 15.3883
  4.9332  3.2700  0.9940  2.3165 28.7036
  5.2078  2.0054  0.9726  1.4944 15.7972
  4.6462  4.1393  0.9911  2.1071 38.0797
  5.4281  2.8770  0.9943  1.7686 24.5825
  4.4597  1.9342  0.9936  1.2346 15.1073
  4.7983  1.8857  0.9978  0.9742 14.6403
