  6.2584  1.9507  0.9946  0.6179 15.2671
  6.9238  3.6110  0.6058  1.0332 32.3432
  6.2670  1.2366  0.9717  0.8853  8.6562
  6.6594  1.9283  0.9980  1.4017 15.0499
  5.7694  1.3978  0.9777  0.8752 10.0889
  6.3017  3.6425  0.9972  0.2692 32.6819
  6.0225  2.0658  0.9744  1.5656 16.3870
  6.1524  2.0532  0.9767  2.1934 16.2634
  5.6520  1.0879  0.9780  2.0392  7.3758
  5.6362  4.2830  0.9958  2.6011 39.6591
  5.5222  2.7412  0.9710  1.9678 23.1791
  6.8264  3.0861  0.8951  0.6053 26.7654
  6.7912  1.3230  0.6670  1.4698  9.4191
  6.6232  1.0863  0.9139  1.9334  7.3616
  5.6206  2.8885  0.9845  1.1680 24.7023
  6.4876  3.2488  0.8478  1.0694 28.4800
  6.7046  1.5141  0.5722  1.7127 11.1455
  5.9280  3.3651  0.9859  1.7673 29.7130
  6.2375  2.4751  0.9971  1.0046 20.4625
  6.7928  2.6610  0.7100  2.2669 22.3551
  6.0648  2.1968  0.9709  0.1371 17.6761
  4.9174  1.3897  0.9822  0.2272 10.0153
  6.0344  2.2004  0.9745  0.9579 17.7122
  5.4832  2.4926  0.9961  1.1162 20.6394
  5.9969  3.9263  0.9978  0.9765 35.7531
  6.3465  1.6030  0.9931  1.5917 11.9666
  5.7592  3.5215  0.9783  2.6466 31.3827
  6.5484  3.3176  0.8103  0.7275 29.2089
  4.9968  1.9813  0.9905  0.5373 15.5636
  6.4926  0.9467  0.9259  1.2497  6.2003
  5.7801  1.4066  0.9827  1.4649 10.1679
  6.9255  2.6680  0.3745  0.5735 22.4273
  6.5539  1.7816  0.8092  0.1996 13.6451
  6.4038  0.9139  0.9079  2.3925  5.9336
  6.6677  3.5633  0.6678  2.3185 31.8313
  5.3455  3.9427  0.9840  0.4219 35.9326
  6.9614  1.9253  0.6216  1.2001 15.0216
  6.7448  2.4162  0.7195  1.9301 19.8678
  4.5235  1.7991  0.9913  1.8039 13.8118
  5.2982  1.3575  0.9716  2.5527  9.7269
  6.2963  2.5906  0.9828  0.2391 21.6351
  6.7079  1.9231  0.9838  2.9332 15.0002
  5.4042  2.3246  0.9852  1.1112 18.9482
  5.9778  3.1438  0.9724  1.1647 27.3714
  4.7358  1.6245  0.9725  2.0378 12.1670
  4.7054  3.3073  0.9709  1.8328 29.0991
  5.2273  4.2759  0.9811  2.5679 39.5803
  5.2881  2.6617  0.9950  0.8555 22.3622
  5.3494  2.1227  0.9853  1.2271 16.9455
  6.7172  2.6259  0.5306  2.5204 21.9957
  5.9981  0.8290  0.9940  2.7952  5.2554
  5.5049  2.1682  0.9887  0.2823 17.3932
  5.1829  3.7610  0.9699  1.1789 33.9600
  5.2195  2.7460  0.9980  2.3783 23.2285
  6.3830  1.5136  0.9805  1.0297 11.1410
  5.6419  0.9697  0.9975  0.5282  6.3883
  6.2743  2.7472  0.9960  2.1892 23.2400
  5.4798  1.1495  0.9737  0.6651  7.9016
  6.8698  1.9687  0.9780  0.7238 15.4412
  6.1798  2.0871  0.9696  1.4721 16.5956
  6.2340  1.4735  0.9710  1.5666 10.7749
  6.0141  1.4723  0.9738  1.4203 10.7636
  6.3138  1.2975  0.9721  1.1523  9.1922
  4.7938  0.9084  0.9681  1.7062  5.8885
  5.6495  1.6692  0.9945  0.8548 12.5846
  6.4189  1.4999  0.9479  0.2694 11.0153
  5.1884  4.0911  0.9745  0.8340 37.5523
  6.7086  0.7070  0.6245  2.1039  4.3145
  5.1458  2.9237  0.9828  2.2392 25.0678
  6.1566  0.5947  0.9980  0.6262  3.4880
  6.0578  4.3629  0.9695  1.6116 40.5399
  5.5645  2.4269  0.9794  2.1709 19.9755
  6.2862  4.0269  0.9946  0.7350 36.8501
  5.3960  4.0965  0.9958  0.1439 37.6107
  6.1164  3.6407  0.9786  1.5264 32.6628
  4.7976  2.5702  0.9932  1.0633 21.4281
  5.9656  2.6651  0.9749  0.4471 22.3972
  6.8836  1.9475  0.8057  2.6429 15.2357
  6.3183  1.0678  0.9714  0.7900  7.2060
  6.4867  2.3273  0.9631  1.3152 18.9756
  6.0567  1.2272  0.9857  2.3448  8.5742
  6.4470  3.8021  0.9350  1.1822 34.4054
  5.1294  2.2687  0.9889  0.1773 18.3905
  5.1878  1.8640  0.9783  0.5203 14.4320
  4.1054  1.3540  0.9763  0.1257  9.6952
  5.6791  3.4320  0.9862  0.7795 30.4257
  6.2793  1.5536  0.9960  1.5434 11.5095
  6.4611  1.5543  0.8999  1.2581 11.5160
  5.1309  2.7891  0.9697  0.6096 23.6725
  5.4232  1.6417  0.9831  1.0574 12.3268
  5.2991  2.0214  0.9858  1.1602 15.9534
  5.0224  2.1808  0.9795  0.2325 17.5185
  6.1684  2.2647  0.9900  1.4379 18.3507
  5.5592  2.8185  0.9924  1.0436 23.9766
  6.8102  2.2472  0.4938  0.5013 18.1768
  3.7854  4.4878  0.9852  1.4938 41.9219
  6.4055  2.2419  0.9745  0.8349 18.1233
  5.4835  0.7442  0.9966  1.6852  4.5963
  6.2039  2.7985  0.9909  0.8349 23.7696
  4.9863  2.1800  0.9915  2.2692 17.5102
  5.1757  3.4622  0.9913  2.0002 30.7489
  6.6100  0.8022  0.9728  0.6718  5.0452
  6.4088  2.0809  0.9853  0.2858 16.5350
  6.7990  2.9157  0.9953  1.7176 24.9843
  5.1966  3.8180  0.9704  2.3319 34.5771
  5.2148  3.0313  0.9848  0.5661 26.1901
  6.0842  2.8674  0.9872  1.1835 24.4829
  4.2924  1.2016  0.9754  1.5963  8.3514
  6.6227  2.4005  0.6659  1.4149 19.7102
  6.8184  0.8274  0.5565  0.9347  5.2426
  5.1054  3.0266  0.9799  0.8666 26.1409
  5.9359  3.9453  0.9750  1.6856 35.9610
  6.0810  0.3486  0.9763  2.6036  1.8372
  5.6083  3.0952  0.9866  0.5433 26.8610
  4.7504  2.7745  0.9789  0.7631 23.5217
  5.0687  1.0349  0.9857  2.6111  6.9294
  6.8052  2.7703  0.7630  2.0204 23.4785
  6.4013  2.4562  0.9954  0.7106 20.2711
  6.7149  2.6004  0.7362  1.4648 21.7359
  5.7497  3.0850  0.9943  0.1760 26.7534
  6.2559  1.2072  0.9673  0.9808  8.3999
  6.4390  2.1117  0.9130  1.1087 16.8373
  6.4589  3.3179  0.9849  1.1613 29.2119
  5.2008  3.0108  0.9887  0.6295 25.9765
  5.1842  1.8404  0.9864  2.9879 14.2057
  4.3051  4.1082  0.9682  2.4980 37.7390
  5.0225  3.7948  0.9861  1.9890 34.3268
  5.3098  3.6644  0.9872  0.9307 32.9180
  6.1434  2.0183  0.9964  0.6618 15.9229
  5.9300  1.3653  0.9865  0.7161  9.7965
  5.7116  1.8072  0.9795  0.6721 13.8883
  5.5010  3.4627  0.9841  1.4577 30.7539
  6.2482  0.2411  0.9909  0.6161  1.1997
  6.0221  2.8494  0.9824  0.4595 24.2965
  6.1031  1.4002  0.9765  1.2185 10.1101
  5.9526  3.4091  0.9702  0.1571 30.1820
  6.7634  2.8340  0.9575  2.1516 24.1367
  5.2367  2.5152  0.9788  0.5661 20.8691
  5.0219  3.8381  0.9736  1.5531 34.7960
  5.7079  3.3616  0.9980  0.5071 29.6760
  6.3861  2.7784  0.9795  2.1273 23.5617
  5.9931  1.7937  0.9970  0.4276 13.7606
  5.9509  2.8786  0.9685  1.2935 24.5986
  6.5054  2.5867  0.8619  1.8712 21.5963
  6.2545  2.1685  0.9763  2.3873 17.3963
  5.3351  0.7752  0.9915  0.5006  4.8350
  5.5693  2.6567  0.9980  1.0458 22.3112
  5.5001  4.1932  0.9816  1.8902 38.6709
  5.5578  1.5167  0.9808  0.1636 11.1700
  6.1874  3.9987  0.9667  1.8428 36.5423
  6.7776  1.3302  0.6452  2.6398  9.4832
  5.2681  3.3590  0.9699  1.0884 29.6485
  6.4552  0.4634  0.9368  1.0000  2.5768
  6.1771  2.8363  0.9944  2.3944 24.1601
  6.2280  2.7768  0.9886  1.0155 23.5456
