  5.1596  3.8081  0.0000  2.1530 34.4706
  4.1510  0.8126  0.0000  0.4703  5.1260
  5.7577  3.4365  0.0000  0.7132 30.4741
  5.0229  4.0019  0.0000  1.8366 36.5775
  5.9480  3.7603  0.0000  2.9346 33.9526
  5.2722  1.5556  0.0000  2.5624 11.5279
  5.7663  2.4968  0.0000  1.7828 20.6824
  5.3349  0.5209  0.0000  2.1459  2.9679
  6.1440  0.8642  0.0000  0.4500  5.5339
  5.7848  1.0718  0.0000  1.7174  7.2393
  5.0339  1.9132  0.0000  1.6471 14.9044
  5.2321  3.0526  0.0000  0.9556 26.4140
  5.4338  2.1402  0.0000  1.8330 17.1173
  5.6454  1.6447  0.0000  1.1537 12.3556
  4.6734  2.6985  0.0000  1.1129 22.7399
  5.9648  2.5003  0.0000  0.6495 20.7174
  3.5571  1.0556  0.0000  2.4551  7.1033
  3.8425  3.9017  0.0000  0.6192 35.4857
  5.1419  3.8929  0.0000  2.1998 35.3905
  4.7903  2.8788  0.0000  1.1668 24.6016
  5.4249  2.8586  0.0000  1.0501 24.3917
  5.8799  0.6814  0.0000  0.9121  4.1225
  3.6597  3.6721  0.0000  1.3481 33.0003
  6.0134  2.1235  0.0000  1.4375 16.9533
  4.6054  0.4982  0.0000  0.6880  2.8121
  4.8623  4.2984  0.0000  1.5079 39.8280
  5.8251  2.8081  0.0000  1.9832 23.8691
  5.5456  2.1526  0.0000  2.6534 17.2393
  5.5149  2.3225  0.0000  1.0427 18.9271
  4.5280  2.3346  0.0000  1.2735 19.0488
  5.0403  3.3530  0.0000  1.4676 29.5850
  5.6322  0.9081  0.0000  1.9688  5.8863
  4.6269  1.0047  0.0000  1.8690  6.6780
  5.0688  3.1588  0.0000  1.0251 27.5298
  4.6488  1.7671  0.0000  0.7622 13.5075
  5.1883  1.7647  0.0000  0.9356 13.4850
  5.1608  2.6507  0.0000  1.0004 22.2495
  4.3438  2.8832  0.0000  0.1854 24.6468
  5.3818  3.1873  0.0000  1.8683 27.8294
  6.0366  2.4910  0.0000  1.0839 20.6238
  4.8452  2.1657  0.0000  2.2603 17.3687
  5.1670  2.0900  0.0000  1.8363 16.6245
  5.4440  1.8988  0.0000  2.1333 14.7660
  5.0789  1.2010  0.0000  1.6110  8.3462
  5.5150  4.3750  0.0000  2.6560 40.6736
  4.9304  0.5750  0.0000  2.1242  3.3474
  5.5781  1.3813  0.0000  1.7589  9.9404
  5.5897  2.8234  0.0000  1.3298 24.0274
  5.4494  0.4978  0.0000  1.8399  2.8090
  4.8387  2.5695  0.0000  2.4665 21.4207
  4.6742  4.0873  0.0000  2.1689 37.5100
  5.6802  1.6760  0.0000  1.1644 12.6481
  5.5472  1.9189  0.0000  2.1075 14.9597
  4.5026  1.6872  0.0000  2.0369 12.7530
  3.9605  1.3914  0.0000  2.8000 10.0305
  5.1251  2.5109  0.0000  2.7378 20.8251
  4.3034  2.5832  0.0000  0.9624 21.5603
  5.0831  1.8666  0.0000  2.6054 14.4571
  5.6116  4.0098  0.0000  1.7198 36.6637
  3.6141  2.6617  0.0000  0.8794 22.3626
  4.8407  3.9593  0.0000  0.5422 36.1129
  6.1991  2.7835  0.0000  1.6871 23.6151
  4.9227  3.4966  0.0000  2.2069 31.1161
  3.7114  4.4477  0.0000  0.8442 41.4772
  5.8867  1.1004  0.0000  2.0213  7.4820
  4.5665  3.9236  0.0000  2.1850 35.7240
  4.7019  4.2255  0.0000  1.5876 39.0258
  4.0205  2.7654  0.0000  0.1916 23.4281
  4.8256  2.5360  0.0000  1.9847 21.0800
  6.0735  1.3479  0.0000  1.8935  9.6412
  5.9612  3.2314  0.0000  0.0206 28.2959
  4.4758  2.4793  0.0000  1.2466 20.5053
  5.6265  1.4036  0.0000  0.7180 10.1407
  5.5909  2.9965  0.0000  2.3651 25.8269
  4.3109  3.8022  0.0000  2.1937 34.4066
  4.2118  3.4543  0.0000  0.5303 30.6640
  5.3296  4.4194  0.0000  1.2256 41.1639
  3.7496  2.3638  0.0000  1.6060 19.3414
  5.3185  1.4696  0.0000  2.7164 10.7386
  5.6150  3.2337  0.0000  2.2784 28.3203
  5.2831  1.9387  0.0000  2.0315 15.1507
  6.6514  2.2951  0.0000  1.3780 18.6541
  5.3514  1.1578  0.0000  1.8014  7.9730
  5.2299  3.0358  0.0000  1.1757 26.2379
  4.4457  3.7590  0.0000  1.1263 33.9389
  4.9975  4.0565  0.0000  2.5655 37.1738
  5.2047  1.8910  0.0000  2.1445 14.6914
  5.3727  2.4648  0.0000  1.6367 20.3584
  6.0254  2.6983  0.0000  0.1168 22.7373
  5.5559  2.5630  0.0000  2.4145 21.3545
  5.0529  3.3781  0.0000  1.9123 29.8513
  6.2007  2.0430  0.0000  1.5736 16.1637
  5.2336  3.1764  0.0000  0.9309 27.7151
  4.9619  2.6693  0.0000  1.3748 22.4406
  4.9349  3.3269  0.0000  2.2643 29.3075
  5.3225  2.5891  0.0000  1.3175 21.6207
  5.4042  0.9359  0.0000  0.5520  6.1117
  4.4234  2.3521  0.0000  1.5481 19.2234
  5.5156  1.5381  0.0000  0.8714 11.3660
  4.5386  4.0121  0.0000  2.3944 36.6891
  4.8384  2.5367  0.0000  1.3929 21.0873
  4.4664  1.6031  0.0000  2.8062 11.9677
  5.2089  2.9229  0.0000  0.9755 25.0593
  5.2472  3.6544  0.0000  1.4846 32.8104
  6.7380  2.0042  0.0000  1.9578 15.7861
  5.2068  1.1927  0.0000  1.4092  8.2741
  4.1167  2.8265  0.0000  0.5400 24.0596
  4.6008  3.5805  0.0000  1.4461 32.0155
  4.3922  3.0457  0.0000  0.8972 26.3409
  5.0053  3.3825  0.0000  2.4418 29.8980
  5.7628  4.0831  0.0000  1.9771 37.4642
  5.1688  1.9163  0.0000  1.7542 14.9344
  4.6836  2.7719  0.0000  2.0191 23.4948
  4.9067  4.3418  0.0000  0.5193 40.3070
  4.9002  3.3788  0.0000  2.5070 29.8594
  4.2813  3.4480  0.0000  1.9175 30.5967
  5.1191  3.3120  0.0000  2.4287 29.1488
  5.0089  3.8752  0.0000  2.2027 35.1980
  4.4747  2.0236  0.0000  0.4806 15.9750
  5.3030  3.4523  0.0000  0.7615 30.6433
  5.1838  3.8356  0.0000  0.3323 34.7685
  4.7664  3.2390  0.0000  1.1295 28.3760
  6.0368  0.7200  0.0000  0.9124  4.4121
  5.2335  1.6921  0.0000  2.2123 12.7996
  5.4184  2.3863  0.0000  1.9771 19.5672
  5.8230  2.1384  0.0000  0.1347 17.0993
  5.2895  2.1692  0.0000  0.4068 17.4040
  4.5038  1.0506  0.0000  0.9562  7.0608
  5.4680  2.7071  0.0000  0.9410 22.8284
  5.6039  1.9328  0.0000  1.5650 15.0934
  4.5388  1.5273  0.0000  1.8984 11.2667
  4.7903  2.1936  0.0000  2.6770 17.6448
  5.1491  4.0446  0.0000  2.7659 37.0438
  4.6532  3.3161  0.0000  2.1061 29.1929
  5.1611  2.8983  0.0000  0.5553 24.8033
  3.7293  1.8232  0.0000  1.2654 14.0411
  5.4232  3.2860  0.0000  0.7545 28.8736
  5.0168  3.6414  0.0000  0.8652 32.6705
  4.6713  1.1048  0.0000  1.2431  7.5194
  5.2460  2.8835  0.0000  0.7046 24.6495
  5.4369  2.8152  0.0000  2.1601 23.9426
  4.7727  3.4022  0.0000  1.0780 30.1080
  5.0091  2.8893  0.0000  2.0211 24.7103
  5.4900  2.7913  0.0000  1.9277 23.6950
  5.9138  3.3463  0.0000  2.9588 29.5136
  5.1011  1.8710  0.0000  1.2802 14.4985
  5.2764  2.5786  0.0000  0.4044 21.5133
  5.8767  0.8561  0.0000  0.7527  5.4694
  4.1923  1.7572  0.0000  3.0333 13.4133
  4.9796  2.6812  0.0000  2.0947 22.5616
  4.8302  3.3531  0.0000  1.4510 29.5859
  4.9789  3.9775  0.0000  1.8614 36.3108
  4.9814  3.5978  0.0000  0.7888 32.2009
  4.7217  2.2990  0.0000  0.4317 18.6923
  5.1352  2.3560  0.0000  1.2700 19.2624
  5.6192  3.1856  0.0000  2.0192 27.8117
  6.0237  2.7294  0.0000  0.2189 23.0569
  5.1551  1.6448  0.0000  0.8026 12.3564
  4.4560  3.9367  0.0000  1.2692 35.8666
  4.4570  3.3918  0.0000  1.2529 29.9978
  4.0586  2.3358  0.0000  2.3466 19.0601
  5.7343  4.3412  0.0000  0.8185 40.3006
  5.0230  3.1381  0.0000  0.8450 27.3111
  4.2889  2.8727  0.0000  1.4751 24.5379
  5.4657  2.3251  0.0000  1.2978 18.9535
  5.5625  1.0880  0.0000  2.3391  7.3766
  5.8887  2.4041  0.0000  1.1736 19.7456
  5.3699  3.3478  0.0000  1.2621 29.5293
  5.9013  3.0963  0.0000  2.1957 26.8720
  5.1452  3.5622  0.0000  1.3343 31.8189
  5.1730  3.4964  0.0000  1.2419 31.1138
  6.5917  2.3380  0.0000  2.2914 19.0827
  4.9437  3.3109  0.0000  1.6528 29.1373
  5.9969  4.2028  0.0000  2.0982 38.7764
  5.1442  0.7624  0.0000  1.7026  4.7366
  4.9166  0.9417  0.0000  1.2324  6.1589
  4.9410  1.3280  0.0000  1.9382  9.4633
  5.0842  3.4263  0.0000  2.3741 30.3656
  6.2699  4.4595  0.0000  0.7751 41.6082
  4.7558  3.7239  0.0000  1.0476 33.5596
  6.2513  2.6918  0.0000  0.3110 22.6711
  5.5656  1.7157  0.0000  0.4524 13.0215
  5.2503  1.9327  0.0000  0.6311 15.0931
  3.8450  3.4320  0.0000  1.5573 30.4264
  4.8080  2.9429  0.0000  0.4613 25.2676
  4.5385  3.6083  0.0000  0.9790 32.3140
  5.0119  3.9019  0.0000  1.0375 35.4880
  5.0296  2.4889  0.0000  0.6349 20.6018
  3.9721  3.3507  0.0000  1.1853 29.5606
  6.0604  2.3786  0.0000  2.2802 19.4900
  4.9101  0.7278  0.0000  0.4391  4.4714
  5.1706  3.3500  0.0000  0.7966 29.5523
  5.1042  1.7913  0.0000  2.7935 13.7370
  3.6940  2.5642  0.0000  1.8586 21.3662
  4.3705  2.1396  0.0000  2.0396 17.1119
  5.1967  2.1895  0.0000  2.0653 17.6046
  5.5791  1.1665  0.0000  1.1145  8.0478
  3.7712  4.1649  0.0000  0.6435 38.3602
  5.7779  3.2273  0.0000  1.0196 28.2522
  5.2956  3.5520  0.0000  2.2350 31.7099
  5.5419  2.8784  0.0000  2.6454 24.5974
  5.1916  2.9772  0.0000  2.1884 25.6257
  4.4590  0.8797  0.0000  2.9753  5.6578
  5.0958  2.7702  0.0000  2.0750 23.4773
  4.1077  2.4261  0.0000  1.9153 19.9680
  5.0932  3.8112  0.0000  0.4363 34.5037
  5.9802  4.1315  0.0000  2.7123 37.9950
  3.9656  1.2901  0.0000  0.8221  9.1276
  5.0246  2.7399  0.0000  2.5894 23.1649
  5.6631  1.5019  0.0000  0.8481 11.0344
  5.9533  4.2559  0.0000  2.4591 39.3600
  5.3724  3.6155  0.0000  0.9576 32.3919
  4.6419  3.9768  0.0000  0.9137 36.3032
  5.3123  2.2580  0.0000  1.4425 18.2839
  3.6864  0.9632  0.0000  1.0892  6.3349
  4.3646  2.8650  0.0000  1.3574 24.4578
  5.4155  0.7238  0.0000  1.6404  4.4411
  5.3321  2.8274  0.0000  2.4656 24.0683
  5.0762  4.1685  0.0000  1.2827 38.4004
  5.6447  2.9240  0.0000  0.5533 25.0710
  5.3250  1.4159  0.0000  2.0099 10.2519
  5.2771  1.7426  0.0000  1.8453 13.2752
  5.3873  1.3763  0.0000  2.5403  9.8952
  5.0147  2.6693  0.0000  1.7037 22.4400
  4.7252  4.1002  0.0000  1.8806 37.6512
  4.1176  2.2582  0.0000  1.0107 18.2854
  4.4574  1.1944  0.0000  0.8228  8.2888
  4.8892  2.3875  0.0000  0.8267 19.5794
  5.2987  0.8245  0.0000  2.0980  5.2201
  5.0023  1.1236  0.0000  1.9212  7.6796
  5.5702  2.7788  0.0000  0.5980 23.5660
  4.9383  1.7271  0.0000  1.2787 13.1294
  6.1834  3.5444  0.0000  1.5939 31.6285
  5.8998  3.9723  0.0000  1.7921 36.2545
  5.9069  2.8827  0.0000  0.6599 24.6416
  4.8258  1.3917  0.0000  2.7187 10.0335
  5.9656  2.5478  0.0000  2.0547 21.1997
  4.3594  1.3230  0.0000  0.2582  9.4185
  3.9191  1.4290  0.0000  0.3569 10.3700
  5.1667  4.3788  0.0000  1.3450 40.7157
  5.6679  3.8640  0.0000  0.7891 35.0764
  5.1703  0.9779  0.0000  1.8603  6.4559
  3.6054  3.7867  0.0000  2.2696 34.2391
  5.8015  2.1927  0.0000  1.4757 17.6358
  4.5020  3.5287  0.0000  1.8537 31.4594
  5.0058  1.9957  0.0000  0.2835 15.7032
  4.1303  1.3987  0.0000  1.2362 10.0966
  5.1753  2.1842  0.0000  1.3682 17.5523
  5.0774  3.3096  0.0000  1.6436 29.1235
  5.5516  4.0620  0.0000  1.3730 37.2332
  5.1895  1.4043  0.0000  2.1763 10.1473
  5.0406  1.2237  0.0000  2.4414  8.5440
  5.3253  3.5222  0.0000  1.1544 31.3900
  5.0670  1.2196  0.0000  2.2831  8.5079
  4.7741  1.4809  0.0000  2.5071 10.8420
  5.4177  2.6707  0.0000  1.6446 22.4548
  4.9695  1.5191  0.0000  1.2034 11.1918
  5.3096  1.2210  0.0000  2.3575  8.5200
  6.0150  0.6690  0.0000  1.7998  4.0302
  4.2175  2.8340  0.0000  1.8462 24.1371
  3.8873  4.2787  0.0000  2.4799 39.6120
  5.1470  1.1310  0.0000  1.8928  7.7427
  4.6571  1.3333  0.0000  1.9115  9.5107
  5.1445  2.6902  0.0000  0.9163 22.6540
  5.4815  2.5022  0.0000  1.5757 20.7367
  4.8302  3.6992  0.0000  1.5509 33.2931
  4.5034  0.3905  0.0000  1.7675  2.1007
  5.1242  3.8022  0.0000  0.5659 34.4069
  5.8573  1.7978  0.0000  1.4536 13.7996
  5.3968  4.3147  0.0000  1.5425 40.0081
  4.7739  2.9266  0.0000  1.2643 25.0980
  5.2463  1.9565  0.0000  1.9418 15.3226
  5.8410  2.6372  0.0000  0.4599 22.1119
  5.4429  3.1027  0.0000  1.5115 26.9397
  6.0761  2.1551  0.0000  2.3717 17.2644
  5.4726  3.0251  0.0000  2.5360 26.1253
  4.2807  2.5336  0.0000  2.5793 21.0559
  4.9158  0.8094  0.0000  1.3249  5.1015
  5.3918  0.8674  0.0000  2.1121  5.5598
  5.4160  1.5860  0.0000  1.8964 11.8086
  5.2099  4.3197  0.0000  1.0555 40.0636
  6.2137  1.7687  0.0000  1.7617 13.5223
  4.7449  1.0464  0.0000  2.2680  7.0257
  4.9028  1.9998  0.0000  0.4813 15.7435
  4.7120  2.3606  0.0000  0.7944 19.3086
  5.0856  3.7055  0.0000  2.4430 33.3608
  5.4886  4.2156  0.0000  2.3625 38.9178
  5.1055  2.4445  0.0000  1.4036 20.1536
  5.3926  2.0432  0.0000  1.9675 16.1658
  5.6925  1.4569  0.0000  1.6309 10.6239
  4.7903  3.4563  0.0000  0.8955 30.6855
  5.7988  1.5046  0.0000  0.5559 11.0589
  5.4545  2.0329  0.0000  1.2125 16.0655
  5.4848  2.5967  0.0000  1.2447 21.6983
  6.5215  2.4656  0.0000  1.8250 20.3668
  4.5294  3.2424  0.0000  1.9583 28.4115
  5.5917  1.0984  0.0000  1.9083  7.4649
  3.6135  1.9855  0.0000  2.6542 15.6041
  4.7628  1.7958  0.0000  1.4287 13.7797
  4.9035  3.1289  0.0000  2.1401 27.2144
  5.2826  1.5929  0.0000  0.6681 11.8731
  5.4849  1.9729  0.0000  1.1124 15.4823
  3.8012  3.9929  0.0000  0.9669 36.4795
  5.6601  2.4782  0.0000  0.6896 20.4934
  5.3779  1.3715  0.0000  0.8729  9.8519
  5.0062  1.4763  0.0000  1.8968 10.7997
  5.9362  2.6773  0.0000  1.6251 22.5216
  5.1251  1.9485  0.0000  2.0791 15.2453
  5.7775  4.0312  0.0000  1.6098 36.8976
  4.9031  3.0965  0.0000  0.4877 26.8740
  5.1768  2.9142  0.0000  0.1785 24.9692
  5.3848  1.8594  0.0000  1.3736 14.3879
  5.1869  4.4269  0.0000  1.7535 41.2476
  5.7408  1.9570  0.0000  0.5278 15.3278
  5.3605  3.7898  0.0000  2.1432 34.2722
  4.8360  3.5721  0.0000  0.9363 31.9249
  4.9889  1.8798  0.0000  1.0573 14.5830
  5.2486  1.0439  0.0000  0.8948  7.0050
  6.1593  1.1053  0.0000  1.6376  7.5229
  6.3931  2.5411  0.0000  1.7739 21.1317
  5.4890  2.1352  0.0000  0.9288 17.0680
  4.9698  0.7446  0.0000  0.8843  4.5997
  5.0904  1.3197  0.0000  0.3172  9.3900
  4.9334  2.2536  0.0000  0.7633 18.2401
  3.7037  1.0423  0.0000  0.1520  6.9910
  5.8382  3.5953  0.0000  2.1255 32.1747
  4.8138  1.7899  0.0000  0.9461 13.7241
  4.5818  0.6351  0.0000  1.1495  3.7803
  5.0251  2.8861  0.0000  2.2419 24.6767
  5.2673  3.9325  0.0000  2.0400 35.8211
  5.2098  1.3058  0.0000  2.3715  9.2664
  5.8638  3.3719  0.0000  2.6638 29.7859
  4.9603  3.0128  0.0000  2.4933 25.9972
  5.3276  1.9124  0.0000  1.9810 14.8973
  4.2267  3.2378  0.0000  0.7585 28.3630
  5.2123  1.4992  0.0000  1.9050 11.0095
  4.5612  4.1869  0.0000  1.3060 38.6025
  5.2059  1.6940  0.0000  0.0574 12.8175
  5.2070  0.7610  0.0000  2.5479  4.7257
  5.0709  2.4528  0.0000  2.7285 20.2367
  4.9994  3.6238  0.0000  2.0958 32.4812
  5.8486  0.4728  0.0000  0.7961  2.6398
  5.1942  4.0123  0.0000  0.5526 36.6908
  4.9085  2.5978  0.0000  0.4253 21.7087
  5.1717  3.8550  0.0000  1.8789 34.9794
  5.1897  1.7087  0.0000  2.3025 12.9557
  5.9704  3.1512  0.0000  2.1909 27.4492
  4.7097  2.3840  0.0000  0.6820 19.5435
  4.1960  1.2042  0.0000  1.9418  8.3742
  5.1460  1.9278  0.0000  1.1956 15.0453
  4.6105  1.8867  0.0000  1.3089 14.6495
  5.8411  1.2512  0.0000  2.3081  8.7844
  4.5288  3.5594  0.0000  2.7490 31.7893
  6.5241  3.4841  0.0000  0.9400 30.9830
  5.2594  1.1942  0.0000  1.9455  8.2876
  5.4973  2.3499  0.0000  2.1644 19.2022
  5.4673  2.0557  0.0000  1.4665 16.2879
  5.0703  2.9029  0.0000  1.7708 24.8516
  5.6523  4.3078  0.0000  2.8458 39.9318
  5.3288  3.2854  0.0000  0.9067 28.8669
  5.0373  3.5421  0.0000  1.7277 31.6037
  4.2908  3.2731  0.0000  1.7873 28.7367
  5.3222  2.6245  0.0000  2.1226 21.9817
  4.2637  4.0264  0.0000  1.1040 36.8443
  6.6789  1.9860  0.0000  2.5146 15.6094
  5.0725  4.1845  0.0000  1.1514 38.5755
  5.1370  2.8588  0.0000  1.1119 24.3933
  5.2288  4.2711  0.0000  1.6004 39.5283
  5.0728  1.7520  0.0000  1.1694 13.3644
  4.9504  0.6522  0.0000  0.8300  3.9055
  5.0749  0.5830  0.0000  2.3001  3.4040
  5.2573  2.4020  0.0000  2.2325 19.7247
  4.9061  2.1486  0.0000  2.3200 17.2003
  4.4807  1.8237  0.0000  2.3327 14.0465
  4.5887  2.2237  0.0000  0.4389 17.9428
  5.1195  2.6853  0.0000  2.6464 22.6045
  5.0694  3.8328  0.0000  1.8730 34.7377
  6.8462  1.1948  0.0000  2.0050  8.2923
  5.2114  2.7821  0.0000  2.4344 23.6004
  5.4174  3.2666  0.0000  2.2837 28.6676
  5.5186  2.8758  0.0000  1.3967 24.5697
  5.3135  0.5260  0.0000  1.0348  3.0030
  5.0609  2.6802  0.0000  0.0708 22.5518
  4.3047  3.2396  0.0000  1.2883 28.3824
  5.3541  2.4700  0.0000  1.7334 20.4111
  4.6167  1.0200  0.0000  1.8964  6.8048
  5.3523  0.9178  0.0000  1.4353  5.9653
  4.3936  2.8775  0.0000  0.8110 24.5873
  6.0000  2.3256  0.0000  2.8516 18.9579
  5.1672  1.9511  0.0000  2.3654 15.2704
  3.7797  2.5256  0.0000  1.4028 20.9740
  5.0892  2.3354  0.0000  1.5298 19.0566
  5.0078  3.3695  0.0000  0.9941 29.7599
  5.0933  1.5722  0.0000  2.2331 11.6808
  4.0585  3.6554  0.0000  2.2488 32.8208
  5.3123  4.0929  0.0000  0.3353 37.5717
  5.2590  2.8843  0.0000  1.8924 24.6584
  5.2007  3.6621  0.0000  1.4608 32.8935
  6.0403  2.4570  0.0000  0.9475 20.2794
  5.5555  2.5645  0.0000  2.4185 21.3697
  5.1016  1.8452  0.0000  1.3148 14.2515
  5.6034  4.2856  0.0000  2.2764 39.6880
  5.4403  3.7870  0.0000  1.7341 34.2415
  5.2973  1.6002  0.0000  1.9998 11.9406
  4.1797  2.9048  0.0000  0.7470 24.8709
  5.2006  1.4460  0.0000  2.8233 10.5246
  4.9911  2.2664  0.0000  0.0471 18.3675
  5.3983  2.3700  0.0000  0.7523 19.4034
  6.2390  4.0013  0.0000  2.1208 36.5707
  5.0572  2.4804  0.0000  2.1210 20.5157
  5.3850  1.8452  0.0000  2.2771 14.2517
  5.1307  1.6606  0.0000  2.2303 12.5038
  5.2420  1.5148  0.0000  0.7881 11.1520
  5.2362  2.1874  0.0000  2.1120 17.5831
  4.1175  2.0399  0.0000  2.6392 16.1335
  5.2032  2.7989  0.0000  1.6542 23.7733
  5.1399  3.4980  0.0000  1.4038 31.1311
  4.4203  0.7139  0.0000  0.8700  4.3661
  5.4351  2.4444  0.0000  1.2061 20.1526
  5.5982  3.8730  0.0000  1.3572 35.1746
  5.0399  1.4300  0.0000  1.5832 10.3795
  4.2537  3.3272  0.0000  1.8274 29.3106
  5.1480  0.4972  0.0000  0.9211  2.8053
  6.1410  2.9962  0.0000  2.4471 25.8239
  4.5302  4.1327  0.0000  0.2776 38.0081
  5.3456  3.3223  0.0000  2.7597 29.2583
  5.1148  1.7876  0.0000  2.7993 13.7024
  5.1895  3.9092  0.0000  1.6674 35.5682
  4.6266  2.0563  0.0000  2.0504 16.2941
  5.2683  2.4920  0.0000  0.6803 20.6338
  5.1110  3.6744  0.0000  2.3322 33.0261
  6.0925  3.5816  0.0000  1.5311 32.0278
  4.5370  1.5123  0.0000  1.8786 11.1292
  5.7079  3.9267  0.0000  1.5907 35.7583
  4.6414  2.3994  0.0000  2.4451 19.6989
  5.2058  4.3089  0.0000  2.4883 39.9441
  4.3041  4.2350  0.0000  2.7068 39.1305
  4.2661  2.0391  0.0000  0.5999 16.1263
  5.5374  1.7744  0.0000  2.7883 13.5772
  5.2806  1.0714  0.0000  1.0564  7.2360
  3.5851  1.3405  0.0000  2.0987  9.5744
  3.8348  2.7407  0.0000  2.3006 23.1735
  5.2135  3.1174  0.0000  1.0268 27.0938
  4.6179  1.0845  0.0000  1.3408  7.3468
  5.5614  4.0995  0.0000  2.0510 37.6439
  5.2596  2.1425  0.0000  1.9894 17.1405
  5.3919  1.6955  0.0000  1.2585 12.8313
  5.7046  2.2326  0.0000  1.1523 18.0316
  5.1320  1.7806  0.0000  1.8039 13.6356
  5.7859  0.9510  0.0000  2.4588  6.2348
  6.0088  2.1405  0.0000  1.2245 17.1203
  5.1072  1.6834  0.0000  1.1797 12.7176
  4.5708  1.2211  0.0000  1.8015  8.5209
  4.3131  3.4420  0.0000  1.6482 30.5326
  5.3086  4.1617  0.0000  1.0506 38.3257
  5.0543  2.2093  0.0000  0.5927 17.8007
  5.0857  4.0593  0.0000  1.7666 37.2041
  6.0453  2.6280  0.0000  1.6352 22.0174
  4.3957  1.5316  0.0000  1.1653 11.3070
  6.2394  1.8072  0.0000  0.8707 13.8888
  5.0674  0.9198  0.0000  1.8934  5.9810
  5.2583  3.9898  0.0000  1.4553 36.4458
  5.0585  4.0120  0.0000  0.5700 36.6872
  5.4284  1.8463  0.0000  1.1624 14.2620
  5.2110  2.0695  0.0000  1.2211 16.4228
  6.3238  1.6740  0.0000  1.2441 12.6290
  5.0363  2.2862  0.0000  1.7866 18.5651
  4.9395  2.5581  0.0000  2.4549 21.3049
  5.0254  3.1151  0.0000  1.3433 27.0695
  5.6855  2.8764  0.0000  0.5005 24.5764
  5.0789  4.1808  0.0000  1.1053 38.5357
  5.7354  3.0044  0.0000  1.0929 25.9092
  4.8076  1.7465  0.0000  0.8575 13.3125
  5.7522  3.8205  0.0000  0.9727 34.6045
  4.8693  1.1710  0.0000  0.8855  8.0863
  4.3628  3.2185  0.0000  1.7351 28.1591
  4.8617  3.2167  0.0000  0.7210 28.1406
  4.8909  3.6064  0.0000  2.7012 32.2943
  4.8033  4.3739  0.0000  2.2908 40.6618
  5.7694  4.4877  0.0000  0.6145 41.9209
  5.3900  1.7900  0.0000  0.8107 13.7254
  5.5595  2.8863  0.0000  2.5881 24.6795
  5.1565  1.3259  0.0000  1.6442  9.4449
  5.3527  1.7542  0.0000  1.7227 13.3855
  4.6416  1.5280  0.0000  0.7868 11.2731
  6.0569  3.3356  0.0000  1.8770 29.3994
  4.0377  2.8450  0.0000  2.1958 24.2504
  5.2822  3.0484  0.0000  1.0545 26.3691
  4.3135  3.7535  0.0000  2.3578 33.8795
  4.6004  2.8692  0.0000  1.2595 24.5012
  6.3573  1.6662  0.0000  1.8364 12.5563
  6.3036  3.7290  0.0000  1.9326 33.6146
  4.4491  1.7432  0.0000  1.4692 13.2812
  4.7574  3.7854  0.0000  1.5379 34.2250
  5.2682  3.2335  0.0000  0.9504 28.3178
  5.7838  3.9707  0.0000  1.1517 36.2366
  5.3497  2.3309  0.0000  1.7740 19.0115
  4.8934  1.5670  0.0000  0.5442 11.6330
  5.0538  2.0442  0.0000  0.6305 16.1759
  4.2871  3.3536  0.0000  2.4051 29.5914
  4.2202  2.9051  0.0000  1.5751 24.8744
  4.5178  1.8307  0.0000  1.3465 14.1127
  5.5331  2.4424  0.0000  1.3741 20.1324
  5.4151  0.8688  0.0000  2.6986  5.5707
  5.0848  2.2486  0.0000  1.4368 18.1907
  5.2804  1.2620  0.0000  2.4646  8.8796
  4.9911  2.4815  0.0000  1.5328 20.5271
  3.7036  4.3104  0.0000  0.8830 39.9613
  4.1120  4.0635  0.0000  1.8460 37.2499
  5.1923  0.3372  0.0000  1.0240  1.7669
  5.2007  2.2320  0.0000  2.8492 18.0251
  4.4646  3.4060  0.0000  3.1202 30.1484
  5.9601  2.2132  0.0000  0.6178 17.8387
  3.5267  3.5449  0.0000  0.5811 31.6334
  3.7748  3.6945  0.0000  2.5443 33.2420
  4.9021  1.5728  0.0000  2.4495 11.6863
  5.2542  2.4749  0.0000  2.2890 20.4605
  4.6233  3.6631  0.0000  1.0495 32.9038
  5.3912  2.5710  0.0000  1.5881 21.4359
  5.2878  3.6955  0.0000  2.4696 33.2534
  5.4535  1.7262  0.0000  2.4041 13.1202
  3.7240  1.7582  0.0000  1.8549 13.4236
  5.1271  0.6059  0.0000  0.5663  3.5686
  5.4365  1.5689  0.0000  2.1496 11.6509
  5.8807  3.0469  0.0000  1.6664 26.3544
  5.1425  3.8155  0.0000  2.3098 34.5502
  5.5827  1.7675  0.0000  0.3523 13.5115
  4.7956  0.8807  0.0000  2.6196  5.6661
  4.3797  3.6036  0.0000  1.5830 32.2635
  6.6224  1.6745  0.0000  1.1357 12.6345
  5.7964  1.4591  0.0000  0.7978 10.6431
  4.6488  0.8434  0.0000  1.5312  5.3691
  5.8634  3.6897  0.0000  2.0016 33.1901
  6.0664  3.1624  0.0000  0.9210 27.5677
  6.2207  3.9124  0.0000  1.3974 35.6030
  5.0975  4.2577  0.0000  1.7328 39.3807
  5.9167  1.9131  0.0000  1.8616 14.9034
  5.3908  2.3764  0.0000  1.9589 19.4677
  4.1963  2.8181  0.0000  0.4557 23.9726
  6.4824  2.4125  0.0000  1.5201 19.8307
  6.1986  1.6907  0.0000  2.4768 12.7858
  5.0013  2.9343  0.0000  1.4644 25.1778
  4.9341  2.5917  0.0000  2.5016 21.6471
  5.3296  3.5740  0.0000  2.2220 31.9462
  5.2329  3.4574  0.0000  0.5384 30.6971
  5.0407  2.0336  0.0000  1.2010 16.0720
  4.6709  2.7250  0.0000  2.0345 23.0117
  5.8071  3.5644  0.0000  2.0319 31.8425
  4.7896  4.2812  0.0000  1.9621 39.6393
  5.0108  4.3289  0.0000  2.6847 40.1642
  4.9736  2.1798  0.0000  2.5825 17.5087
  5.2839  1.4812  0.0000  1.6598 10.8444
  5.1724  2.1395  0.0000  0.5863 17.1106
  5.4354  2.9967  0.0000  1.6668 25.8284
  5.4733  3.7284  0.0000  2.1687 33.6083
  5.6839  3.1969  0.0000  1.6100 27.9309
  5.1474  2.7186  0.0000  1.1556 22.9466
  5.0021  2.7696  0.0000  2.2116 23.4710
  4.9683  1.5969  0.0000  2.4694 11.9104
  4.7427  2.3956  0.0000  1.9276 19.6604
  5.3754  3.5842  0.0000  2.8987 32.0548
  5.5264  1.6805  0.0000  1.4299 12.6902
  5.0186  2.4826  0.0000  1.9404 20.5384
  5.5189  4.3864  0.0000  1.9326 40.7995
  6.0972  3.8285  0.0000  2.4724 34.6909
  4.5582  4.4738  0.0000  2.1135 41.7669
  5.2038  3.2992  0.0000  0.5313 29.0130
  5.3784  1.2794  0.0000  2.1225  9.0325
  5.2167  3.8825  0.0000  2.5934 35.2774
  4.9631  2.0537  0.0000  2.6947 16.2688
  4.5487  3.3126  0.0000  0.5602 29.1553
  5.1197  1.7211  0.0000  1.5173 13.0723
  5.4392  1.8634  0.0000  1.4718 14.4262
  4.4003  2.5432  0.0000  2.6901 21.1534
  4.0618  1.9087  0.0000  1.7922 14.8609
  5.0829  2.8654  0.0000  1.1004 24.4624
  5.0413  2.0521  0.0000  0.4587 16.2532
  4.4217  0.8243  0.0000  1.7268  5.2178
  4.3347  3.7572  0.0000  2.2433 33.9194
  4.3869  3.8813  0.0000  1.1642 35.2645
  5.6724  2.7691  0.0000  1.7158 23.4660
  4.4117  3.8726  0.0000  1.4678 35.1703
  5.1695  0.6430  0.0000  1.7430  3.8384
  4.9779  2.3700  0.0000  0.8061 19.4033
  4.2879  3.2598  0.0000  2.1910 28.5957
  5.3942  3.1266  0.0000  1.5660 27.1901
  5.2976  1.2104  0.0000  2.4211  8.4281
  4.8973  1.1229  0.0000  0.7660  7.6732
  5.2179  2.7352  0.0000  2.3565 23.1172
  5.4503  1.0094  0.0000  2.2299  6.7165
  4.9582  0.6500  0.0000  1.1983  3.8893
  4.8085  3.5504  0.0000  2.3145 31.6924
  4.1205  1.8602  0.0000  1.0390 14.3955
  5.4464  4.0397  0.0000  2.8589 36.9898
  4.1555  2.2837  0.0000  2.1908 18.5396
  5.6739  3.8615  0.0000  2.1518 35.0495
  5.0964  0.4102  0.0000  1.4597  2.2274
  5.2592  3.2484  0.0000  1.2836 28.4751
  5.5922  2.1158  0.0000  0.0981 16.8777
  5.1961  2.0237  0.0000  2.2135 15.9758
  4.8874  3.4335  0.0000  1.1771 30.4419
  3.8605  2.4780  0.0000  0.1980 20.4922
  5.5185  1.7467  0.0000  1.4629 13.3145
  3.7043  2.2422  0.0000  0.8238 18.1265
  5.1735  2.2032  0.0000  0.5896 17.7399
  5.3630  1.9839  0.0000  1.2615 15.5890
  4.2330  3.9228  0.0000  1.9339 35.7160
  4.9385  1.4085  0.0000  0.8212 10.1850
  4.6044  4.3494  0.0000  2.3753 40.3904
  5.0268  2.6530  0.0000  2.0767 22.2728
  5.2770  0.7565  0.0000  0.1106  4.6910
  5.8758  0.3703  0.0000  2.3627  1.9729
  4.6853  4.4545  0.0000  0.7965 41.5523
  5.0669  3.8627  0.0000  0.3159 35.0626
  5.6602  2.4214  0.0000  0.0583 19.9206
  4.0269  1.9319  0.0000  2.1124 15.0846
  5.1758  3.0623  0.0000  1.4380 26.5149
  4.3055  4.1817  0.0000  2.9079 38.5449
  4.7443  2.8308  0.0000  2.5471 24.1035
  4.7381  3.3404  0.0000  1.2281 29.4504
  5.0110  2.1296  0.0000  2.2580 17.0129
  5.4089  1.6724  0.0000  1.2860 12.6145
  6.2242  2.3485  0.0000  0.7763 19.1872
  5.0358  3.0894  0.0000  1.9340 26.7997
  4.9502  3.3944  0.0000  1.7875 30.0255
  5.4795  3.3339  0.0000  0.8344 29.3815
  6.6119  1.4461  0.0000  1.7532 10.5257
  5.3359  3.4976  0.0000  1.3065 31.1270
  5.0192  3.1431  0.0000  2.0221 27.3636
  4.6633  1.4626  0.0000  1.7424 10.6755
  4.9822  3.9177  0.0000  0.2169 35.6606
  4.8873  2.5346  0.0000  1.4740 21.0661
  4.7490  2.4143  0.0000  2.4192 19.8485
  5.3327  1.1848  0.0000  2.0840  8.2058
  5.8349  3.8915  0.0000  0.9838 35.3757
  5.5193  1.6711  0.0000  1.2540 12.6021
  5.3918  1.0159  0.0000  2.5508  6.7705
  4.6909  4.3416  0.0000  1.5711 40.3047
  5.2546  1.2941  0.0000  1.6366  9.1627
  4.4978  2.0857  0.0000  1.3141 16.5823
  5.4862  0.8127  0.0000  2.5394  5.1270
  5.0421  3.0661  0.0000  1.1970 26.5548
  5.1127  1.8462  0.0000  0.2808 14.2607
  4.8977  2.0816  0.0000  1.2160 16.5418
  5.7410  2.6161  0.0000  1.6767 21.8958
  6.7863  1.9887  0.0000  0.6920 15.6355
  4.8428  2.7244  0.0000  1.0214 23.0056
  4.8143  3.7182  0.0000  2.6336 33.4980
  5.4682  1.3182  0.0000  0.9820  9.3764
  4.8111  4.1671  0.0000  1.6635 38.3846
  5.4431  3.1166  0.0000  0.7263 27.0849
  5.2596  1.5765  0.0000  0.8235 11.7210
  5.5867  3.3701  0.0000  1.4699 29.7668
  5.5622  3.5744  0.0000  2.0215 31.9505
  5.1120  3.9080  0.0000  1.4476 35.5543
  6.0148  1.6298  0.0000  0.7927 12.2164
  4.3840  2.6260  0.0000  2.4433 21.9973
  5.4083  1.4600  0.0000  2.2388 10.6519
  5.7976  1.0183  0.0000  1.9586  6.7910
  4.9737  4.0349  0.0000  1.3999 36.9377
  4.1116  2.6831  0.0000  2.4761 22.5814
  4.7039  2.0741  0.0000  1.2112 16.4683
  5.6593  1.6785  0.0000  1.9922 12.6719
  4.9579  4.3325  0.0000  1.4637 40.2041
  4.7104  2.6534  0.0000  1.8344 22.2772
  4.8764  4.4766  0.0000  1.0423 41.7970
  4.7307  0.9296  0.0000  1.3728  6.0608
  4.3395  1.7651  0.0000  1.2392 13.4883
  5.3064  2.8938  0.0000  2.4476 24.7573
  4.8607  3.5453  0.0000  0.4323 31.6381
  4.9276  2.2710  0.0000  2.2187 18.4128
  5.3108  2.0932  0.0000  1.5658 16.6555
  5.3717  2.9907  0.0000  1.6257 25.7662
  5.1716  2.5571  0.0000  1.8752 21.2942
  6.7932  2.2300  0.0000  0.9068 18.0057
  5.9654  3.5990  0.0000  1.2989 32.2145
  4.9979  1.7073  0.0000  1.3552 12.9427
  3.7387  0.7303  0.0000  1.0325  4.4907
  4.8583  3.4580  0.0000  1.9814 30.7038
  4.1931  1.4225  0.0000  0.7704 10.3117
  5.5243  0.6999  0.0000  0.5284  4.2606
  5.0296  1.4680  0.0000  1.9847 10.7242
  5.4703  2.0460  0.0000  1.3967 16.1939
  4.8083  2.1287  0.0000  0.4076 17.0038
  5.4722  4.1877  0.0000  2.1638 38.6114
  4.4615  2.6398  0.0000  1.0088 22.1377
  5.5150  4.2022  0.0000  2.6626 38.7703
  5.2816  1.2664  0.0000  1.4230  8.9177
  6.0174  2.9258  0.0000  2.2424 25.0898
  5.8680  2.1524  0.0000  1.3422 17.2373
  3.6598  2.5931  0.0000  1.8574 21.6613
  4.7174  4.1526  0.0000  0.8037 38.2256
  4.5560  4.3070  0.0000  2.3152 39.9236
  5.2375  2.2134  0.0000  1.2247 17.8411
  5.8168  2.3294  0.0000  2.5063 18.9960
  5.0135  3.7275  0.0000  0.8789 33.5984
  5.5461  1.0645  0.0000  1.2631  7.1781
  5.2678  2.2368  0.0000  1.2392 18.0727
  6.3900  3.8498  0.0000  2.0344 34.9222
  4.9761  3.3224  0.0000  1.4021 29.2597
  4.3082  2.2371  0.0000  2.0759 18.0762
  4.9002  2.3080  0.0000  2.1103 18.7823
  5.4863  1.0016  0.0000  2.2471  6.6518
  5.2455  4.0693  0.0000  2.4985 37.3138
  4.8998  1.5914  0.0000  0.9947 11.8594
  5.1353  2.7002  0.0000  2.2442 22.7569
  5.5219  1.8652  0.0000  0.9793 14.4436
  5.6993  4.1795  0.0000  1.8574 38.5206
  5.1844  2.0148  0.0000  0.9887 15.8892
  4.9768  3.9467  0.0000  1.3733 35.9760
  5.3149  3.2156  0.0000  2.0516 28.1284
  6.3724  1.9857  0.0000  1.0363 15.6063
  4.6214  2.7788  0.0000  1.0120 23.5658
  4.7795  2.5402  0.0000  1.3653 21.1229
  5.4423  1.6947  0.0000  0.4622 12.8234
  5.7996  4.3204  0.0000  2.1886 40.0712
  6.5856  1.4009  0.0000  2.0369 10.1167
  4.2862  4.2847  0.0000  1.2574 39.6780
  5.3229  3.0536  0.0000  0.4152 26.4237
  5.2244  1.4162  0.0000  1.6631 10.2542
  3.7729  1.2771  0.0000  1.4252  9.0122
  5.0243  2.1152  0.0000  2.1462 16.8718
  4.5315  1.6263  0.0000  0.7604 12.1840
  5.4639  1.8362  0.0000  0.8520 14.1654
  5.3043  3.0359  0.0000  1.8124 26.2390
  4.7232  2.7877  0.0000  0.5849 23.6579
  5.0068  2.7446  0.0000  1.5096 23.2132
  5.3373  3.7584  0.0000  0.9051 33.9323
  5.1476  0.5950  0.0000  1.9975  3.4896
  5.2896  1.0427  0.0000  2.3718  6.9945
  3.8923  3.7292  0.0000  1.0329 33.6172
  5.0907  4.3470  0.0000  1.0721 40.3647
  4.7456  1.5390  0.0000  1.1965 11.3745
  4.7417  3.9101  0.0000  1.0479 35.5774
  4.8182  3.5538  0.0000  0.4103 31.7285
  4.6800  2.0671  0.0000  2.4215 16.3994
  6.0115  2.1410  0.0000  2.6729 17.1250
  4.2836  1.1256  0.0000  0.9053  7.6967
  4.3790  2.8202  0.0000  2.1770 23.9939
  5.3822  2.3130  0.0000  2.2829 18.8326
  3.9940  3.2869  0.0000  1.5351 28.8830
  5.2863  2.3655  0.0000  2.4863 19.3584
  4.9718  2.6071  0.0000  1.6226 21.8044
  5.4189  0.9587  0.0000  2.2646  6.2983
  3.5850  4.2625  0.0000  2.3315 39.4330
  3.9023  2.3713  0.0000  0.8148 19.4168
  6.1144  3.0076  0.0000  1.9370 25.9425
  4.8735  2.4163  0.0000  1.1783 19.8689
  4.2860  2.5000  0.0000  0.8818 20.7146
  4.5551  2.0974  0.0000  1.6260 16.6971
  5.4193  2.6078  0.0000  1.5364 21.8107
  5.4026  2.3666  0.0000  1.5159 19.3696
  5.3293  2.7302  0.0000  2.0143 23.0659
  4.6427  0.4697  0.0000  1.4987  2.6189
  6.1037  2.4697  0.0000  2.3513 20.4080
  5.8037  3.2346  0.0000  1.9549 28.3294
  5.5987  2.2515  0.0000  1.9836 18.2195
  5.0191  1.1361  0.0000  1.9399  7.7859
  3.8044  0.8305  0.0000  1.2462  5.2672
  4.0688  2.4164  0.0000  0.7404 19.8697
  5.4097  2.5343  0.0000  0.6358 21.0629
  5.7903  2.9566  0.0000  2.3771 25.4105
  5.0039  4.1323  0.0000  2.7891 38.0034
  5.8021  3.7625  0.0000  0.8055 33.9766
  5.5656  1.5655  0.0000  1.2742 11.6189
  4.5372  1.7500  0.0000  2.0011 13.3458
  4.9696  2.0611  0.0000  1.1973 16.3411
  4.9847  3.0060  0.0000  1.6964 25.9263
  5.0752  4.2098  0.0000  1.3628 38.8537
  5.5218  3.8494  0.0000  2.2526 34.9177
  5.2314  2.0381  0.0000  0.6444 16.1166
  5.2899  1.8926  0.0000  1.7990 14.7066
  4.3122  3.5446  0.0000  1.1474 31.6300
  4.7592  4.3349  0.0000  2.1003 40.2308
  5.1709  1.0655  0.0000  2.4401  7.1862
  4.7929  2.5491  0.0000  1.7900 21.2130
  5.5861  3.8876  0.0000  2.0676 35.3326
  5.1941  2.0319  0.0000  2.1759 16.0556
  3.8787  3.2972  0.0000  1.2307 28.9918
  5.0931  3.3869  0.0000  1.1167 29.9456
  5.4908  2.2119  0.0000  1.8788 17.8263
  5.4018  3.4954  0.0000  1.5416 31.1031
  5.2865  2.7537  0.0000  2.4555 23.3073
  6.1031  3.6175  0.0000  2.3449 32.4130
  4.8135  2.8249  0.0000  0.6356 24.0421
  5.8350  0.9971  0.0000  1.0064  6.6147
  4.5972  0.4886  0.0000  1.8528  2.7470
  4.8999  2.7196  0.0000  1.8720 22.9562
  5.1375  1.8523  0.0000  2.7257 14.3192
  4.5652  1.4749  0.0000  0.8119 10.7871
  4.4772  1.2969  0.0000  0.8853  9.1871
  5.4240  2.1861  0.0000  2.1537 17.5705
  5.4508  2.0866  0.0000  2.2645 16.5912
  4.8479  1.0065  0.0000  1.7371  6.6925
  4.8175  0.8818  0.0000  1.7910  5.6750
  5.2494  2.2038  0.0000  1.8569 17.7454
  3.9751  3.9657  0.0000  1.6854 36.1827
  5.2129  1.9941  0.0000  1.8572 15.6874
  4.2603  3.8914  0.0000  0.8646 35.3745
  6.1082  1.0680  0.0000  1.0367  7.2076
  6.7669  2.9706  0.0000  2.7501 25.5568
  4.2115  3.6560  0.0000  1.1917 32.8270
  4.5017  4.1055  0.0000  1.8384 37.7095
  5.4565  2.5050  0.0000  0.9492 20.7657
  3.9096  3.4949  0.0000  1.1977 31.0977
  4.8782  2.8953  0.0000  2.6767 24.7727
  5.1432  1.7177  0.0000  2.0049 13.0403
  5.2044  3.4752  0.0000  1.1053 30.8876
  5.5902  2.0645  0.0000  1.6787 16.3738
  5.4695  4.2122  0.0000  2.7675 38.8806
  4.6219  3.8646  0.0000  1.0993 35.0830
  5.0523  2.3548  0.0000  0.6325 19.2507
  5.3894  2.7975  0.0000  0.8822 23.7588
  5.8141  2.1971  0.0000  2.0946 17.6796
  5.2178  1.9307  0.0000  2.4246 15.0736
  5.9001  3.2307  0.0000  2.5363 28.2879
  4.9915  2.2691  0.0000  0.5103 18.3941
  4.7590  2.1208  0.0000  2.3071 16.9270
  5.2688  1.6733  0.0000  1.4813 12.6232
  5.4052  2.1503  0.0000  0.6361 17.2167
  5.0959  3.9551  0.0000  1.1763 36.0668
  3.5635  3.4611  0.0000  1.9105 30.7365
  5.0287  1.4368  0.0000  2.7726 10.4410
  5.3994  3.9068  0.0000  2.9593 35.5411
  4.7254  2.2791  0.0000  0.5841 18.4940
  4.2668  3.6423  0.0000  1.6014 32.6801
  5.6780  4.3276  0.0000  2.7214 40.1501
  5.8561  3.0365  0.0000  0.7268 26.2449
  5.1469  2.3749  0.0000  1.6566 19.4521
  5.0800  1.0182  0.0000  2.4444  6.7902
  5.5302  2.1085  0.0000  1.9991 16.8057
  5.1239  3.1953  0.0000  1.6796 27.9141
  5.4395  0.6996  0.0000  2.0339  4.2584
  5.4957  1.7892  0.0000  2.7641 13.7178
  4.2051  1.4043  0.0000  1.8551 10.1471
  5.1510  3.0066  0.0000  0.9379 25.9318
  4.9312  1.6769  0.0000  2.7442 12.6566
  5.0455  2.0511  0.0000  0.1124 16.2429
  5.0803  3.1218  0.0000  2.4395 27.1403
  4.8889  1.6077  0.0000  0.8929 12.0103
  4.5072  2.3938  0.0000  0.9175 19.6424
  5.1646  1.5771  0.0000  2.2386 11.7262
  4.2227  1.9837  0.0000  1.8153 15.5866
  4.9439  1.5890  0.0000  2.2032 11.8371
  4.7013  3.9841  0.0000  0.9946 36.3834
  5.6643  1.2036  0.0000  0.5270  8.3689
  5.5645  2.6053  0.0000  0.7400 21.7851
  4.7246  1.3653  0.0000  0.7755  9.7966
  5.0359  4.0199  0.0000  1.1751 36.7736
  6.1333  3.3500  0.0000  0.4988 29.5533
  5.2224  2.3898  0.0000  1.4003 19.6018
  5.1659  1.8072  0.0000  2.7164 13.8892
  5.1596  2.3602  0.0000  1.9493 19.3052
  5.3973  3.2285  0.0000  1.1734 28.2648
  6.0081  2.2222  0.0000  2.7414 17.9286
  4.8203  3.9062  0.0000  1.0872 35.5345
  5.1253  2.3720  0.0000  0.9117 19.4233
  4.8504  1.1583  0.0000  1.0787  7.9773
  4.9968  1.1658  0.0000  2.6145  8.0412
  5.0395  1.4804  0.0000  0.7696 10.8374
  4.7057  1.6270  0.0000  0.8189 12.1900
  5.0110  2.2288  0.0000  1.6730 17.9942
  6.0871  3.1626  0.0000  2.1708 27.5693
  4.5105  3.9427  0.0000  1.5911 35.9318
  4.2306  4.3877  0.0000  2.4649 40.8135
  5.6151  2.2806  0.0000  0.5627 18.5093
  5.2511  2.1908  0.0000  2.7018 17.6171
  4.6567  3.0516  0.0000  1.2536 26.4029
  5.4814  2.0357  0.0000  2.5842 16.0926
  5.4966  1.2017  0.0000  2.1333  8.3526
  5.2272  1.6058  0.0000  0.9049 11.9927
  5.5719  2.4111  0.0000  1.8830 19.8167
  5.4523  2.6879  0.0000  1.3623 22.6305
  4.9970  1.6853  0.0000  0.6918 12.7359
  5.1679  1.3613  0.0000  1.6842  9.7605
  5.1278  2.3257  0.0000  2.6945 18.9591
  3.6053  1.1775  0.0000  1.0482  8.1422
  5.5521  4.3846  0.0000  0.5705 40.7792
  4.3755  3.1052  0.0000  0.8431 26.9650
  4.7634  4.4410  0.0000  0.9210 41.4030
  4.1005  2.2974  0.0000  2.4032 18.6766
  5.7066  4.2521  0.0000  1.8065 39.3192
  5.4605  2.3210  0.0000  2.3120 18.9121
  5.3949  3.7999  0.0000  2.1883 34.3810
  5.4603  0.8224  0.0000  2.6144  5.2033
  3.9451  3.5675  0.0000  0.6550 31.8763
  5.0379  1.9398  0.0000  1.1099 15.1616
  4.8684  1.6967  0.0000  2.8367 12.8430
  4.9764  1.7658  0.0000  0.6326 13.4955
  6.0448  0.8599  0.0000  1.8417  5.4996
  4.4052  1.1068  0.0000  1.2334  7.5357
  3.8909  3.1616  0.0000  0.7964 27.5590
  5.0116  4.2315  0.0000  1.1903 39.0922
  5.3441  4.3584  0.0000  1.7289 40.4900
  5.4945  2.5048  0.0000  2.3674 20.7633
  5.7261  1.9724  0.0000  1.7997 15.4768
  5.1792  2.2338  0.0000  0.2674 18.0437
  4.8769  3.9014  0.0000  0.8963 35.4833
  4.6003  3.9908  0.0000  0.9109 36.4562
  4.0047  3.6200  0.0000  1.5650 32.4403
  5.4105  1.9669  0.0000  1.5989 15.4239
  5.8123  0.9876  0.0000  0.5530  6.5360
  5.1240  0.8979  0.0000  0.4406  5.8040
  4.6925  1.5256  0.0000  0.2361 11.2512
  5.3276  1.7914  0.0000  2.1707 13.7386
  4.9406  3.7333  0.0000  2.2167 33.6615
  5.4316  0.8764  0.0000  1.3027  5.6319
  4.8322  3.6341  0.0000  1.4598 32.5913
  5.9577  4.4271  0.0000  1.1477 41.2500
  5.7926  0.8836  0.0000  0.8754  5.6892
  4.9024  2.1640  0.0000  0.6325 17.3519
  5.3857  3.0239  0.0000  1.4887 26.1130
  5.4690  1.4918  0.0000  2.1416 10.9417
  5.0274  1.1967  0.0000  2.2248  8.3091
  4.9470  2.6932  0.0000  1.1280 22.6850
  4.9406  2.1208  0.0000  1.8268 16.9267
  4.9784  1.1491  0.0000  0.9592  7.8976
  4.5828  1.2660  0.0000  0.4648  8.9144
  4.0339  3.0674  0.0000  1.7655 26.5692
  5.4380  2.9709  0.0000  1.4639 25.5592
  4.7199  4.4059  0.0000  1.1935 41.0145
  5.4420  2.6284  0.0000  1.7092 22.0220
  4.6170  4.4915  0.0000  1.7668 41.9622
  5.2278  1.0044  0.0000  1.6336  6.6755
  4.0687  3.9734  0.0000  0.9340 36.2664
  4.6725  2.4692  0.0000  1.0477 20.4029
  5.2313  2.8219  0.0000  2.1538 24.0113
  4.5524  1.5745  0.0000  0.8280 11.7026
  5.0720  0.7288  0.0000  1.8194  4.4793
  5.2466  0.7557  0.0000  0.6991  4.6851
  5.5824  1.7564  0.0000  1.7287 13.4060
  5.2940  2.9417  0.0000  2.1206 25.2556
  5.7950  2.1408  0.0000  2.0954 17.1230
  5.0790  3.4933  0.0000  2.0530 31.0812
  5.4463  1.4722  0.0000  0.9825 10.7629
  4.9475  2.4347  0.0000  1.2085 20.0545
  4.3794  2.7995  0.0000  1.8026 23.7805
  4.8084  2.5783  0.0000  0.2302 21.5100
  6.1978  2.7618  0.0000  1.7409 23.3911
  5.2937  1.8168  0.0000  0.7739 13.9802
  6.4937  2.8521  0.0000  1.3363 24.3245
  4.1921  3.0615  0.0000  1.2163 26.5067
  4.8774  0.2941  0.0000  2.2432  1.5066
  5.9068  2.9658  0.0000  0.9547 25.5064
  5.2730  2.2644  0.0000  0.9546 18.3474
  3.7782  0.4486  0.0000  0.8729  2.4786
  5.1303  1.3106  0.0000  2.7942  9.3085
  4.0560  3.6446  0.0000  1.2605 32.7045
  4.8067  2.5775  0.0000  1.1306 21.5020
  4.4703  3.9295  0.0000  2.2617 35.7890
  4.7379  1.7610  0.0000  2.3992 13.4493
  5.7571  3.3398  0.0000  1.9506 29.4442
  4.7754  2.8703  0.0000  0.2903 24.5127
  3.8515  2.3111  0.0000  2.2820 18.8129
  5.3302  0.3137  0.0000  1.6700  1.6241
  4.5134  1.6069  0.0000  0.5111 12.0025
  6.1723  4.1230  0.0000  1.7951 37.9012
  5.2847  1.6343  0.0000  1.8272 12.2579
  5.1356  3.3028  0.0000  2.4125 29.0517
  5.5740  2.6008  0.0000  2.5995 21.7401
  5.1375  2.6222  0.0000  1.1558 21.9578
  5.1282  3.2676  0.0000  2.6453 28.6782
  5.6080  2.9080  0.0000  1.4629 24.9044
  5.4400  1.1062  0.0000  2.2933  7.5306
  6.0855  0.9609  0.0000  1.8088  6.3166
  4.2452  3.7126  0.0000  1.1032 33.4375
  4.7272  4.2782  0.0000  2.2701 39.6060
  4.6139  2.8990  0.0000  1.9373 24.8110
  5.6591  1.0842  0.0000  1.5680  7.3443
  5.1725  1.8794  0.0000  2.4226 14.5791
  4.7178  1.8743  0.0000  1.8383 14.5305
  5.5327  2.4405  0.0000  2.8448 20.1127
  5.0528  0.5628  0.0000  1.7083  3.2608
  5.3025  2.0773  0.0000  1.5423 16.4999
  5.2100  3.7470  0.0000  0.8811 33.8097
  5.8071  3.0110  0.0000  2.0052 25.9786
  3.9708  1.3720  0.0000  0.9103  9.8568
  5.3333  2.5782  0.0000  1.5226 21.5092
  5.3050  1.9762  0.0000  0.8489 15.5137
  4.6767  2.6193  0.0000  1.0445 21.9283
  5.2617  2.3030  0.0000  1.1660 18.7324
  5.4338  2.8837  0.0000  0.8077 24.6522
  4.3285  1.8359  0.0000  2.5743 14.1625
  5.1432  1.6610  0.0000  1.6229 12.5077
  5.7581  1.1320  0.0000  1.7817  7.7511
  5.7113  2.0696  0.0000  1.4200 16.4241
  5.2798  2.2034  0.0000  0.4701 17.7415
  5.4197  0.5207  0.0000  2.1709  2.9663
  5.3364  4.2593  0.0000  2.5054 39.3980
  4.4198  4.1709  0.0000  2.6961 38.4263
  5.4779  3.5703  0.0000  0.8628 31.9063
  5.9690  2.9267  0.0000  1.6195 25.0991
  4.9417  1.2153  0.0000  1.6084  8.4704
  5.2343  1.4052  0.0000  1.2403 10.1555
  5.1322  2.6484  0.0000  0.1385 22.2261
  5.4699  1.7509  0.0000  0.9910 13.3542
  5.4303  1.9038  0.0000  1.8206 14.8143
  5.0803  4.0226  0.0000  2.4097 36.8033
  5.7873  3.6847  0.0000  1.2948 33.1369
  4.8828  0.4153  0.0000  2.3361  2.2604
  5.3253  1.2969  0.0000  1.3336  9.1876
  5.8791  2.7239  0.0000  1.0955 23.0009
  5.3243  3.5206  0.0000  0.3960 31.3736
  4.9749  1.1844  0.0000  0.7475  8.2027
  5.7925  2.8333  0.0000  0.3955 24.1299
  4.8462  3.7446  0.0000  0.3070 33.7833
  5.0347  3.4083  0.0000  0.8743 30.1731
  3.6382  3.0846  0.0000  1.0162 26.7492
  5.5497  3.0988  0.0000  1.3143 26.8984
  5.3860  0.7094  0.0000  0.4362  4.3326
  4.6700  1.1717  0.0000  1.6538  8.0926
  5.2275  3.4953  0.0000  1.4822 31.1025
  4.8851  4.4014  0.0000  1.2241 40.9651
  5.4980  4.1053  0.0000  0.2964 37.7078
  3.6560  2.7800  0.0000  1.4886 23.5785
  5.4076  2.0140  0.0000  2.1813 15.8817
  4.8024  2.2769  0.0000  1.1783 18.4719
  4.9251  1.5346  0.0000  3.0544 11.3346
  5.7395  2.3049  0.0000  2.4139 18.7517
  5.2073  0.6833  0.0000  1.3759  4.1362
  5.7130  3.0066  0.0000  1.4525 25.9324
  5.1148  1.6144  0.0000  0.4173 12.0723
  5.1694  3.1907  0.0000  2.9069 27.8654
  4.8990  1.8942  0.0000  2.6580 14.7216
  5.3659  1.9315  0.0000  1.5786 15.0817
  5.2323  3.4188  0.0000  2.3065 30.2855
  5.3996  1.7615  0.0000  0.8683 13.4543
  5.5781  3.8158  0.0000  0.3465 34.5542
  5.0402  3.1225  0.0000  0.7639 27.1475
  5.2932  2.0561  0.0000  2.3848 16.2918
  5.3143  2.5399  0.0000  2.7428 21.1197
  5.1336  2.9602  0.0000  1.1866 25.4483
  5.3223  2.2293  0.0000  0.8267 17.9988
  5.2147  1.8380  0.0000  0.6642 14.1823
  4.5668  1.1431  0.0000  1.1280  7.8465
  5.2585  2.4023  0.0000  1.3621 19.7275
  6.5188  3.5710  0.0000  1.5201 31.9130
  5.5220  2.0792  0.0000  1.4452 16.5180
  4.0646  2.9996  0.0000  2.4483 25.8588
  4.3990  3.9219  0.0000  1.8513 35.7061
  5.1418  0.1655  0.0000  0.6057  0.7868
  3.5186  4.4337  0.0000  0.5535 41.3222
  4.9024  2.3087  0.0000  1.2954 18.7899
  4.7019  3.1042  0.0000  2.4771 26.9545
  5.1223  2.6140  0.0000  2.2892 21.8746
  6.1364  2.8426  0.0000  1.3615 24.2259
  5.2728  1.7544  0.0000  2.3486 13.3873
  5.5528  2.4784  0.0000  2.4394 20.4957
  3.7345  1.3622  0.0000  1.3355  9.7688
  4.5969  2.6957  0.0000  1.9478 22.7111
  5.5365  2.0208  0.0000  2.3632 15.9477
  5.8061  1.2243  0.0000  0.9041  8.5493
  5.2546  1.6619  0.0000  1.6069 12.5160
  5.1096  2.5597  0.0000  0.6641 21.3212
  6.8117  1.3039  0.0000  0.7242  9.2490
  4.4132  2.7975  0.0000  1.5109 23.7597
  3.6236  3.1040  0.0000  2.0977 26.9528
  6.5866  3.8143  0.0000  1.6471 34.5375
  4.5857  3.8942  0.0000  0.9942 35.4050
  5.1230  1.3966  0.0000  0.5913 10.0776
  5.4274  0.9097  0.0000  0.9742  5.8992
  4.2746  3.8676  0.0000  1.1012 35.1153
  4.6490  4.2114  0.0000  0.8951 38.8718
  4.8782  3.3366  0.0000  2.8015 29.4102
  4.2496  2.8606  0.0000  0.2408 24.4128
  5.0125  3.6291  0.0000  1.9436 32.5380
  4.3334  2.4230  0.0000  0.2017 19.9361
  5.0999  0.9138  0.0000  1.0894  5.9322
  4.9967  0.7942  0.0000  0.2082  4.9822
  4.5728  0.8840  0.0000  2.3376  5.6925
  4.7297  2.2485  0.0000  2.1074 18.1891
  4.8197  2.1580  0.0000  2.2232 17.2934
  4.9821  2.0541  0.0000  1.0709 16.2725
  5.8273  2.3939  0.0000  0.5718 19.6437
  4.2958  4.1756  0.0000  2.4482 38.4785
  4.5196  2.0455  0.0000  1.0901 16.1886
  6.1781  2.0325  0.0000  1.9669 16.0614
  3.6549  4.2136  0.0000  1.3831 38.8958
  5.1736  2.4650  0.0000  1.3930 20.3605
  5.0975  2.3857  0.0000  2.6598 19.5613
  4.9726  1.3686  0.0000  2.5254  9.8264
  5.2087  3.5786  0.0000  1.1938 31.9955
  5.3719  2.5805  0.0000  1.8472 21.5328
  4.6294  2.4460  0.0000  2.1931 20.1683
  5.2871  0.5658  0.0000  1.5224  3.2820
  5.2758  3.7645  0.0000  1.8990 33.9986
  5.8384  1.8829  0.0000  0.7657 14.6132
  4.6287  3.4630  0.0000  2.8778 30.7566
  5.3240  1.7124  0.0000  1.7503 12.9907
  6.0752  1.9221  0.0000  1.7108 14.9909
  6.4388  2.1634  0.0000  2.1740 17.3462
  4.1197  4.0595  0.0000  2.0842 37.2059
  5.5275  1.4649  0.0000  1.9471 10.6964
  5.1077  3.5085  0.0000  0.4940 31.2434
  4.7059  1.5952  0.0000  2.1207 11.8941
  4.9187  1.9232  0.0000  2.1063 15.0015
  5.0580  0.6016  0.0000  2.8732  3.5377
  5.3533  2.2745  0.0000  2.3897 18.4482
  3.5427  2.0289  0.0000  1.8104 16.0265
  4.6597  3.9390  0.0000  1.0460 35.8914
  5.0587  3.5637  0.0000  0.5752 31.8357
  5.5485  1.4692  0.0000  1.3216 10.7351
  5.2154  1.9208  0.0000  0.9471 14.9784
  5.0840  1.4074  0.0000  1.7076 10.1749
  5.7972  0.8714  0.0000  0.8956  5.5914
  5.4140  1.7263  0.0000  1.9577 13.1216
  5.8354  3.0312  0.0000  2.5512 26.1896
  4.5020  1.3850  0.0000  1.5138  9.9729
  5.3551  2.8176  0.0000  1.7797 23.9673
  5.2035  3.2235  0.0000  1.4953 28.2115
  5.1953  1.6664  0.0000  1.4509 12.5578
  5.6191  1.4438  0.0000  0.2982 10.5046
  5.0311  4.4281  0.0000  1.8463 41.2601
  5.6880  3.8139  0.0000  1.2229 34.5336
  4.8425  3.7138  0.0000  0.4808 33.4510
  5.8965  2.0339  0.0000  2.1262 16.0755
  5.1532  0.4364  0.0000  1.6243  2.3981
  5.6475  1.1895  0.0000  1.9950  8.2468
  5.0177  3.1355  0.0000  1.9612 27.2838
  5.4239  3.1867  0.0000  1.9401 27.8234
  5.0943  2.5549  0.0000  2.2973 21.2722
  5.4742  3.9269  0.0000  1.9081 35.7603
  4.1186  1.8908  0.0000  0.4055 14.6891
  4.4474  4.0463  0.0000  0.8660 37.0625
  5.2495  1.8016  0.0000  1.8546 13.8351
  5.8195  3.9513  0.0000  1.7381 36.0260
  5.5813  1.4444  0.0000  2.3291 10.5103
  5.1348  0.6155  0.0000  1.8860  3.6378
  4.2534  3.0814  0.0000  1.0071 26.7159
  5.5713  1.5585  0.0000  1.9391 11.5549
  6.1766  1.6099  0.0000  1.7257 12.0307
  4.7997  2.8385  0.0000  1.3138 24.1832
  4.0856  3.0401  0.0000  1.6652 26.2823
  4.7274  1.5360  0.0000  2.0678 11.3470
  3.6329  2.6691  0.0000  1.9627 22.4376
  4.2472  2.6645  0.0000  1.8724 22.3907
  6.1027  3.8916  0.0000  1.7164 35.3761
  5.5277  1.0296  0.0000  1.5529  6.8852
  4.5084  2.7496  0.0000  1.0137 23.2649
  5.6512  2.0696  0.0000  1.3761 16.4238
  5.0674  3.8025  0.0000  0.2995 34.4101
  5.8741  3.6736  0.0000  2.8149 33.0165
  4.5830  3.0507  0.0000  2.0171 26.3935
  5.0145  1.5935  0.0000  2.0334 11.8781
  5.0382  2.0934  0.0000  0.7012 16.6569
  5.0751  0.8473  0.0000  0.7282  5.4001
  5.4603  3.3272  0.0000  1.2912 29.3102
  4.8432  1.7405  0.0000  2.0187 13.2552
  5.5774  1.9755  0.0000  1.5827 15.5072
  6.4367  3.2594  0.0000  2.7594 28.5918
  5.0308  0.5430  0.0000  1.3277  3.1217
  6.1680  3.0076  0.0000  2.7802 25.9432
  4.8059  3.4389  0.0000  0.6810 30.4996
  5.5233  1.7546  0.0000  1.9558 13.3887
  5.6128  0.7376  0.0000  0.6443  4.5465
  6.0570  2.3737  0.0000  1.7076 19.4405
  6.2606  2.7258  0.0000  1.7226 23.0205
  4.4380  0.5346  0.0000  0.4929  3.0629
  5.0066  0.6720  0.0000  2.1576  4.0520
  5.3909  3.2624  0.0000  0.9860 28.6236
  5.3586  4.1746  0.0000  2.3170 38.4673
  5.4675  2.5890  0.0000  1.8421 21.6195
  5.4323  2.7016  0.0000  1.9324 22.7717
  5.3875  1.7520  0.0000  1.9511 13.3639
  5.8884  2.3817  0.0000  0.8428 19.5213
  5.3132  0.8795  0.0000  1.6772  5.6567
  4.9521  1.5225  0.0000  1.2661 11.2231
  5.1197  2.2327  0.0000  0.4343 18.0328
  4.9446  2.6311  0.0000  0.9333 22.0491
  6.0631  1.6101  0.0000  0.6151 12.0324
  5.5402  1.3560  0.0000  1.8718  9.7131
  4.4347  4.1422  0.0000  0.5915 38.1115
  4.1875  2.9212  0.0000  0.6536 25.0416
  5.9785  1.0807  0.0000  1.3597  7.3148
  5.3459  2.9781  0.0000  1.4757 25.6346
  4.9572  2.4985  0.0000  1.1167 20.6999
  5.8709  3.4308  0.0000  2.1136 30.4137
  4.8088  4.1222  0.0000  0.9498 37.8928
  5.0958  1.6749  0.0000  1.8624 12.6379
  5.3793  4.0750  0.0000  1.4639 37.3757
  4.6323  1.9820  0.0000  0.7696 15.5703
  5.2160  2.8307  0.0000  2.0263 24.1025
  5.1721  2.0066  0.0000  1.6963 15.8091
  6.0491  2.0370  0.0000  1.7572 16.1053
  5.6749  1.0888  0.0000  2.0892  7.3833
  5.1931  1.6800  0.0000  1.9009 12.6858
  4.1196  3.2301  0.0000  1.0062 28.2821
  6.1685  3.3528  0.0000  0.4384 29.5828
  3.6117  3.0104  0.0000  1.8315 25.9723
  4.9470  1.2733  0.0000  0.5431  8.9791
  6.1946  1.4921  0.0000  2.3731 10.9444
  4.4100  1.4701  0.0000  2.1114 10.7435
  6.9987  2.8680  0.0000  1.2042 24.4896
  3.7077  1.2869  0.0000  1.1318  9.0987
  4.3273  4.1022  0.0000  2.4375 37.6732
  5.0368  2.1016  0.0000  2.0775 16.7377
  5.3559  3.9751  0.0000  1.5200 36.2855
  5.1313  3.4511  0.0000  1.8111 30.6302
  4.5017  3.5090  0.0000  2.1302 31.2485
  4.0748  3.1684  0.0000  1.0620 27.6308
  5.5964  0.6826  0.0000  0.6691  4.1311
  4.0609  3.1901  0.0000  1.9879 27.8596
  6.1703  2.4482  0.0000  2.1605 20.1907
  6.1555  1.8678  0.0000  2.4427 14.4682
  4.3970  1.4729  0.0000  1.9770 10.7695
  5.5348  0.6182  0.0000  1.7038  3.6575
  5.0865  3.4435  0.0000  1.9487 30.5493
  5.1271  3.0498  0.0000  2.5076 26.3839
  4.6127  1.6009  0.0000  1.8882 11.9475
  4.8418  1.7788  0.0000  1.9897 13.6190
  5.4952  3.8434  0.0000  2.7019 34.8535
  4.8000  2.3857  0.0000  1.2407 19.5612
  4.7386  3.6470  0.0000  1.6550 32.7305
  5.4847  2.8372  0.0000  2.3381 24.1697
  5.2014  1.0502  0.0000  1.8711  7.0572
  5.5368  1.1449  0.0000  0.3795  7.8614
  5.2253  1.3571  0.0000  0.8701  9.7230
  5.1144  1.8107  0.0000  1.6705 13.9220
  5.2186  1.4101  0.0000  0.2699 10.1997
  5.3338  2.1096  0.0000  0.5118 16.8160
  5.2252  4.2775  0.0000  1.2136 39.5982
  5.2575  2.4077  0.0000  2.1848 19.7823
  5.8141  1.9183  0.0000  2.8711 14.9536
  5.3950  2.7268  0.0000  0.8527 23.0306
  5.4350  2.9758  0.0000  0.7045 25.6107
  5.2242  4.3771  0.0000  1.9442 40.6962
  5.3289  0.7028  0.0000  2.1233  4.2827
  5.2000  3.5968  0.0000  2.8745 32.1906
  5.0584  2.9187  0.0000  0.7886 25.0158
  6.5903  2.7307  0.0000  2.2351 23.0704
  4.9914  2.5556  0.0000  1.0787 21.2794
  4.7808  3.7816  0.0000  0.5133 34.1833
  3.8791  2.9250  0.0000  1.8396 25.0811
  5.4234  2.1227  0.0000  2.2633 16.9448
  4.7148  3.6285  0.0000  1.3302 32.5317
  5.1579  0.6649  0.0000  1.3874  4.0000
  5.6405  1.7947  0.0000  1.0190 13.7700
  5.1856  3.3981  0.0000  1.2792 30.0651
  5.3585  0.8948  0.0000  2.8670  5.7793
  4.5932  1.5416  0.0000  2.2805 11.3985
  5.6837  2.5983  0.0000  0.5113 21.7141
  5.2353  2.7224  0.0000  1.8436 22.9852
  5.2569  1.9432  0.0000  1.7379 15.1944
  5.3957  3.2273  0.0000  1.0522 28.2518
  5.0032  1.2086  0.0000  1.1074  8.4120
  5.7005  4.2892  0.0000  2.1737 39.7266
  5.1418  3.8680  0.0000  1.9434 35.1196
  4.2711  1.9390  0.0000  2.3530 15.1535
  5.3243  2.2711  0.0000  2.0550 18.4143
  5.2547  2.8317  0.0000  1.1538 24.1135
  5.3389  0.9210  0.0000  1.4837  5.9906
  4.9436  2.3947  0.0000  1.0629 19.6512
  5.3848  1.7654  0.0000  1.2350 13.4911
  5.7972  2.4256  0.0000  0.4299 19.9622
  4.1520  3.3138  0.0000  1.5134 29.1678
  3.8496  2.3485  0.0000  1.6150 19.1874
  3.9401  3.9785  0.0000  0.7497 36.3218
  4.7328  2.0199  0.0000  1.4263 15.9385
  5.1616  4.1338  0.0000  2.5225 38.0197
  4.1008  1.3837  0.0000  2.2048  9.9617
  3.6140  1.9727  0.0000  0.8229 15.4802
  5.5290  1.9410  0.0000  2.2845 15.1734
  4.9363  1.4322  0.0000  2.8385 10.3992
  5.1425  2.3749  0.0000  1.1232 19.4527
  4.7149  4.3671  0.0000  0.8851 40.5863
  4.6566  1.6178  0.0000  1.4254 12.1042
  4.6956  0.9983  0.0000  1.3457  6.6244
  5.2651  1.4318  0.0000  1.9723 10.3958
  5.1427  2.9365  0.0000  1.3408 25.2007
  4.8080  1.9262  0.0000  1.2046 15.0302
  5.0021  0.6455  0.0000  1.2763  3.8569
  5.5235  2.8800  0.0000  2.3941 24.6139
  5.8861  3.8672  0.0000  1.2074 35.1112
  5.0222  3.0782  0.0000  1.9944 26.6816
  5.3931  3.4845  0.0000  2.1913 30.9873
  6.6616  3.0900  0.0000  1.2990 26.8060
  5.5807  1.4269  0.0000  1.9787 10.3515
  5.3744  3.0832  0.0000  2.8585 26.7342
  4.8096  1.3590  0.0000  1.6155  9.7402
  5.5367  2.6964  0.0000  0.7637 22.7183
  4.5995  2.9690  0.0000  2.7460 25.5397
  5.3099  3.4891  0.0000  1.8017 31.0357
  4.8641  1.0932  0.0000  2.2823  7.4203
  5.3156  2.3224  0.0000  1.5389 18.9261
  4.0834  3.1545  0.0000  2.0311 27.4845
  4.2429  3.7895  0.0000  1.0833 34.2687
  5.5498  2.7899  0.0000  2.2149 23.6813
  4.0532  3.2235  0.0000  2.2088 28.2123
  4.3320  4.0585  0.0000  0.2131 37.1958
  4.6765  1.1224  0.0000  1.3387  7.6689
  5.2492  2.8005  0.0000  2.0036 23.7906
  5.2295  1.5398  0.0000  2.0109 11.3825
  5.8767  3.9390  0.0000  0.7314 35.8917
  5.5241  1.8536  0.0000  1.9676 14.3320
  4.6258  1.8594  0.0000  3.0876 14.3879
  5.3236  2.9762  0.0000  1.0252 25.6144
  5.4626  4.0558  0.0000  2.1274 37.1659
  5.1530  4.4030  0.0000  2.5099 40.9830
  5.2396  0.9622  0.0000  1.6944  6.3269
  5.2869  2.6429  0.0000  1.9723 22.1697
  3.9632  2.0195  0.0000  1.6797 15.9350
  4.4829  4.0275  0.0000  1.8894 36.8567
  4.2176  2.4463  0.0000  1.5057 20.1711
  5.1338  1.6414  0.0000  1.6223 12.3241
  5.5688  4.2887  0.0000  1.3113 39.7214
  5.8974  0.4799  0.0000  2.3048  2.6877
  5.2886  0.9210  0.0000  2.7041  5.9912
  5.1944  3.4443  0.0000  1.6335 30.5570
  5.5376  2.7693  0.0000  2.1040 23.4684
  5.6469  2.5067  0.0000  1.2843 20.7821
  6.1115  2.7090  0.0000  1.1891 22.8470
  5.1042  2.7023  0.0000  1.0945 22.7784
  5.2768  1.7300  0.0000  1.4056 13.1565
  5.6797  4.3026  0.0000  1.5327 39.8753
  4.2983  1.8646  0.0000  1.2556 14.4375
  6.0269  2.9515  0.0000  1.4606 25.3571
  5.5168  3.1618  0.0000  2.1338 27.5607
  4.8143  0.8661  0.0000  1.6561  5.5496
  4.9658  3.1855  0.0000  0.7381 27.8111
  4.6138  3.3068  0.0000  2.3716 29.0945
  4.7172  2.7298  0.0000  1.8415 23.0618
  4.6766  1.7296  0.0000  2.4134 13.1526
  5.2213  4.4554  0.0000  1.8017 41.5628
  5.5270  4.3429  0.0000  2.5403 40.3193
  5.9480  0.9520  0.0000  1.6001  6.2437
  4.5610  3.0635  0.0000  2.9608 26.5284
  5.4865  1.3870  0.0000  0.3806  9.9915
  4.8344  0.3487  0.0000  1.0322  1.8377
  4.0688  2.8204  0.0000  0.9022 23.9962
  4.6418  3.6033  0.0000  1.0118 32.2604
  5.0533  2.9210  0.0000  3.0605 25.0392
  5.2125  1.9490  0.0000  1.6195 15.2502
  5.5111  1.7181  0.0000  2.5161 13.0437
  5.9786  1.6241  0.0000  1.7801 12.1632
  4.9811  3.6440  0.0000  2.3678 32.6978
  5.4037  0.8936  0.0000  2.1807  5.7692
  5.0714  2.9872  0.0000  0.9688 25.7293
  5.5106  3.5402  0.0000  1.6881 31.5830
  6.5736  3.8402  0.0000  2.2229 34.8178
  6.3186  2.1716  0.0000  2.0143 17.4271
  5.0030  4.1622  0.0000  2.7184 38.3314
  5.1466  0.6461  0.0000  2.9202  3.8610
  6.2692  3.7128  0.0000  2.2962 33.4396
  5.0470  3.4728  0.0000  2.6717 30.8614
  6.0159  2.7574  0.0000  1.9670 23.3454
  4.8138  3.3600  0.0000  2.4348 29.6586
  5.0872  2.6720  0.0000  1.1498 22.4674
  6.0792  3.8143  0.0000  0.3133 34.5374
  4.1573  2.3073  0.0000  1.9765 18.7757
  6.1654  3.2412  0.0000  0.7719 28.3989
  5.1783  1.3184  0.0000  1.3855  9.3779
  6.9460  2.9439  0.0000  0.5619 25.2784
  5.3414  4.3208  0.0000  0.9258 40.0753
  5.0773  1.5518  0.0000  0.9569 11.4930
  5.0061  3.0526  0.0000  2.3634 26.4135
  5.5721  2.5597  0.0000  2.3469 21.3206
  4.9778  2.5771  0.0000  2.4008 21.4977
  4.8890  2.8071  0.0000  0.8814 23.8588
  5.4205  0.9322  0.0000  2.4181  6.0820
  5.0440  4.2141  0.0000  2.2713 38.9004
  5.2161  3.0357  0.0000  1.7017 26.2365
  4.8733  1.4193  0.0000  1.9665 10.2822
  4.6284  0.9920  0.0000  1.8019  6.5726
  5.1693  2.7877  0.0000  1.8345 23.6580
  5.0742  3.1991  0.0000  2.1745 27.9548
  5.2926  2.4093  0.0000  1.1493 19.7985
  4.3718  3.3037  0.0000  1.3731 29.0610
  5.2144  2.2586  0.0000  2.4620 18.2899
  5.2900  2.1066  0.0000  1.9062 16.7871
  4.3336  0.6813  0.0000  1.3309  4.1217
  5.1013  1.1702  0.0000  2.5396  8.0795
  4.8058  1.3549  0.0000  1.3972  9.7035
  5.3762  2.7527  0.0000  0.8603 23.2976
  4.9352  2.7420  0.0000  1.2177 23.1869
  5.3765  2.0116  0.0000  1.5343 15.8584
  4.6097  3.6802  0.0000  1.1544 33.0884
  5.4154  2.1622  0.0000  1.3484 17.3347
  4.8216  2.9309  0.0000  1.3498 25.1430
  3.7907  1.4148  0.0000  1.0816 10.2417
  5.4986  0.9633  0.0000  0.7490  6.3361
  3.5921  2.3030  0.0000  1.0538 18.7325
  5.3388  2.7830  0.0000  1.1190 23.6099
  5.6684  1.8946  0.0000  2.1885 14.7259
  4.8284  2.3827  0.0000  2.2541 19.5312
  6.0619  4.3150  0.0000  1.3427 40.0111
  4.8857  3.9434  0.0000  2.0677 35.9396
  5.1972  2.8833  0.0000  0.9904 24.6483
  3.6476  2.2801  0.0000  2.6963 18.5036
  6.7958  1.2198  0.0000  1.9111  8.5095
  5.5787  1.7384  0.0000  0.9537 13.2362
  3.9922  3.5142  0.0000  1.2824 31.3042
  4.8302  1.2544  0.0000  2.1917  8.8128
  5.2408  3.7081  0.0000  1.2722 33.3890
  5.3665  2.5475  0.0000  1.7539 21.1965
  5.8438  4.4721  0.0000  1.8507 41.7477
  5.1747  3.5494  0.0000  1.9234 31.6816
  3.9561  2.8511  0.0000  2.6618 24.3134
  3.6401  1.8572  0.0000  1.9495 14.3668
  5.2599  1.5318  0.0000  2.4213 11.3084
  5.9734  3.0749  0.0000  0.2598 26.6469
  4.9152  4.1325  0.0000  1.4744 38.0053
  6.0052  0.4752  0.0000  1.3019  2.6559
  5.1905  4.0275  0.0000  0.9489 36.8565
  4.3223  1.6685  0.0000  1.8407 12.5779
  4.7045  1.8283  0.0000  1.4419 14.0896
  5.0099  1.6017  0.0000  1.9966 11.9551
  5.3193  1.0700  0.0000  0.3276  7.2241
  4.3128  3.6334  0.0000  1.8673 32.5846
  5.3442  1.4506  0.0000  2.3860 10.5664
  6.0404  2.5941  0.0000  2.5374 21.6716
  4.2520  3.2397  0.0000  1.1646 28.3827
  5.0193  3.5750  0.0000  1.6926 31.9559
  5.1884  2.5508  0.0000  1.2420 21.2299
  5.1061  2.5896  0.0000  2.4976 21.6257
  5.0847  4.2081  0.0000  2.5009 38.8349
  4.1648  1.4079  0.0000  2.1432 10.1792
  4.4851  0.6929  0.0000  1.5879  4.2081
  4.8067  3.0400  0.0000  2.5363 26.2821
  5.0805  4.1829  0.0000  2.2546 38.5581
  5.1338  2.1097  0.0000  1.8107 16.8173
  4.9180  3.0020  0.0000  0.6813 25.8841
  5.4211  0.7258  0.0000  1.9531  4.4564
  6.0497  3.2865  0.0000  1.3594 28.8789
  5.4810  2.5205  0.0000  1.5233 20.9223
  4.1737  4.1439  0.0000  1.5187 38.1307
  4.9124  1.4416  0.0000  1.2684 10.4847
  4.8943  2.0720  0.0000  1.2015 16.4472
  4.9843  1.7922  0.0000  1.0375 13.7460
  4.4383  4.1844  0.0000  1.3904 38.5750
  4.9730  2.2093  0.0000  1.1255 17.8000
  4.9086  4.4562  0.0000  1.7733 41.5720
  5.3406  1.6975  0.0000  1.5686 12.8506
  5.7640  3.4835  0.0000  1.3744 30.9763
  5.3796  2.0849  0.0000  1.2416 16.5742
  4.6310  0.4650  0.0000  0.5801  2.5878
  4.9372  2.5641  0.0000  2.2169 21.3656
  4.9127  3.5878  0.0000  2.6693 32.0935
  5.5427  3.9170  0.0000  0.2427 35.6528
  4.6929  1.8324  0.0000  1.8939 14.1291
  4.7854  3.5659  0.0000  1.8572 31.8587
  5.1952  3.7767  0.0000  1.0747 34.1302
  5.6834  2.6158  0.0000  1.2935 21.8932
  4.9352  0.5392  0.0000  1.7375  3.0948
  4.8707  3.8046  0.0000  2.2296 34.4327
  5.4720  3.1941  0.0000  2.9241 27.9018
  5.0562  2.2364  0.0000  1.9602 18.0696
  5.1299  3.3960  0.0000  1.9601 30.0427
  3.9290  3.2750  0.0000  1.6469 28.7571
  5.0998  3.1889  0.0000  2.2177 27.8469
  5.0740  2.0208  0.0000  1.4314 15.9473
  5.5633  2.1262  0.0000  1.8952 16.9801
  3.7102  2.1644  0.0000  2.3336 17.3565
  3.8378  3.3960  0.0000  1.4360 30.0419
  5.3113  0.7629  0.0000  1.2765  4.7405
  5.4522  3.9351  0.0000  1.3218 35.8498
  5.8834  0.9565  0.0000  1.0115  6.2800
  3.7425  0.7853  0.0000  1.4618  4.9132
  4.8031  3.7672  0.0000  1.0852 34.0271
  5.3736  3.7960  0.0000  2.6435 34.3392
  5.5763  0.4606  0.0000  0.7479  2.5583
  5.6383  4.1148  0.0000  0.7646 37.8114
  5.4714  1.7432  0.0000  2.2899 13.2807
  5.3268  1.9977  0.0000  1.1174 15.7230
  4.8333  3.1765  0.0000  2.5922 27.7160
  6.4438  2.3955  0.0000  0.4478 19.6592
  6.0826  0.9330  0.0000  1.5679  6.0884
  5.5950  2.2237  0.0000  2.7387 17.9435
  5.1235  3.3615  0.0000  1.2202 29.6745
  5.1910  2.6633  0.0000  3.0103 22.3788
  4.8459  2.1950  0.0000  0.4771 17.6588
  4.9606  3.4206  0.0000  0.5874 30.3045
  4.9543  1.8803  0.0000  2.3368 14.5883
  4.7567  2.8565  0.0000  2.4056 24.3697
  5.1550  3.9606  0.0000  0.5402 36.1268
  4.6479  2.5805  0.0000  1.1400 21.5323
  5.4145  1.3496  0.0000  1.1640  9.6561
  5.2239  0.5801  0.0000  2.2884  3.3836
  6.2615  2.3716  0.0000  2.8803 19.4196
  4.8430  3.4111  0.0000  2.5325 30.2037
  5.3554  0.8014  0.0000  1.4640  5.0386
  4.8141  3.8841  0.0000  1.1534 35.2946
  4.6818  4.2803  0.0000  1.2874 39.6296
  6.5984  1.1820  0.0000  1.8292  8.1815
  4.9297  4.0545  0.0000  2.2235 37.1514
  6.1518  1.8557  0.0000  1.1051 14.3519
  5.0718  2.6908  0.0000  1.6581 22.6606
  5.0583  2.7980  0.0000  1.9569 23.7647
  5.5806  1.8311  0.0000  1.3601 14.1166
  5.7682  0.9855  0.0000  2.4526  6.5190
  5.2387  0.9839  0.0000  1.0645  6.5053
  5.2991  2.5315  0.0000  2.1167 21.0341
  5.7747  2.1007  0.0000  1.4023 16.7288
  5.8554  1.9994  0.0000  0.8178 15.7393
  5.0918  0.5447  0.0000  2.5311  3.1334
  3.8931  1.8791  0.0000  1.7495 14.5767
  5.1635  1.5982  0.0000  1.2612 11.9219
  5.5795  2.6060  0.0000  2.4029 21.7926
  6.5586  1.9694  0.0000  1.0962 15.4485
  4.6039  0.5990  0.0000  1.4576  3.5184
  5.1859  2.1604  0.0000  1.6394 17.3166
  5.9147  3.8911  0.0000  0.5867 35.3706
  5.2862  1.7916  0.0000  1.8803 13.7400
  5.1535  1.6847  0.0000  1.7319 12.7298
  4.4428  1.0318  0.0000  1.3711  6.9031
  6.4130  1.2738  0.0000  2.7655  8.9829
  4.6231  0.8755  0.0000  2.3758  5.6245
  5.4344  0.7952  0.0000  2.7368  4.9903
  6.2545  4.4882  0.0000  2.5303 41.9259
  3.6773  1.1726  0.0000  2.6468  8.1000
  4.5484  3.2854  0.0000  0.5099 28.8676
  6.0567  2.7985  0.0000  1.8248 23.7692
  4.9330  3.0784  0.0000  2.9498 26.6838
  5.0534  3.0299  0.0000  1.1256 26.1763
  4.7526  2.4046  0.0000  0.9212 19.7509
  5.4057  0.4888  0.0000  0.4912  2.7479
  5.8197  4.0785  0.0000  2.2081 37.4137
  4.4683  3.3686  0.0000  2.4940 29.7504
  5.0972  3.0649  0.0000  1.7960 26.5426
  4.5869  4.2880  0.0000  2.5724 39.7137
  5.0738  3.4129  0.0000  1.2773 30.2220
  5.5305  2.1509  0.0000  2.5491 17.2226
  5.3313  1.8515  0.0000  0.8901 14.3123
  6.6896  2.8961  0.0000  0.8015 24.7811
  4.4795  3.6385  0.0000  0.5862 32.6393
  5.0863  2.7209  0.0000  0.5269 22.9699
  4.8149  1.3597  0.0000  1.8777  9.7460
  5.0330  2.0800  0.0000  1.9175 16.5265
  4.8939  3.3921  0.0000  1.0296 30.0009
  3.8056  3.7576  0.0000  1.1207 33.9238
  5.3968  2.1330  0.0000  2.0194 17.0468
  6.0763  3.4465  0.0000  1.3880 30.5809
  4.4462  1.7767  0.0000  0.1778 13.5985
  4.9353  3.4607  0.0000  1.7941 30.7326
  4.9003  2.1422  0.0000  2.0901 17.1370
  6.0043  0.2689  0.0000  2.0503  1.3586
  5.9432  4.2683  0.0000  1.8665 39.4973
  5.3408  1.1739  0.0000  1.7477  8.1113
  5.7841  2.2869  0.0000  1.1818 18.5720
  5.1975  1.2356  0.0000  2.4347  8.6479
  4.3032  4.0177  0.0000  1.9428 36.7501
  5.1296  3.2475  0.0000  0.5377 28.4656
  5.8051  3.6102  0.0000  2.2412 32.3345
  5.4992  3.4074  0.0000  2.2691 30.1632
  3.9221  3.6288  0.0000  2.4953 32.5341
  5.2124  3.0485  0.0000  2.5310 26.3710
  5.0049  3.2012  0.0000  1.7627 27.9769
  5.8485  1.2363  0.0000  1.7383  8.6539
  5.3018  3.8887  0.0000  2.4678 35.3449
  4.1228  3.9442  0.0000  2.8175 35.9480
  5.0473  0.1450  0.0000  1.4302  0.6800
  4.6504  2.7028  0.0000  0.9319 22.7838
  5.0001  3.4453  0.0000  2.0570 30.5683
  5.1454  2.9951  0.0000  1.7231 25.8126
  5.3275  2.4638  0.0000  2.4587 20.3478
