  6.5417  1.4816  0.8199  0.5049 10.8486
  6.2627  1.7758  0.9938  1.7943 13.5905
  6.1264  2.4770  0.9914  1.6483 20.4817
  6.4797  0.3321  0.8874  1.4405  1.7357
  5.7059  2.1288  0.9944  0.9209 17.0048
  6.0657  2.9061  0.9787  0.9565 24.8851
  5.6411  3.2563  0.9719  1.8133 28.5594
  6.2499  3.5960  0.9742  1.5750 32.1823
  6.5588  2.7715  0.8394  0.2246 23.4907
  6.4997  1.7925  0.8845  1.4596 13.7490
  5.7396  1.4580  0.9840  1.5381 10.6334
  5.1113  2.6281  0.9750  0.8469 22.0180
  6.3290  3.7402  0.9879  3.0069 33.7352
  5.3283  3.9150  0.9817  0.1624 35.6309
  5.3979  3.9290  0.9798  1.4304 35.7825
  6.1112  1.5864  0.9980  1.6711 11.8124
  5.9193  1.9208  0.9948  0.8558 14.9782
  5.9779  1.4728  0.9674  1.0487 10.7683
  6.8800  0.6539  0.5648  2.2828  3.9182
  6.6510  1.9665  0.7030  1.9883 15.4199
  6.4723  3.5667  0.9566  1.3777 31.8670
  6.0100  2.7396  0.9979  0.2155 23.1618
  6.2487  2.5999  0.9783  3.0060 21.7300
  4.8057  2.0011  0.9670  2.5182 15.7553
  5.9458  2.1031  0.9915  1.1344 16.7525
  5.7220  4.1154  0.9688  1.6644 37.8179
  6.8316  1.7261  0.4753  1.4572 13.1192
  6.5626  4.1386  0.9018  2.7619 38.0720
  6.8215  0.6482  0.8104  1.1116  3.8761
  5.4355  2.0576  0.9886  0.8556 16.3063
  5.9703  0.6980  0.9947  1.6370  4.2463
  5.4848  2.6510  0.9971  2.8175 22.2528
  5.4088  2.3937  0.9679  0.3827 19.6416
  5.7456  1.4560  0.9934  2.5081 10.6149
  5.5576  1.2388  0.9956  0.9403  8.6759
  6.8397  2.5136  0.9487  1.7549 20.8523
  6.3150  2.0801  0.9358  1.5575 16.5270
  5.6529  1.8923  0.9688  2.7820 14.7035
  6.0107  3.1178  0.9723  2.5772 27.0982
  5.8039  2.4548  0.9868  2.4215 20.2576
  5.9339  1.5124  0.9824  1.1732 11.1305
  5.7165  2.3123  0.9928  2.1217 18.8254
  5.6266  1.5915  0.9935  2.9739 11.8595
  4.6738  1.2610  0.9954  1.8365  8.8710
  5.9843  2.3856  0.9734  0.9905 19.5597
  6.7331  2.4423  0.5480  1.7559 20.1306
  3.7437  0.8715  0.9775  0.8685  5.5920
  4.9927  3.5531  0.9704  0.5009 31.7213
  5.4040  1.7822  0.9772  2.0913 13.6510
  5.9797  3.3685  0.9980  1.8715 29.7500
  5.1140  3.3246  0.9782  0.2411 29.2828
  5.2229  3.2447  0.9900  0.6926 28.4367
  5.9784  1.3663  0.9979  1.6792  9.8050
  5.0723  3.8096  0.9972  2.5758 34.4869
  5.4590  2.2690  0.9819  1.5844 18.3930
  5.5710  1.5406  0.9685  0.4811 11.3894
  5.3000  2.3981  0.9722  2.1875 19.6862
  6.7706  1.7482  0.5863  2.2964 13.3280
  5.2640  2.1394  0.9673  0.2452 17.1093
  5.9251  2.5522  0.9940  0.2205 21.2443
  5.2217  1.7703  0.9821  1.6629 13.5383
  5.5950  3.8365  0.9792  1.8585 34.7783
  5.2824  1.9737  0.9859  0.5389 15.4896
  5.9849  3.4258  0.9964  0.4349 30.3594
  5.7178  2.2256  0.9980  0.3399 17.9621
  6.7916  1.0516  0.4879  0.5303  7.0692
  6.2647  1.9957  0.9752  1.4969 15.7031
  6.1482  3.9741  0.9694  1.6967 36.2738
  6.6616  2.9856  0.9277  2.0083 25.7128
  5.4248  2.9137  0.9980  0.6107 24.9637
  6.1490  1.3796  0.9770  2.0319  9.9243
  5.2106  1.8838  0.9843  1.0599 14.6213
  5.2605  2.0920  0.9743  1.7723 16.6436
  5.6860  1.0515  0.9772  0.2531  7.0686
  5.1979  1.3109  0.9848  0.9627  9.3114
  5.1793  4.4981  0.9737  1.2921 42.0352
  5.5740  1.1476  0.9839  1.7816  7.8849
  5.2061  3.2845  0.9948  2.8278 28.8573
  6.2364  0.4484  0.9698  2.3363  2.4774
  6.3296  2.4578  0.9923  1.8327 20.2879
  6.8359  2.2315  0.5099  0.9807 18.0205
  5.5431  2.3586  0.9881  0.3383 19.2891
  6.7971  1.1492  0.9905  1.1877  7.8987
  6.7125  1.1753  0.9013  1.9968  8.1235
  5.9389  1.7523  0.9763  0.4997 13.3674
  5.3793  0.8230  0.9876  2.8491  5.2075
  5.3742  1.5527  0.9802  0.2793 11.5007
  6.7409  2.5157  0.9942  2.8880 20.8739
  6.6653  1.2441  0.9599  0.7129  8.7226
  6.5033  4.4457  0.7919  0.7577 41.4548
  5.4347  2.6734  0.9936  2.0431 22.4820
  6.5209  3.4793  0.9082  0.9372 30.9310
  6.2672  4.3713  0.9980  2.6003 40.6328
  6.8174  1.8005  0.7833  1.3566 13.8244
  5.7728  3.9560  0.9870  0.1559 36.0774
  6.3280  1.4396  0.9719  2.1162 10.4659
  6.9917  1.9670  0.3252  1.2584 15.4252
  6.4383  1.5930  0.9137  1.1613 11.8741
  6.1589  2.3332  0.9823  1.2549 19.0345
  5.6950  2.9006  0.9736  1.5031 24.8280
  6.0337  4.0002  0.9815  0.9160 36.5590
  5.2600  2.3211  0.9755  0.6490 18.9136
  6.6706  4.1650  0.6695  0.8726 38.3620
  4.9746  3.1199  0.9899  0.1204 27.1204
  5.9954  2.3327  0.9835  2.0785 19.0294
  5.9383  0.7093  0.9930  2.5817  4.3318
  5.8634  2.6029  0.9727  1.2578 21.7614
  6.4474  2.1641  0.8651  2.2994 17.3532
  6.4644  2.9896  0.9336  0.4962 25.7550
  5.4461  1.8298  0.9958  1.8661 14.1045
  4.4253  3.8799  0.9749  1.7427 35.2497
  6.9083  1.9008  0.6669  2.4370 14.7850
  5.3494  2.8892  0.9968  2.2516 24.7088
  5.2958  2.3259  0.9818  0.7826 18.9618
  6.2715  2.1510  0.9954  0.4874 17.2240
  6.1385  1.0162  0.9703  0.1654  6.7734
  5.6508  3.3850  0.9836  1.6766 29.9248
  5.0137  4.0977  0.9775  0.5155 37.6240
  6.4712  1.4336  0.9357  1.9734 10.4116
  6.1536  1.5459  0.9942  0.8699 11.4388
  6.5172  0.8496  0.8612  0.8591  5.4180
  6.8956  3.2044  0.4472  2.8276 28.0106
  5.3194  3.1720  0.9757  0.0509 27.6683
  5.3382  2.0341  0.9882  1.5206 16.0774
  5.5888  2.4070  0.9676  0.3306 19.7756
  5.5131  1.7843  0.9860  2.4544 13.6711
  6.7863  3.2461  0.7590  0.3832 28.4508
  5.8646  2.7392  0.9778  1.7482 23.1584
  5.0984  0.7612  0.9874  1.7156  4.7273
  5.0645  2.9729  0.9842  1.1237 25.5801
  5.1098  1.9281  0.9842  2.0476 15.0488
  5.8688  0.8557  0.9781  1.3441  5.4667
  5.5984  4.4412  0.9694  2.2915 41.4059
  5.7844  1.2137  0.9838  0.7372  8.4567
  5.5342  3.9116  0.9724  0.8612 35.5932
  6.3482  0.7291  0.9811  1.2864  4.4814
