  6.2801  2.0229  0.0000  2.1211 15.9682
  5.2594  3.1699  0.0000  0.5847 27.6465
  5.4217  2.0470  0.0000  1.5152 16.2033
  5.1779  3.0115  0.0000  1.4374 25.9830
  5.3130  2.6691  0.0000  2.3770 22.4381
  5.8808  3.6357  0.0000  1.8698 32.6092
  6.7719  1.6003  0.0000  1.9145 11.9416
  5.4542  3.1995  0.0000  0.4010 27.9590
  4.4660  3.8783  0.0000  2.2338 35.2317
  6.5986  2.9700  0.0000  1.1180 25.5504
  5.0065  2.7908  0.0000  1.9291 23.6901
  6.1258  1.5546  0.0000  2.2183 11.5188
  5.2299  2.0272  0.0000  2.2959 16.0101
  5.2318  0.8313  0.0000  1.8218  5.2736
  4.7226  2.2158  0.0000  0.8320 17.8645
  5.4890  2.6534  0.0000  1.9579 22.2775
  4.5761  1.2075  0.0000  0.6629  8.4030
  3.5519  2.2326  0.0000  1.3336 18.0316
  5.0462  2.9345  0.0000  2.4882 25.1799
  6.6338  3.2282  0.0000  2.5304 28.2614
  5.0063  4.3930  0.0000  1.6281 40.8726
  5.5267  3.9024  0.0000  1.6004 35.4938
  4.1052  2.6652  0.0000  1.0652 22.3981
  4.4249  2.3098  0.0000  2.4526 18.8007
  4.7337  3.5388  0.0000  2.5401 31.5676
  5.1407  2.2717  0.0000  0.5832 18.4199
  5.1196  1.0017  0.0000  2.6625  6.6527
  4.9544  2.0455  0.0000  1.9416 16.1889
  5.2012  2.8706  0.0000  2.5743 24.5155
  5.2514  0.3765  0.0000  2.4216  2.0117
  5.2237  2.4489  0.0000  1.2978 20.1975
  5.0566  1.1893  0.0000  1.1813  8.2446
  4.2100  4.4406  0.0000  1.0244 41.3991
  5.3955  1.5496  0.0000  2.1804 11.4724
  5.3328  2.8365  0.0000  0.5842 24.1629
  5.2196  1.5567  0.0000  0.7273 11.5376
  4.3469  0.9463  0.0000  2.5938  6.1964
  5.7610  2.1945  0.0000  1.3216 17.6538
  4.9316  1.7250  0.0000  2.0450 13.1093
  5.3589  0.8988  0.0000  1.1189  5.8113
  5.3519  2.7543  0.0000  0.4169 23.3137
  4.5142  1.4681  0.0000  2.4723 10.7249
  5.7970  3.7924  0.0000  1.3170 34.3005
  5.7698  1.4383  0.0000  1.1444 10.4549
  6.7126  2.2150  0.0000  2.0989 17.8565
  4.2032  3.9564  0.0000  1.4051 36.0816
  5.0619  3.4619  0.0000  2.5624 30.7453
  4.0238  1.3512  0.0000  0.4059  9.6704
  4.6675  3.5572  0.0000  1.9819 31.7650
  5.7619  2.6484  0.0000  0.5903 22.2257
  5.5754  3.6590  0.0000  1.3737 32.8594
  4.6687  3.0665  0.0000  1.4910 26.5590
  5.5948  4.0394  0.0000  1.5986 36.9864
  5.0088  3.7006  0.0000  1.6071 33.3083
  5.2426  1.5834  0.0000  0.5889 11.7853
  5.7050  2.1239  0.0000  2.1173 16.9568
  6.7938  1.9712  0.0000  1.5745 15.4658
  6.7307  1.2080  0.0000  1.8970  8.4070
  4.3491  1.1525  0.0000  1.0424  7.9271
  5.5645  0.7626  0.0000  2.1754  4.7375
  5.5272  2.5129  0.0000  1.7556 20.8455
  5.2780  3.7405  0.0000  2.7976 33.7392
  5.3698  2.3342  0.0000  1.9973 19.0445
  4.8422  2.6453  0.0000  1.0895 22.1943
  5.4419  1.8978  0.0000  0.5872 14.7560
  5.2495  1.2790  0.0000  2.3752  9.0293
  6.0680  4.0261  0.0000  0.2419 36.8417
  4.9488  2.3923  0.0000  0.7798 19.6272
  4.8182  3.3173  0.0000  0.3871 29.2051
  5.0594  0.7702  0.0000  1.6380  4.7961
  4.6900  1.7181  0.0000  1.4234 13.0444
  5.5359  3.9079  0.0000  2.0787 35.5538
  5.6557  3.1454  0.0000  0.6272 27.3888
  5.0260  0.5539  0.0000  2.1490  3.1982
  3.9375  0.8650  0.0000  1.1674  5.5405
  4.0945  2.0677  0.0000  1.5367 16.4053
  4.9215  4.1662  0.0000  0.4320 38.3749
  5.1678  3.4687  0.0000  1.8359 30.8174
  5.4972  2.4067  0.0000  0.8342 19.7720
  5.2411  2.4452  0.0000  1.5752 20.1603
  6.5743  3.5098  0.0000  1.5896 31.2570
  4.7046  1.7001  0.0000  1.7180 12.8744
  5.0830  3.0707  0.0000  1.6975 26.6029
  4.7583  3.2274  0.0000  1.8841 28.2532
  3.6550  2.3335  0.0000  1.9331 19.0372
  5.9471  3.7078  0.0000  0.9254 33.3856
  4.7243  3.9893  0.0000  3.0394 36.4395
  4.9635  1.8011  0.0000  1.1985 13.8305
  4.8824  1.7596  0.0000  2.1246 13.4360
  5.3828  3.3403  0.0000  1.0344 29.4496
  5.1365  1.2705  0.0000  2.5934  8.9540
  5.6032  1.4891  0.0000  1.3887 10.9173
  5.7656  4.4911  0.0000  2.2421 41.9579
  5.2851  1.3244  0.0000  2.7696  9.4314
  4.7271  3.2044  0.0000  1.7642 28.0103
  5.3457  2.4096  0.0000  1.8593 19.8017
  4.8670  3.7501  0.0000  1.8395 33.8424
  4.8755  0.5862  0.0000  0.5513  3.4272
  5.1544  1.6359  0.0000  1.0904 12.2730
  5.6673  0.4375  0.0000  1.5675  2.4050
  5.4414  2.4338  0.0000  2.1688 20.0456
  6.3010  3.0053  0.0000  1.6721 25.9187
  4.6735  1.8258  0.0000  0.9661 14.0663
  5.1432  2.8780  0.0000  0.9922 24.5929
  4.8013  3.4151  0.0000  2.5562 30.2462
  5.2012  0.8853  0.0000  2.3250  5.7027
  5.2682  1.8497  0.0000  1.4740 14.2949
  4.4114  2.3618  0.0000  2.4852 19.3213
  5.2380  0.8329  0.0000  1.3690  5.2861
  3.7159  3.7406  0.0000  1.4724 33.7400
  5.2071  0.8677  0.0000  0.1727  5.5624
  5.6372  2.0365  0.0000  2.0694 16.1008
  5.2052  4.1033  0.0000  0.6612 37.6858
  4.7043  0.9241  0.0000  1.6352  6.0159
  4.5672  3.7495  0.0000  1.1092 33.8363
  4.7646  1.3159  0.0000  2.3830  9.3562
  4.7026  2.1073  0.0000  1.2371 16.7937
  4.5701  4.0996  0.0000  1.2169 37.6451
  4.2696  2.6896  0.0000  2.0716 22.6487
  5.5032  4.2845  0.0000  2.1507 39.6756
  5.2394  2.8289  0.0000  0.4712 24.0844
  4.9913  3.0543  0.0000  2.7455 26.4312
  5.0807  2.6603  0.0000  2.7002 22.3476
  5.2097  1.2770  0.0000  1.8925  9.0118
  4.5979  3.5863  0.0000  0.5955 32.0773
  5.4804  1.4795  0.0000  0.4826 10.8292
  5.2652  1.8082  0.0000  2.4096 13.8981
  5.0604  1.7750  0.0000  2.8010 13.5824
  5.4542  2.4098  0.0000  1.4193 19.8030
  5.4892  2.9782  0.0000  1.8123 25.6358
  4.8645  2.4931  0.0000  1.2709 20.6449
  5.5970  4.1634  0.0000  1.9414 38.3441
  4.3716  1.5059  0.0000  1.9032 11.0708
  4.3875  1.5454  0.0000  2.0569 11.4335
  5.4625  4.0120  0.0000  1.3528 36.6875
  5.5354  0.7062  0.0000  0.3156  4.3079
  4.9231  1.2221  0.0000  1.0204  8.5302
  4.9699  3.9632  0.0000  1.6229 36.1550
  5.3961  1.4091  0.0000  1.7580 10.1900
  4.7180  1.7694  0.0000  1.7657 13.5295
  5.5332  2.2360  0.0000  1.1220 18.0652
  6.0453  3.5963  0.0000  1.7335 32.1857
  5.2891  1.0459  0.0000  2.3393  7.0213
  5.1640  2.1004  0.0000  0.5250 16.7260
  4.9850  1.3358  0.0000  0.4809  9.5332
  5.6762  3.0306  0.0000  0.4299 26.1836
  5.3738  3.5257  0.0000  1.0268 31.4274
  4.5505  2.4283  0.0000  2.7615 19.9895
  5.3473  3.6072  0.0000  1.3581 32.3022
  4.8718  4.0831  0.0000  0.6623 37.4647
  5.0997  3.5561  0.0000  1.3657 31.7537
  5.2494  2.3738  0.0000  2.0360 19.4412
  4.6204  2.7427  0.0000  1.9981 23.1942
  5.5444  0.8788  0.0000  1.3221  5.6508
  5.8015  4.0834  0.0000  1.8978 37.4682
  5.2577  2.0733  0.0000  2.7119 16.4606
  5.7727  0.9403  0.0000  2.0277  6.1479
  5.2570  2.1253  0.0000  1.5695 16.9712
  5.1996  4.3233  0.0000  2.2301 40.1029
  4.9885  2.9433  0.0000  0.9769 25.2713
  6.0277  1.1265  0.0000  1.2287  7.7043
  4.9364  3.2173  0.0000  2.3297 28.1460
  6.8731  3.7067  0.0000  1.3080 33.3742
  5.2119  1.9247  0.0000  0.9838 15.0156
  4.8963  2.1197  0.0000  1.2361 16.9155
  4.1206  3.4233  0.0000  0.2936 30.3334
  4.9409  1.2894  0.0000  1.1627  9.1208
  5.6419  3.1858  0.0000  0.8210 27.8144
  5.2640  1.0717  0.0000  2.0114  7.2385
  5.0247  1.2941  0.0000  2.0633  9.1628
  4.8674  2.2440  0.0000  1.2207 18.1443
  5.4962  2.9201  0.0000  2.8192 25.0304
  4.6222  1.6506  0.0000  1.3028 12.4105
  4.1008  1.5110  0.0000  1.3652 11.1174
  4.6757  4.4817  0.0000  0.3206 41.8540
  5.1512  4.4647  0.0000  0.8546 41.6657
  6.9303  3.7233  0.0000  1.0839 33.5529
  4.5423  2.7552  0.0000  1.8993 23.3232
  5.0492  2.3305  0.0000  2.3688 19.0078
  5.2709  1.8445  0.0000  2.3962 14.2452
  5.3760  3.5769  0.0000  1.9225 31.9773
  5.8817  3.0453  0.0000  1.9735 26.3375
  6.3204  2.0808  0.0000  1.4857 16.5337
  4.5879  3.0063  0.0000  1.0584 25.9290
  5.0677  3.9001  0.0000  1.7966 35.4685
  5.1902  2.5611  0.0000  1.4116 21.3349
  3.8722  3.3585  0.0000  2.4871 29.6430
  5.2565  2.4606  0.0000  2.4218 20.3156
  4.8052  3.4048  0.0000  1.7822 30.1359
  3.5011  3.5291  0.0000  0.6613 31.4647
  4.4732  1.5433  0.0000  1.0973 11.4148
  5.2123  4.0365  0.0000  0.9593 36.9546
  4.9318  2.6116  0.0000  0.7908 21.8498
  5.2293  4.3857  0.0000  2.0663 40.7918
  5.1837  4.4256  0.0000  0.5877 41.2325
  5.5693  3.0020  0.0000  0.7599 25.8847
  4.1886  1.4311  0.0000  2.3205 10.3893
  4.9840  2.8573  0.0000  2.2073 24.3785
  5.5527  1.9668  0.0000  1.1876 15.4230
  4.7278  4.4273  0.0000  0.5499 41.2520
  5.8561  2.6189  0.0000  1.3932 21.9249
  4.1571  1.4580  0.0000  1.1293 10.6330
  5.2591  1.8742  0.0000  2.3771 14.5294
  4.5490  2.7790  0.0000  0.3505 23.5683
  4.2794  3.4322  0.0000  1.2105 30.4284
  5.6863  2.0087  0.0000  1.8673 15.8298
  5.0408  2.4697  0.0000  1.8523 20.4078
  6.1455  2.6413  0.0000  1.7771 22.1536
  5.5254  2.4841  0.0000  1.8143 20.5533
  4.4586  1.6573  0.0000  2.4984 12.4728
  5.3334  2.6780  0.0000  2.0519 22.5293
  5.6273  0.7659  0.0000  1.7647  4.7634
  5.1432  2.8092  0.0000  0.4893 23.8807
  5.0366  2.4277  0.0000  2.3571 19.9835
  5.6649  2.4608  0.0000  0.3729 20.3175
  6.0677  3.9374  0.0000  2.7767 35.8745
  5.5514  1.5288  0.0000  2.5222 11.2813
  5.1198  0.4065  0.0000  2.1397  2.2034
  3.7800  1.5593  0.0000  0.8049 11.5621
  5.5422  2.0602  0.0000  0.7223 16.3324
  5.0888  3.4499  0.0000  0.8769 30.6166
  5.1991  2.2197  0.0000  1.8907 17.9038
  4.6172  1.9258  0.0000  1.4529 15.0263
  5.2508  4.1720  0.0000  1.9344 38.4383
  4.7060  1.6169  0.0000  2.3050 12.0963
  5.1407  2.3989  0.0000  1.4790 19.6938
  5.2473  4.1737  0.0000  2.9410 38.4576
  4.9807  3.6434  0.0000  1.6464 32.6920
  5.3604  1.7539  0.0000  0.8276 13.3827
  5.0015  3.6347  0.0000  1.0207 32.5979
  4.6320  2.2281  0.0000  0.5388 17.9867
  5.2368  0.9833  0.0000  0.4273  6.5009
  4.8537  0.6518  0.0000  1.5645  3.9025
  4.3533  4.3596  0.0000  1.0450 40.5036
  6.8863  2.6916  0.0000  1.0574 22.6687
  4.8323  1.9350  0.0000  1.5002 15.1151
  3.5539  1.6634  0.0000  1.4030 12.5297
  5.3430  3.0847  0.0000  2.5715 26.7502
  4.9044  1.7021  0.0000  1.8151 12.8937
  5.2434  0.8718  0.0000  2.8736  5.5947
  4.7321  3.2525  0.0000  1.6111 28.5184
  3.5603  1.4146  0.0000  0.9954 10.2397
  5.2185  2.0359  0.0000  0.3963 16.0952
  6.0735  0.5745  0.0000  1.5912  3.3435
  5.1256  0.3024  0.0000  1.8124  1.5563
  3.8760  2.8254  0.0000  1.2363 24.0474
  4.7749  3.4449  0.0000  2.1929 30.5638
  4.6996  4.3813  0.0000  0.6853 40.7431
  5.4210  2.1871  0.0000  1.2309 17.5803
  5.0462  1.6733  0.0000  2.0023 12.6229
  5.4914  0.9826  0.0000  1.7094  6.4949
  4.9819  3.7759  0.0000  1.1189 34.1217
  5.5593  1.9326  0.0000  2.1602 15.0918
  5.5146  1.3746  0.0000  1.1507  9.8799
  5.3918  2.8843  0.0000  1.3879 24.6579
  5.3204  4.2121  0.0000  1.8078 38.8784
  4.3950  1.3549  0.0000  0.3796  9.7038
  5.3383  3.0582  0.0000  1.9702 26.4721
  5.3867  2.6734  0.0000  1.7264 22.4827
  4.9803  3.7836  0.0000  2.1149 34.2052
  5.5811  0.4334  0.0000  2.5119  2.3786
  5.2147  0.7891  0.0000  2.1031  4.9425
  5.2052  1.8201  0.0000  0.2110 14.0119
  4.4960  3.1982  0.0000  1.9623 27.9449
  4.4827  3.4442  0.0000  0.9694 30.5564
  4.0905  0.5201  0.0000  0.6364  2.9622
  4.3074  3.9102  0.0000  1.3104 35.5785
  4.6588  1.3734  0.0000  1.3933  9.8687
  5.3233  3.0851  0.0000  1.5971 26.7542
  4.4373  0.8513  0.0000  2.1894  5.4312
  5.1244  1.6103  0.0000  2.3180 12.0341
  4.5015  2.7877  0.0000  1.9551 23.6578
  5.0362  2.4056  0.0000  1.5306 19.7613
  5.3845  1.5533  0.0000  1.8864 11.5067
  6.1066  2.8537  0.0000  0.4148 24.3408
  5.4595  3.8848  0.0000  2.5689 35.3022
  5.1657  1.6515  0.0000  0.9104 12.4188
  5.7452  1.9292  0.0000  1.9438 15.0589
  5.2401  2.6494  0.0000  2.1235 22.2360
  6.3736  3.7282  0.0000  2.3806 33.6058
  3.8998  2.3327  0.0000  3.0225 19.0290
  4.2996  1.9065  0.0000  1.5941 14.8402
  4.7061  2.6063  0.0000  0.6877 21.7958
  5.1229  2.5861  0.0000  1.7404 21.5895
  5.2653  4.3725  0.0000  1.2528 40.6464
  4.8746  2.6221  0.0000  1.9528 21.9572
  5.6934  1.0339  0.0000  1.4839  6.9210
  4.4968  3.3967  0.0000  1.9059 30.0498
  5.5150  4.3625  0.0000  2.8136 40.5354
  5.3261  3.9716  0.0000  1.5947 36.2466
  6.0169  1.0560  0.0000  0.9993  7.1062
  5.1575  3.1538  0.0000  1.6937 27.4766
  5.1224  0.5777  0.0000  2.9597  3.3661
  5.2295  1.4322  0.0000  2.0558 10.3988
  6.5411  3.8183  0.0000  1.1351 34.5811
  3.7714  0.9250  0.0000  1.6183  6.0237
  5.2764  2.2190  0.0000  2.1961 17.8960
  4.1881  3.5814  0.0000  2.0744 32.0256
  6.0626  2.7418  0.0000  0.8717 23.1845
  5.2458  2.6304  0.0000  0.7302 22.0420
  5.1344  1.4118  0.0000  1.7828 10.2151
  5.3320  0.3120  0.0000  0.6889  1.6135
  4.6338  1.5878  0.0000  1.1431 11.8261
  4.8998  2.1344  0.0000  1.3921 17.0602
  5.5864  4.3919  0.0000  1.4567 40.8599
  5.1142  4.2451  0.0000  2.0047 39.2415
  4.7234  3.2050  0.0000  0.8940 28.0170
  5.5684  2.4605  0.0000  2.5059 20.3152
  5.1782  3.2969  0.0000  0.4827 28.9887
  5.5286  1.4369  0.0000  1.4920 10.4415
  5.2478  2.5658  0.0000  1.8495 21.3825
  5.2532  1.8167  0.0000  1.4447 13.9793
  4.4214  2.1724  0.0000  1.7379 17.4352
  4.5720  1.9032  0.0000  2.0132 14.8080
  6.3535  4.4683  0.0000  0.3852 41.7050
  5.2436  2.5179  0.0000  1.7428 20.8959
  5.3332  3.3519  0.0000  2.3579 29.5725
  5.8770  2.2230  0.0000  0.8074 17.9362
  5.2188  2.5733  0.0000  2.0590 21.4593
  5.3886  1.9908  0.0000  0.3906 15.6553
  5.2647  0.7241  0.0000  1.5858  4.4437
  5.1143  1.6007  0.0000  0.9237 11.9457
  4.1475  3.2280  0.0000  0.5888 28.2595
  3.6230  2.3258  0.0000  2.5943 18.9607
  5.1762  2.4298  0.0000  2.3912 20.0054
  5.0643  2.8185  0.0000  1.1591 23.9760
  5.8114  2.5980  0.0000  2.0428 21.7106
  4.3193  1.6732  0.0000  1.8134 12.6216
  4.7932  3.6331  0.0000  0.7415 32.5808
  4.3879  1.4780  0.0000  1.8435 10.8154
  5.4107  4.3642  0.0000  0.8383 40.5548
  4.4427  3.8745  0.0000  1.0821 35.1904
  4.1909  3.0865  0.0000  1.5069 26.7690
  5.2202  2.6985  0.0000  2.2855 22.7392
  5.4006  3.7458  0.0000  0.5733 33.7960
  4.0378  3.6952  0.0000  2.5061 33.2496
  5.0301  4.0225  0.0000  1.6271 36.8019
  4.5777  4.0411  0.0000  2.7236 37.0055
  5.6023  1.7922  0.0000  1.4153 13.7459
  5.9119  1.5521  0.0000  2.1547 11.4953
  5.1755  2.5111  0.0000  1.8305 20.8268
  6.0504  1.2937  0.0000  1.6592  9.1594
  5.6709  1.5587  0.0000  2.1626 11.5568
  5.2604  1.4342  0.0000  2.5039 10.4175
  4.9910  1.3219  0.0000  2.1574  9.4091
  5.0806  3.3320  0.0000  1.9311 29.3618
  5.5085  1.6749  0.0000  0.5702 12.6376
  5.9630  4.0556  0.0000  1.5266 37.1633
  5.2924  1.9241  0.0000  1.4238 15.0103
  4.4136  0.9980  0.0000  0.5725  6.6225
  5.1340  3.0768  0.0000  2.4464 26.6678
  5.2303  1.7411  0.0000  2.7395 13.2609
  5.2212  2.5288  0.0000  2.1227 21.0069
  5.6477  2.9508  0.0000  0.7848 25.3503
  5.0336  2.3357  0.0000  1.2182 19.0596
  5.3199  4.3587  0.0000  2.7135 40.4936
  4.9028  2.9589  0.0000  1.4952 25.4345
  4.7118  1.1421  0.0000  0.8975  7.8375
  4.3347  2.7977  0.0000  1.4743 23.7618
  4.8600  1.4498  0.0000  0.3625 10.5591
  5.8751  0.4127  0.0000  2.7398  2.2430
  4.5029  2.2220  0.0000  1.4180 17.9266
  3.5605  4.4586  0.0000  1.1978 41.5984
  4.1366  3.4148  0.0000  0.9366 30.2424
  3.6860  1.7567  0.0000  0.6783 13.4087
  4.8201  2.9523  0.0000  1.4304 25.3655
  4.6389  4.0392  0.0000  0.2474 36.9845
  4.6845  3.2391  0.0000  0.8376 28.3768
  4.1041  3.9117  0.0000  1.9597 35.5946
  5.4530  1.4864  0.0000  0.3834 10.8925
  4.2292  2.0734  0.0000  1.6365 16.4614
  4.9553  0.8770  0.0000  1.9612  5.6364
  5.5377  0.7349  0.0000  2.2584  4.5260
  5.0480  2.9242  0.0000  0.9598 25.0727
  6.0742  0.7831  0.0000  2.6008  4.8965
  5.1707  0.7781  0.0000  1.9920  4.8575
  4.3479  2.7566  0.0000  1.4754 23.3373
  5.8481  3.6054  0.0000  1.2757 32.2826
  5.4780  1.9981  0.0000  1.9180 15.7270
  4.8623  2.8774  0.0000  1.2591 24.5868
  6.0296  2.2323  0.0000  1.6515 18.0283
  4.8139  1.4972  0.0000  2.2444 10.9913
  4.3187  2.0290  0.0000  1.9708 16.0275
  5.2246  3.4038  0.0000  1.2480 30.1256
  5.2328  1.1669  0.0000  1.6213  8.0512
  3.9280  2.6796  0.0000  0.4495 22.5460
  5.4691  0.4688  0.0000  2.1783  2.6131
  4.7443  3.6953  0.0000  1.5834 33.2506
  4.2546  2.3464  0.0000  2.0954 19.1664
  5.4750  4.3664  0.0000  1.3555 40.5787
  5.2152  3.5811  0.0000  1.1749 32.0220
  4.5442  3.5853  0.0000  1.5093 32.0671
  4.8909  3.3696  0.0000  1.1285 29.7610
  6.1343  2.8999  0.0000  0.6147 24.8199
  5.6574  2.0563  0.0000  0.8925 16.2937
  5.4537  3.2510  0.0000  1.9767 28.5031
  5.0615  2.9670  0.0000  2.3704 25.5186
  5.1451  0.7668  0.0000  1.5291  4.7705
  5.3857  1.0259  0.0000  0.8705  6.8544
  4.8965  3.2381  0.0000  2.5494 28.3664
  4.9231  3.4003  0.0000  0.7160 30.0884
  4.9945  0.8597  0.0000  1.5280  5.4986
  5.2241  2.7953  0.0000  2.2126 23.7371
  5.4280  3.1499  0.0000  2.3613 27.4356
  5.3885  2.3421  0.0000  2.1965 19.1238
  4.8970  2.2406  0.0000  1.2029 18.1112
  5.5529  4.4645  0.0000  0.9569 41.6634
  5.5384  2.9945  0.0000  1.7594 25.8060
  5.4890  1.1227  0.0000  1.1252  7.6719
  6.6040  2.7987  0.0000  1.3853 23.7713
  5.4879  2.0136  0.0000  0.7307 15.8775
  5.2473  3.7420  0.0000  0.3427 33.7546
  6.7421  3.4067  0.0000  1.2607 30.1565
  5.2915  2.5458  0.0000  1.5678 21.1790
  5.1347  2.5458  0.0000  1.7605 21.1795
  6.2019  3.8474  0.0000  0.5514 34.8962
  5.2865  0.8015  0.0000  1.9528  5.0396
  3.7434  1.7667  0.0000  1.9626 13.5034
  5.5000  1.8546  0.0000  2.5533 14.3417
  4.3208  3.1265  0.0000  1.3179 27.1895
  5.5159  4.2595  0.0000  1.0254 39.3999
  4.8872  2.2408  0.0000  0.6183 18.1131
  4.7507  1.5867  0.0000  1.3925 11.8152
  4.3934  4.1172  0.0000  2.6375 37.8377
  4.3088  1.1631  0.0000  1.3969  8.0187
  4.9489  0.6728  0.0000  1.3745  4.0582
  4.9998  4.0876  0.0000  0.4242 37.5143
  5.1688  1.9349  0.0000  2.2457 15.1140
  6.1236  2.0416  0.0000  0.9431 16.1501
  4.1737  0.8651  0.0000  1.7211  5.5413
  4.7377  3.3720  0.0000  0.9426 29.7866
  4.7656  4.3567  0.0000  1.0961 40.4719
  4.0889  3.3891  0.0000  2.2016 29.9685
  5.0570  2.6850  0.0000  0.9292 22.6010
  3.9501  1.1574  0.0000  0.4651  7.9692
  5.0679  2.5362  0.0000  1.5300 21.0821
  4.9369  4.2800  0.0000  1.1988 39.6264
  5.4750  3.1345  0.0000  2.3061 27.2737
  5.1719  3.4473  0.0000  2.5159 30.5891
  5.2525  1.6961  0.0000  1.0283 12.8369
  5.2853  3.6739  0.0000  2.2980 33.0206
  4.2917  4.4728  0.0000  2.5623 41.7551
  5.9821  2.2445  0.0000  0.7070 18.1499
  5.3074  3.9153  0.0000  1.7769 35.6337
  5.2580  3.9352  0.0000  1.2385 35.8505
  5.4796  1.6156  0.0000  2.6415 12.0839
  6.5150  2.5301  0.0000  0.6473 21.0197
  6.1056  3.1673  0.0000  2.8623 27.6192
  5.3065  3.6410  0.0000  0.3289 32.6654
  5.4779  1.3194  0.0000  1.4957  9.3870
  6.5310  2.2897  0.0000  2.2812 18.5997
  5.1999  1.5978  0.0000  1.8957 11.9180
  6.2024  3.5162  0.0000  1.4282 31.3255
  4.4662  1.4766  0.0000  2.2836 10.8032
  4.1699  3.7326  0.0000  1.3046 33.6535
  4.2542  3.1376  0.0000  0.6738 27.3065
  6.8142  1.3255  0.0000  1.8697  9.4415
  5.2326  3.0311  0.0000  1.7930 26.1889
  6.1204  2.4946  0.0000  0.4028 20.6596
  5.2949  2.6670  0.0000  1.0486 22.4163
  4.9242  2.1389  0.0000  2.4563 17.1042
  5.5212  3.9004  0.0000  0.8625 35.4717
  4.8158  1.6783  0.0000  1.4447 12.6701
  5.4408  1.5149  0.0000  2.2954 11.1534
  5.2533  3.5877  0.0000  2.4718 32.0931
  5.2045  1.1065  0.0000  0.3206  7.5335
  4.2095  2.3772  0.0000  1.7335 19.4758
  5.5289  3.8406  0.0000  2.5073 34.8225
  4.2896  2.6633  0.0000  3.0225 22.3783
  5.3763  1.7455  0.0000  2.9774 13.3026
  4.8525  2.2069  0.0000  0.5319 17.7767
  4.8788  2.8781  0.0000  0.5660 24.5939
  5.3927  2.3923  0.0000  1.2092 19.6274
  4.3449  1.0262  0.0000  1.8269  6.8567
  5.6490  2.5754  0.0000  2.0937 21.4803
  3.9558  0.8996  0.0000  2.2905  5.8180
  5.3412  1.0431  0.0000  2.1175  6.9980
  5.4312  0.7327  0.0000  2.9861  4.5092
  5.2853  3.1207  0.0000  1.5000 27.1280
  5.5154  1.6196  0.0000  2.5704 12.1208
  6.4048  0.9443  0.0000  1.6104  6.1803
  5.1740  1.4473  0.0000  2.7776 10.5363
  5.1892  1.3003  0.0000  0.5328  9.2172
  4.2180  3.8868  0.0000  2.7597 35.3237
  4.4473  3.3956  0.0000  1.4664 30.0379
  6.5042  3.4744  0.0000  1.5109 30.8784
  5.2868  0.2639  0.0000  2.6359  1.3298
  5.1746  1.7900  0.0000  1.5313 13.7248
  4.8534  4.2307  0.0000  2.1990 39.0831
  5.0463  3.8118  0.0000  0.9908 34.5108
  5.3087  0.8368  0.0000  1.3501  5.3163
  4.8708  3.6422  0.0000  2.2617 32.6786
  5.8306  2.9756  0.0000  1.8799 25.6089
  5.4134  2.4170  0.0000  2.3265 19.8758
  4.8094  2.4443  0.0000  1.7017 20.1515
  5.2743  2.6957  0.0000  2.6475 22.7107
  5.4169  4.2924  0.0000  1.3073 39.7624
  4.8048  3.3250  0.0000  2.0634 29.2870
  5.2462  2.8421  0.0000  2.0050 24.2206
  5.3829  1.9910  0.0000  2.0265 15.6575
  5.6719  2.1020  0.0000  2.5367 16.7422
  5.4314  2.3256  0.0000  1.1595 18.9581
  5.3221  0.5210  0.0000  2.3558  2.9683
  5.2030  1.8913  0.0000  0.5107 14.6943
  5.2246  2.4606  0.0000  0.5716 20.3154
  5.3594  1.7257  0.0000  2.1406 13.1154
  4.5124  3.5516  0.0000  2.8001 31.7054
  4.2763  1.8452  0.0000  1.7244 14.2519
  5.0104  3.7975  0.0000  0.6777 34.3555
  5.5278  3.5201  0.0000  1.9487 31.3675
  3.8230  3.0149  0.0000  0.8493 26.0186
  5.0153  4.3221  0.0000  2.8637 40.0896
  4.6923  3.2314  0.0000  1.4566 28.2953
  4.9647  3.1714  0.0000  1.7543 27.6618
  6.5678  3.7591  0.0000  1.3808 33.9404
  5.1599  2.7527  0.0000  0.8893 23.2968
  5.5613  3.1230  0.0000  1.5865 27.1527
  4.8822  2.9172  0.0000  0.9211 25.0002
  4.5699  2.1256  0.0000  1.7701 16.9734
  5.5137  1.7250  0.0000  0.8816 13.1095
  5.9860  4.1500  0.0000  1.9772 38.1972
  4.0521  2.2357  0.0000  2.0160 18.0620
  4.1758  1.5228  0.0000  2.2896 11.2262
  5.6019  1.3394  0.0000  2.0047  9.5646
  5.3276  1.8829  0.0000  0.8499 14.6134
  6.4787  3.0274  0.0000  2.2668 26.1501
  6.0129  4.4576  0.0000  1.2836 41.5873
  5.5147  4.4815  0.0000  0.7264 41.8514
  5.1408  2.3708  0.0000  2.0234 19.4112
  5.2904  1.0572  0.0000  1.3486  7.1165
  4.9197  1.9590  0.0000  1.3701 15.3474
  5.5604  4.0429  0.0000  2.3893 37.0254
  4.6961  3.4466  0.0000  1.9318 30.5822
  5.3975  3.8563  0.0000  2.1383 34.9929
  4.8663  2.9022  0.0000  2.0536 24.8442
  5.3418  2.0782  0.0000  1.2654 16.5082
  5.8153  0.6574  0.0000  1.0467  3.9446
  6.8258  2.1436  0.0000  1.0001 17.1512
  5.6670  3.7821  0.0000  0.3922 34.1891
  5.4831  1.3736  0.0000  0.8773  9.8708
  5.0777  3.6245  0.0000  1.3952 32.4881
  5.4768  0.4644  0.0000  2.5080  2.5835
  4.6539  2.8389  0.0000  2.2006 24.1871
  5.0437  2.6318  0.0000  1.4440 22.0563
  4.4980  2.6982  0.0000  1.3848 22.7364
  4.5988  3.1411  0.0000  1.9214 27.3426
  5.2300  1.8158  0.0000  2.6476 13.9707
  5.4013  3.7746  0.0000  1.4150 34.1073
  3.9128  4.3243  0.0000  2.4795 40.1136
  5.6302  1.8556  0.0000  1.1694 14.3508
  4.5742  2.0636  0.0000  1.8458 16.3652
  4.2664  2.8792  0.0000  0.3284 24.6057
  4.6451  4.1457  0.0000  1.5786 38.1503
  4.8282  1.4108  0.0000  0.6695 10.2053
  3.6614  1.3847  0.0000  0.9387  9.9702
  5.5287  2.9745  0.0000  1.1905 25.5969
  4.9585  1.9502  0.0000  1.1913 15.2621
  4.0006  1.5131  0.0000  0.5687 11.1365
  4.8529  3.5108  0.0000  1.0715 31.2682
  4.2317  4.2327  0.0000  2.7126 39.1053
  5.1994  1.7336  0.0000  2.2366 13.1908
  4.9486  1.2562  0.0000  0.8572  8.8289
  4.4290  3.3762  0.0000  2.9011 29.8309
  4.7687  1.8724  0.0000  2.6820 14.5120
  5.3933  3.1265  0.0000  0.9285 27.1890
  5.9926  3.8606  0.0000  2.2918 35.0396
  5.4476  1.3806  0.0000  2.2213  9.9338
  4.5887  3.0251  0.0000  0.4096 26.1257
  4.5472  4.3584  0.0000  1.1011 40.4904
  4.8295  2.2162  0.0000  1.6408 17.8684
  6.1907  3.8651  0.0000  2.0740 35.0883
  3.6394  2.0794  0.0000  2.3787 16.5204
  4.7591  1.5828  0.0000  0.7996 11.7797
  6.0963  1.9619  0.0000  1.9774 15.3757
  5.7877  3.5184  0.0000  2.5513 31.3497
  5.1997  1.9288  0.0000  2.7303 15.0548
  5.6037  4.2174  0.0000  2.0656 38.9367
  4.9229  2.0990  0.0000  2.2264 16.7125
  5.2015  2.9954  0.0000  0.7099 25.8153
  6.9804  3.8273  0.0000  2.7254 34.6787
  4.3962  2.7454  0.0000  2.6352 23.2221
  5.1842  0.7951  0.0000  2.1715  4.9893
  5.1551  1.9002  0.0000  1.5327 14.7794
  5.0123  1.7701  0.0000  2.0381 13.5360
  4.5105  3.7079  0.0000  2.2194 33.3872
  5.2278  2.4722  0.0000  0.5463 20.4331
  5.2993  4.1703  0.0000  1.9903 38.4199
  5.3848  3.0542  0.0000  0.4969 26.4308
  5.0258  3.3219  0.0000  1.7553 29.2545
  3.7749  4.1367  0.0000  0.7595 38.0511
  4.7313  2.7053  0.0000  0.7364 22.8091
  4.8094  3.5533  0.0000  0.8110 31.7241
  5.1070  0.2312  0.0000  1.7600  1.1434
  5.0988  3.1675  0.0000  2.4478 27.6213
  5.2715  2.0551  0.0000  2.2035 16.2823
  4.6690  1.4776  0.0000  1.6188 10.8119
  5.2781  3.4491  0.0000  0.9516 30.6082
  4.8777  2.7823  0.0000  1.5582 23.6019
  4.9891  2.3957  0.0000  2.2289 19.6619
  5.1926  1.6130  0.0000  2.5571 12.0598
  5.5325  3.3842  0.0000  2.1673 29.9171
  5.7540  1.6335  0.0000  0.8221 12.2502
  5.4695  1.5145  0.0000  1.9655 11.1494
  4.4178  2.4794  0.0000  2.0578 20.5055
  4.6364  4.0788  0.0000  1.7466 37.4173
  4.9492  2.2549  0.0000  0.7854 18.2528
  5.2125  2.5601  0.0000  2.4145 21.3244
  4.4893  3.2471  0.0000  2.3665 28.4613
  5.8727  2.3324  0.0000  1.5878 19.0263
  5.6906  2.2495  0.0000  1.8998 18.1993
  5.2083  1.3604  0.0000  1.5601  9.7530
  5.9371  1.4436  0.0000  1.2022 10.5030
  5.3322  1.0545  0.0000  1.5323  7.0938
  4.7282  1.7780  0.0000  1.8944 13.6111
  5.3823  2.4528  0.0000  1.0219 20.2369
  5.3125  1.7001  0.0000  1.8401 12.8748
  4.7800  3.2711  0.0000  0.8342 28.7156
  6.1325  2.3352  0.0000  1.1543 19.0549
  4.8847  1.0135  0.0000  0.9100  6.7510
  3.8812  3.1223  0.0000  2.1198 27.1452
  5.0616  3.4465  0.0000  0.3814 30.5813
  4.1732  2.9241  0.0000  1.1421 25.0724
  4.7565  3.0472  0.0000  1.5941 26.3567
  5.4870  1.2070  0.0000  2.3915  8.3985
  5.3383  1.3120  0.0000  1.0862  9.3212
  5.1329  1.3610  0.0000  2.4506  9.7578
  4.7217  2.7770  0.0000  1.4966 23.5472
  5.4184  1.4992  0.0000  1.3353 11.0092
  5.4059  2.2194  0.0000  0.9462 17.9006
  5.4959  2.7356  0.0000  1.0169 23.1213
  5.5494  3.2203  0.0000  2.7776 28.1778
  5.5208  3.4012  0.0000  1.3956 30.0978
  5.4460  1.9420  0.0000  1.2609 15.1830
  6.1278  4.4199  0.0000  1.6162 41.1696
  5.0421  3.6994  0.0000  2.8953 33.2951
  6.0962  1.2577  0.0000  0.7186  8.8420
  5.2861  2.7963  0.0000  1.6893 23.7468
  5.2019  1.4375  0.0000  2.4258 10.4468
  4.0579  4.2133  0.0000  0.6283 38.8916
  4.5628  2.2924  0.0000  1.4256 18.6268
  4.9839  1.3215  0.0000  1.8333  9.4058
  5.0983  2.4747  0.0000  0.6148 20.4579
  4.9795  1.4108  0.0000  0.6967 10.2053
  5.7982  2.1191  0.0000  1.0819 16.9102
  5.0633  3.9592  0.0000  2.3047 36.1119
  5.0174  4.4337  0.0000  0.7545 41.3224
  4.0898  3.8150  0.0000  1.9211 34.5450
  5.1286  1.8118  0.0000  2.0088 13.9322
  4.7817  1.7380  0.0000  2.6898 13.2323
  3.9756  2.2120  0.0000  0.6863 17.8269
  4.5466  4.0101  0.0000  1.9272 36.6673
  5.3157  3.2616  0.0000  0.6488 28.6151
  6.0665  2.0544  0.0000  2.7430 16.2754
  4.3942  1.2424  0.0000  1.3649  8.7072
  3.8646  3.4138  0.0000  2.1220 30.2322
  4.4863  1.0687  0.0000  1.0161  7.2135
  5.3070  3.9351  0.0000  0.5460 35.8498
  5.4057  2.4855  0.0000  1.0480 20.5678
  6.2810  3.3176  0.0000  2.6409 29.2087
  6.2364  1.9651  0.0000  0.7824 15.4066
  4.1185  3.0792  0.0000  2.6260 26.6930
  4.1554  3.8819  0.0000  0.4889 35.2705
  6.3800  3.0285  0.0000  1.3036 26.1615
  5.2297  4.0331  0.0000  0.5554 36.9178
  5.4576  2.8911  0.0000  1.2845 24.7285
  5.2464  1.6563  0.0000  1.4814 12.4634
  5.0472  3.6672  0.0000  0.6705 32.9475
  5.6919  3.3144  0.0000  2.3999 29.1746
  5.6361  0.8236  0.0000  2.1006  5.2125
  5.5669  2.5847  0.0000  1.7209 21.5755
  4.8691  2.4667  0.0000  0.7402 20.3771
  6.0249  3.8214  0.0000  1.7834 34.6142
  5.4098  2.2530  0.0000  1.1240 18.2345
  4.4379  2.5854  0.0000  1.9784 21.5822
  5.5398  2.6831  0.0000  1.3993 22.5818
  4.8525  2.1941  0.0000  1.0706 17.6501
  5.2554  1.4054  0.0000  1.6047 10.1573
  5.6943  4.0409  0.0000  1.5447 37.0028
  5.2231  1.8679  0.0000  0.8916 14.4693
  5.5919  3.7929  0.0000  2.0828 34.3054
  5.6589  1.7626  0.0000  2.4917 13.4644
  5.1286  2.7995  0.0000  0.6239 23.7800
  6.0637  3.0253  0.0000  1.6898 26.1274
  4.7119  2.4767  0.0000  0.2730 20.4789
  4.7189  3.0061  0.0000  1.6476 25.9269
  4.6354  2.4869  0.0000  1.9766 20.5820
  5.1739  1.6591  0.0000  1.5965 12.4902
  3.8733  1.9701  0.0000  2.1770 15.4551
  5.3727  1.2165  0.0000  1.5104  8.4810
  5.8198  0.9919  0.0000  2.0757  6.5718
  6.0887  0.6719  0.0000  1.9868  4.0515
  5.0669  2.5235  0.0000  1.9409 20.9532
  4.7566  3.2926  0.0000  0.7978 28.9438
  5.8264  3.1055  0.0000  2.3206 26.9687
  4.5724  0.6419  0.0000  0.5467  3.8302
  4.8878  2.1373  0.0000  0.9212 17.0887
  5.5534  1.0516  0.0000  2.5592  7.0693
  5.2960  3.5992  0.0000  1.6193 32.2165
  4.3070  3.7370  0.0000  1.9971 33.7014
  4.9643  3.1494  0.0000  1.1237 27.4301
  5.4989  1.5848  0.0000  1.0906 11.7981
  4.7728  0.7543  0.0000  2.4231  4.6739
  4.1258  2.1585  0.0000  1.4430 17.2983
  5.3476  3.2363  0.0000  2.8946 28.3473
  5.8360  3.2806  0.0000  2.7830 28.8159
  5.9395  3.6380  0.0000  2.3093 32.6335
  5.3698  3.4480  0.0000  0.8563 30.5973
  5.7106  3.5334  0.0000  2.2199 31.5105
  5.1686  4.0048  0.0000  2.6012 36.6090
  5.2249  3.7851  0.0000  1.4819 34.2207
  4.5462  2.7334  0.0000  1.9263 23.0986
  5.9370  2.0332  0.0000  2.4891 16.0683
  5.0281  3.1869  0.0000  0.7306 27.8254
  5.6786  0.9579  0.0000  0.4157  6.2918
  5.2368  3.5489  0.0000  0.8128 31.6769
  5.2896  2.8080  0.0000  1.8507 23.8675
  4.0403  0.8082  0.0000  2.2756  5.0916
  5.4896  3.2528  0.0000  1.1077 28.5219
  5.4668  2.6485  0.0000  1.2375 22.2267
  3.8932  1.8606  0.0000  1.4167 14.3994
  3.5361  3.9844  0.0000  0.4022 36.3869
  5.2498  1.2283  0.0000  1.7621  8.5841
  6.6225  3.7851  0.0000  2.0934 34.2209
  4.7040  1.6678  0.0000  0.5257 12.5716
  3.5572  2.0252  0.0000  2.2624 15.9900
  5.7824  0.8569  0.0000  1.5663  5.4759
  5.2863  2.8078  0.0000  2.8231 23.8661
  5.9901  2.7308  0.0000  2.0022 23.0714
  4.5456  3.5619  0.0000  1.1716 31.8154
  5.6112  2.5442  0.0000  0.9265 21.1632
  5.5578  3.6958  0.0000  1.9836 33.2568
  4.8342  3.2383  0.0000  2.3313 28.3681
  4.5132  1.6067  0.0000  2.8755 12.0015
  5.2189  0.6901  0.0000  1.2059  4.1873
  5.5908  1.3847  0.0000  1.3826  9.9706
  4.6596  3.7897  0.0000  1.6070 34.2712
  5.2729  3.7000  0.0000  1.4955 33.3017
  4.9659  4.1803  0.0000  0.6012 38.5297
  4.4061  1.3747  0.0000  2.7700  9.8809
  5.3975  2.0933  0.0000  2.0641 16.6560
  5.2564  1.1148  0.0000  1.0362  7.6045
  4.4397  2.8262  0.0000  2.0111 24.0561
  5.4720  1.9869  0.0000  0.2707 15.6175
  4.8669  0.6794  0.0000  1.6852  4.1073
  4.5082  1.6241  0.0000  1.2132 12.1626
  5.1263  2.6547  0.0000  1.6730 22.2901
  5.0942  2.0687  0.0000  1.8309 16.4153
  4.7261  4.3823  0.0000  1.1811 40.7542
  5.5969  1.4869  0.0000  0.9607 10.8970
  4.4920  3.5729  0.0000  0.4022 31.9340
  4.5464  3.3204  0.0000  0.5489 29.2387
  4.5709  2.7856  0.0000  1.1294 23.6366
  5.8520  2.0806  0.0000  2.1818 16.5322
  5.1739  2.3484  0.0000  0.7571 19.1866
  3.8879  3.9365  0.0000  2.6278 35.8643
  4.9321  1.5874  0.0000  2.2643 11.8222
  5.7013  2.7412  0.0000  0.0472 23.1791
  5.8696  1.1981  0.0000  1.3661  8.3213
  4.8916  1.4888  0.0000  0.9625 10.9145
  5.2965  0.9421  0.0000  2.6467  6.1628
  5.0726  2.3042  0.0000  1.9870 18.7442
  5.1679  2.1268  0.0000  1.3393 16.9860
  5.0850  3.4945  0.0000  1.4288 31.0938
  5.2684  1.1853  0.0000  2.0112  8.2104
  6.1025  4.3972  0.0000  2.5019 40.9183
  5.2355  3.7238  0.0000  0.8585 33.5581
  4.8700  1.6912  0.0000  1.1344 12.7907
  5.6634  1.8723  0.0000  1.3124 14.5115
  5.5207  3.0667  0.0000  0.2858 26.5616
  5.0469  2.8792  0.0000  1.3114 24.6054
  4.9011  2.2505  0.0000  2.7494 18.2098
  4.5750  3.5985  0.0000  2.0090 32.2087
  5.2465  4.4283  0.0000  1.0924 41.2630
  5.7981  4.1647  0.0000  0.9636 38.3583
  5.7731  3.2982  0.0000  1.5458 29.0027
  5.2890  3.7036  0.0000  1.5244 33.3408
  5.4005  1.0480  0.0000  2.3950  7.0391
  4.5817  1.9975  0.0000  1.4113 15.7208
  5.5213  0.7164  0.0000  1.7981  4.3850
  5.6750  0.6345  0.0000  1.7694  3.7760
  4.4573  1.4341  0.0000  1.7501 10.4167
  4.8034  3.9183  0.0000  0.6529 35.6668
  5.4252  1.4911  0.0000  2.0182 10.9352
  5.1116  1.5789  0.0000  1.7175 11.7430
  5.0737  2.6542  0.0000  1.0494 22.2858
  5.2857  2.0094  0.0000  1.6172 15.8362
  5.1114  3.5815  0.0000  0.9062 32.0266
  5.1864  1.3008  0.0000  0.8693  9.2219
  5.1163  4.3995  0.0000  2.2188 40.9440
  5.0163  4.1870  0.0000  1.4243 38.6033
  3.9069  1.0172  0.0000  1.8252  6.7815
  6.0297  3.1570  0.0000  0.4199 27.5103
  4.5575  4.4297  0.0000  1.2471 41.2779
  5.4939  3.0592  0.0000  0.9921 26.4824
  5.1165  4.0339  0.0000  1.7085 36.9263
  4.3695  2.4933  0.0000  0.5295 20.6465
  4.9314  4.4881  0.0000  1.6188 41.9247
  5.2855  3.5257  0.0000  1.8262 31.4281
  5.4171  2.1083  0.0000  2.1051 16.8034
  5.1451  3.8083  0.0000  2.0810 34.4720
  5.4930  3.4172  0.0000  1.4448 30.2681
  5.6965  2.8684  0.0000  2.8365 24.4934
  5.2447  4.3249  0.0000  2.0093 40.1210
  5.7795  1.5752  0.0000  1.5467 11.7088
  5.3472  3.7093  0.0000  0.7837 33.4023
  5.4862  2.4883  0.0000  2.2312 20.5962
  5.0828  2.0392  0.0000  1.2884 16.1272
  4.9782  2.5241  0.0000  1.7211 20.9587
  5.2182  3.1609  0.0000  0.8340 27.5517
  6.0594  0.8616  0.0000  1.6781  5.5131
  5.1640  1.7821  0.0000  1.3429 13.6502
  5.2459  2.4726  0.0000  2.1749 20.4375
  5.7616  1.9876  0.0000  1.7358 15.6249
  3.7600  1.9003  0.0000  2.7460 14.7805
  5.0996  3.5898  0.0000  1.2065 32.1154
  5.2218  3.3651  0.0000  0.7752 29.7130
  6.2648  1.8721  0.0000  1.3229 14.5092
  5.3027  3.9070  0.0000  2.5894 35.5438
  5.1059  1.8073  0.0000  0.6163 13.8896
  5.9833  2.3213  0.0000  2.6550 18.9157
  4.8168  2.2962  0.0000  1.0650 18.6643
  5.4814  3.2847  0.0000  1.3382 28.8597
  4.3290  2.5962  0.0000  2.9363 21.6929
  5.2311  0.4250  0.0000  2.4134  2.3236
  5.1748  2.8992  0.0000  2.4490 24.8128
  5.4731  2.3170  0.0000  1.6587 18.8722
  5.6630  4.2489  0.0000  1.2754 39.2838
  5.1926  4.0959  0.0000  1.3632 37.6046
  5.2810  2.8593  0.0000  0.6012 24.3991
  5.2432  1.6124  0.0000  2.2212 12.0545
  4.3396  1.7711  0.0000  2.5857 13.5452
  6.5529  1.9093  0.0000  1.2569 14.8667
  6.0800  3.1557  0.0000  1.1586 27.4969
  5.3691  1.3257  0.0000  1.3327  9.4427
  5.1112  2.4649  0.0000  2.0665 20.3597
  5.4807  3.8053  0.0000  2.4337 34.4397
  5.1529  1.2539  0.0000  1.8181  8.8081
  4.7898  2.5803  0.0000  0.6301 21.5304
  5.5660  3.0081  0.0000  0.7154 25.9480
  4.1388  2.3113  0.0000  1.9898 18.8149
  4.7603  0.7431  0.0000  1.9214  4.5880
  3.6094  2.4569  0.0000  2.0145 20.2781
  4.2683  1.5555  0.0000  1.6196 11.5273
  3.5036  2.0964  0.0000  1.8221 16.6869
  5.2366  3.3015  0.0000  0.6333 29.0378
  4.6641  4.0902  0.0000  0.8793 37.5425
  5.0619  3.7183  0.0000  1.0740 33.4991
  5.1815  2.6638  0.0000  1.9470 22.3839
  6.0481  2.4909  0.0000  1.7504 20.6229
  4.5001  1.0141  0.0000  2.0931  6.7560
  5.5771  0.9298  0.0000  0.6555  6.0620
  4.7400  1.3395  0.0000  2.1577  9.5656
  4.7727  3.4388  0.0000  1.5109 30.4991
  5.6271  1.0283  0.0000  1.5064  6.8745
  5.7329  0.4839  0.0000  2.8305  2.7150
  5.0079  3.1485  0.0000  1.7370 27.4213
  6.0901  2.9180  0.0000  2.4213 25.0089
  5.5853  2.3186  0.0000  1.0007 18.8888
  5.1012  2.2879  0.0000  1.6693 18.5815
  6.3695  1.1796  0.0000  0.8295  8.1610
  5.0958  2.1696  0.0000  1.6578 17.4079
  4.9730  2.1573  0.0000  2.0324 17.2864
  4.9437  1.8400  0.0000  1.5373 14.2014
  4.9424  1.2764  0.0000  2.4868  9.0065
  6.1930  1.6454  0.0000  1.5548 12.3614
  5.5477  2.7046  0.0000  1.0251 22.8027
  5.5603  1.4608  0.0000  2.5959 10.6585
  5.4095  4.2052  0.0000  1.6538 38.8029
  6.3069  3.2190  0.0000  0.9734 28.1645
  5.5412  3.5217  0.0000  1.2315 31.3847
  4.3279  3.1730  0.0000  0.2784 27.6792
  6.4439  2.6202  0.0000  1.9826 21.9380
  3.8851  0.9845  0.0000  2.3211  6.5107
  5.5893  2.7374  0.0000  1.5132 23.1395
  6.0322  2.9871  0.0000  2.8234 25.7288
  5.2863  2.8746  0.0000  2.0394 24.5574
  5.3724  1.6819  0.0000  0.4822 12.7032
  3.8652  1.0021  0.0000  2.4873  6.6564
  5.3418  0.3772  0.0000  1.2627  2.0160
  4.9388  3.8104  0.0000  0.4547 34.4950
  5.2874  1.4263  0.0000  2.0533 10.3459
  5.3122  2.9353  0.0000  2.0112 25.1882
  5.6945  4.0531  0.0000  1.8293 37.1364
  4.6026  2.4883  0.0000  1.3146 20.5957
  6.5632  3.1249  0.0000  1.0232 27.1729
  4.8342  2.7792  0.0000  1.3842 23.5701
  4.9185  1.5068  0.0000  1.1862 11.0787
  4.6743  2.4343  0.0000  1.6992 20.0504
  5.5060  2.3537  0.0000  1.6475 19.2401
  3.5858  3.8584  0.0000  1.9592 35.0161
  5.2360  3.3657  0.0000  1.2639 29.7192
  4.8393  3.3760  0.0000  0.7129 29.8290
  3.8179  3.0019  0.0000  0.7496 25.8836
  5.6574  3.5673  0.0000  1.1835 31.8740
  5.2038  1.4626  0.0000  1.9615 10.6752
  5.2582  3.4922  0.0000  1.4197 31.0691
  4.6037  2.8336  0.0000  2.0714 24.1324
  5.6437  2.9794  0.0000  0.9924 25.6483
  5.3246  2.2809  0.0000  0.7830 18.5122
  4.5021  2.7770  0.0000  1.3298 23.5482
  5.4581  3.0256  0.0000  0.7665 26.1305
  5.3521  4.0168  0.0000  0.6287 36.7395
  6.0451  2.3409  0.0000  0.9475 19.1111
  4.6675  3.1968  0.0000  1.2925 27.9300
  5.1182  2.2112  0.0000  1.7798 17.8194
  5.0687  2.0816  0.0000  2.3923 16.5421
  5.2517  2.2354  0.0000  0.3983 18.0592
  5.2594  1.6498  0.0000  0.9270 12.4030
  4.8833  3.6320  0.0000  2.0022 32.5686
  4.2913  2.3674  0.0000  2.1027 19.3771
  5.7831  2.7615  0.0000  1.7901 23.3877
  4.2695  3.4741  0.0000  0.8726 30.8757
  5.2464  1.6658  0.0000  2.4437 12.5530
  4.8674  3.2799  0.0000  2.2911 28.8086
  5.9814  3.4343  0.0000  1.5043 30.4509
  4.9978  3.9475  0.0000  1.8149 35.9840
  5.2824  1.4536  0.0000  0.6544 10.5933
  4.7036  3.0542  0.0000  1.1338 26.4303
  4.8461  1.2454  0.0000  0.9786  8.7341
  4.5417  2.3500  0.0000  2.2635 19.2030
  5.9573  2.1620  0.0000  0.8796 17.3322
  5.3746  2.4298  0.0000  1.0172 20.0049
  5.5143  2.8571  0.0000  1.5372 24.3758
  5.7910  3.0667  0.0000  2.9195 26.5619
  4.8625  0.4158  0.0000  0.6551  2.2632
  5.6742  1.1771  0.0000  2.0657  8.1392
  5.8044  4.4802  0.0000  2.1419 41.8376
  5.4936  3.3478  0.0000  1.9852 29.5294
  5.7036  3.0264  0.0000  1.2160 26.1388
  5.5408  2.3824  0.0000  2.3144 19.5275
  5.0044  2.8324  0.0000  1.4078 24.1203
  5.8881  1.0725  0.0000  0.4639  7.2456
  4.7454  3.1526  0.0000  0.7383 27.4645
  4.7562  3.4270  0.0000  0.7396 30.3729
  3.8942  1.5435  0.0000  0.3783 11.4157
  5.0759  2.5531  0.0000  0.8238 21.2535
  4.7983  1.2544  0.0000  1.9350  8.8127
  4.9530  3.4461  0.0000  2.5983 30.5765
  5.3185  1.4432  0.0000  1.1971 10.4988
  5.2980  0.8265  0.0000  1.0050  5.2356
  5.3363  2.2103  0.0000  2.4921 17.8102
  6.0354  1.9293  0.0000  1.6739 15.0596
  5.1921  1.4194  0.0000  2.8245 10.2835
  5.6247  1.6576  0.0000  1.2478 12.4756
  5.9556  2.4964  0.0000  0.4577 20.6780
  5.2845  1.6814  0.0000  1.6943 12.6992
  5.3380  2.7313  0.0000  0.5257 23.0772
  5.3375  1.3638  0.0000  1.8869  9.7826
  4.6196  2.1562  0.0000  1.0744 17.2753
  5.7269  3.9200  0.0000  2.1344 35.6850
  5.2383  2.9407  0.0000  0.5329 25.2444
  6.7171  4.1293  0.0000  0.7859 37.9700
  6.9459  1.7654  0.0000  0.7018 13.4918
  5.4276  1.3832  0.0000  2.4131  9.9575
  5.4893  3.0857  0.0000  1.1768 26.7612
  3.7830  1.0980  0.0000  0.9716  7.4613
  5.0684  3.0049  0.0000  0.7325 25.9143
  5.7288  3.6329  0.0000  2.2326 32.5787
  5.2903  2.8541  0.0000  1.8673 24.3446
  5.1674  3.6486  0.0000  2.4093 32.7481
  4.9808  4.3234  0.0000  2.2405 40.1044
  3.9051  2.0415  0.0000  2.1716 16.1494
  5.4390  1.4025  0.0000  1.6335 10.1306
  5.1233  1.9527  0.0000  1.0191 15.2859
  4.7304  2.0398  0.0000  0.8188 16.1333
  4.0678  2.2761  0.0000  2.1338 18.4644
  5.9696  3.2434  0.0000  0.8731 28.4228
  4.3133  2.1330  0.0000  2.4820 17.0468
  5.4517  3.1284  0.0000  0.3616 27.2095
  5.2882  3.2788  0.0000  0.4396 28.7975
  5.2395  2.7081  0.0000  0.7621 22.8384
  5.0553  1.3458  0.0000  1.2440  9.6222
  4.6079  3.0752  0.0000  1.9396 26.6508
  6.2200  1.3868  0.0000  1.7735  9.9894
  5.6017  1.3634  0.0000  1.8707  9.7792
  6.1645  2.4163  0.0000  0.3844 19.8689
  5.5084  1.7664  0.0000  2.0783 13.5011
  4.8630  2.7059  0.0000  1.6605 22.8160
  4.4302  3.3660  0.0000  2.0373 29.7225
  5.5749  3.4921  0.0000  1.8384 31.0681
  4.7878  3.0529  0.0000  2.0860 26.4169
  4.5352  4.1764  0.0000  0.9388 38.4867
  4.5347  1.9580  0.0000  2.3935 15.3377
  5.0715  2.5595  0.0000  2.3379 21.3185
  4.8929  2.8190  0.0000  2.3296 23.9812
  4.3008  1.8676  0.0000  2.4410 14.4659
  3.9931  1.9967  0.0000  2.0532 15.7134
  5.1371  1.5240  0.0000  2.0837 11.2365
  4.6744  1.1431  0.0000  0.9543  7.8460
  5.7502  1.3669  0.0000  1.5657  9.8111
  5.1664  1.2539  0.0000  2.6990  8.8084
  3.6902  3.7604  0.0000  1.2964 33.9543
  6.2928  2.1405  0.0000  0.8321 17.1203
  5.3252  2.3305  0.0000  2.3294 19.0073
  4.9249  0.9344  0.0000  1.8700  6.1001
  5.2370  1.2221  0.0000  2.2616  8.5300
  5.5715  2.2358  0.0000  2.6832 18.0629
  5.2058  0.9489  0.0000  1.0436  6.2177
  4.4125  3.2658  0.0000  2.4138 28.6592
  5.2702  2.8622  0.0000  2.0757 24.4292
  5.0278  1.6880  0.0000  1.8316 12.7605
  4.9888  1.1145  0.0000  1.6204  7.6021
  4.8896  2.3741  0.0000  1.2685 19.4445
  5.0603  0.9768  0.0000  1.9077  6.4466
  6.2614  2.0717  0.0000  0.6835 16.4449
  4.4936  2.1074  0.0000  1.9213 16.7953
  5.0511  4.2666  0.0000  0.5467 39.4786
  5.3428  3.8662  0.0000  1.2286 35.1000
  4.5045  4.3970  0.0000  1.1803 40.9170
  4.9534  3.6109  0.0000  1.4352 32.3416
  6.3388  2.5991  0.0000  1.0540 21.7228
  5.8754  1.6323  0.0000  2.1487 12.2396
  5.0541  3.0453  0.0000  2.0214 26.3370
  4.7270  1.3424  0.0000  1.0194  9.5918
  5.4108  0.7644  0.0000  0.4362  4.7515
  5.2718  1.4958  0.0000  1.3168 10.9786
  4.3093  0.9715  0.0000  2.0293  6.4031
  4.9024  3.8366  0.0000  0.2801 34.7791
  5.5004  3.4248  0.0000  1.0852 30.3497
  3.7236  3.5167  0.0000  1.0491 31.3318
  4.9949  3.4628  0.0000  1.6770 30.7552
  5.5164  1.5891  0.0000  1.0701 11.8378
  4.9961  1.2543  0.0000  0.2927  8.8114
  6.1829  1.6218  0.0000  2.2536 12.1415
  4.7151  3.6828  0.0000  1.3831 33.1166
  5.8769  0.5443  0.0000  0.9024  3.1303
  5.3636  4.3704  0.0000  1.9990 40.6231
  4.4701  3.4631  0.0000  1.9021 30.7578
  5.1058  1.5937  0.0000  2.5807 11.8803
  4.3662  4.1095  0.0000  2.8218 37.7539
  6.1492  4.2080  0.0000  1.5512 38.8334
  4.4204  2.6628  0.0000  2.8715 22.3732
  5.1325  1.1867  0.0000  1.3876  8.2224
  5.4293  2.8055  0.0000  1.8306 23.8415
  5.1368  1.6922  0.0000  1.0324 12.7998
  5.3374  3.2502  0.0000  2.6345 28.4942
  5.2405  2.0884  0.0000  0.4602 16.6083
  5.5236  3.0223  0.0000  1.6059 26.0961
  4.6415  3.3134  0.0000  1.1503 29.1640
  4.7151  1.8781  0.0000  0.9138 14.5665
  5.1909  2.3187  0.0000  1.5031 18.8892
  5.1879  1.3943  0.0000  1.1589 10.0568
  4.4191  3.2852  0.0000  1.9569 28.8653
  6.4785  3.0712  0.0000  0.8140 26.6087
  5.3676  3.3274  0.0000  1.8850 29.3127
  5.3878  2.5803  0.0000  0.7729 21.5310
  5.2757  2.1148  0.0000  1.5086 16.8671
  4.0349  2.7694  0.0000  1.2645 23.4697
  5.1056  3.5996  0.0000  0.7433 32.2208
  4.4921  2.2905  0.0000  1.5182 18.6072
  5.3379  1.2282  0.0000  1.7063  8.5834
  6.1516  3.6221  0.0000  1.5936 32.4623
  5.3147  2.3671  0.0000  2.6204 19.3741
  5.0863  2.0927  0.0000  1.3650 16.6501
  5.5426  1.6095  0.0000  0.7192 12.0273
  4.3069  1.9515  0.0000  1.9202 15.2751
  5.1897  3.9614  0.0000  1.1575 36.1359
  3.6030  0.9686  0.0000  0.5207  6.3793
  5.6793  2.0861  0.0000  0.1398 16.5855
  5.1031  1.7840  0.0000  2.3656 13.6682
  4.8740  2.1622  0.0000  1.4507 17.3347
  5.6222  1.9521  0.0000  2.8334 15.2805
  4.9083  4.3108  0.0000  2.0929 39.9655
  6.0404  3.8000  0.0000  2.5275 34.3824
  4.8162  3.8110  0.0000  1.2808 34.5022
  5.2165  3.1676  0.0000  1.8999 27.6220
  5.2113  2.7819  0.0000  1.4908 23.5982
  6.4615  2.2127  0.0000  2.4939 17.8343
  4.8722  3.1716  0.0000  1.6314 27.6647
  5.0026  3.5648  0.0000  0.5699 31.8472
  6.5109  3.0984  0.0000  1.9711 26.8940
  5.6293  2.4966  0.0000  1.6363 20.6802
  5.4682  2.8450  0.0000  0.2252 24.2510
  5.7391  3.5488  0.0000  0.9185 31.6750
  5.5012  3.3156  0.0000  1.4665 29.1874
  5.5131  4.2083  0.0000  0.9597 38.8371
  4.5811  4.2009  0.0000  1.3708 38.7559
  5.4240  3.8602  0.0000  0.7262 35.0355
  5.0343  0.9208  0.0000  2.3596  5.9896
  5.2075  1.0509  0.0000  1.3872  7.0632
  5.6678  0.8169  0.0000  3.0902  5.1602
  6.6846  3.5374  0.0000  1.4001 31.5531
  5.7649  1.8390  0.0000  0.9162 14.1920
  5.4958  2.2510  0.0000  0.2765 18.2147
  4.7976  3.3638  0.0000  1.0111 29.6998
  4.9550  2.9405  0.0000  0.6813 25.2428
  5.0831  2.7765  0.0000  1.0673 23.5427
  5.2163  2.1352  0.0000  0.5560 17.0683
  4.9578  3.6162  0.0000  0.4769 32.3990
  4.1134  1.4576  0.0000  1.5601 10.6298
  5.1869  0.9364  0.0000  2.5714  6.1160
  4.1614  2.0723  0.0000  0.8208 16.4509
  5.7124  3.7326  0.0000  2.5275 33.6539
  5.0018  3.1819  0.0000  1.2989 27.7724
  5.1618  0.8419  0.0000  1.2705  5.3568
  4.8924  1.8811  0.0000  2.0762 14.5954
  5.5082  1.3699  0.0000  2.9669  9.8379
  4.5688  3.8467  0.0000  1.6386 34.8891
  4.4910  1.9027  0.0000  1.9085 14.8031
  4.2878  2.8669  0.0000  1.2835 24.4776
  4.8913  2.8538  0.0000  0.8246 24.3422
  5.1212  1.5260  0.0000  2.1276 11.2549
  4.6213  4.3626  0.0000  1.5343 40.5366
  4.8874  0.2311  0.0000  1.9187  1.1428
  5.2952  2.7746  0.0000  0.6411 23.5227
  4.7127  3.7028  0.0000  2.0909 33.3322
  5.0624  3.0397  0.0000  0.6089 26.2780
  4.8359  1.4090  0.0000  0.6882 10.1896
  4.7231  1.8525  0.0000  1.4050 14.3214
  5.4882  1.7795  0.0000  0.5652 13.6254
  5.0908  0.8618  0.0000  2.4322  5.5150
  5.1321  2.0487  0.0000  2.2853 16.2200
  5.0645  1.6163  0.0000  1.4468 12.0899
  4.9162  3.5263  0.0000  1.2774 31.4337
  5.9689  3.4783  0.0000  2.0406 30.9211
  4.2524  2.1538  0.0000  2.3809 17.2519
  4.8439  2.2119  0.0000  1.1719 17.8262
  4.9594  3.5383  0.0000  0.4483 31.5627
  4.8574  2.3558  0.0000  0.5579 19.2609
  5.2217  3.0191  0.0000  0.3213 26.0633
  5.1734  2.9352  0.0000  0.4289 25.1869
  4.0467  3.2100  0.0000  1.3837 28.0696
  5.2552  1.9539  0.0000  2.4103 15.2983
  4.2847  1.3547  0.0000  2.0890  9.7017
  4.3648  1.3260  0.0000  2.1914  9.4453
  5.5230  2.6443  0.0000  1.8489 22.1836
  5.4382  3.9613  0.0000  1.0874 36.1344
  5.8250  0.9433  0.0000  1.9843  6.1726
  4.3661  1.7053  0.0000  0.2465 12.9234
  5.9789  3.9616  0.0000  2.4361 36.1377
  5.0084  0.9486  0.0000  0.9496  6.2155
  5.2695  2.1407  0.0000  0.6729 17.1221
  5.0176  1.7916  0.0000  2.6439 13.7401
  4.4138  2.1986  0.0000  1.3628 17.6945
  5.5187  3.0820  0.0000  2.6076 26.7217
  5.3648  2.2583  0.0000  2.5726 18.2872
  5.2143  0.9857  0.0000  1.8550  6.5201
  5.6483  2.7244  0.0000  1.1951 23.0061
  4.8612  0.6057  0.0000  2.1791  3.5672
  5.0957  3.4881  0.0000  1.5960 31.0256
  4.3405  4.1468  0.0000  1.2337 38.1617
  5.9461  3.1553  0.0000  2.9954 27.4923
  5.1433  2.4229  0.0000  2.5521 19.9354
  4.3616  3.5134  0.0000  1.6904 31.2958
  4.0184  3.2344  0.0000  1.8299 28.3273
  5.1251  1.9698  0.0000  0.8460 15.4523
  4.3200  1.7757  0.0000  1.0051 13.5891
  5.3330  3.7382  0.0000  2.5589 33.7143
  5.6853  2.5344  0.0000  0.3835 21.0634
  4.4379  0.7694  0.0000  1.5347  4.7900
  3.9303  3.4850  0.0000  0.6057 30.9923
  5.1112  1.8758  0.0000  0.8372 14.5449
  5.0315  3.6964  0.0000  1.7750 33.2631
  5.1157  1.7391  0.0000  1.9386 13.2420
  4.7537  2.9248  0.0000  2.8559 25.0788
  4.6403  0.8925  0.0000  1.7918  5.7604
  5.2499  3.5566  0.0000  2.1911 31.7594
  4.7110  3.0852  0.0000  0.8547 26.7550
  4.8906  1.8947  0.0000  2.5609 14.7265
  5.4163  1.7839  0.0000  1.6596 13.6668
  4.6141  1.8092  0.0000  1.3637 13.9074
  4.7794  2.1653  0.0000  0.5119 17.3653
  4.7017  3.1788  0.0000  2.0672 27.7404
  4.9186  3.1605  0.0000  1.0987 27.5471
  4.4536  4.3311  0.0000  0.7597 40.1896
  5.0578  2.7434  0.0000  2.3258 23.2013
  5.1760  1.6459  0.0000  1.4070 12.3664
  5.0718  0.5430  0.0000  0.9643  3.1215
  5.0200  1.3617  0.0000  1.9305  9.7638
  4.7731  1.3376  0.0000  1.2414  9.5489
  3.9025  1.2806  0.0000  2.0250  9.0433
  5.0583  1.4550  0.0000  2.3235 10.6062
  5.5930  1.4315  0.0000  0.6264 10.3929
  5.5505  0.8334  0.0000  1.9610  5.2900
  4.3654  0.3416  0.0000  0.4226  1.7942
  5.3963  2.1361  0.0000  1.6466 17.0774
  4.7160  2.7094  0.0000  2.2950 22.8516
  4.9730  3.5807  0.0000  0.7450 32.0181
  5.2965  2.3030  0.0000  0.9350 18.7328
  5.8993  4.0273  0.0000  0.9657 36.8550
  5.0154  2.2139  0.0000  1.9228 17.8458
  4.7764  1.6122  0.0000  1.0966 12.0525
  4.9137  3.0645  0.0000  1.8348 26.5389
  5.0238  3.1016  0.0000  1.8857 26.9272
  5.6637  3.6675  0.0000  0.6505 32.9508
  5.7635  1.6390  0.0000  2.8708 12.3016
  3.9601  3.9653  0.0000  1.5451 36.1784
  5.5151  2.0029  0.0000  0.6467 15.7733
  5.1705  3.1027  0.0000  0.6831 26.9387
  5.3820  2.5804  0.0000  1.1678 21.5316
  5.7112  4.3208  0.0000  1.4675 40.0754
  4.8150  2.0444  0.0000  1.3188 16.1773
  4.7841  4.3957  0.0000  1.5633 40.9026
  5.8690  3.9419  0.0000  0.8411 35.9230
  5.9047  2.4861  0.0000  0.3640 20.5738
  4.8959  2.7887  0.0000  0.4794 23.6680
  5.5383  1.7645  0.0000  2.1076 13.4833
  5.2955  1.1378  0.0000  1.1217  7.8007
  4.2581  2.5440  0.0000  2.7091 21.1613
  4.8448  2.4400  0.0000  0.5993 20.1075
  5.2539  2.9567  0.0000  1.4871 25.4115
  5.2241  3.0229  0.0000  1.3009 26.1029
  5.1491  2.4180  0.0000  2.5078 19.8865
  5.3931  1.8586  0.0000  0.5877 14.3800
  5.1225  1.0843  0.0000  2.2246  7.3452
  4.5924  2.5823  0.0000  1.8387 21.5512
  5.3897  2.0623  0.0000  0.5314 16.3531
  5.2406  2.2731  0.0000  1.5826 18.4341
  3.9030  1.5566  0.0000  0.7107 11.5372
  5.3413  4.3128  0.0000  0.6299 39.9871
  4.5915  2.9834  0.0000  1.3059 25.6904
  4.7200  3.0209  0.0000  1.6000 26.0821
  5.2516  0.1485  0.0000  2.0223  0.6983
  5.0525  2.7667  0.0000  1.9780 23.4414
  4.2014  3.2843  0.0000  2.6102 28.8550
  5.7658  2.6440  0.0000  3.0691 22.1807
  5.7094  4.3769  0.0000  0.8155 40.6950
  5.2804  3.4769  0.0000  0.9353 30.9057
  4.9870  1.2529  0.0000  1.2425  8.7994
  6.7158  1.8158  0.0000  1.9467 13.9710
  4.4079  2.7121  0.0000  0.3308 22.8790
  4.3554  3.0210  0.0000  2.0689 26.0831
  3.9561  3.7726  0.0000  2.3739 34.0857
  4.9129  2.0890  0.0000  2.2181 16.6141
  4.7384  0.8107  0.0000  2.1515  5.1111
  5.5741  3.6755  0.0000  1.5670 33.0377
  5.1330  1.4867  0.0000  1.3126 10.8955
  5.3390  2.3245  0.0000  0.3138 18.9473
  4.7232  1.9824  0.0000  2.7078 15.5737
  5.7528  3.2139  0.0000  0.7399 28.1110
  5.2397  2.6173  0.0000  2.1171 21.9085
  5.1617  4.1073  0.0000  1.9154 37.7299
  5.4660  1.3201  0.0000  1.9091  9.3932
  4.8817  2.3942  0.0000  1.4380 19.6463
  5.9689  3.0067  0.0000  2.3911 25.9330
  5.6550  1.7256  0.0000  2.1267 13.1153
  4.4647  2.8428  0.0000  0.5513 24.2282
  4.3280  0.1974  0.0000  1.7026  0.9570
  6.1008  1.2413  0.0000  0.7158  8.6979
  4.9276  2.7421  0.0000  0.6262 23.1878
  4.9147  1.8079  0.0000  1.2154 13.8953
  5.6896  3.9633  0.0000  0.7915 36.1569
  5.3374  2.0232  0.0000  1.7937 15.9708
  4.4793  0.8531  0.0000  2.1195  5.4459
  5.7105  3.6394  0.0000  1.6484 32.6490
  4.8627  1.3410  0.0000  1.1987  9.5796
  6.1528  3.4392  0.0000  2.6250 30.5029
  5.8931  1.2737  0.0000  1.8836  8.9824
  5.4455  4.1495  0.0000  1.8952 38.1922
  4.9912  3.3207  0.0000  1.4123 29.2411
  6.1353  2.5328  0.0000  1.5940 21.0477
  5.2216  2.2851  0.0000  0.2822 18.5537
  5.7982  1.2363  0.0000  1.8296  8.6544
  5.6972  2.1209  0.0000  1.8296 16.9276
  4.8435  1.6781  0.0000  0.9255 12.6681
  5.3871  3.4044  0.0000  1.3986 30.1314
  4.4374  3.2945  0.0000  1.0519 28.9638
  5.2651  2.2495  0.0000  1.4054 18.1995
  5.0072  0.7839  0.0000  1.5211  4.9024
  4.9031  3.7386  0.0000  3.0380 33.7186
  5.5109  2.8216  0.0000  1.9172 24.0084
  5.6451  0.8541  0.0000  1.5155  5.4540
  4.3330  3.3824  0.0000  1.3215 29.8976
  4.3076  4.2161  0.0000  0.4975 38.9225
  5.2850  4.2174  0.0000  1.9764 38.9370
  5.5581  0.6967  0.0000  1.0038  4.2367
  5.9295  2.2635  0.0000  1.0579 18.3386
  5.4940  2.6590  0.0000  1.8858 22.3342
  5.8387  2.2274  0.0000  2.4977 17.9795
  5.1670  2.4916  0.0000  1.5553 20.6299
  5.0977  1.9543  0.0000  2.4602 15.3020
  4.9512  2.3116  0.0000  0.8906 18.8179
  5.4759  1.7196  0.0000  1.4013 13.0585
  3.9664  2.9861  0.0000  1.1524 25.7180
  4.5974  4.0221  0.0000  1.5760 36.7978
  5.0260  3.2099  0.0000  2.2004 28.0680
  5.2632  2.7521  0.0000  2.6882 23.2906
  4.4272  1.2220  0.0000  1.5966  8.5291
  5.2702  3.6264  0.0000  1.3332 32.5083
  5.1170  1.6367  0.0000  1.4628 12.2807
  5.4954  2.7377  0.0000  1.5881 23.1427
  5.0989  2.6600  0.0000  1.7803 22.3450
  4.2116  4.4460  0.0000  1.8047 41.4588
  4.9221  2.6335  0.0000  0.5438 22.0734
  4.5706  2.1091  0.0000  1.1914 16.8119
  5.2360  1.2421  0.0000  0.7257  8.7051
  5.5593  1.9003  0.0000  1.8818 14.7800
  5.1343  2.7568  0.0000  1.3606 23.3399
  5.1875  2.6112  0.0000  0.8831 21.8460
  5.4128  3.7692  0.0000  2.4288 34.0496
  5.7499  2.1816  0.0000  1.3434 17.5263
  4.7324  1.6065  0.0000  1.3075 11.9993
  4.8293  1.7098  0.0000  1.4050 12.9663
  5.3121  3.8869  0.0000  2.7129 35.3252
  5.4489  1.3479  0.0000  1.8515  9.6406
  5.2135  1.6086  0.0000  1.3535 12.0183
  5.1791  2.1189  0.0000  1.8231 16.9080
  5.1383  4.2448  0.0000  0.3354 39.2387
  4.5898  4.0510  0.0000  2.3991 37.1134
  5.2003  0.8551  0.0000  0.9696  5.4618
  5.1251  2.4568  0.0000  0.8683 20.2774
  5.3467  3.2781  0.0000  1.4803 28.7899
  5.9858  0.8879  0.0000  0.6136  5.7237
  5.2097  1.3857  0.0000  0.5008  9.9792
  5.0573  0.2610  0.0000  0.6946  1.3132
  4.4051  1.1867  0.0000  1.2651  8.2225
  5.2602  3.4610  0.0000  2.1261 30.7353
  4.8492  3.6009  0.0000  2.1750 32.2345
  5.5922  1.5131  0.0000  0.7732 11.1368
  5.2213  1.9353  0.0000  1.6637 15.1180
  5.5709  3.5406  0.0000  2.1954 31.5879
  4.4153  2.3441  0.0000  2.0726 19.1433
  4.4471  3.3419  0.0000  1.9093 29.4667
  4.7265  2.3404  0.0000  2.2706 19.1063
  5.8388  4.1748  0.0000  2.1485 38.4688
  4.7405  3.0625  0.0000  1.4829 26.5173
  5.2657  0.5100  0.0000  1.3624  2.8931
  5.0106  3.9285  0.0000  0.0850 35.7781
  5.0342  2.7695  0.0000  2.3082 23.4706
  5.3409  3.8404  0.0000  2.4081 34.8201
  5.4495  3.1647  0.0000  2.6044 27.5914
  6.1449  2.5402  0.0000  1.6995 21.1223
  5.3296  3.3939  0.0000  1.9057 30.0197
  5.0795  3.7997  0.0000  1.9190 34.3791
  5.7919  4.0024  0.0000  1.2804 36.5831
  3.6977  2.4154  0.0000  2.3566 19.8600
  4.8740  1.4909  0.0000  1.4441 10.9336
  5.2834  2.6263  0.0000  0.5387 22.0002
  5.0081  2.7084  0.0000  1.8746 22.8410
  4.9009  0.6570  0.0000  1.0430  3.9414
  4.7156  2.0859  0.0000  2.2419 16.5843
  4.6839  2.7103  0.0000  0.5480 22.8613
  5.3591  0.8736  0.0000  0.7570  5.6094
  4.0478  3.0411  0.0000  1.8738 26.2936
  4.8183  2.7517  0.0000  0.9550 23.2864
  5.3569  2.3802  0.0000  1.7399 19.5056
  5.0555  2.0142  0.0000  2.7098 15.8829
  5.1195  1.6411  0.0000  2.1406 12.3215
  4.6663  3.0858  0.0000  1.4289 26.7621
  4.4148  2.6872  0.0000  1.5865 22.6242
  6.0539  2.0464  0.0000  1.5282 16.1973
  4.4401  1.5568  0.0000  1.9637 11.5390
  5.4507  2.3294  0.0000  1.2264 18.9965
  4.8664  3.1858  0.0000  2.1816 27.8137
  4.0100  2.1079  0.0000  1.7313 16.7998
  5.3781  1.0665  0.0000  1.2606  7.1943
  5.5548  0.9647  0.0000  2.5919  6.3477
  5.1655  3.6794  0.0000  1.2608 33.0798
  5.1192  4.2848  0.0000  0.5435 39.6787
  4.1563  1.9348  0.0000  0.4730 15.1131
  4.8514  0.7923  0.0000  1.5880  4.9676
  4.4079  2.6793  0.0000  1.8300 22.5429
  5.4823  4.1308  0.0000  2.2762 37.9872
  5.7997  2.5464  0.0000  1.9096 21.1859
  4.9168  1.7846  0.0000  0.7060 13.6738
  5.7474  4.0907  0.0000  1.0951 37.5473
  5.6272  3.5639  0.0000  1.9927 31.8370
  5.1337  3.2873  0.0000  1.9493 28.8877
  4.9669  1.7959  0.0000  2.8614 13.7807
  4.5789  1.5002  0.0000  1.6588 11.0188
  5.2583  1.8858  0.0000  1.4692 14.6406
  4.4429  1.2468  0.0000  2.3101  8.7462
  4.7009  2.7334  0.0000  1.4828 23.0985
  5.8790  1.5385  0.0000  2.7210 11.3706
  5.3980  2.7118  0.0000  0.9303 22.8761
  5.1696  1.6196  0.0000  1.9945 12.1210
  5.4993  0.2601  0.0000  1.4966  1.3082
  3.6820  2.0907  0.0000  0.9144 16.6310
  4.0374  1.1603  0.0000  1.9465  7.9938
  5.4581  3.0392  0.0000  1.0167 26.2734
  4.4722  2.2114  0.0000  0.2772 17.8211
  5.4262  0.7884  0.0000  1.7324  4.9372
  6.7692  2.2029  0.0000  1.9783 17.7367
  4.9823  2.1459  0.0000  1.6663 17.1737
  3.8350  1.9904  0.0000  2.0285 15.6522
  4.8664  3.1210  0.0000  2.4149 27.1316
  5.8490  4.0727  0.0000  2.7407 37.3507
  5.0554  2.5578  0.0000  1.1900 21.3014
  5.5623  1.2559  0.0000  1.2099  8.8262
  5.6665  1.6586  0.0000  1.2651 12.4856
  5.0146  0.4628  0.0000  2.0020  2.5730
  5.3213  1.9532  0.0000  2.3986 15.2909
  5.4999  2.0943  0.0000  2.0797 16.6662
  4.8631  4.3176  0.0000  2.6676 40.0400
  5.0870  2.4349  0.0000  1.4369 20.0567
  5.2035  2.8646  0.0000  2.1596 24.4539
  4.3876  4.1659  0.0000  2.5993 38.3720
  5.0716  4.1306  0.0000  1.8272 37.9851
  5.4198  2.7937  0.0000  1.8543 23.7202
  4.4593  2.5368  0.0000  0.4065 21.0882
  5.1398  1.0477  0.0000  2.3611  7.0362
  5.0598  1.2988  0.0000  2.0143  9.2038
  5.0152  2.6562  0.0000  1.7381 22.3062
  4.8795  2.9256  0.0000  2.1932 25.0876
  3.8899  2.5631  0.0000  1.6067 21.3554
  5.1317  0.7579  0.0000  1.1267  4.7018
  5.6878  2.8263  0.0000  0.4872 24.0570
  3.8707  3.7659  0.0000  1.6289 34.0133
  4.3771  1.2717  0.0000  2.7906  8.9644
  3.9699  1.1416  0.0000  1.3529  7.8337
  5.5561  0.2508  0.0000  0.2786  1.2545
  4.7635  2.6463  0.0000  1.9967 22.2044
  5.2068  3.4503  0.0000  2.5537 30.6211
  5.2255  1.9815  0.0000  2.3000 15.5651
  4.7066  2.9597  0.0000  2.0601 25.4430
  5.4982  1.7056  0.0000  0.8432 12.9266
  5.5392  1.6175  0.0000  2.0782 12.1016
  4.6394  4.3709  0.0000  1.8499 40.6280
  5.1277  2.9998  0.0000  1.0670 25.8616
  5.4291  1.3879  0.0000  1.7719  9.9994
  5.8801  1.4210  0.0000  2.7989 10.2977
  4.4188  3.1259  0.0000  1.5517 27.1832
  4.5061  3.2543  0.0000  1.7407 28.5372
  4.8298  2.3211  0.0000  0.5765 18.9129
  5.2162  1.9710  0.0000  0.4473 15.4638
  5.8319  2.5298  0.0000  1.2350 21.0167
  5.7064  2.5205  0.0000  2.5091 20.9225
  6.5969  3.5562  0.0000  1.9053 31.7544
  5.5002  3.0077  0.0000  2.4277 25.9442
  5.2368  1.4717  0.0000  2.3210 10.7580
  5.2045  2.5221  0.0000  2.0496 20.9389
  5.4582  4.2696  0.0000  1.3518 39.5112
  5.2265  0.6217  0.0000  1.8456  3.6830
  5.4340  0.6526  0.0000  2.5612  3.9090
  5.3970  2.5572  0.0000  1.2791 21.2952
  5.1146  1.7728  0.0000  2.6510 13.5612
  5.9016  2.7828  0.0000  2.6236 23.6071
  6.4921  2.1899  0.0000  1.0797 17.6080
  4.1642  1.9400  0.0000  2.3552 15.1633
  4.2593  0.8951  0.0000  0.8041  5.7817
  4.3274  3.5329  0.0000  1.8767 31.5046
  5.4305  1.3348  0.0000  0.4625  9.5236
  5.0479  4.2031  0.0000  1.9145 38.7804
  6.9071  1.6643  0.0000  1.6961 12.5386
  4.7962  2.6410  0.0000  0.8374 22.1507
  5.4727  1.6108  0.0000  2.6786 12.0394
  4.5296  1.9645  0.0000  1.8373 15.4003
  5.0330  3.0986  0.0000  1.4549 26.8964
  5.8518  2.5574  0.0000  2.6319 21.2972
  5.2090  3.2999  0.0000  1.3516 29.0210
  5.2281  0.9085  0.0000  0.2121  5.8899
  5.4111  1.7011  0.0000  2.3122 12.8844
  5.2497  2.1180  0.0000  0.8767 16.8986
  4.4235  2.6690  0.0000  2.4406 22.4374
  5.0330  2.9208  0.0000  2.2395 25.0377
  5.8551  3.3244  0.0000  1.2614 29.2810
  5.9389  4.3921  0.0000  1.7661 40.8627
  5.8549  1.0707  0.0000  0.5527  7.2300
  5.2468  4.0831  0.0000  1.0101 37.4650
  4.8354  4.3744  0.0000  2.5671 40.6674
  4.5671  2.1311  0.0000  2.5195 17.0281
  5.2334  1.1580  0.0000  0.9068  7.9746
  5.2125  2.9935  0.0000  1.6595 25.7951
  5.4360  1.9809  0.0000  2.0873 15.5592
  5.2809  1.8730  0.0000  1.0461 14.5180
  5.1354  4.4231  0.0000  1.5862 41.2052
  5.2068  1.4152  0.0000  1.1160 10.2456
  5.0788  3.2179  0.0000  2.0171 28.1526
  5.6931  0.7519  0.0000  1.4510  4.6559
  4.9721  2.6001  0.0000  1.3464 21.7326
  3.6230  3.0677  0.0000  1.5443 26.5723
  5.2155  0.7102  0.0000  1.8443  4.3383
  5.2767  3.0187  0.0000  1.9372 26.0591
  4.0507  2.1099  0.0000  0.8042 16.8194
  5.6808  3.5073  0.0000  1.4553 31.2303
  4.8375  1.0315  0.0000  1.3386  6.9013
  6.4759  3.6764  0.0000  0.6937 33.0467
  5.5194  0.9520  0.0000  0.9206  6.2437
  5.6146  3.0304  0.0000  0.9255 26.1815
  4.8935  1.9219  0.0000  0.9609 14.9886
  4.8863  3.1349  0.0000  1.5471 27.2778
  4.3865  3.6091  0.0000  1.2456 32.3225
  6.0108  3.5503  0.0000  2.3383 31.6916
  5.9947  4.2356  0.0000  0.5826 39.1377
  5.7210  2.2635  0.0000  1.4402 18.3387
  4.6773  2.0120  0.0000  1.0155 15.8614
  4.9868  2.4150  0.0000  1.4070 19.8553
  5.4691  2.9285  0.0000  2.6572 25.1174
  4.7856  3.9490  0.0000  2.1297 36.0005
  5.2211  2.7232  0.0000  2.4201 22.9933
  5.6452  1.9479  0.0000  3.0303 15.2402
  5.4939  2.5076  0.0000  0.3772 20.7916
  5.3953  1.7878  0.0000  2.2559 13.7040
  5.2666  1.1161  0.0000  2.4208  7.6154
  5.0211  2.7226  0.0000  2.1521 22.9873
  5.0879  2.9845  0.0000  0.3821 25.7011
  5.1434  1.6990  0.0000  2.1739 12.8639
  6.1730  1.8195  0.0000  2.3502 14.0063
  6.1797  3.1566  0.0000  1.3953 27.5063
  4.7080  4.0668  0.0000  0.8341 37.2857
  5.0841  2.0001  0.0000  0.5109 15.7461
  3.9104  2.3373  0.0000  1.8420 19.0755
  5.2771  2.9889  0.0000  0.3569 25.7478
  5.1814  3.5323  0.0000  1.3607 31.4989
  4.3332  2.3566  0.0000  1.6728 19.2686
  5.3770  4.2331  0.0000  2.5584 39.1093
  5.0644  1.0481  0.0000  1.7545  7.0400
  5.4816  0.9227  0.0000  2.0265  6.0049
  5.1445  3.8159  0.0000  0.8637 34.5544
  3.6794  2.3123  0.0000  0.8706 18.8255
  6.4249  3.3220  0.0000  1.5587 29.2549
  6.5299  0.5927  0.0000  1.9876  3.4736
