  5.4260  3.5184  0.1766  0.9282 31.3492
  5.0045  3.3012  0.0735  1.0259 29.0349
  4.4718  2.7507  0.6642  2.8073 23.2761
  5.5744  3.7880  0.1000  0.2915 34.2529
  4.7080  3.9739  0.3145  1.2952 36.2715
  4.8706  1.6316  0.8798  1.0590 12.2333
  4.1957  2.1163  0.1465  2.2434 16.8821
  5.4289  2.3472  0.6574  1.6555 19.1749
  5.0555  2.9801  0.8585  0.1140 25.6554
  4.3506  1.2473  0.1311  2.3085  8.7501
  4.7864  1.9068  0.9682  1.4288 14.8430
  4.8712  4.4310  0.5384  0.3430 41.2922
  5.1043  3.2626  0.9609  1.4827 28.6259
  5.3850  1.9494  0.7019  1.5203 15.2547
  6.3333  3.3585  0.4206  1.1054 29.6433
  4.6831  3.5378  0.2445  0.2838 31.5575
  5.3572  3.5127  0.9264  1.7869 31.2888
  4.7081  1.5455  0.7047  1.3394 11.4344
  5.2830  3.3891  0.6011  0.4385 29.9683
  4.5471  1.9954  0.0084  0.6814 15.6999
  4.2471  2.1189  0.5129  1.3175 16.9082
  4.1147  2.0785  0.9704  0.9648 16.5113
  5.4950  2.4905  0.7167  2.1962 20.6184
  4.2378  3.6916  0.6594  0.8359 33.2107
  4.9916  4.0061  0.4190  0.8504 36.6236
  3.8636  0.7826  0.9054  2.3840  4.8923
  4.8227  3.7044  0.6634  1.1924 33.3489
  5.3508  1.2495  0.0658  1.2721  8.7697
  5.4803  1.3264  0.4892  1.5188  9.4495
  4.9546  4.4682  0.1179  2.7367 41.7041
  4.8179  3.8180  0.0862  1.7350 34.5778
  5.1190  2.4401  0.4306  0.7094 20.1087
  5.3048  2.9421  0.1537  0.5397 25.2589
  5.7146  1.8916  0.3866  1.8698 14.6972
  4.6790  3.2048  0.8992  1.6083 28.0144
  4.0022  2.5762  0.7128  2.7415 21.4887
  4.3535  3.3163  0.2814  1.9806 29.1947
  5.1890  4.0272  0.4402  0.4104 36.8530
  6.1629  2.4931  0.1909  1.4833 20.6451
  5.2564  2.1594  0.7925  0.9636 17.3072
  3.7342  0.9540  0.8192  1.0592  6.2595
  5.3653  2.4564  0.3733  1.6066 20.2732
  5.4986  3.5865  0.8885  0.5277 32.0800
  5.1665  0.9015  0.0221  0.4614  5.8334
  4.5418  1.6071  0.2969  1.7629 12.0045
  3.6396  1.4382  0.9753  0.9668 10.4538
  5.3242  3.8203  0.3604  0.6319 34.6021
  5.2583  3.8466  0.4716  1.4788 34.8872
  4.6560  4.1187  0.8447  2.7396 37.8546
  4.8650  1.5430  0.6089  0.6403 11.4118
  6.5752  3.8719  0.1369  0.9092 35.1628
  4.5861  2.6352  0.9629  1.6606 22.0905
  5.2637  2.6216  0.8731  1.0448 21.9523
  5.6189  3.0998  0.1349  0.7243 26.9090
  4.9911  3.7090  0.4271  0.6577 33.3987
  6.2310  2.6833  0.0281  2.3016 22.5839
  5.1730  0.5139  0.6335  3.0423  2.9195
  3.9460  1.6076  0.6487  0.7949 12.0090
  5.5691  3.7551  0.5250  0.3581 33.8966
  4.6251  1.2188  0.5479  2.1357  8.5012
  4.9389  4.3373  0.0630  1.9737 40.2572
  5.2425  3.7321  0.6235  2.2126 33.6479
  4.8548  2.3812  0.3996  2.0473 19.5163
  5.1076  2.6040  0.5621  0.8378 21.7721
  5.0785  0.7213  0.9279  1.8097  4.4226
  4.2360  1.7450  0.2066  0.7274 13.2983
  5.8745  2.4315  0.3584  1.0617 20.0223
  6.0422  1.8414  0.7637  1.3034 14.2153
  5.4257  1.6209  0.0753  1.6465 12.1333
  5.4192  2.3973  0.3111  1.9258 19.6777
  5.1197  1.0508  0.8577  0.7480  7.0629
  5.6035  0.6760  0.5507  2.0546  4.0824
  5.3923  4.2199  0.0801  1.3589 38.9647
  4.7648  1.0999  0.2025  0.2233  7.4775
  5.1380  2.2287  0.6905  1.6281 17.9923
  5.2566  4.4506  0.4341  1.6979 41.5097
  5.3351  1.3065  0.5344  2.3202  9.2724
  5.1566  2.7332  0.5796  0.2383 23.0963
  4.9365  3.8075  0.9510  1.3557 34.4640
  3.9681  2.1492  0.9980  0.1659 17.2059
  3.8113  3.8623  0.9587  1.1790 35.0584
  4.9921  3.8504  0.7001  0.2811 34.9294
  4.6383  1.4284  0.8056  0.3901 10.3646
  5.4393  2.1029  0.4650  2.0770 16.7503
  5.7323  1.1699  0.3882  2.8649  8.0772
  4.4797  4.2374  0.5829  2.1922 39.1574
  5.6691  2.6643  0.6525  0.5652 22.3887
  4.3193  2.2893  0.1499  1.0635 18.5953
  5.2699  1.5205  0.1004  0.4045 11.2046
  5.4434  4.0252  0.7988  1.1467 36.8313
  5.4609  3.0536  0.5146  0.5770 26.4241
  5.2581  4.1515  0.9078  0.9082 38.2141
  6.0703  2.1175  0.6656  2.6424 16.8943
  6.4804  1.5319  0.5983  2.3763 11.3095
  4.4407  2.0128  0.5030  1.9010 15.8699
  4.0375  0.8788  0.8457  1.5571  5.6510
  5.1164  3.4822  0.2694  2.7627 30.9627
  5.2877  1.4186  0.8107  1.5260 10.2764
  5.6581  3.4245  0.2184  0.9598 30.3461
  4.7825  1.9190  0.1074  0.9529 14.9609
  5.0799  1.4757  0.5472  0.8777 10.7950
  5.3059  2.9636  0.5545  1.2571 25.4829
  4.5037  1.7774  0.8713  2.0765 13.6049
  5.4989  1.1675  0.6004  0.7939  8.0561
  4.1571  4.0532  0.7011  0.3061 37.1374
  4.2745  2.2068  0.2610  0.7830 17.7759
  5.0549  3.6302  0.7166  1.3658 32.5501
  4.6586  2.6552  0.5064  1.2469 22.2960
  4.5643  3.1548  0.7955  1.6643 27.4867
  6.3959  1.3262  0.3117  0.8538  9.4477
  5.6976  1.6403  0.3961  0.8886 12.3140
  5.4909  2.7558  0.2315  1.6320 23.3293
  4.8932  3.5343  0.6115  1.5679 31.5197
  5.2919  2.3453  0.4541  2.2470 19.1554
  5.4309  2.8540  0.8652  1.1827 24.3440
  4.5656  2.1725  0.9238  0.8052 17.4359
  5.3583  2.7528  0.8060  2.7490 23.2983
  3.7909  4.0799  0.2526  1.2671 37.4298
  5.1501  1.8969  0.0916  1.9593 14.7481
  5.1003  4.4402  0.9897  1.4244 41.3948
  5.0474  2.6986  0.3257  1.8190 22.7405
  4.4352  2.8831  0.1634  0.7014 24.6456
  4.6653  3.6100  0.0616  1.6236 32.3320
  4.8215  2.6974  0.1283  1.0249 22.7286
  5.7518  3.2742  0.4128  2.0289 28.7488
  4.8028  3.0769  0.3955  1.2673 26.6682
  4.8603  2.9332  0.1149  1.4233 25.1662
  6.1501  3.9756  0.4642  1.2262 36.2910
  5.0692  0.4853  0.1044  1.3870  2.7246
  4.7766  4.0735  0.3863  2.7773 37.3594
  4.9161  4.1680  0.9768  1.0333 38.3944
  3.6970  1.8743  0.2132  2.1668 14.5308
  4.7469  2.4035  0.5281  0.9548 19.7398
  5.4173  2.5502  0.5155  2.4917 21.2242
  5.6465  3.4818  0.3255  0.6862 30.9583
  4.8923  1.8718  0.8476  1.2269 14.5067
  4.9877  2.0829  0.6195  2.0048 16.5544
  5.5776  2.1127  0.0995  2.2625 16.8467
  5.4785  1.4180  0.9765  0.2034 10.2709
  4.9545  3.5248  0.2481  1.5622 31.4178
  5.0660  3.6057  0.3265  1.6814 32.2865
  5.5980  3.1975  0.8827  1.1432 27.9371
  4.7826  1.4827  0.2571  2.0465 10.8585
  5.3390  1.5019  0.2066  1.7933 11.0345
  4.6642  2.9333  0.7871  1.0561 25.1678
  5.7352  4.0120  0.8445  0.2726 36.6876
  4.8087  2.9529  0.9019  2.0339 25.3717
  4.5985  3.3058  0.8516  0.3500 29.0830
  5.0477  4.2623  0.0638  2.0047 39.4315
  5.4847  2.4362  0.3901  1.5525 20.0695
  6.5118  2.0052  0.8556  0.6130 15.7959
  4.9876  1.8927  0.7612  0.4322 14.7074
  4.5376  2.5149  0.4777  1.4096 20.8654
  4.2807  3.5338  0.0982  1.7357 31.5143
  5.7242  0.9070  0.7280  1.1678  5.8777
  5.2742  2.3853  0.7290  2.6818 19.5565
  5.1540  3.1770  0.3804  1.8829 27.7215
  5.5037  3.3326  0.5510  1.9422 29.3684
  5.4222  2.6821  0.1255  1.8061 22.5710
  4.8967  2.8098  0.3542  1.4846 23.8867
  5.2454  1.4962  0.6833  0.9414 10.9818
  4.8545  2.9773  0.8526  1.0191 25.6267
  5.1260  1.5334  0.6850  0.5582 11.3232
  4.3740  1.4931  0.1418  1.4610 10.9539
  4.6527  3.7974  0.3322  2.8315 34.3546
  4.2988  3.3603  0.2580  0.8429 29.6620
  5.0608  3.0533  0.8888  2.0369 26.4207
  5.0791  1.7465  0.7157  0.9205 13.3120
  4.8845  0.6846  0.1476  1.0329  4.1465
  5.0254  1.7244  0.5734  1.2255 13.1033
  4.3447  1.4963  0.4452  1.8777 10.9832
  5.5637  3.4552  0.9439  2.0116 30.6735
  4.9391  3.0790  0.5886  2.2489 26.6900
  4.8922  3.4130  0.0978  1.5247 30.2233
  5.8305  2.3504  0.8725  1.5960 19.2066
  4.7641  0.9792  0.6611  0.9897  6.4665
  5.7984  2.0243  0.2745  1.0267 15.9816
  5.4681  0.9973  0.6962  1.9290  6.6166
  3.7711  1.8564  0.1951  1.6018 14.3589
  6.7154  1.6188  0.5426  2.2033 12.1138
  5.5780  3.0347  0.3922  1.2898 26.2260
  6.1755  4.0985  0.5442  2.5607 37.6331
  5.1149  1.1343  0.9379  0.7926  7.7713
  4.4513  3.5785  0.8937  0.8923 31.9944
  6.1303  4.3735  0.3251  1.4169 40.6571
  6.3315  3.8596  0.9005  1.8547 35.0287
  4.9911  1.3639  0.3478  1.1104  9.7836
  5.4945  4.3319  0.9035  1.4452 40.1977
  5.0338  1.3896  0.4595  1.2475 10.0145
  5.1130  1.7549  0.4415  1.9692 13.3915
  3.9720  3.7162  0.2205  2.3558 33.4764
  6.0617  1.6438  0.9980  1.7739 12.3464
  4.8187  2.7759  0.2299  1.5057 23.5366
  5.1674  2.3416  0.9225  1.5133 19.1184
  3.8043  2.3241  0.5495  0.9922 18.9431
  4.7871  3.5966  0.1212  0.8804 32.1888
  5.7721  3.1291  0.8283  1.0724 27.2166
  5.1909  1.1365  0.8383  0.6475  7.7894
  5.5397  0.6665  0.7137  1.8332  4.0113
  5.6766  3.3279  0.2652  1.9115 29.3177
  5.3219  2.5854  0.1870  0.9570 21.5824
  5.2279  3.2881  0.2944  1.9121 28.8960
  3.9679  3.8728  0.0788  2.8273 35.1726
  5.7284  3.8685  0.1375  1.8005 35.1257
  4.0087  1.2331  0.1388  1.7274  8.6262
  5.0282  4.2104  0.1300  0.6153 38.8606
  5.1245  0.8421  0.2262  0.7015  5.3586
  5.4804  1.7983  0.0016  0.5978 13.8037
  5.9373  1.6852  0.4761  1.0517 12.7349
  4.8979  4.3042  0.1549  2.1570 39.8926
  4.3737  2.4060  0.0610  2.9946 19.7656
  3.9227  3.7070  0.5962  2.4857 33.3771
  5.0064  2.9339  0.8003  1.8374 25.1738
  4.9582  2.7850  0.5327  1.3317 23.6303
  5.0610  1.9916  0.1748  2.4331 15.6634
  5.3888  4.2914  0.7701  1.7045 39.7511
  5.1234  2.8074  0.8538  1.0498 23.8612
  6.1036  4.2735  0.5668  0.8945 39.5544
  5.3451  2.3733  0.9867  1.7824 19.4360
  5.0127  0.3118  0.7519  0.0913  1.6129
  5.4205  2.5973  0.5243  0.8096 21.7036
  4.4613  2.4620  0.5159  2.9836 20.3300
  4.8398  3.0771  0.6846  1.4322 26.6701
  4.6452  1.5021  0.9436  2.1895 11.0358
  4.9358  3.8914  0.0163  1.0718 35.3740
  5.2856  3.1217  0.7481  0.9322 27.1389
  5.2273  2.0282  0.3911  2.4383 16.0200
  3.7845  3.9675  0.0108  1.4997 36.2018
  5.2854  3.9206  0.4121  2.3347 35.6919
  5.2060  3.1028  0.2069  1.8313 26.9398
  6.1346  2.7552  0.2675  1.1083 23.3224
  5.1005  2.6169  0.7236  0.2171 21.9045
  5.2144  1.4829  0.7671  0.9344 10.8604
  6.3403  1.8495  0.6516  0.8203 14.2927
  6.0191  4.4053  0.0472  1.0227 41.0086
  5.0596  1.4800  0.2811  2.5242 10.8334
  5.4106  4.1741  0.2791  0.5275 38.4612
  5.4094  2.4928  0.6306  1.4910 20.6420
  5.4485  4.2191  0.6005  1.4784 38.9559
  5.0358  2.1139  0.5821  1.1735 16.8589
  4.7033  1.4513  0.1368  2.1874 10.5729
  5.2778  2.0534  0.2177  1.5569 16.2657
  4.9174  2.7968  0.8217  1.2411 23.7519
  4.9359  3.7975  0.1563  1.6867 34.3556
  5.4419  1.5974  0.2412  1.8458 11.9150
  5.5715  4.2921  0.7341  1.3977 39.7589
  6.1208  3.8833  0.4850  1.4141 35.2860
  4.4999  4.2223  0.2729  1.7262 38.9913
  5.8028  1.4351  0.7621  0.2918 10.4255
  5.3926  2.1060  0.4913  2.6542 16.7811
  5.0028  2.5287  0.6254  2.7007 21.0053
  5.7472  2.7054  0.9443  0.1039 22.8107
  4.7815  1.0661  0.6331  1.3224  7.1914
  4.4548  3.9781  0.1101  2.3235 36.3178
  4.6560  3.0335  0.8692  2.9189 26.2133
  3.7649  1.1773  0.6548  0.6710  8.1411
  5.3101  1.7752  0.5145  1.5140 13.5841
  5.4634  2.8644  0.0342  1.6811 24.4522
  5.2097  3.6536  0.8551  0.8307 32.8012
  4.8770  2.8803  0.2158  0.3147 24.6163
  5.0457  0.9663  0.6749  2.8082  6.3609
  6.0876  4.1952  0.7488  2.2742 38.6936
  4.9488  4.3699  0.8015  1.4124 40.6175
  5.5887  0.9637  0.9444  2.9118  6.3392
  5.6792  1.2558  0.9753  1.9920  8.8253
  5.4244  1.9705  0.9239  1.3731 15.4583
  4.5349  2.4849  0.7957  1.8134 20.5617
  6.0824  3.4457  0.9804  0.2266 30.5720
  4.9976  3.1800  0.8610  0.8903 27.7523
  5.7571  1.8674  0.3588  1.4532 14.4639
  5.4100  2.1571  0.0346  0.3292 17.2840
  5.3044  1.8587  0.5706  0.7271 14.3813
  6.1928  1.6080  0.0822  0.3498 12.0133
  3.9913  2.8397  0.6750  2.0667 24.1958
  3.8303  1.4760  0.4931  0.9375 10.7973
  4.2739  2.0348  0.8044  1.2160 16.0840
  4.9445  1.1086  0.6771  0.7420  7.5514
  5.4666  1.5837  0.0741  2.4436 11.7874
  5.3818  4.4183  0.9746  1.3137 41.1525
  5.2097  2.5483  0.1449  1.0195 21.2044
  5.2129  2.0510  0.7514  1.3163 16.2419
  4.3910  1.7524  0.9794  0.4705 13.3687
  6.0444  1.0538  0.8254  1.8855  7.0882
  6.2040  1.0540  0.1615  0.9329  7.0898
  6.0837  1.7791  0.1253  1.6677 13.6219
  5.3628  2.9358  0.6612  0.7918 25.1936
  6.2745  3.3744  0.9289  2.3042 29.8122
  5.1132  1.5531  0.0505  2.2477 11.5046
  5.3370  0.8757  0.6890  2.6592  5.6258
  4.8017  4.3679  0.6787  1.7468 40.5953
  5.1949  2.6343  0.2513  1.8141 22.0814
  3.7786  2.0197  0.3577  2.7039 15.9370
  5.2107  0.9288  0.0434  1.4752  6.0540
  4.6946  3.8903  0.9532  0.4127 35.3624
  4.4506  1.4070  0.2788  0.9649 10.1714
  5.3839  3.5573  0.2383  0.6612 31.7668
  5.1447  2.4933  0.0933  1.5568 20.6463
  6.4114  0.5919  0.5776  0.8494  3.4674
  5.2117  0.8493  0.6295  0.8154  5.4153
  5.3820  3.4071  0.5373  2.8144 30.1609
  4.7413  0.7686  0.3901  0.5141  4.7841
  5.4823  2.1169  0.6045  1.2092 16.8886
  4.1818  2.2304  0.5142  0.4574 18.0094
  5.1351  3.3744  0.8090  2.5859 29.8126
  5.6584  3.6684  0.6908  2.4283 32.9611
  3.5914  2.3990  0.3020  1.9342 19.6945
  5.2429  3.2403  0.0727  1.8675 28.3895
  4.8125  3.7808  0.7745  2.1347 34.1751
  5.2747  3.8292  0.0489  2.6283 34.6991
  5.1618  3.0750  0.9276  1.4811 26.6485
  4.6737  2.7821  0.7610  1.0432 23.6006
  4.7430  3.7323  0.6909  2.4880 33.6503
  4.4888  1.0715  0.5499  2.9891  7.2369
  4.2804  2.6585  0.9836  1.4573 22.3296
  5.9267  3.7788  0.3205  1.4979 34.1531
  5.6224  3.4452  0.0759  1.1394 30.5669
  5.0784  4.1512  0.1777  1.3284 38.2107
  4.4753  1.5770  0.1264  2.7972 11.7260
  4.5667  1.3965  0.5871  1.2877 10.0768
  3.9147  1.2791  0.7543  0.6415  9.0297
  5.2471  1.6016  0.2051  1.9405 11.9537
  5.1588  3.0193  0.8445  0.5204 26.0656
  5.2997  2.5599  0.3938  1.4068 21.3230
  5.5108  2.3757  0.2287  1.1991 19.4607
  3.6927  0.9838  0.8510  0.3153  6.5049
  4.7373  0.7048  0.2193  0.5214  4.2975
  4.8039  3.3488  0.9398  0.7022 29.5401
  5.2460  2.4392  0.3939  1.8033 20.1000
  5.7344  4.1647  0.3502  2.0351 38.3584
  5.0022  2.3052  0.8072  0.9851 18.7541
  4.9966  3.4283  0.0904  0.2300 30.3871
  5.1580  3.7442  0.8247  2.0239 33.7786
  5.2591  2.2341  0.0287  0.3851 18.0467
  5.9473  2.6872  0.4743  1.6075 22.6238
  5.8779  0.8135  0.0104  2.1822  5.1332
  3.6115  1.4636  0.7616  1.0197 10.6846
  4.8641  3.8861  0.8450  1.5210 35.3168
  5.6675  3.6232  0.9752  1.6739 32.4740
  5.1954  3.0582  0.2840  1.9199 26.4727
  3.7601  0.9762  0.6459  1.6524  6.4423
  5.3952  2.7745  0.3532  1.3663 23.5216
  5.1739  2.7765  0.7694  1.0200 23.5425
  5.5920  0.8766  0.3335  1.8471  5.6332
  5.5982  2.6392  0.2910  1.2833 22.1319
  6.0567  3.2098  0.3287  2.7193 28.0677
  4.3452  2.7235  0.3482  2.0673 22.9962
  5.2166  4.4967  0.2244  1.5613 42.0206
  5.7769  3.1287  0.3359  1.8135 27.2124
  5.2143  2.2476  0.7134  1.4715 18.1808
  5.4024  3.6266  0.6089  1.1638 32.5107
  4.6908  3.3279  0.9772  0.9712 29.3179
  4.9343  3.8294  0.7536  0.2926 34.7014
  6.1797  2.0818  0.7904  0.2655 16.5440
  6.8778  2.4331  0.6748  0.1404 20.0387
  4.7844  3.8512  0.7034  1.3612 34.9377
  5.5117  1.4860  0.8716  1.4633 10.8891
  5.0053  2.9087  0.4654  1.6758 24.9121
  5.2788  3.1478  0.1098  0.5081 27.4139
  6.3315  2.0677  0.9036  1.7946 16.4058
  5.4918  2.9952  0.1032  0.7840 25.8134
  5.7864  2.6995  0.7235  0.2988 22.7495
  3.5513  2.1261  0.1873  1.6519 16.9787
  4.9527  0.9581  0.1075  2.7825  6.2933
  5.8180  3.3210  0.8650  1.2838 29.2446
  5.1331  4.4391  0.8728  1.4177 41.3821
  4.1263  3.5034  0.8426  0.4164 31.1890
  5.2774  2.0202  0.6693  1.6453 15.9419
  5.0612  0.5807  0.4497  2.0340  3.3875
  5.0110  3.1785  0.5213  1.2767 27.7374
  5.5196  1.9951  0.1770  1.9009 15.6971
  4.9845  3.5331  0.4534  1.0715 31.5074
  6.1510  3.6596  0.3174  2.8789 32.8664
  4.4754  0.9945  0.0231  0.9961  6.5933
  5.3112  3.6085  0.8609  2.0553 32.3166
  5.2380  1.6660  0.5671  1.4537 12.5548
  5.2891  3.2988  0.1422  2.2213 29.0090
  4.3357  1.5319  0.5511  1.3044 11.3099
  4.9855  1.3867  0.6898  0.2719  9.9887
  4.0816  3.2364  0.6804  2.0479 28.3481
  4.4678  2.8334  0.3551  1.5917 24.1303
  5.4176  1.6821  0.2439  1.3815 12.7054
  3.9992  1.9616  0.7101  0.8838 15.3722
  5.9832  2.4387  0.5057  1.2497 20.0947
  5.1055  3.7434  0.5608  0.9708 33.7705
  5.3846  1.5692  0.9881  0.6669 11.6533
  5.2414  2.2198  0.0890  2.0926 17.9040
  5.6261  4.4334  0.9280  1.9841 41.3188
  5.8440  2.5928  0.9312  2.1765 21.6584
  4.8544  4.2482  0.8589  0.5424 39.2754
  4.7550  2.2495  0.4526  1.3385 18.1989
  5.1598  1.9937  0.3042  1.5197 15.6840
  5.6490  3.0115  0.8576  0.9957 25.9839
  5.5826  1.3793  0.4780  2.5679  9.9222
  5.4269  1.7226  0.6846  2.0557 13.0867
  6.0011  3.1381  0.2677  1.4655 27.3117
  5.3625  1.2034  0.7784  1.0213  8.3667
  5.2414  4.4797  0.3345  0.5731 41.8319
  5.2858  4.0640  0.6669  2.0043 37.2557
  5.8053  3.3726  0.7415  0.4677 29.7931
  6.1491  0.6527  0.3134  2.9447  3.9096
  5.1913  2.4973  0.0834  2.8531 20.6877
  6.1079  2.2688  0.9387  0.1818 18.3909
  5.9694  1.8452  0.1611  0.9515 14.2519
  4.9924  1.9468  0.1055  1.3937 15.2294
  4.9820  2.2234  0.4583  1.1779 17.9404
  3.8159  2.8362  0.0127  0.8092 24.1591
  4.2372  2.5536  0.2029  0.8931 21.2587
  5.0988  2.5807  0.4237  1.3892 21.5342
  5.9858  1.5873  0.0434  1.1579 11.8207
  4.2747  2.6472  0.1003  0.9808 22.2140
  4.7845  3.1004  0.2065  2.0797 26.9152
  5.1079  0.8766  0.7361  1.2497  5.6335
  5.2583  2.7786  0.8255  2.5894 23.5642
  5.3536  1.2328  0.1205  1.6464  8.6230
  5.1763  1.1278  0.7352  1.4609  7.7151
  5.2276  1.9077  0.7769  0.5362 14.8519
  4.2350  4.3873  0.8369  0.2902 40.8090
  4.3489  1.9743  0.2703  2.0109 15.4952
  5.1420  3.2855  0.8706  0.9016 28.8681
  4.9792  4.3730  0.6481  0.6952 40.6513
  5.1976  3.8614  0.9921  2.0507 35.0486
  4.9582  3.0060  0.5857  0.2985 25.9256
  5.6724  0.7731  0.5700  2.6471  4.8192
  6.0159  0.4851  0.1316  0.6741  2.7230
  4.7044  2.7218  0.2424  1.3034 22.9791
  6.9541  0.7381  0.2694  0.3060  4.5502
  4.7463  2.7814  0.2920  0.6441 23.5927
  6.8643  0.9395  0.0068  0.4058  6.1412
  5.7421  2.7870  0.9491  1.7445 23.6513
  5.8756  3.1687  0.4130  0.8048 27.6335
  4.2745  3.4509  0.0575  2.4394 30.6275
  5.2592  4.3493  0.9361  1.9591 40.3904
  5.2645  2.9222  0.0825  1.6874 25.0517
  5.2719  4.2680  0.6941  1.4834 39.4935
  5.1825  4.4549  0.9538  0.3032 41.5575
  5.5051  2.3720  0.8933  1.0161 19.4230
  4.6161  3.8809  0.0368  2.0620 35.2603
  5.5879  1.0318  0.0840  2.2488  6.9033
  5.5082  2.4669  0.7411  0.4597 20.3793
  5.7865  2.2529  0.7480  0.1881 18.2327
  5.2287  2.4188  0.1200  2.4044 19.8936
  5.6918  0.9859  0.9980  1.1007  6.5218
  5.4460  2.5117  0.0984  1.4561 20.8334
  4.4731  4.3107  0.4505  2.1078 39.9644
  4.8389  4.1431  0.9043  0.4822 38.1216
  5.0716  4.0293  0.4928  2.3124 36.8768
  5.5748  4.1359  0.1285  1.7458 38.0427
  5.3269  3.2521  0.4487  2.1157 28.5139
  5.2752  2.4178  0.5894  1.4141 19.8844
  5.0446  0.7200  0.0039  1.3451  4.4123
  5.7419  1.5176  0.5566  1.1640 11.1781
  4.3681  2.9980  0.3563  0.8240 25.8419
  5.1670  1.5752  0.6041  1.0648 11.7094
  5.8766  2.9426  0.9192  1.1764 25.2647
  4.9990  3.4667  0.3033  0.6841 30.7968
  4.7754  3.3239  0.3328  2.0678 29.2755
  5.3456  1.2015  0.2829  1.2426  8.3507
  4.9802  3.3394  0.7823  1.0117 29.4396
  6.2393  2.1290  0.3031  1.7906 17.0070
  4.6118  3.0732  0.2153  0.2752 26.6300
  4.9044  4.1944  0.4776  2.6320 38.6848
  5.2123  3.8174  0.0132  1.3334 34.5706
  4.8697  1.5641  0.1511  2.0213 11.6066
  4.8351  3.8395  0.3572  1.1494 34.8103
  5.2012  1.2416  0.9345  0.4911  8.7007
  5.1925  2.2147  0.4899  1.1648 17.8539
  4.8253  1.3889  0.7693  0.4659 10.0086
  5.4887  2.3046  0.1784  1.2043 18.7483
  5.2948  2.3117  0.6312  1.1272 18.8190
  5.2106  3.4424  0.3362  1.8754 30.5369
  4.4695  2.2492  0.4884  1.7679 18.1963
  4.9374  2.6429  0.7247  2.8349 22.1693
  4.1064  4.2570  0.3430  0.9538 39.3731
  4.6192  2.2287  0.1483  1.0694 17.9929
  4.9470  1.5321  0.3348  2.0620 11.3115
  5.3597  2.4793  0.2345  1.7781 20.5047
  3.7188  2.8427  0.1962  0.6513 24.2267
  4.8113  4.1742  0.9828  0.9451 38.4624
  4.4126  1.0814  0.5016  1.0055  7.3209
  4.4722  1.8564  0.6667  1.1570 14.3593
  5.6188  3.7544  0.4704  1.5726 33.8892
  5.0645  3.2388  0.4678  1.9584 28.3741
  4.3646  3.9448  0.6351  0.5010 35.9551
  5.5961  1.9568  0.3055  0.8859 15.3262
  4.8219  1.7107  0.9003  1.0709 12.9747
  5.3390  2.3495  0.1871  0.8159 19.1974
  6.0588  3.8564  0.2351  1.6387 34.9944
  3.9171  1.6572  0.1681  0.6915 12.4722
  4.7486  4.0599  0.7318  0.4873 37.2105
  4.0415  0.8522  0.1166  2.0375  5.4383
  4.3966  3.3383  0.2523  1.9890 29.4289
  4.2369  2.3380  0.3798  1.1852 19.0828
  4.7269  0.8084  0.6152  1.1083  5.0934
  4.6899  3.7571  0.7272  1.7921 33.9179
  4.8264  1.8093  0.6434  2.1900 13.9085
  4.9527  3.7298  0.1605  2.0779 33.6235
  5.2946  3.4723  0.4169  2.3713 30.8564
  5.6826  4.0099  0.3176  0.6487 36.6644
  5.1872  2.8551  0.7657  0.6128 24.3552
  4.4779  4.1329  0.6250  2.6805 38.0101
  5.1302  1.7427  0.3692  1.3877 13.2767
  5.5874  1.8989  0.0197  1.9762 14.7669
  5.1298  3.5094  0.7162  1.0093 31.2528
  5.7283  3.2651  0.3102  1.1771 28.6525
  4.8848  1.2838  0.1072  1.0786  9.0716
  6.1437  2.5707  0.7273  0.8569 21.4327
  4.0211  3.8979  0.6001  1.9292 35.4450
  5.7568  3.0570  0.8705  2.0492 26.4601
  5.2544  1.0780  0.5358  0.9365  7.2916
  5.2297  2.3374  0.1003  2.5375 19.0761
  5.7647  3.3708  0.3734  2.1994 29.7743
  5.5262  4.3742  0.8574  1.3719 40.6642
  3.9997  2.2042  0.8049  0.9171 17.7500
  6.0355  3.0647  0.1540  1.1265 26.5409
  4.6037  2.0251  0.5670  0.5103 15.9896
  5.9072  4.3330  0.5751  0.7637 40.2095
  5.7840  2.4100  0.2406  1.1080 19.8054
  4.1845  2.4672  0.7782  0.8750 20.3823
  4.9167  1.3418  0.4397  1.6358  9.5866
  3.9664  2.7909  0.5110  0.7925 23.6910
  4.9230  1.1315  0.0391  0.8419  7.7471
  5.2953  4.2202  0.2913  2.4545 38.9675
  6.7318  2.8155  0.0089  1.5744 23.9454
  4.7340  1.8604  0.2095  1.6863 14.3970
  4.4946  3.5359  0.8660  2.5839 31.5374
  5.5610  2.2207  0.7607  1.3893 17.9135
  5.1316  2.3635  0.5750  2.6725 19.3379
  5.2786  0.6971  0.9965  1.7366  4.2399
  5.3777  4.0083  0.2891  1.9335 36.6471
  3.7604  3.8101  0.0910  1.8476 34.4919
  5.0160  0.4537  0.2515  1.9956  2.5122
  5.4811  3.0244  0.4900  1.4415 26.1188
  3.7435  3.3770  0.7879  0.8953 29.8403
  5.0553  0.5362  0.9939  0.7965  3.0744
  5.3307  2.0364  0.7349  0.4638 16.0995
  5.4189  1.9214  0.0718  2.2756 14.9841
  3.8078  2.5500  0.5747  1.4389 21.2226
  4.6441  1.6535  0.1516  1.5281 12.4379
  5.5746  1.7804  0.9784  1.0104 13.6337
  6.9454  2.5636  0.2671  1.5800 21.3607
  5.2198  0.7183  0.7162  1.3918  4.3992
  3.8556  1.4879  0.3318  0.1957 10.9057
  5.2628  0.5688  0.5566  1.5938  3.3032
  4.9339  4.0657  0.6363  1.4347 37.2741
  5.5981  3.6181  0.1566  1.3954 32.4192
  4.6794  2.2213  0.2247  1.5751 17.9188
  4.7378  2.9908  0.2674  2.0272 25.7673
  5.4821  2.4827  0.6592  1.6042 20.5391
  5.1099  2.2370  0.4799  1.5877 18.0748
  4.7850  2.5183  0.3074  1.8813 20.9005
  5.0922  2.5501  0.6902  2.2184 21.2236
  5.6715  1.6704  0.6143  1.7206 12.5952
  5.1948  1.8649  0.8482  2.0046 14.4406
  4.8521  3.3856  0.8852  0.9159 29.9320
  5.2296  2.3045  0.1957  1.7485 18.7474
  5.2893  0.8994  0.7934  1.1272  5.8164
  5.2652  1.2985  0.3333  1.5877  9.2012
  4.6806  3.2628  0.2159  0.0488 28.6276
  3.7293  4.2817  0.1660  1.1116 39.6447
  4.9247  2.8009  0.0955  1.7258 23.7941
  4.7222  3.8235  0.1395  2.1210 34.6368
  4.9977  1.7899  0.6713  1.5627 13.7239
  4.6518  3.3691  0.2396  2.1506 29.7556
  4.3519  3.9683  0.4090  0.6182 36.2110
  5.9367  3.8265  0.4125  2.0530 34.6702
  5.1663  3.5164  0.8090  0.8729 31.3280
  5.3527  2.0563  0.9461  1.8701 16.2939
  5.2667  0.3868  0.6191  2.5059  2.0770
  5.9821  3.8760  0.1526  1.2718 35.2064
  5.3189  1.8663  0.7312  2.3239 14.4541
  5.1203  2.8548  0.3903  0.9368 24.3526
  5.4991  2.7002  0.1597  0.9840 22.7576
  5.2101  2.2653  0.8854  2.3188 18.3561
  5.5977  2.4054  0.2846  0.3934 19.7596
  5.3529  3.8576  0.3515  1.3933 35.0067
  4.8453  1.6123  0.0302  0.8946 12.0530
  4.7429  1.8751  0.2233  1.0561 14.5377
  5.3591  4.0701  0.4034  2.0547 37.3221
  5.3310  3.1536  0.3628  0.9243 27.4744
  6.1303  2.1650  0.9030  0.7391 17.3619
  5.7437  4.4655  0.2189  1.9057 41.6745
  5.0920  3.0828  0.2807  2.5693 26.7305
  5.0547  4.1154  0.3255  1.7984 37.8181
  5.1697  1.2717  0.4160  2.5890  8.9644
  5.0763  1.4495  0.5431  1.3147 10.5557
  4.2466  3.7631  0.8033  0.8906 33.9835
  5.2793  4.0402  0.9019  2.0545 36.9954
  5.8016  1.9670  0.4973  1.0910 15.4245
  5.2665  1.9017  0.7572  1.7328 14.7935
  4.3623  1.7290  0.7003  2.2360 13.1467
  5.3266  1.3559  0.1786  0.1476  9.7122
  6.5158  2.9869  0.9748  1.8169 25.7260
  5.4873  3.1364  0.0399  0.7678 27.2935
  5.2786  1.1432  0.4196  0.4947  7.8468
  4.8012  2.0759  0.8982  1.0155 16.4859
  5.6177  2.1572  0.8071  0.3987 17.2852
  6.1723  3.6826  0.3892  2.9139 33.1139
  5.2619  0.7078  0.6045  2.1921  4.3201
  5.0771  0.9411  0.5678  0.6801  6.1545
  4.9224  3.3305  0.2718  2.3229 29.3453
  5.1798  1.0451  0.0301  1.5585  7.0152
  5.2639  1.5897  0.5523  1.9474 11.8435
  5.7473  2.5120  0.6741  0.5954 20.8364
  4.4921  2.3576  0.9314  1.6811 19.2790
  5.4056  1.1326  0.3609  1.5022  7.7566
  5.7579  2.5275  0.0193  1.1877 20.9938
  5.2875  4.2432  0.9814  1.4848 39.2207
  5.1482  1.6292  0.4882  0.1216 12.2107
  4.7255  3.6283  0.5081  2.4744 32.5293
  4.2227  3.7030  0.8697  2.4356 33.3341
  4.7009  2.6348  0.8933  0.4305 22.0868
  4.8378  2.5990  0.2258  1.4845 21.7216
  5.7706  1.4113  0.4063  0.6945 10.2103
  6.1643  3.6636  0.6483  0.3170 32.9095
  5.2654  1.0589  0.4937  1.8515  7.1304
  5.1607  2.2674  0.9625  0.6094 18.3773
  5.3792  1.1150  0.7824  0.7667  7.6058
  4.7043  3.5080  0.8258  0.5240 31.2379
  5.0739  2.0908  0.0747  1.3113 16.6321
  4.7652  2.2639  0.2413  2.2945 18.3423
  5.2945  3.2521  0.1446  2.0074 28.5148
  4.0699  3.3978  0.3418  1.4594 30.0619
  5.0975  2.1923  0.3185  2.4708 17.6315
  4.2454  4.0369  0.1109  1.0810 36.9591
  5.0900  3.1188  0.9332  0.7968 27.1080
  4.8615  3.7521  0.9337  2.0896 33.8644
  4.9104  1.1735  0.7412  0.8345  8.1080
  5.3407  2.7103  0.3453  1.7189 22.8613
  5.1792  4.2209  0.6893  0.7081 38.9753
  5.3230  3.4402  0.1308  2.4835 30.5133
  5.0934  0.5263  0.0900  1.7495  3.0055
  4.0191  0.5995  0.1512  1.7438  3.5224
  4.6220  2.4882  0.4518  2.1408 20.5946
  4.0646  1.8882  0.9345  1.5042 14.6637
  5.1883  3.1584  0.4272  1.3232 27.5256
  4.6441  1.4162  0.8750  1.6606 10.2546
  5.0994  2.3390  0.1848  0.1962 19.0929
  5.5674  3.3480  0.3346  1.0262 29.5312
  5.2686  1.4255  0.8096  1.8463 10.3383
  5.4611  4.1699  0.6275  1.1666 38.4155
  4.6782  0.8926  0.7021  0.9841  5.7616
  5.6617  0.3714  0.4268  1.4515  1.9798
  5.4094  1.9396  0.0065  1.5339 15.1598
  4.5794  3.5017  0.7808  1.0294 31.1704
  5.7790  2.9995  0.4161  1.5664 25.8582
  5.4346  2.6664  0.0862  2.5982 22.4101
  5.2688  0.7590  0.6911  1.5831  4.7104
  5.0014  4.2178  0.4020  1.3207 38.9414
  5.2577  0.7705  0.7668  2.8694  4.7987
  5.6136  1.6257  0.6029  2.4936 12.1777
  4.6786  3.1559  0.2921  1.2495 27.4992
  5.6107  1.5585  0.3044  0.5023 11.5542
  5.3191  2.3763  0.2439  1.4110 19.4670
  4.9518  1.5139  0.6135  0.8263 11.1441
  5.0851  2.1659  0.3024  0.5165 17.3705
  5.1812  1.2696  0.0558  1.5612  8.9461
  4.7512  1.8243  0.3866  1.1512 14.0518
  5.2792  2.3916  0.1078  2.9696 19.6203
  4.0885  1.7311  0.0542  1.2187 13.1667
  4.9020  0.6810  0.2818  1.5404  4.1192
  4.0554  1.8785  0.0763  1.6313 14.5708
  4.2641  0.3653  0.9225  1.6833  1.9413
  6.1970  3.7512  0.7688  2.5264 33.8550
  5.0150  3.9305  0.3410  0.6353 35.7992
  4.8513  0.3118  0.5539  1.3818  1.6125
  5.5385  4.2674  0.4090  0.9407 39.4867
  5.0522  2.0301  0.7882  2.0378 16.0385
  4.4533  2.3458  0.3805  0.8382 19.1602
  4.1773  2.0219  0.1076  2.1926 15.9579
  4.0084  2.9669  0.2624  2.2206 25.5175
  5.0488  4.1321  0.0258  1.6437 38.0008
  5.2966  2.0445  0.3720  2.1544 16.1784
  5.6860  1.6900  0.2123  1.8392 12.7792
  4.2981  2.6968  0.2270  1.8494 22.7220
  4.9256  2.7400  0.0755  1.6530 23.1663
  5.1114  3.2577  0.6308  2.1016 28.5736
  5.3411  3.7289  0.9244  1.4546 33.6133
  5.4596  0.6913  0.0862  1.6582  4.1961
  4.6831  4.2046  0.6715  0.5296 38.7970
  4.7178  1.7019  0.7752  1.7043 12.8913
  5.4564  2.0668  0.6349  2.0035 16.3964
  5.8306  4.0657  0.5233  0.7942 37.2744
  5.6384  3.1891  0.4516  0.7644 27.8483
  5.4968  2.5315  0.6821  2.6796 21.0340
  5.7720  4.0852  0.0703  1.5589 37.4879
  5.1286  3.3631  0.4839  1.7052 29.6924
  5.6164  1.4227  0.1444  1.6446 10.3132
  6.5128  2.1532  0.5315  1.2982 17.2454
  5.1043  3.9927  0.0533  1.7232 36.4770
  5.3591  3.8560  0.9255  1.1640 34.9896
  4.6795  4.2606  0.4104  2.3465 39.4127
  4.7913  1.4494  0.6088  1.4766 10.5548
  5.4156  3.7280  0.0102  1.5519 33.6038
  4.9238  2.2351  0.6181  1.4140 18.0562
  4.3731  2.9289  0.5231  0.5546 25.1221
  4.9096  1.3183  0.4454  1.0881  9.3770
  3.9056  2.2220  0.8416  1.7414 17.9262
  5.9252  1.8851  0.2567  1.0669 14.6343
  5.2820  4.4090  0.2052  2.0929 41.0492
  5.1700  3.4474  0.7278  1.2555 30.5905
  4.0194  1.0003  0.2927  1.6629  6.6413
  5.1206  1.4672  0.8574  0.7895 10.7172
  3.5937  1.8338  0.0021  2.2182 14.1422
  5.0601  3.3574  0.2629  0.8047 29.6313
  5.2043  2.7909  0.3015  0.1151 23.6914
  4.9981  1.7799  0.9098  0.3580 13.6291
  4.6591  3.1486  0.6832  2.1293 27.4214
  5.8906  1.2727  0.4610  2.0747  8.9733
  5.7026  1.0637  0.4996  1.0733  7.1713
  5.5066  1.5580  0.7008  1.1545 11.5502
  3.8332  2.9012  0.2736  1.3426 24.8338
  4.7516  4.3311  0.0014  1.2099 40.1888
  4.8674  1.7832  0.4154  0.7835 13.6599
  6.0718  1.0271  0.1978  0.8909  6.8639
  5.5565  2.0894  0.4714  1.6220 16.6182
  5.0095  4.3961  0.2942  0.8019 40.9071
  6.7679  1.6709  0.4875  1.6747 12.6001
  4.5816  1.4203  0.3266  1.8625 10.2914
  4.7398  4.3705  0.3758  2.0523 40.6234
  5.6882  2.9779  0.7273  0.3585 25.6328
  3.6910  2.5004  0.9315  1.7862 20.7188
  5.3271  2.4264  0.6165  1.4958 19.9705
  6.6230  1.9052  0.8666  1.7424 14.8277
  5.0103  1.5707  0.1602  1.3670 11.6669
  5.5220  0.6176  0.4996  0.5976  3.6532
  5.6707  2.3441  0.6329  1.4979 19.1437
  4.7816  2.4601  0.6251  1.0416 20.3111
  5.1602  2.6933  0.8504  1.1733 22.6860
  4.3858  1.5568  0.2772  1.7082 11.5390
  5.2863  3.5180  0.8617  0.3311 31.3453
  5.3125  2.5274  0.6788  0.4668 20.9923
  5.2580  2.6132  0.2907  0.4117 21.8666
  5.2007  1.0724  0.8535  2.3080  7.2442
  5.1469  0.7686  0.3497  2.6375  4.7842
  5.3570  3.4078  0.8197  1.3706 30.1681
  4.7418  1.4348  0.0852  1.4709 10.4231
  5.5144  4.1589  0.7248  2.1966 38.2946
  5.0574  3.0047  0.6424  1.4190 25.9127
  4.2388  3.0476  0.5926  2.3098 26.3608
  5.5278  1.3975  0.3304  2.2110 10.0856
  6.1248  3.6612  0.9168  2.5728 32.8835
  4.9008  3.9604  0.3822  1.6393 36.1251
  5.4298  1.4459  0.7046  0.4866 10.5236
  5.5222  3.6346  0.6270  1.0946 32.5973
  3.9917  1.5714  0.8441  2.2197 11.6742
  5.1048  1.4202  0.9621  2.2588 10.2906
  4.9706  2.6702  0.5127  0.6483 22.4490
  5.2540  2.4235  0.1705  1.8844 19.9416
  4.6987  2.6730  0.3770  1.0246 22.4779
  4.6356  1.7328  0.7388  0.7813 13.1824
  4.6323  1.4880  0.8264  0.1890 10.9073
  5.3999  2.1183  0.3295  1.6878 16.9018
  5.2175  2.7636  0.3991  1.2981 23.4093
  4.8407  2.7724  0.8337  2.6739 23.5001
  5.3670  2.7127  0.2592  2.2096 22.8860
  5.4893  1.2419  0.1665  0.5939  8.7033
  5.0619  1.5279  0.9008  1.1123 11.2728
  3.7396  4.3286  0.8991  1.4595 40.1612
  5.6017  1.8694  0.4004  2.4826 14.4838
  5.6233  2.2316  0.4602  1.0520 18.0219
  4.5869  1.8942  0.8182  1.2641 14.7219
  4.9623  1.7055  0.2251  1.8327 12.9254
  5.4374  2.8879  0.3145  0.7978 24.6960
  5.0939  2.9874  0.8578  1.7719 25.7320
  6.7320  3.8193  0.2097  1.3024 34.5920
  5.6715  2.9574  0.3040  0.4090 25.4183
  4.9411  3.8205  0.9928  1.3140 34.6049
  4.3929  1.1478  0.4081  1.0469  7.8864
  4.1699  2.3332  0.5326  0.1273 19.0342
  5.4824  3.4501  0.3316  2.4379 30.6190
  5.0696  3.4457  0.1134  0.9320 30.5721
  5.0405  3.1958  0.4257  2.4194 27.9199
  5.4094  3.1455  0.2021  1.9408 27.3893
  5.7024  3.1716  0.3423  1.6349 27.6648
  5.5576  1.7264  0.6721  1.5486 13.1220
  5.2019  1.5686  0.4605  2.3682 11.6474
  5.0049  4.1531  0.6816  1.5362 38.2308
  5.0964  4.4193  0.6913  0.6248 41.1632
  6.7180  2.1649  0.6188  0.4812 17.3609
  5.2473  1.6753  0.6453  0.8804 12.6421
  4.5595  0.1972  0.2395  0.6067  0.9558
  4.3254  1.5403  0.1745  1.8761 11.3869
  5.0215  1.2061  0.9350  1.6761  8.3905
  5.8259  3.7498  0.7805  0.5138 33.8392
  5.6242  2.1294  0.1136  2.1911 17.0114
  5.1466  1.4579  0.2410  1.0510 10.6326
  5.3589  4.2751  0.1183  0.8301 39.5717
  5.3291  2.4509  0.7526  2.0931 20.2175
  5.9812  2.7622  0.8058  2.0186 23.3945
  4.7791  4.4480  0.4648  2.0938 41.4810
  5.4782  4.0764  0.2559  1.9224 37.3917
  5.3814  2.6713  0.1910  2.1410 22.4602
  5.7927  0.7372  0.1174  0.9497  4.5431
  5.5312  3.7894  0.0482  2.4495 34.2675
  5.2968  3.2706  0.7318  1.4252 28.7101
  5.3218  2.3781  0.0490  1.8952 19.4844
  5.5765  1.8646  0.4832  2.0213 14.4374
  5.6899  2.2609  0.3474  1.8603 18.3127
  5.8856  3.7832  0.3356  0.7906 34.2008
  5.6734  1.5222  0.7629  1.2333 11.2204
  4.5679  1.6886  0.2967  0.4001 12.7663
  5.2826  3.2293  0.9736  2.1649 28.2737
  5.1375  3.5116  0.1419  2.4825 31.2763
  5.2915  2.5541  0.6539  2.7095 21.2634
  5.0221  1.8503  0.8298  0.9021 14.3002
  5.2803  2.8129  0.1813  2.1942 23.9187
  6.1053  1.5116  0.7104  0.3890 11.1227
  5.2769  1.3201  0.8663  2.3970  9.3930
  4.8028  3.3380  0.6745  0.4744 29.4248
  4.5670  2.1693  0.5592  2.5188 17.4050
  4.4282  2.9264  0.0851  0.2105 25.0958
  5.3002  2.3404  0.9032  1.4571 19.1063
  3.5361  2.2211  0.2682  1.1466 17.9175
  4.4860  2.4149  0.6183  0.9576 19.8552
  4.8647  4.0360  0.9207  0.9757 36.9501
  5.2503  0.7681  0.0709  0.8176  4.7799
  5.1976  1.9258  0.4667  1.3788 15.0260
  5.2113  2.6720  0.4265  0.4621 22.4683
  5.6204  3.5240  0.5767  1.4917 31.4096
  5.0607  1.5107  0.2065  1.6923 11.1149
  5.1935  1.1126  0.1346  2.0122  7.5852
  5.0807  1.0848  0.9870  1.6186  7.3495
  4.8685  2.0391  0.8063  0.6093 16.1262
  5.7335  1.6406  0.9451  1.9983 12.3165
  5.7248  4.0695  0.2683  0.1183 37.3156
  4.8664  2.0694  0.1924  1.0470 16.4226
  4.7420  1.5892  0.1694  1.9594 11.8390
  4.8354  3.4036  0.4887  2.3745 30.1233
  5.0449  2.7468  0.3685  1.3551 23.2368
  4.7268  4.4620  0.1268  1.9850 41.6357
  4.5240  1.1753  0.7814  0.6183  8.1234
  4.4903  2.5822  0.1993  1.1659 21.5497
  5.2815  2.8010  0.8645  2.0929 23.7958
  6.1657  4.1937  0.2829  0.9839 38.6769
  6.7039  3.5053  0.9436  1.1338 31.2094
  5.2711  1.2963  0.5956  1.8038  9.1818
  4.7119  1.8914  0.9805  2.3324 14.6947
  4.9454  3.3538  0.7361  1.0958 29.5927
  5.2795  1.9175  0.7180  1.3072 14.9460
  5.0255  1.8283  0.2898  0.5762 14.0900
  4.9860  0.9723  0.9888  2.6939  6.4097
  4.7309  2.6194  0.4761  1.9098 21.9292
  5.7063  4.1653  0.2714  1.5548 38.3655
  4.3748  2.2429  0.0611  1.3916 18.1339
  4.4790  4.3332  0.6620  2.4322 40.2117
  5.3414  3.3231  0.0586  1.3422 29.2675
  4.8315  3.8059  0.5035  0.6421 34.4470
  5.5055  2.9836  0.6639  1.8587 25.6918
  6.0606  1.9858  0.0356  0.2701 15.6074
  5.6601  2.1961  0.5922  1.7747 17.6696
  5.4388  3.9139  0.6813  1.2537 35.6191
  5.0762  4.0685  0.0821  0.8441 37.3043
  4.6796  2.6304  0.0996  2.5663 22.0422
  4.7609  1.7632  0.1411  0.9357 13.4701
  6.6780  3.4895  0.0081  0.8718 31.0407
  5.4529  2.8556  0.5631  1.9936 24.3607
  5.4715  1.5161  0.0881  2.4871 11.1647
  5.5269  2.4258  0.0344  2.2626 19.9650
  4.2998  4.0185  0.4626  0.6639 36.7589
  5.2297  0.5785  0.9058  1.0916  3.3723
  5.2038  1.8124  0.7269  2.2795 13.9383
  4.9928  1.8436  0.4729  2.5394 14.2362
  5.3265  3.8326  0.0553  0.6604 34.7361
  5.0330  3.0499  0.1319  1.6683 26.3854
  5.2287  0.2093  0.2947  1.6480  1.0222
  5.9272  0.6412  0.7534  2.0215  3.8249
  6.0389  1.0304  0.8823  0.1167  6.8919
  5.4573  3.4575  0.3130  0.8292 30.6985
  4.6245  2.3131  0.3654  1.5584 18.8332
  6.0727  2.5181  0.1463  2.0674 20.8978
  5.1108  4.1107  0.3767  2.2154 37.7669
  5.5663  1.6568  0.9106  1.8437 12.4679
  4.9802  4.3686  0.0237  2.8715 40.6025
  4.2102  4.2697  0.6738  0.9829 39.5120
  6.1593  3.6091  0.6735  1.0280 32.3226
  4.6848  2.7562  0.3364  1.2204 23.3329
  5.2330  3.8369  0.7192  0.7779 34.7825
  5.2515  2.2631  0.7183  2.4800 18.3351
  5.0463  1.4990  0.9414  0.5960 11.0075
  5.1218  2.2736  0.2326  1.2720 18.4391
  5.1083  1.3735  0.9182  0.3659  9.8696
  5.3178  1.1714  0.3105  1.1196  8.0901
  6.1603  2.1996  0.7632  0.8245 17.7043
  5.2685  0.8306  0.2072  1.4225  5.2675
  5.2733  1.7237  0.2191  1.8489 13.0965
  5.0343  3.7356  0.7463  1.1586 33.6861
  3.8347  1.9071  0.0664  1.7863 14.8456
  4.5705  1.1367  0.5607  2.0305  7.7916
  5.3472  1.0285  0.3595  0.9801  6.8757
  5.3454  2.6342  0.5994  1.2365 22.0809
  6.6550  2.0879  0.2314  1.7886 16.6039
  4.6902  3.6272  0.8400  2.0931 32.5169
  4.2196  3.1382  0.1358  3.0293 27.3128
  4.6631  3.4049  0.3842  2.6699 30.1373
  5.1841  1.9287  0.9175  1.0321 15.0547
  5.3436  2.3909  0.2449  0.5353 19.6133
  4.8685  0.6098  0.8098  1.6406  3.5964
  5.2220  1.6454  0.9237  0.6476 12.3622
  5.1799  2.3874  0.6852  1.2289 19.5784
  5.1066  1.9884  0.6476  2.9258 15.6326
  6.4283  4.0117  0.3107  1.6742 36.6840
  5.1063  1.8420  0.8185  0.3954 14.2208
  5.1614  3.4248  0.9135  0.8988 30.3498
  5.5251  1.5037  0.5103  1.1407 11.0509
  4.6182  1.4046  0.3907  1.4834 10.1496
  4.9592  1.3954  0.9820  0.1462 10.0666
  5.1574  1.9251  0.0903  2.6344 15.0195
  4.8129  1.4927  0.6622  1.8776 10.9498
  6.0296  0.6541  0.0694  1.3933  3.9197
  4.3036  2.5696  0.6993  1.4925 21.4219
  4.2015  3.7895  0.8260  0.4415 34.2687
  5.2066  2.6836  0.9011  2.1130 22.5864
  4.3135  1.3821  0.7244  2.0747  9.9475
  4.2896  3.5845  0.3578  0.4665 32.0586
  5.7591  3.1303  0.1707  2.3503 27.2295
  5.5923  2.8040  0.4463  2.9874 23.8267
  5.5949  1.4346  0.9810  0.4419 10.4207
  4.8529  1.4677  0.9952  0.7851 10.7217
  5.3064  3.9476  0.0535  2.8609 35.9850
  5.4123  3.6652  0.5979  0.5337 32.9267
  5.1451  1.9210  0.7068  0.9809 14.9801
  4.5331  1.8133  0.9419  1.0821 13.9465
  5.4616  1.7760  0.9930  2.1686 13.5915
  6.4470  3.5004  0.0280  0.3705 31.1569
  5.4371  0.6693  0.2412  1.2137  4.0322
  5.0127  2.9178  0.4679  2.7914 25.0067
  4.6070  2.8879  0.2005  1.6224 24.6954
  6.0748  3.2360  0.1792  0.7637 28.3442
  5.4119  1.6198  0.4864  2.4218 12.1226
  6.6201  3.8311  0.5414  1.5074 34.7194
  4.7789  2.9955  0.2883  0.9390 25.8158
  4.6065  2.2207  0.7798  0.0679 17.9133
  5.0779  2.0502  0.3124  1.2858 16.2342
  5.3144  1.7363  0.1230  1.6377 13.2161
  4.2614  1.6064  0.7118  3.0668 11.9983
  6.0820  2.3533  0.8870  0.8327 19.2354
  3.5910  1.4512  0.8900  2.2246 10.5713
  6.5963  2.7819  0.6627  1.7485 23.5980
  4.3509  3.0789  0.3757  2.2050 26.6891
  6.8334  2.5612  0.3523  1.7680 21.3365
  5.5056  2.6486  0.3927  1.9194 22.2280
  4.4908  2.4996  0.2465  1.3279 20.7105
  4.4585  3.0021  0.0114  2.3223 25.8851
  5.7945  1.6407  0.5232  2.5218 12.3182
  4.5170  2.3922  0.8956  1.0547 19.6263
  4.1056  2.6476  0.1060  1.1095 22.2177
  5.9517  3.3089  0.7725  1.1891 29.1163
  4.7817  2.9939  0.9850  0.8755 25.7996
  5.1239  2.9984  0.7740  0.8617 25.8470
  4.0875  4.0925  0.9124  1.5707 37.5673
  5.0916  1.0912  0.5625  1.1749  7.4035
  6.0838  2.4274  0.0968  1.2376 19.9811
  5.0926  3.4404  0.0434  2.0205 30.5155
  5.4408  0.5239  0.6226  0.7744  2.9885
  5.2882  2.0621  0.3905  1.4546 16.3510
  4.8727  2.0434  0.8223  0.5033 16.1679
  4.5179  2.3227  0.0328  2.1272 18.9298
  4.8919  3.5730  0.7936  1.6124 31.9348
  4.9072  1.6081  0.1533  1.6620 12.0138
  4.1466  2.0626  0.0317  1.8317 16.3561
  5.0443  3.4187  0.1507  2.0521 30.2837
  4.1085  1.9503  0.9350  0.2589 15.2634
  5.0907  1.0676  0.9816  1.6749  7.2041
  4.7925  2.3278  0.2572  1.9590 18.9806
  4.8905  0.7754  0.2713  1.6379  4.8369
  4.5825  0.4907  0.5204  0.4695  2.7608
  3.5474  3.0344  0.9355  0.5775 26.2229
  5.4253  1.3989  0.8824  0.7755 10.0980
  5.1440  2.8206  0.6862  1.2725 23.9978
  4.7465  1.5180  0.1638  2.0605 11.1821
  4.3138  2.0924  0.2520  2.9110 16.6480
  4.8857  1.1368  0.2473  1.8961  7.7925
  4.6234  1.3831  0.9529  1.2687  9.9559
  6.9892  1.8250  0.5993  0.3381 14.0584
  6.0029  4.4342  0.1599  1.2912 41.3284
  5.6712  2.4735  0.4629  2.2371 20.4458
  5.5040  3.2779  0.2507  2.0950 28.7877
  5.4253  4.0879  0.3479  1.8534 37.5169
  4.6382  3.5369  0.5967  0.7584 31.5475
  5.2937  1.0788  0.6035  0.2568  7.2986
  4.2709  3.7116  0.1321  1.8827 33.4267
  4.3813  3.0899  0.5319  2.0743 26.8044
  5.2812  4.4783  0.2665  1.3728 41.8166
  5.0150  4.2318  0.1788  1.4915 39.0953
  5.6512  2.6353  0.2951  0.7331 22.0919
  5.0241  1.4107  0.4878  2.0954 10.2047
  5.1528  1.5133  0.8608  1.9819 11.1389
  5.4315  2.7574  0.4696  1.3329 23.3452
  5.3623  1.2938  0.4716  1.8440  9.1600
  5.2041  4.3836  0.3960  1.0170 40.7690
  5.2810  2.3723  0.7448  0.5449 19.4264
  5.4821  3.0877  0.3732  0.5787 26.7815
  5.7173  3.0134  0.5956  2.0392 26.0036
  5.8339  2.7345  0.8687  1.2889 23.1093
  5.7387  0.5066  0.2461  0.5949  2.8698
  4.9833  1.4150  0.4898  0.8594 10.2433
  5.0961  3.8858  0.1804  1.7217 35.3129
  4.6871  3.7498  0.6468  2.6068 33.8391
  5.5625  3.7194  0.7514  0.5635 33.5111
  4.5391  2.7745  0.9513  2.7589 23.5215
  5.2562  0.7364  0.4104  2.2084  4.5367
  5.1630  1.1415  0.3070  2.5242  7.8324
  3.9561  2.1635  0.7586  0.9603 17.3474
  5.1241  2.2410  0.9936  2.0288 18.1150
  4.9233  0.7292  0.6329  0.5668  4.4826
  5.2078  1.5627  0.8393  1.6638 11.5932
  6.1412  1.8577  0.7786  0.8035 14.3717
  4.9324  2.0219  0.5708  1.7230 15.9583
  4.9752  3.6823  0.7727  1.8980 33.1108
  3.7108  1.1035  0.0416  1.9627  7.5077
  4.8842  2.0987  0.9126  0.7628 16.7093
  4.4478  2.0181  0.6058  0.7010 15.9215
  5.0659  2.0350  0.9701  1.8881 16.0856
  5.6783  2.4427  0.3542  0.7674 20.1350
  4.8245  2.5413  0.2684  2.1959 21.1341
  4.8502  1.5555  0.0910  0.9297 11.5271
  4.2431  3.6636  0.0160  1.2668 32.9097
  5.6225  3.7426  0.8402  1.1571 33.7618
  5.0503  4.2410  0.3434  0.8073 39.1971
  5.2496  2.3037  0.5619  1.7212 18.7398
  4.3304  4.1771  0.3347  1.5995 38.4946
  6.3366  2.1751  0.4689  0.6986 17.4615
  4.8905  2.8590  0.4278  2.0266 24.3961
  6.1272  2.0066  0.3196  0.7709 15.8089
  4.7056  2.5869  0.5409  1.2284 21.5975
  5.7213  0.9072  0.7162  0.6255  5.8795
  4.3061  2.7922  0.4557  1.4019 23.7049
  5.2733  2.3835  0.9709  1.9273 19.5387
  6.3869  3.0750  0.0110  1.1708 26.6485
  5.1834  3.4642  0.2231  1.1339 30.7694
  6.0792  3.8910  0.6452  1.6508 35.3694
  5.7004  1.4320  0.9409  0.7655 10.3976
  3.6891  2.3134  0.0917  1.1646 18.8361
  5.4229  2.6879  0.2358  1.4066 22.6310
  5.3473  3.9145  0.8401  0.8679 35.6249
  4.8696  1.3426  0.9191  0.5270  9.5936
  5.8299  3.1762  0.9968  2.1180 27.7125
  4.7757  1.8176  0.6784  2.3501 13.9880
  6.3532  2.9153  0.2390  2.1517 24.9808
  4.4384  3.2989  0.4064  2.0259 29.0100
  5.2718  2.2782  0.5245  2.1003 18.4851
  5.2377  3.0982  0.7334  1.5360 26.8921
  5.0444  4.2943  0.7665  0.7556 39.7829
  5.5316  4.2679  0.1447  0.8253 39.4929
  4.7847  1.3123  0.2006  1.8230  9.3234
  4.4133  1.9001  0.2415  0.5767 14.7789
  5.2227  1.3600  0.3580  1.0287  9.7491
  4.9299  3.2806  0.8617  2.1624 28.8163
  3.6627  1.4166  0.0878  2.0082 10.2582
  4.7888  3.1570  0.8347  1.0790 27.5105
  4.9281  0.6525  0.5150  2.0978  3.9084
  4.7338  1.1303  0.7482  0.1733  7.7365
  4.8995  1.2967  0.7894  1.7514  9.1860
  5.5042  1.3228  0.5091  1.4804  9.4171
  5.2872  0.7118  0.5943  0.4254  4.3502
  5.4845  1.4599  0.1804  1.7086 10.6508
  5.6557  1.1512  0.5802  1.3394  7.9161
  4.8750  1.4279  0.0109  0.9571 10.3601
  4.3226  3.1658  0.1180  2.6528 27.6034
  5.0972  1.7515  0.5518  0.4090 13.3596
  5.9996  0.7606  0.0239  0.5546  4.7222
  5.0979  1.4707  0.5466  0.7092 10.7491
  5.8860  4.1379  0.0465  1.8562 38.0650
  4.6246  2.3997  0.4355  1.7021 19.7016
  5.5244  2.9948  0.7443  1.4362 25.8084
  4.2934  1.8101  0.4824  1.4895 13.9159
  6.7656  1.8907  0.2276  0.8092 14.6877
  6.1659  1.6728  0.0971  0.4205 12.6180
  5.5276  3.4034  0.5652  1.6058 30.1210
  4.6005  0.7117  0.2012  1.5515  4.3500
  5.4011  0.3491  0.3711  1.7633  1.8403
  4.9636  1.1804  0.2322  0.8299  8.1679
  6.0985  2.7935  0.0184  0.2499 23.7179
  5.3254  1.5763  0.5851  0.8949 11.7190
  5.0053  2.4018  0.8138  0.9203 19.7228
  5.0798  4.0497  0.1403  2.5098 37.0990
  4.7568  3.3563  0.4932  1.8931 29.6200
  6.4858  2.1348  0.6813  0.9763 17.0647
  4.2033  3.0765  0.0016  1.5470 26.6640
  5.1132  3.3502  0.4561  2.2909 29.5544
  5.9627  3.5622  0.4058  0.8591 31.8186
  4.8035  2.0634  0.9355  1.3824 16.3633
  4.0669  3.5142  0.5512  0.5279 31.3043
  5.2922  4.4895  0.1378  0.2497 41.9409
  5.3677  2.9244  0.6032  0.4442 25.0754
  4.7444  2.6211  0.9959  0.3861 21.9469
  5.9815  3.9116  0.4306  1.7802 35.5936
  5.0717  3.5426  0.7857  0.6953 31.6093
  4.4894  1.2756  0.9882  1.6944  8.9988
  5.0407  1.7884  0.3805  2.0026 13.7096
  5.3812  2.4814  0.9957  0.7923 20.5267
  4.8334  3.7133  0.5027  1.7214 33.4451
  6.4429  1.1175  0.7627  0.3040  7.6270
  5.6328  1.8348  0.5352  2.1591 14.1521
  5.2672  2.7708  0.6503  1.2141 23.4839
  4.7070  1.9953  0.8440  2.9902 15.6994
  5.2629  1.4118  0.9818  0.9430 10.2149
  5.1769  3.8694  0.4189  2.2036 35.1348
  6.8685  3.0311  0.2246  2.0306 26.1888
  4.8893  2.7124  0.3754  0.9100 22.8829
  3.5814  1.1697  0.4134  1.2979  8.0748
  5.0691  2.3096  0.5596  2.3578 18.7980
  5.7233  3.9207  0.3274  1.6013 35.6929
  5.2360  0.8653  0.9118  2.3966  5.5432
  5.5598  2.1846  0.8121  0.2772 17.5556
  5.0019  4.0517  0.9667  0.4582 37.1211
  5.4785  3.2864  0.9460  1.0904 28.8772
  5.0407  3.4173  0.2674  1.8518 30.2691
  4.7936  2.3767  0.3639  0.8389 19.4710
  6.7445  4.1806  0.6184  2.2198 38.5333
  4.0597  2.9698  0.1723  0.8523 25.5482
  4.6705  1.9003  0.9442  0.5409 14.7805
  5.5855  2.9934  0.0991  1.5445 25.7941
  4.1245  2.0562  0.6124  0.3732 16.2932
  5.7108  1.5897  0.6338  1.0976 11.8430
  4.9886  3.3887  0.0092  1.8962 29.9646
  5.3725  2.2197  0.1549  1.9957 17.9032
  5.9326  3.6841  0.9859  1.9713 33.1303
  3.9112  1.6304  0.0377  1.2379 12.2220
  4.3394  2.2744  0.8031  2.1714 18.4469
  5.6698  0.9190  0.8705  1.0646  5.9745
  5.4437  0.9978  0.8114  0.5835  6.6203
  5.7328  3.1162  0.4995  1.8549 27.0810
  5.5603  1.3399  0.5365  1.2166  9.5695
  5.6781  1.7295  0.0761  2.3228 13.1515
  4.6064  3.7626  0.8891  0.2958 33.9778
  5.2782  1.7154  0.2326  2.5599 13.0191
  4.8492  2.1878  0.3385  0.6328 17.5870
  4.9060  3.5659  0.9187  1.9015 31.8586
  6.8281  2.3867  0.1321  1.5681 19.5715
  5.6039  0.0389  0.0513  0.7849  0.1692
  5.1080  2.9634  0.0316  2.2783 25.4815
  4.4238  2.5318  0.3836  2.0849 21.0373
  5.3402  3.7967  0.5720  1.2548 34.3473
  6.0568  2.2760  0.8827  1.5000 18.4628
  5.8027  0.4937  0.8227  2.1916  2.7815
  5.2186  1.4685  0.0482  0.6973 10.7291
  5.1042  1.0307  0.9677  1.4177  6.8945
  5.1824  1.5779  0.7472  1.0956 11.7336
  4.5472  1.9505  0.6818  0.6600 15.2647
  4.7674  2.8685  0.3985  2.5867 24.4939
  5.4721  3.0454  0.8941  1.0919 26.3385
  4.9828  2.6857  0.3074  0.9865 22.6079
  4.7027  3.7834  0.6975  3.0115 34.2033
  4.2989  3.3347  0.2641  1.7110 29.3898
  5.8945  3.4999  0.2655  2.1797 31.1516
  5.1079  0.9631  0.0612  2.5466  6.3340
  3.6348  1.6936  0.8267  2.3443 12.8135
  5.1043  3.6618  0.7622  1.8091 32.8899
  5.7400  3.1061  0.0778  0.6554 26.9745
  5.4724  3.0038  0.5725  0.8292 25.9029
  3.5267  3.8496  0.0315  1.2133 34.9202
  5.6146  1.3199  0.9156  1.1582  9.3909
  5.7625  2.0239  0.5551  2.5641 15.9781
  5.1379  1.7844  0.7382  0.6668 13.6718
  4.3551  3.1182  0.6309  2.3520 27.1024
  5.3056  0.9591  0.7449  1.8105  6.3014
  5.2487  2.0236  0.2570  2.7524 15.9751
  5.1074  4.3191  0.3768  1.0249 40.0564
  5.8947  2.6367  0.1103  1.6891 22.1065
  5.6782  1.0591  0.4095  2.2547  7.1325
  5.2789  2.2211  0.5324  2.1202 17.9175
  4.6541  3.1724  0.5517  0.4657 27.6723
  5.4872  2.7166  0.9260  0.8415 22.9255
  5.7594  2.3841  0.3734  1.5501 19.5448
  5.5772  0.9474  0.1310  2.3241  6.2054
  5.2597  1.7256  0.9537  2.3389 13.1152
  4.7080  0.9239  0.0846  1.5787  6.0146
  5.7240  1.3996  0.2662  1.2763 10.1048
  4.2656  2.3445  0.2065  2.0085 19.1477
  3.5868  1.1884  0.8054  2.7435  8.2370
  5.3373  3.2197  0.8696  0.7722 28.1721
  4.7625  2.4172  0.2036  1.8842 19.8778
  5.2139  3.7858  0.5705  1.1679 34.2291
  4.9888  2.5744  0.6323  0.3300 21.4710
  6.2915  2.5393  0.2631  2.8078 21.1130
  5.6241  1.5234  0.5193  1.0023 11.2317
  4.2532  1.8226  0.3004  0.8638 14.0359
  5.0410  0.4934  0.5795  1.2403  2.7792
  6.8595  3.0465  0.6835  1.4954 26.3497
  4.5754  3.8444  0.5567  0.3157 34.8635
  4.3054  2.9496  0.5518  0.3569 25.3378
  5.1360  1.1884  0.6093  1.8906  8.2367
  3.7763  3.1051  0.1517  1.6050 26.9645
  4.7865  4.2544  0.5344  1.7967 39.3437
  5.3934  3.1723  0.3616  1.2935 27.6722
  3.9578  0.7089  0.2474  2.3563  4.3285
  4.1448  4.3169  0.6108  1.8101 40.0322
  6.4434  3.7759  0.9296  1.1919 34.1218
  6.6545  2.1812  0.3186  2.2749 17.5217
  5.7910  3.1724  0.6575  0.9421 27.6730
  5.5119  1.1387  0.3520  1.0080  7.8083
  5.3821  4.3081  0.8469  2.5727 39.9355
  4.9544  4.3967  0.0340  1.6329 40.9137
  4.7383  2.3638  0.7746  2.1025 19.3412
  4.6774  1.7175  0.7881  0.4154 13.0384
  6.0371  2.0893  0.7923  2.6639 16.6175
  5.1563  2.0417  0.6396  1.2208 16.1518
  5.5273  1.0030  0.0117  1.8029  6.6635
  4.3015  2.5639  0.0668  2.4110 21.3638
  5.0445  2.4443  0.9159  1.9790 20.1516
  4.5311  2.8756  0.9764  3.0097 24.5683
  5.1062  3.4615  0.6024  1.3824 30.7414
  4.5270  2.7962  0.5098  0.9746 23.7464
  6.0533  2.4881  0.6829  2.5227 20.5945
  5.1140  3.9458  0.6304  1.6052 35.9661
  5.6808  1.4988  0.6026  1.8916 11.0062
  4.7211  1.9457  0.5584  2.8706 15.2184
  6.4958  2.7058  0.1130  1.7683 22.8151
  4.2266  3.3724  0.2677  0.7235 29.7909
  5.1858  2.8468  0.8596  1.2857 24.2696
  5.3266  3.2724  0.2849  2.1355 28.7291
  5.3249  2.1652  0.0522  2.2267 17.3637
  5.3536  4.3693  0.1464  1.1141 40.6103
  4.6774  1.2434  0.4850  1.5003  8.7165
  4.4612  2.6535  0.7173  0.1272 22.2786
  5.0106  1.1683  0.2797  0.6626  8.0635
  5.0115  2.8737  0.1780  1.7287 24.5486
  6.0795  2.5146  0.4416  1.9600 20.8628
  5.0854  2.1439  0.0752  1.7433 17.1539
  5.2720  2.8393  0.7038  0.8415 24.1919
  5.3777  1.0472  0.9980  2.2888  7.0327
  4.6729  1.8472  0.8745  1.9241 14.2704
  5.4120  2.9213  0.1616  1.7135 25.0429
  4.7267  3.2634  0.4621  1.8764 28.6343
  5.1724  1.5454  0.3733  1.2692 11.4335
  4.9536  4.1755  0.6168  0.5125 38.4776
  5.7868  3.4611  0.0817  0.8988 30.7372
  4.4786  3.0027  0.5379  1.6124 25.8918
  5.1983  1.4743  0.4583  1.1851 10.7819
  5.7238  3.5625  0.1558  1.6309 31.8218
  5.0233  4.2180  0.7316  0.6970 38.9442
  5.0274  2.4743  0.5365  1.2337 20.4542
  5.2925  3.2424  0.1638  2.5718 28.4120
  4.2656  3.5379  0.0444  0.9977 31.5586
  5.3204  1.9767  0.6478  0.6171 15.5187
  5.6542  3.1112  0.1429  0.3755 27.0285
  5.3966  3.7747  0.8988  1.0478 34.1085
  5.3117  2.7673  0.3905  2.3587 23.4473
  5.4689  1.0416  0.7060  0.8870  6.9857
  4.4862  2.9801  0.1291  1.9826 25.6552
  5.0425  0.8681  0.9218  2.9234  5.5653
  4.9664  2.9700  0.3707  1.2265 25.5496
  4.9959  1.7326  0.5479  1.1136 13.1814
  4.8347  3.4521  0.4919  1.0178 30.6404
  4.2876  4.2581  0.9313  1.6822 39.3847
  5.0023  3.2052  0.1955  2.9550 28.0189
  5.1600  1.7383  0.1373  0.7249 13.2351
  5.2176  1.8817  0.2053  1.9668 14.6011
  5.9957  2.9543  0.0596  1.9015 25.3868
  5.8082  1.2280  0.9137  0.6529  8.5814
  5.0394  3.9996  0.5396  1.2640 36.5521
  6.0661  1.6331  0.1313  0.9365 12.2468
  5.0483  2.0292  0.5742  1.6832 16.0290
  4.7269  2.6183  0.3553  2.0776 21.9180
  5.3319  4.1776  0.9345  2.2123 38.4997
  6.9557  3.8391  0.4672  2.4348 34.8060
  5.1936  3.8121  0.8305  0.6614 34.5134
  5.2749  3.4871  0.0796  0.5053 31.0143
  6.6550  2.3501  0.8388  1.6656 19.2038
  4.0487  2.2019  0.1925  1.0692 17.7268
  4.6910  2.3552  0.5546  1.2516 19.2552
  5.7844  3.0002  0.6762  0.0836 25.8649
  5.6084  2.0845  0.3230  1.6265 16.5700
  4.7316  1.7080  0.1063  1.7973 12.9494
  5.4895  3.1196  0.8025  2.3635 27.1168
  5.1348  1.0462  0.9164  1.9178  7.0241
  6.0474  2.3032  0.2401  2.0459 18.7348
  4.4909  4.2719  0.5355  2.4188 39.5363
  5.2459  2.8443  0.6953  1.0607 24.2437
  5.1777  1.9859  0.2422  2.0540 15.6083
  4.0230  1.0825  0.6875  2.2865  7.3300
  5.0142  3.7106  0.5296  1.3571 33.4162
  5.2156  1.7326  0.9349  1.2809 13.1808
  5.0725  2.4376  0.0012  1.9946 20.0839
  3.7845  1.9675  0.7026  1.2296 15.4298
  5.2126  1.3585  0.3825  0.5045  9.7353
  5.5779  0.6840  0.3688  2.4455  4.1418
  5.5887  1.3447  0.8411  0.8657  9.6124
  5.4599  2.0776  0.2448  2.1962 16.5025
  4.9710  2.7609  0.3189  1.3253 23.3812
  6.2023  2.2201  0.7150  1.1899 17.9072
  4.8169  4.0239  0.1121  0.9021 36.8178
  6.5298  1.7587  0.2212  2.3787 13.4276
  5.2493  2.8083  0.7287  2.4489 23.8704
  5.0600  0.6689  0.5120  2.2880  4.0294
  5.5854  3.3575  0.3323  1.0709 29.6324
  5.2293  1.6376  0.7001  0.4396 12.2887
  4.3466  2.8634  0.5868  1.4436 24.4414
  5.9277  4.1236  0.1190  2.0582 37.9084
  4.8252  1.3162  0.3593  2.5594  9.3586
  5.4691  2.1936  0.8367  2.3961 17.6447
  4.7204  2.4490  0.8546  2.1042 20.1985
  5.7354  2.5240  0.1397  2.8672 20.9577
  5.5070  2.3111  0.3493  0.1925 18.8136
  6.1141  4.4315  0.9179  2.5537 41.2987
  5.8644  2.1307  0.5757  0.8674 17.0243
  5.1542  3.3592  0.0581  2.5062 29.6508
  6.8951  0.4683  0.3170  2.6791  2.6097
  5.2731  1.7063  0.8136  0.5085 12.9332
  5.6655  1.6114  0.6830  2.1967 12.0447
  5.3257  2.2826  0.9918  1.2631 18.5285
  5.8111  0.6197  0.7409  2.1175  3.6684
  5.2747  3.8612  0.8551  1.2309 35.0460
  5.4360  2.8027  0.5105  2.1468 23.8126
  5.3737  1.9009  0.3390  2.1264 14.7859
  5.3224  1.1541  0.8086  1.1736  7.9412
  6.1771  4.2564  0.7678  1.3061 39.3660
  5.3679  3.0395  0.2482  1.4344 26.2760
  5.2377  2.2914  0.9332  0.6533 18.6164
  5.7414  3.0232  0.2266  1.4052 26.1059
  4.1392  3.7427  0.2991  1.2317 33.7630
  5.1970  1.1929  0.1714  0.8334  8.2757
  3.8639  1.2141  0.0450  1.4384  8.4606
  5.2979  0.7025  0.2907  1.2088  4.2805
  4.9897  2.6738  0.8352  2.7405 22.4858
  4.4742  2.5025  0.1430  2.1550 20.7400
  5.7154  3.2258  0.6326  0.1448 28.2367
  4.6809  1.7786  0.2516  1.0259 13.6163
  3.6445  1.6737  0.2045  2.0597 12.6267
  5.3127  3.5592  0.0760  2.0460 31.7866
  5.4928  2.3339  0.1529  2.4418 19.0418
  6.1389  2.3546  0.0506  2.0686 19.2485
  5.5050  2.2453  0.1224  0.7919 18.1572
  4.2288  2.0231  0.9532  0.4101 15.9696
  4.6343  4.0890  0.7233  1.2949 37.5293
  5.5181  2.6462  0.8438  1.1544 22.2031
  4.8035  0.8070  0.0578  2.5617  5.0822
  4.2782  2.3714  0.2388  2.0867 19.4171
  4.8771  1.4248  0.6666  1.2592 10.3326
  4.7048  2.4280  0.8766  1.0758 19.9868
  5.4282  4.4802  0.9821  0.6287 41.8376
  5.5070  1.7800  0.8031  1.6849 13.6296
  6.0379  3.1694  0.4936  0.4058 27.6411
  5.3896  1.8012  0.7658  2.3564 13.8316
  5.0368  2.0971  0.6596  1.2941 16.6934
  5.3102  4.1873  0.8787  1.9062 38.6062
  4.8972  0.7825  0.5942  2.2417  4.8915
  4.4830  3.9734  0.3196  1.8255 36.2662
  5.6012  1.5990  0.6746  1.8027 11.9293
  4.9876  3.6045  0.3569  0.3772 32.2728
  5.4513  1.5609  0.7143  0.3062 11.5766
  4.7197  4.1501  0.0690  0.5169 38.1988
  4.6209  3.1725  0.9446  2.1329 27.6737
  5.2802  1.5423  0.9682  2.7383 11.4053
  5.2839  2.3565  0.6069  1.2744 19.2677
  5.0206  3.4264  0.4943  1.2104 30.3667
  5.5949  1.0686  0.4346  1.4423  7.2122
  4.3701  3.2651  0.5171  0.4832 28.6518
  4.9257  3.2388  0.8308  2.3075 28.3737
  5.2877  2.6186  0.8427  2.2356 21.9215
  5.7108  3.5359  0.1544  0.6081 31.5366
  5.2190  3.1302  0.2470  2.5124 27.2283
  4.7513  1.6004  0.0281  0.5251 11.9425
  5.0046  3.0205  0.5417  1.1250 26.0777
  5.3428  4.1949  0.8634  0.3640 38.6904
  5.3705  1.0745  0.5517  0.8362  7.2626
  4.9328  1.9056  0.9028  1.4680 14.8314
  5.5866  3.6492  0.0093  1.4263 32.7538
  4.3683  1.8256  0.9374  1.9243 14.0645
  5.2550  3.7571  0.3528  0.8322 33.9181
  4.8015  1.2632  0.9824  2.0133  8.8898
  4.4648  1.0392  0.3786  1.6863  6.9654
  3.9473  1.6605  0.0358  1.0677 12.5026
  5.1551  2.9623  0.9348  2.2415 25.4696
  4.0628  4.0342  0.1450  2.2390 36.9295
  4.2499  0.9167  0.5768  1.6212  5.9562
  5.0995  3.5896  0.4736  1.4544 32.1136
  4.5136  2.6615  0.1433  1.7019 22.3602
  5.3019  4.2975  0.7329  2.1748 39.8181
  5.2414  1.4378  0.7681  1.0001 10.4503
  3.7907  4.3903  0.5274  1.2021 40.8431
  4.3083  3.0802  0.0940  1.8116 26.7030
  5.6444  2.8366  0.8066  2.5712 24.1636
  5.1822  0.4211  0.1834  1.3092  2.2977
  5.6280  3.4168  0.1513  0.6661 30.2636
  5.5776  1.8342  0.0284  1.2989 14.1464
  3.6224  1.8289  0.1923  0.3920 14.0953
  5.2838  3.0999  0.3257  0.2871 26.9098
  5.3848  2.6587  0.9979  1.0265 22.3312
  5.0007  2.4962  0.9561  1.1014 20.6759
  5.6365  0.6649  0.5945  1.2075  3.9994
  5.0084  2.8074  0.8789  1.5402 23.8617
  5.2517  2.4130  0.1130  1.8947 19.8355
  4.2397  0.9150  0.5047  0.6398  5.9423
  5.4531  1.5752  0.0175  2.8616 11.7089
  5.1260  2.1353  0.1057  0.6778 17.0694
  5.6897  1.6639  0.8213  1.7294 12.5349
  5.7811  4.0619  0.1090  1.8078 37.2322
  5.1992  3.9727  0.8597  1.7726 36.2591
  4.6795  3.4704  0.0491  1.5323 30.8363
  4.9134  3.1450  0.5271  1.1773 27.3845
  3.9969  1.6409  0.2681  2.4796 12.3196
  4.7367  2.3603  0.9974  0.7772 19.3061
  5.0796  1.3989  0.3717  1.2939 10.0986
  4.7677  1.8096  0.0337  0.8258 13.9115
  5.6716  1.7955  0.9070  1.4761 13.7774
  4.6666  4.0808  0.3589  1.8629 37.4393
  5.2695  1.8570  0.0706  1.2387 14.3649
  5.3765  3.1307  0.8931  1.1290 27.2333
  5.9851  3.6842  0.7376  2.1560 33.1310
  4.2036  3.1733  0.1130  1.8091 27.6821
  5.2600  1.1251  0.2811  1.9676  7.6925
  5.2870  0.6511  0.6581  0.1065  3.8976
  5.2680  2.6173  0.7842  2.6599 21.9077
  5.4046  3.3474  0.1167  0.2743 29.5253
  5.3927  2.1230  0.2342  1.3545 16.9478
  5.1429  1.7677  0.0086  1.5348 13.5132
  4.6890  1.4194  0.1285  1.2313 10.2836
  4.8163  4.2504  0.9137  1.4368 39.2996
  5.7416  1.5418  0.6582  1.5073 11.4003
  5.4344  2.9863  0.3611  0.9719 25.7201
  6.2736  2.2554  0.3722  1.6464 18.2577
  5.6950  2.0501  0.0460  1.3457 16.2339
  5.9288  2.2648  0.3334  1.2338 18.3511
  5.5340  1.7219  0.4498  0.8333 13.0795
  4.2878  2.0015  0.4853  0.6727 15.7596
  5.1431  2.5931  0.7314  2.0755 21.6613
  5.6789  1.5108  0.5471  1.8501 11.1158
  5.4765  4.2174  0.0525  1.8029 38.9377
  3.6567  4.4591  0.9516  2.6262 41.6039
  5.2221  0.2528  0.0265  1.0845  1.2663
  5.2695  3.1997  0.7936  2.4100 27.9610
  3.8010  2.1540  0.8267  1.7264 17.2539
  5.6555  1.4633  0.1648  1.0019 10.6819
  4.9574  2.8089  0.0570  0.6631 23.8776
  5.2638  3.9789  0.0428  1.4772 36.3262
  5.1053  4.1383  0.1790  1.2148 38.0686
  5.6249  3.0424  0.0324  2.4376 26.3070
  4.6662  2.2092  0.4634  2.1112 17.7988
  4.7912  4.3824  0.8895  1.0270 40.7549
  5.5803  2.0122  0.3553  0.4362 15.8635
  5.3163  2.8625  0.6402  1.0284 24.4316
  5.5512  1.9339  0.5719  1.5315 15.1048
  5.6049  1.0612  0.5286  1.2434  7.1502
  4.5657  1.0800  0.8153  2.0941  7.3087
  6.5327  2.5790  0.3149  1.3898 21.5177
  5.5273  1.0470  0.7150  2.3471  7.0311
  5.3242  3.8989  0.4540  0.7752 35.4562
  5.6446  2.2456  0.1300  2.8473 18.1605
  4.9129  3.1180  0.4562  1.1074 27.0995
  4.9755  3.1471  0.6816  0.6822 27.4060
  6.5614  0.8562  0.4246  1.7069  5.4707
  5.7281  3.9362  0.1280  1.1135 35.8612
  5.2551  1.9485  0.5416  0.3514 15.2452
  5.2547  0.7769  0.7871  2.0308  4.8480
  5.5481  2.9231  0.0887  1.7476 25.0611
  4.2523  1.0585  0.7341  1.1600  7.1274
  4.5590  2.1432  0.1113  0.8961 17.1474
  5.7379  1.9439  0.1258  2.0833 15.2013
  5.4717  1.4197  0.5500  0.6686 10.2863
  4.6765  1.4544  0.3540  1.1027 10.6009
  5.1330  2.2248  0.6704  0.7619 17.9544
  5.0947  1.5463  0.1886  2.2423 11.4420
  4.6588  2.0545  0.0067  2.6491 16.2762
  5.3835  2.1842  0.2218  1.6499 17.5517
  6.3051  3.6535  0.3042  0.6462 32.8002
  4.5398  1.2743  0.6144  2.1806  8.9877
  5.0685  4.1969  0.5550  1.1637 38.7122
  4.5442  1.2419  0.6080  0.4341  8.7028
  5.4071  2.4358  0.0203  0.2896 20.0652
  4.7193  0.8568  0.9849  1.1274  5.4749
  5.6386  3.2197  0.7034  0.9330 28.1722
  6.6530  2.0972  0.6980  2.0579 16.6943
  5.2043  1.3265  0.5164  2.1586  9.4500
  4.8605  1.2769  0.2361  2.2248  9.0107
  3.7092  3.0673  0.1865  2.6781 26.5680
  4.6575  2.6328  0.6662  1.6626 22.0662
  4.0188  3.2430  0.1462  0.9855 28.4184
  5.1859  3.8642  0.4931  2.6760 35.0783
  4.9045  0.9795  0.3101  2.5780  6.4694
  4.7315  1.9492  0.3066  1.6516 15.2519
  5.0761  2.7272  0.4392  1.9250 23.0351
  5.3262  3.9482  0.3228  1.9971 35.9920
  5.9806  2.7164  0.6523  2.2784 22.9236
  4.6967  3.0736  0.5249  0.2294 26.6342
  5.0754  0.6804  0.1915  2.2604  4.1152
  4.7341  4.4544  0.9656  1.0316 41.5518
  4.8734  1.9530  0.8507  1.5792 15.2893
  5.4402  2.2102  0.8987  0.3122 17.8087
  4.7511  2.4622  0.9895  1.9188 20.3324
  5.1000  3.0707  0.8160  1.4359 26.6038
  5.3051  3.0866  0.8554  0.9436 26.7700
  5.6851  3.6439  0.0698  0.5716 32.6976
  4.5773  3.6197  0.2896  1.3499 32.4370
  5.0024  4.2386  0.9682  1.7893 39.1698
  5.1880  3.8109  0.9937  1.0475 34.5006
  5.4278  2.2661  0.6916  0.9298 18.3641
  3.8355  2.6726  0.4146  1.4126 22.4735
  5.5048  3.9504  0.4564  1.2250 36.0156
  5.7658  2.7867  0.1376  1.4904 23.6477
  5.3279  1.4274  0.0340  1.6007 10.3556
  4.7653  1.5959  0.3543  0.7840 11.9007
  3.8663  0.4994  0.7199  1.4347  2.8202
  6.0993  1.5732  0.3363  1.3371 11.6907
  6.5076  0.9041  0.1109  1.2562  5.8539
  4.8139  4.1028  0.9960  1.0174 37.6802
  5.0165  2.0838  0.2133  2.1430 16.5631
  5.9256  3.5121  0.3367  1.5493 31.2819
  4.4804  3.1257  0.5156  0.5113 27.1807
  5.1701  3.4756  0.2190  2.2158 30.8921
  5.2739  0.8224  0.4061  1.9727  5.2034
  5.2842  3.8072  0.4334  2.5239 34.4602
  3.9550  1.6886  0.0199  1.6350 12.7660
  5.1462  1.3865  0.6865  0.5652  9.9863
  5.0924  3.0810  0.1006  1.5454 26.7111
  4.9304  4.3574  0.6321  0.8621 40.4787
  5.6564  4.1257  0.6624  2.0757 37.9307
  4.0754  3.8042  0.0566  0.0519 34.4276
  5.3951  2.2055  0.0180  0.6599 17.7626
  5.2112  0.8184  0.7184  1.8745  5.1714
  3.9091  0.6458  0.5864  1.1335  3.8592
  4.3644  1.9723  0.9553  1.8296 15.4758
  5.4563  1.3471  0.1169  1.2696  9.6341
  3.9377  3.7956  0.7965  0.5765 34.3350
  5.0566  2.4745  0.1279  1.4340 20.4563
  4.6792  1.6202  0.1030  1.8024 12.1269
  5.2825  1.2570  0.6986  1.8370  8.8358
  5.2042  0.8070  0.0888  0.2196  5.0821
  5.2137  1.5696  0.0448  0.8654 11.6568
  5.5429  2.6533  0.9780  2.5631 22.2765
