  5.5109  3.4289  0.8893  1.4321 30.3927
  4.4160  2.5531  0.6574  1.1243 21.2537
  6.2811  0.8810  0.3014  1.6906  5.6684
  5.3931  3.1606  0.6719  2.4478 27.5487
  5.8118  2.2003  0.1104  2.1316 17.7110
  4.4694  3.4797  0.5598  0.4845 30.9358
  5.4575  2.9323  0.1241  0.8010 25.1570
  5.3776  3.9434  0.5901  1.9115 35.9393
  4.6875  1.1798  0.1196  0.8766  8.1624
  5.5902  2.1418  0.9492  1.6144 17.1334
  4.6094  3.3740  0.3712  0.7856 29.8080
  3.8164  3.3425  0.9151  0.1579 29.4731
  5.6477  1.3670  0.5010  2.5893  9.8118
  5.5059  1.8578  0.6728  2.0606 14.3724
  5.8315  0.6628  0.4531  0.9408  3.9842
  5.2887  1.8328  0.7304  1.9739 14.1325
  4.2376  4.0162  0.5480  1.8628 36.7333
  5.2307  2.3315  0.7255  1.9758 19.0174
  5.3474  3.1715  0.3167  0.3228 27.6632
  5.3640  1.8979  0.3099  0.8442 14.7569
  4.4250  2.2728  0.6169  2.2086 18.4314
  5.5938  3.8267  0.3373  1.9018 34.6717
  5.0549  0.5793  0.1791  0.6268  3.3779
  5.7218  4.0731  0.4819  2.1355 37.3555
  5.1650  1.0496  0.6285  1.8558  7.0524
  5.3725  0.5144  0.1431  2.8554  2.9229
  5.0287  2.3015  0.4258  1.7382 18.7175
  5.2010  2.8145  0.4455  0.3714 23.9347
  4.2097  1.1129  0.5809  2.3340  7.5877
  5.3430  1.5370  0.2226  1.6551 11.3561
  6.3064  3.5518  0.9522  0.6283 31.7072
  5.5514  2.9152  0.7049  2.0293 24.9791
  5.5128  2.2621  0.4278  0.7144 18.3245
  4.5706  3.4786  0.0270  1.5741 30.9233
  5.2753  1.0927  0.2139  2.3930  7.4163
  5.7536  2.6845  0.2581  0.6008 22.5959
  5.4399  3.2475  0.9634  0.5375 28.4658
  4.6487  0.7695  0.8214  0.4375  4.7913
  4.3304  3.6851  0.5693  0.7927 33.1412
  5.3191  1.2596  0.0347  1.0903  8.8580
  5.1205  1.4756  0.3758  2.2484 10.7938
  4.4682  3.8815  0.8734  1.9711 35.2665
  5.8953  2.4465  0.0804  1.6613 20.1734
  6.5067  0.9872  0.7807  0.9690  6.5326
  4.7956  1.2339  0.0076  0.6025  8.6326
  4.8523  1.3092  0.9716  1.2553  9.2960
  5.1836  3.0728  0.8845  1.6058 26.6252
  5.4526  2.9406  0.9865  1.5055 25.2440
  5.5437  4.3685  0.5768  0.3772 40.6017
  5.3327  1.6607  0.9674  1.4258 12.5050
  4.9711  1.8004  0.0410  2.0921 13.8242
  3.5524  4.3886  0.8228  0.8207 40.8233
  4.8419  2.3884  0.3927  1.2087 19.5884
  5.2239  2.7415  0.5542  1.2378 23.1820
  4.9014  2.5602  0.3080  1.9703 21.3258
  5.0298  3.6491  0.3090  0.7537 32.7528
  4.0163  3.5352  0.6161  0.7731 31.5298
  5.3638  2.9416  0.5309  1.3086 25.2538
  5.1479  3.7850  0.0729  1.3250 34.2201
  5.0181  2.7796  0.0953  1.6129 23.5749
  5.2211  2.0891  0.2145  1.0082 16.6154
  4.9787  4.3057  0.9025  1.4394 39.9091
  3.5679  3.3615  0.1538  1.0630 29.6753
  5.6725  1.1566  0.1285  1.5501  7.9625
  5.2383  0.7778  0.5587  1.6186  4.8551
  5.4743  1.9462  0.9092  2.1855 15.2233
  4.9123  2.9355  0.2198  1.2131 25.1903
  4.2731  2.8357  0.8591  1.9124 24.1548
  4.9078  3.8071  0.1215  1.3066 34.4596
  4.4987  2.9041  0.3020  2.0639 24.8634
  5.5801  2.7317  0.7370  2.1553 23.0810
  4.5457  2.8875  0.5212  1.4495 24.6912
  5.8404  1.0215  0.4156  1.2878  6.8178
  5.7981  2.6883  0.9394  1.9743 22.6352
  6.2695  2.9041  0.8221  0.8505 24.8642
  5.2253  2.9858  0.9697  0.7528 25.7153
  5.5774  1.4308  0.6774  2.7822 10.3861
  4.7559  2.9340  0.3139  2.0320 25.1754
  5.6046  1.1380  0.3718  2.0671  7.8027
  4.4334  2.8691  0.9799  2.2105 24.5004
  4.2488  1.9383  0.8146  0.6073 15.1466
  5.2716  1.8307  0.8674  0.5965 14.1130
  5.4708  3.6338  0.6968  2.2836 32.5889
  5.2662  3.8109  0.6612  0.9637 34.5003
  5.9672  0.5516  0.8558  1.0792  3.1819
  3.6031  4.1834  0.6995  1.3343 38.5642
  6.5840  1.9250  0.1452  0.3087 15.0182
  5.7459  2.6985  0.8073  0.9418 22.7399
  4.9698  3.3977  0.7569  0.6616 30.0609
  6.2127  2.4437  0.2788  1.6683 20.1448
  5.5841  3.4117  0.1589  0.9455 30.2098
  5.4218  1.6504  0.1735  2.4160 12.4084
  4.7110  3.9014  0.1875  2.9423 35.4830
  5.7546  3.3331  0.1012  0.7378 29.3734
  5.7006  3.1283  0.3939  0.9324 27.2083
  5.0943  1.7632  0.6383  0.8964 13.4704
  5.2597  1.4771  0.9353  2.7392 10.8074
  4.1272  2.0825  0.6489  2.3559 16.5501
  6.1297  3.0723  0.1383  1.2997 26.6201
  4.4411  4.1178  0.0388  1.7006 37.8439
  5.2678  3.6107  0.8253  1.3562 32.3402
  4.3299  3.3663  0.3723  1.5914 29.7264
  5.8957  4.2657  0.9660  0.6276 39.4680
  4.6492  4.4540  0.9697  2.2779 41.5474
  5.2767  1.7830  0.9411  0.6831 13.6580
  5.1235  1.1791  0.4943  1.3843  8.1566
  5.3505  2.1416  0.8028  1.5578 17.1311
  5.9384  3.8557  0.3343  1.8257 34.9869
  5.2460  2.1231  0.7062  0.5793 16.9492
  4.7679  1.6733  0.3766  1.3994 12.6232
  5.1376  2.4885  0.5294  0.9101 20.5985
  5.6339  3.3852  0.7031  0.8620 29.9277
  4.2793  4.2264  0.2613  0.5230 39.0356
  5.4902  2.6260  0.2728  2.1390 21.9974
  5.1633  1.4646  0.9064  0.3404 10.6939
  5.8013  2.8901  0.5051  1.0926 24.7182
  5.7225  0.5732  0.0835  0.9101  3.3342
  5.2322  3.0593  0.1336  1.7378 26.4837
  5.5118  3.6380  0.5519  0.4796 32.6336
  4.0340  2.3633  0.8228  0.5992 19.3359
  5.5091  2.0778  0.2233  1.7355 16.5043
  5.7056  2.2694  0.8292  2.0534 18.3970
  5.1302  2.1934  0.8418  0.8503 17.6432
  5.1934  4.4545  0.9322  1.9157 41.5526
  5.5834  2.1965  0.9209  0.3022 17.6731
  5.2298  2.0364  0.3429  1.6595 16.0997
  4.5254  2.2250  0.3775  1.3558 17.9557
  4.8874  2.9275  0.4809  1.1142 25.1072
  5.2868  3.3578  0.3497  0.5691 29.6359
  5.1048  1.1521  0.8259  2.7230  7.9237
  5.2924  1.2409  0.8991  0.8031  8.6941
  5.0510  4.2109  0.3062  2.5431 38.8660
  4.4511  2.9292  0.0520  1.5502 25.1253
  5.5273  4.3863  0.9390  0.7896 40.7981
  6.0391  2.7302  0.3488  0.6495 23.0655
  4.7846  2.7489  0.7820  0.4257 23.2575
  6.0245  2.6675  0.3668  0.8370 22.4212
  5.3167  1.4048  0.4233  0.7860 10.1519
  5.1718  0.9185  0.2808  0.5116  5.9705
  5.2705  1.8497  0.5550  2.9555 14.2949
  4.9677  3.7800  0.2400  2.3950 34.1657
  6.7260  2.1299  0.3018  2.4481 17.0163
  5.3694  3.4732  0.4106  2.3129 30.8656
  4.5767  3.1274  0.6905  0.9494 27.1986
  5.8668  2.6205  0.9724  0.2705 21.9407
  4.3083  4.2776  0.1643  0.7773 39.5992
  4.3083  2.8080  0.3307  2.1357 23.8675
  4.5097  4.0911  0.0481  1.4470 37.5524
  6.8105  1.3627  0.3275  1.4242  9.7731
  3.7576  2.3412  0.2090  0.9455 19.1148
  4.7280  2.3541  0.2395  0.6179 19.2441
  5.4293  3.8306  0.7198  2.2465 34.7143
  5.3930  1.8516  0.8374  1.1952 14.3130
  4.9129  1.0421  0.6703  2.0178  6.9896
  4.5944  3.9615  0.1066  1.5640 36.1370
  4.9116  0.5187  0.0885  1.8412  2.9530
  5.0637  3.0334  0.2533  1.8504 26.2130
  5.1292  3.0943  0.2766  1.3214 26.8515
  5.2906  2.1919  0.0621  2.6328 17.6276
  4.9867  1.1709  0.7201  1.4966  8.0859
  4.3740  4.0054  0.9317  1.1741 36.6158
  5.1526  2.1247  0.8122  2.3393 16.9649
  4.8662  1.5235  0.6086  1.4347 11.2321
  6.7785  3.3061  0.6088  2.3678 29.0867
  5.4643  1.4915  0.4712  1.0846 10.9393
  4.0563  2.6727  0.5098  1.7377 22.4754
  6.3275  1.1763  0.6111  1.4213  8.1325
  5.3998  2.6219  0.7616  1.3637 21.9551
  5.1330  3.6228  0.6761  1.6499 32.4702
  5.7579  2.9976  0.7124  1.5548 25.8379
  6.1644  3.0044  0.3857  1.0830 25.9090
  3.5918  1.0737  0.1469  1.7873  7.2559
  6.3802  3.3466  0.0723  0.5694 29.5169
  5.2361  1.8909  0.2292  1.0633 14.6895
  5.3353  2.3199  0.5999  2.9005 18.9011
  5.1951  1.4203  0.0133  0.1699 10.2917
  5.2420  2.7146  0.7539  0.3225 22.9056
  5.7563  2.7663  0.1019  0.8989 23.4368
  5.5839  1.8363  0.0573  2.9185 14.1663
  3.8816  1.1834  0.8278  2.2767  8.1935
  4.8296  3.0264  0.1260  1.6942 26.1391
  5.1911  1.7860  0.0612  2.3869 13.6870
  5.5612  2.4916  0.0561  1.7113 20.6296
  5.0078  3.7975  0.8728  0.5032 34.3555
  5.9304  4.2865  0.4730  2.0657 39.6977
  5.8422  3.6971  0.0515  0.9331 33.2700
  5.5618  3.1060  0.6271  2.3865 26.9738
  4.9562  2.4732  0.9558  1.9639 20.4429
  5.2514  2.5031  0.0580  1.8160 20.7464
  5.6320  4.4359  0.5073  2.4807 41.3469
  5.3535  2.7695  0.3100  0.3912 23.4701
  5.1395  3.0168  0.0395  1.4751 26.0393
  4.8342  1.1908  0.3578  2.1402  8.2582
  4.5587  2.6426  0.8168  1.5601 22.1667
  5.3536  3.1591  0.4748  2.1203 27.5326
  5.2955  2.1784  0.1779  2.3748 17.4949
  4.7186  2.8295  0.9479  0.4585 24.0903
  6.5121  3.7570  0.9595  1.9868 33.9174
  5.6942  3.6751  0.8186  2.3628 33.0328
  4.4282  3.7929  0.6329  1.7165 34.3054
  4.8631  3.4612  0.5364  0.7584 30.7379
  5.9900  2.7169  0.9220  0.7422 22.9291
  3.5864  0.8207  0.5192  1.0179  5.1897
  5.1778  1.4516  0.7359  2.1779 10.5752
  3.8869  4.2505  0.2215  2.4479 39.3008
  5.0632  4.2545  0.6881  1.5199 39.3449
  5.1220  2.9561  0.6920  2.0315 25.4047
  5.3572  1.8213  0.9715  1.4302 14.0228
  5.0734  1.7567  0.1384  1.5515 13.4090
  5.4451  3.2094  0.9568  0.5047 28.0626
  4.6060  1.8751  0.8838  1.4093 14.5382
  5.6574  2.8715  0.4815  2.5878 24.5259
  4.6308  3.0009  0.3365  1.8940 25.8730
  4.9345  1.2688  0.1163  2.9781  8.9390
  5.5667  1.0468  0.0599  2.9230  7.0292
  4.6158  2.5437  0.4715  0.1481 21.1580
  4.5943  0.6349  0.3035  2.2161  3.7792
  6.2581  2.9071  0.0216  1.6453 24.8950
  4.8548  1.7947  0.6633  2.3177 13.7698
  5.0452  1.4250  0.6455  0.8552 10.3339
  4.7244  3.4875  0.3479  0.6462 31.0188
  6.0158  1.0755  0.0763  2.0477  7.2710
  4.1200  0.8288  0.2859  1.3018  5.2538
  6.9435  2.9336  0.9419  0.5102 25.1707
  4.0490  3.8323  0.3522  0.4557 34.7325
  5.0927  3.2037  0.0584  2.2609 28.0029
  6.1779  1.3862  0.6104  0.5374  9.9843
  4.7913  4.1107  0.4243  0.0889 37.7666
  5.3323  1.8759  0.4794  2.1572 14.5462
  4.7919  4.1445  0.0772  0.1934 38.1373
  5.0433  2.8340  0.0691  2.6046 24.1366
  5.0233  4.3717  0.5340  2.7013 40.6372
  3.9125  0.8813  0.7808  1.0679  5.6712
  4.3450  1.4619  0.1844  1.5854 10.6690
  4.2256  3.3259  0.6505  1.6695 29.2971
  5.2683  3.0724  0.4424  1.1499 26.6213
  4.5491  2.5995  0.2921  2.2196 21.7259
  5.1414  2.8662  0.5343  0.9196 24.4701
  4.8239  1.7928  0.3846  2.8713 13.7516
  4.3914  3.9460  0.0380  2.6956 35.9685
  5.0755  3.5162  0.2424  1.0112 31.3263
  4.7522  2.3130  0.0418  2.0814 18.8328
  6.1878  2.4704  0.9299  1.0371 20.4147
  4.1180  3.5427  0.4412  1.0078 31.6100
  5.5825  3.3062  0.9465  0.5871 29.0874
  4.3344  1.4725  0.7828  1.4033 10.7656
  5.2184  1.4366  0.2388  1.5386 10.4389
  5.6275  2.3970  0.9381  1.4056 19.6751
  4.8842  0.8529  0.2439  1.1921  5.4439
  5.0088  3.0182  0.2297  0.7287 26.0536
  4.0500  2.9646  0.4048  1.5954 25.4938
  5.4261  1.0181  0.3062  1.8171  6.7888
  3.6340  3.9748  0.0023  2.5076 36.2815
  5.2643  2.6538  0.9726  1.1079 22.2813
  5.2806  2.9720  0.6873  0.7608 25.5706
  5.0574  1.9566  0.8346  1.9077 15.3243
  5.2720  3.5782  0.9176  2.6165 31.9911
  5.0066  2.9345  0.8085  1.5947 25.1802
  5.3866  3.2572  0.4330  0.9748 28.5682
  5.4194  1.5738  0.4620  0.5575 11.6960
  5.2437  2.8138  0.5000  0.8035 23.9276
  5.4458  2.2492  0.5558  0.6629 18.1959
  4.6014  4.3259  0.9464  1.6701 40.1321
  4.8870  3.7318  0.0381  1.3994 33.6455
  4.8777  2.9126  0.6876  0.8279 24.9523
  6.9716  2.0260  0.7008  1.6007 15.9979
  5.0660  1.7212  0.4560  1.9241 13.0731
  6.1386  3.7663  0.4625  1.2267 34.0175
  5.4517  1.3883  0.6718  2.8787 10.0025
  5.4102  3.6771  0.8041  1.8408 33.0549
  5.1750  0.9956  0.1281  0.8699  6.6020
  5.5325  1.0931  0.3548  1.7095  7.4201
  4.8331  2.5716  0.4707  1.5243 21.4421
  4.9662  3.8461  0.3773  0.3876 34.8819
  5.9459  4.3315  0.6119  1.8167 40.1937
  5.0366  2.3264  0.0694  1.3550 18.9662
  5.7072  3.6715  0.5513  1.3019 32.9945
  5.6998  1.9859  0.9303  1.2987 15.6084
  5.5559  3.1531  0.5492  1.7511 27.4697
  5.3982  3.4651  0.2504  2.0850 30.7794
  4.7489  2.7290  0.4561  2.0808 23.0534
  5.2939  2.3167  0.3663  1.2835 18.8695
  4.9139  3.4069  0.0300  1.2551 30.1589
  5.1041  3.8868  0.8711  2.8291 35.3242
  5.3934  0.8461  0.1092  1.8588  5.3901
  4.7703  1.2426  0.7814  0.9221  8.7089
  5.2930  2.1861  0.0486  2.3750 17.5704
  5.3524  3.5798  0.3395  1.2069 32.0075
  5.2526  3.1581  0.1976  2.1483 27.5225
  5.9780  2.9419  0.8235  1.6900 25.2575
  5.3127  4.0307  0.4936  1.1414 36.8923
  5.2852  1.3219  0.3106  1.3608  9.4095
  3.5857  3.2209  0.7448  2.2714 28.1840
  4.7243  1.9454  0.4782  0.6728 15.2156
  5.6648  1.4741  0.8414  1.9063 10.7796
  5.2317  1.9640  0.9925  0.5312 15.3952
  4.8942  3.2329  0.4372  1.4904 28.3118
  5.3562  3.1974  0.9555  1.4923 27.9364
  4.3833  1.4001  0.1253  1.4445 10.1096
  5.0249  3.4408  0.2138  2.7353 30.5197
  6.0243  0.8990  0.8603  1.3852  5.8126
  5.6701  2.0455  0.6612  2.3474 16.1885
  5.0203  2.2655  0.3742  1.3489 18.3584
  5.7166  3.7900  0.0024  2.1385 34.2744
  5.5244  2.7941  0.0901  1.8672 23.7245
  5.4596  1.2101  0.7369  0.7958  8.4250
  4.8884  1.1431  0.8855  2.4936  7.8462
  5.1917  1.1872  0.5738  0.4600  8.2263
  5.5514  0.8106  0.5906  0.3345  5.1107
  4.9157  3.8727  0.6001  0.3622 35.1710
  5.5560  3.9964  0.4841  0.6723 36.5171
  5.1715  3.7672  0.0186  1.9420 34.0275
  5.4966  1.0934  0.8409  1.3071  7.4221
  5.1558  0.7358  0.1415  2.0696  4.5323
  5.4521  3.3645  0.3344  1.0738 29.7065
  4.9785  2.8954  0.4657  2.5266 24.7737
  5.1916  3.0796  0.0469  1.6607 26.6970
  5.4205  3.0887  0.8693  0.3707 26.7925
  3.9545  2.7151  0.5071  1.2582 22.9098
  5.2626  1.6643  0.1669  2.4193 12.5384
  5.2325  3.3589  0.3603  2.3097 29.6469
  4.2087  4.0288  0.7996  1.3890 36.8708
  5.3786  4.4691  0.4758  0.9108 41.7143
  4.9537  1.1378  0.6599  0.3520  7.8007
  6.5045  4.0601  0.5785  1.1314 37.2127
  4.9879  3.0571  0.0522  0.7473 26.4604
  4.1488  1.7948  0.7281  0.8022 13.7710
  6.1454  2.5263  0.7961  2.2106 20.9816
  4.9832  1.3100  0.6811  1.2100  9.3038
  4.5027  3.5223  0.4175  1.7580 31.3917
  5.1828  1.2132  0.3882  1.0484  8.4524
  5.3144  3.9728  0.1205  2.6003 36.2600
  5.4393  1.3302  0.4245  1.3955  9.4828
  5.1732  1.4667  0.4755  0.9459 10.7128
  5.2953  3.2006  0.0372  0.1240 27.9702
  5.0837  2.9527  0.4716  0.6634 25.3692
  4.7066  3.2005  0.3765  2.5019 27.9688
  6.1505  4.0511  0.3472  1.3272 37.1141
  5.9232  3.1201  0.4587  1.3692 27.1216
  5.1711  2.3301  0.0412  1.9444 19.0036
  5.5889  1.8151  0.3822  1.8137 13.9641
  5.3661  1.5110  0.9267  1.3805 11.1179
  5.0545  3.4336  0.9914  2.6753 30.4435
  5.2040  0.9851  0.9115  1.8220  6.5156
  3.9024  1.7263  0.2055  0.9852 13.1216
  5.4138  1.6380  0.7928  1.5584 12.2928
  5.3482  2.4319  0.3879  0.3065 20.0262
  5.4176  2.7335  0.0098  0.6604 23.0990
  5.6025  0.9222  0.2844  2.4787  6.0005
  5.5661  2.5417  0.8126  0.2870 21.1377
  5.0443  3.6818  0.2458  0.8321 33.1055
  5.1675  2.7340  0.0250  1.7499 23.1047
  4.9532  3.4410  0.3342  0.2904 30.5220
  5.2704  3.0382  0.9510  1.0938 26.2626
  5.1356  3.2283  0.0174  1.8057 28.2624
  5.4929  1.9970  0.2166  1.3573 15.7157
  3.5951  0.7170  0.2329  1.2770  4.3894
  6.1311  3.1404  0.4203  1.4185 27.3354
  5.2283  1.9849  0.1228  2.1405 15.5979
  6.4137  3.1706  0.0428  2.3294 27.6541
  3.8284  2.7224  0.8995  0.5576 22.9848
  4.4356  2.2362  0.1839  2.7551 18.0676
  5.7854  4.2678  0.4020  2.1959 39.4917
  4.8954  3.0508  0.2535  1.0190 26.3945
  5.8071  2.0080  0.5409  1.7194 15.8225
  4.6725  4.2695  0.2762  0.6476 39.5105
  5.8932  0.9979  0.2597  1.9174  6.6212
  5.2919  3.0417  0.7373  1.5439 26.2990
  3.9163  2.6025  0.1901  2.4066 21.7569
  5.4003  1.6857  0.3246  0.6582 12.7395
  4.9369  1.7375  0.8991  0.8357 13.2268
  5.7410  3.0620  0.0969  1.1039 26.5117
  5.5896  4.2830  0.7701  0.5800 39.6591
  5.0830  4.3093  0.8170  0.5990 39.9487
  4.8324  3.1443  0.5052  0.9634 27.3765
  4.2733  3.0012  0.4343  0.2892 25.8759
  4.9460  1.6063  0.2231  1.2386 11.9970
  6.0362  0.2787  0.5097  1.0977  1.4161
  5.2831  1.4752  0.4209  0.9945 10.7905
  3.8668  3.7453  0.6224  1.0903 33.7906
  5.7415  3.2247  0.6639  0.6723 28.2247
  4.8658  2.3076  0.8060  0.2106 18.7783
  5.0548  2.4773  0.2063  1.5184 20.4847
  5.3603  3.6033  0.7060  0.7458 32.2599
  4.6264  1.6837  0.5822  0.9299 12.7209
  6.3893  1.8436  0.1860  1.8680 14.2361
  5.1201  0.4304  0.2100  0.9208  2.3583
  5.8665  0.6260  0.4937  0.6878  3.7143
  5.4550  1.8465  0.5576  0.8997 14.2638
  4.2716  3.4621  0.3355  1.0178 30.7473
  5.3854  2.0689  0.7747  1.0934 16.4173
  4.1747  3.6758  0.4495  1.1651 33.0409
  5.4883  1.1459  0.0689  1.6989  7.8702
  5.8136  3.3607  0.6807  2.2824 29.6661
  5.1800  2.9019  0.3227  1.7821 24.8415
  4.7728  0.5706  0.7956  2.2607  3.3161
  5.3416  4.4190  0.0088  2.3582 41.1600
  5.5611  2.5335  0.3592  0.6811 21.0547
  5.4413  1.6159  0.0868  0.1395 12.0869
  4.7443  2.6079  0.1074  0.5708 21.8117
  5.2394  2.3657  0.6890  1.7429 19.3602
  4.9944  1.1320  0.5173  1.2043  7.7510
  4.7455  3.2620  0.6532  2.2700 28.6192
  5.0890  0.9039  0.5705  1.2521  5.8525
  4.0023  4.2588  0.0283  1.5579 39.3929
  4.5126  2.0711  0.5831  2.1969 16.4386
  4.8648  1.8402  0.9278  1.8061 14.2040
  4.8581  3.8960  0.9106  1.3007 35.4243
  4.6877  3.3936  0.0805  0.6348 30.0165
  5.2121  1.5760  0.9481  1.3311 11.7162
  4.8378  4.2844  0.9961  2.0737 39.6743
  5.4033  1.0376  0.9351  0.8840  6.9521
  5.5504  2.8257  0.7584  1.2163 24.0505
  4.7372  1.8593  0.2941  1.0775 14.3871
  4.5538  0.4030  0.1838  0.6879  2.1805
  5.4481  3.1350  0.8241  1.3983 27.2790
  4.5177  1.0027  0.6400  2.0370  6.6608
  5.0905  4.3048  0.5704  1.4174 39.8996
  5.2664  3.0664  0.9231  1.8518 26.5587
  4.4793  2.2384  0.5027  2.2610 18.0893
  5.2109  1.8135  0.1988  1.1185 13.9487
  5.7356  1.1531  0.3470  0.3762  7.9320
  6.1963  2.0106  0.1179  1.8911 15.8478
  4.9560  3.8829  0.7035  0.5933 35.2820
  4.7345  1.1812  0.7769  2.4433  8.1743
  4.4706  4.0436  0.6878  1.1829 37.0330
  5.4107  3.6391  0.2570  0.7875 32.6451
  6.7881  3.7006  0.2127  1.9674 33.3080
  5.4534  1.2407  0.7373  0.6713  8.6927
  5.6114  4.4629  0.3906  1.4687 41.6456
  6.5509  3.0346  0.8996  1.2334 26.2250
  4.9539  3.0204  0.1726  2.0846 26.0761
  4.4528  2.8040  0.7869  2.5148 23.8263
  4.9818  2.0024  0.0299  2.7184 15.7681
  6.0442  2.2207  0.8338  1.0808 17.9133
  3.7892  3.6776  0.3319  1.2152 33.0596
  5.9235  1.3807  0.9427  1.6765  9.9343
  4.7757  3.6877  0.3880  1.7894 33.1689
  5.4013  3.2310  0.0503  1.7401 28.2914
  3.9073  1.7326  0.5646  2.7621 13.1806
  4.7430  1.4463  0.1818  1.9902 10.5272
  5.3336  3.5967  0.4531  0.8211 32.1898
  5.0541  3.7290  0.0549  0.6558 33.6148
  5.3050  0.9975  0.8493  0.3584  6.6181
  4.5081  3.6330  0.7443  2.8578 32.5795
  3.9487  4.4785  0.9596  0.8187 41.8190
  5.9622  2.8006  0.3884  2.1332 23.7910
  3.8434  2.2064  0.5768  1.5483 17.7712
  5.5822  3.4860  0.7227  1.2240 31.0034
  5.2491  0.3032  0.3064  2.4014  1.5612
  5.2051  3.2858  0.5164  2.7833 28.8716
  5.0861  3.1770  0.1457  2.9885 27.7208
  3.7515  3.8114  0.0202  2.2009 34.5061
  6.7926  2.3346  0.0247  1.7951 19.0483
  5.5418  2.5563  0.1904  2.4161 21.2867
  4.8243  3.3872  0.2387  0.3954 29.9486
  4.9335  4.0351  0.8875  0.0690 36.9396
  4.7959  3.5791  0.6356  2.6523 32.0000
  5.5529  3.7657  0.7038  0.5145 34.0115
  4.7149  2.0477  0.8319  1.3399 16.2096
  5.1212  3.0059  0.2155  2.3610 25.9251
  5.6895  1.2995  0.4128  1.6282  9.2105
  5.3063  2.8921  0.8497  0.6426 24.7388
  6.5242  2.0371  0.9024  2.3955 16.1069
  5.8458  2.7253  0.1135  2.0875 23.0149
  6.5814  2.7576  0.8574  0.8503 23.3478
  5.1361  0.8419  0.9712  1.5924  5.3566
  5.4393  0.5019  0.8556  1.6645  2.8372
  6.0216  1.8597  0.9099  1.0775 14.3903
  5.5601  0.3427  0.2954  1.8533  1.8007
  5.4708  1.4235  0.9467  2.3830 10.3201
  4.3554  2.0703  0.2339  1.1124 16.4310
  5.0469  1.5942  0.2321  1.4429 11.8846
  4.5876  1.6244  0.3502  2.3549 12.1654
  5.1719  3.0445  0.1833  0.8376 26.3284
  5.3815  1.5161  0.7256  0.8425 11.1640
  3.8146  1.4289  0.0813  1.5487 10.3693
  5.4816  3.6323  0.6893  0.4871 32.5721
  4.2829  1.6802  0.4596  1.9078 12.6872
  4.7133  1.7459  0.0940  1.7471 13.3067
  5.3240  1.3042  0.7993  1.6091  9.2522
  5.5779  1.0901  0.5185  2.9540  7.3940
  4.8554  2.3446  0.8769  0.3459 19.1484
  5.2004  2.4195  0.8101  1.9481 19.9013
  5.0784  1.2800  0.4324  0.4234  9.0377
  5.5317  2.4104  0.7056  1.1349 19.8098
  5.5691  4.0377  0.3608  1.8740 36.9687
  5.8788  4.4238  0.9715  1.9714 41.2124
  5.3970  3.6945  0.2516  1.4274 33.2421
  4.9086  1.8074  0.2822  2.4821 13.8904
  4.9208  2.4528  0.2575  1.0305 20.2369
  5.3373  2.0508  0.2764  1.1978 16.2406
  4.4266  1.2994  0.7814  2.2408  9.2092
  4.1821  3.9972  0.0953  0.3819 36.5264
  5.8185  3.6057  0.2559  0.9013 32.2859
  5.4797  1.8460  0.9754  0.0698 14.2594
  4.5955  2.3527  0.9358  1.6103 19.2297
  5.9097  1.8441  0.3046  1.7497 14.2406
  5.4595  2.4092  0.9562  0.3459 19.7970
  5.3706  3.5654  0.0612  1.0703 31.8535
  4.1676  4.4332  0.1304  2.3674 41.3168
  4.9258  3.1281  0.4223  1.0934 27.2058
  5.4789  4.4307  0.7864  2.4185 41.2896
  5.3989  2.3575  0.6766  1.7936 19.2781
  4.7032  0.6575  0.7957  2.1274  3.9451
  5.3484  2.1919  0.8777  1.7978 17.6277
  4.7153  2.1872  0.4108  1.4130 17.5812
  5.4127  4.1240  0.7851  2.0110 37.9121
  3.7089  1.0833  0.5843  1.8949  7.3365
  4.8268  3.8423  0.3653  0.6117 34.8412
  5.3316  2.1563  0.7779  0.5344 17.2760
  4.2787  2.2581  0.9080  0.5164 18.2851
  4.3879  4.1100  0.1194  1.6831 37.7587
  5.1051  0.6980  0.8850  1.7104  4.2467
  4.0131  3.0303  0.1167  0.5932 26.1800
  5.3272  1.2508  0.2480  0.4304  8.7814
  5.2932  2.9323  0.1545  2.2421 25.1572
  4.7941  2.2422  0.2760  1.7275 18.1267
  5.2958  1.4336  0.0580  1.2169 10.4115
  4.3194  4.3406  0.2242  2.2524 40.2939
  5.8819  2.6285  0.4008  1.4273 22.0220
  4.5194  2.5918  0.1625  1.2600 21.6477
  5.5796  1.4848  0.5426  1.1354 10.8779
  5.7243  2.2042  0.7402  0.0970 17.7496
  5.3573  3.3156  0.2134  2.9560 29.1874
  4.9646  4.2806  0.6578  1.1913 39.6324
  4.6482  3.0009  0.8969  1.5082 25.8728
  5.6809  1.3872  0.0577  0.5410  9.9932
  5.3765  1.1333  0.1228  2.5380  7.7620
  5.4916  3.1484  0.3060  2.1313 27.4203
  3.7711  1.9695  0.8330  2.5639 15.4490
  4.6707  3.7387  0.1945  1.4672 33.7196
  4.0130  4.1339  0.5687  2.4462 38.0212
  5.6425  1.9581  0.0754  1.3416 15.3386
  5.2314  0.9300  0.0554  2.9820  6.0640
  4.9876  2.1951  0.6724  1.0507 17.6600
  6.0275  1.1488  0.2167  1.0159  7.8951
  4.6339  4.3436  0.5076  1.8151 40.3270
  5.2432  1.2226  0.7864  2.5487  8.5343
  5.4204  0.9183  0.0300  1.9310  5.9688
  6.3973  1.6619  0.3818  1.4737 12.5156
  5.7993  1.5773  0.1428  2.0678 11.7284
  4.9540  1.1093  0.6893  2.2066  7.5576
  5.5919  3.2816  0.5525  0.4499 28.8271
  5.9321  1.6897  0.2147  1.6810 12.7768
  4.5127  3.6353  0.1143  2.2592 32.6047
  4.8863  2.5297  0.9250  1.4647 21.0162
  4.8220  2.6420  0.0769  1.8577 22.1602
  5.2467  3.8657  0.2531  1.2502 35.0946
  5.2263  3.2467  0.2965  1.6749 28.4568
  5.6915  4.0297  0.1628  0.2231 36.8809
  4.4241  3.0853  0.4513  1.1695 26.7567
  5.0127  4.2169  0.7492  0.8861 38.9318
  5.6894  1.6214  0.1740  0.9262 12.1374
  4.8923  2.7973  0.5984  2.0398 23.7574
  5.6271  2.7659  0.2660  1.5003 23.4332
  5.9641  2.3038  0.0195  1.3173 18.7402
  6.1037  4.1154  0.0479  1.8412 37.8185
  4.8095  3.7462  0.3604  1.5305 33.8011
  5.2318  3.9517  0.9356  0.4927 36.0302
  4.9842  3.2461  0.6118  0.4204 28.4510
  5.4085  2.2036  0.0388  1.4371 17.7437
  4.1058  3.2015  0.1291  1.8557 27.9796
  3.5487  1.4120  0.7573  1.5261 10.2168
  5.0893  3.0453  0.2434  0.8278 26.3375
  4.0929  3.2016  0.2387  0.1337 27.9811
  5.4774  2.7176  0.2529  1.6286 22.9356
  5.2417  2.7001  0.2498  1.4089 22.7565
  5.1695  0.6363  0.2759  2.0088  3.7891
  6.7579  3.2931  0.1251  2.0635 28.9485
  5.2879  4.1057  0.1369  1.7328 37.7122
  5.1404  1.4073  0.9575  1.7019 10.1742
  4.2917  1.3356  0.1588  1.5759  9.5314
  5.2737  2.4251  0.5314  1.1021 19.9580
  5.0218  2.1420  0.1086  0.9824 17.1356
  5.0786  2.8639  0.5756  1.3326 24.4461
  3.6084  1.3555  0.1550  0.8103  9.7086
  4.3757  2.5238  0.4091  1.5398 20.9556
  5.3695  3.9738  0.3425  1.1412 36.2705
  4.8365  2.3830  0.0816  0.8563 19.5340
  5.6599  3.6028  0.6123  0.6988 32.2551
  5.1124  3.0949  0.2040  2.3711 26.8571
  4.0275  2.1808  0.0687  2.2014 17.5183
  4.1397  2.9098  0.6643  0.9645 24.9235
  5.8244  2.0424  0.3423  1.4924 16.1584
  6.2762  1.6002  0.3865  2.6396 11.9410
  5.1564  2.3050  0.1148  0.5052 18.7525
  5.1281  0.6391  0.3720  0.7409  3.8099
  4.2317  3.1412  0.6545  1.8735 27.3442
  4.7268  1.7050  0.6693  1.2075 12.9209
  4.2482  3.4826  0.0698  2.1960 30.9665
  6.1039  3.4262  0.1682  1.9029 30.3642
  4.8749  2.6490  0.3715  2.4659 22.2319
  5.0018  2.3754  0.0787  0.6215 19.4572
  4.2539  3.8817  0.7891  0.3226 35.2683
  5.1803  2.2832  0.3233  1.0022 18.5348
  5.3538  3.2615  0.3427  1.0408 28.6135
  5.5222  1.4298  0.2837  2.4832 10.3776
  5.3791  3.4859  0.3127  2.0446 31.0020
  4.7766  2.0970  0.3424  0.9209 16.6926
  4.1419  4.4876  0.3889  1.8100 41.9193
  4.7662  3.5534  0.0422  1.1603 31.7245
  4.8372  1.9683  0.2524  1.8063 15.4370
  4.7487  4.3746  0.1269  1.9525 40.6689
  5.2515  1.5360  0.7905  2.0998 11.3472
  4.9459  3.0205  0.8864  1.7965 26.0775
  5.1953  4.1942  0.8828  0.8690 38.6820
  5.2018  3.9377  0.5742  1.0886 35.8778
  6.0628  3.6480  0.8133  0.1547 32.7408
  4.7724  3.1209  0.8341  2.5322 27.1300
  4.2415  2.1977  0.8227  1.7676 17.6857
  6.0032  3.5216  0.0556  1.0021 31.3837
  5.0906  1.4260  0.0946  2.3377 10.3434
  5.2455  1.0119  0.3700  0.5763  6.7373
  5.2411  2.8141  0.8794  2.6798 23.9314
  4.4367  3.7564  0.4233  0.3558 33.9107
  5.1500  1.6516  0.1703  2.2440 12.4194
  4.9856  2.1298  0.0603  2.7276 17.0151
  5.9114  1.7617  0.2297  2.4467 13.4564
  5.5062  3.4025  0.9851  1.5818 30.1113
  4.8024  2.1882  0.6424  0.9837 17.5915
  4.3457  2.1901  0.4973  1.1430 17.6106
  4.9244  2.9110  0.7316  0.8729 24.9359
  4.7699  2.9639  0.6540  1.2049 25.4865
  4.7251  3.4061  0.3685  1.1224 30.1504
  6.0220  3.0524  0.9437  1.4604 26.4115
  4.0723  1.8115  0.4622  1.6998 13.9300
  5.2497  2.4632  0.3524  1.4030 20.3418
  6.1212  3.4579  0.6474  1.5406 30.7023
  5.6944  0.9535  0.8231  1.0218  6.2556
  5.2881  2.0283  0.4565  1.3506 16.0211
  4.7383  4.2913  0.2500  1.5644 39.7502
  5.1333  2.8241  0.5011  1.9562 24.0344
  5.4817  1.7021  0.0012  0.5981 12.8933
  4.6048  1.1845  0.6466  0.7348  8.2029
  5.5784  1.0326  0.0995  1.4459  6.9101
  4.5448  2.3434  0.6265  0.5997 19.1369
  4.9753  2.6223  0.6324  1.4469 21.9587
  4.7516  3.7992  0.4719  1.0430 34.3738
  4.1782  2.5147  0.1922  2.1612 20.8636
  6.2824  1.9082  0.1715  0.9598 14.8566
  5.5665  2.4557  0.6552  0.8595 20.2666
  4.7652  1.2021  0.7538  1.2375  8.3561
  4.8227  2.2289  0.2123  1.7123 17.9943
  5.7585  3.4105  0.5161  1.0870 30.1970
  5.8760  3.7616  0.9204  0.4696 33.9674
  4.0869  1.1571  0.8924  1.1795  7.9665
  5.5889  3.1966  0.3788  2.7794 27.9274
  4.7352  2.6482  0.9113  1.7557 22.2241
  3.6485  3.9042  0.0025  0.8587 35.5137
  5.1970  2.2886  0.2018  1.2131 18.5889
  4.4325  2.3195  0.3754  1.7407 18.8971
  4.2012  4.1534  0.0391  2.3378 38.2344
  4.1845  2.1233  0.3907  2.3254 16.9507
  5.3926  2.8678  0.9067  1.0629 24.4867
  4.8031  2.7514  0.5202  1.7080 23.2833
  4.9307  1.2833  0.5998  1.2223  9.0671
  5.1089  1.6457  0.2819  1.0125 12.3648
  5.7629  2.1762  0.7262  1.0685 17.4726
  5.1572  1.9915  0.8346  0.9607 15.6620
  5.3607  3.6424  0.1514  0.9566 32.6809
  5.2400  0.6105  0.0956  0.7745  3.6014
  4.9166  2.0187  0.5010  0.7720 15.9268
  5.1474  2.2170  0.1312  1.5524 17.8769
  6.0885  4.0783  0.8204  1.3566 37.4116
  5.4604  1.4543  0.8243  1.7130 10.5993
  5.0311  3.4102  0.0185  1.5594 30.1937
  6.2862  2.5461  0.6545  2.1340 21.1826
  4.3034  4.2907  0.5695  1.8911 39.7440
  5.8184  3.7717  0.8872  1.9120 34.0766
  4.9303  3.0886  0.3305  3.0278 26.7914
  4.6235  4.2810  0.8318  0.4067 39.6371
  4.9779  1.0882  0.4508  1.2509  7.3785
  5.8902  4.3787  0.6945  0.7085 40.7147
  4.1349  0.9117  0.3449  2.7197  5.9152
  5.1107  4.1169  0.1004  1.6121 37.8342
  5.5399  3.0106  0.2486  0.3830 25.9745
  5.5124  1.9926  0.9761  0.7453 15.6731
  6.8754  1.9668  0.7408  2.5247 15.4224
  4.2982  2.5999  0.1091  1.0544 21.7305
  5.1110  1.7346  0.7525  1.5130 13.2001
  5.2051  2.8755  0.4728  1.7940 24.5668
  5.4290  0.5967  0.0038  1.6446  3.5023
  5.9511  1.1398  0.4775  2.2462  7.8179
  5.1008  0.7687  0.1327  1.0003  4.7847
  5.1325  3.1358  0.8520  2.5374 27.2875
  5.3304  2.0445  0.9063  0.7132 16.1791
  5.1554  3.6341  0.6719  0.9870 32.5918
  5.5427  2.5158  0.0221  1.3077 20.8751
  5.1539  3.0056  0.1859  2.1464 25.9222
  4.6268  0.5504  0.1775  2.5866  3.1735
  4.7407  3.1135  0.1430  1.2317 27.0531
  5.4454  2.9188  0.8032  0.5901 25.0170
  4.7897  1.4511  0.2846  1.6029 10.5706
  3.8428  3.3353  0.1360  1.4844 29.3968
  4.9663  0.8212  0.5226  2.4006  5.1940
  5.5406  3.4338  0.7664  1.5112 30.4457
  3.5255  2.2598  0.0581  2.6365 18.3016
  4.0673  1.1219  0.5732  1.5283  7.6649
  4.6965  1.9605  0.9477  0.9861 15.3614
  5.2942  4.3532  0.9114  1.1546 40.4329
  5.9987  3.7708  0.9698  1.2996 34.0663
  6.5377  1.1739  0.6644  1.5154  8.1112
  5.5542  3.6954  0.6869  2.5981 33.2516
  6.6261  3.0021  0.4531  1.4101 25.8857
  4.5757  3.9633  0.5348  0.0403 36.1563
  5.3888  3.3964  0.1273  1.7749 30.0464
  3.9550  2.6621  0.2593  1.4284 22.3668
  5.2706  3.3025  0.2349  1.7864 29.0481
  5.8921  3.6697  0.7740  0.9533 32.9754
  6.1970  2.6099  0.3011  1.3047 21.8324
  4.8848  1.7805  0.4998  1.5729 13.6346
  5.3829  2.7104  0.8782  0.4754 22.8616
  3.7852  3.2997  0.7624  0.8941 29.0182
  4.5538  4.4481  0.1518  0.2191 41.4819
  4.7976  2.5781  0.0603  2.1801 21.5083
  4.2730  3.6547  0.8910  0.4543 32.8134
  5.2869  3.1132  0.3316  1.1637 27.0492
  5.2537  3.9545  0.3970  0.9536 36.0607
  5.2368  3.1960  0.6289  1.4435 27.9215
  4.6098  3.4338  0.6269  2.2296 30.4456
  4.2252  0.5682  0.7781  1.4561  3.2991
  5.3194  3.9234  0.1127  0.8234 35.7217
  4.8295  0.9010  0.0012  2.6893  5.8292
  4.3640  0.9081  0.1253  2.3188  5.8867
  4.3589  2.2990  0.6078  2.5077 18.6925
  4.7727  2.4116  0.9204  1.3291 19.8214
  6.0300  3.2017  0.9259  0.8777 27.9823
  6.0326  3.0212  0.5585  1.6736 26.0847
  6.1134  2.2426  0.0221  1.5528 18.1307
  5.1063  2.9849  0.4719  3.0098 25.7055
  6.5381  2.2403  0.3341  1.9475 18.1081
  5.2770  4.1968  0.0217  2.1059 38.7109
  4.7878  2.4264  0.8159  0.9605 19.9709
  5.8582  2.1171  0.0604  1.6179 16.8904
  5.3715  4.0106  0.4079  1.5828 36.6724
  5.3263  1.2912  0.2342  1.7102  9.1369
  5.3042  1.5982  0.4470  1.2372 11.9218
  5.9774  3.2837  0.7753  0.7808 28.8492
  6.1005  2.1588  0.3664  2.1147 17.3007
  5.4887  2.4451  0.0675  1.4205 20.1593
  4.5466  0.6702  0.4820  2.3861  4.0392
  5.1654  3.1746  0.7283  2.1054 27.6955
  4.1662  2.9338  0.1217  1.1531 25.1729
  5.0941  2.2341  0.0458  0.8262 18.0461
  5.2507  2.2258  0.1520  0.2569 17.9641
  5.4556  3.0353  0.9379  1.9619 26.2329
  5.0643  1.0542  0.9260  0.6266  7.0912
  5.1032  3.9616  0.5852  0.6598 36.1378
  5.7819  1.5000  0.6253  2.2397 11.0169
  5.5095  2.0783  0.9772  0.8295 16.5094
  4.3864  1.2662  0.3916  0.4090  8.9165
  5.3382  2.4210  0.7795  2.6692 19.9165
  5.3189  2.4385  0.0455  1.7811 20.0930
  4.9514  2.6784  0.6373  1.6150 22.5333
  5.3041  4.4661  0.3979  2.2949 41.6807
  5.7324  0.6963  0.4280  0.7850  4.2335
  5.5642  1.6649  0.8681  2.4295 12.5438
  5.7159  3.5222  0.7933  0.4949 31.3905
  4.0181  2.8105  0.2692  1.3531 23.8934
  4.7769  2.9387  0.5115  2.3355 25.2240
  4.7541  2.6165  0.7678  2.8512 21.9001
  4.2613  4.4660  0.3381  2.0164 41.6801
  4.3927  1.6667  0.9917  2.1588 12.5607
  4.6500  1.0840  0.4255  2.9595  7.3427
  5.0500  3.0559  0.1559  2.7450 26.4486
  4.8054  3.4457  0.9001  0.2418 30.5721
  4.8320  3.1726  0.1222  0.8226 27.6751
  5.9439  3.8097  0.6771  1.7420 34.4874
  5.7793  1.7841  0.7921  0.5436 13.6688
  5.2664  0.8529  0.1176  0.3911  5.4445
  4.6296  3.2288  0.3888  1.9833 28.2683
  4.2622  1.8765  0.0887  2.4062 14.5516
  3.7667  1.3646  0.1205  0.6137  9.7906
  5.0542  2.9670  0.3704  2.0553 25.5190
  5.4416  0.6565  0.3356  2.1801  3.9374
  4.1125  1.9143  0.4051  1.4454 14.9153
  5.2927  3.5259  0.6507  2.0648 31.4303
  4.7359  4.2013  0.6480  0.6648 38.7602
  5.5326  2.2242  0.4718  0.5929 17.9481
  6.2775  1.3339  0.6414  0.7029  9.5159
  5.0321  2.2011  0.6246  1.3269 17.7194
  5.4642  2.1109  0.9796  1.2893 16.8288
  5.4470  2.8668  0.5404  0.5809 24.4769
  5.5221  3.4017  0.8196  2.1763 30.1025
  4.7380  1.5175  0.8959  2.0823 11.1775
  5.3943  2.9215  0.5237  2.6961 25.0446
  5.3580  3.3450  0.3739  1.8150 29.4996
  5.1257  2.8202  0.2947  1.3802 23.9936
  4.7591  2.5978  0.3933  3.0202 21.7087
  5.6565  1.3784  0.2246  0.7048  9.9144
  4.2807  4.1590  0.9156  2.1200 38.2965
  5.0166  2.1123  0.2893  1.9354 16.8433
  4.6995  2.1600  0.2361  0.7136 17.3131
  5.3309  3.1578  0.7627  1.0577 27.5187
  5.2567  1.8807  0.4159  0.6169 14.5921
  5.9235  4.2487  0.5975  1.3912 39.2811
  4.8181  3.2567  0.7950  1.9323 28.5631
  5.5487  2.0190  0.2640  0.5424 15.9300
  5.8647  3.3489  0.8058  0.8346 29.5414
  4.7312  2.1062  0.7738  1.4593 16.7832
  5.1385  3.2723  0.8411  2.2021 28.7288
  5.4350  2.1176  0.0182  0.7325 16.8948
  5.7509  0.9092  0.9650  2.0844  5.8953
  5.5527  3.4308  0.7864  0.6889 30.4129
  5.0041  1.5584  0.6755  0.9960 11.5534
  5.2933  1.4132  0.7986  1.1924 10.2273
  5.0807  3.6389  0.2100  2.2565 32.6429
  5.6491  1.7577  0.8186  1.8045 13.4186
  5.5996  2.6899  0.0646  2.8912 22.6512
  5.0560  2.1851  0.0480  2.6014 17.5605
  5.1122  2.6763  0.7832  0.2162 22.5117
  5.7463  3.7972  0.0886  1.6771 34.3525
  4.5270  1.3008  0.5777  1.4020  9.2221
  4.9328  3.5907  0.5669  0.6477 32.1249
  6.1197  2.4665  0.2178  1.0212 20.3759
  4.0166  1.3643  0.1108  1.2761  9.7874
  5.2116  2.9652  0.7768  1.1323 25.5004
  5.3408  3.5269  0.4549  1.0513 31.4410
  6.6871  2.9229  0.1717  0.9637 25.0596
  5.0725  3.4379  0.8102  2.1920 30.4885
  5.1946  2.3079  0.4420  2.1868 18.7811
  5.5413  1.5628  0.1829  0.6216 11.5938
  4.2280  3.8330  0.5673  2.3373 34.7398
  6.0635  3.2480  0.0804  0.4115 28.4713
  4.8475  2.6107  0.3219  1.8685 21.8403
  6.2123  3.9233  0.0316  2.2901 35.7208
  5.2140  2.9729  0.4187  2.0404 25.5808
  6.3292  3.3818  0.4224  1.3604 29.8913
  6.3659  3.2375  0.0934  2.7589 28.3599
  5.1655  2.0308  0.4790  0.7121 16.0455
  5.7090  3.7411  0.9377  1.3910 33.7452
  4.6710  2.4578  0.1796  1.4397 20.2874
  5.5340  1.5482  0.1042  0.6898 11.4591
  5.2490  3.1981  0.3446  1.9565 27.9441
  4.8180  1.8289  0.8054  0.8066 14.0962
  6.3990  3.6486  0.4394  1.4911 32.7478
  4.3656  3.6572  0.7317  0.4196 32.8400
  4.4702  1.4984  0.6560  0.8470 11.0021
  5.7277  1.0912  0.7458  1.0604  7.4037
  5.3414  2.1629  0.3964  1.2747 17.3415
  5.2216  2.0952  0.6912  1.8973 16.6754
  4.9503  2.4972  0.1284  1.5345 20.6864
  4.7286  2.5735  0.1980  2.5130 21.4617
  4.9949  4.1991  0.7101  1.7066 38.7360
  5.2594  0.4964  0.9980  2.3136  2.8001
  4.5605  1.2030  0.7304  1.4970  8.3638
  4.5860  2.4388  0.1837  1.8042 20.0954
  5.0917  2.2520  0.8319  1.9595 18.2242
  4.8751  3.1323  0.2041  0.2428 27.2508
  5.0850  1.4996  0.0106  2.3739 11.0131
  4.9703  1.9978  0.4526  1.3293 15.7240
  4.7418  1.6249  0.1060  1.3114 12.1708
  5.1583  1.7449  0.4519  1.1099 13.2973
  5.2380  2.6733  0.5190  1.7871 22.4810
  5.4937  2.2069  0.8018  1.1684 17.7767
  4.1838  3.0892  0.2261  1.4897 26.7978
  5.4432  3.8658  0.9089  0.1194 35.0960
  4.4273  1.1819  0.1325  2.0521  8.1806
  4.5994  3.5004  0.9980  2.9420 31.1572
  5.1900  2.7248  0.5353  0.7937 23.0102
  5.2186  1.0129  0.4476  0.5833  6.7455
  5.2133  2.0828  0.4637  1.3337 16.5532
  6.5991  1.9825  0.3265  2.3103 15.5755
  5.0398  2.6015  0.0389  1.6077 21.7470
  4.0732  1.3869  0.7281  0.2715  9.9903
  5.3263  1.0575  0.6135  1.3765  7.1186
  5.3980  1.3386  0.4520  0.3570  9.5580
  5.6637  3.2637  0.4025  1.3065 28.6369
  5.6236  1.9574  0.4223  0.2364 15.3314
  5.8631  2.5024  0.7434  0.6529 20.7391
  5.5455  1.3243  0.7114  2.3760  9.4309
  6.0619  2.4427  0.5281  2.8889 20.1348
  4.4576  2.5577  0.4413  2.9834 21.3007
  3.6185  0.6859  0.1641  0.6201  4.1556
  5.0547  0.6218  0.8762  2.0624  3.6837
  5.0981  2.2404  0.9291  1.2649 18.1092
  5.1880  1.5275  0.4623  2.4972 11.2691
  4.9325  3.5340  0.8199  0.4323 31.5163
  4.6262  1.3113  0.9435  1.4194  9.3153
  5.7835  3.3393  0.1870  0.9877 29.4395
  5.0645  4.2715  0.3798  0.9814 39.5321
  4.8806  3.4084  0.0537  1.8741 30.1749
  5.5889  1.9343  0.6059  2.3705 15.1086
  5.1714  3.8307  0.2014  2.7166 34.7157
  5.4900  3.3503  0.4883  0.9874 29.5556
  5.5212  2.3570  0.9712  0.6329 19.2727
  3.6991  1.1145  0.8022  0.5144  7.6015
  5.1965  3.7289  0.0959  2.3778 33.6135
  4.8613  0.2727  0.6080  0.2555  1.3813
  5.1076  2.5092  0.0498  1.3486 20.8078
  5.8469  0.9016  0.4796  1.4152  5.8336
  6.8000  1.2713  0.8198  2.8240  8.9615
  4.9570  2.5762  0.1891  0.4074 21.4885
  4.7474  1.5847  0.9292  1.4936 11.7966
  4.4969  0.7449  0.2221  1.0129  4.6023
  4.7894  1.4382  0.1384  0.5626 10.4537
  4.3282  1.2966  0.8903  0.1214  9.1845
  6.8896  1.5303  0.7157  0.9946 11.2952
  6.7808  2.2706  0.9352  1.0188 18.4090
  5.5752  0.8913  0.8788  1.5956  5.7514
  4.2130  1.8680  0.0351  2.0712 14.4697
  4.6202  2.4847  0.1248  0.5753 20.5594
  4.2772  3.9131  0.3757  1.5988 35.6097
  4.3620  1.4720  0.4787  0.7583 10.7605
  6.1423  1.9647  0.3526  0.1899 15.4027
  5.4535  1.8072  0.5673  1.9152 13.8883
  4.8270  3.5825  0.5263  0.7194 32.0367
  4.8067  1.7475  0.0230  2.1843 13.3219
  6.4082  3.6926  0.1811  1.4260 33.2215
  5.6915  2.5359  0.4781  1.1898 21.0791
  4.6992  3.9667  0.6014  1.1650 36.1937
  4.5539  1.8503  0.0374  1.9061 14.3007
  4.8218  3.9262  0.9791  0.7991 35.7528
  4.4012  1.7577  0.3684  2.0784 13.4186
  5.1775  3.5089  0.9199  0.6470 31.2481
  6.3278  1.6321  0.7411  1.2474 12.2377
  3.6672  3.1677  0.8205  1.7562 27.6231
  4.0851  3.4178  0.4031  1.4816 30.2743
  5.5298  1.5252  0.5993  2.3522 11.2478
  5.4346  2.5055  0.0879  1.4105 20.7706
  5.3745  2.2880  0.8845  2.1227 18.5826
  4.7055  2.0904  0.1154  1.1830 16.6283
  4.4944  2.8390  0.5629  0.1110 24.1886
  6.6213  2.5435  0.4850  1.1471 21.1560
  4.1064  3.3364  0.6780  2.5570 29.4082
  5.7860  0.6712  0.8350  1.0481  4.0467
  5.7485  0.3746  0.3231  0.7593  1.9996
  4.6756  1.7554  0.5066  0.9579 13.3964
  4.9529  0.8748  0.9834  0.7559  5.6186
  5.1752  3.5993  0.0742  0.4734 32.2173
  4.5062  4.2487  0.6868  1.7715 39.2811
  5.4298  0.9113  0.5808  1.7288  5.9125
  4.6370  3.9552  0.1283  1.2640 36.0681
  5.6749  2.2673  0.6937  1.5907 18.3766
  5.3775  3.7932  0.2526  0.4232 34.3090
  5.6943  3.8129  0.7847  0.1517 34.5218
  5.8549  0.7998  0.5168  0.7806  5.0263
  5.2487  2.7693  0.0102  0.7094 23.4682
  5.1922  2.9509  0.7765  1.5685 25.3508
  5.0165  2.2372  0.7042  0.4277 18.0769
  5.0615  1.6485  0.1524  1.3405 12.3905
  6.6771  2.7004  0.1032  1.0383 22.7587
  5.8216  2.7233  0.2057  1.5567 22.9941
  5.4229  0.9458  0.9896  1.2962  6.1928
  5.4564  3.2100  0.6078  1.8233 28.0693
  5.4391  3.9341  0.5429  0.4229 35.8382
  5.6859  3.0811  0.0340  2.7153 26.7121
  4.7078  3.1498  0.0744  2.3051 27.4351
  5.1585  2.6228  0.5410  1.3495 21.9641
  3.6469  3.7093  0.7152  2.4799 33.4015
  5.7826  2.8960  0.9980  0.2114 24.7795
  5.8334  3.7997  0.3623  2.1086 34.3793
  5.1322  3.2410  0.0095  0.2231 28.3969
  5.0628  1.9692  0.6047  1.6378 15.4462
  4.8682  1.8878  0.9537  1.3141 14.6606
  5.2664  1.8985  0.0198  0.2300 14.7629
  5.2994  3.3412  0.6388  1.9261 29.4597
  5.1492  2.4103  0.7956  1.1121 19.8087
  4.5360  2.5756  0.3690  1.6015 21.4826
  4.8824  2.5893  0.5970  3.0419 21.6227
  5.5182  2.9305  0.5785  2.2586 25.1389
  6.0388  4.1636  0.6430  0.8748 38.3467
  4.7523  3.0427  0.6373  0.4335 26.3099
  3.9586  3.2477  0.9681  1.2527 28.4678
  4.3598  3.0235  0.2278  1.0803 26.1091
  4.9782  2.2718  0.8170  0.7045 18.4216
  4.4993  2.9720  0.2805  2.2690 25.5706
  3.9793  2.7082  0.1310  2.0299 22.8397
  5.2514  3.4848  0.1572  1.8092 30.9901
  4.2657  3.2638  0.1731  1.1876 28.6378
  4.8853  0.6866  0.9513  1.8872  4.1613
  5.3132  0.5165  0.8174  2.2692  2.9373
  5.4445  3.0907  0.0376  2.4030 26.8132
  5.0348  0.8812  0.2946  1.4339  5.6703
  5.2994  4.0127  0.7361  1.9121 36.6951
  4.8037  1.9683  0.1041  0.5986 15.4372
  4.9364  1.7502  0.1003  2.0301 13.3471
  5.3168  4.1635  0.6734  0.6315 38.3453
  4.7778  2.6839  0.2494  1.2809 22.5901
  5.0902  2.1861  0.0955  1.3755 17.5706
  5.5297  2.6821  0.2263  0.6956 22.5717
  5.1153  1.8116  0.8877  0.5130 13.9308
  5.4589  2.9660  0.2516  0.8888 25.5088
  6.0781  3.7402  0.4108  1.1007 33.7352
  4.7969  4.2421  0.2575  2.4146 39.2087
  5.1654  1.9332  0.1605  0.1684 15.0973
  5.0178  1.3301  0.0774  1.3698  9.4825
  5.1895  2.0355  0.3818  1.1171 16.0910
  4.5417  1.8568  0.4660  1.7062 14.3629
  5.5409  2.9666  0.9072  1.2573 25.5145
  5.2908  3.9783  0.0100  2.6744 36.3202
  5.2155  3.3349  0.3498  1.4099 29.3927
  5.2047  3.3958  0.6945  1.7122 30.0402
  5.2280  2.3301  0.1678  0.9123 19.0030
  5.0174  1.1823  0.7152  2.3388  8.1842
  5.4026  2.6313  0.7020  1.2846 22.0515
  5.1887  3.0430  0.5364  0.9570 26.3126
  4.2055  2.4762  0.8240  2.2065 20.4740
  5.6214  3.9764  0.5914  2.5794 36.2995
  5.1007  1.4084  0.9840  0.2569 10.1836
  5.7943  2.5317  0.7421  1.0462 21.0359
  6.0686  2.0727  0.8278  1.5022 16.4541
  4.7751  1.8983  0.0265  1.8853 14.7612
  4.6470  2.1200  0.4126  2.0492 16.9185
  5.5606  3.9977  0.6626  1.7294 36.5318
  5.9025  1.6914  0.9470  1.5365 12.7924
  5.2000  1.4017  0.3066  1.6130 10.1234
  5.0661  2.7371  0.9276  1.5217 23.1367
  3.7056  1.6663  0.2954  0.8291 12.5571
  5.1473  2.1810  0.7511  1.6447 17.5201
  5.4629  2.0834  0.6350  2.0411 16.5596
  5.2286  3.5102  0.6127  1.7246 31.2621
  4.9785  2.2606  0.3197  2.6423 18.3099
  4.5262  1.4265  0.2534  1.7714 10.3476
  5.4935  4.2689  0.8023  1.8199 39.5041
  5.4205  1.0581  0.8158  2.2323  7.1243
  4.9114  3.1747  0.6525  1.1674 27.6969
  4.7611  1.5360  0.1792  0.6350 11.3467
  5.3643  1.7826  0.8032  2.2103 13.6545
  5.6140  1.6927  0.6658  1.0164 12.8053
  5.3735  1.2819  0.2206  2.7163  9.0551
  5.7943  0.6120  0.1385  1.6768  3.6123
  5.9930  3.1382  0.3276  2.0087 27.3120
  5.2564  1.3657  0.8485  1.0333  9.7996
  3.9809  2.9725  0.5485  1.5777 25.5766
  5.3361  3.5272  0.6733  1.7679 31.4437
  5.2876  2.6075  0.2119  1.0184 21.8085
  4.1956  0.7370  0.9381  2.2806  4.5419
  5.2139  1.1799  0.8785  1.7844  8.1633
  5.2049  4.0826  0.7061  2.5749 37.4591
  5.3264  4.1416  0.2048  1.1849 38.1054
  5.1316  1.0423  0.8869  0.4341  6.9912
  6.5205  1.1133  0.7534  2.3893  7.5917
  3.8821  4.3691  0.6139  2.1088 40.6087
  4.8718  1.7240  0.4698  2.3755 13.1001
  5.8529  4.3133  0.2898  1.6521 39.9923
  4.7465  0.9282  0.7955  1.0982  6.0491
  5.1296  4.3317  0.3936  2.4501 40.1951
  4.9931  1.2051  0.9863  0.5231  8.3822
  4.0964  4.2393  0.1699  1.8911 39.1782
  5.2329  1.3747  0.4643  1.1745  9.8807
  6.7717  2.0131  0.1861  0.7941 15.8721
  5.3591  1.7287  0.6909  0.8704 13.1446
  6.2947  3.8641  0.5665  2.0328 35.0773
  6.0197  1.4993  0.8161  0.2350 11.0102
  3.8981  1.8579  0.6422  0.7888 14.3732
  5.5656  3.7259  0.9980  1.8528 33.5809
  5.7932  2.5846  0.0125  0.9369 21.5744
  5.9021  4.2360  0.3872  0.5730 39.1417
  5.0550  3.3078  0.7863  0.0645 29.1049
  4.4624  2.2268  0.5695  1.1265 17.9738
  5.6092  2.2538  0.1738  0.4867 18.2417
  3.6891  3.6055  0.6064  1.9521 32.2841
  5.4111  1.5459  0.5979  2.7237 11.4387
  4.6299  2.4017  0.4880  0.3625 19.7218
  5.8755  2.7254  0.4200  0.9258 23.0160
  6.1103  2.1418  0.2517  2.0445 17.1334
  5.2443  1.5409  0.1336  0.6174 11.3920
  5.6588  3.7746  0.8829  0.6336 34.1074
  6.7925  0.9003  0.3229  1.1826  5.8234
  5.6972  2.3115  0.2377  1.4847 18.8176
  3.8517  3.3227  0.6887  1.9818 29.2623
  5.4403  2.6246  0.9811  2.0097 21.9827
  4.9816  1.4408  0.9250  2.1897 10.4776
  4.9200  1.3221  0.9920  1.5794  9.4112
  5.1251  1.8822  0.7369  0.7136 14.6066
  4.4791  3.1636  0.2952  2.5208 27.5797
  3.8739  2.3660  0.1122  0.9604 19.3629
  5.3882  2.1242  0.6998  0.7336 16.9599
  5.4357  1.8897  0.7770  1.5668 14.6784
  5.3429  4.2987  0.4693  2.2456 39.8315
  5.6427  2.4906  0.6987  2.5952 20.6198
  6.0895  3.1873  0.6235  1.2266 27.8300
  5.1015  2.3419  0.5132  2.3643 19.1220
  5.3080  3.8260  0.1034  1.5979 34.6640
  4.4255  4.3185  0.9686  0.7826 40.0500
  4.8430  1.7776  0.5857  1.1501 13.6071
  3.9205  2.8681  0.1721  2.7490 24.4906
  4.8910  2.9090  0.0895  2.0742 24.9149
  5.6916  0.5345  0.5168  1.4027  3.0621
  6.9298  3.1333  0.9481  0.8591 27.2611
  4.2923  4.0847  0.7721  1.7973 37.4823
  4.5871  2.8004  0.4927  1.5757 23.7890
  3.6651  2.1239  0.4262  1.4053 16.9571
  5.4628  2.3061  0.9407  0.9448 18.7638
  5.1146  3.4241  0.2460  2.1643 30.3418
  5.6610  3.4268  0.0344  1.5031 30.3706
  5.4928  1.3796  0.1164  1.6913  9.9244
  4.6098  2.5937  0.2019  2.8088 21.6673
  5.3246  3.8237  0.5971  1.6735 34.6393
  5.1856  1.8526  0.2547  0.3546 14.3220
  5.3724  0.4518  0.0958  2.4730  2.4999
  5.1508  1.3359  0.1517  1.0663  9.5337
  5.2918  0.7558  0.8217  1.4875  4.6858
  4.7806  2.6344  0.3646  2.0191 22.0828
  5.5261  1.7890  0.2091  1.8211 13.7157
  3.8305  2.9069  0.6274  2.0473 24.8927
  5.0866  3.5954  0.1316  0.8204 32.1760
  5.1788  0.9010  0.6182  0.6115  5.8294
  5.6250  3.5605  0.3335  1.1724 31.8013
  5.2805  4.0112  0.2426  1.4665 36.6793
  5.4209  0.8186  0.9334  2.4807  5.1734
  6.5689  4.2072  0.5215  1.0852 38.8247
  5.0969  4.2502  0.2633  0.3073 39.2977
  4.6912  3.7141  0.0091  2.4341 33.4533
  6.1210  4.0901  0.0879  0.2883 37.5409
  5.5290  1.4083  0.2207  1.3382 10.1827
  4.0497  4.1432  0.8131  2.5107 38.1226
  5.6718  1.9532  0.8964  2.1679 15.2911
  5.0566  2.0778  0.7958  1.5244 16.5043
  4.7526  2.1406  0.1264  1.8572 17.1210
  5.5892  1.8783  0.0571  1.4686 14.5689
  5.0761  2.5024  0.2047  2.9443 20.7393
  4.2042  2.2035  0.8593  0.9631 17.7429
  5.3033  3.8362  0.5655  0.4004 34.7753
  5.2141  1.5967  0.8492  2.7273 11.9085
  4.4422  2.3594  0.3783  1.1483 19.2973
  5.1685  2.6639  0.4134  0.6867 22.3843
  4.3392  1.5285  0.7595  2.2704 11.2783
  4.8413  3.9634  0.1983  1.8205 36.1577
  4.2163  2.3551  0.3424  1.0379 19.2537
  5.0352  2.4097  0.5868  0.5635 19.8024
  5.6705  3.7657  0.2921  2.0467 34.0112
  5.3879  3.0879  0.2480  1.7624 26.7838
  5.4437  4.2076  0.0068  1.5987 38.8297
  6.0293  2.8680  0.0533  0.4312 24.4890
  5.4242  1.8349  0.9222  0.2839 14.1534
  5.2786  2.6272  0.9466  1.6565 22.0090
  3.5076  2.4416  0.8490  1.6041 20.1239
  5.1187  3.2463  0.1555  0.9050 28.4528
  3.8969  1.7157  0.4196  1.7875 13.0219
  6.1941  3.4322  0.5707  2.7143 30.4284
  5.3957  3.7520  0.5430  1.3276 33.8633
  4.6917  2.1342  0.8268  1.8731 17.0583
  5.0010  2.5386  0.5251  1.5179 21.1063
  6.1210  3.9803  0.2444  0.6909 36.3413
  4.6976  1.9830  0.6674  1.9074 15.5799
  4.5836  0.8773  0.4426  1.8056  5.6385
  4.4555  1.4264  0.3383  1.5692 10.3470
  5.0395  4.0100  0.9678  2.8400 36.6657
  4.0694  0.8687  0.0893  1.2110  5.5697
  5.3715  2.9302  0.1554  0.4167 25.1356
  5.1959  2.3774  0.7439  1.1906 19.4779
  5.8951  4.1250  0.8721  1.3064 37.9232
  5.5899  1.5663  0.8661  1.2487 11.6267
  3.6164  2.7705  0.3485  1.8826 23.4807
  4.6706  4.1582  0.5670  0.3852 38.2875
  5.1587  1.6557  0.9636  1.6569 12.4576
  4.4192  2.5172  0.8831  0.3455 20.8892
  5.3580  1.2952  0.1028  0.9162  9.1723
  6.0725  4.2916  0.9823  1.6927 39.7541
  4.8396  0.9957  0.1900  1.4772  6.6029
  5.3510  1.6383  0.7638  1.2207 12.2955
  4.2602  3.2029  0.2677  2.0681 27.9942
  5.0493  4.4010  0.3356  1.1040 40.9605
  5.4846  2.2166  0.9058  0.3700 17.8723
  4.2375  3.6136  0.4401  1.4326 32.3706
  5.2135  3.0138  0.1883  2.5515 26.0071
  5.2681  2.5029  0.3728  2.5998 20.7441
  5.8472  4.3606  0.4136  1.4139 40.5149
  5.3126  3.2079  0.2812  1.7955 28.0476
  5.4545  1.0085  0.8289  2.1866  6.7092
  4.6814  2.5467  0.3344  1.8227 21.1886
  5.1145  2.4231  0.9980  2.7515 19.9374
  5.0591  1.2109  0.5704  0.8460  8.4321
  6.4035  1.2957  0.2976  1.5934  9.1769
  5.0707  2.0504  0.9492  0.9854 16.2366
  5.1575  1.8608  0.4767  1.7982 14.4013
  4.7730  1.8354  0.5707  1.5131 14.1580
  6.1112  3.6892  0.0385  0.8346 33.1851
  4.8038  1.3301  0.6099  2.9475  9.4825
  5.0040  3.5062  0.5382  2.2417 31.2187
  5.5533  2.5286  0.2412  0.8399 21.0047
  5.3339  2.2631  0.3775  1.4125 18.3345
  5.8255  0.5199  0.7657  0.3787  2.9610
  6.2193  2.2502  0.2708  1.7301 18.2060
  4.8143  0.8105  0.0726  1.3952  5.1097
  5.2375  2.6227  0.0065  1.3732 21.9631
  4.4830  3.6754  0.5998  0.8156 33.0359
  5.4700  3.7483  0.2587  1.4522 33.8234
  4.7889  2.0423  0.5186  2.8571 16.1571
  5.0419  3.8257  0.3084  0.9900 34.6607
  4.9695  1.9045  0.8036  1.4468 14.8210
  6.4352  3.2148  0.9706  1.0133 28.1200
  5.0095  2.0000  0.0447  1.5034 15.7448
  4.7937  1.8843  0.5918  1.7593 14.6263
  5.3782  2.1380  0.5479  1.4609 17.0961
  5.6691  0.6912  0.4721  0.6062  4.1959
  4.8481  2.2379  0.6389  0.8309 18.0843
  3.7588  2.5793  0.3894  1.9444 21.5203
  5.3073  3.4968  0.3119  1.2227 31.1187
  4.5322  2.5971  0.6285  2.2759 21.7015
  4.6159  3.4612  0.5834  0.5794 30.7373
  4.6939  3.5134  0.5867  1.0003 31.2965
  5.3996  3.8294  0.2332  1.6199 34.7010
  5.1571  3.6900  0.1018  1.7439 33.1939
  6.7762  3.9303  0.2109  2.6019 35.7969
  5.1678  0.9080  0.0184  1.5700  5.8859
  5.0214  2.8531  0.0703  0.3671 24.3344
  4.8076  2.8215  0.2677  0.4449 24.0076
  5.7987  1.9172  0.0785  2.4608 14.9437
  5.4877  0.6563  0.5620  2.8194  3.9362
  4.3051  3.7821  0.6914  1.1828 34.1883
  4.9764  3.1649  0.0721  1.1402 27.5941
  5.1317  1.7704  0.5288  1.5220 13.5384
  4.6654  4.1870  0.2379  2.0206 38.6034
  6.0301  2.9417  0.2915  1.0704 25.2549
  5.0853  2.4258  0.6070  0.4136 19.9645
  4.9488  3.3696  0.6793  1.3751 29.7612
  5.3389  2.1357  0.2618  1.4075 17.0734
  5.0742  3.0987  0.1170  2.1789 26.8969
  4.7178  3.1681  0.2189  1.4471 27.6271
  5.1131  2.9615  0.4699  1.3895 25.4612
  4.4101  3.2265  0.0449  1.9346 28.2435
  4.9114  3.2873  0.3127  1.4690 28.8877
  5.4712  0.6614  0.1120  1.9574  3.9741
  5.6046  2.4066  0.4486  1.5648 19.7714
  4.9102  4.0782  0.8211  1.9408 37.4111
  4.7948  4.1626  0.8071  0.4261 38.3353
  4.2793  3.3283  0.3635  0.8948 29.3227
  5.1874  3.7950  0.8278  0.8068 34.3283
  4.2413  3.3182  0.1201  2.7637 29.2154
  5.5239  3.2504  0.5453  0.8102 28.4969
  4.8386  2.3483  0.0037  1.1510 19.1854
  5.2810  2.1539  0.7528  1.0955 17.2530
  4.5447  0.9665  0.5475  0.3581  6.3619
  5.3935  4.3222  0.4907  1.9467 40.0908
  5.0769  2.6119  0.8257  0.8280 21.8532
  5.3846  1.2815  0.0703  2.8760  9.0516
  5.3356  1.3880  0.1030  0.3843 10.0002
  5.1026  2.2922  0.4909  1.5960 18.6250
  4.6686  2.9542  0.7565  0.6469 25.3852
  5.1174  0.9081  0.8198  2.4621  5.8867
  5.1778  2.8049  0.8235  1.6990 23.8357
  5.3764  1.1801  0.6511  1.9522  8.1649
  6.1641  1.9331  0.7762  0.5033 15.0968
  5.9678  2.3776  0.7492  2.7557 19.4798
  5.5846  3.2245  0.6925  2.7023 28.2228
  5.7026  4.2923  0.5312  2.7149 39.7608
  6.3586  2.6289  0.8032  0.2192 22.0263
  5.8543  2.7973  0.8710  1.4395 23.7577
  5.0866  1.8283  0.6324  0.9657 14.0903
  5.2133  2.1531  0.9931  1.1404 17.2448
  5.4643  1.1594  0.6225  1.7834  7.9867
  5.0126  2.6003  0.4278  1.9783 21.7348
  5.6542  2.6420  0.9865  1.8711 22.1605
  5.3875  1.6739  0.5051  1.8692 12.6289
  5.1522  2.3533  0.8969  2.1767 19.2362
  5.6422  3.1032  0.6714  0.7600 26.9445
  5.2043  1.8628  0.8575  2.0563 14.4200
  5.5702  1.4045  0.1891  2.1519 10.1490
  4.3781  3.6642  0.8466  1.5643 32.9152
  4.4023  2.4104  0.7843  1.2878 19.8098
  5.1884  1.9700  0.1843  1.8359 15.4539
  5.5591  2.8515  0.3287  2.7969 24.3180
  4.8371  0.7233  0.1296  1.7461  4.4375
  5.4257  1.5050  0.1554  0.3482 11.0623
  5.0575  3.2983  0.9905  1.8360 29.0036
  4.3307  2.2968  0.5383  2.1439 18.6703
  4.2979  4.1331  0.6658  1.9837 38.0123
  4.7224  3.4968  0.7597  1.8341 31.1186
  4.8684  4.4839  0.1581  1.2732 41.8789
  4.7637  1.0357  0.3539  2.1400  6.9363
  5.6795  1.0961  0.2518  1.6293  7.4451
  3.5689  3.9453  0.3632  0.8917 35.9600
  5.0475  2.6734  0.8451  1.8326 22.4823
  4.8079  4.1019  0.3758  0.4667 37.6706
  5.1368  1.4513  0.5008  2.6080 10.5721
  6.2679  2.7121  0.5228  1.3307 22.8796
  5.2181  2.7606  0.7951  1.4445 23.3781
  5.3441  2.5549  0.7547  1.9962 21.2720
  4.7654  1.4388  0.3663  1.4011 10.4588
  4.3500  2.3985  0.6222  0.8630 19.6897
  6.4901  4.3993  0.3454  2.4682 40.9423
  5.1856  2.7152  0.5708  1.4641 22.9108
  4.5545  1.3708  0.2871  1.3847  9.8454
  6.0349  3.0040  0.4046  2.0883 25.9047
  4.7161  2.0997  0.9779  1.9673 16.7191
  4.2973  1.9429  0.2861  1.1471 15.1917
  6.2357  2.7801  0.6509  1.4203 23.5796
  4.9130  0.9206  0.3626  1.1367  5.9872
  4.7214  4.2413  0.5834  1.8096 39.1999
  5.0736  2.2971  0.1092  1.5719 18.6738
  5.2852  2.9136  0.4267  2.2206 24.9630
  5.1988  4.3040  0.3628  1.5674 39.8900
  5.6056  1.5176  0.5701  1.8238 11.1780
  5.2014  2.4812  0.5073  0.6453 20.5242
  5.1054  0.9626  0.2233  1.5822  6.3299
  4.7545  2.3702  0.1962  1.7763 19.4055
  5.1647  1.6105  0.6165  1.4762 12.0362
  4.6447  3.1277  0.2869  2.1486 27.2021
  5.2065  2.5641  0.6212  2.9432 21.3659
  5.6846  1.0265  0.4063  1.9635  6.8596
  6.2295  1.0476  0.2870  0.5363  7.0362
  5.3743  2.3884  0.1712  1.7431 19.5880
  4.8856  1.5214  0.3443  1.3269 11.2128
  5.2100  4.1107  0.9481  1.1715 37.7671
  5.4174  4.2484  0.6466  0.6266 39.2786
  5.1869  3.7079  0.4761  0.9121 33.3874
  5.1803  1.7222  0.7433  1.4539 13.0825
  6.7402  3.9968  0.0764  1.1098 36.5212
  5.4914  0.9075  0.5306  2.6159  5.8819
  5.2526  0.8671  0.5554  0.9749  5.5573
  5.0333  3.6731  0.4983  0.7757 33.0120
  5.9502  2.1147  0.6198  1.5977 16.8664
  3.9971  4.2883  0.2347  0.9508 39.7174
  5.0641  2.6743  0.8277  0.5624 22.4909
  4.7772  2.6269  0.7621  1.4595 22.0060
  5.1982  3.3221  0.4808  0.2815 29.2562
  5.3772  1.0693  0.8289  1.2027  7.2187
  4.1073  0.7559  0.3224  0.5850  4.6862
  4.6167  4.3172  0.3719  1.0632 40.0360
  5.2035  1.2135  0.0426  0.9016  8.4549
  4.1428  4.1415  0.4192  2.5492 38.1041
  5.5634  3.0409  0.3321  1.1107 26.2906
  5.5469  4.4772  0.0727  1.4844 41.8046
  3.5092  1.0023  0.8678  2.4908  6.6581
  4.8485  2.3802  0.6064  0.3752 19.5055
  5.5824  0.7582  0.3937  1.4360  4.7038
  4.7070  1.9231  0.6549  1.6446 15.0000
  5.0370  2.5102  0.8919  2.6743 20.8179
  4.1303  1.6708  0.1152  0.6367 12.5995
  5.6485  3.2768  0.0903  0.8676 28.7764
  4.8913  0.9022  0.1943  1.1615  5.8389
  5.0365  2.4828  0.6868  1.1873 20.5401
  5.8628  2.8805  0.3816  0.9905 24.6186
  5.2167  0.7452  0.1768  1.5560  4.6042
  6.1765  2.4960  0.7679  1.7541 20.6741
  4.4440  0.4003  0.9197  1.0732  2.1634
  5.2127  0.5526  0.8215  1.4361  3.1888
  5.4145  3.5393  0.4722  1.1498 31.5734
  5.1877  1.7825  0.7602  0.7475 13.6541
  4.4385  3.4310  0.9176  2.3623 30.4150
  5.3649  1.0482  0.0474  1.4268  7.0410
  5.3690  1.4857  0.2699  1.7981 10.8862
  5.0744  4.0837  0.5172  0.3223 37.4708
  5.7253  2.8151  0.9755  0.9590 23.9417
  5.1596  1.9369  0.0368  1.3472 15.1335
  4.9616  4.2731  0.3183  1.5438 39.5494
  5.0086  3.0900  0.8766  1.0971 26.8061
  5.4977  1.6314  0.5049  0.6382 12.2314
  4.7728  2.8227  0.2587  2.1387 24.0198
  4.4702  3.1986  0.8823  0.4898 27.9495
  4.8311  1.7434  0.2872  0.3480 13.2832
  4.7208  3.1496  0.3674  2.3743 27.4327
  6.0465  2.3092  0.3896  1.0948 18.7942
  4.4065  2.8800  0.2022  1.3791 24.6132
  5.1210  3.3795  0.2124  3.0870 29.8668
  4.4670  2.6960  0.3332  2.2119 22.7143
  5.6208  2.9312  0.5254  0.1205 25.1461
  5.2112  1.3954  0.0683  0.8788 10.0669
  5.3606  0.8074  0.3642  0.8320  5.0859
  4.2024  3.1965  0.1885  1.7147 27.9274
  4.7461  3.3489  0.1976  0.8945 29.5406
  5.2888  3.1213  0.1357  2.1988 27.1343
  3.9097  1.9239  0.1793  2.3158 15.0078
  5.2698  1.4936  0.4906  2.7923 10.9584
  4.6894  3.4239  0.9411  1.4126 30.3396
  5.7071  2.9405  0.9239  0.7851 25.2428
  5.2901  2.6216  0.5248  1.8897 21.9520
  5.2483  2.8997  0.2996  1.4032 24.8186
  5.4114  1.8944  0.4456  1.4364 14.7233
  5.4373  1.3051  0.9414  0.9557  9.2602
  6.1006  4.1417  0.3962  1.9416 38.1059
  5.3667  4.1724  0.0085  1.0101 38.4432
  5.2651  3.6379  0.6293  1.9668 32.6325
  4.1605  2.5656  0.3316  1.1682 21.3808
  4.9542  3.6340  0.1827  0.4784 32.5909
  5.4272  3.3336  0.7341  2.0034 29.3783
  4.7824  1.9590  0.2908  1.8205 15.3471
  5.7663  3.4396  0.6488  1.1709 30.5070
  4.7862  4.0529  0.6159  2.5755 37.1340
  4.0093  2.4623  0.5920  1.1417 20.3331
  4.7857  3.9913  0.0784  1.6847 36.4617
  5.1532  1.9709  0.4354  2.2172 15.4630
  5.0137  3.6231  0.0747  1.0308 32.4732
  5.3180  3.3909  0.8425  2.1006 29.9881
  5.3521  1.6235  0.0767  1.7324 12.1578
  5.6038  2.1721  0.4349  2.1388 17.4318
  4.9420  3.9134  0.3485  2.1981 35.6135
  4.8922  3.8965  0.3280  1.2110 35.4292
  5.3280  1.3613  0.3118  1.6283  9.7604
  6.1059  3.0126  0.9104  2.0825 25.9947
  5.0982  4.4321  0.5114  0.8979 41.3046
  5.1253  2.5508  0.5025  2.0016 21.2306
  5.4555  1.9419  0.1891  1.2053 15.1818
  4.4129  2.2503  0.5973  2.8060 18.2070
  4.2060  0.5095  0.5303  1.2660  2.8891
  5.9595  3.6427  0.2703  1.9945 32.6841
  6.9517  2.3783  0.9699  1.6139 19.4862
  5.5307  4.2946  0.8018  0.8706 39.7867
  4.5426  2.8130  0.0682  1.3314 23.9190
  6.0831  3.1081  0.6100  1.7972 26.9960
  4.6626  1.6833  0.7898  1.3516 12.7162
  5.5981  2.3883  0.4682  1.8690 19.5869
  5.4312  1.5660  0.2411  2.6686 11.6238
  5.4568  2.8313  0.2306  1.4640 24.1084
  5.0436  3.4967  0.2294  1.5364 31.1175
  5.1215  2.7539  0.3684  1.3272 23.3097
  4.3984  1.9249  0.7690  0.2506 15.0179
  4.8077  0.4791  0.3799  1.5386  2.6824
  5.7273  1.1441  0.3758  1.0178  7.8548
  5.4115  4.0861  0.4219  0.3982 37.4971
  5.1608  3.5995  0.9974  1.2640 32.2193
  5.1180  0.8871  0.6391  0.4757  5.7172
  5.8417  4.1672  0.8165  1.5753 38.3862
  3.9135  2.1125  0.3612  2.0575 16.8446
  4.1054  2.0170  0.3480  1.8850 15.9108
  5.5513  2.7752  0.2263  1.6833 23.5292
  3.9887  3.1513  0.2061  2.4780 27.4500
  5.2904  2.0929  0.0618  1.6001 16.6522
  6.1845  3.1440  0.8964  1.2143 27.3731
  6.5826  3.3684  0.4887  2.4662 29.7485
  5.3814  3.7701  0.7382  0.6055 34.0584
  4.3678  2.2597  0.4644  0.6856 18.3009
  4.7647  2.6429  0.4108  2.7427 22.1695
  5.2662  1.3034  0.3248  2.2322  9.2453
  4.1859  2.6291  0.9364  2.9370 22.0291
  5.0742  3.8768  0.2662  0.1464 35.2158
  5.1913  2.9584  0.6647  0.8262 25.4296
  4.7382  1.8112  0.7150  1.5348 13.9269
  5.7632  1.5344  0.1182  0.6454 11.3323
  4.7947  3.6502  0.8682  0.7815 32.7652
  5.0358  2.8121  0.2460  1.8310 23.9099
  3.6013  1.2232  0.8797  0.8870  8.5397
  5.5136  3.0717  0.2449  0.9320 26.6141
  6.1800  3.2212  0.1947  0.9433 28.1880
  5.2339  3.9823  0.9333  0.5514 36.3641
  6.1210  3.6737  0.1903  0.7194 33.0186
  4.1276  0.9273  0.5038  1.1806  6.0419
  5.1978  3.9663  0.6447  1.7626 36.1891
  6.2491  2.4642  0.9659  1.0950 20.3522
  5.1969  4.3398  0.3077  0.7581 40.2847
  5.1914  1.5213  0.6674  2.1029 11.2118
  4.7687  3.9334  0.1104  2.1132 35.8308
  5.4229  3.6359  0.9055  2.1432 32.6114
  5.1839  2.8698  0.9854  1.1861 24.5076
  5.2907  1.3665  0.6354  0.2541  9.8070
  5.2754  1.8615  0.2068  0.4268 14.4072
  4.7664  2.6901  0.0718  2.4045 22.6534
  4.0466  0.4075  0.5874  0.3943  2.2100
  4.3467  2.8435  0.0967  1.0704 24.2346
  5.3913  1.6514  0.3380  2.3465 12.4177
  5.5304  2.3230  0.8194  0.1145 18.9326
  6.0702  3.1538  0.8288  0.5826 27.4769
  5.3655  1.4121  0.0737  2.0917 10.2176
  5.2039  3.7737  0.7744  1.2579 34.0980
  4.1670  1.1907  0.5024  0.1698  8.2571
  4.7905  2.1818  0.7841  1.8445 17.5283
  5.2200  2.4211  0.5504  1.0228 19.9168
  5.3311  4.4680  0.4207  1.8670 41.7020
  4.9948  2.3494  0.9659  0.7649 19.1967
  5.0574  4.0905  0.6917  1.4578 37.5455
  4.4527  4.4905  0.8032  1.6783 41.9514
  4.8075  3.8992  0.4831  1.1920 35.4590
  3.8217  0.9582  0.4237  0.5479  6.2941
  5.0450  3.1486  0.4306  1.5806 27.4218
  5.3754  3.5742  0.4769  1.7384 31.9473
  5.2736  2.1389  0.2780  1.8199 17.1052
  5.0219  4.1778  0.6733  1.0994 38.5018
  5.4213  1.4889  0.7708  0.6917 10.9148
  5.5339  4.3534  0.0542  1.2306 40.4356
  4.8663  3.0050  0.5548  1.3757 25.9154
  4.4481  1.7038  0.8070  1.3647 12.9091
  5.5597  3.7002  0.5094  2.1528 33.3035
  4.9182  3.1260  0.0746  1.6837 27.1840
  5.6037  2.1839  0.0383  1.1409 17.5488
  5.1145  1.4997  0.5529  1.7737 11.0137
  5.4893  2.5352  0.5654  1.0660 21.0722
  5.0309  3.1902  0.4131  1.0708 27.8606
  5.3531  2.9690  0.3101  1.1617 25.5401
  5.1457  2.0073  0.2485  2.4159 15.8158
  5.7990  3.8036  0.4176  0.2177 34.4214
  5.3979  2.9882  0.9719  1.0897 25.7402
  5.2266  3.3278  0.5341  1.8308 29.3169
  6.0163  2.3793  0.1822  0.5090 19.4963
  4.4861  1.8050  0.6040  2.2037 13.8678
  4.4898  2.6885  0.8523  1.2538 22.6368
  3.8215  3.1372  0.6754  0.7892 27.3015
  5.8797  2.3247  0.5422  1.2262 18.9492
  5.2898  3.1228  0.8300  2.6589 27.1507
  4.5690  3.0862  0.3929  0.8162 26.7655
  4.8315  2.7924  0.2331  2.0400 23.7071
  5.8103  3.3287  0.0886  1.5855 29.3262
  4.4860  0.8016  0.2421  1.5974  5.0402
  5.4976  4.3414  0.5862  1.9805 40.3022
  4.4749  3.8161  0.3863  0.2781 34.5570
  5.6929  4.4138  0.9497  2.0773 41.1022
  6.2907  1.9963  0.0969  0.8424 15.7091
  4.8708  1.4613  0.4389  2.2975 10.6634
  5.2390  0.6851  0.9757  1.0297  4.1502
  5.1971  1.3887  0.5776  1.5221 10.0065
  6.7127  2.9777  0.1940  1.2291 25.6306
  5.3406  1.1617  0.2515  0.8369  8.0058
  5.3008  1.5144  0.1510  0.6566 11.1488
  4.7820  1.2124  0.8741  1.4262  8.4452
  4.0389  3.1893  0.0283  2.3707 27.8509
  4.8901  3.4540  0.0932  2.2076 30.6613
  5.2993  2.3762  0.0632  0.9587 19.4651
  5.3744  2.6340  0.0615  2.5639 22.0791
  5.2866  2.7229  0.5989  0.6851 22.9909
  5.2466  3.0327  0.6076  1.3748 26.2050
  4.8394  2.6415  0.2448  0.5306 22.1551
  4.2224  2.1457  0.7010  1.1454 17.1713
  5.9651  1.7065  0.6720  1.2042 12.9349
  5.1346  1.4277  0.9346  0.7766 10.3588
  4.8019  0.5921  0.2172  0.5112  3.4694
  5.7730  1.3648  0.9540  0.3722  9.7924
  4.9423  1.8177  0.6421  0.3154 13.9889
  5.5093  1.6830  0.9251  2.7827 12.7135
  5.9252  2.8526  0.9855  0.6128 24.3289
  5.6232  4.2430  0.2128  2.0694 39.2189
  4.4445  2.4286  0.3573  0.6988 19.9933
  5.4919  3.2009  0.2792  1.4220 27.9730
  5.2147  1.3982  0.4370  0.1385 10.0923
  5.5361  3.3518  0.2733  2.9711 29.5718
  5.7921  1.0029  0.5098  0.5809  6.6628
  5.9959  2.2550  0.4521  0.6997 18.2537
  3.6864  2.2122  0.6403  2.2214 17.8294
  5.2118  1.7151  0.6019  1.2778 13.0161
  4.1414  3.2834  0.0848  1.9113 28.8457
  6.7684  2.6507  0.3225  1.6556 22.2500
  4.0970  1.4041  0.8974  0.7593 10.1456
  5.7048  2.2378  0.6558  2.1376 18.0832
  5.0585  2.5971  0.3735  1.6130 21.7018
  5.4125  1.2461  0.9606  1.8698  8.7395
  5.2493  3.0400  0.7614  1.6225 26.2813
  5.2228  3.1145  0.9933  1.0388 27.0637
  5.4565  4.3229  0.7449  1.9071 40.0981
  5.6572  2.7640  0.6585  2.0303 23.4131
  5.0048  3.6097  0.7436  2.4958 32.3293
  3.8959  1.0385  0.4118  0.4543  6.9594
  4.6015  2.7474  0.4644  1.2021 23.2423
  5.7574  0.8320  0.2213  1.5165  5.2787
  4.1857  3.8190  0.1517  1.9179 34.5883
  5.3408  0.8692  0.9896  0.5014  5.5736
  4.6456  3.4495  0.9692  0.9536 30.6134
  5.9444  4.1181  0.0254  2.0846 37.8481
  4.4205  4.1092  0.2919  2.9454 37.7498
  4.0122  3.5380  0.0469  1.7083 31.5599
  4.7477  3.2142  0.5106  1.8368 28.1138
  4.9769  4.0790  0.2263  1.2305 37.4201
  5.7204  1.9747  0.1363  1.1056 15.4993
  6.0286  0.8927  0.8514  1.7737  5.7621
  5.2652  2.0098  0.7011  1.4903 15.8406
  5.2502  2.9505  0.6866  1.1838 25.3464
  5.1341  1.7850  0.5329  0.2644 13.6774
  4.3003  2.8629  0.0695  0.4042 24.4362
  5.2219  3.1466  0.0490  0.4750 27.4011
  4.3766  2.9643  0.1328  1.6703 25.4909
  5.5570  2.3686  0.3277  0.2479 19.3897
  5.4871  3.5783  0.5115  0.8942 31.9922
  5.3002  0.7286  0.0024  1.3415  4.4774
  5.1448  1.3735  0.0604  0.7811  9.8696
  4.7960  3.8335  0.5650  0.6219 34.7454
  4.8485  1.0878  0.8838  1.8952  7.3748
  4.0286  1.3029  0.4476  1.3947  9.2402
  5.1334  3.8229  0.2864  1.2608 34.6312
  5.2568  1.6353  0.5919  1.5975 12.2675
  4.5449  1.6100  0.0527  2.4251 12.0321
  5.5550  2.8910  0.9262  2.0248 24.7273
  5.2788  1.6469  0.2549  0.9643 12.3761
  5.6021  2.3095  0.0944  1.6787 18.7973
  4.2832  0.9213  0.1844  2.2070  5.9933
  4.9900  4.0437  0.4059  0.2336 37.0338
  4.9432  1.4380  0.5774  1.6461 10.4518
  4.6930  3.4441  0.5286  1.5758 30.5551
  4.7859  4.4802  0.3202  0.2062 41.8378
  5.2235  3.6617  0.7628  0.6368 32.8891
  4.6242  2.2843  0.3584  2.0668 18.5463
  5.3838  2.9883  0.9722  0.9888 25.7407
  5.3346  2.5944  0.4096  1.6449 21.6743
  4.4096  2.5922  0.2757  1.1286 21.6524
  6.0672  1.6703  0.3977  2.2979 12.5944
  5.2891  3.7477  0.3147  2.3763 33.8164
  5.0760  1.3281  0.0119  0.3504  9.4639
  5.6088  2.5311  0.8936  2.1057 21.0297
  5.2210  1.1972  0.5733  0.4328  8.3129
  5.0049  2.8405  0.7691  0.5753 24.2041
  5.2456  1.7443  0.5627  2.3211 13.2919
  5.1035  2.9649  0.7777  0.9963 25.4970
  4.7962  3.1236  0.4244  2.2226 27.1592
  6.1227  1.9405  0.5838  2.5069 15.1678
  5.5034  2.3308  0.4507  0.7367 19.0102
  5.4779  2.3667  0.2609  3.0047 19.3698
  5.4336  1.8840  0.2373  1.5037 14.6233
  5.8831  2.9054  0.2029  1.3754 24.8772
  5.1966  1.7622  0.0921  2.3005 13.4608
  5.3562  1.7332  0.2386  2.2386 13.1870
  4.5371  3.1832  0.1355  1.6294 27.7869
