  4.2447  3.0740  0.9711  1.1793 26.6382
  5.5008  1.5587  0.9723  2.1110 11.5562
  5.6923  2.6869  0.9816  1.9867 22.6205
  5.3543  2.6853  0.9950  0.7721 22.6038
  5.4178  4.2995  0.9921  0.7097 39.8401
  5.2517  2.7402  0.9772  1.2839 23.1681
  5.7857  2.4580  0.9703  1.0070 20.2897
  4.7994  2.9350  0.9726  2.2527 25.1855
  5.3957  2.3657  0.9727  0.6174 19.3604
  3.5498  3.5518  0.9713  0.7548 31.7080
  5.2518  0.8081  0.9897  1.8144  5.0914
  4.4512  1.5080  0.9698  2.0136 11.0903
  5.3218  1.6815  0.9789  2.6205 12.6996
  4.7981  2.0808  0.9806  2.2640 16.5334
  5.4996  1.8292  0.9769  1.7675 14.0986
  5.4485  3.3677  0.9690  2.1270 29.7407
  5.0898  4.1721  0.9969  2.0496 38.4395
  4.8299  3.2490  0.9759  1.4366 28.4813
  5.4263  1.1962  0.9702  2.2669  8.3046
  4.8940  2.4502  0.9947  1.7987 20.2104
  4.6165  4.2202  0.9747  0.5609 38.9676
  4.9912  3.5631  0.9940  1.2809 31.8293
  4.5625  1.8550  0.9896  2.1139 14.3453
  5.6475  3.9967  0.9980  1.8094 36.5208
  5.2030  1.7367  0.9919  2.2813 13.2197
  4.6400  2.2828  0.9819  1.9064 18.5307
  5.3642  1.3020  0.9876  2.2002  9.2320
  5.2129  0.8539  0.9744  1.0874  5.4519
  5.2349  1.4587  0.9907  0.7905 10.6400
  4.8810  2.2394  0.9910  0.3272 18.0987
  4.7738  2.2161  0.9933  1.9457 17.8678
  5.7003  3.0838  0.9943  1.4319 26.7405
  4.8462  1.8005  0.9685  0.7538 13.8251
  5.7008  2.4942  0.9701  2.7328 20.6554
  5.3219  2.7672  0.9980  0.7018 23.4461
  5.0060  2.6185  0.9921  1.6801 21.9202
  5.0485  3.7956  0.9890  1.1272 34.3346
  5.3942  2.2428  0.9687  0.4985 18.1327
  4.7330  2.2853  0.9962  1.4369 18.5559
  4.8218  0.8447  0.9787  1.7799  5.3791
  4.8074  1.4710  0.9845  0.5903 10.7517
  5.5626  2.5197  0.9815  2.2305 20.9144
  5.2691  0.9413  0.9916  1.9675  6.1558
  5.6339  3.0770  0.9896  0.9275 26.6697
  5.4452  2.2247  0.9858  1.6213 17.9533
  4.7201  3.6467  0.9980  1.4510 32.7274
  5.1014  2.1981  0.9889  0.5224 17.6895
  4.9430  0.9408  0.9980  2.3005  6.1517
  4.7394  2.2275  0.9975  0.4699 17.9806
  5.5166  3.6976  0.9921  1.2359 33.2756
  5.4011  1.7681  0.9980  2.1123 13.5174
  5.2277  3.5970  0.9782  2.2105 32.1926
  4.6184  2.8178  0.9772  2.2372 23.9694
  5.4864  1.6436  0.9739  1.4169 12.3450
  5.7934  1.8028  0.9860  0.4827 13.8469
  6.0002  4.4257  0.9978  0.4891 41.2340
  4.2870  3.2253  0.9958  0.8373 28.2306
  5.2830  4.4476  0.9935  2.5351 41.4766
  5.1993  2.6413  0.9980  1.7323 22.1538
  5.3667  1.3044  0.9957  1.2696  9.2535
  5.1917  1.8928  0.9907  1.0567 14.7083
  5.2727  1.5900  0.9911  1.6895 11.8463
  5.7811  1.0890  0.9941  1.3344  7.3852
  6.4484  3.4350  0.9049  2.0845 30.4581
  5.1720  3.6996  0.9726  2.0910 33.2973
  4.9586  2.9363  0.9765  1.8396 25.1986
  5.1261  3.1193  0.9667  0.9092 27.1141
  4.1895  1.7234  0.9980  0.4231 13.0940
  5.6441  3.4848  0.9872  1.0490 30.9899
  4.8784  3.8934  0.9801  0.5803 35.3961
  4.7764  2.0187  0.9840  1.8288 15.9266
  4.5258  3.9639  0.9761  2.4452 36.1634
  5.2924  1.9342  0.9846  1.8928 15.1070
  4.9915  4.3884  0.9867  1.5607 40.8220
  5.0064  2.0131  0.9980  1.2922 15.8722
  6.0105  2.8430  0.9814  2.3789 24.2299
  5.2574  1.0484  0.9709  1.6312  7.0428
  5.0778  2.8117  0.9912  1.9993 23.9064
  6.2699  2.0056  0.9902  1.1056 15.7997
  4.3328  2.8443  0.9758  1.3841 24.2432
  5.1150  1.8013  0.9929  0.2104 13.8329
  3.7386  2.7766  0.9715  1.4204 23.5433
  5.1166  2.5782  0.9818  0.8173 21.5091
  5.3072  2.5512  0.9856  0.4427 21.2340
  4.9222  1.1785  0.9748  0.5295  8.1515
  5.0177  4.0258  0.9969  0.8329 36.8378
  5.7752  3.8574  0.9674  2.1182 35.0046
  5.3592  2.1156  0.9743  1.4138 16.8756
  4.4885  1.7017  0.9677  1.3130 12.8892
  5.4095  3.3813  0.9822  1.6994 29.8852
  4.7493  2.2324  0.9723  1.8402 18.0299
  5.3667  2.4971  0.9897  0.7992 20.6848
  5.2231  3.6853  0.9772  1.6862 33.1435
  4.2275  3.8862  0.9752  1.2917 35.3177
  5.3986  4.4742  0.9788  1.1627 41.7712
  5.9810  2.5403  0.9964  0.5256 21.1235
  5.0890  2.4720  0.9936  1.6797 20.4309
  5.2209  1.7278  0.9694  1.1622 13.1359
  5.0826  4.1798  0.9743  1.2448 38.5246
  5.1773  2.5367  0.9829  1.4585 21.0868
  5.7036  4.1766  0.9716  1.7037 38.4893
  5.5619  2.3561  0.9824  2.0613 19.2641
  4.5162  2.7824  0.9815  0.6331 23.6035
  5.3898  1.7228  0.9884  2.4692 13.0884
  5.4038  2.3024  0.9980  1.6651 18.7264
  4.8531  1.6325  0.9850  1.2571 12.2414
  5.4466  2.0570  0.9824  2.7291 16.3012
  4.1575  2.3700  0.9686  1.7165 19.4036
  5.9254  3.5750  0.9890  1.8432 31.9565
  5.5266  1.8676  0.9821  0.3669 14.4658
  5.5174  3.6197  0.9912  1.7871 32.4367
  5.5790  2.4235  0.9761  2.9228 19.9414
  5.8342  4.3707  0.9839  1.3163 40.6259
  6.1617  2.5107  0.9924  1.1769 20.8230
  4.5656  2.1564  0.9809  2.0177 17.2773
  5.8301  3.8336  0.9896  1.3385 34.7464
  4.9707  3.4556  0.9766  0.9224 30.6779
  5.0461  0.4204  0.9946  1.1340  2.2931
  5.2718  1.6558  0.9901  0.5787 12.4591
  5.1688  3.0269  0.9935  1.0463 26.1441
  4.3808  2.9921  0.9705  2.4879 25.7806
  5.4867  1.3170  0.9980  1.8981  9.3660
  4.9813  3.6584  0.9685  0.2613 32.8537
  4.0183  0.6566  0.9731  2.2739  3.9381
  4.9857  1.7197  0.9726  0.8324 13.0596
  5.8189  2.0265  0.9855  1.9195 16.0028
  4.7452  0.8812  0.9690  0.4814  5.6702
  4.5688  0.4468  0.9824  0.3170  2.4666
  4.8545  3.8031  0.9810  1.1699 34.4158
  5.5834  3.6787  0.9734  1.4763 33.0719
  5.6792  3.8113  0.9752  1.2291 34.5048
  4.7334  3.5799  0.9775  1.6063 32.0085
  4.8335  0.5881  0.9903  1.1859  3.4402
  5.2498  1.6924  0.9770  1.7841 12.8020
  6.5006  3.9614  0.9033  1.3697 36.1354
  5.2316  3.2325  0.9956  1.1849 28.3076
  4.5483  0.9224  0.9697  2.4298  6.0020
  3.9115  2.4747  0.9728  0.5648 20.4582
  4.3868  1.8646  0.9935  1.4441 14.4373
  5.1184  2.4372  0.9794  0.8910 20.0794
  5.2893  3.6117  0.9756  1.2997 32.3510
  5.4934  4.4234  0.9695  0.5196 41.2090
  5.2404  0.8075  0.9778  0.1820  5.0866
  5.3066  3.2799  0.9710  2.4670 28.8091
  4.9218  1.9489  0.9777  0.7236 15.2493
  5.3322  1.5396  0.9941  0.8049 11.3804
  5.1409  2.2564  0.9895  0.3495 18.2679
  5.1129  2.6093  0.9892  2.2082 21.8259
  5.5501  1.5530  0.9678  0.6462 11.5039
  5.1607  3.0757  0.9935  1.1801 26.6563
  6.0046  0.8966  0.9980  2.2273  5.7937
  5.1988  2.3294  0.9687  0.5629 18.9962
  4.6942  3.5998  0.9688  0.1058 32.2228
  5.2033  2.4330  0.9875  0.4161 20.0370
  5.2062  1.0883  0.9821  0.7291  7.3786
  5.2854  4.0398  0.9772  0.2222 36.9910
  5.6930  3.1144  0.9700  1.3706 27.0622
  4.5519  1.7965  0.9903  1.7775 13.7864
  5.8951  0.8334  0.9765  1.0453  5.2902
  5.0667  1.9295  0.9705  0.3792 15.0616
  4.1999  3.0735  0.9826  0.4736 26.6325
  4.8221  3.7820  0.9914  1.3584 34.1873
  5.2798  2.8305  0.9980  1.1338 24.1009
  4.6533  3.7484  0.9978  1.5289 33.8238
  5.7927  1.2701  0.9829  1.5915  8.9504
  5.2195  4.1597  0.9796  0.7661 38.3040
  4.2992  3.3103  0.9962  0.6129 29.1308
  4.9085  1.5042  0.9980  1.7335 11.0556
  4.8135  4.2739  0.9831  1.8372 39.5587
  5.1891  2.6733  0.9746  2.7521 22.4812
  6.0934  0.9981  0.9770  1.8358  6.6227
  5.5040  2.1798  0.9876  2.0152 17.5081
  4.7480  1.8165  0.9863  1.6938 13.9772
  4.3234  3.2283  0.9813  1.2012 28.2631
  4.9265  1.3590  0.9909  2.6553  9.7403
  5.4233  1.5177  0.9850  1.9039 11.1786
  5.1877  0.7031  0.9713  2.9149  4.2846
  6.3258  4.3829  0.9356  2.1278 40.7606
  5.2129  1.3892  0.9833  1.3585 10.0108
