  4.8584  2.2107  0.9280  0.6179 17.8144
  6.7238  4.0810  0.2058  1.0332 37.4416
  5.3670  1.3766  0.3384  0.8853  9.8974
  3.7594  2.1883  0.4980  0.8752 17.5919
  4.3017  4.1225  0.7639  0.2692 37.8958
  4.2225  2.3458  0.8077  1.5656 19.1606
  6.1524  2.3232  0.9434  2.1934 18.9339
  5.4520  1.1979  0.8780  2.0392  8.3195
  4.1141  0.5288  0.4746  2.6011  3.0228
  4.2222  3.1012  0.7710  1.9678 26.9239
  4.8264  3.4961  0.0285  0.6053 31.1114
  5.1912  1.4830  0.2003  1.4698 10.8615
  5.1232  1.2063  0.5472  1.9334  8.3919
  5.9206  3.2585  0.1845  1.1680 28.5826
  4.7876  3.6788  0.4144  1.0694 33.0735
  5.1046  1.7041  0.6722  1.7127 12.9118
  5.2280  3.8051  0.3193  1.7673 34.4375
  5.3375  2.8051  0.9305  1.0046 23.8378
  6.2928  3.0110  0.4433  2.2669 25.9782
  3.8648  2.4968  0.4709  0.1371 20.6818
  5.0174  1.5497  0.3489  0.2272 11.4731
  4.5344  2.5004  0.9079  0.9579 20.7188
  5.0832  2.8226  0.2294  1.1162 24.0186
  5.8969  4.4263  0.6978  0.9765 41.2401
  5.4465  1.8030  0.2265  1.5917 13.8486
  4.9592  3.9815  0.6783  2.6466 36.3548
  4.6484  3.7576  0.9437  0.7275 33.9241
  4.0968  2.2413  0.8571  0.5373 18.1181
  4.1926  1.0467  0.4592  1.2497  7.0284
  4.1801  1.5766  0.0827  1.4649 11.7220
  6.8255  3.0180  0.5411  0.5735 26.0520
  5.3539  2.0116  0.5092  0.1996 15.8579
  5.2038  1.0039  0.9745  2.3925  6.6713
  4.8677  4.0333  0.7011  2.3185 36.9205
  5.2455  4.4427  0.8174  0.4219 41.4225
  4.4614  2.1853  0.2216  1.2001 17.5629
  4.7448  2.7462  0.1195  1.9301 23.2301
  5.7235  2.0191  0.2580  1.8039 15.9312
  6.5982  1.5075  0.0049  2.5527 11.0856
  3.5963  2.9406  0.4495  1.0397 25.2431
  4.6513  2.1093  0.1007  1.4246 16.8138
  4.0556  2.6535  0.7737  1.1929 22.2787
  6.5649  2.7917  0.2193  1.8991 23.6991
  5.6901  1.1779  0.0242  1.1647  8.1458
  4.7358  1.8245  0.7058  2.0378 14.0540
  4.4054  3.7373  0.1709  1.8328 33.7042
  4.9835  3.5353  0.7308  2.5679 31.5306
  4.3881  3.0117  0.5283  0.8555 25.9855
  5.2494  2.4027  0.3519  1.7109 19.7323
  5.0917  3.1470  0.5549  2.5204 27.4053
  4.1981  0.9090  0.6274  2.7952  5.8940
  4.7049  2.4582  0.6887  0.2998 20.2912
  5.2343  2.3458  0.7065  2.3783 19.1603
  4.8830  1.7036  0.2805  1.0297 12.9071
  5.6419  1.0597  0.1641  0.5282  7.1372
  5.2743  3.1072  0.4960  2.1892 26.9860
  5.3798  1.2695  0.1404  0.6651  8.9458
  5.5698  2.2287  0.4446  0.7238 17.9926
  5.0798  2.3671  0.9030  1.4721 19.3742
  5.2340  1.6535  0.6043  1.5666 12.4377
  5.0141  1.6523  0.6405  1.4203 12.4262
  5.3138  1.4475  0.8055  2.6254 10.5375
  6.2324  2.9625  0.8165  0.8548 25.4719
  3.8189  1.6899  0.3146  0.2694 12.7782
  5.4640  3.9914  0.3328  0.8340 36.4625
  3.5086  0.7770  0.2245  2.1039  4.8492
  4.1458  3.3037  0.6494  2.2392 29.0612
  4.9566  0.6447  0.3986  0.6262  3.8510
  5.2127  2.8548  0.2548  2.1597 24.3526
  5.2052  3.5886  0.2287  0.7350 32.1024
  5.8668  0.8198  0.3322  2.4969  5.1824
  5.0357  1.0395  0.4808  1.5264  6.9678
  3.7976  2.9102  0.1599  1.0633 24.9277
  5.1656  3.0151  0.8749  0.4471 26.0212
  5.1836  2.2075  0.0390  2.6429 17.7822
  5.9183  1.1778  0.1048  2.3448  8.1455
  6.0470  4.2921  0.5016  1.1822 39.7592
  5.0294  2.5687  0.1223  1.2679 21.4125
  5.4644  1.2447  0.4842  0.5203  8.7275
  5.6054  1.5040  0.2763  2.4080 11.0532
  5.5588  3.8104  0.7030  0.7795 34.4953
  5.6793  1.7436  0.8627  1.5434 13.2851
  6.3611  1.7443  0.5332  1.2581 13.2918
  4.9309  3.1491  0.5031  0.6096 27.4271
  5.5232  1.8417  0.0498  1.0574 14.2177
  5.6991  2.2814  0.5858  1.2873 18.5169
  4.3386  1.1007  0.2022  1.4379  7.4846
  5.9592  3.1785  0.7590  1.0436 27.7372
  4.2102  2.5572  0.7271  0.5013 21.2957
  5.1265  2.7143  0.8352  0.5817 22.9021
  5.1915  0.5933  0.6621  0.8349  3.4775
  5.4835  0.8042  0.8299  1.6852  5.0601
  4.5039  3.1685  0.2575  0.8349 27.6315
  4.4863  2.4700  0.7582  2.2692 20.4108
  4.7757  3.9122  0.2246  2.3658 35.6007
  5.0382  0.9364  0.1101  0.7039  6.1157
  5.0577  3.4423  0.8286  0.6718 30.5364
  5.3088  2.3609  0.7187  0.2858 19.3121
  5.9990  3.2957  0.7286  1.7176 28.9761
  4.6966  4.3080  0.4704  2.3319 39.9339
  5.3148  3.4213  0.4514  0.5661 30.3114
  5.7842  3.2374  0.9872  1.1835 28.3590
  5.0924  1.3316  0.6754  1.5963  9.4954
  3.8227  2.7305  0.6325  1.4149 23.0690
  5.2184  0.9074  0.8898  0.9347  5.8809
  5.1054  3.4166  0.0133  1.6794 30.2613
  5.1283  2.9400  0.2603  2.6036 25.2379
  5.4083  3.4952  0.6199  0.5433 31.1018
  4.4504  3.1345  0.7123  0.7631 27.2734
  5.3687  1.1349  0.7190  2.6111  7.7761
  4.6052  3.1403  0.5630  2.0204 27.3345
  5.2013  2.7862  0.4954  0.7106 23.6423
  4.9149  2.9504  0.6696  1.4648 25.3461
  5.3497  3.4850  0.5943  0.1760 30.9922
  4.5559  1.3472  0.4673  0.9808  9.6343
  4.3390  2.4017  0.6464  1.1087 19.7222
  4.6589  3.7579  0.5516  1.1613 33.9271
  4.9008  3.4008  0.6887  0.6295 30.0938
  5.4842  2.0704  0.3864  2.9879 16.4321
  5.0842  3.4549  0.2885  2.4980 30.6707
  6.1225  4.2748  0.9861  1.9890 39.5691
  5.3098  4.1344  0.6872  0.9307 38.0264
  4.8434  2.2883  0.2630  0.6618 18.5855
  5.2300  1.5253  0.7531  0.7161 11.2488
  5.1116  2.0372  0.4795  0.6721 16.1071
  5.1010  3.9127  0.4841  1.4577 35.6059
  3.6482  0.2611  0.4909  0.6161  1.3140
  5.2221  3.2194  0.8158  0.4595 28.1690
  4.9031  1.5702  0.6098  1.2185 11.6627
  4.0526  3.8591  0.4702  0.1571 35.0235
  5.8634  3.2040  0.8575  2.1516 28.0060
  5.1367  2.8452  0.7454  0.5661 24.2531
  4.9219  4.3281  0.6736  1.5531 40.1564
  4.9079  3.8016  0.7649  0.5071 34.3998
  6.4861  3.1384  0.2128  2.1273 27.3141
  5.1931  2.0237  0.4636  0.4276 15.9763
  6.1509  3.2486  0.4352  2.4312 28.4770
  3.7408  2.4853  0.1351  1.8712 20.5660
  5.5545  2.4585  0.0097  2.3873 20.2943
  4.1351  0.8452  0.3581  0.5006  5.3831
  4.6693  3.0067  0.5666  1.0458 25.9335
  6.2314  3.1921  0.7526  0.1636 27.8802
  5.8430  3.1316  0.5925  2.6398 27.2431
  6.3681  3.7890  0.6032  1.0884 34.2635
  3.8552  0.5034  0.7702  1.0000  2.8474
  5.2771  3.2063  0.3278  2.7751 28.0298
  6.1280  3.1368  0.8886  1.0155 27.2977
  4.7823  3.5598  0.7603  0.8204 31.7938
  5.7825  4.0065  0.4471  1.6516 36.6278
  5.9507  0.9569  0.2660  1.4934  6.2839
  5.5380  0.8880  0.0181  1.7957  5.7247
  5.4748  2.6745  0.1692  1.1412 22.4935
  5.3313  4.3079  0.0848  0.8523 39.9332
  4.5942  3.2200  0.7090  0.8687 28.1749
  5.0129  3.0133  0.5593  1.3879 26.0022
  6.7282  3.3502  0.0621  1.2192 29.5547
  6.6233  1.8523  0.2536  2.0459 14.3200
  6.0884  1.5347  0.7840  2.0603 11.3351
  5.5965  0.5083  0.9444  0.7906  2.8814
  3.9837  3.9987  0.2220  0.2530 36.5425
  5.1841  3.0006  0.9226  2.0646 25.8700
  4.7411  1.7560  0.6970  0.3639 13.4023
  5.4362  1.2636  0.0834  2.4951  8.8933
  5.0409  1.9923  0.8125  1.0970 15.6702
  5.1583  1.8963  0.3507  2.3817 14.7416
  5.2600  1.6355  0.5752  2.8279 12.2691
  5.3360  4.0183  0.5007  1.5471 36.7563
  4.7252  4.2400  0.4355  1.6635 39.1859
  5.0009  2.1595  0.6135  1.1818 17.3082
  5.1896  2.4350  0.8557  1.9899 20.0575
  4.6910  3.1520  0.4417  0.8918 27.4581
  6.6033  3.9461  0.9960  1.4317 35.9692
  5.7762  3.6991  0.7847  1.6147 33.2914
  4.4736  1.4869  0.2010  0.6001 10.8967
  5.7226  2.6910  0.7092  0.6349 22.6628
  4.1590  3.4647  0.4677  1.7586 30.7750
  5.7110  2.7491  0.6493  2.1037 23.2596
  5.3396  1.3597  0.6850  2.0265  9.7459
  5.5062  2.8129  0.7560  1.7917 23.9182
  3.8046  3.9972  0.1418  1.9009 36.5256
  5.4679  3.3653  0.8886  2.8115 29.7159
  5.1880  1.5754  0.7084  1.2807 11.7110
  5.9053  3.1126  0.7021  1.3288 27.0431
  4.0261  1.4786  0.6319  1.0923 10.8207
  5.1484  2.1541  0.2939  0.9918 17.2545
  4.7454  2.7285  0.3875  1.5449 23.0480
  5.2534  3.2608  0.1475  0.8003 28.6064
  5.1230  1.6413  0.3375  2.7427 12.3230
  5.4096  3.0665  0.1155  1.2590 26.5596
  5.1793  1.2824  0.8163  0.9805  9.0587
  5.0727  3.9396  0.9007  1.0497 35.8981
  5.1656  1.5042  0.0548  1.0563 11.0551
  3.6769  2.9444  0.0743  0.9697 25.2827
  4.9780  2.4848  0.2782  0.4990 20.5604
  4.9498  0.5123  0.3638  1.1371  2.9089
  5.8715  4.3120  0.8506  2.6209 39.9781
  5.3108  2.1273  0.0014  1.9091 16.9900
  5.2338  4.0709  0.1747  2.3523 37.3313
  6.4770  3.5801  0.3799  0.1926 32.0117
  3.9860  3.1029  0.1099  0.7348 26.9411
  5.1564  1.8322  0.8722  1.1876 14.1277
  6.6522  4.0633  0.6402  0.7078 37.2482
  4.9502  1.4211  0.3837  0.9713 10.2988
  4.5619  2.8038  0.4542  1.3493 23.8248
  4.5257  2.2967  0.4782  0.7574 18.6696
  4.5076  3.9617  0.3752  2.3384 36.1389
  4.8204  2.9198  0.6895  1.1098 25.0269
  5.5715  1.8248  0.8935  0.5348 14.0568
  4.7836  2.9029  0.6272  0.8110 24.8515
  4.9659  1.1103  0.4202  0.8577  7.5659
  4.3033  2.7490  0.3342  1.6296 23.2591
  5.0823  3.6134  0.3848  2.5282 32.3693
  4.9095  1.7404  0.3337  1.3478 13.2547
  4.5277  3.0458  0.6074  0.9659 26.3423
  4.7766  2.0380  0.6828  1.2080 16.1157
  5.0354  2.4042  0.4116  1.5208 19.7474
  3.9063  0.7474  0.5953  0.1778  4.6209
  4.7182  4.4018  0.5522  1.4278 40.9698
  5.3878  1.0020  0.7188  1.1115  6.6556
  5.0227  2.7736  0.0975  2.1858 23.5123
  4.9003  4.4359  0.2540  0.7678 41.3470
  5.1020  2.4056  0.9242  0.8316 19.7607
  4.8924  2.2411  0.4586  1.0196 18.1162
  4.6636  2.9516  0.1149  0.9089 25.3582
  5.6199  1.1778  0.7867  0.9692  8.1450
  5.3329  3.3985  0.2834  1.6198 30.0685
  5.3479  2.3079  0.4635  1.9386 18.7818
  5.0731  1.4911  0.7012  0.8901 10.9352
  5.4672  2.1752  0.5675  2.0012 17.4629
  4.5399  2.8490  0.9781  2.4552 24.2924
  5.1192  1.9846  0.4191  1.2679 15.5954
  5.1804  3.7245  0.7898  2.0955 33.5661
  5.4998  2.4262  0.7648  0.8169 19.9682
  6.4598  3.1932  0.1614  0.5927 27.8923
  5.8444  2.0153  0.7995  1.6740 15.8939
  5.0744  2.0603  0.9506  1.5727 16.3336
  4.9351  1.3792  0.9945  0.4603  9.9208
  5.9577  0.7568  0.2337  1.4753  4.6935
  5.4255  0.9097  0.6963  0.6382  5.8996
  6.6712  2.0480  0.8817  2.1168 16.2130
  5.2443  1.1417  0.7471  0.6542  7.8340
  4.5007  1.6458  0.1486  0.8611 12.3657
  4.8471  1.2242  0.4940  0.9030  8.5481
  4.9537  3.5286  0.6483  1.8465 31.4594
  5.5097  3.0432  0.8130  1.5215 26.3154
  5.2158  1.6316  0.6474  0.0402 12.2330
  3.9078  2.6710  0.1321  2.3681 22.4571
  4.3795  2.8144  0.0336  2.2244 23.9339
  5.0878  2.0371  0.8541  0.3734 16.1068
  5.2106  4.0972  0.1474  0.9719 37.6193
  6.1560  3.3181  0.4673  1.4743 29.2136
  4.4488  1.6247  0.6292  1.6364 12.1682
  5.5539  4.1460  0.9075  2.6766 38.1534
  4.9026  4.3423  0.7547  0.2334 40.3125
  5.4474  1.4673  0.7788  0.0768 10.7182
  5.0064  3.1338  0.1585  0.8580 27.2660
  5.3911  2.4029  0.1134  1.0736 19.7345
  5.0547  2.3618  0.1736  1.9568 19.3207
  5.3735  0.7888  0.5481  0.7141  4.9402
  4.7537  4.1181  0.0880  0.8895 37.8481
  5.3801  2.1557  0.4940  1.5524 17.2705
  5.3979  1.8496  0.6187  1.0264 14.2941
  5.2432  3.6065  0.2789  1.1772 32.2949
  5.3020  2.1637  0.5548  1.3536 17.3494
  4.8542  4.1662  0.8528  2.0983 38.3755
  5.7020  2.5481  0.5472  0.0598 21.2025
  5.3936  2.3953  0.8106  1.8022 19.6579
  4.5969  2.8524  0.2801  1.1407 24.3273
  4.9355  1.8151  0.7464  1.2129 13.9637
  4.9407  4.1864  0.4456  2.1516 38.5967
  5.2727  3.4061  0.1740  0.5477 30.1496
  4.8482  1.5476  0.2566  0.6156 11.4543
  4.7518  2.0310  0.8857  0.8065 16.0474
  3.5259  4.1712  0.3736  1.3084 38.4293
  5.1449  4.1699  0.6677  1.8495 38.4160
  5.6647  3.0131  0.0157  0.7805 26.0006
  5.2800  1.6902  0.5666  0.4626 12.7816
  5.1105  1.2670  0.5689  0.7004  8.9232
  4.8054  0.8637  0.8952  1.8709  5.5303
  5.2764  2.6225  0.2320  2.5782 21.9616
  3.9261  3.5719  0.5232  1.6234 31.9234
  6.0807  1.3347  0.0306  3.0492  9.5234
  3.8823  4.0841  0.4423  0.7136 37.4758
  5.1615  3.0933  0.2267  1.3048 26.8404
  3.5047  2.3326  0.9412  1.1831 19.0283
  5.4042  1.6347  0.2229  2.6279 12.2617
  4.9137  3.3349  0.6895  1.7456 29.3924
  4.0814  4.3724  0.5198  1.3525 40.6448
  3.9745  1.6568  0.9143  2.5470 12.4680
  4.7892  1.4743  0.8111  2.0976 10.7817
  6.5480  3.0327  0.7938  1.0924 26.2048
  6.4715  2.7337  0.6863  2.4295 23.1019
  4.3078  2.7071  0.2398  0.5853 22.8284
  4.6233  4.3554  0.3308  2.2655 40.4568
  4.7039  1.0193  0.3588  0.4175  6.7987
  5.5430  2.0544  0.6604  2.1050 16.2752
  5.0320  1.6406  0.7023  1.0071 12.3172
  3.7297  4.2359  0.2371  1.5281 39.1405
  4.7874  1.5363  0.7494  0.8580 11.3498
  4.5639  3.3166  0.9195  0.5518 29.1981
  6.2428  2.6560  0.5348  1.7053 22.3039
  5.0025  1.1836  0.8762  1.4121  8.1955
  4.6857  1.8109  0.1754  1.9541 13.9237
  4.2051  1.5190  0.6362  1.0028 11.1908
  5.1261  3.1754  0.1530  2.8530 27.7038
  4.7907  1.3929  0.6381  1.0364 10.0442
  4.4364  0.8968  0.5713  1.4739  5.7956
  4.6099  1.4286  0.0873  1.9030 10.3662
  4.9614  0.9371  0.0224  1.5855  6.1214
  6.7723  1.8795  0.3278  2.6033 14.5807
  5.5388  4.2063  0.0710  2.7273 38.8157
  6.9728  2.5548  0.4134  2.1056 21.2710
  4.8064  3.3810  0.3507  1.7759 29.8829
  5.2719  1.3022  0.3757  0.7895  9.2342
  5.6625  1.2248  0.0165  1.9674  8.5539
  4.3092  1.4846  0.5826  1.3133 10.8758
  5.2772  3.2322  0.5922  0.6882 28.3040
  5.2293  0.6266  0.2109  2.1569  3.7183
  5.1573  1.7445  0.2497  1.3666 13.2938
  5.5873  3.5576  0.1706  0.9646 31.7696
  5.3537  2.1797  0.2749  1.7466 17.5074
  4.6641  2.1126  0.6895  0.9302 16.8460
  4.8347  3.8803  0.4368  2.4748 35.2532
  5.2650  1.8540  0.3655  0.5099 14.3354
  5.5368  3.2654  0.1153  0.6733 28.6552
  4.3865  0.9320  0.2466  1.8448  6.0803
  5.2177  1.8796  0.4190  0.3234 14.5811
  5.3169  2.5354  0.1240  1.0301 21.0743
  5.2034  4.2451  0.1309  0.7922 39.2417
  3.9339  0.6526  0.8728  1.1357  3.9085
  4.0962  3.9863  0.1012  0.7643 36.4073
  5.2423  2.9521  0.2845  1.2663 25.3637
  6.1910  2.3040  0.9590  2.6667 18.7423
  3.8244  2.7301  0.5142  2.2235 23.0643
  4.7729  3.0657  0.1657  0.7654 26.5511
  5.4894  1.3678  0.3002  2.0172  9.8188
  5.7799  3.6390  0.7036  1.8085 32.6443
  5.7751  0.9881  0.7931  2.5724  6.5402
  5.2655  1.7242  0.2089  2.6262 13.1014
  5.4648  0.7952  0.3474  0.1284  4.9900
  4.7420  3.1051  0.0134  1.8377 26.9641
  5.2190  1.0039  0.8243  0.4875  6.6707
  6.1613  3.2173  0.4454  1.3532 28.1463
  5.1291  0.9526  0.4046  0.3214  6.2481
  4.4258  0.5300  0.6355  1.3292  3.0306
  5.2967  4.0584  0.1585  2.1394 37.1943
  5.1051  3.3226  0.3600  1.3220 29.2615
  5.3415  2.3052  0.8948  1.4707 18.7549
  5.2385  1.8736  0.9115  0.8044 14.5233
  5.4484  1.8030  0.7815  2.6144 13.8486
  5.7744  2.3493  0.0123  1.7712 19.1954
  5.9542  3.4468  0.6897  1.6383 30.5835
  4.7581  3.7507  0.9131  1.1849 33.8489
  4.8296  2.7761  0.6507  1.9339 23.5388
  4.9268  4.4156  0.1663  2.2515 41.1218
  5.0638  2.6317  0.6039  0.8330 22.0554
  6.1791  4.3481  0.5848  2.4421 40.3764
  5.4055  1.7220  0.4918  0.3268 13.0805
  4.7438  3.0531  0.6157  0.5851 26.4185
  4.8696  0.6621  0.2483  1.6870  3.9789
  6.3883  4.2294  0.9907  1.5613 39.0695
  5.0799  2.8277  0.2933  2.6651 24.0718
  5.5216  3.5821  0.0439  2.1547 32.0325
  5.4070  3.2491  0.3746  0.6273 28.4830
  4.8665  1.9795  0.7612  1.4851 15.5463
  5.5939  4.4909  0.0526  1.6858 41.9563
  4.9289  2.5909  0.7787  1.6026 21.6390
  5.3094  1.4561  0.2660  1.1391 10.6166
  4.5588  1.2620  0.0307  0.7028  8.8796
  3.6733  3.6069  0.7067  1.3924 32.2988
  4.7696  1.7444  0.1099  3.0373 13.2922
  3.8130  1.6394  0.0918  0.9512 12.3060
  6.8020  3.1546  0.3893  1.1252 27.4848
  4.0393  1.4880  0.9730  0.7586 10.9073
  5.8273  2.7895  0.2418  1.6632 23.6769
  4.7917  1.7588  0.0301  2.1667 13.4284
  3.9588  3.6878  0.4475  1.7137 33.1704
  5.0566  3.1248  0.0776  0.7003 27.1717
  5.4669  1.8073  0.8919  0.2111 13.8893
  6.3752  2.9587  0.7740  1.6188 25.4318
  6.2820  2.2684  0.7701  2.7496 18.3879
  4.4735  3.7383  0.6957  1.2125 33.7152
  4.5791  2.7628  0.0329  0.6520 23.4017
  5.3137  0.6988  0.3085  1.8981  4.2522
  5.2147  2.9112  0.1012  0.3131 24.9373
  5.0523  1.4651  0.5267  2.4795 10.6978
  5.8666  2.8094  0.5627  1.1162 23.8826
  5.1363  3.7700  0.9372  1.9749 34.0576
  5.1021  3.4126  0.4816  2.1878 30.2187
  5.1232  3.1019  0.9268  2.2355 26.9306
  4.8059  0.6082  0.2698  0.4374  3.5851
  4.8553  2.6435  0.9827  0.5792 22.1764
  4.8041  3.4139  0.4193  0.9922 30.2326
  4.1160  2.8532  0.1434  0.5060 24.3357
  4.6347  3.8816  0.6913  2.1579 35.2672
  6.1894  1.7194  0.7418  1.9423 13.0564
  5.2021  1.6935  0.5613  0.8457 12.8123
  4.9501  2.8436  0.5075  1.9157 24.2358
  5.2553  0.4917  0.4544  1.9622  2.7678
  5.4220  0.6656  0.2073  2.0772  4.0048
  5.2489  1.1272  0.6594  2.8688  7.7102
  5.3210  4.4776  0.8460  2.4331 41.8090
  4.2886  2.1118  0.4101  2.6425 16.8380
  5.4134  1.4034  0.3987  2.5876 10.1386
  5.3942  1.9446  0.4556  1.7887 15.2083
  5.1143  1.1998  0.4076  0.7957  8.3361
  6.5170  4.3042  0.9303  2.1628 39.8922
  5.4571  2.0753  0.9517  1.7202 16.4795
  5.2746  2.6397  0.0315  0.8117 22.1369
  5.6358  1.8669  0.1491  1.0150 14.4591
  5.2554  1.7343  0.1834  1.9936 13.1967
  3.5468  0.7984  0.4348  2.1735  5.0152
  4.6487  1.7737  0.9131  1.4841 13.5701
  5.1978  1.0079  0.2584  2.3459  6.7045
  4.7472  3.4719  0.6833  0.4868 30.8525
  4.0445  1.5443  0.8406  1.8718 11.4233
  5.2803  2.6645  0.7996  0.4030 22.3912
  5.2127  1.7759  0.7228  0.8916 13.5914
  4.7678  4.1360  0.8961  1.8802 38.0443
  5.0489  2.8351  0.4654  0.7066 24.1478
  5.8369  1.9568  0.8172  0.1095 15.3259
  4.7397  3.1984  0.5744  1.6844 27.9473
  4.5026  2.4240  0.0936  1.0344 19.9467
  4.6149  3.7333  0.7815  1.5096 33.6611
  5.2304  2.3817  0.1830  1.1593 19.5206
  6.2739  3.7501  0.0586  1.9574 33.8422
  5.4699  2.3012  0.2812  2.0965 18.7144
  4.9364  1.8981  0.0317  0.8100 14.7592
  5.3250  3.1702  0.7971  0.8100 27.6498
  5.9918  3.3420  0.8166  1.1721 29.4682
  6.7227  2.8520  0.1984  1.0535 24.3233
  4.9431  2.7941  0.0850  1.7724 23.7242
  5.4070  1.9888  0.7304  1.9484 15.6366
  4.9517  1.3328  0.1958  2.2948  9.5060
  4.4105  4.1997  0.4161  1.1426 38.7425
  5.3513  1.0050  0.6369  1.3581  6.6802
  4.6184  4.2518  0.9528  1.4887 39.3159
  6.5763  3.3812  0.1938  0.4868 29.8851
  5.7534  0.8666  0.4559  1.9338  5.5536
  5.9235  3.4376  0.7258  0.7244 30.4857
  4.3693  2.1371  0.0045  0.9203 17.0871
  4.9489  3.9441  0.6539  2.5594 35.9477
  5.2029  2.8554  0.0431  1.9569 24.3583
  5.3543  1.4891  0.0160  1.9989 10.9171
  6.1208  4.1039  0.0612  0.9252 37.6923
  4.5114  3.1775  0.1180  1.4843 27.7260
  4.2539  4.1887  0.2460  1.7436 38.6219
  5.0897  2.3274  0.7034  2.1246 18.9765
  4.7828  4.2091  0.3086  1.3265 38.8460
  5.1271  3.7787  0.6556  1.7541 34.1515
  5.5972  1.0378  0.2348  1.2562  6.9532
  5.2616  1.6461  0.2066  1.1501 12.3679
  3.9177  2.0670  0.4300  1.0904 16.3987
  5.4394  2.9869  0.4752  1.6572 25.7261
  4.4377  1.9254  0.6113  2.1114 15.0227
  5.0523  4.0580  0.2582  0.6815 37.1897
  5.2249  3.8063  0.0727  2.7021 34.4510
  4.7098  1.8381  0.1403  1.5743 14.1840
  5.2005  1.5653  0.6324  2.0648 11.6169
  4.5075  1.4758  0.0746  0.9807 10.7953
  3.8768  2.9872  0.5023  0.9802 25.7295
  5.4349  2.3425  0.3742  1.3909 19.1275
  5.3594  0.8076  0.4145  1.1057  5.0869
  5.0672  1.3417  0.1806  1.1077  9.5850
  4.0458  2.0908  0.9572  1.3218 16.6322
  5.6124  1.8270  0.0770  1.0573 14.0772
  5.1235  1.8503  0.9278  0.6850 14.3000
  5.2507  1.4307  0.1319  1.9930 10.3857
  5.0031  3.7772  0.2991  1.8069 34.1358
  4.4942  4.2414  0.2215  1.0975 39.2009
  5.0798  3.4571  0.8207  1.6505 30.6945
  4.7871  3.1466  0.6599  1.4841 27.4004
  5.1775  2.4899  0.9276  1.7763 20.6127
  5.3575  2.7885  0.5394  2.8245 23.6663
  5.6384  1.6222  0.9470  2.9729 12.1454
  4.7244  2.5329  0.2171  1.9493 21.0480
  4.9009  1.6218  0.5835  0.2969 12.1418
  4.3907  3.1816  0.1073  2.2121 27.7696
  4.0336  3.6896  0.7224  2.0436 33.1897
  5.9814  4.4573  0.4480  2.3044 41.5835
  4.7610  2.2619  0.6894  0.6942 18.3228
  4.7682  1.8266  0.1571  2.4224 14.0733
  4.7183  2.1133  0.9004  1.4042 16.8531
  5.4094  2.2428  0.8095  1.6734 18.1329
  4.4242  2.0066  0.4604  2.6328 15.8090
  5.1494  3.2421  0.7932  1.3464 28.4086
  5.2496  2.4788  0.4672  2.5390 20.5003
  5.2585  2.5002  0.3907  2.1507 20.7166
  4.2474  3.7445  0.7565  0.7921 33.7825
  3.8255  3.7435  0.1937  0.8470 33.7714
  5.5321  1.9226  0.4542  0.6953 14.9950
  4.6091  2.3544  0.5147  0.3511 19.2472
  4.8539  3.7955  0.6618  0.9082 34.3335
  4.5656  2.8508  0.0641  1.5187 24.3109
  4.5696  3.4839  0.1934  0.9416 30.9801
  5.3173  2.3096  0.6589  2.5111 18.7983
  5.4340  0.6893  0.1755  0.1519  4.1815
  4.7847  2.9967  0.3944  2.9867 25.8286
  6.0931  0.2011  0.4070  0.6460  0.9772
  4.6837  0.6445  0.6050  2.1994  3.8495
  3.9064  1.8728  0.8437  2.1539 14.5157
  4.4728  2.3073  0.8992  0.2454 18.7754
  5.4620  3.6877  0.2311  1.4017 33.1694
  5.2346  2.3039  0.8786  1.6033 18.7411
  4.4081  2.7638  0.3931  1.4403 23.4116
  5.2096  1.2863  0.9075  0.5624  9.0933
  4.9601  2.7207  0.8426  0.6144 22.9674
  4.9031  2.9010  0.1845  0.3732 24.8320
  5.2151  3.3520  0.6396  2.2822 29.5745
  5.3833  1.7934  0.5479  1.0374 13.7571
  5.2657  1.6407  0.2750  2.2994 12.3174
  5.2239  1.2435  0.9583  0.1584  8.7169
  6.3675  2.6432  0.8613  2.2923 22.1726
  5.1420  1.1115  0.5791  1.3669  7.5758
  6.2040  1.9997  0.1776  1.7244 15.7425
  6.1911  3.8741  0.9854  2.5536 35.1865
  5.6623  2.9739  0.5023  1.0100 25.5906
  5.1425  1.8857  0.1391  1.0286 14.6399
  5.5010  3.3066  0.0580  1.6519 29.0919
  6.9119  1.4254  0.8885  1.0367 10.3373
  5.9660  2.4807  0.5684  2.6832 20.5190
  5.2583  3.3726  0.0827  2.3889 29.7929
  5.0995  1.8209  0.3231  1.8077 14.0194
  4.3562  1.2142  0.2922  0.5824  8.4611
  5.3250  0.5248  0.7168  2.3358  2.9951
  5.2613  3.8618  0.9273  0.9779 35.0525
  5.7355  4.4300  0.9667  1.0974 41.2813
  5.1882  4.4844  0.5033  2.6570 41.8835
  4.6464  3.7516  0.4180  1.6766 33.8590
  4.9332  1.6549  0.1552  0.1230 12.4507
  4.1706  2.7969  0.5050  1.2792 23.7527
  6.1882  1.8600  0.7820  0.3735 14.3929
  5.7181  0.9747  0.4372  0.3991  6.4296
  5.0488  3.1706  0.2257  1.2102 27.6540
  4.3878  2.5277  0.9032  1.4835 20.9955
  4.6698  2.6468  0.9332  1.9013 22.2094
  5.2497  3.6254  0.7192  0.3361 32.4979
  5.0183  2.0636  0.6721  1.2314 16.3654
  5.5847  3.6448  0.7483  1.3251 32.7067
  5.2270  0.6900  0.7636  1.5018  4.1869
  6.5104  2.7359  0.8271  1.8466 23.1245
  5.5915  1.3269  0.5040  0.2800  9.4534
  5.1628  4.3445  0.5852  2.3536 40.3373
  3.5477  2.0694  0.9714  1.4251 16.4217
  5.7854  3.3739  0.5113  0.8322 29.8068
  4.8028  2.5652  0.0990  2.5030 21.3765
  5.2510  2.8828  0.9941  0.1938 24.6431
  5.8638  2.4510  0.6715  1.2158 20.2187
  5.2750  2.2022  0.5652  0.4753 17.7300
  5.0032  2.5849  0.0087  2.0066 21.5773
  4.5625  2.1529  0.5269  2.7232 17.2428
  4.2506  2.0951  0.6084  1.5047 16.6743
  5.5874  2.7984  0.1766  1.6208 23.7684
  5.8688  0.8095  0.5464  0.3755  5.1017
  4.7574  2.5637  0.4140  1.5128 21.3619
  3.6287  0.7191  0.5040  0.3920  4.4058
  5.1219  3.1581  0.6519  1.9359 27.5215
  6.0840  2.0589  0.1058  1.6499 16.3198
  4.7062  3.9897  0.8808  2.0738 36.4439
  3.9403  2.1515  0.0030  1.5915 17.2293
  5.2570  0.9259  0.2522  1.4129  6.0308
  5.5464  2.2306  0.0714  2.3452 18.0112
  3.8087  4.0576  0.4688  1.3023 37.1858
  5.1223  1.1723  0.7603  0.2217  8.0978
  4.8529  1.5634  0.4222  1.7735 11.6000
  5.4779  3.3148  0.6605  2.2653 29.1784
  5.2220  3.6469  0.8192  1.0206 32.7291
  5.3635  2.4554  0.0351  1.4955 20.2631
  3.8869  4.4574  0.5998  1.5344 41.5853
  5.2159  1.8188  0.3595  1.2358 13.9992
  4.7012  4.2972  0.1786  0.5549 39.8156
  5.1512  3.9272  0.2810  1.8777 35.7635
  4.8818  3.9997  0.1716  2.0128 36.5529
  5.2849  3.7758  0.7043  1.4909 34.1206
  4.2387  0.4122  0.2579  1.9291  2.2398
  5.1069  3.8430  0.3279  2.5527 34.8487
  5.0634  2.9839  0.6521  1.1254 25.6952
  5.1820  2.2323  0.8254  1.2641 18.0285
  5.4784  2.3819  0.7636  1.7892 19.5226
  5.2531  3.0512  0.1266  1.3484 26.3989
  5.0914  3.2391  0.2309  0.8215 28.3767
  4.7733  3.3158  0.1965  1.4721 29.1894
  4.7115  1.8415  0.9105  0.4983 14.2164
  4.6983  3.2994  0.1324  1.0915 29.0156
  5.3562  2.5297  0.3815  2.0990 21.0160
  5.1201  1.6025  0.8465  0.3558 11.9618
  5.0462  2.1677  0.1060  1.3927 17.3889
  4.0703  2.0009  0.0395  2.3726 15.7539
  5.3762  2.6306  0.0743  1.4717 22.0444
  5.6681  3.2016  0.2807  0.7898 27.9807
  4.8171  2.0219  0.5789  0.6071 15.9579
  5.3007  4.3485  0.3905  2.3560 40.3808
  5.1871  1.9120  0.1275  2.3243 14.8933
  4.5213  0.8880  0.7951  0.2911  5.7249
  5.4262  1.2084  0.9922  2.0874  8.4104
  5.3876  2.3359  0.4766  2.1797 19.0616
  4.4786  1.2128  0.6410  0.2039  8.4492
  5.0229  2.1411  0.7524  2.1799 17.1265
  5.1592  0.4397  0.9724  1.7652  2.4197
  4.4512  3.7019  0.6046  2.6211 33.3220
  5.4776  4.4631  0.7554  1.8505 41.6475
  4.8217  3.4200  0.0143  2.2513 30.2980
  4.9505  4.0602  0.7334  0.1998 37.2143
  5.6322  2.0713  0.8773  2.3842 16.4407
  3.9527  1.5186  0.8204  2.8823 11.1876
  5.5295  3.6568  0.1638  1.0262 32.8358
  5.0613  2.2046  0.6048  0.8489 17.7534
  4.9404  4.1527  0.3620  2.4813 38.2265
  5.8029  1.9566  0.8428  1.0691 15.3239
  4.6731  0.7218  0.6345  1.0072  4.4258
  5.5829  1.0207  0.2063  1.1252  6.8109
  5.2964  2.7859  0.2639  2.2765 23.6399
  4.8746  2.2334  0.8150  2.5440 18.0397
  5.5676  0.6482  0.5218  2.7523  3.8761
  3.6292  0.6274  0.3961  1.0325  3.7241
  5.4701  1.3559  0.9008  1.6259  9.7125
  4.5154  2.3952  0.6171  0.8120 19.6562
  5.2293  3.1288  0.6045  2.2079 27.2141
  4.4254  1.9023  0.3243  1.4894 14.7995
  3.8038  0.9200  0.4128  2.4214  5.9827
  4.6895  4.0595  0.1214  1.7577 37.2070
  5.2561  2.2060  0.2698  1.2680 17.7673
  4.1400  2.1924  0.2891  1.0161 17.6329
  5.2260  1.5702  0.6224  1.9012 11.6629
  5.5469  3.5579  0.6710  0.4186 31.7725
  4.1715  0.5685  0.3245  1.0635  3.3013
  4.3726  3.5287  0.4273  1.6511 31.4596
  4.7156  3.1929  0.9104  2.6909 27.8885
  5.4160  2.6668  0.8702  1.0405 22.4142
  6.0082  2.7379  0.0150  0.9990 23.1445
  5.2836  0.5983  0.1233  1.0983  3.5137
  5.6486  3.0073  0.9604  1.4556 25.9394
  4.0314  2.9085  0.7111  0.6171 24.9095
  6.4052  3.2341  0.5270  0.3391 28.3241
  4.9907  3.0736  0.5486  0.8276 26.6335
  4.7899  2.7626  0.3881  1.1952 23.3992
  4.9711  1.9764  0.5114  2.0381 15.5159
  5.3788  2.0186  0.3110  1.2152 15.9263
  6.7470  2.4880  0.3299  0.1405 20.5926
  5.1136  1.2947  0.3117  1.5765  9.1679
  5.1360  1.9545  0.5077  0.2432 15.3032
  4.0174  4.3213  0.5009  1.4153 40.0810
  5.2519  2.1448  0.7820  0.9929 17.1631
  5.4508  4.1398  0.9274  1.5917 38.0850
  6.5823  4.1489  0.3235  1.6176 38.1847
  4.9653  4.0893  0.3867  1.1497 37.5326
  5.2331  1.2105  0.8035  1.2597  8.4285
  5.4592  2.1153  0.3572  2.0919 16.8724
  4.8289  1.4600  0.4423  0.4212 10.6514
  5.2031  0.8618  0.2197  2.0047  5.5153
  5.3426  1.9719  0.7501  1.2120 15.4722
  5.2517  4.3830  0.1041  1.5229 40.7616
  5.3572  1.7418  0.8830  1.8826 13.2675
  6.2138  1.1022  0.3722  1.2098  7.4968
  5.2898  4.2917  0.3520  1.3297 39.7550
  5.5981  2.2000  0.3828  1.4220 17.7085
  5.3732  3.2997  0.0902  0.3507 29.0183
  5.4878  3.3790  0.6031  1.5775 29.8608
  5.0449  3.9646  0.8566  2.0311 36.1712
  4.2500  2.7868  0.2830  1.5896 23.6484
  5.3550  1.7790  0.7551  1.8887 13.6205
  6.5995  3.6546  0.8513  0.5419 32.8125
  5.3982  2.3521  0.8636  1.5295 19.2240
  4.4476  3.0211  0.3573  2.5336 26.0839
  5.1460  0.7369  0.4350  0.4537  4.5405
  5.7901  2.2217  0.8637  1.6991 17.9236
  3.6400  2.8066  0.8116  0.7070 23.8538
  5.1259  2.3458  0.8057  2.0569 19.1609
  4.9631  1.2802  0.2348  0.7527  9.0397
  4.7488  2.2433  0.7519  1.6937 18.1381
  3.7025  2.4135  0.9937  0.8849 19.8405
  4.9961  2.5544  0.1493  0.6957 21.2671
  3.6345  3.5847  0.5823  0.9841 32.0611
  6.3405  1.6967  0.5794  1.3513 12.8425
  5.5293  3.8174  0.4721  1.1505 34.5710
  4.9313  0.3473  0.4130  1.3391  1.8292
  3.9686  4.2237  0.3461  0.2640 39.0067
  5.6736  3.2842  0.5846  2.8941 28.8542
  4.5027  3.0952  0.5987  0.7910 26.8601
  6.0295  1.1656  0.5073  0.3201  8.0397
  5.2468  2.0886  0.7327  0.3381 16.6104
  5.5972  4.2642  0.8391  2.0403 39.4522
  5.3910  4.2965  0.8206  0.6294 39.8080
  5.2809  2.6312  0.4779  2.5048 22.0501
  6.1731  2.9637  0.5635  0.9402 25.4841
  4.0542  2.8857  0.6752  0.1317 24.6732
  5.0869  2.9680  0.7327  1.3275 25.5294
  5.4813  2.6809  0.3881  1.1468 22.5586
  4.3600  2.8942  0.2088  1.6804 24.7615
  6.0571  0.8294  0.9792  0.9869  5.2583
  4.5858  0.8169  0.1459  0.8677  5.1601
  4.4238  4.2595  0.6572  2.5072 39.4005
  5.2074  1.3766  0.7691  2.2508  9.8975
  4.6204  2.8319  0.9041  1.9742 24.1155
  5.4411  2.2424  0.0420  1.7768 18.1286
  5.2228  2.9926  0.9044  2.2375 25.7862
  4.1146  2.9697  0.4014  0.6364 25.5467
  4.5757  1.2320  0.7349  2.6450  8.6165
  5.1652  2.5904  0.2100  2.6746 21.6332
  5.2797  3.3110  0.7872  2.5333 29.1389
  4.9917  3.9766  0.4431  1.0724 36.3018
  4.7028  3.7831  0.5715  2.0139 34.1992
  4.3649  3.2054  0.5282  2.3502 28.0213
  4.8769  3.9773  0.2574  1.4739 36.3096
  4.9336  1.0181  0.0092  2.4413  6.7892
  5.1971  3.2271  0.8141  1.2291 28.2503
  4.8947  2.2609  0.2261  2.6774 18.3130
  4.7714  4.4335  0.8763  1.7713 41.3205
  4.2269  1.5342  0.3890  2.0895 11.3310
  4.8820  3.4094  0.5222  1.1972 30.1852
  5.3650  2.9929  0.3834  0.6276 25.7888
  6.3425  3.2029  0.6546  1.0901 27.9948
  5.4795  2.9312  0.7833  2.1698 25.1457
  4.8363  2.7075  0.5667  1.6031 22.8317
  4.2088  3.9596  0.9957  1.8432 36.1166
  4.0456  0.8509  0.1881  2.8721  5.4286
  3.9223  3.7300  0.4425  2.3812 33.6258
  4.8237  1.4905  0.5133  0.2650 10.9302
  4.3902  1.3702  0.3409  2.2822  9.8405
  5.7260  3.2717  0.2303  1.4812 28.7218
  5.5358  3.1534  0.8929  0.5434 27.4722
  4.6801  2.5297  0.3270  2.3850 21.0155
  4.6814  2.0290  0.9492  2.4794 16.0272
  5.0652  4.1818  0.0410  1.9620 38.5467
  5.5554  2.1398  0.8413  1.0533 17.1132
  4.8001  1.1148  0.5376  2.1999  7.6040
  5.7198  2.3425  0.4917  1.3230 19.1276
  4.8639  3.7464  0.7071  1.2521 33.8027
  4.3407  3.4664  0.5118  0.6085 30.7935
  4.0128  2.0428  0.3009  1.4787 16.1620
  4.8747  3.8384  0.9141  1.3569 34.7986
  5.2544  1.5585  0.9045  2.2549 11.5544
  4.6529  2.4451  0.1071  1.9793 20.1598
  5.2727  2.2381  0.0590  2.3204 18.0859
  5.3496  1.1120  0.3649  1.6890  7.5806
  4.9920  2.3392  0.5269  0.9744 19.0941
  4.7192  0.4972  0.1469  1.3611  2.8053
  5.4104  0.7714  0.9123  1.3076  4.8058
  5.9889  0.6862  0.6615  1.8517  4.1579
  4.8529  1.9914  0.8045  2.0669 15.6616
  5.4615  1.4517  0.7443  0.0892 10.5760
  5.6094  0.9671  0.4220  1.6522  6.3671
  4.5147  1.3406  0.6322  1.2451  9.5755
  5.1659  3.2082  0.9087  1.3527 28.0500
  5.7073  1.9874  0.4202  2.6714 15.6227
  4.3628  3.9014  0.6726  1.6462 35.4828
  5.1916  3.1609  0.5775  0.5460 27.5518
  4.2615  3.0499  0.6308  1.0891 26.3856
  4.6843  3.3505  0.9845  0.7271 29.5577
  5.3435  1.3990  0.7022  0.6399 10.0996
  5.2286  2.0708  0.2057  1.9225 16.4363
  5.6675  2.3240  0.9965  0.6434 18.9424
  5.1559  2.3346  0.7216  1.1962 19.0483
  5.2677  1.9642  0.8822  2.1954 15.3974
  4.4598  0.8603  0.6674  0.6222  5.5029
  5.4963  4.4036  0.0054  2.0232 40.9892
  5.5741  3.9037  0.6849  2.2482 35.5084
  5.2383  1.9049  0.6143  1.9282 14.8251
  5.3029  1.0191  0.9434  1.8364  6.7974
  4.8951  0.6666  0.9690  0.2551  4.0122
  4.3831  2.7436  0.3339  2.5777 23.2032
  4.7545  2.2146  0.3625  1.0851 17.8529
  5.6126  1.4631  0.8861  1.4731 10.6795
  5.7798  3.8405  0.7812  2.1416 34.8218
  4.7695  2.9597  0.7635  2.1941 25.4425
  5.2951  0.4159  0.8351  2.3893  2.2641
  5.3969  3.9636  0.2816  2.0174 36.1598
  4.8686  4.2202  0.2780  1.6819 38.9677
  5.7768  2.7732  0.1021  1.5313 23.5088
  5.2311  3.1894  0.3913  0.1464 27.8523
  5.4184  2.5579  0.9197  2.8874 21.3022
  5.6514  0.9731  0.4467  1.1662  6.4165
  4.5747  1.4615  0.9305  1.1785 10.6652
  4.6982  2.3135  0.3416  2.1029 18.8376
  5.3013  2.2413  0.1751  1.7962 18.1174
  6.9184  3.1683  0.7412  0.2636 27.6296
  5.3701  2.2862  0.1131  1.2770 18.5650
  3.5430  2.5505  0.2165  1.6339 21.2275
  4.7607  2.4459  0.6667  2.0178 20.1670
  4.4920  3.5450  0.0252  2.2996 31.6343
  5.2364  1.0418  0.9587  1.0215  6.9872
  5.5471  3.5372  0.1719  1.6512 31.5515
  5.0677  2.2479  0.6404  2.3802 18.1836
  5.2566  1.6673  0.1747  1.4991 12.5665
  4.8746  1.6602  0.8774  0.7808 12.5005
  3.5829  2.3465  0.2482  1.7401 19.1676
  4.6105  1.7473  0.8688  2.5377 13.3204
  5.0677  2.6048  0.8612  1.0327 21.7806
  5.1546  2.0538  0.3586  1.2224 16.2698
  5.2625  1.6763  0.0049  2.2129 12.6509
  5.7061  0.8496  0.9129  0.7079  5.4178
  5.7973  1.1244  0.3655  0.8022  7.6861
  4.7699  2.7487  0.2607  2.8640 23.2559
  5.8614  0.7672  0.0822  2.1495  4.7734
  4.8024  1.8638  0.3907  0.2381 14.4298
  5.9901  2.6972  0.2417  1.9143 22.7264
  5.6446  3.5381  0.0192  1.0594 31.5605
  5.1822  2.2968  0.4021  1.1006 18.6701
  4.8969  3.2015  0.5239  0.9742 27.9798
  4.9023  3.9364  0.8629  0.5312 35.8641
  6.7365  2.1453  0.7241  0.9883 17.1674
  5.5365  3.5900  0.0970  1.4817 32.1173
  5.4289  2.4755  0.0080  0.8032 20.4669
  4.9402  1.9058  0.5380  0.3034 14.8331
  5.2101  3.8190  0.3225  0.5234 34.5888
  4.7192  2.8229  0.4560  1.7004 24.0218
  5.5446  4.1748  0.2476  1.2120 38.4691
  5.1099  1.5262  0.7402  2.2078 11.2573
  5.8348  2.6056  0.7295  1.7130 21.7884
  5.1241  2.0535  0.6315  1.2273 16.2664
  4.3044  1.0023  0.2118  2.1998  6.6576
  5.6693  1.9449  0.1165  1.8191 15.2104
  5.0929  3.6087  0.5188  1.1063 32.3186
  5.4859  1.2085  0.4449  0.7950  8.4119
  5.4037  2.3591  0.2155  0.5135 19.2944
  5.2923  2.1285  0.6644  0.8275 17.0023
  3.8771  2.5117  0.9626  1.2892 20.8337
  5.3391  1.7879  0.5355  1.4823 13.7048
  5.6483  1.1942  0.0852  1.6309  8.2874
  5.1103  2.5788  0.2430  1.4832 21.5156
  5.1236  1.0289  0.0601  1.5041  6.8792
  4.2526  2.9707  0.7193  1.9170 25.5571
  5.8244  2.7634  0.7075  0.7551 23.4071
  6.0414  4.2376  0.6203  1.9858 39.1588
  5.1880  3.0261  0.1901  1.4889 26.1361
  5.8168  1.8141  0.0617  0.4056 13.9545
  4.9912  1.1746  0.7663  0.6146  8.1171
  5.5628  2.7625  0.8736  2.2847 23.3986
  5.2657  3.4771  0.4111  0.7746 30.9077
  5.1580  1.9991  0.4617  0.5383 15.7359
  5.5820  2.4135  0.4267  1.1661 19.8405
  5.5179  1.8651  0.1685  1.6435 14.4422
  4.6920  2.7081  0.8278  0.0799 22.8384
  5.2280  2.0066  0.8244  0.7269 15.8091
  4.7930  0.7203  0.8713  1.9027  4.4147
  5.1432  3.1989  0.2520  2.5904 27.9518
  5.5521  2.2604  0.9936  2.0074 18.3082
  4.8657  0.8149  0.3885  1.6989  5.1446
  4.4167  1.6983  0.0054  2.4186 12.8572
  4.5388  1.6983  0.4749  1.9436 12.8575
  5.1787  2.2969  0.4319  1.0570 18.6712
  6.2570  3.2136  0.5626  1.0160 28.1069
  4.9878  3.9340  0.9937  1.8505 35.8376
  6.8137  2.4779  0.1732  1.5855 20.4911
  5.8436  1.8737  0.6226  1.5371 14.5249
  5.0659  3.9326  0.7971  1.0803 35.8219
  4.3212  1.7047  0.9687  2.6983 12.9182
  5.9552  3.3830  0.6813  2.3581 29.9041
  5.6365  2.9203  0.5053  0.9221 25.0320
  5.3748  2.5951  0.9191  1.4338 21.6812
  4.7972  3.1409  0.2460  0.9502 27.3404
  5.8427  2.9333  0.8310  1.4306 25.1677
  5.6973  1.7138  0.8570  1.5111 13.0037
  5.0848  2.2874  0.8062  0.7737 18.5768
  5.0662  2.4629  0.5041  2.4022 20.3391
  5.0568  4.1653  0.1477  0.1267 38.3655
  5.0655  1.6328  0.7900  0.5662 12.2441
  5.0248  4.2938  0.7503  2.2258 39.7781
  4.3409  0.8529  0.5911  1.6220  5.4438
  4.9457  3.8715  0.7293  0.8325 35.1583
  3.5683  4.3336  0.8693  1.5928 40.2166
  5.5973  2.3570  0.2866  1.9311 19.2733
  5.0097  2.4017  0.5860  2.1908 19.7220
  4.0095  4.0832  0.7076  1.3019 37.4661
  5.7583  0.6133  0.1796  0.6719  3.6216
  5.8789  3.0962  0.6850  0.5686 26.8708
  5.6039  3.2187  0.9426  2.4211 28.1611
  4.9890  2.8086  0.1715  1.8102 23.8739
  5.4213  3.3257  0.8555  0.5865 29.2943
  5.2590  1.7001  0.1879  2.4427 12.8748
  4.7800  3.5812  0.7400  1.1280 32.0232
  5.1978  2.3976  0.4794  2.5259 19.6805
  5.1279  2.9098  0.8733  1.0166 24.9232
  5.9791  0.5120  0.7379  0.8978  2.9067
  4.7845  3.9145  0.8371  1.7675 35.6258
  6.1589  3.1201  0.2915  2.8656 27.1224
  4.9137  2.5855  0.6104  2.3093 21.5837
  5.4437  3.5142  0.9413  0.4195 31.3043
  6.3131  1.8025  0.3740  0.3877 13.8443
  5.7166  4.1261  0.5860  1.7669 37.9356
  5.5600  2.3234  0.7991  1.2420 18.9368
  5.3808  3.8222  0.0285  0.6604 34.6230
  5.1981  4.2863  0.6128  1.2425 39.6955
  5.1727  2.5664  0.6566  0.4621 21.3892
  5.2488  3.9977  0.9929  1.3286 36.5319
  4.0718  0.9519  0.6659  1.2523  6.2426
  6.6759  2.0022  0.9281  1.5285 15.7668
  5.3507  1.2134  0.3111  0.6695  8.4542
  3.7431  3.0693  0.4759  2.2290 26.5890
  5.0912  3.8147  0.8038  1.2379 34.5422
  5.3183  2.6936  0.4550  1.0981 22.6893
  5.7765  0.9156  0.4274  1.5106  5.9473
  5.5114  1.9747  0.6735  0.7274 15.4996
  5.3001  3.5949  0.1469  1.9197 32.1703
  5.3340  4.0612  0.5538  1.9293 37.2246
  4.9417  2.8891  0.0820  0.9739 24.7079
  5.8632  2.2795  0.4001  1.0400 18.4976
  4.7538  2.4909  0.0078  1.7315 20.6226
  5.3298  1.7088  0.1140  0.8474 12.9565
  5.9512  2.9149  0.9851  1.8692 24.9764
  5.8618  4.0014  0.9895  1.6699 36.5716
  5.1787  1.4365  0.0137  0.4950 10.4382
  5.3772  2.0830  0.1423  2.2348 16.5555
  5.8453  3.6996  0.5732  1.2283 33.2978
  5.2731  3.1431  0.3749  0.9729 27.3645
  4.8536  2.3116  0.9425  1.8862 18.8184
  5.5364  1.5145  0.6118  1.1609 11.1499
  5.3983  1.8247  0.6985  1.7819 14.0560
  3.7770  1.4188  0.8632  1.8195 10.2782
  4.7439  2.0438  0.0344  1.7892 16.1721
  4.9346  1.3161  0.4231  0.7313  9.3578
  4.9683  2.1833  0.7423  1.2318 17.5433
  5.1223  3.1151  0.1021  2.1945 27.0695
  5.0064  1.0057  0.0176  1.8610  6.6858
  5.3328  2.8233  0.2237  1.6150 24.0264
  5.4124  4.3081  0.6744  1.6245 39.9353
  5.0937  3.8958  0.8796  0.6145 35.4219
  5.3186  0.8322  0.5032  0.7396  5.2801
  4.4553  2.3374  0.8490  1.6256 19.0768
  5.4357  1.6120  0.6888  1.3963 12.0503
  4.1196  3.8875  0.7435  1.2349 35.3316
  5.7091  3.4771  0.8396  0.7270 30.9080
  5.0117  4.1013  0.5829  2.1161 37.6633
  5.5700  2.9348  0.1348  2.2187 25.1830
  5.1493  2.4479  0.5573  1.1580 20.1872
  5.0884  3.2427  0.3817  2.0726 28.4150
  5.1856  2.9054  0.7310  0.6682 24.8771
  5.0334  2.7915  0.9367  1.0459 23.6975
  5.8474  1.9847  0.4543  1.3496 15.5968
  5.0659  3.8290  0.1473  0.6384 34.6973
  4.9354  2.3358  0.4190  2.0910 19.0604
  5.2823  2.4606  0.5375  1.4056 20.3163
  5.2815  1.4233  0.7825  1.4902 10.3185
  5.1224  3.4448  0.7339  1.1145 30.5629
  5.4265  3.8915  0.8335  1.7202 35.3749
  6.1136  2.3578  0.3673  1.3752 19.2809
  5.6649  1.0915  0.9032  0.7059  7.4058
  6.9448  2.2489  0.0031  0.5625 18.1935
  4.9061  3.0780  0.5719  1.5529 26.6801
  6.0180  0.5533  0.2607  2.3114  3.1938
  6.3658  4.2275  0.5431  1.7078 39.0483
  3.6880  2.9227  0.4433  2.1353 25.0577
  4.8697  2.6637  0.1942  2.8569 22.3831
  5.4063  2.1372  0.0599  1.4691 17.0877
  5.2722  3.7128  0.3058  0.7254 33.4394
  4.8923  2.8804  0.6000  1.4300 24.6177
  5.1236  3.0614  0.1517  2.5778 26.5054
  5.1914  2.4054  0.2094  0.3015 19.7594
  4.9450  1.4732  0.2598  0.8166 10.7723
  5.3213  2.4800  0.3776  0.7889 20.5120
  4.9091  3.4599  0.7206  0.5418 30.7244
  5.0912  2.3371  0.5684  2.2576 19.0731
  5.1744  2.2344  0.5147  2.1573 18.0495
  4.6200  3.5543  0.9086  1.1690 31.7349
  6.9976  3.3445  0.1472  1.9270 29.4941
  4.8719  3.3752  0.8288  1.4169 29.8203
  5.6132  3.7765  0.6265  2.8131 34.1286
  4.7360  1.9094  0.3866  1.7443 14.8683
  5.1097  3.0622  0.4575  1.3471 26.5143
  5.2445  2.9273  0.8929  0.7513 25.1049
  5.2568  2.8185  0.1276  1.5801 23.9762
  5.3075  3.5165  0.0381  2.7033 31.3289
  5.2239  3.6156  0.0101  2.0118 32.3927
  4.7811  1.2944  0.6602  1.3958  9.1653
  4.7507  2.0069  0.6974  0.6310 15.8119
  4.9870  1.0936  0.2313  1.6750  7.4240
  5.4110  2.3449  0.0633  2.0655 19.1514
  5.3979  2.3199  0.1418  2.3090 18.9015
  4.7554  4.0535  0.2760  1.6594 37.1408
  5.2631  3.6292  0.4876  2.0716 32.5390
  4.8688  2.8341  0.0217  1.4665 24.1373
  5.5752  1.9714  0.6243  1.4814 15.4672
  4.7847  4.0399  0.9908  1.8617 36.9918
  5.1403  3.2007  0.0212  1.6081 27.9714
  4.3292  2.1539  0.3235  0.5041 17.2523
  5.1744  0.5285  0.8044  3.0430  3.0206
  4.7122  1.3805  0.7964  2.6248  9.9326
  5.7821  2.3021  0.8425  0.4925 18.7232
  4.8407  2.9245  0.5956  0.5067 25.0758
  5.1782  1.1932  0.3835  0.6112  8.2786
  6.2667  3.5319  0.6088  1.2653 31.4938
  5.7900  2.3774  0.3004  0.8947 19.4777
  5.2749  3.5072  0.1127  0.6890 31.2296
  5.9448  3.6443  0.0448  1.0730 32.7018
  6.2353  2.0333  0.4038  2.1255 16.0693
  5.3754  2.6625  0.6200  1.6632 22.3706
  5.1379  1.9806  0.0601  0.7941 15.5568
  5.1501  4.2775  0.3948  2.7408 39.5979
  5.9746  3.4448  0.9655  0.6453 30.5626
  5.8810  3.1481  0.2058  1.4080 27.4170
  4.6445  1.8320  0.5630  0.7462 14.1256
  5.1427  1.5315  0.2658  2.0410 11.3061
  4.8215  2.9781  0.4123  2.0557 25.6349
  4.7094  2.6942  0.4133  1.9066 22.6957
  5.2029  1.8282  0.4962  2.3455 14.0889
  4.3756  3.9854  0.5722  1.9124 36.3970
  5.2901  3.7962  0.0901  1.8617 34.3412
  5.6007  3.5463  0.0187  1.2928 31.6484
  5.1002  4.2585  0.6959  1.2922 39.3896
  4.9996  1.7024  0.4363  1.0208 12.8966
  5.5557  1.8565  0.9892  2.3562 14.3602
  5.1663  3.1803  0.2069  2.0733 27.7564
  4.5338  3.3987  0.4929  1.2772 30.0713
  6.3709  4.2923  0.7770  0.2988 39.7609
  5.9217  4.0256  0.3886  1.9603 36.8363
  5.3349  2.0181  0.4807  2.5176 15.9215
  5.1094  3.7845  0.4684  2.5625 34.2144
  5.3313  1.0632  0.2844  2.6697  7.1670
  5.5281  2.9987  0.5057  0.9853 25.8501
  4.1105  2.6519  0.8781  1.5904 22.2615
  5.0021  3.5750  0.2009  0.7736 31.9561
  5.2061  1.8411  0.4478  1.7386 14.2120
  5.1597  2.6142  0.6834  1.0171 21.8769
  4.6127  2.8738  0.9608  0.6889 24.5491
  4.9587  4.2457  0.0423  0.8265 39.2487
  5.8410  1.0829  0.8127  1.1074  7.3329
  5.4045  1.8068  0.8702  1.0626 13.8845
  5.4125  3.8303  0.8572  1.7405 34.7108
  3.8519  2.1116  0.1858  2.5179 16.8360
  4.6357  1.7807  0.1461  1.4381 13.6361
  5.6196  3.8945  0.6107  2.1097 35.4082
  5.4266  0.9325  0.5479  1.2638  6.0840
  4.7925  2.6583  0.9052  2.8504 22.3277
  4.7603  3.4388  0.5410  2.1504 30.4983
  5.6156  1.8320  0.8537  0.5230 14.1258
  5.3964  0.7660  0.0473  0.7987  4.7641
  5.3557  1.7285  0.9322  2.4729 13.1422
  5.9251  2.7111  0.0200  0.6136 22.8688
  5.6482  2.4292  0.8062  1.3778 19.9990
  5.6335  2.4297  0.1057  1.3907 20.0044
  4.4753  3.7133  0.9647  1.7949 33.4456
  5.3587  1.5295  0.3115  1.0725 11.2873
  5.4192  2.3097  0.8636  0.9805 18.7997
  5.2515  1.8826  0.5299  2.3982 14.6097
  4.5597  4.0182  0.5710  0.4810 36.7552
  5.0098  3.7367  0.7009  1.1516 33.6981
  4.5091  1.2664  0.7334  0.8083  8.9182
  4.9749  3.2472  0.3289  1.4715 28.4627
  5.2326  3.0236  0.8836  1.4846 26.1101
  4.0884  1.4663  0.1170  2.4591 10.7086
  4.8882  4.1004  0.3190  1.1351 37.6535
  5.6491  1.5790  0.4857  1.1809 11.7441
  4.6247  3.6937  0.7662  0.9432 33.2338
  5.3889  2.2215  0.3980  0.2224 17.9212
  5.2937  2.2398  0.5992  1.9296 18.1028
  3.6825  1.7697  0.8636  2.5843 13.5323
  4.6351  3.2536  0.1558  2.7261 28.5307
  4.5438  1.3270  0.6324  2.4752  9.4546
  5.8148  2.5272  0.3349  2.3584 20.9909
  5.1511  3.2970  0.7037  2.2798 28.9899
  5.2697  1.0195  0.1515  2.3118  6.8006
  4.6503  3.8217  0.1089  1.9190 34.6174
  5.3519  2.4947  0.3760  1.3189 20.6608
  4.7313  1.6834  0.4856  0.6743 12.7179
  4.6158  2.4509  0.7456  0.8570 20.2177
  5.1236  3.2971  0.6500  1.9861 28.9915
  4.2549  2.0750  0.2099  1.8352 16.4772
  5.1107  2.2570  0.7584  1.2026 18.2741
  4.5084  4.2340  0.1237  2.7370 39.1193
  5.4808  1.7464  0.9205  1.4783 13.3110
  5.6927  3.4334  0.2577  2.0483 30.4414
  4.9458  3.9786  0.0250  2.2125 36.3236
  5.2526  2.2214  0.4110  0.5474 17.9204
  5.4771  3.6038  0.9374  1.6946 32.2663
  5.4929  2.1155  0.5256  1.8694 16.8742
  5.4257  2.7143  0.2111  1.4306 22.9017
  5.1538  2.0340  0.3371  2.0221 16.0762
  6.3995  3.1946  0.4254  0.9235 27.9063
  5.0195  2.4980  0.6637  1.2860 20.6939
  6.9212  1.8923  0.2103  1.0139 14.7036
  4.9272  1.0746  0.8571  0.4463  7.2629
  4.2708  2.4112  0.1954  0.7687 19.8173
  4.7294  3.6678  0.2829  2.6698 32.9548
  4.9186  3.8244  0.3689  1.9655 34.6474
  4.8021  2.4127  0.8429  1.3647 19.8330
  4.7661  1.3112  0.2099  2.1922  9.3138
  5.2675  2.4770  0.3992  1.6649 20.4816
  5.3399  4.3349  0.4855  1.1772 40.2309
  5.4011  2.0753  0.2133  2.4464 16.4801
  4.7088  4.3140  0.8499  1.9063 40.0000
  4.6802  1.4038  0.4006  0.6616 10.1428
  5.8622  3.2411  0.6416  0.7429 28.3984
  4.9792  3.2459  0.4818  1.3435 28.4488
  5.2913  3.9287  0.5334  0.4448 35.7799
  6.0825  0.5004  0.0629  2.0892  2.8268
  4.3347  3.4336  0.2790  1.5257 30.4429
  5.1224  3.1443  0.1560  1.4054 27.3768
  5.7949  3.4140  0.0769  1.3012 30.2343
  4.2200  3.6494  0.2908  2.0415 32.7568
  5.6219  1.2935  0.6907  0.3633  9.1574
  5.2467  0.9938  0.8260  1.1754  6.5870
  4.7742  2.4397  0.0089  0.1610 20.1046
  5.0385  3.7737  0.9264  1.2338 34.0983
  5.7929  2.5522  0.0254  1.1301 21.2450
  5.4735  0.9586  0.5184  2.1846  6.2973
  3.7475  2.6001  0.7924  0.5409 21.7325
  6.3566  1.9065  0.5810  2.2592 14.8397
  5.1946  2.2022  0.3806  0.9823 17.7295
  5.5067  3.1829  0.2792  2.2270 27.7831
  5.9272  2.9427  0.6916  2.9096 25.2660
  4.5932  3.2393  0.9078  0.9344 28.3788
  6.6486  4.1327  0.3299  2.7209 38.0073
  4.5929  1.3987  0.3283  1.6742 10.0966
  5.1642  2.3848  0.7038  1.9247 19.5522
  4.3568  1.2517  0.2714  2.2362  8.7890
  6.5292  2.5037  0.8199  1.4472 20.7520
  5.1476  3.3484  0.9709  0.7532 29.5357
  5.0886  2.7379  0.1339  1.4257 23.1445
  4.4779  3.3153  0.0293  1.2763 29.1841
  6.7211  2.9101  0.8428  0.7835 24.9258
  6.8226  2.6286  0.1290  1.2762 22.0232
  4.6416  3.7020  0.2109  2.7807 33.3234
  5.3211  3.6807  0.8490  0.5227 33.0938
  4.9444  2.8602  0.0418  1.5114 24.4079
  5.2643  2.9797  0.5631  0.3358 25.6512
  6.9333  2.9287  0.2598  2.9075 25.1195
  4.8245  0.8077  0.3843  1.7871  5.0881
  5.0828  2.7488  0.4579  1.6192 23.2570
  4.4589  2.8076  0.4338  1.8080 23.8634
  4.9100  3.6733  0.8352  0.5785 33.0133
  5.2018  4.2675  0.0650  1.3762 39.4879
  4.0757  2.2486  0.3379  2.1290 18.1904
  4.5737  2.8700  0.2343  2.3212 24.5099
  4.6925  3.8672  0.0369  1.1887 35.1113
  5.1900  1.7764  0.9850  1.5313 13.5956
  5.3394  1.7821  0.2270  1.1921 13.6501
  5.2508  3.6419  0.4907  2.0849 32.6751
  4.5967  3.4485  0.4339  0.9322 30.6020
  4.7045  2.9017  0.1211  2.0489 24.8390
  4.0839  2.0908  0.8415  0.5519 16.6318
  3.5719  3.8687  0.1132  1.2828 35.1280
  4.1630  2.5028  0.1346  1.9630 20.7430
  5.1062  3.1881  0.6077  2.3469 27.8385
  5.2833  1.6194  0.6410  2.5729 12.1193
  5.8465  1.9231  0.4642  2.2283 15.0001
  5.7942  2.1885  0.9555  0.8849 17.5941
  5.7522  3.1473  0.9299  1.1871 27.4086
  5.7027  0.7564  0.1709  2.5428  4.6899
  5.1764  3.2938  0.0271  1.5067 28.9559
  4.8349  4.3892  0.1112  1.2095 40.8306
  4.5621  3.2711  0.9844  1.5029 28.7160
  5.0796  4.1633  0.4781  2.6226 38.3431
  5.1379  3.2245  0.0312  1.7071 28.2228
  5.6036  1.4454  0.5290  1.5232 10.5193
  5.2311  2.0823  0.2242  2.2909 16.5484
  5.5867  1.9301  0.9576  0.8164 15.0680
  5.1364  1.7866  0.6440  1.6088 13.6928
  5.3480  1.4947  0.7829  0.9322 10.9680
  4.7312  1.9138  0.0558  0.7209 14.9103
  4.9134  3.4390  0.0036  2.9314 30.5009
  5.2876  0.6800  0.5797  0.7785  4.1120
  4.9552  2.5686  0.1638  1.4656 21.4110
  5.4337  4.4912  0.5561  2.2084 41.9587
  5.7827  4.3866  0.9080  0.5220 40.8017
  4.3929  3.2725  0.7802  3.0045 28.7306
  5.2634  2.0759  0.0223  1.3782 16.4856
  5.3018  2.7233  0.0562  0.9000 22.9949
  4.7660  2.3698  0.1437  2.0425 19.4014
  5.3647  1.6977  0.2272  1.6971 12.8516
  4.9263  1.5601  0.0350  2.3778 11.5689
  4.9212  1.8243  0.0939  2.8682 14.0513
  5.0664  0.7653  0.8977  0.0976  4.7590
  5.5019  1.5976  0.6944  1.3935 11.9163
  4.9607  1.2691  0.1307  2.8427  8.9416
  3.9733  1.9296  0.4372  0.2802 15.0631
  5.1068  2.8844  0.9576  1.0193 24.6592
  5.1192  3.6640  0.8207  1.7519 32.9136
  3.5341  3.0087  0.6712  0.8255 25.9543
  4.7879  2.9630  0.8641  2.0469 25.4769
  6.5359  1.9446  0.4538  1.3778 15.2083
  5.6078  2.9714  0.2343  1.0733 25.5644
  5.2690  1.3273  0.6972  1.3942  9.4575
  5.7522  2.1954  0.5636  2.7270 17.6626
  5.5374  2.7530  0.1016  1.0607 23.3004
  5.0428  2.0561  0.1442  1.5374 16.2918
  4.4388  3.5502  0.1483  0.9195 31.6902
  5.5664  2.4155  0.4169  0.7977 19.8608
  5.0096  2.9209  0.8907  2.3206 25.0382
  4.5272  2.7713  0.7814  0.6000 23.4889
  5.0041  3.5271  0.2881  0.9891 31.4424
  3.6955  2.0670  0.8008  1.9898 16.3989
  5.7897  1.6369  0.8039  1.9426 12.2825
  5.8290  0.8977  0.7040  1.2935  5.8028
  5.3231  3.3374  0.6682  2.6427 29.4191
  3.7215  2.9154  0.0867  1.1785 24.9810
  5.3911  0.3206  0.4886  2.2842  1.6655
  3.7912  4.1385  0.7035  0.2364 38.0714
  5.1508  3.3574  0.5835  2.6145 29.6317
  5.6734  1.3929  0.4226  1.3581 10.0444
  5.0697  1.4209  0.9660  1.1874 10.2970
  5.1317  1.2527  0.7618  0.6043  8.7977
  5.9918  3.7720  0.5361  2.2629 34.0790
  5.1995  1.5946  0.2686  1.7551 11.8887
  4.2506  1.9342  0.3274  1.5546 15.1072
  5.2249  2.7670  0.1210  1.8179 23.4447
  5.6746  1.8738  0.3396  2.4879 14.5260
  4.4692  2.2137  0.9291  2.4628 17.8438
  5.3721  2.5810  0.2129  1.6336 21.5375
  5.1828  1.4597  0.9570  0.4749 10.6485
  5.5996  2.9676  0.5780  1.1019 25.5252
  5.4725  1.4869  0.7010  1.9667 10.8971
  5.3575  4.4405  0.1708  0.9931 41.3981
  4.7076  2.2188  0.6600  0.3145 17.8940
  4.7384  3.1800  0.5119  1.0291 27.7528
  5.3691  3.2661  0.3676  2.2271 28.6623
  5.0369  2.9433  0.2493  1.9824 25.2720
  4.2701  2.1137  0.0584  0.9698 16.8571
  5.3499  4.3242  0.0511  1.4832 40.1124
  3.8639  2.5345  0.7114  1.3047 21.0644
  6.0440  1.0759  0.9159  2.4379  7.2737
  6.0952  2.5815  0.2284  0.3741 21.5424
  3.9960  4.3972  0.5245  1.5282 40.9184
  4.6482  3.2368  0.6114  0.4087 28.3523
  5.8563  3.3203  0.2070  1.5579 29.2370
  4.2419  3.4446  0.6817  0.3914 30.5609
  4.7553  1.9388  0.9750  1.7606 15.1521
  5.6598  2.6808  0.0155  0.5895 22.5585
  4.6326  3.9789  0.2630  1.1035 36.3263
  5.3497  2.9178  0.6918  0.6097 25.0063
  3.8104  3.8531  0.6218  1.2159 34.9586
  5.1347  2.9676  0.8632  1.3292 25.5255
  4.3709  4.2242  0.0027  2.0378 39.0118
  5.1478  2.7324  0.5080  2.6607 23.0879
  5.5023  3.0215  0.7001  1.8306 26.0879
  5.8933  0.9376  0.7809  0.3827  6.1258
  4.9302  3.0180  0.8873  2.8855 26.0510
  5.4398  2.1509  0.4716  0.6202 17.2229
  5.3925  2.8981  0.5162  2.1006 24.8017
  4.9600  0.9042  0.2632  2.4227  5.8551
  4.7263  1.9625  0.1428  2.2618 15.3810
  5.2074  2.1742  0.8326  1.1817 17.4528
  5.6133  1.6481  0.4191  1.3721 12.3871
  5.0866  2.7790  0.2255  3.0839 23.5688
  5.1719  2.0415  0.2653  2.4769 16.1496
  4.9568  2.5212  0.9013  1.3506 20.9297
  5.1994  1.5683  0.6780  0.8001 11.6449
  5.7177  2.4991  0.7778  0.6543 20.7058
  4.8719  2.0173  0.1295  1.4690 15.9132
  5.7844  1.4440  0.1711  2.0080 10.5065
  5.4193  4.4606  0.7244  1.1924 41.6207
  5.7252  0.8862  0.2712  0.8164  5.7101
  4.7815  2.2286  0.6058  1.1311 17.9916
  6.7587  2.1862  0.7699  0.6170 17.5719
  6.7307  2.4002  0.0408  1.5198 19.7072
  4.9456  3.5185  0.5111  1.3119 31.3511
  5.1231  0.9310  0.8995  0.8895  6.0719
  3.6472  1.7096  0.5386  0.8103 12.9642
  5.4338  1.9591  0.7249  1.4616 15.3479
  5.1625  2.0906  0.2061  1.4837 16.6299
  5.3606  1.5772  0.5635  0.7986 11.7275
  4.5276  4.3970  0.6901  0.6731 40.9168
  5.3598  1.1526  0.2007  1.5011  7.9282
  5.4898  4.1861  0.7278  2.5232 38.5934
  5.1348  3.2787  0.6494  0.3910 28.7963
  6.4465  1.9479  0.2640  2.2851 15.2394
  4.5519  2.0927  0.0175  0.4516 16.6506
  4.0844  2.8916  0.7767  2.4959 24.7344
  5.3655  1.5801  0.2617  0.7404 11.7544
  5.7936  1.8047  0.3929  0.6864 13.8647
  5.1581  1.7768  0.0895  1.4584 13.5991
  5.1480  1.1967  0.0858  1.9806  8.3093
  6.0727  2.4490  0.0281  1.3608 20.1985
  4.3745  0.4198  0.4729  0.6810  2.2895
  4.9061  3.2258  0.4121  2.6223 28.2361
  4.5291  3.2706  0.1047  2.1595 28.7103
  5.1599  0.8243  0.2736  0.5819  5.2183
  5.3703  3.6871  0.2614  1.9274 33.1626
  6.6365  2.9408  0.7434  0.5571 25.2458
  5.1664  3.0370  0.8184  1.1399 26.2502
  4.8725  3.6663  0.5026  1.1959 32.9386
  4.0154  2.3603  0.6667  1.3568 19.3063
  5.0374  2.0804  0.5270  2.9124 16.5295
  4.5538  4.0273  0.8357  2.9815 36.8544
  5.6782  3.3844  0.0179  2.1635 29.9192
  4.2921  0.9881  0.9468  1.3862  6.5401
  5.3321  1.0522  0.4640  2.6482  7.0744
  3.9222  2.1231  0.9517  1.0697 16.9494
  4.6783  2.2473  0.2660  2.4114 18.1779
  5.2520  1.7474  0.5861  2.5968 13.3209
  5.9295  3.0021  0.7421  0.9701 25.8848
  5.1594  4.3004  0.3647  1.7230 39.8506
  5.7420  1.5171  0.5295  0.6656 11.1736
  4.7007  3.8248  0.1276  2.2203 34.6515
  4.6666  2.1631  0.4409  1.2576 17.3436
  5.8422  3.4436  0.9768  0.6133 30.5502
  6.1919  3.6967  0.7188  0.4626 33.2656
  5.8491  1.2466  0.4825  2.6354  8.7438
  4.9839  3.3658  0.9721  0.4619 29.7209
  5.9892  3.4560  0.9810  0.8048 30.6820
  5.9576  3.0324  0.9549  0.4502 26.2022
  5.3290  1.3962  0.9186  2.3390 10.0743
  4.4549  3.8129  0.5878  1.2767 34.5225
  3.9169  1.2718  0.9038  2.3991  8.9660
  5.5578  3.1881  0.5903  2.2371 27.8387
  4.1344  2.1887  0.0258  2.6323 17.5958
  5.6191  0.5576  0.4300  1.5699  3.2242
  5.5072  3.8224  0.4100  2.1541 34.6257
  5.6402  2.3038  0.6253  1.1601 18.7404
  5.3914  1.0946  0.6742  2.0012  7.4325
  5.1995  2.1659  0.5051  1.5545 17.3712
  6.1960  1.7735  0.9364  0.6393 13.5687
  5.4210  3.2437  0.6912  0.7802 28.4257
  4.7937  3.2931  0.9688  0.5751 28.9485
  5.8650  3.1443  0.6351  2.6666 27.3769
  5.5491  4.4320  0.4085  1.8228 41.3037
  4.5147  3.1252  0.3339  2.0011 27.1758
  5.4758  3.0561  0.1801  1.0382 26.4499
  6.0580  3.8342  0.9943  0.8170 34.7528
  4.8640  2.8630  0.0787  1.9164 24.4367
  5.0259  2.9224  0.9403  1.0016 25.0543
  3.9996  0.6100  0.1795  1.1177  3.5978
  4.2002  2.3307  0.5720  0.0946 19.0095
  5.2042  1.4081  0.3246  0.9889 10.1812
  5.3474  4.2921  0.0182  1.5847 39.7588
  5.2016  2.6597  0.1802  1.6000 22.3419
  5.0500  2.5689  0.7719  0.7454 21.4150
  5.3757  3.0182  0.9748  0.7773 26.0538
  5.3283  1.8030  0.0971  2.8437 13.8490
  4.6390  2.6000  0.7080  1.4504 21.7317
  5.4176  2.5805  0.6571  0.6283 21.5329
  5.7203  3.0553  0.0586  2.5120 26.4424
  5.6771  2.6913  0.8877  1.2086 22.6659
  6.1249  1.5540  0.8937  0.4016 11.5133
  5.5328  2.0963  0.7751  2.7063 16.6863
  4.9693  2.6917  0.9901  1.7529 22.6700
  5.0787  2.5901  0.3233  1.4935 21.6301
  5.3519  2.0129  0.8765  0.7734 15.8709
  4.8378  2.7277  0.7162  2.8623 23.0398
  4.3728  2.4958  0.4495  1.6713 20.6716
  5.2802  4.1911  0.7126  1.4825 38.6483
  5.8272  4.0849  0.3957  1.2806 37.4837
  5.3194  2.3915  0.0777  1.9398 19.6197
  3.9424  4.2085  0.5751  0.9297 38.8393
  5.0746  2.3567  0.5926  0.2235 19.2695
  5.7911  0.4951  0.6069  2.8345  2.7908
  4.5148  1.8579  0.4756  1.5120 14.3736
  4.5031  2.3277  0.4698  1.9143 18.9790
  4.8537  3.0529  0.4711  1.5795 26.4172
  5.2734  3.2230  0.2345  2.0387 28.2067
  5.1170  3.5445  0.0563  2.7405 31.6298
  4.9870  1.1888  0.8203  0.2424  8.2402
  3.6576  2.2027  0.7000  2.7539 17.7350
  4.1155  2.6584  0.4190  0.8298 22.3288
  6.0322  3.2578  0.6587  1.1444 28.5749
  5.1277  2.9110  0.5841  1.4525 24.9352
  3.7745  3.8160  0.4873  0.5933 34.5557
  5.3367  3.5508  0.1802  2.6539 31.6970
  5.0845  2.0457  0.0682  2.5036 16.1906
  5.4074  3.6935  0.7376  1.5011 33.2320
  5.3012  2.8324  0.3424  0.5386 24.1200
  5.4467  0.8989  0.8726  2.8292  5.8118
  5.1634  3.0055  0.5405  2.6087 25.9209
  4.9975  3.3630  0.7550  1.0886 29.6910
  4.8275  0.7195  0.1777  0.4360  4.4090
  5.0703  2.4451  0.4847  0.9771 20.1588
  5.2103  3.0730  0.8986  0.0538 26.6275
  3.9729  3.4345  0.7898  0.4730 30.4524
  3.9216  1.7910  0.0052  1.2752 13.7343
  6.1960  3.3230  0.6058  2.3825 29.2661
  6.2362  3.4606  0.6414  1.7558 30.7309
  4.4442  3.2831  0.1994  2.5876 28.8430
  3.7240  2.0215  0.0200  2.3159 15.9545
  5.3666  3.1951  0.2421  1.3627 27.9119
  5.7169  3.3397  0.5174  1.5467 29.4438
  5.2084  1.2931  0.7349  0.7766  9.1536
  6.4129  1.4777  0.8837  0.7088 10.8125
  4.6686  3.7801  0.4821  0.3961 34.1672
  6.4245  4.0361  0.5476  1.7068 36.9506
  5.6128  2.8570  0.7077  2.0643 24.3751
  5.5889  0.7031  0.2541  0.4298  4.2851
  4.2419  3.5241  0.7848  1.1949 31.4106
  4.6103  2.3427  0.7848  1.5006 19.1299
  3.9551  1.7547  0.2324  1.2823 13.3898
  5.5377  2.9613  0.6255  2.6045 25.4590
  4.2855  2.0260  0.2717  1.1874 15.9980
  4.0301  0.6013  0.2305  2.2771  3.5353
  5.5744  1.5953  0.7494  1.9224 11.8956
  5.2947  4.4548  0.6509  0.3163 41.5555
  4.7067  3.0455  0.3330  1.7705 26.3395
  5.9322  2.9189  0.7571  1.5403 25.0178
  4.5979  1.9668  0.0666  0.6528 15.4232
  4.6606  1.6103  0.1024  0.7422 12.0343
  5.2480  2.5498  0.6080  2.0902 21.2206
  5.0586  2.4744  0.7958  0.9883 20.4556
  4.7034  1.6626  0.6453  1.3370 12.5225
  4.7766  0.6221  0.5127  1.6718  3.6853
  5.2200  1.9070  0.4551  1.6446 14.8448
  4.7038  2.1427  0.8506  1.2888 17.1423
  6.1330  3.6337  0.4987  0.9029 32.5873
  5.6230  2.3828  0.4383  2.3468 19.5322
  5.5710  1.0177  0.7323  1.3191  6.7859
  6.0096  3.0583  0.6334  1.0033 26.4737
  5.2888  1.9948  0.4281  1.8617 15.6950
  3.6617  2.2719  0.4387  0.7636 18.4222
  5.2769  3.8567  0.8550  1.6097 34.9974
  3.9524  2.1036  0.3150  2.8296 16.7577
  5.2665  3.3419  0.5863  0.7965 29.4664
  4.6354  3.3085  0.5380  2.5484 29.1120
  5.6740  1.7723  0.1828  0.6091 13.5565
  5.3522  2.3440  0.7325  1.3514 19.1422
  3.9614  3.3966  0.7801  0.1414 30.0485
  4.1128  2.0039  0.4774  2.3662 15.7828
  6.1334  3.0762  0.2366  0.5789 26.6610
  4.9923  2.2814  0.7483  0.7681 18.5169
  5.5149  2.6569  0.8874  2.4826 22.3131
  4.4700  4.0061  0.9544  2.3257 36.6232
  5.2901  3.0349  0.9917  2.1357 26.2284
  5.9335  1.0117  0.9395  0.4942  6.7355
  4.7626  3.7849  0.8321  1.6469 34.2189
  4.9873  1.2790  0.9071  1.1463  9.0293
  5.7320  3.0249  0.8752  1.2183 26.1236
  5.8473  3.8417  0.2494  2.2144 34.8350
  4.8163  2.9410  0.8590  1.5923 25.2480
  5.0224  2.2723  0.8256  1.0246 18.4258
  4.0101  1.7235  0.4678  0.5309 13.0949
  4.5295  1.1740  0.0515  2.9435  8.1120
  5.2098  0.9659  0.2327  0.3324  6.3571
  4.2501  1.4162  0.1578  1.0198 10.2548
  5.4109  3.2903  0.6181  2.5371 28.9193
  5.2004  3.1018  0.9615  1.1991 26.9298
  5.7682  1.3414  0.8541  2.2271  9.5825
  5.7416  2.7760  0.8548  0.1110 23.5371
  5.1652  1.7394  0.6393  1.9311 13.2449
  4.4632  2.4136  0.8533  0.5017 19.8416
  5.8136  3.9512  0.7090  1.2725 36.0250
  4.9317  3.7810  0.1953  0.8812 34.1767
  6.0180  3.0328  0.0844  0.9657 26.2058
  6.8384  1.1935  0.6993  0.7385  8.2809
  5.4576  2.0034  0.1741  1.7569 15.7781
  5.7829  1.9285  0.7008  0.6894 15.0526
  4.5526  1.6267  0.3783  0.9405 12.1870
  3.6424  1.5175  0.1233  1.7304 11.1770
  4.6492  2.5160  0.3860  2.2133 20.8771
  5.2834  4.1003  0.5719  2.0695 37.6532
  5.2916  2.5088  0.9540  1.0398 20.8035
  5.1049  2.5376  0.9198  1.8579 21.0962
  4.7975  2.9429  0.9683  1.1994 25.2673
  5.3672  3.2202  0.9746  2.5606 28.1776
  5.4824  1.9058  0.4455  1.3268 14.8335
  5.4075  2.5872  0.0256  1.5340 21.6012
  5.5409  3.9400  0.6428  1.5819 35.9029
  3.5389  1.1606  0.8566  1.4640  7.9965
  5.1518  1.0287  0.6482  2.7988  6.8775
  4.8856  0.7927  0.3186  2.0872  4.9709
  4.6940  2.1108  0.9980  0.7757 16.8281
  4.8018  3.2642  0.0882  1.1671 28.6426
  5.4879  2.7322  0.5712  0.4676 23.0862
  4.8197  1.9207  0.8742  1.9191 14.9773
  5.8178  2.1069  0.4551  0.3819 16.7900
  5.1331  3.4562  0.0299  1.3173 30.6846
  5.2373  1.6597  0.7662  0.5907 12.4954
  5.2390  4.1402  0.0516  1.5062 38.0895
  5.4260  1.9418  0.4002  1.9553 15.1807
  5.5661  2.5757  0.9275  1.5255 21.4840
  5.2974  0.9559  0.0806  1.9406  6.2752
  3.5808  4.3724  0.8102  1.3833 40.6450
  5.2716  2.6644  0.0484  1.1236 22.3904
  5.6653  0.8592  0.6114  2.5951  5.4945
  5.0814  3.3570  0.2013  0.9899 29.6270
  4.7318  1.5765  0.6202  2.0819 11.7210
  5.1467  2.6240  0.3818  0.8657 21.9766
  5.8164  2.8965  0.0772  1.6675 24.7845
  5.4600  1.1556  0.3683  0.8136  7.9535
  5.3403  2.7913  0.2491  2.6890 23.6953
  3.6579  0.4904  0.7863  2.2683  2.7592
  4.7366  3.8426  0.0188  2.2438 34.8443
  5.5023  3.0354  0.5138  1.7345 26.2340
  3.8173  4.1380  0.9540  1.9465 38.0662
  5.5575  0.7801  0.0735  2.1521  4.8728
  5.3672  1.2439  0.2808  1.5839  8.7205
  5.6086  2.6923  0.6368  1.3639 22.6764
  4.8344  3.9892  0.1466  1.6695 36.4392
  5.1741  2.4883  0.5098  1.0432 20.5964
  5.2402  1.2008  0.5617  1.8287  8.3446
  5.2398  1.9770  0.3092  1.6169 15.5220
  6.5240  3.7017  0.7253  2.6690 33.3195
  5.0013  0.5198  0.8008  2.3123  2.9604
  4.4794  2.8943  0.2863  1.7400 24.7620
  5.2879  3.8739  0.1715  2.3554 35.1843
  4.6142  3.1591  0.5078  0.8412 27.5328
  6.6224  2.7039  0.3418  0.5204 22.7950
  5.3617  3.4043  0.8482  1.7830 30.1302
  5.8419  2.9914  0.1036  1.2828 25.7735
  5.2934  1.7525  0.5046  2.0250 13.3691
  5.1118  4.2920  0.7410  1.0677 39.7584
  5.5261  2.9856  0.6040  1.4594 25.7132
  5.7575  0.9407  0.5353  1.3995  6.1515
  6.1470  2.9101  0.7114  0.7510 24.9259
  5.2291  3.0753  0.6750  1.7179 26.6520
  5.7820  2.6369  0.3975  2.3193 22.1083
  5.4498  1.7352  0.2557  1.6460 13.2053
  4.8827  1.9524  0.1809  1.4381 15.2835
  4.9447  2.1063  0.7272  2.6779 16.7840
  5.7812  2.5373  0.4850  0.7600 21.0936
  4.7772  2.8163  0.9634  0.5179 23.9533
  4.5633  2.9810  0.7306  0.5281 25.6650
  4.2323  0.7398  0.8417  0.7658  4.5629
  5.7443  3.6542  0.1813  1.7971 32.8076
  5.0181  1.3357  0.5837  0.7837  9.5316
  4.4332  3.0206  0.0732  2.0056 26.0789
  4.2049  4.3087  0.1418  1.8864 39.9416
  5.1977  2.2809  0.5275  2.8458 18.5116
  5.6745  1.3060  0.2196  0.9389  9.2677
  5.3078  1.9007  0.7038  1.3627 14.7843
  5.0054  4.0989  0.1360  2.2891 37.6372
  4.7505  2.1525  0.5509  1.3261 17.2385
  4.5002  2.3024  0.5522  1.8742 18.7262
  5.8894  2.4863  0.4162  0.0827 20.5761
  6.4042  2.8772  0.4851  2.3321 24.5845
  5.0346  2.8017  0.7509  0.9633 23.8022
  5.7647  2.5713  0.5215  0.5724 21.4385
  5.2111  1.6445  0.6306  0.8943 12.3537
  4.7362  4.4162  0.0963  0.9400 41.1285
  4.3033  1.6241  0.5941  1.2065 12.1632
  3.6151  2.5464  0.4303  2.1839 21.1860
  5.7462  1.0067  0.3186  0.8876  6.6947
  4.9911  1.4202  0.6343  0.7658 10.2907
  5.0534  2.9808  0.8153  0.7683 25.6630
  5.0752  3.2415  0.8076  2.4311 28.4021
  5.0761  2.3596  0.1405  0.3036 19.2994
  5.0901  3.1072  0.0764  1.2842 26.9869
  4.7890  2.9916  0.0374  2.4333 25.7755
  5.2509  0.9866  0.8868  1.5042  6.5277
  5.2921  2.7642  0.8838  2.1637 23.4153
  5.3653  2.7308  0.6987  0.4882 23.0720
  5.8941  2.3778  0.5857  1.5875 19.4818
  4.8251  3.5092  0.5366  1.8304 31.2507
  6.5398  2.0744  0.6975  3.0943 16.4708
  5.1643  2.3666  0.9626  1.6066 19.3688
  5.5460  2.8723  0.3997  1.3713 24.5335
  5.2271  2.6365  0.2399  1.1309 22.1046
  5.2566  3.9609  0.1605  0.9805 36.1304
  5.0660  1.2447  0.2228  1.1378  8.7273
  5.4361  3.7969  0.5895  1.3472 34.3485
  5.2515  0.9289  0.2744  0.4145  6.0552
  5.1345  2.9532  0.9292  2.9844 25.3746
  6.2646  3.2044  0.5225  2.0065 28.0098
  4.9326  1.2890  0.0520  1.3124  9.1178
  3.9588  3.6178  0.7416  3.0095 32.4164
  4.6145  2.8101  0.2693  0.3117 23.8896
  5.0359  3.3259  0.1555  2.7658 29.2971
  5.2027  2.3939  0.5992  1.0781 19.6438
  5.4086  1.0618  0.5174  0.5554  7.1554
  4.8838  2.9568  0.7478  1.9683 25.4130
  5.2310  3.5213  0.6751  1.2983 31.3806
  4.4637  1.0145  0.4180  1.3611  6.7594
  5.7188  2.9830  0.9193  1.0740 25.6853
  5.4371  4.2177  0.9557  2.1183 38.9403
  4.3141  1.4890  0.4621  2.8482 10.9158
  4.9591  0.7694  0.9285  1.5575  4.7903
  5.4121  0.8783  0.6281  1.7072  5.6467
  4.7823  1.5331  0.2748  2.3249 11.3205
  4.8031  4.3017  0.6976  0.5006 39.8646
  5.0027  2.2607  0.0427  1.8298 18.3108
  5.2144  3.0287  0.0269  0.6393 26.1629
  4.4954  3.1857  0.9868  1.2159 27.8133
  5.2532  2.5919  0.9796  0.5403 21.6493
  4.6471  3.9071  0.8425  2.2858 35.5451
  4.7824  1.4450  0.6511  0.4428 10.5152
  4.6859  2.8272  0.9872  0.9080 24.0664
  6.0375  0.2981  0.9383  1.4169  1.5304
  4.8658  2.0713  0.3241  0.6206 16.4412
  3.9775  2.3965  0.7378  0.3689 19.6699
  5.1295  3.4757  0.3477  0.9728 30.8927
  4.8475  1.0883  0.0044  1.8923  7.3789
  6.0868  3.3898  0.1298  1.1212 29.9762
  5.4750  0.6605  0.2218  2.0663  3.9673
  5.0464  1.5361  0.4020  2.8418 11.3483
  5.4928  2.3989  0.7715  1.5496 19.6935
  4.7846  0.7648  0.8158  2.1292  4.7546
  5.3601  3.8548  0.5739  2.0806 34.9764
  5.0090  2.4157  0.7387  0.4809 19.8633
  5.4127  1.0948  0.9857  0.6846  7.4337
  5.3285  3.0919  0.7522  0.6391 26.8258
  6.0027  4.1870  0.8762  0.6535 38.6031
  5.4858  3.5346  0.0055  2.2722 31.5231
  4.8005  1.8119  0.7151  0.5535 13.9336
  5.6419  4.4859  0.7360  0.2663 41.9008
  4.7676  3.1989  0.3840  1.7300 27.9527
  5.0554  1.5997  0.8528  2.1452 11.9365
  5.4593  1.5816  0.5497  0.5755 11.7679
  5.4136  3.5024  0.0751  1.3302 31.1782
  5.7348  3.2318  0.8207  2.8714 28.3002
  3.9661  3.7378  0.7139  0.8466 33.7092
  4.8817  2.3082  0.8860  1.8323 18.7848
