  5.6216  2.9137  0.9823  2.2484 24.9636
  5.1824  1.4798  0.9805  1.1858 10.8320
  4.8863  0.9372  0.9969  0.6056  6.1226
  4.7795  2.0880  0.9719  2.4823 16.6043
  5.5724  1.6082  0.9713  1.4960 12.0148
  5.1894  2.6737  0.9980  2.4102 22.4855
  5.2888  4.0254  0.9817  2.3168 36.8338
  4.3624  4.6153  0.9883  0.8967 43.3370
  5.1838  2.3766  0.9722  2.2489 19.4700
  5.1109  3.0030  0.9822  0.0905 25.8946
  5.0512  4.5321  0.9797  1.7425 42.4128
  5.8490  2.6536  0.9823  0.3280 22.2797
  5.6707  0.7114  0.9749  2.9505  4.3474
  5.4452  2.7187  0.9955  1.3087 22.9473
  4.9751  2.6980  0.9852  2.3195 22.7348
  5.6155  2.0484  0.9831  1.8787 16.2170
  5.9991  3.5929  0.9840  0.7508 32.1487
  3.9582  2.8899  0.9701  2.8926 24.7167
  5.2457  3.3234  0.9830  1.9499 29.2700
  4.2634  2.3491  0.9821  2.1076 19.1940
  5.6752  2.5277  0.9890  1.0791 20.9959
  5.8066  0.9641  0.9463  1.9982  6.3426
  4.9977  1.5780  0.9720  2.6897 11.7345
  6.4323  2.7118  0.9075  0.3090 22.8763
  6.5361  2.1857  0.9075  2.0392 17.5666
  4.2904  5.1839  0.9786  0.2037 49.7105
  5.3041  2.7956  0.9894  0.7491 23.7401
  4.4903  0.8668  0.9963  1.3325  5.5548
  5.6722  0.5331  0.9780  0.7630  3.0522
  5.2583  1.7970  0.9933  0.4284 13.7912
  5.1920  5.4230  0.9967  0.5836 52.4186
  5.7566  1.2739  0.9858  1.8193  8.9846
  5.3648  1.0909  0.9938  1.3117  7.4012
  4.8670  2.8880  0.9980  1.7252 24.6963
  4.2109  4.6065  0.9973  2.3534 43.2396
  4.8515  2.8525  0.9862  0.7981 24.3289
  4.9809  1.8756  0.9707  2.7265 14.5426
  6.7986  2.2871  0.5433  1.2007 18.5736
  4.8535  2.7194  0.9769  0.8267 22.9541
  4.7991  2.2377  0.9908  1.0416 18.0816
  5.2599  0.5245  0.9792  1.3364  2.9928
  5.2031  3.5916  0.9687  0.6839 32.1344
  4.4265  4.1417  0.9944  1.3842 38.1064
  5.9298  3.1503  0.9754  1.7237 27.4402
  5.1573  3.5756  0.9856  1.5376 31.9629
  5.5199  0.9645  0.9960  1.4427  6.3459
  5.4597  2.9562  0.9797  1.1831 25.4059
  4.6337  3.7116  0.9692  0.1728 33.4268
  4.3780  4.2438  0.9866  1.2870 39.2272
  5.0430  3.3018  0.9691  1.6398 29.0405
  5.0194  6.4984  0.9826  1.9273 64.7654
  4.6643  5.1194  0.9678  2.3223 48.9830
  4.4466  4.5708  0.9959  2.1128 42.8425
  5.8149  1.5553  0.9957  2.5828 11.5254
  4.9690  3.3809  0.9796  1.2808 29.8811
  5.0111  3.5170  0.9808  1.1124 31.3341
  4.9978  3.2436  0.9671  0.4898 28.4242
  4.3566  3.3832  0.9874  1.9854 29.9054
  4.4935  3.6851  0.9888  2.0749 33.1413
  6.0252  1.4182  0.9682  1.3264 10.2728
  3.9328  2.1639  0.9943  1.3452 17.3508
  6.9733  1.0970  0.4351  2.1185  7.4526
  5.5767  3.7749  0.9720  1.7310 34.1108
  4.9123  0.6352  0.9700  3.0118  3.7811
  4.2620  3.9540  0.9972  0.9629 36.0548
  5.3053  1.6175  0.9787  2.0844 12.1020
  4.2002  3.0297  0.9683  1.0835 26.1737
  5.2677  3.9023  0.9782  1.6147 35.4923
  4.9000  4.7303  0.9826  2.6340 44.6187
  4.8036  5.4186  0.9735  1.1977 52.3680
  5.5227  4.3440  0.9801  2.5572 40.3316
  5.2556  1.8905  0.9801  0.8943 14.6865
  5.2074  3.2092  0.9962  0.4943 28.0605
  4.9699  1.9219  0.9902  1.0370 14.9882
  5.4785  0.8892  0.9769  0.8726  5.7343
  4.4531  4.9598  0.9864  2.1912 47.1878
  5.3576  0.7260  0.9696  0.4022  4.4579
  5.2100  2.3153  0.9839  2.4430 18.8549
  4.6275  2.9390  0.9771  0.5894 25.2274
  3.8280  5.3109  0.9830  0.7127 51.1468
  5.5051  5.0970  0.9816  0.9992 48.7307
  3.6706  1.6061  0.9776  1.2781 11.9953
  4.4276  3.5800  0.9890  2.7506 32.0098
  5.3830  0.9934  0.9881  1.4759  6.5842
  4.1666  4.4462  0.9822  1.2853 41.4614
  4.4429  5.7220  0.9790  2.1709 55.8244
  5.1102  0.4156  0.9668  1.1657  2.2620
  4.4650  5.9996  0.9764  1.5502 59.0062
  6.0860  2.9504  0.9964  1.1128 25.3460
  4.2613  5.7914  0.9806  0.5383 56.6181
  5.2485  1.7569  0.9893  1.6042 13.4104
  5.0229  3.5915  0.9732  0.7756 32.1331
  4.9402  3.6573  0.9906  1.0014 32.8418
  4.8564  2.7945  0.9978  1.1921 23.7282
  6.7854  1.9846  0.7415  0.4882 15.5952
  4.7063  4.8562  0.9817  0.6444 46.0260
  5.3368  2.4361  0.9760  1.6322 20.0687
  5.9226  4.8105  0.9759  1.5945 45.5140
  5.1773  0.5362  0.9838  0.7400  3.0742
  5.7805  2.7079  0.9718  1.0132 22.8365
  4.4626  1.8355  0.9759  0.3690 14.1586
  5.1181  3.7183  0.9903  1.4334 33.4996
  4.6811  5.0216  0.9938  0.4860 47.8817
  5.5465  2.2063  0.9743  1.3921 17.7710
  4.7009  6.4128  0.9733  0.5889 63.7728
  6.2323  1.5700  0.9838  0.5434 11.6610
  5.1271  3.1797  0.9859  1.7635 27.7498
  4.8973  3.4671  0.9827  1.6312 30.8003
  5.2574  1.9886  0.9855  1.2443 15.6340
  5.6257  1.5679  0.9856  2.1346 11.6413
  5.2867  1.9891  0.9980  1.1649 15.6395
  5.2739  1.6696  0.9869  0.9566 12.5879
  5.0157  3.2306  0.9838  2.0165 28.2869
  5.4498  1.8532  0.9774  0.9603 14.3279
  5.5363  1.5499  0.9830  1.6970 11.4750
  6.1880  2.9931  0.9974  1.4414 25.7907
  5.8033  2.4474  0.9904  0.7783 20.1826
  5.3913  4.6558  0.9874  0.3375 43.7877
  3.9691  5.4443  0.9743  0.9407 52.6595
  4.4295  3.2152  0.9839  1.0092 28.1241
  5.3304  4.0904  0.9708  0.3886 37.5447
  5.6331  4.1797  0.9931  1.1184 38.5235
  5.3658  2.4110  0.9787  0.8295 19.8153
  5.0572  4.9858  0.9918  0.9696 47.4794
  5.7019  0.9887  0.9980  0.8739  6.5455
  5.1724  5.6041  0.9872  2.7175 54.4781
  4.7356  4.9175  0.9767  0.4131 46.7133
  5.6622  4.2460  0.9789  2.6967 39.2516
  5.6404  4.1560  0.9879  1.1911 38.2636
  4.9158  2.5790  0.9762  1.6124 21.5175
  5.2137  1.4143  0.9904  0.8416 10.2370
  5.0035  2.7172  0.9746  0.5551 22.9315
  6.7846  4.4078  0.6058  1.8046 41.0363
  4.9955  2.9862  0.9763  1.3627 25.7188
  4.8668  3.3071  0.9749  1.9153 29.0970
  3.6044  6.1427  0.9757  1.2562 60.6523
  5.3533  2.0060  0.9808  1.8517 15.8037
  5.0632  1.4750  0.9902  1.6207 10.7886
  5.7051  1.8601  0.9670  1.9970 14.3944
  5.4067  3.6026  0.9799  2.5737 32.2532
  4.9038  3.7106  0.9815  1.3418 33.4161
  5.3163  4.6269  0.9773  1.7644 43.4661
  4.3740  6.4264  0.9754  1.2846 63.9299
  5.7981  4.0778  0.9854  0.6874 37.4060
  5.4822  4.6605  0.9845  0.3088 43.8409
  5.0855  1.2371  0.9980  2.7712  8.6614
  5.9511  1.5871  0.9922  0.8519 11.8194
  4.7829  3.6330  0.9925  0.6353 32.5798
  4.2378  3.9526  0.9805  2.6513 36.0403
  4.7794  2.6380  0.9790  1.8853 22.1198
  5.8847  0.8692  0.9839  1.0974  5.5741
  5.0010  2.7310  0.9851  0.9791 23.0740
  5.3263  2.3466  0.9846  1.6089 19.1684
  6.0712  0.9172  0.9954  0.7955  5.9603
  5.2682  4.1470  0.9931  0.6272 38.1642
  6.0098  3.1647  0.9730  0.6416 27.5917
  5.0917  2.7070  0.9857  0.5292 22.8271
  4.5096  1.1331  0.9880  0.9644  7.7606
  5.4122  3.1292  0.9971  0.6757 27.2183
  4.8176  2.0186  0.9959  1.3161 15.9264
  5.5974  4.6637  0.9706  2.6327 43.8763
  4.8375  2.7054  0.9703  0.3607 22.8101
  6.0864  2.1034  0.9794  0.6880 16.7551
  4.6236  3.2410  0.9969  2.9591 28.3965
  4.9644  3.9447  0.9891  0.8423 35.9537
  5.0281  1.5475  0.9890  2.3934 11.4530
  4.7624  1.4139  0.9950  1.0264 10.2333
  5.3623  5.4563  0.9725  0.2272 52.7961
  4.1659  5.1461  0.9980  0.9389 49.2841
  4.7391  1.2253  0.9830  1.0437  8.5582
  5.3456  4.1327  0.9762  1.5826 38.0078
  5.4068  3.6055  0.9846  0.8691 32.2840
  6.0835  3.0468  0.9759  0.3775 26.3524
  4.7717  2.5165  0.9800  1.4688 20.8822
  5.7988  2.6825  0.9955  0.7471 22.5751
  6.2271  2.3961  0.9717  1.8945 19.6654
  4.8036  4.6550  0.9731  1.1214 43.7790
  6.5656  3.0721  0.7660  2.2906 26.6180
  5.0282  2.3323  0.9757  2.5354 19.0256
  4.9506  3.9734  0.9921  1.0457 36.2665
  4.8193  3.1622  0.9668  1.0831 27.5655
  5.8430  1.3979  0.9887  1.2201 10.0895
  3.9048  0.9073  0.9823  0.7791  5.8799
  5.3395  1.3103  0.9851  0.2097  9.3060
  5.2415  4.3524  0.9870  1.3523 40.4235
  4.0048  2.7357  0.9781  1.1278 23.1219
  4.1177  2.9835  0.9841  1.8228 25.6908
  5.3474  5.8414  0.9910  2.2380 57.1902
  5.7772  2.6958  0.9947  2.0343 22.7117
  4.8794  3.7810  0.9804  0.7563 34.1770
  3.6357  3.3315  0.9802  1.2427 29.3567
  4.2526  3.5508  0.9738  1.2008 31.6965
  5.6432  0.8457  0.9826  1.1214  5.3867
  4.7712  2.0053  0.9776  2.0200 15.7962
  6.1695  2.9410  0.9749  0.6269 25.2474
  3.5835  3.0188  0.9685  2.6441 26.0596
  5.5746  1.1714  0.9813  2.4169  8.0903
  5.6269  1.7595  0.9873  1.0494 13.4352
  5.3211  3.3609  0.9706  1.9691 29.6688
  5.1140  2.1437  0.9980  0.3629 17.1524
  5.2377  3.6331  0.9770  1.1798 32.5805
  4.1563  2.8402  0.9696  0.6747 24.2006
  4.3078  2.1729  0.9818  1.2473 17.4402
  5.5069  3.2239  0.9854  1.5400 28.2160
  5.3844  1.5007  0.9724  1.9503 11.0235
  5.4600  1.7686  0.9909  0.7542 13.5213
  5.2805  1.3613  0.9809  2.0321  9.7609
  5.3096  2.9152  0.9708  2.1401 24.9797
  5.4463  3.3817  0.9786  1.4967 29.8900
  5.2863  2.5943  0.9729  1.0714 21.6735
  5.4291  4.2450  0.9931  1.5903 39.2410
  5.2127  3.2885  0.9807  1.9586 28.8995
  4.3164  1.6983  0.9874  1.1031 12.8573
  4.5042  1.7620  0.9913  1.2424 13.4596
  6.1611  2.3987  0.9980  1.0126 19.6916
  5.1999  2.0094  0.9857  1.0669 15.8370
  5.9317  1.3102  0.9721  0.6833  9.3055
  4.4577  3.6076  0.9972  1.7864 32.3064
  5.0022  5.8020  0.9668  2.7536 56.7389
  5.3380  4.3383  0.9804  0.9707 40.2682
  5.3997  3.5303  0.9757  2.3846 31.4766
  5.1694  2.1973  0.9688  2.4191 17.6816
  4.8538  3.6491  0.9936  2.8245 32.7532
  4.7801  2.4231  0.9913  1.7967 19.9374
  5.4994  2.2796  0.9911  0.9992 18.4991
  4.1766  3.7680  0.9723  0.3422 34.0358
  4.3792  2.4192  0.9706  1.1621 19.8983
  3.7099  3.5238  0.9706  2.4765 31.4078
  4.0098  3.3110  0.9860  0.3544 29.1383
  4.2533  4.3727  0.9903  1.0636 40.6480
  4.7296  2.1272  0.9967  0.8726 16.9891
  5.1330  3.7420  0.9711  1.3520 33.7549
  5.1675  1.2507  0.9975  0.7158  8.7799
  5.1743  4.8745  0.9944  0.8615 46.2312
  3.9788  4.5560  0.9810  1.1032 42.6776
  4.9657  3.3742  0.9784  0.4929 29.8100
  5.4798  2.7840  0.9798  1.2352 23.6203
  4.6347  1.4083  0.9967  1.6176 10.1833
  5.3134  2.5096  0.9980  1.0807 20.8118
  4.5688  5.0928  0.9717  2.4643 48.6833
  4.3000  6.0201  0.9744  0.4848 59.2415
  5.2440  0.7533  0.9744  1.7582  4.6666
  5.2052  4.6670  0.9769  2.1382 43.9129
  5.4987  1.2303  0.9869  2.4666  8.6015
  5.8488  1.8626  0.9696  1.5215 14.4181
  4.6053  5.3906  0.9803  0.6499 52.0508
  4.9884  2.9754  0.9904  1.9166 25.6060
  5.4896  2.1967  0.9841  1.0561 17.6753
  5.2989  2.4785  0.9967  2.7746 20.4971
  5.3024  2.6349  0.9901  1.7621 22.0877
  5.0763  3.5110  0.9751  1.5786 31.2700
  5.2164  2.1880  0.9831  2.5362 17.5895
  4.5996  3.7691  0.9883  1.8556 34.0483
  5.5511  1.5954  0.9942  0.2195 11.8962
  4.8860  2.1933  0.9923  1.2458 17.6413
  5.2056  2.5640  0.9704  1.3302 21.3641
  4.8539  1.2892  0.9971  0.9214  9.1189
  5.6245  5.1271  0.9796  0.4091 49.0697
  5.0822  2.1571  0.9726  0.1190 17.2842
  5.2552  2.1675  0.9916  1.3797 17.3871
  5.3118  3.0168  0.9718  1.4067 26.0388
  5.2591  5.1644  0.9705  1.4259 49.4912
  5.1155  2.3468  0.9858  0.2595 19.1704
  4.1843  5.1604  0.9777  0.7859 49.4455
  4.2299  1.4236  0.9859  1.7940 10.3214
  6.1283  2.3588  0.9678  1.1616 19.2907
  4.8464  3.3092  0.9904  0.6613 29.1199
  4.4618  4.6060  0.9721  1.3769 43.2337
  4.6246  1.2724  0.9767  1.4191  8.9708
  5.3957  2.2676  0.9960  2.8902 18.3790
  5.3852  2.2847  0.9899  0.8875 18.5503
  4.0035  1.0349  0.9967  1.5188  6.9297
  5.0796  2.8271  0.9945  0.7136 24.0657
  5.8621  2.5815  0.9980  1.1820 21.5430
  4.7542  2.6738  0.9954  1.6481 22.4864
  5.0854  3.1070  0.9914  2.2548 26.9846
  5.1167  0.8555  0.9826  1.7351  5.4651
  5.1327  4.5562  0.9854  0.7894 42.6799
  5.3127  4.0815  0.9753  1.5458 37.4469
  3.6934  3.9187  0.9676  1.9985 35.6705
  4.4095  3.8501  0.9850  0.5259 34.9261
  5.6552  2.4701  0.9851  1.4690 20.4116
  4.3094  2.9922  0.9825  1.1579 25.7823
  6.0046  0.4520  0.9773  1.1582  2.5011
  5.5930  1.1887  0.9848  2.1555  8.2394
  3.8411  2.2408  0.9804  1.1422 18.1130
  3.8642  1.9080  0.9676  2.1750 14.8542
  4.7597  5.0570  0.9776  1.1043 48.2802
  5.0583  5.0603  0.9717  1.7102 48.3171
  6.2813  3.2285  0.9750  1.8367 28.2648
  5.3721  6.1247  0.9966  2.0209 60.4447
  5.9095  3.5712  0.9690  2.2698 31.9161
  4.9734  5.2955  0.9742  0.9321 50.9731
  5.1542  2.1310  0.9941  1.3341 17.0266
  5.5340  1.2024  0.9744  2.3844  8.3581
  5.3571  3.7697  0.9839  2.0376 34.0544
  4.9315  2.2075  0.9755  1.0053 17.7820
  5.6641  4.4313  0.9697  0.6903 41.2962
  3.8907  2.3939  0.9925  0.2812 19.6430
  4.4540  2.9174  0.9786  0.5204 25.0023
  5.6274  3.6762  0.9911  0.2649 33.0455
  5.4249  0.9166  0.9739  0.4952  5.9553
  4.6556  3.1045  0.9933  0.7113 26.9579
  4.1950  1.9964  0.9898  2.5516 15.7105
  4.9628  3.3612  0.9858  2.4556 29.6724
  5.6694  0.7831  0.9872  1.1264  4.8963
  5.5641  3.6515  0.9812  0.5981 32.7785
  5.5415  1.5382  0.9838  0.8584 11.3678
  4.4688  1.6688  0.9730  1.1604 12.5804
  4.2790  1.4529  0.9958  1.4794 10.5870
  4.7991  0.7180  0.9967  0.3455  4.3974
  3.6212  4.8500  0.9929  0.3004 45.9568
  4.7565  1.0327  0.9848  1.7033  6.9106
  5.5190  2.6816  0.9825  1.2282 22.5665
  4.0997  3.8619  0.9898  2.3196 35.0538
  4.7957  3.8159  0.9697  1.0960 34.5553
  5.8255  2.1556  0.9875  0.5950 17.2697
  5.5924  2.1652  0.9701  2.4822 17.3644
  4.7422  1.3265  0.9980  2.2432  9.4499
  4.6125  2.2614  0.9915  0.6012 18.3174
  4.8641  2.5007  0.9767  1.0159 20.7221
  5.2343  0.8952  0.9925  2.0468  5.7820
  5.8026  3.6157  0.9839  1.8474 32.3936
  5.2806  5.9339  0.9869  0.8960 58.2510
  4.6913  0.5373  0.9733  1.8407  3.0814
  4.8128  4.4177  0.9744  1.3305 41.1458
  4.6938  1.2245  0.9763  1.1416  8.5510
  4.6856  3.2679  0.9898  0.5990 28.6815
  4.6367  3.1199  0.9869  2.7715 27.1199
  5.5071  4.9862  0.9802  0.6247 47.4840
  5.1632  2.7561  0.9738  0.5803 23.3318
  3.5486  0.9870  0.9790  2.0947  6.5311
  5.1676  4.6716  0.9836  1.5108 43.9639
  4.6532  2.6429  0.9774  1.8483 22.1694
  4.3671  1.7532  0.9724  1.2003 13.3760
  5.5582  2.1356  0.9785  1.4822 17.0726
  5.3475  1.6194  0.9808  0.2822 12.1195
  5.7038  3.0009  0.9673  2.1833 25.8729
  4.9180  4.9697  0.9762  1.9724 47.2987
  4.2384  2.9974  0.9892  0.4849 25.8360
  5.0286  1.4090  0.9882  0.7539 10.1893
  4.8798  3.0358  0.9836  1.3569 26.2381
  4.8683  6.0803  0.9977  0.7954 59.9338
  5.6052  2.8862  0.9783  1.4841 24.6780
  4.9125  3.7681  0.9829  1.2891 34.0373
  5.4644  1.8515  0.9980  2.8239 14.3123
  4.7115  0.4702  0.9839  0.5230  2.6228
  5.0629  3.2746  0.9846  1.6885 28.7529
  5.2154  3.7007  0.9967  1.3166 33.3092
  5.4955  2.7134  0.9730  0.3473 22.8931
  4.2974  5.7367  0.9697  1.8331 55.9925
  4.7109  1.5516  0.9845  0.1040 11.4910
  5.8526  0.3813  0.9715  2.5171  2.0422
  5.1523  0.9241  0.9529  1.0755  6.0161
  5.4492  1.2039  0.9945  1.9183  8.3715
  4.6355  3.6408  0.9921  2.0503 32.6632
  5.8250  5.2089  0.9668  0.6320 49.9927
  5.2539  3.0338  0.9669  0.1805 26.2163
  5.5417  1.1793  0.9669  1.9651  8.1579
  5.3627  4.7783  0.9732  1.0718 45.1546
  5.5595  1.9117  0.9906  2.7894 14.8903
  4.7101  3.3726  0.9980  1.2598 29.7934
  3.9187  3.9043  0.9980  1.9402 35.5149
  5.2425  3.2346  0.9974  0.4965 28.3296
  5.0468  3.0976  0.9827  0.8312 26.8858
  6.3947  3.9904  0.9699  0.8097 36.4518
  4.7927  3.5874  0.9980  0.7468 32.0896
  4.5345  3.9510  0.9921  1.0286 36.0229
  5.3576  2.2559  0.9951  0.9546 18.2630
  5.6145  2.1762  0.9926  1.0516 17.4731
  4.6724  3.7323  0.9692  2.0810 33.6505
  5.1699  2.3871  0.9953  0.9889 19.5755
  5.2660  1.8086  0.9688  0.0351 13.9021
  4.7750  4.9047  0.9903  0.8229 46.5694
  3.8889  1.5445  0.9815  1.0505 11.4251
  5.6957  3.1114  0.9681  0.3196 27.0307
  5.1540  0.7627  0.9709  1.8814  4.7390
  5.4492  1.8036  0.9835  0.1585 13.8541
  4.9404  6.0732  0.9953  1.4812 59.8520
  4.9382  1.7319  0.9735  0.9843 13.1746
  5.2594  1.6977  0.9971  0.3695 12.8521
  4.6395  1.2830  0.9980  1.2556  9.0641
  5.2459  2.2711  0.9825  2.7932 18.4148
  4.6781  2.7922  0.9845  1.0505 23.7041
  5.9513  3.6851  0.9980  1.7752 33.1415
  4.4713  2.6199  0.9781  0.9195 21.9350
  5.0558  6.3336  0.9909  1.4104 62.8563
  5.0382  1.8116  0.9940  1.8261 13.9303
  4.0107  5.9241  0.9770  0.4337 58.1384
  5.0988  1.1054  0.9945  1.0759  7.5238
  5.1992  0.6867  0.9803  1.8823  4.1622
  5.2421  3.6491  0.9722  0.2230 32.7535
  6.2071  2.9257  0.9742  0.7204 25.0881
  5.7792  4.6512  0.9789  1.9256 43.7369
  3.6928  4.0090  0.9793  0.3501 36.6546
  4.4509  2.2993  0.9911  2.1761 18.6953
  4.9946  3.0786  0.9851  0.5029 26.6859
  5.1233  4.0979  0.9680  1.5258 37.6262
  5.3946  3.2944  0.9874  1.3082 28.9627
  4.6548  2.9991  0.9896  2.1429 25.8539
  5.5353  3.1304  0.9762  2.2080 27.2304
  5.2849  4.4181  0.9745  1.6160 41.1500
  5.3070  1.8997  0.9756  1.1965 14.7743
  4.4260  2.0246  0.9903  2.1159 15.9849
  4.5325  4.0628  0.9783  1.4398 37.2424
  4.8919  3.0813  0.9886  1.4876 26.7150
  5.6462  1.0018  0.9832  0.8443  6.6540
  5.2907  3.0865  0.9905  1.7633 26.7689
  5.0884  3.8971  0.9719  0.5197 35.4362
  4.9180  4.4228  0.9772  1.0614 41.2022
  4.0609  4.0896  0.9749  1.2959 37.5359
  5.0229  1.6233  0.9793  0.8354 12.1557
  4.0284  3.6130  0.9727  2.6219 32.3650
  5.0303  2.3817  0.9831  0.7878 19.5204
  5.1695  3.3467  0.9811  0.4839 29.5181
  5.2618  1.9911  0.9927  1.7308 15.6582
  5.2616  2.0569  0.9882  1.4417 16.3001
  5.2711  4.6105  0.9865  1.1882 43.2844
  5.1309  4.4653  0.9905  0.3460 41.6728
  4.7436  2.3240  0.9872  1.8855 18.9422
  4.5461  1.7592  0.9937  2.6907 13.4329
  4.2158  2.4664  0.9937  1.8748 20.3740
  4.6162  2.8769  0.9795  1.0895 24.5816
  5.3164  1.2188  0.9771  1.5763  8.5011
  5.5904  0.9992  0.9738  0.5097  6.6321
  5.6752  3.4890  0.9784  1.4483 31.0348
  4.7464  2.0214  0.9746  3.0412 15.9530
  5.1342  2.5619  0.9668  0.4788 21.3435
  5.2001  2.1656  0.9677  2.0887 17.3677
  5.2134  3.3968  0.9865  0.9069 30.0512
  4.9318  3.7068  0.9759  2.5718 33.3749
  5.2030  4.6315  0.9836  0.8584 43.5180
  4.9236  3.8065  0.9865  0.9983 34.4528
  4.3809  4.2841  0.9837  2.9090 39.6706
  3.8405  1.6501  0.9749  2.4328 12.4056
  5.1561  3.3822  0.9688  0.2310 29.8950
  5.1670  1.7225  0.9857  1.6895 13.0852
  4.0347  2.5266  0.9946  1.0723 20.9849
  5.2865  1.8488  0.9775  2.0940 14.2863
  4.9397  3.7365  0.9673  1.7511 33.6953
  5.2868  4.0670  0.9672  1.4622 37.2889
  5.3640  4.7434  0.9713  2.2108 44.7648
  4.4372  5.8211  0.9756  1.4326 56.9581
  5.1968  1.9075  0.9973  2.2041 14.8496
  4.8830  4.2989  0.9795  0.4913 39.8345
  5.3271  3.1338  0.9966  1.4728 27.2662
  5.1317  1.6948  0.9872  1.6872 12.8247
  5.0504  2.4949  0.9756  1.5307 20.6625
  3.8729  6.0578  0.9895  0.8477 59.6747
  5.8710  2.8273  0.9976  1.1841 24.0672
  5.0717  0.6875  0.9694  0.8811  4.1679
  4.6983  2.5724  0.9898  1.1762 21.4506
  5.0700  3.8314  0.9980  1.0660 34.7234
  5.8658  2.2159  0.9921  2.3666 17.8655
  4.8179  5.7506  0.9961  0.7910 56.1506
  5.0957  1.9666  0.9825  0.1536 15.4212
  3.5873  6.1051  0.9671  0.8174 60.2188
  4.4923  2.5259  0.9915  1.8635 20.9768
  4.7609  3.1251  0.9720  1.4627 27.1749
  5.4250  1.5863  0.9966  0.4701 11.8122
  4.9743  5.5090  0.9784  1.6507 53.3957
  5.4907  0.8421  0.9736  0.7102  5.3589
  5.5753  1.1776  0.9866  1.7544  8.1435
  4.4223  3.8519  0.9973  1.9012 34.9452
  4.4651  1.1338  0.9731  0.7181  7.7670
  5.7248  3.0595  0.9745  1.3635 26.4858
  5.4685  0.6103  0.9980  1.4290  3.6001
  5.2734  2.8271  0.9980  0.6569 24.0648
  4.2550  3.8181  0.9935  1.9088 34.5790
  4.0467  4.3991  0.9796  1.7003 40.9399
  4.8547  0.9352  0.9775  2.7812  6.1060
  4.5264  3.5280  0.9967  2.6907 31.4524
  5.0780  3.1015  0.9736  0.3700 26.9263
  6.0590  2.2406  0.9721  0.4229 18.1110
  4.9211  4.0260  0.9885  0.3320 36.8402
  5.4271  1.3270  0.9674  2.1398  9.4543
  5.3751  1.6106  0.9895  0.5318 12.0373
  5.7296  3.9559  0.9947  0.2309 36.0757
  5.7292  3.0650  0.9936  0.5683 26.5439
  5.2517  0.4951  0.9723  1.0237  2.7912
  5.6592  0.8781  0.9980  2.2765  5.6451
  5.8440  4.2234  0.9964  0.8885 39.0027
  5.2471  4.2204  0.9895  0.9281 38.9698
  5.6928  1.9996  0.9980  0.7777 15.7407
  5.1399  1.3646  0.9774  1.4414  9.7905
  4.5601  2.5728  0.9916  1.3066 21.4543
  5.8589  1.9786  0.9670  1.4260 15.5370
  5.2145  4.2503  0.9928  1.8469 39.2992
  5.3642  2.0115  0.9764  2.2730 15.8568
  4.2327  2.7653  0.9789  1.5716 23.4270
  5.4598  2.6949  0.9980  2.2631 22.7027
  5.3424  3.8087  0.9980  0.4685 34.4769
  4.8007  3.5137  0.9744  0.2236 31.2993
  5.2261  1.9503  0.9675  1.0784 15.2628
  5.1743  3.9033  0.9848  1.5607 35.5031
  5.3467  3.3072  0.9838  1.9442 29.0985
  4.6806  5.8745  0.9874  1.5724 57.5697
  4.9611  4.6534  0.9685  1.3940 43.7611
  4.6539  2.8929  0.9841  1.8064 24.7477
  5.2882  2.1355  0.9980  2.0684 17.0707
  5.9683  3.3743  0.9723  1.2639 29.8112
  5.2287  5.4754  0.9705  2.1459 53.0134
  5.5000  4.0536  0.9870  0.4734 37.1424
  4.9881  3.0179  0.9962  1.2182 26.0507
  4.8663  1.8916  0.9778  1.3967 14.6968
  5.2584  3.0301  0.9940  0.1719 26.1779
  5.5671  3.5802  0.9935  2.4025 32.0128
  5.2276  5.4677  0.9795  0.2884 52.9264
  3.8412  1.6168  0.9940  0.9690 12.0954
  4.9825  2.3772  0.9667  2.3166 19.4752
  5.0312  1.8115  0.9745  2.4489 13.9293
  4.8490  1.4981  0.9695  1.9735 10.9997
  4.4704  2.3755  0.9957  1.5181 19.4585
  3.5235  4.9642  0.9672  0.7380 47.2375
  4.8463  3.0285  0.9824  2.1393 26.1609
  4.5494  2.5819  0.9847  1.6289 21.5467
  4.7556  1.8143  0.9907  0.3771 13.9561
  5.9708  3.7335  0.9980  0.7675 33.6633
  5.1885  2.8324  0.9704  1.2237 24.1207
  4.5487  5.2378  0.9716  1.8628 50.3202
  5.1785  2.9784  0.9873  1.1963 25.6373
  5.2821  1.2772  0.9945  2.2792  9.0132
  4.8063  3.5163  0.9717  1.3340 31.3266
  5.1386  4.5396  0.9893  0.6483 42.4965
  5.0511  3.1938  0.9777  0.3792 27.8980
  5.7173  2.8561  0.9764  1.8857 24.3652
  4.3437  3.8036  0.9698  2.1849 34.4214
  4.4451  3.0840  0.9946  2.5139 26.7426
  5.6084  0.7283  0.9709  0.7000  4.4755
  5.7216  4.1535  0.9681  2.0724 38.2359
  5.4843  2.1402  0.9753  2.4673 17.1178
  5.3582  2.2791  0.9920  0.3724 18.4939
  4.5105  4.5597  0.9741  1.5826 42.7194
  5.3171  1.7373  0.9669  0.7760 13.2255
  5.8855  4.5584  0.9709  0.1036 42.7043
  4.6999  3.0587  0.9798  0.5059 26.4779
  5.1038  2.2296  0.9826  1.6759 18.0020
  3.6974  2.1915  0.9786  0.6177 17.6241
  4.8692  2.7265  0.9833  1.8939 23.0270
  5.3443  2.2361  0.9902  2.2343 18.0666
  5.4235  3.1398  0.9713  1.8821 27.3297
  3.9298  5.5147  0.9964  1.2052 53.4610
  4.1318  3.0919  0.9888  1.8332 26.8253
  5.5873  2.9955  0.9830  0.7601 25.8159
  5.1413  0.9503  0.9730  1.1096  6.2294
  6.3312  3.3562  0.9770  2.4860 29.6182
  5.3476  4.4413  0.9739  1.9869 41.4068
  4.6738  3.2627  0.9865  0.5807 28.6269
  5.7383  2.0606  0.9737  1.7329 16.3362
  5.3868  4.3592  0.9947  2.0352 40.4990
  5.1105  1.7961  0.9864  1.3859 13.7826
  4.6232  6.1999  0.9761  1.0013 61.3122
  4.7048  2.8073  0.9727  1.6235 23.8606
  5.0111  5.1854  0.9734  0.7674 49.7273
  4.8944  0.9354  0.9819  1.7296  6.1081
  5.3956  1.7980  0.9882  1.0341 13.8014
  4.4489  3.1314  0.9820  1.5418 27.2409
  4.7321  3.7261  0.9733  1.8943 33.5832
  4.7185  2.0991  0.9786  1.4774 16.7129
  5.5046  3.5063  0.9723  0.7872 31.2199
  5.2639  2.8670  0.9908  1.8654 24.4790
  4.0391  2.1283  0.9706  0.7532 17.0005
  5.3019  1.5232  0.9772  2.0675 11.2293
  5.1679  2.8857  0.9776  1.0198 24.6723
  5.2838  4.1094  0.9698  1.8572 37.7529
  4.7247  2.6962  0.9980  2.9055 22.7159
  5.4021  1.5040  0.9706  0.2266 11.0533
  4.2563  3.6330  0.9902  2.0000 32.5795
  4.9150  2.7630  0.9980  2.0594 23.4034
  5.7833  4.7549  0.9776  1.5996 44.8936
  5.5926  0.6676  0.9873  0.7921  4.0199
  5.0416  3.4787  0.9704  1.4317 30.9249
  5.4366  5.6464  0.9817  2.7351 54.9605
  4.0916  5.0115  0.9975  2.3054 47.7686
  5.2090  3.7226  0.9677  0.7246 33.5460
  6.5737  1.9050  0.8940  1.9631 14.8253
  4.2867  2.6295  0.9764  2.7936 22.0323
  4.6828  2.1882  0.9727  2.9570 17.5911
  4.8355  4.6530  0.9852  1.2702 43.7570
  5.7210  3.4094  0.9834  2.4544 30.1847
  5.7314  1.8586  0.9690  0.3750 14.3802
  5.2935  2.3292  0.9970  0.8241 18.9942
  4.8300  3.0719  0.9980  0.1780 26.6161
  5.2811  1.0983  0.9866  2.0840  7.4635
  6.5101  1.5651  0.9145  2.3020 11.6152
  5.2832  2.5665  0.9980  0.3826 21.3904
  4.7002  3.9850  0.9711  1.5720 36.3932
  5.1373  2.2266  0.9917  0.6200 17.9719
  5.6117  2.2659  0.9691  1.6780 18.3628
  5.3012  2.0200  0.9731  2.4783 15.9397
  6.4696  3.1585  0.8482  1.1694 27.5263
  4.4500  5.3826  0.9833  2.9236 51.9602
