  5.1883  4.4146  0.6526  1.0065 41.1115
  4.9041  1.5825  0.0102  1.3059 11.7762
  5.1115  2.2090  0.1289  0.6545 17.7978
  5.3598  3.0442  0.8765  1.4876 26.3255
  5.0333  3.9887  0.8488  0.7813 36.4336
  6.0420  3.2297  0.6492  1.4057 28.2780
  5.6886  2.0564  0.9932  0.8851 16.2948
  4.7479  3.5014  0.9117  1.4549 31.1681
  4.5635  4.3680  0.6077  0.3182 40.5960
  5.7803  3.2534  0.7599  2.0448 28.5279
  4.7128  4.2143  0.7981  1.0710 38.9032
  5.2331  1.4851  0.5205  0.2954 10.8803
  4.8119  1.2607  0.2168  1.0779  8.8681
  5.4875  3.2173  0.8310  1.0322 28.1470
  4.1649  2.0467  0.8839  0.6781 16.2004
  4.9512  4.2654  0.1321  1.6731 39.4655
  4.7577  2.5283  0.2147  1.6953 21.0017
  5.6834  1.9018  0.7591  1.4535 14.7953
  4.3240  2.9064  0.3264  2.6167 24.8883
  5.4749  3.8004  0.2069  2.6894 34.3871
  5.0992  4.4573  0.5025  1.6473 41.5833
  4.8662  2.7295  0.1680  2.1447 23.0586
  5.2106  4.2631  0.2421  2.9568 39.4398
  6.0828  0.4120  0.6312  1.3130  2.2389
  4.0903  4.4288  0.4652  1.4435 41.2684
  4.8133  1.0508  0.7778  0.7099  7.0624
  5.6557  3.0997  0.1641  1.9400 26.9079
  5.9503  2.1443  0.1739  1.5324 17.1578
  5.2261  0.7007  0.4802  1.9540  4.2668
  6.3520  3.6585  0.1565  1.7172 32.8542
  4.2294  3.2452  0.1126  2.2960 28.4410
  4.9116  1.6791  0.2128  0.9486 12.6771
  5.4762  3.8764  0.3035  1.8826 35.2109
  5.9631  2.9553  0.1814  2.3077 25.3972
  4.5147  1.9775  0.4923  2.1523 15.5262
  5.7367  4.2611  0.0412  1.8270 39.4174
  4.1106  4.0304  0.5137  0.6129 36.8888
  5.4480  2.5724  0.8358  1.6814 21.4497
  5.4250  0.8142  0.5060  2.4259  5.1388
  5.2165  2.7449  0.9924  0.9683 23.2165
  6.1969  1.1948  0.6458  0.2530  8.2923
  4.8587  2.8012  0.6292  0.6149 23.7977
  4.9970  3.1036  0.4016  0.3506 26.9487
  5.7011  2.8855  0.0509  1.8647 24.6711
  5.6242  3.9419  0.6321  0.6915 35.9232
  5.3849  3.4632  0.3714  0.9814 30.7596
  5.5971  1.3352  0.7537  0.7228  9.5278
  5.1816  3.8790  0.6360  1.4401 35.2399
  5.8559  2.8469  0.2191  2.6548 24.2700
  4.9892  1.9336  0.9306  1.7959 15.1011
  5.2603  1.2430  0.2475  1.1576  8.7125
  5.4598  1.6174  0.5179  0.9634 12.1008
  6.0082  1.6434  0.7875  1.5605 12.3430
  4.2566  3.9321  0.4710  2.0191 35.8170
  4.3108  4.1227  0.1553  1.4045 37.8985
  5.6056  2.6349  0.6383  0.6492 22.0877
  5.7340  2.9008  0.2639  1.9249 24.8295
  4.2386  1.0216  0.5927  0.6687  6.8182
  4.8148  2.2952  0.3713  2.5718 18.6544
  5.8087  4.2321  0.6191  0.9234 39.0985
  5.3680  1.7833  0.2801  1.0105 13.6615
  5.3160  3.8856  0.1279  1.5945 35.3113
  4.5996  2.9852  0.0942  1.5700 25.7085
  5.9178  2.3753  0.7225  1.0320 19.4568
  5.7859  3.7491  0.1036  1.2104 33.8324
  5.0958  2.6896  0.5732  2.5893 22.6486
  5.0690  1.9570  0.0842  0.5043 15.3276
  5.0952  3.9950  0.6759  0.3618 36.5024
  5.1657  2.7545  0.9434  2.6340 23.3156
  4.9945  4.4431  0.6895  0.8904 41.4262
  5.5399  1.2780  0.2868  1.7856  9.0207
  5.8757  3.6068  0.4738  0.9138 32.2984
  5.8946  2.0189  0.1038  0.2650 15.9289
  5.0564  4.3376  0.8760  0.6397 40.2603
  5.1770  1.6040  0.6332  2.6274 11.9764
  5.1242  1.6610  0.0768  2.1853 12.5075
  4.8155  2.3912  0.2881  0.8710 19.6166
  4.8198  1.8366  0.0589  1.8248 14.1697
  5.3576  2.3598  0.6764  1.7035 19.3005
  5.7000  0.5276  0.1263  1.4783  3.0144
  5.3787  2.3124  0.8063  1.2167 18.8263
  4.9956  1.1087  0.7960  1.2610  7.5526
  4.8886  2.4832  0.5561  1.0363 20.5440
  5.2427  1.5308  0.7467  2.1391 11.2990
  4.0587  1.9556  0.8764  1.8121 15.3145
  4.6273  2.4809  0.9661  1.4873 20.5213
  4.6329  4.0893  0.9483  1.2057 37.5324
  5.0106  1.2914  0.9519  0.2977  9.1390
  4.9458  2.6289  0.4631  0.4658 22.0264
  5.2035  3.5508  0.1823  2.9977 31.6970
  5.9601  3.0832  0.4762  1.2198 26.7341
  5.1110  3.0641  0.2566  0.5570 26.5339
  5.0698  2.2321  0.6550  1.5385 18.0263
  5.0140  4.3674  0.9683  0.6055 40.5898
  5.4218  2.0119  0.3086  2.0624 15.8612
  4.0860  1.2952  0.2188  0.8756  9.1723
  6.3080  2.5610  0.7842  2.6693 21.3336
  3.9918  1.7770  0.3363  0.3998 13.6014
  4.1576  2.6147  0.3035  1.7730 21.8818
  5.1255  1.2832  0.3563  0.9455  9.0658
  4.4196  2.4682  0.3987  0.1859 20.3927
  4.8331  1.7848  0.6745  2.3870 13.6759
  4.3070  1.8481  0.8943  1.2325 14.2794
  5.2386  2.3689  0.0850  2.6021 19.3924
  5.0713  3.1774  0.9914  1.8068 27.7255
  4.9317  1.5236  0.3519  2.9461 11.2335
  5.9298  2.8722  0.8427  2.3962 24.5328
  5.6403  1.9067  0.1938  2.8061 14.8418
  5.2789  2.0525  0.7252  2.2172 16.2565
  4.6638  3.1087  0.4653  1.9443 27.0021
  5.4914  3.9637  0.3872  0.9928 36.1605
  6.8672  1.0164  0.2668  1.6912  6.7748
  5.1936  1.5205  0.0220  0.9683 11.2045
  5.6418  1.3501  0.9289  1.9638  9.6606
  5.3596  2.2038  0.0346  2.5967 17.7453
  4.5456  1.7258  0.3201  2.4268 13.1172
  5.3161  2.4933  0.9596  2.5270 20.6467
  5.2710  2.9154  0.7220  2.1247 24.9809
  5.7425  4.1346  0.3638  1.5800 38.0284
  5.9208  3.0381  0.7565  0.9970 26.2622
  4.9220  3.2086  0.5186  0.7321 28.0549
  6.7298  1.4701  0.0051  2.3538 10.7440
  5.3343  2.4710  0.7272  1.1638 20.4213
  4.7211  1.4203  0.9649  1.7326 10.2917
  4.6092  3.8234  0.2303  1.9686 34.6361
  5.1571  2.3146  0.7966  1.9198 18.8483
  5.6802  3.2853  0.7854  0.9073 28.8662
  4.2224  3.8309  0.0401  1.7864 34.7173
  4.9331  3.1366  0.1875  0.0671 27.2957
  5.1842  1.4206  0.0923  0.7476 10.2946
  5.2234  3.1394  0.6598  1.5013 27.3253
  4.7405  2.5188  0.1145  1.1205 20.9053
  5.8514  1.5699  0.1711  1.1583 11.6598
  5.0561  3.3555  0.7040  2.1173 29.6114
  5.0408  3.1072  0.7127  1.6568 26.9870
  5.5097  0.6231  0.3580  1.3583  3.6928
  5.1219  3.9900  0.8243  1.2670 36.4477
  5.6608  3.4942  0.1694  1.2370 31.0911
  5.8387  1.8250  0.6515  2.0910 14.0585
  4.1424  3.6425  0.9482  1.5710 32.6825
  5.8534  0.9553  0.8126  2.4568  6.2702
  5.1806  3.3989  0.9171  2.2911 30.0732
  5.1794  1.4478  0.3088  2.8551 10.5408
  5.3094  3.1306  0.1612  1.2263 27.2323
  5.1992  3.7257  0.0696  1.4649 33.5795
  5.4293  4.3565  0.8292  0.3348 40.4688
  3.7601  4.1931  0.1825  1.3760 38.6701
  4.7459  3.7358  0.5522  0.5511 33.6882
  4.3663  2.4321  0.2242  2.7624 20.0279
  5.1931  1.1592  0.7740  1.0326  7.9847
  5.5135  2.2065  0.9722  1.1152 17.7728
  3.8578  3.8203  0.3005  2.1097 34.6021
  5.7945  3.9441  0.1651  2.6285 35.9473
  5.2529  3.5048  0.0527  0.9245 31.2044
  5.5856  4.4353  0.3542  0.9697 41.3399
  5.0706  4.3712  0.3268  2.5191 40.6320
  4.1898  3.8029  0.6001  2.1311 34.4143
  3.9397  2.8341  0.8417  1.4687 24.1382
  6.4847  3.4408  0.7076  1.8126 30.5195
  5.5375  2.5348  0.9512  1.4747 21.0674
  4.7456  1.3595  0.1061  1.4380  9.7444
  6.5090  3.0861  0.8426  2.8230 26.7645
  5.5472  3.0925  0.0578  1.8786 26.8324
  5.7458  0.3606  0.9361  2.3870  1.9120
  4.7854  2.0073  0.5087  1.1099 15.8159
  5.6079  1.0824  0.2138  1.3659  7.3287
  4.1461  2.7560  0.4532  0.9863 23.3307
  4.5726  3.1064  0.9183  2.6851 26.9777
  4.9769  3.4299  0.3919  1.4896 30.4034
  5.8168  0.9304  0.6536  1.9925  6.0675
  5.2373  2.0118  0.6333  1.0041 15.8597
  4.3372  2.0017  0.3876  2.3028 15.7616
  5.6766  2.9048  0.8808  2.2700 24.8715
  5.5443  2.3417  0.5861  2.0533 19.1193
  4.8920  0.9208  0.0663  2.5597  5.9890
  5.8321  2.0221  0.9762  0.2261 15.9606
  5.4076  1.7608  0.5251  2.0244 13.4480
  5.6029  1.4235  0.5132  2.1004 10.3205
  5.0136  2.8938  0.5819  0.6929 24.7570
  5.8399  3.0782  0.1809  1.0436 26.6825
  5.4309  1.5334  0.4446  2.9198 11.3237
  5.4776  0.9374  0.7906  1.7770  6.1243
  4.7687  1.7701  0.0776  1.3914 13.5364
  5.7716  1.8152  0.8695  0.1882 13.9651
  5.0880  2.2113  0.4532  0.5758 17.8197
  6.4779  1.6521  0.4668  2.5879 12.4244
  5.3751  3.4018  0.8466  1.2428 30.1042
  5.0343  1.3256  0.6710  0.7419  9.4423
  5.3385  2.5242  0.9588  2.3898 20.9605
  4.2040  1.3882  0.7529  1.2415 10.0019
  5.2386  2.8382  0.5950  0.9614 24.1802
  6.5309  2.4893  0.5136  1.0803 20.6060
  4.8895  2.6681  0.3823  1.6960 22.4281
  4.0696  3.1828  0.6921  2.7058 27.7823
  5.6778  2.5761  0.5478  2.7330 21.4880
  5.0546  2.6025  0.4296  1.6851 21.7569
  3.8195  3.4449  0.8147  1.4000 30.5641
  4.7179  4.1099  0.5737  0.9171 37.7577
  5.1055  2.0352  0.6725  1.1943 16.0882
  5.3339  3.0883  0.0635  2.5686 26.7885
  3.7782  4.2790  0.2096  0.7154 39.6149
  4.8937  3.9081  0.7145  1.3762 35.5558
  5.7792  2.1732  0.7913  0.5706 17.4432
  4.9843  3.9034  0.4931  1.5826 35.5043
  5.0525  2.7465  0.3447  0.8942 23.2334
  5.3512  2.8067  0.7549  2.9018 23.8543
  5.3785  3.6924  0.9607  1.7106 33.2199
  5.3357  3.5545  0.6380  1.8627 31.7362
  5.8351  1.5451  0.3662  2.7950 11.4311
  5.1680  2.4702  0.3073  0.0892 20.4131
  4.0478  3.8168  0.4172  1.0626 34.5643
  5.0395  3.3802  0.8173  0.7324 29.8735
  5.0013  1.4480  0.9114  0.4900 10.5425
  5.3613  2.9278  0.0414  2.0868 25.1101
  3.9708  1.5606  0.8545  1.2670 11.5738
  5.2840  1.3974  0.0075  1.0680 10.0849
  4.8499  1.3014  0.5936  1.3741  9.2269
  4.0977  2.7774  0.5494  2.2995 23.5515
  4.8839  3.2412  0.2428  0.5478 28.3988
  5.3659  2.2637  0.5960  1.9409 18.3407
  5.7187  4.2154  0.5867  2.7092 38.9150
  5.8349  0.6496  0.3346  1.3849  3.8865
  4.8375  2.8123  0.4977  1.6942 23.9125
  5.6168  3.5324  0.2000  1.3245 31.4993
  5.1065  1.2666  0.3530  1.4620  8.9196
  4.7145  2.7808  0.4887  2.4663 23.5868
  4.7702  1.8801  0.4270  1.0970 14.5863
  5.6783  1.2469  0.2185  2.5633  8.7470
  4.7445  2.0880  0.8933  0.5650 16.6042
  5.0759  2.5686  0.7726  0.0519 21.4117
  5.1863  0.6495  0.4629  1.5768  3.8860
  5.3034  2.6682  0.8622  3.0648 22.4289
  5.8847  2.7820  0.1776  1.0654 23.5989
  5.2868  1.7895  0.1592  1.9103 13.7199
  5.5013  1.3113  0.3486  2.1899  9.3153
  4.3070  4.1918  0.8364  1.7053 38.6557
  5.5814  2.8650  0.0852  1.1673 24.4579
  4.8920  4.0265  0.8778  1.1244 36.8454
  4.9775  2.3350  0.5778  0.5006 19.0526
  5.2759  2.8986  0.6282  2.2956 24.8066
  5.1043  2.0438  0.4379  1.4456 16.1723
  5.0781  3.1478  0.5388  1.9198 27.4138
  4.9258  2.6925  0.9170  0.1527 22.6778
  5.1922  2.2842  0.9531  1.6205 18.5452
  6.3914  3.6473  0.0082  1.9565 32.7336
  5.0037  1.4566  0.6190  1.0178 10.6208
  6.2997  0.8116  0.2905  0.8857  5.1183
  5.6095  0.7359  0.0488  1.9418  4.5335
  4.1888  3.6617  0.6460  2.2424 32.8889
  5.2189  2.2096  0.6679  2.3438 17.8035
  5.6133  1.9200  0.1721  1.5904 14.9707
  5.5728  4.3345  0.5624  1.1335 40.2267
  5.0121  2.1039  0.4389  1.9134 16.7600
  5.2503  1.7871  0.2460  1.3343 13.6970
  5.4466  3.3160  0.2226  1.2201 29.1920
  5.6000  2.3152  0.2532  1.2142 18.8539
  4.7030  2.2624  0.2641  1.5333 18.3274
  4.9225  2.3637  0.5247  2.7526 19.3397
  4.3504  1.8587  0.3977  1.7141 14.3809
  4.4143  3.8175  0.1558  2.4176 34.5726
  4.8343  3.8084  0.7206  1.6059 34.4731
  4.5391  3.8666  0.7714  0.6592 35.1048
  5.5267  3.1011  0.6361  1.2680 26.9226
  5.3479  2.0847  0.3371  1.7194 16.5722
  5.7467  0.4260  0.0283  2.4052  2.3297
  5.0526  1.3097  0.0074  2.3422  9.3006
  4.4913  3.5854  0.4295  0.3709 32.0682
  5.2425  1.5295  0.2809  0.8989 11.2872
  5.6051  1.8727  0.3429  1.9787 14.5154
  4.7617  3.4714  0.6998  2.6186 30.8472
  4.7989  4.0857  0.9121  0.0674 37.4929
  4.0276  2.8542  0.8290  0.7177 24.3465
  5.7960  1.6950  0.9746  2.2858 12.8268
  5.0393  3.1438  0.7072  0.7851 27.3715
  4.3644  0.8892  0.9319  0.9690  5.7343
  4.8768  2.1003  0.0275  1.3131 16.7256
  3.9511  2.9328  0.5543  0.5527 25.1629
  4.8525  1.3840  0.8517  1.5561  9.9643
  6.7669  3.1989  0.7775  0.5191 27.9521
  3.6710  2.9760  0.3913  2.1819 25.6126
  4.9383  1.9602  0.6511  1.2217 15.3587
  4.1050  2.2972  0.4592  0.3300 18.6746
  4.6723  4.1815  0.1158  2.7514 38.5430
  5.2750  4.2930  0.2352  0.8056 39.7687
  4.8214  3.0373  0.7565  0.5825 26.2534
  3.9187  4.2216  0.0874  1.7106 38.9838
  5.7189  3.5416  0.8701  0.2492 31.5979
  5.1364  4.4763  0.8202  0.5173 41.7939
  4.3382  2.5520  0.5915  0.7285 21.2421
  5.0281  2.7137  0.1328  0.3416 22.8962
  3.9168  3.0500  0.4166  0.9122 26.3862
  5.1849  1.6327  0.7229  0.1816 12.2434
  5.2404  2.3609  0.2998  1.3502 19.3121
  5.2631  3.6429  0.5121  2.9921 32.6867
  4.8851  2.4614  0.1858  3.0167 20.3244
  5.6172  3.0767  0.8510  1.2425 26.6665
  5.9735  3.4716  0.6079  0.9598 30.8490
  6.8464  3.1663  0.5188  1.9222 27.6084
  4.6885  0.8898  0.5860  0.7729  5.7391
  5.5435  4.1548  0.2779  0.3842 38.2498
  5.2107  1.5124  0.3799  0.9596 11.1303
  4.9557  3.3625  0.3406  1.7312 29.6861
  4.4573  1.8464  0.9724  0.8152 14.2627
  4.7473  3.9762  0.6734  2.5076 36.2973
  4.1793  3.4324  0.5955  1.5693 30.4303
  5.4588  3.4022  0.2667  0.9099 30.1082
  5.2933  3.4223  0.7483  0.5426 30.3230
  6.0405  2.3134  0.5359  2.0896 18.8360
  6.0299  2.9243  0.6071  1.7403 25.0736
  5.5792  2.2391  0.7950  1.3729 18.0958
  4.4972  3.1716  0.7864  2.2103 27.6644
  4.4443  1.1951  0.0362  1.4767  8.2953
  4.7904  3.2313  0.8716  2.0485 28.2944
  5.4526  1.4248  0.1977  2.2111 10.3324
  5.1104  4.1646  0.7577  2.4352 38.3572
  4.5745  3.4736  0.1293  1.9758 30.8700
  5.2520  3.0001  0.6310  2.5245 25.8639
  5.3467  1.7044  0.6142  2.3214 12.9154
  4.9016  2.0360  0.8230  1.5995 16.0962
  5.4834  3.3267  0.5539  0.3800 29.3050
  5.1237  1.4952  0.6098  2.5691 10.9732
  4.7378  3.1809  0.0155  2.3475 27.7620
  5.6277  2.0465  0.5199  1.2953 16.1980
  5.7867  2.9445  0.9486  0.9436 25.2839
  5.2389  1.0707  0.6146  2.8883  7.2301
  4.7432  3.0176  0.8782  0.6125 26.0474
  5.6836  0.9027  0.5886  1.6979  5.8429
  4.7239  1.9668  0.5300  2.1106 15.4224
  5.1712  3.9102  0.9132  1.0674 35.5781
  5.7711  1.7626  0.2100  2.3537 13.4649
  6.2303  3.0844  0.9572  1.7498 26.7472
  5.3520  3.9614  0.2719  0.8641 36.1354
  4.7065  4.3193  0.2493  2.4986 40.0592
  5.3242  1.6890  0.8607  1.2382 12.7700
  4.9880  1.6041  0.8047  1.0305 11.9765
  4.9275  2.7206  0.9936  1.5828 22.9666
  4.6583  3.2109  0.2622  0.1957 28.0785
  5.2680  2.2819  0.5854  1.1140 18.5218
  5.7490  1.7304  0.8624  2.0847 13.1599
  5.4719  2.0953  0.2269  1.1396 16.6761
  5.4066  1.9659  0.3586  1.5228 15.4138
  4.8337  2.3413  0.6181  1.8373 19.1159
  5.0395  2.8635  0.7766  2.6525 24.4424
  6.1968  2.1112  0.1104  1.3444 16.8325
  5.2867  1.2623  0.6931  2.6562  8.8819
  6.0930  3.9656  0.5258  0.8195 36.1821
  4.0634  4.0077  0.4193  2.5064 36.6402
  5.1368  3.2872  0.6215  1.9240 28.8863
  5.5739  3.0970  0.2472  1.9428 26.8790
  3.8050  4.3483  0.0649  2.4452 40.3789
  4.8463  2.0379  0.1394  0.3569 16.1146
  3.8232  1.6994  0.5454  2.4353 12.8684
  5.0855  2.8819  0.7664  0.3050 24.6331
  3.6744  0.1311  0.5429  0.8050  0.6093
  4.9926  3.9361  0.4151  1.5169 35.8598
  4.7564  4.0894  0.5360  0.8867 37.5335
  3.9204  1.9880  0.4562  2.2715 15.6285
  5.3055  0.8398  0.1046  2.7665  5.3406
  5.6868  2.2840  0.4770  0.4420 18.5424
  5.1322  1.1586  0.3656  1.0105  7.9798
  5.4298  2.6155  0.1847  2.2873 21.8899
  4.8329  3.9992  0.2449  1.4400 36.5481
  5.0793  1.6244  0.0306  0.0408 12.1657
  5.4333  2.9057  0.6784  2.4994 24.8806
  4.9145  3.4827  0.8951  0.9752 30.9673
  5.4373  2.2936  0.6100  2.2039 18.6384
  4.4829  3.1973  0.2090  1.3666 27.9358
  5.7040  1.1616  0.1045  0.7237  8.0055
  5.9934  3.4176  0.9978  2.6117 30.2720
  5.0210  4.1954  0.4734  2.0783 38.6953
  3.7961  1.4389  0.0232  2.2697 10.4603
  5.9058  3.5360  0.7208  2.2481 31.5379
  5.0298  2.7039  0.6354  1.5604 22.7952
  4.2337  4.2535  0.2802  0.6112 39.3340
  5.2290  4.3736  0.6082  1.5093 40.6576
  5.9322  2.6800  0.8075  0.8785 22.5502
  4.2057  3.3800  0.9221  1.6980 29.8717
  5.2321  1.9314  0.0919  2.7602 15.0806
  5.2429  1.4826  0.2683  2.5369 10.8573
  4.2984  2.3317  0.4009  2.3902 19.0189
  6.7347  3.4318  0.7770  1.6039 30.4238
  5.1646  1.7684  0.0148  1.4222 13.5197
  5.0399  2.2130  0.7547  1.4721 17.8369
  5.9925  2.4326  0.9512  2.6381 20.0335
  4.8929  3.8693  0.0087  0.6676 35.1337
  6.4868  3.2756  0.4730  2.3437 28.7635
  5.0082  3.4107  0.4014  0.7725 30.1988
  5.2933  1.0861  0.6602  2.4448  7.3604
  4.2902  4.4639  0.0057  2.3618 41.6567
  5.0635  1.8344  0.9147  1.7883 14.1481
  6.6081  4.0341  0.3312  2.6934 36.9285
  5.0264  3.1025  0.5480  0.9125 26.9369
  6.0915  3.0005  0.4058  1.8452 25.8685
  5.0354  2.5424  0.6072  2.5611 21.1453
  5.7778  2.8536  0.2529  1.7815 24.3400
  4.7850  4.2522  0.3954  1.8897 39.3198
  6.0990  1.0969  0.9358  1.0562  7.4518
  5.2298  0.6211  0.1290  2.1479  3.6787
  5.7202  1.5123  0.0804  2.3254 11.1294
  5.5283  1.5191  0.8355  1.4964 11.1914
  5.0980  4.0791  0.6491  2.1214 37.4209
  6.6506  3.7364  0.3168  2.1656 33.6950
  4.0447  4.4051  0.8539  1.0715 41.0061
  5.0251  3.9058  0.3449  2.8469 35.5310
  4.3433  2.6122  0.7952  2.0041 21.8565
  5.4600  2.7372  0.3488  2.4059 23.1377
  5.2546  2.9414  0.1671  0.4217 25.2521
  6.6312  4.3172  0.2915  2.3320 40.0357
  5.2721  1.3130  0.6002  2.0657  9.3301
  4.5402  0.8774  0.1737  1.9340  5.6395
  5.1157  1.9758  0.5566  2.3697 15.5098
  5.2652  4.0450  0.8311  1.1816 37.0475
  4.9966  2.1888  0.2041  2.7024 17.5971
  6.9916  2.1273  0.9111  1.1272 16.9905
  5.7245  2.3546  0.7534  0.9045 19.2486
  5.3678  3.8329  0.2377  1.5852 34.7392
  4.4362  1.3928  0.9403  1.6001 10.0433
  4.9534  0.8008  0.5775  0.7538  5.0340
  5.2844  1.4801  0.0712  2.7324 10.8350
  4.8457  2.3872  0.4279  2.0325 19.5760
  6.2104  2.9605  0.9895  1.1810 25.4510
  6.3806  3.6726  0.2820  0.1333 33.0057
  5.2114  2.7170  0.7741  1.0005 22.9296
  5.0137  3.6905  0.1782  1.0015 33.1992
  4.4937  3.3972  0.9485  0.7283 30.0548
  5.2062  2.1470  0.7150  1.5378 17.1841
  6.5555  3.1111  0.6223  0.8916 27.0279
  5.0922  4.4206  0.5385  0.6604 41.1779
  4.6500  2.3784  0.8899  0.8980 19.4874
  3.5517  3.5123  0.3004  0.6347 31.2843
  5.5686  3.6134  0.4474  1.4170 32.3685
  4.1565  1.8353  0.2102  1.7206 14.1570
  6.6636  1.7303  0.2930  1.1355 13.1594
  3.7632  2.4521  0.7588  0.6798 20.2303
  5.0484  0.8423  0.7035  1.6429  5.3605
  5.2670  1.4895  0.6786  1.7548 10.9210
  6.9524  1.8946  0.6641  1.2319 14.7253
  5.1031  2.1865  0.6436  2.8528 17.5745
  4.5953  2.4728  0.2038  1.3060 20.4390
  6.9474  2.1149  0.2225  2.0220 16.8684
  5.5402  1.8198  0.1112  1.4510 14.0090
  5.1402  4.4265  0.8576  2.2644 41.2428
  4.0014  0.4143  0.6582  0.7694  2.2540
  5.0939  3.6085  0.3992  2.0276 32.3168
  6.1416  2.5954  0.0758  2.7384 21.6842
  5.3777  0.4094  0.1514  1.1325  2.2219
  5.3279  2.4948  0.0242  1.5485 20.6622
  4.9519  2.2447  0.1076  2.4948 18.1513
  4.4775  0.4455  0.7317  1.8459  2.4578
  6.1974  3.5955  0.0926  2.0696 32.1763
  5.8072  0.5297  0.3467  1.6292  3.0286
  5.5229  1.0254  0.5941  2.2522  6.8502
  4.7735  0.8284  0.2598  1.4699  5.2507
  5.2683  1.5731  0.5979  0.4809 11.6898
  5.3890  4.0192  0.1992  2.6518 36.7660
  5.4891  3.5723  0.8822  2.0817 31.9274
  5.2286  3.2393  0.1435  1.7792 28.3795
  5.2501  2.1941  0.2972  2.9116 17.6495
  3.8164  3.9012  0.1928  0.9090 35.4809
  5.1699  1.1794  0.5735  0.5513  8.1591
  6.0320  2.8626  0.2274  0.8862 24.4332
  4.5955  3.6150  0.4140  0.9147 32.3864
  5.3875  3.1623  0.9285  0.7064 27.5662
  6.3917  3.7623  0.9637  0.1901 33.9742
  5.2994  3.1336  0.1128  0.2678 27.2637
  5.0967  3.1358  0.1794  1.0407 27.2873
  5.1434  2.7692  0.3159  1.6296 23.4677
  5.5323  1.3423  0.3609  2.2990  9.5905
  4.7721  2.6588  0.7570  0.8412 22.3323
  5.2754  1.9810  0.5630  1.7447 15.5604
  5.4315  1.9154  0.8965  1.0608 14.9263
  5.5279  3.0390  0.5810  2.5633 26.2713
  4.6279  2.1848  0.9629  1.4488 17.5578
  5.5752  3.9379  0.2960  1.2806 35.8802
  4.9077  0.1028  0.7310  1.1744  0.4689
  4.5636  1.3078  0.9053  0.9353  9.2838
  4.7691  2.2595  0.5619  0.7878 18.2988
  4.5437  1.3883  0.1693  1.7838 10.0027
  5.2944  2.1483  0.2813  2.0071 17.1974
  6.2404  1.6619  0.4706  1.7106 12.5165
  4.3171  1.1491  0.8042  1.3237  7.8983
  5.1866  3.1550  0.3776  0.4045 27.4890
  5.0528  0.6535  0.1902  2.7932  3.9154
  4.5148  2.5040  0.3616  1.2524 20.7552
  5.8601  1.5385  0.8127  1.0273 11.3702
  5.4700  1.2906  0.9568  2.6824  9.1313
  5.0042  4.1413  0.7202  1.0762 38.1021
  3.9581  3.9572  0.3065  0.8631 36.0901
  5.2216  1.8827  0.2274  0.7740 14.6110
  4.7143  1.7185  0.5845  1.8375 13.0475
  5.1927  2.6578  0.7621  1.8468 22.3225
  5.3659  0.9003  0.8308  1.1771  5.8233
  5.2619  1.8838  0.5307  1.2793 14.6215
  5.6568  3.5356  0.7398  0.9845 31.5340
  5.0956  2.1593  0.0265  2.6359 17.3057
  4.8139  4.3844  0.9225  1.5226 40.7774
  5.2905  0.8079  0.9750  0.9928  5.0893
  5.9613  3.3279  0.0298  0.7779 29.3178
  5.1473  3.2573  0.9662  0.9310 28.5698
  4.9441  1.8754  0.1571  0.8379 14.5413
  4.8797  4.1825  0.0214  0.7175 38.5542
  5.2357  2.0855  0.9425  0.6424 16.5796
  5.1632  1.5385  0.2473  0.9982 11.3700
  4.9145  2.8290  0.2456  1.6493 24.0852
  5.2965  4.4715  0.6400  1.6610 41.7415
  5.3420  1.8921  0.7351  0.7372 14.7012
  5.4378  1.1789  0.8568  2.1913  8.1551
  5.8765  2.9960  0.1261  0.7438 25.8218
  4.8228  1.8902  0.5759  1.7310 14.6833
  5.1517  1.0709  0.1634  0.6991  7.2316
  5.4050  3.8981  0.2086  1.4164 35.4475
  4.9410  2.7953  0.6982  1.3840 23.7363
  4.7657  4.0515  0.1685  1.1109 37.1193
  5.0825  2.1896  0.7704  1.0435 17.6050
  5.1520  0.8270  0.2693  1.1442  5.2390
  4.9100  2.3268  0.5547  1.0576 18.9706
  4.1264  2.1474  0.6551  0.9255 17.1884
  5.7635  4.0040  0.9216  2.4519 36.6001
  4.9482  2.8822  0.6508  2.7809 24.6369
  4.2129  3.9266  0.2468  1.0116 35.7568
  5.6004  3.0629  0.3772  0.6203 26.5214
  5.2330  1.5431  0.4159  1.4618 11.4125
  5.1419  0.9500  0.8646  2.0712  6.2268
  3.5767  2.4874  0.5766  1.8183 20.5871
  6.5889  3.3115  0.4615  0.8908 29.1434
  6.1321  3.2209  0.0462  1.6212 28.1844
  5.2648  4.3384  0.6635  0.9898 40.2691
  4.4324  1.1733  0.3666  2.0673  8.1067
  5.0377  4.1851  0.7958  1.7161 38.5825
  5.1190  2.1974  0.7992  2.2793 17.6820
  5.1849  1.2679  0.6375  1.5812  8.9314
  4.5805  1.9770  0.0408  1.4748 15.5218
  4.8798  1.3778  0.1405  1.0455  9.9089
  4.9896  4.2304  0.7067  1.7776 39.0806
  4.8002  3.2598  0.5102  0.5587 28.5963
  4.5851  1.5636  0.2682  2.1533 11.6017
  5.7904  2.6704  0.1534  1.6490 22.4511
  5.1253  2.2448  0.9680  2.4715 18.1527
  5.2124  1.6291  0.9159  1.6275 12.2098
  5.5081  2.3378  0.8312  0.5329 19.0807
  5.8608  3.8568  0.7259  1.2319 34.9990
  5.1559  3.4043  0.9607  2.4256 30.1306
  5.0590  2.2759  0.7071  2.2261 18.4617
  4.6633  2.4696  0.7140  1.1849 20.4071
  5.8230  1.6500  0.5796  1.4826 12.4045
  3.5152  4.1151  0.0826  0.7379 37.8144
  4.5911  2.0196  0.5480  1.1323 15.9355
  5.1477  2.1668  0.8139  0.8587 17.3803
  5.2245  1.3143  0.9043  2.2501  9.3420
  4.3437  4.0960  0.0471  1.2446 37.6060
  3.8024  1.7112  0.7323  0.2881 12.9790
  5.4975  1.0357  0.4729  1.9299  6.9363
  5.2136  0.8737  0.4225  0.7973  5.6103
  6.0617  3.8547  0.0448  0.6513 34.9755
  4.0980  3.8702  0.9409  2.1842 35.1436
  5.3737  3.2266  0.7475  1.9607 28.2444
  4.7731  2.7750  0.7533  0.1746 23.5268
  5.3473  2.5210  0.3846  0.6622 20.9274
  4.7204  3.1495  0.7739  1.4274 27.4311
  4.7096  4.3930  0.4658  1.1015 40.8723
  5.8431  2.6637  0.8700  0.1620 22.3828
  5.2795  1.8563  0.2010  2.1634 14.3578
  3.8845  4.3612  0.5343  0.1366 40.5211
  5.1872  1.1150  0.3678  0.4935  7.6057
  5.4633  1.9542  0.5455  0.7276 15.3007
  5.4103  2.4732  0.0332  1.7123 20.4431
  5.6075  2.1624  0.8597  2.3067 17.3368
  4.7177  3.2512  0.3771  1.1977 28.5047
  5.3994  1.1253  0.0217  2.8641  7.6943
  5.5921  0.5542  0.0204  1.3415  3.2000
  4.4301  3.1128  0.5336  2.1824 27.0454
  5.2758  2.2974  0.1791  2.0211 18.6766
  6.1829  1.9229  0.3510  0.5965 14.9981
  5.1344  1.4777  0.8912  1.6655 10.8132
  5.3825  0.9643  0.1409  1.3142  6.3446
  4.9681  2.6668  0.7021  2.3331 22.4142
  5.5909  0.8587  0.9796  0.3499  5.4906
  5.2489  2.2120  0.8505  2.0654 17.8274
  5.0637  2.1302  0.6729  0.9981 17.0189
  5.2670  2.6005  0.2526  1.5097 21.7365
  4.7612  2.8246  0.2754  0.4581 24.0399
  4.7770  4.3001  0.3481  0.7104 39.8472
  5.0167  1.1510  0.8145  1.6611  7.9143
  4.7924  4.0834  0.4949  0.9047 37.4680
  4.6011  4.2446  0.7081  2.5842 39.2365
  5.3499  3.1547  0.9322  1.7187 27.4864
  4.9715  2.3864  0.7528  0.7771 19.5684
  5.9094  1.7727  0.1423  2.2952 13.5609
  6.5124  2.8021  0.7727  1.4031 23.8072
  4.7851  1.6233  0.2956  2.4106 12.1558
  4.8568  2.7813  0.0399  0.8034 23.5925
  5.1221  4.3774  0.9941  0.7270 40.7002
  5.4787  1.9514  0.8621  1.0178 15.2740
  5.3147  0.8228  0.2133  1.0625  5.2063
  5.4125  2.1981  0.6138  1.1329 17.6889
  4.6853  2.8496  0.1908  0.6651 24.2985
  3.7980  4.3905  0.9397  0.7061 40.8452
  5.8123  2.2928  0.8606  0.5993 18.6307
  6.9964  2.8000  0.7118  1.4337 23.7852
  5.2864  2.0899  0.6262  2.0629 16.6228
  5.3787  3.0583  0.6681  1.7801 26.4736
  4.7198  2.6482  0.2095  1.5925 22.2245
  5.6883  4.4795  0.8613  1.3191 41.8293
  5.2770  2.2531  0.6013  2.2103 18.2348
  5.2601  1.1173  0.0459  1.4680  7.6254
  5.6149  0.8082  0.9166  1.0548  5.0918
  4.7740  1.2596  0.9885  1.3704  8.8585
  5.2613  2.8450  0.4866  1.4627 24.2507
  5.4496  2.8052  0.6391  0.7071 23.8390
  5.3646  2.5432  0.8072  1.1829 21.1533
  5.4988  4.4720  0.5721  1.9898 41.7461
  4.7500  1.4544  0.5423  2.3896 10.6010
  4.3725  1.3062  0.7132  1.7121  9.2700
  5.1328  2.4896  0.2101  1.6375 20.6093
  4.9245  3.1709  0.9681  0.1678 27.6573
  4.4962  0.9113  0.2775  2.4021  5.9126
  4.1767  3.1574  0.0223  1.4346 27.5145
  5.4041  0.9596  0.9351  1.2277  6.3059
  5.2993  4.1477  0.3639  0.6653 38.1717
  5.1298  0.9712  0.7745  2.1410  6.4007
  4.9473  1.7873  0.6552  1.0441 13.6989
  5.5842  2.4296  0.4339  0.5830 20.0026
  5.4903  3.3108  0.9559  2.8104 29.1362
  4.1051  3.7145  0.5341  2.3558 33.4582
  5.5677  1.1672  0.1482  2.1605  8.0533
  5.2783  3.4001  0.3481  0.8372 30.0864
  4.9979  1.5986  0.1180  1.4694 11.9262
  4.8491  3.3561  0.7485  1.6123 29.6176
  4.2304  2.1145  0.9140  0.8598 16.8643
  4.6462  1.8625  0.7132  0.5874 14.4172
  6.4486  2.4344  0.2550  1.2308 20.0518
  5.3773  2.8926  0.1410  1.6787 24.7448
  4.2363  3.5801  0.3528  2.6405 32.0114
  5.2493  0.7468  0.7279  1.3604  4.6165
  5.6599  2.3087  0.5772  2.5846 18.7894
  4.5392  2.4521  0.7912  2.0791 20.2304
  6.1019  3.1155  0.0025  1.3358 27.0738
  5.1864  3.9595  0.8982  0.6177 36.1147
  5.5727  3.7311  0.4442  2.0905 33.6370
  5.5933  3.1343  0.6237  0.4157 27.2709
  4.2943  2.4440  0.3900  1.7689 20.1480
  5.1602  1.3209  0.7385  1.0866  9.4006
  6.4384  1.5738  0.7528  1.8755 11.6956
  5.5336  3.7516  0.9830  0.5176 33.8592
  5.5800  4.2555  0.5981  1.9107 39.3558
  5.3313  2.6541  0.2239  1.1064 22.2844
  4.8870  4.3568  0.8196  0.4538 40.4723
  5.2986  4.2217  0.8257  2.5135 38.9839
  5.5853  1.9490  0.3697  2.1422 15.2504
  4.8651  2.9490  0.3600  0.8337 25.3316
  4.6360  0.5568  0.7275  0.8500  3.2185
  5.3398  1.5738  0.8709  0.9311 11.6958
  5.5949  2.2429  0.8548  0.5727 18.1337
  5.8724  3.1722  0.4749  1.5293 27.6711
  5.4012  4.2298  0.9473  1.3628 39.0735
  5.2749  4.3858  0.7398  2.2448 40.7933
  6.5285  3.8273  0.1712  0.2174 34.6786
  4.4601  2.6455  0.3204  1.6386 22.1963
  4.7056  3.0972  0.1713  1.0576 26.8812
  4.4191  0.8346  0.6334  2.2841  5.2991
  4.6677  2.8002  0.8301  0.7784 23.7874
  4.2993  1.2339  0.4078  0.7583  8.6333
  6.2454  1.8379  0.0720  2.7650 14.1816
  6.2396  4.4409  0.2270  0.8322 41.4021
  5.0890  0.4825  0.2827  1.7607  2.7055
  5.0870  0.6499  0.5938  0.4100  3.8886
  4.2080  2.7223  0.2821  0.3569 22.9841
  3.7506  2.1403  0.4783  1.0396 17.1183
  5.3183  2.4511  0.4226  1.6582 20.2196
  4.5688  1.1586  0.0113  1.7846  7.9799
  3.8927  3.2106  0.0866  2.1657 28.0758
  4.8678  2.5362  0.7848  2.2370 21.0823
  5.2088  0.9788  0.2268  2.5212  6.4632
  4.7252  3.4870  0.7684  1.9565 31.0134
  5.6413  3.2444  0.8275  0.8436 28.4325
  5.0517  3.3907  0.6483  1.8499 29.9860
  4.8931  3.5848  0.9214  2.0260 32.0621
  3.6013  2.6840  0.6866  2.1293 22.5912
  4.5401  3.8439  0.7505  2.2113 34.8583
  4.3996  2.9322  0.3788  2.0737 25.1559
  4.6884  1.8675  0.1140  1.9872 14.4650
  5.2272  3.8326  0.2929  0.7276 34.7356
  4.9231  3.0245  0.4304  2.4854 26.1198
  5.0113  2.6122  0.6168  1.3551 21.8556
  4.8228  3.0274  0.6751  2.1500 26.1502
  4.5291  3.7621  0.6167  1.9951 33.9724
  5.3520  2.8292  0.7049  0.7415 24.0871
  4.8791  2.0420  0.6695  1.2511 16.1540
  5.0388  4.3164  0.3194  1.8064 40.0269
  5.3403  2.6693  0.9837  2.1204 22.4398
  3.8789  0.8616  0.5667  2.7802  5.5135
  4.1793  1.2758  0.0631  0.4953  9.0008
  6.5861  0.1681  0.5658  2.2130  0.8002
  4.7999  1.3711  0.3318  1.2170  9.8489
  4.8094  3.0845  0.9865  1.0394 26.7483
  4.9190  4.3630  0.4488  1.6442 40.5409
  5.7780  2.5384  0.3567  1.7665 21.1044
  5.6146  0.6492  0.6975  1.1846  3.8835
  5.1771  3.8496  0.8478  0.9350 34.9207
  5.0595  3.2435  0.9283  2.2346 28.4236
  5.0047  2.3311  0.7422  1.6016 19.0129
  5.2826  3.0444  0.5214  1.4317 26.3276
  4.6321  3.9636  0.8540  1.5231 36.1600
  4.4658  2.6716  0.3358  2.5188 22.4635
  5.4583  2.2671  0.9843  1.7999 18.3741
  4.7162  2.7321  0.0758  2.3059 23.0849
  4.7329  2.2202  0.6061  1.4909 17.9080
  5.2279  0.8281  0.9758  2.5900  5.2483
  4.4553  1.8294  0.8565  1.8284 14.1001
  5.7470  0.8021  0.9870  2.2025  5.0438
  5.7909  3.3628  0.2747  1.8065 29.6889
  6.1276  1.5339  0.7962  1.8658 11.3274
  6.0246  3.0450  0.7525  2.7190 26.3338
  6.0383  2.2300  0.8532  0.7474 18.0052
  5.9969  3.6278  0.7859  1.1102 32.5236
  5.4959  1.7933  0.7153  1.6119 13.7560
  5.3599  3.5459  0.9500  0.8637 31.6438
  5.5994  3.1673  0.3940  1.4181 27.6188
  5.4505  2.0447  0.8208  2.1028 16.1804
  5.2672  2.9158  0.6627  2.4158 24.9858
  5.3479  1.9836  0.3364  2.5949 15.5854
  3.8734  2.9295  0.0256  0.8932 25.1286
  5.3678  1.2219  0.7189  1.3960  8.5278
  5.7967  3.1664  0.6106  1.7137 27.6093
  6.4410  2.6076  0.3098  2.4959 21.8091
  5.3748  1.7929  0.5535  1.6125 13.7521
  5.6117  1.2449  0.0727  2.0789  8.7293
  4.4460  4.0982  0.4843  1.7637 37.6296
  5.6633  0.4106  0.9944  1.4279  2.2296
  4.7403  2.1714  0.5337  1.1760 17.4255
  5.1964  0.5021  0.9179  1.2845  2.8388
  4.9289  1.6244  0.2630  1.0591 12.1654
  5.0685  4.1356  0.2178  2.8739 38.0392
  4.8004  2.4671  0.1997  1.9614 20.3816
  4.7139  4.2318  0.3858  1.6181 39.0952
  4.7139  1.7337  0.9358  1.3577 13.1917
  5.3098  0.9981  0.5426  1.5327  6.6227
  6.2921  1.3950  0.5071  1.9681 10.0631
  6.0744  3.2894  0.3881  1.1939 28.9094
  4.3393  1.9685  0.7281  2.6029 15.4390
  4.4849  0.3343  0.4645  1.7768  1.7494
  4.0612  3.2556  0.5549  2.2639 28.5512
  4.4683  3.4714  0.5571  1.3389 30.8463
  4.4418  2.1986  0.3351  1.3588 17.6946
  5.9578  3.9520  0.5284  2.5053 36.0329
  4.7805  3.9491  0.8456  1.3928 36.0022
  4.7674  1.2905  0.7221  2.9163  9.1309
  5.0685  3.1277  0.8493  1.4803 27.2017
  5.2275  2.4963  0.4750  1.1312 20.6772
  5.1428  3.7023  0.9973  0.5390 33.3266
  4.2441  3.7016  0.3185  2.6203 33.3194
  6.7626  3.7808  0.1581  0.5719 34.1751
  5.1207  1.4499  0.1158  0.4062 10.5600
  5.4522  4.2950  0.6498  0.2811 39.7911
  4.2645  2.6002  0.6962  1.3348 21.7334
  5.2726  0.9309  0.2174  0.8835  6.0709
  5.3781  3.2591  0.8294  0.9949 28.5884
  4.5851  2.2238  0.9664  2.0583 17.9444
  4.4898  1.4165  0.6520  2.6635 10.2569
  5.4795  2.6737  0.4681  1.2625 22.4852
  5.0595  1.3790  0.9886  2.4450  9.9193
  4.7891  1.2902  0.6445  0.8543  9.1283
  5.1599  2.0551  0.4323  0.8636 16.2820
  5.8960  3.3446  0.4307  2.4989 29.4957
  6.2091  2.9989  0.4830  0.8883 25.8514
  5.2468  1.6270  0.8990  1.6017 12.1901
  5.6359  3.2698  0.5485  1.2581 28.7018
  4.3201  2.0278  0.6742  2.3215 16.0158
  5.0079  4.2622  0.0017  1.7356 39.4297
  4.9973  4.3713  0.5103  0.0930 40.6328
  5.1969  0.1961  0.9953  0.8325  0.9498
  5.8505  3.9321  0.4911  1.4921 35.8173
  4.4385  4.4592  0.0274  1.4344 41.6051
  4.7447  1.7644  0.8419  0.4617 13.4823
  4.7459  3.6406  0.9525  1.7080 32.6617
  5.1240  2.8068  0.2560  0.9814 23.8554
  4.0214  3.5083  0.7056  2.4084 31.2411
  5.2996  0.8082  0.7584  1.1046  5.0918
  3.8025  2.1563  0.4506  0.9392 17.2764
  5.7800  3.7435  0.9052  1.6102 33.7717
  5.5709  2.7504  0.8004  1.1653 23.2734
  3.9963  0.6780  0.1521  3.0731  4.0968
  5.0804  3.9450  0.5963  1.1196 35.9570
  5.4688  2.8709  0.4085  2.0794 24.5194
  4.4254  1.5214  0.6033  2.2084 11.2127
  4.8297  3.8520  0.5377  0.9907 34.9464
  5.2007  2.1186  0.2702  0.9157 16.9047
  5.3503  2.9414  0.6154  0.2135 25.2516
  5.7749  1.1897  0.4227  1.8338  8.2484
  5.5970  1.2418  0.3359  0.8809  8.7020
  4.7298  3.3601  0.4387  1.5334 29.6601
  5.0798  1.3106  0.6168  0.6078  9.3088
  4.8436  1.3111  0.9098  1.2692  9.3132
  5.4785  2.1799  0.6175  2.7155 17.5096
  5.2304  1.8397  0.2926  1.4179 14.1986
  4.9630  2.3543  0.8703  1.0056 19.2458
  4.2712  4.0398  0.5685  1.7546 36.9907
  4.7769  4.3542  0.7331  2.0072 40.4442
  5.2066  1.6305  0.8862  1.2389 12.2225
  4.3368  3.6294  0.1687  1.4316 32.5409
  5.2554  2.3392  0.6694  1.6847 19.0948
  5.6096  0.8873  0.9339  3.0754  5.7192
  4.7554  3.0619  0.0465  0.5982 26.5109
  5.4193  3.5574  0.0146  1.9032 31.7672
  5.1406  4.0154  0.4050  2.1389 36.7242
  5.1927  0.9147  0.2923  1.6734  5.9398
  5.6752  1.6526  0.7428  0.7510 12.4292
  5.4725  0.8926  0.9315  1.2921  5.7619
  4.9966  4.1096  0.1539  0.7160 37.7547
  5.3390  1.4048  0.7723  1.3551 10.1515
  4.7116  2.9711  0.9373  1.9814 25.5619
  5.2139  3.0813  0.4362  0.9234 26.7141
  6.8712  3.4452  0.5822  1.0440 30.5670
  4.4885  2.4930  0.4164  1.2921 20.6437
  5.1830  2.4197  0.9140  0.6075 19.9031
  5.3985  1.1793  0.8213  2.0856  8.1584
  3.8972  4.2755  0.5829  1.4879 39.5769
  5.3492  1.2944  0.4182  0.6370  9.1648
  5.3531  2.4810  0.1180  0.6368 20.5220
  5.6508  3.7385  0.4689  2.6396 33.7171
  5.2013  3.5868  0.9538  0.3466 32.0826
  5.4014  1.1748  0.4608  0.6379  8.1189
  4.7169  2.4916  0.1592  0.4112 20.6294
  5.6216  0.8079  0.5652  1.7440  5.0897
  4.7068  3.1921  0.9790  1.0465 27.8807
  6.0590  2.4880  0.8493  1.8549 20.5930
  5.1382  2.8333  0.7818  1.7191 24.1294
  3.7424  3.6506  0.6010  1.2968 32.7688
  5.0763  2.8283  0.6417  1.6343 24.0782
  5.1129  4.3708  0.6321  0.8061 40.6276
  5.1159  0.6505  0.3392  2.4639  3.8933
  5.2102  4.1962  0.9297  0.2419 38.7038
  5.8765  1.3344  0.4357  1.5883  9.5202
  4.4018  1.5144  0.4760  2.0233 11.1483
  4.0047  0.6554  0.1530  1.6463  3.9292
  5.5492  2.2943  0.2369  2.0851 18.6454
  5.1973  3.7914  0.8800  2.5946 34.2898
  5.1452  1.6118  0.0373  1.3168 12.0485
  4.6425  2.3262  0.4691  2.4941 18.9639
  5.3876  2.5413  0.4667  0.5970 21.1341
  4.3478  3.4922  0.3784  2.0141 31.0693
  4.8317  2.6527  0.3990  2.6058 22.2704
  4.9822  3.7755  0.2284  2.2447 34.1169
  5.1787  1.6637  0.5994  1.1644 12.5325
  4.2226  3.1075  0.3254  2.3263 26.9893
  5.4965  2.4105  0.2886  0.6554 19.8106
  4.8000  1.4031  0.4489  3.0363 10.1361
  5.2697  2.4717  0.0936  0.9028 20.4285
  5.2143  3.8161  0.4912  0.8725 34.5572
  4.9805  3.3864  0.6735  2.1345 29.9397
  5.3375  2.0574  0.5506  2.9590 16.3045
  5.4967  3.7276  0.1244  2.3047 33.5993
  5.2774  1.0575  0.6685  0.8772  7.1188
  5.4270  4.1899  0.8825  1.5882 38.6354
  4.5159  0.7093  0.9186  1.8820  4.3317
  4.6430  2.2826  0.9306  1.2775 18.5285
  4.8101  1.2041  0.4797  0.6041  8.3729
  5.3940  3.4605  0.5180  2.2023 30.7305
  5.4678  1.4931  0.6301  2.3152 10.9531
  6.9790  1.2821  0.2811  2.1210  9.0561
  5.2239  2.5780  0.4568  0.5415 21.5076
  5.2486  1.0846  0.0102  2.2536  7.3477
  4.7418  1.9239  0.7224  1.5498 15.0082
  4.7924  1.6841  0.2511  0.5526 12.7245
  6.8263  1.6696  0.4453  1.1311 12.5886
  4.0154  1.7682  0.9412  2.0125 13.5176
  6.1601  3.4954  0.3207  1.2349 31.1034
  5.2897  4.3815  0.7804  0.8091 40.7457
  4.8926  1.4151  0.3779  1.4349 10.2446
  3.8228  1.1943  0.8188  2.8252  8.2885
  3.6964  3.5901  0.9794  2.4927 32.1187
  5.7704  1.4111  0.0261  0.9714 10.2087
  5.9339  3.0550  0.7528  2.0168 26.4383
  5.4467  1.5972  0.7360  1.8750 11.9128
  4.9664  3.3094  0.1047  1.0263 29.1217
  4.4994  0.9873  0.9796  1.3851  6.5335
  5.2714  2.2227  0.8241  2.4160 17.9336
  5.0668  3.3832  0.5882  1.7485 29.9062
  4.4142  4.4499  0.9338  2.6125 41.5016
  6.4300  3.5433  0.3599  1.6667 31.6164
  3.9159  2.0641  0.7988  0.7935 16.3704
  5.2335  4.2488  0.6998  1.7157 39.2822
  4.9143  2.9894  0.4968  0.7233 25.7527
  4.7469  1.5048  0.4409  2.3859 11.0605
  5.2855  2.5783  0.3199  1.0813 21.5098
  5.6990  0.3343  0.8908  1.5835  1.7489
  5.4572  1.5784  0.2158  0.5083 11.7381
  5.2039  1.6684  0.1996  1.4980 12.5772
  3.5965  3.0596  0.0799  1.4150 26.4871
  4.7146  2.6986  0.5845  0.5450 22.7410
  4.0749  1.0779  0.7827  2.0976  7.2908
  4.2598  1.3156  0.5797  0.5284  9.3529
  4.0670  2.4961  0.9090  1.5218 20.6753
  4.4052  3.4085  0.2448  0.9744 30.1756
  4.9968  3.3607  0.7580  1.3524 29.6665
  4.8335  0.8927  0.7891  1.4177  5.7626
  5.3051  2.2326  0.9345  1.4226 18.0312
  6.2193  3.3320  0.3746  1.7412 29.3618
  6.7461  2.0424  0.6987  1.2683 16.1587
  5.0059  3.0310  0.2326  1.2560 26.1871
  5.1527  2.3467  0.7646  2.0599 19.1699
  6.1693  1.8994  0.8695  0.9057 14.7717
  5.3928  4.3305  0.8613  2.0599 40.1822
  5.5865  3.7544  0.7277  2.6224 33.8887
  4.8391  4.0606  0.9744  0.3218 37.2181
  5.1867  0.9862  0.3415  1.1413  6.5245
  5.2154  2.1818  0.0410  1.7655 17.5281
  5.7779  2.5675  0.9980  0.5833 21.4004
  5.8592  1.9741  0.2690  1.5016 15.4934
  5.4240  0.8798  0.7001  2.2060  5.6587
  4.8883  1.2026  0.7629  1.0802  8.3604
  5.7458  1.9433  0.2171  1.1418 15.1953
  4.9095  3.9522  0.8260  2.4050 36.0353
  5.0938  3.0414  0.2859  1.4176 26.2968
  5.7303  2.2808  0.4198  0.9643 18.5110
  5.5577  3.4509  0.1424  1.1935 30.6276
  5.1706  2.6128  0.1627  2.1239 21.8624
  5.9315  3.2539  0.8012  1.7908 28.5340
  5.2128  1.6880  0.0971  2.1059 12.7609
  5.3080  2.6232  0.6745  0.9462 21.9687
  5.4668  3.0937  0.9902  1.7239 26.8451
  5.3836  2.9049  0.2655  0.3383 24.8719
  5.2461  4.3389  0.0737  1.0136 40.2746
  5.5167  0.9015  0.8509  0.3451  5.8329
  5.3516  1.5589  0.5111  0.5852 11.5581
  4.7501  1.7065  0.4886  2.5615 12.9346
  5.2895  3.7341  0.3052  0.9053 33.6701
  4.7977  1.4023  0.2503  0.7393 10.1288
  4.7224  3.1340  0.5133  2.4114 27.2681
  5.6737  1.6741  0.1184  1.9559 12.6300
  5.7687  3.5832  0.2185  0.9631 32.0445
  5.3246  3.0604  0.4804  0.6909 26.4949
  5.5172  3.1476  0.1773  0.9969 27.4112
  3.9730  2.0736  0.8071  0.2222 16.4633
  5.3134  1.0930  0.4375  3.0891  7.4190
  4.5561  1.0101  0.4836  2.3982  6.7224
  5.4790  2.6464  0.0662  1.7710 22.2056
  5.4789  3.5241  0.1434  2.3627 31.4104
  6.6616  1.2595  0.9980  2.3113  8.8578
  5.2043  0.7818  0.5636  0.4920  4.8861
  5.3083  3.0722  0.7894  0.5015 26.6192
  5.4777  3.1730  0.2040  0.7577 27.6792
  5.4221  1.8691  0.3286  1.5856 14.4810
  5.1384  0.6096  0.0437  1.9982  3.5951
  4.9869  2.8768  0.2427  2.5782 24.5804
  5.4982  3.3157  0.6413  1.1783 29.1880
  5.3034  1.6342  0.8518  1.6976 12.2569
  5.0510  3.9963  0.3316  1.1131 36.5164
  5.5026  1.6925  0.4348  1.6805 12.8033
  5.6841  1.8196  0.1478  1.1009 14.0070
  5.2230  1.2604  0.1495  0.8003  8.8657
  4.7847  3.0011  0.9367  0.4130 25.8752
  5.2014  3.2967  0.1799  1.7403 28.9870
  4.7699  1.5107  0.3364  1.1742 11.1145
  5.2647  2.3481  0.2619  0.6008 19.1840
  4.8410  1.8425  0.1855  0.6409 14.2254
  6.3787  1.8259  0.0037  1.4403 14.0668
  3.5959  1.1342  0.5485  1.1996  7.7697
  5.2249  2.8257  0.1734  1.1390 24.0504
  4.9750  2.9139  0.5958  0.8713 24.9662
  6.3995  2.8029  0.2478  0.1527 23.8152
  5.1147  1.4067  0.3265  0.9796 10.1690
  5.2624  2.0444  0.2627  2.1854 16.1777
  5.1644  1.0879  0.5168  0.6288  7.3759
  5.6883  1.9532  0.1019  0.8733 15.2915
  3.9748  4.3017  0.8885  0.8783 39.8647
  5.2759  1.7653  0.9880  0.5655 13.4902
  5.1464  1.7371  0.8620  0.9050 13.2238
  4.5590  3.9255  0.3418  1.1214 35.7453
  4.9276  1.7776  0.0017  2.7770 13.6074
  4.8244  3.7194  0.5574  0.9435 33.5106
  4.7861  3.1639  0.2270  1.0206 27.5833
  4.6210  0.6310  0.6738  1.1609  3.7504
  5.0156  1.9519  0.4713  1.6998 15.2784
  6.7940  2.4142  0.2090  2.2998 19.8478
  5.3108  1.7998  0.7888  1.3591 13.8179
  4.4864  1.5256  0.3249  1.2089 11.2511
  5.7608  4.2174  0.5217  2.2661 38.9373
  4.4776  4.3567  0.1704  1.4171 40.4715
  4.9746  4.3944  0.4351  0.1844 40.8884
  5.2355  1.8419  0.1820  2.1024 14.2202
  5.6216  0.9589  0.7527  0.4180  6.3001
  5.2951  1.6176  0.5683  0.8859 12.1025
  4.2022  1.1777  0.6729  2.3288  8.1447
  4.0633  0.8251  0.0039  0.4381  5.2246
  6.4417  3.3407  0.5164  1.0359 29.4536
  5.2313  1.0915  0.4186  1.6865  7.4060
  4.5595  3.4734  0.3422  2.3857 30.8681
  5.5001  3.8610  0.8326  0.7798 35.0437
  5.1000  3.2685  0.5154  2.7875 28.6882
  5.5285  3.0004  0.2485  1.7242 25.8678
  4.9800  2.2997  0.2297  1.4537 18.6994
  4.9869  3.3451  0.5745  2.4849 29.5009
  5.4194  3.5070  0.1869  1.9988 31.2277
  6.9088  3.4372  0.8111  0.8835 30.4816
  5.2074  2.2522  0.0904  0.8747 18.2266
  4.9171  1.0162  0.7837  0.8876  6.7731
  4.3324  2.4350  0.4568  1.1163 20.0573
  6.2525  3.4791  0.8755  1.7314 30.9293
  4.8724  3.3373  0.8360  2.9277 29.4180
  5.7731  1.8734  0.2795  1.6891 14.5223
  5.5253  2.9083  0.6674  0.7381 24.9076
  4.4453  2.0909  0.9453  2.2121 16.6331
  4.3475  1.6547  0.1825  1.3487 12.4490
  6.1465  3.3089  0.8458  1.4508 29.1161
  5.0602  0.8801  0.7490  2.3751  5.6608
  5.3572  3.6765  0.9477  1.0219 33.0487
  5.2818  2.4134  0.7963  2.7544 19.8395
  6.8853  2.0728  0.8734  0.5740 16.4557
  4.9454  4.0468  0.6366  0.7724 37.0672
  4.4485  1.5911  0.5357  1.7579 11.8562
  5.6937  1.9892  0.2731  0.6033 15.6406
  4.9838  2.7325  0.0027  0.8314 23.0892
  5.3177  0.7829  0.6594  1.2562  4.8946
  4.8339  2.7693  0.4985  2.7963 23.4682
  5.1408  2.1408  0.6993  1.1779 17.1236
  4.1289  1.4238  0.4220  2.2723 10.3230
  5.4810  3.7933  0.6242  1.5648 34.3105
  3.9227  0.4636  0.5823  2.7599  2.5783
  4.9809  3.9708  0.8470  0.8065 36.2380
  5.7559  2.3649  0.0202  2.0892 19.3519
  4.6652  3.2322  0.9431  0.5955 28.3037
  5.0386  3.2305  0.4985  1.7868 28.2864
  6.2342  2.2976  0.7259  1.0688 18.6785
  5.4567  2.3358  0.3518  0.4192 19.0609
  3.7721  1.1606  0.9202  0.7739  7.9963
  5.6558  1.2810  0.1276  1.3786  9.0472
  4.1432  4.4579  0.1559  2.7214 41.5898
  5.5740  3.3640  0.0105  2.4087 29.7014
  5.0975  0.6052  0.6568  0.3976  3.5633
  6.3215  0.8482  0.3805  1.3794  5.4068
  5.1495  2.3961  0.4108  1.4913 19.6657
  5.2689  2.4735  0.9239  1.7778 20.4459
  5.9246  3.9261  0.3076  0.6173 35.7518
  5.1111  4.4676  0.7532  1.2588 41.6974
  4.6096  2.6763  0.8817  1.6237 22.5120
  6.0108  1.4048  0.8473  1.2768 10.1512
  5.0121  2.6679  0.9810  0.6134 22.4261
  5.1065  2.2422  0.4869  0.9964 18.1263
  5.7398  1.4277  0.6506  2.0967 10.3583
  3.9648  2.1922  0.8289  1.4618 17.6306
  4.2534  3.1297  0.9066  1.4241 27.2234
  5.2460  2.5492  0.8978  2.3011 21.2141
  4.8551  4.2718  0.1752  2.9280 39.5357
  4.7754  3.0651  0.9334  1.9555 26.5444
  5.0897  3.2037  0.4993  2.3575 28.0028
  4.3806  1.3037  0.7282  1.9105  9.2478
  5.6297  0.8354  0.4726  2.6613  5.3056
  4.8046  2.5311  0.8736  0.2815 21.0297
  4.5767  3.7252  0.0225  1.9818 33.5736
  4.5109  2.1446  0.9003  1.4146 17.1609
  4.9602  3.5208  0.8524  0.4915 31.3753
  5.3460  2.3373  0.7899  2.1801 19.0751
  5.5006  0.6500  0.8080  1.8342  3.8896
  5.8841  2.8005  0.8003  1.0227 23.7904
  4.9393  1.5680  0.2851  1.2414 11.6426
  5.6637  3.0731  0.9330  0.6781 26.6281
  5.3448  2.5083  0.3434  1.0738 20.7988
  6.3650  1.3123  0.6150  1.3734  9.3238
  5.6712  4.2152  0.9238  0.0738 38.9125
  5.2744  2.9684  0.7385  1.1087 25.5333
  4.6095  0.9183  0.3490  0.2075  5.9691
  5.7877  2.9233  0.8480  0.4572 25.0633
  5.1265  4.0297  0.8795  0.1996 36.8812
  5.0129  4.2029  0.1078  1.6726 38.7779
  5.2498  3.1176  0.2792  2.4022 27.0960
  6.7561  2.2808  0.2076  1.8083 18.5111
  5.2599  3.9581  0.5072  1.7101 36.0996
  5.1307  3.1135  0.6903  2.1766 27.0531
  5.0828  2.7448  0.4476  0.4704 23.2153
  5.5501  2.3270  0.2852  1.9821 18.9720
  5.1660  3.6168  0.6828  1.7883 32.4052
  5.3267  2.0753  0.3056  0.2960 16.4798
  5.2828  4.1154  0.7282  1.5911 37.8180
  6.0520  2.2892  0.5785  1.8111 18.5949
  4.7020  2.6486  0.6526  1.0140 22.2281
  4.8365  1.6553  0.7700  1.2749 12.4547
  5.6482  1.6981  0.3008  1.1611 12.8560
  4.1896  1.4724  0.5412  2.1050 10.7643
  5.3324  1.5757  0.0462  1.8463 11.7132
  4.2882  3.8835  0.3007  1.5920 35.2889
  6.4715  3.4259  0.1505  0.7511 30.3609
  5.9539  3.6012  0.8914  0.5241 32.2380
  5.5408  3.2371  0.4234  2.1285 28.3556
  5.3165  3.4707  0.2845  0.2475 30.8398
  4.7453  3.3922  0.3993  1.0160 30.0019
  5.3433  3.7636  0.1538  1.8684 33.9888
  5.2774  2.6731  0.1128  0.8550 22.4796
  5.5627  3.5959  0.8083  0.9038 32.1812
  4.5148  2.4182  0.6195  1.1864 19.8875
  4.6547  1.9392  0.0293  1.9925 15.1557
  5.1357  3.2663  0.9838  2.1220 28.6644
  5.7363  3.6379  0.9062  1.5608 32.6326
  4.3076  1.0080  0.3480  1.1067  6.7051
  5.8124  2.2579  0.5198  1.6645 18.2834
  5.3928  2.9541  0.5539  1.9502 25.3848
  4.5757  1.4399  0.2143  1.9114 10.4686
  4.7285  3.5059  0.4318  0.8777 31.2160
  6.0341  1.2779  0.0943  2.1187  9.0190
  5.2464  3.3640  0.0083  0.5797 29.7015
  5.8445  2.5421  0.2122  0.9483 21.1422
  5.3532  3.6334  0.5803  1.3830 32.5840
  5.8645  2.0462  0.8229  0.8560 16.1952
  4.5860  2.4291  0.2383  1.2723 19.9979
  5.1419  3.8733  0.1131  0.4650 35.1779
  5.9107  2.1827  0.4044  1.5789 17.5366
  5.9985  2.7799  0.3791  1.0057 23.5779
  4.8613  2.5167  0.9006  2.4407 20.8843
  5.0069  1.2980  0.0948  1.3697  9.1966
  5.4211  2.0583  0.6563  0.8799 16.3139
  4.6923  2.1923  0.3218  0.6773 17.6319
  5.7494  1.5567  0.4346  0.8949 11.5375
  3.5960  2.1689  0.9853  0.2226 17.4004
  4.9019  1.4785  0.8988  0.8481 10.8201
  4.6003  1.0386  0.4667  2.3517  6.9607
  5.4163  1.2753  0.6815  0.3499  8.9968
  4.7645  2.5629  0.2980  0.6626 21.3534
  3.7385  3.6739  0.1145  0.0660 33.0199
  6.2937  2.9520  0.3898  2.1109 25.3622
  5.4813  3.7905  0.9198  1.3701 34.2795
  4.3065  2.6255  0.0380  2.7261 21.9915
  4.6554  3.2853  0.9849  0.6562 28.8666
  5.1854  4.0257  0.0626  1.6340 36.8370
  4.9048  1.1928  0.8009  0.6882  8.2750
  4.7392  2.5496  0.0538  1.4003 21.2178
  4.7872  2.3673  0.6681  1.8851 19.3759
  4.6239  4.1613  0.8997  1.2720 38.3210
  4.8143  3.2732  0.7931  1.6570 28.7376
  4.9316  2.4319  0.6022  0.7028 20.0263
  6.0856  2.3602  0.9182  2.1498 19.3051
  4.8909  2.8675  0.2523  1.1517 24.4841
  5.5166  3.6566  0.7048  1.9142 32.8340
  4.4885  0.7185  0.1981  1.4913  4.4013
  4.7997  3.1579  0.6093  0.7751 27.5200
  5.7428  2.2791  0.3326  0.1313 18.4938
  5.0103  4.2143  0.4885  1.4351 38.9030
  5.4898  1.8339  0.9354  1.9213 14.1433
  5.2865  1.4490  0.4807  1.5092 10.5512
  5.1810  1.1941  0.1832  0.7420  8.2860
  6.7389  1.9752  0.6866  0.5458 15.5042
  6.0695  0.3664  0.5393  1.7385  1.9479
  5.1212  2.4936  0.1721  0.3272 20.6500
  4.4579  2.7919  0.0776  1.5893 23.7017
  4.9316  2.8792  0.4921  1.1951 24.6048
  5.0428  3.1786  0.3182  1.2236 27.7386
  5.5924  2.0016  0.8629  0.7590 15.7611
  4.5890  2.9824  0.1798  1.9463 25.6800
  5.0285  3.3043  0.9013  0.4667 29.0676
  6.9665  2.6161  0.8437  1.2777 21.8954
  5.3306  1.9614  0.8324  1.3247 15.3700
  5.2231  3.2271  0.7021  1.8539 28.2504
  5.1276  2.2492  0.1252  1.0963 18.1966
  5.6284  0.4282  0.9203  1.1437  2.3445
  4.6115  2.7687  0.6303  2.2279 23.4623
  5.5365  2.0204  0.3812  0.8018 15.9439
  4.6571  4.0552  0.4803  2.0748 37.1590
  5.6152  2.2701  0.9546  0.6456 18.4048
  6.2329  0.9304  0.5942  3.1350  6.0671
  4.7775  1.8890  0.2643  2.1672 14.6722
  4.4248  2.3424  0.6461  0.8731 19.1269
  5.2082  4.3318  0.1091  0.8468 40.1970
  5.4727  1.2892  0.3825  2.5490  9.1194
  5.7154  1.7287  0.4507  1.6285 13.1443
  5.3675  4.1838  0.1449  2.5262 38.5679
  5.1374  4.0458  0.3551  1.1899 37.0568
  5.4055  2.7417  0.7619  1.6742 23.1841
  4.9787  4.0229  0.3025  2.6099 36.8066
  5.0682  1.1914  0.3696  0.6716  8.2629
  4.2332  1.5964  0.7072  0.1683 11.9055
  5.0822  3.5541  0.4713  2.1773 31.7326
  5.5016  4.2435  0.4758  2.0864 39.2245
  6.2672  2.5434  0.8887  2.1384 21.1554
  4.5640  1.0057  0.0967  2.5725  6.6863
  4.9920  3.9533  0.4724  2.3292 36.0476
  5.2580  1.4175  0.8628  1.2189 10.2661
  5.1783  3.9293  0.0139  2.3298 35.7860
  5.1662  1.5903  0.6950  0.9960 11.8489
  4.7063  2.1420  0.8202  0.2509 17.1352
  4.9143  1.8835  0.3349  0.7841 14.6185
  5.2884  3.6244  0.3481  1.0778 32.4870
  4.3064  3.2228  0.5871  0.5267 28.2042
  4.4496  2.5394  0.8259  0.9167 21.1144
  4.9739  2.8010  0.6068  0.9977 23.7959
  5.5542  1.6500  0.0962  0.9581 12.4047
  4.7250  1.4387  0.2310  2.0965 10.4583
  5.3509  4.0775  0.6355  0.9819 37.4028
  5.1865  0.8875  0.8237  0.8911  5.7209
  5.5555  3.5925  0.5093  1.2465 32.1442
  5.1380  1.9451  0.8611  1.8917 15.2128
  3.9754  1.1260  0.5583  2.3002  7.7000
  5.2008  3.0620  0.5063  1.6343 26.5127
  5.6264  1.6505  0.3786  2.4463 12.4095
  5.2188  1.6717  0.6740  0.6935 12.6074
  5.8963  4.0377  0.6215  2.2772 36.9680
  5.3473  1.6843  0.0670  0.6727 12.7257
  5.6770  0.7820  0.4529  2.3036  4.8880
  4.7766  2.3225  0.3035  1.5893 18.9277
  5.8519  3.0877  0.0613  1.4590 26.7813
  5.2671  1.4328  0.3968  0.8801 10.4045
  5.0765  3.7887  0.2256  0.9955 34.2600
  4.4648  2.9140  0.5224  1.1424 24.9668
  5.6750  1.2613  0.8045  0.5724  8.8734
  4.6885  3.7243  0.6200  0.8332 33.5645
  4.3287  4.4875  0.8897  1.3661 41.9181
  5.0657  2.3216  0.2699  0.9629 18.9179
  4.5001  3.8226  0.0709  1.1599 34.6275
  5.1024  1.2329  0.8122  2.2025  8.6241
  6.0885  3.3531  0.6963  1.4168 29.5860
  6.0315  0.9750  0.6261  1.9998  6.4326
  4.7461  2.9434  0.9296  1.1735 25.2730
  3.6790  2.1475  0.9577  0.7385 17.1895
  4.8536  2.7931  0.5654  2.0754 23.7141
  3.6006  0.6876  0.3781  1.4624  4.1684
  5.5527  2.4645  0.7138  0.5456 20.3553
  5.7197  2.8657  0.6136  1.2315 24.4651
  4.3917  1.4609  0.2956  2.4829 10.6593
  4.8636  1.9381  0.3973  1.9531 15.1446
  5.1428  1.6880  0.7682  0.5653 12.7606
  5.4345  0.7879  0.7717  0.6810  4.9334
  5.0484  3.7421  0.4338  2.3522 33.7567
  5.4695  0.9419  0.0791  1.5288  6.1610
  5.3453  2.3450  0.0001  0.9031 19.1526
  4.9818  2.4308  0.8230  1.4749 20.0153
  4.1078  4.2298  0.4636  1.6850 39.0730
  5.0970  4.1010  0.1872  1.5554 37.6610
  5.1610  2.5610  0.4740  1.0962 21.3342
  5.3361  4.3984  0.6711  0.4716 40.9325
  5.6397  2.3603  0.2446  1.9283 19.3056
  5.4671  1.8126  0.5608  1.0529 13.9401
  5.5570  2.0421  0.7445  1.4348 16.1557
  5.3932  2.6459  0.5421  1.1834 22.2009
  6.2034  3.9644  0.1406  2.5697 36.1689
  4.7032  2.7931  0.9019  1.4888 23.7139
  4.7022  3.9976  0.3926  0.4275 36.5304
  4.0572  1.1031  0.0268  0.9421  7.5048
  5.4367  2.3791  0.2717  0.4364 19.4947
  5.1597  3.5014  0.7028  1.2587 31.1677
  5.5783  2.6684  0.6521  2.5492 22.4306
  5.4448  2.3998  0.8769  0.8607 19.7033
  5.4678  3.5113  0.5141  1.0254 31.2735
  3.9919  3.0266  0.1480  0.9989 26.1413
  4.0621  1.5051  0.4332  2.0363 11.0635
  4.4765  3.1949  0.1946  1.3774 27.9099
  5.3602  3.7095  0.9004  1.2148 33.4040
  5.9099  2.4591  0.1979  1.5276 20.3007
  5.7758  4.4720  0.3831  1.7971 41.7461
  5.0700  2.1501  0.4723  2.1061 17.2148
  5.1747  1.8302  0.8539  1.0257 14.1081
  5.0171  2.6705  0.3745  2.0231 22.4521
  4.6174  2.8803  0.2603  2.2900 24.6164
  4.9204  1.5416  0.7423  0.2712 11.3986
  4.3343  2.2938  0.3294  1.5240 18.6403
  5.9936  2.1463  0.0023  1.1129 17.1773
  5.3384  3.0944  0.1458  0.4817 26.8519
  6.9632  2.2099  0.7987  1.2020 17.8064
  4.2721  3.4728  0.3018  1.1407 30.8616
  3.9367  3.5166  0.2724  2.5856 31.3299
  5.9690  3.9722  0.6353  2.1350 36.2536
  5.2628  2.6885  0.7489  1.5391 22.6368
  4.7055  1.1450  0.4171  0.7990  7.8631
  5.4742  3.8987  0.8377  0.2954 35.4539
  5.3627  2.7045  0.4323  1.3572 22.8011
  4.6673  2.9883  0.9052  2.2066 25.7409
  4.7245  3.1576  0.1080  2.1213 27.5171
  5.8884  4.3943  0.3831  2.4800 40.8868
  4.7949  1.1116  0.8762  0.4084  7.5766
  5.4445  3.3169  0.3636  1.8777 29.2012
  4.8678  4.4839  0.0003  1.6361 41.8786
  5.2288  4.0252  0.6931  0.6093 36.8312
  5.5412  2.8924  0.0587  0.9450 24.7427
  4.7145  3.9346  0.4678  1.0347 35.8440
  5.0874  1.7548  0.4761  0.7450 13.3913
  5.1701  1.3498  0.4136  2.7479  9.6575
  6.0306  2.7619  0.0505  1.0886 23.3916
  4.8238  3.8349  0.4652  0.9287 34.7604
  5.0414  3.7259  0.9790  1.6465 33.5813
  5.2080  2.4020  0.7590  1.0173 19.7249
  5.1956  1.9522  0.2670  1.8403 15.2813
  3.5921  2.6565  0.3205  1.4835 22.3093
  5.1621  2.8815  0.3102  1.1629 24.6292
  4.9764  2.2063  0.4882  1.4546 17.7706
  5.8949  2.1756  0.3519  1.1892 17.4670
  4.6804  1.4519  0.6858  0.6905 10.5784
  5.5939  1.6780  0.9104  0.9657 12.6667
  6.2765  1.9115  0.4443  1.9661 14.8885
  3.6034  2.2986  0.8174  1.6564 18.6889
  4.2231  4.2003  0.3925  1.3632 38.7491
  5.5268  1.5216  0.7260  2.0562 11.2145
  4.7528  3.5811  0.1646  0.3335 32.0222
  6.0015  0.8356  0.4705  2.3256  5.3069
  5.2312  2.8195  0.9389  0.3035 23.9864
  5.0178  2.3166  0.0807  2.4555 18.8682
  4.2487  3.1191  0.6077  2.1616 27.1118
  4.6267  2.4579  0.4615  1.1272 20.2890
  4.5505  1.6919  0.7417  0.6686 12.7974
  5.2630  1.5635  0.5263  0.6780 11.6007
  5.1661  2.6616  0.5018  1.3738 22.3608
  4.1467  3.3796  0.7103  2.6084 29.8678
  5.4331  4.1926  0.0165  0.3722 38.6652
  4.7528  1.8521  0.6646  0.1060 14.3177
  5.2127  3.5560  0.0152  0.5858 31.7530
  5.5506  2.7463  0.6643  1.6542 23.2315
  5.0559  1.9631  0.8088  0.9417 15.3865
  5.1337  1.4410  0.5718  1.5225 10.4788
  4.0386  4.4337  0.6936  0.7223 41.3220
  5.4432  2.4548  0.6886  1.3127 20.2569
  5.4507  3.0263  0.9473  0.7391 26.1386
  5.1237  1.5731  0.8245  0.5267 11.6893
  6.2822  2.0819  0.7955  0.3074 16.5449
  4.4009  3.6808  0.6331  1.7658 33.0949
  4.7653  2.1947  0.8385  1.5518 17.6556
  3.9836  1.5652  0.6046  0.5864 11.6162
  5.5510  2.0358  0.9907  0.7733 16.0936
  5.3640  2.3105  0.7966  0.9304 18.8073
  4.9498  2.9890  0.6784  1.5356 25.7483
  4.7222  2.1811  0.0052  1.2997 17.5213
  4.9795  2.5351  0.2124  2.0182 21.0711
  5.8701  3.4143  0.3385  1.9080 30.2374
  5.7969  2.4228  0.9494  0.1165 19.9347
  4.0796  3.5524  0.8264  2.2341 31.7135
  5.2376  3.6081  0.0240  0.8215 32.3125
  3.7623  1.8193  0.4043  1.3833 14.0036
  5.1791  4.1180  0.2569  1.2968 37.8462
  5.4611  1.5389  0.9925  1.6793 11.3739
  5.4963  3.5811  0.2926  1.3121 32.0217
  4.7167  1.8739  0.1047  1.7711 14.5268
  5.0016  3.2657  0.8292  2.1540 28.6582
  5.9329  0.3317  0.6862  1.3626  1.7330
  5.4928  1.0598  0.6532  2.0312  7.1384
  4.9524  3.1792  0.7297  2.0643 27.7440
  5.2090  1.7707  0.8172  1.2512 13.5420
  5.3322  0.8539  0.1101  1.1811  5.4520
  5.3935  2.5794  0.0836  1.4911 21.5209
  5.2077  3.2259  0.1848  1.7350 28.2372
  4.9818  3.0460  0.4393  0.4382 26.3442
  4.8552  3.3365  0.8990  2.1568 29.4098
  5.2986  3.5449  0.8427  0.8492 31.6337
  4.2415  3.5834  0.0953  3.1050 32.0466
  4.3718  1.1475  0.7802  1.2347  7.8840
  5.1900  3.0171  0.2800  1.1702 26.0415
  3.7516  3.2168  0.2180  1.5720 28.1407
  4.8322  3.1326  0.4513  1.5421 27.2533
  5.1523  3.1047  0.7720  2.6447 26.9602
  4.4819  1.5358  0.0904  1.0449 11.3450
  5.8599  1.4118  0.6401  2.5213 10.2147
  4.2670  2.0117  0.8575  1.2598 15.8592
  4.3192  2.7612  0.7741  0.6000 23.3852
  6.2469  2.6710  0.9460  1.7611 22.4579
  5.2087  1.7563  0.1672  2.2088 13.4050
  6.4092  2.5229  0.3363  2.2793 20.9466
  4.6302  1.3938  0.4266  2.3464 10.0528
  4.7336  3.4881  0.5346  1.0146 31.0252
  5.1911  3.1878  0.4119  1.0572 27.8353
  5.3509  0.3924  0.2664  0.7788  2.1125
  5.2481  1.4288  0.9292  0.8361 10.3682
  4.7590  2.8914  0.2025  2.6747 24.7317
  5.4048  1.1943  0.9142  2.4779  8.2877
  5.2573  3.6671  0.5389  2.1577 32.9473
  5.6939  2.8926  0.8847  1.6908 24.7449
  5.2369  2.0650  0.9695  1.2934 16.3796
  4.9798  1.2171  0.4950  0.7951  8.4865
  5.1351  0.6794  0.9215  1.1693  4.1073
  5.5859  3.4048  0.6349  3.0630 30.1365
  5.3881  3.0201  0.5118  2.2755 26.0734
  5.5929  3.8132  0.3049  1.0266 34.5258
  3.6018  4.2270  0.0214  1.1771 39.0429
  4.7309  2.8170  0.3055  1.3265 23.9611
  5.1028  4.2099  0.3331  0.7949 38.8552
  5.1708  3.4581  0.4401  1.4672 30.7044
  5.3848  2.8126  0.3834  1.0058 23.9151
  4.2821  2.6961  0.5663  0.4322 22.7154
  5.3650  3.5854  0.0488  1.2141 32.0683
  5.0753  3.5311  0.6526  0.4253 31.4856
  6.6705  1.4438  0.6856  0.7033 10.5040
  6.2539  1.7047  0.0271  1.3080 12.9180
  4.9987  2.8463  0.7155  0.8447 24.2645
  5.5748  2.3373  0.7285  1.0489 19.0759
  5.4497  1.5352  0.0025  0.2662 11.3400
  4.9714  1.3933  0.4410  1.6311 10.0482
  3.8975  2.3462  0.8873  2.0628 19.1644
  5.2607  2.0731  0.0779  1.0107 16.4584
  4.7090  2.1745  0.6783  1.4817 17.4559
  5.0093  2.7387  0.3366  0.9127 23.1531
  5.8416  3.4080  0.8212  0.9951 30.1702
  5.4853  2.0943  0.6598  1.3335 16.6660
  3.8237  0.9151  0.0997  1.1979  5.9434
  4.7357  2.4704  0.2626  1.2062 20.4145
  5.0210  4.0313  0.7415  0.0744 36.8979
  4.5643  3.7002  0.4093  0.9264 33.3036
  5.4967  4.2343  0.9246  0.6929 39.1230
  5.8371  2.0946  0.7757  1.2220 16.6693
  5.0574  1.3111  0.0506  0.6149  9.3130
  4.9028  2.2488  0.3284  1.1414 18.1926
  5.8367  3.6913  0.8666  0.6962 33.2076
  3.8198  1.2964  0.7010  1.2622  9.1827
  4.9916  3.6812  0.0842  2.2146 33.0991
  4.9110  1.1194  0.0430  1.8061  7.6432
  5.4658  1.6020  0.6573  1.0851 11.9576
  4.2581  3.7787  0.9880  1.9076 34.1517
  5.2413  1.1280  0.5608  2.5157  7.7168
  4.7620  1.1637  0.8303  2.3906  8.0236
  5.0643  2.6592  0.9572  1.5484 22.3363
  5.1057  2.0683  0.0720  0.4793 16.4111
  5.6880  3.3746  0.9458  0.2137 29.8148
  4.7120  1.0928  0.0376  1.4649  7.4170
  5.5362  3.1660  0.2744  0.5326 27.6047
  5.1289  3.6623  0.7965  2.5687 32.8949
  5.5278  2.2110  0.5458  1.8879 17.8174
  5.2232  2.5024  0.6706  1.4138 20.7388
  5.1085  2.6937  0.5931  0.9851 22.6902
  6.8276  3.4556  0.9980  1.3561 30.6777
  6.5654  3.5671  0.8515  0.8605 31.8718
  5.6129  1.1721  0.6091  1.6915  8.0961
  5.2558  1.4181  0.2885  1.3030 10.2719
  4.3430  2.8136  0.0737  0.9802 23.9253
  5.3882  2.1554  0.8366  1.2742 17.2670
  5.6611  2.9565  0.3752  0.6224 25.4096
  5.1616  2.5916  0.1718  1.4845 21.6455
  4.9291  3.5905  0.3121  0.4360 32.1226
  4.9861  2.3117  0.5979  2.4030 18.8198
  4.9590  4.4932  0.0111  2.1599 41.9814
  5.5056  0.9936  0.0391  1.4796  6.5855
  5.4136  3.7720  0.7704  0.7679 34.0793
  4.7448  1.4115  0.6718  1.2844 10.2123
  5.7185  0.8790  0.3013  2.4313  5.6520
  4.4646  3.3267  0.3106  1.8218 29.3049
  6.0059  2.4104  0.8759  0.1800 19.8095
  5.0324  4.4694  0.6244  1.2531 41.7176
  5.1111  1.2012  0.5762  2.2448  8.3480
  5.9285  0.6872  0.0396  1.9284  4.1658
  5.4756  3.1956  0.4240  0.6692 27.9177
  4.4560  4.4791  0.9881  2.4165 41.8250
  5.5350  4.3635  0.9279  1.2008 40.5465
  5.4239  1.0540  0.7374  1.2384  7.0894
  6.7082  4.0558  0.4829  0.6739 37.1659
  5.4278  3.3939  0.9593  1.2910 30.0194
  5.4158  1.9588  0.9246  1.8364 15.3453
  4.6758  2.2869  0.4845  0.9490 18.5716
  4.6762  1.7155  0.3432  1.0156 13.0193
  5.3537  1.1614  0.7684  1.2187  8.0039
  4.8844  3.3974  0.4692  0.2155 30.0570
  6.2539  2.9821  0.0651  2.2480 25.6768
  5.4140  2.0662  0.1479  0.5380 16.3911
  4.3723  2.2735  0.2128  0.8437 18.4387
  5.1809  3.1059  0.1938  1.7664 26.9730
  4.2516  2.1620  0.6961  0.7071 17.3328
  5.2294  4.4099  0.4472  2.2120 41.0592
  4.8475  2.9124  0.3059  1.6988 24.9497
  5.4198  0.4609  0.8822  1.4461  2.5604
  4.9900  2.6206  0.2130  0.4227 21.9414
  5.0002  3.7459  0.8124  1.8007 33.7970
  5.2992  4.3512  0.0183  0.8886 40.4104
  4.9234  2.4264  0.6215  1.3842 19.9708
  5.0123  0.7271  0.9381  0.6304  4.4659
  5.9278  3.6351  0.6335  1.6383 32.6028
  5.1644  2.8695  0.2324  2.4871 24.5047
  5.2043  2.5970  0.6780  1.7799 21.7008
  5.1173  3.8491  0.8620  0.3567 34.9153
  5.1950  1.8588  0.1392  1.1862 14.3817
  5.0130  4.2735  0.7200  1.0245 39.5541
  5.1834  3.3543  0.2122  2.3981 29.5984
  4.6176  2.2939  0.1051  1.9560 18.6413
  4.8306  1.8448  0.5117  1.5943 14.2479
  4.3896  3.5665  0.2845  1.7681 31.8653
  6.4768  3.0242  0.1527  1.3340 26.1159
  6.0349  3.3640  0.6134  1.5809 29.7022
  4.8317  2.0411  0.3127  0.6519 16.1453
  4.2344  1.8266  0.9857  0.5309 14.0733
  5.7838  4.1377  0.8675  1.8995 38.0623
  4.7062  2.9880  0.0574  0.7795 25.7375
  5.7333  2.4468  0.4873  1.8653 20.1766
  4.1122  2.1694  0.7782  2.7773 17.4057
  4.7511  2.2555  0.3859  1.1282 18.2591
  5.3851  3.1943  0.3573  1.1675 27.9038
  5.3361  2.4486  0.4871  1.6702 20.1948
  4.8803  0.7782  0.5587  1.2050  4.8586
  5.0542  2.1020  0.4368  1.5804 16.7422
  4.6855  2.0125  0.0983  2.2225 15.8672
  4.8783  1.8947  0.1228  1.4084 14.7263
  4.6609  3.1608  0.0401  2.0413 27.5502
  5.2410  1.3875  0.0980  0.7117  9.9959
  3.8051  2.2720  0.6077  0.5259 18.4235
  5.1542  2.1768  0.5551  0.0988 17.4788
  5.2229  4.0823  0.0235  1.0827 37.4556
  4.8229  3.4631  0.5569  1.8030 30.7585
  4.8063  4.3293  0.5319  0.6443 40.1690
  5.8552  0.8229  0.9483  2.2319  5.2071
  5.4861  2.9244  0.9358  0.2340 25.0746
  5.7179  2.7580  0.8943  1.4473 23.3513
  6.7563  2.9991  0.0686  1.5460 25.8543
  4.8138  1.5585  0.9591  0.5902 11.5546
  5.4867  4.2442  0.9826  0.6309 39.2317
  5.0273  2.2136  0.0747  1.8386 17.8429
