  5.1976  1.6694  0.9773  0.4202 12.5867
  5.5639  2.6812  0.9949  2.7853 22.5617
  5.2428  1.9344  0.9800  1.6472 15.1095
  5.0895  4.2955  0.9812  2.4846 39.7964
  6.6027  1.7804  0.7852  0.7404 13.6333
  5.3957  3.4526  0.9783  1.5558 30.6461
  5.2260  2.9760  0.9980  2.7461 25.6130
  4.9489  3.6885  0.9931  1.7217 33.1773
  3.9508  1.9304  0.9714  3.0114 15.0710
  3.6005  2.4289  0.9719  2.0890 19.9956
  5.2890  3.7377  0.9850  2.0745 33.7092
  5.0252  2.3603  0.9967  0.7711 19.3058
  4.8256  1.6513  0.9826  1.3972 12.4171
  3.8056  3.0009  0.9679  0.7802 25.8724
  5.4796  2.8814  0.9669  0.5132 24.6284
  3.8804  3.2119  0.9750  2.5822 28.0892
  5.9292  0.4443  0.9753  1.9766  2.4503
  5.7577  3.1714  0.9680  1.0971 27.6620
  5.5426  1.9227  0.9685  0.9669 14.9966
  4.5386  2.9213  0.9980  1.1656 25.0426
  3.7140  2.9792  0.9980  1.2998 25.6464
  4.3656  3.5706  0.9933  0.8550 31.9089
  4.7193  4.0575  0.9803  1.9336 37.1850
  5.2621  2.6422  0.9958  0.8091 22.1627
  4.8933  1.3807  0.9752  0.4012  9.9343
  5.5512  3.1089  0.9945  1.2927 27.0045
  5.3554  1.7737  0.9682  2.7324 13.5701
  4.4734  4.1222  0.9980  1.5521 37.8927
  4.8142  2.7742  0.9903  1.6995 23.5184
  5.9552  3.8077  0.9960  1.0118 34.4655
  5.1885  2.7386  0.9979  0.4789 23.1522
  5.1957  1.3647  0.9813  1.8503  9.7915
  4.9543  1.1260  0.9779  1.6948  7.7002
  4.7109  2.2302  0.9671  1.7113 18.0071
  4.8244  4.4850  0.9980  2.2594 41.8905
  4.5623  1.8848  0.9702  1.4841 14.6311
  4.8584  3.1621  0.9895  0.7193 27.5640
  5.2567  3.1023  0.9980  2.1097 26.9354
  4.9588  1.3414  0.9980  1.5780  9.5828
  5.6433  1.6914  0.9860  1.3471 12.7927
  5.5736  2.2560  0.9717  2.1365 18.2639
  4.6168  2.6599  0.9965  1.8258 22.3436
  4.1865  3.8786  0.9781  1.3822 35.2346
  4.9167  2.8111  0.9778  0.2735 23.8999
  4.6251  3.1618  0.9768  0.6491 27.5608
  6.6456  3.2647  0.9869  2.0165 28.6478
  4.5721  2.4499  0.9670  1.3779 20.2081
  4.8984  1.8089  0.9743  1.9488 13.9046
  4.2380  2.8351  0.9792  0.7471 24.1485
  3.7459  4.3297  0.9693  0.7117 40.1739
  5.3480  3.6098  0.9941  2.8017 32.3303
  5.2929  1.3541  0.9757  0.9705  9.6963
  4.2663  0.8410  0.9835  0.9904  5.3499
  3.9150  2.2691  0.9960  0.9492 18.3945
  5.5806  0.6277  0.9816  1.7671  3.7263
  5.6897  1.4819  0.9954  2.2741 10.8514
  5.4440  1.4199  0.9959  1.4178 10.2880
  5.2628  1.3109  0.9750  1.3059  9.3110
  5.3547  3.7679  0.9919  1.5723 34.0348
  4.4581  1.7452  0.9914  1.2809 13.2996
  5.4671  3.7641  0.9764  0.6961 33.9944
  5.1452  2.3221  0.9980  1.8542 18.9236
  5.1623  2.3889  0.9728  1.0716 19.5936
  4.0723  4.3246  0.9858  1.3060 40.1178
  4.7775  1.6421  0.9846  0.6479 12.3312
  4.7854  4.2871  0.9824  0.8439 39.7045
  4.8138  3.3764  0.9980  0.9500 29.8337
  4.4255  0.5051  0.9712  0.9122  2.8591
  4.6401  0.8847  0.9804  0.3687  5.6977
  4.9322  1.9085  0.9840  2.2820 14.8593
  5.1847  2.7275  0.9952  1.8440 23.0379
  4.6269  4.1668  0.9780  1.3097 38.3818
  4.2247  4.4637  0.9868  1.7595 41.6546
  4.4305  3.1204  0.9756  2.0579 27.1251
  5.2962  2.9967  0.9682  1.5052 25.8284
  4.8934  2.9632  0.9944  0.6312 25.4792
  5.9031  3.5325  0.9793  0.8675 31.5010
  4.0934  2.9000  0.9896  2.0999 24.8216
  5.1603  3.7641  0.9698  0.4831 33.9938
  6.0356  1.6029  0.9797  2.8718 11.9653
  5.4093  1.6303  0.9756  2.3483 12.2204
  5.9040  3.5522  0.9919  2.2258 31.7120
  4.5589  3.8543  0.9980  0.5474 34.9709
  5.5094  2.7498  0.9842  0.6990 23.2677
  4.1828  3.7709  0.9911  1.8776 34.0680
  4.8562  1.4222  0.9830  2.1919 10.3088
  5.0034  2.5304  0.9954  0.2601 21.0226
  5.2641  2.7494  0.9720  1.6465 23.2632
  4.6438  0.8711  0.9686  1.6807  5.5890
  5.3202  3.9008  0.9701  0.5953 35.4759
  6.0044  1.2688  0.9980  1.6849  8.9392
  4.3097  1.2183  0.9951  2.4774  8.4967
  5.1831  1.4181  0.9679  2.0044 10.2716
  4.8977  1.3971  0.9717  1.7064 10.0823
  4.9301  3.5025  0.9866  0.6351 31.1798
  5.3059  2.6104  0.9896  0.8161 21.8372
  5.2141  0.7660  0.9685  2.1907  4.7641
  5.1235  0.7185  0.9749  0.4178  4.4011
  5.0290  2.4188  0.9892  1.5966 19.8936
  5.7753  3.1478  0.9908  1.0600 27.4140
  5.0005  2.1002  0.9897  1.6343 16.7241
  5.8029  2.8055  0.9945  2.6925 23.8419
  4.4522  0.7186  0.9683  0.8579  4.4018
  5.0031  4.0408  0.9895  1.9407 37.0023
  4.7415  1.6991  0.9703  1.6543 12.8656
  4.8413  2.5549  0.9873  0.7859 21.2721
  5.3569  2.8315  0.9957  0.0317 24.1111
  6.4942  1.3167  0.9980  1.9758  9.3630
  5.6330  2.4045  0.9741  1.0705 19.7500
  5.3822  1.9458  0.9820  2.9932 15.2191
  3.8893  3.5161  0.9970  1.2039 31.3245
  5.5931  0.9693  0.9694  1.0455  6.3854
  4.6254  4.4973  0.9886  0.5248 42.0269
  3.5110  1.6431  0.9815  1.4179 12.3401
  5.6672  2.3373  0.9975  0.7509 19.0754
  4.1010  4.4745  0.9788  1.4347 41.7744
  5.3116  2.9593  0.9672  0.6447 25.4386
  4.4590  2.8050  0.9806  2.3510 23.8369
  5.5369  4.3766  0.9928  1.6968 40.6912
  5.3982  1.0318  0.9813  1.8023  6.9038
  5.2192  3.9830  0.9912  1.6112 36.3717
  5.9029  3.6418  0.9980  2.1378 32.6747
  5.0052  1.5208  0.9694  1.7317 11.2077
  3.5764  3.6745  0.9890  2.2046 33.0268
  5.2115  4.1250  0.9815  2.6385 37.9230
  5.1664  4.3689  0.9956  1.3907 40.6059
  5.5006  2.0405  0.9759  1.7225 16.1393
  5.1700  4.3139  0.9813  1.6553 39.9995
  5.0184  1.3581  0.9754  1.9316  9.7317
  3.6891  3.5904  0.9973  2.4901 32.1213
  4.0413  4.4044  0.9669  0.7088 40.9982
  6.8028  2.6477  0.5505  2.8126 22.2188
  5.2456  1.7483  0.9914  1.2294 13.3295
  6.7484  1.5748  0.6843  1.9970 11.7053
  4.7529  3.0457  0.9761  2.4649 26.3414
  4.8382  2.9569  0.9968  2.1979 25.4132
  5.1419  1.6234  0.9968  0.6008 12.1567
  5.3658  1.8321  0.9767  0.9183 14.1262
  6.2696  2.6392  0.9673  2.4325 22.1323
  4.6498  2.3615  0.9833  1.9874 19.3180
  3.8692  3.5999  0.9974  0.4956 32.2242
  5.1071  3.3656  0.9980  0.3112 29.7188
  4.8344  0.7420  0.9673  1.5551  4.5797
  5.0186  4.0675  0.9945  1.2696 37.2934
  5.1524  2.8263  0.9848  2.0231 24.0566
  4.9111  3.7177  0.9969  0.5224 33.4930
  6.0138  2.9912  0.9892  1.3931 25.7711
  4.9407  3.9085  0.9848  0.8719 35.5606
  4.8364  0.4125  0.9853  1.4141  2.2418
  5.5422  0.3620  0.9947  2.6142  1.9205
  5.0576  4.3365  0.9739  1.1079 40.2481
  5.5203  1.7043  0.9941  0.4229 12.9137
  4.5136  1.2740  0.9739  1.0389  8.9850
  4.8329  0.8596  0.9868  1.6190  5.4976
  5.7503  1.8343  0.9675  1.1037 14.1475
  4.0545  2.8130  0.9733  0.5478 23.9192
  3.9083  3.7608  0.9836  0.0997 33.9588
  5.4563  3.9092  0.9944  1.1660 35.5674
  4.2652  2.8097  0.9815  0.0982 23.8856
  5.9097  2.4846  0.9933  1.5661 20.5590
  5.5043  2.3072  0.9811  1.5781 18.7743
  4.5744  2.9145  0.9670  1.6972 24.9716
  5.3347  3.6517  0.9870  1.5257 32.7807
  5.1152  1.1835  0.9938  2.8240  8.1947
  5.0488  1.2780  0.9675  0.9714  9.0204
  5.9673  4.3304  0.9956  1.5262 40.1817
  5.1866  1.5261  0.9935  2.1028 11.2558
  4.4661  3.5749  0.9891  1.7448 31.9556
  5.5498  3.4455  0.9833  1.6717 30.5701
  4.6783  3.5365  0.9980  1.6035 31.5433
  5.2821  1.7946  0.9974  1.7447 13.7684
  4.7117  3.4315  0.9889  2.2224 30.4208
  5.1990  2.5591  0.9794  1.8353 21.3147
  4.7337  4.4064  0.9827  1.0553 41.0208
  5.1366  2.8554  0.9833  1.5760 24.3588
  4.5260  3.2117  0.9980  1.8117 28.0879
  4.9290  4.1932  0.9767  1.9466 38.6717
  5.8265  0.9428  0.9840  0.6333  6.1684
  4.4699  2.5706  0.9741  2.4070 21.4319
