  5.7417  1.6616  0.7866  0.5049 12.5134
  4.9627  2.0058  0.1604  1.7943 15.8020
  5.3264  2.8070  0.1581  1.6483 23.8575
  5.6797  0.3521  0.1874  1.4405  1.8589
  5.5059  2.4088  0.4944  0.9209 19.7929
  5.0657  3.2861  0.6787  0.9565 28.8749
  6.0411  3.6763  0.4719  1.8133 33.0466
  5.1499  4.0660  0.7075  1.5750 37.2779
  4.2588  3.1415  0.4061  1.4596 27.3469
  5.7396  1.6280  0.3840  1.5381 12.1993
  5.3113  2.9681  0.3083  0.8469 25.5298
  4.7290  4.2302  0.2545  3.0069 39.0774
  4.8283  4.4150  0.9817  0.1624 41.1158
  5.0979  4.4290  0.1132  1.4304 41.2699
  4.8112  1.7864  0.2649  1.6711 13.6905
  5.2193  2.1708  0.1948  0.8558 17.4195
  4.9779  1.6528  0.6341  1.0487 12.4310
  5.1800  0.7139  0.1981  2.2828  4.3662
  5.3510  2.2265  0.8697  1.9883 17.9709
  4.7723  4.0367  0.4233  1.3777 36.9569
  4.9100  3.0996  0.9979  0.2155 26.9062
  6.6487  2.9399  0.2783  3.0060 25.2359
  5.0057  2.2611  0.4337  2.5182 18.3143
  5.3458  2.3831  0.0248  1.1344 19.5347
  5.9388  2.9127  0.4439  1.9051 24.9533
  4.5553  2.7146  0.0385  2.6931 22.9055
  4.3677  2.8585  0.1945  2.7619 24.3909
  4.9215  0.7082  0.5104  1.1116  4.3230
  5.1355  2.3276  0.7220  0.8556 18.9779
  5.1703  0.7580  0.0280  1.6370  4.7022
  4.3848  3.0010  0.5638  2.8175 25.8738
  4.6088  2.7137  0.6679  0.3827 22.8960
  5.7456  1.6260  0.6267  2.5081 12.1803
  4.7576  1.3788  0.0956  0.9403  9.9176
  5.0397  2.8536  0.6154  1.7549 24.3396
  5.2150  2.3601  0.4358  1.5575 19.3040
  5.6529  2.1323  0.0021  2.7820 17.0397
  4.8107  3.5278  0.7723  2.5772 31.4506
  4.6039  2.7848  0.7535  2.4215 23.6286
  3.7339  1.7024  0.9157  1.1732 12.8964
  4.9165  2.6223  0.9595  2.1217 21.9592
  4.2266  1.7915  0.0935  2.9739 13.7388
  5.0738  1.4010  0.6954  1.8365 10.1176
  5.0843  2.7056  0.7734  0.9905 22.8123
  5.2331  2.7723  0.2480  1.7559 23.4987
  4.7437  0.9515  0.3108  0.8685  6.2389
  4.7927  4.0131  0.3371  0.8976 36.6994
  5.3317  1.7567  0.3404  1.8715 13.4085
  5.1140  3.7546  0.1782  2.2861 33.8912
  5.4564  2.3808  0.9397  2.2242 19.5114
  4.7701  2.7134  0.6327  0.6926 22.8930
  5.2784  1.5263  0.4312  1.6792 11.2575
  4.1723  4.2996  0.0638  2.7356 39.8420
  5.0996  2.3882  0.9337  1.5844 19.5861
  4.7710  1.7306  0.0019  0.4811 13.1619
  4.1000  2.7181  0.7056  2.1875 22.9416
  4.5706  1.9782  0.4863  2.2964 15.5329
  5.3640  2.4194  0.6006  0.2452 19.8998
  5.0251  2.8922  0.5273  0.2205 24.7400
  5.3217  1.9903  0.7821  1.6629 15.6512
  5.3950  4.3265  0.7792  1.8585 40.1385
  6.5824  2.2237  0.6859  0.4349 17.9430
  4.6178  2.5256  0.9328  0.3399 20.9744
  6.6916  1.1616  0.3545  0.5303  8.0052
  6.4647  2.2557  0.9085  1.4969 18.2608
  5.0482  4.4841  0.9360  1.6967 41.8802
  5.6616  3.3756  0.8277  2.0083 29.8250
  4.4248  3.2937  0.2987  0.6107 28.9551
  5.7490  1.5396  0.5104  2.0319 11.3798
  5.1106  2.1238  0.2177  0.6255 16.9556
  4.0356  3.0509  0.5953  0.4743 26.3962
  4.5851  1.7568  0.9553  0.2531 13.4101
  4.8979  1.4609  0.7848  0.9627 10.6598
  4.8581  3.4800  0.7640  1.2921 30.9388
  5.4740  1.2676  0.1839  1.7816  8.9286
  3.5061  3.7145  0.3615  2.8278 33.4578
  5.4364  0.4784  0.4032  2.3363  2.6780
  5.1296  2.7878  0.6923  1.8327 23.6595
  6.2359  2.5315  0.6765  0.9807 21.0342
  5.4431  2.6686  0.6881  0.3383 22.4331
  5.1971  1.2792  0.8905  1.1877  9.0309
  6.7125  1.3053  0.6013  1.9968  9.2617
  5.5389  1.9723  0.9430  0.4997 15.4763
  5.4793  0.8930  0.4209  2.8491  5.7643
  4.8742  1.7427  0.7135  0.2793 13.2761
  5.0409  2.8557  0.2609  2.8880 24.3616
  4.3653  1.3941  0.4599  0.7129 10.0555
  5.2047  1.8356  0.3782  2.0431 14.1595
  4.7209  3.9393  0.3415  2.6003 35.8949
  4.4174  2.0405  0.6500  1.3566 16.1392
  4.0728  4.4660  0.6203  0.5870 41.6805
  5.3029  3.5034  0.0639  1.2584 31.1894
  5.2383  1.7930  0.9471  1.1613 13.7538
  6.0589  2.6432  0.7823  1.2549 22.1730
  4.5950  3.2806  0.5736  1.5031 28.8167
  4.9751  1.7335  0.5862  0.9160 13.1892
  4.6600  2.6311  0.3755  0.6490 22.0494
  6.4757  1.3398  0.1563  0.8726  9.5689
  5.3746  3.5199  0.1233  2.0785 31.3661
  5.2383  0.7693  0.0263  2.5817  4.7897
  5.8634  2.9429  0.2393  1.2578 25.2680
  5.6474  2.4541  0.8651  2.2994 20.2502
  5.4644  3.3796  0.6003  0.4962 29.8680
  5.2461  2.0598  0.5958  1.8661 16.3284
  5.3253  4.3699  0.8749  1.7427 40.6177
  5.5083  2.1508  0.1336  2.4370 17.2217
  5.4494  3.2592  0.2301  2.2516 28.5893
  4.6958  2.6359  0.9818  0.7826 22.0986
  5.2715  2.4410  0.4288  1.9511 20.1180
  3.5407  3.4603  0.4853  1.8857 30.7277
  5.2508  3.8250  0.4170  1.6766 34.6531
  6.5402  1.5097  0.6382  1.1225 11.1052
  5.9337  3.3022  0.5512  0.8699 29.0449
  5.4172  0.9296  0.4946  0.8591  6.0607
  5.8956  3.6244  0.0138  2.8276 32.4876
  5.2194  3.5820  0.8090  0.0509 32.0315
  4.2382  2.3041  0.3215  2.4595 18.7436
  4.6671  3.5448  0.3470  2.2088 31.6329
  4.7610  2.4111  0.9032  0.8982 19.8160
  5.8579  2.5507  0.3662  2.4544 21.2289
  5.0863  3.6761  0.0257  1.7482 33.0438
  5.6984  0.8212  0.1208  1.7156  5.1940
  5.4645  3.3529  0.5842  1.1237 29.5834
  4.2098  2.1781  0.0842  2.0476 17.4919
  5.0688  0.9357  0.9447  1.3441  6.1106
  6.5216  3.7613  0.0615  0.4870 33.9638
  5.7934  1.7404  0.1870  0.8612 13.2543
  4.0482  0.7991  0.8478  1.2864  5.0205
  5.2912  2.0262  0.7976  0.6697 16.0006
  5.0775  2.1125  0.5279  0.4084 16.8453
  5.0419  3.7462  0.8293  2.1187 33.8001
  5.9248  2.7137  0.1492  1.9410 22.8957
  5.0654  2.9424  0.6799  1.0120 25.2629
  5.2037  1.3353  0.1115  1.9847  9.5285
  5.1477  4.4905  0.2515  0.6734 41.9515
  5.4163  4.4807  0.5472  2.0140 41.8434
  5.9587  2.7326  0.8178  1.7888 23.0903
  5.1715  2.8574  0.5966  0.6117 24.3788
  5.5349  4.3017  0.1601  2.1123 39.8648
  5.7996  1.6155  0.0522  2.2069 12.0827
  5.9326  4.4190  0.9424  2.0765 41.1597
  5.0505  2.7571  0.5056  2.2272 23.3425
  5.1709  3.7026  0.1924  1.9377 33.3300
  4.9671  2.0332  0.7683  1.5897 16.0685
  3.7029  1.2450  0.3928  0.8709  8.7299
  4.6886  4.0825  0.1066  0.2004 37.4575
  5.8901  3.2936  0.1928  1.4089 28.9535
  5.2838  4.1575  0.2204  0.7894 38.2792
  5.6064  3.5164  0.0661  1.9801 31.3277
  4.3444  1.7426  0.5726  2.2733 13.2755
  5.1505  2.5378  0.9980  0.7086 21.0984
  4.8370  2.7794  0.1652  1.4287 23.5719
  6.0469  4.0072  0.3285  1.4886 36.6355
  4.9952  2.2182  0.1104  1.6519 17.8885
  4.8116  2.7239  0.1417  1.9329 23.0007
  5.1028  0.5303  0.0499  0.9132  3.0329
  4.0599  1.9797  0.3090  1.2089 15.5474
  4.9284  3.8266  0.8012  0.9288 34.6703
  6.0064  3.4981  0.0170  1.8873 31.1318
  5.2190  3.6245  0.7750  2.5407 32.4889
  5.5493  3.2037  0.9261  2.8482 28.0026
  5.2517  3.5483  0.1566  1.9210 31.6701
  5.4789  3.5222  0.4668  1.7636 31.3903
  5.2653  3.5596  0.2348  1.2108 31.7908
  5.6331  4.4761  0.4187  1.1064 41.7914
  4.5516  2.0823  0.0149  2.1896 16.5487
  6.7357  1.9614  0.2719  1.5220 15.3701
  5.7534  2.8958  0.8497  1.8601 24.7780
  5.6156  1.5249  0.9196  1.3476 11.2447
  4.5288  4.0305  0.2037  0.7819 36.8898
  5.2646  3.4684  0.7234  2.8339 30.8153
  5.7390  2.7768  0.6051  1.0047 23.5452
  4.6423  4.3592  0.9406  0.9666 40.4995
  5.0482  2.4818  0.2545  1.8197 20.5304
  5.8260  2.2954  0.4032  2.3194 18.6563
  5.0115  3.2246  0.8444  2.1110 28.2236
  6.1106  3.3129  0.4743  2.1193 29.1587
  5.6813  1.0076  0.2390  0.8085  6.7019
  5.5808  3.9141  0.1491  1.8287 35.6213
  5.4152  1.4596  0.7422  1.2487 10.6479
  5.2610  0.6672  0.4541  1.8566  4.0164
  5.1662  1.3783  0.1079  2.1669  9.9133
  5.1704  1.2483  0.2872  2.1203  8.7588
  5.1730  3.3842  0.9499  2.7073 29.9162
  5.7490  3.7691  0.7977  1.7479 34.0479
  5.2053  1.1434  0.2926  1.3584  7.8488
  5.3810  0.7775  0.4255  1.5767  4.8531
  6.4476  3.2561  0.1363  0.5943 28.5565
  4.4183  2.5332  0.2091  2.4643 21.0514
  5.3068  2.2329  0.9594  1.4134 18.0345
  4.2460  2.8937  0.4556  1.2339 24.7553
  5.4622  4.3995  0.4353  1.5667 40.9444
  5.3373  2.6274  0.7572  2.7072 22.0113
  5.1851  2.1632  0.0204  1.6108 17.3441
  5.3606  3.6449  0.9617  1.0194 32.7079
  5.1843  2.4331  0.8015  0.3056 20.0382
  4.8921  1.1058  0.8473  1.0950  7.5276
  4.8438  1.5090  0.2132  1.5514 11.0990
  5.0478  2.3479  0.3408  1.9748 19.1817
  5.6725  1.4498  0.9136  1.9581 10.5589
  4.9918  1.9975  0.4133  0.2897 15.7205
  5.6116  0.9886  0.7412  1.1262  6.5442
  4.4000  4.1654  0.2977  2.3223 38.3659
  5.4783  2.7911  0.2378  1.6266 23.6928
  5.3877  3.5977  0.0497  1.8345 32.2006
  6.2359  2.2177  0.0885  1.7137 17.8839
  4.7703  3.1665  0.5252  3.0529 27.6103
  5.3514  0.8945  0.9303  2.9845  5.7764
  5.2450  4.4046  0.9281  0.8845 41.0011
  4.6467  1.7375  0.3726  1.1091 13.2276
  3.6867  1.5520  0.9629  0.3507 11.4943
  3.9124  3.9972  0.8836  1.9385 36.5260
  5.4059  2.6235  0.5930  1.1217 21.9717
  5.2068  2.2207  0.9179  1.7362 17.9136
  5.3407  1.7616  0.9760  0.9135 13.4551
  4.4967  3.8482  0.1433  1.7630 34.9046
  5.5140  2.1380  0.4841  2.6601 17.0962
  4.6741  4.4937  0.6461  1.2978 41.9873
  4.4598  1.9273  0.1815  2.8974 15.0408
  4.4942  2.8901  0.5968  1.7735 24.7184
  5.0860  3.7051  0.7441  1.8892 33.3565
  5.8247  3.2617  0.7650  1.3288 28.6165
  4.9520  1.4674  0.8867  2.2028 10.7187
  5.7192  4.3633  0.9171  1.2436 40.5445
  5.4694  2.0835  0.6498  2.0816 16.5601
  5.1551  1.2578  0.0162  1.2181  8.8423
  5.6928  2.0410  0.7735  1.1295 16.1441
  5.2656  3.5878  0.6781  1.5360 32.0941
  5.2089  2.4332  0.3661  0.3181 20.0390
  4.9765  3.1024  0.8516  0.8405 26.9364
  5.4541  2.9032  0.1584  0.4072 24.8546
  5.3898  0.4500  0.7508  1.0365  2.4880
  5.2328  2.8996  0.7328  2.3257 24.8169
  5.7212  0.8328  0.6179  1.1651  5.2850
  4.6433  1.7112  0.3895  0.3633 12.9786
  5.7638  1.6177  0.8991  1.8359 12.1030
  5.0571  3.7933  0.2241  0.6406 34.3103
  4.9684  1.5447  0.5247  0.5587 11.4273
  5.1590  2.9196  0.9281  2.5069 25.0253
  4.6375  3.7560  0.7629  1.0076 33.9063
  5.0368  1.7180  0.6930  0.4670 13.0431
  3.6159  1.9917  0.0633  1.7302 15.6640
  5.0563  3.5370  0.6624  0.6419 31.5487
  6.0759  2.9068  0.9279  2.5289 24.8919
  5.1512  1.4529  0.1279  1.9462 10.5873
  5.4987  2.6411  0.6249  1.3984 22.1517
  5.0546  1.8607  0.6041  1.4489 14.3996
  4.8868  4.4848  0.1062  1.6687 41.8880
  5.9811  3.4201  0.3414  1.5148 30.2993
  5.1175  4.0550  0.4592  1.9243 37.1573
  4.0865  1.7575  0.2981  1.8494 13.4162
  5.3120  3.0337  0.5239  0.7526 26.2158
  6.3951  1.8007  0.8440  2.8742 13.8268
  5.4448  1.4807  0.1137  0.5435 10.8399
  4.4235  4.3634  0.6831  0.7362 40.5452
  4.5542  2.4089  0.6836  1.2271 19.7945
  5.3838  3.3596  0.0382  2.1114 29.6553
  5.1230  2.4247  0.4531  1.8135 19.9538
  4.7853  1.9298  0.1010  0.9685 15.0648
  5.2046  3.4994  0.0197  1.3839 31.1462
  4.6902  1.3918  0.8040  1.2867 10.0342
  4.9587  2.7756  0.5507  0.8369 23.5336
  5.5517  4.0951  0.7363  2.2366 37.5957
  4.5133  3.9780  0.8376  0.6241 36.3165
  4.7647  1.5291  0.6276  0.9716 11.2837
  4.4134  2.4739  0.5118  1.5722 20.4504
  6.4723  1.5677  0.9496  1.6427 11.6395
  4.0580  4.4525  0.9453  0.8760 41.5307
  5.0458  0.4473  0.0737  2.5011  2.4696
  5.1171  1.4158  0.2314  1.0946 10.2505
  5.4364  3.7476  0.7253  2.1861 33.8152
  4.9870  2.1443  0.8672  1.8050 17.1581
  6.2094  2.7718  0.7617  2.6086 23.4942
  4.5758  2.2367  0.0730  1.7552 18.0721
  5.3460  2.2054  0.0670  2.0783 17.7615
  5.1509  1.5773  0.8384  2.4558 11.7280
  5.0710  2.7534  0.6285  1.2575 23.3042
  5.4673  2.5828  0.5109  1.5732 21.5564
  5.2823  2.3841  0.0592  1.6686 19.5454
  6.0156  2.8688  0.2196  1.1796 24.4969
  5.3317  1.9905  0.5468  0.8830 15.6524
  5.2130  1.4321  0.6813  0.5640 10.3984
  5.2703  3.3083  0.7699  2.7192 29.1101
  5.5461  1.2345  0.9553  1.2293  8.6381
  3.9478  0.9668  0.9343  2.1951  6.3651
  5.5907  0.5491  0.9854  1.3691  3.1641
  5.2580  0.7267  0.8988  0.8877  4.4631
  5.7677  1.1278  0.3293  1.4510  7.7156
  5.0461  1.8781  0.2371  1.9551 14.5666
  3.9172  2.6898  0.3258  1.6156 22.6500
  4.8391  1.7770  0.6998  1.3751 13.6018
  5.2532  2.1362  0.7122  1.6876 17.0782
  5.2634  1.6754  0.1223  1.9531 12.6426
  5.0979  2.6361  0.0162  0.3771 22.1002
  4.1229  3.5796  0.2173  2.3515 32.0053
  5.9458  4.2906  0.6050  1.0765 39.7423
  4.0809  2.8130  0.4340  1.8728 23.9200
  5.3410  1.3860  0.2434  0.9780  9.9823
  4.7654  3.3014  0.7866  1.8010 29.0372
  4.8769  2.3342  0.8056  2.6280 19.0442
  5.3183  2.6979  0.6071  0.4468 22.7334
  4.5929  1.2005  0.7082  0.3346  8.3416
  4.5617  2.8246  0.5665  1.2973 24.0400
  5.0123  3.6045  0.9539  2.7931 32.2735
  4.8668  0.7882  0.4426  1.1899  4.9356
  5.2060  2.3291  0.7484  1.8509 18.9933
  5.0096  3.9448  0.0528  1.5932 35.9550
  4.6056  4.4095  0.3690  2.1796 41.0547
  5.0891  4.3396  0.4058  1.6970 40.2832
  5.2946  2.4046  0.3238  2.5205 19.7510
  4.8953  2.0304  0.0630  2.8786 16.0413
  5.0115  4.3152  0.1307  1.4229 40.0138
  4.9665  2.7640  0.5837  0.6095 23.4132
  4.9468  4.2756  0.4444  0.1659 39.5776
  5.1870  2.4945  0.3694  0.8786 20.6589
  5.4579  1.8367  0.1164  2.5453 14.1699
  4.2304  1.3461  0.1672  1.1599  9.6251
  5.3004  0.5242  0.8369  1.2572  2.9911
  5.9930  3.5524  0.3181  1.1084 31.7138
  4.6801  4.1835  0.3172  0.3186 38.5648
  4.7771  1.0615  0.7289  1.4076  7.1525
  5.1121  0.5238  0.1709  0.6661  2.9883
  5.0995  1.8061  0.3231  1.5219 13.8786
  5.6340  1.1389  0.7618  1.5360  7.8106
  5.5141  4.4956  0.7800  1.9212 42.0082
  5.1938  2.6253  0.8540  2.6340 21.9902
  4.9065  0.2159  0.5782  1.2080  1.0583
  5.2865  1.8500  0.7772  1.0529 14.2976
  5.0144  1.6579  0.4673  0.8297 12.4785
  3.6495  4.1192  0.7929  0.8988 37.8602
  4.5377  1.9552  0.7831  1.7559 15.3105
  5.2447  2.5448  0.2515  2.4103 21.1693
  5.2900  3.0730  0.5106  1.7396 26.6277
  4.7364  3.1331  0.4624  1.8459 27.2590
  5.3738  1.8176  0.7693  0.6675 13.9881
  4.5022  0.8437  0.4355  1.5981  5.3715
  5.9688  1.8634  0.7803  1.6907 14.4255
  5.3741  4.0254  0.1600  0.8804 36.8336
  3.8200  1.2146  0.8682  1.4221  8.4649
  5.2159  4.0682  0.5198  0.7197 37.3012
  4.1292  2.9625  0.8886  0.4050 25.4717
  5.0254  2.1191  0.6376  2.4595 16.9093
  4.4144  2.7265  0.9682  1.4455 23.0279
  4.3039  3.7264  0.7627  0.4737 33.5861
  4.6876  3.5121  0.4144  1.8997 31.2822
  4.9116  3.1260  0.8291  0.6989 27.1839
  6.2697  2.6244  0.5483  0.8510 21.9808
  4.6307  2.1142  0.5661  2.2087 16.8614
  5.2053  2.4060  0.3114  2.6100 19.7655
  5.3326  3.8221  0.7353  2.6368 34.6222
  5.6083  1.5031  0.8406  0.5060 11.0454
  4.2268  1.2430  0.0760  2.0700  8.7130
  4.7743  2.5212  0.9668  0.6756 20.9292
  5.1375  2.8767  0.2368  2.5452 24.5798
  4.7240  3.0645  0.4899  1.1452 26.5381
  5.5151  4.2480  0.5504  0.8584 39.2740
  4.4821  2.6104  0.1019  0.3659 21.8376
  5.4429  2.6715  0.6305  1.5183 22.4624
  6.6917  0.6382  0.2242  1.3862  3.8028
  5.7895  2.0917  0.5100  0.1610 16.6404
  3.8871  4.1093  0.6863  1.3728 37.7510
  4.4539  1.2805  0.9520  0.2935  9.0424
  4.3043  3.1471  0.2220  1.5480 27.4062
  5.6475  3.5277  0.3146  1.4568 31.4495
  5.1306  3.5467  0.5733  1.1420 31.6529
  5.3399  2.2685  0.3689  1.6599 18.3889
  4.0977  4.4813  0.7632  1.2282 41.8497
  5.9058  2.7208  0.9262  0.6256 22.9689
  5.1584  1.3500  0.6110  0.7425  9.6594
  5.7751  2.7204  0.9964  0.8473 22.9646
  4.3200  4.0966  0.5496  1.2469 37.6118
  5.1480  1.7195  0.9938  0.6310 13.0574
  5.1203  3.7061  0.3734  2.5802 33.3673
  3.8474  2.3793  0.2721  1.2429 19.4967
  5.5424  3.8573  0.6720  0.8022 35.0034
  5.4868  4.1072  0.3577  1.6321 37.7283
  5.2470  3.6954  0.5725  2.9333 33.2518
  4.7210  3.7975  0.2262  1.8747 34.3552
  5.2208  2.6537  0.5535  0.8818 22.2802
  4.7600  2.7526  0.0723  1.7054 23.2959
  4.7899  1.5499  0.7757  1.7836 11.4755
  5.0050  3.2290  0.1332  2.8710 28.2698
  5.7040  1.8383  0.0805  1.9341 14.1854
  5.9128  2.7026  0.5786  0.4718 22.7822
  4.6643  3.6424  0.4891  1.6146 32.6808
  6.3504  2.1826  0.6788  2.1107 17.5364
  5.1129  3.4118  0.2206  2.5348 30.2105
  5.4996  2.9261  0.4411  2.0298 25.0928
  5.5902  2.5628  0.5161  0.4524 21.3523
  5.1553  3.8235  0.4020  2.4581 34.6373
  5.3215  2.1238  0.1328  2.5507 16.9561
  4.7426  0.9097  0.7878  2.6265  5.8994
  4.4794  3.0497  0.1551  2.2308 26.3829
  5.2438  1.6123  0.4227  2.1437 12.0531
  5.4749  1.9769  0.1217  1.3557 15.5208
  5.4906  2.0042  0.1161  2.7681 15.7856
  5.2859  2.2000  0.4621  1.1918 17.7078
  3.6523  3.0674  0.1489  1.6316 26.5690
  5.2293  3.5468  0.5015  0.3543 31.6540
  5.3370  4.1311  0.9049  2.0135 37.9902
  4.8921  1.9297  0.4893  0.4302 15.0637
  5.4326  3.4528  0.5186  2.0657 30.6481
  4.6886  1.9466  0.9499  1.1913 15.2273
  4.1975  3.0050  0.3956  1.0126 25.9150
  6.1011  3.5386  0.8493  1.7126 31.5657
  4.7811  2.1856  0.2481  1.6716 17.5655
  5.2683  4.3567  0.9395  1.4105 40.4718
  5.2674  1.6273  0.6090  0.8856 12.1927
  4.9334  4.0066  0.6670  2.7048 36.6284
  3.8655  1.9631  0.4829  0.6321 15.3870
  5.4443  3.2530  0.1732  1.5253 28.5241
  5.3474  4.1309  0.4040  1.3612 37.9882
  5.4180  2.2668  0.4551  0.2365 18.3713
  4.8258  2.4788  0.5652  0.9430 20.5002
  5.2633  1.3556  0.2692  0.7775  9.7095
  6.9393  2.1706  0.7137  0.3840 17.4170
  5.0526  3.0631  0.2601  0.5706 26.5238
  4.8011  3.0095  0.3940  2.4328 25.9622
  5.0198  3.5482  0.7937  0.9370 31.6689
  4.9447  3.3942  0.3270  1.3732 30.0232
  4.7211  2.9517  0.0177  2.6707 25.3588
  5.6656  2.7699  0.3320  0.8498 23.4749
  4.9330  0.4354  0.4551  1.3808  2.3916
  4.7316  4.1770  0.5842  1.8114 38.4934
  4.8471  1.9147  0.3410  1.2537 14.9188
  5.4727  3.3841  0.2694  0.3232 29.9154
  6.3171  2.6427  0.8522  2.0085 22.1677
  5.6690  2.0905  0.5270  0.1044 16.6285
  3.9656  0.3524  0.7857  2.1481  1.8607
  4.7993  2.8406  0.1174  1.1331 24.2056
  4.8840  3.7362  0.5869  1.2290 33.6922
  5.9672  1.3461  0.3757  1.2966  9.6247
  5.1657  1.7158  0.4856  0.5436 13.0220
  6.1599  1.6866  0.8417  1.0542 12.7475
  5.7792  3.0968  0.9889  0.7239 26.8775
  5.9074  1.1913  0.9577  0.5214  8.2620
  5.2921  2.9802  0.8282  0.4133 25.6561
  5.3222  2.3520  0.8898  0.9781 19.2226
  4.6868  2.1959  0.0426  2.0396 17.6679
  6.0436  0.5682  0.9863  1.0560  3.2989
  6.6489  3.5140  0.8550  0.7327 31.3024
  5.4554  1.7543  0.3643  0.7764 13.3861
  3.7911  3.3098  0.1218  2.0911 29.1256
  5.2550  1.6322  0.4106  2.0350 12.2389
  4.8482  2.3555  0.2150  0.5000 19.2579
  5.1835  3.1237  0.4402  0.3965 27.1601
  6.1328  1.5517  0.5221  1.3616 11.4917
  5.6222  1.5000  0.8659  1.1342 11.0164
  5.4524  2.3878  0.9964  1.7392 19.5822
  4.8164  2.9513  0.5148  1.3139 25.3555
  4.5628  4.0478  0.4561  0.7485 37.0782
  4.4769  2.7472  0.2715  2.4376 23.2409
  6.1547  1.9068  0.8750  2.0387 14.8432
  6.6168  2.7804  0.5772  2.2891 23.5826
  5.2302  1.8230  0.0531  0.6864 14.0390
  5.2095  2.1121  0.5788  1.8406 16.8407
  5.4796  3.6691  0.0328  2.7926 32.9688
  4.2896  3.3617  0.0573  1.3231 29.6767
  5.4775  2.6295  0.4647  0.0526 22.0326
  4.7554  3.9753  0.2921  0.7835 36.2877
  5.5147  3.3034  0.0580  0.3338 29.0580
  5.0089  2.9900  0.2292  1.1670 25.7589
  5.4904  1.9003  0.7434  2.3240 14.7806
  4.7448  1.4020  0.3701  1.0404 10.1259
  4.7761  0.5760  0.7202  1.0027  3.3541
  5.2590  1.1336  0.2189  0.4912  7.7651
  5.0664  3.6378  0.6956  1.8188 32.6315
  6.0456  4.1612  0.8030  0.8417 38.3200
  5.0756  2.8431  0.7052  1.2135 24.2312
  3.7044  3.5971  0.5775  2.7199 32.1934
  5.7193  3.5346  0.4673  1.6721 31.5237
  6.1453  3.4549  0.7449  2.0110 30.6701
  4.4069  3.1774  0.9404  0.8230 27.7255
  5.8818  1.9915  0.8341  0.6098 15.6627
  5.0963  3.5644  0.8584  1.9551 31.8431
  5.7939  2.0509  0.2516  2.1034 16.2412
  5.0763  3.8716  0.8823  1.6494 35.1591
  5.1955  3.8020  0.8143  0.5740 34.4046
  5.3281  2.7857  0.0918  1.8624 23.6372
  5.1652  0.6135  0.5100  1.2516  3.6235
  4.7077  3.3456  0.6457  1.5094 29.5056
  5.2628  3.0954  0.7336  0.9350 26.8630
  5.1143  1.5258  0.9733  3.0696 11.2530
  5.2536  3.3338  0.4455  2.0349 29.3808
  5.1287  3.0309  0.8725  1.3613 26.1865
  5.7236  2.0713  0.9887  2.8277 16.4405
  4.9038  1.5127  0.6011  1.7207 11.1335
  3.7413  2.1949  0.4525  2.0081 17.6578
  5.5114  1.2033  0.8788  2.3614  8.3662
  5.9747  1.7204  0.8910  0.7393 13.0655
  4.9565  2.9442  0.8812  1.4063 25.2814
  5.7527  2.1379  0.4963  0.7848 17.0951
  4.8868  0.8507  0.4729  0.8220  5.4264
  5.1744  3.6941  0.4005  1.0196 33.2375
  5.0190  3.6811  0.4401  0.5660 33.0974
  5.2333  3.0276  0.6015  1.1028 26.1514
  5.3940  1.8991  0.5681  0.2025 14.7693
  5.4560  1.6828  0.6091  0.2771 12.7122
  4.4992  3.8717  0.8451  0.5362 35.1596
  5.2481  1.7908  0.6356  0.6742 13.7326
  5.4110  3.5500  0.8034  1.4954 31.6880
  6.2033  4.0029  0.7343  1.6774 36.5883
  4.6064  1.3903  0.6064  1.3041 10.0205
  5.5712  2.8986  0.6171  1.2200 24.8072
  5.4176  1.6338  0.9980  1.1510 12.2536
  4.3903  2.7771  0.4395  1.3386 23.5487
  5.4001  1.9739  0.3863  2.4598 15.4917
  4.9119  2.3002  0.7194  0.6145 18.7041
  5.5901  2.8223  0.8155  1.3340 24.0153
  4.6389  2.1329  0.7285  0.8475 17.0459
  5.0251  3.5512  0.3897  0.2466 31.7007
  3.6444  2.5023  0.6814  0.4842 20.7384
  6.0763  2.9062  0.0328  0.9145 24.8859
  4.5529  4.0787  0.7110  1.6941 37.4160
  5.7326  4.1378  0.5386  2.2720 38.0638
  5.3176  3.2428  0.4681  0.6228 28.4156
  4.4864  2.0915  0.0379  2.2117 16.6388
  5.0637  4.0731  0.4105  2.3560 37.3554
  5.6355  2.6117  0.8702  0.5954 21.8512
  5.6559  0.4781  0.0281  1.9638  2.6759
  5.0873  2.2614  0.5243  1.4097 18.3176
  4.5785  2.2135  0.7796  0.4487 17.8418
  5.0409  1.5034  0.1128  2.1883 11.0474
  5.3413  3.0358  0.7647  1.1790 26.2374
  6.0138  4.1188  0.1565  1.1424 37.8555
  5.0347  3.5081  0.6760  0.6521 31.2393
  5.5062  3.1328  0.7241  0.1090 27.2557
  5.3959  1.4881  0.1398  0.5555 10.9077
  5.2568  2.8984  0.6045  1.7698 24.8042
  5.1147  1.7113  0.2564  1.0924 12.9802
  5.2289  1.8181  0.5840  1.5589 13.9923
  4.9684  3.8781  0.0796  1.6110 35.2299
  4.3566  2.3837  0.8465  0.8279 19.5413
  3.8980  0.6157  0.5493  1.1574  3.6394
  4.9454  0.9595  0.0134  2.5290  6.3044
  4.3689  3.8915  0.3388  2.7941 35.3755
  5.8754  1.1239  0.9544  0.3682  7.6819
  5.5644  1.4054  0.8944  1.3446 10.1566
  4.5313  2.7954  0.8961  0.1757 23.7378
  5.7581  1.7621  0.4067  0.9729 13.4599
  3.9257  1.1697  0.1730  1.7268  8.0756
  3.9682  2.8879  0.8779  1.6990 24.6953
  5.2262  1.4289  0.1124  3.0167 10.3689
  5.3103  0.6322  0.5691  1.0808  3.7591
  5.4916  2.7428  0.4301  1.7675 23.1949
  4.9108  2.7982  0.6938  1.4939 23.7664
  4.2517  4.2771  0.7576  0.8426 39.5937
  5.1467  2.0706  0.4992  1.2694 16.4340
  4.1221  3.8538  0.3945  2.7120 34.9663
  4.0399  4.4066  0.7084  1.8277 41.0224
  5.2358  1.9373  0.8494  0.4874 15.1375
  5.0543  1.5993  0.5448  1.3954 11.9320
  4.8912  1.7448  0.0024  1.8340 13.2966
  5.0043  3.0155  0.8979  1.5238 26.0249
  4.9962  0.2354  0.8031  1.9959  1.1671
  6.7406  3.2954  0.2486  0.9668 28.9733
  5.6161  3.5671  0.8644  2.7459 31.8712
  5.4651  0.4779  0.1053  1.4595  2.6744
  5.7308  2.0888  0.9616  1.5677 16.6122
  5.5912  1.8629  0.8141  1.8960 14.4208
  4.0089  2.5609  0.6781  0.6351 21.3334
  5.7310  3.0649  0.0860  0.7732 26.5422
  5.0829  3.8876  0.0361  1.4527 35.3333
  5.0657  1.4608  0.2029  1.9725 10.6591
  4.3237  0.8131  0.7638  0.9782  5.1304
  5.5421  1.5669  0.0265  0.9158 11.6317
  5.3153  2.2539  0.6833  2.1983 18.2428
  5.0968  4.3469  0.1762  1.1649 40.3630
  4.3658  3.2746  0.8415  0.3644 28.7527
  5.6539  2.3860  0.6499  0.6613 19.5635
  5.0392  3.4184  0.1982  1.9933 30.2805
  4.2035  2.4009  0.5001  2.9238 19.7140
  5.3391  2.8724  0.3872  1.9329 24.5352
  4.5424  3.4387  0.5843  0.4898 30.4980
  5.1034  4.4478  0.2142  2.5749 41.4786
  4.8350  3.9725  0.9005  2.4666 36.2573
  4.8939  2.4756  0.2731  1.1306 20.4671
  4.3999  1.4823  0.4015  0.4903 10.8547
  5.0886  2.3897  0.6941  1.5059 19.6009
  4.8814  2.9603  0.8785  2.1544 25.4494
  5.1861  1.9207  0.9198  2.1206 14.9772
  6.7745  2.1374  0.3657  1.3063 17.0903
  4.4809  2.4198  0.6845  1.5779 19.9045
  5.2855  2.9393  0.4361  0.8357 25.2300
  5.5007  2.5879  0.2880  1.2053 21.6080
  5.1501  1.5182  0.3593  0.2513 11.1832
  6.5785  3.6915  0.2693  0.4282 33.2101
  4.2006  1.8255  0.9930  1.8376 14.0630
  4.5564  2.2063  0.9681  1.7258 17.7706
  4.4611  1.1076  0.0076  0.6401  7.5433
  5.2173  1.7017  0.5925  0.8508 12.8895
  5.0498  1.2765  0.5572  1.4120  9.0074
  5.2957  2.1546  0.8758  0.4778 17.2597
  5.4311  1.2249  0.8654  0.8126  8.5548
  4.8733  3.2475  0.4271  0.6251 28.4659
  3.5285  3.0834  0.6325  2.1606 26.7367
  4.5513  4.0649  0.1652  2.0703 37.2652
  4.2782  3.6216  0.4598  0.6180 32.4573
  4.9370  2.8173  0.0668  1.2012 23.9642
  5.7320  1.9875  0.3380  1.7313 15.6238
  4.4547  3.8514  0.0758  1.5848 34.9402
  4.8606  1.1401  0.1522  1.5354  7.8203
  5.0391  1.2752  0.7785  2.1342  8.9955
  5.1692  4.0144  0.5359  1.9441 36.7143
  5.2285  0.3276  0.9876  2.2069  1.7083
  5.4177  3.7943  0.9980  1.9088 34.3213
  5.6164  3.8657  0.1909  2.6551 35.0954
  5.7102  3.5937  0.3423  1.9615 32.1576
  4.3891  1.3458  0.2678  2.2763  9.6220
  6.4293  2.3252  0.7083  1.7385 18.9542
  5.0369  4.4096  0.6420  1.7224 41.0564
  3.9650  1.0483  0.4066  0.9863  7.0419
  5.0854  1.2501  0.2857  1.7619  8.7753
  4.9477  4.0371  0.3659  0.9839 36.9621
  5.1059  1.0970  0.5867  1.3892  7.4527
  6.0074  3.3181  0.4758  2.5015 29.2136
  4.7192  1.1583  0.0912  2.3441  7.9772
  4.5413  1.6908  0.9503  1.3208 12.7876
  6.1715  2.5269  0.0433  2.1146 20.9870
  6.3823  1.2087  0.2403  1.4752  8.4130
  5.2555  2.8569  0.9364  1.4286 24.3740
  5.3725  3.3645  0.8901  1.6594 29.7071
  5.0759  2.0336  0.8376  0.5022 16.0725
  4.9636  1.3214  0.5486  0.5463  9.4049
  5.7250  4.2285  0.3768  0.8144 39.0590
  4.6511  1.3617  0.6088  1.0657  9.7645
  5.3874  0.4221  0.9918  1.5396  2.3046
  4.9632  0.6925  0.2588  1.6807  4.2053
  5.5368  1.7033  0.5543  1.2945 12.9046
  4.9517  3.8449  0.9097  2.1305 34.8693
  5.0698  2.6540  0.3042  0.8144 22.2836
  4.1015  1.4023  0.7869  2.0394 10.1286
  4.8259  2.1941  0.8390  1.8526 17.6493
  5.4645  1.3670  0.4322  1.2298  9.8115
  5.0386  3.4748  0.9451  0.5520 30.8826
  5.3376  3.0996  0.2382  2.4508 26.9065
  5.3227  1.7257  0.5734  0.4233 13.1161
  5.4425  4.2066  0.6787  0.2931 38.8184
  5.6507  1.2705  0.6841  0.2796  8.9543
  4.8057  0.8695  0.5854  0.5150  5.5763
  4.8481  3.4098  0.2020  1.0289 30.1894
  5.1826  3.7689  0.2961  2.0477 34.0458
  4.5830  1.5835  0.8372  1.1120 11.7860
  5.2227  2.0015  0.9540  1.8454 15.7592
  4.0788  4.1303  0.2302  1.3270 37.9816
  5.0854  2.6987  0.3557  2.9989 22.7415
  5.3092  1.8528  0.9809  1.5783 14.3240
  4.5665  4.0152  0.8626  1.8502 36.7228
  5.4110  4.2427  0.5866  2.9007 39.2155
  5.4591  1.0437  0.7609  2.6051  7.0027
  6.0621  2.6239  0.1683  0.8014 21.9757
  5.4677  2.6007  0.6289  1.2248 21.7381
  5.3320  3.0004  0.2264  1.9872 25.8671
  6.3723  1.1143  0.5227  2.8152  7.6004
  5.6320  3.7188  0.6473  2.4748 33.5041
  5.1173  0.6787  0.2757  1.0744  4.1020
  5.0932  4.4052  0.3303  1.6153 41.0075
  3.8346  1.4727  0.4950  1.3524 10.7672
  4.5436  0.9015  0.4766  0.4347  5.8332
  6.7816  4.0820  0.1601  2.1114 37.4529
  4.5834  4.0789  0.2195  0.7711 37.4186
  5.9030  3.1246  0.4738  1.7350 27.1690
  4.9054  1.7201  0.5450  1.0561 13.0625
  4.0454  1.7278  0.0489  2.5397 13.1352
  5.5763  3.9039  0.2582  1.4304 35.5104
  5.2585  4.1403  0.1490  1.7492 38.0913
  5.2301  0.7613  0.5062  0.8235  4.7278
  5.2741  1.4043  0.9802  1.2848 10.1467
  5.2716  3.5518  0.7057  0.2056 31.7071
  5.4418  0.8455  0.1632  0.7572  5.3853
  4.4759  3.9659  0.4125  2.2625 36.1852
  5.9658  3.0021  0.9980  2.2168 25.8856
  4.3747  1.9100  0.5578  2.2190 14.8741
  5.2442  4.1082  0.0352  2.2071 37.7391
  4.7187  4.1318  0.8747  2.3052 37.9977
  4.9506  0.1561  0.1583  2.0241  0.7378
  5.3058  2.0356  0.5767  1.0232 16.0922
  5.1649  3.1066  0.7533  1.6701 26.9803
  5.5787  3.4737  0.9264  1.9419 30.8712
  4.7460  3.4619  0.0574  2.3252 30.7451
  5.7956  4.2880  0.0867  2.5511 39.7141
  4.2303  0.8063  0.7746  1.0564  5.0771
  5.3464  4.3143  0.2816  2.6762 40.0033
  6.6249  1.0897  0.6860  0.4047  7.3905
  5.3056  2.7374  0.7254  1.7994 23.1394
  3.9190  1.8480  0.0757  2.2854 14.2779
  6.4370  3.5486  0.5807  1.2904 31.6733
  3.6170  2.2601  0.5497  0.6733 18.3050
  4.7701  0.4537  0.5568  1.2605  2.5126
  5.5808  4.0640  0.1975  0.9820 37.2560
  5.6622  0.5611  0.6007  1.3415  3.2486
  5.0700  2.2863  0.5976  2.5459 18.5663
  4.9616  3.7974  0.3416  1.4465 34.3547
  4.1633  2.9521  0.1838  2.4546 25.3629
  6.1026  3.6243  0.5978  0.7208 32.4867
  4.7970  2.8228  0.3687  2.0082 24.0209
  5.1419  1.6504  0.2240  2.1149 12.4086
  5.0456  2.9160  0.1587  1.1219 24.9876
  5.0378  4.1366  0.6585  2.4475 38.0503
  3.6287  3.8146  0.5261  2.9563 34.5410
  5.0267  3.2398  0.2566  0.8667 28.3846
  6.1827  2.6236  0.8099  1.2261 21.9723
  4.8111  0.5231  0.0855  2.0428  2.9833
  6.2263  4.4067  0.3785  1.6743 41.0241
  5.5856  3.7374  0.8269  2.5077 33.7052
  5.8525  3.9228  0.8844  0.6522 35.7160
  5.4607  2.9127  0.6279  0.5107 24.9538
  5.9477  2.9508  0.5480  1.0036 25.3500
  5.3279  0.8932  0.7696  0.5825  5.7664
  5.1192  2.4269  0.6370  2.1321 19.9757
  4.3606  1.9432  0.5657  1.2451 15.1943
  5.5915  1.8258  0.0810  1.7862 14.0661
  4.8100  2.8622  0.0064  1.8550 24.4287
  5.0162  1.2505  0.8646  1.8360  8.7786
  5.3207  1.7174  0.8182  2.2419 13.0376
  4.8406  2.1899  0.8219  1.8854 17.6079
  5.5075  3.0580  0.9403  0.4225 26.4700
  5.1625  1.4254  0.2123  0.9859 10.3376
  5.3425  1.4517  0.5860  0.9003 10.5757
  5.2880  2.2210  0.1571  1.4243 17.9163
  5.3052  1.9225  0.5571  2.0833 14.9947
  5.2402  3.1604  0.2980  2.0027 27.5459
  4.7222  2.0324  0.4476  1.7452 16.0608
  5.5671  1.5930  0.7268  0.9140 11.8740
  4.5131  3.1192  0.2769  1.3309 27.1121
  5.5930  3.3171  0.8883  2.7451 29.2034
  4.4362  1.5936  0.8235  1.1610 11.8795
  5.0810  3.7737  0.4127  0.5178 34.0976
  4.8800  2.2211  0.1565  2.4193 17.9173
  4.8478  2.2776  0.5145  1.8102 18.4791
  5.1244  3.9162  0.5695  1.3830 35.6435
  3.8423  1.5735  0.4232  1.8359 11.6930
  5.7566  3.1548  0.9623  1.1804 27.4873
  3.8790  4.0677  0.2827  2.2115 37.2958
  4.3148  3.2251  0.0840  0.9921 28.2285
  4.9096  1.7368  0.1878  1.8361 13.2205
  3.8793  4.0402  0.1565  1.9122 36.9961
  5.7585  1.0660  0.0765  0.9726  7.1909
  5.6899  2.4421  0.0210  1.7198 20.1289
  4.0526  3.9441  0.7772  0.4901 35.9479
  5.1778  1.9119  0.2750  2.4607 14.8919
  5.1381  2.4131  0.1030  1.2193 19.8368
  5.9252  2.8876  0.3238  2.7411 24.6924
  6.7917  1.6608  0.2195  1.7563 12.5055
  5.3029  1.6700  0.5572  1.2924 12.5916
  5.3844  0.7671  0.3537  1.9680  4.7722
  4.4631  3.6914  0.5078  0.9012 33.2087
  5.7035  3.8355  0.1893  1.1507 34.7678
  5.4545  2.2256  0.1128  1.5322 17.9616
  4.6265  0.9992  0.4400  1.3320  6.6324
  4.5226  0.7884  0.5287  1.3535  4.9377
  5.2031  2.6595  0.4788  2.2058 22.3402
  6.2195  0.8450  0.0193  1.9244  5.3814
  5.1252  3.3586  0.8350  0.8213 29.6442
  4.9011  1.8102  0.8029  2.0311 13.9177
  5.4445  0.9991  0.8110  0.4077  6.6314
  5.3419  4.0871  0.6220  1.6599 37.5088
  5.0192  3.8456  0.6332  2.0325 34.8767
  5.2641  0.5670  0.3000  0.8534  3.2905
  3.8595  2.5382  0.0322  0.2806 21.1019
  4.7339  3.5030  0.9831  0.5180 31.1852
  5.1308  3.4124  0.8059  2.8319 30.2168
  5.2010  1.5904  0.7375  0.7195 11.8495
  4.1592  4.0513  0.5561  0.7805 37.1166
  5.5062  2.5853  0.8059  1.1794 21.5811
  4.5102  3.3247  0.7324  2.1761 29.2839
  5.5098  1.9351  0.9926  2.9894 15.1158
  5.2666  2.0567  0.4432  0.9771 16.2984
  4.4989  4.0787  0.0255  1.2272 37.4165
  4.7644  1.5511  0.3767  0.4643 11.4865
  5.3492  3.6856  0.5713  2.5464 33.1466
  4.5031  2.8030  0.4193  1.4066 23.8157
  3.7756  1.4444  0.4157  2.5305 10.5102
  5.6910  3.7750  0.1396  1.4112 34.1124
  4.2061  2.2187  0.4997  0.5686 17.8934
  6.6855  2.7803  0.5088  0.7681 23.5819
  3.5240  2.0215  0.7901  0.7853 15.9546
  5.6279  1.8639  0.8531  2.0048 14.4305
  4.6408  1.3077  0.6147  2.4180  9.2834
  4.4785  2.7725  0.8395  1.0050 23.5014
  6.5912  1.1915  0.1729  1.4212  8.2641
  4.7410  2.3297  0.9978  0.4566 18.9994
  4.6235  1.8476  0.2141  1.8562 14.2749
  5.3711  2.1210  0.1533  1.6268 16.9282
  5.3669  0.9059  0.8208  1.3546  5.8687
  5.4958  2.2188  0.7358  0.4948 17.8941
  4.2094  0.8976  0.2639  1.6357  5.8014
  5.4882  2.5259  0.2167  2.0426 20.9777
  4.9517  3.0446  0.8175  1.6405 26.3297
  4.5999  1.0933  0.3132  1.1887  7.4211
  4.6402  1.4039  0.8733  0.7748 10.1437
  4.8181  2.6996  0.2998  1.9062 22.7506
  5.5519  1.4437  0.7743  1.8115 10.5035
  5.7270  3.3982  0.3281  2.0879 30.0652
  4.8772  2.6968  0.3787  2.1768 22.7220
  5.7248  0.9098  0.6692  1.4367  5.8999
  5.0780  1.9613  0.6691  0.5657 15.3692
  4.3202  4.4098  0.1212  1.9392 41.0580
  6.2207  2.3548  0.6672  0.9854 19.2513
  4.6629  1.3621  0.8256  2.8043  9.7676
  5.2424  1.0499  0.6929  2.4498  7.0554
  4.7276  2.5621  0.6505  1.3267 21.3451
  5.8620  2.4749  0.2319  2.5208 20.4605
  4.9319  4.1715  0.2527  1.1896 38.4334
  4.9761  2.7584  0.3972  0.4706 23.3560
  4.9594  0.6726  0.3579  2.2037  4.0567
  4.7231  4.3561  0.9008  0.8530 40.4650
  5.1263  0.8742  0.4077  1.2781  5.6137
  5.2665  1.6494  0.6797  1.9160 12.3991
  5.1124  1.9121  0.4576  0.5306 14.8942
  5.0332  1.9644  0.0172  1.0168 15.3993
  4.2140  3.3615  0.7562  1.2992 29.6752
  5.3308  1.3562  0.8112  2.1727  9.7152
  4.5410  3.9815  0.7603  2.2726 36.3550
  5.4192  2.5256  0.7824  2.2919 20.9744
  5.2236  3.0186  0.5415  2.2752 26.0574
  5.5342  1.0745  0.5222  1.1047  7.2623
  5.7629  3.4477  0.5279  1.4205 30.5933
  4.7004  2.0263  0.9464  1.6444 16.0015
  6.9536  1.8239  0.8235  0.2846 14.0476
  4.8047  1.1844  0.8510  1.4452  8.2026
  5.0560  2.7902  0.6979  0.9326 23.6843
  5.2167  0.6943  0.1727  1.5577  4.2186
  5.9095  1.8279  0.0853  1.8447 14.0866
  5.2301  3.1207  0.5327  1.3246 27.1286
  5.1170  2.6901  0.1187  0.5794 22.6531
  5.2127  2.9513  0.3469  1.4513 25.3548
  3.6773  3.0141  0.5941  0.7497 26.0103
  5.2223  2.4329  0.7561  0.7054 20.0362
  4.2978  1.0315  0.8807  0.6747  6.9013
  5.1216  3.8703  0.9839  1.4661 35.1455
  4.5640  1.5086  0.9238  2.1152 11.0958
  4.4141  2.3083  0.5843  1.2549 18.7851
  5.4521  1.0062  0.6598  2.4106  6.6901
  3.7389  2.6181  0.7776  1.7040 21.9161
  5.2461  2.9092  0.7139  2.2178 24.9174
  4.7159  2.5087  0.0191  0.9598 20.8029
  5.9699  4.4541  0.0981  0.3137 41.5481
  4.8630  4.4602  0.4901  2.7263 41.6158
  5.6204  1.3781  0.6511  0.7898  9.9117
  5.9099  3.9632  0.0257  0.5162 36.1554
  5.2240  1.4830  0.0492  1.2150 10.8612
  5.6356  3.1536  0.5380  1.7818 27.4745
  6.2639  2.1600  0.9606  0.6923 17.3124
  4.8624  0.4613  0.1121  1.4339  2.5630
  5.3751  1.6726  0.9010  0.9760 12.6162
  5.7004  1.5790  0.4001  1.3692 11.7445
  5.7890  1.9971  0.3289  0.8245 15.7171
  5.5515  1.3396  0.6832  2.0056  9.5668
  3.7835  3.3855  0.2751  1.6960 29.9302
  6.4290  4.2732  0.0169  1.8726 39.5509
  5.3570  2.3556  0.0479  2.2592 19.2589
  4.8954  0.5367  0.7159  1.9301  3.0773
  4.9044  4.0870  0.8988  2.5264 37.5070
  5.0193  4.3882  0.4539  2.5478 40.8189
  4.2239  1.7042  0.2840  1.5087 12.9130
  4.9681  3.2385  0.8443  1.6293 28.3711
  5.3910  2.6212  0.2726  1.0847 21.9481
  5.0380  2.1642  0.7845  2.6237 17.3546
  5.3693  1.8758  0.1938  0.4080 14.5445
  5.8647  3.4434  0.2730  0.6272 30.5476
  5.8928  3.7809  0.7354  2.1601 34.1755
  5.2037  1.5036  0.7625  2.0166 11.0493
  5.7827  2.0911  0.5528  0.6742 16.6346
  4.6625  0.4335  0.1689  0.5899  2.3788
  5.1664  1.8953  0.8939  1.7806 14.7320
  5.2422  0.4728  0.8119  0.6519  2.6400
  4.4916  2.9508  0.4587  0.9982 25.3501
  5.0224  1.5171  0.7088  1.3624 11.1735
  6.1500  4.0441  0.2090  2.1707 37.0377
  5.5024  2.7392  0.3123  1.5895 23.1578
  5.0377  2.3513  0.1850  1.2946 19.2156
  3.7954  3.4739  0.1300  1.9871 30.8733
  4.6779  2.4909  0.6865  2.6316 20.6229
  5.0856  4.2120  0.2060  1.6460 38.8776
  5.3946  2.9314  0.0367  0.9543 25.1474
  4.4949  1.1939  0.6359  0.8862  8.2850
  4.2560  4.4443  0.3417  0.9156 41.4395
  5.7585  2.4060  0.8298  1.2405 19.7653
  4.7013  2.5756  0.6503  1.1578 21.4824
  6.5430  2.2055  0.4462  2.5955 17.7621
  4.8429  1.5310  0.3246  1.6407 11.3008
  4.9037  2.9897  0.4986  2.5122 25.7560
  6.0094  4.0403  0.2662  2.3826 36.9966
  6.2700  2.2922  0.0102  0.6248 18.6244
  5.0628  4.4624  0.1497  1.6059 41.6396
  6.2446  4.1107  0.9596  1.3329 37.7663
  3.6546  2.1188  0.6909  2.1356 16.9067
  4.3104  1.4851  0.0366  0.6598 10.8806
  5.1097  2.8050  0.9072  0.9130 23.8371
  4.8208  4.4373  0.7181  1.5422 41.3620
  6.0574  3.2422  0.9158  1.2623 28.4100
  5.3222  2.6064  0.8683  0.9439 21.7972
  5.3348  3.7826  0.4520  2.3957 34.1941
  5.3040  3.9642  0.9280  1.0598 36.1662
  4.3870  1.5061  0.8304  1.4979 11.0728
  6.6723  4.3784  0.9052  2.8076 40.7113
  4.8926  4.0596  0.4641  1.6954 37.2080
  5.4632  2.9278  0.1795  0.8346 25.1107
  4.9776  3.7708  0.5902  2.0562 34.0666
  5.2758  3.7386  0.5507  1.1471 33.7186
  5.1576  1.0892  0.2250  0.4298  7.3863
  3.6627  1.5383  0.9947  1.3194 11.3687
  4.4311  2.8354  0.6802  2.4510 24.1509
  5.4647  2.8559  0.8484  1.4845 24.3636
  3.7113  3.2811  0.6771  2.9899 28.8216
  5.3057  2.2582  0.1416  2.8460 18.2859
  5.0981  1.2364  0.2764  2.7399  8.6547
  5.2321  0.7241  0.8724  0.3367  4.4432
  4.1368  0.9701  0.3267  1.5156  6.3916
  4.6264  3.6222  0.3751  2.5036 32.4635
  4.9909  3.6580  0.6302  2.0256 32.8488
  4.9387  4.0076  0.2788  2.2254 36.6400
  3.7008  2.4429  0.2430  1.2595 20.1375
  5.2275  1.8923  0.3196  0.9371 14.7031
  5.1725  1.5588  0.9753  1.1952 11.5570
  5.8250  2.4588  0.6667  0.3790 20.2981
  4.9425  1.6198  0.3440  2.0734 12.1226
  6.6915  3.3672  0.9931  1.9156 29.7355
  5.4002  3.1075  0.2053  2.1899 26.9896
  5.1323  1.1476  0.3254  1.7448  7.8851
  4.4095  4.4771  0.1766  1.3990 41.8034
  5.3643  2.6420  0.1726  0.3039 22.1610
  4.7600  2.1894  0.6214  0.7228 17.6032
  4.7445  3.1206  0.2924  2.7398 27.1272
  3.6539  4.0374  0.9407  0.4892 36.9652
  4.3571  2.0393  0.0275  0.9200 16.1276
  4.9370  1.3830  0.2600  2.1177  9.9554
  4.1034  4.2321  0.0618  2.7312 39.0987
  5.1896  1.1168  0.8827  2.9184  7.6210
  5.1495  0.2729  0.4446  1.3012  1.3820
  5.2026  1.7456  0.9497  1.6193 13.3035
  5.2182  1.6811  0.3481  0.3788 12.6957
  5.5672  4.3289  0.4567  0.6627 40.1650
  4.3652  1.1292  0.7555  1.6777  7.7275
  5.2469  3.9397  0.1200  0.7352 35.8991
  5.3821  2.1287  0.6039  2.6996 17.0039
  5.0405  2.7137  0.5489  0.1945 22.8958
  5.6528  1.4907  0.2847  1.2172 10.9319
  5.1421  4.4764  0.4832  1.1092 41.7954
  5.1335  2.1961  0.9762  0.4481 17.6691
  5.4409  2.0083  0.7954  1.2106 15.8259
  5.2451  1.3314  0.3184  2.7389  9.4936
  6.0533  3.9670  0.9857  1.9739 36.1967
  5.9806  2.7993  0.4223  2.7101 23.7776
  4.4465  0.6528  0.4447  0.9218  3.9100
  4.8781  3.9060  0.5078  1.2738 35.5327
  5.3830  2.1046  0.2060  2.8083 16.7675
  5.2244  3.0242  0.0550  2.3266 26.1158
  4.9695  1.6744  0.4959  1.0652 12.6336
  5.2693  4.4240  0.6976  0.6825 41.2147
  5.2744  2.5793  0.9096  1.7407 21.5200
  5.1461  0.7581  0.2892  0.7257  4.7033
  5.2599  3.6179  0.1737  0.6214 32.4177
  5.6210  0.8667  0.0837  1.0191  5.5543
  4.5432  1.4754  0.2269  2.0816 10.7923
  4.5778  1.8815  0.8134  0.6805 14.6001
  5.0779  3.4846  0.0571  1.1524 30.9875
  5.1797  1.8852  0.3107  0.6332 14.6354
  4.4350  1.3562  0.2374  0.6824  9.7150
  5.3302  1.9738  0.6856  2.7638 15.4909
  4.4160  2.8231  0.3573  1.0242 24.0238
  5.4445  2.0892  0.5277  2.4258 16.6162
  6.0680  4.3008  0.1040  2.1808 39.8547
  4.7113  3.7263  0.6153  0.3295 33.5853
  4.1649  2.8101  0.9839  2.1569 23.8894
  5.6565  2.0441  0.7225  1.8071 16.1747
  5.6027  4.0961  0.6368  2.5472 37.6073
  5.4119  3.8222  0.8284  1.2705 34.6230
  5.2257  2.8180  0.1917  0.5190 23.9717
  3.7811  4.2840  0.6888  0.8282 39.6704
  5.9891  2.2491  0.7924  1.7185 18.1949
  4.7141  2.7665  0.3802  0.9897 23.4389
  5.7757  1.0699  0.4641  1.0085  7.2236
  5.5005  2.4636  0.5741  1.7847 20.3460
  4.9902  2.4327  0.5658  0.5931 20.0344
  3.6024  1.9092  0.4854  1.5110 14.8661
  4.6465  2.2833  0.1880  1.8660 18.5357
  5.3871  2.8420  0.7144  1.7941 24.2191
  4.9326  3.7290  0.1731  1.6293 33.6150
  5.9760  3.1656  0.5999  0.4160 27.6006
  5.2936  1.1458  0.7028  0.6688  7.8699
  5.1717  2.0653  0.3054  2.8693 16.3826
  5.1682  1.1530  0.0692  2.6829  7.9312
  5.8293  1.6688  0.7811  1.2599 12.5808
  5.4807  2.9187  0.8696  0.6740 25.0155
  5.0879  3.2776  0.8213  0.7631 28.7847
  5.2575  0.9838  0.0544  1.9113  6.5044
  4.7613  3.8815  0.1417  2.1076 35.2665
  5.0209  2.8443  0.0362  2.3356 24.2434
  4.6416  2.1969  0.8260  1.5360 17.6776
  4.6853  1.2742  0.0963  1.3339  8.9864
  4.3110  0.7225  0.4286  2.2498  4.4311
  5.2033  2.7655  0.9420  2.4974 23.4288
  4.2211  1.4952  0.2776  1.7067 10.9730
  5.7483  2.8512  0.7587  0.9324 24.3148
  4.9424  3.2698  0.3238  1.6466 28.7015
  4.4271  3.2569  0.9049  1.1789 28.5648
  5.8489  2.7445  0.3708  1.9132 23.2123
  5.5881  1.4594  0.1605  0.2621 10.6457
  5.1756  2.3614  0.8075  1.5005 19.3167
  5.7796  3.1353  0.0832  1.0204 27.2818
  4.1072  1.4329  0.5731  0.4470 10.4054
  5.2185  3.1336  0.3584  0.4221 27.2638
  6.8647  1.4166  0.6240  1.4741 10.2578
  5.2680  2.2737  0.6365  1.5645 18.4405
  4.8337  2.1780  0.3524  0.3054 17.4909
  4.9106  3.9631  0.4051  1.0391 36.1547
  4.2439  4.2511  0.4356  2.6894 39.3075
  5.4365  2.4437  0.7590  1.2653 20.1455
  4.9016  2.6391  0.1245  1.6064 22.1311
  4.3112  3.2113  0.6693  1.5163 28.0827
  3.7814  0.6222  0.8237  1.6345  3.6862
  4.9369  3.0253  0.9904  0.9172 26.1279
  5.2995  2.1526  0.0219  1.1389 17.2399
  5.2304  3.5619  0.2196  2.6924 31.8158
  4.3861  1.8361  0.9065  0.6512 14.1646
  4.1448  2.4475  0.7782  0.3876 20.1836
  4.7812  1.4208  0.8203  0.5537 10.2959
  5.5661  2.9050  0.1502  2.5523 24.8731
  5.6782  1.2600  0.9015  1.0504  8.8621
  3.6215  3.0271  0.8392  0.3231 26.1471
  3.8887  4.0003  0.5244  1.3470 36.5603
  5.0110  0.4522  0.9896  1.6452  2.5025
  6.1811  2.2635  0.2139  2.0913 18.3386
  5.6486  2.3149  0.5788  0.4210 18.8509
  3.8388  2.9875  0.1432  1.9462 25.7332
  4.4147  4.2143  0.2511  2.1316 38.9032
  4.9988  3.3378  0.0425  2.5454 29.4234
  4.2772  2.0148  0.8113  2.2434 15.8893
  5.3912  4.4655  0.9193  1.1857 41.6741
  5.0683  2.8596  0.8098  0.9290 24.4024
  5.4644  3.7633  0.1541  1.3451 33.9850
  4.3596  1.0267  0.1698  1.4891  6.8606
  5.4413  3.5950  0.7091  0.6593 32.1714
  6.2094  2.3553  0.2253  1.5602 19.2558
  5.5837  4.0397  0.3183  0.9882 36.9901
  6.3094  0.6235  0.0456  0.4880  3.6958
  5.2276  1.7416  0.7442  2.5829 13.2658
  5.5686  0.8118  0.9900  0.8066  5.1198
  4.9767  2.3898  0.1256  2.1777 19.6025
  4.6016  4.0168  0.0904  0.6923 36.7395
  6.0333  2.0296  0.1150  1.5070 16.0330
  3.8354  0.8821  0.2188  2.8844  5.6768
  4.0299  0.8866  0.1749  1.9312  5.7134
  5.1749  2.0772  0.2399  0.8986 16.4989
  4.7939  1.4509  0.7457  0.7850 10.5684
  5.1735  0.6026  0.4332  0.8408  3.5447
  5.1771  4.0468  0.5507  0.6211 37.0682
  5.2912  3.1018  0.6099  0.7510 26.9296
  4.5574  2.6289  0.6820  2.8954 22.0268
  4.0434  2.8700  0.1862  1.5152 24.5099
  5.5070  1.2866  0.7005  2.6913  9.0966
  5.7549  2.9585  0.9915  1.1168 25.4298
  5.7794  3.7829  0.2175  0.6108 34.1970
  4.5106  1.9272  0.1068  2.9021 15.0397
  6.3085  3.4323  0.9506  0.4770 30.4294
  4.6305  3.8467  0.7852  1.0618 34.8887
  6.1558  1.8073  0.5605  1.1162 13.8899
  5.2311  2.6128  0.3494  2.4999 21.8618
  4.8250  3.1985  0.5847  1.4526 27.9475
  5.0626  2.9662  0.0835  0.2776 25.5100
  4.7334  2.5955  0.9494  1.1131 21.6858
  5.4576  1.3155  0.9968  2.5175  9.3520
  5.0575  2.5366  0.2653  1.2824 21.0861
  5.1813  4.0858  0.2593  1.7427 37.4936
  5.5564  2.8110  0.4205  1.3270 23.8985
  4.9792  1.6107  0.5454  0.8799 12.0384
  5.0530  2.8285  0.9240  1.4156 24.0796
  4.8696  4.0103  0.2423  0.9943 36.6692
  6.3986  3.7613  0.7219  1.8248 33.9643
  4.7064  0.9939  0.7372  0.7282  6.5881
  3.7322  0.9405  0.1864  0.7665  6.1492
  4.6986  0.5637  0.1415  2.0228  3.2671
  4.8350  2.9172  0.7234  0.2572 25.0000
  3.8627  3.8360  0.6159  0.7703 34.7732
  5.0488  2.5840  0.2047  1.7345 21.5682
  5.3781  2.3434  0.8700  2.1500 19.1363
  5.2631  2.8789  0.6562  0.4515 24.6025
  4.6871  1.5182  0.5464  0.4940 11.1835
  4.9768  3.9848  0.6963  0.7196 36.3907
  5.3272  4.2032  0.2172  1.6553 38.7817
  5.3371  1.6289  0.3687  1.3154 12.2074
  4.8326  1.6038  0.2798  1.7916 11.9738
  5.3360  0.1810  0.0387  1.9276  0.8686
  6.1839  1.6113  0.3181  0.4493 12.0437
  5.1064  1.7454  0.2008  1.3487 13.3023
  4.8208  3.7771  0.5112  0.9628 34.1346
  4.4946  2.3931  0.0949  2.0432 19.6352
  5.2646  2.7989  0.8581  1.0437 23.7735
  5.8280  3.2002  0.8437  0.4173 27.9657
  5.5931  3.2532  0.5603  0.5323 28.5263
  3.6858  2.4576  0.9842  1.3534 20.2855
  5.0244  1.6045  0.7268  0.2056 11.9803
  4.3857  2.5785  0.1295  1.2947 21.5118
  5.2844  2.5378  0.4237  1.2806 21.0981
  4.6241  1.3194  0.4872  0.7447  9.3868
  6.2734  3.5321  0.2159  0.9871 31.4961
  4.8157  2.8225  0.6599  1.1328 24.0180
  5.6826  2.3736  0.5153  1.5774 19.4399
  4.6319  2.9465  0.2607  2.7235 25.3055
  5.8158  2.3391  0.3380  0.5541 19.0938
  3.9490  1.5473  0.9294  1.2963 11.4515
  6.1386  1.2137  0.6989  1.9663  8.4567
  5.2373  1.8251  0.8973  0.4687 14.0593
  5.5347  3.3064  0.6530  1.5127 29.0896
  4.8352  3.0500  0.7066  2.5662 26.3867
  4.9584  2.8240  0.3146  1.7766 24.0335
  4.6554  1.2295  0.8650  1.6023  8.5949
  4.8098  0.2781  0.7460  0.9811  1.4127
  4.9920  3.2143  0.5531  1.1656 28.1145
  4.2766  3.9165  0.8523  1.8728 35.6475
  5.3906  1.1750  0.7104  0.2734  8.1214
  5.6564  3.0529  0.5270  2.7393 26.4165
  4.6976  2.6153  0.8732  1.5845 21.8877
  3.7553  1.5404  0.9587  1.4247 11.3872
  5.2807  2.3728  0.2933  1.8010 19.4317
  4.8775  3.7305  0.3764  1.8156 33.6310
  5.0427  0.8392  0.9157  2.1576  5.3356
  5.2366  3.5751  0.5337  1.2301 31.9574
  5.4046  1.9014  0.7947  2.3441 14.7915
  5.1628  1.3031  0.9624  2.1451  9.2421
  4.9679  2.2898  0.9201  1.7659 18.6005
  5.0398  2.0802  0.1766  1.9407 16.5282
  5.2677  1.9802  0.9878  0.6877 15.5528
  5.0907  3.4072  0.9769  0.9985 30.1615
  4.9538  2.3384  0.1751  1.5451 19.0866
  3.8232  4.1367  0.2419  1.9759 38.0512
  5.3139  3.3175  0.3142  1.8618 29.2079
  4.8255  1.0849  0.4950  0.7527  7.3498
  4.1725  1.2747  0.2337  2.3733  8.9908
  3.9854  4.2516  0.7649  1.5302 39.3133
  5.2867  4.3284  0.6964  0.7906 40.1589
  6.2033  3.1393  0.6711  0.4161 27.3243
  4.7047  1.3083  0.4923  2.2042  9.2882
  4.9033  2.0797  0.1099  1.6054 16.5227
  4.5414  4.4419  0.4181  1.7920 41.4130
  3.9549  1.8931  0.5812  1.5066 14.7110
  5.1788  1.1112  0.7588  0.2057  7.5732
  5.1600  0.8789  0.0539  1.3983  5.6515
  4.5456  4.1896  0.1047  1.1203 38.6321
  4.7666  4.4959  0.8816  0.4465 42.0108
  6.6017  3.2644  0.2910  2.4834 28.6441
  5.3069  3.8029  0.3798  1.4651 34.4143
  5.1084  1.3366  0.6593  1.5872  9.5399
  5.9044  3.2638  0.4178  0.7202 28.6381
  5.3108  3.8508  0.7749  1.5658 34.9334
  5.1308  3.9983  0.9564  0.5710 36.5382
  4.6503  2.2119  0.7319  1.5393 17.8265
  6.5784  0.8081  0.7203  1.8430  5.0911
  4.2778  4.1988  0.9441  0.7130 38.7326
  5.6371  1.5061  0.5484  1.7089 11.0728
  4.7688  1.0528  0.3330  2.1323  7.0792
  6.7065  2.7677  0.4625  0.4112 23.4515
  5.0779  2.7520  0.8285  0.3248 23.2903
  6.0855  1.0984  0.7639  0.8388  7.4650
  6.4138  2.2697  0.4558  1.2919 18.4002
  5.4914  0.3588  0.1798  0.6564  1.9008
  5.1194  3.5213  0.4905  2.7034 31.3809
  5.5176  2.7032  0.5685  1.3178 22.7880
  6.5990  2.2670  0.9380  0.7235 18.3732
  4.9396  2.4418  0.3752  1.8860 20.1263
  6.1805  1.1709  0.4486  2.5767  8.0853
  5.3500  1.1249  0.2732  2.8751  7.6904
  5.2707  4.1720  0.1311  1.3388 38.4388
  4.9756  2.7763  0.0179  0.9282 23.5405
  4.8730  2.3044  0.1757  1.7349 18.7460
  4.9143  1.1215  0.0294  1.6189  7.6615
  4.2785  4.0973  0.9098  0.8881 37.6203
  4.8146  3.7723  0.8424  1.2118 34.0832
  5.2913  3.4562  0.3287  0.9159 30.6846
  5.8544  3.2466  0.1901  1.8879 28.4563
  5.5249  4.3697  0.5172  0.5281 40.6150
  5.7395  1.7494  0.5166  1.7627 13.3397
  5.3636  1.4390  0.9742  1.5849 10.4606
  6.0063  4.2707  0.0463  2.8400 39.5235
  5.2910  4.1965  0.8603  2.0585 38.7073
  4.8358  1.6252  0.9750  1.1789 12.1737
  5.4989  0.8618  0.1742  1.9837  5.5149
  5.3120  1.5051  0.2226  0.9699 11.0635
  4.5054  2.4813  0.3512  2.5849 20.5254
  5.2756  2.8380  0.1191  1.1485 24.1779
  5.1646  2.8151  0.0857  2.4247 23.9410
  4.0420  3.4794  0.8683  0.9397 30.9327
  5.2222  3.7593  0.1088  0.7950 33.9419
  5.7436  2.3212  0.8273  0.6522 18.9148
  5.4010  4.1148  0.3899  1.6566 37.8119
  3.6107  1.0716  0.2262  1.7906  7.2376
  4.9451  3.6498  0.1847  1.2055 32.7611
  5.1456  0.9177  0.2159  1.5946  5.9643
  4.7817  2.9644  0.2134  2.0970 25.4912
  5.2139  3.0631  0.2062  1.8940 26.5237
  5.7571  1.2642  0.4459  1.2752  8.8984
  4.3098  4.1484  0.8251  1.8446 38.1793
  5.4876  1.7464  0.3655  2.3847 13.3117
  5.8748  3.1538  0.8061  1.1840 27.4763
  4.4821  4.0114  0.0926  2.1262 36.6805
  5.0968  2.2845  0.3845  0.4804 18.5480
  5.3503  3.8658  0.2488  2.3248 35.0957
  5.4184  2.2148  0.1064  0.3091 17.8547
  5.2273  1.4892  0.6943  1.1419 10.9183
  6.2791  3.7796  0.8792  1.1010 34.1618
  5.2940  0.8631  0.0409  2.4070  5.5256
  5.3603  2.4123  0.9837  2.2816 19.8282
  5.3124  0.8293  0.4113  0.7382  5.2574
  6.9927  2.7534  0.0147  2.4385 23.3046
  4.4815  1.0045  0.6628  1.4190  6.6758
  5.7010  2.7372  0.4826  1.7377 23.1373
  5.9745  2.7601  0.1870  2.3805 23.3733
  3.5322  4.1909  0.9205  0.5161 38.6462
  4.8595  1.5265  0.6860  1.3427 11.2601
  5.1895  2.5086  0.0625  1.0993 20.8019
  3.6309  3.3479  0.1459  1.7956 29.5304
  4.0661  2.3094  0.0471  1.0599 18.7965
  5.3142  1.0807  0.8218  1.9206  7.3144
  6.0110  1.7372  0.9809  1.2926 13.2244
  5.1256  2.3533  0.8608  1.2961 19.2361
  4.0746  2.7784  0.3259  2.1946 23.5625
  4.3634  2.1783  0.6384  2.0022 17.4931
  5.3904  2.6779  0.1431  1.5151 22.5282
  5.1509  2.8979  0.4680  1.0049 24.7993
  4.8322  2.9335  0.1407  1.2508 25.1702
  5.9949  1.6945  0.9352  1.0368 12.8218
  4.2278  1.0319  0.4441  1.2384  6.9042
  4.6771  1.7910  0.6978  1.9461 13.7341
  5.0524  4.1567  0.9147  1.8863 38.2703
  6.0185  3.2425  0.1983  0.9547 28.4126
  5.6932  3.0274  0.7814  1.5306 26.1497
  4.4563  3.1984  0.3661  1.1562 27.9464
  4.3162  1.6925  0.3956  1.4498 12.8035
  5.1072  3.1990  0.7189  2.9355 27.9529
  6.5682  0.4270  0.5151  1.3348  2.3363
  5.2293  3.1217  0.7771  2.3586 27.1385
  4.9122  2.0400  0.4453  1.8014 16.1351
  6.1476  3.5401  0.8063  1.3093 31.5821
  4.9961  1.4879  0.0543  1.4832 10.9061
  4.7366  2.3748  0.4112  0.4292 19.4513
  5.0188  4.0921  0.8100  1.9547 37.5627
  5.0333  3.3762  0.7090  0.7213 29.8310
  5.0529  4.1769  0.9760  1.8451 38.4929
  5.2411  2.4770  0.8201  0.7885 20.4813
  5.7818  2.5004  0.5110  1.9716 20.7187
  4.8945  3.5246  0.3923  2.2268 31.4156
  4.9718  2.3949  0.3200  1.7576 19.6540
  6.0390  0.7108  0.5955  1.3329  4.3430
  4.7830  4.0363  0.1244  1.7320 36.9534
  6.1007  1.5619  0.7792  0.6554 11.5861
  5.0605  1.3577  0.5887  2.0305  9.7281
  4.8273  2.3755  0.5548  1.7882 19.4590
  4.1607  2.6162  0.4026  1.3456 21.8964
  4.2226  2.3286  0.8782  0.1952 18.9888
  5.3658  2.4489  0.4696  1.7877 20.1978
  5.1884  3.6507  0.7442  1.1499 32.7705
  5.2521  2.6970  0.7104  2.0234 22.7241
  5.4858  1.4739  0.4296  2.1102 10.7784
  6.3578  3.7839  0.3106  2.1632 34.2084
  4.6760  0.5205  0.5355  2.2437  2.9651
  5.4500  2.0609  0.0727  1.2922 16.3387
  4.8258  3.7358  0.1124  0.4468 33.6884
  5.4766  3.9061  0.7234  1.8658 35.5338
  4.0279  2.1221  0.4335  1.8470 16.9390
  5.6006  3.1014  0.5888  1.1663 26.9261
  5.3992  2.2520  0.2835  2.3404 18.2244
  4.8092  1.7748  0.5573  1.2421 13.5809
  5.2985  2.6494  0.5513  0.6830 22.2365
  4.9233  3.9802  0.0418  1.6546 36.3407
  4.7483  2.8211  0.7737  1.6579 24.0035
  4.7907  4.1252  0.1392  1.8217 37.9252
  4.9574  1.1060  0.4309  2.5474  7.5295
  5.2063  2.4607  0.3474  1.3989 20.3170
  5.2476  2.2017  0.7506  1.0401 17.7251
  5.7810  3.7905  0.9512  0.4662 34.2796
  4.4701  1.5195  0.2552  0.9332 11.1956
  5.8257  1.6996  0.0824  2.5372 12.8699
  5.1424  4.1706  0.0770  1.6798 38.4231
  5.4637  1.4858  0.3746  0.5698 10.8870
  5.7432  3.2259  0.7599  2.1044 28.2370
  5.6055  2.2663  0.6145  1.5737 18.3667
  5.2476  2.6526  0.1226  2.6809 22.2691
  5.0857  1.5164  0.3217  1.1415 11.1666
  4.9809  3.4883  0.1557  0.8754 31.0278
  4.9842  1.3937  0.6610  1.2010 10.0512
  4.7215  3.5105  0.8636  1.6402 31.2653
  4.9780  1.6245  0.6939  2.5030 12.1666
  4.7193  2.0837  0.4775  1.2702 16.5625
  4.3285  0.6696  0.5861  0.3113  4.0345
  5.1499  0.9429  0.5700  1.3364  6.1687
  5.1302  2.2187  0.7788  0.3698 17.8933
  5.0350  3.0650  0.1977  1.6779 26.5439
  6.7883  2.1758  0.9402  0.3653 17.4686
  5.4364  2.7189  0.3491  2.4399 22.9491
  4.8914  1.8608  0.4133  1.2606 14.4007
  4.8256  0.9744  0.8935  1.4284  6.4271
  4.5972  2.8042  0.0534  0.6190 23.8282
  6.0368  0.7725  0.5584  2.4910  4.8141
  5.3559  4.1848  0.9565  1.7748 38.5787
  4.4853  2.6195  0.1392  0.8431 21.9305
  5.6533  1.9480  0.5604  1.5056 15.2405
  5.3224  2.6888  0.2658  0.9512 22.6400
  5.2050  3.0173  0.4909  1.1963 26.0439
  5.2437  4.4884  0.1529  0.6839 41.9288
  5.5350  4.2172  0.1625  1.5237 38.9349
  4.2610  3.6228  0.6047  1.2317 32.4701
  5.3014  2.3051  0.8303  2.3573 18.7531
  5.0318  2.1049  0.3926  0.4452 16.7701
  5.6782  1.7316  0.9869  1.3086 13.1714
  5.1941  2.6958  0.1665  2.2740 22.7121
  5.5067  3.1834  0.4513  1.5136 27.7892
  5.0686  2.0612  0.1146  1.8052 16.3416
  4.6919  3.7703  0.8672  1.0604 34.0611
  5.4509  3.9601  0.3172  0.4663 36.1212
  4.1045  2.7232  0.1004  1.2209 22.9931
  5.8080  2.6758  0.3797  1.9671 22.5071
  4.8544  2.5894  0.4327  1.9255 21.6237
  5.7840  2.0579  0.2997  1.5137 16.3095
  5.0882  0.9838  0.0524  1.2067  6.5048
  5.2653  4.1868  0.1386  1.6363 38.6015
  6.4685  4.3180  0.3678  1.1816 40.0441
  3.7563  2.4507  0.4174  0.3482 20.2160
  5.8560  4.0392  0.6968  0.7264 36.9845
  6.2632  4.0529  0.7374  2.5045 37.1340
  5.9397  3.2346  0.3741  1.1812 28.3288
  5.9538  4.2633  0.3309  0.0974 39.4421
  4.6654  2.9593  0.9470  2.6661 25.4389
  4.4077  4.0599  0.7628  0.3699 37.2113
  3.9099  4.0140  0.8618  1.0925 36.7090
  5.2361  1.6078  0.7075  0.9969 12.0110
  4.9313  1.7390  0.2245  1.3452 13.2416
  6.7010  1.7241  0.5435  0.6772 13.1011
  5.1211  1.5576  0.7372  2.3306 11.5458
  5.5776  2.8475  0.0645  1.1672 24.2768
  5.4693  2.4776  0.5202  2.7953 20.4875
  5.4291  1.4775  0.4063  0.7928 10.8110
  5.2041  2.3569  0.0796  1.5227 19.2719
  4.9215  1.7706  0.0589  1.1818 13.5411
  5.7403  2.9735  0.4823  1.2326 25.5867
  6.2864  3.0653  0.6506  2.5562 26.5472
  4.7354  2.0165  0.2805  1.0816 15.9058
  5.4132  2.2463  0.6310  2.0185 18.1676
  4.2172  3.5101  0.0234  1.6059 31.2604
  5.4220  0.9094  0.8225  1.4888  5.8968
  4.7110  4.1454  0.7959  2.8920 38.1471
  4.0074  1.6777  0.4927  0.8235 12.6638
  4.1454  2.8486  0.0428  1.7917 24.2878
  4.2309  3.6477  0.0625  1.9355 32.7384
  5.2613  3.1928  0.8197  1.3638 27.8876
  4.4926  3.5602  0.2283  2.1413 31.7972
  5.3547  1.1165  0.7277  0.0926  7.6186
  5.0972  4.0986  0.6145  1.4397 37.6336
  5.0655  3.3304  0.9980  0.7841 29.3447
  5.7073  1.8058  0.8416  0.8607 13.8759
  4.8796  4.0337  0.6017  0.9136 36.9241
  5.1504  0.9675  0.2272  0.9161  6.3703
  5.3080  3.8926  0.3856  2.5779 35.3871
  5.1597  2.7513  0.5974  0.8341 23.2826
  5.1615  2.2164  0.6660  1.6276 17.8704
  4.6527  0.6090  0.7292  2.4656  3.5906
  4.1308  2.5497  0.3337  0.6761 21.2195
  4.4939  1.9006  0.1988  0.9575 14.7838
  4.7195  1.7833  0.1760  0.4062 13.6616
  6.5210  2.0041  0.2916  0.6793 15.7848
  4.9602  4.3324  0.3780  2.4949 40.2035
  5.2127  2.9444  0.9650  1.6598 25.2836
  4.9778  3.1954  0.5717  1.1322 27.9157
  4.8352  2.9627  0.6047  0.1194 25.4736
  5.4623  4.0650  0.1917  1.9693 37.2669
  4.8858  2.5440  0.9004  1.6267 21.1614
  4.1756  2.2363  0.8037  1.0806 18.0680
  5.1490  1.4628  0.1386  2.8486 10.6773
  5.5077  3.0897  0.8049  0.7051 26.8025
  6.1227  4.3322  0.8185  1.5256 40.2010
  6.1126  2.5592  0.1976  0.7605 21.3155
  5.9192  1.2914  0.8142  0.8791  9.1382
  5.5862  2.2376  0.4788  0.9345 18.0813
  5.4154  4.2103  0.5175  0.5663 38.8592
  5.9135  3.1253  0.8302  0.5547 27.1772
  4.8224  2.5057  0.7992  0.6757 20.7723
  3.7906  3.3260  0.3770  1.5622 29.2979
  3.7476  3.6972  0.2024  1.5110 33.2719
  5.1935  1.8078  0.8192  0.5377 13.8940
  4.9881  2.2699  0.2163  1.2204 18.4028
  5.4200  1.2614  0.6758  1.3475  8.8744
  5.5475  0.6814  0.8231  2.2365  4.1223
  5.0668  1.6973  0.9653  0.7207 12.8482
  5.0602  3.0490  0.8489  1.3802 26.3756
  5.3565  1.3153  0.8670  2.0628  9.3505
  3.5796  0.5144  0.0784  2.8445  2.9230
  5.1059  1.5546  0.6855  1.5798 11.5187
  4.9211  0.8577  0.3002  1.3427  5.4822
  6.7298  1.6855  0.5575  0.8599 12.7378
  5.6904  2.2335  0.8791  1.9850 18.0402
  5.3784  0.5509  0.9980  0.9681  3.1771
  3.7865  0.9305  0.0674  1.1999  6.0679
  4.1286  3.8303  0.6474  1.1723 34.7106
  5.0274  2.2407  0.4829  1.9174 18.1119
  4.2611  2.8435  0.4237  1.5721 24.2354
  5.6824  4.0032  0.4384  2.3796 36.5914
  6.2338  3.3544  0.8525  1.9839 29.5994
  4.1306  4.4991  0.0152  0.3186 42.0466
  4.7050  2.6311  0.2215  0.7007 22.0495
  4.9167  2.0758  0.4880  2.6039 16.4847
  6.0205  3.7014  0.3271  2.4737 33.3163
  5.0854  2.7996  0.2528  2.0220 23.7805
  5.3518  4.1486  0.3935  2.5612 38.1823
  5.4770  2.0848  0.1315  0.9446 16.5731
  5.2947  1.0311  0.4505  1.6533  6.8979
  5.1643  2.2960  0.9025  1.6649 18.6629
  5.7798  2.1789  0.4733  0.5361 17.4998
  5.2001  2.6466  0.4503  0.8657 22.2079
  3.9984  3.5197  0.4109  1.0615 31.3633
  5.0925  2.3688  0.5635  0.6977 19.3914
  5.3225  3.6574  0.2940  2.0851 32.8420
  5.0957  3.0143  0.9675  0.5210 26.0124
  4.5235  3.1060  0.4990  2.4610 26.9738
  4.0749  2.0502  0.5227  0.9760 16.2340
  5.0794  3.3666  0.0137  3.0662 29.7291
  5.5374  3.2131  0.8785  2.6278 28.1018
  4.9115  3.3359  0.4650  0.5553 29.4024
  5.3824  0.9153  0.6663  1.1375  5.9443
  5.3263  1.6155  0.5651  1.4892 12.0829
  5.1240  2.6915  0.7701  1.2237 22.6673
  5.1205  1.4114  0.4858  1.1830 10.2108
  5.6510  1.3414  0.2944  1.4649  9.5832
  4.3643  1.0915  0.7849  1.7747  7.4060
  5.5380  3.2512  0.5942  2.9758 28.5048
  5.3935  0.6692  0.4418  0.7811  4.0317
  5.1554  1.7127  0.8612  0.8476 12.9932
  5.4621  2.6183  0.3006  0.6036 21.9186
  5.3861  0.6652  0.6183  0.2582  4.0017
  4.7194  2.8132  0.8600  1.2382 23.9213
  5.4722  3.7617  0.4345  0.8271 33.9686
  4.4987  2.1822  0.5152  1.1006 17.5318
  5.4822  1.8808  0.1253  1.9681 14.5931
  5.8835  2.0743  0.5739  1.1843 16.4705
  5.2911  3.7776  0.0627  0.6724 34.1404
  3.9589  4.0279  0.2518  2.4569 36.8615
  4.1109  2.7898  0.1867  2.4235 23.6802
  5.7986  2.0243  0.5030  0.8644 15.9816
  5.4273  2.2127  0.1931  1.5016 17.8340
  6.4756  4.0588  0.6381  1.6151 37.1989
  5.4064  3.9593  0.7836  1.5445 36.1125
  5.7218  3.9080  0.8643  1.5784 35.5542
  4.5454  3.1880  0.9698  0.5680 27.8373
  5.4163  3.5029  0.0019  0.9734 31.1841
  4.2054  3.4502  0.2427  1.4622 30.6205
  5.3452  1.5426  0.1470  1.4613 11.4079
  4.3691  3.9622  0.3439  2.3100 36.1447
  6.6476  2.8304  0.5018  1.4402 24.0996
  5.0134  3.7685  0.5766  1.8095 34.0420
  4.9561  2.8441  0.1632  0.2512 24.2411
  4.8260  1.6237  0.8949  0.4485 12.1595
  3.7947  3.7818  0.3255  0.5038 34.1852
  5.4761  1.3955  0.9407  1.6607 10.0678
  4.5171  3.0695  0.6893  1.2598 26.5907
  4.6033  2.2877  0.0777  1.4420 18.5794
  4.3131  3.9987  0.6699  0.8310 36.5427
  5.3452  0.5983  0.6316  1.5471  3.5133
  5.2862  1.2864  0.2440  2.5650  9.0943
  4.8291  2.8271  0.7132  1.9881 24.0650
  4.1762  4.2963  0.3816  1.5989 39.8050
  4.6804  3.0613  0.1242  1.7717 26.5051
  4.9072  2.5036  0.8558  1.7751 20.7514
  4.4310  2.0706  0.6628  0.9019 16.4342
  5.3861  1.7116  0.9305  1.6126 12.9824
  4.5289  3.2765  0.3785  1.7274 28.7729
  4.8946  2.9437  0.8734  0.0765 25.2756
  4.1622  2.4829  0.0230  1.0757 20.5417
  5.0938  2.6284  0.3867  0.8238 22.0218
  5.6951  3.5779  0.3881  2.0886 31.9872
  5.9941  3.1587  0.0465  1.7472 27.5284
  5.7874  3.7864  0.1554  2.0407 34.2358
  5.0731  3.6015  0.3283  1.1751 32.2412
  4.0513  1.3477  0.9019  0.7497  9.6389
  5.8045  4.1177  0.2840  0.7955 37.8431
  5.3071  2.4518  0.8433  1.6246 20.2271
  5.5084  3.0462  0.0444  1.2657 26.3469
  4.6270  2.3468  0.7385  1.0608 19.1704
  6.6015  3.6494  0.2198  0.7583 32.7559
  5.1993  3.1434  0.3372  1.3450 27.3668
  5.7156  2.1933  0.2239  1.6842 17.6419
  4.7582  2.3359  0.4679  0.5222 19.0613
  4.2593  1.4787  0.6589  2.2418 10.8217
  5.7731  1.4832  0.4179  0.7454 10.8629
  5.0465  2.1214  0.6556  1.2321 16.9328
  4.6147  3.1539  0.4628  1.2312 27.4773
  5.4842  3.4145  0.6372  1.3281 30.2397
  5.5209  1.3070  0.4446  1.6650  9.2770
  5.0476  0.5228  0.9539  1.8550  2.9808
  5.0471  1.6026  0.5364  2.1628 11.9632
  4.9308  3.8560  0.4813  1.7317 34.9898
  3.7273  2.1272  0.2749  1.5501 16.9896
  5.3076  3.1456  0.4706  0.6328 27.3907
  5.1153  2.9001  0.4992  0.3045 24.8219
  6.1338  2.0551  0.1027  0.6583 16.2826
  4.7624  2.7304  0.7991  1.8237 23.0676
  5.2427  1.1297  0.2874  2.6061  7.7313
  4.8039  2.2547  0.4192  0.3566 18.2506
  3.7647  1.5107  0.8520  0.8167 11.1148
  5.4116  2.5904  0.9783  0.8630 21.6334
  4.3702  3.4315  0.5542  2.9207 30.4202
  6.0951  3.4436  0.1972  2.6023 30.5502
  5.1160  2.0669  0.8133  0.8144 16.3977
  4.7299  2.3291  0.4065  1.7102 18.9937
  5.7317  2.7924  0.2806  0.5543 23.7069
  3.6227  3.1627  0.1248  1.0134 27.5701
  5.1958  1.1438  0.3090  2.7981  7.8522
  3.8277  2.8707  0.5875  2.2401 24.5169
  5.2803  1.6072  0.9071  3.0499 12.0055
  5.3416  2.4837  0.0339  2.5827 20.5492
  3.7187  2.0984  0.6268  1.5561 16.7067
  5.5314  3.0110  0.1106  1.4050 25.9781
  6.1722  3.2330  0.3159  2.2626 28.3123
  5.8467  3.6147  0.6225  1.9949 32.3824
  4.9879  2.3853  0.0032  1.4644 19.5568
  5.8461  2.2313  0.4759  1.3906 18.0182
  4.9821  2.3224  0.4552  1.9393 18.9264
  5.3546  1.6488  0.1545  2.6747 12.3938
