  4.4663  1.3584  0.9846  2.6490  9.7344
  5.5403  4.2678  0.9852  2.5474 39.4910
  4.8215  1.2872  0.9800  0.4935  9.1013
  5.6175  2.0966  0.9980  2.0789 16.6885
  5.3932  2.5805  0.9808  1.5820 21.5326
  5.5194  3.3647  0.9933  0.8415 29.7094
  5.6055  2.6582  0.9705  1.8408 22.3260
  4.8415  1.8030  0.9711  1.4246 13.8483
  4.5745  3.0941  0.9756  1.5301 26.8490
  5.1839  1.9097  0.9846  1.3395 14.8705
  4.8942  2.3629  0.9916  2.5099 19.3317
  3.5314  2.7605  0.9700  2.1428 23.3776
  4.2002  3.5597  0.9915  1.8646 31.7925
  4.4655  1.3494  0.9860  1.5744  9.6545
  4.5475  2.7853  0.9885  1.3163 23.6329
  4.8483  1.8436  0.9980  1.9262 14.2364
  4.9336  3.4954  0.9913  0.5050 31.1033
  5.6235  2.2241  0.9730  0.7645 17.9474
  4.4430  1.3471  0.9857  0.7425  9.6340
  4.4819  1.7274  0.9907  1.6373 13.1316
  5.6089  3.2100  0.9692  0.3597 28.0692
  4.3067  1.6380  0.9889  2.0121 12.2923
  5.0783  2.0380  0.9879  1.4000 16.1150
  5.1465  2.3734  0.9817  2.2462 19.4379
  4.9271  2.9751  0.9709  2.3578 25.6034
  5.0032  3.4939  0.9921  0.0430 31.0873
  5.0950  1.5408  0.9784  0.3657 11.3915
  4.9175  3.4672  0.9745  0.7004 30.8024
  4.8278  2.6112  0.9682  1.2770 21.8459
  4.1745  3.2971  0.9905  1.0639 28.9913
  4.8358  4.1586  0.9722  1.8475 38.2916
  5.2937  2.2461  0.9915  0.9333 18.1659
  5.0771  2.5812  0.9885  0.6556 21.5395
  5.2626  3.5411  0.9980  2.4306 31.5926
  4.5204  2.0709  0.9930  0.9503 16.4374
  4.9620  1.7211  0.9690  0.4503 13.0723
  5.1165  1.0856  0.9967  0.6721  7.3564
  5.6014  3.7636  0.9767  1.8006 33.9887
  3.9099  3.8690  0.9776  0.6993 35.1312
  4.6904  1.5345  0.9880  1.8734 11.3331
  5.4009  3.1311  0.9891  2.0323 27.2381
  4.7550  3.3145  0.9849  0.8813 29.1755
  4.7838  1.1264  0.9724  2.4848  7.7032
  4.9128  2.0210  0.9753  0.4089 15.9492
  6.7587  2.5097  0.5866  1.8976 20.8132
  4.6642  2.8472  0.9752  0.7336 24.2735
  5.3432  2.0233  0.9737  0.4323 15.9718
  4.8173  3.3814  0.9948  0.8192 29.8868
  5.3269  2.6664  0.9853  0.6025 22.4107
  4.9431  3.1593  0.9824  0.6812 27.5342
  3.9873  2.6313  0.9720  1.1939 22.0515
  4.5960  3.7410  0.9789  1.3481 33.7446
  4.2506  4.2171  0.9780  1.5222 38.9340
  3.9375  0.9159  0.9965  1.2467  5.9497
  4.7346  2.5311  0.9867  0.3131 21.0297
  4.6636  3.3071  0.9817  1.9474 29.0971
  4.2795  2.5214  0.9788  1.2179 20.9311
  3.5459  1.5412  0.9967  0.3105 11.3948
  5.7489  2.7752  0.9796  1.1906 23.5290
  4.8725  3.5899  0.9806  1.4501 32.1162
  4.6408  2.7392  0.9893  0.3027 23.1579
  4.2296  3.3775  0.9861  1.5931 29.8452
  5.8024  3.2735  0.9796  0.1453 28.7415
  4.6958  1.3756  0.9851  2.0705  9.8892
  6.9007  2.5818  0.8619  0.8004 21.5461
  4.7598  2.4325  0.9874  0.6125 20.0318
  4.4058  2.6554  0.9723  1.0967 22.2981
  4.4312  4.2705  0.9760  1.0899 39.5208
  5.1819  1.7691  0.9801  1.2790 13.5266
  6.0783  1.8801  0.9922  1.6105 14.5866
  4.0705  2.3564  0.9878  1.5182 19.2666
  6.1150  2.9235  0.9704  0.8754 25.0661
  5.0275  0.2105  0.9750  1.7171  1.0286
  6.5747  2.4658  0.9255  1.5221 20.3684
  4.2826  3.8350  0.9763  1.4743 34.7624
  6.0342  1.5192  0.9908  0.3613 11.1932
  5.0580  2.3146  0.9843  1.3415 18.8483
  4.4392  4.1083  0.9772  0.4198 37.7407
  5.2615  1.5516  0.9872  0.5792 11.4909
  4.8211  2.2658  0.9941  1.0282 18.3617
  5.2139  2.0006  0.9974  2.2338 15.7510
  6.1492  2.5166  0.9866  0.4381 20.8834
  5.3282  1.8803  0.9842  1.8386 14.5883
  4.7812  1.7259  0.9677  2.5470 13.1178
  4.5871  3.9716  0.9739  1.3689 36.2470
  5.0718  0.9899  0.9767  1.6041  6.5548
  4.8367  3.5883  0.9865  1.4458 32.0993
  3.6926  3.5779  0.9797  1.3125 31.9871
  5.1920  2.9095  0.9740  1.1008 24.9201
  5.1652  4.2233  0.9669  0.8733 39.0021
  4.7837  2.5702  0.9751  0.8995 21.4276
  4.0647  1.0685  0.9980  1.6772  7.2119
  4.8029  2.6717  0.9870  1.6350 22.4649
  4.6407  3.4645  0.9766  1.6219 30.7734
  5.1662  3.0762  0.9980  1.8243 26.6614
  5.2375  2.8903  0.9706  1.9659 24.7210
  5.2660  2.1157  0.9762  0.3352 16.8764
  3.5081  3.9543  0.9877  2.1659 36.0589
  6.4069  2.7357  0.9024  0.5787 23.1223
  4.7205  2.1645  0.9931  0.0359 17.3576
  4.9101  3.2218  0.9721  1.2406 28.1942
  4.5837  3.4093  0.9813  0.9778 30.1843
  5.6058  1.3494  0.9809  0.4531  9.6542
  4.8282  3.1824  0.9962  1.2645 27.7779
  4.1166  1.4255  0.9683  2.1364 10.3386
  5.0349  2.2899  0.9957  2.7626 18.6017
  5.1072  3.2603  0.9851  1.2805 28.6008
  4.7984  1.8434  0.9785  1.5289 14.2340
  3.6336  2.1113  0.9980  1.3430 16.8329
  5.1062  2.9550  0.9713  2.0494 25.3941
  5.3549  3.7259  0.9844  1.7227 33.5813
  4.2934  2.5156  0.9953  1.0784 20.8724
  3.8158  2.4206  0.9949  2.1783 19.9125
  3.6754  1.0708  0.9794  0.2591  7.2310
  5.1904  2.2700  0.9695  1.6949 18.4038
  4.1484  0.9543  0.9973  0.1775  6.2624
  5.5612  4.2312  0.9927  1.6021 39.0888
  6.2638  3.0156  0.9775  1.7242 26.0267
  5.9356  3.1927  0.9883  1.4243 27.8867
  5.1383  4.1081  0.9970  1.3597 37.7379
  3.5576  3.8732  0.9808  1.3036 35.1761
  5.7603  2.5730  0.9784  1.2521 21.4560
  5.0307  2.6196  0.9977  1.0511 21.9312
  4.8643  0.5842  0.9808  2.3412  3.4128
  5.1710  3.6152  0.9963  1.0176 32.3887
  3.9881  1.3867  0.9944  1.3715  9.9889
  5.4712  3.7775  0.9729  0.1500 34.1390
  5.6431  3.6399  0.9871  2.3164 32.6536
  5.7200  1.9357  0.9847  1.4414 15.1214
  5.8245  3.6773  0.9741  0.4959 33.0572
  5.4533  2.0996  0.9897  1.2805 16.7180
  4.5372  3.0591  0.9679  1.2787 26.4817
  3.7600  1.6941  0.9672  1.1539 12.8177
  5.5456  3.6955  0.9906  0.5920 33.2526
  6.0347  1.5925  0.9980  1.3555 11.8690
  6.1911  2.3624  0.9767  1.2267 19.3268
  4.6531  3.6717  0.9779  0.7289 32.9963
  4.5813  1.8122  0.9894  1.0647 13.9364
  6.8347  2.0239  0.5692  1.2681 15.9777
  5.4695  1.6159  0.9668  1.7094 12.0871
  5.5126  4.1064  0.9823  0.4388 37.7198
  6.5096  3.4787  0.7730  1.9140 30.9252
  4.6441  3.5086  0.9792  0.8867 31.2447
  5.2054  2.2728  0.9918  0.3198 18.4314
  4.6582  3.7697  0.9980  0.1078 34.0544
  6.3171  1.7337  0.9677  2.4648 13.1914
  5.1035  3.1827  0.9866  0.5225 27.7810
  5.3144  4.0036  0.9816  0.5640 36.5962
  5.4760  2.2359  0.9807  1.5255 18.0639
  4.1887  1.5190  0.9861  1.5815 11.1912
  4.8656  3.1500  0.9842  1.0570 27.4363
  6.7169  1.7964  0.5938  0.5649 13.7857
  4.9719  3.3645  0.9795  0.4257 29.7075
  5.0754  2.5458  0.9795  0.5894 21.1796
  6.6604  2.3830  0.8659  2.7548 19.5341
  4.7640  1.3963  0.9771  1.9558 10.0748
  6.1596  2.6855  0.9980  0.6878 22.6066
  6.2059  4.2794  0.9862  0.9979 39.6197
  4.7741  2.8649  0.9765  1.1305 24.4567
  5.3740  3.3954  0.9980  1.2186 30.0356
  4.1453  2.7422  0.9761  1.4014 23.1888
  5.8456  3.5128  0.9708  1.3036 31.2892
  4.5653  3.9239  0.9815  0.4783 35.7273
  4.3091  2.5092  0.9873  1.8067 20.8077
  5.7874  3.1698  0.9775  1.3515 27.6448
  5.8059  4.3668  0.9764  2.7541 40.5825
  5.1833  1.3939  0.9693  2.4597 10.0531
  6.0350  4.2410  0.9933  1.1635 39.1965
  4.9287  2.0149  0.9765  0.4420 15.8906
  4.8984  1.4512  0.9710  1.1046 10.5716
  5.0298  1.6662  0.9866  0.5066 12.5560
  4.7694  1.0616  0.9957  2.3334  7.1532
  4.6765  3.1629  0.9714  0.7834 27.5729
  5.5239  3.2743  0.9851  2.8436 28.7492
  5.8119  3.8502  0.9787  0.8745 34.9269
  6.6840  2.6131  0.9643  1.3829 21.8654
  5.1463  2.0016  0.9962  0.8813 15.7602
  3.5632  1.5879  0.9713  1.0955 11.8268
  5.0718  2.5409  0.9897  2.7456 21.1293
  5.1027  2.9226  0.9745  3.0241 25.0564
  5.2133  1.7606  0.9825  0.7667 13.4461
  5.0769  2.0433  0.9675  2.3077 16.1667
  3.9375  2.4538  0.9977  1.3592 20.2475
  5.2453  1.4217  0.9949  0.4083 10.3039
  4.5855  3.2733  0.9820  1.1553 28.7389
  6.4556  2.6117  0.9584  1.2446 21.8508
  4.5013  0.5476  0.9839  0.5931  3.1539
  5.3331  3.7794  0.9895  0.4983 34.1599
  5.4338  4.2999  0.9881  1.5327 39.8448
  5.1449  3.3842  0.9841  0.9427 29.9168
  5.2950  1.8329  0.9909  2.0012 14.1339
  4.4201  4.3408  0.9700  1.3443 40.2958
  5.0587  3.7006  0.9817  0.7418 33.3082
  5.4102  3.1123  0.9856  1.9722 27.0405
  5.6262  2.1034  0.9681  2.0098 16.7553
  5.2151  1.4800  0.9980  1.7761 10.8343
  5.5596  4.4565  0.9847  1.9381 41.5745
  4.8380  3.7534  0.9847  0.5913 33.8780
  5.1071  2.4358  0.9717  0.6595 20.0653
  3.7240  1.9679  0.9730  1.3076 15.4330
  5.0622  2.7519  0.9706  1.3362 23.2888
  4.4949  2.1081  0.9849  1.2746 16.8013
  5.8422  2.8264  0.9871  1.3678 24.0584
  5.6800  4.3026  0.9841  0.1929 39.8751
  5.5699  3.9211  0.9958  0.7458 35.6972
  4.2015  1.7719  0.9726  1.2878 13.5531
  6.8473  2.3571  0.7721  0.1673 19.2739
  4.8639  4.4902  0.9753  1.5639 41.9485
  4.9170  4.3513  0.9980  1.1486 40.4123
  5.1799  2.0828  0.9960  1.7736 16.5534
  5.1468  2.7418  0.9980  0.7931 23.1851
  5.4522  2.6549  0.9706  2.5641 22.2927
  5.4616  1.5598  0.9834  0.6933 11.5665
  6.0480  2.6171  0.9741  1.0761 21.9061
  5.4135  3.8275  0.9971  1.1121 34.6809
  4.3650  3.7772  0.9910  2.9222 34.1358
  5.4711  3.5133  0.9775  1.5604 31.2945
  4.7228  0.9109  0.9677  1.8063  5.9086
  5.0778  2.5619  0.9951  0.4166 21.3437
  4.6625  1.3451  0.9756  1.7613  9.6154
  6.2728  4.1585  0.9692  0.6128 38.2910
  5.4066  2.8467  0.9729  1.8570 24.2683
  4.6055  3.4449  0.9927  2.1142 30.5642
  5.0019  1.8300  0.9909  0.5491 14.1063
  4.5587  1.8829  0.9865  2.3065 14.6129
  3.9821  0.2831  0.9956  0.7736  1.4421
  4.6628  3.0623  0.9760  2.1324 26.5148
  5.2241  2.0657  0.9905  0.8247 16.3859
  5.0974  2.4476  0.9980  2.2299 20.1848
  5.2842  1.1945  0.9808  1.1184  8.2898
  6.9160  2.1265  0.4640  0.8736 16.9824
  3.8512  3.0376  0.9745  2.9933 26.2561
  5.1732  1.3769  0.9777  1.3946  9.9009
  5.7000  3.3815  0.9908  1.0198 29.8877
  6.9053  3.4880  0.3798  2.7184 31.0238
  5.1593  1.1655  0.9798  1.7284  8.0393
  5.7480  2.9579  0.9798  2.2091 25.4238
  5.4968  2.6790  0.9978  2.6547 22.5396
  5.5554  0.9347  0.9935  1.5737  6.1019
  5.2377  1.3578  0.9876  1.2936  9.7295
  4.2648  2.7337  0.9913  0.4262 23.1016
  4.4511  2.7740  0.9680  1.9456 23.5171
  4.4009  4.4542  0.9953  0.9303 41.5497
  4.5562  4.1797  0.9777  0.9380 38.5231
  6.8331  2.6432  0.3940  2.8104 22.1725
  5.5494  1.7740  0.9781  0.3941 13.5729
  6.5291  4.0275  0.7550  2.1183 36.8573
  5.3788  2.6060  0.9726  2.1306 21.7923
  5.1492  3.3654  0.9729  0.9984 29.7170
  5.7450  3.5499  0.9723  1.3684 31.6875
  5.0783  4.1165  0.9971  1.6619 37.8300
  5.3346  1.8753  0.9934  0.5984 14.5405
  5.1485  1.7280  0.9980  0.9886 13.1374
  5.4642  1.8830  0.9867  0.7538 14.6138
  5.2128  3.4720  0.9953  1.6481 30.8535
  5.1227  3.9002  0.9764  2.5176 35.4697
  5.2620  4.0651  0.9750  1.0436 37.2682
  4.2771  1.9530  0.9877  1.7124 15.2888
  4.8408  0.8969  0.9857  2.4271  5.7958
  4.9799  3.3050  0.9972  1.0020 29.0750
  5.0411  1.0246  0.9850  0.7900  6.8430
  5.9021  2.8153  0.9809  1.5610 23.9436
  4.9574  0.5901  0.9765  1.8572  3.4548
  4.3091  3.4121  0.9945  0.8654 30.2134
  3.6544  4.1315  0.9727  1.5084 37.9944
  4.9227  2.8267  0.9786  2.3343 24.0616
  5.5258  1.5435  0.9771  2.2236 11.4161
  5.2708  3.9527  0.9872  2.3754 36.0410
  4.5751  1.6684  0.9763  1.4132 12.5770
  5.8923  2.2162  0.9980  0.7726 17.8684
  4.7238  3.6398  0.9704  1.5997 32.6526
  4.3877  3.3269  0.9808  2.1965 29.3071
  3.6476  1.4638  0.9900  1.0769 10.6858
  4.5230  3.3507  0.9674  0.4985 29.5598
  4.1724  1.8578  0.9724  0.4620 14.3724
  5.1155  2.0043  0.9889  1.4978 15.7866
  6.0710  4.1435  0.9980  1.6082 38.1264
  5.4567  2.3397  0.9908  0.6217 19.0993
  4.8546  3.3095  0.9732  0.3374 29.1221
  5.8183  4.3698  0.9932  0.1094 40.6166
  5.5385  2.3521  0.9757  0.1703 19.2237
  5.8534  2.8035  0.9737  0.1435 23.8214
  6.0772  1.1091  0.9779  1.1685  7.5560
  4.8501  3.7765  0.9949  1.0746 34.1279
  4.8075  3.0063  0.9725  2.3383 25.9291
  4.7469  1.5342  0.9699  0.2472 11.3302
  4.7599  0.8874  0.9701  1.1800  5.7201
  4.0592  3.7445  0.9954  0.4794 33.7823
  5.2921  2.4791  0.9736  0.4126 20.5032
  4.1264  2.4377  0.9980  1.7875 20.0845
  6.7213  2.7010  0.7610  0.6358 22.7656
  5.0667  2.2870  0.9743  1.4743 18.5724
  5.3256  2.6961  0.9719  0.7287 22.7150
  4.1975  1.0879  0.9714  1.4472  7.3758
  5.3145  4.0883  0.9980  2.1953 37.5218
  4.7722  2.8409  0.9879  2.4078 24.2086
  6.9870  0.8931  0.8384  1.8981  5.7656
  5.0162  2.1674  0.9715  0.4468 17.3858
  4.7646  3.0768  0.9770  2.5381 26.6677
  5.2849  1.7327  0.9865  1.2762 13.1822
  5.1668  1.3995  0.9779  0.5891 10.1040
  5.0755  3.9625  0.9774  1.8559 36.1478
  4.4765  0.5728  0.9809  2.4863  3.3315
  5.6438  3.2105  0.9980  1.7794 28.0749
  4.6443  3.2416  0.9860  1.7193 28.4033
  3.8491  4.4149  0.9967  2.6841 41.1150
  5.2417  3.2725  0.9737  1.2330 28.7306
  5.0678  2.4070  0.9781  1.3070 19.7748
  5.1727  3.0729  0.9980  1.2725 26.6262
  5.8476  2.3888  0.9946  1.9411 19.5921
  5.1623  1.4350  0.9969  0.5243 10.4247
  5.2963  1.4935  0.9902  1.4467 10.9575
  5.6405  2.0483  0.9826  2.2560 16.2161
  5.9097  2.4404  0.9834  1.3427 20.1119
  4.9055  1.6166  0.9799  0.5296 12.0927
  4.7208  3.2915  0.9812  0.6745 28.9322
  5.5501  0.2611  0.9725  1.0417  1.3137
  3.9950  2.1221  0.9931  1.3713 16.9393
  6.5840  2.7095  0.8163  1.9218 22.8528
  4.4238  3.6554  0.9725  0.8992 32.8207
  5.3339  0.4887  0.9715  0.9324  2.7476
  4.7091  2.9598  0.9764  1.5651 25.4442
  3.7905  0.9705  0.9980  1.0593  6.3949
  6.9345  3.2698  0.6251  0.9067 28.7014
  5.0312  1.4652  0.9687  1.0551 10.6987
  3.7360  2.8832  0.9793  2.8379 24.6473
  4.6122  4.4928  0.9948  1.9471 41.9773
  5.0918  2.0545  0.9682  2.5960 16.2762
  4.7744  2.7390  0.9720  1.9719 23.1564
  5.5141  3.9199  0.9960  1.7998 35.6843
  4.8939  2.6418  0.9980  2.5065 22.1581
  5.2626  0.4910  0.9962  0.5479  2.7629
  4.0681  2.2531  0.9705  2.1721 18.2354
  4.9214  1.3655  0.9835  2.3641  9.7982
  5.0353  4.1809  0.9674  1.1402 38.5365
  5.5587  4.1747  0.9836  0.8344 38.4679
  5.0558  3.5063  0.9794  1.3243 31.2203
  4.8844  2.9144  0.9917  0.6976 24.9713
  5.8691  2.5429  0.9976  0.7911 21.1500
  4.9411  3.2033  0.9953  0.3887 27.9983
  5.2798  0.7969  0.9873  0.8551  5.0035
  4.6453  3.8994  0.9868  1.1312 35.4612
  4.4292  3.3620  0.9979  1.0318 29.6808
  5.2038  2.8084  0.9852  1.7591 23.8724
  5.4879  3.4977  0.9702  1.9988 31.1276
  5.7022  1.4715  0.9933  0.1484 10.7561
  5.3359  3.1784  0.9767  0.9913 27.7361
  6.4309  2.9355  0.9626  0.5212 25.1904
  5.1582  3.9865  0.9858  1.0853 36.4093
  6.9429  1.6332  0.4905  2.7643 12.2475
  5.1041  0.8743  0.9907  2.2906  5.6148
  5.1468  3.3230  0.9829  0.7237 29.2658
  4.5929  2.6666  0.9948  2.4925 22.4129
  5.0900  0.9924  0.9757  1.4671  6.5755
  4.3883  1.9763  0.9871  0.2135 15.5151
  6.2273  1.7284  0.9750  1.0031 13.1414
  5.9679  2.2535  0.9908  0.5264 18.2390
  4.3060  3.0604  0.9850  1.6924 26.4954
  5.6454  3.9038  0.9680  2.2336 35.5087
  5.2664  1.5614  0.9818  1.0643 11.5817
  5.0277  1.8897  0.9968  1.6365 14.6786
  5.3752  3.7185  0.9707  2.0303 33.5011
  4.1803  0.3453  0.9684  0.6447  1.8170
  5.2304  2.6904  0.9700  1.1088 22.6567
  3.8360  1.5440  0.9897  2.4157 11.4211
  5.0824  3.3828  0.9832  1.9920 29.9017
  4.9090  2.7765  0.9847  0.8287 23.5424
  5.5591  2.1538  0.9707  1.0876 17.2518
  5.2258  1.5283  0.9689  1.3576 11.2764
  5.5966  2.8881  0.9788  1.0552 24.6979
  5.9078  1.3786  0.9841  0.9580  9.9160
  6.9964  2.1868  0.5804  2.7944 17.5773
  5.2073  2.5635  0.9831  1.9404 21.3595
  4.8209  3.0755  0.9722  2.5069 26.6536
  6.0670  1.2792  0.9877  1.3841  9.0312
  4.7203  1.3949  0.9933  2.4009 10.0625
  5.4631  2.4511  0.9686  1.3842 20.2203
  5.4090  3.0202  0.9757  0.1876 26.0741
  4.4538  3.9361  0.9703  0.3027 35.8600
  4.7067  1.1505  0.9813  1.0199  7.9101
  5.0909  1.9074  0.9726  1.3763 14.8485
  4.5435  2.2671  0.9922  0.7995 18.3745
  5.4257  3.4014  0.9891  1.8167 30.1003
  5.4142  3.4392  0.9876  1.1531 30.5032
  5.2556  2.9664  0.9931  1.4648 25.5128
  5.8384  1.7266  0.9914  1.2276 13.1247
  4.9138  2.1559  0.9747  2.3711 17.2720
  5.2748  1.5034  0.9682  0.0443 11.0481
  4.6981  3.3886  0.9810  1.9383 29.9639
  5.1933  1.0556  0.9870  1.7380  7.1029
  4.1095  1.3379  0.9967  0.9292  9.5513
  5.6239  2.9918  0.9705  2.3974 25.7772
  4.7856  2.3236  0.9734  1.2314 18.9384
  5.2289  2.4719  0.9868  0.9596 20.4298
  6.4888  3.1675  0.9787  2.3519 27.6207
  5.1167  2.3478  0.9904  0.1888 19.1806
  4.8450  1.6698  0.9674  2.6524 12.5898
  6.0702  3.9109  0.9870  1.7153 35.5858
  4.4662  1.9440  0.9860  1.6600 15.2025
  4.9162  2.0166  0.9803  1.9719 15.9069
  6.4017  2.6460  0.9815  0.6947 22.2013
  5.5353  3.1253  0.9980  2.2867 27.1766
  4.5472  3.8295  0.9919  2.1776 34.7019
  5.9376  2.4030  0.9697  0.3727 19.7353
  4.4153  1.8689  0.9748  1.6500 14.4789
  5.4857  3.0551  0.9732  2.3720 26.4400
  5.2565  1.7923  0.9956  0.7179 13.7467
  4.2774  1.3007  0.9716  0.3610  9.2210
  4.6417  2.2897  0.9898  1.4133 18.5996
  5.0870  4.3400  0.9673  1.2428 40.2877
  5.6018  4.0132  0.9843  1.2665 36.7003
  4.9651  3.5288  0.9684  1.9950 31.4614
  6.9939  4.3183  0.4848  0.7849 40.0481
  4.7482  2.2141  0.9734  0.6418 17.8475
  5.2552  2.1736  0.9916  1.2451 17.4474
  5.2384  3.1461  0.9899  1.6248 27.3959
  5.1526  3.8650  0.9936  2.3699 35.0876
  5.7252  2.2450  0.9723  0.8824 18.1549
  4.8504  3.9086  0.9885  0.7138 35.5609
  5.2786  2.9687  0.9871  2.1754 25.5364
  4.6439  1.5950  0.9800  2.2622 11.8924
  5.0417  4.4749  0.9980  1.4940 41.7787
  4.4018  2.7388  0.9926  0.2192 23.1543
  3.9738  3.8460  0.9825  1.7949 34.8814
  5.5317  4.2865  0.9731  2.2538 39.6973
  4.7277  2.8557  0.9673  1.2400 24.3617
  5.4953  3.3919  0.9756  0.5731 29.9983
  5.7073  2.2194  0.9980  1.4050 17.9000
  5.0103  1.4768  0.9756  0.7905 10.8049
  4.7146  3.9858  0.9671  1.8505 36.4013
  4.5859  1.6445  0.9841  0.2970 12.3534
  5.1541  3.5158  0.9735  2.6025 31.3217
  5.1917  2.4598  0.9839  1.1501 20.3083
  4.4628  4.1971  0.9865  0.9013 38.7140
  5.0938  1.4812  0.9802  0.6936 10.8447
  5.5875  3.2437  0.9958  1.5447 28.4259
  4.5806  1.7048  0.9698  1.2093 12.9186
  3.6471  2.7920  0.9750  2.9995 23.7020
  4.9000  2.8436  0.9853  1.1110 24.2357
  4.8036  3.0341  0.9688  0.7081 26.2203
  5.0241  1.6683  0.9956  1.8363 12.5759
  4.8994  4.4052  0.9930  1.9083 41.0069
  4.9473  4.4591  0.9776  2.9658 41.6039
  5.3620  2.1211  0.9840  2.3177 16.9292
  3.7375  2.5585  0.9947  0.6956 21.3082
  4.7457  1.2224  0.9888  0.8545  8.5329
  5.8584  2.6309  0.9700  1.4948 22.0469
  5.0803  1.3942  0.9848  0.5177 10.0559
  5.0621  3.3936  0.9918  0.2994 30.0169
  6.2224  1.8220  0.9736  2.1072 14.0301
  5.6625  4.3037  0.9956  2.2093 39.8874
  4.3834  1.2716  0.9910  1.0193  8.9640
  4.8821  1.1637  0.9782  0.6452  8.0236
  4.6558  1.5447  0.9755  1.4041 11.4273
  5.3313  1.8599  0.9859  1.6812 14.3924
  4.7125  2.0376  0.9727  1.2197 16.1112
  3.5634  0.6196  0.9899  0.9773  3.6675
  5.5329  2.6510  0.9683  1.1215 22.2530
  5.1163  2.4894  0.9754  1.0800 20.6070
  4.7975  2.7118  0.9702  0.4619 22.8762
  5.9442  3.9774  0.9913  1.0803 36.3105
  4.6961  1.1979  0.9907  1.3510  8.3194
  5.2367  3.6188  0.9894  2.0590 32.4274
  5.1911  2.2800  0.9688  1.8695 18.5033
  4.6387  2.0982  0.9778  0.9360 16.7042
  5.4123  2.3496  0.9980  2.6450 19.1990
  5.7140  3.7310  0.9867  2.5267 33.6366
  4.5618  0.7182  0.9835  1.0686  4.3991
  3.5063  3.8663  0.9697  1.8435 35.1011
  4.4137  2.5769  0.9807  1.1266 21.4958
  5.1047  2.4854  0.9900  1.5357 20.5672
  4.1899  2.5562  0.9713  2.9701 21.2853
  6.1217  1.4212  0.9852  0.2622 10.2993
  5.0174  1.7501  0.9918  2.1522 13.3465
  4.7296  2.3101  0.9946  0.7613 18.8035
  4.9181  3.4858  0.9725  0.7766 31.0003
  5.1474  3.3828  0.9942  1.3575 29.9014
  5.4460  2.4261  0.9940  1.6519 19.9674
  5.0325  4.3569  0.9840  2.4412 40.4737
  5.1934  3.3917  0.9980  2.3553 29.9963
  4.9411  3.4220  0.9825  0.9367 30.3199
  6.0275  1.9381  0.9903  1.9615 15.1447
  3.8916  2.5275  0.9855  1.5277 20.9936
  6.2565  1.2204  0.9830  0.7649  8.5147
  5.2741  1.5340  0.9668  1.5594 11.3290
  6.3061  4.4357  0.9899  1.0236 41.3448
  5.0263  2.9417  0.9699  1.3475 25.2548
  5.7802  4.1639  0.9822  1.2970 38.3494
  3.7351  3.5049  0.9754  1.2063 31.2053
  4.7499  1.2209  0.9939  1.6128  8.5198
  5.7055  3.6438  0.9791  0.7361 32.6963
  5.0411  0.2302  0.9800  0.3366  1.1383
  5.3436  4.2217  0.9957  2.2242 38.9846
  4.8600  0.8537  0.9894  1.0139  5.4503
  4.3858  2.5955  0.9844  0.5641 21.6859
  5.4625  3.5585  0.9931  1.7060 31.7790
  5.5192  3.2077  0.9801  1.8326 28.0448
  5.3008  0.9403  0.9720  1.0303  6.1482
  5.3605  1.8126  0.9872  1.3285 13.9401
  5.2047  1.6797  0.9941  0.3276 12.6825
  5.1267  2.0837  0.9753  1.9801 16.5620
  5.1907  3.0424  0.9960  1.7123 26.3066
  4.4577  2.4626  0.9780  0.7617 20.3360
  5.1502  1.9963  0.9744  1.9066 15.7094
  5.6232  2.0369  0.9902  1.8859 16.1043
  6.1925  1.4585  0.9948  1.5626 10.6382
  6.1328  2.6225  0.9819  0.6378 21.9611
  4.9543  3.4057  0.9918  1.0733 30.1454
  5.3825  0.8984  0.9977  1.2581  5.8079
  4.6572  2.9475  0.9761  1.6315 25.3151
  4.2101  3.1442  0.9980  2.3195 27.3761
  5.6039  2.1029  0.9857  0.7412 16.7504
  4.8678  1.2983  0.9933  0.7569  9.1995
  5.2321  2.1909  0.9910  2.3321 17.6182
  5.1623  3.2595  0.9915  1.4360 28.5930
  4.9614  2.5455  0.9837  1.1265 21.1766
  4.8574  0.9176  0.9938  0.7424  5.9630
  4.7405  1.2774  0.9794  2.0283  9.0146
  6.1798  2.7864  0.9738  0.8417 23.6446
  5.0312  3.0031  0.9771  2.1095 25.8960
  4.4424  2.6480  0.9980  0.8807 22.2224
  4.4784  1.5429  0.9785  1.1240 11.4104
  5.0209  4.1730  0.9732  1.2165 38.4492
  4.4197  2.2571  0.9980  0.8671 18.2753
  5.2231  2.2997  0.9706  0.6522 18.6995
  4.7082  2.4944  0.9839  1.8125 20.6581
  3.5541  1.8273  0.9692  1.3355 14.0809
  6.5097  1.7899  0.9805  0.9569 13.7242
  4.9907  1.6743  0.9822  0.6105 12.6320
  5.1365  2.9700  0.9976  1.8403 25.5500
  5.1477  1.1640  0.9864  1.5313  8.0257
  5.2557  1.9112  0.9973  1.1206 14.8858
  4.7312  4.0167  0.9701  1.8418 36.7384
  5.4504  2.6200  0.9890  2.4802 21.9355
  5.2854  3.2843  0.9701  2.4877 28.8555
  5.3536  3.8835  0.9972  0.8266 35.2880
  5.3874  3.3858  0.9916  1.4804 29.9331
  3.9966  2.6620  0.9938  2.1927 22.3655
  5.0879  1.0299  0.9688  1.2590  6.8879
  6.5204  1.4228  0.7780  1.2939 10.3144
  4.9378  3.6208  0.9979  0.7192 32.4482
  3.8759  2.1048  0.9819  1.9885 16.7694
  6.5470  3.0378  0.8208  0.3132 26.2589
  4.2586  3.1788  0.9980  1.2565 27.7399
  5.4688  3.3748  0.9965  2.0410 29.8165
  4.2562  2.2544  0.9824  2.0171 18.2482
  5.7656  3.0540  0.9729  0.6934 26.4279
  3.8446  1.6533  0.9890  1.2874 12.4354
  4.7164  2.0975  0.9869  0.8411 16.6974
  4.1742  3.6039  0.9980  1.5451 32.2665
  5.0248  2.4200  0.9903  1.2294 19.9065
  4.3506  4.2343  0.9748  1.5429 39.1233
  5.9831  3.7010  0.9959  2.6901 33.3124
  3.9986  4.1213  0.9726  2.7697 37.8824
  5.2721  1.7487  0.9972  2.4790 13.3331
  5.3269  3.2203  0.9882  1.5092 28.1783
  4.2641  4.3434  0.9685  0.8892 40.3243
  5.2403  3.8273  0.9829  2.5064 34.6781
  3.8304  3.4211  0.9873  1.1460 30.3095
  5.3897  3.7923  0.9765  1.1426 34.2987
  5.4216  1.2200  0.9785  0.6620  8.5117
  5.7829  3.9853  0.9733  1.4331 36.3962
  4.7448  4.1316  0.9961  1.0663 37.9953
  5.7083  3.7575  0.9677  0.1906 33.9227
  5.5259  1.8473  0.9879  1.2996 14.2720
  5.5902  2.7126  0.9919  2.4448 22.8850
  4.9585  3.0581  0.9810  1.6771 26.4715
  5.6103  3.6039  0.9787  0.5674 32.2673
  5.5230  3.5344  0.9877  1.0574 31.5207
  5.1297  3.3898  0.9775  1.6717 29.9768
  5.5189  3.2746  0.9935  1.5331 28.7523
  4.9891  2.1837  0.9338  1.2957 17.5470
  4.9384  1.5434  0.9675  1.2720 11.4151
  4.9039  2.4579  0.9730  0.3886 20.2885
  5.2113  3.7251  0.9779  1.8640 33.5725
  5.0888  2.0160  0.9969  2.4928 15.9006
  4.3197  1.8281  0.9842  2.8072 14.0879
  5.3993  1.8999  0.9898  0.4538 14.7770
  5.0972  2.6877  0.9980  0.9701 22.6284
  6.3213  1.9884  0.9980  0.9118 15.6324
  5.1796  1.7004  0.9871  2.3277 12.8777
  4.8333  1.3176  0.9827  1.7350  9.3707
  5.2426  3.2913  0.9758  0.4925 28.9298
  4.9535  1.5831  0.9845  1.2322 11.7823
  3.5149  4.2626  0.9690  0.9851 39.4344
  5.3437  2.7614  0.9760  0.9568 23.3871
  5.5733  3.7437  0.9837  0.8952 33.7732
  5.2651  1.5969  0.9732  1.9798 11.9103
  5.0284  0.6967  0.9722  0.3813  4.2370
  5.3301  0.6780  0.9697  2.4435  4.0969
  5.4350  2.3329  0.9673  1.8883 19.0312
  5.2687  0.9471  0.9747  0.4590  6.2036
  3.7715  3.5137  0.9717  2.1400 31.2991
  4.8242  1.2524  0.9868  0.8695  8.7952
  5.1822  4.1578  0.9732  0.4014 38.2832
  5.3512  3.9015  0.9716  1.7534 35.4840
  4.6884  3.6686  0.9762  2.0579 32.9635
  4.5952  1.5918  0.9803  1.0665 11.8630
  5.1063  4.4044  0.9819  2.0566 40.9982
  5.6222  3.7471  0.9831  1.7619 33.8101
  4.0989  0.6642  0.9980  1.4250  3.9942
  6.5441  2.4719  0.9730  1.7987 20.4305
  5.6740  3.0785  0.9737  2.0461 26.6855
  4.9314  2.2813  0.9967  2.4196 18.5164
  5.3556  3.1865  0.9953  1.9589 27.8217
  4.9041  1.0828  0.9686  1.6871  7.3324
  5.1263  2.1417  0.9814  1.5528 17.1322
  5.2783  1.1274  0.9933  0.4652  7.7122
  5.1356  3.2332  0.9934  1.6903 28.3147
  5.5392  4.2783  0.9705  1.5163 39.6076
  5.1808  0.9789  0.9945  2.4034  6.4643
  4.8722  2.3622  0.9817  0.5459 19.3248
  4.2661  1.0305  0.9723  1.9886  6.8925
  5.9669  3.7004  0.9921  1.9945 33.3060
  5.6445  3.8972  0.9728  1.5461 35.4368
  5.2439  3.5780  0.9868  0.4746 31.9886
  5.2527  1.4714  0.9728  1.1887 10.7553
  5.3510  2.8107  0.9771  0.5923 23.8958
  5.1128  2.9038  0.9834  1.6013 24.8611
  4.7654  3.4115  0.9925  2.6031 30.2071
  4.2043  3.2288  0.9980  0.9642 28.2675
  5.5112  3.5273  0.9706  1.5048 31.4447
  5.4832  1.0397  0.9784  1.9370  6.9693
  4.9566  3.1570  0.9856  1.5072 27.5103
  5.1656  2.5119  0.9684  2.0473 20.8355
  5.2759  1.8694  0.9787  0.4574 14.4830
  5.1177  0.4865  0.9980  1.5951  2.7327
  4.7474  3.4518  0.9828  1.3693 30.6375
  3.7068  1.3669  0.9866  1.2122  9.8109
  5.8370  2.7659  0.9980  0.8266 23.4330
  3.8940  3.1002  0.9768  0.4925 26.9125
  4.8924  2.4163  0.9676  0.5405 19.8693
  4.9406  3.9389  0.9964  2.2805 35.8911
  3.5768  3.9325  0.9933  1.4476 35.8211
  6.2263  2.9562  0.9973  2.1286 25.4058
  4.2513  3.3303  0.9723  0.4912 29.3436
  5.2497  1.1779  0.9795  0.0982  8.1460
  3.9106  0.6685  0.9879  2.0220  4.0263
  5.0102  2.7486  0.9918  1.1569 23.2554
  4.8870  3.0278  0.9808  0.9435 26.1543
  5.4509  1.1754  0.9971  1.7470  8.1247
  5.0941  1.5368  0.9825  1.4445 11.3549
  4.4455  0.8633  0.9773  1.8682  5.5269
  4.5616  1.9814  0.9975  2.4789 15.5648
  5.1608  1.3882  0.9771  1.0249 10.0016
  5.5358  2.2264  0.9972  0.4832 17.9697
  4.8701  1.8524  0.9839  0.7226 14.3202
  5.2516  3.6104  0.9870  1.3545 32.3365
  4.9617  1.7978  0.9971  2.0033 13.7992
  5.1310  2.4314  0.9977  0.9700 20.0212
  4.0160  4.2539  0.9715  1.0879 39.3388
  5.3327  2.3441  0.9911  0.7915 19.1437
  4.2358  1.5671  0.9819  2.2853 11.6339
  5.1672  0.7179  0.9682  1.1306  4.3969
  5.3378  2.8321  0.9907  1.8506 24.1167
  5.2767  2.6929  0.9916  0.7070 22.6817
  4.9488  3.0267  0.9932  0.9494 26.1420
  4.8609  2.0464  0.9813  1.3545 16.1969
  6.7666  3.9370  0.5552  0.8950 35.8700
  4.9003  0.8050  0.9951  2.3924  5.0665
  5.4575  0.7930  0.9713  0.6105  4.9735
  4.7031  2.2808  0.9980  0.5997 18.5105
  5.3647  3.1994  0.9799  1.9182 27.9576
  4.9440  0.5429  0.9774  1.7498  3.1211
  5.0709  1.7866  0.9706  1.7874 13.6931
  5.1590  2.1928  0.9964  1.6248 17.6370
  4.6991  1.1013  0.9854  1.1002  7.4890
  4.5860  2.1325  0.9732  0.4439 17.0414
  3.7178  3.1451  0.9872  2.4828 27.3849
  4.5754  3.3060  0.9775  1.8795 29.0857
  5.4225  1.8622  0.9703  0.3525 14.4146
  3.6040  3.2216  0.9738  0.6488 28.1919
  4.2520  1.5173  0.9820  0.5586 11.1750
  3.8858  1.7379  0.9692  1.4999 13.2308
  5.1617  1.0868  0.9926  2.1784  7.3664
  5.3168  3.4661  0.9803  2.7683 30.7899
  4.3829  1.4852  0.9682  1.0253 10.8815
  5.7905  3.3329  0.9707  0.8403 29.3711
  5.6347  3.0337  0.9752  1.5363 26.2159
  5.2796  2.3308  0.9933  1.9414 19.0104
  3.6813  1.6204  0.9940  2.0629 12.1284
  5.7945  1.4790  0.9756  1.9462 10.8251
  4.0859  3.9414  0.9717  1.0160 35.9177
  5.7853  2.5140  0.9744  1.3208 20.8569
  5.0590  1.6082  0.9980  1.3207 12.0152
  3.9965  2.0814  0.9719  1.3851 16.5397
  3.6939  0.8606  0.9863  2.0836  5.5056
  4.2401  1.2329  0.9807  1.6264  8.6245
  5.0028  0.6372  0.9724  1.9036  3.7961
  6.1537  3.1310  0.9795  0.2652 27.2372
  5.1726  1.0471  0.9782  0.7477  7.0315
  5.1655  1.1117  0.9833  1.7089  7.5780
  5.2347  0.7936  0.9949  0.5944  4.9780
  4.9102  3.1006  0.9936  1.9560 26.9170
  5.3377  3.4714  0.9977  2.5330 30.8464
  4.3563  4.4507  0.9805  0.4016 41.5111
  3.6314  1.9832  0.9691  0.6680 15.5823
  4.8807  4.4059  0.9728  1.0638 41.0153
  5.2895  4.1569  0.9867  0.6695 38.2728
  4.3964  0.3301  0.9874  1.4149  1.7235
  5.8000  2.0056  0.9891  0.8193 15.7999
  4.8538  2.7831  0.9767  1.0359 23.6109
  5.2494  4.1613  0.9803  1.2395 38.3216
  4.1682  4.1056  0.9691  1.1541 37.7103
  5.8607  2.8992  0.9939  1.1441 24.8134
  5.2360  3.7500  0.9687  1.7616 33.8411
  5.2507  2.4084  0.9747  2.3998 19.7890
  5.6860  4.2257  0.9677  1.9849 39.0284
  5.2867  1.6374  0.9755  2.5963 12.2867
  4.9016  3.5927  0.9927  0.5749 32.1463
  4.8194  3.9547  0.9895  1.1912 36.0626
  5.0133  1.9281  0.9883  2.1401 15.0483
  5.6128  3.9126  0.9924  1.9444 35.6051
  5.3211  1.6197  0.9809  0.6051 12.1222
  6.4294  3.6189  0.8829  1.2416 32.4286
  4.9655  2.7508  0.9784  0.9814 23.2778
  4.5078  2.6205  0.9980  1.6390 21.9406
  4.8974  2.6167  0.9953  2.3929 21.9021
  5.6430  3.8406  0.9723  2.2348 34.8229
  5.5964  4.1681  0.9866  0.7226 38.3955
  4.9020  2.9171  0.9675  1.3323 24.9988
  5.1816  2.8099  0.9919  1.4916 23.8873
  5.8331  4.3800  0.9980  1.0980 40.7288
  4.7215  3.6515  0.9784  2.4325 32.7788
  5.0537  1.9756  0.9793  1.5120 15.5081
  5.7705  3.3497  0.9980  0.8279 29.5494
  4.0330  1.2616  0.9829  0.8286  8.8763
  6.8508  2.6763  0.6594  1.8577 22.5117
  5.3814  1.9028  0.9763  0.1339 14.8045
  4.5445  3.0482  0.9835  0.3497 26.3677
  5.4098  2.1503  0.9854  1.7869 17.2167
  5.2444  1.2946  0.9926  2.6617  9.1667
  4.5992  1.2688  0.9980  0.8161  8.9393
  4.6360  1.6309  0.9780  2.0680 12.2260
  4.6314  1.8210  0.9980  1.6367 14.0200
  5.5586  3.2834  0.9682  0.5232 28.8457
  4.9077  2.0721  0.9880  0.7030 16.4484
  4.9832  1.8225  0.9826  0.6163 14.0347
  6.6685  2.5241  0.8191  0.6777 20.9595
  5.2571  3.6327  0.9930  0.4731 32.5768
  4.8515  4.3011  0.9699  0.4730 39.8580
  5.6923  3.0076  0.9809  0.5593 25.9426
  4.4797  3.7309  0.9980  2.5209 33.6352
  4.5759  2.2662  0.9792  1.1468 18.3657
  6.2417  3.2678  0.9778  0.7314 28.6811
  5.3545  4.2966  0.9694  0.8905 39.8092
  5.4385  4.2110  0.9862  1.1073 38.8672
  4.8945  2.9557  0.9862  1.5524 25.4010
  5.0360  2.0831  0.9897  1.6684 16.5565
  5.8972  2.6473  0.9965  1.8118 22.2144
  4.5134  1.5108  0.9795  0.5354 11.1159
  4.8207  3.4287  0.9888  0.8160 30.3905
  5.7591  2.4174  0.9725  0.1095 19.8804
  4.7132  3.2995  0.9870  0.6980 29.0171
  6.4477  2.3347  0.9617  2.1416 19.0498
  4.5068  3.1701  0.9672  0.8129 27.6482
  4.7033  3.2148  0.9700  1.9425 28.1200
  5.1239  1.3482  0.9770  1.3823  9.6436
  5.2761  1.8167  0.9848  0.4927 13.9793
  5.1352  3.8760  0.9831  1.0876 35.2065
  4.2834  1.3946  0.9749  2.4393 10.0599
  5.6549  2.9574  0.9823  1.2201 25.4188
  5.1179  2.2829  0.9980  1.9365 18.5319
  5.8286  3.2782  0.9909  1.9735 28.7910
  5.5128  2.5864  0.9951  2.3531 21.5931
  4.7907  3.6773  0.9927  1.6115 33.0572
  5.5004  2.0032  0.9670  1.3801 15.7764
  5.5638  2.8450  0.9720  0.6862 24.2505
  5.1543  1.0969  0.9798  1.7885  7.4522
  4.6407  2.6743  0.9678  1.3732 22.4918
  5.6991  2.5108  0.9829  1.2516 20.8246
  5.2679  1.3609  0.9943  0.6187  9.7571
  5.2517  0.7848  0.9892  0.1075  4.9095
  4.8554  3.1139  0.9676  0.6119 27.0569
  5.1629  2.2263  0.9957  0.5041 17.9691
  5.4854  3.4293  0.9731  0.6122 30.3971
  4.7902  2.0606  0.9713  0.9946 16.3357
  5.2923  1.1753  0.9680  0.7514  8.1235
  5.1645  2.8341  0.9773  0.5283 24.1376
  4.8081  3.2019  0.9726  0.9809 27.9836
  4.5521  2.6320  0.9668  1.8254 22.0586
  4.1075  1.9577  0.9980  1.0765 15.3347
  5.1918  1.8107  0.9980  0.3917 13.9220
  5.0877  3.4202  0.9764  0.9230 30.3006
  4.8897  2.8347  0.9670  1.1450 24.1444
  4.2751  1.9853  0.9898  0.1344 15.6019
  5.2356  3.0491  0.9692  2.0992 26.3771
  6.2539  2.4009  0.9948  0.7531 19.7139
  5.2031  2.7391  0.9730  1.9000 23.1571
  6.2972  2.5555  0.9925  1.9802 21.2786
  5.0378  2.6478  0.9724  1.3129 22.2199
  6.2943  1.9391  0.9810  1.9996 15.1547
  5.3777  3.2423  0.9784  1.7372 28.4112
  5.6692  2.5356  0.9745  1.9728 21.0762
  5.6520  4.2538  0.9798  0.7153 39.3370
  5.3229  3.1837  0.9729  0.6212 27.7919
  5.2367  3.6164  0.9915  1.0580 32.4008
  6.3364  1.9728  0.9851  0.3450 15.4812
  4.4443  3.5819  0.9676  0.8231 32.0307
  4.8406  1.9350  0.9804  1.4925 15.1155
  4.6516  3.4308  0.9848  0.5808 30.4129
  5.2240  0.8972  0.9825  0.9747  5.7986
  5.1207  3.8293  0.9949  1.8737 34.6997
  5.3586  1.7069  0.9868  0.5556 12.9385
  5.3892  3.2726  0.9763  0.7322 28.7315
  5.2298  1.4811  0.9742  2.2543 10.8437
  5.1326  0.7966  0.9962  0.4989  5.0015
  5.4313  4.4603  0.9945  1.8133 41.6170
  4.5802  4.0207  0.9925  0.9889 36.7828
  4.9247  2.0029  0.9671  1.3518 15.7730
  4.7386  2.3023  0.9933  0.9711 18.7259
  4.9530  2.9642  0.9980  2.2174 25.4897
  5.3181  4.2617  0.9818  1.2034 39.4239
  5.4237  4.4366  0.9933  2.0357 41.3546
  5.0560  2.6437  0.9892  1.8511 22.1785
  5.1071  1.1226  0.9778  1.6497  7.6706
  4.6440  2.6890  0.9905  1.5986 22.6426
  5.4526  0.7497  0.9740  1.1883  4.6391
  5.5516  3.4803  0.9980  2.0637 30.9417
  4.3985  1.8675  0.9711  1.3150 14.4650
  4.7035  2.3807  0.9969  0.6733 19.5105
  3.5132  3.1879  0.9757  0.7632 27.8362
  6.0868  1.2343  0.9843  1.3245  8.6361
  5.3699  2.9708  0.9755  0.8187 25.5582
  5.0820  2.5627  0.9817  1.0394 21.3512
  5.4813  0.9424  0.9980  1.8720  6.1651
  4.7437  3.2102  0.9870  1.4570 28.0713
  4.5231  2.9187  0.9690  0.4042 25.0155
  4.9516  2.8261  0.9972  1.8842 24.0547
  5.3928  0.6637  0.8949  0.8052  3.9908
  6.4219  3.2271  0.9554  0.9806 28.2505
  5.4383  4.3199  0.9678  1.1700 40.0653
  5.4262  3.0400  0.9828  1.3771 26.2813
  4.1258  1.8694  0.9707  1.1828 14.4836
  3.8579  1.4456  0.9976  1.9472 10.5206
  4.2046  2.2739  0.9903  1.4005 18.4421
  4.8662  2.1993  0.9914  0.7113 17.7017
  5.1802  2.5611  0.9807  1.3815 21.3354
  4.7718  1.8174  0.9980  2.5285 13.9859
  4.7002  2.3749  0.9726  1.9096 19.4529
  3.8249  3.6644  0.9765  1.5897 32.9174
  4.1136  2.4474  0.9951  0.5973 20.1827
  6.2488  3.2821  0.9697  1.7458 28.8326
  5.2149  2.1824  0.9790  1.2302 17.5340
  5.5912  2.6094  0.9744  1.3296 21.8279
  4.2821  3.7809  0.9870  1.6540 34.1763
  5.1483  1.5235  0.9705  1.8430 11.2327
  5.2339  3.7600  0.9911  1.0996 33.9496
  5.2307  1.6253  0.9924  0.4119 12.1738
  5.3641  3.1835  0.9955  1.8123 27.7894
  5.8950  3.8460  0.9926  0.9333 34.8807
  5.0454  3.4829  0.9980  2.3297 30.9702
  4.8350  4.2433  0.9737  1.7865 39.2218
  6.1840  2.9354  0.9695  1.5569 25.1894
  4.7991  2.2739  0.9761  1.7746 18.4420
  4.6363  1.8574  0.9900  1.5703 14.3683
  6.0941  2.8084  0.9974  0.9179 23.8714
  5.1899  3.9460  0.9784  1.5556 35.9686
  5.3787  1.8627  0.9901  0.8007 14.4194
  4.7648  3.4274  0.9849  1.6336 30.3770
  6.5041  2.5933  0.7765  2.3518 21.6632
  5.0255  1.4368  0.9865  0.8996 10.4409
  3.5860  1.0855  0.9928  0.6171  7.3553
  5.2713  3.2044  0.9972  1.3527 28.0104
  5.1980  2.7561  0.9739  0.7500 23.3323
  6.0199  3.4632  0.9763  1.5748 30.7591
  5.3163  1.8843  0.9788  0.8558 14.6268
  3.8130  2.8688  0.9894  2.1006 24.4976
  6.4908  2.8017  0.8898  1.2488 23.8024
  5.1654  2.5173  0.9673  0.6881 20.8903
  5.2386  2.6197  0.9682  0.8369 21.9324
  5.3459  2.3003  0.9766  1.8372 18.7053
  4.6238  0.8244  0.9677  1.2440  5.2191
  5.3021  4.0118  0.9941  2.1105 36.6859
  5.1650  1.5327  0.9802  0.5483 11.3166
  4.8276  3.0955  0.9776  0.8349 26.8635
  4.4593  1.8698  0.9850  2.9531 14.4878
  4.9749  1.9400  0.9774  1.1293 15.1630
  5.6057  4.2362  0.9835  1.3703 39.1441
  5.0461  0.6510  0.9735  1.6913  3.8969
  5.1108  2.5170  0.9725  0.6750 20.8874
  5.3830  4.0061  0.9734  1.1844 36.6228
  5.4694  3.4734  0.9712  1.1157 30.8677
  4.6816  1.7821  0.9980  1.6254 13.6500
  4.8073  1.3474  0.9808  2.0820  9.6365
  5.4316  3.7903  0.9936  1.1072 34.2773
  5.1740  4.2553  0.9860  1.2085 39.3535
  3.8272  0.8939  0.9926  0.8749  5.7722
  4.8842  2.7072  0.9717  1.3740 22.8294
  4.5226  2.5659  0.9726  0.6878 21.3839
  5.6159  4.0100  0.9748  2.2480 36.6657
  5.0335  1.5253  0.9747  0.6941 11.2490
  4.4246  2.6277  0.9951  0.7062 22.0140
  4.6582  4.0428  0.9973  1.3402 37.0245
  4.4386  2.5234  0.9980  0.9918 20.9515
  5.1945  1.0417  0.9980  1.4783  6.9865
  5.3417  3.0756  0.9692  2.1931 26.6544
  5.1380  3.2631  0.9826  1.8703 28.6304
  6.2610  2.4923  0.9964  0.9838 20.6362
  5.2236  3.4128  0.9770  1.0656 30.2216
  4.6553  2.8247  0.9729  0.2277 24.0403
  4.3544  1.0022  0.9922  0.2791  6.6570
  5.5628  1.6957  0.9980  0.2512 12.8328
  4.9407  4.1065  0.9937  1.8499 37.7208
  5.3641  1.6277  0.9971  1.5587 12.1966
  6.8577  2.3492  0.5652  2.6388 19.1945
  4.3241  1.9774  0.9864  1.1504 15.5260
  5.3326  3.5046  0.9865  0.8027 31.2020
  5.7365  1.9200  0.9798  1.1551 14.9705
  4.2586  2.8048  0.9980  1.8594 23.8348
  5.7750  1.3281  0.9843  0.9583  9.4642
  5.2781  1.5920  0.9690  0.1216 11.8650
  4.6263  2.7966  0.9906  0.6638 23.7499
  5.8414  2.8464  0.9765  0.9025 24.2647
  4.5806  2.4987  0.9708  2.2326 20.7018
  4.9548  2.5759  0.9686  0.9797 21.4853
  5.1930  3.5407  0.9796  2.1199 31.5883
  3.9151  2.3956  0.9914  0.9241 19.6603
  6.0601  1.4294  0.9760  0.6327 10.3740
  4.3047  3.5496  0.9784  0.7699 31.6842
  5.1526  2.4930  0.9849  0.5385 20.6435
  5.0142  2.2357  0.9913  2.2848 18.0621
  5.3191  2.3246  0.9854  1.3939 18.9482
  4.6003  1.6737  0.9687  0.5611 12.6268
  4.9753  0.9716  0.9953  1.2059  6.4044
  5.6164  3.1257  0.9739  1.5308 27.1810
  5.2297  3.0476  0.9809  1.6326 26.3609
  4.3459  2.7014  0.9879  0.4215 22.7694
  4.4602  1.1849  0.9966  1.4912  8.2070
  5.1198  2.5979  0.9742  1.1393 21.7102
  6.0664  0.9662  0.9705  1.9613  6.3600
  5.5622  3.3390  0.9756  0.2201 29.4363
  4.0768  2.7510  0.9849  0.7957 23.2798
  5.2703  1.7871  0.9870  0.6464 13.6971
  5.3055  4.4837  0.9902  2.0859 41.8762
  5.8440  3.0247  0.9980  1.1554 26.1216
  5.0063  2.1417  0.9980  0.7381 17.1319
  4.3009  1.3422  0.9928  0.9364  9.5898
  6.5543  3.2832  0.7754  1.1256 28.8439
  6.1115  4.3375  0.9980  1.0196 40.2596
  3.6130  2.2384  0.9980  0.3976 18.0889
  4.7206  2.2253  0.9764  0.8310 17.9588
  4.8607  1.1567  0.9728  0.9304  7.9628
  5.4987  2.8251  0.9793  1.6463 24.0443
  4.6436  4.0013  0.9679  1.0877 36.5703
  5.0137  2.0569  0.9762  2.2572 16.3002
  4.7484  2.2066  0.9712  2.0369 17.7735
  5.5579  3.3077  0.9906  1.6453 29.1039
  5.4668  2.8407  0.9816  2.2981 24.2065
  4.8516  1.1011  0.9899  0.4172  7.4873
  4.1289  1.4746  0.9668  1.5604 10.7844
  4.7276  1.3500  0.9911  2.5324  9.6595
  5.3793  4.2690  0.9980  2.1742 39.5050
  5.4685  2.9568  0.9980  2.8827 25.4120
  4.8729  1.9133  0.9799  1.0599 14.9059
  5.6344  3.9977  0.9980  1.1805 36.5311
  4.5690  2.1400  0.9872  2.1279 17.1153
  6.0869  4.1049  0.9690  2.3743 37.7032
  4.6458  3.5978  0.9888  2.7379 32.2014
  5.9532  2.0263  0.9825  2.0819 16.0015
  4.7820  1.7283  0.9856  0.2887 13.1406
  5.2357  4.2122  0.9730  2.8501 38.8800
  5.4853  2.7708  0.9918  0.2670 23.4841
  4.6115  2.7565  0.9947  2.1592 23.3364
  5.5454  2.8502  0.9820  1.5126 24.3043
  5.1402  2.2871  0.9797  2.3572 18.5741
  3.8888  2.9370  0.9980  1.0338 25.2064
  4.0479  1.5672  0.9760  0.9322 11.6346
  5.7771  2.7031  0.9968  1.5061 22.7874
  5.4090  2.0575  0.9872  1.4827 16.3055
  5.4104  3.7016  0.9728  1.2850 33.3192
  4.2567  1.5672  0.9889  0.3220 11.6347
  5.5525  2.7912  0.9775  2.5619 23.6942
  4.9644  0.2249  0.9797  1.2668  1.1082
  5.3591  1.4306  0.9980  2.2214 10.3846
  5.2091  0.8748  0.9690  0.3522  5.6185
  5.0186  1.6761  0.9932  0.9073 12.6490
  5.0092  2.3041  0.9883  1.6360 18.7436
  5.2319  3.4515  0.9729  2.3116 30.6341
  5.2707  2.2128  0.9917  2.5514 17.8346
  3.8945  0.7393  0.9881  1.3707  4.5589
  6.1810  4.1683  0.9911  1.9825 38.3985
  4.9965  2.4727  0.9843  1.5912 20.4382
  4.6606  1.1117  0.9895  2.6927  7.5782
  4.0070  1.0089  0.9980  1.5501  6.7130
  5.2881  1.2617  0.9980  1.3023  8.8768
  4.9834  3.1266  0.9755  0.2202 27.1906
  4.4719  3.0492  0.9695  1.6351 26.3777
  4.8487  2.4882  0.9735  1.3623 20.5954
  5.6451  2.3374  0.9856  1.2474 19.0763
  4.9214  1.9632  0.9867  0.0937 15.3876
  4.6959  0.6676  0.9919  1.2046  4.0196
  5.1953  0.9901  0.9980  1.4107  6.5572
  5.4731  3.5666  0.9717  1.9011 31.8658
  6.1468  2.0693  0.9848  1.5453 16.4209
  5.4494  4.0036  0.9790  1.3796 36.5957
  4.5241  1.5623  0.9949  1.7181 11.5895
  4.8230  3.1869  0.9747  1.4242 27.8251
  4.2695  2.6736  0.9912  2.4028 22.4845
  5.2281  3.9032  0.9751  0.8547 35.5019
  5.4694  1.0980  0.9964  0.5433  7.4611
  5.3327  0.7324  0.9831  2.6262  4.5065
  4.8394  1.7606  0.9836  1.1340 13.4458
  4.8028  4.2400  0.9980  0.7752 39.1859
  5.2557  1.0465  0.9706  0.7573  7.0262
  4.5150  2.8208  0.9794  0.6019 23.9998
  6.8548  2.1093  0.5168  1.6882 16.8134
  6.7419  2.9762  0.5686  2.1920 25.6148
  4.0160  3.0643  0.9937  1.3398 26.5367
  4.8819  0.8089  0.9673  1.5251  5.0976
  4.5227  2.4563  0.9754  1.1642 20.2726
  5.0305  4.2378  0.9680  0.7386 39.1620
  5.2415  3.1246  0.9674  1.3379 27.1697
  4.4494  4.0186  0.9828  0.7658 36.7597
  4.9837  3.4250  0.9903  2.0655 30.3517
  4.7060  2.9167  0.9859  2.0685 24.9950
  4.0767  2.1860  0.9978  0.8245 17.5699
  4.0388  0.4250  0.9667  0.9724  2.3232
  4.6372  2.0734  0.9695  1.0223 16.4610
  6.0603  3.6410  0.9971  0.2099 32.6655
  5.4479  1.0202  0.9749  2.0298  6.8068
  5.1356  2.6895  0.9860  1.3689 22.6470
  4.8317  1.4359  0.9725  1.1611 10.4328
  5.1191  3.5478  0.9980  0.9841 31.6652
  5.2777  3.4761  0.9731  1.6434 30.8968
  5.4130  1.0467  0.9980  2.2764  7.0286
  5.0285  3.1562  0.9905  0.8684 27.5024
  4.1641  1.7813  0.9821  2.1640 13.6424
  4.0949  3.8080  0.9776  1.0715 34.4694
  4.7101  3.0001  0.9845  1.0010 25.8643
  4.6652  3.3402  0.9980  1.8326 29.4490
  5.4426  1.1176  0.9706  1.2722  7.6285
  5.1569  0.5919  0.9802  0.5052  3.4679
  5.2347  1.7117  0.9905  0.2460 12.9837
  4.1190  4.0202  0.9980  2.7666 36.7775
  4.5095  3.3628  0.9733  2.5976 29.6885
  4.1238  2.2431  0.9709  1.2912 18.1353
  4.9644  1.3858  0.9713  1.7879  9.9804
  5.4026  4.0952  0.9713  2.8601 37.5968
  6.1154  3.4267  0.9907  1.4313 30.3699
  5.1870  4.1750  0.9951  0.8307 38.4711
  5.6921  2.5194  0.9754  0.6957 20.9112
  6.9052  2.9648  0.4162  1.5321 25.4959
  4.9576  3.8914  0.9970  2.5994 35.3738
  5.5775  3.8301  0.9980  1.9201 34.7087
  5.2440  1.3853  0.9743  0.6046  9.9763
  5.1245  2.9061  0.9836  1.6013 24.8843
  5.4233  2.9759  0.9739  0.8600 25.6120
  5.5312  2.4791  0.9850  2.5116 20.5025
  5.0058  2.8586  0.9781  0.4213 24.3921
  4.9543  2.6284  0.9687  1.6636 22.0214
  5.3155  4.0426  0.9910  1.9557 37.0221
  3.8820  4.0127  0.9827  0.8624 36.6952
  5.3450  2.7485  0.9709  2.9437 23.2542
  5.1555  2.1887  0.9902  1.5444 17.5959
  5.7105  4.1631  0.9671  2.0684 38.3407
  6.3657  4.4566  0.9856  1.4058 41.5758
  5.1152  1.4029  0.9811  0.4466 10.1340
  4.7705  2.8106  0.9798  1.2144 23.8942
  4.3972  3.5434  0.9821  0.7450 31.6171
  5.1368  2.0229  0.9786  0.2496 15.9681
  5.0703  2.4293  0.9976  2.7664 19.9995
  5.2379  2.5533  0.9864  1.6310 21.2556
  5.8566  3.1501  0.9792  2.0379 27.4376
  4.8367  1.6413  0.9974  1.4736 12.3231
  3.7219  3.3028  0.9681  1.9236 29.0514
  5.0960  2.4193  0.9696  0.7728 19.8992
  4.7536  2.3501  0.9918  1.1556 19.2040
  6.2825  2.4471  0.9902  0.6142 20.1795
  4.5671  3.8901  0.9772  0.5049 35.3602
  4.0734  2.5119  0.9711  1.9683 20.8348
  6.5085  2.8081  0.8086  0.6133 23.8688
  5.6712  3.2022  0.9798  0.5880 27.9870
  5.4161  4.2137  0.9895  1.7191 38.8968
  5.0853  3.9998  0.9905  0.5937 36.5550
  5.5141  3.7412  0.9680  0.5356 33.7465
  5.2301  3.5889  0.9889  0.7030 32.1052
  4.7573  1.1900  0.9780  0.1277  8.2512
  4.8828  2.0396  0.9838  1.1086 16.1306
  5.3304  3.3712  0.9962  1.9964 29.7785
  4.8381  2.7982  0.9723  1.4269 23.7663
  4.9953  2.6836  0.9860  1.0185 22.5863
  5.4718  3.0543  0.9800  0.7226 26.4311
  6.1502  3.0539  0.9708  2.6039 26.4268
  5.2498  3.6094  0.9787  2.0083 32.3261
  5.6545  1.9234  0.9967  2.1582 15.0028
  5.0560  2.0565  0.9668  2.5651 16.2961
  3.7896  2.9219  0.9742  0.5457 25.0489
  4.5605  3.3371  0.9708  1.6557 29.4158
  3.9836  1.4574  0.9668  0.8678 10.6282
  4.1895  0.7416  0.9723  1.4601  4.5771
  6.7794  0.9243  0.6612  1.2802  6.0179
  3.5407  3.1371  0.9948  1.8129 27.3014
  5.5313  4.0752  0.9707  1.7937 37.3777
  5.4267  3.4064  0.9681  2.6668 30.1534
  4.5787  1.6749  0.9833  1.4024 12.6378
  5.4679  3.5275  0.9686  0.4178 31.4475
  5.3203  1.2315  0.9754  1.0246  8.6122
  4.6572  3.5182  0.9760  0.7283 31.3473
  3.9446  2.2111  0.9755  0.6267 17.8185
  5.0399  2.2788  0.9980  0.8395 18.4910
  4.7475  3.4497  0.9900  0.4134 30.6152
  4.6433  2.0846  0.9960  0.8682 16.5715
  4.4115  2.9414  0.9792  1.9109 25.2515
  5.3899  4.0364  0.9923  0.2299 36.9535
  4.8748  2.5159  0.9680  2.3324 20.8753
  4.6163  2.2508  0.9846  1.2490 18.2121
  4.6371  1.4347  0.9797  0.2348 10.4216
  4.8274  2.3977  0.9868  1.7332 19.6818
  5.1296  3.3386  0.9774  0.5216 29.4321
  4.8293  2.1655  0.9795  1.3555 17.3675
  5.1394  3.9124  0.9753  1.7633 35.6029
  5.1755  1.3214  0.9768  1.9629  9.4047
  5.7015  2.1496  0.9728  0.9379 17.2101
  5.0453  3.1728  0.9940  1.5029 27.6768
  5.5419  2.6647  0.9799  0.1339 22.3933
  4.7041  3.0554  0.9827  1.8725 26.4425
  5.3756  2.1975  0.9863  0.3655 17.6835
  4.6927  3.3185  0.9751  1.7480 29.2187
  5.7619  1.8743  0.9810  0.9001 14.5301
  4.6194  4.4682  0.9871  2.7047 41.7046
  5.2303  1.5084  0.9879  1.2558 11.0938
  6.0492  2.3411  0.9959  1.7647 19.1134
  5.6072  4.2031  0.9980  0.5702 38.7802
  5.7287  2.6110  0.9800  2.0254 21.8439
  4.0217  2.2583  0.9802  1.6463 18.2867
  4.6876  1.1346  0.9889  2.0066  7.7732
  4.1818  3.5839  0.9775  1.2461 32.0522
  3.6620  2.5923  0.9765  1.8053 21.6525
  5.2384  2.6306  0.9750  1.0697 22.0435
  4.9270  3.7843  0.9838  0.1387 34.2126
  6.3706  0.7609  0.9878  0.4939  4.7249
  4.9254  3.9936  0.9863  2.0436 36.4863
  4.4007  0.9979  0.9827  0.6046  6.6214
  5.1463  0.9268  0.9809  1.8671  6.0378
  5.0439  2.7605  0.9903  1.1270 23.3773
  5.0488  3.2979  0.9856  1.5551 28.9992
  5.1499  4.4259  0.9799  2.0904 41.2365
  5.2321  3.1029  0.9695  2.4028 26.9416
  5.5423  1.3155  0.9691  0.4963  9.3519
  4.5132  2.3057  0.9725  1.4768 18.7593
  4.7324  0.6034  0.9721  1.5477  3.5503
  5.2974  1.9912  0.9864  1.9373 15.6595
  4.4070  3.7797  0.9759  1.3155 34.1629
  4.8084  3.7330  0.9743  0.5607 33.6578
  5.1067  2.1082  0.9699  1.0265 16.8025
  4.5893  4.2418  0.9939  2.4167 39.2051
  4.7954  1.7362  0.9667  1.2664 13.2147
  4.7662  2.9251  0.9774  1.2128 25.0822
  4.9895  3.2148  0.9744  2.6331 28.1202
  5.6537  2.7802  0.9897  1.4911 23.5809
  5.7277  4.1165  0.9980  0.2836 37.8301
  5.1526  2.2021  0.9758  1.7959 17.7288
  4.7212  3.0948  0.9801  0.8475 26.8567
  4.8069  2.9834  0.9895  1.2500 25.6904
  4.5152  2.5177  0.9929  2.8306 20.8943
  4.8016  3.9679  0.9859  1.4023 36.2064
  4.4276  2.6685  0.9949  1.7357 22.4317
  5.2703  2.2435  0.9684  1.9485 18.1399
  4.4650  0.9848  0.9787  1.0463  6.5127
  5.6705  2.1173  0.9925  3.0785 16.8925
  3.7892  3.0554  0.9797  1.4882 26.4429
  6.2504  4.3964  0.9674  0.2144 40.9102
  5.3855  3.1198  0.9980  1.0706 27.1185
  6.2625  3.5465  0.9695  1.7103 31.6507
  3.5837  4.0465  0.9751  1.6556 37.0642
  4.9455  3.2614  0.9967  2.0351 28.6125
  4.7467  3.7496  0.9797  1.5699 33.8374
  4.9143  1.7104  0.9863  0.7549 12.9711
  6.1993  2.5286  0.9765  2.0878 21.0050
  3.7984  1.8934  0.9874  2.1653 14.7140
  5.4142  4.0629  0.9979  0.3951 37.2434
  5.6058  3.8530  0.9672  1.3104 34.9567
  3.9880  3.3663  0.9759  1.0452 29.7262
  5.1828  2.6890  0.9695  2.5078 22.6420
  5.2443  1.6861  0.9862  1.9323 12.7428
  5.3210  2.0299  0.9722  2.6313 16.0358
  5.1034  2.9961  0.9783  2.8076 25.8228
  4.6249  1.9341  0.9899  0.9650 15.1068
  4.4817  3.9552  0.9939  2.5497 36.0687
  5.5943  3.3714  0.9892  2.3011 29.7808
  5.1605  4.4351  0.9670  0.7319 41.3382
  5.0560  2.7160  0.9980  1.0314 22.9196
  5.2974  1.3355  0.9681  2.3911  9.5298
  5.5183  1.9533  0.9850  1.1707 15.2919
  4.6229  3.1575  0.9784  2.4354 27.5159
  4.6383  2.4719  0.9980  1.0229 20.4305
  5.4611  0.7301  0.9961  2.0417  4.4889
  4.4147  2.8367  0.9888  1.4274 24.1648
  5.0119  2.9284  0.9765  2.5520 25.1165
  6.1906  3.5889  0.9910  1.3663 32.1052
  6.0082  2.1928  0.9722  1.2867 17.6373
  5.8192  1.1812  0.9818  1.3614  8.1747
  5.1741  2.5302  0.9856  0.5205 21.0211
  5.2430  4.2732  0.9693  2.5633 39.5507
  5.1493  4.1298  0.9771  2.4280 37.9759
  4.0468  3.1555  0.9752  2.3774 27.4945
  3.7918  1.4275  0.9763  1.2813 10.3569
  5.5918  3.7015  0.9907  1.6554 33.3182
  4.9952  2.4143  0.9814  1.8336 19.8489
  4.8600  2.8022  0.9668  0.6463 23.8080
  5.7752  1.1091  0.9847  1.0733  7.5557
  4.7525  1.8626  0.9958  2.4443 14.4187
  5.9660  3.3162  0.9873  2.6360 29.1941
  4.3118  3.4044  0.9672  0.2608 30.1315
  4.4541  3.9612  0.9862  2.3842 36.1331
  3.8760  4.2964  0.9904  0.6779 39.8065
  5.7613  2.0807  0.9753  0.7759 16.5332
  5.0200  3.4649  0.9806  1.1054 30.7776
  5.4122  4.2745  0.9976  0.7386 39.5649
  4.9117  4.0458  0.9772  0.3917 37.0568
  4.4468  3.6630  0.9927  1.3196 32.9022
  6.0437  2.6121  0.9790  0.7920 21.8545
  5.0093  4.4197  0.9702  1.4052 41.1678
  4.1234  2.1118  0.9969  1.7140 16.8381
  6.1756  3.5843  0.9964  1.5798 32.0562
  4.3829  2.4395  0.9757  1.3053 20.1027
  5.3527  4.0877  0.9934  0.3908 37.5147
  5.4037  1.9540  0.9856  2.0446 15.2985
  5.6690  4.3264  0.9810  0.6644 40.1374
  3.9347  1.8551  0.9750  1.1387 14.3467
  5.1611  1.6871  0.9763  0.5740 12.7523
  6.5811  3.5832  0.7900  2.6226 32.0447
  5.9836  2.9248  0.9919  1.3379 25.0787
  3.8219  2.5064  0.9935  1.4086 20.7795
  4.9125  3.7428  0.9954  0.6463 33.7635
  3.8460  3.6137  0.9676  0.7730 32.3717
  5.0688  2.7075  0.9780  1.4983 22.8316
  5.1280  1.8400  0.9939  0.9876 14.2021
  5.4976  2.4429  0.9694  1.4616 20.1373
  5.5755  1.9345  0.9800  0.9005 15.1106
  4.6116  3.7370  0.9758  0.6032 33.7016
  3.7879  0.7709  0.9778  0.8258  4.8016
  4.0550  3.2719  0.9832  1.3763 28.7238
  5.1337  0.6622  0.9882  2.2662  3.9795
  4.0229  2.5532  0.9980  0.4235 21.2544
  6.5838  1.1844  0.9253  2.5686  8.2027
  4.3806  1.0837  0.9828  1.5458  7.3402
  5.0200  1.6776  0.9785  1.3492 12.6634
  5.1076  4.4160  0.9794  2.6902 41.1265
  5.0060  0.6718  0.9945  0.6556  4.0508
  5.1088  3.6864  0.9672  0.6927 33.1551
  4.8154  3.9259  0.9743  2.3585 35.7489
  4.7825  3.4969  0.9770  0.9482 31.1195
  4.5675  3.7842  0.9785  2.5100 34.2113
  5.5802  3.5666  0.9946  1.2389 31.8660
  4.4321  3.8509  0.9738  1.0157 34.9343
  5.2715  4.3192  0.9839  0.9426 40.0578
  5.0319  2.1373  0.9777  1.8151 17.0891
  5.2472  2.0110  0.9730  0.5690 15.8525
  4.7503  2.0115  0.9831  1.7868 15.8566
  4.6492  1.3632  0.9853  2.5264  9.7775
  5.1009  2.3364  0.9904  1.7507 19.0668
  6.0719  3.8915  0.9700  2.1066 35.3747
  5.3329  3.8556  0.9947  1.1291 34.9857
  5.1289  1.7877  0.9979  2.1085 13.7027
  5.1814  2.1325  0.9964  2.2060 17.0418
  5.3588  1.3545  0.9962  1.4339  9.6994
  4.8939  3.9648  0.9829  1.4157 36.1731
  5.4315  2.2081  0.9816  1.2936 17.7880
  4.9552  0.3686  0.9762  1.2756  1.9620
  4.3058  2.2795  0.9762  0.4312 18.4980
  6.1087  3.3690  0.9908  0.3382 29.7551
  4.9308  1.1567  0.9943  0.7979  7.9634
  4.3348  4.2108  0.9932  1.0699 38.8648
  5.8256  2.5426  0.9851  1.4911 21.1473
  5.2390  2.3983  0.9800  2.0327 19.6878
  5.1824  4.1017  0.9921  1.9707 37.6680
  5.1054  2.0849  0.9911  1.9263 16.5737
  5.1939  2.7516  0.9709  2.4506 23.2858
  4.1083  4.4782  0.9737  1.4857 41.8155
  5.2442  1.8334  0.9956  1.6820 14.1387
  3.9486  2.4693  0.9856  0.3466 20.4040
  4.4352  1.6204  0.9977  0.1918 12.1287
  6.6642  2.7327  0.7020  0.9505 23.0916
  4.9879  2.3637  0.9861  1.7170 19.3403
  4.5759  1.8028  0.9758  2.3140 13.8464
  4.2409  3.7419  0.9825  0.8258 33.7538
  5.5737  2.9506  0.9869  1.7241 25.3482
  5.3684  2.3085  0.9682  1.3765 18.7878
  3.8194  2.4635  0.9858  0.5872 20.3456
  6.0679  3.0515  0.9720  0.7024 26.4021
  4.6919  4.1649  0.9704  1.9907 38.3607
  5.1115  1.7407  0.9973  0.6409 13.2572
  5.1698  1.4178  0.9980  1.8747 10.2687
  5.3063  1.3312  0.9938  0.9811  9.4919
  4.7972  2.8531  0.9820  1.5253 24.3346
  4.7854  3.5046  0.9732  1.1851 31.2015
  4.9278  3.0200  0.9775  1.5353 26.0721
  5.8184  2.8276  0.9909  1.2839 24.0708
  6.1304  2.2687  0.9786  1.7976 18.3904
  4.9089  2.4635  0.9816  2.4031 20.3448
  5.5878  4.1238  0.9979  1.7345 37.9103
  5.1916  0.8063  0.9980  2.2621  5.0770
  5.2409  4.1755  0.9713  2.0202 38.4773
  5.2862  4.3251  0.9859  0.3039 40.1224
  5.0162  1.7708  0.9885  1.1422 13.5428
  5.3670  2.8976  0.9812  1.7130 24.7960
  4.9791  3.3100  0.9763  1.9652 29.1277
  5.1269  1.1657  0.9938  0.7029  8.0405
  4.0393  3.5770  0.9715  1.1523 31.9778
  5.2244  3.6517  0.9857  1.8703 32.7807
  4.1742  2.1186  0.9894  3.0683 16.9047
  4.9067  1.7491  0.9862  0.6722 13.3369
  6.0364  1.6314  0.9850  0.8436 12.2308
  5.5117  2.7187  0.9739  2.3563 22.9475
  4.6718  2.4238  0.9902  0.6655 19.9442
  5.2509  2.1515  0.9690  1.7470 17.2289
  4.9134  1.2072  0.9970  0.7840  8.3999
  6.8877  4.4630  0.7576  1.2723 41.6463
  4.1675  4.0222  0.9854  2.3514 36.7993
  6.4289  3.0536  0.8424  2.4973 26.4242
  5.4434  4.3010  0.9685  2.0644 39.8571
  5.1114  1.9184  0.9884  1.2466 14.9544
  5.8788  1.8368  0.9980  1.6967 14.1711
  5.1268  1.8895  0.9977  1.8703 14.6769
  4.1022  3.1328  0.9700  1.1291 27.2553
  5.2959  1.6284  0.9728  0.5119 12.2027
  5.7737  0.9853  0.9804  2.4962  6.5175
  4.5694  3.2169  0.9771  1.2791 28.1427
  6.5585  2.7002  0.8292  0.5210 22.7571
  3.5442  1.4195  0.9794  0.7760 10.2846
  5.2637  2.8715  0.9880  1.6633 24.5249
  4.2084  1.5095  0.9759  1.7368 11.1040
  5.1429  1.5077  0.9667  2.1295 11.0870
  5.1435  2.3381  0.9706  0.3081 19.0831
  5.3604  1.6750  0.9757  1.9663 12.6390
  4.9403  3.4197  0.9980  0.9152 30.2953
  5.1606  1.9610  0.9703  0.5160 15.3669
  4.8673  1.7151  0.9704  2.2092 13.0163
  5.2304  1.6772  0.9668  1.0350 12.6591
  5.2994  1.8769  0.9870  2.7357 14.5559
  5.0847  0.8207  0.9898  0.1595  5.1902
  5.1066  1.1125  0.9669  2.3438  7.5845
  5.1961  3.2176  0.9758  0.7451 28.1497
  5.8184  1.8265  0.9980  0.5923 14.0729
  4.6780  1.9925  0.9980  0.5954 15.6726
  5.1690  1.8767  0.9883  2.4531 14.5538
  5.6982  2.6909  0.9685  1.3375 22.6620
  4.9436  1.6809  0.9791  1.6605 12.6939
  4.9127  2.8928  0.9980  0.9082 24.7461
  4.7118  3.4035  0.9852  0.1870 30.1227
  5.4974  4.3776  0.9685  1.2705 40.7026
  5.0899  1.3250  0.9825  0.3247  9.4367
  5.2205  2.2706  0.9801  2.5342 18.4093
  5.3348  2.3030  0.9833  0.9287 18.7328
  3.5368  3.2200  0.9764  1.0204 28.1755
  5.5109  0.1742  0.9766  2.7292  0.8327
  5.0456  2.3237  0.9679  0.9132 18.9392
  5.2417  4.0974  0.9730  0.4887 37.6213
  3.7361  1.8559  0.9961  1.0175 14.3536
  6.2306  1.8330  0.9763  1.7969 14.1350
  5.2748  2.8960  0.9932  2.0655 24.7798
  6.5765  0.7311  0.7323  2.6217  4.4964
  4.3037  1.9407  0.9955  1.5447 15.1703
  4.4414  0.9592  0.9756  0.8697  6.3023
  5.9046  3.9276  0.9840  1.2952 35.7681
  5.1344  3.3493  0.9725  0.9633 29.5452
  5.2046  3.3635  0.9919  2.0123 29.6968
  5.2373  2.3762  0.9815  0.2783 19.4659
  6.0369  3.8874  0.9723  1.5473 35.3308
  4.8520  1.9117  0.9880  0.6800 14.8897
  4.5022  1.2236  0.9695  1.1170  8.5431
  5.1957  3.8155  0.9774  0.4405 34.5503
  5.9551  2.8620  0.9745  2.7927 24.4263
  4.9829  3.2570  0.9738  1.2683 28.5661
  4.9491  3.0069  0.9704  1.5006 25.9351
  5.7190  3.4458  0.9823  1.0494 30.5732
  5.5268  1.8774  0.9762  0.8761 14.5600
  5.1634  4.2720  0.9777  0.7629 39.5383
